0.71/1.37	['/home/feurerm/thesis/Software/pyMetaLearn/optimizers/metalearn_optimizer/learn_distances.py', '--input_file', '/home/feurerm/thesis/experiments/2014_04_25_predict_distances/testfold_0-3_spearman_rank_cv_perm.pkl', '--fold', '0', '--folds', '1', '--params', '-max_features', '0.120802196793', '-min_samples_leaf', '5', '-min_samples_split', '3', '-n_estimators', '27', '-n_jobs', '4', '-seed', '31']
1.59/2.23	Metafeatures (57, 46)
1.59/2.23	X (287280, 92)
1.59/2.23	Y (287280,)
1.59/2.23	Dataset Mae MSE Rho
195.14/57.35	vehicle 0.275991230739 0.104587460948 0.572892036573
388.92/113.01	anneal.ORIG 0.24877792804 0.0892428796451 0.500602310268
587.74/170.38	segment 0.182016973052 0.0481176343599 0.828740223994
782.21/225.53	pendigits 0.365294654488 0.16743746444 0.289185253423
980.50/281.95	mushroom 0.121045911071 0.0225730422435 0.742887790923
1167.88/335.47	labor 0.279087512585 0.111233371659 0.517698895988
1360.32/391.00	abalone 0.332683957229 0.158642362277 0.264100027535
1561.91/447.25	diabetes 0.419366453615 0.237468715277 0.00566787329529
1754.68/502.12	car 0.246958792083 0.0927951458635 0.714054659605
1944.68/557.12	autos 0.291073019774 0.11958877334 0.248739254728
2134.48/612.67	mfeat-fourier 0.643153504146 0.568499164564 -0.560196583476
2329.40/668.83	primary-tumor 0.189536895491 0.0553816078903 0.592086360238
2525.65/724.97	waveform-5000 0.273791115867 0.100672417107 0.33743295824
2719.40/780.97	credit-a 0.244648131446 0.0829495888173 0.562179985246
2917.72/840.55	letter 0.241749767149 0.0816162330934 0.648044642572
3124.43/898.14	postoperative-patient-data 0.316853897616 0.165234579115 -0.0868784921098
3314.63/956.47	vowel 0.436274295064 0.248697939523 0.0482590886481
3508.73/1013.51	eucalyptus 0.364877724606 0.18380641562 0.254256123642
3698.35/1069.18	cylinder-bands 0.341284142062 0.176677517577 -0.119801295085
3885.38/1123.04	ionosphere 0.376822769627 0.182219185746 -0.0402338359184
4078.61/1178.98	mfeat-karhunen 0.349140300041 0.174920330393 0.150807872635
4273.03/1235.29	balance-scale 0.236838234062 0.082837175981 0.437686821341
4471.16/1294.21	mfeat-morphological 0.432759665444 0.274344616567 -0.151050316007
4664.06/1350.46	liver-disorders 0.288632561455 0.123204122735 -0.00318202271982
4858.43/1406.04	dermatology 0.197817632483 0.0533841072788 0.519201695743
5049.21/1460.20	vote 0.125189038512 0.0232063030224 0.723910862215
5247.01/1517.39	breast-cancer 0.3532975121 0.232225382415 -0.036143921937
5453.15/1579.53	credit-g 0.433510746685 0.280543375224 -0.331166314832
5651.27/1636.83	soybean 0.144609425319 0.0309962766247 0.75281814341
5846.88/1694.61	arrhythmia 0.299051335263 0.118942263745 0.127907063824
6037.80/1750.24	nursery 0.221668460994 0.0644523566236 0.689710546121
6227.14/1805.74	hepatitis 0.432183675686 0.266224331766 -0.0563947709254
6419.04/1861.44	cmc 0.219709470341 0.0678649175994 0.428359390792
6611.76/1917.29	heart-c 0.199804595003 0.0639744173058 0.54581264465
6808.28/1974.10	glass 0.316772136549 0.1346073889 0.147675626726
6998.53/2033.97	braziltourism 0.525192692956 0.389743769804 -0.153224736758
7189.94/2088.72	iris 0.286638263887 0.122304420214 0.106677422357
7378.48/2143.59	heart-statlog 0.301726053761 0.125177603404 0.180928247539
7578.74/2200.11	page-blocks 0.348383076037 0.171329761935 0.069667933433
7771.31/2255.84	breast-w 0.224826397017 0.0729118730916 0.55396478038
7962.32/2310.30	heart-h 0.289687553127 0.12622780866 0.0138618258111
8153.79/2365.36	yeast 0.254294491588 0.0922192007592 0.583363336065
8347.24/2420.73	tae 0.274817614756 0.114082857576 0.182054724425
8561.23/2483.69	haberman 0.334832511313 0.166907797177 -0.0582220374966
8753.77/2539.23	mfeat-pixel 0.315237861671 0.125619176587 0.300341121031
8950.32/2597.67	optdigits 0.112420578412 0.0191326829924 0.837797332767
9144.41/2656.42	mfeat-factors 0.335598494394 0.148351018255 0.0766736071013
9343.63/2714.01	satimage 0.428218828874 0.22436998124 0.0057885403226
9537.47/2770.65	lymph 0.205214937139 0.061919215057 0.592885461306
9731.29/2826.32	audiology 0.203512560398 0.0564664446211 0.733171216478
9922.81/2881.27	ecoli 0.437955535912 0.260391884097 -0.243056895445
10116.88/2937.55	tic-tac-toe 0.243673188578 0.0880175025325 0.75824968424
10316.96/2994.34	spambase 0.261183603159 0.0914607688611 0.713837883036
10515.71/3052.34	zoo 0.141817622762 0.0285604688164 0.731506836143
10704.38/3107.17	sonar 0.393289308099 0.209401220965 -0.243121249982
10897.97/3162.20	mfeat-zernike 0.185341184847 0.0493894861461 0.64661338997
11090.21/3220.07	kr-vs-kp 0.170808982737 0.0379637857734 0.721122180826
11091.71/3221.52	MAE 0.293279733458 0.103382972224
11091.71/3221.52	MSE 0.136335396383 0.136335396383
11091.71/3221.52	Mean tau 0.30485177549 0.34904438204
11091.71/3221.52	(2.3684210526315788, '1_class_entropy')
11091.71/3221.52	(2.491228070175439, '0_ratio_numerical_to_categorical')
11091.71/3221.52	(2.9649122807017543, '0_class_entropy')
11091.71/3221.52	(5.2631578947368425, '0_class_probability_max')
11091.71/3221.52	(5.315789473684211, '1_log_number_of_features')
11091.71/3221.52	(6.719298245614035, '1_ratio_numerical_to_categorical')
11091.71/3221.52	(9.43859649122807, '1_landmark_decision_tree')
11091.71/3221.52	(10.31578947368421, '1_class_probability_max')
11091.71/3221.52	(10.368421052631579, '0_landmark_decision_tree')
11091.71/3221.52	(11.210526315789474, '0_number_of_features')
11091.71/3221.52	(11.824561403508772, '1_number_of_features')
11091.71/3221.52	(12.087719298245615, '0_landmark_lda')
11091.71/3221.52	(12.596491228070175, '0_number_of_categorical_features')
11091.71/3221.52	(12.789473684210526, '0_log_number_of_features')
11091.71/3221.52	(14.368421052631579, '1_landmark_naive_bayes')
11091.71/3221.52	(16.964912280701753, '0_landmark_naive_bayes')
11091.71/3221.52	(18.94736842105263, '1_number_of_categorical_features')
11091.71/3221.52	(21.87719298245614, '1_landmark_lda')
11091.71/3221.52	(21.92982456140351, '0_dataset_ratio')
11091.71/3221.52	(26.49122807017544, '1_landmark_random_node_learner')
11091.71/3221.52	(31.228070175438596, '1_number_of_numeric_features')
11091.71/3221.52	(32.03508771929825, '1_dataset_ratio')
11091.71/3221.52	(32.333333333333336, '0_symbols_sum')
11091.71/3221.52	(33.333333333333336, '0_inverse_dataset_ratio')
11091.71/3221.52	(34.29824561403509, '0_class_probability_min')
11091.71/3221.52	(34.56140350877193, '1_landmark_1NN')
11091.71/3221.52	(34.719298245614034, '1_class_probability_min')
11091.71/3221.52	(35.05263157894737, '0_log_inverse_dataset_ratio')
11091.71/3221.52	(35.98245614035088, '1_skewness_std')
11091.71/3221.52	(36.03508771929825, '1_log_dataset_ratio')
11091.71/3221.52	(36.80701754385965, '0_number_of_numeric_features')
11091.71/3221.52	(37.0, '0_landmark_random_node_learner')
11091.71/3221.52	(38.36842105263158, '1_skewness_min')
11091.71/3221.52	(39.63157894736842, '0_class_probability_std')
11091.71/3221.52	(40.14035087719298, '1_class_probability_mean')
11091.71/3221.52	(40.49122807017544, '1_class_probability_std')
11091.71/3221.52	(41.08771929824562, '0_kurtosis_min')
11091.71/3221.52	(41.59649122807018, '0_log_dataset_ratio')
11091.71/3221.52	(42.10526315789474, '1_symbols_sum')
11091.71/3221.52	(42.98245614035088, '0_skewness_max')
11091.71/3221.52	(43.07017543859649, '1_skewness_mean')
11091.71/3221.52	(44.12280701754386, '1_number_of_instances')
11091.71/3221.52	(45.01754385964912, '0_log_number_of_instances')
11091.71/3221.52	(45.333333333333336, '0_skewness_min')
11091.71/3221.52	(45.421052631578945, '0_pca_skewness_first_pc')
11091.71/3221.52	(45.49122807017544, '1_inverse_dataset_ratio')
11091.71/3221.52	(46.05263157894737, '0_number_of_instances')
11091.71/3221.52	(46.333333333333336, '1_pca_skewness_first_pc')
11091.71/3221.52	(46.73684210526316, '1_skewness_max')
11091.71/3221.52	(46.75438596491228, '1_kurtosis_min')
11091.71/3221.52	(47.19298245614035, '0_landmark_1NN')
11091.71/3221.52	(47.94736842105263, '1_log_inverse_dataset_ratio')
11091.71/3221.52	(48.96491228070175, '1_log_number_of_instances')
11091.71/3221.52	(49.26315789473684, '1_ratio_categorical_to_numerical')
11091.71/3221.52	(50.70175438596491, '0_number_of_classes')
11091.71/3221.52	(52.10526315789474, '0_skewness_mean')
11091.71/3221.52	(52.771929824561404, '1_symbols_max')
11091.71/3221.52	(52.87719298245614, '0_kurtosis_std')
11091.71/3221.52	(53.29824561403509, '1_landmark_decision_node_learner')
11091.71/3221.52	(53.73684210526316, '0_pca_kurtosis_first_pc')
11091.71/3221.52	(54.50877192982456, '1_kurtosis_std')
11091.71/3221.52	(54.526315789473685, '0_landmark_decision_node_learner')
11091.71/3221.52	(57.12280701754386, '0_skewness_std')
11091.71/3221.52	(57.31578947368421, '1_pca_kurtosis_first_pc')
11091.71/3221.52	(58.63157894736842, '0_ratio_categorical_to_numerical')
11091.71/3221.52	(59.70175438596491, '0_class_probability_mean')
11091.71/3221.52	(59.8421052631579, '1_kurtosis_max')
11091.71/3221.52	(60.49122807017544, '1_pca_95%')
11091.71/3221.52	(60.78947368421053, '1_number_of_classes')
11091.71/3221.52	(61.45614035087719, '0_symbols_mean')
11091.71/3221.52	(62.26315789473684, '0_pca_95%')
11091.71/3221.52	(62.31578947368421, '0_kurtosis_max')
11091.71/3221.52	(65.54385964912281, '1_symbols_mean')
11091.71/3221.52	(71.50877192982456, '0_number_of_Instances_with_missing_values')
11091.71/3221.52	(71.85964912280701, '1_kurtosis_mean')
11091.71/3221.52	(72.56140350877193, '0_symbols_max')
11091.71/3221.52	(72.82456140350877, '0_symbols_std')
11091.71/3221.52	(73.10526315789474, '1_percentage_of_features_with_missing_values')
11091.71/3221.52	(74.3157894736842, '0_kurtosis_mean')
11091.71/3221.52	(74.96491228070175, '1_symbols_std')
11091.71/3221.52	(77.03508771929825, '1_percentage_of_Instances_with_missing_values')
11091.71/3221.52	(77.0701754385965, '0_symbols_min')
11091.71/3221.52	(77.87719298245614, '0_number_of_missing_values')
11091.71/3221.52	(79.0, '0_percentage_of_features_with_missing_values')
11091.71/3221.52	(79.03508771929825, '1_number_of_missing_values')
11091.71/3221.52	(79.08771929824562, '1_percentage_of_missing_values')
11091.71/3221.52	(79.66666666666667, '0_percentage_of_missing_values')
11091.71/3221.52	(79.70175438596492, '1_number_of_Instances_with_missing_values')
11091.71/3221.52	(80.42105263157895, '1_symbols_min')
11091.71/3221.52	(82.6140350877193, '0_percentage_of_Instances_with_missing_values')
11091.71/3221.52	(84.21052631578948, '1_number_of_features_with_missing_values')
11091.71/3221.52	(85.3157894736842, '0_number_of_features_with_missing_values')
11091.71/3221.52	Result for ParamILS: SAT, 3220.143501, 1, 0.293280, -1, /home/feurerm/thesis/Software/pyMetaLearn/optimizers/metalearn_optimizer/learn_distances.py
