0.91/5.94	['/home/feurerm/thesis/Software/pyMetaLearn/optimizers/metalearn_optimizer/learn_distances.py', '--input_file', '/home/feurerm/thesis/experiments/2014_04_25_predict_distances/testfold_0-3_spearman_rank_cv_perm.pkl', '--fold', '0', '--folds', '1', '--params', '-max_features', '0.885227081664', '-min_samples_leaf', '5', '-min_samples_split', '10', '-n_estimators', '12', '-n_jobs', '4', '-seed', '66']
1.70/8.90	Metafeatures (57, 46)
1.70/8.90	X (287280, 92)
1.70/8.90	Y (287280,)
1.70/8.90	Dataset Mae MSE Rho
552.20/151.35	vehicle 0.342441233485 0.168274794151 0.25684580901
1114.19/297.93	anneal.ORIG 0.272785508512 0.106220211353 0.351595664052
1667.03/441.12	segment 0.156053417394 0.0430128482933 0.76772169264
2221.64/586.60	pendigits 0.331304781145 0.138731762329 0.446562779774
2770.58/730.08	mushroom 0.19662522477 0.0571901511635 0.527131377324
3327.10/875.49	labor 0.335767760084 0.156675014113 0.254273901444
3884.64/1022.63	abalone 0.264217647304 0.0973557630744 0.557919988272
4431.44/1165.45	diabetes 0.412374142085 0.240214938216 -0.00538860942973
5020.31/1322.03	car 0.312143019213 0.133343183139 0.283820393336
5570.78/1465.68	autos 0.256812760373 0.107859720239 0.354961208218
6136.01/1619.71	mfeat-fourier 0.67437700614 0.635216909114 -0.567342884583
6690.02/1764.96	primary-tumor 0.197784954543 0.0611530824807 0.547370764581
7235.19/1908.67	waveform-5000 0.243664153743 0.084707261491 0.432540697568
7790.40/2052.80	credit-a 0.346370984188 0.16332673996 0.229761629981
8345.78/2201.56	letter 0.268960693064 0.103086175868 0.411033676602
8901.11/2347.48	postoperative-patient-data 0.352609277155 0.210489452823 -0.193232514497
9459.46/2492.54	vowel 0.348444127483 0.156248182544 0.445293240599
10032.39/2643.99	eucalyptus 0.461219733187 0.287815403774 -0.0751701253089
10580.89/2789.13	cylinder-bands 0.300339040693 0.141467808672 0.218667188494
11127.77/2932.25	ionosphere 0.392513454873 0.202556305709 -0.129003457511
11683.41/3076.57	mfeat-karhunen 0.387604171293 0.222330130858 0.0134437032187
12248.31/3224.73	balance-scale 0.220534534512 0.0760015805732 0.397135039489
12794.36/3367.58	mfeat-morphological 0.344218765509 0.176657921769 0.196803673281
13344.94/3511.88	liver-disorders 0.267472296328 0.11232806229 0.089935363585
13901.34/3657.60	dermatology 0.218063520614 0.0611436285572 0.467515265167
14456.05/3801.88	vote 0.129084219132 0.025211092803 0.687230322297
15011.23/3949.58	breast-cancer 0.426674404673 0.353153196264 -0.0322918833826
15591.78/4102.84	credit-g 0.386080692052 0.230405896807 -0.0848963680516
16151.75/4250.16	soybean 0.172124997805 0.0505067673511 0.50356754791
16723.81/4399.23	arrhythmia 0.374930228415 0.189373727813 -0.000382240679722
17272.66/4541.04	nursery 0.146064423994 0.031036108371 0.749480559414
17815.78/4682.63	hepatitis 0.389487642108 0.241451301598 -0.106244223803
18383.28/4829.45	cmc 0.260341152311 0.0915318496669 0.266676709028
18934.75/4974.25	heart-c 0.25301923612 0.101687743779 0.397812647062
19484.87/5119.03	glass 0.287277285925 0.11385772308 0.302277501357
20063.52/5269.04	braziltourism 0.58079195449 0.460929841506 -0.0737037282617
20615.22/5413.73	iris 0.327474071276 0.159379025523 -0.0173932383211
21176.32/5564.43	heart-statlog 0.426878041635 0.247526825703 -0.175427485033
21752.75/5719.70	page-blocks 0.346070470617 0.165521719496 0.121439831005
22295.59/5860.52	breast-w 0.215399761363 0.0670659178752 0.508224938817
22845.28/6003.58	heart-h 0.256185575376 0.0966037284876 0.30678133324
23400.57/6151.76	yeast 0.3340883795 0.168078870035 0.242115182853
23952.29/6298.06	tae 0.349684502162 0.185931406638 -0.0319046439246
24511.67/6446.47	haberman 0.323162296543 0.14934115042 -0.0666293036738
25067.93/6593.78	mfeat-pixel 0.315138165171 0.139962310716 0.278573928199
25614.47/6736.84	optdigits 0.16289326562 0.045749892353 0.729603051832
26167.44/6882.81	mfeat-factors 0.377095078834 0.19851753859 -0.0866352942031
26711.61/7025.89	satimage 0.456993715785 0.262934074367 -0.0399389423578
27270.07/7173.57	lymph 0.147700404002 0.0352541153151 0.660453181695
27810.80/7318.44	audiology 0.178889429136 0.0459338989956 0.694184346557
28362.04/7461.84	ecoli 0.400758753087 0.224031874158 0.0199445263137
28946.04/7616.52	tic-tac-toe 0.256222860803 0.102701516838 0.392009293743
29510.37/7762.34	spambase 0.310701734939 0.143240571172 0.440485905392
30060.33/7907.23	zoo 0.14558764066 0.0329694034935 0.737546304262
30616.25/8054.53	sonar 0.525451655295 0.366681501706 -0.458981120416
31168.92/8197.78	mfeat-zernike 0.19218422667 0.0521024794914 0.686399352643
31708.58/8339.78	kr-vs-kp 0.170633175733 0.0417536018331 0.652059806465
31709.18/8340.34	MAE 0.30753985349 0.110279081109
31709.18/8340.34	MSE 0.153751468505 0.153751468505
31709.18/8340.34	Mean tau 0.254081285321 0.312043228165
31709.18/8340.34	(2.6315789473684212, '0_ratio_numerical_to_categorical')
31709.18/8340.34	(4.0701754385964914, '1_ratio_numerical_to_categorical')
31709.18/8340.34	(6.912280701754386, '1_class_entropy')
31709.18/8340.34	(8.789473684210526, '0_number_of_categorical_features')
31709.18/8340.34	(12.666666666666666, '0_landmark_random_node_learner')
31709.18/8340.34	(13.017543859649123, '0_landmark_decision_tree')
31709.18/8340.34	(13.070175438596491, '1_number_of_categorical_features')
31709.18/8340.34	(13.105263157894736, '1_landmark_random_node_learner')
31709.18/8340.34	(13.807017543859649, '0_class_probability_max')
31709.18/8340.34	(16.45614035087719, '1_class_probability_max')
31709.18/8340.34	(17.210526315789473, '1_landmark_decision_tree')
31709.18/8340.34	(19.666666666666668, '0_kurtosis_min')
31709.18/8340.34	(19.789473684210527, '0_class_entropy')
31709.18/8340.34	(21.719298245614034, '1_log_number_of_features')
31709.18/8340.34	(23.350877192982455, '1_kurtosis_min')
31709.18/8340.34	(23.82456140350877, '1_number_of_features')
31709.18/8340.34	(23.912280701754387, '0_percentage_of_features_with_missing_values')
31709.18/8340.34	(23.92982456140351, '1_class_probability_min')
31709.18/8340.34	(25.140350877192983, '0_landmark_naive_bayes')
31709.18/8340.34	(25.280701754385966, '1_percentage_of_features_with_missing_values')
31709.18/8340.34	(27.210526315789473, '1_landmark_lda')
31709.18/8340.34	(27.789473684210527, '0_log_number_of_instances')
31709.18/8340.34	(28.43859649122807, '1_landmark_naive_bayes')
31709.18/8340.34	(29.56140350877193, '1_pca_skewness_first_pc')
31709.18/8340.34	(29.736842105263158, '0_class_probability_min')
31709.18/8340.34	(30.70175438596491, '0_number_of_instances')
31709.18/8340.34	(31.75438596491228, '1_class_probability_std')
31709.18/8340.34	(32.21052631578947, '0_class_probability_std')
31709.18/8340.34	(32.80701754385965, '0_landmark_lda')
31709.18/8340.34	(33.08771929824562, '1_number_of_numeric_features')
31709.18/8340.34	(33.45614035087719, '0_number_of_Instances_with_missing_values')
31709.18/8340.34	(33.56140350877193, '1_log_number_of_instances')
31709.18/8340.34	(34.421052631578945, '1_log_dataset_ratio')
31709.18/8340.34	(34.473684210526315, '1_log_inverse_dataset_ratio')
31709.18/8340.34	(34.771929824561404, '0_log_inverse_dataset_ratio')
31709.18/8340.34	(34.8421052631579, '1_number_of_instances')
31709.18/8340.34	(35.1578947368421, '1_number_of_Instances_with_missing_values')
31709.18/8340.34	(35.421052631578945, '0_number_of_features')
31709.18/8340.34	(35.91228070175438, '0_log_dataset_ratio')
31709.18/8340.34	(36.421052631578945, '0_inverse_dataset_ratio')
31709.18/8340.34	(36.473684210526315, '0_dataset_ratio')
31709.18/8340.34	(36.94736842105263, '1_dataset_ratio')
31709.18/8340.34	(37.421052631578945, '0_log_number_of_features')
31709.18/8340.34	(37.63157894736842, '0_landmark_decision_node_learner')
31709.18/8340.34	(38.19298245614035, '0_skewness_min')
31709.18/8340.34	(38.63157894736842, '1_skewness_min')
31709.18/8340.34	(39.473684210526315, '1_inverse_dataset_ratio')
31709.18/8340.34	(39.96491228070175, '1_landmark_decision_node_learner')
31709.18/8340.34	(40.59649122807018, '1_pca_kurtosis_first_pc')
31709.18/8340.34	(42.68421052631579, '0_pca_kurtosis_first_pc')
31709.18/8340.34	(42.68421052631579, '0_pca_skewness_first_pc')
31709.18/8340.34	(43.666666666666664, '0_number_of_numeric_features')
31709.18/8340.34	(49.8421052631579, '1_symbols_std')
31709.18/8340.34	(50.333333333333336, '1_kurtosis_std')
31709.18/8340.34	(52.89473684210526, '0_kurtosis_std')
31709.18/8340.34	(53.824561403508774, '0_symbols_std')
31709.18/8340.34	(53.85964912280702, '1_kurtosis_max')
31709.18/8340.34	(54.35087719298246, '0_kurtosis_max')
31709.18/8340.34	(54.94736842105263, '0_symbols_sum')
31709.18/8340.34	(55.6140350877193, '0_skewness_max')
31709.18/8340.34	(55.6140350877193, '1_skewness_max')
31709.18/8340.34	(56.70175438596491, '1_landmark_1NN')
31709.18/8340.34	(57.78947368421053, '1_symbols_sum')
31709.18/8340.34	(58.19298245614035, '0_skewness_mean')
31709.18/8340.34	(58.666666666666664, '0_landmark_1NN')
31709.18/8340.34	(58.719298245614034, '1_skewness_mean')
31709.18/8340.34	(60.19298245614035, '0_pca_95%')
31709.18/8340.34	(61.94736842105263, '1_pca_95%')
31709.18/8340.34	(67.14035087719299, '0_number_of_missing_values')
31709.18/8340.34	(67.15789473684211, '0_symbols_mean')
31709.18/8340.34	(67.94736842105263, '1_skewness_std')
31709.18/8340.34	(69.42105263157895, '1_symbols_mean')
31709.18/8340.34	(70.7719298245614, '1_number_of_missing_values')
31709.18/8340.34	(71.14035087719299, '0_skewness_std')
31709.18/8340.34	(71.15789473684211, '0_symbols_min')
31709.18/8340.34	(72.26315789473684, '1_symbols_max')
31709.18/8340.34	(72.66666666666667, '0_symbols_max')
31709.18/8340.34	(72.80701754385964, '0_kurtosis_mean')
31709.18/8340.34	(73.43859649122807, '1_kurtosis_mean')
31709.18/8340.34	(75.36842105263158, '1_symbols_min')
31709.18/8340.34	(78.43859649122807, '1_percentage_of_missing_values')
31709.18/8340.34	(78.50877192982456, '0_percentage_of_missing_values')
31709.18/8340.34	(78.57894736842105, '0_percentage_of_Instances_with_missing_values')
31709.18/8340.34	(78.75438596491227, '1_percentage_of_Instances_with_missing_values')
31709.18/8340.34	(79.45614035087719, '1_ratio_categorical_to_numerical')
31709.18/8340.34	(80.84210526315789, '0_ratio_categorical_to_numerical')
31709.18/8340.34	(82.28070175438596, '0_class_probability_mean')
31709.18/8340.34	(83.0, '1_number_of_classes')
31709.18/8340.34	(84.80701754385964, '1_class_probability_mean')
31709.18/8340.34	(85.80701754385964, '0_number_of_classes')
31709.18/8340.34	(87.84210526315789, '1_number_of_features_with_missing_values')
31709.18/8340.34	(88.45614035087719, '0_number_of_features_with_missing_values')
31709.18/8340.34	Result for ParamILS: SAT, 8334.393191, 1, 0.307540, -1, /home/feurerm/thesis/Software/pyMetaLearn/optimizers/metalearn_optimizer/learn_distances.py
