0.67/0.88	['/home/feurerm/thesis/Software/pyMetaLearn/optimizers/metalearn_optimizer/learn_distances.py', '--input_file', '/home/feurerm/thesis/experiments/2014_04_25_predict_distances/testfold_0-3_spearman_rank_perm.pkl', '--fold', '0', '--folds', '1', '--params', '-max_features', '0.827225417593', '-min_samples_leaf', '2', '-min_samples_split', '7', '-n_estimators', '39', '-n_jobs', '4', '-seed', '66']
0.67/0.89	Metafeatures (57, 46)
0.67/0.89	X (3192, 92)
0.67/0.89	Y (3192,)
0.67/0.89	Dataset Mae MSE Rho
6.52/2.55	vehicle 0.498811674152 0.324337488698 -0.255012306837
12.65/4.43	anneal.ORIG 0.80613571705 0.722972643002 -0.202975575024
18.55/6.22	segment 0.263744825109 0.0894087223771 0.754047797023
24.66/8.10	pendigits 0.40403668527 0.200617989505 0.212025441426
30.63/9.98	mushroom 0.235122636176 0.0690550159087 0.53555816531
36.66/11.86	labor 0.217860171325 0.0723262982275 0.440211358571
42.62/13.64	abalone 0.355345309841 0.161834761983 0.423081254309
48.53/15.53	diabetes 0.488487118475 0.329277078507 -0.0934075496527
54.40/21.07	car 0.687612140661 0.585440723927 -0.108275187314
60.40/22.95	autos 0.170386153538 0.0382041965681 0.709768093554
66.42/24.85	mfeat-fourier 0.708782360229 0.650421093159 -0.533295698709
72.44/26.73	primary-tumor 0.180531294964 0.0418769145325 0.652883219025
78.48/28.51	waveform-5000 0.205808379654 0.0614482892183 0.666134809115
84.52/30.45	credit-a 0.431868297176 0.261657666841 0.217196793656
90.47/32.23	letter 0.303738677255 0.115019464552 0.545577660255
96.62/34.12	postoperative-patient-data 0.465633627556 0.265953300948 -0.285394001188
102.52/35.89	vowel 0.474298831873 0.281056450837 0.123789244003
108.56/37.77	eucalyptus 0.248705121942 0.0826443321148 0.624117572247
114.59/39.55	cylinder-bands 0.263321163549 0.0864875903703 0.588241316152
120.64/41.44	ionosphere 0.44609213931 0.233278115022 -0.194895337165
126.66/43.32	mfeat-karhunen 0.235217296844 0.0782837659925 0.669043694744
132.69/45.21	balance-scale 0.254084482617 0.0976095268197 0.353914418234
138.71/47.31	mfeat-morphological 0.502236265733 0.345831033586 -0.231094802774
144.71/49.21	liver-disorders 0.118221382021 0.0232395535069 0.63542990525
150.77/51.09	dermatology 0.226904464867 0.0651054157147 0.459927138947
156.83/52.98	vote 0.0706201093587 0.00863255423403 0.783459862831
162.76/54.75	breast-cancer 0.121836078519 0.021740561911 0.440857777599
168.94/56.65	credit-g 0.556416658604 0.434525302953 -0.396901283645
174.84/58.43	soybean 0.111468826183 0.0162804729334 0.803175643207
180.88/60.22	arrhythmia 0.328641921951 0.134763550909 -0.267940687412
186.86/62.10	nursery 0.21124956608 0.0596194874478 0.704596741325
192.84/63.99	hepatitis 0.271516618387 0.0976064986892 0.257921192467
198.87/65.78	cmc 0.163827628625 0.0362192329652 0.657084942712
204.84/67.56	heart-c 0.211576266246 0.0619790338216 0.840667946874
210.83/69.33	glass 0.30468747795 0.110199182539 0.592766249353
216.94/71.21	braziltourism 0.718912732917 0.620160413792 -0.560122088402
223.00/73.10	iris 0.315177820397 0.132410813669 0.180997328047
228.92/74.89	heart-statlog 0.320219365038 0.142244092842 0.510994242217
235.14/76.77	page-blocks 0.613701853904 0.513336758103 -0.470269843407
241.11/78.65	breast-w 0.226135769327 0.0672063249049 0.441504196628
247.05/80.43	heart-h 0.156636621796 0.0322623032557 0.715585864813
253.04/82.21	yeast 0.315840060658 0.127059987642 0.606987467985
259.14/84.10	tae 0.362746605978 0.162688885985 0.0465421700691
265.13/85.98	haberman 0.3166868056 0.127982469231 -0.101164577998
271.16/87.85	mfeat-pixel 0.413357276183 0.211124352517 0.0979324828538
277.20/89.73	optdigits 0.211621175038 0.056754815466 0.744674721106
283.32/91.62	mfeat-factors 0.270972098977 0.0991300361325 0.634460276706
289.40/93.51	satimage 0.356873275586 0.156868422215 0.0953468067389
295.31/95.30	lymph 0.270868782924 0.11048884404 0.328704076113
301.20/97.08	audiology 0.271457478742 0.0894722768097 0.479966128838
307.18/98.86	ecoli 0.433849852641 0.239800594518 0.0397547702674
313.25/100.75	tic-tac-toe 0.147101855664 0.0304553432538 0.761158406339
319.40/102.64	spambase 0.368305413037 0.172017497798 0.647065447767
325.49/104.52	zoo 0.213265282622 0.0637244794625 0.484167852525
331.47/106.31	sonar 0.560825464752 0.394659418284 -0.341632456688
337.40/108.09	mfeat-zernike 0.211641087765 0.0631121910227 0.626056829333
343.41/109.99	kr-vs-kp 0.220045901872 0.0604140422782 0.605371420413
343.59/110.12	MAE 0.330545086851 0.16417200284
343.59/110.12	MSE 0.174356625852 0.174356625852
343.59/110.12	Mean tau 0.31046258475 0.39947388022
343.59/110.12	(0.3333333333333333, '1_class_probability_max')
343.59/110.12	(0.8596491228070176, '0_class_probability_max')
343.59/110.12	(2.1403508771929824, '0_skewness_min')
343.59/110.12	(2.8596491228070176, '1_skewness_min')
343.59/110.12	(5.807017543859649, '0_class_entropy')
343.59/110.12	(7.701754385964913, '0_landmark_naive_bayes')
343.59/110.12	(8.157894736842104, '1_landmark_naive_bayes')
343.59/110.12	(10.771929824561404, '1_class_probability_std')
343.59/110.12	(12.631578947368421, '0_pca_skewness_first_pc')
343.59/110.12	(13.070175438596491, '0_class_probability_std')
343.59/110.12	(14.368421052631579, '1_pca_skewness_first_pc')
343.59/110.12	(14.824561403508772, '0_landmark_lda')
343.59/110.12	(15.035087719298245, '1_class_entropy')
343.59/110.12	(15.263157894736842, '0_landmark_decision_tree')
343.59/110.12	(15.368421052631579, '1_landmark_lda')
343.59/110.12	(15.385964912280702, '1_landmark_decision_tree')
343.59/110.12	(18.859649122807017, '0_kurtosis_min')
343.59/110.12	(21.92982456140351, '1_landmark_1NN')
343.59/110.12	(23.82456140350877, '1_kurtosis_min')
343.59/110.12	(24.157894736842106, '1_skewness_max')
343.59/110.12	(24.385964912280702, '0_landmark_1NN')
343.59/110.12	(27.49122807017544, '0_class_probability_min')
343.59/110.12	(27.964912280701753, '1_class_probability_min')
343.59/110.12	(28.24561403508772, '0_number_of_numeric_features')
343.59/110.12	(29.736842105263158, '0_landmark_random_node_learner')
343.59/110.12	(30.859649122807017, '1_number_of_numeric_features')
343.59/110.12	(31.333333333333332, '1_kurtosis_max')
343.59/110.12	(31.56140350877193, '0_skewness_max')
343.59/110.12	(32.473684210526315, '0_kurtosis_max')
343.59/110.12	(33.29824561403509, '0_number_of_features')
343.59/110.12	(34.421052631578945, '1_number_of_instances')
343.59/110.12	(34.85964912280702, '1_log_number_of_instances')
343.59/110.12	(34.92982456140351, '0_log_number_of_features')
343.59/110.12	(35.03508771929825, '0_number_of_instances')
343.59/110.12	(35.40350877192982, '1_number_of_features')
343.59/110.12	(35.85964912280702, '0_log_number_of_instances')
343.59/110.12	(37.280701754385966, '0_skewness_mean')
343.59/110.12	(37.64912280701754, '1_landmark_decision_node_learner')
343.59/110.12	(38.14035087719298, '1_skewness_mean')
343.59/110.12	(38.3859649122807, '1_log_number_of_features')
343.59/110.12	(40.10526315789474, '1_skewness_std')
343.59/110.12	(40.89473684210526, '1_kurtosis_std')
343.59/110.12	(41.280701754385966, '0_landmark_decision_node_learner')
343.59/110.12	(42.63157894736842, '1_symbols_mean')
343.59/110.12	(42.96491228070175, '1_pca_kurtosis_first_pc')
343.59/110.12	(43.05263157894737, '0_pca_kurtosis_first_pc')
343.59/110.12	(44.05263157894737, '0_symbols_mean')
343.59/110.12	(44.10526315789474, '0_skewness_std')
343.59/110.12	(44.24561403508772, '1_landmark_random_node_learner')
343.59/110.12	(46.63157894736842, '0_kurtosis_std')
343.59/110.12	(47.96491228070175, '1_pca_95%')
343.59/110.12	(48.05263157894737, '0_symbols_min')
343.59/110.12	(48.91228070175438, '0_pca_95%')
343.59/110.12	(49.91228070175438, '0_log_inverse_dataset_ratio')
343.59/110.12	(50.59649122807018, '1_symbols_min')
343.59/110.12	(52.36842105263158, '0_log_dataset_ratio')
343.59/110.12	(52.526315789473685, '1_log_dataset_ratio')
343.59/110.12	(52.578947368421055, '0_inverse_dataset_ratio')
343.59/110.12	(53.70175438596491, '1_dataset_ratio')
343.59/110.12	(53.89473684210526, '0_dataset_ratio')
343.59/110.12	(54.07017543859649, '1_ratio_numerical_to_categorical')
343.59/110.12	(54.40350877192982, '1_log_inverse_dataset_ratio')
343.59/110.12	(54.64912280701754, '1_inverse_dataset_ratio')
343.59/110.12	(58.0, '0_ratio_numerical_to_categorical')
343.59/110.12	(58.54385964912281, '0_symbols_sum')
343.59/110.12	(59.73684210526316, '1_symbols_sum')
343.59/110.12	(61.0, '0_number_of_categorical_features')
343.59/110.12	(63.75438596491228, '1_number_of_categorical_features')
343.59/110.12	(63.92982456140351, '0_kurtosis_mean')
343.59/110.12	(65.87719298245614, '1_kurtosis_mean')
343.59/110.12	(72.12280701754386, '1_class_probability_mean')
343.59/110.12	(72.52631578947368, '1_ratio_categorical_to_numerical')
343.59/110.12	(73.2280701754386, '0_ratio_categorical_to_numerical')
343.59/110.12	(73.2280701754386, '1_number_of_classes')
343.59/110.12	(73.85964912280701, '0_class_probability_mean')
343.59/110.12	(74.45614035087719, '0_symbols_max')
343.59/110.12	(74.98245614035088, '1_symbols_max')
343.59/110.12	(75.43859649122807, '0_number_of_classes')
343.59/110.12	(77.9298245614035, '0_symbols_std')
343.59/110.12	(79.14035087719299, '1_symbols_std')
343.59/110.12	(80.03508771929825, '1_percentage_of_features_with_missing_values')
343.59/110.12	(80.50877192982456, '0_percentage_of_features_with_missing_values')
343.59/110.12	(81.71929824561404, '0_number_of_Instances_with_missing_values')
343.59/110.12	(81.73684210526316, '1_number_of_Instances_with_missing_values')
343.59/110.12	(82.49122807017544, '1_percentage_of_Instances_with_missing_values')
343.59/110.12	(82.85964912280701, '0_percentage_of_Instances_with_missing_values')
343.59/110.12	(84.35087719298245, '0_number_of_missing_values')
343.59/110.12	(84.43859649122807, '0_percentage_of_missing_values')
343.59/110.12	(84.84210526315789, '1_number_of_missing_values')
343.59/110.12	(85.12280701754386, '1_percentage_of_missing_values')
343.59/110.12	(86.6140350877193, '1_number_of_features_with_missing_values')
343.59/110.12	(87.26315789473684, '0_number_of_features_with_missing_values')
343.59/110.12	Result for ParamILS: SAT, 109.234339, 1, 0.330545, -1, /home/feurerm/thesis/Software/pyMetaLearn/optimizers/metalearn_optimizer/learn_distances.py
