0.74/3.11	['/home/feurerm/thesis/Software/pyMetaLearn/optimizers/metalearn_optimizer/learn_distances.py', '--input_file', '/home/feurerm/thesis/experiments/2014_04_25_predict_distances/testfold_0-3_spearman_rank_perm.pkl', '--fold', '0', '--folds', '1', '--params', '-max_features', '0.606719565448', '-min_samples_leaf', '5', '-min_samples_split', '9', '-n_estimators', '63', '-n_jobs', '4', '-seed', '37']
0.74/3.12	Metafeatures (57, 46)
0.74/3.12	X (3192, 92)
0.74/3.12	Y (3192,)
0.74/3.12	Dataset Mae MSE Rho
7.05/5.03	vehicle 0.442117365891 0.248992730908 -0.048158217641
13.60/7.27	anneal.ORIG 0.74981504242 0.629355402814 -0.226246660058
20.30/9.32	segment 0.28451958508 0.101915867244 0.711384141126
27.01/11.36	pendigits 0.375388017533 0.170478940533 0.33807715203
33.71/13.40	mushroom 0.208848904125 0.0526701770317 0.601169696726
40.31/15.98	labor 0.204575229684 0.0615985858267 0.546547288798
46.94/18.02	abalone 0.39667516631 0.203686774996 0.259214030524
53.39/19.95	diabetes 0.482078875604 0.326140522207 -0.102780625569
60.01/21.99	car 0.632492244098 0.506167569355 -0.0229478755202
66.57/24.04	autos 0.189731127766 0.047703449045 0.620885477103
73.21/26.08	mfeat-fourier 0.670057768217 0.583512636626 -0.477057243209
79.77/28.13	primary-tumor 0.179273617592 0.0387955485485 0.689082684635
86.42/30.25	waveform-5000 0.235781571059 0.0752875714352 0.638985209908
93.12/32.31	credit-a 0.425227283367 0.258829585801 0.228509126659
99.78/34.36	letter 0.299772360144 0.114482023154 0.568525535775
106.72/36.53	postoperative-patient-data 0.452834502883 0.24778801605 -0.526831508422
113.31/39.76	vowel 0.492638871369 0.298638282524 0.0597937601583
119.96/41.81	eucalyptus 0.256727095646 0.0872901605838 0.553011479085
126.61/43.86	cylinder-bands 0.27033188795 0.0865555246433 0.582100335379
133.40/45.90	ionosphere 0.418466278011 0.204901748287 -0.138980091179
140.00/47.94	mfeat-karhunen 0.277384425187 0.102105434677 0.59923043964
146.72/49.99	balance-scale 0.208873297991 0.0619978845603 0.573373678491
153.37/52.03	mfeat-morphological 0.470550896999 0.296614492736 -0.158049452526
159.93/54.09	liver-disorders 0.15777873306 0.0389274611135 0.583393173436
166.65/56.13	dermatology 0.218394962051 0.0602792359186 0.470269843407
173.26/58.18	vote 0.0668178961907 0.00781555368489 0.799943548063
179.88/60.23	breast-cancer 0.161058955191 0.0378254970017 0.397870912188
186.58/62.28	credit-g 0.571069226379 0.44497252275 -0.520690527649
193.32/64.46	soybean 0.107293115248 0.0160792129116 0.836143013673
200.09/66.50	arrhythmia 0.287623413981 0.106218382486 -0.112476911
206.66/68.53	nursery 0.231230171462 0.067747314876 0.679709608718
213.13/70.47	hepatitis 0.307035279402 0.137336095726 0.0361994656093
219.88/72.51	cmc 0.148361310695 0.0298960631163 0.721080426557
226.43/74.56	heart-c 0.2745735565 0.0981206295787 0.726898197816
233.13/76.60	glass 0.315605709884 0.119824261929 0.561414926459
239.82/78.64	braziltourism 0.694171086726 0.57951459435 -0.626380038847
246.58/80.79	iris 0.319529590739 0.136121770476 0.132839110406
253.23/82.84	heart-statlog 0.332164507525 0.148236126224 0.657084942712
260.18/86.25	page-blocks 0.584151578154 0.455738721224 -0.6658115996
266.89/88.31	breast-w 0.218096680538 0.0627686209529 0.514226337361
273.52/90.36	heart-h 0.136158686823 0.0246994376449 0.742412254506
280.14/92.41	yeast 0.341402371521 0.143589369957 0.574666516548
286.84/94.46	tae 0.355776995161 0.157201618143 0.0717525121899
293.54/96.50	haberman 0.291101072811 0.113111587723 -0.0811255881066
300.23/98.55	mfeat-pixel 0.401657357915 0.201060116832 0.12055714886
307.05/100.60	optdigits 0.226042072376 0.0630654547549 0.765036920512
313.74/102.66	mfeat-factors 0.251181311219 0.081788018773 0.697486132008
320.48/104.70	satimage 0.346040411273 0.151015618739 0.146090700495
326.93/108.19	lymph 0.292377852945 0.128060113377 0.285394001188
333.57/110.23	audiology 0.27455878515 0.0911691226709 0.509378194646
340.16/112.28	ecoli 0.429345173256 0.235917871899 0.0197157803765
346.82/114.32	tic-tac-toe 0.165409198102 0.0403320909867 0.759865568282
353.53/116.36	spambase 0.380609447471 0.190117140998 0.658054571255
360.13/118.41	zoo 0.182457446047 0.043504445706 0.634137067192
366.77/120.46	sonar 0.551784009095 0.378963182557 -0.334198637858
373.47/122.50	mfeat-zernike 0.221775529304 0.0715069764014 0.596644763525
380.03/124.54	kr-vs-kp 0.221683000005 0.0605902757492 0.600200068183
380.27/124.73	MAE 0.327868033493 0.152240094999
380.27/124.73	MSE 0.167168832225 0.167168832225
380.27/124.73	Mean tau 0.31274773272 0.411845106175
380.27/124.73	(0.3508771929824561, '0_class_probability_max')
380.27/124.73	(0.7894736842105263, '1_class_probability_max')
380.27/124.73	(2.280701754385965, '0_skewness_min')
380.27/124.73	(2.719298245614035, '1_skewness_min')
380.27/124.73	(5.491228070175438, '1_class_entropy')
380.27/124.73	(6.666666666666667, '0_class_entropy')
380.27/124.73	(9.0, '0_class_probability_std')
380.27/124.73	(9.12280701754386, '1_landmark_decision_tree')
380.27/124.73	(9.333333333333334, '0_landmark_naive_bayes')
380.27/124.73	(9.491228070175438, '1_landmark_naive_bayes')
380.27/124.73	(10.719298245614034, '1_class_probability_std')
380.27/124.73	(11.385964912280702, '0_landmark_decision_tree')
380.27/124.73	(12.175438596491228, '0_landmark_random_node_learner')
380.27/124.73	(16.771929824561404, '1_pca_skewness_first_pc')
380.27/124.73	(16.894736842105264, '1_landmark_random_node_learner')
380.27/124.73	(19.05263157894737, '0_pca_skewness_first_pc')
380.27/124.73	(20.333333333333332, '0_landmark_lda')
380.27/124.73	(21.54385964912281, '1_skewness_max')
380.27/124.73	(22.24561403508772, '0_kurtosis_min')
380.27/124.73	(23.0, '1_kurtosis_min')
380.27/124.73	(23.105263157894736, '1_landmark_lda')
380.27/124.73	(23.473684210526315, '1_landmark_1NN')
380.27/124.73	(24.263157894736842, '0_skewness_std')
380.27/124.73	(26.859649122807017, '0_skewness_max')
380.27/124.73	(27.49122807017544, '1_log_number_of_features')
380.27/124.73	(28.649122807017545, '0_landmark_1NN')
380.27/124.73	(29.403508771929825, '0_log_number_of_features')
380.27/124.73	(31.035087719298247, '1_number_of_features')
380.27/124.73	(31.403508771929825, '0_kurtosis_std')
380.27/124.73	(31.63157894736842, '0_number_of_features')
380.27/124.73	(32.421052631578945, '1_kurtosis_std')
380.27/124.73	(32.49122807017544, '1_number_of_numeric_features')
380.27/124.73	(33.333333333333336, '1_skewness_std')
380.27/124.73	(34.10526315789474, '0_number_of_numeric_features')
380.27/124.73	(35.578947368421055, '0_class_probability_min')
380.27/124.73	(35.73684210526316, '1_class_probability_min')
380.27/124.73	(37.73684210526316, '0_kurtosis_max')
380.27/124.73	(38.8421052631579, '1_kurtosis_max')
380.27/124.73	(39.49122807017544, '0_log_number_of_instances')
380.27/124.73	(41.26315789473684, '0_symbols_sum')
380.27/124.73	(42.01754385964912, '0_number_of_instances')
380.27/124.73	(42.719298245614034, '1_pca_kurtosis_first_pc')
380.27/124.73	(43.05263157894737, '0_landmark_decision_node_learner')
380.27/124.73	(43.10526315789474, '1_log_number_of_instances')
380.27/124.73	(43.50877192982456, '1_landmark_decision_node_learner')
380.27/124.73	(43.666666666666664, '1_symbols_sum')
380.27/124.73	(43.70175438596491, '1_number_of_instances')
380.27/124.73	(45.36842105263158, '0_pca_kurtosis_first_pc')
380.27/124.73	(46.59649122807018, '1_skewness_mean')
380.27/124.73	(46.63157894736842, '0_skewness_mean')
380.27/124.73	(48.89473684210526, '0_symbols_mean')
380.27/124.73	(50.03508771929825, '1_number_of_categorical_features')
380.27/124.73	(50.280701754385966, '1_symbols_mean')
380.27/124.73	(51.473684210526315, '0_pca_95%')
380.27/124.73	(52.75438596491228, '1_pca_95%')
380.27/124.73	(54.54385964912281, '0_number_of_categorical_features')
380.27/124.73	(54.85964912280702, '0_inverse_dataset_ratio')
380.27/124.73	(55.08771929824562, '0_log_inverse_dataset_ratio')
380.27/124.73	(55.3859649122807, '0_dataset_ratio')
380.27/124.73	(56.3859649122807, '1_symbols_min')
380.27/124.73	(56.63157894736842, '1_log_dataset_ratio')
380.27/124.73	(56.70175438596491, '1_dataset_ratio')
380.27/124.73	(57.175438596491226, '1_inverse_dataset_ratio')
380.27/124.73	(57.228070175438596, '1_log_inverse_dataset_ratio')
380.27/124.73	(57.31578947368421, '0_symbols_min')
380.27/124.73	(58.05263157894737, '0_log_dataset_ratio')
380.27/124.73	(59.36842105263158, '1_ratio_numerical_to_categorical')
380.27/124.73	(60.85964912280702, '0_ratio_numerical_to_categorical')
380.27/124.73	(65.9298245614035, '1_kurtosis_mean')
380.27/124.73	(66.57894736842105, '0_kurtosis_mean')
380.27/124.73	(72.94736842105263, '1_ratio_categorical_to_numerical')
380.27/124.73	(73.3157894736842, '0_class_probability_mean')
380.27/124.73	(73.3859649122807, '1_number_of_classes')
380.27/124.73	(74.96491228070175, '0_ratio_categorical_to_numerical')
380.27/124.73	(75.17543859649123, '1_class_probability_mean')
380.27/124.73	(75.28070175438596, '1_symbols_max')
380.27/124.73	(75.63157894736842, '0_number_of_classes')
380.27/124.73	(76.17543859649123, '0_symbols_max')
380.27/124.73	(77.40350877192982, '1_symbols_std')
380.27/124.73	(78.03508771929825, '0_percentage_of_features_with_missing_values')
380.27/124.73	(78.54385964912281, '0_symbols_std')
380.27/124.73	(78.6140350877193, '1_percentage_of_features_with_missing_values')
380.27/124.73	(80.0701754385965, '1_percentage_of_missing_values')
380.27/124.73	(82.98245614035088, '0_number_of_Instances_with_missing_values')
380.27/124.73	(83.47368421052632, '1_number_of_Instances_with_missing_values')
380.27/124.73	(83.94736842105263, '0_percentage_of_missing_values')
380.27/124.73	(83.98245614035088, '0_percentage_of_Instances_with_missing_values')
380.27/124.73	(84.73684210526316, '1_number_of_missing_values')
380.27/124.73	(84.9298245614035, '1_percentage_of_Instances_with_missing_values')
380.27/124.73	(85.01754385964912, '0_number_of_missing_values')
380.27/124.73	(86.73684210526316, '0_number_of_features_with_missing_values')
380.27/124.73	(87.05263157894737, '1_number_of_features_with_missing_values')
380.27/124.73	Result for ParamILS: SAT, 121.617201, 1, 0.327868, -1, /home/feurerm/thesis/Software/pyMetaLearn/optimizers/metalearn_optimizer/learn_distances.py
