0.76/3.15	['/home/feurerm/thesis/Software/pyMetaLearn/optimizers/metalearn_optimizer/learn_distances.py', '--input_file', '/home/feurerm/thesis/experiments/2014_04_25_predict_distances/testfold_0-3_spearman_rank_perm.pkl', '--fold', '0', '--folds', '1', '--params', '-max_features', '0.236687260232', '-min_samples_leaf', '3', '-min_samples_split', '3', '-n_estimators', '90', '-n_jobs', '4', '-seed', '36']
0.76/3.17	Metafeatures (57, 46)
0.76/3.17	X (3192, 92)
0.76/3.17	Y (3192,)
0.76/3.17	Dataset Mae MSE Rho
4.89/4.80	vehicle 0.386493885234 0.186245789483 0.190047194449
9.28/6.59	anneal.ORIG 0.476522067211 0.273355504023 0.35068232309
13.72/8.58	segment 0.263698262744 0.0899799729269 0.721403636072
18.20/10.36	pendigits 0.393149756893 0.182998645006 0.301231267392
22.77/12.06	mushroom 0.187696285964 0.0427434123751 0.659993828342
27.18/13.73	labor 0.201206116872 0.0527299707557 0.796388243405
31.75/15.43	abalone 0.382991279217 0.186234465871 0.333229009314
36.23/17.24	diabetes 0.484277903498 0.320939910667 -0.0520367318134
40.65/18.94	car 0.441909534292 0.288147856411 0.324502352427
45.07/20.66	autos 0.217606226814 0.0599390843529 0.672598999402
49.59/22.37	mfeat-fourier 0.661240296741 0.564552870151 -0.48901599524
54.11/24.22	primary-tumor 0.198069383932 0.0477791259601 0.616360543902
58.57/26.60	waveform-5000 0.286464211137 0.11009700044 0.43277753974
62.99/32.04	credit-a 0.38705556525 0.209218290764 0.356823303863
67.48/33.72	letter 0.263836144508 0.0939431757414 0.690375522692
72.10/35.58	postoperative-patient-data 0.465676397067 0.268428306395 -0.547516917341
76.52/37.26	vowel 0.529252294601 0.351789695195 -0.0888826164515
80.97/39.23	eucalyptus 0.281207669694 0.105343833727 0.582423544893
85.42/40.90	cylinder-bands 0.268822701058 0.0828173473096 0.590826992267
89.90/42.76	ionosphere 0.430116996032 0.216981970973 -0.0439564939542
94.38/44.43	mfeat-karhunen 0.240896886586 0.0796449174426 0.671306161345
98.89/46.18	balance-scale 0.189834343317 0.0524723211426 0.687143427549
103.35/47.90	mfeat-morphological 0.474450492907 0.304923045481 -0.155140566897
107.59/49.86	liver-disorders 0.230629358283 0.0749578801951 0.514226337361
112.06/51.53	dermatology 0.207399102784 0.0546389552362 0.508408566103
116.50/53.34	vote 0.0786011118715 0.00987103951046 0.799297129035
121.17/55.08	breast-cancer 0.26102909437 0.0881679638468 -0.0507438937559
125.82/56.80	credit-g 0.519486258271 0.360180031237 -0.433747168283
130.22/58.66	soybean 0.107959643975 0.0167509821553 0.857798051135
134.70/60.54	arrhythmia 0.268362836428 0.0920640830958 0.112800120515
139.20/62.26	nursery 0.224632404688 0.0620975854738 0.731099921503
143.66/67.68	hepatitis 0.434088182255 0.254572795266 -0.173563509216
148.11/69.43	cmc 0.201262953068 0.0491116921711 0.627026457876
152.62/71.10	heart-c 0.256952118138 0.0893599357602 0.76568333954
156.91/72.93	glass 0.362813090832 0.158110417549 0.3306433332
161.38/74.72	braziltourism 0.597454474114 0.443975659747 -0.450230853516
165.73/76.39	iris 0.319179906505 0.134115100125 0.157726243012
170.24/78.07	heart-statlog 0.366137610473 0.176768811463 0.448938015459
174.72/79.74	page-blocks 0.531901851715 0.382190041063 -0.262446125668
179.16/81.51	breast-w 0.215362527984 0.0634319071305 0.598260811097
183.52/83.19	heart-h 0.150936663353 0.0298979493799 0.728514245388
188.04/84.87	yeast 0.349402177437 0.150292105034 0.587594897123
192.54/86.93	tae 0.337755667974 0.14377612323 0.0355530465806
196.95/88.58	haberman 0.276448847858 0.104014807105 0.0423404463823
201.45/90.24	mfeat-pixel 0.36777747514 0.164331596547 0.188431146877
205.82/92.01	optdigits 0.200530572357 0.0505198182195 0.754047797023
210.38/96.81	mfeat-factors 0.270351111764 0.0995300734349 0.601816115755
214.68/98.51	satimage 0.391684822724 0.182261822467 0.0368458846381
219.16/100.28	lymph 0.285927401348 0.115218739327 0.426313349453
223.60/101.96	audiology 0.293949096018 0.114752223789 0.475117986123
228.10/103.63	ecoli 0.432422831596 0.243534956748 0.0601169696726
232.56/105.49	tic-tac-toe 0.183174094769 0.0518315712237 0.763097663425
237.08/107.15	spambase 0.345725520923 0.151066785636 0.79671145292
241.61/108.94	zoo 0.170489388396 0.0375315954 0.69166836075
246.14/111.06	sonar 0.550568011946 0.376498168249 -0.326764819027
250.49/112.72	mfeat-zernike 0.232198430217 0.0745432758989 0.542345565111
255.10/114.38	kr-vs-kp 0.201518829869 0.0508787001794 0.627672876905
255.36/114.68	MAE 0.321694529316 0.127551614743
255.36/114.68	MSE 0.154774591324 0.154774591324
255.36/114.68	Mean tau 0.345862532087 0.38403888568
255.36/114.68	(0.2631578947368421, '1_class_probability_max')
255.36/114.68	(0.8947368421052632, '0_class_probability_max')
255.36/114.68	(3.087719298245614, '0_landmark_decision_tree')
255.36/114.68	(4.2105263157894735, '1_landmark_decision_tree')
255.36/114.68	(4.859649122807017, '1_landmark_random_node_learner')
255.36/114.68	(6.947368421052632, '0_class_entropy')
255.36/114.68	(7.421052631578948, '1_class_entropy')
255.36/114.68	(7.578947368421052, '1_skewness_min')
255.36/114.68	(7.701754385964913, '0_landmark_random_node_learner')
255.36/114.68	(9.701754385964913, '0_landmark_naive_bayes')
255.36/114.68	(9.964912280701755, '0_skewness_min')
255.36/114.68	(10.263157894736842, '1_class_probability_std')
255.36/114.68	(10.385964912280702, '0_class_probability_std')
255.36/114.68	(11.807017543859649, '1_landmark_naive_bayes')
255.36/114.68	(13.298245614035087, '0_landmark_1NN')
255.36/114.68	(16.12280701754386, '1_landmark_1NN')
255.36/114.68	(19.140350877192983, '1_landmark_lda')
255.36/114.68	(19.280701754385966, '1_pca_skewness_first_pc')
255.36/114.68	(20.75438596491228, '0_number_of_features')
255.36/114.68	(21.140350877192983, '0_pca_skewness_first_pc')
255.36/114.68	(21.31578947368421, '0_landmark_lda')
255.36/114.68	(22.07017543859649, '1_log_number_of_features')
255.36/114.68	(22.45614035087719, '0_log_number_of_features')
255.36/114.68	(23.771929824561404, '1_number_of_features')
255.36/114.68	(26.350877192982455, '1_skewness_max')
255.36/114.68	(26.87719298245614, '0_skewness_max')
255.36/114.68	(27.31578947368421, '1_skewness_std')
255.36/114.68	(28.526315789473685, '0_skewness_std')
255.36/114.68	(31.280701754385966, '0_kurtosis_min')
255.36/114.68	(31.42105263157895, '0_symbols_sum')
255.36/114.68	(32.01754385964912, '1_kurtosis_std')
255.36/114.68	(32.29824561403509, '0_number_of_categorical_features')
255.36/114.68	(32.35087719298246, '1_kurtosis_min')
255.36/114.68	(33.578947368421055, '1_symbols_sum')
255.36/114.68	(34.80701754385965, '0_number_of_numeric_features')
255.36/114.68	(35.719298245614034, '1_number_of_numeric_features')
255.36/114.68	(36.70175438596491, '0_kurtosis_std')
255.36/114.68	(38.49122807017544, '1_number_of_categorical_features')
255.36/114.68	(39.05263157894737, '0_landmark_decision_node_learner')
255.36/114.68	(40.24561403508772, '1_landmark_decision_node_learner')
255.36/114.68	(42.68421052631579, '1_kurtosis_max')
255.36/114.68	(43.78947368421053, '0_pca_kurtosis_first_pc')
255.36/114.68	(44.36842105263158, '1_pca_kurtosis_first_pc')
255.36/114.68	(44.421052631578945, '0_ratio_numerical_to_categorical')
255.36/114.68	(45.91228070175438, '1_class_probability_min')
255.36/114.68	(46.1578947368421, '0_kurtosis_max')
255.36/114.68	(46.1578947368421, '1_ratio_numerical_to_categorical')
255.36/114.68	(46.54385964912281, '0_class_probability_min')
255.36/114.68	(47.43859649122807, '0_pca_95%')
255.36/114.68	(49.98245614035088, '1_pca_95%')
255.36/114.68	(54.94736842105263, '0_symbols_mean')
255.36/114.68	(55.526315789473685, '0_skewness_mean')
255.36/114.68	(55.578947368421055, '1_skewness_mean')
255.36/114.68	(55.59649122807018, '1_log_number_of_instances')
255.36/114.68	(55.64912280701754, '1_symbols_mean')
255.36/114.68	(56.36842105263158, '0_log_number_of_instances')
255.36/114.68	(57.8421052631579, '0_number_of_instances')
255.36/114.68	(58.14035087719298, '0_kurtosis_mean')
255.36/114.68	(58.80701754385965, '1_number_of_instances')
255.36/114.68	(60.21052631578947, '0_log_dataset_ratio')
255.36/114.68	(60.89473684210526, '0_dataset_ratio')
255.36/114.68	(60.91228070175438, '1_log_dataset_ratio')
255.36/114.68	(61.03508771929825, '0_log_inverse_dataset_ratio')
255.36/114.68	(62.21052631578947, '0_inverse_dataset_ratio')
255.36/114.68	(62.50877192982456, '1_kurtosis_mean')
255.36/114.68	(62.73684210526316, '1_log_inverse_dataset_ratio')
255.36/114.68	(63.64912280701754, '1_dataset_ratio')
255.36/114.68	(64.10526315789474, '0_symbols_max')
255.36/114.68	(64.10526315789474, '1_inverse_dataset_ratio')
255.36/114.68	(66.94736842105263, '1_symbols_min')
255.36/114.68	(69.64912280701755, '1_symbols_max')
255.36/114.68	(70.15789473684211, '0_percentage_of_features_with_missing_values')
255.36/114.68	(71.01754385964912, '1_percentage_of_features_with_missing_values')
255.36/114.68	(71.2280701754386, '0_symbols_min')
255.36/114.68	(71.33333333333333, '0_number_of_classes')
255.36/114.68	(73.45614035087719, '1_number_of_classes')
255.36/114.68	(74.10526315789474, '0_ratio_categorical_to_numerical')
255.36/114.68	(74.7719298245614, '1_percentage_of_missing_values')
255.36/114.68	(75.12280701754386, '1_class_probability_mean')
255.36/114.68	(75.14035087719299, '0_percentage_of_missing_values')
255.36/114.68	(75.80701754385964, '0_class_probability_mean')
255.36/114.68	(76.7719298245614, '0_symbols_std')
255.36/114.68	(76.98245614035088, '1_ratio_categorical_to_numerical')
255.36/114.68	(77.66666666666667, '1_symbols_std')
255.36/114.68	(83.26315789473684, '1_number_of_features_with_missing_values')
255.36/114.68	(83.43859649122807, '0_number_of_missing_values')
255.36/114.68	(83.43859649122807, '0_percentage_of_Instances_with_missing_values')
255.36/114.68	(84.08771929824562, '0_number_of_Instances_with_missing_values')
255.36/114.68	(84.50877192982456, '1_number_of_Instances_with_missing_values')
255.36/114.68	(85.15789473684211, '1_number_of_missing_values')
255.36/114.68	(86.03508771929825, '1_percentage_of_Instances_with_missing_values')
255.36/114.68	(86.15789473684211, '0_number_of_features_with_missing_values')
255.36/114.68	Result for ParamILS: SAT, 111.529848, 1, 0.321695, -1, /home/feurerm/thesis/Software/pyMetaLearn/optimizers/metalearn_optimizer/learn_distances.py
