0.75/1.01	['/home/feurerm/thesis/Software/pyMetaLearn/optimizers/metalearn_optimizer/learn_distances.py', '--input_file', '/home/feurerm/thesis/experiments/2014_04_25_predict_distances/testfold_0-3_spearman_rank_perm.pkl', '--fold', '0', '--folds', '1', '--params', '-max_features', '0.423687892092', '-min_samples_leaf', '4', '-min_samples_split', '9', '-n_estimators', '87', '-n_jobs', '4', '-seed', '76']
0.75/1.02	Metafeatures (57, 46)
0.75/1.02	X (3192, 92)
0.75/1.02	Y (3192,)
0.75/1.02	Dataset Mae MSE Rho
6.93/2.88	vehicle 0.428736076663 0.234694876687 -0.0113123330029
13.61/5.01	anneal.ORIG 0.591667508427 0.402896420769 -0.0536527793853
20.32/7.14	segment 0.276818237963 0.0982351092929 0.755663844595
27.07/9.36	pendigits 0.391520538055 0.183495150201 0.2766673443
33.74/11.60	mushroom 0.197662767682 0.0478347283187 0.622501524675
40.53/13.85	labor 0.189700985075 0.0517343600946 0.711060931612
47.37/16.10	abalone 0.407507239549 0.210930882188 0.224307402972
54.03/18.35	diabetes 0.494772845984 0.339672784425 -0.087589778394
60.71/20.62	car 0.513473611649 0.372386514506 -0.0510671032703
67.45/22.86	autos 0.204618540881 0.0536920035383 0.660963456885
74.44/25.10	mfeat-fourier 0.675322073027 0.595715604793 -0.502590794844
81.03/27.33	primary-tumor 0.18963931961 0.0441063909113 0.644802981166
87.73/29.57	waveform-5000 0.252395556249 0.0901359505343 0.620239058074
94.43/31.73	credit-a 0.399784336207 0.223976868869 0.339046780573
101.07/33.85	letter 0.298169576007 0.114160143579 0.610542772643
108.05/36.09	postoperative-patient-data 0.44859930983 0.245252962017 -0.46606811972
114.66/38.13	vowel 0.515125164134 0.33230810628 0.0164836852328
121.36/40.29	eucalyptus 0.277312949129 0.102332844215 0.540729517539
127.98/42.52	cylinder-bands 0.259489784587 0.0786012671984 0.630581762534
134.70/44.76	ionosphere 0.443791899139 0.225325575486 -0.15901908107
141.49/47.02	mfeat-karhunen 0.282819998755 0.106909035302 0.518751270562
148.33/49.25	balance-scale 0.20249167254 0.0614506901105 0.663549133
155.07/51.52	mfeat-morphological 0.496798616866 0.333171649264 -0.247578488007
161.77/53.75	liver-disorders 0.191484324344 0.0542074334468 0.519074480077
168.57/55.80	dermatology 0.210744784843 0.0559867389661 0.497419442614
175.18/57.94	vote 0.0685508630873 0.00831912064213 0.797681081463
182.05/60.19	breast-cancer 0.167824199908 0.0396009452063 0.401749426361
188.83/62.41	credit-g 0.517657471972 0.358506513119 -0.482228595439
195.60/64.65	soybean 0.105958909925 0.0160247063848 0.838082270759
202.30/66.92	arrhythmia 0.292187786842 0.11111117741 -0.075307816848
208.97/69.14	nursery 0.231911175876 0.0685161803364 0.688436265606
215.72/73.56	hepatitis 0.343705489734 0.166828780692 0.00904986640233
222.47/75.82	cmc 0.17325206933 0.0380216408518 0.678739980175
229.22/78.05	heart-c 0.256791189634 0.0870698868453 0.765360130026
235.88/80.29	glass 0.314553200862 0.119256157632 0.564000602574
242.68/82.54	braziltourism 0.653331196925 0.521958630875 -0.577252192663
249.38/84.78	iris 0.309220608544 0.128592316825 0.186815099305
256.19/87.01	heart-statlog 0.350737796519 0.16492968842 0.4970962331
263.16/89.25	page-blocks 0.573249644814 0.441638415976 -0.562384555002
269.93/91.49	breast-w 0.235586201902 0.0746846399013 0.569818373833
276.58/93.73	heart-h 0.149771339828 0.0292162694184 0.738210530819
283.35/95.96	yeast 0.353373569226 0.152917107338 0.513256708818
290.12/98.58	tae 0.363193373157 0.167704395179 -0.0756310263624
297.04/100.84	haberman 0.30030875021 0.11513479877 -0.0452493320117
303.97/103.10	mfeat-pixel 0.402495780499 0.197259311357 0.10504309217
310.63/105.34	optdigits 0.212668887085 0.056491992333 0.755987054109
317.48/107.57	mfeat-factors 0.259407596188 0.0887209816417 0.636722743307
324.22/109.81	satimage 0.37956798798 0.172888758604 0.0484814271554
330.83/111.94	lymph 0.283633183165 0.11488544298 0.391729931415
337.58/115.02	audiology 0.285525779762 0.0993741992093 0.478350081266
344.40/117.27	ecoli 0.412412606636 0.213881025998 0.106659139742
351.25/119.50	tic-tac-toe 0.173060922161 0.0447304079983 0.761481615853
358.04/121.74	spambase 0.372680808566 0.176667956662 0.744351511592
364.86/123.98	zoo 0.183223444142 0.0437470998222 0.666458018629
371.63/126.20	sonar 0.564856564336 0.398783785627 -0.375892665211
378.41/128.46	mfeat-zernike 0.218675483481 0.0698955336039 0.63252101962
385.17/130.71	kr-vs-kp 0.224757495231 0.0632927095463 0.590503782752
385.48/130.98	MAE 0.325869808679 0.138739771261
385.48/130.98	MSE 0.161576573126 0.161576573126
385.48/130.98	Mean tau 0.3201078371 0.407450668509
385.48/130.98	(0.5263157894736842, '1_class_probability_max')
385.48/130.98	(0.631578947368421, '0_class_probability_max')
385.48/130.98	(2.526315789473684, '0_skewness_min')
385.48/130.98	(2.5789473684210527, '1_skewness_min')
385.48/130.98	(6.701754385964913, '1_class_entropy')
385.48/130.98	(7.4035087719298245, '0_class_probability_std')
385.48/130.98	(7.508771929824562, '0_landmark_decision_tree')
385.48/130.98	(8.017543859649123, '0_landmark_random_node_learner')
385.48/130.98	(8.421052631578947, '0_class_entropy')
385.48/130.98	(9.070175438596491, '1_landmark_random_node_learner')
385.48/130.98	(9.24561403508772, '1_class_probability_std')
385.48/130.98	(9.403508771929825, '1_landmark_decision_tree')
385.48/130.98	(9.614035087719298, '1_landmark_naive_bayes')
385.48/130.98	(11.368421052631579, '0_landmark_naive_bayes')
385.48/130.98	(18.05263157894737, '1_pca_skewness_first_pc')
385.48/130.98	(21.280701754385966, '1_skewness_std')
385.48/130.98	(21.56140350877193, '1_landmark_lda')
385.48/130.98	(21.859649122807017, '0_pca_skewness_first_pc')
385.48/130.98	(22.894736842105264, '0_landmark_1NN')
385.48/130.98	(23.333333333333332, '1_landmark_1NN')
385.48/130.98	(23.666666666666668, '0_log_number_of_features')
385.48/130.98	(23.859649122807017, '1_log_number_of_features')
385.48/130.98	(23.964912280701753, '1_skewness_max')
385.48/130.98	(24.24561403508772, '0_number_of_features')
385.48/130.98	(24.614035087719298, '1_number_of_features')
385.48/130.98	(25.42105263157895, '0_skewness_max')
385.48/130.98	(26.859649122807017, '0_landmark_lda')
385.48/130.98	(26.912280701754387, '0_kurtosis_std')
385.48/130.98	(27.05263157894737, '1_kurtosis_min')
385.48/130.98	(27.17543859649123, '1_kurtosis_std')
385.48/130.98	(27.736842105263158, '0_kurtosis_min')
385.48/130.98	(29.87719298245614, '0_skewness_std')
385.48/130.98	(30.964912280701753, '1_symbols_sum')
385.48/130.98	(34.333333333333336, '0_symbols_sum')
385.48/130.98	(34.98245614035088, '0_number_of_numeric_features')
385.48/130.98	(35.63157894736842, '1_number_of_numeric_features')
385.48/130.98	(36.75438596491228, '0_number_of_categorical_features')
385.48/130.98	(40.14035087719298, '0_class_probability_min')
385.48/130.98	(40.26315789473684, '1_number_of_categorical_features')
385.48/130.98	(41.333333333333336, '1_kurtosis_max')
385.48/130.98	(41.50877192982456, '0_kurtosis_max')
385.48/130.98	(41.75438596491228, '1_landmark_decision_node_learner')
385.48/130.98	(42.64912280701754, '1_class_probability_min')
385.48/130.98	(44.0, '0_landmark_decision_node_learner')
385.48/130.98	(45.07017543859649, '1_pca_kurtosis_first_pc')
385.48/130.98	(45.85964912280702, '1_log_number_of_instances')
385.48/130.98	(46.56140350877193, '0_log_number_of_instances')
385.48/130.98	(47.35087719298246, '0_pca_kurtosis_first_pc')
385.48/130.98	(47.3859649122807, '0_number_of_instances')
385.48/130.98	(48.8421052631579, '1_number_of_instances')
385.48/130.98	(50.24561403508772, '0_pca_95%')
385.48/130.98	(51.40350877192982, '1_ratio_numerical_to_categorical')
385.48/130.98	(51.98245614035088, '1_pca_95%')
385.48/130.98	(52.80701754385965, '0_skewness_mean')
385.48/130.98	(53.1578947368421, '0_symbols_mean')
385.48/130.98	(55.1578947368421, '1_skewness_mean')
385.48/130.98	(57.03508771929825, '0_dataset_ratio')
385.48/130.98	(57.526315789473685, '0_ratio_numerical_to_categorical')
385.48/130.98	(57.68421052631579, '1_symbols_mean')
385.48/130.98	(57.771929824561404, '0_log_dataset_ratio')
385.48/130.98	(58.49122807017544, '1_dataset_ratio')
385.48/130.98	(58.578947368421055, '0_inverse_dataset_ratio')
385.48/130.98	(58.824561403508774, '1_log_inverse_dataset_ratio')
385.48/130.98	(60.1578947368421, '0_log_inverse_dataset_ratio')
385.48/130.98	(60.6140350877193, '1_inverse_dataset_ratio')
385.48/130.98	(60.98245614035088, '1_log_dataset_ratio')
385.48/130.98	(63.35087719298246, '1_symbols_min')
385.48/130.98	(63.36842105263158, '1_kurtosis_mean')
385.48/130.98	(63.59649122807018, '0_symbols_min')
385.48/130.98	(64.6842105263158, '0_kurtosis_mean')
385.48/130.98	(71.2280701754386, '0_symbols_max')
385.48/130.98	(73.80701754385964, '1_percentage_of_features_with_missing_values')
385.48/130.98	(73.87719298245614, '1_symbols_max')
385.48/130.98	(74.52631578947368, '0_ratio_categorical_to_numerical')
385.48/130.98	(75.03508771929825, '0_percentage_of_features_with_missing_values')
385.48/130.98	(75.85964912280701, '1_ratio_categorical_to_numerical')
385.48/130.98	(76.91228070175438, '1_class_probability_mean')
385.48/130.98	(77.54385964912281, '0_class_probability_mean')
385.48/130.98	(77.6842105263158, '0_percentage_of_missing_values')
385.48/130.98	(77.73684210526316, '0_number_of_classes')
385.48/130.98	(78.29824561403508, '0_symbols_std')
385.48/130.98	(78.35087719298245, '1_number_of_classes')
385.48/130.98	(79.66666666666667, '1_symbols_std')
385.48/130.98	(80.01754385964912, '1_percentage_of_missing_values')
385.48/130.98	(83.28070175438596, '1_number_of_Instances_with_missing_values')
385.48/130.98	(83.96491228070175, '1_percentage_of_Instances_with_missing_values')
385.48/130.98	(84.66666666666667, '0_number_of_Instances_with_missing_values')
385.48/130.98	(84.80701754385964, '0_percentage_of_Instances_with_missing_values')
385.48/130.98	(84.94736842105263, '0_number_of_missing_values')
385.48/130.98	(85.17543859649123, '0_number_of_features_with_missing_values')
385.48/130.98	(85.59649122807018, '1_number_of_features_with_missing_values')
385.48/130.98	(86.82456140350877, '1_number_of_missing_values')
385.48/130.98	Result for ParamILS: SAT, 129.966849, 1, 0.325870, -1, /home/feurerm/thesis/Software/pyMetaLearn/optimizers/metalearn_optimizer/learn_distances.py
