0.67/0.86	['/home/feurerm/thesis/Software/pyMetaLearn/optimizers/metalearn_optimizer/learn_distances.py', '--input_file', '/home/feurerm/thesis/experiments/2014_04_25_predict_distances/testfold_0-3_spearman_rank_perm.pkl', '--fold', '0', '--folds', '1', '--params', '-max_features', '0.152307014524', '-min_samples_leaf', '9', '-min_samples_split', '1', '-n_estimators', '96', '-n_jobs', '4', '-seed', '56']
0.67/0.88	Metafeatures (57, 46)
0.67/0.88	X (3192, 92)
0.67/0.88	Y (3192,)
0.67/0.88	Dataset Mae MSE Rho
3.18/1.84	vehicle 0.377400183366 0.179609803595 0.246932068978
6.02/3.08	anneal.ORIG 0.427951608426 0.226080671389 0.449584434487
8.86/4.29	segment 0.300702381151 0.11371482345 0.646095819224
11.81/5.56	pendigits 0.407827524746 0.197317978396 0.25081058315
14.67/6.81	mushroom 0.229781176484 0.0627636267659 0.572080840433
17.48/8.04	labor 0.233466640071 0.0713742667098 0.774409996428
20.29/9.26	abalone 0.418631183193 0.220857998877 0.142212186322
23.28/10.50	diabetes 0.469812782307 0.305618357306 -0.0572080840433
25.97/11.73	car 0.403871317846 0.24366247244 0.334845056886
28.82/12.97	autos 0.247838797525 0.0796881658036 0.528447555993
31.66/14.19	mfeat-fourier 0.602041181167 0.472350299534 -0.457018253318
34.54/15.42	primary-tumor 0.224870276077 0.0602908496377 0.582100335379
37.30/16.64	waveform-5000 0.284415198007 0.10888096904 0.413061759364
40.15/17.88	credit-a 0.386450150616 0.20215686691 0.278606601386
43.02/19.12	letter 0.264366014563 0.0980458188378 0.643510143109
45.98/20.36	postoperative-patient-data 0.433029573668 0.23904683487 -0.447968386916
48.82/21.59	vowel 0.516537816191 0.333586500719 -0.027149599207
51.72/22.84	eucalyptus 0.325152848092 0.14023605462 0.35359120872
54.58/24.09	cylinder-bands 0.304612437616 0.111933549782 0.459280719918
57.48/25.33	ionosphere 0.415919363377 0.201900613857 -0.0051713522299
60.24/26.57	mfeat-karhunen 0.285941747037 0.105994106784 0.542668774626
63.10/27.81	balance-scale 0.206453248493 0.0604348072059 0.626703248362
65.94/29.05	mfeat-morphological 0.454763375604 0.275907600697 -0.13833367215
68.90/30.30	liver-disorders 0.261427060837 0.0936929251837 0.412738549849
71.62/31.45	dermatology 0.198175308594 0.0505885092875 0.545900869769
74.47/32.66	vote 0.0877573166457 0.0121594837576 0.818366490382
77.26/33.89	breast-cancer 0.292271658773 0.115054807672 -0.485783900097
80.28/35.11	credit-g 0.49054004774 0.320838414409 -0.479319709809
83.13/36.34	soybean 0.121444733401 0.0211697530899 0.868787174624
85.86/37.56	arrhythmia 0.264553735271 0.0918700399519 0.161927966699
88.82/38.80	nursery 0.279700147287 0.0990220059695 0.574666516548
92.60/40.03	hepatitis 0.481645380867 0.315589157821 -0.321593466797
95.45/41.27	cmc 0.214660587815 0.0558239055092 0.64803507631
98.29/42.50	heart-c 0.307604805674 0.122757004436 0.639308419422
101.09/43.73	glass 0.375584976988 0.168866458901 0.298322381763
103.87/44.97	braziltourism 0.609053243375 0.451018261724 -0.594382296925
106.72/46.18	iris 0.319521056054 0.136632234361 0.142535395837
109.45/47.32	heart-statlog 0.367774475717 0.179441946566 0.413061759364
112.31/48.55	page-blocks 0.437436516557 0.257824710199 0.183259794647
115.17/49.78	breast-w 0.23729354953 0.0744818529785 0.508731775617
118.02/51.01	heart-h 0.200306127418 0.0514319392927 0.655792104655
120.89/52.26	yeast 0.391707403172 0.189302235022 0.32256309534
123.78/53.40	tae 0.324121723607 0.134364514859 0.0513903127847
126.69/54.65	haberman 0.283486744167 0.105901686582 0.00226246660058
129.52/55.88	mfeat-pixel 0.368934019218 0.16494334399 0.160958338156
132.47/57.14	optdigits 0.271508543795 0.0899305644103 0.628319295933
135.28/58.38	mfeat-factors 0.28642269296 0.108534147888 0.574020097519
138.07/59.62	satimage 0.342347416798 0.142856824607 0.132192691377
140.90/60.85	lymph 0.273120104241 0.101892055251 0.602462534784
143.74/62.09	audiology 0.300847633123 0.117304267466 0.483198223982
146.62/63.35	ecoli 0.432790367365 0.238330843089 0.0132515900891
149.50/64.58	tic-tac-toe 0.222079749745 0.0724920832155 0.701041436666
152.39/65.82	spambase 0.337100203501 0.145783011481 0.761481615853
155.29/67.06	zoo 0.176567306187 0.045060873784 0.691345151235
158.09/68.32	sonar 0.521365994223 0.340040984892 -0.319977419225
160.98/69.55	mfeat-zernike 0.260920018264 0.0926483604275 0.465744910206
163.85/70.78	kr-vs-kp 0.231835027928 0.0662998947334 0.565616650146
164.19/71.06	MAE 0.329714780745 0.109705582854
164.19/71.06	MSE 0.155884248071 0.155884248071
164.19/71.06	Mean tau 0.307689787337 0.370042692887
164.19/71.06	(0.19298245614035087, '0_class_probability_max')
164.19/71.06	(3.1052631578947367, '1_class_probability_max')
164.19/71.06	(3.456140350877193, '1_landmark_random_node_learner')
164.19/71.06	(3.56140350877193, '0_class_probability_std')
164.19/71.06	(3.8596491228070176, '0_landmark_decision_tree')
164.19/71.06	(5.035087719298246, '1_landmark_decision_tree')
164.19/71.06	(7.491228070175438, '1_class_probability_std')
164.19/71.06	(7.719298245614035, '0_landmark_naive_bayes')
164.19/71.06	(8.350877192982455, '1_landmark_1NN')
164.19/71.06	(8.421052631578947, '0_landmark_random_node_learner')
164.19/71.06	(8.789473684210526, '1_class_entropy')
164.19/71.06	(12.649122807017545, '1_landmark_naive_bayes')
164.19/71.06	(12.649122807017545, '1_skewness_min')
164.19/71.06	(13.263157894736842, '0_landmark_1NN')
164.19/71.06	(13.666666666666666, '0_skewness_min')
164.19/71.06	(14.473684210526315, '0_class_entropy')
164.19/71.06	(15.596491228070175, '1_landmark_lda')
164.19/71.06	(15.771929824561404, '0_landmark_lda')
164.19/71.06	(18.228070175438596, '1_pca_skewness_first_pc')
164.19/71.06	(22.385964912280702, '1_number_of_features')
164.19/71.06	(22.403508771929825, '0_pca_skewness_first_pc')
164.19/71.06	(22.87719298245614, '0_log_number_of_features')
164.19/71.06	(27.157894736842106, '1_symbols_sum')
164.19/71.06	(27.94736842105263, '1_log_number_of_features')
164.19/71.06	(28.210526315789473, '0_skewness_std')
164.19/71.06	(28.666666666666668, '1_number_of_categorical_features')
164.19/71.06	(28.771929824561404, '0_number_of_features')
164.19/71.06	(30.05263157894737, '1_ratio_numerical_to_categorical')
164.19/71.06	(30.17543859649123, '0_ratio_numerical_to_categorical')
164.19/71.06	(31.736842105263158, '1_kurtosis_min')
164.19/71.06	(31.75438596491228, '0_symbols_sum')
164.19/71.06	(32.56140350877193, '1_pca_95%')
164.19/71.06	(34.771929824561404, '0_number_of_numeric_features')
164.19/71.06	(35.08771929824562, '1_skewness_max')
164.19/71.06	(35.43859649122807, '0_kurtosis_std')
164.19/71.06	(36.12280701754386, '0_landmark_decision_node_learner')
164.19/71.06	(37.35087719298246, '0_kurtosis_min')
164.19/71.06	(38.333333333333336, '1_kurtosis_std')
164.19/71.06	(38.54385964912281, '0_number_of_categorical_features')
164.19/71.06	(38.78947368421053, '0_skewness_max')
164.19/71.06	(39.526315789473685, '1_number_of_numeric_features')
164.19/71.06	(39.59649122807018, '1_pca_kurtosis_first_pc')
164.19/71.06	(43.824561403508774, '1_landmark_decision_node_learner')
164.19/71.06	(44.421052631578945, '1_skewness_std')
164.19/71.06	(45.01754385964912, '0_kurtosis_max')
164.19/71.06	(46.824561403508774, '1_kurtosis_max')
164.19/71.06	(46.94736842105263, '0_pca_95%')
164.19/71.06	(47.68421052631579, '0_pca_kurtosis_first_pc')
164.19/71.06	(50.473684210526315, '1_class_probability_min')
164.19/71.06	(52.526315789473685, '0_symbols_mean')
164.19/71.06	(52.54385964912281, '0_class_probability_min')
164.19/71.06	(56.45614035087719, '1_symbols_mean')
164.19/71.06	(56.75438596491228, '0_skewness_mean')
164.19/71.06	(57.421052631578945, '0_symbols_max')
164.19/71.06	(57.68421052631579, '1_symbols_max')
164.19/71.06	(58.21052631578947, '1_number_of_instances')
164.19/71.06	(58.21052631578947, '1_skewness_mean')
164.19/71.06	(58.68421052631579, '1_kurtosis_mean')
164.19/71.06	(59.824561403508774, '1_log_number_of_instances')
164.19/71.06	(60.98245614035088, '1_log_inverse_dataset_ratio')
164.19/71.06	(61.78947368421053, '0_kurtosis_mean')
164.19/71.06	(61.96491228070175, '1_inverse_dataset_ratio')
164.19/71.06	(62.26315789473684, '0_log_number_of_instances')
164.19/71.06	(62.3859649122807, '0_number_of_instances')
164.19/71.06	(62.63157894736842, '0_log_inverse_dataset_ratio')
164.19/71.06	(62.63157894736842, '0_ratio_categorical_to_numerical')
164.19/71.06	(64.40350877192982, '1_dataset_ratio')
164.19/71.06	(65.03508771929825, '0_inverse_dataset_ratio')
164.19/71.06	(66.35087719298245, '0_dataset_ratio')
164.19/71.06	(67.87719298245614, '0_log_dataset_ratio')
164.19/71.06	(68.21052631578948, '1_ratio_categorical_to_numerical')
164.19/71.06	(69.17543859649123, '1_log_dataset_ratio')
164.19/71.06	(69.70175438596492, '1_percentage_of_features_with_missing_values')
164.19/71.06	(70.26315789473684, '0_symbols_min')
164.19/71.06	(70.7719298245614, '0_number_of_classes')
164.19/71.06	(70.7719298245614, '0_percentage_of_features_with_missing_values')
164.19/71.06	(70.98245614035088, '0_class_probability_mean')
164.19/71.06	(72.15789473684211, '1_number_of_classes')
164.19/71.06	(72.28070175438596, '1_class_probability_mean')
164.19/71.06	(73.59649122807018, '1_symbols_min')
164.19/71.06	(73.82456140350877, '1_symbols_std')
164.19/71.06	(74.71929824561404, '0_symbols_std')
164.19/71.06	(77.0, '1_percentage_of_missing_values')
164.19/71.06	(77.05263157894737, '0_percentage_of_missing_values')
164.19/71.06	(80.19298245614036, '1_number_of_Instances_with_missing_values')
164.19/71.06	(81.59649122807018, '1_percentage_of_Instances_with_missing_values')
164.19/71.06	(83.43859649122807, '1_number_of_missing_values')
164.19/71.06	(83.56140350877193, '0_number_of_features_with_missing_values')
164.19/71.06	(84.6842105263158, '0_number_of_Instances_with_missing_values')
164.19/71.06	(84.96491228070175, '0_number_of_missing_values')
164.19/71.06	(84.98245614035088, '1_number_of_features_with_missing_values')
164.19/71.06	(85.70175438596492, '0_percentage_of_Instances_with_missing_values')
164.19/71.06	Result for ParamILS: SAT, 70.192943, 1, 0.329715, -1, /home/feurerm/thesis/Software/pyMetaLearn/optimizers/metalearn_optimizer/learn_distances.py
