0.74/7.27	['/home/feurerm/thesis/Software/pyMetaLearn/optimizers/metalearn_optimizer/learn_distances.py', '--input_file', '/home/feurerm/thesis/experiments/2014_04_25_predict_distances/testfold_0-3_spearman_rank_perm.pkl', '--fold', '0', '--folds', '1', '--params', '-max_features', '0.986536176528', '-min_samples_leaf', '2', '-min_samples_split', '10', '-n_estimators', '55', '-n_jobs', '4', '-seed', '68']
0.74/7.28	Metafeatures (57, 46)
0.74/7.28	X (3192, 92)
0.74/7.28	Y (3192,)
0.74/7.28	Dataset Mae MSE Rho
9.62/13.69	vehicle 0.493529054413 0.307340495376 -0.187461518334
19.12/20.91	anneal.ORIG 0.845708992639 0.801101839968 -0.266001430326
28.44/23.86	segment 0.283561343018 0.1053544562 0.713969817241
37.66/28.58	pendigits 0.394453382528 0.194977156651 0.253396259265
46.86/31.21	mushroom 0.23964238474 0.0705720212582 0.529740394051
56.05/38.97	labor 0.208762656501 0.0611448478006 0.447645177401
65.30/45.88	abalone 0.374491799725 0.180432886108 0.359408979978
74.34/48.51	diabetes 0.490677751229 0.350226885732 -0.355530465806
83.56/52.38	car 0.666331535151 0.557033524394 -0.104073463627
92.86/59.32	autos 0.175148453217 0.0408327576545 0.618299800988
102.22/66.58	mfeat-fourier 0.689525669746 0.610156081608 -0.511317451732
111.44/69.60	primary-tumor 0.168952468316 0.0364583538256 0.69910217958
120.79/72.41	waveform-5000 0.212159177053 0.0648318201947 0.698778970066
130.15/75.15	credit-a 0.458813046722 0.292840154954 0.152878100297
139.42/80.22	letter 0.312209911092 0.119886277047 0.457664672347
148.93/83.51	postoperative-patient-data 0.471038256109 0.279678085451 -0.239498250147
158.21/86.26	vowel 0.451130937498 0.247129068118 0.263092544696
167.63/89.00	eucalyptus 0.231071090782 0.0724320621009 0.649327914367
176.99/91.95	cylinder-bands 0.266197029907 0.086223160893 0.559798878887
186.33/95.04	ionosphere 0.42493369673 0.213061701327 -0.110537653914
195.67/101.95	mfeat-karhunen 0.257197308383 0.0895339138277 0.606987467985
204.90/104.76	balance-scale 0.257833243014 0.101069845511 0.309634714766
214.09/107.39	mfeat-morphological 0.515354834673 0.364912986072 -0.273435249156
223.46/110.40	liver-disorders 0.139229380192 0.0276390159676 0.543315193654
232.66/113.21	dermatology 0.234656987704 0.0693854157598 0.440857777599
241.85/115.84	vote 0.0729626282787 0.00898136701143 0.772470739342
251.14/118.53	breast-cancer 0.103911710227 0.0168862498385 0.549456174427
260.53/124.28	credit-g 0.587453190692 0.469183171544 -0.519397689591
269.74/126.95	soybean 0.104606761253 0.0162775690264 0.822891423584
279.07/131.71	arrhythmia 0.341323577696 0.142865551293 -0.311250762337
288.29/134.34	nursery 0.226758520769 0.0670149158703 0.677123932603
297.59/140.29	hepatitis 0.299965059363 0.120616804943 0.0277960182357
306.89/143.04	cmc 0.161441511113 0.0356033700361 0.646095819224
316.10/150.02	heart-c 0.211226396214 0.0608722254946 0.80931662398
325.33/152.65	glass 0.27121768269 0.0959626479772 0.629935343505
335.06/156.29	braziltourism 0.710189988038 0.607103926586 -0.523276203763
344.40/159.02	iris 0.294097248115 0.116790054443 0.224630612486
353.80/161.80	heart-statlog 0.29013837444 0.111558127527 0.616683753416
363.21/164.55	page-blocks 0.59841409589 0.478704563191 -0.558829250344
372.49/169.70	breast-w 0.258188104328 0.091283980355 0.380740807927
381.76/172.91	heart-h 0.132762434969 0.0238136408991 0.769885063227
391.08/178.61	yeast 0.318857008833 0.128184424705 0.571757630919
400.35/182.41	tae 0.394537583203 0.191743284437 0.0252103421208
409.73/185.73	haberman 0.310614986966 0.135504947709 -0.0426636558967
419.02/188.48	mfeat-pixel 0.416530032178 0.214383158831 0.0820952166497
428.43/194.82	optdigits 0.2445909015 0.0754112970048 0.687789846577
437.86/197.74	mfeat-factors 0.271994128138 0.0964124813653 0.663549133
447.28/204.22	satimage 0.370579425311 0.167850109317 0.0930843401383
456.52/210.37	lymph 0.246660885869 0.0892458656332 0.352621580177
465.65/213.00	audiology 0.2647054513 0.0832150774346 0.508408566103
475.02/216.69	ecoli 0.401054217824 0.207786640142 0.18196695659
484.32/219.49	tic-tac-toe 0.155363517079 0.0331595607755 0.743705092563
493.86/224.36	spambase 0.354137948744 0.162247614382 0.675184675517
503.01/229.13	zoo 0.203361474381 0.0557781048338 0.555920364715
512.25/236.29	sonar 0.558476155921 0.39358600846 -0.388497836272
521.58/242.39	mfeat-zernike 0.209228891678 0.0616895272548 0.629612133991
530.84/245.02	kr-vs-kp 0.230477709773 0.0655089618736 0.588564525666
531.00/245.19	MAE 0.331200666559 0.164393806464
531.00/245.19	MSE 0.174903158667 0.174903158667
531.00/245.19	Mean tau 0.301730257519 0.408361461316
531.00/245.19	(0.42105263157894735, '0_class_probability_max')
531.00/245.19	(0.7543859649122807, '1_class_probability_max')
531.00/245.19	(2.3684210526315788, '0_skewness_min')
531.00/245.19	(2.6315789473684212, '1_skewness_min')
531.00/245.19	(5.2105263157894735, '1_landmark_naive_bayes')
531.00/245.19	(5.245614035087719, '0_landmark_naive_bayes')
531.00/245.19	(9.43859649122807, '1_pca_skewness_first_pc')
531.00/245.19	(9.56140350877193, '1_landmark_lda')
531.00/245.19	(9.807017543859649, '0_landmark_lda')
531.00/245.19	(10.280701754385966, '0_pca_skewness_first_pc')
531.00/245.19	(15.0, '1_landmark_decision_tree')
531.00/245.19	(15.140350877192983, '0_class_probability_std')
531.00/245.19	(15.578947368421053, '1_class_entropy')
531.00/245.19	(15.842105263157896, '0_landmark_decision_tree')
531.00/245.19	(19.280701754385966, '1_kurtosis_min')
531.00/245.19	(19.526315789473685, '1_class_probability_std')
531.00/245.19	(20.24561403508772, '0_kurtosis_min')
531.00/245.19	(21.157894736842106, '1_class_probability_min')
531.00/245.19	(21.350877192982455, '0_landmark_1NN')
531.00/245.19	(21.43859649122807, '0_class_probability_min')
531.00/245.19	(21.666666666666668, '1_landmark_1NN')
531.00/245.19	(25.80701754385965, '1_kurtosis_max')
531.00/245.19	(25.859649122807017, '1_skewness_mean')
531.00/245.19	(26.105263157894736, '0_kurtosis_max')
531.00/245.19	(27.771929824561404, '1_skewness_max')
531.00/245.19	(27.842105263157894, '0_skewness_max')
531.00/245.19	(28.842105263157894, '0_number_of_numeric_features')
531.00/245.19	(29.526315789473685, '1_number_of_numeric_features')
531.00/245.19	(30.157894736842106, '0_log_number_of_instances')
531.00/245.19	(31.17543859649123, '0_skewness_mean')
531.00/245.19	(31.31578947368421, '1_log_number_of_instances')
531.00/245.19	(32.1578947368421, '0_number_of_instances')
531.00/245.19	(32.719298245614034, '1_number_of_instances')
531.00/245.19	(33.91228070175438, '0_class_entropy')
531.00/245.19	(35.36842105263158, '0_number_of_features')
531.00/245.19	(36.43859649122807, '0_symbols_mean')
531.00/245.19	(36.45614035087719, '1_number_of_features')
531.00/245.19	(37.80701754385965, '1_symbols_mean')
531.00/245.19	(38.771929824561404, '1_pca_kurtosis_first_pc')
531.00/245.19	(39.01754385964912, '1_landmark_decision_node_learner')
531.00/245.19	(39.07017543859649, '0_landmark_decision_node_learner')
531.00/245.19	(39.89473684210526, '1_log_number_of_features')
531.00/245.19	(42.36842105263158, '0_log_number_of_features')
531.00/245.19	(42.64912280701754, '0_pca_kurtosis_first_pc')
531.00/245.19	(44.29824561403509, '1_symbols_min')
531.00/245.19	(44.771929824561404, '0_symbols_min')
531.00/245.19	(46.89473684210526, '0_pca_95%')
531.00/245.19	(47.3859649122807, '0_landmark_random_node_learner')
531.00/245.19	(47.59649122807018, '1_pca_95%')
531.00/245.19	(48.14035087719298, '1_skewness_std')
531.00/245.19	(48.96491228070175, '1_landmark_random_node_learner')
531.00/245.19	(49.24561403508772, '1_log_dataset_ratio')
531.00/245.19	(50.03508771929825, '0_skewness_std')
531.00/245.19	(50.21052631578947, '0_log_dataset_ratio')
531.00/245.19	(50.26315789473684, '0_inverse_dataset_ratio')
531.00/245.19	(50.73684210526316, '0_dataset_ratio')
531.00/245.19	(50.75438596491228, '1_inverse_dataset_ratio')
531.00/245.19	(51.08771929824562, '1_dataset_ratio')
531.00/245.19	(52.40350877192982, '0_log_inverse_dataset_ratio')
531.00/245.19	(53.63157894736842, '1_kurtosis_std')
531.00/245.19	(54.07017543859649, '0_kurtosis_std')
531.00/245.19	(54.473684210526315, '1_log_inverse_dataset_ratio')
531.00/245.19	(54.6140350877193, '0_ratio_numerical_to_categorical')
531.00/245.19	(56.35087719298246, '1_ratio_numerical_to_categorical')
531.00/245.19	(63.63157894736842, '1_symbols_sum')
531.00/245.19	(64.26315789473684, '0_kurtosis_mean')
531.00/245.19	(65.3157894736842, '0_symbols_sum')
531.00/245.19	(65.3859649122807, '1_kurtosis_mean')
531.00/245.19	(65.84210526315789, '1_number_of_categorical_features')
531.00/245.19	(69.29824561403508, '0_number_of_categorical_features')
531.00/245.19	(72.42105263157895, '1_ratio_categorical_to_numerical')
531.00/245.19	(72.84210526315789, '1_number_of_classes')
531.00/245.19	(73.28070175438596, '0_ratio_categorical_to_numerical')
531.00/245.19	(73.45614035087719, '0_class_probability_mean')
531.00/245.19	(73.63157894736842, '1_class_probability_mean')
531.00/245.19	(73.71929824561404, '0_number_of_classes')
531.00/245.19	(75.45614035087719, '1_symbols_max')
531.00/245.19	(77.0701754385965, '0_symbols_max')
531.00/245.19	(77.63157894736842, '1_symbols_std')
531.00/245.19	(77.94736842105263, '0_symbols_std')
531.00/245.19	(80.64912280701755, '1_number_of_Instances_with_missing_values')
531.00/245.19	(80.9298245614035, '0_number_of_Instances_with_missing_values')
531.00/245.19	(81.24561403508773, '0_percentage_of_features_with_missing_values')
531.00/245.19	(81.43859649122807, '1_percentage_of_features_with_missing_values')
531.00/245.19	(81.84210526315789, '1_percentage_of_Instances_with_missing_values')
531.00/245.19	(82.71929824561404, '0_percentage_of_Instances_with_missing_values')
531.00/245.19	(83.85964912280701, '1_number_of_missing_values')
531.00/245.19	(85.40350877192982, '0_number_of_missing_values')
531.00/245.19	(85.52631578947368, '1_percentage_of_missing_values')
531.00/245.19	(86.91228070175438, '0_percentage_of_missing_values')
531.00/245.19	(87.28070175438596, '0_number_of_features_with_missing_values')
531.00/245.19	(88.08771929824562, '1_number_of_features_with_missing_values')
531.00/245.19	Result for ParamILS: SAT, 237.926770, 1, 0.331201, -1, /home/feurerm/thesis/Software/pyMetaLearn/optimizers/metalearn_optimizer/learn_distances.py
