0.76/1.01	['/home/feurerm/thesis/Software/pyMetaLearn/optimizers/metalearn_optimizer/learn_distances.py', '--input_file', '/home/feurerm/thesis/experiments/2014_04_25_predict_distances/testfold_0-3_spearman_rank_perm.pkl', '--fold', '0', '--folds', '1', '--params', '-max_features', '0.990606798893', '-min_samples_leaf', '3', '-min_samples_split', '6', '-n_estimators', '5', '-n_jobs', '4', '-seed', '8']
0.76/1.02	Metafeatures (57, 46)
0.76/1.02	X (3192, 92)
0.76/1.02	Y (3192,)
0.76/1.02	Dataset Mae MSE Rho
1.68/1.57	vehicle 0.519883010772 0.368776240779 -0.282485115559
2.69/2.14	anneal.ORIG 0.856966770522 0.855583840844 -0.240183311814
3.67/2.71	segment 0.228119066037 0.0764725965886 0.711926223324
4.65/3.28	pendigits 0.402223628183 0.227516186099 0.261841833875
5.62/3.84	mushroom 0.286091371807 0.116219909273 0.373367059414
6.60/4.42	labor 0.168850890407 0.0452657756949 0.590389669422
7.60/4.99	abalone 0.36334464578 0.180374303793 0.367680399106
8.60/9.58	diabetes 0.554727933089 0.410274753243 -0.298645591277
9.58/10.15	car 0.664056909107 0.601758966253 -0.0956700162532
10.56/10.73	autos 0.183810230942 0.0506791766817 0.560975237493
11.52/11.29	mfeat-fourier 0.648228039217 0.545624469754 -0.387913827963
12.51/11.86	primary-tumor 0.17879049944 0.0438168716691 0.613662626552
13.50/12.43	waveform-5000 0.214980622039 0.075897804318 0.527035508345
14.54/13.00	credit-a 0.4764157441 0.323058483574 0.073871202247
15.49/13.57	letter 0.372048223125 0.188113043107 0.390692988689
16.49/14.13	postoperative-patient-data 0.50908190003 0.351051344525 -0.214501280923
17.52/14.70	vowel 0.500445184971 0.332275704954 0.0714407966498
18.51/15.26	eucalyptus 0.268325891312 0.106072720956 0.474994590318
19.50/15.83	cylinder-bands 0.298156681741 0.117346318597 0.445777640634
20.52/16.40	ionosphere 0.475917579346 0.293804125071 -0.168419253641
21.45/16.97	mfeat-karhunen 0.279985559539 0.113660287455 0.49212607265
22.43/17.54	balance-scale 0.352515659145 0.170254953913 0.017132860735
23.44/18.11	mfeat-morphological 0.512668974009 0.387095228356 -0.202684975111
24.40/18.68	liver-disorders 0.163614253293 0.0400701180082 0.525096095251
25.40/19.25	dermatology 0.216592641632 0.0648727752964 0.464850070509
26.39/19.83	vote 0.102071353888 0.0169554854171 0.722696474129
27.38/20.39	breast-cancer 0.131434899577 0.0282305100602 0.435180048194
28.38/20.98	credit-g 0.615741182786 0.542400658305 -0.333740669958
29.36/21.55	soybean 0.145831373786 0.0291732105601 0.639308419422
30.35/22.13	arrhythmia 0.390323836714 0.191183640863 -0.338723571059
31.33/22.69	nursery 0.220475540767 0.0704372268856 0.678849198935
32.32/23.26	hepatitis 0.284149745712 0.11185178789 0.215436471212
33.29/23.83	cmc 0.156547788205 0.0403665422581 0.592443039838
34.28/24.40	heart-c 0.20023337504 0.0656334904494 0.700612980275
35.27/24.97	glass 0.268716236803 0.101221590791 0.579169622869
36.30/25.54	braziltourism 0.689797707908 0.605873083932 -0.343114499913
37.28/26.11	iris 0.303988838266 0.139030471015 0.203978021204
38.26/26.68	heart-statlog 0.273593555449 0.1175439951 0.484045184757
39.25/27.24	page-blocks 0.634686763866 0.539678262126 -0.575405511478
40.24/27.81	breast-w 0.25893987314 0.0938742946854 0.363610703665
41.21/28.38	heart-h 0.145640457108 0.0364072404287 0.652450888436
42.20/28.95	yeast 0.319347962029 0.140836598675 0.447842806999
43.19/29.52	tae 0.358335738538 0.180760196343 -0.119112287535
44.22/30.09	haberman 0.290431918319 0.115882914926 0.0622228367718
45.21/30.65	mfeat-pixel 0.452134543081 0.256286626884 0.051241074644
46.17/31.22	optdigits 0.232722931627 0.0841651947251 0.577137013278
47.16/31.97	mfeat-factors 0.272303824495 0.103476274029 0.536937390205
48.14/32.54	satimage 0.394268348497 0.192804319613 0.0987643426103
49.11/33.11	lymph 0.255156739827 0.10028405431 0.305295944576
50.09/33.68	audiology 0.238968850005 0.0772068608544 0.525384530695
51.09/34.25	ecoli 0.398474256879 0.208291469391 0.20627404959
52.09/34.82	tic-tac-toe 0.157849492477 0.0399785139596 0.689946208257
53.12/35.39	spambase 0.323957954569 0.129225954689 0.637787329044
54.11/35.97	zoo 0.2528262452 0.0908806149936 0.355777934673
55.11/36.53	sonar 0.47173353064 0.288383899366 0.0708056690598
56.11/37.10	mfeat-zernike 0.272027611773 0.107454515825 0.424697301881
57.08/37.66	kr-vs-kp 0.260744160283 0.0971194890717 0.404594352788
57.08/37.68	MAE 0.341566641173 0.163097099605
57.08/37.68	MSE 0.193488333109 0.193488333109
57.08/37.68	Mean tau 0.263592119311 0.349613303546
57.08/37.68	(0.7017543859649122, '1_class_probability_max')
57.08/37.68	(0.8070175438596491, '0_class_probability_max')
57.08/37.68	(2.1228070175438596, '1_skewness_min')
57.08/37.68	(2.8596491228070176, '0_skewness_min')
57.08/37.68	(8.929824561403509, '0_landmark_naive_bayes')
57.08/37.68	(9.473684210526315, '1_landmark_naive_bayes')
57.08/37.68	(13.807017543859649, '1_landmark_lda')
57.08/37.68	(17.333333333333332, '0_landmark_lda')
57.08/37.68	(19.842105263157894, '0_pca_skewness_first_pc')
57.08/37.68	(22.19298245614035, '0_class_probability_std')
57.08/37.68	(22.789473684210527, '1_pca_skewness_first_pc')
57.08/37.68	(22.859649122807017, '1_class_probability_min')
57.08/37.68	(23.035087719298247, '0_class_probability_min')
57.08/37.68	(23.614035087719298, '1_landmark_1NN')
57.08/37.68	(23.80701754385965, '1_landmark_decision_tree')
57.08/37.68	(25.12280701754386, '1_class_probability_std')
57.08/37.68	(26.07017543859649, '0_landmark_decision_tree')
57.08/37.68	(26.75438596491228, '0_landmark_1NN')
57.08/37.68	(27.403508771929825, '1_kurtosis_min')
57.08/37.68	(27.789473684210527, '0_kurtosis_min')
57.08/37.68	(28.29824561403509, '1_number_of_instances')
57.08/37.68	(28.771929824561404, '1_log_number_of_instances')
57.08/37.68	(29.07017543859649, '1_class_entropy')
57.08/37.68	(29.63157894736842, '0_number_of_numeric_features')
57.08/37.68	(29.912280701754387, '0_log_number_of_instances')
57.08/37.68	(29.94736842105263, '0_skewness_max')
57.08/37.68	(30.210526315789473, '1_number_of_numeric_features')
57.08/37.68	(30.49122807017544, '0_number_of_instances')
57.08/37.68	(30.736842105263158, '1_kurtosis_max')
57.08/37.68	(31.07017543859649, '0_kurtosis_max')
57.08/37.68	(31.87719298245614, '0_class_entropy')
57.08/37.68	(33.07017543859649, '0_symbols_mean')
57.08/37.68	(34.12280701754386, '1_skewness_max')
57.08/37.68	(34.421052631578945, '1_skewness_mean')
57.08/37.68	(37.45614035087719, '1_pca_95%')
57.08/37.68	(37.50877192982456, '1_symbols_mean')
57.08/37.68	(37.87719298245614, '0_number_of_features')
57.08/37.68	(38.333333333333336, '0_pca_kurtosis_first_pc')
57.08/37.68	(39.19298245614035, '1_number_of_features')
57.08/37.68	(39.578947368421055, '0_pca_95%')
57.08/37.68	(40.14035087719298, '1_log_number_of_features')
57.08/37.68	(40.473684210526315, '0_log_number_of_features')
57.08/37.68	(41.24561403508772, '0_skewness_mean')
57.08/37.68	(41.78947368421053, '1_landmark_random_node_learner')
57.08/37.68	(41.8421052631579, '1_landmark_decision_node_learner')
57.08/37.68	(42.0, '0_landmark_random_node_learner')
57.08/37.68	(42.54385964912281, '1_pca_kurtosis_first_pc')
57.08/37.68	(43.43859649122807, '0_skewness_std')
57.08/37.68	(44.21052631578947, '0_landmark_decision_node_learner')
57.08/37.68	(45.59649122807018, '0_symbols_min')
57.08/37.68	(45.8421052631579, '1_symbols_min')
57.08/37.68	(46.01754385964912, '0_dataset_ratio')
57.08/37.68	(48.14035087719298, '1_log_dataset_ratio')
57.08/37.68	(48.26315789473684, '0_log_inverse_dataset_ratio')
57.08/37.68	(48.26315789473684, '1_skewness_std')
57.08/37.68	(48.280701754385966, '1_dataset_ratio')
57.08/37.68	(48.68421052631579, '0_kurtosis_std')
57.08/37.68	(50.666666666666664, '1_inverse_dataset_ratio')
57.08/37.68	(50.771929824561404, '0_log_dataset_ratio')
57.08/37.68	(51.24561403508772, '1_kurtosis_std')
57.08/37.68	(51.85964912280702, '1_log_inverse_dataset_ratio')
57.08/37.68	(53.68421052631579, '0_inverse_dataset_ratio')
57.08/37.68	(54.96491228070175, '0_ratio_numerical_to_categorical')
57.08/37.68	(56.31578947368421, '1_ratio_numerical_to_categorical')
57.08/37.68	(58.473684210526315, '1_symbols_sum')
57.08/37.68	(58.80701754385965, '1_kurtosis_mean')
57.08/37.68	(60.92982456140351, '0_kurtosis_mean')
57.08/37.68	(61.54385964912281, '0_symbols_sum')
57.08/37.68	(68.29824561403508, '1_number_of_classes')
57.08/37.68	(68.85964912280701, '0_ratio_categorical_to_numerical')
57.08/37.68	(69.14035087719299, '0_number_of_categorical_features')
57.08/37.68	(69.71929824561404, '1_ratio_categorical_to_numerical')
57.08/37.68	(69.9298245614035, '0_class_probability_mean')
57.08/37.68	(71.03508771929825, '1_number_of_categorical_features')
57.08/37.68	(71.6140350877193, '1_class_probability_mean')
57.08/37.68	(72.71929824561404, '0_symbols_std')
57.08/37.68	(73.0, '0_number_of_classes')
57.08/37.68	(75.08771929824562, '1_symbols_std')
57.08/37.68	(75.28070175438596, '1_number_of_Instances_with_missing_values')
57.08/37.68	(75.29824561403508, '0_percentage_of_features_with_missing_values')
57.08/37.68	(75.84210526315789, '0_symbols_max')
57.08/37.68	(76.08771929824562, '0_number_of_Instances_with_missing_values')
57.08/37.68	(76.42105263157895, '1_symbols_max')
57.08/37.68	(76.85964912280701, '1_percentage_of_Instances_with_missing_values')
57.08/37.68	(77.42105263157895, '0_percentage_of_Instances_with_missing_values')
57.08/37.68	(79.03508771929825, '1_number_of_missing_values')
57.08/37.68	(79.35087719298245, '0_number_of_missing_values')
57.08/37.68	(79.66666666666667, '1_percentage_of_features_with_missing_values')
57.08/37.68	(81.54385964912281, '0_percentage_of_missing_values')
57.08/37.68	(81.70175438596492, '1_percentage_of_missing_values')
57.08/37.68	(83.42105263157895, '1_number_of_features_with_missing_values')
57.08/37.68	(83.73684210526316, '0_number_of_features_with_missing_values')
57.08/37.68	Result for ParamILS: SAT, 36.675794, 1, 0.341567, -1, /home/feurerm/thesis/Software/pyMetaLearn/optimizers/metalearn_optimizer/learn_distances.py
