0.72/7.58	['/home/feurerm/thesis/Software/pyMetaLearn/optimizers/metalearn_optimizer/learn_distances.py', '--input_file', '/home/feurerm/thesis/experiments/2014_04_25_predict_distances/testfold_0-3_spearman_rank_perm.pkl', '--fold', '0', '--folds', '1', '--params', '-max_features', '0.77609779559', '-min_samples_leaf', '7', '-min_samples_split', '10', '-n_estimators', '41', '-n_jobs', '4', '-seed', '18']
0.72/7.59	Metafeatures (57, 46)
0.72/7.59	X (3192, 92)
0.72/7.59	Y (3192,)
0.72/7.59	Dataset Mae MSE Rho
5.73/9.18	vehicle 0.457042867553 0.26691873387 -0.0930843401383
10.86/11.33	anneal.ORIG 0.738931095206 0.614596268854 -0.214611117541
15.95/12.91	segment 0.266199605121 0.0921278998508 0.756633473138
21.05/14.49	pendigits 0.381879411521 0.179033333043 0.29218140099
26.23/16.20	mushroom 0.234417310938 0.0657085011296 0.545900869769
31.36/17.87	labor 0.198802685646 0.0591925487717 0.530710022594
36.53/19.73	abalone 0.420234986764 0.226489219725 0.125405291575
41.60/21.33	diabetes 0.499508117498 0.351927307031 -0.256305144895
46.75/22.91	car 0.609314772028 0.479708942125 -0.0685204170462
51.91/24.49	autos 0.201424565817 0.0519886395771 0.544608031712
57.09/30.22	mfeat-fourier 0.648657545056 0.547307929044 -0.481258966896
62.22/32.07	primary-tumor 0.199545788879 0.0487361010401 0.595998344497
67.48/33.88	waveform-5000 0.228875058976 0.0734677194304 0.653529638054
72.71/35.55	credit-a 0.44061514367 0.274171337026 0.151262052725
77.93/41.24	letter 0.305292515619 0.11882540364 0.52230657522
83.32/42.94	postoperative-patient-data 0.444522045126 0.238161169318 -0.314159647967
88.53/45.42	vowel 0.477411697738 0.280888409208 0.0772470739342
93.80/49.25	eucalyptus 0.260183053913 0.0900692814303 0.541052727054
98.97/51.18	cylinder-bands 0.302575416547 0.10710726525 0.478350081266
104.17/52.85	ionosphere 0.39604556505 0.181628378805 0.0410476083249
109.39/54.53	mfeat-karhunen 0.262603052036 0.0928803905423 0.616037334387
114.68/56.47	balance-scale 0.231507819945 0.0748315088527 0.440534568085
119.73/58.17	mfeat-morphological 0.48549987719 0.313279146567 -0.202652365509
124.90/59.75	liver-disorders 0.133523090449 0.0274075562107 0.555920364715
130.09/61.46	dermatology 0.208269081919 0.0547695874569 0.505176470959
135.26/63.05	vote 0.0706372271595 0.00811116775595 0.782167024773
140.37/64.73	breast-cancer 0.136366023168 0.027864422463 0.483198223982
145.53/66.64	credit-g 0.564416931775 0.446191063155 -0.44829159643
150.87/68.32	soybean 0.10656162458 0.0160165681304 0.822891423584
155.96/70.18	arrhythmia 0.313096909653 0.12424209326 -0.248224907035
161.13/71.81	nursery 0.242792901834 0.0755516781908 0.649327914367
166.33/73.40	hepatitis 0.305807799998 0.129576062719 -0.0520367318134
171.45/75.07	cmc 0.159060545323 0.0333224273431 0.651267171454
176.59/76.74	heart-c 0.248465310518 0.0814263263178 0.775702834486
181.72/78.49	glass 0.324471601921 0.127916462758 0.512610289789
187.03/80.16	braziltourism 0.721217234228 0.622651262489 -0.587271687609
192.18/81.86	iris 0.317027665806 0.134381025837 0.105689511199
197.31/83.57	heart-statlog 0.303707293942 0.120740190706 0.580484287807
202.74/85.26	page-blocks 0.730647682784 0.705663012567 -0.550102593456
207.91/87.01	breast-w 0.244887046831 0.0809257434647 0.395285236073
213.13/88.83	heart-h 0.180580734668 0.0422081150326 0.675831094546
218.32/90.51	yeast 0.378322639876 0.179384379946 0.38171043647
223.48/92.19	tae 0.36932944008 0.167473289439 0.063025855302
228.73/98.30	haberman 0.287818647905 0.111315823484 -0.0552688269571
233.87/99.87	mfeat-pixel 0.400807030856 0.202373375964 0.102134206541
239.06/101.45	optdigits 0.242374987672 0.0743692928129 0.699425389095
244.41/103.16	mfeat-factors 0.266848300759 0.0915077508321 0.675184675517
249.65/104.83	satimage 0.354317248836 0.159266629866 0.112476911
254.74/106.42	lymph 0.260449573741 0.102308451828 0.366842798809
259.87/108.22	audiology 0.274643158577 0.0909042823428 0.444736291772
265.10/110.06	ecoli 0.440757715894 0.248224682379 -0.0164836852328
270.25/111.76	tic-tac-toe 0.172112658284 0.0432944803576 0.718171540928
275.55/113.45	spambase 0.377149474636 0.186078314301 0.603108953813
280.75/115.18	zoo 0.190047242066 0.0475579905502 0.610219563129
285.98/116.80	sonar 0.543323750632 0.367854998799 -0.322239885826
291.16/122.53	mfeat-zernike 0.225402629573 0.0726215983824 0.640601257479
296.38/124.34	kr-vs-kp 0.233860156872 0.0665801906111 0.580484287807
296.49/124.46	MAE 0.333687567731 0.155539787283
296.49/124.46	MSE 0.173668872489 0.173668872489
296.49/124.46	Mean tau 0.289402933235 0.390243910605
296.49/124.46	(0.40350877192982454, '0_class_probability_max')
296.49/124.46	(0.7368421052631579, '1_class_probability_max')
296.49/124.46	(2.473684210526316, '0_skewness_min')
296.49/124.46	(2.526315789473684, '1_skewness_min')
296.49/124.46	(6.315789473684211, '1_class_entropy')
296.49/124.46	(6.7368421052631575, '0_class_entropy')
296.49/124.46	(8.666666666666666, '0_landmark_naive_bayes')
296.49/124.46	(9.31578947368421, '1_landmark_naive_bayes')
296.49/124.46	(11.473684210526315, '0_landmark_decision_tree')
296.49/124.46	(12.12280701754386, '1_landmark_decision_tree')
296.49/124.46	(14.929824561403509, '1_pca_skewness_first_pc')
296.49/124.46	(15.070175438596491, '0_pca_skewness_first_pc')
296.49/124.46	(15.473684210526315, '1_class_probability_std')
296.49/124.46	(15.631578947368421, '0_class_probability_std')
296.49/124.46	(16.87719298245614, '0_landmark_lda')
296.49/124.46	(17.526315789473685, '1_kurtosis_min')
296.49/124.46	(18.157894736842106, '1_landmark_lda')
296.49/124.46	(20.210526315789473, '0_kurtosis_min')
296.49/124.46	(22.42105263157895, '1_landmark_random_node_learner')
296.49/124.46	(23.19298245614035, '0_skewness_max')
296.49/124.46	(26.68421052631579, '1_landmark_1NN')
296.49/124.46	(26.68421052631579, '1_skewness_max')
296.49/124.46	(27.017543859649123, '0_landmark_1NN')
296.49/124.46	(28.771929824561404, '0_landmark_random_node_learner')
296.49/124.46	(29.403508771929825, '0_class_probability_min')
296.49/124.46	(30.43859649122807, '1_class_probability_min')
296.49/124.46	(31.771929824561404, '1_number_of_numeric_features')
296.49/124.46	(32.1578947368421, '1_kurtosis_std')
296.49/124.46	(32.68421052631579, '1_number_of_features')
296.49/124.46	(33.01754385964912, '0_number_of_features')
296.49/124.46	(33.26315789473684, '0_number_of_numeric_features')
296.49/124.46	(33.63157894736842, '0_log_number_of_features')
296.49/124.46	(33.64912280701754, '1_kurtosis_max')
296.49/124.46	(33.719298245614034, '1_log_number_of_features')
296.49/124.46	(33.89473684210526, '0_kurtosis_max')
296.49/124.46	(35.56140350877193, '1_number_of_instances')
296.49/124.46	(36.36842105263158, '0_log_number_of_instances')
296.49/124.46	(36.421052631578945, '0_number_of_instances')
296.49/124.46	(38.03508771929825, '1_log_number_of_instances')
296.49/124.46	(39.526315789473685, '0_skewness_std')
296.49/124.46	(40.94736842105263, '1_skewness_std')
296.49/124.46	(41.73684210526316, '0_skewness_mean')
296.49/124.46	(42.43859649122807, '0_landmark_decision_node_learner')
296.49/124.46	(43.01754385964912, '1_pca_kurtosis_first_pc')
296.49/124.46	(43.1578947368421, '1_skewness_mean')
296.49/124.46	(43.73684210526316, '0_pca_kurtosis_first_pc')
296.49/124.46	(43.8421052631579, '1_landmark_decision_node_learner')
296.49/124.46	(44.78947368421053, '0_kurtosis_std')
296.49/124.46	(45.280701754385966, '0_symbols_mean')
296.49/124.46	(45.92982456140351, '1_symbols_mean')
296.49/124.46	(49.70175438596491, '1_symbols_sum')
296.49/124.46	(50.1578947368421, '1_pca_95%')
296.49/124.46	(51.63157894736842, '1_dataset_ratio')
296.49/124.46	(51.96491228070175, '0_pca_95%')
296.49/124.46	(53.03508771929825, '1_log_dataset_ratio')
296.49/124.46	(53.29824561403509, '1_inverse_dataset_ratio')
296.49/124.46	(53.35087719298246, '1_symbols_min')
296.49/124.46	(53.771929824561404, '1_log_inverse_dataset_ratio')
296.49/124.46	(53.78947368421053, '0_log_inverse_dataset_ratio')
296.49/124.46	(54.526315789473685, '0_log_dataset_ratio')
296.49/124.46	(54.56140350877193, '0_symbols_sum')
296.49/124.46	(54.73684210526316, '0_dataset_ratio')
296.49/124.46	(55.0, '0_inverse_dataset_ratio')
296.49/124.46	(55.35087719298246, '0_symbols_min')
296.49/124.46	(57.08771929824562, '0_ratio_numerical_to_categorical')
296.49/124.46	(57.73684210526316, '0_number_of_categorical_features')
296.49/124.46	(58.333333333333336, '1_ratio_numerical_to_categorical')
296.49/124.46	(61.45614035087719, '1_number_of_categorical_features')
296.49/124.46	(64.73684210526316, '0_kurtosis_mean')
296.49/124.46	(65.50877192982456, '1_kurtosis_mean')
296.49/124.46	(72.24561403508773, '0_ratio_categorical_to_numerical')
296.49/124.46	(72.96491228070175, '1_ratio_categorical_to_numerical')
296.49/124.46	(73.01754385964912, '0_class_probability_mean')
296.49/124.46	(73.28070175438596, '1_number_of_classes')
296.49/124.46	(74.36842105263158, '1_symbols_max')
296.49/124.46	(74.52631578947368, '0_number_of_classes')
296.49/124.46	(74.70175438596492, '1_class_probability_mean')
296.49/124.46	(77.43859649122807, '0_symbols_std')
296.49/124.46	(77.56140350877193, '0_symbols_max')
296.49/124.46	(78.29824561403508, '1_symbols_std')
296.49/124.46	(79.3859649122807, '1_percentage_of_features_with_missing_values')
296.49/124.46	(79.6140350877193, '0_percentage_of_features_with_missing_values')
296.49/124.46	(80.28070175438596, '1_percentage_of_Instances_with_missing_values')
296.49/124.46	(82.03508771929825, '1_percentage_of_missing_values')
296.49/124.46	(82.84210526315789, '1_number_of_Instances_with_missing_values')
296.49/124.46	(83.47368421052632, '0_number_of_Instances_with_missing_values')
296.49/124.46	(83.6140350877193, '0_percentage_of_Instances_with_missing_values')
296.49/124.46	(83.85964912280701, '0_number_of_missing_values')
296.49/124.46	(85.14035087719299, '0_percentage_of_missing_values')
296.49/124.46	(85.59649122807018, '1_number_of_missing_values')
296.49/124.46	(86.91228070175438, '0_number_of_features_with_missing_values')
296.49/124.46	(87.26315789473684, '1_number_of_features_with_missing_values')
296.49/124.46	Result for ParamILS: SAT, 116.882014, 1, 0.333688, -1, /home/feurerm/thesis/Software/pyMetaLearn/optimizers/metalearn_optimizer/learn_distances.py
