0.76/1.02	['/home/feurerm/thesis/Software/pyMetaLearn/optimizers/metalearn_optimizer/learn_distances.py', '--input_file', '/home/feurerm/thesis/experiments/2014_04_25_predict_distances/testfold_0-3_spearman_rank_perm.pkl', '--fold', '0', '--folds', '1', '--params', '-max_features', '0.927319344779', '-min_samples_leaf', '8', '-min_samples_split', '8', '-n_estimators', '98', '-n_jobs', '4', '-seed', '81']
0.76/1.03	Metafeatures (57, 46)
0.76/1.03	X (3192, 92)
0.76/1.03	Y (3192,)
0.76/1.03	Dataset Mae MSE Rho
14.17/4.81	vehicle 0.483261015956 0.300931949769 -0.197157803765
28.32/8.85	anneal.ORIG 0.829037001911 0.763037244462 -0.24854811655
42.20/12.91	segment 0.295957885037 0.111823879525 0.735624854704
56.41/17.08	pendigits 0.380053130223 0.176602752991 0.289918934389
70.65/21.27	mushroom 0.251455458904 0.0755105555707 0.511317451732
84.82/25.42	labor 0.204691561221 0.0605609738594 0.474794776608
98.82/29.58	abalone 0.405921111595 0.211432544878 0.236912574033
112.54/33.54	diabetes 0.493683278234 0.342845185959 -0.277636972843
126.54/37.60	car 0.634309578644 0.512388790621 -0.0513903127847
140.42/41.65	autos 0.191990799943 0.0481928181221 0.595998344497
154.66/45.79	mfeat-fourier 0.6595591827 0.567611079073 -0.530063603565
168.63/49.88	primary-tumor 0.203855296724 0.0504551528948 0.593412668382
182.87/54.02	waveform-5000 0.211780650396 0.0623036487258 0.702334274724
196.93/58.06	credit-a 0.45966774391 0.297407463274 0.140919348265
210.91/62.12	letter 0.292869936517 0.111803181047 0.559798878887
225.20/66.26	postoperative-patient-data 0.446286874952 0.252572880621 -0.180997328047
239.10/70.32	vowel 0.461482785719 0.261037100313 0.186168680277
253.22/74.50	eucalyptus 0.261056436214 0.0876111633149 0.48158217641
267.27/78.64	cylinder-bands 0.299304644833 0.108671341365 0.477057243209
281.41/82.68	ionosphere 0.408815272341 0.196319341212 -0.112476911
295.22/86.71	mfeat-karhunen 0.270630719673 0.0971660495743 0.649327914367
309.11/90.75	balance-scale 0.262646440225 0.10112518233 0.314806066995
323.00/94.81	mfeat-morphological 0.479966799951 0.308219684328 -0.235296526461
336.95/98.90	liver-disorders 0.137398471151 0.0260331274006 0.491601671355
350.82/102.96	dermatology 0.210777750008 0.0566722385828 0.49192488087
365.00/107.00	vote 0.070986579896 0.00832372132663 0.785722329431
379.12/111.14	breast-cancer 0.110194994614 0.0193877695628 0.544931241226
393.37/115.38	credit-g 0.568833367666 0.439824473771 -0.542668774626
407.44/119.43	soybean 0.113187680737 0.0169284822344 0.837759061245
421.48/123.61	arrhythmia 0.301842336109 0.112792360201 -0.124758872546
435.33/127.64	nursery 0.258820763412 0.0856298175618 0.622501524675
449.16/131.69	hepatitis 0.307998559906 0.131319014186 -0.100518158969
463.06/135.73	cmc 0.14930261618 0.0303545030616 0.70201106521
477.05/139.77	heart-c 0.257629460511 0.0877552065974 0.767945806141
490.94/143.82	glass 0.288152592412 0.104396522249 0.642540514566
505.57/147.97	braziltourism 0.715663592701 0.611800835142 -0.69683971298
519.48/152.01	iris 0.309860689363 0.129272189545 0.109244815857
533.39/156.09	heart-statlog 0.30901183486 0.124774448 0.574989726063
547.98/160.33	page-blocks 0.596427434098 0.474346414739 -0.680032818232
562.29/164.50	breast-w 0.256382125991 0.0879873909934 0.386235369671
576.18/168.55	heart-h 0.166389047397 0.034457434767 0.754047797023
590.37/172.69	yeast 0.339566316115 0.142887426875 0.573696888005
604.40/176.75	tae 0.376648115915 0.177335730942 -0.00258567611495
618.57/180.89	haberman 0.319668544846 0.149000380921 -0.0820952166497
632.63/184.95	mfeat-pixel 0.399975273193 0.199719033467 0.0953468067389
646.67/189.00	optdigits 0.256807996318 0.0817285336318 0.654176057083
660.66/193.05	mfeat-factors 0.252919819003 0.0827929857899 0.697486132008
674.82/197.10	satimage 0.331968070782 0.140828814014 0.15611019544
688.66/201.14	lymph 0.228695331661 0.081089679007 0.385265741128
702.56/205.22	audiology 0.269530099689 0.0851569604643 0.529093975022
716.62/209.26	ecoli 0.407468912647 0.20764379122 0.107628768285
730.64/213.30	tic-tac-toe 0.167223273446 0.0384564767749 0.735624854704
745.05/217.45	spambase 0.343361858581 0.156630811345 0.617330172445
759.11/221.50	zoo 0.182599266 0.046123412298 0.6095731441
773.18/225.55	sonar 0.539996223529 0.360995789468 -0.289595724875
787.10/230.29	mfeat-zernike 0.234301304933 0.0763340772843 0.596644763525
801.13/234.33	kr-vs-kp 0.245476052972 0.0723030265137 0.550749012485
801.43/234.62	MAE 0.331813157236 0.156094654786
801.43/234.62	MSE 0.171696716557 0.171696716557
801.43/234.62	Mean tau 0.291534981961 0.408386731903
801.43/234.62	(0.5614035087719298, '1_class_probability_max')
801.43/234.62	(0.5964912280701754, '0_class_probability_max')
801.43/234.62	(2.3333333333333335, '0_skewness_min')
801.43/234.62	(2.6666666666666665, '1_skewness_min')
801.43/234.62	(5.105263157894737, '0_landmark_naive_bayes')
801.43/234.62	(5.2631578947368425, '1_landmark_naive_bayes')
801.43/234.62	(10.578947368421053, '0_pca_skewness_first_pc')
801.43/234.62	(10.947368421052632, '1_pca_skewness_first_pc')
801.43/234.62	(11.140350877192983, '1_class_entropy')
801.43/234.62	(12.017543859649123, '1_landmark_lda')
801.43/234.62	(12.175438596491228, '0_landmark_lda')
801.43/234.62	(13.333333333333334, '1_class_probability_std')
801.43/234.62	(13.578947368421053, '0_class_entropy')
801.43/234.62	(14.140350877192983, '0_landmark_decision_tree')
801.43/234.62	(14.56140350877193, '1_landmark_decision_tree')
801.43/234.62	(15.578947368421053, '0_class_probability_std')
801.43/234.62	(18.92982456140351, '1_kurtosis_min')
801.43/234.62	(19.19298245614035, '0_landmark_1NN')
801.43/234.62	(19.964912280701753, '0_kurtosis_min')
801.43/234.62	(21.70175438596491, '1_landmark_1NN')
801.43/234.62	(22.736842105263158, '0_class_probability_min')
801.43/234.62	(25.12280701754386, '1_class_probability_min')
801.43/234.62	(27.105263157894736, '0_skewness_max')
801.43/234.62	(28.017543859649123, '1_kurtosis_max')
801.43/234.62	(28.70175438596491, '1_skewness_max')
801.43/234.62	(28.75438596491228, '0_kurtosis_max')
801.43/234.62	(30.87719298245614, '0_number_of_numeric_features')
801.43/234.62	(31.210526315789473, '0_landmark_random_node_learner')
801.43/234.62	(31.280701754385966, '1_number_of_instances')
801.43/234.62	(31.54385964912281, '1_number_of_numeric_features')
801.43/234.62	(31.56140350877193, '1_log_number_of_instances')
801.43/234.62	(32.50877192982456, '0_skewness_mean')
801.43/234.62	(33.54385964912281, '0_log_number_of_instances')
801.43/234.62	(33.719298245614034, '1_skewness_mean')
801.43/234.62	(33.98245614035088, '0_number_of_instances')
801.43/234.62	(37.473684210526315, '0_landmark_decision_node_learner')
801.43/234.62	(37.73684210526316, '1_landmark_random_node_learner')
801.43/234.62	(38.6140350877193, '1_log_number_of_features')
801.43/234.62	(39.12280701754386, '1_number_of_features')
801.43/234.62	(39.333333333333336, '1_symbols_mean')
801.43/234.62	(39.64912280701754, '0_log_number_of_features')
801.43/234.62	(39.91228070175438, '1_landmark_decision_node_learner')
801.43/234.62	(40.24561403508772, '0_symbols_mean')
801.43/234.62	(41.0, '0_number_of_features')
801.43/234.62	(41.719298245614034, '0_pca_kurtosis_first_pc')
801.43/234.62	(43.01754385964912, '1_pca_kurtosis_first_pc')
801.43/234.62	(45.0, '0_skewness_std')
801.43/234.62	(45.719298245614034, '1_skewness_std')
801.43/234.62	(47.05263157894737, '1_symbols_min')
801.43/234.62	(47.19298245614035, '0_symbols_min')
801.43/234.62	(47.3859649122807, '1_kurtosis_std')
801.43/234.62	(48.07017543859649, '1_pca_95%')
801.43/234.62	(49.85964912280702, '0_pca_95%')
801.43/234.62	(51.91228070175438, '0_log_dataset_ratio')
801.43/234.62	(52.19298245614035, '1_inverse_dataset_ratio')
801.43/234.62	(52.473684210526315, '0_kurtosis_std')
801.43/234.62	(52.64912280701754, '0_dataset_ratio')
801.43/234.62	(53.07017543859649, '0_inverse_dataset_ratio')
801.43/234.62	(53.19298245614035, '1_log_dataset_ratio')
801.43/234.62	(54.26315789473684, '0_log_inverse_dataset_ratio')
801.43/234.62	(55.24561403508772, '1_dataset_ratio')
801.43/234.62	(56.31578947368421, '1_log_inverse_dataset_ratio')
801.43/234.62	(56.8421052631579, '0_ratio_numerical_to_categorical')
801.43/234.62	(58.24561403508772, '1_ratio_numerical_to_categorical')
801.43/234.62	(59.175438596491226, '1_symbols_sum')
801.43/234.62	(64.59649122807018, '0_symbols_sum')
801.43/234.62	(64.94736842105263, '0_number_of_categorical_features')
801.43/234.62	(65.33333333333333, '1_kurtosis_mean')
801.43/234.62	(65.56140350877193, '0_kurtosis_mean')
801.43/234.62	(66.2280701754386, '1_number_of_categorical_features')
801.43/234.62	(72.45614035087719, '0_number_of_classes')
801.43/234.62	(73.03508771929825, '1_ratio_categorical_to_numerical')
801.43/234.62	(73.12280701754386, '0_ratio_categorical_to_numerical')
801.43/234.62	(73.28070175438596, '0_class_probability_mean')
801.43/234.62	(74.03508771929825, '1_class_probability_mean')
801.43/234.62	(74.05263157894737, '1_number_of_classes')
801.43/234.62	(75.6140350877193, '1_symbols_max')
801.43/234.62	(77.19298245614036, '0_symbols_max')
801.43/234.62	(77.21052631578948, '1_symbols_std')
801.43/234.62	(78.42105263157895, '0_symbols_std')
801.43/234.62	(79.64912280701755, '0_percentage_of_features_with_missing_values')
801.43/234.62	(80.73684210526316, '1_percentage_of_features_with_missing_values')
801.43/234.62	(82.47368421052632, '1_number_of_Instances_with_missing_values')
801.43/234.62	(83.0701754385965, '0_number_of_Instances_with_missing_values')
801.43/234.62	(83.10526315789474, '1_percentage_of_Instances_with_missing_values')
801.43/234.62	(83.80701754385964, '0_percentage_of_Instances_with_missing_values')
801.43/234.62	(85.19298245614036, '0_percentage_of_missing_values')
801.43/234.62	(85.29824561403508, '1_number_of_missing_values')
801.43/234.62	(85.78947368421052, '0_number_of_missing_values')
801.43/234.62	(86.26315789473684, '1_percentage_of_missing_values')
801.43/234.62	(88.40350877192982, '0_number_of_features_with_missing_values')
801.43/234.62	(88.40350877192982, '1_number_of_features_with_missing_values')
801.43/234.62	Result for ParamILS: SAT, 233.594787, 1, 0.331813, -1, /home/feurerm/thesis/Software/pyMetaLearn/optimizers/metalearn_optimizer/learn_distances.py
