0.68/1.00	['/home/feurerm/thesis/Software/pyMetaLearn/optimizers/metalearn_optimizer/learn_distances.py', '--input_file', '/home/feurerm/thesis/experiments/2014_04_25_predict_distances/testfold_0-3_spearman_rank_perm.pkl', '--fold', '0', '--folds', '1', '--params', '-max_features', '0.815613960061', '-min_samples_leaf', '3', '-min_samples_split', '4', '-n_estimators', '17', '-n_jobs', '4', '-seed', '62']
0.76/1.01	Metafeatures (57, 46)
0.76/1.01	X (3192, 92)
0.76/1.01	Y (3192,)
0.76/1.01	Dataset Mae MSE Rho
3.24/1.96	vehicle 0.530053425582 0.3614492621 -0.251457002179
5.95/2.96	anneal.ORIG 0.70955323733 0.583797623295 -0.173886718731
8.59/3.98	segment 0.244434530228 0.0771194711252 0.76342087294
11.31/4.99	pendigits 0.345113484082 0.153668363163 0.398194121703
14.01/6.00	mushroom 0.235699582686 0.073152421283 0.508731775617
16.61/7.01	labor 0.199089815181 0.0601964216753 0.492894509413
19.26/8.02	abalone 0.343803007534 0.157137508207 0.428252606539
21.94/9.43	diabetes 0.479358367286 0.326544061796 -0.109244815857
24.61/10.44	car 0.62577977946 0.49763711385 -0.0778934929629
27.28/11.45	autos 0.188328835425 0.0502608170036 0.559798878887
29.98/12.46	mfeat-fourier 0.660705575995 0.562488671014 -0.473178729036
32.62/13.47	primary-tumor 0.208979452305 0.0539502374842 0.564970231117
35.29/14.48	waveform-5000 0.188253775564 0.0537975762417 0.67098295183
37.95/15.49	credit-a 0.446814620343 0.288704029758 0.158049452526
40.72/16.51	letter 0.309423409224 0.125938111883 0.478996500295
43.41/17.51	postoperative-patient-data 0.478250951032 0.277743385753 -0.293151029533
46.09/18.53	vowel 0.4931706011 0.305628532806 0.0656115314169
48.79/19.53	eucalyptus 0.282472036258 0.112756721742 0.501944375815
51.50/20.54	cylinder-bands 0.272436425875 0.0898884072496 0.503883632901
54.18/21.55	ionosphere 0.463155811114 0.25270375034 -0.217196793656
56.83/22.56	mfeat-karhunen 0.22790085964 0.0741068673996 0.65837778077
59.50/23.57	balance-scale 0.255319147142 0.0937100275048 0.342925294746
62.16/26.95	mfeat-morphological 0.512390010577 0.353987568702 -0.26632463984
64.80/27.96	liver-disorders 0.136697793566 0.0314317597538 0.558182831315
67.44/28.97	dermatology 0.228654364113 0.0665099568729 0.458311091375
70.14/29.98	vote 0.076762227065 0.00978253382641 0.780227767687
72.85/30.99	breast-cancer 0.12635754028 0.0244728076069 0.427282977996
75.51/32.00	credit-g 0.574645614797 0.459246910492 -0.456371834289
78.14/33.00	soybean 0.1150917523 0.018220164379 0.776672463029
80.78/34.02	arrhythmia 0.277777964594 0.104681002821 -0.0213318279484
83.46/35.03	nursery 0.217239374112 0.0636909949753 0.696193293951
86.08/36.04	hepatitis 0.308388449258 0.138714916945 0.0342602085231
88.72/37.04	cmc 0.190350982499 0.0501159814927 0.533295698709
91.37/38.05	heart-c 0.237989821311 0.0747500659874 0.719141169471
94.01/39.06	glass 0.26103743621 0.0865816242379 0.63252101962
96.74/40.07	braziltourism 0.725313177448 0.645996807074 -0.499681909215
99.41/41.08	iris 0.302257384272 0.123712164228 0.214287908027
102.03/42.09	heart-statlog 0.335520784256 0.152057651902 0.449261224973
104.78/43.10	page-blocks 0.655530413391 0.580342787767 -0.693607617836
107.48/44.11	breast-w 0.215783456305 0.064959169392 0.509054985131
110.15/45.11	heart-h 0.131955533214 0.0259607002566 0.718817959957
112.86/46.12	yeast 0.350629971465 0.156635368095 0.424697301881
115.56/47.13	tae 0.376367743602 0.180663962628 -0.0507438937559
118.27/48.14	haberman 0.298328537214 0.129413774355 0.0161604757185
120.95/49.16	mfeat-pixel 0.39838749518 0.196219992856 0.150615633696
123.65/50.17	optdigits 0.220422636793 0.0649429294973 0.681002446776
126.36/51.18	mfeat-factors 0.238093915134 0.0785039673216 0.654176057083
129.12/52.20	satimage 0.398539508465 0.191834669295 0.0345834180375
131.75/53.22	lymph 0.279542391698 0.122575443492 0.326441609513
134.42/54.23	audiology 0.27718394032 0.0962992908339 0.480612547867
137.09/55.24	ecoli 0.416454641882 0.228371734566 0.162574385728
139.75/56.24	tic-tac-toe 0.154493844684 0.0336492685435 0.728514245388
142.45/57.25	spambase 0.402374068106 0.2114251151 0.580807497321
145.18/58.27	zoo 0.209847627102 0.0590950380333 0.527154717936
147.85/59.27	sonar 0.565607764857 0.402560962669 -0.290242143903
150.48/60.28	mfeat-zernike 0.182700748285 0.0464335368418 0.688436265606
153.12/61.29	kr-vs-kp 0.205162324611 0.0544370984405 0.637045952821
153.17/61.35	MAE 0.329683824024 0.158930642718
153.17/61.35	MSE 0.174748370245 0.174748370245
153.17/61.35	Mean tau 0.2951413197 0.387042018672
153.17/61.35	(0.3684210526315789, '0_class_probability_max')
153.17/61.35	(1.280701754385965, '1_class_probability_max')
153.17/61.35	(2.3157894736842106, '0_skewness_min')
153.17/61.35	(2.6842105263157894, '1_skewness_min')
153.17/61.35	(8.210526315789474, '1_class_entropy')
153.17/61.35	(8.666666666666666, '1_landmark_naive_bayes')
153.17/61.35	(9.894736842105264, '0_landmark_naive_bayes')
153.17/61.35	(13.947368421052632, '0_landmark_decision_tree')
153.17/61.35	(15.368421052631579, '0_class_probability_std')
153.17/61.35	(15.403508771929825, '0_class_entropy')
153.17/61.35	(16.473684210526315, '1_class_probability_std')
153.17/61.35	(17.017543859649123, '1_pca_skewness_first_pc')
153.17/61.35	(17.228070175438596, '1_landmark_decision_tree')
153.17/61.35	(17.719298245614034, '0_pca_skewness_first_pc')
153.17/61.35	(17.82456140350877, '1_landmark_lda')
153.17/61.35	(18.05263157894737, '1_kurtosis_min')
153.17/61.35	(18.614035087719298, '0_landmark_lda')
153.17/61.35	(23.36842105263158, '0_kurtosis_min')
153.17/61.35	(26.736842105263158, '1_landmark_1NN')
153.17/61.35	(26.842105263157894, '1_class_probability_min')
153.17/61.35	(27.56140350877193, '0_class_probability_min')
153.17/61.35	(31.57894736842105, '0_number_of_numeric_features')
153.17/61.35	(31.666666666666668, '0_landmark_1NN')
153.17/61.35	(31.82456140350877, '1_skewness_max')
153.17/61.35	(32.26315789473684, '0_skewness_max')
153.17/61.35	(32.26315789473684, '1_number_of_features')
153.17/61.35	(32.29824561403509, '0_landmark_random_node_learner')
153.17/61.35	(32.29824561403509, '1_number_of_numeric_features')
153.17/61.35	(33.08771929824562, '1_number_of_instances')
153.17/61.35	(33.54385964912281, '0_log_number_of_instances')
153.17/61.35	(33.89473684210526, '0_number_of_features')
153.17/61.35	(34.719298245614034, '1_kurtosis_max')
153.17/61.35	(35.05263157894737, '1_log_number_of_instances')
153.17/61.35	(35.1578947368421, '0_kurtosis_max')
153.17/61.35	(35.280701754385966, '0_number_of_instances')
153.17/61.35	(35.35087719298246, '0_log_number_of_features')
153.17/61.35	(36.24561403508772, '1_skewness_mean')
153.17/61.35	(36.54385964912281, '0_skewness_mean')
153.17/61.35	(38.24561403508772, '1_landmark_random_node_learner')
153.17/61.35	(38.8421052631579, '0_landmark_decision_node_learner')
153.17/61.35	(39.49122807017544, '0_kurtosis_std')
153.17/61.35	(39.50877192982456, '1_log_number_of_features')
153.17/61.35	(40.175438596491226, '0_skewness_std')
153.17/61.35	(41.3859649122807, '1_pca_kurtosis_first_pc')
153.17/61.35	(41.526315789473685, '1_landmark_decision_node_learner')
153.17/61.35	(42.01754385964912, '0_pca_kurtosis_first_pc')
153.17/61.35	(42.80701754385965, '1_symbols_mean')
153.17/61.35	(43.719298245614034, '0_symbols_mean')
153.17/61.35	(44.36842105263158, '1_kurtosis_std')
153.17/61.35	(46.578947368421055, '1_log_dataset_ratio')
153.17/61.35	(46.89473684210526, '1_pca_95%')
153.17/61.35	(47.68421052631579, '1_symbols_min')
153.17/61.35	(48.05263157894737, '1_skewness_std')
153.17/61.35	(48.473684210526315, '0_symbols_min')
153.17/61.35	(49.63157894736842, '0_pca_95%')
153.17/61.35	(50.333333333333336, '1_symbols_sum')
153.17/61.35	(52.50877192982456, '1_dataset_ratio')
153.17/61.35	(52.59649122807018, '0_inverse_dataset_ratio')
153.17/61.35	(52.771929824561404, '0_dataset_ratio')
153.17/61.35	(52.80701754385965, '1_log_inverse_dataset_ratio')
153.17/61.35	(53.08771929824562, '0_log_inverse_dataset_ratio')
153.17/61.35	(53.10526315789474, '1_inverse_dataset_ratio')
153.17/61.35	(53.578947368421055, '0_log_dataset_ratio')
153.17/61.35	(55.29824561403509, '0_symbols_sum')
153.17/61.35	(55.94736842105263, '1_ratio_numerical_to_categorical')
153.17/61.35	(56.87719298245614, '0_ratio_numerical_to_categorical')
153.17/61.35	(57.70175438596491, '1_number_of_categorical_features')
153.17/61.35	(62.19298245614035, '1_kurtosis_mean')
153.17/61.35	(63.10526315789474, '0_kurtosis_mean')
153.17/61.35	(68.91228070175438, '0_number_of_categorical_features')
153.17/61.35	(71.42105263157895, '1_ratio_categorical_to_numerical')
153.17/61.35	(72.21052631578948, '1_number_of_classes')
153.17/61.35	(72.66666666666667, '0_ratio_categorical_to_numerical')
153.17/61.35	(73.08771929824562, '0_class_probability_mean')
153.17/61.35	(73.2280701754386, '0_number_of_classes')
153.17/61.35	(74.01754385964912, '1_percentage_of_features_with_missing_values')
153.17/61.35	(74.87719298245614, '1_class_probability_mean')
153.17/61.35	(75.70175438596492, '0_symbols_max')
153.17/61.35	(76.21052631578948, '0_symbols_std')
153.17/61.35	(76.35087719298245, '1_symbols_std')
153.17/61.35	(78.29824561403508, '1_symbols_max')
153.17/61.35	(79.96491228070175, '0_percentage_of_features_with_missing_values')
153.17/61.35	(80.54385964912281, '0_percentage_of_missing_values')
153.17/61.35	(80.87719298245614, '0_number_of_Instances_with_missing_values')
153.17/61.36	(81.40350877192982, '1_number_of_Instances_with_missing_values')
153.17/61.36	(81.87719298245614, '0_percentage_of_Instances_with_missing_values')
153.17/61.36	(82.33333333333333, '1_percentage_of_Instances_with_missing_values')
153.17/61.36	(83.17543859649123, '1_number_of_missing_values')
153.17/61.36	(83.42105263157895, '0_number_of_missing_values')
153.17/61.36	(83.6842105263158, '1_percentage_of_missing_values')
153.17/61.36	(85.73684210526316, '1_number_of_features_with_missing_values')
153.17/61.36	(86.03508771929825, '0_number_of_features_with_missing_values')
153.17/61.36	Result for ParamILS: SAT, 60.359482, 1, 0.329684, -1, /home/feurerm/thesis/Software/pyMetaLearn/optimizers/metalearn_optimizer/learn_distances.py
