0.75/0.91	['/home/feurerm/thesis/Software/pyMetaLearn/optimizers/metalearn_optimizer/learn_distances.py', '--input_file', '/home/feurerm/thesis/experiments/2014_04_25_predict_distances/testfold_0-3_spearman_rank_perm.pkl', '--fold', '0', '--folds', '1', '--params', '-max_features', '0.209003431368', '-min_samples_leaf', '9', '-min_samples_split', '6', '-n_estimators', '42', '-n_jobs', '4', '-seed', '5']
0.75/0.93	Metafeatures (57, 46)
0.75/0.93	X (3192, 92)
0.75/0.93	Y (3192,)
0.75/0.93	Dataset Mae MSE Rho
2.22/1.48	vehicle 0.391342301192 0.19454569061 0.170654623587
3.88/2.15	anneal.ORIG 0.475392412605 0.271830850806 0.309634714766
5.51/2.83	segment 0.293321791613 0.112163591876 0.660963456885
7.21/3.50	pendigits 0.387098842368 0.177406275723 0.398840540731
8.81/4.17	mushroom 0.229963155527 0.0641839029768 0.556889993258
10.44/4.84	labor 0.230550413316 0.0713624755699 0.724312521701
12.13/5.50	abalone 0.4253656756 0.229871503399 0.0917915020808
13.71/6.17	diabetes 0.477798781617 0.314044449381 -0.0400779797818
15.33/6.83	car 0.448223287976 0.300768566816 0.159342290584
17.02/7.50	autos 0.253613390625 0.0831299454961 0.507115728045
18.62/8.16	mfeat-fourier 0.625672834699 0.508598613771 -0.473178729036
20.23/8.83	primary-tumor 0.208983032641 0.0528779701445 0.609896353614
21.94/9.50	waveform-5000 0.273476099342 0.101358081388 0.436009634884
23.51/10.17	credit-a 0.406208327706 0.233945165482 0.266001430326
25.13/10.84	letter 0.289326722104 0.110195693357 0.633167438649
26.85/11.50	postoperative-patient-data 0.418762034346 0.212052551885 -0.256628354409
28.39/12.17	vowel 0.511792292468 0.325730756564 -0.00614098077301
30.04/12.84	eucalyptus 0.323156762642 0.137996267093 0.460573557976
31.67/13.51	cylinder-bands 0.290832999869 0.0995151704029 0.556243574229
33.30/14.18	ionosphere 0.427852555018 0.209639962356 -0.0720757217043
34.94/14.85	mfeat-karhunen 0.288278703857 0.108869161496 0.503883632901
36.59/15.52	balance-scale 0.20885774167 0.0623723319779 0.609896353614
38.22/16.18	mfeat-morphological 0.450400344788 0.271948036626 -0.11764826323
39.87/16.85	liver-disorders 0.23893611517 0.0789564954459 0.533295698709
41.52/17.52	dermatology 0.197587997211 0.0512831123681 0.534911746281
43.15/18.18	vote 0.0775495430574 0.0098892370605 0.794448986319
44.84/18.85	breast-cancer 0.26093205663 0.0917400100347 -0.310927552823
46.51/19.52	credit-g 0.513671271237 0.353368736912 -0.526508298907
48.15/20.18	soybean 0.124219142613 0.0233759629596 0.838728689788
49.76/20.85	arrhythmia 0.263886316954 0.0901515583672 0.122496405946
51.39/21.67	nursery 0.275455532215 0.0961569597184 0.555920364715
53.02/23.54	hepatitis 0.430746212723 0.258026347525 -0.280869067987
54.70/24.21	cmc 0.215550465195 0.056842057073 0.606664258471
56.28/24.88	heart-c 0.317520404934 0.130553563396 0.530710022594
57.93/25.55	glass 0.370538938374 0.165297494066 0.293151029533
59.54/26.25	braziltourism 0.542603208802 0.368855228006 -0.301554476906
61.16/26.93	iris 0.320214550178 0.13636281644 0.136394415064
62.82/27.60	heart-statlog 0.370685817399 0.183634357192 0.474794776608
64.44/28.27	page-blocks 0.4649918151 0.290119043804 0.0607633887014
66.05/28.97	breast-w 0.251535692284 0.0840629262769 0.536527793853
67.73/29.63	heart-h 0.191247028033 0.0465936776452 0.654822476112
69.34/30.34	yeast 0.375375419961 0.174659608622 0.412415340335
70.96/31.33	tae 0.358095693394 0.162072540446 -0.0342602085231
72.67/32.00	haberman 0.282955074607 0.108367555459 0.00549456174427
74.22/32.72	mfeat-pixel 0.369745641898 0.168635554035 0.158049452526
75.85/33.48	optdigits 0.256992563085 0.083273939973 0.650620752425
77.49/34.15	mfeat-factors 0.295317263561 0.11846040432 0.525538670364
79.16/34.81	satimage 0.342214470353 0.142560941108 0.13316231992
80.79/35.49	lymph 0.260636020835 0.0932904449579 0.552041850542
82.39/36.16	audiology 0.303061298466 0.118431070523 0.466391329235
84.04/36.82	ecoli 0.450249094229 0.260177011773 -0.0827416356785
85.71/37.60	tic-tac-toe 0.204133836129 0.0592218644664 0.713969817241
87.33/38.27	spambase 0.335365298775 0.14647277158 0.689729103664
88.99/38.95	zoo 0.177821035196 0.0430722736431 0.675831094546
90.61/39.64	sonar 0.521931986835 0.342782663246 -0.260506868581
92.21/40.31	mfeat-zernike 0.24301215459 0.0833174909763 0.560445297916
93.85/41.15	kr-vs-kp 0.22342923708 0.0617367475802 0.592119830324
93.95/41.27	MAE 0.329201380714 0.112182198266
93.95/41.27	MSE 0.156775604951 0.156775604951
93.95/41.27	Mean tau 0.310553310227 0.348715077298
93.95/41.27	(0.24561403508771928, '0_class_probability_max')
93.95/41.27	(0.8947368421052632, '1_class_probability_max')
93.95/41.27	(3.6842105263157894, '0_landmark_random_node_learner')
93.95/41.27	(4.842105263157895, '1_landmark_decision_tree')
93.95/41.27	(5.947368421052632, '1_class_probability_std')
93.95/41.27	(6.807017543859649, '0_skewness_min')
93.95/41.27	(7.473684210526316, '0_landmark_decision_tree')
93.95/41.27	(8.0, '0_landmark_naive_bayes')
93.95/41.27	(8.31578947368421, '1_class_entropy')
93.95/41.27	(9.052631578947368, '0_class_probability_std')
93.95/41.27	(9.87719298245614, '1_landmark_random_node_learner')
93.95/41.27	(10.368421052631579, '1_skewness_min')
93.95/41.27	(10.719298245614034, '1_landmark_1NN')
93.95/41.27	(11.947368421052632, '1_landmark_naive_bayes')
93.95/41.27	(12.298245614035087, '0_landmark_1NN')
93.95/41.27	(14.0, '0_class_entropy')
93.95/41.27	(20.017543859649123, '1_pca_skewness_first_pc')
93.95/41.27	(20.80701754385965, '0_pca_skewness_first_pc')
93.95/41.27	(25.54385964912281, '1_landmark_lda')
93.95/41.27	(27.19298245614035, '1_number_of_features')
93.95/41.27	(28.105263157894736, '0_landmark_lda')
93.95/41.27	(28.80701754385965, '1_log_number_of_features')
93.95/41.27	(29.263157894736842, '0_symbols_sum')
93.95/41.27	(29.403508771929825, '0_skewness_max')
93.95/41.27	(29.42105263157895, '0_number_of_categorical_features')
93.95/41.27	(30.333333333333332, '0_kurtosis_min')
93.95/41.27	(30.649122807017545, '0_number_of_features')
93.95/41.27	(31.07017543859649, '0_log_number_of_features')
93.95/41.27	(31.140350877192983, '1_kurtosis_min')
93.95/41.27	(31.263157894736842, '1_symbols_sum')
93.95/41.27	(31.771929824561404, '0_kurtosis_std')
93.95/41.27	(32.19298245614035, '1_skewness_std')
93.95/41.27	(32.29824561403509, '1_kurtosis_std')
93.95/41.27	(32.333333333333336, '1_skewness_max')
93.95/41.27	(33.43859649122807, '0_skewness_std')
93.95/41.27	(34.21052631578947, '0_ratio_numerical_to_categorical')
93.95/41.27	(34.87719298245614, '1_number_of_numeric_features')
93.95/41.27	(35.333333333333336, '0_number_of_numeric_features')
93.95/41.27	(38.05263157894737, '1_landmark_decision_node_learner')
93.95/41.27	(39.280701754385966, '1_number_of_categorical_features')
93.95/41.27	(39.92982456140351, '1_kurtosis_max')
93.95/41.27	(40.6140350877193, '1_pca_kurtosis_first_pc')
93.95/41.27	(40.89473684210526, '0_landmark_decision_node_learner')
93.95/41.27	(45.80701754385965, '0_pca_kurtosis_first_pc')
93.95/41.27	(46.19298245614035, '0_kurtosis_max')
93.95/41.27	(47.40350877192982, '0_class_probability_min')
93.95/41.27	(48.3859649122807, '1_class_probability_min')
93.95/41.27	(48.68421052631579, '0_pca_95%')
93.95/41.27	(48.78947368421053, '0_symbols_mean')
93.95/41.27	(51.526315789473685, '1_pca_95%')
93.95/41.27	(52.333333333333336, '0_number_of_instances')
93.95/41.27	(54.14035087719298, '1_ratio_numerical_to_categorical')
93.95/41.27	(54.333333333333336, '0_skewness_mean')
93.95/41.27	(55.40350877192982, '1_number_of_instances')
93.95/41.27	(55.78947368421053, '0_log_number_of_instances')
93.95/41.27	(57.78947368421053, '1_symbols_mean')
93.95/41.27	(57.8421052631579, '0_log_dataset_ratio')
93.95/41.27	(59.05263157894737, '1_kurtosis_mean')
93.95/41.27	(59.98245614035088, '1_log_number_of_instances')
93.95/41.27	(60.49122807017544, '1_skewness_mean')
93.95/41.27	(60.59649122807018, '0_kurtosis_mean')
93.95/41.27	(60.75438596491228, '0_dataset_ratio')
93.95/41.27	(61.63157894736842, '1_inverse_dataset_ratio')
93.95/41.27	(62.1578947368421, '0_inverse_dataset_ratio')
93.95/41.27	(62.26315789473684, '1_log_dataset_ratio')
93.95/41.27	(62.89473684210526, '0_log_inverse_dataset_ratio')
93.95/41.27	(63.0, '1_log_inverse_dataset_ratio')
93.95/41.27	(63.40350877192982, '0_symbols_max')
93.95/41.27	(64.17543859649123, '1_dataset_ratio')
93.95/41.27	(65.14035087719299, '0_symbols_min')
93.95/41.27	(65.73684210526316, '1_symbols_max')
93.95/41.27	(68.96491228070175, '1_percentage_of_features_with_missing_values')
93.95/41.27	(70.19298245614036, '1_class_probability_mean')
93.95/41.27	(71.29824561403508, '1_number_of_missing_values')
93.95/41.27	(71.87719298245614, '0_percentage_of_features_with_missing_values')
93.95/41.27	(71.91228070175438, '0_number_of_classes')
93.95/41.27	(72.33333333333333, '0_class_probability_mean')
93.95/41.27	(72.80701754385964, '1_number_of_classes')
93.95/41.27	(73.21052631578948, '1_symbols_min')
93.95/41.27	(74.08771929824562, '1_ratio_categorical_to_numerical')
93.95/41.27	(74.45614035087719, '0_symbols_std')
93.95/41.27	(75.19298245614036, '0_ratio_categorical_to_numerical')
93.95/41.27	(75.56140350877193, '1_percentage_of_missing_values')
93.95/41.27	(76.28070175438596, '1_number_of_Instances_with_missing_values')
93.95/41.27	(76.89473684210526, '1_symbols_std')
93.95/41.27	(79.45614035087719, '0_percentage_of_missing_values')
93.95/41.27	(82.7719298245614, '1_percentage_of_Instances_with_missing_values')
93.95/41.27	(83.12280701754386, '0_number_of_features_with_missing_values')
93.95/41.27	(83.50877192982456, '0_percentage_of_Instances_with_missing_values')
93.95/41.27	(83.89473684210526, '0_number_of_missing_values')
93.95/41.27	(84.33333333333333, '0_number_of_Instances_with_missing_values')
93.95/41.27	(85.42105263157895, '1_number_of_features_with_missing_values')
93.95/41.27	Result for ParamILS: SAT, 40.356265, 1, 0.329201, -1, /home/feurerm/thesis/Software/pyMetaLearn/optimizers/metalearn_optimizer/learn_distances.py
