0.74/1.30	['/home/feurerm/thesis/Software/pyMetaLearn/optimizers/metalearn_optimizer/learn_distances.py', '--input_file', '/home/feurerm/thesis/experiments/2014_04_25_predict_distances/testfold_0-3_spearman_rank_perm.pkl', '--fold', '0', '--folds', '1', '--params', '-max_features', '0.818293206099', '-min_samples_leaf', '9', '-min_samples_split', '9', '-n_estimators', '56', '-n_jobs', '4', '-seed', '49']
0.74/1.31	Metafeatures (57, 46)
0.74/1.31	X (3192, 92)
0.74/1.31	Y (3192,)
0.74/1.31	Dataset Mae MSE Rho
7.46/5.59	vehicle 0.462486047785 0.273436577333 -0.124435663032
14.61/7.86	anneal.ORIG 0.782800321883 0.68647318832 -0.214287908027
21.67/10.01	segment 0.301592523606 0.115310506985 0.716878702871
28.81/12.12	pendigits 0.389814662661 0.185147983486 0.279576229929
35.85/14.33	mushroom 0.233751747402 0.0651716576661 0.566263069175
42.85/16.46	labor 0.198577426564 0.0564059689264 0.494833766499
50.03/18.59	abalone 0.41833465417 0.222839944229 0.153201309811
57.01/20.76	diabetes 0.465768228923 0.313146832116 -0.243053554806
64.03/22.88	car 0.593455414931 0.46379473039 -0.108275187314
71.08/25.00	autos 0.195292620043 0.0488477628998 0.582746754407
78.18/27.11	mfeat-fourier 0.655906484939 0.56084252612 -0.500328328243
85.11/29.12	primary-tumor 0.191438034442 0.0452722748914 0.636722743307
92.14/31.23	waveform-5000 0.243853291179 0.0810227164938 0.626056829333
99.24/33.35	credit-a 0.45132205752 0.285410700144 0.158049452526
106.22/35.46	letter 0.293668602278 0.112221000866 0.538790260453
113.43/37.79	postoperative-patient-data 0.436270219947 0.237175098993 -0.203298784538
120.37/39.84	vowel 0.480491841209 0.283836817402 0.0778934929629
127.47/41.95	eucalyptus 0.282930609427 0.102499756053 0.436979263427
134.59/44.09	cylinder-bands 0.310721328622 0.115126386369 0.414031387907
141.68/46.20	ionosphere 0.411768633848 0.199885638087 -0.123142824975
148.67/48.34	mfeat-karhunen 0.276591642251 0.0995319132351 0.646419028738
155.69/50.46	balance-scale 0.250028653065 0.0891228892969 0.392699559958
162.66/52.58	mfeat-morphological 0.463284865727 0.285974345441 -0.168715366501
169.83/54.70	liver-disorders 0.148408823659 0.0302989863714 0.523922622792
176.84/56.81	dermatology 0.203794238005 0.0532118229401 0.512287080275
183.86/58.93	vote 0.074527546024 0.00901223435102 0.790247262632
190.94/65.49	breast-cancer 0.136495725153 0.0292759899492 0.443766663229
198.02/67.71	credit-g 0.545374569875 0.403404030522 -0.450230853516
205.05/69.89	soybean 0.117239695253 0.0188253161183 0.809639833494
212.08/72.23	arrhythmia 0.315358473406 0.121739358671 -0.180997328047
219.10/78.48	nursery 0.261157074849 0.086409261767 0.600846487212
226.08/80.59	hepatitis 0.285023422735 0.113855725607 0.151262052725
233.04/82.70	cmc 0.154553222844 0.0314787607315 0.69910217958
240.03/84.85	heart-c 0.260675133961 0.0911516357834 0.742089044991
246.96/87.11	glass 0.299683878887 0.113665291039 0.589210944695
254.33/93.14	braziltourism 0.710506048875 0.604091764062 -0.493217718927
261.38/95.26	iris 0.304255477302 0.122945167919 0.200713108423
268.44/100.81	heart-statlog 0.311966915734 0.127797495791 0.651267171454
275.71/103.23	page-blocks 0.56734170647 0.43399499891 -0.495156976013
282.78/105.34	breast-w 0.243546730728 0.0809444948786 0.398194121703
289.84/107.57	heart-h 0.185590671709 0.043892938904 0.663872342514
296.90/109.70	yeast 0.358347984795 0.16114841128 0.475441195637
303.97/111.82	tae 0.378037156497 0.175014320352 0.0678739980175
310.97/113.94	haberman 0.297595765324 0.12135925946 -0.0426636558967
318.04/116.04	mfeat-pixel 0.393981123499 0.19613967569 0.112476911
325.11/118.28	optdigits 0.254873445099 0.0810596193714 0.703627112781
332.12/120.39	mfeat-factors 0.260963231966 0.0893808942926 0.667427647172
339.24/122.50	satimage 0.333001594713 0.142894942817 0.113446539544
346.07/124.53	lymph 0.248295694214 0.0930081258825 0.379771179384
353.06/131.00	audiology 0.279265437487 0.0899239823072 0.496773023585
360.05/133.22	ecoli 0.407609773978 0.208523828458 0.0714293026756
367.15/135.34	tic-tac-toe 0.18023708152 0.0442940124536 0.700395017638
374.42/137.51	spambase 0.356954677414 0.170500606887 0.583716382951
381.36/139.62	zoo 0.202053080706 0.0548483021049 0.580161078292
388.43/143.42	sonar 0.540137775817 0.36391781588 -0.317714952625
395.45/145.54	mfeat-zernike 0.243090915298 0.0822491827106 0.532972489195
402.41/147.76	kr-vs-kp 0.24721919003 0.0747775597484 0.543961612683
402.62/147.91	MAE 0.331531810461 0.147224514391
402.62/147.91	MSE 0.168307597013 0.168307597013
402.62/147.91	Mean tau 0.295816090441 0.376242054237
402.62/147.91	(0.14035087719298245, '0_class_probability_max')
402.62/147.91	(1.0, '1_class_probability_max')
402.62/147.91	(2.4210526315789473, '1_skewness_min')
402.62/147.91	(2.5789473684210527, '0_skewness_min')
402.62/147.91	(7.807017543859649, '1_landmark_decision_tree')
402.62/147.91	(8.0, '1_class_probability_std')
402.62/147.91	(8.421052631578947, '0_landmark_naive_bayes')
402.62/147.91	(8.421052631578947, '1_landmark_naive_bayes')
402.62/147.91	(9.508771929824562, '1_class_entropy')
402.62/147.91	(12.350877192982455, '0_class_probability_std')
402.62/147.91	(12.508771929824562, '0_landmark_decision_tree')
402.62/147.91	(13.736842105263158, '0_class_entropy')
402.62/147.91	(14.228070175438596, '1_pca_skewness_first_pc')
402.62/147.91	(15.263157894736842, '1_landmark_lda')
402.62/147.91	(15.385964912280702, '0_pca_skewness_first_pc')
402.62/147.91	(15.964912280701755, '0_landmark_lda')
402.62/147.91	(20.105263157894736, '1_landmark_random_node_learner')
402.62/147.91	(20.350877192982455, '0_kurtosis_min')
402.62/147.91	(22.210526315789473, '1_kurtosis_min')
402.62/147.91	(24.50877192982456, '1_landmark_1NN')
402.62/147.91	(25.24561403508772, '0_landmark_random_node_learner')
402.62/147.91	(25.56140350877193, '0_landmark_1NN')
402.62/147.91	(27.473684210526315, '0_skewness_max')
402.62/147.91	(27.63157894736842, '0_class_probability_min')
402.62/147.91	(28.05263157894737, '1_class_probability_min')
402.62/147.91	(29.385964912280702, '1_number_of_numeric_features')
402.62/147.91	(29.982456140350877, '1_skewness_max')
402.62/147.91	(30.964912280701753, '0_kurtosis_max')
402.62/147.91	(32.24561403508772, '0_number_of_numeric_features')
402.62/147.91	(33.01754385964912, '0_log_number_of_features')
402.62/147.91	(33.56140350877193, '1_kurtosis_max')
402.62/147.91	(34.80701754385965, '1_log_number_of_instances')
402.62/147.91	(35.05263157894737, '0_number_of_features')
402.62/147.91	(35.14035087719298, '1_log_number_of_features')
402.62/147.91	(35.35087719298246, '1_number_of_instances')
402.62/147.91	(36.01754385964912, '0_number_of_instances')
402.62/147.91	(36.19298245614035, '0_log_number_of_instances')
402.62/147.92	(37.21052631578947, '0_skewness_mean')
402.62/147.92	(37.824561403508774, '0_skewness_std')
402.62/147.92	(39.333333333333336, '1_skewness_std')
402.62/147.92	(39.85964912280702, '1_number_of_features')
402.62/147.92	(39.96491228070175, '1_skewness_mean')
402.62/147.92	(41.07017543859649, '0_landmark_decision_node_learner')
402.62/147.92	(41.333333333333336, '1_landmark_decision_node_learner')
402.62/147.92	(41.78947368421053, '0_kurtosis_std')
402.62/147.92	(42.40350877192982, '0_symbols_mean')
402.62/147.92	(43.10526315789474, '1_pca_kurtosis_first_pc')
402.62/147.92	(43.771929824561404, '1_symbols_mean')
402.62/147.92	(46.0, '1_kurtosis_std')
402.62/147.92	(46.54385964912281, '0_pca_kurtosis_first_pc')
402.62/147.92	(49.280701754385966, '1_pca_95%')
402.62/147.92	(50.54385964912281, '1_symbols_min')
402.62/147.92	(50.70175438596491, '0_pca_95%')
402.62/147.92	(51.19298245614035, '0_symbols_min')
402.62/147.92	(52.719298245614034, '0_log_dataset_ratio')
402.62/147.92	(52.98245614035088, '1_log_dataset_ratio')
402.62/147.92	(53.1578947368421, '0_inverse_dataset_ratio')
402.62/147.92	(54.54385964912281, '1_dataset_ratio')
402.62/147.92	(55.43859649122807, '0_dataset_ratio')
402.62/147.92	(55.45614035087719, '0_symbols_sum')
402.62/147.92	(55.526315789473685, '1_inverse_dataset_ratio')
402.62/147.92	(55.59649122807018, '0_log_inverse_dataset_ratio')
402.62/147.92	(57.03508771929825, '0_ratio_numerical_to_categorical')
402.62/147.92	(57.05263157894737, '1_log_inverse_dataset_ratio')
402.62/147.92	(58.26315789473684, '1_symbols_sum')
402.62/147.92	(58.43859649122807, '1_ratio_numerical_to_categorical')
402.62/147.92	(64.33333333333333, '0_number_of_categorical_features')
402.62/147.92	(64.47368421052632, '0_kurtosis_mean')
402.62/147.92	(64.59649122807018, '1_number_of_categorical_features')
402.62/147.92	(65.89473684210526, '1_kurtosis_mean')
402.62/147.92	(73.14035087719299, '0_number_of_classes')
402.62/147.92	(73.19298245614036, '1_number_of_classes')
402.62/147.92	(73.35087719298245, '0_ratio_categorical_to_numerical')
402.62/147.92	(73.45614035087719, '0_symbols_max')
402.62/147.92	(73.73684210526316, '1_ratio_categorical_to_numerical')
402.62/147.92	(73.89473684210526, '1_class_probability_mean')
402.62/147.92	(74.05263157894737, '1_symbols_max')
402.62/147.92	(75.0701754385965, '0_class_probability_mean')
402.62/147.92	(76.26315789473684, '1_symbols_std')
402.62/147.92	(77.03508771929825, '0_symbols_std')
402.62/147.92	(77.15789473684211, '1_percentage_of_features_with_missing_values')
402.62/147.92	(79.70175438596492, '0_percentage_of_features_with_missing_values')
402.62/147.92	(81.75438596491227, '1_percentage_of_Instances_with_missing_values')
402.62/147.92	(83.29824561403508, '0_percentage_of_Instances_with_missing_values')
402.62/147.92	(83.52631578947368, '0_percentage_of_missing_values')
402.62/147.92	(83.6140350877193, '0_number_of_Instances_with_missing_values')
402.62/147.92	(83.7719298245614, '1_number_of_Instances_with_missing_values')
402.62/147.92	(85.03508771929825, '1_number_of_missing_values')
402.62/147.92	(85.2280701754386, '0_number_of_missing_values')
402.62/147.92	(85.3859649122807, '1_percentage_of_missing_values')
402.62/147.92	(87.98245614035088, '0_number_of_features_with_missing_values')
402.62/147.92	(88.3157894736842, '1_number_of_features_with_missing_values')
402.62/147.92	Result for ParamILS: SAT, 146.613262, 1, 0.331532, -1, /home/feurerm/thesis/Software/pyMetaLearn/optimizers/metalearn_optimizer/learn_distances.py
