0.74/8.28	['/home/feurerm/thesis/Software/pyMetaLearn/optimizers/metalearn_optimizer/learn_distances.py', '--input_file', '/home/feurerm/thesis/experiments/2014_04_25_predict_distances/testfold_0-3_spearman_rank_perm.pkl', '--fold', '0', '--folds', '1', '--params', '-max_features', '0.932272428966', '-min_samples_leaf', '2', '-min_samples_split', '8', '-n_estimators', '64', '-n_jobs', '4', '-seed', '84']
0.74/8.29	Metafeatures (57, 46)
0.74/8.29	X (3192, 92)
0.74/8.29	Y (3192,)
0.74/8.29	Dataset Mae MSE Rho
10.98/11.38	vehicle 0.501995661564 0.322071879774 -0.2226913554
21.71/14.47	anneal.ORIG 0.805056203065 0.720385951089 -0.209762974826
32.21/17.57	segment 0.263616013427 0.0880691616464 0.785722329431
42.85/20.79	pendigits 0.392569202216 0.190437829116 0.251133792665
53.44/27.94	mushroom 0.241251712614 0.0705316939192 0.525861879878
64.13/30.93	labor 0.207262160929 0.0640084885098 0.455402205746
74.72/39.00	abalone 0.375553122228 0.179961144354 0.365226751237
85.04/42.24	diabetes 0.507878487537 0.371408031251 -0.47641082418
95.61/45.38	car 0.658126200578 0.551763889264 -0.0969628543107
106.24/48.46	autos 0.165413683076 0.0364823585617 0.677770351632
117.03/51.63	mfeat-fourier 0.686487865339 0.607770321489 -0.499681909215
127.63/60.00	primary-tumor 0.166327363587 0.0347136635487 0.688113056092
138.31/63.35	waveform-5000 0.213695622837 0.0668111043026 0.703627112781
149.07/66.51	credit-a 0.438278159022 0.26891778722 0.180027699504
159.73/74.17	letter 0.311266661679 0.124551367154 0.48675352864
170.60/77.27	postoperative-patient-data 0.462874545097 0.264724180764 -0.277636972843
181.19/80.36	vowel 0.472976456056 0.277014451088 0.110537653914
191.80/83.53	eucalyptus 0.233189711481 0.0720787250857 0.643510143109
202.47/86.72	cylinder-bands 0.258505704234 0.0817252549737 0.62217831516
213.24/89.80	ionosphere 0.463879981317 0.259955035355 -0.292827820018
224.01/93.00	mfeat-karhunen 0.261459566704 0.0936963666941 0.569495164318
234.53/101.52	balance-scale 0.261789202974 0.0979216404377 0.321593466797
245.01/104.51	mfeat-morphological 0.515958118354 0.356601490332 -0.286040420217
255.66/108.18	liver-disorders 0.134917481719 0.0252084148354 0.509378194646
266.37/112.76	dermatology 0.234889936663 0.0696624390814 0.440534568085
276.99/120.27	vote 0.0773752817894 0.0091034315597 0.763097663425
287.69/123.64	breast-cancer 0.107912266724 0.0174297313152 0.56367739306
298.50/126.90	credit-g 0.594539974119 0.481966499081 -0.575636145091
309.06/134.30	soybean 0.106886317492 0.0157510013027 0.826123518727
319.64/141.28	arrhythmia 0.324954674447 0.13411381118 -0.285394001188
330.14/148.57	nursery 0.22232592597 0.0636101202768 0.681648865804
340.71/155.53	hepatitis 0.31292363537 0.143865733159 -0.084034473736
351.32/160.22	cmc 0.172963347295 0.0421678048034 0.582746754407
361.85/163.51	heart-c 0.197510828763 0.0530891549309 0.857798051135
372.48/171.94	glass 0.26313533958 0.0858421526544 0.686173799005
383.64/175.38	braziltourism 0.724008879213 0.648108638923 -0.647388657281
394.16/178.36	iris 0.277675477587 0.103546197969 0.342602085231
404.70/186.02	heart-statlog 0.289780485571 0.112925162369 0.661609875913
415.68/193.82	page-blocks 0.604247865213 0.486451668569 -0.643833352623
426.32/201.34	breast-w 0.247566756234 0.0818685423629 0.39948695976
436.94/204.48	heart-h 0.143012558793 0.0287253680402 0.723989312187
447.55/207.64	yeast 0.314580412135 0.124969636318 0.589534154209
458.17/210.81	tae 0.36442792012 0.166773493953 -0.0323209514369
468.94/213.90	haberman 0.299716287886 0.124803994048 -0.0649651123882
479.55/217.01	mfeat-pixel 0.420173104046 0.216034159722 0.0846808927647
490.14/220.24	optdigits 0.214195798941 0.0583963292927 0.742089044991
500.88/226.26	mfeat-factors 0.252081508008 0.0813424923963 0.681972075319
511.49/229.34	satimage 0.383285218543 0.179255207765 0.0164836852328
522.10/232.61	lymph 0.255965617284 0.0990370882657 0.314482857481
532.52/235.77	audiology 0.270849218815 0.0875849434142 0.484491062039
543.20/238.85	ecoli 0.396954749814 0.196585245683 0.21752000317
553.79/242.01	tic-tac-toe 0.152818759613 0.0319508042791 0.749522863822
564.66/245.17	spambase 0.356233352391 0.165798662026 0.666458018629
575.30/248.25	zoo 0.201112106485 0.0570459410768 0.550102593456
586.02/256.32	sonar 0.562100545621 0.397663794113 -0.338400361544
596.77/259.65	mfeat-zernike 0.213932043939 0.0647701553318 0.655145685626
607.42/262.72	kr-vs-kp 0.219580969604 0.0591157997876 0.607957096528
607.68/262.93	MAE 0.329474492135 0.164292478987
607.68/262.93	MSE 0.173967814663 0.173967814663
607.68/262.93	Mean tau 0.293899514724 0.432358564398
607.68/262.93	(0.543859649122807, '0_class_probability_max')
607.68/262.93	(0.7368421052631579, '1_class_probability_max')
607.68/262.93	(2.210526315789474, '0_skewness_min')
607.68/262.93	(2.789473684210526, '1_skewness_min')
607.68/262.93	(6.333333333333333, '0_landmark_naive_bayes')
607.68/262.93	(6.649122807017544, '1_landmark_naive_bayes')
607.68/262.93	(7.859649122807017, '1_class_entropy')
607.68/262.93	(10.263157894736842, '0_class_entropy')
607.68/262.93	(11.982456140350877, '0_pca_skewness_first_pc')
607.68/262.93	(12.0, '1_pca_skewness_first_pc')
607.68/262.93	(13.0, '0_landmark_lda')
607.68/262.93	(13.87719298245614, '1_landmark_lda')
607.68/262.93	(14.035087719298245, '1_landmark_decision_tree')
607.68/262.93	(15.508771929824562, '0_landmark_decision_tree')
607.68/262.93	(16.105263157894736, '0_class_probability_std')
607.68/262.93	(16.350877192982455, '1_class_probability_std')
607.68/262.93	(17.50877192982456, '1_kurtosis_min')
607.68/262.93	(17.54385964912281, '0_kurtosis_min')
607.68/262.93	(23.31578947368421, '1_landmark_1NN')
607.68/262.93	(24.017543859649123, '0_landmark_1NN')
607.68/262.93	(24.017543859649123, '1_class_probability_min')
607.68/262.93	(25.43859649122807, '0_class_probability_min')
607.68/262.93	(28.473684210526315, '0_skewness_mean')
607.68/262.93	(28.526315789473685, '1_skewness_max')
607.68/262.93	(28.63157894736842, '1_kurtosis_max')
607.68/262.93	(28.771929824561404, '0_kurtosis_max')
607.68/262.93	(30.70175438596491, '0_number_of_numeric_features')
607.68/262.93	(30.719298245614034, '0_number_of_instances')
607.68/262.93	(31.087719298245613, '1_log_number_of_instances')
607.68/262.93	(31.228070175438596, '1_number_of_numeric_features')
607.68/262.93	(31.92982456140351, '1_skewness_mean')
607.68/262.93	(32.26315789473684, '0_skewness_max')
607.68/262.93	(32.578947368421055, '1_number_of_instances')
607.68/262.93	(33.8421052631579, '0_log_number_of_instances')
607.68/262.93	(37.08771929824562, '0_log_number_of_features')
607.68/262.93	(37.421052631578945, '1_log_number_of_features')
607.68/262.93	(38.24561403508772, '0_landmark_decision_node_learner')
607.68/262.93	(38.36842105263158, '1_number_of_features')
607.68/262.93	(38.578947368421055, '0_number_of_features')
607.68/262.93	(38.92982456140351, '1_landmark_decision_node_learner')
607.68/262.93	(39.05263157894737, '1_landmark_random_node_learner')
607.68/262.93	(39.8421052631579, '0_pca_kurtosis_first_pc')
607.68/262.93	(40.03508771929825, '1_symbols_mean')
607.68/262.93	(40.64912280701754, '0_symbols_mean')
607.68/262.93	(42.29824561403509, '1_pca_kurtosis_first_pc')
607.68/262.93	(42.40350877192982, '1_skewness_std')
607.68/262.93	(42.70175438596491, '0_landmark_random_node_learner')
607.68/262.93	(45.1578947368421, '0_skewness_std')
607.68/262.93	(47.07017543859649, '0_symbols_min')
607.68/262.93	(47.40350877192982, '1_kurtosis_std')
607.68/262.93	(47.59649122807018, '1_symbols_min')
607.68/262.93	(48.175438596491226, '0_pca_95%')
607.68/262.93	(48.175438596491226, '1_pca_95%')
607.68/262.93	(52.31578947368421, '0_log_inverse_dataset_ratio')
607.68/262.93	(52.96491228070175, '0_inverse_dataset_ratio')
607.68/262.93	(53.19298245614035, '0_log_dataset_ratio')
607.68/262.93	(53.21052631578947, '0_dataset_ratio')
607.68/262.93	(53.45614035087719, '1_log_dataset_ratio')
607.68/262.93	(53.50877192982456, '1_inverse_dataset_ratio')
607.68/262.93	(54.03508771929825, '1_log_inverse_dataset_ratio')
607.68/262.93	(54.05263157894737, '1_dataset_ratio')
607.68/262.93	(54.6140350877193, '0_kurtosis_std')
607.68/262.93	(57.10526315789474, '1_symbols_sum')
607.68/262.93	(57.24561403508772, '0_ratio_numerical_to_categorical')
607.68/262.93	(59.94736842105263, '1_ratio_numerical_to_categorical')
607.68/262.93	(62.45614035087719, '0_symbols_sum')
607.68/262.93	(64.03508771929825, '0_kurtosis_mean')
607.68/262.93	(64.28070175438596, '1_number_of_categorical_features')
607.68/262.93	(64.6140350877193, '1_kurtosis_mean')
607.68/262.93	(68.10526315789474, '0_number_of_categorical_features')
607.68/262.93	(72.6140350877193, '0_ratio_categorical_to_numerical')
607.68/262.93	(73.0, '0_class_probability_mean')
607.68/262.93	(73.36842105263158, '1_class_probability_mean')
607.68/262.93	(73.42105263157895, '1_ratio_categorical_to_numerical')
607.68/262.93	(73.45614035087719, '0_number_of_classes')
607.68/262.93	(73.7719298245614, '1_number_of_classes')
607.68/262.93	(75.36842105263158, '1_symbols_max')
607.68/262.93	(76.85964912280701, '0_symbols_std')
607.68/262.93	(77.75438596491227, '0_symbols_max')
607.68/262.93	(78.42105263157895, '1_symbols_std')
607.68/262.93	(80.01754385964912, '1_percentage_of_features_with_missing_values')
607.68/262.93	(81.0701754385965, '0_percentage_of_features_with_missing_values')
607.68/262.93	(81.75438596491227, '0_number_of_Instances_with_missing_values')
607.68/262.93	(82.24561403508773, '1_percentage_of_Instances_with_missing_values')
607.68/262.93	(82.52631578947368, '1_number_of_Instances_with_missing_values')
607.68/262.93	(82.6842105263158, '0_percentage_of_Instances_with_missing_values')
607.68/262.93	(84.63157894736842, '0_number_of_missing_values')
607.68/262.93	(85.45614035087719, '1_number_of_missing_values')
607.68/262.93	(85.98245614035088, '0_percentage_of_missing_values')
607.68/262.93	(86.24561403508773, '1_percentage_of_missing_values')
607.68/262.93	(88.0701754385965, '0_number_of_features_with_missing_values')
607.68/262.93	(88.10526315789474, '1_number_of_features_with_missing_values')
607.68/262.93	Result for ParamILS: SAT, 254.651856, 1, 0.329474, -1, /home/feurerm/thesis/Software/pyMetaLearn/optimizers/metalearn_optimizer/learn_distances.py
