0.73/1.49	['/home/feurerm/thesis/Software/pyMetaLearn/optimizers/metalearn_optimizer/learn_distances.py', '--input_file', '/home/feurerm/thesis/experiments/2014_04_25_predict_distances/testfold_0-3_spearman_rank_perm.pkl', '--fold', '0', '--folds', '1', '--params', '-max_features', '0.259263597884', '-min_samples_leaf', '10', '-min_samples_split', '6', '-n_estimators', '66', '-n_jobs', '4', '-seed', '62']
0.80/1.51	Metafeatures (57, 46)
0.80/1.51	X (3192, 92)
0.80/1.51	Y (3192,)
0.80/1.51	Dataset Mae MSE Rho
3.41/2.44	vehicle 0.385707972524 0.189688958583 0.17679560436
6.31/3.48	anneal.ORIG 0.509327144769 0.305970594419 0.343571713774
9.27/4.52	segment 0.300139673914 0.113683534837 0.690375522692
12.19/5.75	pendigits 0.389494182666 0.18321980706 0.307372248165
15.10/6.94	mushroom 0.223886631826 0.0607298330139 0.57111121189
18.01/8.15	labor 0.18171379344 0.0455530323508 0.794125776805
21.00/9.20	abalone 0.430949690686 0.235877660528 0.113769749058
23.82/10.25	diabetes 0.480385890842 0.3201480818 -0.102134206541
26.72/11.36	car 0.437259732778 0.285322647503 0.286686839245
29.55/12.43	autos 0.223123805542 0.063477170032 0.652883219025
32.47/13.56	mfeat-fourier 0.617761346642 0.497077530956 -0.447321967887
35.33/16.45	primary-tumor 0.20182119885 0.0499959403022 0.617006962931
38.13/18.83	waveform-5000 0.282776190747 0.105210651378 0.469300214864
40.94/19.87	credit-a 0.397541591486 0.219045445479 0.297675962734
43.80/20.90	letter 0.273447141055 0.10092612142 0.671952580373
46.74/22.35	postoperative-patient-data 0.419286909512 0.210767074897 -0.311573971852
49.56/23.39	vowel 0.509708418935 0.323450492889 0.0138980091179
52.46/24.44	eucalyptus 0.305635127485 0.123583066673 0.446352339344
55.32/25.49	cylinder-bands 0.296027443542 0.105125192834 0.565293440631
58.19/26.54	ionosphere 0.415141815574 0.201435107959 -0.0488046366697
61.01/27.64	mfeat-karhunen 0.28395290702 0.105723433837 0.501297956786
63.92/33.07	balance-scale 0.197812551493 0.0580173533708 0.677447142118
66.82/34.11	mfeat-morphological 0.451534414286 0.272122826755 -0.13316231992
69.63/35.18	liver-disorders 0.221994287072 0.0684710507995 0.5555971552
72.45/38.81	dermatology 0.193758784686 0.0479916455773 0.559798878887
75.32/39.87	vote 0.0817359565787 0.0112276499364 0.787338377003
78.24/40.91	breast-cancer 0.255768415077 0.0911343279241 -0.361348237065
81.16/41.95	credit-g 0.489775084037 0.32155881536 -0.448938015459
84.02/42.99	soybean 0.117988690166 0.0199284526634 0.848101765704
86.91/44.16	arrhythmia 0.258979932131 0.0838172741572 0.109244815857
89.79/45.20	nursery 0.273892429576 0.0970124876057 0.585655640037
92.63/46.54	hepatitis 0.460937460161 0.293341145962 -0.265031801783
95.53/47.85	cmc 0.175404805489 0.0384532900778 0.733685597618
98.41/49.24	heart-c 0.308231089178 0.122473462713 0.63542990525
101.29/50.64	glass 0.386446091822 0.181129583284 0.189723984935
104.18/51.74	braziltourism 0.588025744524 0.423511092555 -0.420818787709
107.05/52.84	iris 0.326034344447 0.141738846824 0.16128154767
109.90/54.81	heart-statlog 0.378451661996 0.194063739727 0.510024613674
112.81/59.30	page-blocks 0.443558001598 0.267080445591 0.0862969403365
115.69/60.34	breast-w 0.238591139684 0.0772656929674 0.57628256412
118.51/62.11	heart-h 0.195669345205 0.0480821811526 0.620885477103
121.37/65.82	yeast 0.383570511863 0.181367203304 0.405627940533
124.24/66.86	tae 0.340042213278 0.145069622635 0.0675507885031
127.18/67.92	haberman 0.282635003583 0.102934319271 -0.0423404463823
130.08/68.97	mfeat-pixel 0.370699492541 0.169242605087 0.158695871555
132.98/70.62	optdigits 0.257146122843 0.083034270775 0.666781228143
135.87/71.66	mfeat-factors 0.274457653133 0.100520401294 0.641247676508
138.75/72.88	satimage 0.333133345338 0.13822534485 0.143181814865
141.63/74.02	lymph 0.312465380434 0.13001584753 0.474794776608
144.47/77.10	audiology 0.298565437767 0.1101004477 0.486430319125
147.38/79.12	ecoli 0.427093357956 0.235548890538 0.0808023785923
150.21/80.17	tic-tac-toe 0.210780728675 0.0667650870867 0.733362388103
153.14/81.54	spambase 0.351388785895 0.159158614741 0.765360130026
156.00/83.12	zoo 0.181159418295 0.046032424162 0.681648865804
158.89/84.17	sonar 0.530204415637 0.352555599009 -0.383003274527
161.77/89.52	mfeat-zernike 0.235806538369 0.0772492778289 0.583716382951
164.61/90.57	kr-vs-kp 0.226355161737 0.0625271392466 0.598907230126
164.84/90.77	MAE 0.326757586077 0.11641046889
164.84/90.77	MSE 0.155522453312 0.155522453312
164.84/90.77	Mean tau 0.327717436543 0.365988724921
164.84/90.77	(0.07017543859649122, '1_class_probability_max')
164.84/90.77	(1.2280701754385965, '0_class_probability_max')
164.84/90.77	(3.8421052631578947, '0_class_probability_std')
164.84/90.77	(4.9298245614035086, '1_landmark_random_node_learner')
164.84/90.77	(5.666666666666667, '1_class_probability_std')
164.84/90.77	(5.982456140350878, '1_landmark_decision_tree')
164.84/90.77	(6.350877192982456, '0_landmark_decision_tree')
164.84/90.77	(7.7368421052631575, '0_skewness_min')
164.84/90.77	(7.7368421052631575, '1_skewness_min')
164.84/90.77	(8.508771929824562, '0_landmark_random_node_learner')
164.84/90.77	(9.701754385964913, '1_landmark_naive_bayes')
164.84/90.77	(10.403508771929825, '0_landmark_naive_bayes')
164.84/90.77	(11.157894736842104, '1_class_entropy')
164.84/90.77	(12.368421052631579, '0_class_entropy')
164.84/90.77	(15.368421052631579, '0_landmark_lda')
164.84/90.77	(15.491228070175438, '0_landmark_1NN')
164.84/90.77	(16.29824561403509, '1_landmark_1NN')
164.84/90.77	(18.56140350877193, '0_pca_skewness_first_pc')
164.84/90.77	(21.75438596491228, '1_landmark_lda')
164.84/90.77	(23.649122807017545, '1_pca_skewness_first_pc')
164.84/90.77	(24.0, '0_skewness_max')
164.84/90.77	(24.912280701754387, '1_log_number_of_features')
164.84/90.77	(25.0, '1_number_of_features')
164.84/90.77	(25.280701754385966, '1_skewness_std')
164.84/90.77	(27.0, '0_number_of_features')
164.84/90.77	(27.157894736842106, '1_skewness_max')
164.84/90.77	(27.31578947368421, '0_log_number_of_features')
164.84/90.77	(27.45614035087719, '0_skewness_std')
164.84/90.77	(30.280701754385966, '1_kurtosis_std')
164.84/90.77	(31.228070175438596, '0_kurtosis_std')
164.84/90.77	(31.771929824561404, '1_symbols_sum')
164.84/90.77	(32.333333333333336, '1_number_of_numeric_features')
164.84/90.77	(32.3859649122807, '0_kurtosis_min')
164.84/90.77	(34.68421052631579, '1_kurtosis_min')
164.84/90.77	(37.03508771929825, '0_landmark_decision_node_learner')
164.84/90.77	(37.21052631578947, '0_number_of_numeric_features')
164.84/90.77	(38.07017543859649, '1_number_of_categorical_features')
164.84/90.77	(38.73684210526316, '0_symbols_sum')
164.84/90.77	(39.03508771929825, '0_number_of_categorical_features')
164.84/90.77	(39.54385964912281, '1_kurtosis_max')
164.84/90.77	(41.473684210526315, '1_landmark_decision_node_learner')
164.84/90.77	(42.40350877192982, '0_kurtosis_max')
164.84/90.77	(42.6140350877193, '0_ratio_numerical_to_categorical')
164.84/90.77	(45.228070175438596, '0_class_probability_min')
164.84/90.77	(45.59649122807018, '1_class_probability_min')
164.84/90.77	(46.35087719298246, '1_pca_kurtosis_first_pc')
164.84/90.77	(47.14035087719298, '0_pca_95%')
164.84/90.77	(48.36842105263158, '0_pca_kurtosis_first_pc')
164.84/90.77	(50.64912280701754, '1_pca_95%')
164.84/90.77	(52.578947368421055, '1_symbols_mean')
164.84/90.77	(52.59649122807018, '0_skewness_mean')
164.84/90.77	(53.43859649122807, '0_log_number_of_instances')
164.84/90.77	(53.43859649122807, '1_skewness_mean')
164.84/90.77	(53.64912280701754, '1_log_number_of_instances')
164.84/90.77	(53.666666666666664, '0_symbols_mean')
164.84/90.77	(53.89473684210526, '0_number_of_instances')
164.84/90.77	(55.3859649122807, '1_number_of_instances')
164.84/90.77	(56.92982456140351, '1_ratio_numerical_to_categorical')
164.84/90.77	(59.421052631578945, '1_kurtosis_mean')
164.84/90.77	(60.36842105263158, '1_log_inverse_dataset_ratio')
164.84/90.77	(60.94736842105263, '0_kurtosis_mean')
164.84/90.77	(61.1578947368421, '1_log_dataset_ratio')
164.84/90.77	(61.49122807017544, '0_log_dataset_ratio')
164.84/90.77	(61.63157894736842, '0_dataset_ratio')
164.84/90.77	(61.87719298245614, '0_log_inverse_dataset_ratio')
164.84/90.77	(62.03508771929825, '1_inverse_dataset_ratio')
164.84/90.77	(62.578947368421055, '0_inverse_dataset_ratio')
164.84/90.77	(63.228070175438596, '1_dataset_ratio')
164.84/90.77	(66.40350877192982, '1_symbols_min')
164.84/90.77	(68.45614035087719, '0_percentage_of_features_with_missing_values')
164.84/90.77	(69.47368421052632, '0_symbols_min')
164.84/90.77	(69.57894736842105, '1_symbols_max')
164.84/90.77	(70.21052631578948, '0_symbols_max')
164.84/90.77	(70.24561403508773, '1_percentage_of_features_with_missing_values')
164.84/90.77	(72.01754385964912, '0_number_of_classes')
164.84/90.77	(72.50877192982456, '1_percentage_of_missing_values')
164.84/90.77	(73.40350877192982, '0_percentage_of_missing_values')
164.84/90.77	(73.47368421052632, '0_class_probability_mean')
164.84/90.77	(74.54385964912281, '1_class_probability_mean')
164.84/90.77	(75.29824561403508, '1_ratio_categorical_to_numerical')
164.84/90.77	(75.63157894736842, '1_number_of_classes')
164.84/90.77	(75.85964912280701, '0_symbols_std')
164.84/90.77	(76.80701754385964, '0_ratio_categorical_to_numerical')
164.84/90.77	(78.6140350877193, '1_symbols_std')
164.84/90.77	(82.57894736842105, '1_number_of_Instances_with_missing_values')
164.84/90.77	(83.14035087719299, '0_number_of_missing_values')
164.84/90.77	(83.50877192982456, '0_number_of_Instances_with_missing_values')
164.84/90.77	(84.47368421052632, '0_number_of_features_with_missing_values')
164.84/90.77	(85.05263157894737, '1_percentage_of_Instances_with_missing_values')
164.84/90.77	(85.24561403508773, '0_percentage_of_Instances_with_missing_values')
164.84/90.77	(85.63157894736842, '1_number_of_features_with_missing_values')
164.84/90.77	(86.45614035087719, '1_number_of_missing_values')
164.84/90.77	Result for ParamILS: SAT, 89.279312, 1, 0.326758, -1, /home/feurerm/thesis/Software/pyMetaLearn/optimizers/metalearn_optimizer/learn_distances.py
