0.67/1.00	['/home/feurerm/thesis/Software/pyMetaLearn/optimizers/metalearn_optimizer/learn_distances.py', '--input_file', '/home/feurerm/thesis/experiments/2014_04_25_predict_distances/testfold_0-3_spearman_rank_perm.pkl', '--fold', '0', '--folds', '1', '--params', '-max_features', '0.486630764882', '-min_samples_leaf', '2', '-min_samples_split', '9', '-n_estimators', '90', '-n_jobs', '4', '-seed', '1']
0.75/1.01	Metafeatures (57, 46)
0.75/1.01	X (3192, 92)
0.75/1.01	Y (3192,)
0.75/1.01	Dataset Mae MSE Rho
8.39/3.26	vehicle 0.436046062805 0.240150803464 -0.03329057998
16.39/5.81	anneal.ORIG 0.600883787787 0.407360467245 0.0639954838451
24.62/8.35	segment 0.272775149422 0.0940690880747 0.754047797023
32.95/10.98	pendigits 0.384156947756 0.177902687772 0.295413496133
41.06/13.64	mushroom 0.20459530465 0.0511672333473 0.620562267589
49.24/16.29	labor 0.2008599094 0.057895634009 0.680356027747
57.47/18.96	abalone 0.402592350814 0.207590003851 0.272142411099
65.64/21.60	diabetes 0.487840063971 0.337634308416 -0.163544014271
73.74/24.14	car 0.509385395472 0.355699075106 0.155140566897
81.73/26.68	autos 0.212775878776 0.0585035775348 0.519720899105
90.07/29.32	mfeat-fourier 0.695395149367 0.628028468095 -0.517458432505
98.19/31.87	primary-tumor 0.19386683795 0.0473486324239 0.616683753416
106.47/34.53	waveform-5000 0.256237434107 0.0894249465393 0.52521546085
114.68/37.11	credit-a 0.408032011243 0.242652908805 0.243699973834
122.83/39.77	letter 0.274189538174 0.0976561987464 0.617330172445
131.33/42.44	postoperative-patient-data 0.45948097648 0.260869750266 -0.487399947669
139.63/45.08	vowel 0.500528666401 0.309883205996 0.0216550374627
147.65/47.54	eucalyptus 0.279382182406 0.102868973149 0.502590794844
155.88/50.21	cylinder-bands 0.255349927426 0.0762112148182 0.638662000393
164.22/52.89	ionosphere 0.437290672236 0.21972563587 -0.144474652923
172.44/55.53	mfeat-karhunen 0.24457942653 0.0808227132428 0.695223665408
180.82/58.21	balance-scale 0.196964008942 0.0556223337088 0.608280306043
188.85/60.75	mfeat-morphological 0.507376399237 0.34121272028 -0.230448383745
197.05/63.42	liver-disorders 0.175603978928 0.0473817756802 0.538790260453
205.29/66.11	dermatology 0.223669844948 0.0632293455933 0.468977005349
213.57/68.76	vote 0.0693925123041 0.00836021450377 0.785399119917
221.73/71.31	breast-cancer 0.171929112828 0.0431184452165 0.377831922297
229.95/73.96	credit-g 0.508394607424 0.348175526941 -0.41500101645
238.26/76.60	soybean 0.109131511934 0.0170095726799 0.857151632107
246.53/79.15	arrhythmia 0.30233757272 0.11329108926 -0.0956700162532
254.60/81.71	nursery 0.214132383772 0.0578491570582 0.721403636072
262.61/84.37	hepatitis 0.403423582835 0.229017183394 -0.305109781564
270.83/86.92	cmc 0.178456649086 0.0403896965897 0.662902713971
278.95/89.52	heart-c 0.248029500468 0.0803996384212 0.815780814267
287.07/92.08	glass 0.348094266506 0.14339416252 0.425990139938
295.38/94.71	braziltourism 0.622815185745 0.482495204653 -0.571757630919
303.53/97.27	iris 0.318836194297 0.135521676186 0.175825975817
311.59/99.82	heart-statlog 0.34220391891 0.159296294941 0.605048210899
320.07/102.47	page-blocks 0.551372677962 0.407601293634 -0.48158217641
328.26/105.12	breast-w 0.21882807932 0.0645825192894 0.606664258471
336.58/107.80	heart-h 0.145734081184 0.0282935574965 0.726898197816
344.77/110.47	yeast 0.325516239721 0.13037878048 0.661609875913
353.05/113.11	tae 0.368445361284 0.169221122629 0.00581777125864
361.25/115.78	haberman 0.294632571452 0.112444305031 -0.0756310263624
369.59/118.43	mfeat-pixel 0.394436218656 0.189618690226 0.13316231992
377.85/121.08	optdigits 0.200717081776 0.0508028153402 0.76568333954
386.08/123.76	mfeat-factors 0.275726045608 0.100994584152 0.636399533793
394.51/126.42	satimage 0.372952757336 0.168487261467 0.0759542358767
402.57/128.98	lymph 0.284531620145 0.116928751594 0.39948695976
410.73/131.63	audiology 0.273619712178 0.0921225556555 0.542345565111
419.11/134.32	ecoli 0.436441293846 0.24399364884 0.0352298370662
427.34/136.88	tic-tac-toe 0.168645797945 0.0433286311186 0.784429491374
435.72/139.53	spambase 0.387193998275 0.188742122612 0.730453502474
443.94/142.19	zoo 0.186029099688 0.044858372889 0.644479771652
452.14/144.75	sonar 0.559281015412 0.393097125997 -0.367166008323
460.34/147.39	mfeat-zernike 0.223266005477 0.0697041121048 0.584039592465
468.36/149.92	kr-vs-kp 0.208593777055 0.0546219950466 0.631228181563
468.75/150.20	MAE 0.325140321726 0.138913725981
468.75/150.20	MSE 0.161035996667 0.161035996667
468.75/150.20	Mean tau 0.321774917753 0.407871486162
468.75/150.20	(0.3508771929824561, '1_class_probability_max')
468.75/150.20	(0.7719298245614035, '0_class_probability_max')
468.75/150.20	(2.56140350877193, '0_skewness_min')
468.75/150.20	(2.6491228070175437, '1_skewness_min')
468.75/150.20	(5.754385964912281, '1_class_entropy')
468.75/150.20	(7.421052631578948, '0_class_entropy')
468.75/150.20	(7.543859649122807, '0_class_probability_std')
468.75/150.20	(7.807017543859649, '1_class_probability_std')
468.75/150.20	(8.017543859649123, '1_landmark_decision_tree')
468.75/150.20	(8.070175438596491, '0_landmark_decision_tree')
468.75/150.20	(9.333333333333334, '0_landmark_random_node_learner')
468.75/150.20	(10.824561403508772, '1_landmark_naive_bayes')
468.75/150.20	(10.87719298245614, '0_landmark_naive_bayes')
468.75/150.20	(12.157894736842104, '1_landmark_random_node_learner')
468.75/150.20	(18.035087719298247, '0_pca_skewness_first_pc')
468.75/150.20	(18.24561403508772, '0_landmark_1NN')
468.75/150.20	(18.736842105263158, '1_pca_skewness_first_pc')
468.75/150.20	(22.57894736842105, '1_number_of_features')
468.75/150.20	(22.68421052631579, '0_landmark_lda')
468.75/150.20	(23.789473684210527, '0_skewness_std')
468.75/150.20	(23.80701754385965, '1_skewness_std')
468.75/150.20	(24.05263157894737, '0_log_number_of_features')
468.75/150.20	(24.140350877192983, '1_log_number_of_features')
468.75/150.20	(24.50877192982456, '1_kurtosis_min')
468.75/150.20	(24.964912280701753, '0_skewness_max')
468.75/150.20	(25.596491228070175, '1_kurtosis_std')
468.75/150.20	(25.719298245614034, '0_kurtosis_min')
468.75/150.20	(25.92982456140351, '0_number_of_features')
468.75/150.20	(26.140350877192983, '1_landmark_1NN')
468.75/150.20	(26.45614035087719, '1_landmark_lda')
468.75/150.20	(28.526315789473685, '1_skewness_max')
468.75/150.20	(30.24561403508772, '0_kurtosis_std')
468.75/150.20	(33.54385964912281, '0_number_of_numeric_features')
468.75/150.20	(34.07017543859649, '1_number_of_numeric_features')
468.75/150.20	(37.0, '1_symbols_sum')
468.75/150.20	(39.21052631578947, '0_class_probability_min')
468.75/150.20	(39.24561403508772, '1_class_probability_min')
468.75/150.20	(39.333333333333336, '0_kurtosis_max')
468.75/150.20	(40.228070175438596, '0_symbols_sum')
468.75/150.20	(40.666666666666664, '0_number_of_categorical_features')
468.75/150.20	(40.8421052631579, '1_kurtosis_max')
468.75/150.20	(43.05263157894737, '0_landmark_decision_node_learner')
468.75/150.20	(44.8421052631579, '1_number_of_categorical_features')
468.75/150.20	(44.96491228070175, '0_pca_kurtosis_first_pc')
468.75/150.20	(45.35087719298246, '1_pca_kurtosis_first_pc')
468.75/150.20	(45.80701754385965, '0_log_number_of_instances')
468.75/150.20	(45.87719298245614, '1_number_of_instances')
468.75/150.20	(46.29824561403509, '1_landmark_decision_node_learner')
468.75/150.20	(47.0, '1_log_number_of_instances')
468.75/150.20	(47.771929824561404, '0_number_of_instances')
468.75/150.20	(49.70175438596491, '0_skewness_mean')
468.75/150.20	(50.43859649122807, '0_pca_95%')
468.75/150.20	(51.21052631578947, '1_pca_95%')
468.75/150.20	(51.70175438596491, '1_skewness_mean')
468.75/150.20	(55.0, '0_symbols_mean')
468.75/150.20	(55.75438596491228, '1_symbols_mean')
468.75/150.20	(56.29824561403509, '0_dataset_ratio')
468.75/150.20	(56.63157894736842, '0_ratio_numerical_to_categorical')
468.75/150.20	(56.70175438596491, '1_log_dataset_ratio')
468.75/150.20	(57.85964912280702, '0_log_inverse_dataset_ratio')
468.75/150.20	(58.40350877192982, '1_log_inverse_dataset_ratio')
468.75/150.20	(58.578947368421055, '1_inverse_dataset_ratio')
468.75/150.20	(58.87719298245614, '0_log_dataset_ratio')
468.75/150.20	(58.94736842105263, '1_dataset_ratio')
468.75/150.20	(59.01754385964912, '0_inverse_dataset_ratio')
468.75/150.20	(60.280701754385966, '1_ratio_numerical_to_categorical')
468.75/150.20	(62.43859649122807, '0_kurtosis_mean')
468.75/150.20	(63.12280701754386, '1_symbols_min')
468.75/150.20	(63.21052631578947, '0_symbols_min')
468.75/150.20	(66.3157894736842, '1_kurtosis_mean')
468.75/150.20	(69.80701754385964, '0_symbols_max')
468.75/150.20	(73.08771929824562, '0_ratio_categorical_to_numerical')
468.75/150.20	(74.87719298245614, '1_ratio_categorical_to_numerical')
468.75/150.20	(75.50877192982456, '0_number_of_classes')
468.75/150.20	(75.54385964912281, '0_percentage_of_features_with_missing_values')
468.75/150.20	(76.47368421052632, '1_number_of_classes')
468.75/150.20	(76.56140350877193, '1_class_probability_mean')
468.75/150.20	(76.85964912280701, '0_class_probability_mean')
468.75/150.20	(77.17543859649123, '1_symbols_max')
468.75/150.20	(77.98245614035088, '1_percentage_of_features_with_missing_values')
468.75/150.20	(78.71929824561404, '0_symbols_std')
468.75/150.20	(79.01754385964912, '0_percentage_of_missing_values')
468.75/150.20	(79.33333333333333, '1_percentage_of_missing_values')
468.75/150.20	(79.52631578947368, '1_symbols_std')
468.75/150.20	(83.35087719298245, '0_number_of_Instances_with_missing_values')
468.75/150.20	(83.54385964912281, '1_percentage_of_Instances_with_missing_values')
468.75/150.20	(84.17543859649123, '1_number_of_Instances_with_missing_values')
468.75/150.20	(84.52631578947368, '1_number_of_missing_values')
468.75/150.20	(84.7719298245614, '0_percentage_of_Instances_with_missing_values')
468.75/150.20	(86.73684210526316, '1_number_of_features_with_missing_values')
468.75/150.20	(86.7719298245614, '0_number_of_missing_values')
468.75/150.20	(87.75438596491227, '0_number_of_features_with_missing_values')
468.75/150.20	Result for ParamILS: SAT, 149.199599, 1, 0.325140, -1, /home/feurerm/thesis/Software/pyMetaLearn/optimizers/metalearn_optimizer/learn_distances.py
