0.67/0.87	['/home/feurerm/thesis/Software/pyMetaLearn/optimizers/metalearn_optimizer/learn_distances.py', '--input_file', '/home/feurerm/thesis/experiments/2014_04_25_predict_distances/testfold_0-3_spearman_rank_perm.pkl', '--fold', '0', '--folds', '1', '--params', '-max_features', '0.837652169242', '-min_samples_leaf', '6', '-min_samples_split', '9', '-n_estimators', '20', '-n_jobs', '4', '-seed', '15']
0.67/0.88	Metafeatures (57, 46)
0.67/0.88	X (3192, 92)
0.67/0.88	Y (3192,)
0.67/0.88	Dataset Mae MSE Rho
3.44/1.73	vehicle 0.481576909061 0.298658365655 -0.144151443409
6.28/2.64	anneal.ORIG 0.801209745777 0.706127498311 -0.0917915020808
9.14/3.66	segment 0.282844141095 0.106161807011 0.66064024737
12.00/4.68	pendigits 0.415999443495 0.212209100019 0.228832336173
14.82/5.59	mushroom 0.226289500365 0.0622788260235 0.568202326261
17.62/6.50	labor 0.235152746985 0.0852376022163 0.401103007332
20.47/7.41	abalone 0.412008913195 0.219879339682 0.207177298711
23.26/8.32	diabetes 0.497453700611 0.348740598453 -0.138656881664
26.04/9.23	car 0.559073276113 0.415982141622 -0.00614098077301
28.92/10.25	autos 0.197154648234 0.050648559312 0.561414926459
31.81/11.26	mfeat-fourier 0.639903262848 0.534758225 -0.501297956786
34.63/12.17	primary-tumor 0.192957441578 0.0466885342769 0.627996086419
37.48/13.08	waveform-5000 0.231252746983 0.0750516005372 0.589534154209
40.30/13.99	credit-a 0.455671746301 0.291652836514 0.159665500098
43.10/14.90	letter 0.313921868454 0.132195301362 0.501297956786
45.95/15.91	postoperative-patient-data 0.456304503038 0.258360561479 -0.253073049751
48.80/16.82	vowel 0.478785935061 0.285973962546 0.110537653914
51.65/17.74	eucalyptus 0.270915669643 0.0988007141833 0.473825148065
54.50/18.76	cylinder-bands 0.289020997916 0.100266547551 0.442797034686
57.35/19.77	ionosphere 0.42054052693 0.209691416632 -0.0688436265606
60.15/20.68	mfeat-karhunen 0.249796634821 0.0870344862785 0.615067705844
63.02/21.70	balance-scale 0.28375001992 0.11820207364 0.214611117541
65.79/22.61	mfeat-morphological 0.496309855592 0.327282817446 -0.235619735975
68.59/23.62	liver-disorders 0.149634966028 0.0323458733055 0.464452072148
71.43/24.53	dermatology 0.208790131097 0.0559323377714 0.50226758533
74.29/25.55	vote 0.0734653335486 0.00900276244061 0.779581348658
77.11/26.56	breast-cancer 0.144826604969 0.0306780758947 0.30478657205
79.96/27.57	credit-g 0.581958051307 0.463108533435 -0.479319709809
82.80/28.49	soybean 0.113726868247 0.0178795025736 0.766006549055
85.69/29.40	arrhythmia 0.318741993134 0.132024204925 -0.223337774429
88.43/30.31	nursery 0.240839794014 0.0767815143529 0.65837778077
91.29/31.33	hepatitis 0.299686120275 0.132292224179 0.029735275322
94.16/32.34	cmc 0.166069734838 0.0379071059005 0.651590380968
97.06/33.26	heart-c 0.264662967824 0.0945560574208 0.666134809115
99.90/34.17	glass 0.29192213609 0.106416398546 0.635753114764
102.83/35.19	braziltourism 0.730267047567 0.633226578599 -0.532002860651
105.68/36.20	iris 0.287731153263 0.112245187283 0.259537240038
108.50/37.12	heart-statlog 0.3572347049 0.167045344386 0.326441609513
111.42/38.14	page-blocks 0.612252707024 0.503352493409 -0.612158820215
114.30/39.05	breast-w 0.247816986615 0.0860872764592 0.386558579185
117.14/40.07	heart-h 0.171666628704 0.037733041768 0.670336532801
119.99/41.08	yeast 0.344001018556 0.146837982217 0.498065861643
122.85/42.00	tae 0.376492456728 0.176994035313 0.0284424372645
125.66/42.91	haberman 0.286135608991 0.11539104843 -0.0206854089196
128.52/43.91	mfeat-pixel 0.412577676525 0.212647647159 0.0869433593653
131.35/44.83	optdigits 0.266292792608 0.0898407699138 0.617653381959
134.21/45.83	mfeat-factors 0.238719019135 0.0772415368567 0.682618494347
137.03/46.74	satimage 0.353029240241 0.155280805875 0.0976092733395
139.84/47.65	lymph 0.288141446753 0.124359916845 0.26115328761
142.60/48.72	audiology 0.282559298379 0.095706836177 0.407567197619
145.42/49.63	ecoli 0.379470564327 0.182371156571 0.281515487015
148.25/50.54	tic-tac-toe 0.165585082927 0.0413982598355 0.710737722098
151.14/51.56	spambase 0.377810234228 0.186186707382 0.584362801979
153.95/52.47	zoo 0.216391209936 0.0633341424932 0.49418734747
156.78/53.37	sonar 0.58258493409 0.428571089775 -0.382356855499
159.63/54.28	mfeat-zernike 0.228047640825 0.0737293380333 0.569495164318
162.53/55.20	kr-vs-kp 0.220204128325 0.0600020830347 0.620885477103
162.53/55.26	MAE 0.336267202036 0.153193610998
162.53/55.26	MSE 0.175971768146 0.175971768146
162.53/55.26	Mean tau 0.275720397126 0.370963379617
162.53/55.26	(0.43859649122807015, '0_class_probability_max')
162.53/55.26	(0.9473684210526315, '1_class_probability_max')
162.53/55.26	(2.175438596491228, '1_skewness_min')
162.53/55.26	(2.807017543859649, '0_skewness_min')
162.53/55.26	(8.473684210526315, '0_landmark_naive_bayes')
162.53/55.26	(8.596491228070175, '1_landmark_naive_bayes')
162.53/55.26	(10.052631578947368, '0_class_entropy')
162.53/55.26	(10.192982456140351, '1_class_entropy')
162.53/55.26	(12.052631578947368, '1_class_probability_std')
162.53/55.26	(14.31578947368421, '1_pca_skewness_first_pc')
162.53/55.26	(15.350877192982455, '0_landmark_decision_tree')
162.53/55.26	(15.508771929824562, '1_landmark_decision_tree')
162.53/55.26	(15.666666666666666, '0_pca_skewness_first_pc')
162.53/55.26	(16.57894736842105, '0_class_probability_std')
162.53/55.26	(17.105263157894736, '0_landmark_lda')
162.53/55.26	(17.68421052631579, '1_landmark_lda')
162.53/55.26	(19.912280701754387, '0_kurtosis_min')
162.53/55.26	(25.17543859649123, '0_landmark_1NN')
162.53/55.26	(25.210526315789473, '1_landmark_1NN')
162.53/55.26	(25.771929824561404, '1_kurtosis_min')
162.53/55.26	(27.649122807017545, '0_skewness_max')
162.53/55.26	(27.75438596491228, '1_class_probability_min')
162.53/55.26	(28.210526315789473, '0_class_probability_min')
162.53/55.26	(29.43859649122807, '1_number_of_numeric_features')
162.53/55.26	(30.54385964912281, '0_number_of_numeric_features')
162.53/55.26	(31.56140350877193, '0_kurtosis_max')
162.53/55.26	(32.43859649122807, '1_kurtosis_max')
162.53/55.26	(32.43859649122807, '1_log_number_of_features')
162.53/55.26	(32.578947368421055, '1_number_of_instances')
162.53/55.26	(33.92982456140351, '0_log_number_of_instances')
162.53/55.26	(34.228070175438596, '1_skewness_max')
162.53/55.26	(35.54385964912281, '0_number_of_features')
162.53/55.26	(36.35087719298246, '1_log_number_of_instances')
162.53/55.26	(36.45614035087719, '0_log_number_of_features')
162.53/55.26	(37.01754385964912, '0_skewness_mean')
162.53/55.26	(38.10526315789474, '0_number_of_instances')
162.53/55.26	(39.0, '0_landmark_random_node_learner')
162.53/55.26	(39.26315789473684, '1_skewness_mean')
162.53/55.26	(39.40350877192982, '0_skewness_std')
162.53/55.26	(39.666666666666664, '1_number_of_features')
162.53/55.26	(41.01754385964912, '1_landmark_random_node_learner')
162.53/55.26	(42.29824561403509, '1_skewness_std')
162.53/55.26	(42.3859649122807, '0_landmark_decision_node_learner')
162.53/55.26	(42.578947368421055, '0_kurtosis_std')
162.53/55.26	(42.719298245614034, '1_symbols_mean')
162.53/55.26	(42.96491228070175, '0_symbols_mean')
162.53/55.26	(43.228070175438596, '1_landmark_decision_node_learner')
162.53/55.26	(43.56140350877193, '1_pca_kurtosis_first_pc')
162.53/55.26	(43.8421052631579, '1_kurtosis_std')
162.53/55.26	(44.24561403508772, '0_pca_kurtosis_first_pc')
162.53/55.26	(46.31578947368421, '0_pca_95%')
162.53/55.26	(46.36842105263158, '0_symbols_min')
162.53/55.26	(48.63157894736842, '1_pca_95%')
162.53/55.26	(49.03508771929825, '1_symbols_min')
162.53/55.26	(49.36842105263158, '0_log_inverse_dataset_ratio')
162.53/55.26	(49.40350877192982, '1_log_inverse_dataset_ratio')
162.53/55.26	(50.50877192982456, '0_inverse_dataset_ratio')
162.53/55.26	(51.24561403508772, '0_dataset_ratio')
162.53/55.26	(51.80701754385965, '1_log_dataset_ratio')
162.53/55.26	(52.10526315789474, '0_symbols_sum')
162.53/55.26	(52.63157894736842, '1_dataset_ratio')
162.53/55.26	(52.98245614035088, '0_log_dataset_ratio')
162.53/55.26	(53.0, '1_inverse_dataset_ratio')
162.53/55.26	(56.29824561403509, '0_number_of_categorical_features')
162.53/55.26	(57.3859649122807, '0_ratio_numerical_to_categorical')
162.53/55.26	(59.89473684210526, '1_ratio_numerical_to_categorical')
162.53/55.26	(60.578947368421055, '1_kurtosis_mean')
162.53/55.26	(60.59649122807018, '1_symbols_sum')
162.53/55.26	(63.421052631578945, '0_kurtosis_mean')
162.53/55.26	(66.70175438596492, '1_number_of_categorical_features')
162.53/55.26	(71.63157894736842, '1_number_of_classes')
162.53/55.26	(71.87719298245614, '0_ratio_categorical_to_numerical')
162.53/55.26	(72.33333333333333, '0_number_of_classes')
162.53/55.26	(72.43859649122807, '1_ratio_categorical_to_numerical')
162.53/55.26	(73.03508771929825, '0_class_probability_mean')
162.53/55.26	(74.19298245614036, '1_class_probability_mean')
162.53/55.26	(75.01754385964912, '1_symbols_max')
162.53/55.26	(76.42105263157895, '0_symbols_max')
162.53/55.26	(77.9298245614035, '1_symbols_std')
162.53/55.26	(78.14035087719299, '0_symbols_std')
162.53/55.26	(78.2280701754386, '0_percentage_of_features_with_missing_values')
162.53/55.26	(80.26315789473684, '1_percentage_of_features_with_missing_values')
162.53/55.26	(80.64912280701755, '0_number_of_Instances_with_missing_values')
162.53/55.26	(80.91228070175438, '1_number_of_Instances_with_missing_values')
162.53/55.26	(81.2280701754386, '0_percentage_of_Instances_with_missing_values')
162.53/55.26	(81.85964912280701, '1_percentage_of_Instances_with_missing_values')
162.53/55.26	(82.28070175438596, '0_percentage_of_missing_values')
162.53/55.26	(82.91228070175438, '0_number_of_missing_values')
162.53/55.26	(83.6842105263158, '1_number_of_missing_values')
162.53/55.26	(85.66666666666667, '1_number_of_features_with_missing_values')
162.53/55.26	(85.82456140350877, '1_percentage_of_missing_values')
162.53/55.26	(86.75438596491227, '0_number_of_features_with_missing_values')
162.53/55.26	Result for ParamILS: SAT, 54.393040, 1, 0.336267, -1, /home/feurerm/thesis/Software/pyMetaLearn/optimizers/metalearn_optimizer/learn_distances.py
