0.72/1.92	['/home/feurerm/thesis/Software/pyMetaLearn/optimizers/metalearn_optimizer/learn_distances.py', '--input_file', '/home/feurerm/thesis/experiments/2014_04_25_predict_distances/testfold_0-3_spearman_rank_perm.pkl', '--fold', '0', '--folds', '1', '--params', '-max_features', '0.401340816915', '-min_samples_leaf', '9', '-min_samples_split', '7', '-n_estimators', '99', '-n_jobs', '4', '-seed', '44']
0.72/1.93	Metafeatures (57, 46)
0.72/1.93	X (3192, 92)
0.72/1.93	Y (3192,)
0.72/1.93	Dataset Mae MSE Rho
6.95/8.31	vehicle 0.411762597525 0.215314045442 0.0572080840433
13.38/10.60	anneal.ORIG 0.559146075478 0.362511780427 0.198127432308
19.85/12.75	segment 0.282586997529 0.0996250374672 0.749846073336
26.32/15.06	pendigits 0.382353321889 0.175822792803 0.304463362536
32.83/17.21	mushroom 0.231240343922 0.0634334222286 0.559475669373
39.41/19.36	labor 0.190853843869 0.0511287606796 0.743058673534
45.98/25.70	abalone 0.416162457659 0.219351376929 0.195218546679
52.43/27.84	diabetes 0.481594928977 0.322859082556 -0.0643186933594
58.93/30.23	car 0.511923113645 0.368349297846 -0.0268263896926
65.39/32.46	autos 0.230482614686 0.06936152478 0.519720899105
71.92/34.73	mfeat-fourier 0.642090800777 0.536610057456 -0.478350081266
78.34/36.89	primary-tumor 0.200497267451 0.0488246010176 0.62217831516
84.77/39.33	waveform-5000 0.259428099159 0.0909662281141 0.609896353614
91.19/41.48	credit-a 0.41691998134 0.245558658292 0.211702231912
97.61/43.86	letter 0.293293905225 0.113510183149 0.645449400195
104.40/50.76	postoperative-patient-data 0.440454571483 0.235869138309 -0.34324850426
111.04/53.00	vowel 0.51320479616 0.33017082957 -0.018422942319
117.39/55.49	eucalyptus 0.294887604528 0.113629213827 0.449261224973
123.83/57.68	cylinder-bands 0.290725152065 0.0974213759301 0.541052727054
130.38/60.26	ionosphere 0.414633794044 0.197354194552 -0.0740149787905
136.96/62.41	mfeat-karhunen 0.283010618282 0.106053856596 0.567879116746
143.48/64.56	balance-scale 0.182378692801 0.0480930051258 0.711060931612
149.97/69.73	mfeat-morphological 0.466996959181 0.293199099873 -0.141565767294
156.45/71.89	liver-disorders 0.198292914359 0.0563396682212 0.522952994249
163.13/77.51	dermatology 0.195967368312 0.0493938206277 0.542345565111
169.60/80.11	vote 0.0732435910875 0.00869624067616 0.807700576408
175.97/82.25	breast-cancer 0.225937993576 0.0702822087439 -0.0226246660058
182.49/84.44	credit-g 0.515684616597 0.354155125198 -0.519397689591
189.01/86.60	soybean 0.11806780668 0.0195005599759 0.843576832503
195.32/88.94	arrhythmia 0.283325360764 0.1007850163 0.012281961546
201.93/93.63	nursery 0.259014344878 0.0846362453999 0.621208686617
208.23/95.88	hepatitis 0.384935071915 0.206527851687 -0.280869067987
214.60/98.42	cmc 0.161474442985 0.0325049213274 0.765360130026
221.03/100.66	heart-c 0.292218179407 0.111426091358 0.694254036865
227.48/102.81	glass 0.372391679882 0.165797704325 0.263092544696
233.90/107.59	braziltourism 0.619043777082 0.468540345151 -0.582746754407
240.42/109.73	iris 0.321636854309 0.138618607402 0.13316231992
246.89/111.95	heart-statlog 0.347075818316 0.162425423729 0.524245832307
253.86/114.40	page-blocks 0.565714720779 0.428481292915 -0.550102593456
260.31/120.88	breast-w 0.234453585932 0.0761029973632 0.540729517539
266.80/123.16	heart-h 0.17766165677 0.0408590053947 0.710414512583
273.28/125.38	yeast 0.375061501198 0.171024876795 0.465744910206
279.78/127.53	tae 0.339713569665 0.145594216926 0.0494510556985
286.32/132.15	haberman 0.280198860259 0.103752345663 0.0168068947472
292.81/134.41	mfeat-pixel 0.383796523024 0.182062761531 0.137040834092
299.34/136.67	optdigits 0.255186461093 0.0805684875289 0.68649700852
305.90/138.85	mfeat-factors 0.271828937071 0.0987015799831 0.680032818232
312.37/141.27	satimage 0.345360522927 0.148038987074 0.124758872546
318.75/143.44	lymph 0.29793322197 0.122673463865 0.410152873734
325.20/146.53	audiology 0.286571507985 0.100221261354 0.516165594447
331.71/148.71	ecoli 0.439520770112 0.24657488758 -0.0319977419225
338.28/154.06	tic-tac-toe 0.207855606408 0.0641349298471 0.711060931612
344.93/156.30	spambase 0.369189521451 0.175145805149 0.73013029296
351.40/160.29	zoo 0.178974466093 0.0425478774935 0.689729103664
357.96/162.47	sonar 0.531553160766 0.3506417706 -0.326118399998
364.48/164.63	mfeat-zernike 0.234504815822 0.0788970144662 0.579191449749
371.05/169.28	kr-vs-kp 0.227030134052 0.0633160652712 0.581130706836
371.38/169.56	MAE 0.329246454407 0.127702614138
371.38/169.56	MSE 0.160596263507 0.160596263507
371.38/169.57	Mean tau 0.308494975952 0.39336082133
371.38/169.57	(0.21052631578947367, '1_class_probability_max')
371.38/169.57	(0.9122807017543859, '0_class_probability_max')
371.38/169.57	(2.526315789473684, '1_skewness_min')
371.38/169.57	(2.8947368421052633, '0_skewness_min')
371.38/169.57	(6.43859649122807, '1_class_entropy')
371.38/169.57	(6.912280701754386, '0_class_entropy')
371.38/169.57	(7.280701754385965, '0_landmark_random_node_learner')
371.38/169.57	(7.824561403508772, '0_class_probability_std')
371.38/169.57	(8.263157894736842, '1_class_probability_std')
371.38/169.57	(8.596491228070175, '0_landmark_decision_tree')
371.38/169.57	(8.912280701754385, '1_landmark_random_node_learner')
371.38/169.57	(10.31578947368421, '1_landmark_decision_tree')
371.38/169.57	(11.087719298245615, '1_landmark_naive_bayes')
371.38/169.57	(11.456140350877194, '0_landmark_naive_bayes')
371.38/169.57	(19.57894736842105, '0_landmark_1NN')
371.38/169.57	(20.403508771929825, '0_pca_skewness_first_pc')
371.38/169.57	(21.05263157894737, '1_number_of_features')
371.38/169.57	(21.403508771929825, '1_landmark_1NN')
371.38/169.57	(21.596491228070175, '1_landmark_lda')
371.38/169.57	(21.771929824561404, '0_number_of_features')
371.38/169.57	(22.12280701754386, '0_landmark_lda')
371.38/169.57	(22.210526315789473, '1_pca_skewness_first_pc')
371.38/169.57	(23.0, '0_log_number_of_features')
371.38/169.57	(23.228070175438596, '1_kurtosis_std')
371.38/169.57	(23.350877192982455, '1_log_number_of_features')
371.38/169.57	(24.210526315789473, '0_skewness_std')
371.38/169.57	(26.42105263157895, '1_kurtosis_min')
371.38/169.57	(26.596491228070175, '0_kurtosis_min')
371.38/169.57	(27.912280701754387, '0_skewness_max')
371.38/169.57	(28.157894736842106, '0_kurtosis_std')
371.38/169.57	(28.473684210526315, '1_skewness_std')
371.38/169.57	(29.29824561403509, '1_skewness_max')
371.38/169.57	(31.31578947368421, '0_symbols_sum')
371.38/169.57	(32.03508771929825, '1_symbols_sum')
371.38/169.57	(34.50877192982456, '1_number_of_numeric_features')
371.38/169.57	(35.1578947368421, '0_number_of_numeric_features')
371.38/169.57	(38.96491228070175, '1_number_of_categorical_features')
371.38/169.57	(39.8421052631579, '0_number_of_categorical_features')
371.38/169.57	(40.85964912280702, '0_kurtosis_max')
371.38/169.57	(41.666666666666664, '0_class_probability_min')
371.38/169.57	(41.68421052631579, '0_landmark_decision_node_learner')
371.38/169.57	(42.56140350877193, '1_class_probability_min')
371.38/169.57	(42.824561403508774, '1_kurtosis_max')
371.38/169.57	(44.36842105263158, '1_landmark_decision_node_learner')
371.38/169.57	(46.36842105263158, '1_pca_kurtosis_first_pc')
371.38/169.57	(47.40350877192982, '0_pca_kurtosis_first_pc')
371.38/169.57	(47.43859649122807, '1_number_of_instances')
371.38/169.57	(47.80701754385965, '0_number_of_instances')
371.38/169.57	(48.31578947368421, '0_log_number_of_instances')
371.38/169.57	(49.526315789473685, '1_log_number_of_instances')
371.38/169.57	(50.8421052631579, '0_pca_95%')
371.38/169.57	(51.87719298245614, '1_skewness_mean')
371.38/169.57	(51.94736842105263, '0_ratio_numerical_to_categorical')
371.38/169.57	(52.0, '1_pca_95%')
371.38/169.57	(52.56140350877193, '0_skewness_mean')
371.38/169.57	(55.578947368421055, '0_symbols_mean')
371.38/169.57	(57.05263157894737, '1_symbols_mean')
371.38/169.57	(57.64912280701754, '0_dataset_ratio')
371.38/169.57	(58.63157894736842, '1_ratio_numerical_to_categorical')
371.38/169.57	(58.70175438596491, '0_log_inverse_dataset_ratio')
371.38/169.57	(58.8421052631579, '1_log_inverse_dataset_ratio')
371.38/169.57	(59.07017543859649, '1_dataset_ratio')
371.38/169.57	(59.49122807017544, '0_inverse_dataset_ratio')
371.38/169.57	(60.333333333333336, '1_inverse_dataset_ratio')
371.38/169.57	(60.578947368421055, '0_log_dataset_ratio')
371.38/169.57	(60.64912280701754, '1_log_dataset_ratio')
371.38/169.57	(63.08771929824562, '0_kurtosis_mean')
371.38/169.57	(63.73684210526316, '1_kurtosis_mean')
371.38/169.57	(65.21052631578948, '1_symbols_min')
371.38/169.57	(65.29824561403508, '0_symbols_min')
371.38/169.57	(71.28070175438596, '0_symbols_max')
371.38/169.57	(73.19298245614036, '0_percentage_of_features_with_missing_values')
371.38/169.57	(73.54385964912281, '0_class_probability_mean')
371.38/169.57	(73.91228070175438, '1_symbols_max')
371.38/169.57	(74.7719298245614, '0_symbols_std')
371.38/169.57	(75.19298245614036, '0_ratio_categorical_to_numerical')
371.38/169.57	(75.28070175438596, '1_ratio_categorical_to_numerical')
371.38/169.57	(76.91228070175438, '1_percentage_of_features_with_missing_values')
371.38/169.57	(77.3859649122807, '0_percentage_of_missing_values')
371.38/169.57	(77.59649122807018, '1_class_probability_mean')
371.38/169.57	(78.35087719298245, '1_symbols_std')
371.38/169.57	(78.96491228070175, '1_number_of_classes')
371.38/169.57	(79.08771929824562, '0_number_of_classes')
371.38/169.57	(79.14035087719299, '1_percentage_of_missing_values')
371.38/169.57	(83.15789473684211, '0_number_of_missing_values')
371.38/169.57	(83.7719298245614, '1_number_of_missing_values')
371.38/169.57	(84.78947368421052, '0_percentage_of_Instances_with_missing_values')
371.38/169.57	(84.91228070175438, '0_number_of_Instances_with_missing_values')
371.38/169.57	(85.17543859649123, '1_number_of_Instances_with_missing_values')
371.38/169.57	(85.52631578947368, '1_percentage_of_Instances_with_missing_values')
371.38/169.57	(86.91228070175438, '1_number_of_features_with_missing_values')
371.38/169.57	(86.9298245614035, '0_number_of_features_with_missing_values')
371.38/169.57	Result for ParamILS: SAT, 167.648140, 1, 0.329246, -1, /home/feurerm/thesis/Software/pyMetaLearn/optimizers/metalearn_optimizer/learn_distances.py
