0.76/1.03	['/home/feurerm/thesis/Software/pyMetaLearn/optimizers/metalearn_optimizer/learn_distances.py', '--input_file', '/home/feurerm/thesis/experiments/2014_04_25_predict_distances/testfold_0-3_spearman_rank_perm.pkl', '--fold', '0', '--folds', '1', '--params', '-max_features', '0.763275077346', '-min_samples_leaf', '8', '-min_samples_split', '4', '-n_estimators', '55', '-n_jobs', '4', '-seed', '57']
0.76/1.04	Metafeatures (57, 46)
0.76/1.04	X (3192, 92)
0.76/1.04	Y (3192,)
0.76/1.04	Dataset Mae MSE Rho
7.20/2.89	vehicle 0.449494358895 0.260258285191 -0.104396673141
13.85/4.91	anneal.ORIG 0.708496742705 0.562932345471 -0.176149185331
20.56/6.93	segment 0.284999695491 0.102809979568 0.739826578391
27.30/8.94	pendigits 0.382721778412 0.180440711627 0.267940687412
34.04/10.95	mushroom 0.236976230567 0.0666149945624 0.55042580297
40.66/12.97	labor 0.203881616677 0.060350057527 0.536851003367
47.36/15.01	abalone 0.417472782244 0.22427032566 0.168068947472
53.99/17.18	diabetes 0.481488525606 0.325251981537 -0.0888826164515
60.67/19.21	car 0.634242987277 0.514963641011 -0.126051710604
67.45/21.22	autos 0.200197633265 0.0523156968558 0.582100335379
74.28/23.34	mfeat-fourier 0.657077110879 0.563696162186 -0.504206842416
80.87/25.39	primary-tumor 0.201724881677 0.0489386822109 0.604078582356
87.60/27.42	waveform-5000 0.234932031707 0.0765814155534 0.617653381959
94.31/29.43	credit-a 0.444808193328 0.280839458011 0.150615633696
101.00/31.45	letter 0.304371553983 0.117963784131 0.519074480077
107.87/33.56	postoperative-patient-data 0.430467133586 0.224044063898 -0.323209514369
114.53/35.58	vowel 0.493370167979 0.302847486582 0.0342602085231
121.22/37.60	eucalyptus 0.290802833715 0.110900283048 0.471885890979
127.83/39.61	cylinder-bands 0.292849440899 0.0995937999911 0.496126604556
134.60/41.63	ionosphere 0.431771067513 0.216641567218 -0.147706748067
141.29/44.37	mfeat-karhunen 0.273045756049 0.0977030583018 0.537174212881
148.07/46.40	balance-scale 0.235206976257 0.0814822369404 0.42243483528
154.81/48.41	mfeat-morphological 0.480218071668 0.307907014069 -0.175502766302
161.47/50.43	liver-disorders 0.142187428903 0.0300427529021 0.573373678491
168.23/52.44	dermatology 0.205034679891 0.0541208220832 0.510671032703
175.02/54.46	vote 0.0708838614886 0.00829853155087 0.792832938747
181.78/56.49	breast-cancer 0.139394982251 0.0292220592307 0.445382710801
188.57/58.52	credit-g 0.522951570187 0.377175518207 -0.383649693556
195.36/60.63	soybean 0.113037588955 0.0169587655005 0.807700576408
202.16/62.64	arrhythmia 0.313771746238 0.118733770756 -0.151262052725
208.80/64.67	nursery 0.254610385458 0.0812160471126 0.633490648163
215.36/66.60	hepatitis 0.310779713022 0.136274677117 -0.0352298370662
222.05/68.62	cmc 0.16423438428 0.0345345362147 0.704596741325
228.68/70.63	heart-c 0.260412753719 0.0882165638113 0.746937187707
235.35/72.71	glass 0.319163400227 0.126855969889 0.556243574229
242.23/74.72	braziltourism 0.726294375466 0.624477270922 -0.662902713971
248.92/76.74	iris 0.314857273496 0.133184854633 0.112800120515
255.53/78.76	heart-statlog 0.31674140165 0.134421974685 0.632197810106
262.59/80.88	page-blocks 0.57914140541 0.445527197042 -0.54816333637
269.35/82.90	breast-w 0.243026138743 0.0776352212868 0.392699559958
275.94/84.92	heart-h 0.167428741726 0.0357195241751 0.676477513574
282.73/86.95	yeast 0.3718595396 0.169189179207 0.508731775617
289.43/88.96	tae 0.388562619391 0.188769044816 -0.0694900455893
296.22/90.99	haberman 0.290964501237 0.112285619923 -0.060440179187
302.85/93.01	mfeat-pixel 0.39822244236 0.196749257468 0.110537653914
309.60/95.03	optdigits 0.231378841355 0.0677729151654 0.730776711988
316.43/97.15	mfeat-factors 0.271101399576 0.0964971790935 0.669043694744
323.20/99.28	satimage 0.343801754203 0.150250783552 0.107305558771
329.90/101.30	lymph 0.272438869615 0.110021075829 0.362641075122
336.67/103.33	audiology 0.287987231016 0.0992431822974 0.459927138947
343.36/105.36	ecoli 0.433433312385 0.236296524889 0.0116355425173
350.22/107.38	tic-tac-toe 0.195989703687 0.0534184030366 0.683911332405
357.11/109.49	spambase 0.381949675897 0.19573619691 0.608603515557
363.89/111.51	zoo 0.178227803207 0.0440708619257 0.654822476112
370.57/113.52	sonar 0.545468725463 0.36838217306 -0.315775695539
377.34/115.52	mfeat-zernike 0.237600848337 0.079588873282 0.577575402177
383.97/117.54	kr-vs-kp 0.236721806851 0.0675637337189 0.584686011494
384.11/117.70	MAE 0.333338218871 0.147271101642
384.11/117.70	MSE 0.16961049285 0.16961049285
384.11/117.70	Mean tau 0.289142097486 0.390500005899
384.11/117.70	(0.38596491228070173, '0_class_probability_max')
384.11/117.70	(0.7543859649122807, '1_class_probability_max')
384.11/117.70	(2.1578947368421053, '0_skewness_min')
384.11/117.70	(2.8421052631578947, '1_skewness_min')
384.11/117.70	(5.315789473684211, '1_class_entropy')
384.11/117.70	(7.578947368421052, '0_landmark_decision_tree')
384.11/117.70	(8.157894736842104, '0_class_probability_std')
384.11/117.70	(8.31578947368421, '0_class_entropy')
384.11/117.70	(9.017543859649123, '1_landmark_naive_bayes')
384.11/117.70	(9.210526315789474, '0_landmark_naive_bayes')
384.11/117.70	(13.842105263157896, '1_class_probability_std')
384.11/117.70	(13.912280701754385, '1_landmark_decision_tree')
384.11/117.70	(15.175438596491228, '1_pca_skewness_first_pc')
384.11/117.70	(15.719298245614034, '0_pca_skewness_first_pc')
384.11/117.70	(17.228070175438596, '1_kurtosis_min')
384.11/117.70	(18.05263157894737, '0_landmark_lda')
384.11/117.70	(19.0, '1_landmark_lda')
384.11/117.70	(20.719298245614034, '0_kurtosis_min')
384.11/117.70	(22.87719298245614, '0_landmark_1NN')
384.11/117.70	(24.42105263157895, '1_landmark_1NN')
384.11/117.70	(25.736842105263158, '1_landmark_random_node_learner')
384.11/117.70	(27.49122807017544, '1_skewness_max')
384.11/117.70	(27.70175438596491, '0_landmark_random_node_learner')
384.11/117.70	(29.63157894736842, '0_class_probability_min')
384.11/117.70	(29.666666666666668, '1_log_number_of_features')
384.11/117.70	(30.57894736842105, '0_skewness_max')
384.11/117.70	(30.70175438596491, '1_class_probability_min')
384.11/117.70	(31.350877192982455, '1_number_of_features')
384.11/117.70	(32.78947368421053, '1_number_of_numeric_features')
384.11/117.70	(33.21052631578947, '1_skewness_std')
384.11/117.70	(33.36842105263158, '0_log_number_of_features')
384.11/117.70	(34.03508771929825, '0_skewness_std')
384.11/117.70	(34.87719298245614, '1_kurtosis_max')
384.11/117.70	(35.280701754385966, '0_number_of_numeric_features')
384.11/117.70	(35.421052631578945, '0_kurtosis_max')
384.11/117.70	(36.1578947368421, '0_log_number_of_instances')
384.11/117.70	(36.19298245614035, '0_number_of_features')
384.11/117.70	(36.78947368421053, '1_kurtosis_std')
384.11/117.70	(36.85964912280702, '0_number_of_instances')
384.11/117.70	(36.85964912280702, '1_number_of_instances')
384.11/117.70	(37.43859649122807, '1_log_number_of_instances')
384.11/117.70	(40.07017543859649, '0_kurtosis_std')
384.11/117.70	(40.85964912280702, '1_skewness_mean')
384.11/117.70	(40.98245614035088, '1_landmark_decision_node_learner')
384.11/117.70	(41.91228070175438, '0_pca_kurtosis_first_pc')
384.11/117.70	(43.0, '1_pca_kurtosis_first_pc')
384.11/117.70	(43.824561403508774, '0_skewness_mean')
384.11/117.70	(44.14035087719298, '0_landmark_decision_node_learner')
384.11/117.70	(45.421052631578945, '1_symbols_mean')
384.11/117.70	(49.14035087719298, '1_symbols_sum')
384.11/117.70	(49.3859649122807, '0_symbols_mean')
384.11/117.70	(49.70175438596491, '0_symbols_sum')
384.11/117.70	(50.59649122807018, '1_pca_95%')
384.11/117.70	(50.6140350877193, '0_pca_95%')
384.11/117.70	(53.228070175438596, '1_dataset_ratio')
384.11/117.70	(53.6140350877193, '0_symbols_min')
384.11/117.70	(53.70175438596491, '1_log_dataset_ratio')
384.11/117.70	(53.85964912280702, '0_dataset_ratio')
384.11/117.70	(54.771929824561404, '0_log_dataset_ratio')
384.11/117.70	(55.19298245614035, '1_inverse_dataset_ratio')
384.11/117.70	(55.40350877192982, '1_log_inverse_dataset_ratio')
384.11/117.70	(55.50877192982456, '1_symbols_min')
384.11/117.70	(55.78947368421053, '0_log_inverse_dataset_ratio')
384.11/117.70	(55.87719298245614, '0_ratio_numerical_to_categorical')
384.11/117.70	(56.26315789473684, '0_inverse_dataset_ratio')
384.11/117.70	(56.3859649122807, '1_number_of_categorical_features')
384.11/117.70	(58.98245614035088, '1_ratio_numerical_to_categorical')
384.11/117.70	(64.57894736842105, '0_number_of_categorical_features')
384.11/117.70	(65.3157894736842, '0_kurtosis_mean')
384.11/117.70	(66.49122807017544, '1_kurtosis_mean')
384.11/117.70	(73.12280701754386, '0_ratio_categorical_to_numerical')
384.11/117.70	(73.75438596491227, '1_ratio_categorical_to_numerical')
384.11/117.70	(73.96491228070175, '1_class_probability_mean')
384.11/117.70	(74.6140350877193, '1_number_of_classes')
384.11/117.70	(75.59649122807018, '0_number_of_classes')
384.11/117.70	(75.71929824561404, '0_class_probability_mean')
384.11/117.70	(76.2280701754386, '0_symbols_std')
384.11/117.70	(76.82456140350877, '0_symbols_max')
384.11/117.70	(76.84210526315789, '1_symbols_max')
384.11/117.70	(77.15789473684211, '1_symbols_std')
384.11/117.70	(78.91228070175438, '1_percentage_of_features_with_missing_values')
384.11/117.70	(80.26315789473684, '0_percentage_of_features_with_missing_values')
384.11/117.70	(82.47368421052632, '0_number_of_Instances_with_missing_values')
384.11/117.70	(82.64912280701755, '0_percentage_of_Instances_with_missing_values')
384.11/117.70	(82.75438596491227, '0_percentage_of_missing_values')
384.11/117.70	(82.82456140350877, '1_percentage_of_Instances_with_missing_values')
384.11/117.70	(82.89473684210526, '1_number_of_Instances_with_missing_values')
384.11/117.70	(83.9298245614035, '1_percentage_of_missing_values')
384.11/117.70	(84.75438596491227, '1_number_of_missing_values')
384.11/117.70	(84.80701754385964, '0_number_of_missing_values')
384.11/117.70	(86.78947368421052, '1_number_of_features_with_missing_values')
384.11/117.70	(87.6842105263158, '0_number_of_features_with_missing_values')
384.11/117.70	Result for ParamILS: SAT, 116.671996, 1, 0.333338, -1, /home/feurerm/thesis/Software/pyMetaLearn/optimizers/metalearn_optimizer/learn_distances.py
