0.76/1.01	['/home/feurerm/thesis/Software/pyMetaLearn/optimizers/metalearn_optimizer/learn_distances.py', '--input_file', '/home/feurerm/thesis/experiments/2014_04_25_predict_distances/testfold_0-3_spearman_rank_perm.pkl', '--fold', '0', '--folds', '1', '--params', '-max_features', '0.424743815005', '-min_samples_leaf', '2', '-min_samples_split', '5', '-n_estimators', '82', '-n_jobs', '4', '-seed', '14']
0.76/1.02	Metafeatures (57, 46)
0.76/1.02	X (3192, 92)
0.76/1.02	Y (3192,)
0.76/1.02	Dataset Mae MSE Rho
7.50/3.09	vehicle 0.437359032582 0.240131168775 -0.0252103421208
14.89/5.49	anneal.ORIG 0.586973153753 0.396777092171 0.0135747996035
22.11/7.86	segment 0.254964117546 0.0826485556816 0.774733205943
29.40/10.21	pendigits 0.391541354177 0.183481994506 0.291534981961
36.62/12.57	mushroom 0.191621600741 0.0458613446026 0.631874600591
44.00/14.91	labor 0.203722621391 0.0604490131037 0.61991584856
51.29/17.24	abalone 0.371579977261 0.176068551006 0.367166008323
58.79/19.75	diabetes 0.494922964999 0.331267007293 -0.0203621994053
66.04/22.10	car 0.441597189156 0.288899733341 0.265031801783
73.14/24.46	autos 0.208507149409 0.055565946261 0.580807497321
80.51/26.81	mfeat-fourier 0.700286509573 0.634001786637 -0.540083098511
87.84/29.14	primary-tumor 0.191688089448 0.0447682443111 0.643833352623
95.21/33.98	waveform-5000 0.247863978534 0.0810014328139 0.565616650146
102.53/36.34	credit-a 0.403179389503 0.233317030704 0.335491475915
109.68/38.69	letter 0.276352909605 0.0997873106909 0.658054571255
117.22/41.13	postoperative-patient-data 0.458943768544 0.25676309132 -0.528447555993
124.55/43.58	vowel 0.513035570953 0.329052072578 -0.0161604757185
131.82/45.92	eucalyptus 0.286639564935 0.109923501166 0.513903127847
139.07/48.29	cylinder-bands 0.255896998794 0.0760190592812 0.609249934586
146.47/50.63	ionosphere 0.438183046234 0.22217516527 -0.0892058259659
153.66/52.98	mfeat-karhunen 0.240959137469 0.0806606650877 0.643510143109
160.93/55.39	balance-scale 0.187805152964 0.0532732910801 0.657408152227
168.12/57.64	mfeat-morphological 0.516288105264 0.355404648232 -0.257274773438
175.45/60.06	liver-disorders 0.198072087253 0.0560602269448 0.65320642854
182.95/62.60	dermatology 0.228062679113 0.0658830899857 0.455078996232
190.28/64.98	vote 0.0681255116659 0.00803840365947 0.797681081463
197.50/67.38	breast-cancer 0.180989556781 0.0460585869857 0.291858191475
204.94/69.74	credit-g 0.532452377786 0.38036547757 -0.457018253318
212.37/72.10	soybean 0.104281859103 0.0153748540315 0.846485718133
219.58/74.46	arrhythmia 0.302258083463 0.114043051979 -0.106659139742
226.93/76.81	nursery 0.198519550944 0.0513822608833 0.741442625963
234.13/79.20	hepatitis 0.371876980765 0.198612292301 -0.21752000317
241.51/81.62	cmc 0.166555459152 0.0357127265834 0.714939445784
248.79/84.00	heart-c 0.245803205901 0.0797184561438 0.792186519719
255.96/86.47	glass 0.28867287862 0.100548603505 0.623794362732
263.27/88.83	braziltourism 0.632161399214 0.499638616207 -0.552688269571
270.79/91.29	iris 0.311159532071 0.126674873535 0.225923450544
277.95/93.84	heart-statlog 0.348945387693 0.164431229805 0.502590794844
285.55/96.31	page-blocks 0.578218555237 0.450144685435 -0.629935343505
292.98/98.69	breast-w 0.213194177631 0.0617614658606 0.600846487212
300.18/101.07	heart-h 0.149753693489 0.0307284342546 0.722696474129
307.57/103.41	yeast 0.325737252121 0.132587222625 0.652236799997
314.86/105.78	tae 0.380640013152 0.183634617901 -0.100194949454
322.34/108.29	haberman 0.303484415862 0.117215054559 -0.0462189605548
329.67/110.65	mfeat-pixel 0.399563583484 0.195571035889 0.130253434291
340.31/113.03	optdigits 0.204549632735 0.0525742938759 0.751138911394
347.72/115.38	mfeat-factors 0.290714863267 0.111139537337 0.529093975022
355.05/117.75	satimage 0.392325498772 0.185253503536 0.0494510556985
362.23/120.01	lymph 0.282455672272 0.116360500556 0.365873170266
369.43/122.36	audiology 0.269426563196 0.0912870579746 0.551072221999
376.73/124.70	ecoli 0.444714460472 0.253982701748 0.0135747996035
384.06/127.14	tic-tac-toe 0.174878507519 0.0468476342033 0.786045538946
391.67/129.60	spambase 0.375882999763 0.174098223311 0.720757217043
398.94/131.95	zoo 0.174334431059 0.0414075620155 0.686820218034
406.26/134.31	sonar 0.571246387085 0.410955141326 -0.372983779582
413.45/136.71	mfeat-zernike 0.226480062126 0.0760713499741 0.573373678491
420.84/139.16	kr-vs-kp 0.197315268564 0.0479206093845 0.673891837459
421.18/139.47	MAE 0.323381824038 0.140793016197
421.18/139.47	MSE 0.160690896277 0.160690896277
421.18/139.47	Mean tau 0.327439589768 0.416419438406
421.18/139.47	(0.21052631578947367, '1_class_probability_max')
421.18/139.47	(0.9298245614035088, '0_class_probability_max')
421.18/139.47	(2.2982456140350878, '0_skewness_min')
421.18/139.47	(2.736842105263158, '1_skewness_min')
421.18/139.47	(5.807017543859649, '0_class_entropy')
421.18/139.47	(6.701754385964913, '1_class_entropy')
421.18/139.47	(7.192982456140351, '0_class_probability_std')
421.18/139.47	(8.456140350877194, '1_landmark_random_node_learner')
421.18/139.47	(8.649122807017545, '1_class_probability_std')
421.18/139.47	(8.75438596491228, '0_landmark_decision_tree')
421.18/139.47	(9.017543859649123, '1_landmark_decision_tree')
421.18/139.47	(11.035087719298245, '1_landmark_naive_bayes')
421.18/139.47	(11.140350877192983, '0_landmark_naive_bayes')
421.18/139.47	(12.403508771929825, '0_landmark_random_node_learner')
421.18/139.47	(19.94736842105263, '1_pca_skewness_first_pc')
421.18/139.47	(20.19298245614035, '1_landmark_lda')
421.18/139.47	(20.29824561403509, '0_landmark_1NN')
421.18/139.47	(20.56140350877193, '0_pca_skewness_first_pc')
421.18/139.47	(22.68421052631579, '0_skewness_max')
421.18/139.47	(23.087719298245613, '1_kurtosis_std')
421.18/139.47	(23.614035087719298, '0_log_number_of_features')
421.18/139.47	(23.63157894736842, '1_number_of_features')
421.18/139.47	(23.82456140350877, '0_kurtosis_std')
421.18/139.47	(23.94736842105263, '1_log_number_of_features')
421.18/139.47	(24.45614035087719, '0_landmark_lda')
421.18/139.47	(24.982456140350877, '0_number_of_features')
421.18/139.47	(25.19298245614035, '0_kurtosis_min')
421.18/139.47	(26.157894736842106, '1_skewness_std')
421.18/139.47	(26.56140350877193, '1_kurtosis_min')
421.18/139.47	(26.964912280701753, '1_landmark_1NN')
421.18/139.47	(27.45614035087719, '1_skewness_max')
421.18/139.47	(29.614035087719298, '0_skewness_std')
421.18/139.47	(33.50877192982456, '1_number_of_numeric_features')
421.18/139.47	(34.26315789473684, '0_symbols_sum')
421.18/139.47	(35.228070175438596, '0_number_of_numeric_features')
421.18/139.47	(35.98245614035088, '1_symbols_sum')
421.18/139.47	(37.8421052631579, '1_kurtosis_max')
421.18/139.47	(40.94736842105263, '0_class_probability_min')
421.18/139.47	(41.31578947368421, '1_class_probability_min')
421.18/139.47	(41.70175438596491, '0_kurtosis_max')
421.18/139.47	(43.473684210526315, '0_number_of_categorical_features')
421.18/139.47	(44.05263157894737, '0_log_number_of_instances')
421.18/139.47	(44.175438596491226, '0_landmark_decision_node_learner')
421.18/139.47	(44.24561403508772, '1_number_of_categorical_features')
421.18/139.47	(44.45614035087719, '1_landmark_decision_node_learner')
421.18/139.47	(46.31578947368421, '0_number_of_instances')
421.18/139.47	(47.228070175438596, '0_pca_kurtosis_first_pc')
421.18/139.47	(48.175438596491226, '1_pca_kurtosis_first_pc')
421.18/139.47	(48.36842105263158, '1_number_of_instances')
421.18/139.47	(48.98245614035088, '1_log_number_of_instances')
421.18/139.47	(49.824561403508774, '1_skewness_mean')
421.18/139.47	(50.333333333333336, '1_pca_95%')
421.18/139.47	(51.73684210526316, '0_pca_95%')
421.18/139.47	(51.85964912280702, '0_skewness_mean')
421.18/139.47	(54.228070175438596, '1_symbols_mean')
421.18/139.47	(55.01754385964912, '1_log_dataset_ratio')
421.18/139.47	(55.64912280701754, '0_symbols_mean')
421.18/139.47	(55.89473684210526, '0_ratio_numerical_to_categorical')
421.18/139.47	(56.26315789473684, '0_log_dataset_ratio')
421.18/139.47	(57.29824561403509, '1_ratio_numerical_to_categorical')
421.18/139.47	(58.49122807017544, '0_log_inverse_dataset_ratio')
421.18/139.47	(58.771929824561404, '0_dataset_ratio')
421.18/139.47	(58.8421052631579, '0_inverse_dataset_ratio')
421.18/139.47	(59.29824561403509, '1_log_inverse_dataset_ratio')
421.18/139.47	(59.68421052631579, '1_dataset_ratio')
421.18/139.47	(60.0, '1_inverse_dataset_ratio')
421.18/139.47	(63.05263157894737, '1_kurtosis_mean')
421.18/139.47	(63.91228070175438, '0_symbols_min')
421.18/139.47	(64.08771929824562, '0_kurtosis_mean')
421.18/139.47	(64.08771929824562, '1_symbols_min')
421.18/139.47	(72.64912280701755, '0_symbols_max')
421.18/139.47	(73.82456140350877, '1_symbols_max')
421.18/139.47	(74.2280701754386, '1_ratio_categorical_to_numerical')
421.18/139.47	(74.52631578947368, '0_ratio_categorical_to_numerical')
421.18/139.47	(75.54385964912281, '0_percentage_of_features_with_missing_values')
421.18/139.47	(75.82456140350877, '0_class_probability_mean')
421.18/139.47	(75.94736842105263, '1_percentage_of_features_with_missing_values')
421.18/139.47	(76.26315789473684, '1_number_of_classes')
421.18/139.47	(77.33333333333333, '1_class_probability_mean')
421.18/139.47	(78.01754385964912, '0_number_of_classes')
421.18/139.47	(78.12280701754386, '1_percentage_of_missing_values')
421.18/139.47	(78.17543859649123, '0_symbols_std')
421.18/139.47	(78.85964912280701, '0_percentage_of_missing_values')
421.18/139.47	(79.52631578947368, '1_symbols_std')
421.18/139.47	(83.89473684210526, '1_number_of_Instances_with_missing_values')
421.18/139.47	(84.15789473684211, '0_percentage_of_Instances_with_missing_values')
421.18/139.47	(84.40350877192982, '0_number_of_Instances_with_missing_values')
421.18/139.47	(84.73684210526316, '1_percentage_of_Instances_with_missing_values')
421.18/139.47	(85.03508771929825, '0_number_of_missing_values')
421.18/139.47	(85.49122807017544, '1_number_of_missing_values')
421.18/139.47	(85.9298245614035, '1_number_of_features_with_missing_values')
421.18/139.47	(86.40350877192982, '0_number_of_features_with_missing_values')
421.18/139.47	Result for ParamILS: SAT, 138.462896, 1, 0.323382, -1, /home/feurerm/thesis/Software/pyMetaLearn/optimizers/metalearn_optimizer/learn_distances.py
