0.75/7.81	['/home/feurerm/thesis/Software/pyMetaLearn/optimizers/metalearn_optimizer/learn_distances.py', '--input_file', '/home/feurerm/thesis/experiments/2014_04_25_predict_distances/testfold_0-3_spearman_rank_perm.pkl', '--fold', '0', '--folds', '1', '--params', '-max_features', '0.858038103093', '-min_samples_leaf', '5', '-min_samples_split', '6', '-n_estimators', '44', '-n_jobs', '4', '-seed', '65']
0.76/8.04	Metafeatures (57, 46)
0.76/8.04	X (3192, 92)
0.76/8.04	Y (3192,)
0.76/8.04	Dataset Mae MSE Rho
6.79/12.55	vehicle 0.495755565294 0.316935954587 -0.259214030524
13.17/14.89	anneal.ORIG 0.806327774209 0.721220159419 -0.178411651932
19.60/17.07	segment 0.296982881749 0.114803256118 0.672598999402
25.97/22.12	pendigits 0.391081320074 0.182736995731 0.271819201584
32.33/24.15	mushroom 0.230792152322 0.0662351394834 0.543638403169
38.60/26.06	labor 0.204873505989 0.0624556441765 0.500005118729
44.98/28.00	abalone 0.426312417411 0.228316526698 0.142535395837
51.11/30.05	diabetes 0.492349390658 0.346453603341 -0.248871326064
57.35/36.93	car 0.665996082979 0.553619904062 -0.0555920364715
63.67/38.82	autos 0.181178520008 0.0444719213876 0.65546889514
70.03/40.73	mfeat-fourier 0.679481284397 0.590584857739 -0.504853261444
76.27/42.63	primary-tumor 0.19819239147 0.0501354707894 0.595351925468
82.63/44.91	waveform-5000 0.225291076855 0.0701517822052 0.671952580373
88.96/46.98	credit-a 0.456980798257 0.2938497384 0.137040834092
95.34/48.97	letter 0.315399961549 0.128030010927 0.506792518531
101.78/50.86	postoperative-patient-data 0.451269217753 0.254125477498 -0.234650107432
108.12/52.82	vowel 0.483704091151 0.290091764702 0.0930843401383
114.42/54.77	eucalyptus 0.265386658724 0.0950796907287 0.543961612683
120.76/56.66	cylinder-bands 0.268497145274 0.0868870927446 0.561091716945
127.11/58.56	ionosphere 0.450094347233 0.236642718799 -0.207177298711
133.46/60.52	mfeat-karhunen 0.248098583642 0.0814812363845 0.663225923485
139.67/67.67	balance-scale 0.260057243521 0.0980001774386 0.287979677303
145.98/69.57	mfeat-morphological 0.47786957714 0.301238652008 -0.173563509216
152.36/71.62	liver-disorders 0.1490198109 0.0294052825495 0.498065861643
158.69/73.54	dermatology 0.223523008611 0.0629500694472 0.462836024576
165.11/75.53	vote 0.0732177288518 0.00926337966874 0.763744082454
171.52/77.44	breast-cancer 0.117727250084 0.0216749634882 0.512933499304
177.94/79.41	credit-g 0.572171145916 0.452482922737 -0.44829159643
184.33/81.35	soybean 0.108368149137 0.0162489707846 0.817396861839
190.71/83.25	arrhythmia 0.304235229398 0.114487866947 -0.153201309811
197.02/85.16	nursery 0.230533949517 0.0697593780807 0.669366904258
203.28/87.07	hepatitis 0.301555281611 0.120315272142 -0.00904986640233
209.60/89.13	cmc 0.144151693988 0.0282169076448 0.692961198807
215.89/91.03	heart-c 0.239162976595 0.0761401106159 0.75534063508
222.21/92.93	glass 0.286526597766 0.102326224386 0.64286372408
228.73/94.92	braziltourism 0.732496180458 0.641139445311 -0.613451658272
235.05/96.82	iris 0.336449830623 0.15281269811 0.0265031801783
241.36/98.72	heart-statlog 0.299647095858 0.119030567026 0.677123932603
247.95/100.79	page-blocks 0.668884658604 0.594581949267 -0.723019683644
254.27/102.69	breast-w 0.235225631458 0.077834727219 0.438272101484
260.62/104.59	heart-h 0.145307440975 0.0287591858962 0.716555493356
266.93/106.54	yeast 0.348763377865 0.150437211701 0.501944375815
273.25/108.47	tae 0.376977975279 0.173171932604 0.0491278461841
279.62/110.38	haberman 0.294359915632 0.113212063486 -0.0552688269571
285.96/112.35	mfeat-pixel 0.410500682952 0.209229948243 0.0898522449946
292.30/114.26	optdigits 0.234199273485 0.0686556677024 0.71461623627
298.72/116.32	mfeat-factors 0.258298108583 0.0875884674844 0.675831094546
309.52/118.22	satimage 0.363633753759 0.165349684559 0.0572080840433
315.80/120.14	lymph 0.242444279571 0.0910812323916 0.363287494151
322.09/122.04	audiology 0.278334556441 0.0930009529836 0.475764405151
328.37/128.02	ecoli 0.384700296471 0.185269358225 0.226569869573
334.69/129.91	tic-tac-toe 0.152663052914 0.0328486410876 0.778288510601
341.15/131.81	spambase 0.353475682584 0.165148966154 0.651913590482
347.45/133.75	zoo 0.196796502559 0.053081148012 0.563354183545
353.78/135.72	sonar 0.543755824595 0.368247968334 -0.335491475915
360.15/137.62	mfeat-zernike 0.224990123059 0.0722205957709 0.630904972048
366.46/139.53	kr-vs-kp 0.240103171361 0.0690089773248 0.569171954804
366.59/139.67	MAE 0.334108284651 0.162697595959
366.59/139.67	MSE 0.175939131803 0.175939131803
366.59/139.67	Mean tau 0.292425225711 0.406613823796
366.59/139.67	(0.49122807017543857, '1_class_probability_max')
366.59/139.67	(0.6491228070175439, '0_class_probability_max')
366.59/139.67	(2.4210526315789473, '1_skewness_min')
366.59/139.67	(2.5789473684210527, '0_skewness_min')
366.59/139.67	(6.2105263157894735, '0_landmark_naive_bayes')
366.59/139.67	(6.684210526315789, '1_landmark_naive_bayes')
366.59/139.67	(9.210526315789474, '0_class_entropy')
366.59/139.67	(12.473684210526315, '0_pca_skewness_first_pc')
366.59/139.67	(12.87719298245614, '1_pca_skewness_first_pc')
366.59/139.67	(13.912280701754385, '0_class_probability_std')
366.59/139.67	(14.192982456140351, '1_landmark_lda')
366.59/139.67	(15.31578947368421, '0_landmark_decision_tree')
366.59/139.67	(16.05263157894737, '0_landmark_lda')
366.59/139.67	(16.719298245614034, '1_class_entropy')
366.59/139.67	(17.473684210526315, '1_class_probability_std')
366.59/139.67	(17.56140350877193, '1_landmark_decision_tree')
366.59/139.67	(20.94736842105263, '0_kurtosis_min')
366.59/139.67	(22.859649122807017, '1_kurtosis_min')
366.59/139.67	(25.736842105263158, '0_skewness_max')
366.59/139.67	(26.0, '1_landmark_1NN')
366.59/139.67	(26.912280701754387, '0_class_probability_min')
366.59/139.67	(27.12280701754386, '1_skewness_max')
366.59/139.67	(27.333333333333332, '1_class_probability_min')
366.59/139.67	(28.0, '0_landmark_1NN')
366.59/139.67	(32.19298245614035, '0_number_of_numeric_features')
366.59/139.67	(32.49122807017544, '1_kurtosis_max')
366.59/139.67	(32.6140350877193, '1_log_number_of_features')
366.59/139.67	(32.63157894736842, '0_kurtosis_max')
366.59/139.67	(32.85964912280702, '1_number_of_numeric_features')
366.59/139.67	(34.333333333333336, '0_skewness_mean')
366.59/139.67	(34.3859649122807, '0_number_of_instances')
366.59/139.67	(34.578947368421055, '0_log_number_of_instances')
366.59/139.67	(34.64912280701754, '1_log_number_of_instances')
366.59/139.67	(34.89473684210526, '0_log_number_of_features')
366.59/139.67	(35.175438596491226, '0_skewness_std')
366.59/139.67	(35.228070175438596, '1_skewness_std')
366.59/139.67	(35.75438596491228, '1_number_of_instances')
366.59/139.67	(36.80701754385965, '1_landmark_random_node_learner')
366.59/139.67	(37.31578947368421, '0_number_of_features')
366.59/139.67	(37.64912280701754, '1_kurtosis_std')
366.59/139.67	(38.666666666666664, '1_number_of_features')
366.59/139.67	(38.98245614035088, '1_landmark_decision_node_learner')
366.59/139.67	(39.280701754385966, '0_kurtosis_std')
366.59/139.67	(39.68421052631579, '1_skewness_mean')
366.59/139.67	(39.78947368421053, '0_landmark_random_node_learner')
366.59/139.67	(41.07017543859649, '1_symbols_mean')
366.59/139.67	(42.280701754385966, '0_landmark_decision_node_learner')
366.59/139.67	(43.228070175438596, '0_symbols_mean')
366.59/139.67	(44.771929824561404, '0_pca_kurtosis_first_pc')
366.59/139.67	(45.08771929824562, '1_pca_kurtosis_first_pc')
366.59/139.67	(47.98245614035088, '1_pca_95%')
366.59/139.67	(48.49122807017544, '1_symbols_min')
366.59/139.67	(48.89473684210526, '0_symbols_min')
366.59/139.67	(49.89473684210526, '0_pca_95%')
366.59/139.67	(51.10526315789474, '0_dataset_ratio')
366.59/139.67	(52.78947368421053, '0_inverse_dataset_ratio')
366.59/139.67	(53.45614035087719, '1_log_inverse_dataset_ratio')
366.59/139.68	(53.92982456140351, '1_dataset_ratio')
366.59/139.68	(54.01754385964912, '1_log_dataset_ratio')
366.59/139.68	(54.12280701754386, '0_log_dataset_ratio')
366.59/139.68	(54.50877192982456, '0_log_inverse_dataset_ratio')
366.59/139.68	(55.24561403508772, '1_number_of_categorical_features')
366.59/139.68	(55.43859649122807, '1_inverse_dataset_ratio')
366.59/139.68	(55.68421052631579, '1_symbols_sum')
366.59/139.68	(56.12280701754386, '0_symbols_sum')
366.59/139.68	(57.473684210526315, '1_ratio_numerical_to_categorical')
366.59/139.68	(58.59649122807018, '0_ratio_numerical_to_categorical')
366.59/139.68	(61.43859649122807, '0_number_of_categorical_features')
366.59/139.68	(63.666666666666664, '1_kurtosis_mean')
366.59/139.68	(66.01754385964912, '0_kurtosis_mean')
366.59/139.68	(72.49122807017544, '1_ratio_categorical_to_numerical')
366.59/139.68	(72.66666666666667, '0_ratio_categorical_to_numerical')
366.59/139.68	(73.14035087719299, '1_number_of_classes')
366.59/139.68	(74.05263157894737, '0_number_of_classes')
366.59/139.68	(74.43859649122807, '1_class_probability_mean')
366.59/139.68	(74.45614035087719, '0_symbols_max')
366.59/139.68	(75.01754385964912, '0_class_probability_mean')
366.59/139.68	(76.94736842105263, '0_symbols_std')
366.59/139.68	(77.03508771929825, '1_symbols_max')
366.59/139.68	(78.43859649122807, '1_symbols_std')
366.59/139.68	(79.17543859649123, '1_percentage_of_features_with_missing_values')
366.59/139.68	(79.52631578947368, '0_percentage_of_features_with_missing_values')
366.59/139.68	(82.03508771929825, '1_number_of_Instances_with_missing_values')
366.59/139.68	(82.52631578947368, '0_number_of_Instances_with_missing_values')
366.59/139.68	(82.6140350877193, '0_percentage_of_Instances_with_missing_values')
366.59/139.68	(82.66666666666667, '1_percentage_of_Instances_with_missing_values')
366.59/139.68	(84.0701754385965, '0_number_of_missing_values')
366.59/139.68	(84.21052631578948, '0_percentage_of_missing_values')
366.59/139.68	(85.52631578947368, '1_number_of_missing_values')
366.59/139.68	(85.56140350877193, '1_percentage_of_missing_values')
366.59/139.68	(87.14035087719299, '0_number_of_features_with_missing_values')
366.59/139.68	(87.24561403508773, '1_number_of_features_with_missing_values')
366.59/139.68	Result for ParamILS: SAT, 131.862795, 1, 0.334108, -1, /home/feurerm/thesis/Software/pyMetaLearn/optimizers/metalearn_optimizer/learn_distances.py
