0.76/1.02	['/home/feurerm/thesis/Software/pyMetaLearn/optimizers/metalearn_optimizer/learn_distances.py', '--input_file', '/home/feurerm/thesis/experiments/2014_04_25_predict_distances/testfold_0-3_spearman_rank_perm.pkl', '--fold', '0', '--folds', '1', '--params', '-max_features', '0.445147944002', '-min_samples_leaf', '6', '-min_samples_split', '6', '-n_estimators', '10', '-n_jobs', '4', '-seed', '24']
0.76/1.03	Metafeatures (57, 46)
0.76/1.03	X (3192, 92)
0.76/1.03	Y (3192,)
0.76/1.03	Dataset Mae MSE Rho
1.56/1.49	vehicle 0.460262647979 0.265624622462 -0.0530063603565
2.40/1.97	anneal.ORIG 0.597109466505 0.412895533418 0.240325605921
3.26/2.44	segment 0.291067130253 0.114759999236 0.539436679482
4.11/2.93	pendigits 0.35524815193 0.15915249955 0.451846901088
4.97/3.41	mushroom 0.213255126151 0.0616994465276 0.57111121189
5.81/3.91	labor 0.205091258894 0.0595067961453 0.627561753727
6.69/5.00	abalone 0.414355543171 0.221728501338 0.19457212765
7.51/5.55	diabetes 0.496714830554 0.345571143237 -0.126698129633
8.36/6.21	car 0.583946471007 0.477205658808 -0.0164836852328
9.23/6.70	autos 0.241342147613 0.0743116674939 0.59179662081
10.08/7.18	mfeat-fourier 0.653209349394 0.548485490438 -0.448614805944
10.93/7.66	primary-tumor 0.188338282384 0.0465411097712 0.614098077301
11.80/8.13	waveform-5000 0.30846939833 0.130397646914 0.377508712783
12.64/8.62	credit-a 0.40738530441 0.222322779013 0.273112039642
13.49/9.09	letter 0.319460028449 0.136056080527 0.432454330226
14.42/9.57	postoperative-patient-data 0.461155519225 0.273583617819 -0.507115728045
15.27/10.05	vowel 0.496894254378 0.309968174454 -0.033131640359
16.10/10.54	eucalyptus 0.295713845151 0.122156791854 0.490632042812
16.94/11.02	cylinder-bands 0.269888683691 0.0895146028157 0.547193707827
17.81/11.50	ionosphere 0.455236925088 0.249605182959 -0.179381280475
18.65/11.98	mfeat-karhunen 0.231571644089 0.0757849713658 0.675184675517
19.52/12.46	balance-scale 0.198839581548 0.0556992595862 0.567232697718
20.36/12.94	mfeat-morphological 0.500230450211 0.341860668897 -0.173240299702
21.19/13.41	liver-disorders 0.211788381167 0.0655823215155 0.482228595439
22.07/13.89	dermatology 0.224769380009 0.0644074195319 0.441827406142
22.95/14.37	vote 0.0779246399221 0.0101702909097 0.782167024773
23.80/14.85	breast-cancer 0.302736891054 0.117844695979 -0.117971472745
24.64/15.33	credit-g 0.611119244062 0.49036033955 -0.497944311932
25.54/15.81	soybean 0.135003200003 0.0268204811512 0.753623604849
26.45/16.30	arrhythmia 0.286022148057 0.111637305832 0.117325053716
27.26/16.78	nursery 0.242849578838 0.0794063461245 0.62217831516
28.11/17.26	hepatitis 0.444678614211 0.28225927727 -0.201359527452
28.92/17.74	cmc 0.184289543829 0.0456953167428 0.635106695735
29.79/18.22	heart-c 0.293641020386 0.119762352816 0.584362801979
30.64/18.70	glass 0.350105376326 0.14993898218 0.361671446579
31.49/19.18	braziltourism 0.683624114888 0.579059376646 -0.433423958769
32.35/19.66	iris 0.310742508992 0.129680941952 0.183583004162
33.20/20.15	heart-statlog 0.342844162943 0.163725194378 0.533942117738
34.07/20.64	page-blocks 0.674117994596 0.609359842344 -0.426636558967
34.91/21.11	breast-w 0.232726664607 0.079282865859 0.545900869769
35.78/21.59	heart-h 0.167222953799 0.0409910050931 0.612158820215
36.61/22.07	yeast 0.340919607796 0.151390327281 0.429418382604
37.50/22.56	tae 0.35578063631 0.16155045018 0.0643186933594
38.34/23.04	haberman 0.296664436603 0.119490513214 0.202975575024
39.21/23.53	mfeat-pixel 0.409392701295 0.206427557284 0.105366301684
40.06/24.01	optdigits 0.237218593738 0.0746708444798 0.668397275715
40.97/24.49	mfeat-factors 0.290805292072 0.117166241858 0.531033232108
41.82/24.97	satimage 0.397795374373 0.194879846871 0.0281192277501
42.63/25.46	lymph 0.303900759534 0.131458418075 0.351651951634
43.48/25.93	audiology 0.289492210568 0.106206643791 0.414354597421
44.36/26.42	ecoli 0.412974220177 0.22788840278 0.0866201498509
45.23/26.92	tic-tac-toe 0.205651500393 0.0588281809558 0.613451658272
46.12/27.41	spambase 0.427638337383 0.235966035585 0.508731775617
46.97/28.21	zoo 0.207238274153 0.057101556193 0.459280719918
47.85/28.69	sonar 0.59901777718 0.46597278819 -0.407243988105
48.70/29.17	mfeat-zernike 0.239103865123 0.0851580607052 0.480289338352
49.57/29.65	kr-vs-kp 0.217111708878 0.0595744351854 0.629288924477
49.57/29.68	MAE 0.344766627257 0.142938879984
49.57/29.68	MSE 0.182704331634 0.182704331634
49.57/29.68	Mean tau 0.277213842048 0.35982951351
49.57/29.68	(0.5263157894736842, '0_class_probability_max')
49.57/29.68	(0.8070175438596491, '1_class_probability_max')
49.57/29.68	(3.0, '1_skewness_min')
49.57/29.68	(3.8596491228070176, '0_skewness_min')
49.57/29.68	(10.017543859649123, '0_class_probability_std')
49.57/29.68	(12.368421052631579, '1_class_probability_std')
49.57/29.68	(13.175438596491228, '1_class_entropy')
49.57/29.68	(13.719298245614034, '0_landmark_naive_bayes')
49.57/29.68	(14.649122807017545, '0_class_entropy')
49.57/29.68	(15.105263157894736, '0_landmark_decision_tree')
49.57/29.68	(15.508771929824562, '1_landmark_naive_bayes')
49.57/29.68	(17.385964912280702, '1_kurtosis_std')
49.57/29.68	(20.12280701754386, '1_landmark_decision_tree')
49.57/29.68	(22.87719298245614, '0_log_number_of_features')
49.57/29.68	(23.75438596491228, '1_pca_skewness_first_pc')
49.57/29.68	(24.12280701754386, '0_pca_skewness_first_pc')
49.57/29.68	(24.350877192982455, '0_landmark_random_node_learner')
49.57/29.68	(24.56140350877193, '0_landmark_lda')
49.57/29.68	(25.333333333333332, '1_landmark_random_node_learner')
49.57/29.68	(25.50877192982456, '1_landmark_lda')
49.57/29.68	(25.964912280701753, '0_kurtosis_std')
49.57/29.68	(26.035087719298247, '1_number_of_features')
49.57/29.68	(28.771929824561404, '1_kurtosis_min')
49.57/29.68	(30.403508771929825, '0_skewness_max')
49.57/29.68	(30.82456140350877, '1_log_number_of_features')
49.57/29.68	(30.859649122807017, '0_landmark_1NN')
49.57/29.68	(31.56140350877193, '0_kurtosis_min')
49.57/29.68	(32.35087719298246, '1_landmark_1NN')
49.57/29.68	(32.63157894736842, '0_skewness_std')
49.57/29.68	(33.19298245614035, '0_number_of_numeric_features')
49.57/29.68	(33.35087719298246, '1_skewness_max')
49.57/29.68	(33.771929824561404, '0_number_of_features')
49.57/29.68	(34.80701754385965, '1_number_of_numeric_features')
49.57/29.68	(35.91228070175438, '0_class_probability_min')
49.57/29.68	(36.228070175438596, '1_class_probability_min')
49.57/29.68	(36.70175438596491, '0_kurtosis_max')
49.57/29.68	(38.175438596491226, '1_skewness_std')
49.57/29.68	(39.80701754385965, '1_kurtosis_max')
49.57/29.68	(41.91228070175438, '0_number_of_instances')
49.57/29.68	(42.31578947368421, '1_number_of_instances')
49.57/29.68	(42.719298245614034, '0_pca_kurtosis_first_pc')
49.57/29.68	(43.31578947368421, '0_landmark_decision_node_learner')
49.57/29.68	(43.70175438596491, '0_symbols_mean')
49.57/29.68	(44.3859649122807, '1_log_number_of_instances')
49.57/29.68	(45.49122807017544, '0_pca_95%')
49.57/29.68	(45.56140350877193, '0_log_number_of_instances')
49.57/29.68	(45.68421052631579, '1_pca_95%')
49.57/29.68	(46.36842105263158, '0_symbols_sum')
49.57/29.68	(46.75438596491228, '1_number_of_categorical_features')
49.57/29.68	(47.03508771929825, '1_landmark_decision_node_learner')
49.57/29.68	(47.31578947368421, '0_dataset_ratio')
49.57/29.68	(48.824561403508774, '1_log_inverse_dataset_ratio')
49.57/29.68	(49.19298245614035, '1_pca_kurtosis_first_pc')
49.57/29.68	(50.10526315789474, '1_skewness_mean')
49.57/29.68	(50.36842105263158, '0_log_inverse_dataset_ratio')
49.57/29.68	(51.64912280701754, '1_inverse_dataset_ratio')
49.57/29.68	(52.24561403508772, '0_log_dataset_ratio')
49.57/29.68	(52.40350877192982, '1_symbols_mean')
49.57/29.68	(52.421052631578945, '1_dataset_ratio')
49.57/29.68	(53.03508771929825, '1_log_dataset_ratio')
49.57/29.68	(53.771929824561404, '0_number_of_categorical_features')
49.57/29.68	(53.78947368421053, '1_symbols_sum')
49.57/29.68	(54.421052631578945, '0_skewness_mean')
49.57/29.68	(55.85964912280702, '0_inverse_dataset_ratio')
49.57/29.68	(56.64912280701754, '1_symbols_min')
49.57/29.68	(57.54385964912281, '1_kurtosis_mean')
49.57/29.68	(58.10526315789474, '1_ratio_numerical_to_categorical')
49.57/29.68	(58.35087719298246, '0_kurtosis_mean')
49.57/29.68	(59.824561403508774, '0_ratio_numerical_to_categorical')
49.57/29.68	(63.36842105263158, '0_symbols_min')
49.57/29.68	(68.0, '1_symbols_max')
49.57/29.68	(68.45614035087719, '0_symbols_max')
49.57/29.68	(68.9298245614035, '1_number_of_classes')
49.57/29.68	(69.84210526315789, '1_ratio_categorical_to_numerical')
49.57/29.68	(70.54385964912281, '0_ratio_categorical_to_numerical')
49.57/29.68	(71.0, '0_number_of_classes')
49.57/29.68	(71.52631578947368, '0_percentage_of_features_with_missing_values')
49.57/29.68	(72.6842105263158, '1_percentage_of_features_with_missing_values')
49.57/29.68	(72.91228070175438, '1_class_probability_mean')
49.57/29.68	(74.29824561403508, '0_class_probability_mean')
49.57/29.68	(74.47368421052632, '1_symbols_std')
49.57/29.68	(75.0701754385965, '0_symbols_std')
49.57/29.68	(77.98245614035088, '1_percentage_of_Instances_with_missing_values')
49.57/29.68	(78.7719298245614, '1_percentage_of_missing_values')
49.57/29.68	(79.66666666666667, '1_number_of_missing_values')
49.57/29.68	(79.78947368421052, '0_percentage_of_missing_values')
49.57/29.68	(80.36842105263158, '1_number_of_Instances_with_missing_values')
49.57/29.68	(80.80701754385964, '0_percentage_of_Instances_with_missing_values')
49.57/29.68	(82.45614035087719, '0_number_of_missing_values')
49.57/29.68	(82.64912280701755, '0_number_of_Instances_with_missing_values')
49.57/29.68	(84.54385964912281, '1_number_of_features_with_missing_values')
49.57/29.68	(84.63157894736842, '0_number_of_features_with_missing_values')
49.57/29.68	Result for ParamILS: SAT, 28.662358, 1, 0.344767, -1, /home/feurerm/thesis/Software/pyMetaLearn/optimizers/metalearn_optimizer/learn_distances.py
