0.70/2.34	['/home/feurerm/thesis/Software/pyMetaLearn/optimizers/metalearn_optimizer/learn_distances.py', '--input_file', '/home/feurerm/thesis/experiments/2014_04_25_predict_distances/testfold_0-3_spearman_rank_perm.pkl', '--fold', '0', '--folds', '1', '--params', '-max_features', '0.385923866293', '-min_samples_leaf', '10', '-min_samples_split', '3', '-n_estimators', '89', '-n_jobs', '4', '-seed', '47']
0.70/2.35	Metafeatures (57, 46)
0.70/2.35	X (3192, 92)
0.70/2.35	Y (3192,)
0.70/2.35	Dataset Mae MSE Rho
5.79/3.91	vehicle 0.415621117562 0.21858181656 0.021008618434
11.29/5.70	anneal.ORIG 0.60055337709 0.416337007295 0.0736917692761
16.84/7.68	segment 0.295124579459 0.110250533894 0.690375522692
22.33/9.48	pendigits 0.385916100487 0.179420666879 0.335491475915
27.85/11.30	mushroom 0.229715437894 0.0625860066303 0.573373678491
33.42/13.11	labor 0.161394775892 0.0372458162597 0.769238644198
38.81/14.83	abalone 0.418211866269 0.222050394623 0.160635128641
44.39/16.68	diabetes 0.47767981246 0.318735279863 -0.0956700162532
49.86/18.49	car 0.483239419527 0.336590006446 0.151585262239
55.37/24.61	autos 0.240950101844 0.0743551593204 0.530063603565
61.07/26.42	mfeat-fourier 0.624702802374 0.50810715993 -0.466714538749
66.57/28.22	primary-tumor 0.207441881914 0.0528154507256 0.598260811097
72.12/30.04	waveform-5000 0.268423471729 0.0963405123492 0.588564525666
77.60/31.86	credit-a 0.399394942554 0.222625926749 0.30478657205
83.07/33.71	letter 0.274707837486 0.100455045983 0.668397275715
88.83/35.51	postoperative-patient-data 0.43138154899 0.224461864395 -0.460250348462
94.31/37.40	vowel 0.515970100536 0.334571330169 -0.0106659139742
99.86/39.23	eucalyptus 0.302445155996 0.120144314352 0.484491062039
105.42/41.05	cylinder-bands 0.297595906867 0.102827131335 0.507438937559
111.06/42.87	ionosphere 0.411496981527 0.194332392934 -0.0497742652128
116.57/44.67	mfeat-karhunen 0.276291089822 0.100439900302 0.611835610701
122.20/46.57	balance-scale 0.190396194957 0.0528594645749 0.68649700852
132.63/48.43	mfeat-morphological 0.483376566288 0.313705443954 -0.262446125668
138.12/50.24	liver-disorders 0.171505529164 0.0450349217787 0.482875014467
143.68/52.10	dermatology 0.197554259046 0.0499035812435 0.531033232108
149.35/53.91	vote 0.077523336322 0.00992184809711 0.795418614862
154.83/55.71	breast-cancer 0.207253922607 0.0612535797871 0.135424786521
160.49/57.53	credit-g 0.51191606105 0.355959118393 -0.426313349453
165.99/59.49	soybean 0.125742822126 0.0219715925014 0.851333860848
171.50/61.39	arrhythmia 0.283906418917 0.10218386255 -0.012281961546
177.01/63.19	nursery 0.267801359365 0.0905473865319 0.597614392068
182.41/64.89	hepatitis 0.380552040028 0.20728372666 -0.248871326064
187.87/66.75	cmc 0.182090306138 0.0404876573626 0.720757217043
193.25/68.67	heart-c 0.29053532415 0.108436550422 0.724635731215
198.83/70.48	glass 0.367611266095 0.162990316568 0.298968800791
204.32/72.35	braziltourism 0.627531974938 0.47251879176 -0.547193707827
209.82/74.54	iris 0.316604132761 0.133155652157 0.136394415064
215.21/76.28	heart-statlog 0.361699441824 0.177642800569 0.495480185528
220.97/78.19	page-blocks 0.519392319249 0.359438238514 -0.377185503269
226.51/80.02	breast-w 0.231022441487 0.0718112207456 0.505499680473
231.99/81.82	heart-h 0.184037037806 0.0421067769762 0.706859207925
237.57/83.81	yeast 0.380134893374 0.178995240821 0.39431560753
243.13/85.61	tae 0.354961312906 0.158132299878 -0.00904986640233
248.72/87.57	haberman 0.277898341559 0.100800578488 0.0216550374627
254.32/89.44	mfeat-pixel 0.374828684085 0.173490284964 0.159665500098
259.94/91.24	optdigits 0.25654922308 0.0832913518821 0.662902713971
265.43/93.07	mfeat-factors 0.261469775364 0.0913933376338 0.680679237261
270.97/94.96	satimage 0.349007896482 0.150747035624 0.103103835084
276.53/96.77	lymph 0.272011303958 0.10639563955 0.411445711792
281.99/98.58	audiology 0.284508404947 0.0974331746629 0.514226337361
287.49/100.41	ecoli 0.423198492054 0.232777770644 0.0458957510404
293.10/102.29	tic-tac-toe 0.203909514435 0.0612529396703 0.726574988302
298.74/104.14	spambase 0.350089280779 0.15852587502 0.741765835477
304.30/105.95	zoo 0.17833676097 0.0412794426669 0.703303903267
309.82/107.81	sonar 0.546815567911 0.376157352723 -0.372014151039
315.36/113.21	mfeat-zernike 0.238020197588 0.080518254322 0.540083098511
320.89/115.22	kr-vs-kp 0.232047478089 0.0652650684266 0.571757630919
321.18/115.46	MAE 0.32772102088 0.127043177618
321.18/115.46	MSE 0.159104243774 0.159104243774
321.18/115.46	Mean tau 0.310122364208 0.383948402987
321.18/115.46	(0.0, '0_class_probability_max')
321.18/115.46	(1.0175438596491229, '1_class_probability_max')
321.18/115.46	(2.192982456140351, '0_skewness_min')
321.18/115.46	(3.807017543859649, '1_skewness_min')
321.18/115.46	(5.421052631578948, '0_landmark_decision_tree')
321.18/115.46	(5.982456140350878, '1_landmark_random_node_learner')
321.18/115.46	(6.105263157894737, '1_landmark_decision_tree')
321.18/115.46	(7.614035087719298, '1_class_probability_std')
321.18/115.46	(9.192982456140351, '0_class_entropy')
321.18/115.46	(9.43859649122807, '1_landmark_naive_bayes')
321.18/115.46	(10.035087719298245, '1_class_entropy')
321.18/115.46	(10.473684210526315, '0_landmark_random_node_learner')
321.18/115.46	(10.578947368421053, '0_class_probability_std')
321.18/115.46	(12.350877192982455, '0_landmark_naive_bayes')
321.18/115.46	(14.894736842105264, '1_landmark_1NN')
321.18/115.46	(19.49122807017544, '1_pca_skewness_first_pc')
321.18/115.46	(20.333333333333332, '0_skewness_std')
321.18/115.46	(21.19298245614035, '0_pca_skewness_first_pc')
321.18/115.46	(22.24561403508772, '1_landmark_lda')
321.18/115.46	(23.49122807017544, '0_skewness_max')
321.18/115.46	(23.526315789473685, '1_number_of_features')
321.18/115.46	(25.17543859649123, '1_log_number_of_features')
321.18/115.46	(25.24561403508772, '0_number_of_features')
321.18/115.46	(25.57894736842105, '1_skewness_std')
321.18/115.46	(25.736842105263158, '1_kurtosis_std')
321.18/115.46	(26.07017543859649, '0_kurtosis_std')
321.18/115.46	(26.17543859649123, '0_log_number_of_features')
321.18/115.46	(26.45614035087719, '0_landmark_1NN')
321.18/115.46	(26.649122807017545, '1_skewness_max')
321.18/115.46	(26.964912280701753, '1_kurtosis_min')
321.18/115.46	(27.29824561403509, '0_landmark_lda')
321.18/115.46	(28.649122807017545, '0_kurtosis_min')
321.18/115.46	(31.17543859649123, '1_symbols_sum')
321.18/115.46	(32.56140350877193, '1_number_of_numeric_features')
321.18/115.46	(34.6140350877193, '0_number_of_numeric_features')
321.18/115.46	(36.10526315789474, '1_number_of_categorical_features')
321.18/115.46	(37.824561403508774, '1_landmark_decision_node_learner')
321.18/115.46	(40.78947368421053, '1_kurtosis_max')
321.18/115.46	(40.87719298245614, '0_landmark_decision_node_learner')
321.18/115.46	(41.228070175438596, '0_symbols_sum')
321.18/115.46	(41.64912280701754, '0_kurtosis_max')
321.18/115.46	(42.3859649122807, '0_class_probability_min')
321.18/115.46	(43.0, '1_class_probability_min')
321.18/115.46	(46.64912280701754, '0_number_of_categorical_features')
321.18/115.46	(47.26315789473684, '0_pca_kurtosis_first_pc')
321.18/115.46	(47.64912280701754, '1_pca_95%')
321.18/115.46	(48.19298245614035, '1_pca_kurtosis_first_pc')
321.18/115.46	(48.280701754385966, '0_log_number_of_instances')
321.18/115.46	(49.36842105263158, '1_log_number_of_instances')
321.18/115.46	(49.771929824561404, '1_number_of_instances')
321.18/115.46	(51.10526315789474, '0_pca_95%')
321.18/115.46	(51.56140350877193, '0_number_of_instances')
321.18/115.46	(51.85964912280702, '0_skewness_mean')
321.18/115.46	(51.96491228070175, '1_skewness_mean')
321.18/115.46	(52.6140350877193, '0_symbols_mean')
321.18/115.46	(54.05263157894737, '0_ratio_numerical_to_categorical')
321.18/115.46	(56.421052631578945, '1_ratio_numerical_to_categorical')
321.18/115.46	(57.03508771929825, '0_inverse_dataset_ratio')
321.18/115.46	(57.70175438596491, '1_symbols_mean')
321.18/115.46	(58.14035087719298, '0_log_inverse_dataset_ratio')
321.18/115.46	(58.3859649122807, '1_log_dataset_ratio')
321.18/115.46	(59.31578947368421, '1_inverse_dataset_ratio')
321.18/115.46	(59.36842105263158, '1_log_inverse_dataset_ratio')
321.18/115.46	(59.421052631578945, '0_log_dataset_ratio')
321.18/115.46	(60.68421052631579, '1_dataset_ratio')
321.18/115.46	(61.21052631578947, '0_dataset_ratio')
321.18/115.46	(62.68421052631579, '1_kurtosis_mean')
321.18/115.46	(62.824561403508774, '1_symbols_min')
321.18/115.46	(63.85964912280702, '0_symbols_min')
321.18/115.46	(65.15789473684211, '0_kurtosis_mean')
321.18/115.46	(70.21052631578948, '1_symbols_max')
321.18/115.46	(71.01754385964912, '1_percentage_of_features_with_missing_values')
321.18/115.46	(73.0701754385965, '0_symbols_max')
321.18/115.46	(73.64912280701755, '1_ratio_categorical_to_numerical')
321.18/115.46	(74.91228070175438, '1_class_probability_mean')
321.18/115.46	(75.59649122807018, '0_number_of_classes')
321.18/115.46	(76.01754385964912, '1_number_of_classes')
321.18/115.46	(76.94736842105263, '0_ratio_categorical_to_numerical')
321.18/115.46	(76.96491228070175, '0_percentage_of_features_with_missing_values')
321.18/115.46	(77.10526315789474, '1_symbols_std')
321.18/115.46	(78.36842105263158, '0_class_probability_mean')
321.18/115.46	(78.66666666666667, '0_symbols_std')
321.18/115.46	(78.71929824561404, '0_percentage_of_missing_values')
321.18/115.46	(80.73684210526316, '1_percentage_of_missing_values')
321.18/115.46	(82.82456140350877, '1_number_of_Instances_with_missing_values')
321.18/115.46	(83.6842105263158, '1_number_of_missing_values')
321.18/115.46	(84.14035087719299, '1_percentage_of_Instances_with_missing_values')
321.18/115.46	(85.29824561403508, '0_percentage_of_Instances_with_missing_values')
321.18/115.46	(85.54385964912281, '1_number_of_features_with_missing_values')
321.18/115.46	(85.82456140350877, '0_number_of_Instances_with_missing_values')
321.18/115.46	(86.24561403508773, '0_number_of_missing_values')
321.18/115.46	(86.3157894736842, '0_number_of_features_with_missing_values')
321.18/115.46	Result for ParamILS: SAT, 113.120648, 1, 0.327721, -1, /home/feurerm/thesis/Software/pyMetaLearn/optimizers/metalearn_optimizer/learn_distances.py
