0.70/0.94	['/home/feurerm/thesis/Software/pyMetaLearn/optimizers/metalearn_optimizer/learn_distances.py', '--input_file', '/home/feurerm/thesis/experiments/2014_04_25_predict_distances/testfold_0-3_spearman_rank_perm.pkl', '--fold', '0', '--folds', '1', '--params', '-max_features', '0.603985965094', '-min_samples_leaf', '9', '-min_samples_split', '8', '-n_estimators', '86', '-n_jobs', '4', '-seed', '5']
0.70/0.95	Metafeatures (57, 46)
0.70/0.95	X (3192, 92)
0.70/0.95	Y (3192,)
0.70/0.95	Dataset Mae MSE Rho
8.51/3.24	vehicle 0.450902878423 0.260673819713 -0.111830491972
16.69/5.81	anneal.ORIG 0.717110771817 0.575137625309 -0.15611019544
24.95/8.39	segment 0.28869439229 0.105165718364 0.736917692761
33.24/10.90	pendigits 0.380349120425 0.175813413906 0.315775695539
41.27/13.41	mushroom 0.228073039342 0.0617351967664 0.571757630919
49.38/15.94	labor 0.18378383089 0.0492180642276 0.727544616845
57.63/18.39	abalone 0.409024127522 0.212360230667 0.194248918136
65.79/20.83	diabetes 0.48193313452 0.32627372313 -0.128960596233
73.86/23.29	car 0.569404314657 0.437045291672 -0.13316231992
82.07/25.82	autos 0.199003960617 0.0514685733203 0.570141583347
90.28/28.36	mfeat-fourier 0.646589181904 0.545994331262 -0.511317451732
98.43/30.81	primary-tumor 0.199854735131 0.0489835323203 0.618623010502
106.66/33.24	waveform-5000 0.247627144529 0.0828632807995 0.623794362732
114.79/35.70	credit-a 0.43504648439 0.266575269985 0.158049452526
123.01/38.17	letter 0.286479553994 0.108364448003 0.604078582356
131.42/40.68	postoperative-patient-data 0.432537213224 0.228214032894 -0.319007790682
139.59/43.14	vowel 0.512521906316 0.326714768158 -0.0536527793853
147.76/45.57	eucalyptus 0.297209572563 0.115716955704 0.450877272545
155.93/48.08	cylinder-bands 0.299176876147 0.105327798792 0.495803395042
164.07/50.50	ionosphere 0.431844966416 0.213784588524 -0.138656881664
172.37/53.01	mfeat-karhunen 0.270199329579 0.0971915299121 0.599553649155
180.53/55.41	balance-scale 0.223809916857 0.070245437029 0.540083098511
188.58/57.82	mfeat-morphological 0.48701813058 0.319260819719 -0.234973316946
196.83/60.35	liver-disorders 0.1630407726 0.0381647457041 0.504853261444
205.16/62.90	dermatology 0.202267968258 0.0518101425604 0.53555816531
213.46/65.56	vote 0.0768585844592 0.00909622386272 0.782167024773
221.72/68.02	breast-cancer 0.16941683835 0.041029199813 0.341309247174
230.07/70.54	credit-g 0.545966570291 0.401020412584 -0.540083098511
238.38/73.09	soybean 0.126693976612 0.0210916452047 0.816104023782
246.47/75.51	arrhythmia 0.293906124315 0.109023624343 -0.0872665688796
254.58/77.93	nursery 0.259531507298 0.085273548821 0.622824734189
262.64/80.37	hepatitis 0.322817002982 0.151457729605 -0.103750254112
270.76/82.83	cmc 0.168603243987 0.0356711918289 0.720110798014
278.82/85.23	heart-c 0.275481032804 0.0996199819283 0.73013029296
286.95/87.64	glass 0.336582235351 0.137379639665 0.536204584338
295.29/90.13	braziltourism 0.679006893951 0.551445705328 -0.576605773634
303.36/92.63	iris 0.313320241209 0.131801047506 0.109244815857
311.44/95.03	heart-statlog 0.323495858316 0.140035591226 0.600200068183
319.89/97.52	page-blocks 0.570064448743 0.436483526345 -0.549132964913
328.10/99.91	breast-w 0.238112397347 0.0764708547206 0.525538670364
336.21/102.31	heart-h 0.168538650024 0.0358464586227 0.725928569273
344.28/104.73	yeast 0.362331864299 0.163324684895 0.454109367689
352.48/107.23	tae 0.350306208127 0.154982358909 0.0239175040633
360.77/109.74	haberman 0.280220685712 0.104032676397 -0.0387851417243
369.06/112.35	mfeat-pixel 0.391232228817 0.190491277876 0.130576643805
377.40/114.86	optdigits 0.253757803579 0.0799312368906 0.694577246379
385.68/117.37	mfeat-factors 0.260936206297 0.0906270071561 0.703627112781
393.93/119.88	satimage 0.3386460261 0.145562999636 0.136717624578
402.04/122.51	lymph 0.270103290459 0.107321661624 0.394962026559
410.14/125.71	audiology 0.293160062912 0.104204265452 0.450877272545
418.45/128.21	ecoli 0.450108572858 0.25986851805 -0.078863121506
426.66/130.74	tic-tac-toe 0.191375650593 0.0530219951641 0.728837454902
434.98/133.25	spambase 0.375107511995 0.184359234721 0.650943961939
443.04/135.65	zoo 0.183460515651 0.0448486881074 0.654176057083
451.27/138.15	sonar 0.545515256609 0.374353214007 -0.372337360553
459.45/140.65	mfeat-zernike 0.233839873505 0.0771166967037 0.613451658272
467.61/143.04	kr-vs-kp 0.233493499013 0.0661133563371 0.585332430522
467.87/143.28	MAE 0.332026213782 0.142274639446
467.87/143.28	MSE 0.16731595775 0.16731595775
467.87/143.28	Mean tau 0.29552690298 0.403219179337
467.87/143.28	(0.42105263157894735, '0_class_probability_max')
467.87/143.28	(0.7543859649122807, '1_class_probability_max')
467.87/143.28	(2.1052631578947367, '1_skewness_min')
467.87/143.28	(2.8947368421052633, '0_skewness_min')
467.87/143.28	(6.192982456140351, '0_class_entropy')
467.87/143.28	(6.368421052631579, '1_landmark_decision_tree')
467.87/143.28	(7.894736842105263, '1_class_entropy')
467.87/143.28	(9.017543859649123, '0_landmark_naive_bayes')
467.87/143.28	(9.298245614035087, '1_landmark_naive_bayes')
467.87/143.28	(9.385964912280702, '0_class_probability_std')
467.87/143.28	(10.421052631578947, '1_class_probability_std')
467.87/143.28	(10.666666666666666, '1_landmark_random_node_learner')
467.87/143.28	(10.947368421052632, '0_landmark_decision_tree')
467.87/143.28	(17.12280701754386, '0_landmark_random_node_learner')
467.87/143.28	(18.140350877192983, '1_pca_skewness_first_pc')
467.87/143.28	(18.24561403508772, '0_pca_skewness_first_pc')
467.87/143.28	(21.31578947368421, '1_landmark_lda')
467.87/143.28	(22.0, '0_skewness_std')
467.87/143.28	(22.31578947368421, '0_landmark_lda')
467.87/143.28	(22.45614035087719, '0_landmark_1NN')
467.87/143.28	(23.859649122807017, '0_skewness_max')
467.87/143.28	(23.87719298245614, '1_kurtosis_min')
467.87/143.28	(24.263157894736842, '1_skewness_max')
467.87/143.29	(24.31578947368421, '1_kurtosis_std')
467.87/143.29	(25.526315789473685, '0_kurtosis_min')
467.87/143.29	(25.649122807017545, '1_skewness_std')
467.87/143.29	(25.912280701754387, '0_kurtosis_std')
467.87/143.29	(26.94736842105263, '1_landmark_1NN')
467.87/143.29	(27.31578947368421, '0_number_of_features')
467.87/143.29	(27.92982456140351, '0_log_number_of_features')
467.87/143.29	(28.57894736842105, '1_number_of_features')
467.87/143.29	(30.736842105263158, '1_log_number_of_features')
467.87/143.29	(32.280701754385966, '0_number_of_numeric_features')
467.87/143.29	(35.68421052631579, '1_number_of_numeric_features')
467.87/143.29	(35.80701754385965, '0_symbols_sum')
467.87/143.29	(36.70175438596491, '0_class_probability_min')
467.87/143.29	(37.64912280701754, '0_kurtosis_max')
467.87/143.29	(37.719298245614034, '1_class_probability_min')
467.87/143.29	(38.50877192982456, '1_kurtosis_max')
467.87/143.29	(41.3859649122807, '1_number_of_instances')
467.87/143.29	(41.771929824561404, '1_log_number_of_instances')
467.87/143.29	(42.03508771929825, '0_landmark_decision_node_learner')
467.87/143.29	(43.333333333333336, '1_symbols_sum')
467.87/143.29	(43.92982456140351, '1_landmark_decision_node_learner')
467.87/143.29	(44.35087719298246, '0_log_number_of_instances')
467.87/143.29	(44.421052631578945, '1_pca_kurtosis_first_pc')
467.87/143.29	(44.68421052631579, '0_number_of_instances')
467.87/143.29	(47.96491228070175, '0_skewness_mean')
467.87/143.29	(48.280701754385966, '0_number_of_categorical_features')
467.87/143.29	(48.333333333333336, '1_skewness_mean')
467.87/143.29	(48.54385964912281, '0_pca_kurtosis_first_pc')
467.87/143.29	(51.19298245614035, '1_symbols_mean')
467.87/143.29	(51.36842105263158, '1_pca_95%')
467.87/143.29	(51.45614035087719, '0_symbols_mean')
467.87/143.29	(51.75438596491228, '0_pca_95%')
467.87/143.29	(53.3859649122807, '1_number_of_categorical_features')
467.87/143.29	(56.35087719298246, '1_inverse_dataset_ratio')
467.87/143.29	(56.3859649122807, '1_dataset_ratio')
467.87/143.29	(56.54385964912281, '1_log_inverse_dataset_ratio')
467.87/143.29	(57.05263157894737, '0_symbols_min')
467.87/143.29	(57.64912280701754, '0_log_inverse_dataset_ratio')
467.87/143.29	(58.35087719298246, '1_symbols_min')
467.87/143.29	(58.36842105263158, '1_ratio_numerical_to_categorical')
467.87/143.29	(58.50877192982456, '0_dataset_ratio')
467.87/143.29	(58.68421052631579, '0_inverse_dataset_ratio')
467.87/143.29	(59.56140350877193, '1_log_dataset_ratio')
467.87/143.29	(59.6140350877193, '0_log_dataset_ratio')
467.87/143.29	(60.75438596491228, '0_ratio_numerical_to_categorical')
467.87/143.29	(66.10526315789474, '0_kurtosis_mean')
467.87/143.29	(66.3859649122807, '1_kurtosis_mean')
467.87/143.29	(74.45614035087719, '1_ratio_categorical_to_numerical')
467.87/143.29	(74.6140350877193, '1_symbols_max')
467.87/143.29	(74.70175438596492, '0_number_of_classes')
467.87/143.29	(75.08771929824562, '0_ratio_categorical_to_numerical')
467.87/143.29	(75.57894736842105, '0_class_probability_mean')
467.87/143.29	(75.71929824561404, '1_number_of_classes')
467.87/143.29	(75.87719298245614, '0_symbols_max')
467.87/143.29	(76.66666666666667, '0_percentage_of_features_with_missing_values')
467.87/143.29	(76.91228070175438, '1_class_probability_mean')
467.87/143.29	(77.80701754385964, '1_symbols_std')
467.87/143.29	(78.43859649122807, '1_percentage_of_features_with_missing_values')
467.87/143.29	(79.36842105263158, '0_symbols_std')
467.87/143.29	(80.08771929824562, '1_percentage_of_missing_values')
467.87/143.29	(82.33333333333333, '0_percentage_of_missing_values')
467.87/143.29	(83.28070175438596, '1_percentage_of_Instances_with_missing_values')
467.87/143.29	(83.75438596491227, '0_percentage_of_Instances_with_missing_values')
467.87/143.29	(84.26315789473684, '1_number_of_Instances_with_missing_values')
467.87/143.29	(84.78947368421052, '0_number_of_Instances_with_missing_values')
467.87/143.29	(85.52631578947368, '1_number_of_missing_values')
467.87/143.29	(85.6140350877193, '0_number_of_missing_values')
467.87/143.29	(87.14035087719299, '1_number_of_features_with_missing_values')
467.87/143.29	(88.24561403508773, '0_number_of_features_with_missing_values')
467.87/143.29	Result for ParamILS: SAT, 142.343491, 1, 0.332026, -1, /home/feurerm/thesis/Software/pyMetaLearn/optimizers/metalearn_optimizer/learn_distances.py
