0.74/1.59	['/home/feurerm/thesis/Software/pyMetaLearn/optimizers/metalearn_optimizer/learn_distances.py', '--input_file', '/home/feurerm/thesis/experiments/2014_04_25_predict_distances/testfold_0-3_spearman_rank_perm.pkl', '--fold', '0', '--folds', '1', '--params', '-max_features', '0.915771413242', '-min_samples_leaf', '10', '-min_samples_split', '3', '-n_estimators', '76', '-n_jobs', '4', '-seed', '35']
0.79/1.61	Metafeatures (57, 46)
0.79/1.61	X (3192, 92)
0.79/1.61	Y (3192,)
0.79/1.61	Dataset Mae MSE Rho
10.71/4.26	vehicle 0.476028112583 0.287534504444 -0.186491889791
21.33/7.34	anneal.ORIG 0.805808840905 0.722688292298 -0.234003688403
31.79/10.30	segment 0.302818494249 0.11588185367 0.707828836468
42.19/13.26	pendigits 0.384880970854 0.18011158904 0.279253020415
52.57/16.25	mushroom 0.252971067444 0.0758135854239 0.496449814071
62.99/19.21	labor 0.192663863374 0.054811460973 0.52004410862
73.35/22.18	abalone 0.421940492826 0.224642599932 0.147706748067
83.61/25.10	diabetes 0.476675646425 0.326454385655 -0.201359527452
93.79/28.08	car 0.633147957951 0.515887887275 -0.0985789018826
104.08/31.12	autos 0.1962640972 0.0495203935345 0.59179662081
114.59/34.07	mfeat-fourier 0.646936707055 0.545513219616 -0.4970962331
124.75/37.04	primary-tumor 0.204402490873 0.0509328770812 0.613451658272
135.25/40.00	waveform-5000 0.228007013115 0.0724409641117 0.664195552028
145.58/42.98	credit-a 0.460670107638 0.298196075504 0.125405291575
155.82/46.27	letter 0.299181134123 0.11706480908 0.554950736172
166.51/49.34	postoperative-patient-data 0.438255933817 0.236218282126 -0.244023183349
176.88/52.30	vowel 0.494028105703 0.302633585502 0.0368458846381
187.09/55.29	eucalyptus 0.276471322855 0.0975291097388 0.466391329235
197.53/58.27	cylinder-bands 0.30832068676 0.111906985947 0.436009634884
208.12/61.25	ionosphere 0.403709712994 0.190843599358 -0.0416940273536
218.67/64.23	mfeat-karhunen 0.277713290821 0.102133751067 0.569818373833
229.26/67.21	balance-scale 0.264787654584 0.0973741870453 0.283131534587
239.50/70.23	mfeat-morphological 0.472912997517 0.292938402888 -0.207500508225
250.07/73.20	liver-disorders 0.145302079364 0.028409503711 0.494510556985
260.48/76.20	dermatology 0.205535152801 0.0533337743476 0.509054985131
270.80/79.17	vote 0.0732370827558 0.00874277556424 0.790893681661
281.26/82.14	breast-cancer 0.120945800187 0.023867513213 0.489339204755
291.88/85.10	credit-g 0.571327246239 0.438749067087 -0.58888773518
302.28/88.08	soybean 0.119550719612 0.0194640754442 0.825477099699
312.65/91.15	arrhythmia 0.315496228434 0.119918773499 -0.121203567888
322.84/94.12	nursery 0.269967871884 0.0925960228899 0.602462534784
333.24/97.17	hepatitis 0.307425698798 0.126728879442 0.0216550374627
343.80/100.14	cmc 0.146510502284 0.0289371336165 0.703950322296
354.07/103.12	heart-c 0.256469353385 0.0867520765535 0.76342087294
364.39/106.12	glass 0.314129316025 0.124083334862 0.579191449749
375.36/109.31	braziltourism 0.731093655138 0.624853016275 -0.545254450741
385.81/112.52	iris 0.309186917063 0.128012002848 0.119910729831
396.17/115.60	heart-statlog 0.316599161079 0.131129899763 0.56884874529
406.99/118.66	page-blocks 0.617490634869 0.506497014578 -0.640924466994
417.32/121.74	breast-w 0.247947960464 0.0842383435644 0.396578074131
427.60/124.71	heart-h 0.169701327332 0.0370984145098 0.716232283842
437.97/127.96	yeast 0.334622226448 0.140668077685 0.529740394051
448.35/130.93	tae 0.355412730944 0.157874875456 0.0530063603565
458.82/133.90	haberman 0.31421749363 0.139273867411 -0.0484814271554
469.10/136.93	mfeat-pixel 0.399108754808 0.199600292268 0.0953468067389
479.65/139.90	optdigits 0.268538776421 0.0904433229748 0.660317037856
489.95/143.16	mfeat-factors 0.259740897824 0.0885902017607 0.679709608718
500.37/146.12	satimage 0.327428458795 0.135951292125 0.154494147868
510.65/149.07	lymph 0.236273097446 0.0837562665685 0.371690941524
520.97/152.06	audiology 0.281604410379 0.0918585123775 0.479966128838
531.32/155.02	ecoli 0.409693733021 0.211783036894 0.0688436265606
541.70/157.99	tic-tac-toe 0.183932268744 0.0465914313789 0.70201106521
552.36/160.97	spambase 0.334659351672 0.148051469047 0.661933085428
562.72/165.70	zoo 0.189936601691 0.0492143714689 0.618299800988
572.97/168.68	sonar 0.544195098753 0.370215172833 -0.367166008323
583.42/171.65	mfeat-zernike 0.238156093991 0.0796687262299 0.589857363724
593.76/179.29	kr-vs-kp 0.246242390318 0.0724166755423 0.571757630919
594.09/179.50	MAE 0.334741680601 0.153917587323
594.09/179.50	MSE 0.172604238861 0.172604238861
594.09/179.50	Mean tau 0.285773914126 0.394640886518
594.09/179.50	(0.10526315789473684, '0_class_probability_max')
594.09/179.50	(1.105263157894737, '1_class_probability_max')
594.09/179.50	(2.3157894736842106, '0_skewness_min')
594.09/179.50	(2.6842105263157894, '1_skewness_min')
594.09/179.50	(5.614035087719298, '0_landmark_naive_bayes')
594.09/179.50	(5.894736842105263, '1_landmark_naive_bayes')
594.09/179.50	(8.228070175438596, '1_class_entropy')
594.09/179.50	(10.701754385964913, '1_pca_skewness_first_pc')
594.09/179.50	(10.842105263157896, '1_landmark_decision_tree')
594.09/179.50	(11.350877192982455, '0_pca_skewness_first_pc')
594.09/179.50	(11.964912280701755, '1_landmark_lda')
594.09/179.50	(12.403508771929825, '0_landmark_lda')
594.09/179.50	(15.31578947368421, '1_class_probability_std')
594.09/179.50	(16.105263157894736, '0_landmark_decision_tree')
594.09/179.50	(17.54385964912281, '1_kurtosis_min')
594.09/179.50	(17.92982456140351, '0_class_probability_std')
594.09/179.50	(20.17543859649123, '1_landmark_1NN')
594.09/179.50	(21.228070175438596, '0_kurtosis_min')
594.09/179.50	(21.526315789473685, '0_landmark_1NN')
594.09/179.50	(21.68421052631579, '0_class_entropy')
594.09/179.50	(24.0, '0_class_probability_min')
594.09/179.50	(25.24561403508772, '1_class_probability_min')
594.09/179.50	(26.70175438596491, '1_skewness_max')
594.09/179.50	(27.29824561403509, '0_skewness_max')
594.09/179.50	(28.31578947368421, '0_skewness_mean')
594.09/179.50	(28.75438596491228, '0_kurtosis_max')
594.09/179.50	(30.24561403508772, '1_kurtosis_max')
594.09/179.50	(30.45614035087719, '1_number_of_numeric_features')
594.09/179.50	(32.08771929824562, '0_number_of_instances')
594.09/179.50	(32.35087719298246, '0_number_of_numeric_features')
594.09/179.50	(32.526315789473685, '1_skewness_mean')
594.09/179.50	(32.75438596491228, '1_log_number_of_instances')
594.09/179.50	(33.0, '1_number_of_instances')
594.09/179.50	(35.24561403508772, '0_log_number_of_instances')
594.09/179.50	(35.526315789473685, '1_landmark_random_node_learner')
594.09/179.50	(36.92982456140351, '0_landmark_decision_node_learner')
594.09/179.50	(37.578947368421055, '1_log_number_of_features')
594.09/179.50	(38.26315789473684, '0_number_of_features')
594.09/179.50	(38.280701754385966, '1_number_of_features')
594.09/179.50	(38.666666666666664, '0_log_number_of_features')
594.09/179.50	(38.85964912280702, '1_landmark_decision_node_learner')
594.09/179.50	(38.98245614035088, '0_symbols_mean')
594.09/179.50	(39.29824561403509, '1_skewness_std')
594.09/179.50	(41.56140350877193, '1_symbols_mean')
594.09/179.50	(41.771929824561404, '0_skewness_std')
594.09/179.50	(43.56140350877193, '0_pca_kurtosis_first_pc')
594.09/179.50	(44.50877192982456, '1_pca_kurtosis_first_pc')
594.09/179.50	(45.85964912280702, '0_symbols_min')
594.09/179.50	(46.45614035087719, '1_kurtosis_std')
594.09/179.50	(46.94736842105263, '1_pca_95%')
594.09/179.50	(47.56140350877193, '0_kurtosis_std')
594.09/179.50	(47.98245614035088, '0_pca_95%')
594.09/179.50	(49.824561403508774, '0_landmark_random_node_learner')
594.09/179.50	(50.19298245614035, '1_symbols_min')
594.09/179.50	(51.43859649122807, '1_dataset_ratio')
594.09/179.50	(52.68421052631579, '0_inverse_dataset_ratio')
594.09/179.50	(53.228070175438596, '1_log_dataset_ratio')
594.09/179.50	(54.24561403508772, '0_log_dataset_ratio')
594.09/179.50	(54.49122807017544, '1_inverse_dataset_ratio')
594.09/179.50	(54.78947368421053, '0_log_inverse_dataset_ratio')
594.09/179.50	(54.824561403508774, '1_log_inverse_dataset_ratio')
594.09/179.50	(55.35087719298246, '0_dataset_ratio')
594.09/179.50	(56.70175438596491, '1_ratio_numerical_to_categorical')
594.09/179.50	(57.89473684210526, '0_ratio_numerical_to_categorical')
594.09/179.50	(59.36842105263158, '0_symbols_sum')
594.09/179.50	(60.719298245614034, '1_symbols_sum')
594.09/179.50	(62.92982456140351, '1_number_of_categorical_features')
594.09/179.50	(65.80701754385964, '1_kurtosis_mean')
594.09/179.50	(65.98245614035088, '0_kurtosis_mean')
594.09/179.50	(66.28070175438596, '0_number_of_categorical_features')
594.09/179.50	(72.14035087719299, '0_class_probability_mean')
594.09/179.50	(73.0701754385965, '1_class_probability_mean')
594.09/179.50	(73.43859649122807, '1_number_of_classes')
594.09/179.50	(73.89473684210526, '1_ratio_categorical_to_numerical')
594.09/179.50	(73.98245614035088, '0_ratio_categorical_to_numerical')
594.09/179.50	(74.2280701754386, '0_number_of_classes')
594.09/179.50	(76.01754385964912, '1_symbols_max')
594.09/179.50	(76.40350877192982, '0_symbols_max')
594.09/179.50	(78.14035087719299, '1_symbols_std')
594.09/179.50	(78.24561403508773, '0_symbols_std')
594.09/179.50	(79.12280701754386, '1_percentage_of_features_with_missing_values')
594.09/179.50	(80.59649122807018, '0_percentage_of_features_with_missing_values')
594.09/179.50	(82.08771929824562, '1_number_of_Instances_with_missing_values')
594.09/179.50	(82.36842105263158, '0_percentage_of_Instances_with_missing_values')
594.09/179.50	(83.01754385964912, '1_percentage_of_Instances_with_missing_values')
594.09/179.50	(83.10526315789474, '0_number_of_Instances_with_missing_values')
594.09/179.50	(83.98245614035088, '0_number_of_missing_values')
594.09/179.50	(84.40350877192982, '1_percentage_of_missing_values')
594.09/179.50	(85.17543859649123, '1_number_of_missing_values')
594.09/179.50	(87.45614035087719, '0_percentage_of_missing_values')
594.09/179.50	(87.84210526315789, '1_number_of_features_with_missing_values')
594.09/179.50	(88.2280701754386, '0_number_of_features_with_missing_values')
594.09/179.50	Result for ParamILS: SAT, 177.910587, 1, 0.334742, -1, /home/feurerm/thesis/Software/pyMetaLearn/optimizers/metalearn_optimizer/learn_distances.py
