0.69/0.98	['/home/feurerm/thesis/Software/pyMetaLearn/optimizers/metalearn_optimizer/learn_distances.py', '--input_file', '/home/feurerm/thesis/experiments/2014_04_25_predict_distances/testfold_0-3_spearman_rank_perm.pkl', '--fold', '0', '--folds', '1', '--params', '-max_features', '0.257573336213', '-min_samples_leaf', '9', '-min_samples_split', '5', '-n_estimators', '8', '-n_jobs', '4', '-seed', '66']
0.69/0.99	Metafeatures (57, 46)
0.69/0.99	X (3192, 92)
0.69/0.99	Y (3192,)
0.69/0.99	Dataset Mae MSE Rho
1.14/1.24	vehicle 0.437192382164 0.239745209582 -0.00210103085203
1.56/1.51	anneal.ORIG 0.488937869422 0.319121346782 0.119606763622
1.99/1.78	segment 0.326469872476 0.140013458677 0.534760623858
2.43/2.15	pendigits 0.390027815876 0.185405511479 0.315639481079
2.88/2.53	mushroom 0.212961827951 0.0578865890092 0.583716382951
3.32/2.90	labor 0.206881002514 0.0630328805485 0.573696888005
3.76/3.28	abalone 0.403763008941 0.221840330386 0.163867223785
4.24/3.65	diabetes 0.504349570715 0.350465401539 -0.0791863310204
4.70/4.02	car 0.505744179842 0.373928811588 -0.0446029129829
5.15/4.30	autos 0.260266207903 0.0901493290108 0.368326870137
5.58/4.57	mfeat-fourier 0.623963861392 0.50954675071 -0.442671038748
6.01/4.85	primary-tumor 0.21762656376 0.0631769742347 0.506146099502
6.46/5.22	waveform-5000 0.311663113685 0.135386880173 0.2766673443
6.90/5.50	credit-a 0.428745796937 0.265742977244 0.224307402972
7.36/5.87	letter 0.251607268799 0.0905220832465 0.500206960542
7.79/6.24	postoperative-patient-data 0.452365560654 0.259190611113 -0.344864551832
8.25/6.61	vowel 0.537956977129 0.367409820544 -0.0947003877101
8.69/6.88	eucalyptus 0.287254202891 0.107265583513 0.438272101484
9.12/7.15	cylinder-bands 0.30104577583 0.110460413731 0.484814271554
9.57/7.53	ionosphere 0.414575685361 0.210380889208 0.0530063603565
10.00/7.90	mfeat-karhunen 0.301952129096 0.121651549668 0.461543186519
10.45/8.18	balance-scale 0.168692495985 0.0423351887364 0.671306161345
10.89/8.46	mfeat-morphological 0.491141591773 0.334158407496 -0.237739721796
11.34/8.83	liver-disorders 0.266889827387 0.0973305357325 0.452493320117
11.77/9.10	dermatology 0.200765722056 0.054502516499 0.523599413278
12.25/9.48	vote 0.0897952874595 0.0124778094935 0.757279892167
12.70/9.86	breast-cancer 0.288214608381 0.121317591154 -0.200389898909
13.17/10.24	credit-g 0.459690491995 0.295092580332 -0.252790511222
13.61/10.61	soybean 0.129654537758 0.0236087037243 0.760835196825
14.06/10.99	arrhythmia 0.26388484017 0.0945307806163 0.139348143218
14.49/11.26	nursery 0.263387576712 0.0905056124005 0.59405908741
14.93/11.64	hepatitis 0.439028996557 0.282532338505 -0.0778934929629
15.37/12.01	cmc 0.183120459789 0.0440197473023 0.623036456507
15.81/12.38	heart-c 0.325139341951 0.140798233945 0.485460690582
16.25/12.75	glass 0.364132733497 0.161898792483 0.301093882872
16.69/13.02	braziltourism 0.649137605862 0.508215087007 -0.379963348703
17.16/13.40	iris 0.32683871989 0.14551636011 0.119758758566
17.58/13.67	heart-statlog 0.390924655154 0.221294062105 0.302847314964
18.02/14.04	page-blocks 0.544955291589 0.404019012184 -0.228042656325
18.47/14.42	breast-w 0.296810076477 0.115329406404 0.410152873734
18.93/14.79	heart-h 0.239964730327 0.0776850055252 0.387204998214
19.36/15.06	yeast 0.372987833894 0.178771138828 0.347639797133
19.80/15.43	tae 0.365516162227 0.175563612414 -0.0536527793853
20.26/15.81	haberman 0.284309121425 0.107637296355 -0.0260246467435
20.70/16.18	mfeat-pixel 0.381110670383 0.181470042739 0.144474652923
21.16/16.55	optdigits 0.266837338834 0.094411294482 0.590826992267
21.58/17.13	mfeat-factors 0.279254515828 0.106409560073 0.52004410862
22.07/17.50	satimage 0.329643511461 0.144211143483 0.192486749598
22.47/17.88	lymph 0.299658459003 0.124823790451 0.370780967228
22.92/18.15	audiology 0.288251272438 0.112378890392 0.4431202442
23.37/18.42	ecoli 0.431441984996 0.245643532246 -0.00226246660058
23.82/18.80	tic-tac-toe 0.184969901512 0.0521749444575 0.64986500431
24.27/19.17	spambase 0.376617629445 0.18461270352 0.540170005438
24.71/19.54	zoo 0.180263117095 0.0443078204366 0.604612032112
25.15/19.81	sonar 0.527044788371 0.355317063442 -0.237558993061
25.57/20.08	mfeat-zernike 0.27217118456 0.102636034725 0.39205314093
26.01/20.35	kr-vs-kp 0.249108375695 0.0802596061452 0.513903127847
26.01/20.38	MAE 0.339240458443 0.121050217283
26.01/20.38	MSE 0.172633678034 0.172633678034
26.01/20.38	Mean tau 0.258571687793 0.315538560688
26.01/20.38	(1.631578947368421, '1_class_probability_max')
26.01/20.38	(3.017543859649123, '0_landmark_decision_tree')
26.01/20.38	(4.228070175438597, '1_skewness_min')
26.01/20.38	(4.508771929824562, '1_class_probability_std')
26.01/20.38	(6.228070175438597, '0_class_probability_max')
26.01/20.38	(8.456140350877194, '0_class_entropy')
26.01/20.38	(9.43859649122807, '0_class_probability_std')
26.01/20.38	(11.0, '1_landmark_naive_bayes')
26.01/20.38	(11.350877192982455, '1_class_entropy')
26.01/20.38	(11.68421052631579, '0_skewness_min')
26.01/20.38	(11.824561403508772, '0_landmark_random_node_learner')
26.01/20.38	(18.0, '0_landmark_naive_bayes')
26.01/20.38	(21.350877192982455, '1_landmark_random_node_learner')
26.01/20.38	(21.526315789473685, '1_landmark_1NN')
26.01/20.38	(22.42105263157895, '1_landmark_decision_tree')
26.01/20.38	(23.473684210526315, '1_pca_skewness_first_pc')
26.01/20.38	(27.17543859649123, '0_landmark_lda')
26.01/20.38	(27.210526315789473, '0_pca_skewness_first_pc')
26.01/20.38	(27.31578947368421, '0_skewness_std')
26.01/20.38	(27.859649122807017, '1_landmark_lda')
26.01/20.38	(29.105263157894736, '0_log_number_of_features')
26.01/20.38	(29.771929824561404, '0_kurtosis_min')
26.01/20.38	(29.912280701754387, '0_landmark_1NN')
26.01/20.38	(31.42105263157895, '0_number_of_features')
26.01/20.38	(32.280701754385966, '1_kurtosis_min')
26.01/20.38	(32.35087719298246, '1_log_number_of_features')
26.01/20.38	(34.63157894736842, '1_number_of_features')
26.01/20.38	(35.49122807017544, '0_number_of_numeric_features')
26.01/20.38	(36.175438596491226, '1_skewness_max')
26.01/20.38	(36.280701754385966, '0_kurtosis_max')
26.01/20.38	(36.31578947368421, '0_skewness_max')
26.01/20.38	(37.14035087719298, '0_landmark_decision_node_learner')
26.01/20.38	(38.175438596491226, '1_number_of_numeric_features')
26.01/20.38	(39.91228070175438, '0_class_probability_min')
26.01/20.38	(40.473684210526315, '0_kurtosis_std')
26.01/20.38	(40.824561403508774, '1_skewness_std')
26.01/20.38	(41.92982456140351, '1_class_probability_min')
26.01/20.38	(42.1578947368421, '0_symbols_sum')
26.01/20.38	(43.280701754385966, '1_number_of_instances')
26.01/20.38	(43.31578947368421, '0_pca_kurtosis_first_pc')
26.01/20.38	(43.54385964912281, '1_kurtosis_std')
26.01/20.38	(43.89473684210526, '1_pca_kurtosis_first_pc')
26.01/20.38	(44.21052631578947, '1_landmark_decision_node_learner')
26.01/20.38	(44.92982456140351, '1_kurtosis_max')
26.01/20.38	(46.1578947368421, '0_number_of_instances')
26.01/20.38	(46.6140350877193, '1_dataset_ratio')
26.01/20.38	(46.8421052631579, '0_log_number_of_instances')
26.01/20.38	(46.85964912280702, '0_pca_95%')
26.01/20.38	(47.666666666666664, '1_symbols_mean')
26.01/20.38	(48.80701754385965, '1_inverse_dataset_ratio')
26.01/20.38	(48.85964912280702, '1_log_number_of_instances')
26.01/20.38	(51.45614035087719, '0_inverse_dataset_ratio')
26.01/20.38	(51.54385964912281, '1_skewness_mean')
26.01/20.38	(51.6140350877193, '0_number_of_categorical_features')
26.01/20.38	(51.63157894736842, '1_kurtosis_mean')
26.01/20.38	(51.98245614035088, '1_ratio_numerical_to_categorical')
26.01/20.38	(52.01754385964912, '0_dataset_ratio')
26.01/20.38	(52.473684210526315, '1_log_inverse_dataset_ratio')
26.01/20.38	(52.526315789473685, '0_kurtosis_mean')
26.01/20.38	(53.49122807017544, '0_ratio_numerical_to_categorical')
26.01/20.38	(53.578947368421055, '1_pca_95%')
26.01/20.38	(54.3859649122807, '0_log_inverse_dataset_ratio')
26.01/20.38	(54.50877192982456, '1_symbols_sum')
26.01/20.38	(55.333333333333336, '0_skewness_mean')
26.01/20.38	(55.36842105263158, '1_log_dataset_ratio')
26.01/20.38	(55.473684210526315, '1_number_of_categorical_features')
26.01/20.38	(55.75438596491228, '0_log_dataset_ratio')
26.01/20.38	(55.85964912280702, '0_symbols_mean')
26.01/20.38	(60.92982456140351, '1_symbols_min')
26.01/20.38	(64.56140350877193, '0_symbols_max')
26.01/20.38	(65.94736842105263, '0_ratio_categorical_to_numerical')
26.01/20.38	(66.14035087719299, '1_number_of_classes')
26.01/20.38	(66.2280701754386, '0_symbols_min')
26.01/20.38	(66.33333333333333, '1_symbols_max')
26.01/20.38	(67.56140350877193, '0_class_probability_mean')
26.01/20.38	(68.78947368421052, '0_symbols_std')
26.01/20.38	(69.36842105263158, '0_number_of_classes')
26.01/20.38	(70.15789473684211, '0_percentage_of_features_with_missing_values')
26.01/20.38	(70.17543859649123, '1_percentage_of_features_with_missing_values')
26.01/20.38	(70.19298245614036, '1_class_probability_mean')
26.01/20.38	(70.21052631578948, '1_symbols_std')
26.01/20.38	(71.05263157894737, '0_percentage_of_missing_values')
26.01/20.38	(73.10526315789474, '1_ratio_categorical_to_numerical')
26.01/20.38	(76.75438596491227, '0_number_of_Instances_with_missing_values')
26.01/20.38	(77.49122807017544, '1_percentage_of_missing_values')
26.01/20.38	(77.56140350877193, '0_number_of_features_with_missing_values')
26.01/20.38	(79.57894736842105, '0_percentage_of_Instances_with_missing_values')
26.01/20.38	(80.05263157894737, '1_percentage_of_Instances_with_missing_values')
26.01/20.38	(80.35087719298245, '0_number_of_missing_values')
26.01/20.38	(80.63157894736842, '1_number_of_Instances_with_missing_values')
26.01/20.38	(81.56140350877193, '1_number_of_missing_values')
26.01/20.38	(83.2280701754386, '1_number_of_features_with_missing_values')
26.01/20.38	Result for ParamILS: SAT, 19.399928, 1, 0.339240, -1, /home/feurerm/thesis/Software/pyMetaLearn/optimizers/metalearn_optimizer/learn_distances.py
