0.76/1.82	['/home/feurerm/thesis/Software/pyMetaLearn/optimizers/metalearn_optimizer/learn_distances.py', '--input_file', '/home/feurerm/thesis/experiments/2014_04_25_predict_distances/testfold_0-3_spearman_rank_perm.pkl', '--fold', '0', '--folds', '1', '--params', '-max_features', '0.192489589499', '-min_samples_leaf', '3', '-min_samples_split', '8', '-n_estimators', '73', '-n_jobs', '4', '-seed', '25']
0.76/1.83	Metafeatures (57, 46)
0.76/1.83	X (3192, 92)
0.76/1.83	Y (3192,)
0.76/1.83	Dataset Mae MSE Rho
3.42/2.72	vehicle 0.3778440383 0.178059731417 0.247578488007
6.45/3.92	anneal.ORIG 0.458350284525 0.259266234091 0.311897181366
9.43/5.01	segment 0.271446049154 0.0942141533102 0.740149787905
12.42/6.12	pendigits 0.39050771006 0.1816197366 0.328057657085
15.40/7.22	mushroom 0.191092406113 0.0459403284366 0.628642505448
18.40/8.32	labor 0.195111770326 0.0519242245092 0.782490234287
21.38/9.51	abalone 0.390468550282 0.194870483419 0.292504610504
24.39/10.60	diabetes 0.489521971288 0.330610521141 -0.0775702834486
27.35/11.69	car 0.434507321533 0.281333160796 0.2226913554
30.34/12.80	autos 0.234431209974 0.0716945763199 0.585978849551
33.28/14.07	mfeat-fourier 0.653507217763 0.555008761523 -0.492894509413
36.24/15.17	primary-tumor 0.194626173663 0.0469075262045 0.632844229135
39.20/16.77	waveform-5000 0.282630625054 0.106284302404 0.410799292763
42.14/19.39	credit-a 0.394188400768 0.218911081388 0.311250762337
45.13/20.71	letter 0.246045728647 0.0850692499842 0.685527379977
48.24/21.91	postoperative-patient-data 0.452219687716 0.254341502502 -0.631228181563
51.07/23.00	vowel 0.527695077617 0.34429952251 -0.0736917692761
54.00/24.09	eucalyptus 0.285262309535 0.109264655887 0.543638403169
56.97/25.19	cylinder-bands 0.25965208665 0.0822609257799 0.65546889514
59.96/26.29	ionosphere 0.422409804843 0.210958594537 0.03329057998
62.93/27.38	mfeat-karhunen 0.260148935208 0.0901013867186 0.623794362732
65.90/28.48	balance-scale 0.193732574214 0.0549736702708 0.721403636072
68.82/29.57	mfeat-morphological 0.468823213029 0.295590320412 -0.155786985926
71.75/33.88	liver-disorders 0.219898942993 0.0680187029737 0.528124346479
74.75/34.97	dermatology 0.214873601384 0.0588993980526 0.49418734747
77.87/36.10	vote 0.0786456725454 0.0102190830693 0.79380256729
80.84/37.20	breast-cancer 0.224355693746 0.068541010407 0.0976092733395
83.72/38.28	credit-g 0.515601275721 0.359121295559 -0.428252606539
86.66/39.38	soybean 0.112747053623 0.0188752784027 0.840667946874
89.61/40.49	arrhythmia 0.274697286721 0.10142476052 0.0649651123882
92.69/41.73	nursery 0.221945396502 0.0640394041551 0.7197875885
95.65/42.82	hepatitis 0.422788131925 0.244693778442 -0.240144669176
98.59/43.92	cmc 0.217336287007 0.0572146997168 0.617006962931
101.59/45.06	heart-c 0.264701497839 0.094317968062 0.737240902276
104.58/46.19	glass 0.37339023368 0.166248386668 0.24854811655
107.56/47.28	braziltourism 0.61102420713 0.459955773306 -0.55042580297
110.54/48.39	iris 0.317729586175 0.133704993859 0.164836852328
113.54/49.48	heart-statlog 0.370817382163 0.182003418843 0.384296112585
116.59/50.68	page-blocks 0.467210873525 0.298047631874 0.0378155131812
119.55/51.78	breast-w 0.226850719756 0.0700962692271 0.591473411295
122.55/52.88	heart-h 0.154438695396 0.0313983889218 0.733362388103
125.57/53.97	yeast 0.359919025582 0.161440922962 0.50226758533
129.76/55.13	tae 0.343724150629 0.151209951342 -0.0252103421208
132.84/56.38	haberman 0.285768644417 0.110798067184 0.0488046366697
135.84/57.59	mfeat-pixel 0.389033380662 0.181393107041 0.156756614469
138.77/58.68	optdigits 0.204470780787 0.0538506801996 0.742089044991
141.79/59.82	mfeat-factors 0.268135934341 0.0961248805798 0.632197810106
144.78/60.91	satimage 0.395291971713 0.187978397055 0.0387851417243
147.82/62.00	lymph 0.293923690776 0.118549095041 0.521013737163
150.63/63.08	audiology 0.289909245782 0.110649228717 0.496773023585
153.56/64.18	ecoli 0.449384876693 0.256190575312 -0.0520367318134
156.49/65.26	tic-tac-toe 0.187868959328 0.0534966590217 0.789277634089
159.47/66.34	spambase 0.386712148727 0.189365492791 0.764390501483
162.46/67.43	zoo 0.172837400499 0.0407541019437 0.689405894149
165.44/68.52	sonar 0.554808489038 0.390086941991 -0.393022769473
168.41/69.63	mfeat-zernike 0.237808325533 0.0826943423863 0.557536412287
171.41/70.73	kr-vs-kp 0.208629163897 0.0556536924825 0.619269429531
171.67/70.97	MAE 0.322657927588 0.125103583698
171.67/70.97	MSE 0.155623877689 0.155623877689
171.67/70.97	Mean tau 0.337719920462 0.386567206374
171.67/70.97	(0.3333333333333333, '0_class_probability_max')
171.67/70.97	(1.4736842105263157, '1_class_probability_max')
171.67/70.97	(2.6491228070175437, '1_landmark_decision_tree')
171.67/70.97	(4.701754385964913, '1_landmark_random_node_learner')
171.67/70.97	(5.105263157894737, '0_landmark_decision_tree')
171.67/70.97	(5.701754385964913, '0_class_probability_std')
171.67/70.97	(6.5964912280701755, '1_class_probability_std')
171.67/70.97	(7.508771929824562, '0_class_entropy')
171.67/70.97	(8.0, '0_landmark_random_node_learner')
171.67/70.97	(8.035087719298245, '1_class_entropy')
171.67/70.97	(10.526315789473685, '0_landmark_naive_bayes')
171.67/70.97	(10.56140350877193, '1_skewness_min')
171.67/70.97	(11.298245614035087, '0_skewness_min')
171.67/70.97	(11.982456140350877, '1_landmark_naive_bayes')
171.67/70.97	(15.649122807017545, '1_landmark_1NN')
171.67/70.97	(16.666666666666668, '0_landmark_1NN')
171.67/70.97	(19.140350877192983, '0_landmark_lda')
171.67/70.97	(19.31578947368421, '1_pca_skewness_first_pc')
171.67/70.97	(23.17543859649123, '1_landmark_lda')
171.67/70.97	(23.210526315789473, '0_pca_skewness_first_pc')
171.67/70.97	(24.42105263157895, '0_log_number_of_features')
171.67/70.97	(24.57894736842105, '0_number_of_features')
171.67/70.97	(24.92982456140351, '1_log_number_of_features')
171.67/70.97	(25.0, '1_skewness_std')
171.67/70.97	(26.42105263157895, '1_number_of_categorical_features')
171.67/70.97	(27.140350877192983, '1_number_of_features')
171.67/70.97	(28.140350877192983, '1_kurtosis_min')
171.67/70.97	(30.19298245614035, '0_kurtosis_min')
171.67/70.97	(30.63157894736842, '1_kurtosis_std')
171.67/70.97	(30.736842105263158, '0_skewness_max')
171.67/70.97	(33.12280701754386, '1_symbols_sum')
171.67/70.97	(33.771929824561404, '0_number_of_numeric_features')
171.67/70.97	(34.35087719298246, '0_number_of_categorical_features')
171.67/70.97	(34.36842105263158, '1_skewness_max')
171.67/70.97	(34.473684210526315, '0_skewness_std')
171.67/70.97	(34.719298245614034, '0_symbols_sum')
171.67/70.97	(35.21052631578947, '1_pca_kurtosis_first_pc')
171.67/70.97	(38.14035087719298, '0_kurtosis_std')
171.67/70.97	(38.175438596491226, '1_number_of_numeric_features')
171.67/70.97	(41.666666666666664, '0_pca_95%')
171.67/70.97	(42.666666666666664, '1_landmark_decision_node_learner')
171.67/70.97	(42.70175438596491, '0_landmark_decision_node_learner')
171.67/70.97	(43.87719298245614, '0_kurtosis_max')
171.67/70.97	(44.36842105263158, '1_kurtosis_max')
171.67/70.97	(45.49122807017544, '0_pca_kurtosis_first_pc')
171.67/70.97	(46.824561403508774, '0_ratio_numerical_to_categorical')
171.67/70.97	(47.45614035087719, '0_class_probability_min')
171.67/70.97	(47.78947368421053, '0_symbols_mean')
171.67/70.97	(48.26315789473684, '1_pca_95%')
171.67/70.97	(49.175438596491226, '1_symbols_mean')
171.67/70.97	(49.75438596491228, '1_class_probability_min')
171.67/70.97	(53.98245614035088, '1_number_of_instances')
171.67/70.97	(54.59649122807018, '0_kurtosis_mean')
171.67/70.97	(55.98245614035088, '0_skewness_mean')
171.67/70.97	(56.07017543859649, '1_skewness_mean')
171.67/70.97	(56.280701754385966, '1_ratio_numerical_to_categorical')
171.67/70.97	(58.12280701754386, '0_dataset_ratio')
171.67/70.97	(58.14035087719298, '0_number_of_instances')
171.67/70.97	(59.19298245614035, '0_log_number_of_instances')
171.67/70.97	(60.36842105263158, '1_log_number_of_instances')
171.67/70.97	(61.31578947368421, '1_symbols_max')
171.67/70.97	(62.21052631578947, '1_kurtosis_mean')
171.67/70.97	(62.50877192982456, '1_dataset_ratio')
171.67/70.97	(63.14035087719298, '1_log_inverse_dataset_ratio')
171.67/70.97	(63.80701754385965, '0_ratio_categorical_to_numerical')
171.67/70.97	(64.84210526315789, '1_inverse_dataset_ratio')
171.67/70.97	(64.87719298245614, '0_log_inverse_dataset_ratio')
171.67/70.97	(65.15789473684211, '0_inverse_dataset_ratio')
171.67/70.97	(65.15789473684211, '0_log_dataset_ratio')
171.67/70.97	(65.40350877192982, '1_log_dataset_ratio')
171.67/70.97	(67.56140350877193, '0_percentage_of_features_with_missing_values')
171.67/70.97	(67.75438596491227, '0_symbols_max')
171.67/70.97	(72.0701754385965, '0_number_of_classes')
171.67/70.97	(72.35087719298245, '1_class_probability_mean')
171.67/70.97	(72.49122807017544, '0_symbols_min')
171.67/70.97	(72.73684210526316, '1_percentage_of_features_with_missing_values')
171.67/70.97	(73.08771929824562, '0_percentage_of_missing_values')
171.67/70.97	(73.50877192982456, '1_percentage_of_missing_values')
171.67/70.97	(73.64912280701755, '1_number_of_classes')
171.67/70.97	(74.10526315789474, '1_symbols_std')
171.67/70.97	(74.54385964912281, '1_ratio_categorical_to_numerical')
171.67/70.97	(74.56140350877193, '0_class_probability_mean')
171.67/70.97	(74.6140350877193, '1_symbols_min')
171.67/70.97	(76.78947368421052, '0_symbols_std')
171.67/70.97	(80.82456140350877, '0_percentage_of_Instances_with_missing_values')
171.67/70.97	(81.75438596491227, '1_number_of_missing_values')
171.67/70.97	(82.05263157894737, '0_number_of_missing_values')
171.67/70.97	(82.36842105263158, '1_number_of_Instances_with_missing_values')
171.67/70.97	(83.73684210526316, '0_number_of_Instances_with_missing_values')
171.67/70.97	(84.24561403508773, '0_number_of_features_with_missing_values')
171.67/70.97	(84.6140350877193, '1_percentage_of_Instances_with_missing_values')
171.67/70.97	(85.2280701754386, '1_number_of_features_with_missing_values')
171.67/70.97	Result for ParamILS: SAT, 69.151800, 1, 0.322658, -1, /home/feurerm/thesis/Software/pyMetaLearn/optimizers/metalearn_optimizer/learn_distances.py
