0.76/1.02	['/home/feurerm/thesis/Software/pyMetaLearn/optimizers/metalearn_optimizer/learn_distances.py', '--input_file', '/home/feurerm/thesis/experiments/2014_04_25_predict_distances/testfold_0-3_spearman_rank_perm.pkl', '--fold', '0', '--folds', '1', '--params', '-max_features', '0.148065142303', '-min_samples_leaf', '9', '-min_samples_split', '8', '-n_estimators', '13', '-n_jobs', '4', '-seed', '47']
0.76/1.03	Metafeatures (57, 46)
0.76/1.03	X (3192, 92)
0.76/1.03	Y (3192,)
0.76/1.03	Dataset Mae MSE Rho
1.15/1.38	vehicle 0.36693377676 0.174032248209 0.30995792428
1.59/1.67	anneal.ORIG 0.559690996961 0.3656187781 0.370074893953
2.04/1.95	segment 0.278684065223 0.0990337354106 0.715909074327
2.48/2.24	pendigits 0.387693644769 0.182522143914 0.373953408125
2.91/2.52	mushroom 0.216075587486 0.0587356862244 0.572404049948
3.34/2.81	labor 0.242990272186 0.0758108265639 0.711602987808
3.79/3.09	abalone 0.423592578224 0.234866976173 0.0972860638251
4.24/3.48	diabetes 0.494924368249 0.321010009403 0.0749846073336
4.70/3.77	car 0.505441551042 0.372996943669 -0.0677178405387
5.15/4.06	autos 0.23873509799 0.0753081806675 0.468977005349
5.59/4.45	mfeat-fourier 0.602093638617 0.474901485216 -0.444089872743
6.03/4.83	primary-tumor 0.216909900028 0.0598317285531 0.556243574229
6.49/5.12	waveform-5000 0.274365562383 0.105448874825 0.44829159643
6.92/5.40	credit-a 0.344003936046 0.160310458048 0.472855519522
7.36/5.69	letter 0.28715016152 0.116700317754 0.575959354606
7.84/6.07	postoperative-patient-data 0.444636156844 0.26326540677 -0.206530879682
8.26/6.36	vowel 0.53988315472 0.365409405888 -0.114416168087
8.69/6.64	eucalyptus 0.318633099899 0.136004061478 0.408860035677
9.14/6.93	cylinder-bands 0.294993459256 0.102690582724 0.504206842416
9.59/7.32	ionosphere 0.420234932762 0.215735321583 -0.0290888562932
10.07/7.61	mfeat-karhunen 0.312041625528 0.128105188576 0.382356855499
10.50/7.89	balance-scale 0.225197607807 0.0716143618075 0.533618908223
10.93/8.18	mfeat-morphological 0.45268677895 0.271757580891 -0.0798327500492
11.38/8.46	liver-disorders 0.289880725735 0.114663579576 0.352298370662
11.84/8.85	dermatology 0.194190230877 0.0492293569371 0.545254450741
12.29/9.14	vote 0.0984974923486 0.0149002422867 0.769885063227
12.73/9.43	breast-cancer 0.226689874967 0.073685003989 -0.000161617757849
13.19/9.82	credit-g 0.485582647066 0.319630287476 -0.363610703665
13.64/10.21	soybean 0.127930892299 0.0251911148236 0.780227767687
14.13/10.50	arrhythmia 0.263262858366 0.0875264792027 0.162749082154
14.54/10.78	nursery 0.28029233852 0.100603577684 0.5533346886
14.98/11.07	hepatitis 0.392884148642 0.217166830301 -0.224307402972
15.45/11.46	cmc 0.219318906013 0.061357118332 0.560445297916
15.91/11.76	heart-c 0.305178780429 0.123192669378 0.538143841424
16.37/12.14	glass 0.352222693939 0.155222828217 0.338265967178
16.82/12.43	braziltourism 0.634420649197 0.490554845341 -0.303493733993
17.28/12.72	iris 0.321949060322 0.143340439504 0.0927611306239
17.73/13.00	heart-statlog 0.346210813453 0.15840107754 0.391729931415
18.22/13.40	page-blocks 0.506808089188 0.35325178681 0.0559152459858
18.66/13.78	breast-w 0.246669472891 0.0784596098827 0.42017236868
19.09/14.07	heart-h 0.21874302436 0.061730729904 0.512287080275
19.56/14.36	yeast 0.396449734551 0.196327038345 0.25598193538
19.99/14.75	tae 0.289413438639 0.109529567178 0.178088442417
20.44/15.14	haberman 0.290569082661 0.118392232208 0.0832331452921
20.90/15.43	mfeat-pixel 0.360905544276 0.163060343783 0.157403033498
21.36/15.82	optdigits 0.292401788524 0.106668437581 0.541699146083
21.81/16.11	mfeat-factors 0.2663000503 0.0980088833332 0.567879116746
22.26/16.40	satimage 0.344698271014 0.144535869354 0.116355425173
22.69/16.69	lymph 0.302665067009 0.127012904631 0.449907644002
23.12/16.97	audiology 0.281075098044 0.0983191483685 0.466391329235
23.57/17.26	ecoli 0.434012943836 0.240933820085 -0.00581777125864
24.04/17.65	tic-tac-toe 0.190979751868 0.0542105734378 0.632844229135
24.48/17.94	spambase 0.360906479685 0.169063307635 0.675507885031
24.92/18.23	zoo 0.198072590388 0.0535082945275 0.577252192663
25.38/18.51	sonar 0.522598148048 0.353305427473 -0.30478657205
25.83/18.89	mfeat-zernike 0.285898697285 0.113504246083 0.280545858472
26.30/19.20	kr-vs-kp 0.234047231324 0.069217539143 0.567879116746
26.30/19.23	MAE 0.333496817005 0.116328086474
26.30/19.23	MSE 0.162726587944 0.162726587944
26.30/19.23	Mean tau 0.29926539156 0.309138990639
26.30/19.23	(0.24561403508771928, '0_class_probability_max')
26.30/19.23	(3.3859649122807016, '1_class_probability_std')
26.30/19.23	(3.6140350877192984, '1_class_probability_max')
26.30/19.23	(6.508771929824562, '1_landmark_random_node_learner')
26.30/19.23	(7.719298245614035, '0_landmark_random_node_learner')
26.30/19.23	(8.789473684210526, '1_landmark_naive_bayes')
26.30/19.23	(9.333333333333334, '0_class_entropy')
26.30/19.23	(9.912280701754385, '1_landmark_decision_tree')
26.30/19.23	(10.543859649122806, '1_skewness_min')
26.30/19.23	(11.649122807017545, '1_class_entropy')
26.30/19.23	(13.333333333333334, '0_landmark_decision_tree')
26.30/19.23	(16.82456140350877, '0_landmark_naive_bayes')
26.30/19.23	(16.912280701754387, '0_skewness_min')
26.30/19.23	(17.859649122807017, '0_class_probability_std')
26.30/19.23	(19.385964912280702, '0_landmark_lda')
26.30/19.23	(20.210526315789473, '0_kurtosis_std')
26.30/19.23	(20.70175438596491, '1_landmark_1NN')
26.30/19.23	(21.649122807017545, '1_landmark_lda')
26.30/19.23	(25.614035087719298, '1_pca_skewness_first_pc')
26.30/19.23	(27.82456140350877, '0_landmark_1NN')
26.30/19.23	(28.210526315789473, '0_pca_skewness_first_pc')
26.30/19.23	(30.403508771929825, '0_number_of_features')
26.30/19.23	(30.912280701754387, '0_kurtosis_min')
26.30/19.24	(31.385964912280702, '1_log_number_of_features')
26.30/19.24	(32.21052631578947, '0_skewness_std')
26.30/19.24	(33.96491228070175, '0_log_number_of_features')
26.30/19.24	(34.8421052631579, '1_number_of_features')
26.30/19.24	(35.10526315789474, '1_skewness_std')
26.30/19.24	(36.03508771929825, '1_skewness_max')
26.30/19.24	(38.8421052631579, '1_kurtosis_max')
26.30/19.24	(39.75438596491228, '0_number_of_numeric_features')
26.30/19.24	(39.94736842105263, '1_kurtosis_min')
26.30/19.24	(40.50877192982456, '0_skewness_max')
26.30/19.24	(42.578947368421055, '1_number_of_numeric_features')
26.30/19.24	(43.03508771929825, '1_landmark_decision_node_learner')
26.30/19.24	(43.10526315789474, '1_symbols_sum')
26.30/19.24	(43.29824561403509, '0_symbols_mean')
26.30/19.24	(43.35087719298246, '0_landmark_decision_node_learner')
26.30/19.24	(43.49122807017544, '1_number_of_categorical_features')
26.30/19.24	(44.08771929824562, '0_class_probability_min')
26.30/19.24	(44.1578947368421, '1_kurtosis_std')
26.30/19.24	(44.26315789473684, '0_number_of_categorical_features')
26.30/19.24	(45.421052631578945, '0_kurtosis_max')
26.30/19.24	(45.54385964912281, '1_pca_kurtosis_first_pc')
26.30/19.24	(45.94736842105263, '0_symbols_sum')
26.30/19.24	(46.31578947368421, '0_pca_95%')
26.30/19.24	(46.31578947368421, '1_class_probability_min')
26.30/19.24	(47.14035087719298, '1_kurtosis_mean')
26.30/19.24	(47.85964912280702, '1_skewness_mean')
26.30/19.24	(48.98245614035088, '0_pca_kurtosis_first_pc')
26.30/19.24	(50.36842105263158, '1_inverse_dataset_ratio')
26.30/19.24	(50.50877192982456, '0_number_of_instances')
26.30/19.24	(50.578947368421055, '1_ratio_numerical_to_categorical')
26.30/19.24	(50.64912280701754, '0_symbols_max')
26.30/19.24	(52.228070175438596, '0_dataset_ratio')
26.30/19.24	(52.45614035087719, '1_pca_95%')
26.30/19.24	(53.59649122807018, '0_log_number_of_instances')
26.30/19.24	(55.1578947368421, '1_log_inverse_dataset_ratio')
26.30/19.24	(56.175438596491226, '1_number_of_instances')
26.30/19.24	(56.49122807017544, '1_symbols_mean')
26.30/19.24	(56.73684210526316, '1_log_number_of_instances')
26.30/19.24	(57.24561403508772, '0_kurtosis_mean')
26.30/19.24	(58.07017543859649, '0_skewness_mean')
26.30/19.24	(58.56140350877193, '1_symbols_max')
26.30/19.24	(59.14035087719298, '0_inverse_dataset_ratio')
26.30/19.24	(60.14035087719298, '1_log_dataset_ratio')
26.30/19.24	(61.0, '1_dataset_ratio')
26.30/19.24	(61.175438596491226, '0_log_inverse_dataset_ratio')
26.30/19.24	(61.89473684210526, '0_log_dataset_ratio')
26.30/19.24	(62.578947368421055, '0_symbols_min')
26.30/19.24	(63.1578947368421, '0_ratio_numerical_to_categorical')
26.30/19.24	(63.228070175438596, '1_percentage_of_missing_values')
26.30/19.24	(64.78947368421052, '0_symbols_std')
26.30/19.24	(66.28070175438596, '0_class_probability_mean')
26.30/19.24	(66.56140350877193, '1_class_probability_mean')
26.30/19.24	(66.94736842105263, '0_ratio_categorical_to_numerical')
26.30/19.24	(67.01754385964912, '1_percentage_of_features_with_missing_values')
26.30/19.24	(67.24561403508773, '1_ratio_categorical_to_numerical')
26.30/19.24	(67.98245614035088, '0_percentage_of_features_with_missing_values')
26.30/19.24	(69.70175438596492, '1_number_of_classes')
26.30/19.24	(70.45614035087719, '0_number_of_classes')
26.30/19.24	(72.75438596491227, '0_number_of_missing_values')
26.30/19.24	(73.12280701754386, '1_symbols_min')
26.30/19.24	(73.47368421052632, '0_percentage_of_missing_values')
26.30/19.24	(73.49122807017544, '1_symbols_std')
26.30/19.24	(76.17543859649123, '0_percentage_of_Instances_with_missing_values')
26.30/19.24	(76.36842105263158, '1_number_of_Instances_with_missing_values')
26.30/19.24	(76.54385964912281, '0_number_of_features_with_missing_values')
26.30/19.24	(78.45614035087719, '1_number_of_features_with_missing_values')
26.30/19.24	(78.71929824561404, '1_number_of_missing_values')
26.30/19.24	(78.80701754385964, '1_percentage_of_Instances_with_missing_values')
26.30/19.24	(80.9298245614035, '0_number_of_Instances_with_missing_values')
26.30/19.24	Result for ParamILS: SAT, 18.216268, 1, 0.333497, -1, /home/feurerm/thesis/Software/pyMetaLearn/optimizers/metalearn_optimizer/learn_distances.py
