0.76/1.04	['/home/feurerm/thesis/Software/pyMetaLearn/optimizers/metalearn_optimizer/learn_distances.py', '--input_file', '/home/feurerm/thesis/experiments/2014_04_25_predict_distances/testfold_0-3_spearman_rank_perm.pkl', '--fold', '0', '--folds', '1', '--params', '-max_features', '0.135989776456', '-min_samples_leaf', '1', '-min_samples_split', '6', '-n_estimators', '63', '-n_jobs', '4', '-seed', '91']
0.76/1.05	Metafeatures (57, 46)
0.76/1.05	X (3192, 92)
0.76/1.05	Y (3192,)
0.76/1.05	Dataset Mae MSE Rho
2.67/1.70	vehicle 0.377938803013 0.179755844621 0.288626096332
4.71/2.59	anneal.ORIG 0.422831375819 0.218740659581 0.490632042812
6.81/3.46	segment 0.262970499076 0.0894041959574 0.734008807132
8.98/4.33	pendigits 0.408710342664 0.200346036528 0.265031801783
11.06/5.24	mushroom 0.190165788677 0.0443256683718 0.670013323287
13.20/6.11	labor 0.240634893227 0.0732909633674 0.760835196825
15.28/6.99	abalone 0.378739370492 0.184614607611 0.332582590286
17.42/7.86	diabetes 0.482879928677 0.311250314931 0.0407243988105
19.59/8.73	car 0.39157121913 0.226114352569 0.364257122694
21.63/9.61	autos 0.216075208373 0.0612110869611 0.642217305051
23.77/10.52	mfeat-fourier 0.669475477118 0.579098047165 -0.507438937559
25.95/11.43	primary-tumor 0.205762655704 0.0512494468645 0.626056829333
28.08/12.33	waveform-5000 0.273917443956 0.100381016707 0.465098491177
30.23/13.22	credit-a 0.383521288026 0.20327156944 0.324825561941
32.36/14.09	letter 0.266610172885 0.0918209262129 0.690375522692
34.51/14.97	postoperative-patient-data 0.465301301682 0.27290806606 -0.606987467985
36.65/15.86	vowel 0.504654584652 0.318282785491 0.051713522299
38.79/16.73	eucalyptus 0.293430184913 0.116226539183 0.481905385924
40.99/17.60	cylinder-bands 0.271743263796 0.0893189512784 0.601169696726
43.03/18.48	ionosphere 0.432375778146 0.222604858175 -0.0319977419225
45.17/19.35	mfeat-karhunen 0.229032348409 0.0727000924481 0.677770351632
47.26/20.23	balance-scale 0.181460152259 0.0484076801673 0.694900455893
49.44/21.10	mfeat-morphological 0.469454835232 0.293302891536 -0.183259794647
51.46/21.97	liver-disorders 0.26855948302 0.0965903840035 0.554304317143
53.53/22.85	dermatology 0.20829356701 0.0551380889994 0.514549546876
55.62/23.72	vote 0.0879890937969 0.0117938357705 0.783783072345
57.76/24.61	breast-cancer 0.291816528022 0.106740234141 -0.156756614469
59.90/25.47	credit-g 0.477228482772 0.310916127324 -0.300584848363
62.00/26.34	soybean 0.11639998671 0.0191734422239 0.844223251532
64.08/27.20	arrhythmia 0.287634081028 0.110828179418 -0.060440179187
66.17/28.07	nursery 0.218511154138 0.0616303898511 0.712353769669
68.24/28.95	hepatitis 0.477745211821 0.303871429044 -0.104719882656
70.32/29.83	cmc 0.240799838324 0.0709722889781 0.491601671355
72.37/30.70	heart-c 0.26026177577 0.0895864442493 0.727867826359
74.49/31.56	glass 0.371565115819 0.16755544646 0.285717210702
76.53/32.44	braziltourism 0.604685424521 0.448047826742 -0.455078996232
78.60/33.32	iris 0.299550331462 0.119556970953 0.238528621604
80.66/34.19	heart-statlog 0.388402908774 0.203976348483 0.239498250147
82.76/35.06	page-blocks 0.464534515354 0.295239811742 0.078863121506
84.85/35.93	breast-w 0.234504148606 0.0739737819176 0.502590794844
86.91/36.81	heart-h 0.157145426102 0.0313597257566 0.733039178589
89.05/37.71	yeast 0.373818363686 0.174481156291 0.35068232309
91.11/38.58	tae 0.334537081232 0.14121204857 0.0368458846381
93.21/39.44	haberman 0.261152653523 0.100481768504 0.229801964716
95.30/40.31	mfeat-pixel 0.376971697975 0.169319306121 0.175825975817
97.39/41.18	optdigits 0.198780105955 0.0497974903914 0.763744082454
99.48/42.05	mfeat-factors 0.260447043102 0.0916442278407 0.623147943704
101.54/42.91	satimage 0.389259851771 0.183031539873 0.0610865982158
103.64/43.78	lymph 0.305093833308 0.122350912555 0.544608031712
105.71/44.66	audiology 0.292680833024 0.117228967131 0.541052727054
107.81/45.53	ecoli 0.444675574077 0.251893264311 0.0255335516352
109.97/46.40	tic-tac-toe 0.179738329815 0.0512609070284 0.788308005546
112.02/47.27	spambase 0.361580341787 0.161842892724 0.76051198731
114.11/48.16	zoo 0.167935582438 0.0412435936138 0.729160664417
116.21/49.03	sonar 0.527414286099 0.347324622982 -0.313513228938
118.30/49.91	mfeat-zernike 0.274670107971 0.103726351216 0.362317865608
120.39/50.77	kr-vs-kp 0.182402324447 0.0420603014567 0.689729103664
120.61/50.99	MAE 0.32291301753 0.121533829472
120.61/50.99	MSE 0.153938187858 0.153938187858
120.61/50.99	Mean tau 0.348618318472 0.36985205052
120.61/50.99	(0.3333333333333333, '1_landmark_decision_tree')
120.61/50.99	(2.1403508771929824, '0_landmark_decision_tree')
120.61/50.99	(2.526315789473684, '1_class_probability_max')
120.61/50.99	(3.719298245614035, '0_class_probability_max')
120.61/50.99	(4.508771929824562, '1_landmark_random_node_learner')
120.61/50.99	(6.087719298245614, '0_landmark_1NN')
120.61/50.99	(6.456140350877193, '0_landmark_random_node_learner')
120.61/50.99	(8.614035087719298, '1_landmark_1NN')
120.61/50.99	(10.368421052631579, '1_class_probability_std')
120.61/50.99	(10.631578947368421, '1_class_entropy')
120.61/50.99	(10.631578947368421, '1_pca_skewness_first_pc')
120.61/50.99	(10.736842105263158, '0_class_entropy')
120.61/50.99	(10.824561403508772, '0_class_probability_std')
120.61/50.99	(11.912280701754385, '1_landmark_naive_bayes')
120.61/50.99	(12.964912280701755, '0_landmark_naive_bayes')
120.61/50.99	(15.087719298245615, '0_landmark_lda')
120.61/50.99	(16.42105263157895, '1_skewness_min')
120.61/50.99	(16.57894736842105, '0_pca_skewness_first_pc')
120.61/50.99	(17.473684210526315, '0_skewness_min')
120.61/50.99	(18.87719298245614, '1_landmark_lda')
120.61/50.99	(26.385964912280702, '0_log_number_of_features')
120.61/50.99	(26.57894736842105, '0_landmark_decision_node_learner')
120.61/50.99	(27.54385964912281, '1_number_of_features')
120.61/50.99	(28.666666666666668, '1_symbols_sum')
120.61/50.99	(28.68421052631579, '0_number_of_features')
120.61/50.99	(29.157894736842106, '0_number_of_categorical_features')
120.61/50.99	(31.0, '1_log_number_of_features')
120.61/50.99	(31.56140350877193, '1_pca_95%')
120.61/50.99	(33.03508771929825, '0_skewness_max')
120.61/50.99	(33.35087719298246, '0_kurtosis_min')
120.61/50.99	(34.10526315789474, '1_kurtosis_min')
120.61/50.99	(34.771929824561404, '0_ratio_numerical_to_categorical')
120.61/50.99	(35.75438596491228, '0_number_of_numeric_features')
120.61/50.99	(35.78947368421053, '1_number_of_numeric_features')
120.61/50.99	(37.59649122807018, '0_symbols_sum')
120.61/50.99	(39.03508771929825, '0_kurtosis_std')
120.61/50.99	(39.421052631578945, '1_skewness_max')
120.61/50.99	(39.92982456140351, '1_number_of_categorical_features')
120.61/50.99	(40.12280701754386, '0_skewness_std')
120.61/50.99	(41.59649122807018, '1_landmark_decision_node_learner')
120.61/50.99	(42.35087719298246, '1_ratio_numerical_to_categorical')
120.61/50.99	(43.26315789473684, '1_kurtosis_std')
120.61/50.99	(43.421052631578945, '1_pca_kurtosis_first_pc')
120.61/50.99	(43.6140350877193, '1_skewness_std')
120.61/50.99	(45.24561403508772, '0_kurtosis_max')
120.61/50.99	(45.43859649122807, '0_pca_kurtosis_first_pc')
120.61/50.99	(46.228070175438596, '0_pca_95%')
120.61/50.99	(49.31578947368421, '1_symbols_mean')
120.61/50.99	(50.01754385964912, '0_symbols_mean')
120.61/50.99	(50.08771929824562, '1_class_probability_min')
120.61/50.99	(50.8421052631579, '1_kurtosis_max')
120.61/50.99	(53.824561403508774, '0_class_probability_min')
120.61/50.99	(54.92982456140351, '0_symbols_max')
120.61/50.99	(56.07017543859649, '0_log_number_of_instances')
120.61/50.99	(57.719298245614034, '0_skewness_mean')
120.61/50.99	(58.31578947368421, '1_skewness_mean')
120.61/50.99	(59.49122807017544, '1_symbols_max')
120.61/50.99	(60.421052631578945, '0_inverse_dataset_ratio')
120.61/50.99	(61.07017543859649, '1_kurtosis_mean')
120.61/50.99	(61.40350877192982, '0_number_of_instances')
120.61/50.99	(63.175438596491226, '1_log_number_of_instances')
120.61/50.99	(63.45614035087719, '1_number_of_instances')
120.61/50.99	(63.73684210526316, '0_dataset_ratio')
120.61/50.99	(64.03508771929825, '0_kurtosis_mean')
120.61/50.99	(64.03508771929825, '1_ratio_categorical_to_numerical')
120.61/50.99	(64.05263157894737, '0_log_dataset_ratio')
120.61/50.99	(64.28070175438596, '1_log_dataset_ratio')
120.61/50.99	(64.42105263157895, '0_symbols_min')
120.61/50.99	(64.50877192982456, '1_dataset_ratio')
120.61/50.99	(65.75438596491227, '1_log_inverse_dataset_ratio')
120.61/50.99	(66.0701754385965, '0_log_inverse_dataset_ratio')
120.61/50.99	(66.12280701754386, '1_percentage_of_missing_values')
120.61/50.99	(66.87719298245614, '0_class_probability_mean')
120.61/50.99	(67.73684210526316, '1_symbols_std')
120.61/50.99	(68.3859649122807, '1_inverse_dataset_ratio')
120.61/50.99	(69.47368421052632, '0_percentage_of_features_with_missing_values')
120.61/50.99	(69.73684210526316, '1_class_probability_mean')
120.61/50.99	(69.89473684210526, '0_number_of_classes')
120.61/50.99	(70.43859649122807, '1_number_of_classes')
120.61/50.99	(70.64912280701755, '1_percentage_of_features_with_missing_values')
120.61/50.99	(72.24561403508773, '0_symbols_std')
120.61/50.99	(72.73684210526316, '1_symbols_min')
120.61/50.99	(74.29824561403508, '0_ratio_categorical_to_numerical')
120.61/50.99	(75.40350877192982, '0_percentage_of_missing_values')
120.61/50.99	(81.56140350877193, '0_number_of_missing_values')
120.61/50.99	(81.75438596491227, '0_number_of_Instances_with_missing_values')
120.61/50.99	(81.91228070175438, '0_percentage_of_Instances_with_missing_values')
120.61/50.99	(81.96491228070175, '1_percentage_of_Instances_with_missing_values')
120.61/50.99	(82.54385964912281, '1_number_of_features_with_missing_values')
120.61/50.99	(82.78947368421052, '0_number_of_features_with_missing_values')
120.61/50.99	(83.29824561403508, '1_number_of_Instances_with_missing_values')
120.61/50.99	(84.59649122807018, '1_number_of_missing_values')
120.61/50.99	Result for ParamILS: SAT, 49.953435, 1, 0.322913, -1, /home/feurerm/thesis/Software/pyMetaLearn/optimizers/metalearn_optimizer/learn_distances.py
