0.68/0.88	['/home/feurerm/thesis/Software/pyMetaLearn/optimizers/metalearn_optimizer/learn_distances.py', '--input_file', '/home/feurerm/thesis/experiments/2014_04_25_predict_distances/testfold_0-3_spearman_rank_perm.pkl', '--fold', '0', '--folds', '1', '--params', '-max_features', '0.207327017601', '-min_samples_leaf', '5', '-min_samples_split', '5', '-n_estimators', '50', '-n_jobs', '4', '-seed', '4']
0.77/0.90	Metafeatures (57, 46)
0.77/0.90	X (3192, 92)
0.77/0.90	Y (3192,)
0.77/0.90	Dataset Mae MSE Rho
2.68/1.55	vehicle 0.365355367488 0.169624847818 0.294767077105
4.84/2.46	anneal.ORIG 0.527990812402 0.324776450468 0.407890407134
7.01/3.38	segment 0.281672563259 0.101298788625 0.713000188698
9.13/4.18	pendigits 0.395754154779 0.186305894001 0.300908057878
11.24/4.99	mushroom 0.194728488699 0.0465326442704 0.63769237185
13.43/5.90	labor 0.201804307497 0.0556349202472 0.754371006537
15.56/6.71	abalone 0.416074463793 0.217048404647 0.14350502438
17.70/7.53	diabetes 0.483146938259 0.318481616883 -0.0235942945489
19.80/8.32	car 0.435313944788 0.277884170268 0.168715366501
21.90/9.12	autos 0.21441673825 0.0587407225426 0.598907230126
24.09/9.94	mfeat-fourier 0.662980501391 0.573652038053 -0.516488803962
26.16/10.74	primary-tumor 0.199844986929 0.0494334100056 0.616683753416
28.28/11.54	waveform-5000 0.253175709626 0.0895525837496 0.626380038847
30.36/12.34	credit-a 0.380575604131 0.205020894161 0.387851417243
32.50/13.14	letter 0.291199609771 0.112645832349 0.626380038847
34.65/14.06	postoperative-patient-data 0.447731382472 0.247431922556 -0.349712694547
36.75/14.86	vowel 0.516913858868 0.330490902686 -0.0384619322099
38.83/15.66	eucalyptus 0.274707813857 0.101228916402 0.56593985966
40.94/16.46	cylinder-bands 0.268859637062 0.0869455203773 0.63252101962
43.08/17.27	ionosphere 0.422854149229 0.214667119617 -0.054299198414
45.24/18.18	mfeat-karhunen 0.26899975705 0.0974715482396 0.54816333637
47.39/18.98	balance-scale 0.194528162703 0.0533074989521 0.612805239244
49.51/19.78	mfeat-morphological 0.484592203028 0.30706481085 -0.169038576015
51.65/20.58	liver-disorders 0.252250421621 0.0855567160546 0.546224079284
53.88/21.50	dermatology 0.205151779719 0.0541738313584 0.524892251335
55.94/22.30	vote 0.0746056067206 0.00886218587011 0.794772195833
58.12/23.10	breast-cancer 0.236864168665 0.0751589796604 0.104073463627
60.23/24.01	credit-g 0.519537747639 0.367790214244 -0.45055406303
62.36/28.51	soybean 0.119237935923 0.0201514029479 0.844546461046
64.51/29.42	arrhythmia 0.277938257702 0.0991203737558 0.072722140733
66.66/30.22	nursery 0.244361598155 0.077039022531 0.665488390086
68.79/31.02	hepatitis 0.425597688749 0.246476875654 -0.244669602377
70.87/31.82	cmc 0.178357260383 0.0397988211895 0.705243160353
72.96/32.63	heart-c 0.302138233947 0.11877644201 0.588564525666
75.10/33.53	glass 0.362436136428 0.15650796226 0.340339618631
77.21/34.34	braziltourism 0.617738802265 0.46511931868 -0.469946633893
79.34/35.14	iris 0.298167397447 0.117998427633 0.241760716748
81.46/35.96	heart-statlog 0.359556779006 0.172617642749 0.48901599524
83.66/36.87	page-blocks 0.478673832546 0.311903045446 -0.0478350081266
85.79/37.67	breast-w 0.231583860671 0.0738416574987 0.554950736172
87.91/38.47	heart-h 0.169761356946 0.0360434480762 0.690052313178
90.04/39.28	yeast 0.380680617316 0.178023123009 0.37136773201
92.16/40.07	tae 0.339276451866 0.147986993206 -0.00711060931612
94.29/40.87	haberman 0.278286759572 0.100767536537 -0.00484814271554
96.42/41.67	mfeat-pixel 0.383834660121 0.180053987209 0.151908471753
98.56/42.46	optdigits 0.21886012769 0.0610392328413 0.734332016646
100.67/43.27	mfeat-factors 0.263436857956 0.0952672016161 0.574666516548
102.83/44.07	satimage 0.366913105391 0.161485550133 0.0766006549055
104.90/44.97	lymph 0.312825932335 0.131509222759 0.469623424378
107.04/45.77	audiology 0.295034825421 0.109746155325 0.464775281663
109.19/46.68	ecoli 0.441332859838 0.253371406595 -0.00355530465806
111.38/47.59	tic-tac-toe 0.177060717515 0.0460675989922 0.752754958966
113.53/48.40	spambase 0.38258289559 0.186556463339 0.72722140733
115.69/49.23	zoo 0.18033540266 0.0437502509044 0.666134809115
117.81/50.04	sonar 0.539978056567 0.362850677019 -0.329996914171
119.95/50.85	mfeat-zernike 0.23492512691 0.0776224284441 0.5533346886
122.10/51.66	kr-vs-kp 0.197737993056 0.0501394496585 0.641894095537
122.31/51.81	MAE 0.325092673854 0.126021864318
122.31/51.81	MSE 0.156814300052 0.156814300052
122.31/51.81	Mean tau 0.338133855454 0.365087515899
122.31/51.81	(0.017543859649122806, '0_class_probability_max')
122.31/51.81	(1.0526315789473684, '1_class_probability_max')
122.31/51.81	(4.578947368421052, '1_class_probability_std')
122.31/51.81	(4.824561403508772, '1_landmark_decision_tree')
122.31/51.81	(5.649122807017544, '0_class_probability_std')
122.31/51.81	(6.192982456140351, '1_class_entropy')
122.31/51.81	(7.508771929824562, '1_landmark_random_node_learner')
122.31/51.81	(7.5964912280701755, '0_landmark_random_node_learner')
122.31/51.81	(7.842105263157895, '0_skewness_min')
122.31/51.81	(8.508771929824562, '1_skewness_min')
122.31/51.81	(10.0, '0_landmark_decision_tree')
122.31/51.81	(11.31578947368421, '0_landmark_naive_bayes')
122.31/51.81	(11.578947368421053, '1_landmark_naive_bayes')
122.31/51.81	(12.12280701754386, '0_class_entropy')
122.31/51.81	(18.017543859649123, '1_pca_skewness_first_pc')
122.31/51.81	(18.75438596491228, '1_landmark_lda')
122.31/51.81	(19.12280701754386, '0_landmark_1NN')
122.31/51.81	(20.649122807017545, '0_pca_skewness_first_pc')
122.31/51.81	(21.31578947368421, '1_landmark_1NN')
122.31/51.81	(24.210526315789473, '0_landmark_lda')
122.31/51.81	(24.982456140350877, '0_number_of_features')
122.31/51.81	(25.49122807017544, '1_skewness_max')
122.31/51.81	(25.894736842105264, '0_skewness_max')
122.31/51.81	(26.68421052631579, '0_log_number_of_features')
122.31/51.81	(26.842105263157894, '1_number_of_features')
122.31/51.81	(27.666666666666668, '1_log_number_of_features')
122.31/51.81	(28.035087719298247, '1_skewness_std')
122.31/51.81	(29.42105263157895, '0_kurtosis_std')
122.31/51.81	(30.17543859649123, '1_number_of_numeric_features')
122.31/51.81	(30.789473684210527, '0_skewness_std')
122.31/51.81	(32.87719298245614, '1_symbols_sum')
122.31/51.81	(33.31578947368421, '0_symbols_sum')
122.31/51.81	(33.54385964912281, '1_kurtosis_min')
122.31/51.81	(33.94736842105263, '1_number_of_categorical_features')
122.31/51.81	(35.31578947368421, '0_ratio_numerical_to_categorical')
122.31/51.81	(35.94736842105263, '0_number_of_numeric_features')
122.31/51.81	(36.824561403508774, '0_kurtosis_min')
122.31/51.81	(39.10526315789474, '0_number_of_categorical_features')
122.31/51.81	(40.1578947368421, '1_kurtosis_std')
122.31/51.81	(41.43859649122807, '0_symbols_mean')
122.31/51.81	(42.59649122807018, '0_pca_95%')
122.31/51.81	(43.54385964912281, '1_ratio_numerical_to_categorical')
122.31/51.81	(44.175438596491226, '1_landmark_decision_node_learner')
122.31/51.81	(45.07017543859649, '0_landmark_decision_node_learner')
122.31/51.81	(45.12280701754386, '0_kurtosis_max')
122.31/51.81	(45.94736842105263, '1_pca_kurtosis_first_pc')
122.31/51.81	(46.666666666666664, '1_kurtosis_max')
122.31/51.81	(46.91228070175438, '1_class_probability_min')
122.31/51.81	(49.24561403508772, '0_class_probability_min')
122.31/51.81	(49.80701754385965, '0_pca_kurtosis_first_pc')
122.31/51.81	(50.3859649122807, '1_pca_95%')
122.31/51.81	(53.91228070175438, '1_kurtosis_mean')
122.31/51.81	(54.49122807017544, '1_log_inverse_dataset_ratio')
122.31/51.81	(55.87719298245614, '0_log_number_of_instances')
122.31/51.81	(55.92982456140351, '1_skewness_mean')
122.31/51.81	(56.19298245614035, '0_skewness_mean')
122.31/51.81	(56.26315789473684, '0_number_of_instances')
122.31/51.81	(56.96491228070175, '1_log_number_of_instances')
122.31/51.81	(58.07017543859649, '1_number_of_instances')
122.31/51.81	(58.21052631578947, '1_symbols_mean')
122.31/51.81	(60.29824561403509, '0_inverse_dataset_ratio')
122.31/51.81	(60.87719298245614, '1_dataset_ratio')
122.31/51.81	(61.421052631578945, '0_log_inverse_dataset_ratio')
122.31/51.81	(61.473684210526315, '1_log_dataset_ratio')
122.31/51.81	(62.40350877192982, '0_dataset_ratio')
122.31/51.81	(62.56140350877193, '0_log_dataset_ratio')
122.31/51.81	(63.6140350877193, '0_kurtosis_mean')
122.31/51.81	(64.43859649122807, '1_inverse_dataset_ratio')
122.31/51.81	(65.26315789473684, '1_symbols_min')
122.31/51.81	(67.7719298245614, '1_symbols_max')
122.31/51.81	(68.21052631578948, '0_symbols_max')
122.31/51.81	(68.26315789473684, '0_percentage_of_features_with_missing_values')
122.31/51.81	(69.47368421052632, '0_symbols_min')
122.31/51.81	(72.26315789473684, '1_percentage_of_features_with_missing_values')
122.31/51.81	(72.36842105263158, '1_ratio_categorical_to_numerical')
122.31/51.81	(72.56140350877193, '1_symbols_std')
122.31/51.81	(73.80701754385964, '0_percentage_of_missing_values')
122.31/51.81	(74.28070175438596, '1_class_probability_mean')
122.31/51.81	(74.42105263157895, '1_percentage_of_missing_values')
122.31/51.81	(75.08771929824562, '0_symbols_std')
122.31/51.81	(75.43859649122807, '0_class_probability_mean')
122.31/51.81	(75.54385964912281, '0_ratio_categorical_to_numerical')
122.31/51.81	(75.54385964912281, '1_number_of_missing_values')
122.31/51.81	(76.01754385964912, '1_number_of_classes')
122.31/51.81	(76.21052631578948, '0_number_of_classes')
122.31/51.81	(81.84210526315789, '1_number_of_Instances_with_missing_values')
122.31/51.81	(81.89473684210526, '1_number_of_features_with_missing_values')
122.31/51.81	(82.42105263157895, '1_percentage_of_Instances_with_missing_values')
122.31/51.81	(83.05263157894737, '0_number_of_missing_values')
122.31/51.81	(83.47368421052632, '0_number_of_Instances_with_missing_values')
122.31/51.81	(84.03508771929825, '0_percentage_of_Instances_with_missing_values')
122.31/51.81	(84.96491228070175, '0_number_of_features_with_missing_values')
122.31/51.81	Result for ParamILS: SAT, 50.922454, 1, 0.325093, -1, /home/feurerm/thesis/Software/pyMetaLearn/optimizers/metalearn_optimizer/learn_distances.py
