0.77/1.01	['/home/feurerm/thesis/Software/pyMetaLearn/optimizers/metalearn_optimizer/learn_distances.py', '--input_file', '/home/feurerm/thesis/experiments/2014_04_25_predict_distances/testfold_0-3_spearman_rank_perm.pkl', '--fold', '0', '--folds', '1', '--params', '-max_features', '0.652757317423', '-min_samples_leaf', '6', '-min_samples_split', '4', '-n_estimators', '56', '-n_jobs', '4', '-seed', '43']
0.77/1.03	Metafeatures (57, 46)
0.77/1.03	X (3192, 92)
0.77/1.03	Y (3192,)
0.77/1.03	Dataset Mae MSE Rho
6.73/2.78	vehicle 0.46443392933 0.277387659876 -0.108921606342
12.92/4.69	anneal.ORIG 0.651190852718 0.478182023863 -0.14867637661
19.15/6.51	segment 0.281198778819 0.101406317773 0.749199654307
25.41/8.44	pendigits 0.377207263915 0.175043818552 0.302200895935
31.65/10.36	mushroom 0.221391095263 0.0592417983565 0.575636145091
37.95/12.29	labor 0.203474478593 0.0618411100551 0.553011479085
44.18/14.21	abalone 0.397642214762 0.202708232786 0.303493733993
50.21/16.03	diabetes 0.47497836546 0.318272150301 -0.134131948463
56.29/17.85	car 0.608425147562 0.483201853393 -0.0714293026756
62.59/19.77	autos 0.201231549215 0.0536638506549 0.606987467985
69.00/21.71	mfeat-fourier 0.656213223023 0.556619579894 -0.486430319125
75.24/23.63	primary-tumor 0.191874144612 0.0443493827822 0.640601257479
81.61/25.70	waveform-5000 0.236872403797 0.0781408997275 0.684234541919
87.83/27.66	credit-a 0.426852673021 0.257280341611 0.210409393854
94.01/29.59	letter 0.306640596225 0.122166881462 0.547516917341
100.52/31.61	postoperative-patient-data 0.44628225612 0.241113968491 -0.453139739145
106.74/33.53	vowel 0.492953644728 0.299614061961 0.0491278461841
112.99/35.46	eucalyptus 0.281797385017 0.104686996153 0.516812013476
119.25/37.38	cylinder-bands 0.280740578435 0.0931960750347 0.552365060057
125.57/39.30	ionosphere 0.434143812661 0.216355633204 -0.180674118532
131.83/41.23	mfeat-karhunen 0.275119585249 0.101509496507 0.566586278689
138.09/43.16	balance-scale 0.245632928231 0.083069245833 0.415970644993
144.25/44.98	mfeat-morphological 0.494346501049 0.330187025518 -0.257921192467
150.49/46.91	liver-disorders 0.163754066464 0.0390346562071 0.600523277698
156.78/48.83	dermatology 0.212290406051 0.0570037015742 0.486430319125
163.11/50.75	vote 0.0677408800934 0.00775706387289 0.80188280515
169.40/52.67	breast-cancer 0.132693487193 0.0266035364992 0.420818787709
175.68/54.60	credit-g 0.551609749841 0.424626705103 -0.391729931415
181.83/56.52	soybean 0.120312405379 0.0191984781291 0.813195138153
188.13/58.46	arrhythmia 0.299342138644 0.112323458697 -0.17679560436
194.34/60.37	nursery 0.242228714718 0.0743926612426 0.663225923485
200.65/62.30	hepatitis 0.32815623271 0.155996801329 -0.165160061843
206.92/64.23	cmc 0.152822024879 0.030762976636 0.736917692761
213.16/66.16	heart-c 0.243828043893 0.0788217319404 0.767945806141
219.54/69.28	glass 0.31316311045 0.118567566384 0.598907230126
225.93/71.20	braziltourism 0.673103717468 0.551388511213 -0.569171954804
232.28/73.22	iris 0.327045079997 0.140366979464 0.0953468067389
238.47/75.14	heart-statlog 0.346562743223 0.164145617468 0.46380565312
245.06/77.08	page-blocks 0.627823484991 0.524558019338 -0.664841971057
251.33/79.01	breast-w 0.228884735161 0.0701537275328 0.493540928442
257.66/80.93	heart-h 0.16395967117 0.0341604348338 0.725928569273
263.95/82.86	yeast 0.358981488461 0.160362776206 0.451846901088
270.19/84.78	tae 0.393374837583 0.190451733178 -0.0281192277501
276.46/86.72	haberman 0.28452211267 0.103404111388 -0.0442797034686
282.79/88.64	mfeat-pixel 0.399344323636 0.197813208786 0.109568025371
289.00/90.55	optdigits 0.235910757684 0.0694692192583 0.717848331414
295.31/92.47	mfeat-factors 0.253419219556 0.0850504413219 0.698778970066
301.62/94.40	satimage 0.349780347519 0.153732092107 0.0934075496527
307.83/96.33	lymph 0.283552343283 0.118574104037 0.35068232309
314.01/98.24	audiology 0.286558277834 0.0991066524916 0.460573557976
320.33/100.18	ecoli 0.420809595069 0.220200508004 0.0510671032703
326.52/102.10	tic-tac-toe 0.170283612787 0.0403971476702 0.736917692761
332.92/104.02	spambase 0.406949720152 0.212560036542 0.626380038847
339.12/105.96	zoo 0.180811159794 0.0448388010677 0.635753114764
345.36/107.88	sonar 0.55334548999 0.381905878938 -0.316422114567
351.59/109.82	mfeat-zernike 0.236204751322 0.0769802532106 0.529740394051
357.78/111.74	kr-vs-kp 0.231467700204 0.0655762607499 0.592766249353
358.01/111.91	MAE 0.331425962064 0.145449763232
358.01/111.91	MSE 0.168237267653 0.168237267653
358.01/111.91	Mean tau 0.294738725393 0.404177846948
358.01/111.91	(0.19298245614035087, '0_class_probability_max')
358.01/111.91	(0.9298245614035088, '1_class_probability_max')
358.01/111.91	(2.263157894736842, '0_skewness_min')
358.01/111.91	(2.754385964912281, '1_skewness_min')
358.01/111.91	(4.7894736842105265, '1_class_entropy')
358.01/111.91	(6.456140350877193, '0_class_entropy')
358.01/111.91	(9.0, '1_landmark_naive_bayes')
358.01/111.91	(9.491228070175438, '0_class_probability_std')
358.01/111.91	(10.035087719298245, '1_landmark_decision_tree')
358.01/111.91	(10.087719298245615, '1_class_probability_std')
358.01/111.91	(10.24561403508772, '0_landmark_naive_bayes')
358.01/111.91	(12.631578947368421, '0_landmark_decision_tree')
358.01/111.91	(14.280701754385966, '1_landmark_random_node_learner')
358.01/111.91	(16.385964912280702, '0_pca_skewness_first_pc')
358.01/111.91	(16.94736842105263, '1_pca_skewness_first_pc')
358.01/111.91	(19.07017543859649, '1_kurtosis_min')
358.01/111.91	(19.473684210526315, '0_landmark_random_node_learner')
358.01/111.91	(20.333333333333332, '1_landmark_lda')
358.01/111.91	(21.19298245614035, '0_landmark_lda')
358.01/111.91	(21.333333333333332, '0_kurtosis_min')
358.01/111.91	(25.526315789473685, '1_landmark_1NN')
358.01/111.91	(26.75438596491228, '1_skewness_max')
358.01/111.91	(26.771929824561404, '0_skewness_max')
358.01/111.91	(27.75438596491228, '0_skewness_std')
358.01/111.91	(29.12280701754386, '1_kurtosis_std')
358.01/111.91	(29.140350877192983, '0_landmark_1NN')
358.01/111.91	(29.17543859649123, '1_number_of_features')
358.01/111.91	(29.982456140350877, '0_number_of_features')
358.01/111.91	(30.017543859649123, '0_log_number_of_features')
358.01/111.91	(30.526315789473685, '1_log_number_of_features')
358.01/111.91	(30.859649122807017, '1_skewness_std')
358.01/111.91	(33.666666666666664, '1_number_of_numeric_features')
358.01/111.91	(34.24561403508772, '0_kurtosis_std')
358.01/111.91	(34.50877192982456, '1_class_probability_min')
358.01/111.91	(37.26315789473684, '0_class_probability_min')
358.01/111.91	(37.8421052631579, '0_number_of_numeric_features')
358.01/111.91	(38.89473684210526, '0_kurtosis_max')
358.01/111.91	(39.92982456140351, '1_kurtosis_max')
358.01/111.91	(40.05263157894737, '0_symbols_sum')
358.01/111.91	(40.228070175438596, '0_number_of_instances')
358.01/111.91	(40.824561403508774, '1_log_number_of_instances')
358.01/111.91	(41.03508771929825, '1_symbols_sum')
358.01/111.91	(41.87719298245614, '1_pca_kurtosis_first_pc')
358.01/111.91	(41.96491228070175, '1_number_of_instances')
358.01/111.91	(42.1578947368421, '0_log_number_of_instances')
358.01/111.91	(44.0, '0_skewness_mean')
358.01/111.91	(44.54385964912281, '0_landmark_decision_node_learner')
358.01/111.91	(44.6140350877193, '1_landmark_decision_node_learner')
358.01/111.91	(44.75438596491228, '1_skewness_mean')
358.01/111.91	(44.85964912280702, '0_pca_kurtosis_first_pc')
358.01/111.91	(45.59649122807018, '1_number_of_categorical_features')
358.01/111.91	(50.49122807017544, '0_number_of_categorical_features')
358.01/111.91	(50.49122807017544, '0_symbols_mean')
358.01/111.91	(50.92982456140351, '0_pca_95%')
358.01/111.91	(51.49122807017544, '1_pca_95%')
358.01/111.91	(51.578947368421055, '1_symbols_mean')
358.01/111.91	(52.473684210526315, '0_symbols_min')
358.01/111.91	(54.73684210526316, '1_inverse_dataset_ratio')
358.01/111.91	(54.771929824561404, '1_log_inverse_dataset_ratio')
358.01/111.91	(56.8421052631579, '1_dataset_ratio')
358.01/111.91	(57.3859649122807, '0_log_dataset_ratio')
358.01/111.91	(57.43859649122807, '0_log_inverse_dataset_ratio')
358.01/111.91	(58.578947368421055, '1_symbols_min')
358.01/111.91	(58.6140350877193, '0_ratio_numerical_to_categorical')
358.01/111.91	(58.719298245614034, '1_log_dataset_ratio')
358.01/111.91	(58.89473684210526, '0_inverse_dataset_ratio')
358.01/111.91	(59.05263157894737, '0_dataset_ratio')
358.01/111.91	(60.54385964912281, '1_ratio_numerical_to_categorical')
358.01/111.91	(66.49122807017544, '1_kurtosis_mean')
358.01/111.91	(66.7719298245614, '0_kurtosis_mean')
358.01/111.91	(72.2280701754386, '1_ratio_categorical_to_numerical')
358.01/111.91	(73.73684210526316, '1_class_probability_mean')
358.01/111.91	(74.70175438596492, '0_ratio_categorical_to_numerical')
358.01/111.91	(75.19298245614036, '0_number_of_classes')
358.01/111.91	(75.66666666666667, '1_symbols_max')
358.01/111.91	(75.9298245614035, '0_symbols_max')
358.01/111.91	(75.98245614035088, '0_class_probability_mean')
358.01/111.91	(76.96491228070175, '1_number_of_classes')
358.01/111.91	(77.0701754385965, '1_percentage_of_features_with_missing_values')
358.01/111.91	(78.01754385964912, '1_symbols_std')
358.01/111.91	(78.3157894736842, '0_symbols_std')
358.01/111.91	(78.71929824561404, '0_percentage_of_features_with_missing_values')
358.01/111.91	(80.89473684210526, '1_percentage_of_missing_values')
358.01/111.91	(81.78947368421052, '0_percentage_of_missing_values')
358.01/111.91	(82.52631578947368, '1_percentage_of_Instances_with_missing_values')
358.01/111.91	(83.03508771929825, '1_number_of_Instances_with_missing_values')
358.01/111.91	(83.70175438596492, '0_percentage_of_Instances_with_missing_values')
358.01/111.91	(83.82456140350877, '0_number_of_Instances_with_missing_values')
358.01/111.91	(84.52631578947368, '1_number_of_missing_values')
358.01/111.91	(85.49122807017544, '0_number_of_missing_values')
358.01/111.91	(87.10526315789474, '0_number_of_features_with_missing_values')
358.01/111.91	(87.89473684210526, '1_number_of_features_with_missing_values')
358.01/111.91	Result for ParamILS: SAT, 110.895412, 1, 0.331426, -1, /home/feurerm/thesis/Software/pyMetaLearn/optimizers/metalearn_optimizer/learn_distances.py
