0.76/2.21	['/home/feurerm/thesis/Software/pyMetaLearn/optimizers/metalearn_optimizer/learn_distances.py', '--input_file', '/home/feurerm/thesis/experiments/2014_04_25_predict_distances/testfold_0-3_spearman_rank_perm.pkl', '--fold', '0', '--folds', '1', '--params', '-max_features', '0.762674069949', '-min_samples_leaf', '3', '-min_samples_split', '10', '-n_estimators', '88', '-n_jobs', '4', '-seed', '32']
0.76/2.22	Metafeatures (57, 46)
0.76/2.22	X (3192, 92)
0.76/2.22	Y (3192,)
0.76/2.22	Dataset Mae MSE Rho
11.84/5.18	vehicle 0.492758776417 0.312419346548 -0.190370403963
23.67/8.70	anneal.ORIG 0.766922381158 0.653469077998 -0.204591622596
35.28/15.87	segment 0.264141430126 0.0893493640155 0.792186519719
47.08/19.36	pendigits 0.377466712039 0.173371249799 0.312220390881
58.84/23.02	mushroom 0.222141407031 0.0610476176332 0.563354183545
70.70/26.57	labor 0.207345440065 0.065288490818 0.52004410862
82.52/30.00	abalone 0.396279033059 0.200588358933 0.291858191475
93.90/33.73	diabetes 0.475370833777 0.320433291982 -0.170654623587
105.64/37.29	car 0.600810813579 0.465070863217 -0.0494510556985
117.37/45.79	autos 0.186197902301 0.0450373573432 0.628642505448
129.27/49.46	mfeat-fourier 0.68571761518 0.607356479937 -0.52004410862
141.05/52.92	primary-tumor 0.183288812403 0.0410911322529 0.665488390086
153.02/56.49	waveform-5000 0.235743083219 0.0776190630081 0.634460276706
164.90/60.05	credit-a 0.438498432227 0.274236012165 0.190047194449
176.52/63.62	letter 0.30347312585 0.119134652648 0.517458432505
188.66/70.86	postoperative-patient-data 0.457308818826 0.254563125492 -0.285717210702
200.22/74.30	vowel 0.45135138315 0.249823197169 0.259860449553
211.92/81.14	eucalyptus 0.251569510466 0.0838694805088 0.590826992267
223.80/84.89	cylinder-bands 0.266256377882 0.0836919998922 0.561091716945
235.72/88.34	ionosphere 0.421493462376 0.205552564186 -0.0885594069371
253.13/94.33	mfeat-karhunen 0.251596604781 0.0848555780183 0.674861466003
264.85/102.03	balance-scale 0.253950177984 0.0946359800811 0.342278875717
276.60/110.41	mfeat-morphological 0.501922122468 0.338572399442 -0.276020925271
288.29/117.53	liver-disorders 0.139003595011 0.0290608823464 0.552041850542
300.06/124.80	dermatology 0.223697385758 0.0634495964761 0.468330586321
311.78/128.26	vote 0.0703973431184 0.00849458476588 0.784752700888
323.63/131.82	breast-cancer 0.13033047853 0.0231347949635 0.498389071157
335.47/135.45	credit-g 0.579384207155 0.46163295515 -0.537497422396
347.24/141.85	soybean 0.110648611836 0.0163989365442 0.79671145292
358.94/145.29	arrhythmia 0.327523842709 0.131983451546 -0.263415754211
370.59/148.94	nursery 0.2276209956 0.0675590195267 0.684557751434
382.37/152.39	hepatitis 0.296735274669 0.12335875205 0.0536527793853
394.17/155.89	cmc 0.157944493495 0.0345404398764 0.666134809115
405.95/162.28	heart-c 0.22861262318 0.069722933509 0.80188280515
417.80/167.73	glass 0.295933806616 0.104745109704 0.626056829333
429.89/171.28	braziltourism 0.673822121253 0.556394130746 -0.59696797304
441.65/174.99	iris 0.309159788373 0.127924477383 0.141242557779
453.37/178.43	heart-statlog 0.331174896196 0.146938105462 0.555920364715
465.41/182.14	page-blocks 0.585736080082 0.461168336321 -0.618946220017
477.27/185.67	breast-w 0.237073527371 0.0745031833618 0.439888149056
488.93/189.26	heart-h 0.129806186476 0.0225495659284 0.755017425566
500.65/192.59	yeast 0.331485961225 0.136020957062 0.618299800988
512.41/196.13	tae 0.367917856523 0.165896500324 0.0546224079284
524.16/199.67	haberman 0.298736477426 0.123583713916 -0.0452493320117
535.93/206.83	mfeat-pixel 0.413596216815 0.209799123625 0.0966396447963
547.78/210.42	optdigits 0.227562916106 0.0654181800055 0.726898197816
559.77/213.97	mfeat-factors 0.292301447667 0.112776896516 0.550749012485
571.58/217.41	satimage 0.369238764125 0.165490455517 0.0491278461841
583.21/220.87	lymph 0.259747004751 0.102329077795 0.321593466797
595.10/224.62	audiology 0.282828264249 0.0971920796445 0.458311091375
606.96/228.19	ecoli 0.411302407429 0.21243564092 0.112476911
618.91/237.20	tic-tac-toe 0.162031779574 0.0370867406913 0.754047797023
630.94/240.76	spambase 0.388941342029 0.193334949834 0.651590380968
642.76/245.77	zoo 0.193063482891 0.0497677254082 0.598907230126
654.51/249.36	sonar 0.56804781258 0.403460926884 -0.368782055895
666.37/258.43	mfeat-zernike 0.210604354113 0.0615790395715 0.64286372408
678.29/266.53	kr-vs-kp 0.222686594747 0.060328741534 0.606664258471
678.59/266.80	MAE 0.328882494667 0.1539432024
678.59/266.80	MSE 0.168791871719 0.168791871719
678.59/266.80	Mean tau 0.305189166357 0.407666692028
678.59/266.80	(0.543859649122807, '0_class_probability_max')
678.59/266.80	(0.5964912280701754, '1_class_probability_max')
678.59/266.80	(2.43859649122807, '0_skewness_min')
678.59/266.80	(2.56140350877193, '1_skewness_min')
678.59/266.80	(6.140350877192983, '1_class_entropy')
678.59/266.80	(7.333333333333333, '0_class_entropy')
678.59/266.80	(7.842105263157895, '0_landmark_naive_bayes')
678.59/266.80	(7.859649122807017, '1_landmark_naive_bayes')
678.59/266.80	(10.56140350877193, '0_class_probability_std')
678.59/266.80	(11.140350877192983, '0_landmark_decision_tree')
678.59/266.80	(11.75438596491228, '1_landmark_decision_tree')
678.59/266.80	(12.350877192982455, '1_class_probability_std')
678.59/266.80	(13.807017543859649, '0_pca_skewness_first_pc')
678.59/266.80	(14.578947368421053, '1_pca_skewness_first_pc')
678.59/266.80	(16.210526315789473, '0_landmark_lda')
678.59/266.80	(16.94736842105263, '0_landmark_random_node_learner')
678.59/266.80	(17.228070175438596, '1_landmark_lda')
678.59/266.80	(20.29824561403509, '1_kurtosis_min')
678.59/266.80	(20.473684210526315, '0_kurtosis_min')
678.59/266.80	(23.403508771929825, '1_skewness_max')
678.59/266.80	(24.333333333333332, '0_landmark_1NN')
678.59/266.80	(24.50877192982456, '1_landmark_1NN')
678.59/266.80	(25.36842105263158, '1_landmark_random_node_learner')
678.59/266.80	(27.31578947368421, '0_skewness_max')
678.59/266.80	(29.263157894736842, '0_class_probability_min')
678.59/266.80	(29.36842105263158, '1_class_probability_min')
678.59/266.80	(31.140350877192983, '0_skewness_std')
678.59/266.80	(32.05263157894737, '1_log_number_of_features')
678.59/266.80	(32.526315789473685, '0_number_of_features')
678.59/266.80	(32.78947368421053, '1_kurtosis_max')
678.59/266.80	(32.8421052631579, '1_number_of_features')
678.59/266.80	(33.05263157894737, '0_log_number_of_features')
678.59/266.80	(33.08771929824562, '1_number_of_numeric_features')
678.59/266.80	(34.08771929824562, '0_kurtosis_max')
678.59/266.80	(35.8421052631579, '0_number_of_numeric_features')
678.59/266.80	(36.35087719298246, '0_log_number_of_instances')
678.59/266.80	(36.91228070175438, '1_number_of_instances')
678.59/266.80	(37.8421052631579, '1_kurtosis_std')
678.59/266.80	(38.07017543859649, '1_skewness_std')
678.59/266.80	(38.19298245614035, '0_skewness_mean')
678.59/266.80	(38.333333333333336, '1_log_number_of_instances')
678.59/266.80	(38.526315789473685, '0_number_of_instances')
678.59/266.80	(38.70175438596491, '0_kurtosis_std')
678.59/266.80	(38.771929824561404, '1_skewness_mean')
678.59/266.80	(44.40350877192982, '0_landmark_decision_node_learner')
678.59/266.80	(44.45614035087719, '1_landmark_decision_node_learner')
678.59/266.80	(46.49122807017544, '1_symbols_mean')
678.59/266.80	(47.0, '1_pca_kurtosis_first_pc')
678.59/266.80	(47.08771929824562, '0_symbols_sum')
678.59/266.80	(47.175438596491226, '0_pca_kurtosis_first_pc')
678.59/266.80	(47.40350877192982, '0_symbols_mean')
678.59/266.80	(50.49122807017544, '1_pca_95%')
678.59/266.80	(52.473684210526315, '0_pca_95%')
678.59/266.80	(52.8421052631579, '1_symbols_sum')
678.59/266.80	(53.40350877192982, '0_symbols_min')
678.59/266.80	(53.49122807017544, '0_log_dataset_ratio')
678.59/266.80	(53.59649122807018, '1_symbols_min')
678.59/266.80	(53.85964912280702, '0_dataset_ratio')
678.59/266.80	(54.175438596491226, '1_inverse_dataset_ratio')
678.59/266.80	(55.91228070175438, '0_log_inverse_dataset_ratio')
678.59/266.80	(56.175438596491226, '0_inverse_dataset_ratio')
678.59/266.80	(56.29824561403509, '1_log_dataset_ratio')
678.59/266.80	(56.45614035087719, '1_dataset_ratio')
678.59/266.80	(57.50877192982456, '1_number_of_categorical_features')
678.59/266.80	(57.63157894736842, '1_log_inverse_dataset_ratio')
678.59/266.80	(58.26315789473684, '0_number_of_categorical_features')
678.59/266.80	(59.473684210526315, '1_ratio_numerical_to_categorical')
678.59/266.80	(59.91228070175438, '0_ratio_numerical_to_categorical')
678.59/266.80	(65.91228070175438, '1_kurtosis_mean')
678.59/266.80	(66.87719298245614, '0_kurtosis_mean')
678.59/266.80	(74.05263157894737, '1_number_of_classes')
678.59/266.80	(74.35087719298245, '0_ratio_categorical_to_numerical')
678.59/266.80	(74.36842105263158, '1_ratio_categorical_to_numerical')
678.59/266.80	(74.56140350877193, '0_number_of_classes')
678.59/266.80	(75.26315789473684, '1_class_probability_mean')
678.59/266.80	(75.56140350877193, '0_class_probability_mean')
678.59/266.80	(75.63157894736842, '0_symbols_max')
678.59/266.80	(77.28070175438596, '1_symbols_max')
678.59/266.80	(77.52631578947368, '1_symbols_std')
678.59/266.80	(78.91228070175438, '1_percentage_of_features_with_missing_values')
678.59/266.80	(79.21052631578948, '0_symbols_std')
678.59/266.80	(81.57894736842105, '0_percentage_of_features_with_missing_values')
678.59/266.80	(82.15789473684211, '1_percentage_of_missing_values')
678.59/266.80	(82.89473684210526, '0_percentage_of_missing_values')
678.59/266.80	(83.08771929824562, '0_number_of_Instances_with_missing_values')
678.59/266.80	(83.14035087719299, '1_number_of_Instances_with_missing_values')
678.59/266.80	(83.6140350877193, '0_percentage_of_Instances_with_missing_values')
678.59/266.80	(84.17543859649123, '1_percentage_of_Instances_with_missing_values')
678.59/266.80	(85.59649122807018, '0_number_of_missing_values')
678.59/266.80	(85.7719298245614, '1_number_of_missing_values')
678.59/266.80	(86.84210526315789, '1_number_of_features_with_missing_values')
678.59/266.80	(88.29824561403508, '0_number_of_features_with_missing_values')
678.59/266.80	Result for ParamILS: SAT, 264.592456, 1, 0.328882, -1, /home/feurerm/thesis/Software/pyMetaLearn/optimizers/metalearn_optimizer/learn_distances.py
