0.71/1.33	['/home/feurerm/thesis/Software/pyMetaLearn/optimizers/metalearn_optimizer/learn_distances.py', '--input_file', '/home/feurerm/thesis/experiments/2014_04_25_predict_distances/testfold_0-3_spearman_rank_perm.pkl', '--fold', '0', '--folds', '1', '--params', '-max_features', '0.269314242562', '-min_samples_leaf', '6', '-min_samples_split', '2', '-n_estimators', '43', '-n_jobs', '4', '-seed', '16']
0.71/1.34	Metafeatures (57, 46)
0.71/1.34	X (3192, 92)
0.71/1.34	Y (3192,)
0.71/1.34	Dataset Mae MSE Rho
2.64/2.01	vehicle 0.411058606794 0.215129006942 0.0646419028738
4.75/2.91	anneal.ORIG 0.501648404318 0.300884928623 0.293474239047
6.96/3.79	segment 0.280021975843 0.099193698502 0.704919950839
9.09/4.57	pendigits 0.385551441406 0.177221243101 0.323209514369
11.27/5.76	mushroom 0.19775329274 0.0488290643256 0.628319295933
13.39/6.69	labor 0.211418156496 0.0588179239331 0.798650710006
15.53/7.59	abalone 0.400616563686 0.204498699526 0.25598193538
17.70/8.49	diabetes 0.485733614273 0.322419540222 0.00484814271554
19.86/9.37	car 0.500183765558 0.361833465399 0.0539759888996
21.99/10.33	autos 0.222709568458 0.0645946069925 0.57628256412
24.16/11.22	mfeat-fourier 0.646850935353 0.540232120292 -0.482228595439
26.28/12.10	primary-tumor 0.21330221899 0.0576910097563 0.574989726063
28.44/13.01	waveform-5000 0.248733691223 0.0866888007941 0.557536412287
30.58/13.92	credit-a 0.391349602125 0.210632811067 0.304140153021
32.72/15.20	letter 0.273428653401 0.0997113302682 0.667427647172
34.96/16.08	postoperative-patient-data 0.453256126443 0.257663827418 -0.497419442614
37.09/16.98	vowel 0.517600777323 0.335320747382 -0.0126051710604
39.25/17.88	eucalyptus 0.306603406149 0.126161341806 0.412415340335
41.42/18.66	cylinder-bands 0.285760413204 0.0977914733259 0.551072221999
43.53/19.54	ionosphere 0.402385745524 0.18521237287 0.0585009221008
45.70/20.43	mfeat-karhunen 0.275976590669 0.104161248047 0.54816333637
47.85/21.48	balance-scale 0.190463194625 0.0529110376605 0.708475255497
49.99/22.36	mfeat-morphological 0.481270790231 0.312243098352 -0.17679560436
52.17/23.27	liver-disorders 0.210588185999 0.0607333838884 0.529093975022
54.37/24.16	dermatology 0.202576364578 0.0518244913285 0.53038681308
56.50/25.08	vote 0.0715951931385 0.00845488730527 0.804468481265
58.62/25.86	breast-cancer 0.19855198062 0.0564488293504 0.210409393854
60.80/26.74	credit-g 0.511951969305 0.348314526746 -0.403365473933
62.97/32.71	soybean 0.117373106461 0.019190175668 0.838082270759
65.12/33.61	arrhythmia 0.278423082478 0.101085836174 -0.000969628543107
67.29/34.51	nursery 0.24939020474 0.0796387519979 0.656761733198
69.40/35.30	hepatitis 0.465675627799 0.295973861609 -0.312866809909
71.62/36.23	cmc 0.176698428104 0.0386257922287 0.72495894073
73.70/37.12	heart-c 0.301519847604 0.118240061248 0.619269429531
75.93/38.20	glass 0.369478118226 0.163329163429 0.29735275322
78.00/39.09	braziltourism 0.689582378988 0.578343495909 -0.647065447767
80.23/40.10	iris 0.325761257189 0.140860690607 0.148353167095
82.27/40.88	heart-statlog 0.38247356173 0.1967243205 0.306402619622
84.55/41.80	page-blocks 0.542130004285 0.387121327887 -0.22560024103
86.67/42.71	breast-w 0.229070936148 0.0704415428156 0.521983365706
88.81/43.61	heart-h 0.177600130062 0.0402773487305 0.664518761543
90.95/44.47	yeast 0.366614152996 0.167180345473 0.449261224973
93.09/45.38	tae 0.348876010395 0.152761135995 0.00387851417243
95.31/46.30	haberman 0.28519556049 0.10940403131 0.0229478755202
97.48/49.61	mfeat-pixel 0.380180839497 0.176444476552 0.144151443409
99.64/52.15	optdigits 0.250041333296 0.0787382594523 0.631551391077
101.83/53.04	mfeat-factors 0.264134262307 0.0935845060707 0.604078582356
104.02/53.84	satimage 0.375310116712 0.169655734309 0.0701364646181
106.15/54.96	lymph 0.30723811612 0.128497994727 0.446029129829
108.26/59.71	audiology 0.282989118232 0.0993115718657 0.471562681464
110.41/60.59	ecoli 0.432122553075 0.233350885596 -0.0129283805748
112.59/61.48	tic-tac-toe 0.208786454696 0.06517592565 0.728837454902
114.80/62.62	spambase 0.344936060095 0.153876961514 0.762774453911
116.96/63.54	zoo 0.175696665956 0.0419253922309 0.700071808123
119.10/64.43	sonar 0.531266880299 0.353368517121 -0.275697715757
121.26/65.31	mfeat-zernike 0.234103658323 0.080906125004 0.55042580297
123.39/66.37	kr-vs-kp 0.211236636156 0.0553086244824 0.632197810106
123.48/66.49	MAE 0.329523619841 0.130137228731
123.48/66.49	MSE 0.162016883708 0.162016883708
123.48/66.49	Mean tau 0.317709282282 0.376523240976
123.48/66.49	(0.3684210526315789, '0_class_probability_max')
123.48/66.49	(0.7894736842105263, '1_class_probability_max')
123.48/66.49	(3.8596491228070176, '1_landmark_random_node_learner')
123.48/66.49	(5.2105263157894735, '0_landmark_decision_tree')
123.48/66.49	(5.964912280701754, '0_skewness_min')
123.48/66.49	(6.298245614035087, '1_skewness_min')
123.48/66.49	(6.7368421052631575, '1_landmark_decision_tree')
123.48/66.49	(7.385964912280702, '1_class_probability_std')
123.48/66.49	(9.157894736842104, '0_class_entropy')
123.48/66.49	(9.263157894736842, '0_class_probability_std')
123.48/66.49	(9.263157894736842, '1_class_entropy')
123.48/66.49	(9.982456140350877, '0_landmark_random_node_learner')
123.48/66.49	(10.736842105263158, '0_landmark_naive_bayes')
123.48/66.49	(12.736842105263158, '1_landmark_naive_bayes')
123.48/66.49	(16.70175438596491, '1_landmark_1NN')
123.48/66.49	(19.56140350877193, '0_pca_skewness_first_pc')
123.48/66.49	(20.789473684210527, '0_landmark_1NN')
123.48/66.49	(23.719298245614034, '0_skewness_std')
123.48/66.49	(23.92982456140351, '1_skewness_std')
123.48/66.49	(24.263157894736842, '1_number_of_features')
123.48/66.49	(24.333333333333332, '1_landmark_lda')
123.48/66.49	(25.473684210526315, '1_log_number_of_features')
123.48/66.49	(26.80701754385965, '0_number_of_categorical_features')
123.48/66.49	(27.859649122807017, '1_skewness_max')
123.48/66.49	(27.94736842105263, '0_log_number_of_features')
123.48/66.49	(28.42105263157895, '1_pca_skewness_first_pc')
123.48/66.49	(28.45614035087719, '0_number_of_features')
123.48/66.49	(30.82456140350877, '0_landmark_lda')
123.48/66.49	(31.05263157894737, '1_kurtosis_min')
123.48/66.49	(32.08771929824562, '0_kurtosis_min')
123.48/66.49	(32.40350877192982, '1_number_of_numeric_features')
123.48/66.49	(32.666666666666664, '0_kurtosis_std')
123.48/66.49	(33.45614035087719, '1_kurtosis_std')
123.48/66.49	(33.56140350877193, '0_landmark_decision_node_learner')
123.48/66.49	(35.59649122807018, '0_number_of_numeric_features')
123.48/66.49	(36.36842105263158, '1_number_of_categorical_features')
123.48/66.49	(37.92982456140351, '0_skewness_max')
123.48/66.49	(40.12280701754386, '1_landmark_decision_node_learner')
123.48/66.49	(42.29824561403509, '1_symbols_sum')
123.48/66.49	(42.578947368421055, '0_symbols_sum')
123.48/66.49	(44.73684210526316, '0_kurtosis_max')
123.48/66.49	(45.01754385964912, '1_kurtosis_max')
123.48/66.49	(45.824561403508774, '0_ratio_numerical_to_categorical')
123.48/66.49	(46.21052631578947, '0_class_probability_min')
123.48/66.49	(46.473684210526315, '1_pca_kurtosis_first_pc')
123.48/66.49	(46.6140350877193, '0_pca_95%')
123.48/66.49	(46.89473684210526, '1_class_probability_min')
123.48/66.49	(47.1578947368421, '0_pca_kurtosis_first_pc')
123.48/66.49	(47.333333333333336, '0_symbols_mean')
123.48/66.49	(48.01754385964912, '1_ratio_numerical_to_categorical')
123.48/66.49	(50.96491228070175, '1_symbols_mean')
123.48/66.49	(51.280701754385966, '0_log_number_of_instances')
123.48/66.49	(51.29824561403509, '1_pca_95%')
123.48/66.49	(52.54385964912281, '0_skewness_mean')
123.48/66.49	(53.75438596491228, '1_log_number_of_instances')
123.48/66.49	(54.421052631578945, '0_dataset_ratio')
123.48/66.49	(55.49122807017544, '0_number_of_instances')
123.48/66.49	(55.85964912280702, '1_skewness_mean')
123.48/66.49	(56.43859649122807, '1_number_of_instances')
123.48/66.49	(56.68421052631579, '0_kurtosis_mean')
123.48/66.49	(57.75438596491228, '0_symbols_min')
123.48/66.49	(58.771929824561404, '0_log_inverse_dataset_ratio')
123.48/66.49	(59.73684210526316, '1_dataset_ratio')
123.48/66.49	(60.228070175438596, '0_log_dataset_ratio')
123.48/66.49	(60.421052631578945, '0_inverse_dataset_ratio')
123.48/66.49	(60.73684210526316, '1_log_inverse_dataset_ratio')
123.48/66.49	(62.73684210526316, '1_log_dataset_ratio')
123.48/66.49	(63.14035087719298, '1_inverse_dataset_ratio')
123.48/66.49	(63.771929824561404, '1_kurtosis_mean')
123.48/66.49	(66.35087719298245, '0_symbols_std')
123.48/66.49	(67.94736842105263, '1_symbols_min')
123.48/66.49	(68.21052631578948, '1_symbols_max')
123.48/66.49	(69.47368421052632, '0_symbols_max')
123.48/66.50	(70.47368421052632, '0_ratio_categorical_to_numerical')
123.48/66.50	(71.75438596491227, '0_percentage_of_features_with_missing_values')
123.48/66.50	(72.17543859649123, '1_percentage_of_features_with_missing_values')
123.48/66.50	(73.10526315789474, '1_class_probability_mean')
123.48/66.50	(73.26315789473684, '0_percentage_of_missing_values')
123.48/66.50	(73.91228070175438, '1_percentage_of_missing_values')
123.48/66.50	(74.89473684210526, '1_ratio_categorical_to_numerical')
123.48/66.50	(75.2280701754386, '0_number_of_classes')
123.48/66.50	(76.82456140350877, '1_number_of_classes')
123.48/66.50	(77.47368421052632, '0_class_probability_mean')
123.48/66.50	(77.94736842105263, '1_symbols_std')
123.48/66.50	(82.0701754385965, '0_percentage_of_Instances_with_missing_values')
123.48/66.50	(82.19298245614036, '0_number_of_features_with_missing_values')
123.48/66.50	(82.28070175438596, '0_number_of_missing_values')
123.48/66.50	(83.2280701754386, '1_percentage_of_Instances_with_missing_values')
123.48/66.50	(83.94736842105263, '0_number_of_Instances_with_missing_values')
123.48/66.50	(84.9298245614035, '1_number_of_features_with_missing_values')
123.48/66.50	(85.47368421052632, '1_number_of_Instances_with_missing_values')
123.48/66.50	(85.56140350877193, '1_number_of_missing_values')
123.48/66.50	Result for ParamILS: SAT, 65.162863, 1, 0.329524, -1, /home/feurerm/thesis/Software/pyMetaLearn/optimizers/metalearn_optimizer/learn_distances.py
