0.74/7.92	['/home/feurerm/thesis/Software/pyMetaLearn/optimizers/metalearn_optimizer/learn_distances.py', '--input_file', '/home/feurerm/thesis/experiments/2014_04_25_predict_distances/testfold_0-3_spearman_rank_perm.pkl', '--fold', '0', '--folds', '1', '--params', '-max_features', '0.726287402195', '-min_samples_leaf', '3', '-min_samples_split', '10', '-n_estimators', '34', '-n_jobs', '4', '-seed', '30']
0.74/7.93	Metafeatures (57, 46)
0.74/7.93	X (3192, 92)
0.74/7.93	Y (3192,)
0.74/7.93	Dataset Mae MSE Rho
4.89/9.21	vehicle 0.494312584717 0.319174750117 -0.226569869573
9.28/10.79	anneal.ORIG 0.792881582682 0.695589365826 -0.165806480871
13.66/12.41	segment 0.265573190873 0.092913998935 0.759219149253
18.09/14.08	pendigits 0.401848266728 0.19461185626 0.255658725866
22.50/20.21	mushroom 0.220096008994 0.0599313217055 0.561414926459
26.85/21.76	labor 0.205211220116 0.0636630056416 0.465098491177
31.19/23.15	abalone 0.409802664715 0.21571885566 0.151262052725
35.55/26.60	diabetes 0.4770854818 0.3302594846 -0.278283391872
39.81/28.06	car 0.573412154359 0.438207241368 -0.138010462636
44.16/29.45	autos 0.18575700892 0.0461433412468 0.592443039838
48.56/30.94	mfeat-fourier 0.693851976355 0.621740393282 -0.540729517539
52.91/35.68	primary-tumor 0.187406031773 0.0454469161058 0.628642505448
57.34/37.36	waveform-5000 0.239192057002 0.0795541811844 0.625733619818
61.69/39.41	credit-a 0.437560129072 0.27531727598 0.196188175222
66.09/40.99	letter 0.297283538562 0.113595326913 0.506146099502
70.62/42.46	postoperative-patient-data 0.455920766214 0.255638000195 -0.269556734984
74.99/44.09	vowel 0.477197770052 0.28178573079 0.136717624578
79.32/45.57	eucalyptus 0.244886198423 0.0827600713016 0.616683753416
83.73/47.04	cylinder-bands 0.2771593229 0.0916718870296 0.521660156192
88.15/48.50	ionosphere 0.418232753698 0.209869245706 -0.0639954838451
92.59/54.78	mfeat-karhunen 0.261576795955 0.096114196844 0.575312935577
97.02/56.23	balance-scale 0.222719909136 0.0756262838524 0.501621166301
101.39/58.01	mfeat-morphological 0.504599618036 0.338269567294 -0.247255278492
105.81/59.62	liver-disorders 0.128402503846 0.0260633667851 0.612482029729
110.15/61.24	dermatology 0.220640471727 0.0622531636368 0.466714538749
114.58/64.38	vote 0.0763223611246 0.0100426573757 0.755017425566
118.86/65.76	breast-cancer 0.136707042267 0.0269161304098 0.425666930424
123.23/67.72	credit-g 0.556073188577 0.419880449565 -0.442473825171
127.61/71.73	soybean 0.106584076127 0.0155641982006 0.815457604753
132.03/74.39	arrhythmia 0.300511025341 0.118309183236 -0.220105679285
136.39/75.78	nursery 0.227810674781 0.0668719040271 0.67615430406
140.65/77.14	hepatitis 0.344350388248 0.171170565815 -0.0413708178392
145.10/78.50	cmc 0.157900139677 0.0350278752638 0.65837778077
149.39/79.86	heart-c 0.231778182109 0.0712011049545 0.803498852721
153.82/81.76	glass 0.310742091776 0.115235648271 0.596321554011
158.29/83.22	braziltourism 0.653710863731 0.521721914765 -0.426636558967
162.63/84.59	iris 0.306893235569 0.127744019455 0.180674118532
166.97/86.24	heart-statlog 0.347210930353 0.163728626265 0.42534372091
171.53/92.20	page-blocks 0.677014903597 0.608648532669 -0.685527379977
175.86/93.85	breast-w 0.234932623816 0.0738273527207 0.487723157183
180.24/97.85	heart-h 0.146225694736 0.0293856684921 0.703950322296
184.66/99.73	yeast 0.332439829098 0.138616890214 0.549456174427
189.08/101.23	tae 0.391289006546 0.195445029402 -0.138980091179
193.52/102.69	haberman 0.31692226623 0.136518373329 -0.0940539686814
197.96/104.15	mfeat-pixel 0.410562805949 0.208428337775 0.100518158969
202.47/107.60	optdigits 0.203330689826 0.05353060324 0.758895939739
206.84/109.06	mfeat-factors 0.264311557317 0.0953589967218 0.61991584856
211.25/111.68	satimage 0.396801804436 0.19357156902 0.00775702834486
215.60/113.14	lymph 0.238975229171 0.0856600418499 0.363287494151
219.92/114.91	audiology 0.286262805394 0.0981935377918 0.446029129829
224.34/116.94	ecoli 0.401969437865 0.206444707312 0.193925708621
228.81/118.30	tic-tac-toe 0.159846632028 0.0373341451394 0.73239275956
233.23/119.76	spambase 0.375953460085 0.184186824207 0.600846487212
237.63/121.23	zoo 0.199458163776 0.0515074528246 0.573373678491
241.99/122.60	sonar 0.570579314469 0.409382606048 -0.375569455697
246.41/124.72	mfeat-zernike 0.209499628416 0.0641826507267 0.645126190681
250.83/126.42	kr-vs-kp 0.22715466349 0.063276090134 0.585332430522
250.97/126.52	MAE 0.331451486361 0.157771550322
250.97/126.52	MSE 0.173839166938 0.173839166938
250.97/126.52	Mean tau 0.289879241993 0.402603046792
250.97/126.52	(0.07017543859649122, '0_class_probability_max')
250.97/126.52	(1.087719298245614, '1_class_probability_max')
250.97/126.52	(2.280701754385965, '1_skewness_min')
250.97/126.52	(2.719298245614035, '0_skewness_min')
250.97/126.52	(5.421052631578948, '1_class_entropy')
250.97/126.52	(6.578947368421052, '1_landmark_decision_tree')
250.97/126.52	(8.280701754385966, '1_landmark_naive_bayes')
250.97/126.52	(9.385964912280702, '0_class_entropy')
250.97/126.52	(10.508771929824562, '0_landmark_naive_bayes')
250.97/126.52	(12.298245614035087, '1_class_probability_std')
250.97/126.52	(13.543859649122806, '0_class_probability_std')
250.97/126.52	(14.842105263157896, '1_pca_skewness_first_pc')
250.97/126.52	(16.210526315789473, '0_landmark_decision_tree')
250.97/126.52	(17.54385964912281, '1_kurtosis_min')
250.97/126.52	(17.596491228070175, '1_landmark_random_node_learner')
250.97/126.52	(17.649122807017545, '0_pca_skewness_first_pc')
250.97/126.52	(20.43859649122807, '1_landmark_lda')
250.97/126.52	(21.649122807017545, '0_landmark_lda')
250.97/126.52	(24.24561403508772, '1_landmark_1NN')
250.97/126.52	(24.57894736842105, '0_kurtosis_min')
250.97/126.52	(26.19298245614035, '0_skewness_max')
250.97/126.52	(27.75438596491228, '1_log_number_of_features')
250.97/126.52	(27.789473684210527, '0_skewness_std')
250.97/126.52	(28.157894736842106, '0_landmark_1NN')
250.97/126.52	(30.94736842105263, '1_number_of_features')
250.97/126.52	(31.140350877192983, '1_skewness_max')
250.97/126.52	(32.280701754385966, '1_number_of_numeric_features')
250.97/126.52	(32.50877192982456, '0_kurtosis_std')
250.97/126.52	(32.824561403508774, '1_class_probability_min')
250.97/126.52	(33.333333333333336, '0_class_probability_min')
250.97/126.52	(33.35087719298246, '0_kurtosis_max')
250.97/126.52	(33.40350877192982, '0_log_number_of_features')
250.97/126.52	(34.333333333333336, '0_number_of_numeric_features')
250.97/126.52	(35.280701754385966, '0_number_of_features')
250.97/126.52	(36.35087719298246, '1_kurtosis_max')
250.97/126.52	(36.64912280701754, '0_log_number_of_instances')
250.97/126.52	(36.68421052631579, '0_number_of_instances')
250.97/126.52	(37.43859649122807, '0_landmark_random_node_learner')
250.97/126.52	(38.824561403508774, '1_log_number_of_instances')
250.97/126.52	(38.824561403508774, '1_number_of_instances')
250.97/126.52	(39.0, '1_skewness_mean')
250.97/126.52	(39.526315789473685, '0_skewness_mean')
250.97/126.52	(40.07017543859649, '1_kurtosis_std')
250.97/126.52	(40.228070175438596, '1_skewness_std')
250.97/126.52	(42.12280701754386, '1_landmark_decision_node_learner')
250.97/126.52	(42.36842105263158, '1_pca_kurtosis_first_pc')
250.97/126.52	(43.21052631578947, '0_pca_kurtosis_first_pc')
250.97/126.52	(44.07017543859649, '0_landmark_decision_node_learner')
250.97/126.52	(44.78947368421053, '0_symbols_mean')
250.97/126.52	(47.50877192982456, '0_symbols_sum')
250.97/126.52	(49.43859649122807, '1_symbols_sum')
250.97/126.52	(49.96491228070175, '0_pca_95%')
250.97/126.52	(50.43859649122807, '1_pca_95%')
250.97/126.52	(52.70175438596491, '0_symbols_min')
250.97/126.52	(53.1578947368421, '1_symbols_mean')
250.97/126.52	(53.29824561403509, '0_inverse_dataset_ratio')
250.97/126.52	(53.526315789473685, '1_number_of_categorical_features')
250.97/126.52	(53.87719298245614, '1_inverse_dataset_ratio')
250.97/126.52	(54.14035087719298, '1_symbols_min')
250.97/126.52	(55.08771929824562, '0_dataset_ratio')
250.97/126.52	(55.10526315789474, '0_number_of_categorical_features')
250.97/126.52	(55.14035087719298, '1_log_dataset_ratio')
250.97/126.52	(55.31578947368421, '0_log_inverse_dataset_ratio')
250.97/126.52	(56.10526315789474, '1_dataset_ratio')
250.97/126.52	(56.64912280701754, '1_log_inverse_dataset_ratio')
250.97/126.52	(57.473684210526315, '0_log_dataset_ratio')
250.97/126.52	(58.75438596491228, '1_ratio_numerical_to_categorical')
250.97/126.52	(59.771929824561404, '0_ratio_numerical_to_categorical')
250.97/126.52	(63.80701754385965, '0_kurtosis_mean')
250.97/126.52	(64.19298245614036, '1_kurtosis_mean')
250.97/126.52	(72.2280701754386, '0_ratio_categorical_to_numerical')
250.97/126.52	(72.6842105263158, '1_ratio_categorical_to_numerical')
250.97/126.52	(73.17543859649123, '1_number_of_classes')
250.97/126.52	(74.21052631578948, '1_class_probability_mean')
250.97/126.52	(74.91228070175438, '0_class_probability_mean')
250.97/126.52	(75.14035087719299, '0_number_of_classes')
250.97/126.52	(76.21052631578948, '1_symbols_max')
250.97/126.52	(77.12280701754386, '1_symbols_std')
250.97/126.52	(77.15789473684211, '0_symbols_std')
250.97/126.52	(77.63157894736842, '0_symbols_max')
250.97/126.52	(78.03508771929825, '0_percentage_of_features_with_missing_values')
250.97/126.52	(79.56140350877193, '1_percentage_of_missing_values')
250.97/126.52	(80.3859649122807, '1_percentage_of_features_with_missing_values')
250.97/126.52	(81.42105263157895, '1_percentage_of_Instances_with_missing_values')
250.97/126.52	(82.33333333333333, '0_percentage_of_Instances_with_missing_values')
250.97/126.52	(82.59649122807018, '0_number_of_Instances_with_missing_values')
250.97/126.52	(83.10526315789474, '1_number_of_Instances_with_missing_values')
250.97/126.52	(83.3157894736842, '0_number_of_missing_values')
250.97/126.52	(84.42105263157895, '0_percentage_of_missing_values')
250.97/126.52	(84.63157894736842, '1_number_of_missing_values')
250.97/126.52	(86.43859649122807, '0_number_of_features_with_missing_values')
250.97/126.52	(87.43859649122807, '1_number_of_features_with_missing_values')
250.97/126.52	Result for ParamILS: SAT, 118.604039, 1, 0.331451, -1, /home/feurerm/thesis/Software/pyMetaLearn/optimizers/metalearn_optimizer/learn_distances.py
