0.84/13.71	['/home/feurerm/thesis/Software/pyMetaLearn/optimizers/metalearn_optimizer/learn_distances.py', '--input_file', '/home/feurerm/thesis/experiments/2014_04_25_predict_distances/testfold_0-3_spearman_rank_perm.pkl', '--fold', '0', '--folds', '1', '--params', '-max_features', '0.872359547987', '-min_samples_leaf', '6', '-min_samples_split', '1', '-n_estimators', '85', '-n_jobs', '4', '-seed', '95']
0.84/13.72	Metafeatures (57, 46)
0.84/13.72	X (3192, 92)
0.84/13.72	Y (3192,)
0.84/13.72	Dataset Mae MSE Rho
12.38/16.91	vehicle 0.5041931841 0.325245006008 -0.265678220811
24.57/20.45	anneal.ORIG 0.802978981168 0.717452862781 -0.22560024103
36.58/27.72	segment 0.257848212371 0.0850964537593 0.777965301086
48.72/33.24	pendigits 0.392268016158 0.188496835437 0.249517745093
60.77/39.42	mushroom 0.247551817954 0.0734521334936 0.506146099502
72.90/44.11	labor 0.205417357264 0.0625519233227 0.469946633893
85.03/51.22	abalone 0.398597536701 0.20258483423 0.266971058869
96.74/54.67	diabetes 0.487440561516 0.338477101515 -0.25081058315
108.68/58.11	car 0.690332364842 0.590579267017 -0.0824184261641
120.75/65.40	autos 0.172622827311 0.039795825524 0.671629370859
132.98/69.99	mfeat-fourier 0.669361834539 0.583164677729 -0.503237213873
145.06/74.62	primary-tumor 0.197936290029 0.04746601923 0.622501524675
157.28/82.04	waveform-5000 0.210821668588 0.062950469231 0.712353769669
169.53/85.61	credit-a 0.449632878515 0.284882980494 0.159665500098
181.66/89.03	letter 0.313640661018 0.126656336576 0.52521546085
194.03/93.25	postoperative-patient-data 0.444185166054 0.245274536139 -0.291211772447
206.05/96.69	vowel 0.464494703628 0.264591735549 0.182290166104
218.14/101.04	eucalyptus 0.263406366668 0.0898046938982 0.541375936568
230.27/104.45	cylinder-bands 0.277400487603 0.0919212477181 0.532972489195
242.31/111.39	ionosphere 0.427613997477 0.213599999042 -0.132192691377
254.41/114.79	mfeat-karhunen 0.261684439757 0.091291761228 0.627672876905
266.53/118.34	balance-scale 0.24454557882 0.0795930052094 0.383649693556
278.50/125.78	mfeat-morphological 0.502909871277 0.338659621184 -0.249840954607
290.62/129.26	liver-disorders 0.147966526808 0.0296979943783 0.510671032703
302.78/136.13	dermatology 0.219346257487 0.0606495147904 0.474794776608
314.95/140.00	vote 0.0765152881491 0.00926917162712 0.759542358767
327.08/143.53	breast-cancer 0.107653084121 0.0182415450092 0.566909488203
339.30/147.05	credit-g 0.567165535418 0.441232011674 -0.513256708818
351.50/152.32	soybean 0.109778613414 0.0164578918704 0.830325242414
363.55/155.76	arrhythmia 0.319963007972 0.123318034916 -0.204591622596
375.49/159.28	nursery 0.241640116355 0.0756947988115 0.655145685626
387.59/162.73	hepatitis 0.279122377792 0.0998091888862 0.15611019544
399.64/166.15	cmc 0.161822654119 0.034756984819 0.664841971057
411.65/169.87	heart-c 0.239223178664 0.0760757017182 0.800913176607
423.66/173.62	glass 0.291969953313 0.105913072537 0.635753114764
436.16/177.15	braziltourism 0.749820989976 0.662726840234 -0.607633887014
448.11/180.79	iris 0.318023971964 0.134538414511 0.124435663032
460.10/188.46	heart-statlog 0.307847243166 0.122824184759 0.617653381959
472.62/192.77	page-blocks 0.609677747722 0.495323139262 -0.685850589491
484.88/199.05	breast-w 0.233227385332 0.0753048494058 0.418556321108
496.73/203.65	heart-h 0.148753890733 0.0291549742979 0.726898197816
508.77/207.34	yeast 0.345998570444 0.149886748863 0.531356441623
520.80/210.74	tae 0.358423731181 0.16180009909 -0.00678739980175
532.93/214.70	haberman 0.307505206268 0.119562648584 -0.0740149787905
544.97/219.24	mfeat-pixel 0.404339858057 0.203238491655 0.0908218735377
557.11/226.18	optdigits 0.239128161568 0.0711287192417 0.728191035873
569.23/229.73	mfeat-factors 0.255329001445 0.0842447261319 0.698455760552
581.44/234.79	satimage 0.344585981946 0.15004381446 0.113446539544
593.37/239.32	lymph 0.258763520323 0.102292172781 0.334198637858
605.14/244.14	audiology 0.269554230272 0.0857212940168 0.526185089393
617.14/247.90	ecoli 0.41212706173 0.214029607069 0.121849986917
629.08/251.39	tic-tac-toe 0.162447535941 0.036241443295 0.746613978193
641.41/258.77	spambase 0.346775604337 0.158989219952 0.66872048523
653.45/265.48	zoo 0.18870056571 0.0485272399969 0.613774867787
665.52/269.14	sonar 0.533442134418 0.356681201922 -0.286363629731
677.77/272.90	mfeat-zernike 0.225235214034 0.0701281994388 0.605371420413
689.80/276.43	kr-vs-kp 0.236192833617 0.0668790109647 0.580484287807
690.09/276.68	MAE 0.331665821704 0.160930139033
690.09/276.68	MSE 0.172525829426 0.172525829426
690.09/276.68	Mean tau 0.300919398562 0.410824348867
690.09/276.68	(0.49122807017543857, '1_class_probability_max')
690.09/276.68	(0.7192982456140351, '0_class_probability_max')
690.09/276.68	(2.473684210526316, '0_skewness_min')
690.09/276.68	(2.526315789473684, '1_skewness_min')
690.09/276.68	(6.719298245614035, '0_landmark_naive_bayes')
690.09/276.68	(7.228070175438597, '1_landmark_naive_bayes')
690.09/276.68	(9.070175438596491, '0_class_entropy')
690.09/276.68	(9.228070175438596, '1_class_entropy')
690.09/276.68	(9.719298245614034, '1_class_probability_std')
690.09/276.68	(10.947368421052632, '0_landmark_decision_tree')
690.09/276.68	(11.052631578947368, '1_landmark_decision_tree')
690.09/276.68	(11.75438596491228, '0_class_probability_std')
690.09/276.68	(13.035087719298245, '0_pca_skewness_first_pc')
690.09/276.68	(13.175438596491228, '1_pca_skewness_first_pc')
690.09/276.68	(14.175438596491228, '0_landmark_lda')
690.09/276.68	(14.68421052631579, '1_landmark_lda')
690.09/276.68	(20.719298245614034, '1_kurtosis_min')
690.09/276.68	(21.087719298245613, '0_kurtosis_min')
690.09/276.68	(22.771929824561404, '0_landmark_1NN')
690.09/276.68	(22.92982456140351, '1_landmark_1NN')
690.09/276.68	(25.12280701754386, '0_class_probability_min')
690.09/276.68	(26.24561403508772, '1_skewness_max')
690.09/276.68	(27.105263157894736, '1_class_probability_min')
690.09/276.68	(28.12280701754386, '0_skewness_max')
690.09/276.68	(29.19298245614035, '1_kurtosis_max')
690.09/276.68	(29.94736842105263, '0_number_of_numeric_features')
690.09/276.68	(31.157894736842106, '1_number_of_numeric_features')
690.09/276.68	(32.473684210526315, '0_kurtosis_max')
690.09/276.68	(33.36842105263158, '1_number_of_features')
690.09/276.68	(33.421052631578945, '1_number_of_instances')
690.09/276.68	(33.45614035087719, '0_number_of_instances')
690.09/276.68	(33.49122807017544, '1_log_number_of_instances')
690.09/276.68	(33.56140350877193, '0_log_number_of_instances')
690.09/276.68	(34.175438596491226, '1_landmark_random_node_learner')
690.09/276.68	(34.94736842105263, '1_skewness_mean')
690.09/276.68	(35.666666666666664, '0_log_number_of_features')
690.09/276.68	(35.771929824561404, '0_skewness_mean')
690.09/276.68	(36.31578947368421, '1_log_number_of_features')
690.09/276.68	(36.96491228070175, '0_number_of_features')
690.09/276.68	(38.6140350877193, '0_landmark_decision_node_learner')
690.09/276.68	(39.54385964912281, '0_landmark_random_node_learner')
690.09/276.68	(39.63157894736842, '1_landmark_decision_node_learner')
690.09/276.68	(41.8421052631579, '0_skewness_std')
690.09/276.68	(41.85964912280702, '1_skewness_std')
690.09/276.68	(42.21052631578947, '0_symbols_mean')
690.09/276.68	(42.280701754385966, '1_pca_kurtosis_first_pc')
690.09/276.68	(42.87719298245614, '1_kurtosis_std')
690.09/276.68	(43.666666666666664, '1_symbols_mean')
690.09/276.68	(44.03508771929825, '0_pca_kurtosis_first_pc')
690.09/276.68	(47.73684210526316, '0_kurtosis_std')
690.09/276.68	(48.98245614035088, '1_symbols_min')
690.09/276.68	(50.333333333333336, '0_symbols_min')
690.09/276.68	(51.19298245614035, '1_pca_95%')
690.09/276.68	(51.8421052631579, '0_pca_95%')
690.09/276.68	(53.526315789473685, '1_inverse_dataset_ratio')
690.09/276.68	(54.01754385964912, '1_dataset_ratio')
690.09/276.68	(54.08771929824562, '0_log_inverse_dataset_ratio')
690.09/276.68	(54.50877192982456, '0_symbols_sum')
690.09/276.68	(54.719298245614034, '0_dataset_ratio')
690.09/276.68	(54.89473684210526, '1_log_inverse_dataset_ratio')
690.09/276.68	(55.05263157894737, '0_inverse_dataset_ratio')
690.09/276.68	(55.719298245614034, '0_log_dataset_ratio')
690.09/276.68	(55.73684210526316, '1_log_dataset_ratio')
690.09/276.68	(57.85964912280702, '1_ratio_numerical_to_categorical')
690.09/276.68	(58.12280701754386, '1_symbols_sum')
690.09/276.68	(59.526315789473685, '0_ratio_numerical_to_categorical')
690.09/276.68	(61.19298245614035, '0_number_of_categorical_features')
690.09/276.68	(63.0, '1_number_of_categorical_features')
690.09/276.68	(65.91228070175438, '0_kurtosis_mean')
690.09/276.68	(66.28070175438596, '1_kurtosis_mean')
690.09/276.68	(73.47368421052632, '0_class_probability_mean')
690.09/276.68	(73.50877192982456, '1_class_probability_mean')
690.09/276.68	(73.71929824561404, '1_number_of_classes')
690.09/276.68	(73.7719298245614, '0_ratio_categorical_to_numerical')
690.09/276.68	(74.21052631578948, '1_ratio_categorical_to_numerical')
690.09/276.68	(74.59649122807018, '0_number_of_classes')
690.09/276.68	(75.01754385964912, '1_symbols_max')
690.09/276.68	(75.19298245614036, '0_symbols_max')
690.09/276.68	(77.54385964912281, '1_symbols_std')
690.09/276.68	(78.85964912280701, '0_symbols_std')
690.09/276.68	(79.96491228070175, '0_percentage_of_features_with_missing_values')
690.09/276.68	(80.33333333333333, '1_percentage_of_features_with_missing_values')
690.09/276.68	(82.12280701754386, '0_number_of_Instances_with_missing_values')
690.09/276.68	(83.10526315789474, '1_number_of_Instances_with_missing_values')
690.09/276.68	(83.54385964912281, '1_percentage_of_Instances_with_missing_values')
690.09/276.68	(83.6842105263158, '0_percentage_of_Instances_with_missing_values')
690.09/276.68	(85.12280701754386, '1_percentage_of_missing_values')
690.09/276.68	(85.17543859649123, '1_number_of_missing_values')
690.09/276.68	(85.2280701754386, '0_percentage_of_missing_values')
690.09/276.68	(86.14035087719299, '0_number_of_missing_values')
690.09/276.68	(87.82456140350877, '0_number_of_features_with_missing_values')
690.09/276.68	(88.03508771929825, '1_number_of_features_with_missing_values')
690.09/276.68	Result for ParamILS: SAT, 262.968241, 1, 0.331666, -1, /home/feurerm/thesis/Software/pyMetaLearn/optimizers/metalearn_optimizer/learn_distances.py
