0.77/1.60	['/home/feurerm/thesis/Software/pyMetaLearn/optimizers/metalearn_optimizer/learn_distances.py', '--input_file', '/home/feurerm/thesis/experiments/2014_04_25_predict_distances/testfold_0-3_spearman_rank_perm.pkl', '--fold', '0', '--folds', '1', '--params', '-max_features', '0.770760156182', '-min_samples_leaf', '3', '-min_samples_split', '3', '-n_estimators', '23', '-n_jobs', '4', '-seed', '62']
0.77/1.61	Metafeatures (57, 46)
0.77/1.61	X (3192, 92)
0.77/1.61	Y (3192,)
0.77/1.61	Dataset Mae MSE Rho
3.96/2.67	vehicle 0.50314354472 0.329416997357 -0.212671860455
7.33/3.98	anneal.ORIG 0.738912125812 0.61417774367 -0.16128154767
10.77/5.50	segment 0.299242694242 0.119669682621 0.651913590482
14.17/9.43	pendigits 0.352771769917 0.154642608588 0.407567197619
17.56/10.56	mushroom 0.222635464282 0.0612063462874 0.563030974031
20.92/12.05	labor 0.208582827101 0.0669221629169 0.477057243209
24.34/13.21	abalone 0.378006639977 0.183289182112 0.35876256095
27.68/14.75	diabetes 0.491949274475 0.336916294173 -0.158695871555
31.01/15.89	car 0.624717624064 0.494271637475 -0.0361994656093
34.42/17.17	autos 0.17488877101 0.0436165790564 0.624440781761
37.86/18.30	mfeat-fourier 0.701675760575 0.630921329182 -0.52004410862
41.18/19.69	primary-tumor 0.195146000949 0.049526765166 0.612805239244
44.56/20.83	waveform-5000 0.210205355744 0.0618164845316 0.647711866796
47.98/22.33	credit-a 0.424317041166 0.249977026605 0.224630612486
51.37/23.45	letter 0.313486473377 0.128471079738 0.515842384933
54.83/25.05	postoperative-patient-data 0.465382083347 0.259403210666 -0.377185503269
58.19/26.24	vowel 0.500553683459 0.30778214777 -0.0106659139742
61.56/27.45	eucalyptus 0.288135655096 0.116580211217 0.472209100493
64.95/28.58	cylinder-bands 0.258749892137 0.082324169708 0.590503782752
68.32/29.71	ionosphere 0.445441806515 0.236602965249 -0.184875842219
71.69/30.91	mfeat-karhunen 0.248688358998 0.0853114196928 0.64286372408
75.05/32.04	balance-scale 0.254961072576 0.091784463656 0.388497836272
78.40/33.26	mfeat-morphological 0.494916703479 0.327169768964 -0.198773851337
81.76/34.68	liver-disorders 0.146868970734 0.0312135300287 0.672922208916
85.12/35.83	dermatology 0.218219281024 0.0601820683037 0.470916262436
88.51/36.96	vote 0.0758555643247 0.00950823618209 0.759219149253
91.96/38.10	breast-cancer 0.121451482977 0.0216144019929 0.462836024576
95.28/39.36	credit-g 0.563310190937 0.447396148978 -0.38397290307
98.65/40.64	soybean 0.105911175728 0.0152980711617 0.812225509609
102.02/42.06	arrhythmia 0.341848780193 0.149180091152 -0.28701004876
105.41/43.19	nursery 0.211458110197 0.0589352938268 0.715909074327
108.77/44.82	hepatitis 0.316070212492 0.138102414713 0.0627026457876
112.19/45.95	cmc 0.158117829777 0.0355512795382 0.629612133991
115.56/47.09	heart-c 0.214593375204 0.0608739773546 0.80188280515
118.89/48.45	glass 0.301100207315 0.116174773812 0.485783900097
122.31/49.75	braziltourism 0.68693550569 0.583635102628 -0.445059501286
125.71/50.88	iris 0.329076840975 0.142861416211 0.048158217641
129.03/54.54	heart-statlog 0.294915470132 0.118192813622 0.637045952821
132.54/57.10	page-blocks 0.584878626628 0.462227220498 -0.53264927968
135.89/58.23	breast-w 0.232485578766 0.0729285319597 0.426959768482
139.28/59.68	heart-h 0.14480604635 0.0279069460937 0.718171540928
142.64/60.84	yeast 0.285054762638 0.102703189502 0.709121674526
146.02/61.97	tae 0.351775918333 0.155544794956 0.0652883219025
149.35/63.11	haberman 0.304105891521 0.124627857171 -0.0688436265606
152.71/64.34	mfeat-pixel 0.408857017364 0.207106733478 0.0959932257676
156.08/65.49	optdigits 0.202655841819 0.0544832826755 0.716555493356
159.52/66.61	mfeat-factors 0.272468322394 0.102795824705 0.561414926459
162.90/67.78	satimage 0.397609395789 0.193211654511 0.0504206842416
166.21/68.91	lymph 0.280542311986 0.115036613345 0.305432991079
169.57/70.09	audiology 0.267680864794 0.0865082714955 0.525861879878
172.94/74.84	ecoli 0.409933318314 0.216244506912 0.148029957581
176.33/75.97	tic-tac-toe 0.14761291364 0.032660597863 0.756633473138
179.77/77.10	spambase 0.410660486004 0.212088304128 0.579191449749
183.21/78.45	zoo 0.203342472932 0.0573702049207 0.533295698709
186.65/79.77	sonar 0.582568473281 0.429301968962 -0.378801550841
190.01/80.91	mfeat-zernike 0.226819144675 0.0729534976455 0.557859621801
193.45/85.74	kr-vs-kp 0.234121134094 0.0675000591162 0.570464792861
193.57/85.81	MAE 0.330354774422 0.156222902214
193.57/85.81	MSE 0.172170525541 0.172170525541
193.57/85.81	Mean tau 0.300017814127 0.393066046727
193.57/85.81	(0.45614035087719296, '0_class_probability_max')
193.57/85.81	(0.7017543859649122, '1_class_probability_max')
193.57/85.81	(2.1578947368421053, '0_skewness_min')
193.57/85.81	(2.8421052631578947, '1_skewness_min')
193.57/85.81	(6.157894736842105, '1_class_entropy')
193.57/85.81	(6.2631578947368425, '0_class_entropy')
193.57/85.81	(8.596491228070175, '1_landmark_naive_bayes')
193.57/85.81	(9.105263157894736, '0_landmark_naive_bayes')
193.57/85.81	(14.0, '0_landmark_decision_tree')
193.57/85.81	(16.403508771929825, '0_class_probability_std')
193.57/85.81	(16.859649122807017, '1_pca_skewness_first_pc')
193.57/85.81	(17.350877192982455, '0_pca_skewness_first_pc')
193.57/85.81	(17.771929824561404, '1_class_probability_std')
193.57/85.81	(17.859649122807017, '1_landmark_lda')
193.57/85.81	(18.035087719298247, '0_landmark_lda')
193.57/85.81	(19.228070175438596, '1_kurtosis_min')
193.57/85.81	(20.42105263157895, '0_kurtosis_min')
193.57/85.81	(20.771929824561404, '1_landmark_decision_tree')
193.57/85.81	(25.403508771929825, '1_skewness_max')
193.57/85.81	(27.54385964912281, '0_landmark_1NN')
193.57/85.81	(27.666666666666668, '1_class_probability_min')
193.57/85.81	(28.92982456140351, '1_number_of_features')
193.57/85.81	(28.964912280701753, '1_landmark_1NN')
193.57/85.81	(29.07017543859649, '0_class_probability_min')
193.57/85.81	(30.80701754385965, '0_number_of_features')
193.57/85.81	(31.859649122807017, '0_log_number_of_features')
193.57/85.81	(33.10526315789474, '0_landmark_random_node_learner')
193.57/85.81	(33.40350877192982, '1_number_of_numeric_features')
193.57/85.81	(33.94736842105263, '0_kurtosis_max')
193.57/85.81	(34.07017543859649, '1_log_number_of_features')
193.57/85.81	(34.63157894736842, '1_kurtosis_max')
193.57/85.81	(35.07017543859649, '0_log_number_of_instances')
193.57/85.81	(35.29824561403509, '0_skewness_mean')
193.57/85.81	(35.421052631578945, '0_number_of_numeric_features')
193.57/85.81	(36.01754385964912, '0_number_of_instances')
193.57/85.81	(36.05263157894737, '1_log_number_of_instances')
193.57/85.81	(36.91228070175438, '1_kurtosis_std')
193.57/85.81	(37.1578947368421, '1_skewness_std')
193.57/85.81	(37.333333333333336, '1_number_of_instances')
193.57/85.81	(37.526315789473685, '1_landmark_random_node_learner')
193.57/85.81	(37.64912280701754, '0_skewness_max')
193.57/85.81	(38.3859649122807, '1_skewness_mean')
193.57/85.81	(38.56140350877193, '0_landmark_decision_node_learner')
193.57/85.81	(39.73684210526316, '0_skewness_std')
193.57/85.81	(41.50877192982456, '1_landmark_decision_node_learner')
193.57/85.81	(42.85964912280702, '0_kurtosis_std')
193.57/85.81	(42.96491228070175, '1_pca_kurtosis_first_pc')
193.57/85.81	(43.05263157894737, '0_pca_kurtosis_first_pc')
193.57/85.81	(43.29824561403509, '1_symbols_mean')
193.57/85.81	(46.666666666666664, '0_symbols_mean')
193.57/85.81	(49.36842105263158, '0_pca_95%')
193.57/85.81	(49.80701754385965, '1_symbols_min')
193.57/85.81	(50.03508771929825, '1_inverse_dataset_ratio')
193.57/85.81	(50.473684210526315, '1_pca_95%')
193.57/85.81	(51.578947368421055, '0_dataset_ratio')
193.57/85.81	(51.78947368421053, '0_log_dataset_ratio')
193.57/85.81	(51.80701754385965, '1_log_dataset_ratio')
193.57/85.81	(52.19298245614035, '0_inverse_dataset_ratio')
193.57/85.81	(52.43859649122807, '1_dataset_ratio')
193.57/85.81	(52.8421052631579, '0_symbols_min')
193.57/85.81	(52.98245614035088, '0_symbols_sum')
193.57/85.81	(52.98245614035088, '1_log_inverse_dataset_ratio')
193.57/85.81	(54.421052631578945, '1_symbols_sum')
193.57/85.81	(54.78947368421053, '0_log_inverse_dataset_ratio')
193.57/85.81	(56.85964912280702, '1_number_of_categorical_features')
193.57/85.81	(58.280701754385966, '0_ratio_numerical_to_categorical')
193.57/85.81	(59.719298245614034, '1_ratio_numerical_to_categorical')
193.57/85.81	(63.421052631578945, '0_kurtosis_mean')
193.57/85.81	(64.12280701754386, '1_kurtosis_mean')
193.57/85.81	(65.3157894736842, '0_number_of_categorical_features')
193.57/85.81	(71.14035087719299, '1_ratio_categorical_to_numerical')
193.57/85.81	(72.3859649122807, '0_ratio_categorical_to_numerical')
193.57/85.81	(72.9298245614035, '0_class_probability_mean')
193.57/85.81	(74.12280701754386, '1_number_of_classes')
193.57/85.81	(74.63157894736842, '1_class_probability_mean')
193.57/85.81	(75.08771929824562, '0_number_of_classes')
193.57/85.81	(75.96491228070175, '0_symbols_max')
193.57/85.81	(76.70175438596492, '1_symbols_max')
193.57/85.81	(77.2280701754386, '1_percentage_of_features_with_missing_values')
193.57/85.82	(77.57894736842105, '0_symbols_std')
193.57/85.82	(78.52631578947368, '0_percentage_of_features_with_missing_values')
193.57/85.82	(79.0, '1_percentage_of_missing_values')
193.57/85.82	(79.0, '1_symbols_std')
193.57/85.82	(80.54385964912281, '1_number_of_Instances_with_missing_values')
193.57/85.82	(81.17543859649123, '0_percentage_of_Instances_with_missing_values')
193.57/85.82	(81.6842105263158, '1_percentage_of_Instances_with_missing_values')
193.57/85.82	(81.98245614035088, '0_number_of_Instances_with_missing_values')
193.57/85.82	(82.19298245614036, '0_percentage_of_missing_values')
193.57/85.82	(84.50877192982456, '0_number_of_missing_values')
193.57/85.82	(84.75438596491227, '1_number_of_missing_values')
193.57/85.82	(85.56140350877193, '0_number_of_features_with_missing_values')
193.57/85.82	(88.21052631578948, '1_number_of_features_with_missing_values')
193.57/85.82	Result for ParamILS: SAT, 84.219495, 1, 0.330355, -1, /home/feurerm/thesis/Software/pyMetaLearn/optimizers/metalearn_optimizer/learn_distances.py
