0.73/1.48	['/home/feurerm/thesis/Software/pyMetaLearn/optimizers/metalearn_optimizer/learn_distances.py', '--input_file', '/home/feurerm/thesis/experiments/2014_04_25_predict_distances/testfold_0-3_spearman_rank_perm.pkl', '--fold', '0', '--folds', '1', '--params', '-max_features', '0.563968049985', '-min_samples_leaf', '6', '-min_samples_split', '3', '-n_estimators', '45', '-n_jobs', '4', '-seed', '2']
0.73/1.49	Metafeatures (57, 46)
0.73/1.49	X (3192, 92)
0.73/1.49	Y (3192,)
0.73/1.49	Dataset Mae MSE Rho
4.80/2.74	vehicle 0.450403570942 0.255665830591 -0.102780625569
9.10/4.29	anneal.ORIG 0.60088648075 0.416957721111 -0.0232710850346
13.48/5.69	segment 0.285569253778 0.103791274048 0.712353769669
17.89/7.08	pendigits 0.383874031349 0.175835564753 0.312543600395
22.23/8.47	mushroom 0.199299111389 0.0493328481219 0.604078582356
26.59/13.79	labor 0.220590483931 0.073168887894 0.504206842416
30.89/15.18	abalone 0.412397872724 0.215805429678 0.191016822992
35.26/16.57	diabetes 0.485672534953 0.329877556488 -0.122496405946
39.55/17.96	car 0.546269382229 0.410249372628 -0.139949719722
43.84/19.36	autos 0.21580686944 0.0606311968273 0.573050468976
48.27/20.75	mfeat-fourier 0.664596882081 0.569422938923 -0.479319709809
52.59/22.14	primary-tumor 0.188354514802 0.044642042304 0.629288924477
56.93/23.64	waveform-5000 0.244788522408 0.0824047409924 0.520367318134
61.26/25.04	credit-a 0.434210599799 0.267921968354 0.190693613478
65.53/26.43	letter 0.299866821646 0.119054189621 0.536527793853
70.01/27.92	postoperative-patient-data 0.444855321339 0.238635280424 -0.407890407134
74.32/29.31	vowel 0.498596634794 0.309919081579 -0.000323209514369
78.75/30.70	eucalyptus 0.29584534277 0.115043936275 0.459927138947
83.08/32.10	cylinder-bands 0.273142020375 0.0883292273578 0.545900869769
87.47/33.59	ionosphere 0.424455788342 0.207092580938 -0.125082082061
91.91/35.00	mfeat-karhunen 0.267952618214 0.0965911593547 0.584686011494
96.35/36.50	balance-scale 0.205466996213 0.0630428994884 0.59696797304
100.64/37.90	mfeat-morphological 0.491313553004 0.326912110214 -0.185845470762
104.89/39.29	liver-disorders 0.181943444015 0.0493755992773 0.504206842416
109.31/40.78	dermatology 0.219314233725 0.0613877843265 0.478350081266
113.74/42.17	vote 0.0702129477752 0.0086062062122 0.792832938747
118.03/43.56	breast-cancer 0.193148475279 0.0518695502826 0.198450641823
122.32/45.31	credit-g 0.513872955125 0.359981897599 -0.393992398016
126.63/46.70	soybean 0.121959157761 0.0200031514896 0.800913176607
130.98/48.10	arrhythmia 0.29482791095 0.111525714552 -0.0982556923682
135.34/49.50	nursery 0.243701737915 0.0772806265454 0.649004704853
139.47/50.90	hepatitis 0.408646484708 0.23802106769 -0.342602085231
143.78/52.31	cmc 0.164209814621 0.0340963591602 0.723989312187
148.08/53.70	heart-c 0.261671132567 0.0907611187649 0.741442625963
152.46/55.10	glass 0.312757793143 0.120097823755 0.519720899105
156.85/56.60	braziltourism 0.686587464835 0.568043097624 -0.630904972048
161.16/57.99	iris 0.316595266185 0.136331568156 0.152878100297
165.50/59.39	heart-statlog 0.325445399975 0.142247615298 0.612482029729
170.12/60.88	page-blocks 0.622050748622 0.50990263804 -0.683264913376
174.46/62.28	breast-w 0.225569611244 0.0701351109351 0.52747792745
178.74/63.68	heart-h 0.16590339657 0.0359756557443 0.679386399204
183.06/65.07	yeast 0.344707079134 0.147540371538 0.519720899105
187.38/66.47	tae 0.373993301451 0.172659131348 0.0374923036668
191.69/67.87	haberman 0.286142308084 0.107434743673 -0.0248871326064
196.04/69.27	mfeat-pixel 0.402496590748 0.201140964067 0.117971472745
200.41/70.66	optdigits 0.249182003602 0.077330400196 0.688436265606
204.81/72.06	mfeat-factors 0.271280748338 0.0967623088061 0.61474449633
209.18/73.45	satimage 0.373836292654 0.170380016419 0.0323209514369
213.45/74.85	lymph 0.296213537818 0.128573974646 0.356176884835
217.88/76.26	audiology 0.282123098776 0.0969969024773 0.497742652128
222.22/77.66	ecoli 0.439326828141 0.25021624449 -0.0229478755202
226.71/79.15	tic-tac-toe 0.179427260334 0.0463099234645 0.712676979184
231.22/80.65	spambase 0.363253615986 0.172462221165 0.656438523684
235.59/82.05	zoo 0.181447706652 0.0443768130579 0.646095819224
239.99/83.46	sonar 0.545764128534 0.374303646795 -0.326118399998
244.35/84.86	mfeat-zernike 0.232042685275 0.0744244634716 0.535881374824
248.81/86.26	kr-vs-kp 0.224718281937 0.0626337064922 0.596321554011
248.90/86.39	MAE 0.331729625434 0.139473910902
248.90/86.39	MSE 0.167184495711 0.167184495711
248.90/86.39	Mean tau 0.284997077223 0.399842280906
248.90/86.39	(0.3157894736842105, '1_class_probability_max')
248.90/86.39	(0.8245614035087719, '0_class_probability_max')
248.90/86.39	(2.491228070175439, '1_skewness_min')
248.90/86.40	(2.543859649122807, '0_skewness_min')
248.90/86.40	(6.9298245614035086, '0_class_entropy')
248.90/86.40	(7.0, '1_class_entropy')
248.90/86.40	(7.280701754385965, '0_landmark_decision_tree')
248.90/86.40	(8.631578947368421, '0_class_probability_std')
248.90/86.40	(9.105263157894736, '1_class_probability_std')
248.90/86.40	(10.228070175438596, '0_landmark_random_node_learner')
248.90/86.40	(10.403508771929825, '0_landmark_naive_bayes')
248.90/86.40	(10.947368421052632, '1_landmark_decision_tree')
248.90/86.40	(11.368421052631579, '1_landmark_naive_bayes')
248.90/86.40	(15.508771929824562, '1_landmark_random_node_learner')
248.90/86.40	(18.017543859649123, '1_pca_skewness_first_pc')
248.90/86.40	(18.649122807017545, '0_pca_skewness_first_pc')
248.90/86.40	(22.842105263157894, '1_landmark_lda')
248.90/86.40	(23.666666666666668, '0_landmark_lda')
248.90/86.40	(24.526315789473685, '0_kurtosis_min')
248.90/86.40	(25.210526315789473, '0_skewness_std')
248.90/86.40	(25.526315789473685, '0_number_of_features')
248.90/86.40	(25.789473684210527, '1_number_of_features')
248.90/86.40	(26.087719298245613, '1_landmark_1NN')
249.00/86.40	(26.157894736842106, '1_kurtosis_std')
249.00/86.40	(26.736842105263158, '0_skewness_max')
249.00/86.40	(27.614035087719298, '1_log_number_of_features')
249.00/86.40	(27.789473684210527, '1_skewness_max')
249.00/86.40	(28.157894736842106, '0_log_number_of_features')
249.00/86.40	(28.54385964912281, '1_kurtosis_min')
249.00/86.40	(28.57894736842105, '0_landmark_1NN')
249.00/86.40	(29.280701754385966, '1_skewness_std')
249.00/86.40	(31.56140350877193, '0_kurtosis_std')
249.00/86.40	(33.35087719298246, '1_number_of_numeric_features')
249.00/86.40	(36.45614035087719, '0_number_of_numeric_features')
249.00/86.40	(36.73684210526316, '1_class_probability_min')
249.00/86.40	(37.29824561403509, '0_class_probability_min')
249.00/86.40	(38.78947368421053, '0_kurtosis_max')
249.00/86.40	(39.08771929824562, '1_kurtosis_max')
249.00/86.40	(41.10526315789474, '0_log_number_of_instances')
249.00/86.40	(41.771929824561404, '0_number_of_instances')
249.00/86.40	(42.228070175438596, '1_symbols_sum')
249.00/86.40	(43.40350877192982, '1_skewness_mean')
249.00/86.40	(43.43859649122807, '1_number_of_instances')
249.00/86.40	(43.50877192982456, '1_log_number_of_instances')
249.00/86.40	(44.0, '0_pca_kurtosis_first_pc')
249.00/86.40	(45.14035087719298, '1_pca_kurtosis_first_pc')
249.00/86.40	(45.45614035087719, '0_landmark_decision_node_learner')
249.00/86.40	(45.59649122807018, '1_landmark_decision_node_learner')
249.00/86.40	(47.473684210526315, '0_symbols_sum')
249.00/86.40	(47.73684210526316, '0_pca_95%')
249.00/86.40	(47.92982456140351, '0_skewness_mean')
249.00/86.40	(49.228070175438596, '1_pca_95%')
249.00/86.40	(49.36842105263158, '1_number_of_categorical_features')
249.00/86.40	(49.87719298245614, '1_symbols_mean')
249.00/86.40	(51.12280701754386, '0_number_of_categorical_features')
249.00/86.40	(51.719298245614034, '0_symbols_mean')
249.00/86.40	(55.08771929824562, '1_log_dataset_ratio')
249.00/86.40	(56.43859649122807, '1_inverse_dataset_ratio')
249.00/86.40	(56.87719298245614, '0_log_inverse_dataset_ratio')
249.00/86.40	(57.0, '0_inverse_dataset_ratio')
249.00/86.40	(57.29824561403509, '0_dataset_ratio')
249.00/86.40	(57.78947368421053, '0_log_dataset_ratio')
249.00/86.40	(58.26315789473684, '1_dataset_ratio')
249.00/86.40	(58.36842105263158, '1_log_inverse_dataset_ratio')
249.00/86.40	(58.80701754385965, '0_ratio_numerical_to_categorical')
249.00/86.40	(59.45614035087719, '1_symbols_min')
249.00/86.40	(60.1578947368421, '1_ratio_numerical_to_categorical')
249.00/86.40	(60.21052631578947, '0_symbols_min')
249.00/86.40	(64.42105263157895, '1_kurtosis_mean')
249.00/86.40	(65.3157894736842, '0_kurtosis_mean')
249.00/86.40	(72.7719298245614, '1_symbols_max')
249.00/86.40	(72.96491228070175, '0_symbols_max')
249.00/86.40	(73.75438596491227, '0_class_probability_mean')
249.00/86.40	(74.14035087719299, '0_number_of_classes')
249.00/86.40	(74.42105263157895, '0_percentage_of_features_with_missing_values')
249.00/86.40	(74.6842105263158, '0_ratio_categorical_to_numerical')
249.00/86.40	(74.94736842105263, '1_ratio_categorical_to_numerical')
249.00/86.40	(76.29824561403508, '1_class_probability_mean')
249.00/86.40	(76.54385964912281, '0_percentage_of_missing_values')
249.00/86.40	(76.71929824561404, '0_symbols_std')
249.00/86.40	(76.85964912280701, '1_number_of_classes')
249.00/86.40	(77.64912280701755, '1_symbols_std')
249.00/86.40	(79.82456140350877, '1_percentage_of_features_with_missing_values')
249.00/86.40	(81.03508771929825, '0_number_of_Instances_with_missing_values')
249.00/86.40	(82.9298245614035, '1_percentage_of_missing_values')
249.00/86.40	(83.71929824561404, '1_number_of_Instances_with_missing_values')
249.00/86.40	(83.7719298245614, '1_percentage_of_Instances_with_missing_values')
249.00/86.40	(83.78947368421052, '0_percentage_of_Instances_with_missing_values')
249.00/86.40	(84.57894736842105, '0_number_of_missing_values')
249.00/86.40	(85.40350877192982, '1_number_of_missing_values')
249.00/86.40	(86.3859649122807, '0_number_of_features_with_missing_values')
249.00/86.40	(87.17543859649123, '1_number_of_features_with_missing_values')
249.00/86.40	Result for ParamILS: SAT, 84.920489, 1, 0.331730, -1, /home/feurerm/thesis/Software/pyMetaLearn/optimizers/metalearn_optimizer/learn_distances.py
