0.70/1.79	['/home/feurerm/thesis/Software/pyMetaLearn/optimizers/metalearn_optimizer/learn_distances.py', '--input_file', '/home/feurerm/thesis/experiments/2014_04_25_predict_distances/testfold_0-3_spearman_rank_perm.pkl', '--fold', '0', '--folds', '1', '--params', '-max_features', '0.795881772691', '-min_samples_leaf', '10', '-min_samples_split', '7', '-n_estimators', '3', '-n_jobs', '4', '-seed', '71']
0.75/1.80	Metafeatures (57, 46)
0.75/1.80	X (3192, 92)
0.75/1.80	Y (3192,)
0.75/1.80	Dataset Mae MSE Rho
1.14/6.33	vehicle 0.463701059613 0.309823449912 -0.0500365919046
1.57/6.94	anneal.ORIG 0.82255841236 0.755785753863 -0.155415187561
1.99/8.45	segment 0.332736134566 0.149862935314 0.415810502575
2.42/8.88	pendigits 0.441482713847 0.257189660596 0.212020496105
2.86/11.60	mushroom 0.225252287271 0.0695192433477 0.548002722937
3.28/12.32	labor 0.233929517676 0.077553727952 0.341194990773
3.73/13.11	abalone 0.457858979928 0.273503422205 0.126073770218
4.16/13.69	diabetes 0.527664384258 0.353438837383 -0.0701386628809
4.60/14.21	car 0.54352678164 0.418227267772 -0.121991123724
5.02/14.72	autos 0.227202445069 0.0748653890642 0.468486837769
5.44/15.41	mfeat-fourier 0.61051934766 0.488875995734 -0.403109831643
5.88/15.87	primary-tumor 0.19523288072 0.0526328806027 0.596347075562
6.31/16.70	waveform-5000 0.270218332999 0.106374365785 0.439792641509
6.75/17.12	credit-a 0.410409738796 0.236523974268 0.222943010404
7.17/17.50	letter 0.372080709735 0.186711017094 0.412858187901
7.62/18.40	postoperative-patient-data 0.443454479361 0.26362458801 -0.0639922115917
8.04/18.95	vowel 0.563935779135 0.398338769888 -0.135059527642
8.48/19.35	eucalyptus 0.328937293729 0.145007546696 0.261574434937
8.91/20.46	cylinder-bands 0.293206298952 0.110577148225 0.450924385737
9.34/20.96	ionosphere 0.416488181661 0.232203538814 -0.022256524508
9.76/21.36	mfeat-karhunen 0.303968136947 0.138106917462 0.381786378708
10.19/21.73	balance-scale 0.316864142642 0.137134833958 0.136334654403
10.61/22.23	mfeat-morphological 0.5400064502 0.39611141793 -0.230550860568
11.05/22.63	liver-disorders 0.170114998443 0.0429968573948 0.455312408767
11.49/22.99	dermatology 0.202190721218 0.0577401881083 0.489042835115
11.91/23.34	vote 0.100231380671 0.0158829250668 0.717814984423
12.36/23.76	breast-cancer 0.20305289223 0.073393594864 0.27519677982
12.79/24.12	credit-g 0.473975551262 0.317221622393 -0.0501990224305
13.25/24.50	soybean 0.125967910873 0.0255852667385 0.684923817334
13.68/24.94	arrhythmia 0.359407712526 0.172048631052 -0.0854341412554
14.10/25.30	nursery 0.28196854881 0.105926591496 0.545692193669
14.53/27.17	hepatitis 0.306213789038 0.142840210101 0.124645580952
14.95/29.73	cmc 0.177754266169 0.0516722592841 0.545310298969
15.38/30.16	heart-c 0.227955535008 0.0790980620635 0.598192076488
15.81/30.52	glass 0.324291795082 0.136944092148 0.45483348835
16.28/30.90	braziltourism 0.782840634321 0.746150712784 -0.449377312712
16.72/32.94	iris 0.410431525644 0.238663949731 -0.135490193328
17.14/35.37	heart-statlog 0.366423783698 0.180269055404 0.241801622292
17.59/36.20	page-blocks 0.698713149516 0.709100524836 -0.240170429383
18.03/36.62	breast-w 0.268411522882 0.106066163225 0.330205351034
18.47/36.97	heart-h 0.240014752426 0.0848917676654 0.390351915009
18.92/37.80	yeast 0.405511354167 0.223852439222 0.1295082174
19.36/38.16	tae 0.445622195898 0.257727737286 -0.0573188452003
19.78/38.52	haberman 0.346257835951 0.167141860506 0.0554116407015
20.24/38.88	mfeat-pixel 0.376436754099 0.185025635845 0.166492300045
20.68/42.72	optdigits 0.272147272295 0.104779243945 0.534425721137
21.12/43.43	mfeat-factors 0.281742983776 0.114645289349 0.460739876375
21.54/43.79	satimage 0.368126290205 0.181937612648 0.110904629523
21.98/44.15	lymph 0.236355743888 0.0820579840078 0.390100034411
22.42/44.72	audiology 0.297636381096 0.121169035452 0.34208056849
22.86/45.09	ecoli 0.419266693799 0.239977916231 0.1052124893
23.30/50.37	tic-tac-toe 0.20651422314 0.0671784904435 0.615075456291
23.72/50.75	spambase 0.347985826158 0.171216735285 0.491164442069
24.15/51.11	zoo 0.2201086704 0.0637811412818 0.399483728604
24.59/51.57	sonar 0.546529016216 0.383274026317 -0.254958530118
25.01/51.94	mfeat-zernike 0.268402949135 0.106940035791 0.402205131792
25.44/52.80	kr-vs-kp 0.250965566372 0.0803029641459 0.512879802468
25.47/52.81	MAE 0.35703166167 0.150747493957
25.47/52.81	MSE 0.201219180772 0.201219180772
25.47/52.81	Mean tau 0.229081727788 0.289247143853
25.47/52.81	(1.3508771929824561, '1_class_probability_max')
25.47/52.81	(1.7017543859649122, '0_class_probability_max')
25.47/52.81	(2.6666666666666665, '0_skewness_min')
25.47/52.81	(3.192982456140351, '1_skewness_min')
25.47/52.81	(10.543859649122806, '0_landmark_naive_bayes')
25.47/52.81	(12.0, '1_landmark_naive_bayes')
25.47/52.81	(15.052631578947368, '0_landmark_decision_tree')
25.47/52.81	(15.614035087719298, '0_class_probability_std')
25.47/52.81	(16.24561403508772, '1_pca_skewness_first_pc')
25.47/52.81	(21.50877192982456, '1_landmark_lda')
25.47/52.81	(22.894736842105264, '0_landmark_lda')
25.47/52.81	(24.24561403508772, '1_class_probability_min')
25.47/52.81	(27.280701754385966, '0_class_probability_min')
25.47/52.81	(28.43859649122807, '0_landmark_random_node_learner')
25.47/52.81	(28.68421052631579, '1_number_of_numeric_features')
25.47/52.81	(28.70175438596491, '1_class_probability_std')
25.47/52.81	(29.54385964912281, '1_landmark_1NN')
25.47/52.81	(29.68421052631579, '0_number_of_numeric_features')
25.47/52.81	(30.035087719298247, '0_class_entropy')
25.47/52.81	(30.526315789473685, '1_log_number_of_instances')
25.47/52.81	(30.63157894736842, '0_pca_skewness_first_pc')
25.47/52.81	(31.0, '1_landmark_decision_tree')
25.47/52.81	(31.035087719298247, '0_log_number_of_instances')
25.47/52.81	(31.263157894736842, '0_number_of_instances')
25.47/52.81	(31.57894736842105, '1_skewness_max')
25.47/52.81	(32.36842105263158, '1_number_of_instances')
25.47/52.81	(32.80701754385965, '0_kurtosis_min')
25.47/52.81	(33.59649122807018, '1_kurtosis_min')
25.47/52.81	(33.8421052631579, '0_log_number_of_features')
25.47/52.81	(34.98245614035088, '0_landmark_1NN')
25.47/52.81	(35.175438596491226, '0_kurtosis_max')
25.47/52.81	(35.8421052631579, '1_kurtosis_max')
25.47/52.81	(36.45614035087719, '0_pca_kurtosis_first_pc')
25.47/52.81	(36.63157894736842, '1_pca_kurtosis_first_pc')
25.47/52.81	(36.666666666666664, '0_skewness_max')
25.47/52.81	(37.43859649122807, '0_pca_95%')
25.47/52.81	(37.6140350877193, '1_pca_95%')
25.47/52.81	(38.26315789473684, '1_kurtosis_std')
25.47/52.81	(38.333333333333336, '0_landmark_decision_node_learner')
25.47/52.81	(38.59649122807018, '1_number_of_features')
25.47/52.81	(39.43859649122807, '0_skewness_mean')
25.47/52.81	(39.89473684210526, '1_log_number_of_features')
25.47/52.81	(41.1578947368421, '1_log_dataset_ratio')
25.47/52.81	(41.43859649122807, '1_skewness_std')
25.47/52.81	(42.21052631578947, '0_skewness_std')
25.47/52.81	(42.719298245614034, '1_symbols_mean')
25.47/52.81	(43.01754385964912, '1_skewness_mean')
25.47/52.81	(43.36842105263158, '0_number_of_features')
25.47/52.81	(44.29824561403509, '0_kurtosis_std')
25.47/52.81	(44.6140350877193, '1_landmark_random_node_learner')
25.47/52.81	(44.85964912280702, '1_landmark_decision_node_learner')
25.47/52.81	(45.54385964912281, '0_symbols_mean')
25.47/52.81	(46.175438596491226, '1_log_inverse_dataset_ratio')
25.47/52.81	(48.35087719298246, '1_class_entropy')
25.47/52.81	(48.92982456140351, '0_log_dataset_ratio')
25.47/52.81	(49.421052631578945, '1_dataset_ratio')
25.47/52.81	(49.824561403508774, '1_symbols_sum')
25.47/52.81	(50.80701754385965, '0_inverse_dataset_ratio')
25.47/52.81	(50.89473684210526, '1_inverse_dataset_ratio')
25.47/52.81	(51.40350877192982, '0_log_inverse_dataset_ratio')
25.47/52.81	(51.578947368421055, '0_dataset_ratio')
25.47/52.81	(51.91228070175438, '0_ratio_numerical_to_categorical')
25.47/52.81	(53.24561403508772, '1_ratio_numerical_to_categorical')
25.47/52.81	(54.280701754385966, '1_symbols_min')
25.47/52.81	(57.1578947368421, '1_kurtosis_mean')
25.47/52.81	(58.824561403508774, '0_symbols_sum')
25.47/52.81	(60.40350877192982, '0_kurtosis_mean')
25.47/52.81	(64.56140350877193, '0_symbols_min')
25.47/52.81	(64.59649122807018, '1_number_of_categorical_features')
25.47/52.81	(65.36842105263158, '1_ratio_categorical_to_numerical')
25.47/52.81	(65.6842105263158, '1_number_of_classes')
25.47/52.81	(66.49122807017544, '0_number_of_categorical_features')
25.47/52.81	(68.29824561403508, '0_number_of_classes')
25.47/52.81	(69.01754385964912, '0_class_probability_mean')
25.47/52.81	(69.75438596491227, '1_class_probability_mean')
25.47/52.81	(69.82456140350877, '0_ratio_categorical_to_numerical')
25.47/52.81	(70.12280701754386, '0_symbols_max')
25.47/52.81	(70.3157894736842, '1_symbols_max')
25.47/52.81	(72.3157894736842, '1_symbols_std')
25.47/52.81	(73.3157894736842, '0_percentage_of_features_with_missing_values')
25.47/52.81	(73.45614035087719, '0_symbols_std')
25.47/52.81	(74.17543859649123, '0_number_of_Instances_with_missing_values')
25.47/52.81	(74.73684210526316, '1_number_of_Instances_with_missing_values')
25.47/52.81	(74.85964912280701, '1_percentage_of_Instances_with_missing_values')
25.47/52.81	(76.33333333333333, '0_number_of_missing_values')
25.47/52.81	(77.17543859649123, '1_percentage_of_features_with_missing_values')
25.47/52.81	(77.50877192982456, '1_percentage_of_missing_values')
25.47/52.81	(78.71929824561404, '0_percentage_of_Instances_with_missing_values')
25.47/52.81	(79.05263157894737, '1_number_of_missing_values')
25.47/52.81	(79.14035087719299, '1_number_of_features_with_missing_values')
25.47/52.81	(80.43859649122807, '0_percentage_of_missing_values')
25.47/52.81	(80.9298245614035, '0_number_of_features_with_missing_values')
25.47/52.81	Result for ParamILS: SAT, 51.027654, 1, 0.357032, -1, /home/feurerm/thesis/Software/pyMetaLearn/optimizers/metalearn_optimizer/learn_distances.py
