0.73/1.04	['/home/feurerm/thesis/Software/pyMetaLearn/optimizers/metalearn_optimizer/learn_distances.py', '--input_file', '/home/feurerm/thesis/experiments/2014_04_25_predict_distances/testfold_0-3_spearman_rank_perm.pkl', '--fold', '0', '--folds', '1', '--params', '-max_features', '0.722260536464', '-min_samples_leaf', '9', '-min_samples_split', '2', '-n_estimators', '75', '-n_jobs', '4', '-seed', '60']
0.73/1.06	Metafeatures (57, 46)
0.73/1.06	X (3192, 92)
0.73/1.06	Y (3192,)
0.73/1.06	Dataset Mae MSE Rho
8.93/3.31	vehicle 0.467986680802 0.28018371951 -0.15611019544
17.53/5.91	anneal.ORIG 0.735811811608 0.603361305497 -0.16128154767
26.12/8.47	segment 0.291159268515 0.106776316053 0.729807083445
34.78/10.93	pendigits 0.392035765979 0.187856204882 0.261799706639
43.10/13.39	mushroom 0.229550241812 0.0629586755741 0.572404049948
51.67/15.95	labor 0.191537710507 0.0540071880698 0.559475669373
60.13/18.42	abalone 0.424015656882 0.227798567908 0.119910729831
68.47/20.88	diabetes 0.474667074184 0.319214378483 -0.128960596233
76.75/23.36	car 0.580217871488 0.444813341675 -0.0400779797818
85.24/25.85	autos 0.213968867028 0.0588194343624 0.575312935577
93.95/28.45	mfeat-fourier 0.651647889059 0.554943730732 -0.497742652128
102.43/30.93	primary-tumor 0.200703460744 0.0493353080393 0.616360543902
111.03/33.62	waveform-5000 0.237105360598 0.0771653783962 0.63252101962
119.60/36.09	credit-a 0.453493438721 0.289281627891 0.125082082061
128.04/38.56	letter 0.3050858913 0.119495486599 0.586302059065
136.91/41.13	postoperative-patient-data 0.43388375528 0.22832523116 -0.250164164122
145.30/43.61	vowel 0.493581763334 0.301306389715 0.0530063603565
153.74/46.08	eucalyptus 0.281580339919 0.103159116182 0.450230853516
162.23/48.54	cylinder-bands 0.300046712522 0.103827299999 0.458957510404
170.79/51.01	ionosphere 0.419932345651 0.203856978922 -0.154170938354
179.28/53.58	mfeat-karhunen 0.271798253795 0.0969526009153 0.58662526858
187.87/56.06	balance-scale 0.244884541071 0.0808547059611 0.375892665211
196.38/58.52	mfeat-morphological 0.49497610689 0.33056155008 -0.254689097323
204.95/61.00	liver-disorders 0.146548508137 0.0318150226413 0.530063603565
213.57/63.50	dermatology 0.207833647535 0.0553392839202 0.501944375815
222.06/65.97	vote 0.0724409096857 0.00848750316682 0.789600843604
230.52/68.53	breast-cancer 0.139306517507 0.0294391784737 0.451523691574
239.15/71.11	credit-g 0.565750456161 0.43564517338 -0.535881374824
247.73/73.68	soybean 0.113269741507 0.0175723492705 0.839051899302
256.28/76.24	arrhythmia 0.29383223716 0.10702438042 -0.0714293026756
264.70/78.74	nursery 0.265970648855 0.0905141616632 0.613774867787
273.05/81.24	hepatitis 0.32025870668 0.146816788876 -0.190370403963
281.51/83.70	cmc 0.160127795395 0.0325137663093 0.744028302078
289.96/86.17	heart-c 0.265459609676 0.0925117376812 0.741765835477
298.45/89.47	glass 0.309641924505 0.117629694126 0.563030974031
307.14/92.06	braziltourism 0.722041996527 0.612220465616 -0.647711866796
315.70/94.53	iris 0.315194108678 0.132551374087 0.123142824975
323.92/96.99	heart-statlog 0.319087773545 0.136537487461 0.595028715953
332.79/99.56	page-blocks 0.589218457085 0.460923221706 -0.63252101962
341.33/102.13	breast-w 0.241751988358 0.0763689491516 0.402395845389
349.93/104.60	heart-h 0.171844315968 0.0378854046375 0.706212788896
358.49/107.18	yeast 0.357113668261 0.158172969673 0.510994242217
367.14/109.76	tae 0.335388359245 0.142789071894 0.0323209514369
375.80/112.34	haberman 0.28735738107 0.107735036643 -0.0384619322099
384.47/114.92	mfeat-pixel 0.400140985314 0.198302147037 0.0956700162532
392.95/117.39	optdigits 0.271776487685 0.0917113022695 0.59179662081
401.58/119.97	mfeat-factors 0.255437624847 0.0856071070181 0.70427353181
410.26/122.55	satimage 0.343459793919 0.146855857709 0.0717525121899
418.54/125.03	lymph 0.267444372097 0.107543501363 0.369428474924
426.94/127.50	audiology 0.29176945368 0.101694938658 0.474794776608
435.45/130.06	ecoli 0.411176679031 0.215211478996 0.109891234885
443.95/132.53	tic-tac-toe 0.183895446886 0.0460147122594 0.703303903267
452.73/135.10	spambase 0.375773394992 0.186851912132 0.637045952821
461.17/137.57	zoo 0.189033901354 0.0474058779576 0.625733619818
469.71/140.03	sonar 0.547603506075 0.374980958722 -0.343571713774
478.17/142.49	mfeat-zernike 0.227733971061 0.0732829354793 0.607957096528
486.64/144.96	kr-vs-kp 0.236720853015 0.0676582588629 0.574020097519
486.87/145.19	MAE 0.333176772442 0.147507547588
486.87/145.19	MSE 0.169446816594 0.169446816594
486.87/145.19	Mean tau 0.286159497406 0.399017511874
486.87/145.19	(0.15789473684210525, '1_class_probability_max')
486.87/145.19	(0.9824561403508771, '0_class_probability_max')
486.87/145.19	(2.4210526315789473, '0_skewness_min')
486.87/145.19	(2.5789473684210527, '1_skewness_min')
486.87/145.19	(5.245614035087719, '0_class_entropy')
486.87/145.19	(6.824561403508772, '1_class_entropy')
486.87/145.19	(8.75438596491228, '0_landmark_naive_bayes')
486.87/145.19	(8.824561403508772, '1_landmark_naive_bayes')
486.87/145.19	(9.298245614035087, '0_landmark_decision_tree')
486.87/145.19	(10.035087719298245, '0_class_probability_std')
486.87/145.19	(11.894736842105264, '1_landmark_decision_tree')
486.87/145.19	(14.210526315789474, '1_class_probability_std')
486.87/145.19	(14.350877192982455, '0_pca_skewness_first_pc')
486.87/145.19	(16.50877192982456, '1_pca_skewness_first_pc')
486.87/145.19	(18.350877192982455, '0_landmark_random_node_learner')
486.87/145.19	(18.964912280701753, '0_kurtosis_min')
486.87/145.19	(19.894736842105264, '0_landmark_lda')
486.87/145.19	(19.912280701754387, '1_landmark_lda')
486.87/145.19	(20.596491228070175, '1_landmark_random_node_learner')
486.87/145.19	(21.017543859649123, '1_kurtosis_min')
486.87/145.19	(21.473684210526315, '0_skewness_max')
486.87/145.19	(26.333333333333332, '0_skewness_std')
486.87/145.19	(26.473684210526315, '1_skewness_max')
486.87/145.19	(26.666666666666668, '1_kurtosis_std')
486.87/145.19	(26.80701754385965, '1_skewness_std')
486.87/145.19	(26.912280701754387, '1_landmark_1NN')
486.87/145.19	(28.614035087719298, '0_number_of_features')
486.87/145.19	(30.19298245614035, '1_number_of_features')
486.87/145.19	(30.50877192982456, '0_landmark_1NN')
486.87/145.19	(31.92982456140351, '0_log_number_of_features')
486.87/145.19	(32.43859649122807, '1_log_number_of_features')
486.87/145.19	(32.49122807017544, '0_number_of_numeric_features')
486.87/145.19	(33.19298245614035, '1_class_probability_min')
486.87/145.19	(33.31578947368421, '0_class_probability_min')
486.87/145.19	(33.85964912280702, '1_number_of_numeric_features')
486.87/145.19	(36.228070175438596, '1_kurtosis_max')
486.87/145.19	(37.56140350877193, '0_kurtosis_max')
486.87/145.19	(38.228070175438596, '1_number_of_instances')
486.87/145.19	(39.36842105263158, '0_number_of_instances')
486.87/145.19	(39.87719298245614, '0_kurtosis_std')
486.87/145.19	(40.45614035087719, '0_log_number_of_instances')
486.87/145.19	(41.03508771929825, '0_symbols_sum')
486.87/145.19	(41.421052631578945, '1_log_number_of_instances')
486.87/145.19	(41.96491228070175, '0_skewness_mean')
486.87/145.19	(43.228070175438596, '1_landmark_decision_node_learner')
486.87/145.19	(43.75438596491228, '1_skewness_mean')
486.87/145.19	(44.70175438596491, '1_symbols_sum')
486.87/145.19	(45.50877192982456, '0_landmark_decision_node_learner')
486.87/145.19	(47.31578947368421, '0_pca_kurtosis_first_pc')
486.87/145.19	(48.280701754385966, '1_pca_kurtosis_first_pc')
486.87/145.19	(48.3859649122807, '1_symbols_mean')
486.87/145.19	(49.175438596491226, '0_symbols_mean')
486.87/145.19	(50.666666666666664, '0_pca_95%')
486.87/145.19	(52.228070175438596, '1_pca_95%')
486.87/145.19	(53.578947368421055, '1_number_of_categorical_features')
486.87/145.19	(54.05263157894737, '0_number_of_categorical_features')
486.87/145.19	(54.3859649122807, '1_dataset_ratio')
486.87/145.19	(54.6140350877193, '1_inverse_dataset_ratio')
486.87/145.19	(55.19298245614035, '1_symbols_min')
486.87/145.19	(55.92982456140351, '1_log_inverse_dataset_ratio')
486.87/145.19	(56.35087719298246, '0_inverse_dataset_ratio')
486.87/145.19	(56.6140350877193, '1_log_dataset_ratio')
486.87/145.19	(56.75438596491228, '0_log_inverse_dataset_ratio')
486.87/145.19	(56.98245614035088, '0_log_dataset_ratio')
486.87/145.19	(57.333333333333336, '0_dataset_ratio')
486.87/145.19	(57.50877192982456, '0_symbols_min')
486.87/145.19	(61.280701754385966, '0_ratio_numerical_to_categorical')
486.87/145.19	(62.228070175438596, '1_ratio_numerical_to_categorical')
486.87/145.19	(66.47368421052632, '1_kurtosis_mean')
486.87/145.19	(67.42105263157895, '0_kurtosis_mean')
486.87/145.19	(73.36842105263158, '0_class_probability_mean')
486.87/145.19	(73.49122807017544, '0_symbols_max')
486.87/145.19	(73.82456140350877, '1_ratio_categorical_to_numerical')
486.87/145.19	(73.87719298245614, '0_ratio_categorical_to_numerical')
486.87/145.19	(74.17543859649123, '1_number_of_classes')
486.87/145.19	(75.0, '0_number_of_classes')
486.87/145.19	(75.42105263157895, '1_class_probability_mean')
486.87/145.19	(77.17543859649123, '1_symbols_max')
486.87/145.19	(77.40350877192982, '1_symbols_std')
486.87/145.19	(78.87719298245614, '0_percentage_of_features_with_missing_values')
486.87/145.19	(79.17543859649123, '0_symbols_std')
486.87/145.19	(79.45614035087719, '1_percentage_of_features_with_missing_values')
486.87/145.19	(82.64912280701755, '0_percentage_of_missing_values')
486.87/145.19	(82.71929824561404, '0_number_of_Instances_with_missing_values')
486.87/145.19	(83.03508771929825, '1_number_of_Instances_with_missing_values')
486.87/145.19	(83.43859649122807, '0_percentage_of_Instances_with_missing_values')
486.87/145.19	(84.10526315789474, '1_percentage_of_Instances_with_missing_values')
486.87/145.19	(84.19298245614036, '1_percentage_of_missing_values')
486.87/145.19	(84.50877192982456, '1_number_of_missing_values')
486.87/145.19	(85.7719298245614, '0_number_of_missing_values')
486.87/145.19	(88.0, '1_number_of_features_with_missing_values')
486.87/145.19	(88.21052631578948, '0_number_of_features_with_missing_values')
486.87/145.19	Result for ParamILS: SAT, 144.151532, 1, 0.333177, -1, /home/feurerm/thesis/Software/pyMetaLearn/optimizers/metalearn_optimizer/learn_distances.py
