0.68/0.99	['/home/feurerm/thesis/Software/pyMetaLearn/optimizers/metalearn_optimizer/learn_distances.py', '--input_file', '/home/feurerm/thesis/experiments/2014_04_25_predict_distances/testfold_0-3_spearman_rank_perm.pkl', '--fold', '0', '--folds', '1', '--params', '-max_features', '0.102671765372', '-min_samples_leaf', '6', '-min_samples_split', '4', '-n_estimators', '13', '-n_jobs', '4', '-seed', '72']
0.68/1.00	Metafeatures (57, 46)
0.68/1.00	X (3192, 92)
0.68/1.00	Y (3192,)
0.68/1.00	Dataset Mae MSE Rho
1.06/1.25	vehicle 0.370609680585 0.173830410019 0.261799706639
1.44/1.53	anneal.ORIG 0.531236829646 0.350185444639 0.209439765311
1.81/2.54	segment 0.2863771918 0.10530762443 0.651590380968
2.20/2.83	pendigits 0.397589611015 0.188996888493 0.355530465806
2.60/3.11	mushroom 0.219037058676 0.0600139111734 0.587594897123
2.97/3.40	labor 0.217615310714 0.0688768168206 0.614098077301
3.38/3.69	abalone 0.435156411841 0.243937270531 0.0820952166497
3.77/3.98	diabetes 0.491049123526 0.320539127428 0.0197157803765
4.17/4.27	car 0.405124862348 0.244555501112 0.20491483211
4.54/4.56	autos 0.236559869139 0.0771314317894 0.547193707827
4.92/4.85	mfeat-fourier 0.632827385014 0.52367700178 -0.464128862634
5.31/5.14	primary-tumor 0.215706380587 0.0619434690933 0.563354183545
5.68/5.42	waveform-5000 0.283929701048 0.109617342458 0.39948695976
6.08/5.71	credit-a 0.384827258313 0.19621723593 0.284747582159
6.49/6.00	letter 0.275057261561 0.103673226462 0.529740394051
6.85/6.29	postoperative-patient-data 0.43291992509 0.237048279699 -0.127344548661
7.24/6.58	vowel 0.526462365043 0.346567705972 -0.0520367318134
7.64/6.87	eucalyptus 0.302974206861 0.1232938596 0.409506454706
8.03/7.16	cylinder-bands 0.297587745409 0.110724010334 0.48384464301
8.41/7.45	ionosphere 0.405136064107 0.194753301306 0.0685204170462
8.80/7.73	mfeat-karhunen 0.306571980349 0.128575422032 0.372014151039
9.18/8.02	balance-scale 0.235627785254 0.080285143413 0.533942117738
9.57/8.31	mfeat-morphological 0.421989284395 0.237978044083 0.000323209514369
9.97/8.60	liver-disorders 0.250060675503 0.08599623019 0.398517331217
10.35/8.89	dermatology 0.195755511974 0.0525592099803 0.528770765508
10.75/9.17	vote 0.0991650076813 0.01558350887 0.759542358767
11.13/9.46	breast-cancer 0.230708459279 0.0837644451831 -0.156433404955
11.54/9.75	credit-g 0.616067267267 0.498735251666 -0.570464792861
11.92/10.04	soybean 0.123838831219 0.0219703362168 0.744997930621
12.31/10.33	arrhythmia 0.27791547669 0.107473948491 0.182613375619
12.70/10.62	nursery 0.263704417084 0.0928913025668 0.569495164318
13.11/10.91	hepatitis 0.461731433699 0.297716197482 -0.265355011297
13.51/11.20	cmc 0.184431434771 0.0448585274394 0.595998344497
13.89/11.49	heart-c 0.329059608735 0.1426234527 0.536527793853
14.29/11.78	glass 0.375727797826 0.176293866939 0.205238041624
14.70/12.07	braziltourism 0.636960985421 0.4910517154 -0.331936171257
15.09/12.36	iris 0.311163405743 0.128904251076 0.117325053716
15.48/12.65	heart-statlog 0.321435440337 0.137154023027 0.513903127847
15.89/12.95	page-blocks 0.499765543532 0.357118157269 -0.0197157803765
16.28/13.24	breast-w 0.2525571479 0.0845702536402 0.473178729036
16.66/13.53	heart-h 0.189486532199 0.0503576292501 0.547193707827
17.07/13.82	yeast 0.361193174799 0.167998507087 0.360701818036
17.47/14.12	tae 0.296241265355 0.119967876419 0.107305558771
17.87/14.41	haberman 0.299707228191 0.121429303148 -0.00646419028738
18.31/14.70	mfeat-pixel 0.369907980516 0.17238280053 0.169361785529
18.69/14.99	optdigits 0.263693383746 0.0876573012511 0.575959354606
19.08/15.28	mfeat-factors 0.286676108673 0.109037283131 0.488046366697
19.48/15.57	satimage 0.372186639643 0.171265849566 0.0924379211095
19.87/15.86	lymph 0.252091835084 0.0880265585879 0.595884673189
20.27/16.15	audiology 0.290713407136 0.102908128833 0.428899025568
20.65/16.48	ecoli 0.448812591387 0.259025892448 -0.069166836075
21.06/16.78	tic-tac-toe 0.230273149606 0.0751997290055 0.517458432505
21.46/17.07	spambase 0.278585414029 0.101481791644 0.741119416448
21.86/17.36	zoo 0.207870333457 0.06011834443 0.539113469968
22.25/17.65	sonar 0.503251404394 0.32185728824 -0.153524519325
22.65/17.94	mfeat-zernike 0.259778494282 0.0933483122909 0.436009634884
23.05/18.23	kr-vs-kp 0.254249606448 0.0802586387298 0.514226337361
23.05/18.27	MAE 0.331697197999 0.120208828145
23.05/18.27	MSE 0.162970427743 0.162970427743
23.05/18.27	Mean tau 0.29302995811 0.312504483281
23.05/18.27	(0.07017543859649122, '1_class_probability_max')
23.05/18.27	(3.1052631578947367, '0_class_entropy')
23.05/18.27	(3.473684210526316, '1_class_probability_std')
23.05/18.27	(7.684210526315789, '0_landmark_naive_bayes')
23.05/18.27	(8.964912280701755, '0_class_probability_max')
23.05/18.27	(11.631578947368421, '1_landmark_decision_tree')
23.05/18.27	(11.807017543859649, '0_number_of_features')
23.05/18.27	(12.508771929824562, '1_landmark_naive_bayes')
23.05/18.27	(13.017543859649123, '0_skewness_min')
23.05/18.27	(15.228070175438596, '0_landmark_decision_tree')
23.05/18.27	(17.56140350877193, '0_class_probability_std')
23.05/18.27	(18.666666666666668, '1_skewness_min')
23.05/18.27	(20.43859649122807, '0_pca_skewness_first_pc')
23.05/18.27	(21.035087719298247, '0_landmark_1NN')
23.05/18.27	(21.92982456140351, '1_class_entropy')
23.05/18.27	(22.719298245614034, '1_log_number_of_features')
23.05/18.27	(23.24561403508772, '0_log_number_of_features')
23.05/18.27	(25.43859649122807, '0_landmark_random_node_learner')
23.05/18.27	(26.385964912280702, '0_symbols_sum')
23.05/18.27	(27.0, '1_skewness_std')
23.05/18.27	(27.36842105263158, '1_landmark_1NN')
23.05/18.27	(31.56140350877193, '1_pca_skewness_first_pc')
23.05/18.27	(32.01754385964912, '1_landmark_lda')
23.05/18.27	(33.3859649122807, '1_landmark_random_node_learner')
23.05/18.27	(34.21052631578947, '1_number_of_features')
23.05/18.27	(35.19298245614035, '0_landmark_lda')
23.05/18.27	(38.175438596491226, '0_kurtosis_min')
23.05/18.28	(38.19298245614035, '1_pca_95%')
23.05/18.28	(38.54385964912281, '1_number_of_numeric_features')
23.05/18.28	(39.29824561403509, '1_skewness_max')
23.05/18.28	(40.421052631578945, '1_kurtosis_min')
23.05/18.28	(40.49122807017544, '0_number_of_categorical_features')
23.05/18.28	(40.63157894736842, '0_number_of_numeric_features')
23.05/18.28	(41.10526315789474, '1_symbols_sum')
23.05/18.28	(41.8421052631579, '0_pca_kurtosis_first_pc')
23.05/18.28	(41.98245614035088, '0_number_of_missing_values')
23.05/18.28	(43.75438596491228, '0_pca_95%')
23.05/18.28	(43.824561403508774, '1_number_of_categorical_features')
23.05/18.28	(45.175438596491226, '1_kurtosis_max')
23.05/18.28	(45.68421052631579, '0_symbols_max')
23.05/18.28	(46.1578947368421, '1_pca_kurtosis_first_pc')
23.05/18.28	(46.49122807017544, '0_kurtosis_max')
23.05/18.28	(47.1578947368421, '0_class_probability_min')
23.05/18.28	(47.54385964912281, '1_kurtosis_std')
23.05/18.28	(48.473684210526315, '1_ratio_numerical_to_categorical')
23.05/18.28	(48.50877192982456, '1_landmark_decision_node_learner')
23.05/18.28	(49.07017543859649, '0_kurtosis_std')
23.05/18.28	(49.19298245614035, '0_skewness_max')
23.05/18.28	(49.3859649122807, '1_class_probability_min')
23.05/18.28	(49.421052631578945, '0_symbols_mean')
23.05/18.28	(50.578947368421055, '1_symbols_mean')
23.05/18.28	(51.78947368421053, '0_landmark_decision_node_learner')
23.05/18.28	(52.03508771929825, '0_skewness_std')
23.05/18.28	(52.14035087719298, '0_log_number_of_instances')
23.05/18.28	(52.87719298245614, '0_symbols_min')
23.05/18.28	(53.45614035087719, '1_kurtosis_mean')
23.05/18.28	(54.6140350877193, '1_inverse_dataset_ratio')
23.05/18.28	(55.54385964912281, '1_number_of_instances')
23.05/18.28	(56.68421052631579, '1_skewness_mean')
23.05/18.28	(56.824561403508774, '1_symbols_std')
23.05/18.28	(56.92982456140351, '1_log_dataset_ratio')
23.05/18.28	(56.94736842105263, '0_number_of_instances')
23.05/18.28	(57.21052631578947, '0_inverse_dataset_ratio')
23.05/18.28	(57.31578947368421, '1_log_number_of_instances')
23.05/18.28	(57.333333333333336, '0_skewness_mean')
23.05/18.28	(57.91228070175438, '0_log_dataset_ratio')
23.05/18.28	(58.91228070175438, '1_log_inverse_dataset_ratio')
23.05/18.28	(59.01754385964912, '0_ratio_categorical_to_numerical')
23.05/18.28	(59.228070175438596, '1_symbols_max')
23.05/18.28	(59.54385964912281, '0_kurtosis_mean')
23.05/18.28	(60.0, '0_percentage_of_features_with_missing_values')
23.05/18.28	(60.05263157894737, '0_ratio_numerical_to_categorical')
23.05/18.28	(60.26315789473684, '0_dataset_ratio')
23.05/18.28	(60.29824561403509, '0_log_inverse_dataset_ratio')
23.05/18.28	(60.526315789473685, '1_dataset_ratio')
23.05/18.28	(62.73684210526316, '0_class_probability_mean')
23.05/18.28	(63.1578947368421, '0_number_of_classes')
23.05/18.28	(63.89473684210526, '1_ratio_categorical_to_numerical')
23.05/18.28	(64.35087719298245, '1_class_probability_mean')
23.05/18.28	(67.10526315789474, '1_number_of_classes')
23.05/18.28	(67.50877192982456, '1_percentage_of_features_with_missing_values')
23.05/18.28	(70.85964912280701, '0_symbols_std')
23.05/18.28	(71.21052631578948, '0_number_of_Instances_with_missing_values')
23.05/18.28	(72.43859649122807, '1_symbols_min')
23.05/18.28	(72.49122807017544, '0_percentage_of_missing_values')
23.05/18.28	(73.80701754385964, '1_percentage_of_missing_values')
23.05/18.28	(74.0, '0_percentage_of_Instances_with_missing_values')
23.05/18.28	(74.36842105263158, '0_number_of_features_with_missing_values')
23.05/18.28	(74.54385964912281, '1_number_of_missing_values')
23.05/18.28	(75.7719298245614, '1_percentage_of_Instances_with_missing_values')
23.05/18.28	(76.14035087719299, '1_number_of_Instances_with_missing_values')
23.05/18.28	(77.40350877192982, '1_number_of_features_with_missing_values')
23.05/18.28	Result for ParamILS: SAT, 17.288861, 1, 0.331697, -1, /home/feurerm/thesis/Software/pyMetaLearn/optimizers/metalearn_optimizer/learn_distances.py
