0.77/2.33	['/home/feurerm/thesis/Software/pyMetaLearn/optimizers/metalearn_optimizer/learn_distances.py', '--input_file', '/home/feurerm/thesis/experiments/2014_04_25_predict_distances/testfold_0-3_spearman_rank_perm.pkl', '--fold', '0', '--folds', '1', '--params', '-max_features', '0.235060149256', '-min_samples_leaf', '10', '-min_samples_split', '9', '-n_estimators', '11', '-n_jobs', '4', '-seed', '36']
0.77/2.34	Metafeatures (57, 46)
0.77/2.34	X (3192, 92)
0.77/2.34	Y (3192,)
0.77/2.34	Dataset Mae MSE Rho
1.24/2.69	vehicle 0.350127655597 0.155485269684 0.399163750246
1.78/3.07	anneal.ORIG 0.589108569896 0.409607550403 0.0315154627805
2.32/3.48	segment 0.300276101186 0.118574472735 0.611512401186
2.86/4.00	pendigits 0.373099626985 0.172750965933 0.426959768482
3.37/4.39	mushroom 0.232863652902 0.0676761092183 0.53782063191
3.88/4.76	labor 0.203469128854 0.0606612901385 0.625733619818
4.43/5.14	abalone 0.429704614322 0.241305356476 0.0817720071354
4.96/5.55	diabetes 0.450397702494 0.283265296362 -0.0203621994053
5.48/5.95	car 0.426390469582 0.262656083639 0.154494147868
5.98/6.48	autos 0.24717609973 0.0830373793058 0.428575816053
6.52/6.86	mfeat-fourier 0.599466782488 0.469158558573 -0.42243483528
7.06/7.24	primary-tumor 0.241709151152 0.0720272327902 0.426636558967
7.58/7.95	waveform-5000 0.271796349061 0.100344790024 0.45572541526
8.11/8.33	credit-a 0.403136646035 0.222502604358 0.219136050742
8.64/8.85	letter 0.266789094526 0.099505312395 0.559798878887
9.19/9.25	postoperative-patient-data 0.479335454822 0.310053136207 -0.309634714766
9.71/9.67	vowel 0.512939926399 0.33838574779 0.0100194949454
10.26/10.20	eucalyptus 0.30879108155 0.123835328212 0.535234955795
10.76/10.59	cylinder-bands 0.301086686414 0.108612665124 0.492772543681
11.28/10.98	ionosphere 0.419242532426 0.20827472303 -0.0652883219025
11.80/11.65	mfeat-karhunen 0.288061876908 0.112221255443 0.510671032703
12.34/12.03	balance-scale 0.242561676195 0.0852770657011 0.572727259462
12.87/12.41	mfeat-morphological 0.469412696571 0.296323406185 -0.143828233894
13.42/12.80	liver-disorders 0.225514049375 0.0762944298799 0.352621580177
13.95/13.33	dermatology 0.182641590887 0.0443872376155 0.571434421404
14.50/13.72	vote 0.077907915346 0.0101426559367 0.789924053118
15.01/14.10	breast-cancer 0.290557956044 0.12803986378 -0.143828233894
15.56/14.49	credit-g 0.5242884938 0.365288886559 -0.43277753974
16.06/14.87	soybean 0.122843000957 0.0227410594015 0.777642091572
16.60/15.25	arrhythmia 0.28099916759 0.10271942427 0.0772470739342
17.13/15.65	nursery 0.286376873641 0.102484063093 0.539113469968
17.64/16.23	hepatitis 0.498164908033 0.332205833503 -0.208648525383
18.17/16.76	cmc 0.204010727143 0.053886671691 0.52230657522
18.71/17.15	heart-c 0.311984324131 0.123718457759 0.589534154209
19.25/17.70	glass 0.390629985818 0.183921446083 0.140919348265
19.77/18.09	braziltourism 0.692592249482 0.573444885175 -0.447321967887
20.30/18.47	iris 0.356873554941 0.168686946724 0.0355530465806
20.83/22.50	heart-statlog 0.382175341974 0.197255178642 0.47641082418
21.36/22.88	page-blocks 0.525137836137 0.361697816056 -0.14576749098
21.89/23.26	breast-w 0.236934057824 0.0812473237082 0.465421700691
22.42/23.64	heart-h 0.20196507239 0.0543751256528 0.564647021603
22.95/24.07	yeast 0.368437781352 0.174296689086 0.35876256095
23.48/24.56	tae 0.357841319737 0.161375315727 0.0197157803765
24.02/25.02	haberman 0.299014110701 0.122824704422 0.03329057998
24.55/25.49	mfeat-pixel 0.365463613422 0.16537364639 0.172270671159
25.08/26.00	optdigits 0.252194062609 0.0870373476463 0.592975553547
25.57/26.39	mfeat-factors 0.301390223325 0.122209948978 0.42534372091
26.11/26.97	satimage 0.347333931459 0.155306994228 0.105366301684
26.69/27.51	lymph 0.337779747659 0.155518381321 0.382356855499
27.18/27.92	audiology 0.295197332283 0.110486863354 0.423081254309
27.71/32.57	ecoli 0.436765799301 0.252516697164 0.0436332844398
28.26/32.96	tic-tac-toe 0.222576691122 0.0710676545145 0.593089458867
28.81/33.35	spambase 0.395208034738 0.201826377415 0.637369162336
29.36/33.73	zoo 0.178859840738 0.0447825471862 0.613128448758
29.91/34.21	sonar 0.498395587191 0.312381182396 -0.171947461644
30.45/34.70	mfeat-zernike 0.231772500696 0.0807882952719 0.516165594447
30.99/35.14	kr-vs-kp 0.226940043962 0.0674676163209 0.558182831315
30.99/35.17	MAE 0.338837040384 0.122785461223
30.99/35.17	MSE 0.16963752924 0.16963752924
30.99/35.17	Mean tau 0.279753292818 0.322944438207
30.99/35.17	(0.543859649122807, '1_class_probability_max')
30.99/35.17	(3.824561403508772, '0_class_entropy')
30.99/35.17	(5.43859649122807, '0_landmark_decision_tree')
30.99/35.17	(6.4035087719298245, '0_class_probability_max')
30.99/35.17	(6.473684210526316, '1_class_entropy')
30.99/35.17	(6.947368421052632, '1_skewness_min')
30.99/35.17	(10.140350877192983, '0_skewness_min')
30.99/35.17	(12.175438596491228, '0_landmark_random_node_learner')
30.99/35.17	(12.280701754385966, '1_landmark_lda')
30.99/35.17	(12.43859649122807, '0_class_probability_std')
30.99/35.17	(13.631578947368421, '0_landmark_naive_bayes')
30.99/35.17	(13.631578947368421, '1_landmark_1NN')
30.99/35.17	(14.807017543859649, '1_class_probability_std')
30.99/35.17	(16.94736842105263, '1_landmark_naive_bayes')
30.99/35.17	(20.649122807017545, '1_landmark_random_node_learner')
30.99/35.17	(21.385964912280702, '1_landmark_decision_tree')
30.99/35.17	(24.140350877192983, '0_pca_skewness_first_pc')
30.99/35.17	(24.228070175438596, '1_pca_skewness_first_pc')
30.99/35.17	(26.57894736842105, '0_log_number_of_features')
30.99/35.17	(27.017543859649123, '0_number_of_features')
30.99/35.17	(27.07017543859649, '1_kurtosis_min')
30.99/35.17	(29.80701754385965, '0_landmark_1NN')
30.99/35.17	(30.70175438596491, '1_log_number_of_features')
30.99/35.17	(30.964912280701753, '0_kurtosis_min')
30.99/35.17	(31.614035087719298, '0_skewness_std')
30.99/35.17	(32.50877192982456, '0_landmark_lda')
30.99/35.17	(33.8421052631579, '1_number_of_numeric_features')
30.99/35.17	(34.56140350877193, '1_number_of_features')
30.99/35.17	(35.36842105263158, '1_skewness_std')
30.99/35.17	(35.40350877192982, '0_skewness_max')
30.99/35.17	(35.96491228070175, '1_number_of_categorical_features')
30.99/35.17	(36.87719298245614, '0_number_of_numeric_features')
30.99/35.17	(37.29824561403509, '1_skewness_max')
30.99/35.17	(37.96491228070175, '1_kurtosis_max')
30.99/35.17	(38.91228070175438, '0_symbols_sum')
30.99/35.17	(41.07017543859649, '1_landmark_decision_node_learner')
30.99/35.17	(42.36842105263158, '1_log_number_of_instances')
30.99/35.17	(42.59649122807018, '0_pca_kurtosis_first_pc')
30.99/35.17	(42.70175438596491, '0_kurtosis_max')
30.99/35.17	(42.75438596491228, '0_kurtosis_std')
30.99/35.17	(44.36842105263158, '1_class_probability_min')
30.99/35.17	(44.50877192982456, '1_symbols_sum')
30.99/35.17	(44.75438596491228, '0_class_probability_min')
30.99/35.17	(45.12280701754386, '1_kurtosis_std')
30.99/35.17	(45.31578947368421, '0_landmark_decision_node_learner')
30.99/35.18	(47.73684210526316, '1_pca_kurtosis_first_pc')
30.99/35.18	(48.21052631578947, '0_number_of_categorical_features')
30.99/35.18	(49.03508771929825, '0_pca_95%')
30.99/35.18	(49.12280701754386, '1_number_of_instances')
30.99/35.18	(49.333333333333336, '0_inverse_dataset_ratio')
30.99/35.18	(49.50877192982456, '1_pca_95%')
30.99/35.18	(51.63157894736842, '0_log_number_of_instances')
30.99/35.18	(51.87719298245614, '1_skewness_mean')
30.99/35.18	(52.333333333333336, '0_ratio_numerical_to_categorical')
30.99/35.18	(52.64912280701754, '0_log_inverse_dataset_ratio')
30.99/35.18	(52.78947368421053, '0_number_of_instances')
30.99/35.18	(53.31578947368421, '1_dataset_ratio')
30.99/35.18	(53.421052631578945, '0_symbols_mean')
30.99/35.18	(54.80701754385965, '0_skewness_mean')
30.99/35.18	(55.35087719298246, '1_log_inverse_dataset_ratio')
30.99/35.18	(56.26315789473684, '0_kurtosis_mean')
30.99/35.18	(56.68421052631579, '1_inverse_dataset_ratio')
30.99/35.18	(57.228070175438596, '1_log_dataset_ratio')
30.99/35.18	(57.29824561403509, '0_dataset_ratio')
30.99/35.18	(57.54385964912281, '0_log_dataset_ratio')
30.99/35.18	(58.03508771929825, '1_kurtosis_mean')
30.99/35.18	(58.19298245614035, '1_symbols_mean')
30.99/35.18	(59.91228070175438, '1_ratio_numerical_to_categorical')
30.99/35.18	(62.228070175438596, '0_number_of_classes')
30.99/35.18	(62.31578947368421, '0_symbols_min')
30.99/35.18	(64.29824561403508, '0_symbols_max')
30.99/35.18	(65.24561403508773, '1_symbols_max')
30.99/35.18	(66.12280701754386, '1_symbols_min')
30.99/35.18	(67.35087719298245, '0_symbols_std')
30.99/35.18	(68.45614035087719, '1_class_probability_mean')
30.99/35.18	(68.96491228070175, '1_ratio_categorical_to_numerical')
30.99/35.18	(69.47368421052632, '1_percentage_of_features_with_missing_values')
30.99/35.18	(70.56140350877193, '1_number_of_classes')
30.99/35.18	(70.7719298245614, '0_class_probability_mean')
30.99/35.18	(70.84210526315789, '0_percentage_of_features_with_missing_values')
30.99/35.18	(71.6842105263158, '1_symbols_std')
30.99/35.18	(71.7719298245614, '0_percentage_of_missing_values')
30.99/35.18	(71.84210526315789, '0_ratio_categorical_to_numerical')
30.99/35.18	(75.63157894736842, '0_percentage_of_Instances_with_missing_values')
30.99/35.18	(75.73684210526316, '0_number_of_Instances_with_missing_values')
30.99/35.18	(76.40350877192982, '1_percentage_of_missing_values')
30.99/35.18	(77.05263157894737, '1_percentage_of_Instances_with_missing_values')
30.99/35.18	(78.96491228070175, '1_number_of_missing_values')
30.99/35.18	(80.21052631578948, '0_number_of_features_with_missing_values')
30.99/35.18	(80.54385964912281, '1_number_of_Instances_with_missing_values')
30.99/35.18	(80.85964912280701, '1_number_of_features_with_missing_values')
30.99/35.18	(82.28070175438596, '0_number_of_missing_values')
30.99/35.18	Result for ParamILS: SAT, 32.847065, 1, 0.338837, -1, /home/feurerm/thesis/Software/pyMetaLearn/optimizers/metalearn_optimizer/learn_distances.py
