0.74/1.56	['/home/feurerm/thesis/Software/pyMetaLearn/optimizers/metalearn_optimizer/learn_distances.py', '--input_file', '/home/feurerm/thesis/experiments/2014_04_25_predict_distances/testfold_0-3_spearman_rank_perm.pkl', '--fold', '0', '--folds', '1', '--params', '-max_features', '0.287051981628', '-min_samples_leaf', '9', '-min_samples_split', '2', '-n_estimators', '99', '-n_jobs', '4', '-seed', '36']
0.74/1.57	Metafeatures (57, 46)
0.74/1.57	X (3192, 92)
0.74/1.57	Y (3192,)
0.74/1.57	Dataset Mae MSE Rho
5.21/3.04	vehicle 0.394014183796 0.197077221754 0.15384772884
10.06/4.79	anneal.ORIG 0.507747429592 0.303158957461 0.424697301881
15.07/6.58	segment 0.301858519524 0.116411569634 0.698455760552
19.83/8.31	pendigits 0.392742503212 0.184563459724 0.32030062874
24.65/10.05	mushroom 0.230695164853 0.0628226817872 0.566909488203
29.49/11.97	labor 0.197543158318 0.0526016245459 0.787015167489
34.30/18.47	abalone 0.423727026325 0.228583396925 0.120880358374
39.21/20.23	diabetes 0.482410851791 0.326192015311 -0.0934075496527
43.99/26.71	car 0.445010373226 0.290957588491 0.301554476906
48.76/28.45	autos 0.236267974433 0.0704472701328 0.590826992267
53.71/34.80	mfeat-fourier 0.632996737187 0.523242039516 -0.481258966896
58.41/36.53	primary-tumor 0.212601353183 0.0549947453925 0.589534154209
63.24/38.38	waveform-5000 0.264780113232 0.0956980482345 0.5533346886
68.06/40.21	credit-a 0.400271362307 0.224318116732 0.270203154013
72.89/41.95	letter 0.276152880821 0.100070640434 0.663549133
77.87/43.79	postoperative-patient-data 0.432001946615 0.226718689584 -0.453786158174
82.71/45.53	vowel 0.518887415885 0.339229817775 -0.0326441609513
87.72/47.31	eucalyptus 0.30959097086 0.125290630938 0.410799292763
92.46/52.27	cylinder-bands 0.288248954059 0.0965059029462 0.549456174427
97.36/54.02	ionosphere 0.421018831979 0.206158392395 -0.035876256095
102.24/55.90	mfeat-karhunen 0.278293913804 0.101417217854 0.593089458867
107.08/62.11	balance-scale 0.202716176617 0.057995694608 0.617653381959
112.01/63.86	mfeat-morphological 0.479028187311 0.307588156885 -0.198450641823
116.74/65.72	liver-disorders 0.203207521907 0.0592089189602 0.524892251335
121.63/67.55	dermatology 0.200095054648 0.051199148975 0.539759888996
126.65/69.31	vote 0.081350163485 0.0103053575679 0.796065033891
131.47/71.09	breast-cancer 0.237072280426 0.0774257564647 -0.123789244003
136.50/72.84	credit-g 0.505939430081 0.345020665724 -0.497419442614
141.46/74.60	soybean 0.118399299018 0.01919267677 0.874281736368
146.22/76.34	arrhythmia 0.261247256227 0.0899867887939 0.198127432308
151.06/78.37	nursery 0.267092057042 0.089030592883 0.606341048956
155.97/80.36	hepatitis 0.369687043934 0.193707533921 -0.136717624578
160.67/82.12	cmc 0.1795382824 0.0399422860035 0.702980693753
165.46/83.86	heart-c 0.295384447401 0.11297754985 0.657731361741
170.32/85.63	glass 0.369979879408 0.163821060375 0.313190019424
175.15/87.41	braziltourism 0.628148777484 0.474914280871 -0.553657898114
179.95/92.21	iris 0.319763471144 0.137327301347 0.124435663032
184.77/93.95	heart-statlog 0.365574260737 0.177955880431 0.451523691574
189.78/95.86	page-blocks 0.536032478707 0.385210987537 -0.413384968878
194.73/97.60	breast-w 0.239858228085 0.0758756562723 0.527154717936
199.44/99.36	heart-h 0.183586285561 0.0420519619179 0.699425389095
204.39/101.23	yeast 0.391580382467 0.189477066605 0.327088028541
209.16/102.97	tae 0.338921689523 0.1463329103 0.0180997328047
214.06/104.73	haberman 0.298209105576 0.120386157916 -0.039431560753
218.89/106.48	mfeat-pixel 0.386360415856 0.182047789284 0.134131948463
223.73/108.37	optdigits 0.247856371806 0.0755793856512 0.70201106521
228.61/110.12	mfeat-factors 0.26645925978 0.0944515000327 0.66872048523
233.49/111.93	satimage 0.342043417991 0.143418480831 0.136071205549
238.36/113.68	lymph 0.310257472655 0.131045242578 0.44829159643
243.21/115.70	audiology 0.281169393129 0.0976667419929 0.554950736172
248.10/117.45	ecoli 0.436803288888 0.241108888308 0.0145444281466
252.98/119.34	tic-tac-toe 0.186130528485 0.0516368298222 0.733039178589
257.99/121.09	spambase 0.375151882864 0.179312793387 0.750815701879
262.82/122.87	zoo 0.176801816541 0.0416879502729 0.682295284833
267.70/124.66	sonar 0.540035349017 0.363797362798 -0.342278875717
272.61/126.54	mfeat-zernike 0.236105421225 0.0778691404187 0.573696888005
277.45/128.42	kr-vs-kp 0.228007230396 0.0634632319948 0.590503782752
277.75/128.70	MAE 0.32863956619 0.122607884084
277.75/128.70	MSE 0.15853473256 0.15853473256
277.75/128.70	Mean tau 0.318599526033 0.382996728582
277.75/128.70	(0.03508771929824561, '1_class_probability_max')
277.75/128.70	(1.0, '0_class_probability_max')
277.75/128.70	(3.912280701754386, '0_skewness_min')
277.75/128.70	(4.43859649122807, '1_skewness_min')
277.75/128.70	(4.912280701754386, '0_landmark_decision_tree')
277.75/128.70	(7.456140350877193, '1_class_probability_std')
277.75/128.70	(7.508771929824562, '1_landmark_random_node_learner')
277.75/128.70	(7.7894736842105265, '0_class_entropy')
277.75/128.70	(7.964912280701754, '1_landmark_decision_tree')
277.75/128.70	(8.280701754385966, '1_class_entropy')
277.75/128.70	(8.298245614035087, '0_class_probability_std')
277.75/128.70	(8.43859649122807, '0_landmark_random_node_learner')
277.75/128.70	(12.087719298245615, '0_landmark_1NN')
277.75/128.70	(12.368421052631579, '0_landmark_naive_bayes')
277.75/128.70	(13.12280701754386, '1_landmark_naive_bayes')
277.75/128.70	(16.350877192982455, '0_landmark_lda')
277.75/128.70	(16.912280701754387, '1_landmark_1NN')
277.75/128.70	(21.859649122807017, '1_landmark_lda')
277.75/128.70	(21.94736842105263, '0_pca_skewness_first_pc')
277.75/128.70	(23.017543859649123, '0_number_of_features')
277.75/128.70	(23.24561403508772, '1_number_of_features')
277.75/128.70	(23.75438596491228, '1_pca_skewness_first_pc')
277.75/128.70	(23.859649122807017, '1_skewness_std')
277.75/128.70	(24.19298245614035, '0_log_number_of_features')
277.75/128.70	(25.07017543859649, '1_log_number_of_features')
277.75/128.70	(25.45614035087719, '1_kurtosis_std')
277.75/128.70	(27.140350877192983, '0_skewness_std')
277.75/128.70	(27.333333333333332, '0_skewness_max')
277.75/128.70	(28.385964912280702, '1_skewness_max')
277.75/128.70	(28.964912280701753, '0_kurtosis_std')
277.75/128.70	(29.789473684210527, '1_symbols_sum')
277.75/128.70	(30.105263157894736, '0_ratio_numerical_to_categorical')
277.75/128.70	(32.771929824561404, '1_kurtosis_min')
277.75/128.70	(33.07017543859649, '0_symbols_sum')
277.75/128.70	(33.08771929824562, '0_kurtosis_min')
277.75/128.70	(33.98245614035088, '1_number_of_numeric_features')
277.75/128.70	(34.228070175438596, '0_number_of_numeric_features')
277.75/128.70	(36.333333333333336, '0_number_of_categorical_features')
277.75/128.70	(37.92982456140351, '1_number_of_categorical_features')
277.75/128.70	(39.21052631578947, '0_landmark_decision_node_learner')
277.75/128.70	(41.526315789473685, '1_landmark_decision_node_learner')
277.75/128.70	(42.75438596491228, '1_kurtosis_max')
277.75/128.70	(43.771929824561404, '0_kurtosis_max')
277.75/128.70	(45.56140350877193, '0_pca_kurtosis_first_pc')
277.75/128.70	(45.578947368421055, '0_class_probability_min')
277.75/128.70	(45.96491228070175, '1_class_probability_min')
277.75/128.70	(46.29824561403509, '1_pca_kurtosis_first_pc')
277.75/128.70	(48.40350877192982, '0_pca_95%')
277.75/128.70	(51.1578947368421, '1_skewness_mean')
277.75/128.70	(51.31578947368421, '0_symbols_mean')
277.75/128.70	(51.719298245614034, '1_pca_95%')
277.75/128.70	(52.05263157894737, '1_symbols_mean')
277.75/128.70	(53.91228070175438, '1_number_of_instances')
277.75/128.70	(54.29824561403509, '0_number_of_instances')
277.75/128.70	(54.64912280701754, '0_log_number_of_instances')
277.75/128.70	(55.80701754385965, '0_skewness_mean')
277.75/128.70	(56.94736842105263, '1_ratio_numerical_to_categorical')
277.75/128.70	(57.473684210526315, '1_log_number_of_instances')
277.75/128.70	(58.94736842105263, '0_log_inverse_dataset_ratio')
277.75/128.70	(59.05263157894737, '1_kurtosis_mean')
277.75/128.70	(59.43859649122807, '1_log_inverse_dataset_ratio')
277.75/128.70	(60.03508771929825, '0_inverse_dataset_ratio')
277.75/128.70	(60.35087719298246, '1_inverse_dataset_ratio')
277.75/128.70	(61.0, '0_log_dataset_ratio')
277.75/128.70	(61.6140350877193, '1_log_dataset_ratio')
277.75/128.70	(61.68421052631579, '0_dataset_ratio')
277.75/128.70	(62.24561403508772, '1_dataset_ratio')
277.75/128.70	(63.03508771929825, '1_symbols_min')
277.75/128.70	(66.42105263157895, '0_kurtosis_mean')
277.75/128.70	(71.2280701754386, '0_symbols_min')
277.75/128.70	(72.05263157894737, '1_percentage_of_features_with_missing_values')
277.75/128.70	(72.63157894736842, '0_symbols_max')
277.75/128.70	(72.89473684210526, '0_percentage_of_features_with_missing_values')
277.75/128.70	(74.05263157894737, '1_symbols_max')
277.75/128.70	(75.36842105263158, '0_ratio_categorical_to_numerical')
277.75/128.70	(75.50877192982456, '1_ratio_categorical_to_numerical')
277.75/128.70	(75.85964912280701, '0_class_probability_mean')
277.75/128.70	(76.08771929824562, '1_class_probability_mean')
277.75/128.70	(76.47368421052632, '0_number_of_classes')
277.75/128.70	(76.63157894736842, '0_percentage_of_missing_values')
277.75/128.70	(77.0, '1_percentage_of_missing_values')
277.75/128.70	(77.0701754385965, '1_symbols_std')
277.75/128.70	(77.54385964912281, '0_symbols_std')
277.75/128.70	(77.57894736842105, '1_number_of_classes')
277.75/128.70	(81.91228070175438, '0_percentage_of_Instances_with_missing_values')
277.75/128.70	(83.75438596491227, '0_number_of_Instances_with_missing_values')
277.75/128.70	(84.91228070175438, '1_percentage_of_Instances_with_missing_values')
277.75/128.70	(85.33333333333333, '0_number_of_missing_values')
277.75/128.70	(85.50877192982456, '1_number_of_features_with_missing_values')
277.75/128.70	(85.75438596491227, '1_number_of_missing_values')
277.75/128.70	(85.78947368421052, '1_number_of_Instances_with_missing_values')
277.75/128.70	(86.42105263157895, '0_number_of_features_with_missing_values')
277.75/128.70	Result for ParamILS: SAT, 127.136784, 1, 0.328640, -1, /home/feurerm/thesis/Software/pyMetaLearn/optimizers/metalearn_optimizer/learn_distances.py
