0.71/2.07	['/home/feurerm/thesis/Software/pyMetaLearn/optimizers/metalearn_optimizer/learn_distances.py', '--input_file', '/home/feurerm/thesis/experiments/2014_04_25_predict_distances/testfold_0-3_spearman_rank_perm.pkl', '--fold', '0', '--folds', '1', '--params', '-max_features', '0.424013651917', '-min_samples_leaf', '7', '-min_samples_split', '1', '-n_estimators', '67', '-n_jobs', '4', '-seed', '41']
0.71/2.08	Metafeatures (57, 46)
0.71/2.08	X (3192, 92)
0.71/2.08	Y (3192,)
0.71/2.08	Dataset Mae MSE Rho
5.27/3.43	vehicle 0.431518508371 0.236144250792 -0.0323209514369
10.18/5.17	anneal.ORIG 0.599868729158 0.410747380342 -0.0213318279484
15.13/6.73	segment 0.267537790086 0.091910002576 0.730776711988
19.99/8.29	pendigits 0.377934670077 0.172519368143 0.363610703665
24.95/14.84	mushroom 0.21330928616 0.0550087617593 0.600200068183
29.91/16.49	labor 0.164420828353 0.0388261385295 0.746613978193
34.76/18.04	abalone 0.405606906378 0.207597599109 0.239175040633
39.67/19.65	diabetes 0.484498139147 0.328178549701 -0.0759542358767
44.53/21.23	car 0.523601687715 0.379018553402 -0.024563923092
49.35/22.79	autos 0.212506505197 0.0578223363805 0.567232697718
54.33/24.46	mfeat-fourier 0.658869345814 0.566030851368 -0.515519175419
59.21/26.00	primary-tumor 0.196185847858 0.0469196726644 0.627996086419
64.17/31.00	waveform-5000 0.252539547045 0.0873588461831 0.627672876905
69.02/32.55	credit-a 0.418265161867 0.247996912664 0.249517745093
74.03/34.10	letter 0.283510073181 0.106230323992 0.670336532801
79.08/38.22	postoperative-patient-data 0.431905813216 0.226300367961 -0.328380866599
84.02/40.53	vowel 0.51153899745 0.325514292548 -0.00872665688796
88.91/42.07	eucalyptus 0.282264896755 0.107290333783 0.549779383942
93.79/43.62	cylinder-bands 0.284132027003 0.0933011512852 0.529417184537
98.74/45.17	ionosphere 0.42698590414 0.209687641423 -0.112153701486
103.64/46.97	mfeat-karhunen 0.249676705225 0.0838356834252 0.654176057083
108.53/48.67	balance-scale 0.207656440252 0.0634753197768 0.631874600591
113.41/50.25	mfeat-morphological 0.484978010207 0.313958589942 -0.211055812883
118.35/52.01	liver-disorders 0.192043864929 0.0545858251211 0.50453005193
123.35/58.78	dermatology 0.206013329548 0.0526788286783 0.512610289789
128.31/60.33	vote 0.0727885078793 0.00865694990684 0.790570472147
133.21/61.87	breast-cancer 0.198390603684 0.0542317794298 0.318361371654
138.18/63.43	credit-g 0.508683796923 0.351468115939 -0.413384968878
143.18/65.14	soybean 0.109890714617 0.0169397623436 0.847132137161
148.07/66.89	arrhythmia 0.276610173901 0.099150339857 -0.00646419028738
152.94/68.51	nursery 0.243829612999 0.075551441279 0.658054571255
157.83/70.20	hepatitis 0.390166367495 0.214002839655 -0.262769335182
162.58/71.74	cmc 0.161770329386 0.0326156868699 0.749199654307
167.41/73.30	heart-c 0.263076398825 0.0914754737918 0.732069550046
172.21/74.91	glass 0.349271502315 0.146167586588 0.406274359562
177.18/76.67	braziltourism 0.610874823773 0.456322437407 -0.476734033694
182.18/78.33	iris 0.326843971883 0.142826574378 0.120880358374
187.07/79.90	heart-statlog 0.334220104853 0.15248348809 0.574020097519
192.16/81.58	page-blocks 0.577986051398 0.447206676458 -0.634460276706
197.11/86.61	breast-w 0.239229551263 0.0772920061965 0.540729517539
201.99/88.34	heart-h 0.169755334538 0.0382350329886 0.673245418431
206.88/89.88	yeast 0.357189335341 0.156527249679 0.588564525666
211.93/91.60	tae 0.372780518444 0.171221219237 0.051713522299
216.67/93.18	haberman 0.282866890642 0.104758904975 -0.0258567611495
221.57/98.69	mfeat-pixel 0.387980714857 0.186234844247 0.133485529434
226.48/100.23	optdigits 0.231096971751 0.0663906219781 0.744997930621
231.45/105.32	mfeat-factors 0.274683473606 0.100309977736 0.596644763525
236.39/106.88	satimage 0.351353190295 0.153962645432 0.0830648451928
241.26/108.49	lymph 0.279482055651 0.112031828668 0.400133378789
246.18/110.44	audiology 0.283557015124 0.0990227636544 0.511963870761
251.11/112.16	ecoli 0.425497020863 0.233245697556 0.0504206842416
255.94/113.86	tic-tac-toe 0.171174160783 0.0425988438325 0.749846073336
260.94/115.47	spambase 0.37354944141 0.179509613462 0.723989312187
265.85/117.02	zoo 0.170431476285 0.0390256216484 0.679063189689
270.73/118.63	sonar 0.551354853737 0.381866280324 -0.379447969869
275.65/123.93	mfeat-zernike 0.228864791831 0.073561194047 0.556889993258
280.64/125.88	kr-vs-kp 0.220759986711 0.0601942668743 0.601816115755
280.85/126.08	MAE 0.325673311547 0.134648153269
280.85/126.08	MSE 0.160140795545 0.160140795545
280.85/126.08	Mean tau 0.318588185348 0.397715066853
280.85/126.08	(0.22807017543859648, '0_class_probability_max')
280.85/126.08	(0.8421052631578947, '1_class_probability_max')
280.85/126.08	(2.6140350877192984, '1_skewness_min')
280.85/126.08	(2.8421052631578947, '0_skewness_min')
280.85/126.08	(6.245614035087719, '1_class_probability_std')
280.85/126.08	(7.43859649122807, '0_class_entropy')
280.85/126.08	(7.631578947368421, '1_class_entropy')
280.85/126.08	(8.175438596491228, '0_landmark_decision_tree')
280.85/126.08	(9.210526315789474, '1_landmark_random_node_learner')
280.85/126.08	(10.298245614035087, '0_landmark_naive_bayes')
280.85/126.08	(10.543859649122806, '0_landmark_random_node_learner')
280.85/126.08	(10.701754385964913, '1_landmark_decision_tree')
280.85/126.08	(11.035087719298245, '1_landmark_naive_bayes')
280.85/126.08	(12.508771929824562, '0_class_probability_std')
280.85/126.08	(20.42105263157895, '0_pca_skewness_first_pc')
280.85/126.08	(20.596491228070175, '0_skewness_std')
280.85/126.08	(20.70175438596491, '1_pca_skewness_first_pc')
280.85/126.08	(21.105263157894736, '1_kurtosis_std')
280.85/126.08	(22.614035087719298, '1_skewness_std')
280.85/126.08	(23.24561403508772, '0_log_number_of_features')
280.85/126.08	(23.42105263157895, '1_landmark_lda')
280.85/126.08	(23.63157894736842, '1_landmark_1NN')
280.85/126.08	(24.736842105263158, '0_number_of_features')
280.85/126.08	(24.842105263157894, '1_skewness_max')
280.85/126.08	(25.228070175438596, '0_kurtosis_std')
280.85/126.08	(25.596491228070175, '0_landmark_1NN')
280.85/126.08	(25.736842105263158, '0_landmark_lda')
280.85/126.08	(26.17543859649123, '1_number_of_features')
280.85/126.08	(26.31578947368421, '0_skewness_max')
280.85/126.08	(26.63157894736842, '1_log_number_of_features')
280.85/126.08	(29.24561403508772, '0_kurtosis_min')
280.85/126.08	(29.82456140350877, '1_kurtosis_min')
280.85/126.08	(32.89473684210526, '0_symbols_sum')
280.85/126.08	(32.92982456140351, '0_number_of_numeric_features')
280.85/126.08	(33.21052631578947, '1_number_of_numeric_features')
280.85/126.08	(33.24561403508772, '1_symbols_sum')
280.85/126.08	(35.719298245614034, '0_number_of_categorical_features')
280.85/126.08	(39.89473684210526, '1_number_of_categorical_features')
280.85/126.08	(40.29824561403509, '1_kurtosis_max')
280.85/126.08	(41.421052631578945, '0_kurtosis_max')
280.85/126.08	(41.98245614035088, '1_class_probability_min')
280.85/126.08	(42.526315789473685, '0_landmark_decision_node_learner')
280.85/126.08	(42.75438596491228, '0_class_probability_min')
280.85/126.08	(43.98245614035088, '1_landmark_decision_node_learner')
280.85/126.08	(47.21052631578947, '0_log_number_of_instances')
280.85/126.08	(47.31578947368421, '1_pca_kurtosis_first_pc')
280.85/126.08	(47.43859649122807, '1_log_number_of_instances')
280.85/126.08	(47.473684210526315, '0_number_of_instances')
280.85/126.08	(47.96491228070175, '0_pca_kurtosis_first_pc')
280.85/126.08	(48.526315789473685, '0_pca_95%')
280.85/126.08	(49.333333333333336, '1_number_of_instances')
280.85/126.08	(49.64912280701754, '1_pca_95%')
280.85/126.08	(50.473684210526315, '0_skewness_mean')
280.85/126.08	(54.49122807017544, '1_symbols_mean')
280.85/126.08	(55.771929824561404, '0_symbols_mean')
280.85/126.08	(56.03508771929825, '0_ratio_numerical_to_categorical')
280.85/126.08	(56.12280701754386, '1_skewness_mean')
280.85/126.08	(57.10526315789474, '1_log_dataset_ratio')
280.85/126.08	(57.64912280701754, '1_dataset_ratio')
280.85/126.08	(57.824561403508774, '1_inverse_dataset_ratio')
280.85/126.08	(58.228070175438596, '1_log_inverse_dataset_ratio')
280.85/126.08	(58.29824561403509, '0_inverse_dataset_ratio')
280.85/126.08	(58.85964912280702, '0_dataset_ratio')
280.85/126.08	(59.421052631578945, '0_log_inverse_dataset_ratio')
280.85/126.08	(59.78947368421053, '0_log_dataset_ratio')
280.85/126.08	(60.29824561403509, '1_ratio_numerical_to_categorical')
280.85/126.08	(62.85964912280702, '1_symbols_min')
280.85/126.08	(62.98245614035088, '0_symbols_min')
280.85/126.08	(63.73684210526316, '1_kurtosis_mean')
280.85/126.08	(64.42105263157895, '0_kurtosis_mean')
280.85/126.08	(69.6842105263158, '0_symbols_max')
280.85/126.08	(73.89473684210526, '0_ratio_categorical_to_numerical')
280.85/126.08	(74.08771929824562, '1_ratio_categorical_to_numerical')
280.85/126.08	(74.42105263157895, '1_symbols_max')
280.85/126.08	(75.85964912280701, '1_percentage_of_features_with_missing_values')
280.85/126.08	(77.03508771929825, '0_number_of_classes')
280.85/126.08	(77.29824561403508, '1_symbols_std')
280.85/126.08	(77.35087719298245, '1_number_of_classes')
280.85/126.08	(77.3859649122807, '0_percentage_of_features_with_missing_values')
280.85/126.08	(77.54385964912281, '0_symbols_std')
280.85/126.08	(77.71929824561404, '0_class_probability_mean')
280.85/126.08	(77.96491228070175, '1_class_probability_mean')
280.85/126.08	(78.66666666666667, '1_percentage_of_missing_values')
280.85/126.08	(82.03508771929825, '0_percentage_of_missing_values')
280.85/126.08	(82.43859649122807, '0_percentage_of_Instances_with_missing_values')
280.85/126.08	(83.10526315789474, '0_number_of_Instances_with_missing_values')
280.85/126.08	(83.50877192982456, '0_number_of_missing_values')
280.85/126.08	(84.10526315789474, '1_percentage_of_Instances_with_missing_values')
280.85/126.08	(84.19298245614036, '1_number_of_Instances_with_missing_values')
280.85/126.08	(85.42105263157895, '0_number_of_features_with_missing_values')
280.85/126.08	(85.50877192982456, '1_number_of_missing_values')
280.85/126.08	(86.24561403508773, '1_number_of_features_with_missing_values')
280.85/126.08	Result for ParamILS: SAT, 124.010077, 1, 0.325673, -1, /home/feurerm/thesis/Software/pyMetaLearn/optimizers/metalearn_optimizer/learn_distances.py
