0.66/0.89	['/home/feurerm/thesis/Software/pyMetaLearn/optimizers/metalearn_optimizer/learn_distances.py', '--input_file', '/home/feurerm/thesis/experiments/2014_04_25_predict_distances/testfold_0-3_spearman_rank_perm.pkl', '--fold', '0', '--folds', '1', '--params', '-max_features', '0.750297494863', '-min_samples_leaf', '4', '-min_samples_split', '2', '-n_estimators', '11', '-n_jobs', '4', '-seed', '89']
0.75/0.90	Metafeatures (57, 46)
0.75/0.90	X (3192, 92)
0.75/0.90	Y (3192,)
0.75/0.90	Dataset Mae MSE Rho
2.21/1.56	vehicle 0.486157624425 0.318241104357 -0.199097060851
3.76/2.25	anneal.ORIG 0.77638120904 0.674242760285 -0.230448383745
5.31/2.93	segment 0.28199000459 0.104003393569 0.678739980175
6.85/3.65	pendigits 0.404617099018 0.206866840398 0.24337676432
8.40/4.24	mushroom 0.23956651256 0.0714486255413 0.520367318134
9.95/4.93	labor 0.21007407377 0.060068627099 0.501297956786
11.50/5.61	abalone 0.391726447021 0.201111040665 0.316422114567
13.02/6.19	diabetes 0.481863664285 0.316795898573 -0.0378155131812
14.56/6.88	car 0.744560165402 0.6727934499 -0.0808023785923
16.08/7.47	autos 0.160875356611 0.0370147437152 0.664518761543
17.65/8.15	mfeat-fourier 0.672282651295 0.584735567533 -0.492894509413
19.17/8.83	primary-tumor 0.167751240152 0.0389854752657 0.663225923485
20.69/9.52	waveform-5000 0.258617669514 0.0918880274862 0.483521433496
22.27/10.21	credit-a 0.44915511044 0.280048320017 0.188754356392
23.77/10.79	letter 0.278077743419 0.104016342716 0.590180573238
25.38/11.48	postoperative-patient-data 0.441369725493 0.242248954681 -0.119758758566
26.90/12.16	vowel 0.50695943817 0.319269934268 0.0235942945489
28.46/12.85	eucalyptus 0.267692953291 0.0931375821952 0.539436679482
30.05/13.53	cylinder-bands 0.272042488219 0.0887192520965 0.551395431514
31.59/14.12	ionosphere 0.414618142619 0.200855411216 -0.048158217641
33.13/14.70	mfeat-karhunen 0.268332794811 0.103726493076 0.546752874803
34.65/15.39	balance-scale 0.233267770676 0.0802552430157 0.400779797818
36.16/15.97	mfeat-morphological 0.512429029695 0.361209611656 -0.225277031515
37.77/16.83	liver-disorders 0.136769916008 0.0280155884178 0.567879116746
39.32/17.51	dermatology 0.207621377603 0.0577343826591 0.497742652128
40.88/18.10	vote 0.077504556309 0.00937780868118 0.77085469177
42.38/18.79	breast-cancer 0.15606025197 0.0376911734384 0.335356847536
43.94/19.48	credit-g 0.63353264091 0.537694437578 -0.518428061048
45.50/20.17	soybean 0.12230569787 0.0209712007569 0.743381883049
47.02/20.76	arrhythmia 0.303335472075 0.115896451837 -0.0770916704939
48.55/21.44	nursery 0.243340018041 0.0779021936748 0.655145685626
50.10/22.13	hepatitis 0.354038591187 0.186303597527 -0.314806066995
51.65/22.81	cmc 0.164088917351 0.0387021436265 0.603108953813
53.24/23.50	heart-c 0.264655892741 0.0972248019923 0.592443039838
54.74/24.18	glass 0.266211970553 0.0905519200848 0.629935343505
56.36/24.87	braziltourism 0.651421595255 0.533825369126 -0.378478341326
57.92/25.56	iris 0.294264230208 0.118552622508 0.237558993061
59.44/26.14	heart-statlog 0.283376035689 0.105601029041 0.615714124873
61.03/26.83	page-blocks 0.641759441834 0.548723720366 -0.618623010502
62.55/27.41	breast-w 0.232088586658 0.0738113883437 0.454109367689
64.11/28.10	heart-h 0.146002463355 0.0322176487828 0.704596741325
65.64/28.79	yeast 0.337106820057 0.150306619501 0.455402205746
67.16/29.48	tae 0.35971034701 0.164265224252 0.0536527793853
68.73/30.06	haberman 0.319187560017 0.136844548254 -0.087589778394
70.26/30.64	mfeat-pixel 0.39677319236 0.203789046952 0.13833367215
71.81/31.33	optdigits 0.216843168989 0.0621112170793 0.713865636418
73.35/31.92	mfeat-factors 0.26210563022 0.0932681865436 0.575959354606
74.91/32.60	satimage 0.391459657779 0.193496219268 0.011798096323
76.45/33.19	lymph 0.238214353063 0.0807798030059 0.469623424378
77.97/33.78	audiology 0.278907575397 0.0913906851598 0.462512815062
79.51/34.37	ecoli 0.41573257183 0.221048438843 0.075307816848
81.07/35.05	tic-tac-toe 0.175661895587 0.0449581951353 0.687466637063
82.60/35.64	spambase 0.373207066221 0.184022989791 0.598584020611
84.12/36.22	zoo 0.190318820917 0.0548676876771 0.601702912471
85.65/36.81	sonar 0.573670351092 0.424369031025 -0.379316877671
87.19/37.50	mfeat-zernike 0.251002385347 0.082771746087 0.391406721901
88.75/38.18	kr-vs-kp 0.220068528105 0.061659077291 0.597614392068
88.79/38.22	MAE 0.335065903406 0.161767513748
88.79/38.22	MSE 0.179165419186 0.179165419186
88.79/38.22	Mean tau 0.286751518006 0.379166796191
88.79/38.22	(0.03508771929824561, '0_class_probability_max')
88.79/38.22	(1.0701754385964912, '1_class_probability_max')
88.79/38.22	(2.263157894736842, '0_skewness_min')
88.79/38.22	(2.719298245614035, '1_skewness_min')
88.79/38.22	(8.473684210526315, '1_landmark_naive_bayes')
88.79/38.22	(8.614035087719298, '1_class_entropy')
88.79/38.22	(8.807017543859649, '0_landmark_naive_bayes')
88.79/38.22	(15.736842105263158, '1_pca_skewness_first_pc')
88.79/38.22	(17.45614035087719, '0_landmark_lda')
88.79/38.22	(17.719298245614034, '0_pca_skewness_first_pc')
88.79/38.22	(19.403508771929825, '1_landmark_lda')
88.79/38.22	(20.42105263157895, '1_class_probability_std')
88.79/38.22	(20.82456140350877, '1_landmark_decision_tree')
88.79/38.22	(21.736842105263158, '1_kurtosis_min')
88.79/38.22	(22.05263157894737, '0_kurtosis_min')
88.79/38.22	(25.894736842105264, '1_landmark_1NN')
88.79/38.22	(26.80701754385965, '0_landmark_1NN')
88.79/38.22	(26.859649122807017, '0_class_probability_std')
88.79/38.22	(27.017543859649123, '0_skewness_max')
88.79/38.22	(27.92982456140351, '0_landmark_decision_tree')
88.79/38.22	(29.263157894736842, '0_class_entropy')
88.79/38.22	(29.43859649122807, '1_skewness_max')
88.79/38.22	(29.63157894736842, '1_number_of_numeric_features')
88.79/38.22	(29.912280701754387, '0_number_of_numeric_features')
88.79/38.22	(30.92982456140351, '1_class_probability_min')
88.79/38.22	(32.03508771929825, '1_log_number_of_instances')
88.79/38.22	(32.29824561403509, '1_number_of_features')
88.79/38.22	(32.87719298245614, '1_log_number_of_features')
88.79/38.22	(33.01754385964912, '0_class_probability_min')
88.79/38.22	(33.75438596491228, '0_kurtosis_max')
88.79/38.22	(34.49122807017544, '0_log_number_of_instances')
88.79/38.22	(34.526315789473685, '1_number_of_instances')
88.79/38.22	(34.64912280701754, '1_kurtosis_max')
88.79/38.22	(36.36842105263158, '1_skewness_std')
88.79/38.22	(37.01754385964912, '0_number_of_instances')
88.79/38.22	(37.421052631578945, '0_landmark_decision_node_learner')
88.79/38.22	(37.75438596491228, '0_symbols_mean')
88.79/38.22	(38.526315789473685, '1_landmark_decision_node_learner')
88.79/38.22	(38.719298245614034, '1_landmark_random_node_learner')
88.79/38.22	(39.0, '1_kurtosis_std')
88.79/38.22	(39.12280701754386, '0_skewness_mean')
88.79/38.22	(39.56140350877193, '0_log_number_of_features')
88.79/38.22	(39.56140350877193, '0_number_of_features')
88.79/38.22	(39.56140350877193, '1_skewness_mean')
88.79/38.22	(40.3859649122807, '0_skewness_std')
88.79/38.22	(40.94736842105263, '1_pca_kurtosis_first_pc')
88.79/38.22	(41.14035087719298, '1_symbols_mean')
88.79/38.22	(44.31578947368421, '0_pca_kurtosis_first_pc')
88.79/38.22	(44.40350877192982, '0_symbols_min')
88.79/38.22	(44.56140350877193, '0_log_inverse_dataset_ratio')
88.79/38.22	(44.68421052631579, '0_landmark_random_node_learner')
88.79/38.22	(45.50877192982456, '1_pca_95%')
88.79/38.22	(46.3859649122807, '0_kurtosis_std')
88.79/38.22	(46.824561403508774, '0_pca_95%')
88.79/38.22	(47.14035087719298, '0_log_dataset_ratio')
88.79/38.22	(48.35087719298246, '0_dataset_ratio')
88.79/38.22	(49.473684210526315, '1_symbols_min')
88.79/38.22	(50.0, '1_dataset_ratio')
88.79/38.22	(50.05263157894737, '1_log_inverse_dataset_ratio')
88.79/38.22	(51.29824561403509, '1_log_dataset_ratio')
88.79/38.22	(52.280701754385966, '0_inverse_dataset_ratio')
88.79/38.22	(53.280701754385966, '1_inverse_dataset_ratio')
88.79/38.22	(54.01754385964912, '1_ratio_numerical_to_categorical')
88.79/38.22	(54.50877192982456, '0_symbols_sum')
88.79/38.22	(54.824561403508774, '0_ratio_numerical_to_categorical')
88.79/38.22	(55.56140350877193, '1_symbols_sum')
88.79/38.22	(59.526315789473685, '0_kurtosis_mean')
88.79/38.22	(62.05263157894737, '1_kurtosis_mean')
88.79/38.22	(66.57894736842105, '0_number_of_categorical_features')
88.79/38.22	(67.64912280701755, '1_number_of_categorical_features')
88.79/38.22	(69.6140350877193, '1_ratio_categorical_to_numerical')
88.79/38.22	(69.78947368421052, '0_number_of_classes')
88.79/38.22	(71.63157894736842, '0_ratio_categorical_to_numerical')
88.79/38.22	(71.66666666666667, '1_number_of_classes')
88.79/38.22	(73.15789473684211, '1_class_probability_mean')
88.79/38.22	(73.26315789473684, '0_class_probability_mean')
88.79/38.22	(74.0701754385965, '1_symbols_max')
88.79/38.22	(74.36842105263158, '1_percentage_of_features_with_missing_values')
88.79/38.22	(75.21052631578948, '0_symbols_max')
88.79/38.22	(76.59649122807018, '0_symbols_std')
88.79/38.22	(77.6140350877193, '1_symbols_std')
88.79/38.22	(77.9298245614035, '1_percentage_of_Instances_with_missing_values')
88.79/38.22	(80.17543859649123, '1_number_of_Instances_with_missing_values')
88.79/38.22	(80.26315789473684, '0_number_of_Instances_with_missing_values')
88.79/38.22	(80.33333333333333, '0_percentage_of_Instances_with_missing_values')
88.79/38.22	(80.45614035087719, '0_percentage_of_features_with_missing_values')
88.79/38.22	(81.47368421052632, '0_number_of_missing_values')
88.79/38.22	(82.14035087719299, '1_percentage_of_missing_values')
88.79/38.22	(82.45614035087719, '1_number_of_missing_values')
88.79/38.22	(83.6140350877193, '0_percentage_of_missing_values')
88.79/38.22	(86.43859649122807, '1_number_of_features_with_missing_values')
88.79/38.22	(86.70175438596492, '0_number_of_features_with_missing_values')
88.79/38.22	Result for ParamILS: SAT, 37.329850, 1, 0.335066, -1, /home/feurerm/thesis/Software/pyMetaLearn/optimizers/metalearn_optimizer/learn_distances.py
