0.81/12.70	['/home/feurerm/thesis/Software/pyMetaLearn/optimizers/metalearn_optimizer/learn_distances.py', '--input_file', '/home/feurerm/thesis/experiments/2014_04_25_predict_distances/testfold_0-3_spearman_rank_perm.pkl', '--fold', '0', '--folds', '1', '--params', '-max_features', '0.676324948259', '-min_samples_leaf', '2', '-min_samples_split', '10', '-n_estimators', '38', '-n_jobs', '4', '-seed', '98']
0.81/12.71	Metafeatures (57, 46)
0.81/12.71	X (3192, 92)
0.81/12.71	Y (3192,)
0.81/12.71	Dataset Mae MSE Rho
5.14/14.30	vehicle 0.460340711579 0.276262259321 -0.0927611306239
9.77/18.60	anneal.ORIG 0.688242505048 0.54471639538 -0.159342290584
14.49/20.73	segment 0.28508098314 0.103112068676 0.740472997419
19.13/22.23	pendigits 0.39550931108 0.191178619178 0.241437507234
23.76/27.59	mushroom 0.222405213854 0.0625831835804 0.571434421404
28.37/29.14	labor 0.187283110494 0.0526431605352 0.589534154209
32.95/30.65	abalone 0.407098821672 0.211084652759 0.197481013279
37.47/37.30	diabetes 0.501748185646 0.343675726646 -0.172270671159
42.04/38.93	car 0.61674531512 0.490824882369 -0.096316435282
46.67/40.45	autos 0.193126514721 0.049848339822 0.597291182554
51.37/41.92	mfeat-fourier 0.683992880362 0.601769970563 -0.480935757381
56.04/43.40	primary-tumor 0.180530923641 0.0414269513284 0.647065447767
60.73/49.60	waveform-5000 0.232371742789 0.0752105363199 0.659993828342
65.33/51.38	credit-a 0.427279138888 0.261514857449 0.233680478889
69.95/52.88	letter 0.297197692943 0.115198605033 0.571434421404
74.82/57.18	postoperative-patient-data 0.454693419307 0.246461550519 -0.377831922297
79.40/59.16	vowel 0.484409922534 0.287221823375 0.084034473736
84.00/65.39	eucalyptus 0.23498166824 0.0751809930575 0.631874600591
88.69/66.86	cylinder-bands 0.268387030598 0.0859764910057 0.567555907232
93.29/71.60	ionosphere 0.434879134233 0.220926054954 -0.141888976808
97.92/73.28	mfeat-karhunen 0.265414258444 0.0978088870829 0.579837868778
102.54/75.06	balance-scale 0.241864616512 0.0843274153838 0.413384968878
107.10/76.98	mfeat-morphological 0.507845566685 0.347120802717 -0.268910315955
111.64/81.44	liver-disorders 0.149166394513 0.0332601280999 0.600846487212
116.24/82.92	dermatology 0.232619897826 0.0683304625488 0.446675548858
120.83/88.12	vote 0.0684068236616 0.00788547509673 0.79380256729
125.57/89.63	breast-cancer 0.152789500713 0.0303881538944 0.43277753974
130.23/91.98	credit-g 0.595216108797 0.469688169684 -0.628965714962
134.79/93.47	soybean 0.104921040549 0.015331005635 0.820305747469
139.38/95.66	arrhythmia 0.318778416334 0.131787613028 -0.239821459662
143.97/97.12	nursery 0.230121957524 0.0687961368479 0.683264913376
148.57/98.59	hepatitis 0.32491171428 0.150454653997 0.121203567888
153.17/103.19	cmc 0.165140643761 0.0364003393899 0.67098295183
157.78/104.67	heart-c 0.21970198156 0.0652571165316 0.792832938747
162.34/109.11	glass 0.285751912318 0.0998235431155 0.619269429531
167.16/110.69	braziltourism 0.688778769701 0.589790160485 -0.596644763525
171.84/116.11	iris 0.292089994073 0.113127413202 0.235942945489
176.48/117.69	heart-statlog 0.305344560436 0.129774256031 0.574666516548
181.26/123.94	page-blocks 0.630542898033 0.529884172231 -0.591473411295
185.89/125.41	breast-w 0.224555963385 0.0663605176167 0.460250348462
190.48/130.58	heart-h 0.127009404472 0.0234093087937 0.733039178589
195.06/132.07	yeast 0.317238731357 0.125111289014 0.629935343505
199.64/133.77	tae 0.31771880296 0.134177833171 -0.018422942319
204.33/138.31	haberman 0.298003002446 0.116223705256 -0.0872665688796
208.99/140.69	mfeat-pixel 0.416306784446 0.214042324419 0.084034473736
213.69/142.17	optdigits 0.195687398782 0.0515766141325 0.759865568282
218.45/143.75	mfeat-factors 0.295290168691 0.114915008548 0.532002860651
223.15/145.39	satimage 0.369817450018 0.165310157956 0.0924379211095
227.74/146.88	lymph 0.28733044428 0.123051598496 0.345834180375
232.35/148.35	audiology 0.284032323437 0.101018809631 0.459927138947
236.99/153.96	ecoli 0.422685262959 0.226451182257 0.06658115996
241.62/155.43	tic-tac-toe 0.175937114198 0.0444505217901 0.723342893158
246.39/160.07	spambase 0.39567714465 0.198957318459 0.654499266597
250.98/161.85	zoo 0.178760596146 0.043051206775 0.631228181563
255.61/165.65	sonar 0.584523131772 0.435960809953 -0.40465831199
260.27/167.50	mfeat-zernike 0.225448654243 0.0721395936329 0.562384555002
264.89/169.02	kr-vs-kp 0.209751919181 0.0551360269987 0.615067705844
265.03/169.14	MAE 0.329148869808 0.154780214582
265.03/169.14	MSE 0.170480646557 0.170480646557
265.03/169.14	Mean tau 0.300210605768 0.411738328759
265.03/169.14	(0.21052631578947367, '1_class_probability_max')
265.03/169.14	(0.9298245614035088, '0_class_probability_max')
265.03/169.14	(2.1403508771929824, '1_skewness_min')
265.03/169.14	(2.8596491228070176, '0_skewness_min')
265.03/169.14	(5.807017543859649, '0_class_entropy')
265.03/169.14	(8.596491228070175, '0_landmark_naive_bayes')
265.03/169.14	(9.12280701754386, '0_landmark_decision_tree')
265.03/169.14	(10.228070175438596, '1_landmark_naive_bayes')
265.03/169.14	(10.350877192982455, '0_class_probability_std')
265.03/169.14	(11.298245614035087, '1_landmark_decision_tree')
265.03/169.14	(11.43859649122807, '1_class_probability_std')
265.03/169.14	(12.894736842105264, '1_class_entropy')
265.03/169.14	(13.842105263157896, '0_landmark_random_node_learner')
265.03/169.14	(15.333333333333334, '1_pca_skewness_first_pc')
265.03/169.14	(17.17543859649123, '0_pca_skewness_first_pc')
265.03/169.14	(19.68421052631579, '1_landmark_lda')
265.03/169.14	(19.842105263157894, '1_landmark_random_node_learner')
265.03/169.14	(20.68421052631579, '0_landmark_lda')
265.03/169.14	(22.982456140350877, '0_kurtosis_min')
265.03/169.14	(24.31578947368421, '0_skewness_max')
265.03/169.14	(25.649122807017545, '1_skewness_max')
265.03/169.14	(26.92982456140351, '1_kurtosis_min')
265.03/169.14	(28.24561403508772, '1_landmark_1NN')
265.03/169.14	(28.280701754385966, '0_log_number_of_features')
265.03/169.14	(29.894736842105264, '0_number_of_features')
265.03/169.14	(30.57894736842105, '0_class_probability_min')
265.03/169.14	(31.017543859649123, '0_landmark_1NN')
265.03/169.14	(31.105263157894736, '0_kurtosis_std')
265.03/169.14	(31.263157894736842, '1_skewness_std')
265.03/169.14	(31.982456140350877, '0_skewness_std')
265.03/169.14	(33.36842105263158, '0_number_of_numeric_features')
265.03/169.14	(33.92982456140351, '1_class_probability_min')
265.03/169.14	(35.08771929824562, '0_kurtosis_max')
265.03/169.14	(35.578947368421055, '1_kurtosis_max')
265.03/169.14	(35.64912280701754, '1_number_of_features')
265.03/169.14	(36.70175438596491, '1_number_of_numeric_features')
265.03/169.14	(37.10526315789474, '1_log_number_of_instances')
265.03/169.14	(37.473684210526315, '1_log_number_of_features')
265.03/169.14	(40.29824561403509, '0_log_number_of_instances')
265.03/169.14	(40.6140350877193, '1_skewness_mean')
265.03/169.14	(40.94736842105263, '1_number_of_instances')
265.03/169.14	(41.0, '1_kurtosis_std')
265.03/169.14	(41.35087719298246, '0_number_of_instances')
265.03/169.14	(42.578947368421055, '0_skewness_mean')
265.03/169.14	(44.49122807017544, '1_landmark_decision_node_learner')
265.03/169.14	(45.19298245614035, '0_landmark_decision_node_learner')
265.03/169.14	(45.29824561403509, '1_pca_kurtosis_first_pc')
265.03/169.14	(46.05263157894737, '0_pca_kurtosis_first_pc')
265.03/169.14	(46.35087719298246, '1_symbols_sum')
265.03/169.14	(46.98245614035088, '1_symbols_mean')
265.03/169.14	(47.91228070175438, '0_symbols_mean')
265.03/169.14	(48.3859649122807, '0_symbols_sum')
265.03/169.14	(49.94736842105263, '0_pca_95%')
265.03/169.14	(50.36842105263158, '1_symbols_min')
265.03/169.14	(51.473684210526315, '1_log_dataset_ratio')
265.03/169.14	(51.91228070175438, '1_pca_95%')
265.03/169.14	(51.98245614035088, '0_number_of_categorical_features')
265.03/169.14	(52.31578947368421, '1_number_of_categorical_features')
265.03/169.14	(52.73684210526316, '1_inverse_dataset_ratio')
265.03/169.14	(53.19298245614035, '0_symbols_min')
265.03/169.14	(53.63157894736842, '1_log_inverse_dataset_ratio')
265.03/169.14	(55.05263157894737, '0_log_inverse_dataset_ratio')
265.03/169.14	(55.26315789473684, '1_dataset_ratio')
265.03/169.14	(56.85964912280702, '0_dataset_ratio')
265.03/169.14	(56.91228070175438, '0_inverse_dataset_ratio')
265.03/169.14	(57.01754385964912, '0_log_dataset_ratio')
265.03/169.14	(59.31578947368421, '0_ratio_numerical_to_categorical')
265.03/169.14	(61.64912280701754, '1_ratio_numerical_to_categorical')
265.03/169.14	(65.63157894736842, '1_kurtosis_mean')
265.03/169.14	(66.85964912280701, '0_kurtosis_mean')
265.03/169.14	(72.01754385964912, '0_ratio_categorical_to_numerical')
265.03/169.14	(74.0, '0_class_probability_mean')
265.03/169.14	(74.24561403508773, '1_ratio_categorical_to_numerical')
265.03/169.14	(74.40350877192982, '1_number_of_classes')
265.03/169.14	(74.94736842105263, '1_class_probability_mean')
265.03/169.14	(75.01754385964912, '0_number_of_classes')
265.03/169.14	(76.0, '0_symbols_max')
265.03/169.14	(76.43859649122807, '1_symbols_max')
265.03/169.14	(76.63157894736842, '0_percentage_of_features_with_missing_values')
265.03/169.14	(77.59649122807018, '1_symbols_std')
265.03/169.14	(77.64912280701755, '0_symbols_std')
265.03/169.14	(78.9298245614035, '1_percentage_of_features_with_missing_values')
265.03/169.14	(80.6140350877193, '1_number_of_Instances_with_missing_values')
265.03/169.14	(81.75438596491227, '0_percentage_of_missing_values')
265.03/169.14	(82.50877192982456, '0_percentage_of_Instances_with_missing_values')
265.03/169.14	(83.05263157894737, '0_number_of_Instances_with_missing_values')
265.03/169.14	(83.54385964912281, '1_percentage_of_Instances_with_missing_values')
265.03/169.14	(83.78947368421052, '1_percentage_of_missing_values')
265.03/169.14	(84.01754385964912, '0_number_of_missing_values')
265.03/169.14	(85.29824561403508, '1_number_of_missing_values')
265.03/169.14	(87.14035087719299, '0_number_of_features_with_missing_values')
265.03/169.14	(87.24561403508773, '1_number_of_features_with_missing_values')
265.03/169.14	Result for ParamILS: SAT, 156.439606, 1, 0.329149, -1, /home/feurerm/thesis/Software/pyMetaLearn/optimizers/metalearn_optimizer/learn_distances.py
