0.81/3.60	['/home/feurerm/thesis/Software/pyMetaLearn/optimizers/metalearn_optimizer/learn_distances.py', '--input_file', '/home/feurerm/thesis/experiments/2014_04_25_predict_distances/testfold_0-3_spearman_rank_perm.pkl', '--fold', '0', '--folds', '1', '--params', '-max_features', '0.8488686998', '-min_samples_leaf', '7', '-min_samples_split', '4', '-n_estimators', '55', '-n_jobs', '4', '-seed', '44']
0.81/3.62	Metafeatures (57, 46)
0.81/3.62	X (3192, 92)
0.81/3.62	Y (3192,)
0.81/3.62	Dataset Mae MSE Rho
7.94/5.71	vehicle 0.483867814923 0.301424363322 -0.179381280475
15.46/11.21	anneal.ORIG 0.798534736659 0.708892315435 -0.190370403963
22.96/13.52	segment 0.274983802756 0.0944899276151 0.756633473138
30.46/19.34	pendigits 0.373596043036 0.171281806527 0.303816943507
37.93/21.76	mushroom 0.237724014001 0.0682218930548 0.541699146083
45.39/23.98	labor 0.19682849672 0.0579148173484 0.498065861643
52.89/28.93	abalone 0.412823502251 0.215747039836 0.214611117541
60.15/31.68	diabetes 0.485925299171 0.335546457039 -0.254689097323
67.57/33.92	car 0.626774497976 0.503558964402 -0.0866201498509
74.96/36.15	autos 0.182735859434 0.0449067731951 0.605371420413
82.48/38.37	mfeat-fourier 0.64671716698 0.54547295929 -0.466714538749
89.93/41.87	primary-tumor 0.189603472183 0.044439473437 0.634783486221
97.47/44.26	waveform-5000 0.228289450208 0.0731659231682 0.647065447767
105.01/46.74	credit-a 0.444302050465 0.275538139061 0.201036317938
112.42/52.58	letter 0.293923614803 0.112879223666 0.577898611692
120.11/54.94	postoperative-patient-data 0.442716459086 0.245624277857 -0.167745737958
127.49/60.82	vowel 0.474826914937 0.276304948425 0.100518158969
134.97/63.03	eucalyptus 0.26886703274 0.0941733583835 0.593412668382
142.47/65.62	cylinder-bands 0.29520827388 0.104424681534 0.501297956786
150.04/67.88	ionosphere 0.430984888664 0.22023755032 -0.17679560436
157.52/70.17	mfeat-karhunen 0.274553362852 0.101952246641 0.564970231117
164.86/72.41	balance-scale 0.26122491044 0.0936918861028 0.272788830127
172.25/74.89	mfeat-morphological 0.495318769986 0.330599287027 -0.235619735975
179.76/77.20	liver-disorders 0.150769784812 0.0307306075192 0.4993586997
187.33/79.53	dermatology 0.210214823288 0.0559777812703 0.489339204755
194.84/82.18	vote 0.0743224370812 0.0089213636749 0.770531482256
202.39/84.42	breast-cancer 0.120986189366 0.0232519532801 0.511640661246
209.98/87.22	credit-g 0.565469216346 0.431464103655 -0.500328328243
217.61/89.61	soybean 0.109563935983 0.0163261914862 0.793479357776
225.10/93.25	arrhythmia 0.324495946622 0.128689268371 -0.173240299702
232.59/95.74	nursery 0.244415393868 0.0770366513591 0.643510143109
240.07/98.00	hepatitis 0.337037919253 0.162936290093 -0.130576643805
247.51/101.18	cmc 0.162973524853 0.03524440953 0.651590380968
254.98/103.71	heart-c 0.239420681833 0.0774720286716 0.774733205943
262.43/106.00	glass 0.296139215094 0.111493377204 0.579837868778
270.19/108.33	braziltourism 0.711642847315 0.597441052307 -0.480289338352
277.67/110.58	iris 0.318247620801 0.136199156453 0.0947003877101
285.11/112.94	heart-statlog 0.295642560479 0.114757023336 0.658700990284
292.84/119.05	page-blocks 0.601164909201 0.485616648732 -0.543961612683
300.33/122.54	breast-w 0.245243019224 0.0805995055826 0.402395845389
307.76/125.18	heart-h 0.162006083951 0.0333132333133 0.697809341523
315.18/127.48	yeast 0.344218761334 0.146705197975 0.503883632901
322.58/129.80	tae 0.360000443438 0.162387491112 0.0277960182357
330.05/132.43	haberman 0.300515850689 0.123832690131 -0.0206854089196
337.59/134.93	mfeat-pixel 0.394143248878 0.195293456655 0.120233939345
345.12/137.16	optdigits 0.246489099694 0.0761054423705 0.69910217958
352.68/139.37	mfeat-factors 0.247946654776 0.0803992363094 0.723666102672
360.26/141.65	satimage 0.332525187909 0.141031641094 0.170654623587
367.72/143.86	lymph 0.256681080689 0.100178633631 0.330320123685
375.13/148.95	audiology 0.266846643482 0.0833781350112 0.534588536766
382.65/154.67	ecoli 0.422531986654 0.226855950434 0.0138980091179
390.13/160.64	tic-tac-toe 0.174675391618 0.0424983526399 0.722373264615
397.85/163.97	spambase 0.370496602591 0.182653480006 0.609896353614
405.34/166.53	zoo 0.198738091507 0.0525606427003 0.573696888005
412.81/168.78	sonar 0.564990603699 0.395890576827 -0.352621580177
420.34/171.25	mfeat-zernike 0.238330756037 0.0804935793944 0.559798878887
427.79/173.49	kr-vs-kp 0.231766662652 0.0643778617525 0.596321554011
427.99/173.65	MAE 0.332297958056 0.154342076249
427.99/173.65	MSE 0.171624584677 0.171624584677
427.99/173.65	Mean tau 0.294880483952 0.391270253993
427.99/173.65	(0.3157894736842105, '1_class_probability_max')
427.99/173.65	(0.8596491228070176, '0_class_probability_max')
427.99/173.65	(2.1228070175438596, '0_skewness_min')
427.99/173.65	(2.8771929824561404, '1_skewness_min')
427.99/173.65	(7.421052631578948, '0_landmark_naive_bayes')
427.99/173.65	(7.43859649122807, '1_landmark_naive_bayes')
427.99/173.65	(8.105263157894736, '0_class_entropy')
427.99/173.65	(9.368421052631579, '1_class_entropy')
427.99/173.65	(10.596491228070175, '0_class_probability_std')
427.99/173.65	(11.982456140350877, '0_landmark_decision_tree')
427.99/173.65	(13.263157894736842, '0_pca_skewness_first_pc')
427.99/173.65	(14.298245614035087, '1_pca_skewness_first_pc')
427.99/173.65	(14.947368421052632, '1_class_probability_std')
427.99/173.65	(15.0, '0_landmark_lda')
427.99/173.65	(15.0, '1_landmark_decision_tree')
427.99/173.65	(15.859649122807017, '1_landmark_lda')
427.99/173.65	(18.63157894736842, '0_kurtosis_min')
427.99/173.65	(22.05263157894737, '1_kurtosis_min')
427.99/173.65	(22.17543859649123, '0_landmark_1NN')
427.99/173.65	(23.43859649122807, '1_landmark_1NN')
427.99/173.65	(25.596491228070175, '1_skewness_max')
427.99/173.65	(27.56140350877193, '1_class_probability_min')
427.99/173.65	(28.385964912280702, '0_class_probability_min')
427.99/173.65	(30.385964912280702, '0_landmark_random_node_learner')
427.99/173.65	(30.596491228070175, '0_skewness_max')
427.99/173.65	(31.43859649122807, '1_kurtosis_max')
427.99/173.65	(32.0, '0_kurtosis_max')
427.99/173.65	(32.29824561403509, '1_number_of_numeric_features')
427.99/173.65	(33.63157894736842, '0_number_of_numeric_features')
427.99/173.65	(34.40350877192982, '0_log_number_of_instances')
427.99/173.65	(34.6140350877193, '1_log_number_of_features')
427.99/173.65	(34.75438596491228, '1_number_of_instances')
427.99/173.65	(35.228070175438596, '1_log_number_of_instances')
427.99/173.65	(35.3859649122807, '0_number_of_instances')
427.99/173.65	(35.78947368421053, '1_number_of_features')
427.99/173.65	(35.87719298245614, '0_skewness_mean')
427.99/173.65	(36.824561403508774, '1_skewness_mean')
427.99/173.65	(37.6140350877193, '0_log_number_of_features')
427.99/173.65	(37.87719298245614, '0_number_of_features')
427.99/173.65	(38.92982456140351, '1_landmark_random_node_learner')
427.99/173.65	(40.10526315789474, '1_skewness_std')
427.99/173.65	(40.14035087719298, '1_kurtosis_std')
427.99/173.65	(40.96491228070175, '0_symbols_mean')
427.99/173.65	(41.228070175438596, '0_landmark_decision_node_learner')
427.99/173.65	(41.29824561403509, '1_landmark_decision_node_learner')
427.99/173.65	(42.421052631578945, '1_symbols_mean')
427.99/173.65	(43.1578947368421, '0_skewness_std')
427.99/173.65	(43.94736842105263, '0_pca_kurtosis_first_pc')
427.99/173.65	(44.94736842105263, '1_pca_kurtosis_first_pc')
427.99/173.65	(45.31578947368421, '0_kurtosis_std')
427.99/173.65	(48.12280701754386, '1_symbols_min')
427.99/173.65	(49.01754385964912, '0_pca_95%')
427.99/173.65	(49.1578947368421, '0_symbols_sum')
427.99/173.65	(50.333333333333336, '0_log_inverse_dataset_ratio')
427.99/173.65	(50.666666666666664, '0_symbols_min')
427.99/173.65	(50.719298245614034, '1_pca_95%')
427.99/173.65	(51.68421052631579, '1_dataset_ratio')
427.99/173.65	(53.12280701754386, '1_symbols_sum')
427.99/173.65	(54.526315789473685, '0_inverse_dataset_ratio')
427.99/173.65	(54.70175438596491, '0_dataset_ratio')
427.99/173.65	(55.719298245614034, '0_log_dataset_ratio')
427.99/173.65	(55.85964912280702, '1_log_inverse_dataset_ratio')
427.99/173.65	(57.05263157894737, '1_inverse_dataset_ratio')
427.99/173.65	(57.3859649122807, '1_log_dataset_ratio')
427.99/173.65	(57.526315789473685, '0_number_of_categorical_features')
427.99/173.65	(57.526315789473685, '0_ratio_numerical_to_categorical')
427.99/173.65	(57.8421052631579, '1_number_of_categorical_features')
427.99/173.65	(59.10526315789474, '1_ratio_numerical_to_categorical')
427.99/173.65	(65.17543859649123, '1_kurtosis_mean')
427.99/173.65	(66.96491228070175, '0_kurtosis_mean')
427.99/173.65	(72.33333333333333, '0_ratio_categorical_to_numerical')
427.99/173.65	(73.08771929824562, '1_number_of_classes')
427.99/173.65	(73.36842105263158, '1_ratio_categorical_to_numerical')
427.99/173.65	(73.56140350877193, '0_number_of_classes')
427.99/173.65	(74.08771929824562, '0_class_probability_mean')
427.99/173.65	(74.6842105263158, '1_class_probability_mean')
427.99/173.65	(75.50877192982456, '1_symbols_max')
427.99/173.65	(76.96491228070175, '0_symbols_max')
427.99/173.65	(77.66666666666667, '1_symbols_std')
427.99/173.65	(78.03508771929825, '0_symbols_std')
427.99/173.65	(78.98245614035088, '1_percentage_of_features_with_missing_values')
427.99/173.65	(79.85964912280701, '0_percentage_of_features_with_missing_values')
427.99/173.65	(81.78947368421052, '1_percentage_of_Instances_with_missing_values')
427.99/173.65	(82.0701754385965, '1_number_of_Instances_with_missing_values')
427.99/173.65	(82.87719298245614, '0_percentage_of_Instances_with_missing_values')
427.99/173.65	(83.35087719298245, '0_number_of_Instances_with_missing_values')
427.99/173.65	(85.2280701754386, '0_number_of_missing_values')
427.99/173.65	(85.3157894736842, '1_percentage_of_missing_values')
427.99/173.65	(85.49122807017544, '1_number_of_missing_values')
427.99/173.65	(85.6842105263158, '0_percentage_of_missing_values')
427.99/173.65	(87.63157894736842, '1_number_of_features_with_missing_values')
427.99/173.65	(87.73684210526316, '0_number_of_features_with_missing_values')
427.99/173.65	Result for ParamILS: SAT, 170.053844, 1, 0.332298, -1, /home/feurerm/thesis/Software/pyMetaLearn/optimizers/metalearn_optimizer/learn_distances.py
