0.68/0.84	['/home/feurerm/thesis/Software/pyMetaLearn/optimizers/metalearn_optimizer/learn_distances.py', '--input_file', '/home/feurerm/thesis/experiments/2014_04_25_predict_distances/testfold_0-3_spearman_rank_perm.pkl', '--fold', '0', '--folds', '1', '--params', '-max_features', '0.997415045273', '-min_samples_leaf', '5', '-min_samples_split', '9', '-n_estimators', '92', '-n_jobs', '4', '-seed', '80']
0.68/0.85	Metafeatures (57, 46)
0.68/0.85	X (3192, 92)
0.68/0.85	Y (3192,)
0.68/0.85	Dataset Mae MSE Rho
15.08/4.81	vehicle 0.510999943777 0.332868536393 -0.232387640831
30.44/9.15	anneal.ORIG 0.852782365264 0.805928966984 -0.26632463984
45.61/13.53	segment 0.26997038249 0.0925648019949 0.777642091572
60.74/17.88	pendigits 0.386116805161 0.183632260997 0.278606601386
75.79/22.11	mushroom 0.238957146494 0.070418402674 0.534588536766
90.86/26.36	labor 0.209607147213 0.0602744219699 0.431484701683
105.75/30.61	abalone 0.405994255583 0.212372974963 0.211379022397
120.33/34.75	diabetes 0.484542564312 0.335723595446 -0.305432991079
135.36/38.99	car 0.663191723069 0.553059608471 -0.0681972075319
150.44/43.25	autos 0.176066552039 0.0401814941439 0.620885477103
165.71/47.60	mfeat-fourier 0.676410172192 0.593109588063 -0.515842384933
180.75/51.96	primary-tumor 0.179345225467 0.0400116582287 0.667750856686
196.00/56.35	waveform-5000 0.21322346822 0.0623923327786 0.683911332405
211.28/60.70	credit-a 0.458179756782 0.295859316127 0.138010462636
226.34/65.05	letter 0.311016633844 0.122886729969 0.488369576212
241.78/69.29	postoperative-patient-data 0.458920811032 0.268492306685 -0.187461518334
256.67/73.54	vowel 0.467991761574 0.270798394071 0.151908471753
271.79/77.91	eucalyptus 0.236194881711 0.0738544151286 0.647065447767
286.97/82.16	cylinder-bands 0.278700304369 0.0922783338726 0.551072221999
302.08/86.50	ionosphere 0.416983377446 0.201513800634 -0.138656881664
317.17/90.75	mfeat-karhunen 0.260593273906 0.0903959844894 0.618299800988
332.14/95.09	balance-scale 0.270999950366 0.10719643078 0.24337676432
347.30/99.47	mfeat-morphological 0.495023685381 0.328640696995 -0.244992811892
362.57/103.83	liver-disorders 0.136881592019 0.0254957321276 0.543961612683
377.68/108.18	dermatology 0.220392416095 0.0603682969631 0.474148357579
392.90/112.62	vote 0.0704220523369 0.00852796745833 0.771177901285
408.21/116.97	breast-cancer 0.10321076598 0.0168568235371 0.587594897123
423.51/121.32	credit-g 0.582286104752 0.45999186647 -0.525861879878
438.51/125.59	soybean 0.111984328169 0.0169854581873 0.787661586517
453.47/129.89	arrhythmia 0.338913450333 0.138779090258 -0.250487373636
468.56/134.14	nursery 0.237015414272 0.0734249875264 0.663549133
483.67/138.49	hepatitis 0.283822683894 0.106405959543 0.126051710604
498.67/142.74	cmc 0.158097338215 0.0337627844627 0.63025855302
513.74/147.08	heart-c 0.203916176236 0.0550846507523 0.8322644995
528.81/151.45	glass 0.272968941211 0.0961440108408 0.628642505448
544.88/156.00	braziltourism 0.736676258931 0.654183369951 -0.605048210899
559.88/160.26	iris 0.305866367362 0.12493938393 0.158372662041
575.03/164.61	heart-statlog 0.306115523025 0.121465978443 0.587271687609
590.71/169.16	page-blocks 0.621502619223 0.514450293601 -0.712676979184
605.93/173.50	breast-w 0.255637418531 0.0886935385306 0.391406721901
620.92/177.84	heart-h 0.155966201491 0.0329829720566 0.739503368876
636.05/182.19	yeast 0.332882216613 0.139003143894 0.580484287807
651.10/186.54	tae 0.359419529151 0.16009826982 0.090175454509
666.47/190.89	haberman 0.297584333032 0.115104068469 -0.0736917692761
681.74/195.25	mfeat-pixel 0.408726027581 0.20660096841 0.107628768285
696.92/199.63	optdigits 0.234097789844 0.0682239530639 0.72495894073
712.12/203.98	mfeat-factors 0.260026110268 0.0869586096653 0.659024199798
727.43/208.36	satimage 0.360929402696 0.160761059593 0.0882361974228
742.48/212.53	lymph 0.256990687243 0.100304314431 0.317714952625
757.43/216.87	audiology 0.263094561475 0.0821580222235 0.53555816531
772.49/221.23	ecoli 0.395906079661 0.195967908496 0.154817357383
787.65/225.57	tic-tac-toe 0.158227564421 0.0327167676139 0.734008807132
803.23/230.00	spambase 0.332301000733 0.146035001201 0.650297542911
818.22/234.24	zoo 0.194201859027 0.0506717352056 0.578545030721
833.34/238.59	sonar 0.546562137747 0.37038241896 -0.301554476906
848.59/242.96	mfeat-zernike 0.225663415066 0.0724181944996 0.603432163327
863.53/247.11	kr-vs-kp 0.238982389782 0.0690248024375 0.575636145091
863.94/247.40	MAE 0.331387420072 0.164407932114
863.94/247.40	MSE 0.174025043061 0.174025043061
863.94/247.40	Mean tau 0.297159961579 0.411301840607
863.94/247.40	(0.5964912280701754, '1_class_probability_max')
863.94/247.40	(0.6140350877192983, '0_class_probability_max')
863.94/247.40	(2.473684210526316, '1_skewness_min')
863.94/247.40	(2.526315789473684, '0_skewness_min')
863.94/247.40	(4.7894736842105265, '0_landmark_naive_bayes')
863.94/247.40	(4.807017543859649, '1_landmark_naive_bayes')
863.94/247.40	(8.456140350877194, '1_landmark_lda')
863.94/247.40	(8.473684210526315, '0_pca_skewness_first_pc')
863.94/247.40	(8.912280701754385, '0_landmark_lda')
863.94/247.40	(9.421052631578947, '1_pca_skewness_first_pc')
863.94/247.40	(14.631578947368421, '1_landmark_decision_tree')
863.94/247.40	(14.842105263157896, '0_landmark_decision_tree')
863.94/247.40	(15.421052631578947, '1_class_probability_std')
863.94/247.40	(16.24561403508772, '0_class_probability_std')
863.94/247.40	(17.17543859649123, '1_landmark_1NN')
863.94/247.40	(18.07017543859649, '0_kurtosis_min')
863.94/247.40	(18.385964912280702, '1_kurtosis_min')
863.94/247.40	(19.07017543859649, '1_class_probability_min')
863.94/247.40	(19.403508771929825, '0_class_probability_min')
863.94/247.40	(19.45614035087719, '0_landmark_1NN')
863.94/247.40	(25.63157894736842, '0_kurtosis_max')
863.94/247.40	(26.24561403508772, '1_kurtosis_max')
863.94/247.40	(26.36842105263158, '0_skewness_mean')
863.94/247.40	(27.17543859649123, '0_skewness_max')
863.94/247.40	(27.666666666666668, '0_number_of_instances')
863.94/247.40	(28.666666666666668, '1_log_number_of_instances')
863.94/247.40	(29.05263157894737, '1_skewness_max')
863.94/247.40	(29.087719298245613, '0_number_of_numeric_features')
863.94/247.40	(29.210526315789473, '1_number_of_numeric_features')
863.94/247.40	(30.385964912280702, '1_number_of_instances')
863.94/247.40	(30.80701754385965, '1_skewness_mean')
863.94/247.40	(31.596491228070175, '0_log_number_of_instances')
863.94/247.40	(32.36842105263158, '0_class_entropy')
863.94/247.40	(32.59649122807018, '1_class_entropy')
863.94/247.40	(33.80701754385965, '0_symbols_mean')
863.94/247.40	(35.12280701754386, '1_landmark_decision_node_learner')
863.94/247.40	(35.43859649122807, '1_symbols_mean')
863.94/247.40	(36.473684210526315, '0_landmark_decision_node_learner')
863.94/247.40	(38.666666666666664, '1_number_of_features')
863.94/247.40	(38.75438596491228, '0_pca_kurtosis_first_pc')
863.94/247.40	(39.0, '0_log_number_of_features')
863.94/247.40	(39.29824561403509, '0_number_of_features')
863.94/247.40	(40.40350877192982, '1_pca_kurtosis_first_pc')
863.94/247.40	(41.666666666666664, '1_log_number_of_features')
863.94/247.40	(43.19298245614035, '1_symbols_min')
863.94/247.40	(45.14035087719298, '1_pca_95%')
863.94/247.40	(46.50877192982456, '0_symbols_min')
863.94/247.40	(46.578947368421055, '1_skewness_std')
863.94/247.40	(47.89473684210526, '0_pca_95%')
863.94/247.40	(50.73684210526316, '0_log_dataset_ratio')
863.94/247.40	(51.0, '0_inverse_dataset_ratio')
863.94/247.40	(51.175438596491226, '1_log_inverse_dataset_ratio')
863.94/247.40	(51.228070175438596, '0_skewness_std')
863.94/247.40	(51.36842105263158, '1_landmark_random_node_learner')
863.94/247.40	(52.03508771929825, '1_log_dataset_ratio')
863.94/247.40	(52.421052631578945, '0_dataset_ratio')
863.94/247.40	(52.45614035087719, '1_dataset_ratio')
863.94/247.40	(53.0, '1_inverse_dataset_ratio')
863.94/247.40	(53.3859649122807, '0_landmark_random_node_learner')
863.94/247.40	(54.12280701754386, '0_log_inverse_dataset_ratio')
863.94/247.40	(54.333333333333336, '0_ratio_numerical_to_categorical')
863.94/247.40	(55.14035087719298, '1_ratio_numerical_to_categorical')
863.94/247.40	(55.19298245614035, '1_kurtosis_std')
863.94/247.40	(56.0, '0_kurtosis_std')
863.94/247.40	(63.10526315789474, '0_symbols_sum')
863.94/247.40	(64.89473684210526, '1_symbols_sum')
863.94/247.40	(65.10526315789474, '0_kurtosis_mean')
863.94/247.40	(65.59649122807018, '1_kurtosis_mean')
863.94/247.40	(68.87719298245614, '1_number_of_categorical_features')
863.94/247.40	(68.89473684210526, '0_number_of_categorical_features')
863.94/247.40	(72.45614035087719, '0_number_of_classes')
863.94/247.40	(72.71929824561404, '1_number_of_classes')
863.94/247.40	(72.7719298245614, '1_ratio_categorical_to_numerical')
863.94/247.40	(73.0, '0_class_probability_mean')
863.94/247.40	(73.15789473684211, '1_class_probability_mean')
863.94/247.40	(73.19298245614036, '0_ratio_categorical_to_numerical')
863.94/247.40	(76.70175438596492, '0_symbols_max')
863.94/247.40	(77.33333333333333, '0_symbols_std')
863.94/247.40	(77.7719298245614, '1_symbols_max')
863.94/247.40	(77.87719298245614, '1_symbols_std')
863.94/247.40	(80.49122807017544, '0_percentage_of_features_with_missing_values')
863.94/247.40	(80.56140350877193, '1_percentage_of_features_with_missing_values')
863.94/247.40	(82.08771929824562, '0_number_of_Instances_with_missing_values')
863.94/247.40	(82.52631578947368, '1_number_of_Instances_with_missing_values')
863.94/247.40	(82.84210526315789, '1_percentage_of_Instances_with_missing_values')
863.94/247.40	(83.01754385964912, '0_percentage_of_Instances_with_missing_values')
863.94/247.40	(84.6140350877193, '0_number_of_missing_values')
863.94/247.40	(84.66666666666667, '1_number_of_missing_values')
863.94/247.40	(86.59649122807018, '0_percentage_of_missing_values')
863.94/247.40	(87.52631578947368, '1_percentage_of_missing_values')
863.94/247.40	(87.6140350877193, '0_number_of_features_with_missing_values')
863.94/247.40	(87.82456140350877, '1_number_of_features_with_missing_values')
863.94/247.40	Result for ParamILS: SAT, 246.561003, 1, 0.331387, -1, /home/feurerm/thesis/Software/pyMetaLearn/optimizers/metalearn_optimizer/learn_distances.py
