0.75/1.04	['/home/feurerm/thesis/Software/pyMetaLearn/optimizers/metalearn_optimizer/learn_distances.py', '--input_file', '/home/feurerm/thesis/experiments/2014_04_25_predict_distances/testfold_0-3_spearman_rank_perm.pkl', '--fold', '0', '--folds', '1', '--params', '-max_features', '0.799424857109', '-min_samples_leaf', '6', '-min_samples_split', '4', '-n_estimators', '1', '-n_jobs', '4', '-seed', '41']
0.75/1.05	Metafeatures (57, 46)
0.75/1.05	X (3192, 92)
0.75/1.05	Y (3192,)
0.75/1.05	Dataset Mae MSE Rho
0.93/1.20	vehicle 0.476968731291 0.361593686546 -0.0306546832217
1.03/1.34	anneal.ORIG 0.629957966986 0.613535416223 0.0625235501728
1.23/1.51	segment 0.435628932597 0.289071594398 0.199301890404
1.33/1.68	pendigits 0.417802645784 0.273200444819 0.259821728298
1.53/1.86	mushroom 0.345089955524 0.172506599957 0.178950016012
1.73/2.01	labor 0.171506527225 0.053790600228 0.540533022707
1.84/2.17	abalone 0.370315215235 0.215238175157 0.230355760098
2.03/2.31	diabetes 0.611461062697 0.469795264107 -0.219246003654
2.13/2.46	car 0.628193512096 0.564569335105 0.0588794736664
2.33/2.62	autos 0.270939072835 0.112104005133 0.327918147698
2.42/2.78	mfeat-fourier 0.711147297019 0.682610230181 -0.474566275573
2.62/2.94	primary-tumor 0.26490607794 0.108145462921 0.397265755071
2.72/3.08	waveform-5000 0.369966036557 0.232847565359 0.284220734122
2.94/3.27	credit-a 0.437149415536 0.272437009844 0.315003752938
3.12/3.44	letter 0.400834545709 0.222987267159 0.396347442869
3.32/3.60	postoperative-patient-data 0.612748518689 0.542436142147 -0.176376005213
3.42/3.77	vowel 0.479467204208 0.328189227286 0.102500717015
3.62/3.91	eucalyptus 0.280102319915 0.127513116274 0.45078950429
3.72/4.07	cylinder-bands 0.254732433289 0.110912133826 0.504721576931
3.92/4.21	ionosphere 0.441360342425 0.28780931661 0.0666338019116
4.02/4.37	mfeat-karhunen 0.155217621433 0.0517509909543 0.705988045229
4.21/4.53	balance-scale 0.447615314185 0.339109453965 0.140469313879
4.41/4.70	mfeat-morphological 0.488598844581 0.351845778176 0.0756597671516
4.51/4.87	liver-disorders 0.364098010504 0.206499042454 0.192162842372
4.72/5.02	dermatology 0.263981515589 0.0919527434582 0.358014182964
4.81/5.19	vote 0.15067518296 0.0364452399286 0.598217342935
5.01/5.32	breast-cancer 0.309369355579 0.145212086297 0.0905244449006
5.12/5.49	credit-g 0.392233555449 0.230309330209 0.0406924785036
5.31/5.67	soybean 0.169927348897 0.0480854620413 0.590514962494
5.51/5.84	arrhythmia 0.40872788456 0.249157578754 0.0103463703909
5.71/6.00	nursery 0.312201911161 0.139211055587 0.45575020997
5.81/6.14	hepatitis 0.534718703415 0.391622927101 -0.00246260338096
5.91/6.28	cmc 0.366445066343 0.178396551662 0.189540145911
6.11/6.42	heart-c 0.328095800125 0.192118475493 0.348907963128
6.22/6.59	glass 0.39949737655 0.239426478981 0.137486165084
6.41/6.75	braziltourism 0.723122635704 0.684470839597 -0.314045070462
6.60/6.91	iris 0.444235577352 0.299683455675 -0.00801792408251
6.70/7.08	heart-statlog 0.401685070692 0.256138794458 0.347398494939
6.91/7.24	page-blocks 0.865081727186 0.957169780148 -0.396268030949
7.01/7.38	breast-w 0.242511632715 0.0947089837689 0.422339569483
7.21/7.53	heart-h 0.282153710468 0.136502722453 0.381288657963
7.31/7.70	yeast 0.461364088315 0.32718005955 -0.0404006695589
7.50/7.88	tae 0.463214755412 0.303281814529 -0.089205505314
7.70/8.02	haberman 0.444542010519 0.329024970439 0.0653220481468
7.80/8.18	mfeat-pixel 0.440909226331 0.262265700571 0.078981732915
8.00/8.33	optdigits 0.27214412391 0.151361599798 0.459310308657
8.10/8.49	mfeat-factors 0.225694998116 0.0983957965636 0.564240888643
8.29/8.64	satimage 0.417515565522 0.273861384907 0.115286821672
8.40/8.79	lymph 0.531088675181 0.42172679997 0.120357346545
8.60/8.93	audiology 0.333681789271 0.163753481689 0.302815108185
8.80/9.10	ecoli 0.324854007751 0.186761515673 0.34291470913
8.89/9.28	tic-tac-toe 0.424586216551 0.359897318542 0.0981154965348
9.10/9.44	spambase 0.402486582234 0.208039829965 0.438567527008
9.30/9.60	zoo 0.180004812559 0.0506153233012 0.542733688499
9.40/9.77	sonar 0.614591218258 0.512289100483 -0.16449310438
9.60/9.94	mfeat-zernike 0.292222782565 0.123405382779 0.404786740924
9.79/10.10	kr-vs-kp 0.267902345618 0.106533204647 0.452096541654
9.79/10.10	MAE 0.39925043609 0.148242021021
9.79/10.10	MSE 0.26735971312 0.26735971312
9.79/10.10	Mean tau 0.202295805513 0.255059888826
9.79/10.10	(6.192982456140351, '1_skewness_min')
9.79/10.10	(7.754385964912281, '0_skewness_min')
9.79/10.10	(12.842105263157896, '0_landmark_naive_bayes')
9.79/10.10	(14.578947368421053, '1_class_probability_max')
9.79/10.10	(16.50877192982456, '1_landmark_naive_bayes')
9.79/10.10	(17.350877192982455, '0_class_probability_max')
9.79/10.10	(19.982456140350877, '1_class_probability_std')
9.79/10.10	(24.789473684210527, '0_pca_skewness_first_pc')
9.79/10.10	(24.82456140350877, '1_landmark_lda')
9.79/10.10	(24.92982456140351, '1_pca_skewness_first_pc')
9.79/10.10	(25.526315789473685, '0_class_probability_std')
9.79/10.10	(25.842105263157894, '0_class_probability_min')
9.79/10.10	(26.087719298245613, '1_number_of_numeric_features')
9.79/10.10	(27.105263157894736, '1_landmark_1NN')
9.79/10.10	(27.12280701754386, '0_landmark_decision_tree')
9.79/10.11	(27.92982456140351, '1_landmark_decision_tree')
9.79/10.11	(28.31578947368421, '1_class_probability_min')
9.79/10.11	(28.666666666666668, '0_class_entropy')
9.79/10.11	(29.70175438596491, '0_number_of_numeric_features')
9.79/10.11	(29.859649122807017, '1_class_entropy')
9.79/10.11	(30.140350877192983, '0_landmark_lda')
9.79/10.11	(30.94736842105263, '0_kurtosis_min')
9.79/10.11	(32.01754385964912, '0_skewness_max')
9.79/10.11	(32.578947368421055, '1_pca_95%')
9.79/10.11	(32.78947368421053, '1_landmark_random_node_learner')
9.79/10.11	(34.01754385964912, '0_log_number_of_instances')
9.79/10.11	(34.68421052631579, '0_number_of_features')
9.79/10.11	(34.78947368421053, '0_log_number_of_features')
9.79/10.11	(34.85964912280702, '1_number_of_instances')
9.79/10.11	(34.98245614035088, '0_landmark_1NN')
9.79/10.11	(35.45614035087719, '1_pca_kurtosis_first_pc')
9.79/10.11	(36.36842105263158, '0_pca_95%')
9.79/10.11	(36.36842105263158, '1_log_inverse_dataset_ratio')
9.79/10.11	(37.14035087719298, '0_number_of_instances')
9.79/10.11	(37.6140350877193, '1_log_number_of_features')
9.79/10.11	(37.75438596491228, '0_pca_kurtosis_first_pc')
9.79/10.11	(37.824561403508774, '1_kurtosis_min')
9.79/10.11	(38.421052631578945, '1_log_number_of_instances')
9.79/10.11	(38.73684210526316, '0_landmark_random_node_learner')
9.79/10.11	(39.45614035087719, '1_number_of_features')
9.79/10.11	(39.89473684210526, '0_landmark_decision_node_learner')
9.79/10.11	(41.59649122807018, '1_skewness_max')
9.79/10.11	(42.12280701754386, '0_kurtosis_max')
9.79/10.11	(42.54385964912281, '1_skewness_mean')
9.79/10.11	(43.43859649122807, '1_landmark_decision_node_learner')
9.79/10.11	(43.666666666666664, '0_skewness_mean')
9.79/10.11	(44.10526315789474, '0_kurtosis_std')
9.79/10.11	(44.96491228070175, '1_kurtosis_max')
9.79/10.11	(45.578947368421055, '0_skewness_std')
9.79/10.11	(47.175438596491226, '1_inverse_dataset_ratio')
9.79/10.11	(47.36842105263158, '1_skewness_std')
9.79/10.11	(47.75438596491228, '1_symbols_mean')
9.79/10.11	(48.228070175438596, '0_log_dataset_ratio')
9.79/10.11	(48.6140350877193, '1_kurtosis_std')
9.79/10.11	(48.70175438596491, '1_log_dataset_ratio')
9.79/10.11	(50.54385964912281, '0_dataset_ratio')
9.79/10.11	(50.80701754385965, '1_dataset_ratio')
9.79/10.11	(51.05263157894737, '0_inverse_dataset_ratio')
9.79/10.11	(52.75438596491228, '0_symbols_mean')
9.79/10.11	(53.63157894736842, '0_log_inverse_dataset_ratio')
9.79/10.11	(54.03508771929825, '1_symbols_sum')
9.79/10.11	(56.36842105263158, '1_ratio_numerical_to_categorical')
9.79/10.11	(57.94736842105263, '1_kurtosis_mean')
9.79/10.11	(58.1578947368421, '1_number_of_categorical_features')
9.79/10.11	(59.14035087719298, '0_kurtosis_mean')
9.79/10.11	(59.56140350877193, '0_symbols_sum')
9.79/10.11	(60.26315789473684, '0_number_of_categorical_features')
9.79/10.11	(61.78947368421053, '1_ratio_categorical_to_numerical')
9.79/10.11	(62.280701754385966, '1_symbols_max')
9.79/10.11	(62.68421052631579, '1_symbols_min')
9.79/10.11	(63.08771929824562, '0_symbols_std')
9.79/10.11	(63.49122807017544, '0_ratio_numerical_to_categorical')
9.79/10.11	(64.50877192982456, '1_symbols_std')
9.79/10.11	(65.03508771929825, '0_symbols_min')
9.79/10.11	(65.05263157894737, '1_class_probability_mean')
9.79/10.11	(66.50877192982456, '0_symbols_max')
9.79/10.11	(66.73684210526316, '0_class_probability_mean')
9.79/10.11	(67.08771929824562, '1_number_of_Instances_with_missing_values')
9.79/10.11	(67.87719298245614, '0_number_of_classes')
9.79/10.11	(68.05263157894737, '0_percentage_of_features_with_missing_values')
9.79/10.11	(68.08771929824562, '1_percentage_of_missing_values')
9.79/10.11	(68.14035087719299, '1_number_of_classes')
9.79/10.11	(68.42105263157895, '0_percentage_of_Instances_with_missing_values')
9.79/10.11	(69.15789473684211, '1_percentage_of_features_with_missing_values')
9.79/10.11	(69.24561403508773, '1_percentage_of_Instances_with_missing_values')
9.79/10.11	(69.87719298245614, '0_ratio_categorical_to_numerical')
9.79/10.11	(70.63157894736842, '1_number_of_features_with_missing_values')
9.79/10.11	(71.45614035087719, '1_number_of_missing_values')
9.79/10.11	(71.47368421052632, '0_percentage_of_missing_values')
9.79/10.11	(71.6842105263158, '0_number_of_missing_values')
9.79/10.11	(72.9298245614035, '0_number_of_Instances_with_missing_values')
9.79/10.11	(77.82456140350877, '0_number_of_features_with_missing_values')
9.79/10.11	Result for ParamILS: SAT, 9.069185, 1, 0.399250, -1, /home/feurerm/thesis/Software/pyMetaLearn/optimizers/metalearn_optimizer/learn_distances.py
