0.75/1.31	['/home/feurerm/thesis/Software/pyMetaLearn/optimizers/metalearn_optimizer/learn_distances.py', '--input_file', '/home/feurerm/thesis/experiments/2014_04_25_predict_distances/testfold_0-3_spearman_rank_perm.pkl', '--fold', '0', '--folds', '1', '--params', '-max_features', '0.178869648034', '-min_samples_leaf', '5', '-min_samples_split', '1', '-n_estimators', '94', '-n_jobs', '4', '-seed', '95']
0.75/1.32	Metafeatures (57, 46)
0.75/1.32	X (3192, 92)
0.75/1.32	Y (3192,)
0.75/1.32	Dataset Mae MSE Rho
3.82/2.37	vehicle 0.389268673265 0.193647813224 0.182290166104
7.11/4.02	anneal.ORIG 0.47249081005 0.266634168458 0.430838282654
10.57/5.56	segment 0.269693728006 0.0930010976499 0.738210530819
13.93/6.90	pendigits 0.392444151498 0.184244577555 0.303816943507
17.36/8.32	mushroom 0.196787179217 0.0472438081798 0.634137067192
20.77/9.86	labor 0.208253788949 0.0562946845604 0.80931662398
24.19/11.21	abalone 0.409421586 0.213455473724 0.218166422199
27.59/12.65	diabetes 0.46755418218 0.30770384671 -0.087589778394
31.00/14.01	car 0.440964271397 0.29168031636 0.292504610504
34.49/15.49	autos 0.221736700798 0.0636893071144 0.634460276706
37.87/16.87	mfeat-fourier 0.649551649669 0.548339003534 -0.499035490186
41.32/18.62	primary-tumor 0.213428262412 0.0536935529094 0.612805239244
44.72/20.17	waveform-5000 0.261373600382 0.0922076496198 0.509054985131
48.18/22.01	credit-a 0.386058770616 0.208699080691 0.343894923289
51.49/23.36	letter 0.27234241838 0.10184356872 0.646419028738
55.00/24.72	postoperative-patient-data 0.4520720908 0.254045374129 -0.631551391077
58.41/26.12	vowel 0.51803077262 0.335331748365 -0.00258567611495
61.78/27.49	eucalyptus 0.2966399735 0.115914656762 0.506469309016
65.14/28.83	cylinder-bands 0.285004646892 0.0962678659284 0.564323812088
68.55/30.26	ionosphere 0.455991190331 0.246111027421 -0.189723984935
71.93/31.61	mfeat-karhunen 0.267980318235 0.0960159583181 0.598584020611
75.36/32.96	balance-scale 0.186051689056 0.0498652035619 0.740472997419
78.77/34.35	mfeat-morphological 0.473664958195 0.297051856625 -0.183906213676
82.21/35.69	liver-disorders 0.249739713132 0.0867728993368 0.526508298907
85.68/37.07	dermatology 0.206165482027 0.0547158665628 0.515842384933
89.29/38.56	vote 0.0779959407563 0.00981450298453 0.808346995437
92.68/40.29	breast-cancer 0.29078920912 0.119922329912 -0.135101577006
96.23/41.77	credit-g 0.520005330457 0.360511422492 -0.486430319125
99.67/43.29	soybean 0.111376223046 0.017760768498 0.863615822394
103.09/44.69	arrhythmia 0.275658462528 0.101290961046 0.100194949454
106.58/46.05	nursery 0.25119854693 0.0777691196776 0.663225923485
109.98/47.67	hepatitis 0.45197300419 0.27838713856 -0.252426630722
113.42/49.01	cmc 0.198230072317 0.0479157226445 0.641247676508
116.81/50.53	heart-c 0.282739490961 0.103073515274 0.680032818232
120.28/51.87	glass 0.375752020533 0.169467618155 0.245316021406
123.53/53.15	braziltourism 0.645758975743 0.502163374412 -0.545577660255
126.92/54.51	iris 0.308300317208 0.12740840716 0.212671860455
130.32/55.86	heart-statlog 0.384056676742 0.198774722315 0.366842798809
133.79/57.20	page-blocks 0.504269575642 0.342106884779 -0.0265031801783
137.20/58.56	breast-w 0.228048804657 0.0692162494958 0.567879116746
140.57/59.92	heart-h 0.180002908162 0.0420737718778 0.663225923485
144.01/61.28	yeast 0.366477744976 0.165728030004 0.520367318134
147.43/62.65	tae 0.316763712691 0.129040812247 0.060440179187
150.96/63.98	haberman 0.278017058853 0.100077046095 0.0242407135777
154.31/65.36	mfeat-pixel 0.381790793924 0.175525004388 0.152554890782
157.76/66.74	optdigits 0.216113133213 0.0597176815215 0.733039178589
161.19/68.12	mfeat-factors 0.266171183567 0.09594774233 0.661609875913
164.75/69.48	satimage 0.375343491041 0.169739513121 0.0530063603565
168.11/70.81	lymph 0.271573316397 0.100448830242 0.571434421404
171.55/72.27	audiology 0.298385300627 0.110283729614 0.447321967887
174.94/73.62	ecoli 0.447490313223 0.254642334216 -0.054299198414
178.38/74.96	tic-tac-toe 0.195311210097 0.0565822644863 0.784752700888
181.82/76.30	spambase 0.364071845695 0.168999550655 0.773117158371
185.07/77.73	zoo 0.169242338826 0.0394208596025 0.711707350641
188.47/79.08	sonar 0.53119150271 0.353856065326 -0.369751684438
191.98/80.42	mfeat-zernike 0.243085680551 0.0834680011874 0.527801136965
195.36/81.87	kr-vs-kp 0.216139824797 0.0584018134229 0.595675134982
195.72/82.17	MAE 0.32747429154 0.124768680537
195.72/82.17	MSE 0.158666775329 0.158666775329
195.72/82.17	Mean tau 0.329356165484 0.393475956011
195.72/82.17	(0.9298245614035088, '1_landmark_decision_tree')
195.72/82.17	(1.6666666666666667, '1_class_probability_max')
195.72/82.17	(2.087719298245614, '0_class_probability_max')
195.72/82.17	(2.1228070175438596, '1_landmark_random_node_learner')
195.72/82.17	(5.0701754385964914, '0_class_entropy')
195.72/82.17	(5.9298245614035086, '0_class_probability_std')
195.72/82.17	(8.964912280701755, '1_class_probability_std')
195.72/82.17	(9.192982456140351, '0_landmark_1NN')
195.72/82.17	(9.210526315789474, '0_landmark_decision_tree')
195.72/82.17	(9.912280701754385, '0_landmark_random_node_learner')
195.72/82.17	(10.228070175438596, '0_landmark_naive_bayes')
195.72/82.17	(10.596491228070175, '1_class_entropy')
195.72/82.17	(11.263157894736842, '1_skewness_min')
195.72/82.17	(11.596491228070175, '0_skewness_min')
195.72/82.17	(12.12280701754386, '1_landmark_naive_bayes')
195.72/82.17	(13.263157894736842, '1_landmark_1NN')
195.72/82.17	(16.87719298245614, '0_landmark_lda')
195.72/82.17	(20.017543859649123, '0_number_of_features')
195.72/82.17	(20.45614035087719, '0_pca_skewness_first_pc')
195.72/82.17	(21.105263157894736, '1_pca_skewness_first_pc')
195.72/82.17	(21.614035087719298, '1_landmark_lda')
195.72/82.17	(22.982456140350877, '0_log_number_of_features')
195.72/82.17	(23.87719298245614, '1_log_number_of_features')
195.72/82.17	(24.964912280701753, '0_number_of_categorical_features')
195.72/82.17	(26.36842105263158, '1_skewness_std')
195.72/82.17	(27.56140350877193, '1_number_of_features')
195.72/82.17	(30.140350877192983, '0_kurtosis_min')
195.72/82.17	(31.736842105263158, '1_kurtosis_min')
195.72/82.17	(32.01754385964912, '1_landmark_decision_node_learner')
195.72/82.17	(33.56140350877193, '0_skewness_std')
195.72/82.17	(33.719298245614034, '0_skewness_max')
195.72/82.17	(34.03508771929825, '1_kurtosis_std')
195.72/82.17	(34.05263157894737, '1_skewness_max')
195.72/82.17	(34.35087719298246, '0_symbols_sum')
195.72/82.17	(34.54385964912281, '1_number_of_categorical_features')
195.72/82.17	(34.54385964912281, '1_symbols_sum')
195.72/82.17	(34.56140350877193, '0_kurtosis_std')
195.72/82.17	(37.333333333333336, '0_number_of_numeric_features')
195.72/82.17	(37.578947368421055, '0_ratio_numerical_to_categorical')
195.72/82.17	(38.578947368421055, '0_landmark_decision_node_learner')
195.72/82.17	(38.75438596491228, '1_number_of_numeric_features')
195.72/82.17	(43.73684210526316, '1_kurtosis_max')
195.72/82.17	(43.8421052631579, '0_pca_kurtosis_first_pc')
195.72/82.17	(44.0, '1_ratio_numerical_to_categorical')
195.72/82.17	(45.8421052631579, '1_pca_kurtosis_first_pc')
195.72/82.17	(45.89473684210526, '0_kurtosis_max')
195.72/82.17	(48.175438596491226, '1_pca_95%')
195.72/82.17	(49.1578947368421, '0_symbols_mean')
195.72/82.17	(49.175438596491226, '0_class_probability_min')
195.72/82.17	(49.73684210526316, '1_class_probability_min')
195.72/82.17	(50.3859649122807, '0_pca_95%')
195.72/82.17	(54.07017543859649, '0_kurtosis_mean')
195.72/82.17	(55.8421052631579, '0_log_number_of_instances')
195.72/82.17	(55.92982456140351, '0_skewness_mean')
195.72/82.17	(57.29824561403509, '1_skewness_mean')
195.72/82.17	(57.80701754385965, '1_symbols_mean')
195.72/82.17	(58.280701754385966, '1_kurtosis_mean')
195.72/82.17	(58.36842105263158, '1_log_number_of_instances')
195.72/82.17	(58.40350877192982, '0_symbols_max')
195.72/82.17	(58.98245614035088, '1_number_of_instances')
195.72/82.17	(60.19298245614035, '0_number_of_instances')
195.72/82.17	(62.10526315789474, '0_log_dataset_ratio')
195.72/82.17	(62.280701754385966, '0_log_inverse_dataset_ratio')
195.72/82.17	(63.29824561403509, '1_log_inverse_dataset_ratio')
195.72/82.17	(64.6842105263158, '1_symbols_max')
195.72/82.17	(64.89473684210526, '0_inverse_dataset_ratio')
195.72/82.17	(65.85964912280701, '1_dataset_ratio')
195.72/82.17	(66.21052631578948, '0_dataset_ratio')
195.72/82.17	(66.6140350877193, '1_inverse_dataset_ratio')
195.72/82.17	(67.70175438596492, '1_log_dataset_ratio')
195.72/82.17	(68.87719298245614, '1_class_probability_mean')
195.72/82.17	(69.94736842105263, '0_class_probability_mean')
195.72/82.17	(70.29824561403508, '1_percentage_of_features_with_missing_values')
195.72/82.17	(71.49122807017544, '1_symbols_std')
195.72/82.17	(72.29824561403508, '0_ratio_categorical_to_numerical')
195.72/82.17	(72.3157894736842, '0_number_of_classes')
195.72/82.17	(72.71929824561404, '0_percentage_of_features_with_missing_values')
195.72/82.17	(73.12280701754386, '1_number_of_classes')
195.72/82.17	(74.33333333333333, '0_symbols_min')
195.72/82.17	(74.82456140350877, '1_symbols_min')
195.72/82.17	(75.12280701754386, '1_percentage_of_missing_values')
195.72/82.17	(75.43859649122807, '1_ratio_categorical_to_numerical')
195.72/82.17	(76.84210526315789, '0_symbols_std')
195.72/82.17	(77.43859649122807, '1_number_of_missing_values')
195.72/82.17	(77.57894736842105, '0_percentage_of_missing_values')
195.72/82.17	(82.12280701754386, '0_number_of_Instances_with_missing_values')
195.72/82.17	(82.6842105263158, '0_number_of_missing_values')
195.72/82.17	(83.40350877192982, '0_number_of_features_with_missing_values')
195.72/82.17	(83.52631578947368, '0_percentage_of_Instances_with_missing_values')
195.72/82.17	(83.80701754385964, '1_percentage_of_Instances_with_missing_values')
195.72/82.17	(84.49122807017544, '1_number_of_features_with_missing_values')
195.72/82.17	(85.05263157894737, '1_number_of_Instances_with_missing_values')
195.72/82.17	Result for ParamILS: SAT, 80.862329, 1, 0.327474, -1, /home/feurerm/thesis/Software/pyMetaLearn/optimizers/metalearn_optimizer/learn_distances.py
