0.76/10.15	['/home/feurerm/thesis/Software/pyMetaLearn/optimizers/metalearn_optimizer/learn_distances.py', '--input_file', '/home/feurerm/thesis/experiments/2014_04_25_predict_distances/testfold_0-3_spearman_rank_perm.pkl', '--fold', '0', '--folds', '1', '--params', '-max_features', '0.274040170855', '-min_samples_leaf', '8', '-min_samples_split', '8', '-n_estimators', '51', '-n_jobs', '4', '-seed', '4']
0.76/10.17	Metafeatures (57, 46)
0.76/10.17	X (3192, 92)
0.76/10.17	Y (3192,)
0.76/10.17	Dataset Mae MSE Rho
3.10/10.94	vehicle 0.400429631871 0.206594211804 0.102134206541
5.56/12.11	anneal.ORIG 0.533490037295 0.334926138366 0.34324850426
8.13/13.13	segment 0.278824213121 0.0992618246931 0.740472997419
10.60/14.19	pendigits 0.385570579833 0.179379711022 0.354237627748
13.07/15.08	mushroom 0.212054945319 0.0545798739905 0.605694629928
15.59/16.02	labor 0.188181460625 0.0486937523623 0.772147529828
18.17/17.10	abalone 0.425754431205 0.230291028189 0.131223062834
20.64/18.15	diabetes 0.481667677244 0.319595215908 -0.0407243988105
23.14/19.15	car 0.472979625373 0.328142361624 0.00743381883049
25.63/20.07	autos 0.227977552073 0.0671054305001 0.571434421404
28.13/20.97	mfeat-fourier 0.646915435895 0.544688766771 -0.478673290781
30.61/21.88	primary-tumor 0.208552237326 0.0538538838172 0.595028715953
33.12/22.82	waveform-5000 0.269432328104 0.0978238447523 0.449907644002
35.61/24.07	credit-a 0.390999620717 0.216081044415 0.329027285628
38.14/25.01	letter 0.288120237425 0.11024502562 0.639631628936
40.75/26.07	postoperative-patient-data 0.431262975931 0.229015251707 -0.45863430089
43.27/26.97	vowel 0.523329107064 0.346945917343 -0.0801559595635
45.79/27.96	eucalyptus 0.30855531837 0.126083681948 0.467037748263
48.31/29.02	cylinder-bands 0.289339539383 0.097277805797 0.520690527649
50.90/29.95	ionosphere 0.42506043119 0.210922270954 -0.090175454509
53.51/32.77	mfeat-karhunen 0.272831942798 0.0970533754933 0.585978849551
56.03/33.67	balance-scale 0.200723359135 0.0562038599691 0.615714124873
58.53/34.57	mfeat-morphological 0.480253477054 0.30997474076 -0.195864965708
61.09/39.55	liver-disorders 0.23001576686 0.0736403339082 0.489339204755
63.59/40.45	dermatology 0.200046342672 0.0514510833289 0.52747792745
66.12/41.34	vote 0.0752062364809 0.00912664583761 0.786045538946
68.62/42.36	breast-cancer 0.22980226481 0.0761670479512 -0.0219782469771
71.17/43.52	credit-g 0.50709590208 0.349024130262 -0.408536826162
73.72/44.44	soybean 0.127373156906 0.0218717360632 0.840991156388
76.22/45.35	arrhythmia 0.263787527785 0.0902902704379 0.136717624578
78.75/46.27	nursery 0.262383259415 0.0866544440949 0.609249934586
81.24/47.33	hepatitis 0.442847980977 0.271520215983 -0.213964698512
83.71/48.24	cmc 0.193482935405 0.0459553967326 0.661609875913
86.22/49.15	heart-c 0.282906548226 0.103865474123 0.684234541919
88.70/50.26	glass 0.371067772264 0.167243225573 0.276990553814
91.19/51.24	braziltourism 0.616127196825 0.466364254865 -0.377185503269
93.76/56.45	iris 0.311371558097 0.130088561228 0.123142824975
96.25/57.35	heart-statlog 0.385201902022 0.203595532409 0.534911746281
98.81/58.93	page-blocks 0.497766554384 0.332778826832 -0.184552632705
101.29/64.50	breast-w 0.251454640679 0.0825174960166 0.56076850743
103.81/65.83	heart-h 0.172107087973 0.03865701087 0.690375522692
106.35/66.82	yeast 0.384823281478 0.184257570902 0.369428474924
108.86/67.72	tae 0.329655977202 0.14011947328 -0.0106659139742
111.41/68.65	haberman 0.290151812765 0.110784753078 -0.0345834180375
113.99/69.70	mfeat-pixel 0.383277184823 0.181240509355 0.142212186322
116.47/71.37	optdigits 0.248043168848 0.0761618476253 0.713000188698
119.05/72.50	mfeat-factors 0.270822208919 0.0998043916437 0.575959354606
121.62/73.51	satimage 0.357663952048 0.155622875082 0.0892058259659
124.16/74.46	lymph 0.299228814203 0.12466870991 0.368458846381
126.64/75.54	audiology 0.290258729347 0.106348495187 0.51713522299
129.18/76.45	ecoli 0.429812158943 0.236383329025 0.0507438937559
131.79/77.40	tic-tac-toe 0.180954067367 0.0478829272542 0.714939445784
134.27/78.42	spambase 0.345957012149 0.156333918955 0.747583606736
136.86/79.39	zoo 0.178523862661 0.0435100380489 0.675184675517
139.46/85.14	sonar 0.546338920434 0.373811462616 -0.388174626757
142.00/86.19	mfeat-zernike 0.236363260843 0.0803838356432 0.54816333637
144.52/89.33	kr-vs-kp 0.228600594093 0.064130522937 0.598907230126
144.65/89.48	MAE 0.329172382532 0.124246882603
144.65/89.48	MSE 0.160473602892 0.160473602892
144.65/89.48	Mean tau 0.313683339209 0.368131607393
144.65/89.48	(0.0, '0_class_probability_max')
144.65/89.48	(1.0, '1_class_probability_max')
144.65/89.48	(4.105263157894737, '1_skewness_min')
144.65/89.48	(4.649122807017544, '1_landmark_random_node_learner')
144.65/89.48	(5.543859649122807, '0_skewness_min')
144.65/89.48	(6.842105263157895, '0_class_probability_std')
144.65/89.48	(6.964912280701754, '1_landmark_decision_tree')
144.65/89.48	(7.157894736842105, '1_class_probability_std')
144.65/89.48	(7.578947368421052, '0_class_entropy')
144.65/89.48	(8.578947368421053, '1_class_entropy')
144.65/89.48	(10.140350877192983, '1_landmark_naive_bayes')
144.65/89.48	(11.912280701754385, '0_landmark_random_node_learner')
144.65/89.48	(12.280701754385966, '0_landmark_naive_bayes')
144.65/89.48	(12.421052631578947, '0_landmark_decision_tree')
144.65/89.48	(14.157894736842104, '1_pca_skewness_first_pc')
144.65/89.48	(18.70175438596491, '1_landmark_lda')
144.65/89.48	(22.403508771929825, '0_kurtosis_std')
144.65/89.48	(23.649122807017545, '0_pca_skewness_first_pc')
144.65/89.48	(24.05263157894737, '0_log_number_of_features')
144.65/89.48	(24.07017543859649, '0_number_of_features')
144.65/89.48	(24.57894736842105, '0_skewness_max')
144.65/89.48	(25.403508771929825, '0_landmark_1NN')
144.65/89.48	(25.87719298245614, '1_landmark_1NN')
144.65/89.48	(26.70175438596491, '0_skewness_std')
144.65/89.48	(26.859649122807017, '1_number_of_features')
144.65/89.48	(27.0, '0_landmark_lda')
144.65/89.48	(27.859649122807017, '1_log_number_of_features')
144.65/89.48	(28.842105263157894, '0_number_of_numeric_features')
144.65/89.48	(29.473684210526315, '1_skewness_max')
144.65/89.48	(29.666666666666668, '1_kurtosis_std')
144.65/89.48	(30.70175438596491, '1_ratio_numerical_to_categorical')
144.65/89.48	(32.05263157894737, '1_kurtosis_min')
144.65/89.48	(32.3859649122807, '1_number_of_numeric_features')
144.65/89.48	(32.89473684210526, '0_kurtosis_min')
144.65/89.48	(35.31578947368421, '0_number_of_categorical_features')
144.65/89.48	(35.54385964912281, '1_number_of_categorical_features')
144.65/89.48	(36.03508771929825, '1_skewness_std')
144.65/89.48	(36.35087719298246, '0_symbols_sum')
144.65/89.48	(38.19298245614035, '1_symbols_sum')
144.65/89.48	(41.3859649122807, '1_landmark_decision_node_learner')
144.65/89.48	(41.578947368421055, '0_kurtosis_max')
144.65/89.48	(43.10526315789474, '1_kurtosis_max')
144.65/89.48	(44.40350877192982, '1_pca_95%')
144.65/89.48	(44.40350877192982, '1_pca_kurtosis_first_pc')
144.65/89.48	(44.91228070175438, '0_class_probability_min')
144.65/89.48	(45.54385964912281, '1_class_probability_min')
144.65/89.48	(45.78947368421053, '0_pca_kurtosis_first_pc')
144.65/89.48	(45.94736842105263, '0_landmark_decision_node_learner')
144.65/89.48	(49.35087719298246, '1_symbols_mean')
144.65/89.48	(51.8421052631579, '0_number_of_instances')
144.65/89.48	(52.56140350877193, '0_skewness_mean')
144.65/89.48	(52.719298245614034, '0_symbols_mean')
144.65/89.48	(52.80701754385965, '0_pca_95%')
144.65/89.48	(53.43859649122807, '1_log_number_of_instances')
144.65/89.48	(53.89473684210526, '1_number_of_instances')
144.65/89.48	(54.228070175438596, '0_log_number_of_instances')
144.65/89.48	(57.29824561403509, '1_log_dataset_ratio')
144.65/89.48	(58.228070175438596, '1_skewness_mean')
144.65/89.48	(58.31578947368421, '0_ratio_numerical_to_categorical')
144.65/89.48	(58.49122807017544, '1_kurtosis_mean')
144.65/89.48	(58.6140350877193, '0_inverse_dataset_ratio')
144.65/89.48	(58.94736842105263, '0_log_dataset_ratio')
144.65/89.48	(59.0, '0_log_inverse_dataset_ratio')
144.65/89.48	(59.75438596491228, '0_kurtosis_mean')
144.65/89.48	(59.8421052631579, '1_log_inverse_dataset_ratio')
144.65/89.48	(60.26315789473684, '1_dataset_ratio')
144.65/89.48	(60.280701754385966, '0_dataset_ratio')
144.65/89.48	(60.92982456140351, '1_inverse_dataset_ratio')
144.65/89.48	(66.6140350877193, '0_symbols_min')
144.65/89.48	(69.84210526315789, '1_symbols_min')
144.65/89.48	(69.94736842105263, '0_symbols_max')
144.65/89.48	(70.49122807017544, '0_percentage_of_features_with_missing_values')
144.65/89.48	(70.9298245614035, '1_percentage_of_features_with_missing_values')
144.65/89.48	(71.66666666666667, '1_symbols_max')
144.65/89.48	(72.42105263157895, '1_symbols_std')
144.65/89.48	(73.85964912280701, '1_percentage_of_missing_values')
144.65/89.48	(74.36842105263158, '1_ratio_categorical_to_numerical')
144.65/89.48	(76.15789473684211, '1_number_of_classes')
144.65/89.48	(76.54385964912281, '0_symbols_std')
144.65/89.48	(76.89473684210526, '0_number_of_classes')
144.65/89.48	(77.0, '0_percentage_of_missing_values')
144.65/89.48	(77.01754385964912, '1_class_probability_mean')
144.65/89.48	(77.45614035087719, '0_ratio_categorical_to_numerical')
144.65/89.48	(77.71929824561404, '0_class_probability_mean')
144.65/89.48	(82.7719298245614, '0_number_of_Instances_with_missing_values')
144.65/89.48	(82.84210526315789, '1_number_of_missing_values')
144.65/89.48	(82.96491228070175, '1_percentage_of_Instances_with_missing_values')
144.65/89.48	(83.49122807017544, '1_number_of_Instances_with_missing_values')
144.65/89.48	(83.49122807017544, '1_number_of_features_with_missing_values')
144.65/89.48	(84.78947368421052, '0_number_of_missing_values')
144.65/89.48	(84.94736842105263, '0_percentage_of_Instances_with_missing_values')
144.65/89.48	(85.94736842105263, '0_number_of_features_with_missing_values')
144.65/89.48	Result for ParamILS: SAT, 79.324454, 1, 0.329172, -1, /home/feurerm/thesis/Software/pyMetaLearn/optimizers/metalearn_optimizer/learn_distances.py
