0.76/2.73	['/home/feurerm/thesis/Software/pyMetaLearn/optimizers/metalearn_optimizer/learn_distances.py', '--input_file', '/home/feurerm/thesis/experiments/2014_04_25_predict_distances/testfold_0-3_spearman_rank_perm.pkl', '--fold', '0', '--folds', '1', '--params', '-max_features', '0.271846921396', '-min_samples_leaf', '1', '-min_samples_split', '2', '-n_estimators', '81', '-n_jobs', '4', '-seed', '60']
0.76/2.74	Metafeatures (57, 46)
0.76/2.74	X (3192, 92)
0.76/2.74	Y (3192,)
0.76/2.74	Dataset Mae MSE Rho
6.67/4.58	vehicle 0.391758351612 0.190505486827 0.190370403963
13.25/9.89	anneal.ORIG 0.501140319257 0.294861182103 0.319977419225
19.84/12.19	segment 0.241642146544 0.0753721662762 0.773117158371
26.49/14.78	pendigits 0.404058163713 0.197024070351 0.26632463984
33.17/17.21	mushroom 0.173245442617 0.0366833692539 0.69910217958
39.82/19.62	labor 0.191377794126 0.0506350362459 0.730453502474
46.44/22.01	abalone 0.372175568471 0.179959761967 0.364580332208
53.12/24.35	diabetes 0.481681276476 0.323546667423 -0.100518158969
59.88/26.71	car 0.455396504041 0.313578885643 0.0093730759167
66.69/29.30	autos 0.210899154598 0.0580959302328 0.544931241226
73.36/31.83	mfeat-fourier 0.682877719791 0.60338009785 -0.538467050939
79.98/34.25	primary-tumor 0.179649223985 0.0404937946382 0.656115314169
86.63/40.85	waveform-5000 0.264121173914 0.0943175961992 0.495156976013
93.42/43.23	credit-a 0.378793744012 0.207064008347 0.407890407134
99.96/49.25	letter 0.261565880197 0.0911944036231 0.644156562138
106.68/51.55	postoperative-patient-data 0.45526569953 0.255790004001 -0.490632042812
113.26/53.87	vowel 0.521822805696 0.341134982816 -0.0203621994053
120.08/56.32	eucalyptus 0.279773578884 0.104215224862 0.564323812088
126.71/58.70	cylinder-bands 0.253498404752 0.0749616854204 0.637045952821
133.26/61.07	ionosphere 0.441472616229 0.231251170724 -0.0934075496527
139.89/63.42	mfeat-karhunen 0.263147850384 0.0928316102683 0.574020097519
146.75/65.91	balance-scale 0.164629787211 0.0379170406397 0.716878702871
153.48/68.70	mfeat-morphological 0.514287535207 0.352689187819 -0.295736705648
160.21/73.27	liver-disorders 0.207180120352 0.0580211412521 0.736271273733
167.08/75.73	dermatology 0.226556963744 0.0652440297287 0.472532310008
173.79/78.25	vote 0.0712825851504 0.00834414021665 0.78863121506
180.64/80.72	breast-cancer 0.221909702696 0.066834044803 0.158372662041
187.45/83.09	credit-g 0.54279791393 0.393430279202 -0.452170110602
194.28/85.58	soybean 0.109233398038 0.0168387160055 0.838728689788
200.95/87.99	arrhythmia 0.314873572584 0.125457971223 -0.157726243012
207.81/90.49	nursery 0.20119347342 0.0514100316224 0.747260397221
214.41/93.02	hepatitis 0.419099054318 0.238785673856 -0.182290166104
221.18/95.42	cmc 0.186931853758 0.0440666812535 0.659670618827
227.95/101.78	heart-c 0.240179348736 0.0777313566406 0.791863310204
234.61/104.18	glass 0.32506570463 0.124364307678 0.480289338352
241.22/106.69	braziltourism 0.632506984081 0.488191092254 -0.517781642019
248.08/109.28	iris 0.29029269603 0.1109750538 0.288302886817
254.77/111.68	heart-statlog 0.35084501412 0.167981912201 0.508731775617
261.71/114.18	page-blocks 0.556906103774 0.414071376747 -0.425666930424
268.55/122.42	breast-w 0.205047441937 0.0586461533004 0.708475255497
275.30/124.96	heart-h 0.135622290724 0.0251783796439 0.755663844595
281.99/130.77	yeast 0.318185786439 0.124981674615 0.648681495339
288.76/133.26	tae 0.35020063131 0.155842505677 0.0193925708621
295.62/135.64	haberman 0.28859719341 0.116786766553 -0.0190693613478
302.20/138.04	mfeat-pixel 0.40092956445 0.194627669033 0.116032215658
308.93/140.47	optdigits 0.185185797216 0.0444282393363 0.765360130026
315.63/142.85	mfeat-factors 0.273130165959 0.10349965444 0.601169696726
322.43/145.33	satimage 0.393546162045 0.183442064671 0.072722140733
329.26/147.72	lymph 0.305477983569 0.126018819852 0.480289338352
335.95/150.43	audiology 0.275738863184 0.095042629253 0.504853261444
342.80/152.85	ecoli 0.424339424897 0.228424154168 0.0924379211095
349.59/155.29	tic-tac-toe 0.178935588591 0.049896731362 0.771824320313
356.43/157.83	spambase 0.371241241365 0.171138014663 0.710091303069
363.12/160.24	zoo 0.169683698811 0.0403359978768 0.677770351632
369.78/162.58	sonar 0.569534996808 0.407764496201 -0.383326484042
376.47/168.06	mfeat-zernike 0.224019014944 0.0723524959183 0.598260811097
383.37/170.54	kr-vs-kp 0.195473020157 0.048519085122 0.657731361741
383.98/171.03	MAE 0.320105685902 0.137135840162
383.98/171.03	MSE 0.156950468486 0.156950468486
383.98/171.03	Mean tau 0.343299537341 0.407734788059
383.98/171.03	(0.3333333333333333, '0_class_probability_max')
383.98/171.03	(0.7719298245614035, '1_class_probability_max')
383.98/171.03	(3.7719298245614037, '0_landmark_decision_tree')
383.98/171.03	(5.0701754385964914, '1_skewness_min')
383.98/171.03	(5.43859649122807, '1_class_probability_std')
383.98/171.03	(6.192982456140351, '0_skewness_min')
383.98/171.03	(6.543859649122807, '1_class_entropy')
383.98/171.03	(7.157894736842105, '0_class_entropy')
383.98/171.03	(7.754385964912281, '1_landmark_random_node_learner')
383.98/171.03	(7.842105263157895, '0_class_probability_std')
383.98/171.03	(8.140350877192983, '1_landmark_decision_tree')
383.98/171.03	(11.508771929824562, '0_landmark_naive_bayes')
383.98/171.03	(11.771929824561404, '0_landmark_random_node_learner')
383.98/171.03	(12.491228070175438, '1_landmark_naive_bayes')
383.98/171.03	(15.859649122807017, '0_landmark_1NN')
383.98/171.03	(17.17543859649123, '1_landmark_1NN')
383.98/171.03	(21.75438596491228, '0_landmark_lda')
383.98/171.03	(21.789473684210527, '0_pca_skewness_first_pc')
383.98/171.03	(22.596491228070175, '0_number_of_features')
383.98/171.03	(23.035087719298247, '0_log_number_of_features')
383.98/171.03	(23.087719298245613, '1_skewness_std')
383.98/171.03	(23.228070175438596, '0_kurtosis_std')
383.98/171.03	(23.24561403508772, '1_landmark_lda')
383.98/171.03	(23.75438596491228, '1_pca_skewness_first_pc')
383.98/171.03	(23.842105263157894, '1_number_of_features')
383.98/171.03	(24.0, '1_log_number_of_features')
383.98/171.03	(24.12280701754386, '1_skewness_max')
383.98/171.03	(25.29824561403509, '1_kurtosis_std')
383.98/171.03	(28.894736842105264, '0_skewness_max')
383.98/171.03	(30.666666666666668, '1_kurtosis_min')
383.98/171.03	(31.157894736842106, '0_kurtosis_min')
383.98/171.03	(32.89473684210526, '0_number_of_numeric_features')
383.98/171.03	(32.96491228070175, '1_number_of_numeric_features')
383.98/171.03	(33.666666666666664, '1_number_of_categorical_features')
383.98/171.03	(33.98245614035088, '1_symbols_sum')
383.98/171.03	(34.29824561403509, '0_number_of_categorical_features')
383.98/171.03	(35.89473684210526, '0_skewness_std')
383.98/171.03	(35.92982456140351, '0_symbols_sum')
383.98/171.03	(40.666666666666664, '0_landmark_decision_node_learner')
383.98/171.03	(42.59649122807018, '1_kurtosis_max')
383.98/171.03	(42.85964912280702, '0_kurtosis_max')
383.98/171.03	(42.94736842105263, '1_landmark_decision_node_learner')
383.98/171.03	(43.666666666666664, '0_pca_kurtosis_first_pc')
383.98/171.03	(44.08771929824562, '0_class_probability_min')
383.98/171.03	(44.26315789473684, '1_class_probability_min')
383.98/171.03	(46.14035087719298, '0_ratio_numerical_to_categorical')
383.98/171.03	(46.473684210526315, '1_pca_kurtosis_first_pc')
383.98/171.03	(49.75438596491228, '1_pca_95%')
383.98/171.03	(50.03508771929825, '1_ratio_numerical_to_categorical')
383.98/171.03	(50.96491228070175, '0_skewness_mean')
383.98/171.03	(51.578947368421055, '0_pca_95%')
383.98/171.03	(52.64912280701754, '1_number_of_instances')
383.98/171.03	(52.68421052631579, '0_symbols_mean')
383.98/171.03	(53.175438596491226, '1_skewness_mean')
383.98/171.03	(53.68421052631579, '1_log_number_of_instances')
383.98/171.03	(54.36842105263158, '1_symbols_mean')
383.98/171.03	(55.64912280701754, '0_log_number_of_instances')
383.98/171.03	(56.29824561403509, '0_number_of_instances')
383.98/171.03	(59.19298245614035, '1_dataset_ratio')
383.98/171.03	(59.40350877192982, '0_kurtosis_mean')
383.98/171.03	(60.36842105263158, '1_inverse_dataset_ratio')
383.98/171.03	(60.526315789473685, '1_log_dataset_ratio')
383.98/171.03	(60.56140350877193, '0_dataset_ratio')
383.98/171.03	(61.3859649122807, '0_log_inverse_dataset_ratio')
383.98/171.03	(61.56140350877193, '0_log_dataset_ratio')
383.98/171.03	(61.89473684210526, '1_log_inverse_dataset_ratio')
383.98/171.03	(62.92982456140351, '0_inverse_dataset_ratio')
383.98/171.03	(62.96491228070175, '1_kurtosis_mean')
383.98/171.03	(66.89473684210526, '0_symbols_max')
383.98/171.03	(68.98245614035088, '1_symbols_max')
383.98/171.03	(69.63157894736842, '0_symbols_min')
383.98/171.03	(70.33333333333333, '0_percentage_of_features_with_missing_values')
383.98/171.03	(70.89473684210526, '1_symbols_min')
383.98/171.03	(72.9298245614035, '0_ratio_categorical_to_numerical')
383.98/171.03	(74.0701754385965, '1_percentage_of_features_with_missing_values')
383.98/171.03	(74.52631578947368, '1_ratio_categorical_to_numerical')
383.98/171.03	(76.36842105263158, '1_number_of_classes')
383.98/171.03	(76.47368421052632, '1_percentage_of_missing_values')
383.98/171.03	(76.57894736842105, '0_class_probability_mean')
383.98/171.03	(76.80701754385964, '0_symbols_std')
383.98/171.03	(76.96491228070175, '0_percentage_of_missing_values')
383.98/171.03	(77.42105263157895, '1_class_probability_mean')
383.98/171.03	(77.89473684210526, '0_number_of_classes')
383.98/171.03	(78.6140350877193, '1_symbols_std')
383.98/171.03	(82.78947368421052, '0_percentage_of_Instances_with_missing_values')
383.98/171.03	(83.78947368421052, '0_number_of_Instances_with_missing_values')
383.98/171.03	(83.80701754385964, '1_percentage_of_Instances_with_missing_values')
383.98/171.03	(84.96491228070175, '0_number_of_missing_values')
383.98/171.03	(85.01754385964912, '1_number_of_missing_values')
383.98/171.03	(85.42105263157895, '0_number_of_features_with_missing_values')
383.98/171.03	(85.71929824561404, '1_number_of_Instances_with_missing_values')
383.98/171.03	(85.84210526315789, '1_number_of_features_with_missing_values')
383.98/171.03	Result for ParamILS: SAT, 168.296461, 1, 0.320106, -1, /home/feurerm/thesis/Software/pyMetaLearn/optimizers/metalearn_optimizer/learn_distances.py
