0.75/1.05	['/home/feurerm/thesis/Software/pyMetaLearn/optimizers/metalearn_optimizer/learn_distances.py', '--input_file', '/home/feurerm/thesis/experiments/2014_04_25_predict_distances/testfold_0-3_spearman_rank_perm.pkl', '--fold', '0', '--folds', '1', '--params', '-max_features', '0.111573710137', '-min_samples_leaf', '8', '-min_samples_split', '6', '-n_estimators', '41', '-n_jobs', '4', '-seed', '55']
0.75/1.06	Metafeatures (57, 46)
0.75/1.06	X (3192, 92)
0.75/1.06	Y (3192,)
0.75/1.06	Dataset Mae MSE Rho
1.66/1.52	vehicle 0.385569064775 0.186469881276 0.196188175222
2.66/2.09	anneal.ORIG 0.414782176224 0.21559610482 0.392699559958
3.71/2.67	segment 0.297844953661 0.112590161921 0.65320642854
4.75/3.25	pendigits 0.392851496704 0.184982206601 0.319654209711
5.75/3.82	mushroom 0.22411652363 0.0617562144669 0.571434421404
6.76/4.39	labor 0.237928549033 0.076588359401 0.712676979184
7.78/4.96	abalone 0.414844397778 0.215884653032 0.13833367215
8.83/5.54	diabetes 0.464146752366 0.303655749045 -0.107628768285
9.84/6.13	car 0.391737149203 0.226514482913 0.249517745093
10.86/6.69	autos 0.248250005911 0.0785811341973 0.589210944695
11.89/7.26	mfeat-fourier 0.592604633267 0.457953059102 -0.423727673338
12.91/7.84	primary-tumor 0.223315433924 0.0610277421505 0.580161078292
13.93/8.41	waveform-5000 0.291151801828 0.113345030841 0.392699559958
14.94/8.98	credit-a 0.384746416108 0.196768629432 0.26406217324
15.96/9.56	letter 0.270439867028 0.100007444892 0.647711866796
16.98/10.14	postoperative-patient-data 0.436472625073 0.241582044613 -0.46380565312
17.98/10.71	vowel 0.508899051826 0.320550556905 -0.069166836075
18.97/11.28	eucalyptus 0.315684470844 0.132605152765 0.461866396033
19.97/11.85	cylinder-bands 0.30169374065 0.111904992418 0.505822889988
21.00/12.42	ionosphere 0.423078234986 0.214641068619 -0.0310281133794
22.02/13.00	mfeat-karhunen 0.287693250107 0.108823968254 0.4970962331
23.03/13.57	balance-scale 0.200379212376 0.0552669601699 0.601816115755
24.05/14.14	mfeat-morphological 0.441319542212 0.254694911572 -0.0908218735377
25.05/14.72	liver-disorders 0.270640517695 0.10104932542 0.444089872743
26.07/15.30	dermatology 0.196156367735 0.0508570668177 0.567879116746
27.09/15.87	vote 0.0867336807842 0.0119461911327 0.801559595635
28.14/16.45	breast-cancer 0.363543514404 0.167858926422 -0.579191449749
29.16/17.02	credit-g 0.509050291227 0.344549074067 -0.412738549849
30.19/17.59	soybean 0.129040374572 0.0240968437574 0.823861052127
31.18/18.16	arrhythmia 0.263335946433 0.0936487224209 0.175825975817
32.20/18.73	nursery 0.280923174249 0.0989514372913 0.564647021603
33.22/19.30	hepatitis 0.456649465013 0.28509024971 -0.295090286619
34.23/19.87	cmc 0.213995715387 0.0571270661824 0.63769237185
35.25/20.45	heart-c 0.31618930243 0.130341474979 0.56367739306
36.26/21.02	glass 0.411956412306 0.205138197858 -0.0368458846381
37.28/21.60	braziltourism 0.659664988252 0.524769733174 -0.506792518531
38.28/22.18	iris 0.30808488577 0.128206045732 0.160311919127
39.30/22.75	heart-statlog 0.388369959927 0.206483595654 0.333229009314
40.33/23.32	page-blocks 0.411254056776 0.230283260049 0.277636972843
41.36/23.90	breast-w 0.256958947403 0.087599477669 0.511317451732
42.38/24.49	heart-h 0.199175154081 0.050081197107 0.637369162336
43.39/25.08	yeast 0.415433627619 0.212111873793 0.121526777403
44.43/25.65	tae 0.295190174881 0.118518609133 -0.056884874529
45.51/26.24	haberman 0.306365183566 0.133318958431 -0.035876256095
46.54/26.82	mfeat-pixel 0.362553032845 0.160962367675 0.172593880673
47.55/27.39	optdigits 0.264152681886 0.0860392134772 0.661933085428
48.59/27.96	mfeat-factors 0.275032205777 0.102985820735 0.578545030721
49.61/28.53	satimage 0.344607599866 0.144624443736 0.135747996035
50.62/29.11	lymph 0.297443791834 0.115636676083 0.630581762534
51.67/29.68	audiology 0.298791404244 0.11369146525 0.427282977996
52.68/30.25	ecoli 0.433931371734 0.239832303843 -0.00129283805748
53.70/30.82	tic-tac-toe 0.200407351804 0.0580318169601 0.700395017638
54.74/31.39	spambase 0.327895054357 0.136890173127 0.760835196825
55.76/31.96	zoo 0.2121980926 0.0656146894766 0.581130706836
56.78/32.54	sonar 0.518028048021 0.337421746269 -0.252426630722
57.79/33.10	mfeat-zernike 0.24548725433 0.0825633885059 0.474148357579
58.81/33.67	kr-vs-kp 0.2354505866 0.0678993831458 0.561414926459
58.89/33.79	MAE 0.331653325718 0.110388565161
58.89/33.79	MSE 0.158000198675 0.158000198675
58.89/33.79	Mean tau 0.29326443638 0.366113272014
58.89/33.79	(2.087719298245614, '1_class_probability_std')
58.89/33.79	(3.5964912280701755, '1_landmark_random_node_learner')
58.89/33.79	(3.736842105263158, '1_class_probability_max')
58.89/33.79	(3.807017543859649, '0_class_probability_std')
58.89/33.79	(4.456140350877193, '0_class_probability_max')
58.89/33.79	(6.052631578947368, '0_landmark_1NN')
58.89/33.79	(6.7894736842105265, '0_landmark_decision_tree')
58.89/33.79	(8.087719298245615, '0_ratio_numerical_to_categorical')
58.89/33.79	(8.543859649122806, '0_landmark_naive_bayes')
58.89/33.79	(10.68421052631579, '1_landmark_decision_tree')
58.89/33.79	(11.894736842105264, '0_landmark_lda')
58.89/33.79	(12.070175438596491, '1_skewness_min')
58.89/33.79	(12.298245614035087, '1_class_entropy')
58.89/33.79	(12.473684210526315, '1_landmark_naive_bayes')
58.89/33.79	(13.508771929824562, '0_pca_skewness_first_pc')
58.89/33.79	(16.17543859649123, '1_landmark_1NN')
58.89/33.79	(16.17543859649123, '1_landmark_lda')
58.89/33.79	(17.31578947368421, '0_landmark_random_node_learner')
58.89/33.79	(18.140350877192983, '1_pca_skewness_first_pc')
58.89/33.79	(20.19298245614035, '0_skewness_min')
58.89/33.79	(22.17543859649123, '0_class_entropy')
58.89/33.79	(28.596491228070175, '0_number_of_features')
58.89/33.79	(28.736842105263158, '0_pca_95%')
58.89/33.79	(28.87719298245614, '1_number_of_features')
58.89/33.79	(28.94736842105263, '1_ratio_numerical_to_categorical')
58.89/33.79	(35.31578947368421, '0_number_of_categorical_features')
58.89/33.79	(35.92982456140351, '1_symbols_sum')
58.89/33.79	(36.24561403508772, '1_log_number_of_features')
58.89/33.79	(36.89473684210526, '0_symbols_mean')
58.89/33.79	(37.228070175438596, '0_skewness_std')
58.89/33.79	(37.40350877192982, '1_skewness_std')
58.89/33.79	(38.0, '1_skewness_max')
58.89/33.79	(38.94736842105263, '0_number_of_numeric_features')
58.89/33.79	(39.08771929824562, '1_landmark_decision_node_learner')
58.89/33.79	(39.473684210526315, '0_log_number_of_features')
58.89/33.79	(39.91228070175438, '1_kurtosis_std')
58.89/33.79	(39.92982456140351, '0_landmark_decision_node_learner')
58.89/33.79	(40.473684210526315, '0_pca_kurtosis_first_pc')
58.89/33.79	(40.6140350877193, '0_symbols_sum')
58.89/33.79	(42.35087719298246, '0_number_of_missing_values')
58.89/33.79	(44.333333333333336, '1_pca_kurtosis_first_pc')
58.89/33.79	(45.29824561403509, '1_kurtosis_min')
58.89/33.79	(46.473684210526315, '1_skewness_mean')
58.89/33.79	(47.14035087719298, '0_kurtosis_min')
58.89/33.79	(47.1578947368421, '1_number_of_numeric_features')
58.89/33.79	(47.175438596491226, '1_number_of_categorical_features')
58.89/33.79	(47.98245614035088, '0_symbols_max')
58.89/33.79	(48.64912280701754, '0_kurtosis_std')
58.89/33.79	(50.473684210526315, '0_skewness_max')
58.89/33.79	(52.49122807017544, '0_class_probability_min')
58.89/33.79	(52.98245614035088, '0_kurtosis_max')
58.89/33.79	(54.19298245614035, '1_class_probability_min')
58.89/33.79	(54.94736842105263, '1_pca_95%')
58.89/33.79	(55.87719298245614, '0_percentage_of_Instances_with_missing_values')
58.89/33.79	(56.03508771929825, '1_kurtosis_max')
58.89/33.79	(57.92982456140351, '1_number_of_instances')
58.89/33.79	(58.19298245614035, '0_inverse_dataset_ratio')
58.89/33.79	(58.50877192982456, '0_number_of_instances')
58.89/33.79	(58.54385964912281, '0_dataset_ratio')
58.89/33.79	(59.719298245614034, '1_symbols_mean')
58.89/33.79	(59.94736842105263, '1_kurtosis_mean')
58.89/33.79	(59.94736842105263, '1_log_number_of_instances')
58.89/33.79	(60.35087719298246, '0_skewness_mean')
58.89/33.79	(60.578947368421055, '0_percentage_of_features_with_missing_values')
58.89/33.79	(60.666666666666664, '0_log_inverse_dataset_ratio')
58.89/33.79	(62.91228070175438, '1_inverse_dataset_ratio')
58.89/33.79	(63.0, '0_log_dataset_ratio')
58.89/33.79	(63.14035087719298, '1_log_inverse_dataset_ratio')
58.89/33.79	(64.82456140350877, '1_symbols_max')
58.89/33.79	(65.08771929824562, '0_kurtosis_mean')
58.89/33.79	(65.47368421052632, '1_dataset_ratio')
58.89/33.79	(65.85964912280701, '1_ratio_categorical_to_numerical')
58.89/33.79	(65.94736842105263, '0_log_number_of_instances')
58.89/33.79	(66.50877192982456, '1_class_probability_mean')
58.89/33.79	(66.85964912280701, '0_class_probability_mean')
58.89/33.79	(67.59649122807018, '0_symbols_std')
58.89/33.79	(69.0701754385965, '0_ratio_categorical_to_numerical')
58.89/33.79	(69.2280701754386, '1_symbols_std')
58.89/33.79	(70.71929824561404, '1_log_dataset_ratio')
58.89/33.79	(71.75438596491227, '1_symbols_min')
58.89/33.79	(71.80701754385964, '0_symbols_min')
58.89/33.79	(72.42105263157895, '0_number_of_classes')
58.89/33.79	(72.96491228070175, '1_number_of_classes')
58.89/33.79	(74.24561403508773, '1_percentage_of_features_with_missing_values')
58.89/33.79	(74.91228070175438, '1_number_of_missing_values')
58.89/33.79	(74.98245614035088, '0_percentage_of_missing_values')
58.89/33.79	(75.19298245614036, '0_number_of_features_with_missing_values')
58.89/33.79	(76.43859649122807, '1_percentage_of_missing_values')
58.89/33.79	(77.0, '0_number_of_Instances_with_missing_values')
58.89/33.79	(81.94736842105263, '1_number_of_Instances_with_missing_values')
58.89/33.79	(83.05263157894737, '1_number_of_features_with_missing_values')
58.89/33.79	(84.2280701754386, '1_percentage_of_Instances_with_missing_values')
58.89/33.79	Result for ParamILS: SAT, 32.743127, 1, 0.331653, -1, /home/feurerm/thesis/Software/pyMetaLearn/optimizers/metalearn_optimizer/learn_distances.py
