0.76/6.20	['/home/feurerm/thesis/Software/pyMetaLearn/optimizers/metalearn_optimizer/learn_distances.py', '--input_file', '/home/feurerm/thesis/experiments/2014_04_25_predict_distances/testfold_0-3_spearman_rank_perm.pkl', '--fold', '0', '--folds', '1', '--params', '-max_features', '0.101808855954', '-min_samples_leaf', '4', '-min_samples_split', '4', '-n_estimators', '93', '-n_jobs', '4', '-seed', '10']
0.76/6.21	Metafeatures (57, 46)
0.76/6.21	X (3192, 92)
0.76/6.21	Y (3192,)
0.76/6.21	Dataset Mae MSE Rho
2.60/7.07	vehicle 0.369929223926 0.173695888341 0.297675962734
4.86/8.25	anneal.ORIG 0.413928913096 0.211837035106 0.49192488087
7.16/9.46	segment 0.279864629323 0.0979888845738 0.718817959957
9.48/10.67	pendigits 0.40255925309 0.192356091234 0.271172782556
11.91/11.90	mushroom 0.202283920337 0.0498533870331 0.631551391077
14.15/13.13	labor 0.245199521219 0.0786533794628 0.763744082454
16.43/14.29	abalone 0.415602186521 0.218283301475 0.171947461644
18.75/15.45	diabetes 0.491406528706 0.33189341461 -0.0730453502474
21.01/16.64	car 0.381342960371 0.219502741515 0.493540928442
23.29/17.82	autos 0.234269538468 0.0706087910618 0.666781228143
25.61/19.17	mfeat-fourier 0.629332209921 0.51229594183 -0.460250348462
27.95/20.41	primary-tumor 0.214764109922 0.0571012838505 0.596644763525
30.29/21.83	waveform-5000 0.279310723361 0.103292934241 0.43794889197
32.71/23.03	credit-a 0.350816236099 0.161512820487 0.423727673338
34.99/24.12	letter 0.271328535419 0.101469876149 0.663549133
37.33/25.27	postoperative-patient-data 0.448194652033 0.258862898517 -0.569495164318
39.64/26.46	vowel 0.517616452522 0.328868559607 -0.0491278461841
41.93/27.52	eucalyptus 0.312596204609 0.131398979362 0.498712280671
44.16/29.30	cylinder-bands 0.276762492968 0.0897562716593 0.628319295933
46.46/30.47	ionosphere 0.430280097688 0.215763647102 -0.0723989312187
48.74/31.63	mfeat-karhunen 0.267823928087 0.0946078545717 0.600846487212
51.15/32.92	balance-scale 0.191110174128 0.0536166986782 0.680679237261
53.42/34.24	mfeat-morphological 0.450578718275 0.268291214932 -0.113769749058
55.71/35.40	liver-disorders 0.291269695918 0.110948217504 0.283131534587
58.04/36.82	dermatology 0.201486712264 0.0520189010225 0.543961612683
60.35/38.01	vote 0.0827308280659 0.0109601097115 0.838728689788
62.67/41.25	breast-cancer 0.303208486313 0.118251283783 -0.440857777599
65.01/42.39	credit-g 0.510306147557 0.348672901869 -0.451523691574
67.37/43.95	soybean 0.11299582592 0.0178530821463 0.871372850739
69.67/45.14	arrhythmia 0.261827955261 0.0941091088315 0.165806480871
71.93/46.34	nursery 0.247155815566 0.0770527581699 0.672275789888
74.28/47.53	hepatitis 0.468854985103 0.296783202005 -0.213641488998
76.60/48.92	cmc 0.238797567504 0.0675767789956 0.617976591474
78.91/50.13	heart-c 0.295878848596 0.113776069641 0.657084942712
81.23/51.41	glass 0.371062569247 0.166028575527 0.264385382754
83.52/52.61	braziltourism 0.591193605247 0.430990364896 -0.513903127847
85.82/53.80	iris 0.303779890315 0.122361419449 0.213318279484
88.21/54.97	heart-statlog 0.391719101021 0.203125591037 0.24337676432
90.52/56.17	page-blocks 0.426286982417 0.244367604952 0.252749840237
92.78/57.48	breast-w 0.229734293132 0.0710494486679 0.552041850542
95.05/58.64	heart-h 0.17871736436 0.0410888209108 0.698455760552
97.33/60.34	yeast 0.375297845234 0.176512735695 0.376862293754
99.67/61.83	tae 0.305753965682 0.121067657491 0.0627026457876
102.02/63.00	haberman 0.283650766647 0.111812728843 0.0837112642216
104.46/68.21	mfeat-pixel 0.371598942419 0.165178702559 0.172593880673
106.67/69.62	optdigits 0.212006453567 0.056690062431 0.744028302078
109.10/70.80	mfeat-factors 0.265109977408 0.0952617174298 0.608603515557
111.29/72.19	satimage 0.3657909658 0.159384033379 0.0976092733395
113.69/73.68	lymph 0.274939707084 0.0986685858317 0.677123932603
116.01/74.83	audiology 0.299189399922 0.117130106894 0.484167852525
118.26/76.04	ecoli 0.440103142112 0.243932983779 -0.014867637661
120.57/77.22	tic-tac-toe 0.207399899852 0.0643309073118 0.761481615853
122.91/78.42	spambase 0.344650655086 0.152451683503 0.809963043009
125.25/79.67	zoo 0.18982681175 0.0529163933051 0.678093561146
127.58/80.99	sonar 0.527230363814 0.346139142038 -0.352298370662
129.88/82.15	mfeat-zernike 0.250602792606 0.0865706115363 0.511640661246
132.19/83.32	kr-vs-kp 0.211838627915 0.0545296174221 0.622824734189
132.59/83.61	MAE 0.324717512295 0.114352004209
132.59/83.61	MSE 0.152826382526 0.152826382526
132.59/83.61	Mean tau 0.338218910589 0.384977720967
132.59/83.61	(0.47368421052631576, '0_class_probability_max')
132.59/83.61	(2.2982456140350878, '1_class_probability_std')
132.59/83.61	(2.6315789473684212, '1_landmark_decision_tree')
132.59/83.61	(4.2631578947368425, '0_landmark_decision_tree')
132.59/83.61	(5.701754385964913, '0_class_probability_std')
132.59/83.61	(5.807017543859649, '1_class_probability_max')
132.59/83.61	(5.859649122807017, '1_landmark_random_node_learner')
132.59/83.61	(6.245614035087719, '1_landmark_naive_bayes')
132.59/83.61	(7.543859649122807, '0_landmark_naive_bayes')
132.59/83.61	(10.228070175438596, '0_landmark_random_node_learner')
132.59/83.61	(11.035087719298245, '0_class_entropy')
132.59/83.61	(12.280701754385966, '0_landmark_lda')
132.59/83.61	(12.368421052631579, '1_class_entropy')
132.59/83.61	(14.298245614035087, '1_landmark_lda')
132.59/83.61	(14.491228070175438, '0_landmark_1NN')
132.59/83.61	(14.947368421052632, '0_skewness_min')
132.59/83.61	(17.157894736842106, '1_pca_skewness_first_pc')
132.59/83.61	(18.385964912280702, '1_landmark_1NN')
132.59/83.61	(18.80701754385965, '0_pca_skewness_first_pc')
132.59/83.61	(19.12280701754386, '1_skewness_min')
132.59/83.61	(19.50877192982456, '1_ratio_numerical_to_categorical')
132.59/83.61	(22.49122807017544, '0_ratio_numerical_to_categorical')
132.59/83.61	(22.82456140350877, '1_number_of_features')
132.59/83.61	(25.45614035087719, '0_number_of_categorical_features')
132.59/83.61	(25.49122807017544, '0_number_of_features')
132.59/83.61	(28.54385964912281, '1_symbols_sum')
132.59/83.61	(29.596491228070175, '1_log_number_of_features')
132.59/83.61	(30.54385964912281, '0_log_number_of_features')
132.59/83.61	(31.105263157894736, '1_pca_95%')
132.59/83.61	(32.175438596491226, '0_pca_95%')
132.59/83.61	(33.421052631578945, '1_number_of_categorical_features')
132.59/83.61	(35.421052631578945, '1_kurtosis_min')
132.59/83.61	(38.05263157894737, '1_landmark_decision_node_learner')
132.59/83.61	(39.54385964912281, '1_skewness_max')
132.59/83.61	(39.64912280701754, '1_number_of_numeric_features')
132.59/83.61	(39.771929824561404, '0_kurtosis_min')
132.59/83.61	(40.68421052631579, '0_symbols_sum')
132.59/83.61	(40.70175438596491, '0_skewness_max')
132.59/83.61	(41.175438596491226, '0_number_of_numeric_features')
132.59/83.61	(41.75438596491228, '1_kurtosis_mean')
132.59/83.61	(42.59649122807018, '0_landmark_decision_node_learner')
132.59/83.61	(43.05263157894737, '0_symbols_mean')
132.59/83.61	(44.280701754385966, '0_kurtosis_std')
132.59/83.61	(44.63157894736842, '0_pca_kurtosis_first_pc')
132.59/83.61	(45.14035087719298, '1_pca_kurtosis_first_pc')
132.59/83.61	(46.68421052631579, '1_kurtosis_std')
132.59/83.61	(46.92982456140351, '0_skewness_std')
132.59/83.61	(47.03508771929825, '0_skewness_mean')
132.59/83.61	(48.333333333333336, '1_skewness_std')
132.59/83.61	(49.85964912280702, '1_symbols_mean')
132.59/83.61	(51.87719298245614, '1_skewness_mean')
132.59/83.61	(54.473684210526315, '0_kurtosis_max')
132.59/83.61	(56.03508771929825, '0_class_probability_mean')
132.59/83.61	(56.421052631578945, '1_class_probability_min')
132.59/83.61	(57.35087719298246, '1_kurtosis_max')
132.59/83.61	(59.75438596491228, '0_log_number_of_instances')
132.59/83.61	(59.824561403508774, '1_symbols_max')
132.59/83.61	(59.87719298245614, '0_symbols_max')
132.59/83.61	(61.05263157894737, '0_class_probability_min')
132.59/83.61	(61.50877192982456, '1_symbols_std')
132.59/83.61	(61.70175438596491, '1_dataset_ratio')
132.59/83.61	(62.8421052631579, '1_number_of_instances')
132.59/83.61	(63.92982456140351, '0_dataset_ratio')
132.59/83.61	(64.36842105263158, '0_log_inverse_dataset_ratio')
132.59/83.61	(64.84210526315789, '0_inverse_dataset_ratio')
132.59/83.61	(64.98245614035088, '0_symbols_min')
132.59/83.61	(65.10526315789474, '1_number_of_missing_values')
132.59/83.61	(65.52631578947368, '0_kurtosis_mean')
132.59/83.61	(65.94736842105263, '1_log_dataset_ratio')
132.59/83.61	(66.56140350877193, '1_inverse_dataset_ratio')
132.59/83.61	(66.78947368421052, '1_log_number_of_instances')
132.59/83.61	(67.56140350877193, '1_number_of_classes')
132.59/83.61	(67.7719298245614, '0_number_of_instances')
132.59/83.61	(68.15789473684211, '1_percentage_of_features_with_missing_values')
132.59/83.61	(68.3859649122807, '0_log_dataset_ratio')
132.59/83.61	(68.49122807017544, '1_log_inverse_dataset_ratio')
132.59/83.61	(69.14035087719299, '0_ratio_categorical_to_numerical')
132.59/83.61	(69.71929824561404, '1_class_probability_mean')
132.59/83.61	(70.80701754385964, '0_symbols_std')
132.59/83.61	(71.47368421052632, '0_number_of_classes')
132.59/83.61	(71.96491228070175, '0_percentage_of_features_with_missing_values')
132.59/83.61	(73.24561403508773, '1_ratio_categorical_to_numerical')
132.59/83.61	(73.40350877192982, '0_number_of_missing_values')
132.59/83.61	(79.3859649122807, '1_symbols_min')
132.59/83.61	(80.96491228070175, '1_percentage_of_missing_values')
132.59/83.61	(81.01754385964912, '0_number_of_Instances_with_missing_values')
132.59/83.61	(81.14035087719299, '0_percentage_of_missing_values')
132.59/83.61	(81.24561403508773, '0_number_of_features_with_missing_values')
132.59/83.61	(81.64912280701755, '0_percentage_of_Instances_with_missing_values')
132.59/83.61	(81.6842105263158, '1_number_of_features_with_missing_values')
132.59/83.61	(83.6140350877193, '1_percentage_of_Instances_with_missing_values')
132.59/83.61	(84.0, '1_number_of_Instances_with_missing_values')
132.59/83.61	Result for ParamILS: SAT, 77.410661, 1, 0.324718, -1, /home/feurerm/thesis/Software/pyMetaLearn/optimizers/metalearn_optimizer/learn_distances.py
