0.76/1.02	['/home/feurerm/thesis/Software/pyMetaLearn/optimizers/metalearn_optimizer/learn_distances.py', '--input_file', '/home/feurerm/thesis/experiments/2014_04_25_predict_distances/testfold_0-3_spearman_rank_perm.pkl', '--fold', '0', '--folds', '1', '--params', '-max_features', '0.700146397556', '-min_samples_leaf', '7', '-min_samples_split', '6', '-n_estimators', '68', '-n_jobs', '4', '-seed', '34']
0.76/1.03	Metafeatures (57, 46)
0.76/1.03	X (3192, 92)
0.76/1.03	Y (3192,)
0.76/1.03	Dataset Mae MSE Rho
8.29/3.19	vehicle 0.474218134867 0.288130286249 -0.145121071952
16.14/5.54	anneal.ORIG 0.632801076467 0.453994617113 -0.0723989312187
24.17/7.90	segment 0.279260599403 0.0990194993429 0.751785330422
32.00/10.26	pendigits 0.389550775712 0.184565168757 0.269556734984
39.75/12.51	mushroom 0.232692986751 0.064743926426 0.568202326261
47.68/14.87	labor 0.212703222815 0.0654928288216 0.546224079284
55.48/17.22	abalone 0.423081413235 0.229519766298 0.141888976808
63.21/19.47	diabetes 0.479268678261 0.330523889915 -0.220105679285
70.89/21.74	car 0.568320148513 0.426341504006 -0.029735275322
78.76/24.08	autos 0.194228057821 0.0490498406483 0.640601257479
86.82/26.44	mfeat-fourier 0.654239222731 0.554672922198 -0.493217718927
94.58/28.68	primary-tumor 0.198831531315 0.0486559351569 0.609896353614
102.61/31.04	waveform-5000 0.221435957244 0.0683912270125 0.684557751434
110.51/33.41	credit-a 0.439211037516 0.27338119376 0.173886718731
118.36/35.75	letter 0.291276369692 0.110581918366 0.550102593456
126.63/38.21	postoperative-patient-data 0.439839172172 0.235043918106 -0.486430319125
134.63/40.56	vowel 0.488774320049 0.29467505447 0.0672275789888
142.55/42.93	eucalyptus 0.284625958865 0.107524347385 0.493217718927
150.32/45.19	cylinder-bands 0.290967432029 0.0984292453664 0.497419442614
158.17/47.55	ionosphere 0.430495447305 0.214539577339 -0.151585262239
166.07/49.90	mfeat-karhunen 0.246325220219 0.0829757450077 0.652236799997
173.81/52.26	balance-scale 0.229355471408 0.0756812995895 0.464452072148
181.58/54.61	mfeat-morphological 0.481477514198 0.307106713001 -0.219459260257
189.45/56.98	liver-disorders 0.153048024365 0.0348558029433 0.503560423387
197.46/59.34	dermatology 0.208805128144 0.0544575133316 0.492894509413
205.32/61.71	vote 0.0680169656591 0.00771978619039 0.790893681661
213.15/64.07	breast-cancer 0.167837425933 0.040720939552 0.353914418234
220.98/66.42	credit-g 0.537059919899 0.393440137931 -0.455402205746
228.90/68.77	soybean 0.116349692863 0.0177119721164 0.813518347667
236.69/71.12	arrhythmia 0.296933582266 0.110255785678 -0.0804791690779
244.57/73.47	nursery 0.248099252703 0.077107287351 0.651913590482
252.26/75.74	hepatitis 0.362203135731 0.187849985087 -0.274081668185
260.08/78.03	cmc 0.163733876054 0.0344353599889 0.682618494347
267.82/80.38	heart-c 0.254989083099 0.0853334743117 0.740149787905
275.58/82.74	glass 0.335168335882 0.1348309612 0.499681909215
283.56/85.09	braziltourism 0.722332966552 0.625069546661 -0.60440179187
291.62/88.80	iris 0.306549184471 0.126224020019 0.158695871555
299.43/91.15	heart-statlog 0.324356301851 0.13847065056 0.616360543902
307.76/93.62	page-blocks 0.632777923544 0.529336649744 -0.621855105646
315.60/95.98	breast-w 0.232517929762 0.0732222074646 0.489339204755
323.47/98.33	heart-h 0.166847524724 0.0357415840905 0.714293026756
331.31/100.69	yeast 0.359381821613 0.160733969345 0.495156976013
339.22/103.04	tae 0.365200312982 0.164704178851 0.0591473411295
347.15/105.40	haberman 0.298463306957 0.119338593632 -0.021008618434
355.10/107.90	mfeat-pixel 0.399954145173 0.198752777754 0.114739377601
363.10/110.26	optdigits 0.242341580781 0.0738467861873 0.674861466003
371.11/112.62	mfeat-factors 0.24984880746 0.0829889936513 0.710414512583
379.01/118.19	satimage 0.341010178747 0.144659903993 0.126698129633
386.64/120.44	lymph 0.302271338934 0.130292169807 0.391729931415
394.48/122.70	audiology 0.296741053812 0.107235712656 0.425990139938
402.35/125.05	ecoli 0.407907635214 0.208958537443 0.109568025371
410.25/130.80	tic-tac-toe 0.186072035265 0.0491980978239 0.701364646181
418.27/133.19	spambase 0.379673141391 0.188287232255 0.674538256488
426.25/136.35	zoo 0.182116040253 0.0430793380849 0.649651123882
434.11/140.47	sonar 0.536054129737 0.357510895176 -0.311573971852
441.94/142.83	mfeat-zernike 0.227876902604 0.0765875728371 0.621855105646
449.88/145.19	kr-vs-kp 0.233608416993 0.065443139403 0.584039592465
450.07/145.39	MAE 0.331388190351 0.143744954878
450.07/145.39	MSE 0.167393719078 0.167393719078
450.07/145.39	Mean tau 0.294245405608 0.40313361276
450.07/145.39	(0.2631578947368421, '1_class_probability_max')
450.07/145.39	(0.9122807017543859, '0_class_probability_max')
450.07/145.39	(2.4210526315789473, '1_skewness_min')
450.07/145.39	(2.56140350877193, '0_skewness_min')
450.07/145.39	(5.754385964912281, '0_class_entropy')
450.07/145.39	(6.508771929824562, '1_class_entropy')
450.07/145.39	(8.929824561403509, '0_class_probability_std')
450.07/145.39	(9.017543859649123, '1_landmark_naive_bayes')
450.07/145.39	(9.368421052631579, '0_landmark_naive_bayes')
450.07/145.39	(9.614035087719298, '0_landmark_decision_tree')
450.07/145.39	(11.228070175438596, '1_class_probability_std')
450.07/145.39	(11.280701754385966, '1_landmark_decision_tree')
450.07/145.39	(16.0, '0_landmark_random_node_learner')
450.07/145.39	(16.54385964912281, '0_pca_skewness_first_pc')
450.07/145.39	(16.596491228070175, '1_pca_skewness_first_pc')
450.07/145.39	(19.964912280701753, '0_landmark_lda')
450.07/145.39	(20.57894736842105, '1_landmark_random_node_learner')
450.07/145.39	(20.63157894736842, '0_kurtosis_min')
450.07/145.39	(21.614035087719298, '1_kurtosis_min')
450.07/145.39	(22.964912280701753, '1_landmark_lda')
450.07/145.39	(24.49122807017544, '1_skewness_std')
450.07/145.39	(25.68421052631579, '0_landmark_1NN')
450.07/145.39	(26.49122807017544, '0_skewness_std')
450.07/145.39	(27.087719298245613, '0_skewness_max')
450.07/145.39	(27.80701754385965, '1_landmark_1NN')
450.07/145.39	(28.36842105263158, '1_skewness_max')
450.07/145.39	(28.719298245614034, '1_log_number_of_features')
450.07/145.39	(28.771929824561404, '0_number_of_features')
450.07/145.39	(29.228070175438596, '1_kurtosis_std')
450.07/145.39	(29.45614035087719, '0_log_number_of_features')
450.07/145.39	(29.614035087719298, '1_number_of_features')
450.07/145.39	(31.36842105263158, '0_kurtosis_std')
450.07/145.39	(34.21052631578947, '0_number_of_numeric_features')
450.07/145.39	(34.24561403508772, '1_number_of_numeric_features')
450.07/145.39	(34.87719298245614, '0_class_probability_min')
450.07/145.39	(34.87719298245614, '1_class_probability_min')
450.07/145.39	(37.70175438596491, '1_kurtosis_max')
450.07/145.39	(39.05263157894737, '0_symbols_sum')
450.07/145.39	(39.05263157894737, '1_symbols_sum')
450.07/145.39	(39.07017543859649, '0_kurtosis_max')
450.07/145.39	(40.175438596491226, '0_log_number_of_instances')
450.07/145.39	(40.29824561403509, '1_log_number_of_instances')
450.07/145.39	(40.473684210526315, '1_number_of_instances')
450.07/145.39	(41.50877192982456, '0_number_of_instances')
450.07/145.39	(45.07017543859649, '1_landmark_decision_node_learner')
450.07/145.39	(45.719298245614034, '0_skewness_mean')
450.07/145.39	(45.78947368421053, '0_pca_kurtosis_first_pc')
450.07/145.39	(46.24561403508772, '1_pca_kurtosis_first_pc')
450.07/145.39	(46.35087719298246, '1_number_of_categorical_features')
450.07/145.39	(47.175438596491226, '1_skewness_mean')
450.07/145.39	(47.56140350877193, '0_landmark_decision_node_learner')
450.07/145.39	(49.3859649122807, '0_pca_95%')
450.07/145.39	(49.824561403508774, '1_symbols_mean')
450.07/145.39	(49.94736842105263, '0_symbols_mean')
450.07/145.39	(50.05263157894737, '0_number_of_categorical_features')
450.07/145.39	(51.49122807017544, '1_pca_95%')
450.07/145.39	(53.87719298245614, '1_inverse_dataset_ratio')
450.07/145.39	(56.21052631578947, '0_inverse_dataset_ratio')
450.07/145.39	(56.92982456140351, '1_symbols_min')
450.07/145.39	(57.24561403508772, '1_log_inverse_dataset_ratio')
450.07/145.39	(57.73684210526316, '0_dataset_ratio')
450.07/145.39	(57.91228070175438, '1_dataset_ratio')
450.07/145.39	(58.08771929824562, '0_symbols_min')
450.07/145.39	(58.35087719298246, '0_log_inverse_dataset_ratio')
450.07/145.39	(58.89473684210526, '0_ratio_numerical_to_categorical')
450.07/145.39	(59.12280701754386, '0_log_dataset_ratio')
450.07/145.39	(59.19298245614035, '1_log_dataset_ratio')
450.07/145.39	(61.63157894736842, '1_ratio_numerical_to_categorical')
450.07/145.39	(65.87719298245614, '0_kurtosis_mean')
450.07/145.39	(67.0701754385965, '1_kurtosis_mean')
450.07/145.39	(73.71929824561404, '0_number_of_classes')
450.07/145.39	(74.0, '0_symbols_max')
450.07/145.39	(74.19298245614036, '1_ratio_categorical_to_numerical')
450.07/145.39	(74.42105263157895, '0_ratio_categorical_to_numerical')
450.07/145.39	(74.50877192982456, '1_class_probability_mean')
450.07/145.39	(75.6140350877193, '1_number_of_classes')
450.07/145.39	(76.19298245614036, '0_class_probability_mean')
450.07/145.39	(76.33333333333333, '1_symbols_max')
450.07/145.39	(78.42105263157895, '0_percentage_of_features_with_missing_values')
450.07/145.39	(78.66666666666667, '1_percentage_of_features_with_missing_values')
450.07/145.39	(78.71929824561404, '1_symbols_std')
450.07/145.39	(79.05263157894737, '0_symbols_std')
450.07/145.39	(82.50877192982456, '0_percentage_of_missing_values')
450.07/145.39	(82.84210526315789, '0_percentage_of_Instances_with_missing_values')
450.07/145.39	(82.94736842105263, '0_number_of_Instances_with_missing_values')
450.07/145.39	(83.03508771929825, '1_percentage_of_missing_values')
450.07/145.39	(83.05263157894737, '1_number_of_Instances_with_missing_values')
450.07/145.39	(83.98245614035088, '1_percentage_of_Instances_with_missing_values')
450.07/145.39	(85.08771929824562, '0_number_of_missing_values')
450.07/145.39	(85.2280701754386, '1_number_of_missing_values')
450.07/145.39	(87.29824561403508, '1_number_of_features_with_missing_values')
450.07/145.39	(88.03508771929825, '0_number_of_features_with_missing_values')
450.07/145.39	Result for ParamILS: SAT, 144.369071, 1, 0.331388, -1, /home/feurerm/thesis/Software/pyMetaLearn/optimizers/metalearn_optimizer/learn_distances.py
