0.78/1.03	['/home/feurerm/thesis/Software/pyMetaLearn/optimizers/metalearn_optimizer/learn_distances.py', '--input_file', '/home/feurerm/thesis/experiments/2014_04_25_predict_distances/testfold_0-3_spearman_rank_perm.pkl', '--fold', '0', '--folds', '1', '--params', '-max_features', '0.806009996593', '-min_samples_leaf', '9', '-min_samples_split', '1', '-n_estimators', '13', '-n_jobs', '4', '-seed', '33']
0.78/1.04	Metafeatures (57, 46)
0.78/1.04	X (3192, 92)
0.78/1.04	Y (3192,)
0.78/1.04	Dataset Mae MSE Rho
2.42/1.69	vehicle 0.487065485083 0.31714768301 -0.242730345291
4.17/2.47	anneal.ORIG 0.711269401513 0.57322552728 -0.242588254531
5.86/3.16	segment 0.328373125797 0.138285581537 0.602785744298
7.58/3.85	pendigits 0.401336794638 0.197994498654 0.264245034083
9.27/4.54	mushroom 0.22083743637 0.0618620185769 0.56194494404
10.97/5.23	labor 0.188800979295 0.0524280660841 0.540406308025
12.65/5.91	abalone 0.428783555499 0.244004063594 0.103273747265
14.33/6.60	diabetes 0.508665059667 0.357678276954 -0.290565353418
16.03/7.30	car 0.559983945586 0.417051623137 0.0342602085231
17.69/7.97	autos 0.19569049177 0.0534363497414 0.596321554011
19.42/8.66	mfeat-fourier 0.677742793645 0.607259252226 -0.52747792745
21.08/9.35	primary-tumor 0.199764697974 0.0508841391633 0.585009221008
22.76/10.04	waveform-5000 0.209532256866 0.0609281337003 0.570141583347
24.51/10.72	credit-a 0.457588615359 0.303415336553 0.0911450830521
26.17/11.41	letter 0.309314416654 0.125627123979 0.52521546085
27.91/12.20	postoperative-patient-data 0.429527349606 0.236251595514 -0.0685424741584
29.60/12.89	vowel 0.481978914997 0.285154620598 0.157079823983
31.31/13.57	eucalyptus 0.271674534282 0.0977713172316 0.513782852201
33.04/14.26	cylinder-bands 0.308644661536 0.114561598628 0.415324225964
34.74/14.95	ionosphere 0.437464741536 0.225138548649 -0.103427044598
36.43/15.74	mfeat-karhunen 0.27823933586 0.101177855286 0.583069963922
38.14/16.42	balance-scale 0.240540599169 0.0782205807988 0.441701332201
39.80/17.11	mfeat-morphological 0.502309675973 0.341931291724 -0.201214108522
41.52/17.80	liver-disorders 0.147675453708 0.0315725407561 0.454109367689
43.21/18.48	dermatology 0.221158909043 0.0631678745352 0.468007376806
44.90/19.17	vote 0.0926748228137 0.0128164173094 0.732290060813
46.59/19.86	breast-cancer 0.134507738933 0.0305372213362 0.384619322099
48.29/20.54	credit-g 0.54743235971 0.406483394541 -0.396578074131
50.06/21.33	soybean 0.109562838885 0.0167540810004 0.792832938747
51.77/22.02	arrhythmia 0.32626681004 0.13475249979 -0.146114208533
53.45/22.70	nursery 0.260025778466 0.0858964248196 0.602462534784
55.12/23.39	hepatitis 0.289037165483 0.116884809023 0.1102144444
56.80/24.08	cmc 0.181935754087 0.0468034968969 0.556889993258
58.52/24.77	heart-c 0.272105854473 0.101966117068 0.636722743307
60.22/25.45	glass 0.290248669223 0.110187278201 0.529093975022
61.97/26.25	braziltourism 0.631472237693 0.480610872626 -0.431484701683
63.68/26.93	iris 0.344168220858 0.15958779536 -0.0248871326064
65.37/27.62	heart-statlog 0.332227448266 0.144014581421 0.405693211745
67.14/28.31	page-blocks 0.648221291303 0.552644875388 -0.441827406142
68.88/29.10	breast-w 0.234836800803 0.0768869336988 0.45572541526
70.55/29.78	heart-h 0.158541351515 0.0360722735548 0.645230000512
72.23/30.47	yeast 0.376920671052 0.187389583896 0.312730361437
73.93/31.26	tae 0.343985543013 0.159893232104 -0.0177765232903
75.63/31.95	haberman 0.294880751012 0.115898216058 -0.0106659139742
77.31/32.63	mfeat-pixel 0.393738342087 0.193265962338 0.135747996035
78.99/33.32	optdigits 0.253859389817 0.0879994590769 0.607844387269
80.71/34.01	mfeat-factors 0.251096095316 0.0878651653706 0.646199785082
82.43/34.70	satimage 0.326493515502 0.141171391598 0.15901908107
84.10/35.39	lymph 0.231648965075 0.0773140658999 0.407761603053
85.77/36.08	audiology 0.280929644803 0.0926692149247 0.449782220093
87.46/36.77	ecoli 0.412237915602 0.215467268751 0.138980091179
89.16/37.46	tic-tac-toe 0.176539882331 0.0423262124922 0.701582686822
90.89/38.15	spambase 0.389740820552 0.200730757616 0.546370202065
92.61/38.84	zoo 0.182983474195 0.0441639980621 0.600733205924
94.31/39.53	sonar 0.555035836655 0.388350058452 -0.341955666202
96.01/40.22	mfeat-zernike 0.239126395811 0.0788626624483 0.518428061048
97.67/40.90	kr-vs-kp 0.268503822272 0.0892648314492 0.450230853516
97.67/40.94	MAE 0.333946481387 0.146678464286
97.67/40.94	MSE 0.17283695878 0.17283695878
97.67/40.94	Mean tau 0.272757436338 0.354582719074
97.67/40.94	(0.5789473684210527, '0_class_probability_max')
97.67/40.94	(0.6140350877192983, '1_class_probability_max')
97.67/40.94	(2.1403508771929824, '1_skewness_min')
97.67/40.94	(2.8596491228070176, '0_skewness_min')
97.67/40.94	(8.578947368421053, '1_landmark_naive_bayes')
97.67/40.94	(9.456140350877194, '0_landmark_naive_bayes')
97.67/40.94	(14.175438596491228, '1_class_probability_std')
97.67/40.94	(15.24561403508772, '1_pca_skewness_first_pc')
97.67/40.94	(15.771929824561404, '1_landmark_lda')
97.67/40.94	(16.24561403508772, '1_landmark_decision_tree')
97.67/40.94	(16.350877192982455, '0_pca_skewness_first_pc')
97.67/40.94	(17.087719298245613, '1_class_entropy')
97.67/40.94	(18.29824561403509, '0_landmark_lda')
97.67/40.94	(18.54385964912281, '0_class_entropy')
97.67/40.94	(20.31578947368421, '0_landmark_decision_tree')
97.67/40.94	(23.614035087719298, '0_class_probability_std')
97.67/40.94	(26.07017543859649, '0_skewness_max')
97.67/40.94	(26.263157894736842, '0_landmark_1NN')
97.67/40.94	(26.43859649122807, '0_class_probability_min')
97.67/40.94	(27.24561403508772, '1_kurtosis_min')
97.67/40.94	(28.12280701754386, '1_skewness_max')
97.67/40.94	(28.43859649122807, '1_landmark_random_node_learner')
97.67/40.94	(28.49122807017544, '0_kurtosis_min')
97.67/40.94	(28.57894736842105, '1_class_probability_min')
97.67/40.94	(28.68421052631579, '0_kurtosis_max')
97.67/40.94	(28.842105263157894, '1_landmark_1NN')
97.67/40.94	(29.385964912280702, '0_number_of_numeric_features')
97.67/40.94	(30.333333333333332, '0_skewness_std')
97.67/40.94	(32.824561403508774, '1_kurtosis_max')
97.67/40.94	(33.21052631578947, '1_number_of_instances')
97.67/40.94	(34.03508771929825, '0_number_of_instances')
97.67/40.94	(34.10526315789474, '1_log_number_of_instances')
97.67/40.94	(35.333333333333336, '0_log_number_of_features')
97.67/40.94	(35.3859649122807, '0_log_number_of_instances')
97.67/40.94	(36.70175438596491, '1_number_of_numeric_features')
97.67/40.94	(37.0, '1_landmark_decision_node_learner')
97.67/40.94	(37.56140350877193, '0_symbols_mean')
97.67/40.94	(37.94736842105263, '1_log_number_of_features')
97.67/40.94	(38.56140350877193, '0_number_of_features')
97.67/40.94	(39.719298245614034, '1_symbols_mean')
97.67/40.94	(39.87719298245614, '1_number_of_features')
97.67/40.94	(40.36842105263158, '0_landmark_decision_node_learner')
97.67/40.94	(40.45614035087719, '0_kurtosis_std')
97.67/40.94	(41.05263157894737, '0_skewness_mean')
97.67/40.94	(41.49122807017544, '1_skewness_mean')
97.67/40.94	(43.8421052631579, '0_pca_kurtosis_first_pc')
97.67/40.94	(44.12280701754386, '1_pca_kurtosis_first_pc')
97.67/40.94	(45.40350877192982, '0_pca_95%')
97.67/40.94	(45.70175438596491, '1_pca_95%')
97.67/40.94	(46.824561403508774, '1_skewness_std')
97.67/40.94	(46.85964912280702, '0_landmark_random_node_learner')
97.67/40.94	(48.03508771929825, '1_log_dataset_ratio')
97.67/40.94	(49.24561403508772, '0_log_inverse_dataset_ratio')
97.67/40.94	(49.473684210526315, '1_inverse_dataset_ratio')
97.67/40.94	(49.56140350877193, '0_symbols_min')
97.67/40.94	(49.78947368421053, '1_kurtosis_std')
97.67/40.94	(50.1578947368421, '0_log_dataset_ratio')
97.67/40.94	(50.228070175438596, '1_dataset_ratio')
97.67/40.94	(50.40350877192982, '1_symbols_min')
97.67/40.94	(50.719298245614034, '0_inverse_dataset_ratio')
97.67/40.94	(51.59649122807018, '0_ratio_numerical_to_categorical')
97.67/40.94	(52.35087719298246, '0_dataset_ratio')
97.67/40.94	(52.94736842105263, '0_symbols_sum')
97.67/40.94	(53.05263157894737, '1_log_inverse_dataset_ratio')
97.67/40.94	(57.70175438596491, '1_ratio_numerical_to_categorical')
97.67/40.94	(58.07017543859649, '1_symbols_sum')
97.67/40.94	(61.01754385964912, '1_kurtosis_mean')
97.67/40.94	(62.175438596491226, '0_kurtosis_mean')
97.67/40.94	(63.36842105263158, '0_number_of_categorical_features')
97.67/40.94	(64.36842105263158, '1_number_of_categorical_features')
97.67/40.94	(70.47368421052632, '0_ratio_categorical_to_numerical')
97.67/40.94	(71.36842105263158, '1_class_probability_mean')
97.67/40.94	(71.42105263157895, '1_ratio_categorical_to_numerical')
97.67/40.94	(72.49122807017544, '0_number_of_classes')
97.67/40.94	(72.96491228070175, '1_number_of_classes')
97.67/40.94	(73.40350877192982, '0_class_probability_mean')
97.67/40.94	(74.57894736842105, '1_symbols_std')
97.67/40.94	(75.01754385964912, '0_symbols_max')
97.67/40.94	(75.54385964912281, '0_symbols_std')
97.67/40.94	(77.49122807017544, '1_symbols_max')
97.67/40.94	(78.6842105263158, '0_percentage_of_features_with_missing_values')
97.67/40.94	(79.82456140350877, '1_number_of_Instances_with_missing_values')
97.67/40.94	(79.85964912280701, '1_percentage_of_features_with_missing_values')
97.67/40.94	(80.70175438596492, '1_percentage_of_Instances_with_missing_values')
97.67/40.94	(80.82456140350877, '1_number_of_missing_values')
97.67/40.94	(80.87719298245614, '0_percentage_of_Instances_with_missing_values')
97.67/40.94	(81.3859649122807, '0_number_of_Instances_with_missing_values')
97.67/40.94	(83.50877192982456, '0_number_of_missing_values')
97.67/40.94	(83.6140350877193, '0_percentage_of_missing_values')
97.67/40.94	(83.91228070175438, '1_percentage_of_missing_values')
97.67/40.94	(84.28070175438596, '0_number_of_features_with_missing_values')
97.67/40.94	(84.35087719298245, '1_number_of_features_with_missing_values')
97.67/40.94	Result for ParamILS: SAT, 39.919396, 1, 0.333946, -1, /home/feurerm/thesis/Software/pyMetaLearn/optimizers/metalearn_optimizer/learn_distances.py
