0.77/1.02	['/home/feurerm/thesis/Software/pyMetaLearn/optimizers/metalearn_optimizer/learn_distances.py', '--input_file', '/home/feurerm/thesis/experiments/2014_04_25_predict_distances/testfold_0-3_spearman_rank_perm.pkl', '--fold', '0', '--folds', '1', '--params', '-max_features', '0.118906571837', '-min_samples_leaf', '3', '-min_samples_split', '4', '-n_estimators', '98', '-n_jobs', '4', '-seed', '15']
0.77/1.03	Metafeatures (57, 46)
0.77/1.03	X (3192, 92)
0.77/1.03	Y (3192,)
0.77/1.03	Dataset Mae MSE Rho
3.03/1.91	vehicle 0.364995485657 0.169184684591 0.307049038651
5.85/3.22	anneal.ORIG 0.401107548329 0.198726398924 0.50226758533
8.50/4.52	segment 0.265226768873 0.089565583295 0.707182417439
11.24/5.81	pendigits 0.378610959594 0.169761677085 0.396578074131
14.01/7.12	mushroom 0.204888349475 0.0510172070422 0.618946220017
16.78/8.44	labor 0.237614530261 0.071898773391 0.790247262632
19.53/9.78	abalone 0.406478041317 0.209759141709 0.219136050742
22.41/11.10	diabetes 0.47626551214 0.31080409667 -0.0106659139742
25.08/12.39	car 0.384237654638 0.219422657758 0.421141997223
27.77/13.69	autos 0.239490455716 0.0738738161501 0.633167438649
30.55/14.98	mfeat-fourier 0.629739359614 0.513453288645 -0.470916262436
33.29/16.31	primary-tumor 0.212750014273 0.0542211452442 0.632844229135
36.16/17.65	waveform-5000 0.287602741232 0.110074669394 0.410476083249
38.81/18.97	credit-a 0.360709473031 0.179628401853 0.407243988105
41.59/20.28	letter 0.268532757829 0.0967943899935 0.723019683644
44.44/21.59	postoperative-patient-data 0.455205022177 0.264207495153 -0.593089458867
47.28/22.95	vowel 0.526930838911 0.345258627836 -0.12281961546
50.11/24.32	eucalyptus 0.288646587623 0.109603912128 0.529093975022
52.93/25.64	cylinder-bands 0.270446856383 0.0886856660027 0.619592639045
55.76/26.99	ionosphere 0.441759996875 0.230313898355 -0.1102144444
58.58/28.31	mfeat-karhunen 0.267781663964 0.0953199114112 0.581777125864
61.48/29.64	balance-scale 0.190442609543 0.0522954047492 0.721726845586
64.23/30.97	mfeat-morphological 0.45719335618 0.276563966274 -0.114416168087
66.98/32.37	liver-disorders 0.27884374052 0.105602428163 0.442797034686
69.80/33.72	dermatology 0.201550594078 0.0528827954558 0.544284822197
72.55/35.03	vote 0.0803256484934 0.010426641172 0.816427233296
75.42/36.33	breast-cancer 0.284684629075 0.106311024994 -0.372660570068
78.13/37.62	credit-g 0.509248587051 0.346455295332 -0.476734033694
80.90/38.93	soybean 0.118544272877 0.0207376277891 0.86038372725
83.64/40.25	arrhythmia 0.2802201897 0.102372201323 0.0585009221008
86.46/41.56	nursery 0.240489754931 0.071857999756 0.698132551037
89.31/42.86	hepatitis 0.455380750237 0.283130707697 -0.286363629731
92.02/44.21	cmc 0.239090873549 0.0679230258372 0.590180573238
94.73/45.41	heart-c 0.274356075177 0.0991377720046 0.730453502474
97.49/46.72	glass 0.355234973267 0.15156032766 0.375892665211
100.21/48.03	braziltourism 0.633833741513 0.487228584571 -0.602462534784
102.92/49.33	iris 0.301114210032 0.120231873139 0.221721726857
105.70/50.63	heart-statlog 0.388330844778 0.203712446336 0.211379022397
108.39/51.93	page-blocks 0.41255440344 0.232779090315 0.238528621604
111.14/53.24	breast-w 0.234578804243 0.0736961609194 0.511963870761
113.85/54.54	heart-h 0.175435280467 0.0407743789691 0.678739980175
116.56/55.84	yeast 0.374619545914 0.176776308881 0.381064017441
119.37/57.14	tae 0.308072794519 0.123895968011 0.0736917692761
122.13/58.35	haberman 0.284438437043 0.11025213909 0.072722140733
124.82/59.65	mfeat-pixel 0.378369217575 0.17098917841 0.170977833101
127.58/60.87	optdigits 0.206421671522 0.0539262559703 0.74273546402
130.34/62.17	mfeat-factors 0.250825961742 0.0855209128599 0.674538256488
133.14/63.49	satimage 0.394664327141 0.184512923721 0.0439564939542
136.01/64.83	lymph 0.250343096136 0.087717700087 0.606987467985
138.74/66.18	audiology 0.295483872215 0.117085149462 0.493864137956
141.59/67.54	ecoli 0.438628268365 0.243993008883 -0.0678739980175
144.38/68.85	tic-tac-toe 0.213887269605 0.0682210134791 0.760188777796
147.38/70.20	spambase 0.345331094234 0.15180399319 0.821598585526
150.19/71.54	zoo 0.18662711699 0.0499818981226 0.688113056092
152.90/72.86	sonar 0.537195611681 0.363216911125 -0.355530465806
155.72/74.21	mfeat-zernike 0.241872470573 0.0816502148306 0.585332430522
158.58/75.58	kr-vs-kp 0.201235873988 0.0500415549075 0.651590380968
159.03/75.93	MAE 0.322605098005 0.117170104835
159.03/75.93	MSE 0.152225268879 0.152225268879
159.03/75.93	Mean tau 0.340078782882 0.396668779709
159.03/75.93	(1.2280701754385965, '0_class_probability_max')
159.03/75.93	(3.6140350877192984, '0_class_probability_std')
159.03/75.93	(3.6315789473684212, '1_landmark_decision_tree')
159.03/75.93	(3.982456140350877, '0_landmark_decision_tree')
159.03/75.93	(4.5964912280701755, '1_class_probability_max')
159.03/75.93	(6.175438596491228, '1_landmark_random_node_learner')
159.03/75.93	(6.614035087719298, '0_landmark_naive_bayes')
159.03/75.93	(6.666666666666667, '0_landmark_random_node_learner')
159.03/75.93	(7.12280701754386, '0_landmark_1NN')
159.03/75.93	(7.859649122807017, '1_landmark_1NN')
159.03/75.93	(9.666666666666666, '1_class_entropy')
159.03/75.93	(10.298245614035087, '1_class_probability_std')
159.03/75.93	(11.333333333333334, '1_landmark_naive_bayes')
159.03/75.93	(12.333333333333334, '0_class_entropy')
159.03/75.93	(15.75438596491228, '0_skewness_min')
159.03/75.93	(16.31578947368421, '1_landmark_lda')
159.03/75.93	(16.49122807017544, '1_skewness_min')
159.03/75.93	(18.614035087719298, '0_landmark_lda')
159.03/75.93	(19.385964912280702, '0_pca_skewness_first_pc')
159.03/75.93	(20.29824561403509, '1_pca_skewness_first_pc')
159.03/75.93	(21.526315789473685, '1_ratio_numerical_to_categorical')
159.03/75.93	(23.736842105263158, '1_number_of_features')
159.03/75.93	(24.087719298245613, '1_log_number_of_features')
159.03/75.93	(25.894736842105264, '0_log_number_of_features')
159.03/75.93	(27.12280701754386, '0_number_of_features')
159.03/75.93	(28.31578947368421, '1_pca_95%')
159.03/75.93	(29.82456140350877, '0_number_of_categorical_features')
159.03/75.93	(31.017543859649123, '1_symbols_sum')
159.03/75.93	(32.8421052631579, '1_number_of_categorical_features')
159.03/75.93	(33.10526315789474, '1_kurtosis_min')
159.03/75.93	(33.14035087719298, '0_skewness_std')
159.03/75.93	(33.3859649122807, '0_symbols_mean')
159.03/75.93	(33.578947368421055, '0_ratio_numerical_to_categorical')
159.03/75.93	(34.73684210526316, '1_symbols_mean')
159.03/75.93	(34.80701754385965, '0_kurtosis_min')
159.03/75.93	(37.54385964912281, '0_pca_95%')
159.03/75.93	(37.59649122807018, '0_skewness_max')
159.03/75.93	(38.08771929824562, '0_landmark_decision_node_learner')
159.03/75.93	(38.50877192982456, '0_number_of_numeric_features')
159.03/75.93	(39.14035087719298, '1_skewness_max')
159.03/75.93	(39.49122807017544, '1_landmark_decision_node_learner')
159.03/75.93	(40.824561403508774, '1_number_of_numeric_features')
159.03/75.93	(44.59649122807018, '0_symbols_sum')
159.03/75.93	(44.89473684210526, '1_pca_kurtosis_first_pc')
159.03/75.93	(45.07017543859649, '0_kurtosis_max')
159.03/75.93	(45.35087719298246, '0_kurtosis_std')
159.03/75.93	(45.96491228070175, '1_skewness_std')
159.03/75.93	(47.6140350877193, '1_kurtosis_std')
159.03/75.93	(50.07017543859649, '0_pca_kurtosis_first_pc')
159.03/75.93	(51.63157894736842, '1_class_probability_min')
159.03/75.93	(53.73684210526316, '0_skewness_mean')
159.03/75.93	(53.92982456140351, '1_skewness_mean')
159.03/75.93	(54.526315789473685, '1_kurtosis_max')
159.03/75.93	(54.85964912280702, '0_class_probability_min')
159.03/75.93	(55.49122807017544, '0_kurtosis_mean')
159.03/75.93	(55.80701754385965, '1_symbols_max')
159.03/75.93	(56.19298245614035, '1_inverse_dataset_ratio')
159.03/75.93	(56.21052631578947, '0_symbols_max')
159.03/75.93	(58.50877192982456, '0_number_of_instances')
159.03/75.93	(62.12280701754386, '1_number_of_instances')
159.03/75.93	(62.333333333333336, '1_ratio_categorical_to_numerical')
159.03/75.93	(62.6140350877193, '1_log_number_of_instances')
159.03/75.93	(62.96491228070175, '1_kurtosis_mean')
159.03/75.93	(63.91228070175438, '0_log_dataset_ratio')
159.03/75.93	(65.05263157894737, '0_log_number_of_instances')
159.03/75.93	(65.9298245614035, '1_symbols_std')
159.03/75.93	(66.56140350877193, '1_log_inverse_dataset_ratio')
159.03/75.93	(67.33333333333333, '0_inverse_dataset_ratio')
159.03/75.93	(67.33333333333333, '1_log_dataset_ratio')
159.03/75.93	(67.57894736842105, '0_log_inverse_dataset_ratio')
159.03/75.93	(68.21052631578948, '0_symbols_std')
159.03/75.93	(68.73684210526316, '1_dataset_ratio')
159.03/75.93	(70.24561403508773, '0_dataset_ratio')
159.03/75.93	(70.28070175438596, '0_number_of_classes')
159.03/75.93	(70.29824561403508, '0_class_probability_mean')
159.03/75.93	(71.14035087719299, '0_percentage_of_features_with_missing_values')
159.03/75.93	(71.3157894736842, '0_ratio_categorical_to_numerical')
159.03/75.93	(71.57894736842105, '0_percentage_of_missing_values')
159.03/75.93	(72.94736842105263, '1_class_probability_mean')
159.03/75.93	(73.28070175438596, '1_percentage_of_features_with_missing_values')
159.03/75.93	(73.82456140350877, '0_symbols_min')
159.03/75.93	(73.9298245614035, '1_number_of_classes')
159.03/75.93	(77.03508771929825, '1_percentage_of_missing_values')
159.03/75.93	(78.85964912280701, '1_symbols_min')
159.03/75.93	(81.6842105263158, '0_number_of_missing_values')
159.03/75.93	(81.9298245614035, '0_percentage_of_Instances_with_missing_values')
159.03/75.93	(82.80701754385964, '0_number_of_Instances_with_missing_values')
159.03/75.93	(83.2280701754386, '1_percentage_of_Instances_with_missing_values')
159.03/75.93	(83.33333333333333, '1_number_of_missing_values')
159.03/75.93	(83.7719298245614, '1_number_of_Instances_with_missing_values')
159.03/75.93	(84.40350877192982, '0_number_of_features_with_missing_values')
159.03/75.93	(84.66666666666667, '1_number_of_features_with_missing_values')
159.03/75.93	Result for ParamILS: SAT, 74.915490, 1, 0.322605, -1, /home/feurerm/thesis/Software/pyMetaLearn/optimizers/metalearn_optimizer/learn_distances.py
