0.70/2.06	['/home/feurerm/thesis/Software/pyMetaLearn/optimizers/metalearn_optimizer/learn_distances.py', '--input_file', '/home/feurerm/thesis/experiments/2014_04_25_predict_distances/testfold_0-3_spearman_rank_perm.pkl', '--fold', '0', '--folds', '1', '--params', '-max_features', '0.109512031914', '-min_samples_leaf', '2', '-min_samples_split', '6', '-n_estimators', '55', '-n_jobs', '4', '-seed', '48']
0.70/2.08	Metafeatures (57, 46)
0.70/2.08	X (3192, 92)
0.70/2.08	Y (3192,)
0.70/2.08	Dataset Mae MSE Rho
2.05/2.63	vehicle 0.380641886174 0.181425067708 0.193925708621
3.64/3.39	anneal.ORIG 0.436833734996 0.235322154782 0.396254864616
5.24/4.29	segment 0.260641032308 0.0868126353109 0.752754958966
6.84/5.05	pendigits 0.411428602511 0.201651462418 0.227216288601
8.43/6.14	mushroom 0.200539916057 0.0481877432052 0.646095819224
10.06/6.91	labor 0.223302796803 0.0645345630663 0.76051198731
11.76/7.67	abalone 0.381130614009 0.189991107745 0.316745324082
13.37/8.54	diabetes 0.471137196035 0.302898108502 0.0294120658076
15.00/9.56	car 0.377704630513 0.215355708025 0.522952994249
16.63/10.35	autos 0.251567277904 0.0814677572783 0.608280306043
18.26/11.11	mfeat-fourier 0.656248329756 0.558191957988 -0.495803395042
19.85/12.29	primary-tumor 0.208211083639 0.0544141343038 0.593412668382
21.53/13.13	waveform-5000 0.296823367731 0.11653934372 0.362317865608
23.12/13.90	credit-a 0.371648376017 0.19124569184 0.340016409116
24.74/14.67	letter 0.281803484148 0.107241272843 0.617006962931
26.40/15.42	postoperative-patient-data 0.44713648435 0.253115470328 -0.556889993258
28.00/16.69	vowel 0.52726651809 0.348201591847 -0.0846808927647
29.65/17.52	eucalyptus 0.288311636209 0.111015256534 0.569171954804
31.21/18.29	cylinder-bands 0.268469038541 0.088287048101 0.606017839442
32.84/19.04	ionosphere 0.448932787068 0.238205474866 -0.131223062834
34.45/19.83	mfeat-karhunen 0.254559139554 0.0880415226458 0.576928983149
36.07/24.95	balance-scale 0.198512935632 0.0556577629899 0.718171540928
37.69/25.97	mfeat-morphological 0.460179889183 0.279428876099 -0.120233939345
39.32/26.73	liver-disorders 0.262941229962 0.0953831214034 0.449584434487
40.97/27.49	dermatology 0.207247918837 0.0551114272984 0.523276203763
42.58/28.24	vote 0.0851352851778 0.0111098755241 0.812225509609
44.19/29.03	breast-cancer 0.292754595309 0.111512727517 -0.191986451535
45.85/29.91	credit-g 0.488220179055 0.313195756154 -0.312543600395
47.55/30.80	soybean 0.10845957504 0.0175674264125 0.834203756587
49.15/31.70	arrhythmia 0.275018834801 0.101354186653 0.0536527793853
50.69/32.69	nursery 0.223213409331 0.0644674066112 0.684880960948
52.30/33.44	hepatitis 0.481128464843 0.307740513216 -0.15901908107
53.89/34.21	cmc 0.231505904235 0.0641962466968 0.601492906241
55.52/34.99	heart-c 0.262579584505 0.0909593365836 0.731099921503
57.14/35.76	glass 0.342587234698 0.145379105698 0.394962026559
58.72/36.54	braziltourism 0.652303145237 0.523985274228 -0.568202326261
60.34/37.39	iris 0.322410967445 0.135257681668 0.204268413081
61.96/38.28	heart-statlog 0.357239856687 0.173368988941 0.43277753974
63.71/39.20	page-blocks 0.451014581027 0.28014157326 0.087589778394
65.27/40.01	breast-w 0.239357182332 0.0787460492915 0.521336946677
66.90/40.81	heart-h 0.168011478378 0.0378423284666 0.664841971057
68.52/41.61	yeast 0.35443444552 0.156800093033 0.507438937559
70.15/42.55	tae 0.317572874134 0.131120435003 0.03329057998
71.88/43.30	haberman 0.287883617997 0.113960556159 -0.0051713522299
73.41/44.40	mfeat-pixel 0.374955261935 0.167227356108 0.179704489989
75.02/45.17	optdigits 0.19173988798 0.0466483646508 0.772793948856
76.69/46.13	mfeat-factors 0.257706815797 0.0907035979474 0.620239058074
78.25/46.94	satimage 0.384065836289 0.173357814102 0.0898522449946
79.88/47.71	lymph 0.30126807031 0.118040718572 0.606017839442
81.50/48.55	audiology 0.288517887366 0.113272153685 0.533618908223
83.12/49.53	ecoli 0.444589264571 0.256279647714 -0.0226246660058
84.74/50.30	tic-tac-toe 0.209696846695 0.067629878702 0.715909074327
86.38/55.88	spambase 0.382184903126 0.184024997754 0.758572730224
88.00/56.64	zoo 0.182347613093 0.0476362158314 0.68649700852
89.60/57.39	sonar 0.538086016501 0.363216171977 -0.322239885826
91.22/58.32	mfeat-zernike 0.24509184281 0.0851974374189 0.547193707827
92.81/59.07	kr-vs-kp 0.201065599292 0.051358838088 0.628319295933
93.02/59.27	MAE 0.32483099943 0.121088379038
93.02/59.27	MSE 0.155632017798 0.155632017798
93.02/59.27	Mean tau 0.342845909953 0.375743484545
93.02/59.27	(1.9649122807017543, '0_landmark_decision_tree')
93.02/59.27	(2.3157894736842106, '1_landmark_decision_tree')
93.02/59.27	(3.526315789473684, '1_landmark_random_node_learner')
93.02/59.27	(4.333333333333333, '0_landmark_random_node_learner')
93.02/59.27	(4.43859649122807, '0_class_probability_max')
93.02/59.27	(5.140350877192983, '1_class_probability_max')
93.02/59.27	(6.473684210526316, '0_landmark_naive_bayes')
93.02/59.27	(7.859649122807017, '0_class_probability_std')
93.02/59.27	(9.228070175438596, '1_landmark_1NN')
93.02/59.27	(9.298245614035087, '0_landmark_1NN')
93.02/59.27	(11.140350877192983, '1_class_probability_std')
93.02/59.27	(11.631578947368421, '1_landmark_naive_bayes')
93.02/59.27	(11.649122807017545, '1_class_entropy')
93.02/59.27	(12.263157894736842, '0_class_entropy')
93.02/59.27	(12.701754385964913, '0_landmark_lda')
93.02/59.27	(14.508771929824562, '0_skewness_min')
93.02/59.27	(15.491228070175438, '1_skewness_min')
93.02/59.27	(20.68421052631579, '0_pca_skewness_first_pc')
93.02/59.27	(21.280701754385966, '1_landmark_lda')
93.02/59.27	(24.19298245614035, '1_pca_skewness_first_pc')
93.02/59.27	(25.07017543859649, '1_number_of_features')
93.02/59.27	(25.29824561403509, '0_number_of_categorical_features')
93.02/59.27	(28.43859649122807, '0_ratio_numerical_to_categorical')
93.02/59.27	(29.649122807017545, '0_number_of_features')
93.02/59.27	(29.912280701754387, '0_log_number_of_features')
93.02/59.27	(30.87719298245614, '1_symbols_sum')
93.02/59.27	(32.91228070175438, '0_number_of_numeric_features')
93.02/59.27	(33.21052631578947, '1_log_number_of_features')
93.02/59.27	(33.26315789473684, '1_ratio_numerical_to_categorical')
93.02/59.27	(34.63157894736842, '1_kurtosis_min')
93.02/59.27	(35.26315789473684, '1_symbols_mean')
93.02/59.27	(35.29824561403509, '1_pca_95%')
93.02/59.27	(35.824561403508774, '1_pca_kurtosis_first_pc')
93.02/59.27	(35.98245614035088, '0_kurtosis_min')
93.02/59.27	(36.70175438596491, '1_number_of_categorical_features')
93.02/59.27	(36.70175438596491, '1_skewness_max')
93.02/59.27	(39.45614035087719, '0_pca_95%')
93.02/59.27	(39.89473684210526, '0_landmark_decision_node_learner')
93.02/59.27	(40.40350877192982, '1_skewness_std')
93.02/59.27	(41.21052631578947, '0_symbols_mean')
93.02/59.27	(41.80701754385965, '1_landmark_decision_node_learner')
93.02/59.27	(43.05263157894737, '1_number_of_numeric_features')
93.02/59.27	(43.421052631578945, '0_symbols_sum')
93.02/59.27	(44.94736842105263, '0_skewness_std')
93.02/59.27	(46.87719298245614, '1_skewness_mean')
93.02/59.27	(47.08771929824562, '0_kurtosis_std')
93.02/59.27	(47.80701754385965, '0_pca_kurtosis_first_pc')
93.02/59.27	(47.96491228070175, '1_kurtosis_std')
93.02/59.27	(48.228070175438596, '0_skewness_max')
93.02/59.27	(49.12280701754386, '1_kurtosis_max')
93.02/59.27	(51.333333333333336, '1_class_probability_min')
93.02/59.27	(52.40350877192982, '0_skewness_mean')
93.02/59.27	(52.824561403508774, '0_kurtosis_max')
93.02/59.27	(55.59649122807018, '0_class_probability_min')
93.02/59.27	(57.36842105263158, '0_kurtosis_mean')
93.02/59.27	(58.175438596491226, '0_log_number_of_instances')
93.02/59.27	(58.64912280701754, '1_kurtosis_mean')
93.02/59.27	(59.14035087719298, '1_symbols_max')
93.02/59.27	(59.26315789473684, '1_number_of_instances')
93.02/59.27	(59.3859649122807, '0_symbols_max')
93.02/59.27	(60.56140350877193, '1_log_inverse_dataset_ratio')
93.02/59.27	(61.98245614035088, '0_symbols_std')
93.02/59.27	(62.421052631578945, '0_number_of_instances')
93.02/59.27	(63.526315789473685, '0_dataset_ratio')
93.02/59.27	(64.43859649122807, '0_log_dataset_ratio')
93.02/59.27	(64.57894736842105, '1_log_number_of_instances')
93.02/59.27	(65.43859649122807, '0_inverse_dataset_ratio')
93.02/59.27	(65.73684210526316, '1_log_dataset_ratio')
93.02/59.27	(65.84210526315789, '1_symbols_std')
93.02/59.27	(66.19298245614036, '1_number_of_classes')
93.02/59.27	(66.75438596491227, '1_inverse_dataset_ratio')
93.02/59.27	(66.9298245614035, '1_ratio_categorical_to_numerical')
93.02/59.27	(67.6140350877193, '0_log_inverse_dataset_ratio')
93.02/59.27	(68.47368421052632, '1_symbols_min')
93.02/59.27	(68.54385964912281, '0_number_of_classes')
93.02/59.27	(68.70175438596492, '0_class_probability_mean')
93.02/59.27	(68.7719298245614, '1_class_probability_mean')
93.02/59.27	(68.82456140350877, '1_dataset_ratio')
93.02/59.27	(69.15789473684211, '0_percentage_of_features_with_missing_values')
93.02/59.27	(70.6140350877193, '0_symbols_min')
93.02/59.27	(73.28070175438596, '1_percentage_of_features_with_missing_values')
93.02/59.27	(73.94736842105263, '0_ratio_categorical_to_numerical')
93.02/59.27	(73.98245614035088, '1_number_of_missing_values')
93.02/59.27	(77.49122807017544, '0_number_of_missing_values')
93.02/59.27	(77.64912280701755, '1_percentage_of_missing_values')
93.02/59.27	(77.7719298245614, '0_percentage_of_missing_values')
93.02/59.27	(80.9298245614035, '1_percentage_of_Instances_with_missing_values')
93.02/59.27	(81.10526315789474, '1_number_of_Instances_with_missing_values')
93.02/59.27	(81.54385964912281, '0_percentage_of_Instances_with_missing_values')
93.02/59.27	(81.59649122807018, '0_number_of_Instances_with_missing_values')
93.02/59.27	(82.0, '0_number_of_features_with_missing_values')
93.02/59.27	(85.01754385964912, '1_number_of_features_with_missing_values')
93.02/59.27	Result for ParamILS: SAT, 57.202821, 1, 0.324831, -1, /home/feurerm/thesis/Software/pyMetaLearn/optimizers/metalearn_optimizer/learn_distances.py
