0.76/1.06	['/home/feurerm/thesis/Software/pyMetaLearn/optimizers/metalearn_optimizer/learn_distances.py', '--input_file', '/home/feurerm/thesis/experiments/2014_04_25_predict_distances/testfold_0-3_spearman_rank_perm.pkl', '--fold', '0', '--folds', '1', '--params', '-max_features', '0.860794983408', '-min_samples_leaf', '2', '-min_samples_split', '5', '-n_estimators', '4', '-n_jobs', '4', '-seed', '80']
0.76/1.07	Metafeatures (57, 46)
0.76/1.07	X (3192, 92)
0.76/1.07	Y (3192,)
0.76/1.07	Dataset Mae MSE Rho
1.52/1.45	vehicle 0.4633734397 0.292187115924 -0.022464868341
2.31/1.82	anneal.ORIG 0.667434461235 0.538499349932 -0.277681648517
3.05/2.19	segment 0.270495293281 0.117532643344 0.510671032703
3.82/2.56	pendigits 0.366137901562 0.191580646466 0.38856035101
4.56/2.93	mushroom 0.210872152446 0.0682440653377 0.561227164555
5.28/3.29	labor 0.257341772974 0.106137988643 0.332177944459
6.05/3.66	abalone 0.398929885346 0.231613777936 0.206240851867
6.81/4.03	diabetes 0.526615273386 0.383797149318 -0.186668510315
7.58/4.40	car 0.702114675363 0.637054692514 -0.106659139742
8.36/4.76	autos 0.158778881741 0.0437515391411 0.589096727359
9.11/5.13	mfeat-fourier 0.707460948419 0.663229265747 -0.523803153188
9.87/5.49	primary-tumor 0.160730332011 0.0420829658424 0.628531460274
10.66/5.86	waveform-5000 0.273983009302 0.108834256164 0.393669188502
11.41/6.22	credit-a 0.431002143172 0.267049755172 0.250062910013
12.16/6.59	letter 0.341776870682 0.155730292645 0.418428375071
12.92/6.95	postoperative-patient-data 0.483804458169 0.312746062545 -0.1102144444
13.70/7.32	vowel 0.51500034432 0.347709089963 0.0181026453049
14.44/7.69	eucalyptus 0.236601810857 0.084564978163 0.548692287897
15.22/8.05	cylinder-bands 0.251674946794 0.0870678531042 0.52473790358
15.99/8.42	ionosphere 0.432129207029 0.240434171248 -0.0232785761293
16.73/8.78	mfeat-karhunen 0.231238133038 0.0922305970088 0.537583913252
17.49/9.14	balance-scale 0.233694968998 0.0863737235957 0.417909902079
18.23/9.51	mfeat-morphological 0.611091433197 0.532049767122 -0.357660098119
18.99/9.87	liver-disorders 0.170305017302 0.0423709864821 0.508287848435
19.73/10.23	dermatology 0.220690061465 0.0636331885693 0.436206328434
20.51/10.60	vote 0.119965672567 0.0227278483551 0.690915914804
21.26/10.97	breast-cancer 0.143756012159 0.0330495310833 0.422375167333
22.04/11.33	credit-g 0.57382156233 0.463102745518 -0.431681031214
22.81/11.69	soybean 0.146974405971 0.0327552457463 0.643290431372
23.55/12.06	arrhythmia 0.385733442934 0.201254794391 -0.359980672657
24.31/12.42	nursery 0.207871976579 0.0601482079589 0.661824718391
25.05/12.78	hepatitis 0.27434612468 0.112409720704 0.159367930988
25.81/13.14	cmc 0.180442711422 0.0551758122367 0.511640661246
26.55/13.51	heart-c 0.24325491419 0.104264447401 0.529740394051
27.31/13.87	glass 0.251520587394 0.0913223376904 0.569379360901
28.08/14.24	braziltourism 0.644825301459 0.550684986148 -0.316200659089
28.83/14.60	iris 0.25395653483 0.0972168098446 0.357394372359
29.57/14.97	heart-statlog 0.332411443389 0.161179270784 0.312407125922
30.36/15.33	page-blocks 0.717083119815 0.665468097086 -0.430711324667
31.09/15.69	breast-w 0.263158127553 0.101297583871 0.349255974711
31.86/16.06	heart-h 0.156682789494 0.039039836682 0.672168254893
32.57/16.42	yeast 0.333306045798 0.162776264147 0.352298370662
33.36/16.88	tae 0.404435427241 0.201544181061 0.197481013279
34.12/17.25	haberman 0.434051314417 0.251272587756 -0.0478504064879
34.90/17.63	mfeat-pixel 0.392817172609 0.203817433107 0.188784729609
35.66/18.02	optdigits 0.241828301906 0.0948163376882 0.543315193654
36.41/18.39	mfeat-factors 0.243471894067 0.0856396639348 0.619045817124
37.16/18.75	satimage 0.397727460946 0.212243047154 0.0654551919288
37.92/19.11	lymph 0.294480309574 0.129865397702 0.25081058315
38.65/19.47	audiology 0.299498496999 0.124441009884 0.376084522514
39.39/19.83	ecoli 0.36619438975 0.215437490264 0.215650142753
40.16/20.20	tic-tac-toe 0.161507909901 0.0388085374928 0.664410602516
40.92/20.71	spambase 0.385659213969 0.205107169112 0.467883408972
41.68/21.07	zoo 0.214152165259 0.07872981059 0.421141997223
42.47/21.44	sonar 0.55422157641 0.436576735525 -0.190224100988
43.24/21.80	mfeat-zernike 0.224299523042 0.0756388695064 0.59706403354
43.95/22.16	kr-vs-kp 0.210840829318 0.0743506516011 0.55310046637
43.95/22.18	MAE 0.33995744175 0.159339168373
43.95/22.18	MSE 0.195064357613 0.195064357613
43.95/22.18	Mean tau 0.268024466337 0.335565604079
43.95/22.18	(0.543859649122807, '0_class_probability_max')
43.95/22.18	(0.8947368421052632, '1_class_probability_max')
43.95/22.18	(2.2982456140350878, '1_skewness_min')
43.95/22.18	(2.719298245614035, '0_skewness_min')
43.95/22.18	(11.298245614035087, '1_landmark_naive_bayes')
43.95/22.18	(11.31578947368421, '0_landmark_naive_bayes')
43.95/22.18	(17.596491228070175, '1_pca_skewness_first_pc')
43.95/22.18	(20.43859649122807, '0_landmark_lda')
43.95/22.18	(21.263157894736842, '1_class_probability_std')
43.95/22.18	(21.36842105263158, '0_pca_skewness_first_pc')
43.95/22.18	(21.403508771929825, '1_landmark_lda')
43.95/22.18	(23.68421052631579, '1_class_entropy')
43.95/22.18	(23.92982456140351, '1_landmark_decision_tree')
43.95/22.18	(25.42105263157895, '1_class_probability_min')
43.95/22.18	(25.771929824561404, '0_class_probability_min')
43.95/22.18	(27.24561403508772, '0_kurtosis_min')
43.95/22.18	(27.63157894736842, '1_kurtosis_min')
43.95/22.18	(28.105263157894736, '0_landmark_decision_tree')
43.95/22.18	(28.263157894736842, '1_landmark_1NN')
43.95/22.18	(28.50877192982456, '0_number_of_numeric_features')
43.95/22.18	(29.210526315789473, '1_number_of_instances')
43.95/22.18	(29.333333333333332, '1_number_of_numeric_features')
43.95/22.18	(30.0, '0_class_probability_std')
43.95/22.18	(30.07017543859649, '0_landmark_1NN')
43.95/22.18	(30.12280701754386, '0_kurtosis_max')
43.95/22.18	(30.68421052631579, '0_log_number_of_instances')
43.95/22.18	(30.82456140350877, '1_log_number_of_features')
43.95/22.18	(31.05263157894737, '1_skewness_max')
43.95/22.18	(31.140350877192983, '0_number_of_instances')
43.95/22.18	(32.26315789473684, '0_skewness_max')
43.95/22.18	(32.40350877192982, '1_log_number_of_instances')
43.95/22.18	(34.26315789473684, '0_class_entropy')
43.95/22.18	(34.35087719298246, '1_kurtosis_max')
43.95/22.18	(36.75438596491228, '1_pca_95%')
43.95/22.18	(36.85964912280702, '0_number_of_features')
43.95/22.18	(37.526315789473685, '0_pca_kurtosis_first_pc')
43.95/22.18	(38.24561403508772, '1_kurtosis_std')
43.95/22.18	(38.666666666666664, '1_number_of_features')
43.95/22.18	(39.280701754385966, '1_skewness_mean')
43.95/22.18	(39.68421052631579, '1_landmark_random_node_learner')
43.95/22.18	(39.824561403508774, '1_pca_kurtosis_first_pc')
43.95/22.18	(39.92982456140351, '0_pca_95%')
43.95/22.18	(39.98245614035088, '0_landmark_decision_node_learner')
43.95/22.18	(40.56140350877193, '0_log_number_of_features')
43.95/22.18	(41.49122807017544, '0_symbols_mean')
43.95/22.18	(41.94736842105263, '1_symbols_mean')
43.95/22.18	(42.73684210526316, '1_landmark_decision_node_learner')
43.95/22.18	(43.92982456140351, '0_log_dataset_ratio')
43.95/22.18	(44.36842105263158, '0_skewness_std')
43.95/22.18	(44.45614035087719, '0_landmark_random_node_learner')
43.95/22.18	(44.70175438596491, '0_inverse_dataset_ratio')
43.95/22.18	(45.473684210526315, '0_skewness_mean')
43.95/22.18	(46.175438596491226, '0_log_inverse_dataset_ratio')
43.95/22.18	(47.280701754385966, '0_kurtosis_std')
43.95/22.18	(47.421052631578945, '1_dataset_ratio')
43.95/22.18	(49.19298245614035, '1_inverse_dataset_ratio')
43.95/22.18	(49.21052631578947, '1_skewness_std')
43.95/22.18	(51.666666666666664, '0_dataset_ratio')
43.95/22.18	(52.421052631578945, '0_ratio_numerical_to_categorical')
43.95/22.18	(52.50877192982456, '1_log_inverse_dataset_ratio')
43.95/22.18	(52.91228070175438, '0_kurtosis_mean')
43.95/22.18	(54.68421052631579, '1_log_dataset_ratio')
43.95/22.18	(56.3859649122807, '0_symbols_sum')
43.95/22.18	(56.6140350877193, '1_symbols_sum')
43.95/22.18	(57.92982456140351, '1_symbols_min')
43.95/22.18	(58.12280701754386, '1_kurtosis_mean')
43.95/22.18	(58.70175438596491, '0_symbols_min')
43.95/22.18	(59.73684210526316, '1_ratio_numerical_to_categorical')
43.95/22.18	(62.666666666666664, '0_number_of_categorical_features')
43.95/22.18	(62.80701754385965, '1_number_of_categorical_features')
43.95/22.18	(65.35087719298245, '1_ratio_categorical_to_numerical')
43.95/22.18	(67.85964912280701, '0_ratio_categorical_to_numerical')
43.95/22.18	(69.0701754385965, '1_number_of_classes')
43.95/22.18	(70.71929824561404, '1_class_probability_mean')
43.95/22.18	(70.82456140350877, '0_class_probability_mean')
43.95/22.18	(72.10526315789474, '0_symbols_max')
43.95/22.18	(72.12280701754386, '0_number_of_classes')
43.95/22.18	(74.29824561403508, '0_percentage_of_features_with_missing_values')
43.95/22.18	(74.6140350877193, '1_symbols_max')
43.95/22.18	(75.57894736842105, '1_symbols_std')
43.95/22.18	(75.89473684210526, '0_number_of_Instances_with_missing_values')
43.95/22.18	(75.89473684210526, '0_symbols_std')
43.95/22.18	(76.85964912280701, '1_number_of_Instances_with_missing_values')
43.95/22.18	(77.14035087719299, '1_percentage_of_features_with_missing_values')
43.95/22.18	(77.19298245614036, '1_percentage_of_Instances_with_missing_values')
43.95/22.18	(78.52631578947368, '0_number_of_missing_values')
43.95/22.18	(79.89473684210526, '1_number_of_missing_values')
43.95/22.18	(80.21052631578948, '0_percentage_of_Instances_with_missing_values')
43.95/22.18	(80.26315789473684, '1_percentage_of_missing_values')
43.95/22.18	(80.57894736842105, '0_percentage_of_missing_values')
43.95/22.18	(81.3157894736842, '1_number_of_features_with_missing_values')
43.95/22.18	(81.40350877192982, '0_number_of_features_with_missing_values')
43.95/22.18	Result for ParamILS: SAT, 21.117544, 1, 0.339957, -1, /home/feurerm/thesis/Software/pyMetaLearn/optimizers/metalearn_optimizer/learn_distances.py
