0.76/1.03	['/home/feurerm/thesis/Software/pyMetaLearn/optimizers/metalearn_optimizer/learn_distances.py', '--input_file', '/home/feurerm/thesis/experiments/2014_04_25_predict_distances/testfold_0-3_spearman_rank_perm.pkl', '--fold', '0', '--folds', '1', '--params', '-max_features', '0.271830138202', '-min_samples_leaf', '2', '-min_samples_split', '5', '-n_estimators', '9', '-n_jobs', '4', '-seed', '33']
0.76/1.04	Metafeatures (57, 46)
0.76/1.04	X (3192, 92)
0.76/1.04	Y (3192,)
0.76/1.04	Dataset Mae MSE Rho
1.39/1.40	vehicle 0.388097219647 0.200335434332 0.208793346282
1.98/1.78	anneal.ORIG 0.504155198976 0.309418750743 0.221398517343
2.60/2.16	segment 0.23537347155 0.0728881195321 0.705243160353
3.21/2.55	pendigits 0.442984204102 0.244552355193 0.200389898909
3.87/2.93	mushroom 0.189474577552 0.0521731903592 0.593089458867
4.46/3.31	labor 0.236696550087 0.0817213465949 0.519074480077
5.09/3.69	abalone 0.326852501234 0.150111395725 0.447321967887
5.71/4.07	diabetes 0.489678377678 0.324132465459 -0.0281192277501
6.34/4.46	car 0.362918061722 0.195346176721 0.242730345291
6.97/4.84	autos 0.224440223389 0.0741417961034 0.478350081266
7.61/5.22	mfeat-fourier 0.660655305374 0.557912185704 -0.451846901088
8.23/5.59	primary-tumor 0.228379474792 0.067919305187 0.481258966896
8.86/5.97	waveform-5000 0.2683210908 0.0998359396178 0.442473825171
9.47/6.36	credit-a 0.411268383252 0.236830154791 0.299938429334
10.10/6.73	letter 0.285698237802 0.108154449885 0.569818373833
10.75/7.11	postoperative-patient-data 0.489302419333 0.322627327472 -0.171947461644
11.36/7.49	vowel 0.531777340562 0.36668222224 -0.0657784274445
11.99/7.89	eucalyptus 0.301949080243 0.120787849421 0.532002860651
12.63/8.30	cylinder-bands 0.280307593232 0.0988582484225 0.521660156192
13.23/8.80	ionosphere 0.490718369675 0.296004576937 -0.184875842219
13.87/9.20	mfeat-karhunen 0.284163190448 0.11400606845 0.447321967887
14.48/9.85	balance-scale 0.211570982963 0.0656894653079 0.540729517539
15.09/10.38	mfeat-morphological 0.50066225882 0.331143861498 -0.198773851337
15.69/10.78	liver-disorders 0.245429940412 0.0865205573398 0.336461104458
16.34/11.16	dermatology 0.20902654875 0.0571209582497 0.489662414269
16.96/11.54	vote 0.0862785068594 0.0115022975742 0.761158406339
17.58/11.92	breast-cancer 0.214571267865 0.0646365647777 0.194248918136
18.23/12.30	credit-g 0.466410561497 0.297662428793 -0.138656881664
18.83/12.67	soybean 0.132624622624 0.0247789338026 0.717201912385
19.43/13.05	arrhythmia 0.303924985561 0.123174540185 0.0326441609513
20.05/13.43	nursery 0.240274124247 0.0805236448734 0.596644763525
20.66/13.82	hepatitis 0.431603082853 0.277179081524 -0.0471885890979
21.28/14.19	cmc 0.169268186331 0.0424302544283 0.605371420413
21.93/14.58	heart-c 0.287216834098 0.112704449565 0.580484287807
22.56/14.96	glass 0.317526354514 0.132519788516 0.452170110602
23.18/15.35	braziltourism 0.609721394966 0.466425744676 -0.321593466797
23.82/15.73	iris 0.278135631396 0.104679175503 0.312866809909
24.45/16.11	heart-statlog 0.351505414422 0.164340697596 0.403042264418
25.09/16.49	page-blocks 0.537036469264 0.396106950248 -0.0500974747272
25.72/16.88	breast-w 0.238563085112 0.0805170745754 0.533618908223
26.34/17.26	heart-h 0.164574941182 0.0402583307758 0.621208686617
26.95/17.64	yeast 0.354004487081 0.167005072477 0.358116141921
27.58/18.02	tae 0.353330713694 0.163740961805 -0.00161604757185
28.21/18.41	haberman 0.320747967161 0.138964608064 -0.0500974747272
28.85/18.79	mfeat-pixel 0.409069010253 0.206862549509 0.0985789018826
29.48/19.17	optdigits 0.198258704305 0.0551444134728 0.722696474129
30.08/19.55	mfeat-factors 0.261230923265 0.0915270113325 0.519720899105
30.70/19.94	satimage 0.393133358026 0.191835835861 0.100194949454
31.30/20.32	lymph 0.350806261739 0.188927697961 0.232710850346
31.92/20.70	audiology 0.297936238043 0.112991017883 0.357146513378
32.56/21.08	ecoli 0.472203805845 0.297868894202 -0.0733685597618
33.21/21.46	tic-tac-toe 0.231277358521 0.0816100215004 0.638338790879
33.83/21.85	spambase 0.360658619978 0.161255278133 0.643833352623
34.48/22.23	zoo 0.232287785718 0.0715081313289 0.403042264418
35.12/22.61	sonar 0.538543226802 0.362762607634 -0.261476497125
35.76/23.00	mfeat-zernike 0.245343478467 0.0913106439922 0.463482443605
36.38/23.38	kr-vs-kp 0.205669588435 0.0605263248166 0.58662526858
36.42/23.42	MAE 0.330765571799 0.12527418868
36.42/23.42	MSE 0.166635004012 0.166635004012
36.42/23.42	Mean tau 0.301182976653 0.305515827317
36.42/23.42	(1.105263157894737, '1_class_probability_max')
36.42/23.42	(5.7368421052631575, '0_class_probability_max')
36.42/23.42	(5.912280701754386, '1_landmark_decision_tree')
36.42/23.42	(7.017543859649122, '0_class_entropy')
36.42/23.42	(7.350877192982456, '0_class_probability_std')
36.42/23.42	(8.385964912280702, '1_skewness_min')
36.42/23.42	(10.31578947368421, '0_landmark_decision_tree')
36.42/23.42	(10.456140350877194, '0_landmark_random_node_learner')
36.42/23.42	(10.649122807017545, '0_skewness_min')
36.42/23.42	(11.192982456140351, '1_landmark_random_node_learner')
36.42/23.42	(11.894736842105264, '1_landmark_naive_bayes')
36.42/23.42	(13.87719298245614, '0_landmark_naive_bayes')
36.42/23.42	(15.456140350877194, '1_class_entropy')
36.42/23.42	(18.57894736842105, '0_kurtosis_std')
36.42/23.42	(19.526315789473685, '1_class_probability_std')
36.42/23.42	(22.45614035087719, '0_landmark_lda')
36.42/23.42	(25.596491228070175, '0_number_of_features')
36.42/23.42	(26.157894736842106, '0_pca_skewness_first_pc')
36.42/23.42	(26.280701754385966, '1_pca_skewness_first_pc')
36.42/23.42	(26.42105263157895, '0_landmark_1NN')
36.42/23.42	(26.789473684210527, '1_landmark_lda')
36.42/23.42	(27.57894736842105, '0_log_number_of_features')
36.42/23.42	(31.666666666666668, '1_log_number_of_features')
36.42/23.42	(31.719298245614034, '1_landmark_1NN')
36.42/23.42	(31.736842105263158, '1_kurtosis_std')
36.42/23.42	(32.59649122807018, '1_kurtosis_min')
36.42/23.42	(32.666666666666664, '1_number_of_features')
36.42/23.42	(33.0, '1_skewness_max')
36.42/23.42	(33.280701754385966, '0_number_of_numeric_features')
36.42/23.42	(33.68421052631579, '0_kurtosis_min')
36.42/23.42	(34.64912280701754, '1_skewness_std')
36.42/23.42	(38.14035087719298, '0_skewness_std')
36.42/23.42	(38.1578947368421, '1_number_of_numeric_features')
36.42/23.42	(38.333333333333336, '1_symbols_sum')
36.42/23.42	(38.87719298245614, '1_class_probability_min')
36.42/23.42	(39.50877192982456, '0_skewness_max')
36.42/23.42	(40.05263157894737, '1_kurtosis_max')
36.42/23.42	(41.49122807017544, '0_class_probability_min')
36.42/23.42	(42.50877192982456, '0_kurtosis_max')
36.42/23.42	(43.666666666666664, '1_landmark_decision_node_learner')
36.42/23.42	(43.771929824561404, '0_pca_kurtosis_first_pc')
36.42/23.42	(44.35087719298246, '1_log_number_of_instances')
36.42/23.42	(45.01754385964912, '1_pca_kurtosis_first_pc')
36.42/23.42	(45.75438596491228, '0_number_of_instances')
36.42/23.42	(46.03508771929825, '1_pca_95%')
36.42/23.42	(46.21052631578947, '0_symbols_sum')
36.42/23.42	(46.8421052631579, '0_landmark_decision_node_learner')
36.42/23.42	(46.87719298245614, '1_number_of_instances')
36.42/23.42	(48.21052631578947, '1_number_of_categorical_features')
36.42/23.42	(48.80701754385965, '0_log_number_of_instances')
36.42/23.42	(50.73684210526316, '0_pca_95%')
36.42/23.42	(51.03508771929825, '1_symbols_mean')
36.42/23.42	(51.07017543859649, '0_skewness_mean')
36.42/23.42	(52.228070175438596, '0_dataset_ratio')
36.42/23.42	(52.24561403508772, '1_skewness_mean')
36.42/23.42	(52.70175438596491, '1_dataset_ratio')
36.42/23.42	(53.05263157894737, '0_log_inverse_dataset_ratio')
36.42/23.42	(53.771929824561404, '1_ratio_numerical_to_categorical')
36.42/23.42	(54.59649122807018, '0_inverse_dataset_ratio')
36.42/23.42	(54.98245614035088, '1_log_inverse_dataset_ratio')
36.42/23.42	(55.36842105263158, '0_number_of_categorical_features')
36.42/23.42	(55.40350877192982, '0_log_dataset_ratio')
36.42/23.42	(55.50877192982456, '1_log_dataset_ratio')
36.42/23.42	(55.75438596491228, '0_kurtosis_mean')
36.42/23.42	(57.10526315789474, '0_ratio_numerical_to_categorical')
36.42/23.42	(57.80701754385965, '1_kurtosis_mean')
36.42/23.42	(58.54385964912281, '0_symbols_mean')
36.42/23.42	(58.719298245614034, '1_inverse_dataset_ratio')
36.42/23.42	(61.91228070175438, '1_symbols_max')
36.42/23.42	(62.824561403508774, '0_symbols_min')
36.42/23.42	(64.21052631578948, '0_ratio_categorical_to_numerical')
36.42/23.42	(66.59649122807018, '1_ratio_categorical_to_numerical')
36.42/23.42	(67.50877192982456, '1_percentage_of_features_with_missing_values')
36.42/23.42	(67.52631578947368, '1_symbols_std')
36.42/23.42	(68.21052631578948, '1_symbols_min')
36.42/23.42	(68.50877192982456, '0_number_of_classes')
36.42/23.42	(69.42105263157895, '0_class_probability_mean')
36.42/23.42	(69.9298245614035, '0_symbols_max')
36.42/23.42	(70.19298245614036, '1_class_probability_mean')
36.42/23.42	(70.84210526315789, '0_symbols_std')
36.42/23.42	(71.64912280701755, '1_number_of_classes')
36.42/23.42	(72.40350877192982, '0_percentage_of_features_with_missing_values')
36.42/23.42	(74.85964912280701, '0_percentage_of_missing_values')
36.42/23.42	(77.10526315789474, '0_percentage_of_Instances_with_missing_values')
36.42/23.42	(77.7719298245614, '1_percentage_of_missing_values')
36.42/23.42	(78.05263157894737, '1_number_of_Instances_with_missing_values')
36.42/23.42	(80.12280701754386, '0_number_of_Instances_with_missing_values')
36.42/23.42	(80.2280701754386, '0_number_of_missing_values')
36.42/23.42	(81.15789473684211, '1_percentage_of_Instances_with_missing_values')
36.42/23.42	(82.3157894736842, '1_number_of_features_with_missing_values')
36.42/23.42	(82.35087719298245, '1_number_of_missing_values')
36.42/23.42	(83.3157894736842, '0_number_of_features_with_missing_values')
36.42/23.42	Result for ParamILS: SAT, 22.386110, 1, 0.330766, -1, /home/feurerm/thesis/Software/pyMetaLearn/optimizers/metalearn_optimizer/learn_distances.py
