0.77/1.01	['/home/feurerm/thesis/Software/pyMetaLearn/optimizers/metalearn_optimizer/learn_distances.py', '--input_file', '/home/feurerm/thesis/experiments/2014_04_25_predict_distances/testfold_0-3_spearman_rank_perm.pkl', '--fold', '0', '--folds', '1', '--params', '-max_features', '0.746333287739', '-min_samples_leaf', '5', '-min_samples_split', '8', '-n_estimators', '68', '-n_jobs', '4', '-seed', '69']
0.77/1.03	Metafeatures (57, 46)
0.77/1.03	X (3192, 92)
0.77/1.03	Y (3192,)
0.77/1.03	Dataset Mae MSE Rho
9.01/3.28	vehicle 0.497130109553 0.314491248535 -0.216227165113
17.71/5.84	anneal.ORIG 0.719500136081 0.579894712208 -0.190047194449
26.43/8.41	segment 0.261246590537 0.0853825655709 0.780874186716
35.18/10.97	pendigits 0.372815637108 0.172418233748 0.319331000197
43.76/13.47	mushroom 0.234903374998 0.0664066541134 0.548809755399
52.48/16.25	labor 0.203757860196 0.0617044759361 0.491278461841
61.12/18.83	abalone 0.412588431377 0.218488502081 0.200066689394
69.65/21.29	diabetes 0.483078698794 0.329017956893 -0.113769749058
78.24/23.86	car 0.639625203165 0.512586802256 -0.0429868654111
86.91/26.41	autos 0.194200437808 0.0494947947607 0.592766249353
95.55/28.98	mfeat-fourier 0.677651831999 0.593397584743 -0.511317451732
104.14/31.44	primary-tumor 0.190031158829 0.0428234977611 0.656438523684
112.91/34.03	waveform-5000 0.231736081752 0.0732486142759 0.659670618827
121.72/36.61	credit-a 0.438145544976 0.269461289723 0.208470136768
130.32/39.08	letter 0.3069687844 0.121222962134 0.586948478094
139.21/41.65	postoperative-patient-data 0.449359170765 0.244339833935 -0.333552218829
147.84/44.22	vowel 0.473298031773 0.274405783453 0.142858605351
156.58/46.79	eucalyptus 0.26475152681 0.0935148076801 0.531679651137
165.26/49.35	cylinder-bands 0.274900097309 0.0893416081921 0.520367318134
174.02/51.92	ionosphere 0.425307541424 0.210364526087 -0.153201309811
182.84/54.50	mfeat-karhunen 0.285339514655 0.110729972549 0.545900869769
191.33/56.96	balance-scale 0.238489498503 0.0793378373876 0.395931655102
199.84/59.41	mfeat-morphological 0.504331213282 0.339042467328 -0.234973316946
208.50/62.00	liver-disorders 0.136390230877 0.0270411171746 0.5555971552
217.16/64.55	dermatology 0.217315244892 0.0596373845452 0.477380452723
225.82/67.10	vote 0.0675057171052 0.00798385820307 0.79154010069
234.48/69.67	breast-cancer 0.107322806297 0.018024556631 0.560445297916
243.19/72.22	credit-g 0.56367395829 0.427170930974 -0.534588536766
251.72/74.68	soybean 0.110160546494 0.0163288457521 0.819982537954
260.29/77.15	arrhythmia 0.321096948769 0.128859988194 -0.189723984935
268.89/79.62	nursery 0.232268485294 0.0678029110705 0.675831094546
277.45/82.19	hepatitis 0.313786265277 0.144011664021 -0.0856505213078
286.06/84.76	cmc 0.170854823591 0.0373441421934 0.686820218034
294.77/87.34	heart-c 0.232285983392 0.0717368958222 0.801236386121
303.30/89.79	glass 0.302458674273 0.110790831957 0.60213932527
312.20/92.35	braziltourism 0.731188489132 0.631366659536 -0.540083098511
320.92/95.24	iris 0.305078131722 0.127524631645 0.168068947472
329.69/97.81	heart-statlog 0.311718504267 0.130831932854 0.595028715953
338.67/100.40	page-blocks 0.654754339825 0.568046208363 -0.746290768678
347.45/102.98	breast-w 0.231092722575 0.0724376310193 0.42017236868
356.22/105.54	heart-h 0.13932975197 0.0255941863966 0.763097663425
364.84/108.12	yeast 0.355174979709 0.155510685408 0.543315193654
373.73/110.70	tae 0.366102345632 0.167996397309 0.042017236868
382.43/113.28	haberman 0.287273909826 0.106503490514 -0.0646419028738
391.09/115.86	mfeat-pixel 0.409005286337 0.207012091446 0.0982556923682
399.82/118.43	optdigits 0.24556863136 0.0765925156348 0.677447142118
408.68/121.01	mfeat-factors 0.266211416296 0.0932767462977 0.662579504457
417.29/123.58	satimage 0.363831354585 0.164046722973 0.0795095405348
425.89/126.17	lymph 0.259367811814 0.103344463207 0.345510970861
434.52/128.74	audiology 0.276055530003 0.0918417998055 0.508408566103
443.40/131.30	ecoli 0.407958698081 0.21124615732 0.140596138751
451.98/133.89	tic-tac-toe 0.16221414069 0.038553758899 0.752754958966
461.01/136.55	spambase 0.387897277705 0.194308716984 0.663872342514
469.67/139.12	zoo 0.202479391018 0.0564390671191 0.558829250344
478.46/141.73	sonar 0.563868510359 0.398552781898 -0.346803808918
487.29/144.30	mfeat-zernike 0.218308228196 0.066208445414 0.618946220017
495.90/146.86	kr-vs-kp 0.236736396388 0.0682568056074 0.575312935577
496.12/147.07	MAE 0.332201614178 0.156738778322
496.12/147.07	MSE 0.171988451817 0.171988451817
496.12/147.07	Mean tau 0.299337373045 0.409069981396
496.12/147.07	(0.12280701754385964, '0_class_probability_max')
496.12/147.07	(1.0526315789473684, '1_class_probability_max')
496.12/147.07	(2.245614035087719, '1_skewness_min')
496.12/147.07	(2.754385964912281, '0_skewness_min')
496.12/147.07	(5.2631578947368425, '1_class_entropy')
496.12/147.07	(7.491228070175438, '0_class_entropy')
496.12/147.07	(8.210526315789474, '0_landmark_naive_bayes')
496.12/147.07	(8.228070175438596, '1_landmark_naive_bayes')
496.12/147.07	(10.192982456140351, '1_landmark_decision_tree')
496.12/147.07	(12.385964912280702, '1_class_probability_std')
496.12/147.07	(13.631578947368421, '0_class_probability_std')
496.12/147.07	(13.771929824561404, '1_pca_skewness_first_pc')
496.12/147.07	(14.157894736842104, '0_landmark_decision_tree')
496.12/147.07	(15.24561403508772, '0_pca_skewness_first_pc')
496.12/147.07	(17.80701754385965, '1_landmark_lda')
496.12/147.07	(18.789473684210527, '1_kurtosis_min')
496.12/147.07	(19.29824561403509, '0_landmark_lda')
496.12/147.07	(20.649122807017545, '1_landmark_random_node_learner')
496.12/147.07	(22.526315789473685, '0_kurtosis_min')
496.12/147.07	(23.05263157894737, '0_skewness_max')
496.12/147.07	(24.31578947368421, '1_skewness_max')
496.12/147.07	(26.43859649122807, '0_landmark_1NN')
496.12/147.07	(27.19298245614035, '1_landmark_1NN')
496.12/147.07	(29.736842105263158, '0_kurtosis_std')
496.12/147.07	(30.157894736842106, '1_log_number_of_features')
496.12/147.07	(30.719298245614034, '1_number_of_features')
496.12/147.07	(31.19298245614035, '0_number_of_numeric_features')
496.12/147.07	(31.771929824561404, '0_skewness_std')
496.12/147.07	(32.12280701754386, '0_log_number_of_features')
496.12/147.07	(32.12280701754386, '0_number_of_features')
496.12/147.07	(32.43859649122807, '0_kurtosis_max')
496.12/147.07	(32.91228070175438, '0_class_probability_min')
496.12/147.07	(33.49122807017544, '1_class_probability_min')
496.12/147.07	(33.98245614035088, '1_number_of_numeric_features')
496.12/147.07	(34.35087719298246, '0_landmark_random_node_learner')
496.12/147.07	(34.40350877192982, '1_kurtosis_std')
496.12/147.07	(35.68421052631579, '1_skewness_std')
496.12/147.07	(36.3859649122807, '1_kurtosis_max')
496.12/147.07	(38.19298245614035, '0_number_of_instances')
496.12/147.07	(39.578947368421055, '1_log_number_of_instances')
496.12/147.07	(39.91228070175438, '1_number_of_instances')
496.12/147.07	(40.175438596491226, '0_log_number_of_instances')
496.12/147.07	(41.421052631578945, '0_landmark_decision_node_learner')
496.12/147.07	(42.771929824561404, '1_symbols_sum')
496.12/147.07	(43.10526315789474, '1_skewness_mean')
496.12/147.07	(43.29824561403509, '0_skewness_mean')
496.12/147.07	(44.175438596491226, '1_landmark_decision_node_learner')
496.12/147.07	(46.01754385964912, '0_pca_kurtosis_first_pc')
496.12/147.07	(46.6140350877193, '0_symbols_mean')
496.12/147.07	(46.68421052631579, '1_pca_kurtosis_first_pc')
496.12/147.07	(47.35087719298246, '0_symbols_sum')
496.12/147.07	(49.59649122807018, '1_symbols_mean')
496.12/147.07	(50.228070175438596, '0_pca_95%')
496.12/147.07	(51.719298245614034, '1_pca_95%')
496.12/147.07	(52.24561403508772, '0_number_of_categorical_features')
496.12/147.07	(52.771929824561404, '0_symbols_min')
496.12/147.07	(54.08771929824562, '1_dataset_ratio')
496.12/147.07	(54.08771929824562, '1_symbols_min')
496.12/147.07	(54.333333333333336, '1_log_dataset_ratio')
496.12/147.07	(54.94736842105263, '1_log_inverse_dataset_ratio')
496.12/147.07	(55.280701754385966, '1_number_of_categorical_features')
496.12/147.07	(55.333333333333336, '0_log_dataset_ratio')
496.12/147.07	(55.59649122807018, '0_dataset_ratio')
496.12/147.07	(56.10526315789474, '0_log_inverse_dataset_ratio')
496.12/147.07	(56.21052631578947, '1_inverse_dataset_ratio')
496.12/147.07	(56.43859649122807, '0_inverse_dataset_ratio')
496.12/147.07	(58.8421052631579, '0_ratio_numerical_to_categorical')
496.12/147.07	(59.24561403508772, '1_ratio_numerical_to_categorical')
496.12/147.07	(65.3859649122807, '1_kurtosis_mean')
496.12/147.07	(68.14035087719299, '0_kurtosis_mean')
496.12/147.07	(73.10526315789474, '1_ratio_categorical_to_numerical')
496.12/147.07	(73.15789473684211, '0_class_probability_mean')
496.12/147.07	(73.3859649122807, '0_ratio_categorical_to_numerical')
496.12/147.07	(73.84210526315789, '1_class_probability_mean')
496.12/147.07	(74.94736842105263, '1_number_of_classes')
496.12/147.07	(75.26315789473684, '0_number_of_classes')
496.12/147.07	(75.47368421052632, '1_symbols_max')
496.12/147.07	(76.78947368421052, '0_symbols_max')
496.12/147.07	(78.2280701754386, '0_symbols_std')
496.12/147.07	(78.3157894736842, '0_percentage_of_features_with_missing_values')
496.12/147.07	(78.40350877192982, '1_symbols_std')
496.12/147.07	(79.19298245614036, '1_percentage_of_features_with_missing_values')
496.12/147.07	(83.19298245614036, '1_number_of_Instances_with_missing_values')
496.12/147.07	(83.66666666666667, '0_percentage_of_Instances_with_missing_values')
496.12/147.07	(83.6842105263158, '0_number_of_Instances_with_missing_values')
496.12/147.07	(83.98245614035088, '0_percentage_of_missing_values')
496.12/147.07	(84.49122807017544, '1_number_of_missing_values')
496.12/147.07	(84.78947368421052, '1_percentage_of_Instances_with_missing_values')
496.12/147.07	(85.21052631578948, '1_percentage_of_missing_values')
496.12/147.07	(85.45614035087719, '0_number_of_missing_values')
496.12/147.07	(87.50877192982456, '1_number_of_features_with_missing_values')
496.12/147.07	(87.71929824561404, '0_number_of_features_with_missing_values')
496.12/147.07	Result for ParamILS: SAT, 146.057646, 1, 0.332202, -1, /home/feurerm/thesis/Software/pyMetaLearn/optimizers/metalearn_optimizer/learn_distances.py
