0.75/1.92	['/home/feurerm/thesis/Software/pyMetaLearn/optimizers/metalearn_optimizer/learn_distances.py', '--input_file', '/home/feurerm/thesis/experiments/2014_04_25_predict_distances/testfold_0-3_spearman_rank_perm.pkl', '--fold', '0', '--folds', '1', '--params', '-max_features', '0.716789521301', '-min_samples_leaf', '3', '-min_samples_split', '4', '-n_estimators', '22', '-n_jobs', '4', '-seed', '68']
0.75/1.93	Metafeatures (57, 46)
0.75/1.93	X (3192, 92)
0.75/1.93	Y (3192,)
0.75/1.93	Dataset Mae MSE Rho
3.56/3.15	vehicle 0.471376608212 0.28807148513 -0.165160061843
6.59/4.20	anneal.ORIG 0.720208844069 0.59328757396 -0.0869433593653
9.57/5.34	segment 0.251252292062 0.0798882455616 0.765036920512
12.61/6.50	pendigits 0.375070435947 0.174340356789 0.377185503269
15.63/7.64	mushroom 0.216417359035 0.0584526926161 0.576928983149
18.66/8.68	labor 0.21605236205 0.068674167025 0.554304317143
21.69/9.82	abalone 0.385850985716 0.194586996075 0.317068533596
24.65/10.96	diabetes 0.502934920523 0.352517266528 -0.331289752228
27.59/11.98	car 0.544769860564 0.394618549231 0.0882361974228
30.53/13.22	autos 0.201113023416 0.0558618797407 0.536527793853
33.54/14.51	mfeat-fourier 0.694802392482 0.625869158901 -0.509378194646
36.50/15.56	primary-tumor 0.195207111317 0.0496996847646 0.59696797304
39.52/20.56	waveform-5000 0.193340241474 0.0563188378035 0.708152045983
42.50/21.58	credit-a 0.427167815121 0.262826821742 0.222044936372
45.53/22.62	letter 0.298968085838 0.112665104695 0.529417184537
48.59/24.01	postoperative-patient-data 0.469347258743 0.26524654672 -0.290565353418
51.58/25.13	vowel 0.471210993808 0.280001315931 0.0950235972245
54.57/26.22	eucalyptus 0.277022440731 0.102135082396 0.520367318134
57.60/27.60	cylinder-bands 0.24322252767 0.0730210309401 0.620562267589
60.63/28.68	ionosphere 0.436670229303 0.219862527903 -0.141888976808
63.66/29.93	mfeat-karhunen 0.198925093336 0.0588965631938 0.713323398212
66.69/30.99	balance-scale 0.234218408913 0.0803377368168 0.401426216846
69.72/32.43	mfeat-morphological 0.498010171272 0.339876851749 -0.217843212685
72.75/33.45	liver-disorders 0.138482680524 0.0298861383377 0.664195552028
75.81/34.53	dermatology 0.226021522933 0.0632713392323 0.463159234091
78.83/35.61	vote 0.0746491653796 0.0102628015901 0.775056415457
81.80/36.64	breast-cancer 0.171000036996 0.0488699194212 0.242730345291
84.77/37.69	credit-g 0.551659556782 0.416190906449 -0.418233111594
87.79/38.83	soybean 0.110473585133 0.0175692910297 0.79380256729
90.80/39.96	arrhythmia 0.33899108162 0.143707710094 -0.176149185331
93.83/41.02	nursery 0.208672070508 0.0587330695234 0.717848331414
96.80/42.13	hepatitis 0.344075480827 0.167544135318 -0.0614098077301
99.79/43.25	cmc 0.177764207604 0.0434985954416 0.61991584856
102.80/44.57	heart-c 0.218640236313 0.0669629390233 0.754371006537
105.80/49.14	glass 0.27447737859 0.0948922447939 0.625733619818
108.84/51.31	braziltourism 0.667864663889 0.560943806853 -0.489339204755
111.83/52.34	iris 0.329376110631 0.140304656376 0.100194949454
114.80/53.36	heart-statlog 0.339339423943 0.156312489458 0.487076738154
117.94/54.53	page-blocks 0.630146451954 0.535823679168 -0.489985623783
120.99/55.81	breast-w 0.220846499776 0.0633853359846 0.488046366697
124.01/56.84	heart-h 0.114543244115 0.0188671648394 0.759542358767
127.05/58.01	yeast 0.33292747956 0.136000317134 0.573050468976
130.08/59.23	tae 0.390977120667 0.191981356621 -0.0329673704656
133.15/60.36	haberman 0.304158073246 0.130036333963 -0.0698132551037
136.09/61.39	mfeat-pixel 0.410595992559 0.205932000113 0.107951977799
139.13/62.42	optdigits 0.204929638921 0.05491665189 0.745644349649
142.15/63.65	mfeat-factors 0.220560174763 0.069834140663 0.738533740333
145.22/64.84	satimage 0.380873255694 0.180701799056 0.0601169696726
148.24/65.87	lymph 0.279234879047 0.113851628586 0.389790674329
151.28/67.20	audiology 0.272691307638 0.09523973397 0.474148357579
154.33/68.74	ecoli 0.433913686886 0.241672899084 0.0319977419225
157.42/69.94	tic-tac-toe 0.195467358716 0.0567322264419 0.678739980175
160.52/71.30	spambase 0.428361876185 0.236902893061 0.590503782752
163.42/72.33	zoo 0.189254688694 0.0481055980277 0.586948478094
166.40/73.55	sonar 0.564567240707 0.39911791029 -0.324825561941
169.41/74.70	mfeat-zernike 0.236838483875 0.0776596608481 0.506146099502
172.50/75.88	kr-vs-kp 0.205881618612 0.0530970799222 0.655145685626
172.57/75.95	MAE 0.328270451489 0.152983071921
172.57/75.95	MSE 0.170453770681 0.170453770681
172.57/75.95	Mean tau 0.306090750792 0.393649057643
172.57/75.95	(0.07017543859649122, '0_class_probability_max')
172.57/75.95	(1.1403508771929824, '1_class_probability_max')
172.57/75.95	(2.2982456140350878, '0_skewness_min')
172.57/75.95	(2.719298245614035, '1_skewness_min')
172.57/75.95	(5.12280701754386, '1_class_entropy')
172.57/75.95	(8.228070175438596, '1_landmark_naive_bayes')
172.57/75.95	(10.087719298245615, '0_class_entropy')
172.57/75.95	(10.491228070175438, '0_landmark_naive_bayes')
172.57/75.95	(10.614035087719298, '1_landmark_decision_tree')
172.57/75.95	(10.929824561403509, '1_class_probability_std')
172.57/75.95	(14.456140350877194, '0_landmark_decision_tree')
172.57/75.95	(16.403508771929825, '1_pca_skewness_first_pc')
172.57/75.95	(20.57894736842105, '0_pca_skewness_first_pc')
172.57/75.95	(20.736842105263158, '1_landmark_lda')
172.57/75.95	(20.789473684210527, '1_kurtosis_min')
172.57/75.95	(21.31578947368421, '0_landmark_lda')
172.57/75.95	(21.771929824561404, '1_landmark_random_node_learner')
172.57/75.95	(22.403508771929825, '0_kurtosis_min')
172.57/75.95	(23.157894736842106, '0_class_probability_std')
172.57/75.95	(24.57894736842105, '0_kurtosis_std')
172.57/75.95	(26.75438596491228, '1_log_number_of_features')
172.57/75.95	(27.29824561403509, '0_skewness_max')
172.57/75.95	(28.719298245614034, '1_landmark_1NN')
172.57/75.95	(30.17543859649123, '1_number_of_features')
172.57/75.95	(30.50877192982456, '0_landmark_1NN')
172.57/75.95	(30.859649122807017, '0_number_of_numeric_features')
172.57/75.95	(30.92982456140351, '1_skewness_max')
172.57/75.95	(31.43859649122807, '1_skewness_std')
172.57/75.95	(32.6140350877193, '0_class_probability_min')
172.57/75.95	(32.824561403508774, '0_number_of_features')
172.57/75.95	(33.87719298245614, '0_kurtosis_max')
172.57/75.95	(34.40350877192982, '0_log_number_of_features')
172.57/75.95	(34.40350877192982, '1_kurtosis_max')
172.57/75.95	(34.421052631578945, '1_class_probability_min')
172.57/75.95	(34.92982456140351, '1_number_of_numeric_features')
172.57/75.95	(37.333333333333336, '0_log_number_of_instances')
172.57/75.95	(38.19298245614035, '0_landmark_random_node_learner')
172.57/75.95	(38.526315789473685, '1_kurtosis_std')
172.57/75.95	(38.89473684210526, '0_number_of_instances')
172.57/75.95	(39.36842105263158, '0_skewness_std')
172.57/75.95	(40.68421052631579, '0_symbols_mean')
172.57/75.95	(41.01754385964912, '1_landmark_decision_node_learner')
172.57/75.95	(41.175438596491226, '1_skewness_mean')
172.57/75.95	(41.578947368421055, '1_number_of_instances')
172.57/75.95	(42.01754385964912, '0_skewness_mean')
172.57/75.95	(42.01754385964912, '1_log_number_of_instances')
172.57/75.95	(42.24561403508772, '0_landmark_decision_node_learner')
172.57/75.95	(42.8421052631579, '1_pca_kurtosis_first_pc')
172.57/75.95	(46.03508771929825, '1_symbols_sum')
172.57/75.95	(46.10526315789474, '0_pca_95%')
172.57/75.95	(46.59649122807018, '0_pca_kurtosis_first_pc')
172.57/75.95	(48.21052631578947, '1_pca_95%')
172.57/75.95	(50.24561403508772, '1_symbols_mean')
172.57/75.95	(51.6140350877193, '0_symbols_min')
172.57/75.95	(52.05263157894737, '1_symbols_min')
172.57/75.95	(52.280701754385966, '1_dataset_ratio')
172.57/75.95	(52.333333333333336, '0_inverse_dataset_ratio')
172.57/75.95	(52.64912280701754, '0_log_dataset_ratio')
172.57/75.95	(52.73684210526316, '1_inverse_dataset_ratio')
172.57/75.95	(53.26315789473684, '1_number_of_categorical_features')
172.57/75.95	(53.6140350877193, '0_log_inverse_dataset_ratio')
172.57/75.95	(54.31578947368421, '0_symbols_sum')
172.57/75.95	(55.43859649122807, '0_dataset_ratio')
172.57/75.95	(55.78947368421053, '1_log_dataset_ratio')
172.57/75.95	(57.21052631578947, '1_log_inverse_dataset_ratio')
172.57/75.95	(57.43859649122807, '0_ratio_numerical_to_categorical')
172.57/75.95	(57.45614035087719, '1_ratio_numerical_to_categorical')
172.57/75.95	(62.280701754385966, '1_kurtosis_mean')
172.57/75.95	(65.45614035087719, '0_number_of_categorical_features')
172.57/75.95	(65.94736842105263, '0_kurtosis_mean')
172.57/75.95	(69.89473684210526, '1_symbols_max')
172.57/75.95	(71.03508771929825, '1_ratio_categorical_to_numerical')
172.57/75.95	(71.80701754385964, '0_ratio_categorical_to_numerical')
172.57/75.95	(74.36842105263158, '1_number_of_classes')
172.57/75.95	(74.42105263157895, '0_class_probability_mean')
172.57/75.95	(75.26315789473684, '0_number_of_classes')
172.57/75.95	(75.28070175438596, '1_class_probability_mean')
172.57/75.95	(75.35087719298245, '0_symbols_max')
172.57/75.95	(76.0, '1_percentage_of_features_with_missing_values')
172.57/75.95	(76.3157894736842, '1_symbols_std')
172.57/75.95	(78.17543859649123, '0_symbols_std')
172.57/75.95	(78.49122807017544, '0_percentage_of_features_with_missing_values')
172.57/75.95	(79.78947368421052, '1_percentage_of_missing_values')
172.57/75.95	(81.3157894736842, '1_percentage_of_Instances_with_missing_values')
172.57/75.95	(82.73684210526316, '0_percentage_of_Instances_with_missing_values')
172.57/75.95	(82.96491228070175, '0_number_of_Instances_with_missing_values')
172.57/75.95	(83.15789473684211, '0_percentage_of_missing_values')
172.57/75.95	(83.50877192982456, '1_number_of_Instances_with_missing_values')
172.57/75.95	(83.59649122807018, '0_number_of_missing_values')
172.57/75.95	(83.96491228070175, '1_number_of_missing_values')
172.57/75.95	(84.98245614035088, '1_number_of_features_with_missing_values')
172.57/75.95	(86.56140350877193, '0_number_of_features_with_missing_values')
172.57/75.95	Result for ParamILS: SAT, 74.036414, 1, 0.328270, -1, /home/feurerm/thesis/Software/pyMetaLearn/optimizers/metalearn_optimizer/learn_distances.py
