0.78/1.03	['/home/feurerm/thesis/Software/pyMetaLearn/optimizers/metalearn_optimizer/learn_distances.py', '--input_file', '/home/feurerm/thesis/experiments/2014_04_25_predict_distances/testfold_0-3_spearman_rank_perm.pkl', '--fold', '0', '--folds', '1', '--params', '-max_features', '0.803289646171', '-min_samples_leaf', '7', '-min_samples_split', '9', '-n_estimators', '48', '-n_jobs', '4', '-seed', '83']
0.78/1.04	Metafeatures (57, 46)
0.78/1.04	X (3192, 92)
0.78/1.04	Y (3192,)
0.78/1.04	Dataset Mae MSE Rho
6.72/2.80	vehicle 0.509457578951 0.337092253389 -0.24854811655
13.04/4.70	anneal.ORIG 0.745039235107 0.639174507825 -0.258244401981
19.40/6.60	segment 0.293057985595 0.110146079515 0.722373264615
25.70/8.49	pendigits 0.377857803604 0.170720330727 0.31512927651
31.95/10.40	mushroom 0.244849690897 0.0717853601024 0.519720899105
38.11/12.29	labor 0.185967984241 0.0524339147709 0.544284822197
44.30/14.19	abalone 0.427077421796 0.235904988699 0.141565767294
50.38/15.98	diabetes 0.478073522065 0.328143358036 -0.187461518334
56.44/17.77	car 0.642079571486 0.527571467295 -0.104719882656
62.55/19.56	autos 0.18860860574 0.0473674262202 0.601816115755
68.84/21.46	mfeat-fourier 0.652018530768 0.549951882876 -0.48675352864
75.04/23.35	primary-tumor 0.180722605842 0.040089851485 0.671629370859
81.30/25.24	waveform-5000 0.224857362583 0.0699829738622 0.671629370859
87.54/29.20	credit-a 0.442890760701 0.273678027893 0.171301042616
93.67/31.10	letter 0.28341381248 0.106309139612 0.588241316152
99.92/33.00	postoperative-patient-data 0.44376482641 0.243165949259 -0.235296526461
106.20/34.90	vowel 0.49554104677 0.299119937459 0.0404011892961
112.35/36.79	eucalyptus 0.255096796597 0.0868068817142 0.578868240235
118.58/38.69	cylinder-bands 0.297666453833 0.104567405427 0.484491062039
124.76/40.58	ionosphere 0.431786912327 0.21501075204 -0.167099318929
131.04/42.48	mfeat-karhunen 0.271595100396 0.0966812454271 0.596644763525
137.39/44.38	balance-scale 0.225893162024 0.0709912914936 0.472855519522
143.61/46.28	mfeat-morphological 0.50787303192 0.34305742911 -0.254689097323
149.98/48.18	liver-disorders 0.154229312103 0.0338472248524 0.468007376806
156.22/50.07	dermatology 0.209283134496 0.0554596939397 0.485137481068
162.45/51.98	vote 0.071788915566 0.00809889963142 0.790570472147
168.65/53.88	breast-cancer 0.123296115027 0.0223999301213 0.489662414269
174.88/55.78	credit-g 0.574920444539 0.455334643262 -0.532326070166
181.06/57.58	soybean 0.113185704128 0.0177260223721 0.819336118926
187.22/59.37	arrhythmia 0.298090709181 0.109839793369 -0.148029957581
193.32/61.18	nursery 0.244903084363 0.0762657529815 0.63542990525
199.43/63.09	hepatitis 0.278961434746 0.106167611547 0.195218546679
205.59/64.99	cmc 0.167907049089 0.0382232428553 0.625410410304
211.77/66.88	heart-c 0.259129988992 0.0879923145438 0.75307816848
217.88/68.66	glass 0.315168945963 0.12226242065 0.585009221008
224.22/70.56	braziltourism 0.692986371458 0.568425912368 -0.561738135973
230.40/72.36	iris 0.334409783449 0.149834401788 0.0478350081266
236.52/74.26	heart-statlog 0.305954199946 0.124977391784 0.659670618827
243.00/76.15	page-blocks 0.634260597583 0.539541701793 -0.540406308025
249.23/78.04	breast-w 0.237905188169 0.0740953518103 0.395931655102
255.38/79.95	heart-h 0.149792530284 0.0288564517865 0.723989312187
261.67/81.86	yeast 0.348072294158 0.151103343348 0.519074480077
267.90/83.75	tae 0.348906719486 0.159477008125 -0.12281961546
274.15/85.65	haberman 0.298288112968 0.120159243873 -0.0284424372645
280.34/87.54	mfeat-pixel 0.398338676571 0.198398155309 0.104396673141
286.54/89.43	optdigits 0.264079966491 0.0858839138119 0.629935343505
292.88/91.35	mfeat-factors 0.256591226397 0.0858170416298 0.674215046974
299.09/93.25	satimage 0.354442630403 0.157594497496 0.0720757217043
305.30/95.15	lymph 0.283488367981 0.12187505626 0.338400361544
311.57/97.05	audiology 0.293321289032 0.101083615311 0.412092130821
317.87/98.95	ecoli 0.402689044456 0.20669613907 0.157403033498
324.00/100.84	tic-tac-toe 0.169559755901 0.0401521302905 0.748553235279
330.43/102.74	spambase 0.357433970334 0.167850015277 0.654822476112
336.64/104.63	zoo 0.181554335316 0.0438007247423 0.628319295933
342.89/106.54	sonar 0.553744314261 0.381862486115 -0.333875428343
349.18/108.43	mfeat-zernike 0.239309115999 0.0777619356819 0.500651537758
355.38/110.33	kr-vs-kp 0.24088465583 0.0707152775667 0.564647021603
355.51/110.47	MAE 0.332667855909 0.153897619775
355.51/110.47	MSE 0.172093540344 0.172093540344
355.51/110.47	Mean tau 0.291041662176 0.397814718883
355.51/110.47	(0.21052631578947367, '0_class_probability_max')
355.51/110.47	(0.9298245614035088, '1_class_probability_max')
355.51/110.47	(2.3684210526315788, '1_skewness_min')
355.51/110.47	(2.6315789473684212, '0_skewness_min')
355.51/110.47	(6.245614035087719, '1_class_entropy')
355.51/110.47	(7.578947368421052, '0_class_entropy')
355.51/110.47	(7.7368421052631575, '1_landmark_naive_bayes')
355.51/110.47	(8.333333333333334, '0_landmark_naive_bayes')
355.51/110.47	(11.140350877192983, '1_class_probability_std')
355.51/110.47	(11.263157894736842, '1_landmark_decision_tree')
355.51/110.47	(13.43859649122807, '0_pca_skewness_first_pc')
355.51/110.47	(13.771929824561404, '0_landmark_decision_tree')
355.51/110.47	(13.807017543859649, '0_class_probability_std')
355.51/110.47	(14.859649122807017, '1_pca_skewness_first_pc')
355.51/110.47	(15.719298245614034, '1_landmark_lda')
355.51/110.47	(16.912280701754387, '0_landmark_lda')
355.51/110.47	(18.894736842105264, '1_kurtosis_min')
355.51/110.47	(21.666666666666668, '0_kurtosis_min')
355.51/110.47	(25.473684210526315, '1_landmark_1NN')
355.51/110.47	(25.56140350877193, '0_landmark_1NN')
355.51/110.47	(26.666666666666668, '0_skewness_max')
355.51/110.47	(29.24561403508772, '1_class_probability_min')
355.51/110.47	(29.50877192982456, '1_skewness_max')
355.51/110.47	(29.982456140350877, '0_class_probability_min')
355.51/110.47	(30.035087719298247, '1_number_of_numeric_features')
355.51/110.47	(30.210526315789473, '0_number_of_numeric_features')
355.51/110.47	(30.49122807017544, '1_number_of_features')
355.51/110.47	(31.736842105263158, '0_kurtosis_max')
355.51/110.47	(32.89473684210526, '1_kurtosis_max')
355.51/110.47	(33.26315789473684, '1_skewness_mean')
355.51/110.47	(33.3859649122807, '0_number_of_features')
355.51/110.47	(33.98245614035088, '1_log_number_of_features')
355.51/110.47	(34.421052631578945, '0_skewness_mean')
355.51/110.47	(34.63157894736842, '0_log_number_of_features')
355.51/110.47	(35.3859649122807, '1_landmark_random_node_learner')
355.51/110.47	(36.05263157894737, '0_log_number_of_instances')
355.51/110.47	(36.08771929824562, '0_number_of_instances')
355.51/110.47	(36.70175438596491, '1_log_number_of_instances')
355.51/110.47	(37.0, '1_number_of_instances')
355.51/110.47	(37.3859649122807, '0_skewness_std')
355.51/110.47	(38.719298245614034, '1_skewness_std')
355.51/110.47	(38.89473684210526, '0_landmark_random_node_learner')
355.51/110.47	(40.49122807017544, '0_landmark_decision_node_learner')
355.51/110.47	(41.73684210526316, '0_pca_kurtosis_first_pc')
355.51/110.47	(41.80701754385965, '1_landmark_decision_node_learner')
355.51/110.47	(42.14035087719298, '0_kurtosis_std')
355.51/110.47	(42.666666666666664, '1_kurtosis_std')
355.51/110.47	(44.1578947368421, '0_symbols_mean')
355.51/110.47	(44.35087719298246, '1_symbols_mean')
355.51/110.47	(44.73684210526316, '1_pca_kurtosis_first_pc')
355.51/110.47	(48.91228070175438, '0_symbols_min')
355.51/110.47	(50.07017543859649, '0_pca_95%')
355.51/110.47	(52.1578947368421, '1_symbols_min')
355.51/110.47	(52.49122807017544, '1_pca_95%')
355.51/110.47	(52.56140350877193, '1_log_inverse_dataset_ratio')
355.51/110.47	(53.578947368421055, '1_log_dataset_ratio')
355.51/110.47	(53.73684210526316, '0_dataset_ratio')
355.51/110.47	(53.771929824561404, '0_inverse_dataset_ratio')
355.51/110.47	(53.92982456140351, '1_dataset_ratio')
355.51/110.47	(54.07017543859649, '1_inverse_dataset_ratio')
355.51/110.47	(54.12280701754386, '0_log_inverse_dataset_ratio')
355.51/110.47	(55.40350877192982, '0_log_dataset_ratio')
355.51/110.47	(55.56140350877193, '1_symbols_sum')
355.51/110.47	(57.54385964912281, '0_symbols_sum')
355.51/110.47	(57.85964912280702, '0_number_of_categorical_features')
355.51/110.47	(57.85964912280702, '0_ratio_numerical_to_categorical')
355.51/110.47	(59.280701754385966, '1_ratio_numerical_to_categorical')
355.51/110.47	(64.40350877192982, '1_number_of_categorical_features')
355.51/110.47	(64.43859649122807, '1_kurtosis_mean')
355.51/110.47	(65.87719298245614, '0_kurtosis_mean')
355.51/110.47	(72.94736842105263, '1_class_probability_mean')
355.51/110.47	(73.08771929824562, '0_ratio_categorical_to_numerical')
355.51/110.47	(73.3157894736842, '1_ratio_categorical_to_numerical')
355.51/110.47	(73.87719298245614, '1_symbols_max')
355.51/110.47	(74.2280701754386, '0_number_of_classes')
355.51/110.47	(74.42105263157895, '0_class_probability_mean')
355.51/110.47	(74.45614035087719, '1_number_of_classes')
355.51/110.47	(75.82456140350877, '0_symbols_max')
355.51/110.47	(77.40350877192982, '1_symbols_std')
355.51/110.47	(78.0, '0_symbols_std')
355.51/110.47	(78.91228070175438, '0_percentage_of_features_with_missing_values')
355.51/110.47	(79.17543859649123, '1_percentage_of_features_with_missing_values')
355.51/110.47	(82.59649122807018, '1_percentage_of_Instances_with_missing_values')
355.51/110.47	(82.89473684210526, '1_percentage_of_missing_values')
355.51/110.47	(83.29824561403508, '0_percentage_of_Instances_with_missing_values')
355.51/110.47	(83.43859649122807, '1_number_of_Instances_with_missing_values')
355.51/110.47	(83.52631578947368, '0_number_of_Instances_with_missing_values')
355.51/110.47	(84.47368421052632, '1_number_of_missing_values')
355.51/110.47	(85.01754385964912, '0_percentage_of_missing_values')
355.51/110.47	(85.19298245614036, '0_number_of_missing_values')
355.51/110.47	(86.84210526315789, '1_number_of_features_with_missing_values')
355.51/110.47	(88.12280701754386, '0_number_of_features_with_missing_values')
355.51/110.47	Result for ParamILS: SAT, 109.446482, 1, 0.332668, -1, /home/feurerm/thesis/Software/pyMetaLearn/optimizers/metalearn_optimizer/learn_distances.py
