0.71/1.76	['/home/feurerm/thesis/Software/pyMetaLearn/optimizers/metalearn_optimizer/learn_distances.py', '--input_file', '/home/feurerm/thesis/experiments/2014_04_25_predict_distances/testfold_0-3_spearman_rank_perm.pkl', '--fold', '0', '--folds', '1', '--params', '-max_features', '0.964863449987', '-min_samples_leaf', '3', '-min_samples_split', '5', '-n_estimators', '2', '-n_jobs', '4', '-seed', '42']
0.71/1.77	Metafeatures (57, 46)
0.71/1.77	X (3192, 92)
0.71/1.77	Y (3192,)
0.71/1.77	Dataset Mae MSE Rho
1.11/2.11	vehicle 0.452097287213 0.318044734465 0.0757346597845
1.54/2.58	anneal.ORIG 0.835484550716 0.831414784605 -0.124259908199
1.94/3.13	segment 0.252269871061 0.106938480931 0.551252931248
2.34/3.77	pendigits 0.476126918842 0.316129314942 0.127914937029
2.77/4.21	mushroom 0.2694082462 0.106282214055 0.42652931065
3.21/4.90	labor 0.330615353149 0.178678765434 0.1669640292
3.62/5.27	abalone 0.252230247026 0.115399701168 0.516951310637
4.01/5.65	diabetes 0.559776025635 0.453808775093 -0.325996851462
4.42/6.02	car 0.920470164897 0.99096085352 -0.00631223999831
4.84/6.44	autos 0.258994970598 0.102419803904 0.467143452492
5.26/6.81	mfeat-fourier 0.690782392421 0.647610847233 -0.426412026778
5.65/7.16	primary-tumor 0.208928819324 0.0662767764631 0.498586510248
6.07/8.11	waveform-5000 0.235215820611 0.100131626717 0.528430511147
6.49/8.61	credit-a 0.462504188543 0.301059268737 0.185380731101
6.89/9.01	letter 0.329608595369 0.148098348166 0.273007632228
7.29/9.69	postoperative-patient-data 0.464410685967 0.297892173898 -0.0761955591595
7.70/10.14	vowel 0.546689365777 0.391148934036 -0.0407898171824
8.13/10.68	eucalyptus 0.213514347168 0.0676054358395 0.558884160158
8.54/11.23	cylinder-bands 0.313427817688 0.13569005473 0.401102382286
8.95/11.72	ionosphere 0.463528007809 0.310416534928 -0.0754170906421
9.38/12.16	mfeat-karhunen 0.202320993739 0.0799906933754 0.620931232742
9.79/12.64	balance-scale 0.280488470855 0.108935935591 0.306698803954
10.18/12.99	mfeat-morphological 0.554603318355 0.431659371186 -0.276136480916
10.60/13.51	liver-disorders 0.211451269173 0.0684784963112 0.368669812195
11.00/13.89	dermatology 0.234044517015 0.0791212650311 0.397477198749
11.44/14.30	vote 0.157279460306 0.0379658938315 0.59964792524
11.85/14.65	breast-cancer 0.205090954656 0.0660875282762 0.221252104556
12.24/20.04	credit-g 0.740014798659 0.725067228933 -0.42190617657
12.68/20.39	soybean 0.163740296668 0.040162612257 0.621574419299
13.09/20.74	arrhythmia 0.323682746317 0.147667358193 -0.064098685789
13.48/21.09	nursery 0.239682047915 0.0847973850953 0.606310531002
13.90/21.45	hepatitis 0.532379709428 0.408200632141 -0.0251073735486
14.30/21.87	cmc 0.194932286214 0.0571604129562 0.509590691584
14.70/22.25	heart-c 0.273538259691 0.119481648477 0.443797707227
15.11/22.69	glass 0.319145959125 0.14660598713 0.355341666628
15.53/23.26	braziltourism 0.692380326366 0.588428149936 -0.119285150737
15.94/23.74	iris 0.301948726955 0.138088444703 0.202524737632
16.34/24.11	heart-statlog 0.362774769972 0.214174329738 0.234561847709
16.76/24.46	page-blocks 0.567386396173 0.447804620572 -0.351236038166
17.17/24.81	breast-w 0.285876737572 0.114655245542 0.35250556987
17.57/25.16	heart-h 0.326568056099 0.153788483687 0.143736446921
17.99/25.97	yeast 0.215341245167 0.0910492725045 0.596924838083
18.39/26.34	tae 0.428015301823 0.24029269796 0.0417950060129
18.79/26.84	haberman 0.407184659206 0.230484935294 -0.107990347288
19.20/27.30	mfeat-pixel 0.418173684715 0.240211382854 0.128720244948
19.58/32.37	optdigits 0.263985167618 0.125082956137 0.431894313004
20.00/32.74	mfeat-factors 0.328974752313 0.177684493884 0.286732893108
20.40/33.09	satimage 0.368183916283 0.193587684885 0.149916179276
20.84/33.54	lymph 0.247394832721 0.0858096721312 0.330021184497
21.24/33.89	audiology 0.26662633091 0.0996934240519 0.426873424712
21.66/34.38	ecoli 0.394933478808 0.25301513538 0.206652052446
22.07/34.77	tic-tac-toe 0.182925203011 0.0562647333375 0.595909758083
22.49/35.47	spambase 0.34575477398 0.170008436267 0.533193340776
22.90/35.85	zoo 0.26162920364 0.103850331814 0.300988841752
23.31/36.23	sonar 0.562166399996 0.445063308268 -0.152055314196
23.71/36.72	mfeat-zernike 0.215898299843 0.0701186068377 0.503683702664
24.15/37.07	kr-vs-kp 0.226152444955 0.077197145032 0.521517375499
24.15/37.08	MAE 0.36559216618 0.171031129138
24.15/37.08	MSE 0.226381462605 0.226381462605
24.15/37.08	Mean tau 0.232002234171 0.29099192902
24.15/37.08	(0.7017543859649122, '1_class_probability_max')
24.15/37.08	(0.8070175438596491, '0_class_probability_max')
24.15/37.08	(2.245614035087719, '0_skewness_min')
24.15/37.08	(2.9473684210526314, '1_skewness_min')
24.15/37.08	(11.68421052631579, '1_landmark_naive_bayes')
24.15/37.08	(12.12280701754386, '0_landmark_naive_bayes')
24.15/37.08	(19.842105263157894, '0_pca_skewness_first_pc')
24.15/37.08	(19.964912280701753, '1_class_probability_std')
24.15/37.08	(20.614035087719298, '0_landmark_lda')
24.15/37.08	(20.964912280701753, '1_pca_skewness_first_pc')
24.15/37.08	(22.403508771929825, '1_class_probability_min')
24.15/37.08	(23.736842105263158, '1_landmark_lda')
24.15/37.08	(24.63157894736842, '0_class_probability_min')
24.15/37.08	(24.912280701754387, '0_number_of_numeric_features')
24.15/37.08	(24.982456140350877, '0_landmark_decision_tree')
24.15/37.08	(26.596491228070175, '1_landmark_decision_tree')
24.15/37.08	(27.68421052631579, '0_landmark_1NN')
24.15/37.08	(27.87719298245614, '0_log_number_of_instances')
24.15/37.08	(28.24561403508772, '1_number_of_numeric_features')
24.15/37.08	(29.49122807017544, '1_log_number_of_instances')
24.15/37.08	(29.92982456140351, '1_landmark_1NN')
24.15/37.08	(30.12280701754386, '1_kurtosis_max')
24.15/37.08	(31.157894736842106, '0_kurtosis_min')
24.15/37.08	(31.614035087719298, '1_kurtosis_min')
24.15/37.08	(31.859649122807017, '0_number_of_instances')
24.15/37.08	(32.54385964912281, '1_number_of_instances')
24.15/37.08	(32.63157894736842, '0_class_probability_std')
24.15/37.08	(35.0, '0_pca_95%')
24.15/37.08	(36.473684210526315, '1_skewness_max')
24.15/37.08	(36.771929824561404, '0_kurtosis_max')
24.15/37.08	(36.824561403508774, '0_number_of_features')
24.15/37.08	(37.12280701754386, '1_pca_kurtosis_first_pc')
24.15/37.08	(37.49122807017544, '0_skewness_max')
24.15/37.08	(37.719298245614034, '0_pca_kurtosis_first_pc')
24.15/37.08	(37.73684210526316, '1_pca_95%')
24.15/37.08	(38.78947368421053, '1_log_number_of_features')
24.15/37.08	(38.87719298245614, '1_class_entropy')
24.15/37.08	(39.05263157894737, '1_number_of_features')
24.15/37.08	(39.29824561403509, '0_symbols_mean')
24.15/37.08	(39.719298245614034, '1_landmark_decision_node_learner')
24.15/37.08	(39.8421052631579, '0_log_number_of_features')
24.15/37.08	(40.228070175438596, '0_landmark_decision_node_learner')
24.15/37.08	(40.59649122807018, '1_skewness_mean')
24.15/37.08	(41.91228070175438, '0_skewness_mean')
24.15/37.08	(42.49122807017544, '0_landmark_random_node_learner')
24.15/37.08	(42.49122807017544, '1_skewness_std')
24.15/37.08	(42.64912280701754, '1_symbols_mean')
24.15/37.08	(42.8421052631579, '1_landmark_random_node_learner')
24.15/37.08	(44.1578947368421, '0_class_entropy')
24.15/37.08	(45.824561403508774, '0_inverse_dataset_ratio')
24.15/37.08	(47.0, '1_kurtosis_std')
24.15/37.08	(47.87719298245614, '0_skewness_std')
24.15/37.08	(48.26315789473684, '1_log_dataset_ratio')
24.15/37.08	(48.45614035087719, '0_log_inverse_dataset_ratio')
24.15/37.08	(49.59649122807018, '1_log_inverse_dataset_ratio')
24.15/37.08	(49.64912280701754, '0_kurtosis_std')
24.15/37.08	(50.333333333333336, '0_dataset_ratio')
24.15/37.08	(52.8421052631579, '1_dataset_ratio')
24.15/37.08	(52.94736842105263, '1_kurtosis_mean')
24.15/37.08	(53.228070175438596, '1_inverse_dataset_ratio')
24.15/37.08	(53.43859649122807, '0_symbols_min')
24.15/37.08	(54.526315789473685, '0_symbols_sum')
24.15/37.08	(54.771929824561404, '0_kurtosis_mean')
24.15/37.08	(55.473684210526315, '0_log_dataset_ratio')
24.15/37.08	(57.19298245614035, '1_symbols_sum')
24.15/37.08	(58.36842105263158, '0_ratio_numerical_to_categorical')
24.15/37.08	(60.1578947368421, '1_ratio_numerical_to_categorical')
24.15/37.08	(60.89473684210526, '1_symbols_min')
24.15/37.08	(63.70175438596491, '0_ratio_categorical_to_numerical')
24.15/37.08	(64.49122807017544, '1_ratio_categorical_to_numerical')
24.15/37.08	(64.98245614035088, '0_number_of_categorical_features')
24.15/37.08	(65.19298245614036, '0_number_of_classes')
24.15/37.08	(65.56140350877193, '1_number_of_categorical_features')
24.15/37.08	(66.85964912280701, '0_class_probability_mean')
24.15/37.08	(68.54385964912281, '1_class_probability_mean')
24.15/37.08	(69.0, '0_symbols_max')
24.15/37.08	(70.29824561403508, '0_symbols_std')
24.15/37.08	(70.84210526315789, '1_number_of_classes')
24.15/37.08	(71.42105263157895, '1_symbols_std')
24.15/37.08	(72.26315789473684, '1_symbols_max')
24.15/37.08	(72.85964912280701, '1_number_of_Instances_with_missing_values')
24.15/37.08	(73.0, '1_percentage_of_features_with_missing_values')
24.15/37.08	(73.21052631578948, '0_number_of_missing_values')
24.15/37.08	(75.21052631578948, '1_percentage_of_Instances_with_missing_values')
24.15/37.08	(75.59649122807018, '0_number_of_Instances_with_missing_values')
24.15/37.08	(75.82456140350877, '1_number_of_features_with_missing_values')
24.15/37.08	(76.70175438596492, '0_percentage_of_Instances_with_missing_values')
24.15/37.08	(76.98245614035088, '0_percentage_of_missing_values')
24.15/37.08	(77.6842105263158, '0_percentage_of_features_with_missing_values')
24.15/37.08	(77.70175438596492, '1_percentage_of_missing_values')
24.15/37.08	(77.87719298245614, '1_number_of_missing_values')
24.15/37.08	(78.94736842105263, '0_number_of_features_with_missing_values')
24.15/37.08	Result for ParamILS: SAT, 35.326481, 1, 0.365592, -1, /home/feurerm/thesis/Software/pyMetaLearn/optimizers/metalearn_optimizer/learn_distances.py
