0.77/1.24	['/home/feurerm/thesis/Software/pyMetaLearn/optimizers/metalearn_optimizer/learn_distances.py', '--input_file', '/home/feurerm/thesis/experiments/2014_04_25_predict_distances/testfold_0-3_spearman_rank_perm.pkl', '--fold', '0', '--folds', '1', '--params', '-max_features', '0.396418696567', '-min_samples_leaf', '5', '-min_samples_split', '5', '-n_estimators', '20', '-n_jobs', '4', '-seed', '99']
0.77/1.25	Metafeatures (57, 46)
0.77/1.25	X (3192, 92)
0.77/1.25	Y (3192,)
0.77/1.25	Dataset Mae MSE Rho
2.17/1.80	vehicle 0.415081072631 0.219617811539 0.0552688269571
3.63/2.42	anneal.ORIG 0.503174351344 0.305250103727 0.141565767294
5.15/3.03	segment 0.260143620853 0.0905309349217 0.69393082735
6.67/3.64	pendigits 0.400826578035 0.197326483139 0.287656467788
8.22/4.26	mushroom 0.194300763638 0.0471706469043 0.646419028738
9.68/4.86	labor 0.189808973765 0.0546877874891 0.625410410304
11.19/5.50	abalone 0.378133068453 0.183879463236 0.324502352427
12.70/6.12	diabetes 0.507438309943 0.353700686358 -0.138656881664
14.18/6.73	car 0.417360077604 0.247818243769 0.273758458671
15.69/7.34	autos 0.204464613733 0.055887892724 0.63542990525
17.19/7.95	mfeat-fourier 0.653587975865 0.555298184275 -0.480612547867
18.69/8.55	primary-tumor 0.208102613803 0.0536500012371 0.570464792861
20.22/9.16	waveform-5000 0.27751873822 0.108460267149 0.443766663229
21.70/9.77	credit-a 0.393207902625 0.221456574954 0.336784313973
23.22/10.38	letter 0.287171845703 0.109105505773 0.545900869769
24.76/10.99	postoperative-patient-data 0.441289670178 0.240104171835 -0.389467464815
26.26/11.60	vowel 0.501666633159 0.319448540145 0.0113123330029
27.74/12.21	eucalyptus 0.290188306054 0.112509551705 0.491278461841
29.26/12.83	cylinder-bands 0.25648767963 0.08009205576 0.600200068183
30.79/13.47	ionosphere 0.436738836205 0.222538670369 -0.0303816943507
32.29/14.08	mfeat-karhunen 0.247625647046 0.0839918337752 0.60440179187
33.79/14.69	balance-scale 0.236095235368 0.0796880227362 0.518751270562
35.30/15.30	mfeat-morphological 0.49238505548 0.318322135983 -0.248871326064
36.82/15.92	liver-disorders 0.215100331509 0.0662833325332 0.549132964913
38.30/16.53	dermatology 0.220656318881 0.0627298827822 0.460573557976
39.82/17.15	vote 0.0860260675059 0.011961468193 0.744674721106
41.32/17.79	breast-cancer 0.252097602501 0.0801193516792 0.0591473411295
42.90/18.40	credit-g 0.501833897753 0.33572763186 -0.366519589295
44.41/19.05	soybean 0.117574361594 0.0203454947644 0.755663844595
45.94/19.72	arrhythmia 0.288109796297 0.110555221369 -0.102134206541
47.46/20.36	nursery 0.244758989179 0.0773957656349 0.646742238252
48.95/20.98	hepatitis 0.387268483447 0.214312692131 -0.0669043694744
50.46/21.58	cmc 0.189333703696 0.0454918880959 0.631874600591
51.96/22.19	heart-c 0.27109057272 0.0988712502434 0.702980693753
53.51/22.80	glass 0.339845276607 0.140951249435 0.392376350444
54.94/23.41	braziltourism 0.546427818113 0.36836306949 -0.172917090187
56.48/24.02	iris 0.292428670179 0.116386579149 0.226893079087
57.94/24.63	heart-statlog 0.358906282781 0.173314886704 0.479966128838
59.50/25.24	page-blocks 0.55022152184 0.416488676485 -0.28183869653
61.01/25.85	breast-w 0.223761566546 0.0684899859164 0.601816115755
62.54/26.48	heart-h 0.170816765497 0.0382137096922 0.671629370859
64.10/27.10	yeast 0.328817209513 0.132390148457 0.588241316152
65.61/27.71	tae 0.317186227618 0.134348321367 -0.0636722743307
67.14/28.33	haberman 0.298165014061 0.120121878284 -0.0429868654111
68.63/28.94	mfeat-pixel 0.37181367028 0.174501708789 0.190693613478
70.15/29.55	optdigits 0.221520225561 0.0667451112515 0.669043694744
71.69/30.17	mfeat-factors 0.289507258276 0.108726977703 0.52230657522
73.20/30.78	satimage 0.358890805353 0.159487982237 0.119587520317
74.70/31.43	lymph 0.326386029253 0.147500433421 0.375892665211
76.21/32.04	audiology 0.271207131053 0.0911078429399 0.491601671355
77.73/32.65	ecoli 0.440098710942 0.250483211191 0.0219782469771
79.22/33.26	tic-tac-toe 0.167291575293 0.0402682084546 0.746613978193
80.78/33.92	spambase 0.397441195291 0.198676376837 0.694254036865
82.25/34.55	zoo 0.197983348545 0.0616152969439 0.554950736172
83.77/35.16	sonar 0.550981698411 0.380231179711 -0.328380866599
85.29/35.88	mfeat-zernike 0.217447094982 0.0673418874562 0.59405908741
86.82/36.50	kr-vs-kp 0.208674079191 0.0560991245918 0.62734966739
86.82/36.57	MAE 0.323025734554 0.123022897019
86.82/36.57	MSE 0.1560733929 0.1560733929
86.82/36.57	Mean tau 0.319535132521 0.349573752109
86.82/36.57	(0.24561403508771928, '1_class_probability_max')
86.82/36.57	(0.9824561403508771, '0_class_probability_max')
86.82/36.57	(2.7017543859649122, '1_skewness_min')
86.82/36.57	(4.2631578947368425, '0_skewness_min')
86.82/36.57	(6.491228070175438, '0_class_probability_std')
86.82/36.57	(7.684210526315789, '0_class_entropy')
86.82/36.57	(8.385964912280702, '0_landmark_decision_tree')
86.82/36.57	(9.017543859649123, '0_landmark_random_node_learner')
86.82/36.57	(9.017543859649123, '1_class_probability_std')
86.82/36.57	(9.614035087719298, '1_class_entropy')
86.82/36.57	(11.631578947368421, '1_landmark_decision_tree')
86.82/36.57	(12.24561403508772, '1_landmark_random_node_learner')
86.82/36.57	(12.43859649122807, '0_landmark_naive_bayes')
86.82/36.57	(13.508771929824562, '1_landmark_naive_bayes')
86.82/36.57	(17.614035087719298, '1_pca_skewness_first_pc')
86.82/36.57	(21.912280701754387, '0_kurtosis_min')
86.82/36.57	(23.473684210526315, '1_kurtosis_min')
86.82/36.57	(24.57894736842105, '0_landmark_1NN')
86.82/36.57	(24.596491228070175, '0_pca_skewness_first_pc')
86.82/36.57	(25.17543859649123, '0_log_number_of_features')
86.82/36.57	(25.333333333333332, '0_landmark_lda')
86.82/36.57	(25.912280701754387, '0_number_of_features')
86.82/36.57	(26.385964912280702, '0_kurtosis_std')
86.82/36.57	(27.31578947368421, '1_log_number_of_features')
86.82/36.57	(27.596491228070175, '1_skewness_max')
86.82/36.57	(28.31578947368421, '1_landmark_lda')
86.82/36.57	(29.403508771929825, '0_skewness_max')
86.82/36.57	(29.526315789473685, '1_landmark_1NN')
86.82/36.57	(30.035087719298247, '1_number_of_features')
86.82/36.57	(31.280701754385966, '0_skewness_std')
86.82/36.57	(35.03508771929825, '0_number_of_numeric_features')
86.82/36.57	(36.01754385964912, '1_number_of_numeric_features')
86.82/36.57	(36.05263157894737, '1_skewness_std')
86.82/36.57	(38.05263157894737, '1_kurtosis_std')
86.82/36.57	(40.49122807017544, '0_kurtosis_max')
86.82/36.57	(40.50877192982456, '1_kurtosis_max')
86.82/36.57	(41.73684210526316, '1_class_probability_min')
86.82/36.57	(42.59649122807018, '0_landmark_decision_node_learner')
86.82/36.57	(42.64912280701754, '0_class_probability_min')
86.82/36.57	(42.94736842105263, '1_pca_kurtosis_first_pc')
86.82/36.57	(43.43859649122807, '0_log_number_of_instances')
86.82/36.57	(43.824561403508774, '1_log_number_of_instances')
86.82/36.57	(44.421052631578945, '1_symbols_sum')
86.82/36.57	(45.63157894736842, '0_pca_kurtosis_first_pc')
86.82/36.57	(45.78947368421053, '1_landmark_decision_node_learner')
86.82/36.57	(47.29824561403509, '0_pca_95%')
86.82/36.57	(47.64912280701754, '0_symbols_sum')
86.82/36.57	(48.771929824561404, '0_number_of_instances')
86.82/36.57	(49.43859649122807, '1_number_of_categorical_features')
86.82/36.57	(49.68421052631579, '1_pca_95%')
86.82/36.57	(49.70175438596491, '1_number_of_instances')
86.82/36.57	(50.43859649122807, '0_skewness_mean')
86.82/36.57	(50.526315789473685, '1_ratio_numerical_to_categorical')
86.82/36.57	(51.21052631578947, '1_symbols_mean')
86.82/36.57	(51.578947368421055, '0_ratio_numerical_to_categorical')
86.82/36.57	(52.26315789473684, '1_skewness_mean')
86.82/36.57	(52.6140350877193, '0_inverse_dataset_ratio')
86.82/36.57	(53.80701754385965, '1_log_dataset_ratio')
86.82/36.57	(53.824561403508774, '0_dataset_ratio')
86.82/36.57	(54.05263157894737, '0_number_of_categorical_features')
86.82/36.57	(55.24561403508772, '1_inverse_dataset_ratio')
86.82/36.57	(55.526315789473685, '0_log_dataset_ratio')
86.82/36.57	(56.96491228070175, '1_log_inverse_dataset_ratio')
86.82/36.57	(57.21052631578947, '0_log_inverse_dataset_ratio')
86.82/36.57	(57.80701754385965, '0_symbols_mean')
86.82/36.57	(57.91228070175438, '0_kurtosis_mean')
86.82/36.57	(58.333333333333336, '1_dataset_ratio')
86.82/36.57	(61.03508771929825, '1_symbols_min')
86.82/36.57	(62.14035087719298, '0_symbols_min')
86.82/36.57	(64.91228070175438, '1_kurtosis_mean')
86.82/36.57	(66.73684210526316, '0_class_probability_mean')
86.82/36.57	(68.9298245614035, '1_symbols_max')
86.82/36.57	(72.01754385964912, '0_number_of_classes')
86.82/36.57	(72.10526315789474, '0_percentage_of_features_with_missing_values')
86.82/36.57	(72.15789473684211, '0_symbols_std')
86.82/36.57	(72.66666666666667, '1_class_probability_mean')
86.82/36.57	(73.43859649122807, '0_ratio_categorical_to_numerical')
86.82/36.57	(73.73684210526316, '0_symbols_max')
86.82/36.57	(73.73684210526316, '1_number_of_classes')
86.82/36.57	(75.0, '1_ratio_categorical_to_numerical')
86.82/36.57	(75.0701754385965, '1_symbols_std')
86.82/36.57	(75.43859649122807, '1_percentage_of_features_with_missing_values')
86.82/36.57	(78.63157894736842, '1_percentage_of_missing_values')
86.82/36.57	(79.08771929824562, '1_percentage_of_Instances_with_missing_values')
86.82/36.57	(79.47368421052632, '0_percentage_of_missing_values')
86.82/36.57	(80.9298245614035, '0_number_of_Instances_with_missing_values')
86.82/36.57	(82.21052631578948, '0_percentage_of_Instances_with_missing_values')
86.82/36.57	(82.6140350877193, '1_number_of_Instances_with_missing_values')
86.82/36.57	(83.29824561403508, '0_number_of_features_with_missing_values')
86.82/36.57	(83.64912280701755, '0_number_of_missing_values')
86.82/36.57	(84.33333333333333, '1_number_of_missing_values')
86.82/36.57	(84.91228070175438, '1_number_of_features_with_missing_values')
86.82/36.57	Result for ParamILS: SAT, 35.330280, 1, 0.323026, -1, /home/feurerm/thesis/Software/pyMetaLearn/optimizers/metalearn_optimizer/learn_distances.py
