0.77/3.12	['/home/feurerm/thesis/Software/pyMetaLearn/optimizers/metalearn_optimizer/learn_distances.py', '--input_file', '/home/feurerm/thesis/experiments/2014_04_25_predict_distances/testfold_0-3_spearman_rank_perm.pkl', '--fold', '0', '--folds', '1', '--params', '-max_features', '0.702921360898', '-min_samples_leaf', '1', '-min_samples_split', '9', '-n_estimators', '24', '-n_jobs', '4', '-seed', '12']
0.77/3.13	Metafeatures (57, 46)
0.77/3.13	X (3192, 92)
0.77/3.13	Y (3192,)
0.77/3.13	Dataset Mae MSE Rho
3.76/4.22	vehicle 0.484543702669 0.301654839237 -0.176472394846
6.93/5.25	anneal.ORIG 0.721456736032 0.590617738269 -0.15093884321
10.08/6.28	segment 0.297320434376 0.115891133115 0.673568627945
13.22/12.39	pendigits 0.404621526406 0.199657186171 0.251780211693
16.35/13.81	mushroom 0.220019491742 0.0611484563302 0.568202326261
19.52/15.53	labor 0.219865956817 0.0747902700114 0.477057243209
22.65/16.55	abalone 0.387509825681 0.189237682746 0.333229009314
25.72/17.68	diabetes 0.499562750254 0.351566429038 -0.333229009314
28.86/22.72	car 0.650111491013 0.539622770305 -0.0791863310204
31.91/23.81	autos 0.179871866342 0.0440282247407 0.59696797304
35.04/24.85	mfeat-fourier 0.679159475259 0.59667023699 -0.500651537758
38.08/27.50	primary-tumor 0.189228315314 0.0436723460234 0.628965714962
41.20/28.53	waveform-5000 0.227985850793 0.0765514402007 0.625410410304
44.38/29.57	credit-a 0.452928118884 0.28026095537 0.154817357383
47.52/30.60	letter 0.297188964219 0.11550121646 0.506469309016
50.68/31.97	postoperative-patient-data 0.449931563757 0.246020981181 -0.323855933398
53.79/33.02	vowel 0.475582903356 0.276942488426 0.134131948463
56.84/34.04	eucalyptus 0.276215528486 0.103120943194 0.528124346479
59.97/35.21	cylinder-bands 0.255527189148 0.0808028383247 0.617006962931
63.08/36.24	ionosphere 0.424834697885 0.214360943632 -0.0488046366697
66.23/37.28	mfeat-karhunen 0.267029140686 0.100660878324 0.526831508422
69.39/38.63	balance-scale 0.258118745182 0.0909995863183 0.297029543705
72.51/39.96	mfeat-morphological 0.524097170853 0.37116573948 -0.263738963725
75.63/40.99	liver-disorders 0.155741970664 0.0360770683075 0.612158820215
78.88/42.22	dermatology 0.231650526412 0.0679405356385 0.440211358571
82.04/43.73	vote 0.0746899720001 0.00947172525908 0.7737635774
85.16/44.87	breast-cancer 0.12286569539 0.0224530138814 0.478996500295
88.29/45.93	credit-g 0.536524241136 0.387341478154 -0.383003274527
91.44/50.75	soybean 0.108303734079 0.0177234721321 0.784429491374
94.50/52.59	arrhythmia 0.31513420631 0.125863224599 -0.249194535579
97.62/53.64	nursery 0.214362478404 0.0585340957669 0.68132565629
100.70/54.91	hepatitis 0.357978583052 0.188715303242 -0.155463776412
103.79/56.04	cmc 0.1737390816 0.040548600347 0.628965714962
106.93/57.10	heart-c 0.218929368344 0.0623715227821 0.792186519719
110.10/58.13	glass 0.271114710212 0.0910369707491 0.658700990284
113.32/59.42	braziltourism 0.687354275439 0.569283367698 -0.480935757381
116.44/60.46	iris 0.276609290625 0.0987632747198 0.337107523487
119.61/61.99	heart-statlog 0.298619110384 0.118300720288 0.580161078292
122.81/63.18	page-blocks 0.606173153416 0.492221509259 -0.444413082257
125.94/64.22	breast-w 0.240722139915 0.076581308667 0.419202740137
129.08/65.26	heart-h 0.144390565994 0.0294214648725 0.71461623627
132.27/66.50	yeast 0.348540940754 0.157682467867 0.445382710801
135.35/67.56	tae 0.393296398244 0.198177713355 -0.0969628543107
138.45/68.59	haberman 0.314632470534 0.128991329862 -0.131546272348
141.59/69.81	mfeat-pixel 0.410045778965 0.20770481399 0.081448797621
144.75/70.86	optdigits 0.196892938739 0.0511957223643 0.744351511592
147.92/73.33	mfeat-factors 0.284112037806 0.105275641178 0.58145391635
151.06/76.65	satimage 0.367314716648 0.166805927572 0.0652883219025
154.12/77.68	lymph 0.289637866537 0.12165507133 0.279899439444
157.17/78.71	audiology 0.279689519127 0.09422719441 0.456695043803
160.29/84.53	ecoli 0.42803215668 0.23256681358 0.0685204170462
163.44/85.55	tic-tac-toe 0.177037125147 0.0459257882461 0.699748598609
166.60/87.81	spambase 0.387149188817 0.194334524547 0.598584020611
169.71/91.47	zoo 0.200412424675 0.0530995659248 0.548809755399
172.88/92.73	sonar 0.598261098598 0.44957703429 -0.365873170266
176.08/93.76	mfeat-zernike 0.208571244317 0.0670075980175 0.646419028738
179.24/95.70	kr-vs-kp 0.223993919328 0.0606501037893 0.594705506439
179.24/95.78	MAE 0.333074287253 0.154737601416
179.24/95.78	MSE 0.173552127905 0.173552127905
179.24/95.78	Mean tau 0.288569392908 0.39076258518
179.24/95.78	(0.5263157894736842, '0_class_probability_max')
179.24/95.78	(0.6491228070175439, '1_class_probability_max')
179.24/95.78	(2.3508771929824563, '1_skewness_min')
179.24/95.78	(2.6666666666666665, '0_skewness_min')
179.24/95.78	(7.7894736842105265, '0_class_entropy')
179.24/95.78	(9.964912280701755, '0_landmark_decision_tree')
179.24/95.78	(10.24561403508772, '0_landmark_naive_bayes')
179.24/95.78	(10.333333333333334, '1_landmark_naive_bayes')
179.24/95.78	(12.68421052631579, '1_class_entropy')
179.24/95.78	(13.719298245614034, '1_class_probability_std')
179.24/95.78	(15.210526315789474, '1_landmark_decision_tree')
179.24/95.78	(16.526315789473685, '0_class_probability_std')
179.24/95.78	(16.70175438596491, '0_pca_skewness_first_pc')
179.24/95.78	(17.087719298245613, '1_pca_skewness_first_pc')
179.24/95.78	(18.350877192982455, '1_landmark_lda')
179.24/95.78	(19.82456140350877, '1_landmark_random_node_learner')
179.24/95.78	(21.36842105263158, '0_landmark_lda')
179.24/95.78	(22.771929824561404, '0_kurtosis_min')
179.24/95.78	(23.859649122807017, '0_landmark_1NN')
179.24/95.78	(25.50877192982456, '1_kurtosis_min')
179.24/95.78	(26.17543859649123, '1_landmark_1NN')
179.24/95.78	(26.50877192982456, '0_landmark_random_node_learner')
179.24/95.78	(27.29824561403509, '1_skewness_max')
179.24/95.78	(27.350877192982455, '1_skewness_std')
179.24/95.78	(27.859649122807017, '0_skewness_max')
179.24/95.78	(32.36842105263158, '1_log_number_of_features')
179.24/95.78	(33.12280701754386, '1_class_probability_min')
179.24/95.78	(33.280701754385966, '0_class_probability_min')
179.24/95.78	(33.3859649122807, '0_skewness_std')
179.24/95.78	(33.68421052631579, '0_log_number_of_features')
179.24/95.78	(33.70175438596491, '1_number_of_features')
179.24/95.78	(33.80701754385965, '1_number_of_numeric_features')
179.24/95.78	(34.59649122807018, '0_number_of_features')
179.24/95.78	(35.63157894736842, '0_kurtosis_std')
179.24/95.78	(36.05263157894737, '1_kurtosis_max')
179.24/95.78	(36.21052631578947, '0_number_of_numeric_features')
179.24/95.78	(37.85964912280702, '0_kurtosis_max')
179.24/95.78	(38.94736842105263, '0_number_of_instances')
179.24/95.78	(38.96491228070175, '1_number_of_instances')
179.24/95.78	(39.68421052631579, '1_log_number_of_instances')
179.24/95.78	(40.666666666666664, '0_log_number_of_instances')
179.24/95.78	(41.92982456140351, '1_skewness_mean')
179.24/95.78	(42.31578947368421, '0_landmark_decision_node_learner')
179.24/95.78	(42.78947368421053, '1_landmark_decision_node_learner')
179.24/95.78	(42.824561403508774, '0_skewness_mean')
179.24/95.78	(43.49122807017544, '0_symbols_mean')
179.24/95.78	(44.10526315789474, '0_symbols_sum')
179.24/95.78	(44.19298245614035, '1_kurtosis_std')
179.24/95.78	(44.421052631578945, '1_symbols_mean')
179.24/95.78	(44.6140350877193, '1_pca_kurtosis_first_pc')
179.24/95.78	(46.6140350877193, '0_pca_kurtosis_first_pc')
179.24/95.78	(47.80701754385965, '1_symbols_sum')
179.24/95.78	(47.98245614035088, '1_pca_95%')
179.24/95.78	(50.56140350877193, '0_pca_95%')
179.24/95.78	(50.92982456140351, '1_symbols_min')
179.24/95.78	(52.08771929824562, '0_number_of_categorical_features')
179.24/95.78	(52.73684210526316, '1_inverse_dataset_ratio')
179.24/95.78	(52.89473684210526, '0_log_inverse_dataset_ratio')
179.24/95.78	(53.01754385964912, '1_dataset_ratio')
179.24/95.78	(53.10526315789474, '1_log_inverse_dataset_ratio')
179.24/95.78	(54.49122807017544, '0_log_dataset_ratio')
179.24/95.78	(55.12280701754386, '1_log_dataset_ratio')
179.24/95.78	(55.175438596491226, '0_inverse_dataset_ratio')
179.24/95.78	(55.36842105263158, '0_dataset_ratio')
179.24/95.78	(56.824561403508774, '0_symbols_min')
179.24/95.78	(56.91228070175438, '0_ratio_numerical_to_categorical')
179.24/95.78	(58.14035087719298, '1_number_of_categorical_features')
179.24/95.78	(58.8421052631579, '1_ratio_numerical_to_categorical')
179.24/95.78	(62.49122807017544, '0_kurtosis_mean')
179.24/95.78	(63.80701754385965, '1_kurtosis_mean')
179.24/95.78	(71.6140350877193, '0_number_of_classes')
179.24/95.78	(71.82456140350877, '1_ratio_categorical_to_numerical')
179.24/95.78	(72.0, '0_ratio_categorical_to_numerical')
179.24/95.78	(73.73684210526316, '0_symbols_max')
179.24/95.78	(74.36842105263158, '1_number_of_classes')
179.24/95.78	(74.85964912280701, '0_class_probability_mean')
179.24/95.78	(74.87719298245614, '1_class_probability_mean')
179.24/95.78	(75.78947368421052, '1_symbols_max')
179.24/95.78	(77.0, '0_symbols_std')
179.24/95.78	(77.94736842105263, '1_symbols_std')
179.24/95.78	(79.33333333333333, '0_percentage_of_missing_values')
179.24/95.78	(80.35087719298245, '0_percentage_of_Instances_with_missing_values')
179.24/95.78	(80.66666666666667, '1_percentage_of_features_with_missing_values')
179.24/95.78	(80.71929824561404, '0_percentage_of_features_with_missing_values')
179.24/95.78	(81.03508771929825, '0_number_of_Instances_with_missing_values')
179.24/95.78	(82.10526315789474, '1_percentage_of_Instances_with_missing_values')
179.24/95.78	(82.9298245614035, '1_percentage_of_missing_values')
179.24/95.78	(82.98245614035088, '1_number_of_Instances_with_missing_values')
179.24/95.78	(83.40350877192982, '0_number_of_missing_values')
179.24/95.78	(84.66666666666667, '1_number_of_missing_values')
179.24/95.78	(86.05263157894737, '1_number_of_features_with_missing_values')
179.24/95.78	(86.84210526315789, '0_number_of_features_with_missing_values')
179.24/95.78	Result for ParamILS: SAT, 92.661567, 1, 0.333074, -1, /home/feurerm/thesis/Software/pyMetaLearn/optimizers/metalearn_optimizer/learn_distances.py
