0.73/1.00	['/home/feurerm/thesis/Software/pyMetaLearn/optimizers/metalearn_optimizer/learn_distances.py', '--input_file', '/home/feurerm/thesis/experiments/2014_04_25_predict_distances/testfold_0-3_spearman_rank_perm.pkl', '--fold', '0', '--folds', '1', '--params', '-max_features', '0.437238684908', '-min_samples_leaf', '1', '-min_samples_split', '10', '-n_estimators', '77', '-n_jobs', '4', '-seed', '98']
0.73/1.01	Metafeatures (57, 46)
0.73/1.01	X (3192, 92)
0.73/1.01	Y (3192,)
0.73/1.01	Dataset Mae MSE Rho
6.71/2.77	vehicle 0.432965407368 0.236449675512 -0.00290888562932
13.10/4.78	anneal.ORIG 0.628001338554 0.444022329159 -0.0187461518334
19.52/6.79	segment 0.271108424795 0.0933269643082 0.766976177598
26.03/8.78	pendigits 0.39703375385 0.186413556892 0.278606601386
32.46/10.80	mushroom 0.193577303256 0.0460106902989 0.636076324278
38.95/12.81	labor 0.181187652002 0.0475936119286 0.692961198807
45.36/14.81	abalone 0.395180662921 0.197734219187 0.287656467788
51.67/16.83	diabetes 0.493184261472 0.342407860098 -0.119910729831
58.02/18.83	car 0.501331581654 0.351845315019 0.0759542358767
64.44/20.85	autos 0.205093127326 0.0539542268022 0.613128448758
70.91/22.85	mfeat-fourier 0.685600019422 0.60892806031 -0.52521546085
77.27/24.85	primary-tumor 0.1696350124 0.036718546006 0.703950322296
83.68/26.84	waveform-5000 0.234212777596 0.0770161601289 0.632197810106
90.12/28.83	credit-a 0.405557218739 0.232906429957 0.296383124676
96.60/30.84	letter 0.285354920633 0.106405159745 0.570141583347
103.39/32.97	postoperative-patient-data 0.458660209404 0.255248598927 -0.52747792745
109.75/34.96	vowel 0.498004899475 0.30790734354 0.0313513228938
116.09/36.98	eucalyptus 0.277369985176 0.101315329904 0.54816333637
122.60/39.00	cylinder-bands 0.250673870867 0.0738447454556 0.645449400195
129.06/41.03	ionosphere 0.42799384543 0.211227135474 -0.0497742652128
135.56/43.04	mfeat-karhunen 0.264612322805 0.0920324958199 0.613774867787
142.06/45.03	balance-scale 0.192489010308 0.0545456813111 0.671306161345
148.35/47.02	mfeat-morphological 0.511615710232 0.349982352875 -0.276990553814
154.68/49.02	liver-disorders 0.17006518407 0.0454656181606 0.594382296925
161.08/51.00	dermatology 0.227816273283 0.0654016975684 0.444413082257
167.46/53.01	vote 0.0736772102535 0.0089490147039 0.76859222517
173.91/55.03	breast-cancer 0.134781079694 0.02650990923 0.48384464301
180.50/57.15	credit-g 0.547823963559 0.405242711485 -0.487723157183
187.06/59.18	soybean 0.110282255153 0.0163814744624 0.817720071354
193.65/61.20	arrhythmia 0.297202877886 0.114189680585 -0.159665500098
199.99/63.19	nursery 0.215771099586 0.0594139216431 0.720110798014
206.34/65.20	hepatitis 0.336896462092 0.162801799017 0.0749846073336
212.74/67.21	cmc 0.163820513638 0.0342589200927 0.729483873931
219.16/69.21	heart-c 0.249773670706 0.0823892303277 0.762774453911
225.57/71.22	glass 0.332456264761 0.132102831576 0.491601671355
232.07/73.23	braziltourism 0.636641479323 0.499594300942 -0.543961612683
238.44/75.24	iris 0.313274801088 0.129802852942 0.157726243012
244.79/77.26	heart-statlog 0.363974207663 0.178756954895 0.34841985649
251.37/79.26	page-blocks 0.57432985347 0.440349050953 -0.526185089393
257.89/81.26	breast-w 0.211095891427 0.0616212344951 0.538790260453
264.30/83.38	heart-h 0.144990136907 0.0278220126343 0.730776711988
270.81/85.39	yeast 0.33894741095 0.140341391868 0.605694629928
277.28/87.39	tae 0.356931000624 0.162984348735 -0.0685204170462
283.87/89.41	haberman 0.296907456462 0.122295331605 0.0116355425173
290.38/91.42	mfeat-pixel 0.406824845369 0.2001878616 0.107951977799
296.92/93.43	optdigits 0.211151620546 0.0566898271422 0.769561853713
303.39/95.43	mfeat-factors 0.282338899088 0.102286274492 0.611189191672
309.84/97.43	satimage 0.371524945219 0.168612795493 0.101487787512
316.23/99.43	lymph 0.280807648884 0.114820771501 0.341955666202
322.58/101.45	audiology 0.275448454078 0.0933000140581 0.528124346479
329.05/103.46	ecoli 0.432319378952 0.241080013496 0.0374923036668
335.55/105.46	tic-tac-toe 0.178866821375 0.0487683464254 0.760188777796
342.09/107.47	spambase 0.423100262517 0.222238858934 0.711707350641
348.52/109.49	zoo 0.173000753733 0.0395057580116 0.691991570264
355.09/111.50	sonar 0.55641569028 0.387741304235 -0.329027285628
361.45/113.51	mfeat-zernike 0.22563410433 0.0735391982081 0.613128448758
368.07/115.51	kr-vs-kp 0.206839053552 0.0541284120074 0.620562267589
368.26/115.75	MAE 0.324248682214 0.143472905235
368.26/115.75	MSE 0.161884389687 0.161884389687
368.26/115.75	Mean tau 0.326390576432 0.405327058121
368.26/115.75	(0.47368421052631576, '1_class_probability_max')
368.26/115.75	(0.5964912280701754, '0_class_probability_max')
368.26/115.75	(2.4210526315789473, '1_skewness_min')
368.26/115.75	(2.6666666666666665, '0_skewness_min')
368.26/115.75	(5.842105263157895, '1_class_entropy')
368.26/115.75	(6.7894736842105265, '0_class_entropy')
368.26/115.75	(7.701754385964913, '0_class_probability_std')
368.26/115.75	(7.947368421052632, '0_landmark_decision_tree')
368.26/115.75	(8.543859649122806, '1_class_probability_std')
368.26/115.75	(9.280701754385966, '1_landmark_random_node_learner')
368.26/115.75	(10.263157894736842, '0_landmark_naive_bayes')
368.26/115.75	(10.473684210526315, '1_landmark_decision_tree')
368.26/115.75	(11.017543859649123, '1_landmark_naive_bayes')
368.26/115.75	(11.578947368421053, '0_landmark_random_node_learner')
368.26/115.75	(19.56140350877193, '0_pca_skewness_first_pc')
368.26/115.75	(19.736842105263158, '1_pca_skewness_first_pc')
368.26/115.75	(21.017543859649123, '1_skewness_std')
368.26/115.75	(22.94736842105263, '0_kurtosis_std')
368.26/115.75	(22.94736842105263, '1_landmark_1NN')
368.26/115.75	(23.31578947368421, '0_skewness_max')
368.26/115.75	(23.50877192982456, '1_skewness_max')
368.26/115.75	(24.228070175438596, '0_landmark_lda')
368.26/115.75	(24.263157894736842, '0_landmark_1NN')
368.26/115.75	(24.42105263157895, '0_log_number_of_features')
368.26/115.75	(24.56140350877193, '1_landmark_lda')
368.26/115.75	(24.666666666666668, '1_number_of_features')
368.26/115.75	(25.17543859649123, '1_log_number_of_features')
368.26/115.75	(25.719298245614034, '1_kurtosis_min')
368.26/115.75	(26.19298245614035, '0_kurtosis_min')
368.26/115.75	(27.473684210526315, '0_number_of_features')
368.26/115.75	(27.719298245614034, '1_kurtosis_std')
368.26/115.75	(28.50877192982456, '0_skewness_std')
368.26/115.75	(33.96491228070175, '0_symbols_sum')
368.26/115.75	(34.1578947368421, '1_number_of_numeric_features')
368.26/115.75	(34.824561403508774, '0_number_of_numeric_features')
368.26/115.75	(40.12280701754386, '0_class_probability_min')
368.26/115.75	(40.50877192982456, '0_kurtosis_max')
368.26/115.75	(40.8421052631579, '1_kurtosis_max')
368.26/115.75	(41.24561403508772, '1_class_probability_min')
368.26/115.75	(42.21052631578947, '1_number_of_categorical_features')
368.26/115.75	(42.56140350877193, '0_number_of_categorical_features')
368.26/115.75	(42.68421052631579, '0_landmark_decision_node_learner')
368.26/115.75	(43.35087719298246, '1_symbols_sum')
368.26/115.75	(45.85964912280702, '1_landmark_decision_node_learner')
368.26/115.75	(46.333333333333336, '0_pca_kurtosis_first_pc')
368.26/115.75	(46.43859649122807, '1_number_of_instances')
368.26/115.75	(46.87719298245614, '1_log_number_of_instances')
368.26/115.75	(47.07017543859649, '0_number_of_instances')
368.26/115.75	(47.228070175438596, '0_log_number_of_instances')
368.26/115.75	(48.10526315789474, '0_skewness_mean')
368.26/115.75	(49.10526315789474, '1_pca_kurtosis_first_pc')
368.26/115.75	(50.73684210526316, '1_pca_95%')
368.26/115.75	(50.8421052631579, '1_skewness_mean')
368.26/115.75	(52.75438596491228, '0_pca_95%')
368.26/115.75	(53.80701754385965, '0_symbols_mean')
368.26/115.75	(54.21052631578947, '1_symbols_mean')
368.26/115.75	(55.49122807017544, '1_log_inverse_dataset_ratio')
368.26/115.75	(56.10526315789474, '0_log_inverse_dataset_ratio')
368.26/115.75	(56.19298245614035, '1_dataset_ratio')
368.26/115.75	(57.05263157894737, '0_inverse_dataset_ratio')
368.26/115.75	(57.87719298245614, '1_inverse_dataset_ratio')
368.26/115.75	(57.91228070175438, '0_ratio_numerical_to_categorical')
368.26/115.75	(58.85964912280702, '1_log_dataset_ratio')
368.26/115.75	(59.19298245614035, '1_ratio_numerical_to_categorical')
368.26/115.75	(59.3859649122807, '0_log_dataset_ratio')
368.26/115.75	(60.75438596491228, '0_dataset_ratio')
368.26/115.75	(61.03508771929825, '0_symbols_min')
368.26/115.75	(61.56140350877193, '1_symbols_min')
368.26/115.75	(63.89473684210526, '0_kurtosis_mean')
368.26/115.75	(64.43859649122807, '1_kurtosis_mean')
368.26/115.75	(73.08771929824562, '0_percentage_of_features_with_missing_values')
368.26/115.75	(73.71929824561404, '0_ratio_categorical_to_numerical')
368.26/115.75	(74.17543859649123, '1_symbols_max')
368.26/115.75	(74.54385964912281, '1_ratio_categorical_to_numerical')
368.26/115.75	(74.57894736842105, '0_number_of_classes')
368.26/115.75	(74.84210526315789, '0_symbols_max')
368.26/115.75	(75.12280701754386, '1_percentage_of_features_with_missing_values')
368.26/115.75	(76.6842105263158, '0_percentage_of_missing_values')
368.26/115.75	(76.85964912280701, '1_number_of_classes')
368.26/115.75	(76.87719298245614, '0_symbols_std')
368.26/115.75	(77.10526315789474, '1_class_probability_mean')
368.26/115.75	(77.52631578947368, '0_class_probability_mean')
368.26/115.75	(78.94736842105263, '1_symbols_std')
368.26/115.75	(80.70175438596492, '1_percentage_of_missing_values')
368.26/115.75	(83.75438596491227, '1_percentage_of_Instances_with_missing_values')
368.26/115.75	(84.73684210526316, '0_number_of_Instances_with_missing_values')
368.26/115.75	(84.9298245614035, '1_number_of_Instances_with_missing_values')
368.26/115.75	(85.10526315789474, '1_number_of_missing_values')
368.26/115.75	(85.35087719298245, '0_number_of_missing_values')
368.26/115.75	(85.50877192982456, '0_percentage_of_Instances_with_missing_values')
368.26/115.75	(86.66666666666667, '0_number_of_features_with_missing_values')
368.26/115.75	(88.01754385964912, '1_number_of_features_with_missing_values')
368.26/115.75	Result for ParamILS: SAT, 114.743953, 1, 0.324249, -1, /home/feurerm/thesis/Software/pyMetaLearn/optimizers/metalearn_optimizer/learn_distances.py
