0.74/1.16	['/home/feurerm/thesis/Software/pyMetaLearn/optimizers/metalearn_optimizer/learn_distances.py', '--input_file', '/home/feurerm/thesis/experiments/2014_04_25_predict_distances/testfold_0-3_spearman_rank_perm.pkl', '--fold', '0', '--folds', '1', '--params', '-max_features', '0.357663517325', '-min_samples_leaf', '1', '-min_samples_split', '2', '-n_estimators', '64', '-n_jobs', '4', '-seed', '5']
0.74/1.17	Metafeatures (57, 46)
0.74/1.17	X (3192, 92)
0.74/1.17	Y (3192,)
0.74/1.17	Dataset Mae MSE Rho
6.41/2.94	vehicle 0.404479970126 0.207708519949 0.122173196432
12.66/5.75	anneal.ORIG 0.564332666412 0.366122096366 0.131223062834
18.98/7.92	segment 0.259451588405 0.0879855944476 0.751785330422
25.22/10.09	pendigits 0.398966005678 0.192718507883 0.272788830127
31.53/12.31	mushroom 0.180137977797 0.0413400512275 0.669366904258
37.78/14.47	labor 0.192532444951 0.0514254528858 0.684880960948
44.06/16.72	abalone 0.378010494109 0.181634968357 0.347127018432
50.27/18.88	diabetes 0.500892789756 0.34759048282 -0.112153701486
56.51/21.03	car 0.472282624602 0.328566356497 0.139626510207
62.85/23.24	autos 0.230645875301 0.0692580891005 0.482875014467
69.18/25.48	mfeat-fourier 0.703394804694 0.636351806411 -0.542022355597
75.47/27.68	primary-tumor 0.167429012817 0.0351038982304 0.706535998411
81.73/29.86	waveform-5000 0.254073555828 0.087417552186 0.580484287807
87.98/32.01	credit-a 0.391679851869 0.213120694337 0.318038162139
94.26/34.21	letter 0.281909136695 0.104363681423 0.57111121189
100.59/36.46	postoperative-patient-data 0.467771001639 0.266317142181 -0.488369576212
106.75/38.67	vowel 0.514469999519 0.33677208092 -0.00484814271554
112.92/44.75	eucalyptus 0.283424279567 0.106691041553 0.53264927968
119.16/46.91	cylinder-bands 0.243811563428 0.0688925742439 0.664841971057
125.61/49.17	ionosphere 0.458254823519 0.243729318248 -0.157403033498
131.88/51.34	mfeat-karhunen 0.262842981382 0.0964441924718 0.548486545884
138.13/53.49	balance-scale 0.195689460916 0.0590294014866 0.660963456885
144.35/55.66	mfeat-morphological 0.514712766765 0.349158615917 -0.259860449553
150.63/57.83	liver-disorders 0.215669755051 0.0678000657122 0.547516917341
156.93/60.17	dermatology 0.223265512669 0.062673175506 0.46089676749
163.26/62.41	vote 0.0766417111448 0.00958610436864 0.7737635774
169.52/64.56	breast-cancer 0.187097934508 0.0520265195966 0.219136050742
175.90/66.81	credit-g 0.554431958052 0.419027307877 -0.441504196628
182.17/68.94	soybean 0.10299998348 0.0144245645438 0.851010651334
188.36/71.09	arrhythmia 0.329953291146 0.13684318774 -0.187461518334
194.65/75.64	nursery 0.184303965147 0.0432000378054 0.763744082454
200.92/77.88	hepatitis 0.379340870127 0.20396342667 -0.00258567611495
207.15/80.03	cmc 0.169544127545 0.0370317274034 0.706535998411
213.36/82.27	heart-c 0.224923370853 0.0673277059468 0.787338377003
219.53/84.39	glass 0.318258764347 0.119024026935 0.554627526657
225.71/86.55	braziltourism 0.590554413185 0.440946403471 -0.472855519522
231.94/88.69	iris 0.282545577137 0.108040737037 0.277313763329
238.28/90.94	heart-statlog 0.359066929209 0.173820361146 0.413384968878
244.61/93.07	page-blocks 0.521548958299 0.372164419063 -0.234650107432
250.91/95.19	breast-w 0.225763270178 0.0679625139422 0.708798465011
257.24/97.46	heart-h 0.125925682155 0.0230047561524 0.749846073336
263.55/99.79	yeast 0.319863459724 0.125986701588 0.615067705844
269.99/102.07	tae 0.360826901592 0.166126020312 -0.0536527793853
276.46/104.34	haberman 0.285038813649 0.110692757129 0.0200389898909
282.88/106.57	mfeat-pixel 0.387244038841 0.182764735561 0.164513642814
289.10/108.73	optdigits 0.177640950066 0.039732978074 0.796065033891
295.44/110.95	mfeat-factors 0.273811322454 0.101800321245 0.571434421404
301.78/113.28	satimage 0.389055775167 0.182152574711 0.0559152459858
307.97/115.43	lymph 0.279518141419 0.110243715021 0.437302472941
314.27/117.71	audiology 0.27242977823 0.0913364869166 0.530063603565
320.54/120.23	ecoli 0.427766808208 0.239274217411 0.0614098077301
326.81/122.47	tic-tac-toe 0.155077325567 0.0367946049023 0.809963043009
333.13/124.65	spambase 0.395589511815 0.192785508871 0.731099921503
339.43/126.89	zoo 0.181992112429 0.0426736389287 0.627672876905
345.76/129.11	sonar 0.564743296279 0.395908173098 -0.322886304855
352.14/131.40	mfeat-zernike 0.196489930829 0.0576026786656 0.664518761543
358.44/133.62	kr-vs-kp 0.184661530028 0.0421297247647 0.692637989293
358.92/134.02	MAE 0.320083885023 0.139878831348
358.92/134.02	MSE 0.158151122759 0.158151122759
358.92/134.02	Mean tau 0.342040721338 0.393590110132
358.92/134.02	(0.017543859649122806, '0_class_probability_max')
358.92/134.02	(1.0175438596491229, '1_class_probability_max')
358.92/134.02	(2.807017543859649, '0_skewness_min')
358.92/134.02	(3.6315789473684212, '1_skewness_min')
358.92/134.02	(4.964912280701754, '1_landmark_decision_tree')
358.92/134.02	(5.228070175438597, '1_landmark_random_node_learner')
358.92/134.02	(7.12280701754386, '1_class_probability_std')
358.92/134.02	(8.508771929824562, '0_class_entropy')
358.92/134.02	(8.929824561403509, '0_class_probability_std')
358.92/134.02	(9.666666666666666, '0_landmark_naive_bayes')
358.92/134.02	(9.68421052631579, '1_class_entropy')
358.92/134.02	(11.350877192982455, '0_landmark_random_node_learner')
358.92/134.02	(11.701754385964913, '0_landmark_decision_tree')
358.92/134.02	(11.719298245614034, '1_landmark_naive_bayes')
358.92/134.02	(19.210526315789473, '1_pca_skewness_first_pc')
358.92/134.02	(21.80701754385965, '1_landmark_lda')
358.92/134.02	(22.157894736842106, '0_skewness_max')
358.92/134.02	(22.29824561403509, '1_landmark_1NN')
358.92/134.02	(22.45614035087719, '0_skewness_std')
358.92/134.02	(22.859649122807017, '0_pca_skewness_first_pc')
358.92/134.02	(22.912280701754387, '1_kurtosis_std')
358.92/134.02	(23.29824561403509, '0_landmark_1NN')
358.92/134.02	(24.43859649122807, '0_number_of_features')
358.92/134.02	(24.56140350877193, '0_log_number_of_features')
358.92/134.02	(24.894736842105264, '1_number_of_features')
358.92/134.02	(25.859649122807017, '0_kurtosis_min')
358.92/134.02	(27.50877192982456, '1_log_number_of_features')
358.92/134.02	(27.56140350877193, '1_kurtosis_min')
358.92/134.02	(28.350877192982455, '1_skewness_std')
358.92/134.02	(28.82456140350877, '1_skewness_max')
358.92/134.02	(29.140350877192983, '0_landmark_lda')
358.92/134.02	(31.140350877192983, '0_kurtosis_std')
358.92/134.02	(32.280701754385966, '0_symbols_sum')
358.92/134.02	(33.59649122807018, '1_symbols_sum')
358.92/134.02	(33.719298245614034, '0_number_of_numeric_features')
358.92/134.02	(35.07017543859649, '1_number_of_categorical_features')
358.92/134.02	(36.12280701754386, '1_number_of_numeric_features')
358.92/134.02	(39.771929824561404, '0_number_of_categorical_features')
358.92/134.02	(40.43859649122807, '0_symbols_mean')
358.92/134.02	(40.719298245614034, '1_kurtosis_max')
358.92/134.02	(42.26315789473684, '1_landmark_decision_node_learner')
358.92/134.02	(42.36842105263158, '0_kurtosis_max')
358.92/134.02	(43.21052631578947, '1_class_probability_min')
358.92/134.02	(44.35087719298246, '0_class_probability_min')
358.92/134.02	(44.50877192982456, '0_landmark_decision_node_learner')
358.92/134.02	(46.94736842105263, '1_ratio_numerical_to_categorical')
358.92/134.02	(48.59649122807018, '1_pca_kurtosis_first_pc')
358.92/134.02	(48.91228070175438, '0_pca_kurtosis_first_pc')
358.92/134.02	(49.78947368421053, '0_log_number_of_instances')
358.92/134.02	(50.0, '1_number_of_instances')
358.92/134.02	(50.333333333333336, '0_pca_95%')
358.92/134.02	(50.45614035087719, '1_pca_95%')
358.92/134.02	(51.21052631578947, '0_number_of_instances')
358.92/134.02	(51.80701754385965, '1_symbols_mean')
358.92/134.02	(52.228070175438596, '1_log_number_of_instances')
358.92/134.02	(52.26315789473684, '1_skewness_mean')
358.92/134.02	(53.59649122807018, '0_skewness_mean')
358.92/134.02	(56.26315789473684, '0_ratio_numerical_to_categorical')
358.92/134.02	(57.87719298245614, '1_log_inverse_dataset_ratio')
358.92/134.02	(59.175438596491226, '0_dataset_ratio')
358.92/134.02	(59.45614035087719, '1_dataset_ratio')
358.92/134.02	(59.578947368421055, '0_inverse_dataset_ratio')
358.92/134.02	(59.85964912280702, '0_log_inverse_dataset_ratio')
358.92/134.02	(60.10526315789474, '0_log_dataset_ratio')
358.92/134.02	(60.1578947368421, '1_log_dataset_ratio')
358.92/134.02	(60.63157894736842, '0_symbols_min')
358.92/134.02	(61.43859649122807, '1_inverse_dataset_ratio')
358.92/134.02	(62.78947368421053, '1_kurtosis_mean')
358.92/134.02	(64.45614035087719, '0_kurtosis_mean')
358.92/134.02	(67.35087719298245, '1_symbols_min')
358.92/134.02	(70.66666666666667, '1_symbols_max')
358.92/134.02	(71.6140350877193, '0_symbols_max')
358.92/134.02	(73.80701754385964, '1_ratio_categorical_to_numerical')
358.92/134.02	(74.12280701754386, '0_ratio_categorical_to_numerical')
358.92/134.02	(74.2280701754386, '1_percentage_of_features_with_missing_values')
358.92/134.02	(74.35087719298245, '0_percentage_of_features_with_missing_values')
358.92/134.02	(76.14035087719299, '1_symbols_std')
358.92/134.02	(76.24561403508773, '1_number_of_classes')
358.92/134.02	(76.85964912280701, '1_class_probability_mean')
358.92/134.02	(77.3859649122807, '0_percentage_of_missing_values')
358.92/134.02	(77.56140350877193, '0_class_probability_mean')
358.92/134.02	(77.89473684210526, '0_number_of_classes')
358.92/134.02	(78.40350877192982, '1_percentage_of_missing_values')
358.92/134.02	(80.36842105263158, '0_symbols_std')
358.92/134.02	(82.73684210526316, '0_percentage_of_Instances_with_missing_values')
358.92/134.02	(83.56140350877193, '1_percentage_of_Instances_with_missing_values')
358.92/134.02	(84.0701754385965, '1_number_of_missing_values')
358.92/134.02	(84.2280701754386, '1_number_of_Instances_with_missing_values')
358.92/134.02	(85.08771929824562, '0_number_of_Instances_with_missing_values')
358.92/134.02	(85.12280701754386, '0_number_of_missing_values')
358.92/134.02	(86.08771929824562, '0_number_of_features_with_missing_values')
358.92/134.02	(86.12280701754386, '1_number_of_features_with_missing_values')
358.92/134.02	Result for ParamILS: SAT, 132.862326, 1, 0.320084, -1, /home/feurerm/thesis/Software/pyMetaLearn/optimizers/metalearn_optimizer/learn_distances.py
