0.80/3.81	['/home/feurerm/thesis/Software/pyMetaLearn/optimizers/metalearn_optimizer/learn_distances.py', '--input_file', '/home/feurerm/thesis/experiments/2014_04_25_predict_distances/testfold_0-3_spearman_rank_perm.pkl', '--fold', '0', '--folds', '1', '--params', '-max_features', '0.299036882225', '-min_samples_leaf', '2', '-min_samples_split', '4', '-n_estimators', '24', '-n_jobs', '4', '-seed', '33']
0.80/3.82	Metafeatures (57, 46)
0.80/3.82	X (3192, 92)
0.80/3.82	Y (3192,)
0.80/3.82	Dataset Mae MSE Rho
2.34/4.58	vehicle 0.41810962457 0.22112668168 0.0248871326064
4.03/5.47	anneal.ORIG 0.550628563049 0.35878995746 0.0413708178392
5.71/6.38	segment 0.266731642806 0.0976719755796 0.686173799005
7.40/7.05	pendigits 0.38731058903 0.183185579857 0.331289752228
9.10/7.73	mushroom 0.19186482203 0.0491011048593 0.609249934586
10.80/8.49	labor 0.25573876056 0.0857152801946 0.639631628936
12.48/9.13	abalone 0.417653774988 0.225104212269 0.130899853319
14.22/15.31	diabetes 0.499714306196 0.343483046268 -0.131869481863
15.83/16.08	car 0.511015307342 0.384059540381 -0.141565767294
17.50/16.72	autos 0.228868874593 0.0674904713472 0.54816333637
19.19/22.13	mfeat-fourier 0.690754660396 0.616331542312 -0.534911746281
20.93/22.78	primary-tumor 0.1966747999 0.0497694049462 0.597291182554
22.66/23.96	waveform-5000 0.265661101983 0.0951211676715 0.520690527649
24.38/24.78	credit-a 0.401741417379 0.223202828029 0.280222648958
26.10/25.46	letter 0.267516124833 0.0981524013014 0.58662526858
27.85/26.29	postoperative-patient-data 0.481608421855 0.283320969076 -0.29961521982
29.53/26.93	vowel 0.500061154116 0.320183595228 0.0471885890979
31.22/27.76	eucalyptus 0.307026686887 0.130809476451 0.416617064022
32.91/28.44	cylinder-bands 0.263166763635 0.0826842338482 0.592119830324
34.60/29.10	ionosphere 0.459514464167 0.24680124676 -0.14350502438
36.28/29.77	mfeat-karhunen 0.265859250576 0.0967969309295 0.481258966896
37.98/30.79	balance-scale 0.213287428375 0.063463538743 0.571434421404
39.64/31.43	mfeat-morphological 0.466267304747 0.289560859266 -0.126374920118
41.33/32.19	liver-disorders 0.21619500582 0.0675790169473 0.463159234091
43.02/32.83	dermatology 0.227466902202 0.0664717053285 0.469623424378
44.70/33.48	vote 0.0842665917966 0.0112862622121 0.737240902276
46.36/34.48	breast-cancer 0.170261533474 0.0437411567926 0.266971058869
48.09/35.23	credit-g 0.545922836319 0.404732685791 -0.45346294866
49.86/36.21	soybean 0.107889244018 0.015860300503 0.811579090581
51.50/36.92	arrhythmia 0.306538473531 0.125381802542 -0.0200389898909
53.16/37.61	nursery 0.207251648005 0.0572323065538 0.710737722098
54.79/38.57	hepatitis 0.46984514368 0.313130456583 -0.263092544696
56.44/39.23	cmc 0.199266675015 0.0501849477732 0.609249934586
58.13/40.23	heart-c 0.246464908155 0.0797168134251 0.736271273733
59.84/40.87	glass 0.3496779543 0.155200672913 0.30478657205
61.50/41.52	braziltourism 0.646948871724 0.519824457655 -0.551718641028
63.19/42.18	iris 0.281765947967 0.103551527944 0.35359120872
64.86/43.01	heart-statlog 0.336224521337 0.15000149629 0.514226337361
66.61/43.76	page-blocks 0.55925087184 0.436600131561 -0.217843212685
68.27/49.13	breast-w 0.195512464899 0.0533611870949 0.654822476112
69.93/49.79	heart-h 0.116176795801 0.0194986001226 0.758895939739
71.65/50.44	yeast 0.351490826308 0.149583488978 0.50226758533
73.33/51.73	tae 0.373248483423 0.173150574186 0.018422942319
75.03/55.84	haberman 0.292355139307 0.113639447212 -0.018422942319
76.70/56.49	mfeat-pixel 0.394612785735 0.190664001593 0.139949719722
78.39/57.13	optdigits 0.184363033684 0.0475315601056 0.739503368876
80.07/57.79	mfeat-factors 0.265306263872 0.0977637602975 0.575959354606
81.77/58.76	satimage 0.403076124137 0.201197209195 0.0132515900891
83.46/59.60	lymph 0.250316834211 0.0921781825127 0.441827406142
85.06/60.36	audiology 0.325289436457 0.127002401464 0.284424372645
86.79/61.00	ecoli 0.396609789404 0.197594331136 0.198450641823
88.43/61.65	tic-tac-toe 0.165395102453 0.0431165123604 0.767622596626
90.09/62.43	spambase 0.403711560982 0.203625157809 0.624117572247
91.82/63.10	zoo 0.184738059287 0.0415414541046 0.638662000393
93.47/63.92	sonar 0.546497613197 0.373615658158 -0.300584848363
95.15/64.56	mfeat-zernike 0.223102753109 0.0704935236413 0.564970231117
96.84/65.22	kr-vs-kp 0.187692853648 0.0460456219528 0.68132565629
96.96/65.31	MAE 0.328447524441 0.139204520826
96.96/65.31	MSE 0.165860078196 0.165860078196
96.96/65.31	Mean tau 0.306737169821 0.371604885177
96.96/65.31	(0.5087719298245614, '1_class_probability_max')
96.96/65.31	(0.7543859649122807, '0_class_probability_max')
96.96/65.31	(3.912280701754386, '1_skewness_min')
96.96/65.31	(4.87719298245614, '0_class_entropy')
96.96/65.31	(5.754385964912281, '1_landmark_decision_tree')
96.96/65.31	(6.350877192982456, '0_skewness_min')
96.96/65.31	(8.75438596491228, '0_landmark_random_node_learner')
96.96/65.31	(8.87719298245614, '1_landmark_random_node_learner')
96.96/65.31	(9.578947368421053, '1_landmark_naive_bayes')
96.96/65.31	(10.631578947368421, '1_class_entropy')
96.96/65.31	(11.31578947368421, '0_class_probability_std')
96.96/65.31	(11.31578947368421, '1_class_probability_std')
96.96/65.31	(11.736842105263158, '0_landmark_naive_bayes')
96.96/65.31	(13.929824561403509, '0_landmark_decision_tree')
96.96/65.31	(21.80701754385965, '1_skewness_max')
96.96/65.31	(23.157894736842106, '0_log_number_of_features')
96.96/65.31	(23.63157894736842, '0_number_of_features')
96.96/65.31	(23.842105263157894, '0_pca_skewness_first_pc')
96.96/65.31	(24.57894736842105, '1_pca_skewness_first_pc')
96.96/65.31	(25.12280701754386, '1_landmark_lda')
96.96/65.31	(25.80701754385965, '0_kurtosis_min')
96.96/65.31	(26.17543859649123, '1_log_number_of_features')
96.96/65.31	(27.842105263157894, '0_skewness_std')
96.96/65.31	(27.92982456140351, '1_landmark_1NN')
96.96/65.31	(28.07017543859649, '0_landmark_lda')
96.96/65.31	(29.385964912280702, '0_landmark_1NN')
96.96/65.31	(29.736842105263158, '1_skewness_std')
96.96/65.31	(29.92982456140351, '0_skewness_max')
96.96/65.31	(30.842105263157894, '1_number_of_features')
96.96/65.31	(30.894736842105264, '0_number_of_numeric_features')
96.96/65.31	(32.26315789473684, '1_kurtosis_min')
96.96/65.31	(32.63157894736842, '0_kurtosis_std')
96.96/65.31	(33.1578947368421, '1_kurtosis_std')
96.96/65.31	(34.526315789473685, '0_symbols_sum')
96.96/65.31	(35.45614035087719, '1_number_of_numeric_features')
96.96/65.31	(38.29824561403509, '1_landmark_decision_node_learner')
96.96/65.31	(38.54385964912281, '1_kurtosis_max')
96.96/65.31	(40.1578947368421, '0_kurtosis_max')
96.96/65.31	(40.68421052631579, '0_class_probability_min')
96.96/65.31	(40.98245614035088, '0_landmark_decision_node_learner')
96.96/65.31	(41.45614035087719, '0_number_of_categorical_features')
96.96/65.31	(43.29824561403509, '0_pca_kurtosis_first_pc')
96.96/65.31	(43.40350877192982, '1_symbols_sum')
96.96/65.31	(44.175438596491226, '1_class_probability_min')
96.96/65.31	(44.824561403508774, '1_pca_kurtosis_first_pc')
96.96/65.31	(48.228070175438596, '1_number_of_instances')
96.96/65.31	(49.12280701754386, '0_pca_95%')
96.96/65.31	(49.24561403508772, '1_number_of_categorical_features')
96.96/65.31	(49.91228070175438, '1_pca_95%')
96.96/65.31	(50.473684210526315, '1_log_number_of_instances')
96.96/65.31	(50.73684210526316, '0_number_of_instances')
96.96/65.31	(50.89473684210526, '0_skewness_mean')
96.96/65.31	(52.228070175438596, '0_log_number_of_instances')
96.96/65.31	(52.49122807017544, '1_symbols_mean')
96.96/65.31	(53.40350877192982, '1_ratio_numerical_to_categorical')
96.96/65.31	(53.526315789473685, '1_skewness_mean')
96.96/65.31	(54.473684210526315, '0_ratio_numerical_to_categorical')
96.96/65.31	(55.10526315789474, '1_dataset_ratio')
96.96/65.31	(56.43859649122807, '0_log_inverse_dataset_ratio')
96.96/65.31	(56.49122807017544, '0_log_dataset_ratio')
96.96/65.31	(57.94736842105263, '1_log_inverse_dataset_ratio')
96.96/65.31	(58.421052631578945, '0_inverse_dataset_ratio')
96.96/65.31	(58.50877192982456, '1_log_dataset_ratio')
96.96/65.31	(58.63157894736842, '0_symbols_mean')
96.96/65.31	(58.87719298245614, '0_kurtosis_mean')
96.96/65.31	(59.1578947368421, '1_inverse_dataset_ratio')
96.96/65.31	(59.78947368421053, '1_kurtosis_mean')
96.96/65.31	(59.87719298245614, '0_dataset_ratio')
96.96/65.31	(63.05263157894737, '0_symbols_min')
96.96/65.31	(64.52631578947368, '1_symbols_min')
96.96/65.31	(68.78947368421052, '1_symbols_max')
96.96/65.31	(69.63157894736842, '0_symbols_max')
96.96/65.31	(70.36842105263158, '1_percentage_of_features_with_missing_values')
96.96/65.31	(71.0701754385965, '1_number_of_classes')
96.96/65.31	(71.70175438596492, '0_number_of_classes')
96.96/65.31	(73.19298245614036, '1_class_probability_mean')
96.96/65.31	(73.28070175438596, '1_ratio_categorical_to_numerical')
96.96/65.31	(73.47368421052632, '0_class_probability_mean')
96.96/65.31	(73.64912280701755, '0_percentage_of_missing_values')
96.96/65.31	(73.98245614035088, '0_percentage_of_features_with_missing_values')
96.96/65.31	(74.6842105263158, '0_ratio_categorical_to_numerical')
96.96/65.31	(75.40350877192982, '1_symbols_std')
96.96/65.31	(77.03508771929825, '1_percentage_of_missing_values')
96.96/65.31	(78.19298245614036, '0_symbols_std')
96.96/65.31	(78.42105263157895, '0_number_of_Instances_with_missing_values')
96.96/65.31	(81.12280701754386, '0_percentage_of_Instances_with_missing_values')
96.96/65.31	(82.0701754385965, '0_number_of_features_with_missing_values')
96.96/65.31	(82.91228070175438, '1_number_of_Instances_with_missing_values')
96.96/65.31	(83.17543859649123, '1_percentage_of_Instances_with_missing_values')
96.96/65.31	(83.56140350877193, '1_number_of_features_with_missing_values')
96.96/65.31	(83.6842105263158, '0_number_of_missing_values')
96.96/65.31	(84.12280701754386, '1_number_of_missing_values')
96.96/65.31	Result for ParamILS: SAT, 61.506839, 1, 0.328448, -1, /home/feurerm/thesis/Software/pyMetaLearn/optimizers/metalearn_optimizer/learn_distances.py
