0.80/1.13	['/home/feurerm/thesis/Software/pyMetaLearn/optimizers/metalearn_optimizer/learn_distances.py', '--input_file', '/home/feurerm/thesis/experiments/2014_04_25_predict_distances/testfold_0-3_spearman_rank_perm.pkl', '--fold', '0', '--folds', '1', '--params', '-max_features', '0.965975838604', '-min_samples_leaf', '2', '-min_samples_split', '9', '-n_estimators', '61', '-n_jobs', '4', '-seed', '12']
0.80/1.14	Metafeatures (57, 46)
0.80/1.14	X (3192, 92)
0.80/1.14	Y (3192,)
0.80/1.14	Dataset Mae MSE Rho
10.66/3.91	vehicle 0.504834724157 0.323816286647 -0.223337774429
21.11/6.96	anneal.ORIG 0.738490878092 0.619558636799 -0.315452486024
31.37/9.90	segment 0.275481689184 0.095771407261 0.767622596626
41.76/12.85	pendigits 0.393661710356 0.191178887128 0.265031801783
52.04/15.80	mushroom 0.234276796001 0.0678712841826 0.533942117738
62.33/18.86	labor 0.225882139719 0.0705688121351 0.415970644993
72.62/21.81	abalone 0.396710845962 0.200751648967 0.289595724875
82.61/24.76	diabetes 0.483175924793 0.329093159869 -0.182936585133
92.78/27.82	car 0.66056303367 0.547888059177 -0.0707828836468
103.03/30.76	autos 0.169362350176 0.0380437848976 0.650620752425
113.42/33.74	mfeat-fourier 0.692551740447 0.620041694472 -0.523276203763
123.66/36.72	primary-tumor 0.172718646965 0.0368617655536 0.689405894149
134.03/39.68	waveform-5000 0.204782486786 0.0584942656056 0.649974333396
144.50/42.72	credit-a 0.444940756391 0.276243881594 0.166129690386
154.71/45.70	letter 0.305260595401 0.11817906125 0.466391329235
165.10/48.77	postoperative-patient-data 0.461820990658 0.266688481895 -0.293151029533
175.26/51.73	vowel 0.464282976059 0.26758272489 0.18422942319
185.57/54.69	eucalyptus 0.244940631815 0.0815712878857 0.59923043964
195.99/57.83	cylinder-bands 0.264444689908 0.0861014255606 0.576605773634
206.40/60.89	ionosphere 0.455360750744 0.245458944964 -0.251133792665
216.65/63.83	mfeat-karhunen 0.234161986301 0.0750200141108 0.69393082735
226.90/66.79	balance-scale 0.263016793006 0.103464844827 0.283777953616
237.15/69.85	mfeat-morphological 0.512031844314 0.349190207392 -0.231741221803
247.55/72.80	liver-disorders 0.134860904539 0.0248685305245 0.549132964913
257.78/75.84	dermatology 0.223796337795 0.0635329565326 0.452493320117
267.98/78.79	vote 0.0688475892688 0.0076621788618 0.787338377003
278.28/81.75	breast-cancer 0.0940273770902 0.0141049096303 0.601169696726
288.59/84.72	credit-g 0.565433328378 0.448238017188 -0.429868654111
298.90/87.66	soybean 0.10688302233 0.0163095675644 0.819012909411
309.06/90.60	arrhythmia 0.340849531623 0.144778310167 -0.29735275322
319.28/93.66	nursery 0.221250753763 0.0620741393058 0.678739980175
329.51/96.61	hepatitis 0.278212724859 0.103517923546 0.207823717739
339.86/99.57	cmc 0.161343933592 0.0361872311535 0.648358285824
350.14/102.63	heart-c 0.20969423219 0.0602853121271 0.829032404357
360.47/105.58	glass 0.255155258904 0.0818660949273 0.696516503465
371.46/108.74	braziltourism 0.706480606084 0.620413373887 -0.596321554011
381.86/111.80	iris 0.301858104491 0.122133036404 0.171301042616
392.05/114.75	heart-statlog 0.280296628355 0.0999085002719 0.68132565629
402.50/117.80	page-blocks 0.62196536948 0.51955266078 -0.661609875913
412.76/120.86	breast-w 0.262351012157 0.0935469819529 0.386235369671
422.91/123.81	heart-h 0.145749431932 0.027531695148 0.750815701879
433.30/126.85	yeast 0.328676900551 0.135850546588 0.59923043964
443.66/129.90	tae 0.371666636341 0.169797130547 0.0235942945489
453.84/132.96	haberman 0.308672295209 0.128488462348 -0.0698132551037
464.06/135.90	mfeat-pixel 0.406285898106 0.202520544768 0.103103835084
474.23/138.85	optdigits 0.199256815802 0.0517946911775 0.750815701879
484.68/142.02	mfeat-factors 0.264650926436 0.0929622141906 0.640278047965
494.99/144.97	satimage 0.362825036585 0.161396261233 0.0992253209113
505.20/148.05	lymph 0.255897742888 0.09669032306 0.320947047768
515.31/151.01	audiology 0.267328004873 0.0853414771601 0.51487275639
525.65/153.97	ecoli 0.386974808548 0.191087445602 0.208146927254
535.99/157.04	tic-tac-toe 0.159590143521 0.0341701312099 0.733685597618
546.51/160.09	spambase 0.363626619195 0.173560416245 0.633490648163
556.84/163.15	zoo 0.201379314541 0.05390776895 0.553011479085
567.12/166.10	sonar 0.564566241192 0.398636137022 -0.3329057998
577.44/169.15	mfeat-zernike 0.226250650334 0.0731480916319 0.60440179187
587.76/172.10	kr-vs-kp 0.222893112875 0.0604135485743 0.608280306043
587.86/172.29	MAE 0.327585127627 0.160028621956
587.86/172.29	MSE 0.170626617146 0.170626617146
587.86/172.29	Mean tau 0.305353606286 0.414529466613
587.86/172.29	(0.3684210526315789, '0_class_probability_max')
587.86/172.29	(0.9122807017543859, '1_class_probability_max')
587.86/172.29	(2.2982456140350878, '0_skewness_min')
587.86/172.29	(2.7017543859649122, '1_skewness_min')
587.86/172.29	(5.350877192982456, '1_landmark_naive_bayes')
587.86/172.29	(5.807017543859649, '0_landmark_naive_bayes')
587.86/172.29	(10.192982456140351, '1_pca_skewness_first_pc')
587.86/172.29	(10.824561403508772, '0_pca_skewness_first_pc')
587.86/172.29	(11.052631578947368, '1_landmark_lda')
587.86/172.29	(11.421052631578947, '1_class_entropy')
587.86/172.29	(11.578947368421053, '0_landmark_lda')
587.86/172.29	(15.210526315789474, '0_landmark_decision_tree')
587.86/172.29	(15.491228070175438, '1_class_probability_std')
587.86/172.29	(16.05263157894737, '0_class_entropy')
587.86/172.29	(16.70175438596491, '1_landmark_decision_tree')
587.86/172.29	(17.649122807017545, '0_class_probability_std')
587.86/172.29	(18.017543859649123, '0_kurtosis_min')
587.86/172.29	(18.263157894736842, '1_kurtosis_min')
587.86/172.29	(22.31578947368421, '0_landmark_1NN')
587.86/172.29	(22.56140350877193, '1_landmark_1NN')
587.86/172.29	(22.964912280701753, '1_class_probability_min')
587.86/172.29	(23.473684210526315, '0_class_probability_min')
587.86/172.30	(26.789473684210527, '1_skewness_max')
587.86/172.30	(28.24561403508772, '0_skewness_max')
587.86/172.30	(29.017543859649123, '1_kurtosis_max')
587.86/172.30	(29.157894736842106, '0_kurtosis_max')
587.86/172.30	(30.17543859649123, '1_number_of_numeric_features')
587.86/172.30	(30.36842105263158, '1_skewness_mean')
587.86/172.30	(30.43859649122807, '0_skewness_mean')
587.86/172.30	(30.596491228070175, '0_number_of_instances')
587.86/172.30	(31.45614035087719, '1_number_of_instances')
587.86/172.30	(32.19298245614035, '0_number_of_numeric_features')
587.86/172.30	(32.54385964912281, '0_log_number_of_instances')
587.86/172.30	(33.45614035087719, '1_log_number_of_instances')
587.86/172.30	(36.14035087719298, '0_landmark_decision_node_learner')
587.86/172.30	(36.666666666666664, '0_number_of_features')
587.86/172.30	(36.91228070175438, '1_landmark_decision_node_learner')
587.86/172.30	(38.8421052631579, '1_log_number_of_features')
587.86/172.30	(39.31578947368421, '1_number_of_features')
587.86/172.30	(39.578947368421055, '1_symbols_mean')
587.86/172.30	(40.05263157894737, '0_symbols_mean')
587.86/172.30	(40.07017543859649, '1_pca_kurtosis_first_pc')
587.86/172.30	(41.24561403508772, '0_pca_kurtosis_first_pc')
587.86/172.30	(41.6140350877193, '0_log_number_of_features')
587.86/172.30	(43.280701754385966, '1_landmark_random_node_learner')
587.86/172.30	(44.26315789473684, '0_skewness_std')
587.86/172.30	(44.26315789473684, '1_symbols_min')
587.86/172.30	(46.73684210526316, '0_pca_95%')
587.86/172.30	(46.8421052631579, '0_symbols_min')
587.86/172.30	(46.87719298245614, '1_pca_95%')
587.96/172.30	(48.43859649122807, '1_skewness_std')
587.96/172.30	(49.31578947368421, '0_inverse_dataset_ratio')
587.96/172.30	(49.40350877192982, '0_landmark_random_node_learner')
587.96/172.30	(50.666666666666664, '0_dataset_ratio')
587.96/172.30	(50.89473684210526, '1_log_inverse_dataset_ratio')
587.96/172.30	(51.3859649122807, '1_kurtosis_std')
587.96/172.30	(52.526315789473685, '0_log_inverse_dataset_ratio')
587.96/172.30	(52.666666666666664, '0_log_dataset_ratio')
587.96/172.30	(52.94736842105263, '1_inverse_dataset_ratio')
587.96/172.30	(53.10526315789474, '1_log_dataset_ratio')
587.96/172.30	(53.578947368421055, '0_kurtosis_std')
587.96/172.30	(53.666666666666664, '1_dataset_ratio')
587.96/172.30	(56.54385964912281, '0_ratio_numerical_to_categorical')
587.96/172.30	(57.29824561403509, '1_ratio_numerical_to_categorical')
587.96/172.30	(62.19298245614035, '1_symbols_sum')
587.96/172.30	(62.49122807017544, '0_symbols_sum')
587.96/172.30	(63.64912280701754, '0_kurtosis_mean')
587.96/172.30	(64.0701754385965, '1_kurtosis_mean')
587.96/172.30	(67.52631578947368, '1_number_of_categorical_features')
587.96/172.30	(70.15789473684211, '0_number_of_categorical_features')
587.96/172.30	(72.03508771929825, '1_class_probability_mean')
587.96/172.30	(72.6842105263158, '0_ratio_categorical_to_numerical')
587.96/172.30	(73.43859649122807, '1_ratio_categorical_to_numerical')
587.96/172.30	(73.59649122807018, '0_number_of_classes')
587.96/172.30	(73.75438596491227, '0_class_probability_mean')
587.96/172.30	(74.45614035087719, '1_number_of_classes')
587.96/172.30	(76.42105263157895, '0_symbols_max')
587.96/172.30	(77.14035087719299, '1_symbols_max')
587.96/172.30	(77.3859649122807, '0_symbols_std')
587.96/172.30	(78.49122807017544, '1_symbols_std')
587.96/172.30	(79.84210526315789, '0_percentage_of_features_with_missing_values')
587.96/172.30	(81.05263157894737, '0_number_of_Instances_with_missing_values')
587.96/172.30	(81.19298245614036, '1_percentage_of_features_with_missing_values')
587.96/172.30	(82.2280701754386, '1_number_of_Instances_with_missing_values')
587.96/172.30	(82.45614035087719, '1_percentage_of_Instances_with_missing_values')
587.96/172.30	(83.40350877192982, '0_percentage_of_Instances_with_missing_values')
587.96/172.30	(84.12280701754386, '1_percentage_of_missing_values')
587.96/172.30	(84.75438596491227, '0_number_of_missing_values')
587.96/172.30	(85.56140350877193, '1_number_of_missing_values')
587.96/172.30	(85.75438596491227, '0_percentage_of_missing_values')
587.96/172.30	(87.33333333333333, '1_number_of_features_with_missing_values')
587.96/172.30	(88.01754385964912, '0_number_of_features_with_missing_values')
587.96/172.30	Result for ParamILS: SAT, 171.169786, 1, 0.327585, -1, /home/feurerm/thesis/Software/pyMetaLearn/optimizers/metalearn_optimizer/learn_distances.py
