0.69/1.47	['/home/feurerm/thesis/Software/pyMetaLearn/optimizers/metalearn_optimizer/learn_distances.py', '--input_file', '/home/feurerm/thesis/experiments/2014_04_25_predict_distances/testfold_0-3_spearman_rank_perm.pkl', '--fold', '0', '--folds', '1', '--params', '-max_features', '0.253340928238', '-min_samples_leaf', '6', '-min_samples_split', '3', '-n_estimators', '49', '-n_jobs', '4', '-seed', '64']
0.69/1.48	Metafeatures (57, 46)
0.69/1.48	X (3192, 92)
0.69/1.48	Y (3192,)
0.69/1.48	Dataset Mae MSE Rho
2.82/2.54	vehicle 0.414644074002 0.217422568171 0.0145444281466
5.15/7.73	anneal.ORIG 0.474933759765 0.267938981463 0.419525949651
7.50/8.74	segment 0.283102748632 0.101369869638 0.731746340532
9.78/9.64	pendigits 0.407656650825 0.197011933737 0.261799706639
12.14/14.26	mushroom 0.200288575313 0.0493554978434 0.620885477103
14.53/15.15	labor 0.17704384436 0.0424012184779 0.780874186716
16.87/16.06	abalone 0.405042426751 0.210479665163 0.247901697521
19.31/17.00	diabetes 0.473602891909 0.306222634254 -0.00484814271554
21.59/18.01	car 0.496655841585 0.354604379468 0.0310281133794
23.98/18.91	autos 0.233189405012 0.0697321479274 0.631874600591
26.35/19.83	mfeat-fourier 0.645611473561 0.53866261322 -0.472532310008
28.69/21.36	primary-tumor 0.202846920916 0.0502934151388 0.595351925468
31.09/25.26	waveform-5000 0.263760707289 0.0966591680135 0.532972489195
33.38/27.28	credit-a 0.39090730591 0.21441852179 0.297999172248
35.70/28.18	letter 0.278179462205 0.105170004116 0.631551391077
38.09/29.18	postoperative-patient-data 0.429771387952 0.225373352609 -0.368458846381
40.41/33.00	vowel 0.523391943905 0.340180238671 -0.0342602085231
42.69/33.91	eucalyptus 0.305212699706 0.124919711618 0.441504196628
45.00/34.95	cylinder-bands 0.297535901917 0.103910496694 0.504853261444
47.39/35.87	ionosphere 0.434042325891 0.218568361043 -0.0575312935577
49.77/36.76	mfeat-karhunen 0.269612149302 0.09453551874 0.634137067192
52.15/38.01	balance-scale 0.188332164089 0.050742501919 0.69683971298
54.53/38.93	mfeat-morphological 0.46737536124 0.292591339086 -0.129930224776
56.89/39.97	liver-disorders 0.199450999667 0.0575175124401 0.527801136965
59.29/40.89	dermatology 0.207318993688 0.054334369731 0.510671032703
61.69/42.01	vote 0.0770467072734 0.00993618145908 0.787984796032
64.14/43.60	breast-cancer 0.210442617843 0.0610630268906 0.167422528443
66.45/47.39	credit-g 0.539580786112 0.387092879508 -0.468330586321
68.87/48.38	soybean 0.111155887675 0.0173150598992 0.851010651334
71.18/49.29	arrhythmia 0.272005397593 0.0998666975646 -0.00193925708621
73.57/50.18	nursery 0.241020115961 0.0751553088363 0.672922208916
75.90/51.11	hepatitis 0.466437939228 0.297364729313 -0.262769335182
78.26/52.01	cmc 0.197597318575 0.0473181046234 0.646419028738
80.58/53.04	heart-c 0.284097962227 0.10374105845 0.674538256488
82.94/53.95	glass 0.338870435215 0.139229511734 0.453786158174
85.27/55.05	braziltourism 0.635491220346 0.489469805446 -0.512610289789
87.66/55.98	iris 0.310082950234 0.129707034449 0.156756614469
90.02/56.87	heart-statlog 0.362004284557 0.175393738901 0.416293854507
92.41/57.82	page-blocks 0.446119723006 0.268588764358 0.0319977419225
94.78/58.85	breast-w 0.228700613657 0.0705892224861 0.567555907232
97.14/59.80	heart-h 0.165632529846 0.0343402340077 0.720757217043
99.51/61.05	yeast 0.364538042685 0.165834392846 0.468653795835
101.87/62.01	tae 0.354445785364 0.158099382722 -0.0513903127847
104.23/63.16	haberman 0.282229852731 0.10353683879 -0.0290888562932
106.59/64.45	mfeat-pixel 0.378218211869 0.174604770454 0.149322795639
108.94/65.35	optdigits 0.228109612308 0.0659041095775 0.710737722098
111.29/66.25	mfeat-factors 0.260063540811 0.0900221634149 0.633167438649
113.62/67.16	satimage 0.345883235703 0.148242651059 0.145121071952
115.94/68.09	lymph 0.286208976826 0.111940029603 0.511317451732
118.36/69.00	audiology 0.293522495798 0.108961071162 0.456695043803
120.66/69.99	ecoli 0.445348827928 0.255043154544 -0.0174533137759
123.03/71.86	tic-tac-toe 0.199312105198 0.0593471496732 0.733362388103
125.39/73.13	spambase 0.38910419494 0.19439444293 0.732069550046
127.74/74.44	zoo 0.181850585086 0.0465074575768 0.667750856686
130.10/75.34	sonar 0.549736476012 0.381342810272 -0.348743066004
132.44/76.25	mfeat-zernike 0.238433643437 0.0788316966905 0.525861879878
134.81/77.15	kr-vs-kp 0.213591837049 0.0569833590687 0.613128448758
134.94/77.29	MAE 0.325726209272 0.126803023837
134.94/77.29	MSE 0.157722506303 0.157722506303
134.94/77.29	Mean tau 0.330677355254 0.370415295606
134.94/77.29	(0.0, '1_class_probability_max')
134.94/77.29	(1.0701754385964912, '0_class_probability_max')
134.94/77.29	(4.87719298245614, '0_skewness_min')
134.94/77.29	(5.421052631578948, '1_landmark_decision_tree')
134.94/77.29	(5.473684210526316, '1_skewness_min')
134.94/77.29	(5.807017543859649, '0_landmark_decision_tree')
134.94/77.29	(6.333333333333333, '0_class_probability_std')
134.94/77.29	(6.333333333333333, '0_landmark_random_node_learner')
134.94/77.29	(8.824561403508772, '1_landmark_naive_bayes')
134.94/77.29	(9.31578947368421, '0_class_entropy')
134.94/77.29	(9.631578947368421, '1_landmark_random_node_learner')
134.94/77.29	(9.982456140350877, '1_class_probability_std')
134.94/77.29	(10.929824561403509, '1_class_entropy')
134.94/77.29	(11.298245614035087, '0_landmark_naive_bayes')
134.94/77.29	(14.807017543859649, '0_landmark_1NN')
134.94/77.29	(18.87719298245614, '1_landmark_1NN')
134.94/77.29	(22.17543859649123, '1_skewness_std')
134.94/77.29	(22.964912280701753, '0_pca_skewness_first_pc')
134.94/77.29	(23.736842105263158, '0_landmark_lda')
134.94/77.29	(23.80701754385965, '1_pca_skewness_first_pc')
134.94/77.29	(23.894736842105264, '1_landmark_lda')
134.94/77.29	(23.92982456140351, '1_number_of_features')
134.94/77.29	(24.157894736842106, '0_number_of_features')
134.94/77.29	(27.17543859649123, '0_skewness_std')
134.94/77.29	(27.68421052631579, '0_log_number_of_features')
134.94/77.29	(27.842105263157894, '1_log_number_of_features')
134.94/77.30	(29.403508771929825, '0_skewness_max')
134.94/77.30	(30.70175438596491, '0_kurtosis_min')
134.94/77.30	(31.649122807017545, '1_number_of_numeric_features')
134.94/77.30	(32.175438596491226, '1_skewness_max')
134.94/77.30	(33.78947368421053, '0_number_of_numeric_features')
134.94/77.30	(34.228070175438596, '1_kurtosis_min')
134.94/77.30	(34.35087719298246, '1_kurtosis_std')
134.94/77.30	(34.63157894736842, '0_kurtosis_std')
134.94/77.30	(36.719298245614034, '0_number_of_categorical_features')
134.94/77.30	(36.824561403508774, '1_symbols_sum')
134.94/77.30	(37.3859649122807, '1_number_of_categorical_features')
134.94/77.30	(38.36842105263158, '0_kurtosis_max')
134.94/77.30	(38.80701754385965, '0_landmark_decision_node_learner')
134.94/77.30	(39.21052631578947, '0_symbols_sum')
134.94/77.30	(41.31578947368421, '1_landmark_decision_node_learner')
134.94/77.30	(42.21052631578947, '0_ratio_numerical_to_categorical')
134.94/77.30	(42.75438596491228, '1_kurtosis_max')
134.94/77.30	(44.824561403508774, '1_class_probability_min')
134.94/77.30	(45.333333333333336, '0_pca_kurtosis_first_pc')
134.94/77.30	(46.333333333333336, '1_symbols_mean')
134.94/77.30	(46.75438596491228, '0_class_probability_min')
134.94/77.30	(48.75438596491228, '1_pca_kurtosis_first_pc')
134.94/77.30	(49.333333333333336, '0_skewness_mean')
134.94/77.30	(49.78947368421053, '1_ratio_numerical_to_categorical')
134.94/77.30	(51.333333333333336, '1_pca_95%')
134.94/77.30	(51.96491228070175, '0_number_of_instances')
134.94/77.30	(52.78947368421053, '0_pca_95%')
134.94/77.30	(53.175438596491226, '0_log_number_of_instances')
134.94/77.30	(53.333333333333336, '1_number_of_instances')
134.94/77.30	(54.59649122807018, '1_log_number_of_instances')
134.94/77.30	(55.03508771929825, '1_skewness_mean')
134.94/77.30	(57.719298245614034, '1_kurtosis_mean')
134.94/77.30	(57.719298245614034, '1_log_inverse_dataset_ratio')
134.94/77.30	(57.89473684210526, '0_symbols_mean')
134.94/77.30	(60.473684210526315, '1_inverse_dataset_ratio')
134.94/77.30	(60.64912280701754, '0_log_inverse_dataset_ratio')
134.94/77.30	(60.719298245614034, '0_kurtosis_mean')
134.94/77.30	(60.80701754385965, '0_inverse_dataset_ratio')
134.94/77.30	(61.228070175438596, '1_dataset_ratio')
134.94/77.30	(61.31578947368421, '0_dataset_ratio')
134.94/77.30	(61.59649122807018, '0_log_dataset_ratio')
134.94/77.30	(61.59649122807018, '1_log_dataset_ratio')
134.94/77.30	(66.73684210526316, '1_symbols_max')
134.94/77.30	(68.28070175438596, '1_symbols_min')
134.94/77.30	(69.7719298245614, '1_number_of_classes')
134.94/77.30	(70.45614035087719, '1_percentage_of_features_with_missing_values')
134.94/77.30	(71.19298245614036, '0_symbols_min')
134.94/77.30	(71.19298245614036, '1_ratio_categorical_to_numerical')
135.04/77.30	(71.35087719298245, '0_symbols_max')
135.04/77.30	(71.3859649122807, '0_percentage_of_features_with_missing_values')
135.04/77.30	(73.0701754385965, '0_percentage_of_missing_values')
135.04/77.30	(73.3157894736842, '1_percentage_of_missing_values')
135.04/77.30	(74.2280701754386, '0_symbols_std')
135.04/77.30	(74.56140350877193, '1_class_probability_mean')
135.04/77.30	(75.10526315789474, '0_number_of_classes')
135.04/77.30	(75.3157894736842, '0_class_probability_mean')
135.04/77.30	(76.56140350877193, '0_ratio_categorical_to_numerical')
135.04/77.30	(78.40350877192982, '1_symbols_std')
135.04/77.30	(81.94736842105263, '1_percentage_of_Instances_with_missing_values')
135.04/77.30	(82.29824561403508, '0_number_of_Instances_with_missing_values')
135.04/77.30	(82.87719298245614, '0_number_of_missing_values')
135.04/77.30	(83.35087719298245, '1_number_of_Instances_with_missing_values')
135.04/77.30	(83.73684210526316, '1_number_of_features_with_missing_values')
135.04/77.30	(84.24561403508773, '0_percentage_of_Instances_with_missing_values')
135.04/77.30	(84.43859649122807, '1_number_of_missing_values')
135.04/77.30	(86.2280701754386, '0_number_of_features_with_missing_values')
135.04/77.30	Result for ParamILS: SAT, 75.823298, 1, 0.325726, -1, /home/feurerm/thesis/Software/pyMetaLearn/optimizers/metalearn_optimizer/learn_distances.py
