0.74/1.26	['/home/feurerm/thesis/Software/pyMetaLearn/optimizers/metalearn_optimizer/learn_distances.py', '--input_file', '/home/feurerm/thesis/experiments/2014_04_25_predict_distances/testfold_0-3_spearman_rank_perm.pkl', '--fold', '0', '--folds', '1', '--params', '-max_features', '0.520620728654', '-min_samples_leaf', '1', '-min_samples_split', '5', '-n_estimators', '62', '-n_jobs', '4', '-seed', '36']
0.74/1.28	Metafeatures (57, 46)
0.74/1.28	X (3192, 92)
0.74/1.28	Y (3192,)
0.74/1.28	Dataset Mae MSE Rho
7.03/3.04	vehicle 0.454812963072 0.262794733374 -0.0782167024773
13.64/5.12	anneal.ORIG 0.650221091846 0.477551788399 -0.078863121506
20.38/7.21	segment 0.286459091437 0.107042435975 0.725928569273
27.04/9.29	pendigits 0.400194723305 0.192745814062 0.25081058315
33.65/11.64	mushroom 0.200079348413 0.0494415465333 0.623471153218
40.30/13.74	labor 0.190423412846 0.051365609434 0.65320642854
47.04/15.94	abalone 0.379104196393 0.187084601565 0.329673704656
53.77/18.04	diabetes 0.488188290816 0.329608028935 -0.048158217641
60.46/20.15	car 0.528354265967 0.386643510811 -0.0966396447963
67.23/22.25	autos 0.204434584558 0.0542483973065 0.519720899105
74.16/24.53	mfeat-fourier 0.70371818409 0.640409924185 -0.551395431514
80.87/26.67	primary-tumor 0.163398180719 0.0337799224694 0.718494750442
87.57/28.78	waveform-5000 0.236105245613 0.0745158338169 0.679063189689
94.27/30.87	credit-a 0.412176544822 0.244856614244 0.262769335182
100.87/32.95	letter 0.292489171571 0.108960460001 0.584686011494
107.78/35.12	postoperative-patient-data 0.466565735252 0.264111544352 -0.538143841424
114.32/37.20	vowel 0.507625730161 0.326669037758 0.0093730759167
120.85/39.29	eucalyptus 0.269605155861 0.0964475146075 0.554304317143
127.55/41.41	cylinder-bands 0.240041388233 0.0674938282539 0.652560009511
134.20/43.49	ionosphere 0.459029893366 0.243055536273 -0.221075307828
140.80/45.63	mfeat-karhunen 0.257590690716 0.0891410300675 0.594382296925
147.45/47.71	balance-scale 0.202967305595 0.0587813113954 0.639954838451
154.06/49.82	mfeat-morphological 0.519464965467 0.359824582443 -0.285070791674
160.88/51.93	liver-disorders 0.181965772407 0.049321899867 0.601169696726
167.63/54.02	dermatology 0.223696479275 0.0627581038401 0.465098491177
174.29/56.12	vote 0.069785137838 0.00728053153912 0.792509729233
180.92/58.20	breast-cancer 0.158836937516 0.0353158976824 0.396254864616
187.60/60.29	credit-g 0.548329811652 0.404315976132 -0.492571299898
194.20/62.39	soybean 0.113171376774 0.0183293626186 0.831618080472
200.83/64.49	arrhythmia 0.32517911282 0.130918800026 -0.182290166104
207.57/66.58	nursery 0.192412997562 0.0470581741068 0.761481615853
214.09/68.57	hepatitis 0.374991788338 0.203499409219 -0.271172782556
220.78/70.70	cmc 0.174243117248 0.0394252141514 0.667104437658
227.30/72.79	heart-c 0.223459677351 0.0682693546508 0.79897391952
233.90/74.87	glass 0.301364417946 0.107801079878 0.595675134982
240.65/76.98	braziltourism 0.6642314247 0.55443513618 -0.5533346886
247.42/79.10	iris 0.301225499009 0.119821653421 0.198127432308
253.99/81.19	heart-statlog 0.336992754085 0.1559906617 0.540083098511
260.88/83.36	page-blocks 0.610242937948 0.499590995499 -0.603432163327
267.61/85.45	breast-w 0.219598816251 0.0683595709284 0.61474449633
274.26/90.04	heart-h 0.132561840514 0.0239462232342 0.737240902276
280.86/92.22	yeast 0.329353061583 0.13505221759 0.597937601583
287.56/94.31	tae 0.367073684279 0.16678650572 0.0546224079284
294.22/96.39	haberman 0.302981548555 0.123292257849 -0.0762774453911
300.89/98.47	mfeat-pixel 0.416786774459 0.213025897159 0.0940539686814
307.48/100.54	optdigits 0.203642416145 0.0527730801097 0.756633473138
314.11/102.61	mfeat-factors 0.264495509186 0.0949469921197 0.643833352623
320.74/104.73	satimage 0.396661583227 0.191586771579 0.0549456174427
327.34/106.83	lymph 0.288679669481 0.126697134594 0.287333258274
333.91/108.92	audiology 0.282930553409 0.0988447142864 0.475764405151
340.67/111.01	ecoli 0.413088011473 0.218883974727 0.147383538552
347.17/113.09	tic-tac-toe 0.157005444405 0.0368544905151 0.751462120908
354.00/115.27	spambase 0.394771600779 0.19273413701 0.699748598609
360.63/117.37	zoo 0.181142535278 0.0437602399674 0.647711866796
367.42/119.52	sonar 0.577303154509 0.420726046946 -0.376215874726
374.21/121.65	mfeat-zernike 0.215987272153 0.0711193997302 0.657084942712
380.83/123.74	kr-vs-kp 0.20606519929 0.0532454886179 0.643833352623
381.08/123.96	MAE 0.327426457501 0.149813237759
381.08/123.96	MSE 0.167427035078 0.167427035078
381.08/123.96	Mean tau 0.313297755928 0.425571694328
381.08/123.96	(0.5789473684210527, '1_class_probability_max')
381.08/123.96	(0.6140350877192983, '0_class_probability_max')
381.08/123.96	(2.4035087719298245, '0_skewness_min')
381.08/123.96	(2.6140350877192984, '1_skewness_min')
381.08/123.96	(6.491228070175438, '0_class_entropy')
381.08/123.96	(6.964912280701754, '1_class_entropy')
381.08/123.96	(8.350877192982455, '1_class_probability_std')
381.08/123.96	(9.192982456140351, '1_landmark_naive_bayes')
381.08/123.96	(9.24561403508772, '0_landmark_decision_tree')
381.08/123.96	(9.24561403508772, '0_landmark_naive_bayes')
381.08/123.96	(11.228070175438596, '0_class_probability_std')
381.08/123.96	(11.596491228070175, '1_landmark_decision_tree')
381.08/123.96	(11.807017543859649, '1_landmark_random_node_learner')
381.08/123.96	(15.719298245614034, '0_landmark_random_node_learner')
381.08/123.96	(17.263157894736842, '0_skewness_std')
381.08/123.96	(18.82456140350877, '1_pca_skewness_first_pc')
381.08/123.96	(21.05263157894737, '0_pca_skewness_first_pc')
381.08/123.96	(21.385964912280702, '1_skewness_std')
381.08/123.96	(23.75438596491228, '1_skewness_max')
381.08/123.96	(24.12280701754386, '1_landmark_1NN')
381.08/123.96	(24.210526315789473, '0_landmark_1NN')
381.08/123.96	(24.24561403508772, '1_landmark_lda')
381.08/123.96	(24.50877192982456, '0_kurtosis_std')
381.08/123.96	(25.36842105263158, '0_landmark_lda')
381.08/123.96	(25.45614035087719, '1_number_of_features')
381.08/123.96	(25.87719298245614, '1_kurtosis_min')
381.08/123.96	(26.05263157894737, '0_kurtosis_min')
381.08/123.96	(26.43859649122807, '0_skewness_max')
381.08/123.96	(26.50877192982456, '0_log_number_of_features')
381.08/123.96	(26.859649122807017, '0_number_of_features')
381.08/123.96	(26.859649122807017, '1_kurtosis_std')
381.08/123.96	(27.45614035087719, '1_log_number_of_features')
381.08/123.96	(32.719298245614034, '1_number_of_numeric_features')
381.08/123.96	(34.21052631578947, '0_number_of_numeric_features')
381.08/123.96	(37.45614035087719, '1_class_probability_min')
381.08/123.96	(38.24561403508772, '0_class_probability_min')
381.08/123.96	(38.98245614035088, '1_symbols_sum')
381.08/123.96	(39.14035087719298, '0_kurtosis_max')
381.08/123.96	(40.91228070175438, '1_kurtosis_max')
381.08/123.96	(41.31578947368421, '0_symbols_sum')
381.08/123.96	(42.8421052631579, '0_landmark_decision_node_learner')
381.08/123.96	(42.96491228070175, '1_number_of_categorical_features')
381.08/123.96	(43.19298245614035, '0_number_of_instances')
381.08/123.96	(44.50877192982456, '0_pca_kurtosis_first_pc')
381.08/123.96	(44.8421052631579, '1_log_number_of_instances')
381.08/123.96	(45.228070175438596, '1_number_of_instances')
381.08/123.96	(45.6140350877193, '1_landmark_decision_node_learner')
381.08/123.96	(46.85964912280702, '0_log_number_of_instances')
381.08/123.96	(47.68421052631579, '1_skewness_mean')
381.08/123.96	(47.824561403508774, '0_number_of_categorical_features')
381.08/123.96	(49.78947368421053, '1_pca_95%')
381.08/123.96	(49.92982456140351, '0_pca_95%')
381.08/123.96	(50.54385964912281, '1_pca_kurtosis_first_pc')
381.08/123.96	(51.59649122807018, '0_skewness_mean')
381.08/123.96	(53.666666666666664, '0_symbols_mean')
381.08/123.96	(54.3859649122807, '1_symbols_mean')
381.08/123.96	(54.73684210526316, '0_log_inverse_dataset_ratio')
381.08/123.96	(55.92982456140351, '1_log_dataset_ratio')
381.08/123.96	(56.35087719298246, '1_inverse_dataset_ratio')
381.08/123.96	(56.50877192982456, '0_inverse_dataset_ratio')
381.08/123.96	(56.666666666666664, '1_log_inverse_dataset_ratio')
381.08/123.96	(56.98245614035088, '0_log_dataset_ratio')
381.08/123.96	(58.70175438596491, '1_dataset_ratio')
381.08/123.96	(59.56140350877193, '0_dataset_ratio')
381.08/123.96	(60.36842105263158, '0_ratio_numerical_to_categorical')
381.08/123.96	(61.03508771929825, '0_symbols_min')
381.08/123.96	(61.50877192982456, '1_symbols_min')
381.08/123.96	(61.92982456140351, '1_ratio_numerical_to_categorical')
381.08/123.96	(65.26315789473684, '1_kurtosis_mean')
381.08/123.96	(66.6140350877193, '0_kurtosis_mean')
381.08/123.96	(71.45614035087719, '1_symbols_max')
381.08/123.96	(72.94736842105263, '1_ratio_categorical_to_numerical')
381.08/123.96	(73.24561403508773, '0_ratio_categorical_to_numerical')
381.08/123.96	(73.3859649122807, '0_symbols_max')
381.08/123.96	(74.96491228070175, '0_class_probability_mean')
381.08/123.96	(76.12280701754386, '1_class_probability_mean')
381.08/123.96	(76.15789473684211, '0_number_of_classes')
381.08/123.96	(76.98245614035088, '1_number_of_classes')
381.08/123.96	(77.33333333333333, '0_percentage_of_features_with_missing_values')
381.08/123.96	(77.89473684210526, '1_percentage_of_features_with_missing_values')
381.08/123.96	(78.6842105263158, '0_symbols_std')
381.08/123.96	(79.14035087719299, '0_percentage_of_missing_values')
381.08/123.96	(80.28070175438596, '1_symbols_std')
381.08/123.96	(80.9298245614035, '1_percentage_of_missing_values')
381.08/123.96	(83.52631578947368, '1_number_of_missing_values')
381.08/123.96	(83.71929824561404, '0_percentage_of_Instances_with_missing_values')
381.08/123.96	(83.75438596491227, '1_percentage_of_Instances_with_missing_values')
381.08/123.96	(84.08771929824562, '0_number_of_Instances_with_missing_values')
381.08/123.96	(84.54385964912281, '0_number_of_missing_values')
381.08/123.96	(85.01754385964912, '1_number_of_Instances_with_missing_values')
381.08/123.96	(86.10526315789474, '0_number_of_features_with_missing_values')
381.08/123.96	(86.80701754385964, '1_number_of_features_with_missing_values')
381.08/123.96	Result for ParamILS: SAT, 122.697380, 1, 0.327426, -1, /home/feurerm/thesis/Software/pyMetaLearn/optimizers/metalearn_optimizer/learn_distances.py
