0.74/2.33	['/home/feurerm/thesis/Software/pyMetaLearn/optimizers/metalearn_optimizer/learn_distances.py', '--input_file', '/home/feurerm/thesis/experiments/2014_04_25_predict_distances/testfold_0-3_spearman_rank_perm.pkl', '--fold', '0', '--folds', '1', '--params', '-max_features', '0.448890363122', '-min_samples_leaf', '2', '-min_samples_split', '7', '-n_estimators', '82', '-n_jobs', '4', '-seed', '74']
0.74/2.34	Metafeatures (57, 46)
0.74/2.34	X (3192, 92)
0.74/2.34	Y (3192,)
0.74/2.34	Dataset Mae MSE Rho
7.50/4.42	vehicle 0.436424550433 0.238060299374 -0.00743381883049
14.62/12.00	anneal.ORIG 0.619210694539 0.439011769938 -0.0917915020808
22.00/14.40	segment 0.254762175601 0.0825882074341 0.786045538946
29.13/16.63	pendigits 0.40459501848 0.197801293035 0.228185917145
36.32/18.96	mushroom 0.192240229938 0.0462344539177 0.630904972048
43.54/24.23	labor 0.18893543809 0.0524739539496 0.649327914367
50.80/26.50	abalone 0.381846972242 0.188296703495 0.319977419225
57.78/28.85	diabetes 0.4884758245 0.335248935117 -0.151262052725
64.98/31.15	car 0.540844991723 0.39808250102 -0.0914682925664
72.23/33.66	autos 0.191650370642 0.048716085171 0.603755372841
79.63/35.92	mfeat-fourier 0.682613579401 0.600032856525 -0.503560423387
86.99/38.48	primary-tumor 0.184403955518 0.0411033249039 0.664195552028
94.25/40.74	waveform-5000 0.244068265112 0.0809578179994 0.57628256412
101.45/43.14	credit-a 0.405972614262 0.233415240405 0.297029543705
108.60/45.38	letter 0.282838001824 0.103891151673 0.586948478094
116.00/51.85	postoperative-patient-data 0.455237688902 0.251353295008 -0.465098491177
123.17/54.25	vowel 0.505496631479 0.319072253621 0.0193925708621
130.31/56.48	eucalyptus 0.273782610118 0.10096404148 0.529740394051
137.50/63.10	cylinder-bands 0.244948163279 0.0697666612202 0.63769237185
144.72/65.55	ionosphere 0.44392825884 0.225004681968 -0.133808738949
151.99/68.09	mfeat-karhunen 0.253971532194 0.0874031859654 0.617330172445
159.22/70.36	balance-scale 0.205114950204 0.0611769767395 0.59696797304
166.35/72.80	mfeat-morphological 0.535054063672 0.38614082432 -0.29961521982
173.40/75.14	liver-disorders 0.157878182281 0.0370819666374 0.735948064218
180.66/81.49	dermatology 0.220425773357 0.0615107190194 0.477057243209
187.79/83.85	vote 0.073764220111 0.00862685435886 0.780874186716
195.09/86.47	breast-cancer 0.147290213364 0.0306076961927 0.52004410862
202.43/88.82	credit-g 0.535071388683 0.39125868018 -0.415970644993
209.72/91.15	soybean 0.103184189616 0.0152074872952 0.856182003564
220.24/93.53	arrhythmia 0.297732513349 0.113876349633 -0.155786985926
227.44/95.98	nursery 0.200874251318 0.051361797535 0.734008807132
234.56/98.13	hepatitis 0.343651636253 0.169950171774 -0.21008618434
241.76/102.58	cmc 0.19215085401 0.0458217368148 0.636076324278
248.91/106.29	heart-c 0.242724657649 0.0777869140442 0.788954424575
256.10/108.53	glass 0.310815506807 0.116447394912 0.546547288798
263.42/110.90	braziltourism 0.633425587085 0.495097042057 -0.486430319125
270.61/113.17	iris 0.31001912872 0.127054381508 0.156756614469
277.82/115.44	heart-statlog 0.354769271609 0.171689575171 0.495803395042
285.46/117.90	page-blocks 0.576618003252 0.449997011459 -0.543638403169
292.69/123.47	breast-w 0.212783520248 0.059711098127 0.567879116746
299.87/126.06	heart-h 0.128115755244 0.02218810381 0.774086786914
307.25/128.43	yeast 0.336924429192 0.137970217519 0.649651123882
314.41/134.93	tae 0.359749947415 0.166423828153 -0.0830648451928
321.62/141.12	haberman 0.291173367817 0.112964522081 -0.0442797034686
328.88/143.54	mfeat-pixel 0.414237456983 0.210321169961 0.0934075496527
336.08/145.86	optdigits 0.191365109552 0.0473420859393 0.777318882058
343.31/151.67	mfeat-factors 0.276069770848 0.0997956291755 0.601816115755
350.63/154.00	satimage 0.379481775509 0.17217171809 0.0685204170462
357.72/156.35	lymph 0.293826248251 0.124794704329 0.372337360553
364.82/158.94	audiology 0.266524919655 0.0858962610363 0.541052727054
372.21/161.69	ecoli 0.430398706737 0.235286722281 0.0581777125864
379.40/164.45	tic-tac-toe 0.159858810059 0.0390499691092 0.801236386121
386.86/170.52	spambase 0.38204203523 0.18416318644 0.698455760552
393.98/172.86	zoo 0.17721997511 0.0409933207515 0.656115314169
401.30/175.56	sonar 0.573842693386 0.412565644442 -0.407243988105
408.55/177.90	mfeat-zernike 0.213541793584 0.0658838145115 0.626703248362
415.95/180.24	kr-vs-kp 0.202735078846 0.0503900770056 0.65546889514
416.32/180.53	MAE 0.322924620213 0.145639357311
416.32/180.53	MSE 0.161720778344 0.161720778344
416.32/180.53	Mean tau 0.321468719265 0.417198830229
416.32/180.53	(0.2807017543859649, '1_class_probability_max')
416.32/180.53	(0.8596491228070176, '0_class_probability_max')
416.32/180.53	(2.175438596491228, '1_skewness_min')
416.32/180.53	(2.824561403508772, '0_skewness_min')
416.32/180.53	(5.894736842105263, '0_landmark_decision_tree')
416.32/180.53	(6.947368421052632, '1_class_entropy')
416.32/180.53	(7.649122807017544, '0_class_entropy')
416.32/180.53	(7.859649122807017, '0_class_probability_std')
416.32/180.53	(8.070175438596491, '1_class_probability_std')
416.32/180.53	(9.105263157894736, '1_landmark_decision_tree')
416.32/180.53	(10.210526315789474, '0_landmark_random_node_learner')
416.32/180.53	(10.807017543859649, '1_landmark_naive_bayes')
416.32/180.53	(10.947368421052632, '0_landmark_naive_bayes')
416.32/180.53	(13.43859649122807, '1_landmark_random_node_learner')
416.32/180.53	(19.017543859649123, '1_landmark_1NN')
416.32/180.53	(19.24561403508772, '1_pca_skewness_first_pc')
416.32/180.53	(19.771929824561404, '0_landmark_1NN')
416.32/180.53	(20.0, '0_pca_skewness_first_pc')
416.32/180.53	(23.19298245614035, '0_landmark_lda')
416.32/180.53	(24.07017543859649, '1_landmark_lda')
416.32/180.53	(24.087719298245613, '1_skewness_max')
416.32/180.53	(24.140350877192983, '0_skewness_max')
416.32/180.53	(24.157894736842106, '0_skewness_std')
416.32/180.53	(24.50877192982456, '1_log_number_of_features')
416.32/180.53	(24.912280701754387, '0_log_number_of_features')
416.32/180.53	(25.07017543859649, '1_number_of_features')
416.32/180.53	(25.964912280701753, '0_number_of_features')
416.32/180.53	(26.45614035087719, '1_kurtosis_min')
416.32/180.53	(27.263157894736842, '0_kurtosis_min')
416.32/180.53	(27.87719298245614, '0_kurtosis_std')
416.32/180.53	(28.210526315789473, '1_skewness_std')
416.32/180.53	(30.94736842105263, '1_number_of_numeric_features')
416.32/180.53	(31.526315789473685, '1_kurtosis_std')
416.32/180.53	(33.91228070175438, '0_number_of_numeric_features')
416.32/180.53	(34.175438596491226, '0_symbols_sum')
416.32/180.53	(38.19298245614035, '0_class_probability_min')
416.32/180.53	(38.40350877192982, '1_kurtosis_max')
416.32/180.53	(40.54385964912281, '1_class_probability_min')
416.32/180.53	(41.24561403508772, '1_symbols_sum')
416.32/180.53	(41.35087719298246, '1_landmark_decision_node_learner')
416.32/180.53	(41.35087719298246, '1_number_of_categorical_features')
416.32/180.53	(41.578947368421055, '0_landmark_decision_node_learner')
416.32/180.53	(42.21052631578947, '0_kurtosis_max')
416.32/180.53	(43.07017543859649, '0_number_of_categorical_features')
416.32/180.53	(44.666666666666664, '0_pca_kurtosis_first_pc')
416.32/180.53	(46.473684210526315, '0_number_of_instances')
416.32/180.53	(46.49122807017544, '1_number_of_instances')
416.32/180.53	(47.24561403508772, '1_log_number_of_instances')
416.32/180.53	(47.35087719298246, '1_pca_kurtosis_first_pc')
416.32/180.53	(47.49122807017544, '0_log_number_of_instances')
416.32/180.53	(50.3859649122807, '0_skewness_mean')
416.32/180.53	(50.719298245614034, '0_pca_95%')
416.32/180.53	(50.85964912280702, '1_skewness_mean')
416.32/180.53	(53.0, '1_symbols_mean')
416.32/180.53	(53.29824561403509, '1_pca_95%')
416.32/180.53	(55.0, '0_symbols_mean')
416.32/180.53	(55.35087719298246, '1_log_dataset_ratio')
416.32/180.53	(55.526315789473685, '0_dataset_ratio')
416.32/180.53	(56.07017543859649, '1_inverse_dataset_ratio')
416.32/180.53	(56.35087719298246, '1_dataset_ratio')
416.32/180.53	(58.07017543859649, '0_log_dataset_ratio')
416.32/180.53	(58.12280701754386, '0_log_inverse_dataset_ratio')
416.32/180.53	(58.45614035087719, '1_log_inverse_dataset_ratio')
416.32/180.53	(59.19298245614035, '0_ratio_numerical_to_categorical')
416.32/180.53	(59.333333333333336, '0_inverse_dataset_ratio')
416.32/180.53	(61.12280701754386, '0_symbols_min')
416.32/180.53	(62.21052631578947, '1_symbols_min')
416.32/180.53	(62.6140350877193, '1_ratio_numerical_to_categorical')
416.32/180.53	(65.42105263157895, '0_kurtosis_mean')
416.32/180.53	(65.87719298245614, '1_kurtosis_mean')
416.32/180.53	(73.19298245614036, '1_symbols_max')
416.32/180.53	(73.80701754385964, '1_ratio_categorical_to_numerical')
416.32/180.53	(74.36842105263158, '0_ratio_categorical_to_numerical')
416.32/180.53	(75.29824561403508, '0_symbols_max')
416.32/180.53	(75.36842105263158, '0_percentage_of_features_with_missing_values')
416.32/180.53	(76.01754385964912, '0_class_probability_mean')
416.32/180.53	(76.35087719298245, '1_class_probability_mean')
416.32/180.53	(77.29824561403508, '0_symbols_std')
416.32/180.53	(77.57894736842105, '1_symbols_std')
416.32/180.53	(78.0701754385965, '0_number_of_classes')
416.32/180.53	(78.21052631578948, '1_number_of_classes')
416.32/180.53	(78.40350877192982, '1_percentage_of_missing_values')
416.32/180.53	(79.19298245614036, '1_percentage_of_features_with_missing_values')
416.32/180.53	(80.0701754385965, '0_percentage_of_missing_values')
416.32/180.53	(84.17543859649123, '1_number_of_missing_values')
416.32/180.53	(84.3157894736842, '0_number_of_Instances_with_missing_values')
416.32/180.53	(85.10526315789474, '0_percentage_of_Instances_with_missing_values')
416.32/180.53	(85.12280701754386, '1_percentage_of_Instances_with_missing_values')
416.32/180.53	(85.40350877192982, '0_number_of_missing_values')
416.32/180.53	(85.87719298245614, '1_number_of_Instances_with_missing_values')
416.32/180.53	(86.01754385964912, '0_number_of_features_with_missing_values')
416.32/180.53	(86.52631578947368, '1_number_of_features_with_missing_values')
416.32/180.53	Result for ParamILS: SAT, 178.201861, 1, 0.322925, -1, /home/feurerm/thesis/Software/pyMetaLearn/optimizers/metalearn_optimizer/learn_distances.py
