0.76/1.32	['/home/feurerm/thesis/Software/pyMetaLearn/optimizers/metalearn_optimizer/learn_distances.py', '--input_file', '/home/feurerm/thesis/experiments/2014_04_25_predict_distances/testfold_0-3_spearman_rank_perm.pkl', '--fold', '0', '--folds', '1', '--params', '-max_features', '0.930181404281', '-min_samples_leaf', '9', '-min_samples_split', '5', '-n_estimators', '86', '-n_jobs', '4', '-seed', '86']
0.76/1.33	Metafeatures (57, 46)
0.76/1.33	X (3192, 92)
0.76/1.33	Y (3192,)
0.76/1.33	Dataset Mae MSE Rho
12.40/4.50	vehicle 0.496363612485 0.318885379873 -0.255012306837
24.67/12.34	anneal.ORIG 0.84832429606 0.801244089017 -0.23077159326
36.78/15.74	segment 0.300943901542 0.115237857238 0.695223665408
48.96/19.26	pendigits 0.379222741003 0.177061682136 0.278283391872
61.04/24.84	mushroom 0.252367234092 0.0756522328184 0.500328328243
73.03/32.27	labor 0.197619564506 0.0577848828565 0.500328328243
85.15/39.13	abalone 0.422135858706 0.224235257168 0.13833367215
96.90/42.55	diabetes 0.481239373281 0.336320564724 -0.318361371654
108.93/45.95	car 0.690890407979 0.595676044495 -0.0904986640233
121.02/49.49	autos 0.194547424116 0.0491667216061 0.565293440631
133.18/53.01	mfeat-fourier 0.660091993266 0.568897713063 -0.523922622792
145.10/56.43	primary-tumor 0.188352188273 0.0435947076555 0.651267171454
157.19/59.88	waveform-5000 0.227397945135 0.0710151345449 0.691991570264
169.45/63.81	credit-a 0.461064224629 0.298831601686 0.118617891773
181.34/73.05	letter 0.295504068111 0.112218740632 0.570788002376
193.65/80.86	postoperative-patient-data 0.440326323327 0.245995273214 -0.123142824975
205.69/84.66	vowel 0.487467579917 0.292546643495 0.0555920364715
217.82/89.03	eucalyptus 0.269741089692 0.0938869821942 0.525538670364
229.92/100.46	cylinder-bands 0.300966318978 0.107766703148 0.516812013476
242.05/104.05	ionosphere 0.410272532583 0.199237923152 -0.0736917692761
254.13/107.46	mfeat-karhunen 0.272424816805 0.0985202819296 0.616360543902
266.14/114.24	balance-scale 0.261300837697 0.100020034476 0.304140153021
278.09/117.76	mfeat-morphological 0.488621251357 0.319601186339 -0.257274773438
290.18/121.28	liver-disorders 0.141526444326 0.0280847679988 0.516812013476
302.24/125.13	dermatology 0.207219093258 0.0541462383559 0.500974747272
314.24/128.67	vote 0.067289188876 0.00744618061753 0.801236386121
326.33/134.60	breast-cancer 0.1110789834 0.0205170558436 0.521660156192
338.46/138.25	credit-g 0.561318300804 0.429952053155 -0.495480185528
350.52/141.75	soybean 0.110632001756 0.0161829896647 0.808023785923
362.55/145.18	arrhythmia 0.322387300426 0.124482807812 -0.19974347988
374.66/148.93	nursery 0.265790540478 0.0893742244569 0.606664258471
386.69/152.44	hepatitis 0.313713922839 0.135462411141 -0.0513903127847
398.90/155.96	cmc 0.14650859585 0.0285906959435 0.715585864813
411.02/159.39	heart-c 0.269294950573 0.0961687881461 0.674215046974
423.04/163.03	glass 0.304302808634 0.116756610218 0.593089458867
435.71/166.65	braziltourism 0.727645643574 0.621157368727 -0.603432163327
447.87/170.26	iris 0.318412334297 0.139744397417 0.0307049038651
459.92/173.79	heart-statlog 0.320076737642 0.133675732721 0.566586278689
472.54/177.43	page-blocks 0.569272543449 0.430484812556 -0.614098077301
484.65/180.87	breast-w 0.259390947295 0.0902506555031 0.391406721901
496.88/184.40	heart-h 0.173322892929 0.0375114890237 0.704919950839
508.94/188.05	yeast 0.352350574962 0.154292972269 0.480935757381
520.93/191.58	tae 0.365722176813 0.166132144621 0.0494510556985
533.16/197.88	haberman 0.292508807396 0.114907740021 -0.0594705506439
545.32/201.32	mfeat-pixel 0.400271009405 0.201122730903 0.0927611306239
557.38/210.07	optdigits 0.257254729667 0.0830083804441 0.690698732207
569.69/213.61	mfeat-factors 0.238655552146 0.0756503525044 0.71461623627
581.92/217.75	satimage 0.324512733421 0.135984656162 0.161604757185
593.88/224.49	lymph 0.236879502153 0.0852328475819 0.359085770464
605.92/227.89	audiology 0.270728787123 0.0858931026854 0.52230657522
618.09/231.57	ecoli 0.408471423859 0.210446071647 0.102457416055
630.20/235.11	tic-tac-toe 0.180917902329 0.0439621284763 0.715262655299
642.70/238.75	spambase 0.35425606862 0.166499144922 0.613774867787
654.69/242.19	zoo 0.193325118817 0.0512357315977 0.59405908741
666.65/245.59	sonar 0.543772426699 0.36629628949 -0.313836438452
678.76/249.14	mfeat-zernike 0.237129157124 0.0775477274523 0.570464792861
690.70/252.67	kr-vs-kp 0.251328791171 0.0760035187278 0.551395431514
691.04/252.92	MAE 0.335516729397 0.158904053829
691.04/252.92	MSE 0.17539653432 0.17539653432
691.04/252.92	Mean tau 0.283675887454 0.399078395157
691.04/252.92	(0.3508771929824561, '0_class_probability_max')
691.04/252.92	(0.8070175438596491, '1_class_probability_max')
691.04/252.92	(2.43859649122807, '0_skewness_min')
691.04/252.92	(2.56140350877193, '1_skewness_min')
691.04/252.92	(5.578947368421052, '1_landmark_naive_bayes')
691.04/252.92	(5.912280701754386, '0_landmark_naive_bayes')
691.04/252.92	(11.105263157894736, '0_pca_skewness_first_pc')
691.04/252.92	(11.298245614035087, '1_landmark_decision_tree')
691.04/252.92	(11.43859649122807, '1_landmark_lda')
691.04/252.92	(11.491228070175438, '0_landmark_lda')
691.04/252.92	(12.0, '1_class_entropy')
691.04/252.92	(12.578947368421053, '1_pca_skewness_first_pc')
691.04/252.92	(13.0, '1_class_probability_std')
691.04/252.92	(14.140350877192983, '0_class_entropy')
691.04/252.92	(15.421052631578947, '0_landmark_decision_tree')
691.04/252.92	(16.385964912280702, '0_class_probability_std')
691.04/252.92	(19.157894736842106, '1_kurtosis_min')
691.04/252.92	(19.912280701754387, '0_kurtosis_min')
691.04/252.92	(20.36842105263158, '1_landmark_1NN')
691.04/252.92	(22.842105263157894, '0_landmark_1NN')
691.04/252.92	(23.614035087719298, '0_skewness_max')
691.04/252.92	(23.964912280701753, '1_class_probability_min')
691.04/252.92	(25.57894736842105, '0_class_probability_min')
691.04/252.92	(27.92982456140351, '1_skewness_max')
691.04/252.92	(29.912280701754387, '0_kurtosis_max')
691.04/252.92	(29.982456140350877, '0_number_of_numeric_features')
691.04/252.92	(30.596491228070175, '1_kurtosis_max')
691.04/252.92	(31.385964912280702, '1_number_of_numeric_features')
691.04/252.92	(32.01754385964912, '1_number_of_instances')
691.04/252.92	(32.36842105263158, '1_skewness_mean')
691.04/252.92	(33.10526315789474, '0_number_of_instances')
691.04/252.92	(33.14035087719298, '0_log_number_of_instances')
691.04/252.92	(33.49122807017544, '0_skewness_mean')
691.04/252.92	(33.89473684210526, '1_log_number_of_instances')
691.04/252.92	(35.94736842105263, '1_landmark_random_node_learner')
691.04/252.92	(37.85964912280702, '1_number_of_features')
691.04/252.92	(38.45614035087719, '0_log_number_of_features')
691.04/252.92	(38.87719298245614, '1_log_number_of_features')
691.04/252.92	(38.91228070175438, '0_number_of_features')
691.04/252.92	(39.3859649122807, '0_landmark_decision_node_learner')
691.04/252.92	(39.64912280701754, '1_landmark_decision_node_learner')
691.04/252.92	(39.75438596491228, '0_symbols_mean')
691.04/252.92	(40.59649122807018, '0_skewness_std')
691.04/252.92	(41.421052631578945, '1_symbols_mean')
691.04/252.92	(42.05263157894737, '1_kurtosis_std')
691.04/252.92	(42.24561403508772, '0_pca_kurtosis_first_pc')
691.04/252.92	(43.50877192982456, '1_pca_kurtosis_first_pc')
691.04/252.92	(45.35087719298246, '0_landmark_random_node_learner')
691.04/252.92	(46.05263157894737, '0_symbols_min')
691.04/252.92	(46.10526315789474, '1_skewness_std')
691.04/252.92	(47.45614035087719, '1_symbols_min')
691.04/252.92	(48.21052631578947, '0_pca_95%')
691.04/252.92	(48.31578947368421, '1_pca_95%')
691.04/252.92	(50.31578947368421, '0_kurtosis_std')
691.04/252.92	(51.70175438596491, '1_log_dataset_ratio')
691.04/252.92	(53.1578947368421, '1_dataset_ratio')
691.04/252.92	(53.40350877192982, '0_log_dataset_ratio')
691.04/252.92	(53.96491228070175, '0_inverse_dataset_ratio')
691.04/252.92	(54.526315789473685, '0_dataset_ratio')
691.04/252.92	(54.87719298245614, '0_log_inverse_dataset_ratio')
691.04/252.92	(55.1578947368421, '1_log_inverse_dataset_ratio')
691.04/252.92	(55.80701754385965, '1_inverse_dataset_ratio')
691.04/252.92	(57.175438596491226, '1_ratio_numerical_to_categorical')
691.04/252.92	(58.08771929824562, '0_symbols_sum')
691.04/252.92	(58.70175438596491, '1_symbols_sum')
691.04/252.92	(58.80701754385965, '0_ratio_numerical_to_categorical')
691.04/252.92	(63.03508771929825, '1_number_of_categorical_features')
691.04/252.92	(65.28070175438596, '0_kurtosis_mean')
691.04/252.92	(66.57894736842105, '1_kurtosis_mean')
691.04/252.92	(66.73684210526316, '0_number_of_categorical_features')
691.04/252.92	(72.3859649122807, '1_class_probability_mean')
691.04/252.92	(72.73684210526316, '1_ratio_categorical_to_numerical')
691.04/252.92	(72.80701754385964, '1_number_of_classes')
691.04/252.92	(73.43859649122807, '0_class_probability_mean')
691.04/252.92	(73.73684210526316, '0_ratio_categorical_to_numerical')
691.04/252.92	(73.98245614035088, '0_number_of_classes')
691.04/252.92	(75.85964912280701, '1_symbols_max')
691.04/252.92	(76.78947368421052, '0_symbols_max')
691.04/252.92	(77.3157894736842, '1_symbols_std')
691.04/252.92	(78.85964912280701, '0_symbols_std')
691.04/252.92	(80.40350877192982, '1_percentage_of_features_with_missing_values')
691.04/252.92	(81.15789473684211, '0_percentage_of_features_with_missing_values')
691.04/252.92	(82.56140350877193, '0_percentage_of_Instances_with_missing_values')
691.04/252.92	(82.66666666666667, '1_percentage_of_Instances_with_missing_values')
691.04/252.92	(82.84210526315789, '0_number_of_Instances_with_missing_values')
691.04/252.92	(83.3157894736842, '1_number_of_Instances_with_missing_values')
691.04/252.92	(84.6842105263158, '0_number_of_missing_values')
691.04/252.92	(85.42105263157895, '1_number_of_missing_values')
691.04/252.92	(85.63157894736842, '1_percentage_of_missing_values')
691.04/252.92	(86.87719298245614, '0_percentage_of_missing_values')
691.04/252.92	(87.19298245614036, '0_number_of_features_with_missing_values')
691.04/252.92	(88.08771929824562, '1_number_of_features_with_missing_values')
691.04/252.92	Result for ParamILS: SAT, 251.602722, 1, 0.335517, -1, /home/feurerm/thesis/Software/pyMetaLearn/optimizers/metalearn_optimizer/learn_distances.py
