0.71/2.78	['/home/feurerm/thesis/Software/pyMetaLearn/optimizers/metalearn_optimizer/learn_distances.py', '--input_file', '/home/feurerm/thesis/experiments/2014_04_25_predict_distances/testfold_0-3_spearman_rank_perm.pkl', '--fold', '0', '--folds', '1', '--params', '-max_features', '0.970543357746', '-min_samples_leaf', '4', '-min_samples_split', '4', '-n_estimators', '55', '-n_jobs', '4', '-seed', '47']
0.71/2.79	Metafeatures (57, 46)
0.71/2.79	X (3192, 92)
0.71/2.79	Y (3192,)
0.71/2.79	Dataset Mae MSE Rho
9.67/5.35	vehicle 0.50378193634 0.32449854008 -0.242083926262
18.98/8.11	anneal.ORIG 0.821853125016 0.751799940288 -0.282485115559
28.14/10.75	segment 0.246108511222 0.0762508466207 0.817396861839
37.35/17.70	pendigits 0.381844514723 0.182215518839 0.28183869653
46.46/20.32	mushroom 0.241265365849 0.0720450275048 0.524569041821
55.63/25.12	labor 0.210197293859 0.0604608491056 0.446675548858
64.84/28.23	abalone 0.383819740505 0.191998384523 0.352298370662
73.89/30.87	diabetes 0.486883402455 0.338328296715 -0.310604343309
83.09/34.40	car 0.615494088135 0.484432715359 -0.0504206842416
92.42/41.20	autos 0.164476670834 0.0364144308959 0.65546889514
101.77/47.75	mfeat-fourier 0.685329736919 0.606760367351 -0.525538670364
111.02/50.55	primary-tumor 0.186259865227 0.0439583674423 0.63252101962
120.35/53.29	waveform-5000 0.215618598946 0.0647988175309 0.636399533793
129.67/56.86	credit-a 0.44807040137 0.287097742971 0.150292424182
138.81/59.78	letter 0.306137462824 0.122652823387 0.533942117738
148.24/66.33	postoperative-patient-data 0.468303180858 0.274141058004 -0.241114297719
157.34/72.89	vowel 0.468338850693 0.272217581279 0.180027699504
166.51/75.70	eucalyptus 0.229415915523 0.0690442557675 0.657084942712
175.83/79.36	cylinder-bands 0.255149746592 0.079022627383 0.623147943704
185.08/82.09	ionosphere 0.420522712495 0.210231704273 -0.096316435282
194.40/88.31	mfeat-karhunen 0.266065357971 0.0959790756485 0.592766249353
203.64/91.24	balance-scale 0.245731675909 0.0883273319199 0.372983779582
212.91/93.98	mfeat-morphological 0.504867494826 0.342363887393 -0.273758458671
222.26/96.80	liver-disorders 0.126932973149 0.021389249031 0.572080840433
231.53/99.58	dermatology 0.213729285639 0.0569765848892 0.491601671355
240.74/102.22	vote 0.067506265067 0.00768664965999 0.78636874846
250.13/105.10	breast-cancer 0.0988243936791 0.0158151861565 0.59923043964
259.34/107.85	credit-g 0.574946578951 0.450654678568 -0.490308833298
268.55/110.48	soybean 0.104035532597 0.0148093185624 0.813518347667
277.75/113.16	arrhythmia 0.30675866599 0.117229762072 -0.244669602377
286.79/115.95	nursery 0.225383673686 0.0643955668548 0.678739980175
296.09/123.08	hepatitis 0.300698335884 0.123203573155 0.00452493320117
305.37/125.70	cmc 0.152616313665 0.0309484688082 0.697486132008
314.55/128.35	heart-c 0.223941644383 0.0678805035855 0.811902300095
323.66/131.14	glass 0.260651038642 0.0868190203087 0.659347409313
333.23/133.95	braziltourism 0.758832274537 0.697165276511 -0.640278047965
342.40/136.70	iris 0.324126212496 0.140700333203 0.0685204170462
351.63/139.50	heart-statlog 0.299535462992 0.116223510609 0.56884874529
361.22/142.23	page-blocks 0.564880493196 0.426237872006 -0.624763991275
370.39/144.90	breast-w 0.247061010665 0.0836997287429 0.392376350444
379.61/147.55	heart-h 0.149991539034 0.0300100217582 0.720757217043
388.78/154.71	yeast 0.310728546724 0.122015356307 0.648358285824
398.01/157.47	tae 0.370227223462 0.173245160359 -0.0475117986123
407.28/160.11	haberman 0.290871322378 0.114342494606 0.0109891234885
416.58/162.74	mfeat-pixel 0.412030824845 0.209958436452 0.0898522449946
425.82/165.37	optdigits 0.227997029383 0.0651531384584 0.736917692761
435.18/168.11	mfeat-factors 0.262621320281 0.0876423857861 0.667750856686
444.51/170.93	satimage 0.355483394905 0.156001716306 0.119587520317
453.66/173.59	lymph 0.256492810949 0.102448553626 0.330320123685
462.81/179.74	audiology 0.281082432465 0.0922459242602 0.456695043803
472.08/182.53	ecoli 0.398336625109 0.20056997728 0.164513642814
481.31/185.58	tic-tac-toe 0.166537739009 0.0367772461811 0.722696474129
490.79/188.36	spambase 0.335176588958 0.146530369366 0.681972075319
499.92/191.01	zoo 0.203520837551 0.0554189574379 0.532972489195
509.18/193.64	sonar 0.545696415332 0.374782917899 -0.293474239047
518.34/198.22	mfeat-zernike 0.220836449499 0.0698531432124 0.635106695735
527.56/200.85	kr-vs-kp 0.229585876354 0.0635924909051 0.608603515557
527.78/201.02	MAE 0.326723031238 0.16196423238
527.78/201.02	MSE 0.170130943214 0.170130943214
527.78/201.02	Mean tau 0.304661824518 0.415886282956
527.78/201.02	(0.42105263157894735, '0_class_probability_max')
527.78/201.02	(0.8596491228070176, '1_class_probability_max')
527.78/201.02	(2.1578947368421053, '0_skewness_min')
527.78/201.02	(2.8421052631578947, '1_skewness_min')
527.78/201.02	(5.56140350877193, '1_landmark_naive_bayes')
527.78/201.02	(6.035087719298246, '0_landmark_naive_bayes')
527.78/201.02	(10.210526315789474, '0_pca_skewness_first_pc')
527.78/201.02	(10.31578947368421, '1_landmark_lda')
527.78/201.02	(10.842105263157896, '1_class_entropy')
527.78/201.02	(10.964912280701755, '1_pca_skewness_first_pc')
527.78/201.02	(11.456140350877194, '0_landmark_lda')
527.78/201.02	(15.473684210526315, '1_landmark_decision_tree')
527.78/201.02	(16.63157894736842, '0_landmark_decision_tree')
527.78/201.02	(17.473684210526315, '1_class_probability_std')
527.78/201.02	(19.157894736842106, '1_kurtosis_min')
527.78/201.02	(19.36842105263158, '0_class_probability_std')
527.78/201.02	(19.80701754385965, '0_class_entropy')
527.78/201.02	(20.526315789473685, '1_class_probability_min')
527.78/201.02	(22.17543859649123, '0_class_probability_min')
527.78/201.02	(22.473684210526315, '0_kurtosis_min')
527.78/201.02	(23.228070175438596, '0_landmark_1NN')
527.78/201.02	(23.80701754385965, '1_landmark_1NN')
527.78/201.02	(26.614035087719298, '1_skewness_mean')
527.78/201.02	(26.87719298245614, '1_skewness_max')
527.78/201.02	(28.19298245614035, '0_kurtosis_max')
527.78/201.02	(28.36842105263158, '1_kurtosis_max')
527.78/201.02	(28.70175438596491, '0_skewness_mean')
527.78/201.02	(29.157894736842106, '0_number_of_numeric_features')
527.78/201.02	(29.92982456140351, '1_number_of_numeric_features')
527.78/201.02	(30.666666666666668, '0_skewness_max')
527.78/201.02	(30.68421052631579, '1_log_number_of_instances')
527.78/201.02	(31.57894736842105, '0_log_number_of_instances')
527.78/201.02	(31.614035087719298, '1_number_of_instances')
527.78/201.02	(34.3859649122807, '0_number_of_instances')
527.78/201.02	(35.35087719298246, '0_symbols_mean')
527.78/201.02	(35.92982456140351, '1_log_number_of_features')
527.78/201.02	(37.3859649122807, '1_number_of_features')
527.78/201.02	(37.85964912280702, '1_landmark_decision_node_learner')
527.78/201.02	(38.07017543859649, '0_landmark_decision_node_learner')
527.78/201.02	(38.98245614035088, '0_log_number_of_features')
527.78/201.02	(40.0, '1_symbols_mean')
527.78/201.02	(40.719298245614034, '0_pca_kurtosis_first_pc')
527.78/201.02	(42.49122807017544, '1_pca_kurtosis_first_pc')
527.78/201.02	(42.96491228070175, '1_landmark_random_node_learner')
527.78/201.02	(43.526315789473685, '0_symbols_min')
527.78/201.02	(43.59649122807018, '0_number_of_features')
527.78/201.02	(45.526315789473685, '1_symbols_min')
527.78/201.02	(45.85964912280702, '0_pca_95%')
527.78/201.02	(46.8421052631579, '0_skewness_std')
527.78/201.02	(47.333333333333336, '1_pca_95%')
527.78/201.02	(49.54385964912281, '1_skewness_std')
527.78/201.02	(50.96491228070175, '0_dataset_ratio')
527.78/201.02	(51.05263157894737, '0_landmark_random_node_learner')
527.78/201.02	(51.10526315789474, '0_log_inverse_dataset_ratio')
527.78/201.02	(51.578947368421055, '1_dataset_ratio')
527.78/201.02	(51.719298245614034, '1_log_inverse_dataset_ratio')
527.78/201.02	(51.91228070175438, '0_kurtosis_std')
527.78/201.02	(52.26315789473684, '1_log_dataset_ratio')
527.78/201.02	(53.01754385964912, '1_kurtosis_std')
527.78/201.02	(53.228070175438596, '1_inverse_dataset_ratio')
527.78/201.02	(54.26315789473684, '0_inverse_dataset_ratio')
527.78/201.02	(54.666666666666664, '0_log_dataset_ratio')
527.78/201.02	(55.54385964912281, '0_ratio_numerical_to_categorical')
527.78/201.02	(57.771929824561404, '1_ratio_numerical_to_categorical')
527.78/201.02	(59.6140350877193, '1_number_of_categorical_features')
527.78/201.02	(61.19298245614035, '1_symbols_sum')
527.78/201.02	(63.85964912280702, '0_symbols_sum')
527.78/201.02	(64.24561403508773, '1_kurtosis_mean')
527.78/201.02	(65.0, '0_kurtosis_mean')
527.78/201.02	(67.47368421052632, '0_number_of_categorical_features')
527.78/201.02	(72.33333333333333, '1_ratio_categorical_to_numerical')
527.78/201.02	(72.85964912280701, '1_number_of_classes')
527.78/201.02	(73.15789473684211, '0_ratio_categorical_to_numerical')
527.78/201.02	(73.47368421052632, '0_number_of_classes')
527.78/201.02	(74.01754385964912, '1_class_probability_mean')
527.78/201.02	(74.12280701754386, '0_class_probability_mean')
527.78/201.02	(76.6842105263158, '0_symbols_max')
527.78/201.02	(76.71929824561404, '1_symbols_max')
527.78/201.02	(78.14035087719299, '0_symbols_std')
527.78/201.02	(78.54385964912281, '1_symbols_std')
527.78/201.02	(78.6140350877193, '1_percentage_of_features_with_missing_values')
527.78/201.02	(80.59649122807018, '0_percentage_of_features_with_missing_values')
527.78/201.02	(81.03508771929825, '1_number_of_Instances_with_missing_values')
527.78/201.02	(81.80701754385964, '0_number_of_Instances_with_missing_values')
527.78/201.02	(82.63157894736842, '1_percentage_of_Instances_with_missing_values')
527.78/201.02	(83.0, '0_percentage_of_Instances_with_missing_values')
527.78/201.02	(84.59649122807018, '0_number_of_missing_values')
527.78/201.02	(85.3157894736842, '1_number_of_missing_values')
527.78/201.02	(85.78947368421052, '1_percentage_of_missing_values')
527.78/201.02	(86.85964912280701, '0_percentage_of_missing_values')
527.78/201.02	(87.24561403508773, '0_number_of_features_with_missing_values')
527.78/201.02	(87.43859649122807, '1_number_of_features_with_missing_values')
527.78/201.02	Result for ParamILS: SAT, 198.242493, 1, 0.326723, -1, /home/feurerm/thesis/Software/pyMetaLearn/optimizers/metalearn_optimizer/learn_distances.py
