0.74/4.84	['/home/feurerm/thesis/Software/pyMetaLearn/optimizers/metalearn_optimizer/learn_distances.py', '--input_file', '/home/feurerm/thesis/experiments/2014_04_25_predict_distances/testfold_0-3_spearman_rank_perm.pkl', '--fold', '0', '--folds', '1', '--params', '-max_features', '0.915634522702', '-min_samples_leaf', '7', '-min_samples_split', '7', '-n_estimators', '45', '-n_jobs', '4', '-seed', '47']
0.74/4.85	Metafeatures (57, 46)
0.74/4.85	X (3192, 92)
0.74/4.85	Y (3192,)
0.74/4.85	Dataset Mae MSE Rho
7.12/9.06	vehicle 0.471058887796 0.281828292063 -0.213318279484
13.72/15.19	anneal.ORIG 0.842407912868 0.791908710032 -0.245316021406
20.29/17.18	segment 0.278670398763 0.099532101586 0.745967559164
26.86/19.27	pendigits 0.385555670676 0.183551567487 0.286686839245
33.28/23.71	mushroom 0.250814795031 0.075738387825 0.503560423387
39.77/25.70	labor 0.198918392154 0.0564136852963 0.479966128838
46.31/29.77	abalone 0.397327013692 0.201926135432 0.263738963725
52.67/33.13	diabetes 0.475751724795 0.323518443796 -0.284747582159
59.16/35.12	car 0.677699357218 0.574712478165 -0.0882361974228
65.67/39.40	autos 0.18176418709 0.0443265874359 0.622501524675
72.23/41.96	mfeat-fourier 0.662839022377 0.569549263517 -0.53264927968
78.69/44.01	primary-tumor 0.189281501638 0.0448210926392 0.633167438649
85.22/49.98	waveform-5000 0.224232116305 0.0678986860603 0.643510143109
91.75/53.27	credit-a 0.449564890165 0.288726854089 0.159342290584
98.18/55.53	letter 0.319051918074 0.131350143807 0.505499680473
104.81/59.44	postoperative-patient-data 0.439029438465 0.246557717784 -0.0995485304257
111.24/61.78	vowel 0.482888613444 0.287580024909 0.0930843401383
117.68/63.84	eucalyptus 0.250530657536 0.0817506349071 0.633813857678
124.32/68.21	cylinder-bands 0.289353825353 0.102210750333 0.532326070166
130.86/72.80	ionosphere 0.421456794754 0.209519301815 -0.156756614469
137.46/77.32	mfeat-karhunen 0.26871918039 0.0971819031787 0.58145391635
144.01/79.32	balance-scale 0.277202011341 0.113357982322 0.209762974826
150.56/84.70	mfeat-morphological 0.479130591178 0.30037581111 -0.235619735975
157.17/86.82	liver-disorders 0.1434801348 0.027611615645 0.471885890979
163.66/91.56	dermatology 0.207945318619 0.0544682565005 0.493217718927
170.16/93.72	vote 0.0685697008624 0.00789736799599 0.794125776805
176.76/96.01	breast-cancer 0.107757006669 0.0188059600729 0.528447555993
183.26/98.39	credit-g 0.561768296422 0.425487852046 -0.476087614666
189.78/100.41	soybean 0.10835178034 0.0161236812075 0.815780814267
196.38/102.77	arrhythmia 0.323127673544 0.127127124813 -0.229478755202
202.85/109.78	nursery 0.242958399422 0.0750818263086 0.645772609709
209.50/116.00	hepatitis 0.271106242069 0.097029585422 0.170008204558
216.01/121.33	cmc 0.15366055828 0.0308678788351 0.68649700852
222.56/123.53	heart-c 0.268475197324 0.0992771203358 0.694900455893
229.07/125.85	glass 0.28671723879 0.102025806591 0.665165180572
235.89/128.81	braziltourism 0.744906788987 0.663596646297 -0.591150201781
242.43/130.92	iris 0.332596972083 0.149037597316 0.0494510556985
248.94/132.97	heart-statlog 0.314846035141 0.130671838971 0.53264927968
255.80/140.40	page-blocks 0.656225412078 0.569558470628 -0.702980693753
262.36/145.87	breast-w 0.255785039293 0.0883283634778 0.373953408125
268.94/147.97	heart-h 0.17960026159 0.0422757916223 0.688113056092
275.51/151.17	yeast 0.335219281706 0.140665184706 0.550631700991
282.08/153.26	tae 0.372824067452 0.170810107239 0.0617330172445
288.65/155.78	haberman 0.293384078558 0.114353793488 -0.0681972075319
295.17/158.02	mfeat-pixel 0.402219546073 0.203161313081 0.0976092733395
301.66/163.79	optdigits 0.257464148452 0.0831252068153 0.671629370859
308.31/165.87	mfeat-factors 0.262544362292 0.0904224663947 0.65546889514
314.82/167.88	satimage 0.347761976323 0.15425280057 0.104073463627
321.32/174.15	lymph 0.252978478776 0.0986800711639 0.349389485033
327.82/176.40	audiology 0.282975445953 0.0921678592977 0.461219977005
334.34/181.56	ecoli 0.408730397628 0.211241036682 0.101164577998
340.84/186.29	tic-tac-toe 0.177095496325 0.0415803406674 0.70201106521
347.55/188.38	spambase 0.341237396826 0.152331303988 0.657408152227
353.98/190.81	zoo 0.185879794095 0.0495855173816 0.592766249353
360.60/193.02	sonar 0.550521640578 0.382307162286 -0.311897181366
367.17/195.17	mfeat-zernike 0.241172270632 0.0802724959861 0.533295698709
373.77/197.20	kr-vs-kp 0.245970564076 0.0741024783293 0.545254450741
373.87/197.33	MAE 0.335072033389 0.161200013003
373.87/197.33	MSE 0.176116990838 0.176116990838
373.87/197.33	Mean tau 0.286877572789 0.398420915015
373.87/197.33	(0.5087719298245614, '1_class_probability_max')
373.87/197.33	(0.7017543859649122, '0_class_probability_max')
373.87/197.33	(2.491228070175439, '1_skewness_min')
373.87/197.33	(2.508771929824561, '0_skewness_min')
373.87/197.33	(5.614035087719298, '0_landmark_naive_bayes')
373.87/197.33	(5.807017543859649, '1_landmark_naive_bayes')
373.87/197.33	(11.140350877192983, '1_landmark_lda')
373.87/197.33	(11.298245614035087, '0_landmark_lda')
373.87/197.33	(11.614035087719298, '1_pca_skewness_first_pc')
373.87/197.33	(12.75438596491228, '0_pca_skewness_first_pc')
373.87/197.33	(14.842105263157896, '1_landmark_decision_tree')
373.87/197.33	(15.210526315789474, '0_class_probability_std')
373.87/197.33	(16.385964912280702, '0_class_entropy')
373.87/197.33	(16.45614035087719, '1_class_probability_std')
373.87/197.33	(17.982456140350877, '0_landmark_decision_tree')
373.87/197.33	(18.666666666666668, '1_class_entropy')
373.87/197.33	(19.403508771929825, '1_kurtosis_min')
373.87/197.33	(20.736842105263158, '1_class_probability_min')
373.87/197.33	(22.473684210526315, '0_class_probability_min')
373.87/197.33	(22.49122807017544, '1_landmark_1NN')
373.87/197.33	(24.087719298245613, '0_landmark_1NN')
373.87/197.33	(24.45614035087719, '0_kurtosis_min')
373.87/197.33	(26.842105263157894, '1_skewness_max')
373.87/197.33	(27.964912280701753, '1_skewness_mean')
373.87/197.33	(28.140350877192983, '0_skewness_max')
373.87/197.33	(28.92982456140351, '1_kurtosis_max')
373.87/197.33	(29.0, '0_kurtosis_max')
373.87/197.33	(30.140350877192983, '0_number_of_numeric_features')
373.87/197.33	(31.07017543859649, '1_number_of_instances')
373.87/197.33	(31.350877192982455, '1_log_number_of_instances')
373.87/197.33	(31.385964912280702, '1_number_of_numeric_features')
373.87/197.33	(32.35087719298246, '0_log_number_of_instances')
373.87/197.33	(32.59649122807018, '0_skewness_mean')
373.87/197.33	(32.73684210526316, '0_number_of_instances')
373.87/197.33	(34.12280701754386, '0_log_number_of_features')
373.87/197.33	(36.03508771929825, '1_symbols_mean')
373.87/197.33	(37.175438596491226, '1_log_number_of_features')
373.87/197.33	(37.578947368421055, '0_symbols_mean')
373.87/197.33	(39.43859649122807, '0_landmark_decision_node_learner')
373.87/197.33	(39.78947368421053, '1_number_of_features')
373.87/197.33	(40.473684210526315, '1_landmark_decision_node_learner')
373.87/197.33	(40.824561403508774, '0_number_of_features')
373.87/197.33	(41.6140350877193, '1_pca_kurtosis_first_pc')
373.87/197.33	(42.68421052631579, '0_skewness_std')
373.87/197.33	(43.26315789473684, '0_pca_kurtosis_first_pc')
373.87/197.33	(43.578947368421055, '1_skewness_std')
373.87/197.33	(44.6140350877193, '0_symbols_min')
373.87/197.33	(46.36842105263158, '1_pca_95%')
373.87/197.33	(46.73684210526316, '0_pca_95%')
373.87/197.33	(47.473684210526315, '1_symbols_min')
373.87/197.33	(47.64912280701754, '0_kurtosis_std')
373.87/197.33	(49.49122807017544, '1_kurtosis_std')
373.87/197.33	(49.91228070175438, '1_landmark_random_node_learner')
373.87/197.33	(50.59649122807018, '0_landmark_random_node_learner')
373.87/197.33	(51.26315789473684, '1_dataset_ratio')
373.87/197.33	(51.526315789473685, '0_log_dataset_ratio')
373.87/197.33	(51.666666666666664, '1_log_dataset_ratio')
373.87/197.33	(52.421052631578945, '0_dataset_ratio')
373.87/197.33	(52.73684210526316, '0_log_inverse_dataset_ratio')
373.87/197.33	(53.578947368421055, '1_inverse_dataset_ratio')
373.87/197.33	(54.421052631578945, '1_log_inverse_dataset_ratio')
373.87/197.33	(54.94736842105263, '0_inverse_dataset_ratio')
373.87/197.33	(57.228070175438596, '1_ratio_numerical_to_categorical')
373.87/197.33	(57.49122807017544, '0_ratio_numerical_to_categorical')
373.87/197.33	(59.6140350877193, '1_symbols_sum')
373.87/197.33	(60.54385964912281, '1_number_of_categorical_features')
373.87/197.33	(62.59649122807018, '0_symbols_sum')
373.87/197.33	(63.526315789473685, '1_kurtosis_mean')
373.87/197.33	(64.6842105263158, '0_kurtosis_mean')
373.87/197.33	(64.94736842105263, '0_number_of_categorical_features')
373.87/197.33	(72.80701754385964, '0_number_of_classes')
373.87/197.33	(72.82456140350877, '1_number_of_classes')
373.87/197.33	(72.87719298245614, '1_ratio_categorical_to_numerical')
373.87/197.33	(73.05263157894737, '0_class_probability_mean')
373.87/197.33	(73.42105263157895, '0_ratio_categorical_to_numerical')
373.87/197.33	(74.24561403508773, '1_class_probability_mean')
373.87/197.33	(77.3157894736842, '1_symbols_max')
373.87/197.33	(77.9298245614035, '0_symbols_max')
373.87/197.33	(78.05263157894737, '1_symbols_std')
373.87/197.33	(78.26315789473684, '0_symbols_std')
373.87/197.33	(79.6842105263158, '1_percentage_of_features_with_missing_values')
373.87/197.33	(79.91228070175438, '0_percentage_of_features_with_missing_values')
373.87/197.33	(81.2280701754386, '1_number_of_Instances_with_missing_values')
373.87/197.33	(82.24561403508773, '1_percentage_of_Instances_with_missing_values')
373.87/197.33	(82.28070175438596, '0_number_of_Instances_with_missing_values')
373.87/197.33	(82.6842105263158, '0_percentage_of_Instances_with_missing_values')
373.87/197.33	(84.45614035087719, '0_number_of_missing_values')
373.87/197.33	(84.75438596491227, '1_number_of_missing_values')
373.87/197.33	(85.43859649122807, '1_percentage_of_missing_values')
373.87/197.33	(86.08771929824562, '0_percentage_of_missing_values')
373.87/197.33	(86.21052631578948, '1_number_of_features_with_missing_values')
373.87/197.33	(87.47368421052632, '0_number_of_features_with_missing_values')
373.87/197.33	Result for ParamILS: SAT, 192.491796, 1, 0.335072, -1, /home/feurerm/thesis/Software/pyMetaLearn/optimizers/metalearn_optimizer/learn_distances.py
