0.76/1.05	['/home/feurerm/thesis/Software/pyMetaLearn/optimizers/metalearn_optimizer/learn_distances.py', '--input_file', '/home/feurerm/thesis/experiments/2014_04_25_predict_distances/testfold_0-3_spearman_rank_perm.pkl', '--fold', '0', '--folds', '1', '--params', '-max_features', '0.413214205489', '-min_samples_leaf', '7', '-min_samples_split', '3', '-n_estimators', '93', '-n_jobs', '4', '-seed', '62']
0.76/1.06	Metafeatures (57, 46)
0.76/1.06	X (3192, 92)
0.76/1.06	Y (3192,)
0.76/1.06	Dataset Mae MSE Rho
6.90/2.93	vehicle 0.402291009082 0.206648408632 0.101487787512
13.50/5.06	anneal.ORIG 0.530831924333 0.327195773988 0.306402619622
20.20/7.31	segment 0.275956486599 0.0970506223804 0.75307816848
27.01/9.54	pendigits 0.390774167762 0.18272197441 0.30995792428
33.70/11.76	mushroom 0.212852623839 0.0551227722242 0.592119830324
40.41/13.99	labor 0.197918790654 0.0558295003591 0.698455760552
47.09/16.12	abalone 0.403882950711 0.207701748376 0.224953822001
53.76/18.34	diabetes 0.483051797336 0.333296664394 -0.198450641823
60.31/20.48	car 0.502345793709 0.353148930201 0.106982349256
66.97/22.72	autos 0.213617436164 0.0587089977551 0.591150201781
73.71/24.96	mfeat-fourier 0.647218831499 0.544094825246 -0.493540928442
80.35/27.08	primary-tumor 0.200721825001 0.0494071854702 0.613451658272
87.07/29.31	waveform-5000 0.260571994691 0.0914652214726 0.4970962331
93.68/31.45	credit-a 0.409944369301 0.238605444495 0.25598193538
100.37/33.69	letter 0.290115070686 0.110693772326 0.627672876905
107.34/35.93	postoperative-patient-data 0.43872056743 0.23444941863 -0.499681909215
114.03/38.19	vowel 0.525329129539 0.345923353854 -0.0772470739342
120.77/40.43	eucalyptus 0.282988419602 0.103157237796 0.530710022594
127.47/42.68	cylinder-bands 0.284733889852 0.0939027158076 0.553011479085
134.21/44.95	ionosphere 0.429732565918 0.210856533971 -0.123142824975
140.93/47.20	mfeat-karhunen 0.284932469091 0.104509275992 0.58662526858
147.65/49.43	balance-scale 0.191360724048 0.0540926886961 0.702657484238
154.16/51.57	mfeat-morphological 0.475959342491 0.305081640893 -0.173240299702
160.94/53.79	liver-disorders 0.181542183194 0.049833368574 0.554304317143
167.78/56.02	dermatology 0.208646649058 0.0545656599355 0.512610289789
174.46/58.27	vote 0.0699199698047 0.00826960049569 0.80931662398
181.16/60.41	breast-cancer 0.217312963472 0.0655040858332 0.129930224776
187.87/62.62	credit-g 0.508978843674 0.348486139623 -0.447321967887
194.50/64.87	soybean 0.116304788759 0.0184478717055 0.836143013673
201.03/67.00	arrhythmia 0.287154645567 0.106556847576 -0.0478350081266
207.67/69.14	nursery 0.248328962314 0.0783688526707 0.645449400195
214.21/71.28	hepatitis 0.379977289608 0.201623620536 -0.126051710604
220.88/73.50	cmc 0.186438872341 0.0421908433131 0.683911332405
227.59/75.73	heart-c 0.269468600682 0.0941065821825 0.776026044
234.27/77.97	glass 0.345813920396 0.14513636769 0.404011892961
240.94/80.11	braziltourism 0.646947785655 0.507833069661 -0.608926725071
247.71/82.37	iris 0.317217557613 0.134524956794 0.15611019544
254.36/84.51	heart-statlog 0.347055598401 0.164798837877 0.584362801979
261.33/86.74	page-blocks 0.572175787921 0.439791416206 -0.536204584338
268.01/88.96	breast-w 0.232136725577 0.0729533453971 0.597614392068
274.79/91.10	heart-h 0.160669138059 0.0338469027423 0.694900455893
281.33/93.33	yeast 0.352878909872 0.154293478859 0.547193707827
287.98/95.57	tae 0.356405299536 0.159942035022 -0.0404011892961
294.72/97.78	haberman 0.286079541573 0.106620630196 -0.0368458846381
301.46/100.00	mfeat-pixel 0.387998373903 0.187270085919 0.138656881664
307.90/102.13	optdigits 0.243039731578 0.0736367714817 0.726251778787
314.61/104.28	mfeat-factors 0.260827646218 0.0896092460322 0.694900455893
321.24/106.42	satimage 0.359164969719 0.156563568806 0.0885594069371
327.80/108.55	lymph 0.279645710968 0.111128952179 0.419525949651
334.40/110.68	audiology 0.285695863028 0.100512540798 0.489339204755
341.15/112.91	ecoli 0.434004775004 0.2397787109 0.0116355425173
347.82/115.15	tic-tac-toe 0.187226842163 0.051096963697 0.738856949848
354.52/117.39	spambase 0.384825143145 0.191100636538 0.707182417439
361.25/119.63	zoo 0.18302144604 0.0452463543037 0.678739980175
367.94/121.87	sonar 0.560067220589 0.395086445408 -0.393345978987
374.63/124.10	mfeat-zernike 0.229727973219 0.0743611646517 0.586302059065
381.33/126.32	kr-vs-kp 0.217866052332 0.0586811770534 0.608926725071
381.72/126.61	MAE 0.327024876497 0.130825227398
381.72/126.61	MSE 0.160095295404 0.160095295404
381.72/126.61	Mean tau 0.317023170857 0.40142985753
381.72/126.61	(0.07017543859649122, '1_class_probability_max')
381.72/126.61	(1.087719298245614, '0_class_probability_max')
381.72/126.61	(2.6842105263157894, '1_skewness_min')
381.72/126.61	(2.824561403508772, '0_skewness_min')
381.72/126.61	(5.5964912280701755, '0_class_probability_std')
381.72/126.61	(6.526315789473684, '0_landmark_decision_tree')
381.72/126.61	(7.035087719298246, '1_class_entropy')
381.72/126.61	(7.87719298245614, '0_class_entropy')
381.72/126.61	(8.333333333333334, '0_landmark_random_node_learner')
381.72/126.61	(8.736842105263158, '1_class_probability_std')
381.72/126.61	(9.771929824561404, '1_landmark_random_node_learner')
381.72/126.61	(10.789473684210526, '1_landmark_decision_tree')
381.72/126.61	(11.263157894736842, '0_landmark_naive_bayes')
381.72/126.61	(12.017543859649123, '1_landmark_naive_bayes')
381.72/126.61	(17.526315789473685, '1_landmark_1NN')
381.72/126.61	(18.087719298245613, '0_landmark_1NN')
381.72/126.61	(18.649122807017545, '0_skewness_std')
381.72/126.61	(19.736842105263158, '0_pca_skewness_first_pc')
381.72/126.61	(21.42105263157895, '1_pca_skewness_first_pc')
381.72/126.61	(22.17543859649123, '0_landmark_lda')
381.72/126.61	(22.596491228070175, '1_number_of_features')
381.72/126.61	(23.280701754385966, '1_skewness_std')
381.72/126.61	(23.87719298245614, '1_log_number_of_features')
381.72/126.61	(24.140350877192983, '1_skewness_max')
381.72/126.61	(24.789473684210527, '0_number_of_features')
381.72/126.61	(25.17543859649123, '1_landmark_lda')
381.72/126.61	(25.666666666666668, '0_skewness_max')
381.72/126.61	(25.736842105263158, '0_log_number_of_features')
381.72/126.61	(26.385964912280702, '0_kurtosis_std')
381.72/126.61	(28.350877192982455, '0_kurtosis_min')
381.72/126.61	(29.771929824561404, '1_kurtosis_std')
381.72/126.61	(30.596491228070175, '1_kurtosis_min')
381.72/126.61	(33.07017543859649, '1_symbols_sum')
381.72/126.61	(34.26315789473684, '1_number_of_numeric_features')
381.72/126.61	(35.73684210526316, '0_number_of_numeric_features')
381.72/126.61	(39.08771929824562, '1_class_probability_min')
381.72/126.61	(39.21052631578947, '0_symbols_sum')
381.72/126.61	(39.29824561403509, '1_kurtosis_max')
381.72/126.61	(40.228070175438596, '0_class_probability_min')
381.72/126.61	(41.0, '0_kurtosis_max')
381.72/126.61	(42.29824561403509, '0_number_of_categorical_features')
381.72/126.61	(42.45614035087719, '0_landmark_decision_node_learner')
381.72/126.61	(42.64912280701754, '1_number_of_categorical_features')
381.72/126.61	(43.91228070175438, '1_landmark_decision_node_learner')
381.72/126.61	(47.40350877192982, '1_log_number_of_instances')
381.72/126.61	(47.771929824561404, '1_pca_kurtosis_first_pc')
381.72/126.61	(47.824561403508774, '0_pca_kurtosis_first_pc')
381.72/126.61	(47.94736842105263, '1_number_of_instances')
381.72/126.61	(48.35087719298246, '0_log_number_of_instances')
381.72/126.61	(49.473684210526315, '0_number_of_instances')
381.72/126.61	(49.578947368421055, '1_pca_95%')
381.72/126.61	(49.59649122807018, '0_pca_95%')
381.72/126.61	(51.3859649122807, '1_skewness_mean')
381.72/126.61	(52.70175438596491, '1_symbols_mean')
381.72/126.61	(52.87719298245614, '0_skewness_mean')
381.72/126.61	(55.719298245614034, '1_ratio_numerical_to_categorical')
381.72/126.61	(56.19298245614035, '0_ratio_numerical_to_categorical')
381.72/126.61	(57.6140350877193, '1_log_inverse_dataset_ratio')
381.72/126.61	(57.771929824561404, '1_dataset_ratio')
381.72/126.61	(57.89473684210526, '1_inverse_dataset_ratio')
381.72/126.61	(58.07017543859649, '0_log_dataset_ratio')
381.72/126.61	(58.719298245614034, '0_symbols_mean')
381.72/126.61	(59.31578947368421, '0_dataset_ratio')
381.72/126.61	(59.31578947368421, '0_log_inverse_dataset_ratio')
381.72/126.61	(59.49122807017544, '0_inverse_dataset_ratio')
381.72/126.61	(59.56140350877193, '1_log_dataset_ratio')
381.72/126.61	(62.98245614035088, '0_symbols_min')
381.72/126.61	(63.0, '1_symbols_min')
381.72/126.61	(64.75438596491227, '0_kurtosis_mean')
381.72/126.61	(65.24561403508773, '1_kurtosis_mean')
381.72/126.61	(72.6842105263158, '0_percentage_of_features_with_missing_values')
381.72/126.61	(73.36842105263158, '1_symbols_max')
381.72/126.61	(74.54385964912281, '0_symbols_max')
381.72/126.61	(74.96491228070175, '0_ratio_categorical_to_numerical')
381.72/126.61	(75.80701754385964, '1_ratio_categorical_to_numerical')
381.72/126.61	(75.87719298245614, '0_class_probability_mean')
381.72/126.61	(76.57894736842105, '0_number_of_classes')
381.72/126.61	(76.63157894736842, '1_percentage_of_features_with_missing_values')
381.72/126.61	(76.7719298245614, '0_percentage_of_missing_values')
381.72/126.61	(77.08771929824562, '1_percentage_of_missing_values')
381.72/126.61	(77.17543859649123, '1_class_probability_mean')
381.72/126.61	(77.29824561403508, '0_symbols_std')
381.72/126.61	(77.78947368421052, '1_number_of_classes')
381.72/126.61	(80.3157894736842, '1_symbols_std')
381.72/126.61	(84.28070175438596, '1_number_of_Instances_with_missing_values')
381.72/126.61	(84.84210526315789, '1_percentage_of_Instances_with_missing_values')
381.72/126.61	(84.87719298245614, '0_percentage_of_Instances_with_missing_values')
381.72/126.61	(85.2280701754386, '0_number_of_features_with_missing_values')
381.72/126.61	(85.28070175438596, '0_number_of_Instances_with_missing_values')
381.72/126.61	(85.50877192982456, '1_number_of_missing_values')
381.72/126.61	(85.75438596491227, '0_number_of_missing_values')
381.72/126.61	(86.98245614035088, '1_number_of_features_with_missing_values')
381.72/126.61	Result for ParamILS: SAT, 125.563420, 1, 0.327025, -1, /home/feurerm/thesis/Software/pyMetaLearn/optimizers/metalearn_optimizer/learn_distances.py
