0.76/1.03	['/home/feurerm/thesis/Software/pyMetaLearn/optimizers/metalearn_optimizer/learn_distances.py', '--input_file', '/home/feurerm/thesis/experiments/2014_04_25_predict_distances/testfold_0-3_spearman_rank_perm.pkl', '--fold', '0', '--folds', '1', '--params', '-max_features', '0.879714402742', '-min_samples_leaf', '8', '-min_samples_split', '5', '-n_estimators', '83', '-n_jobs', '4', '-seed', '69']
0.76/1.05	Metafeatures (57, 46)
0.76/1.05	X (3192, 92)
0.76/1.05	Y (3192,)
0.76/1.05	Dataset Mae MSE Rho
11.54/4.01	vehicle 0.475943685004 0.289787139778 -0.168715366501
23.00/7.30	anneal.ORIG 0.784531354161 0.686614072975 -0.235619735975
34.14/10.49	segment 0.280301988621 0.0987001347508 0.787984796032
45.62/13.78	pendigits 0.387492019023 0.182471494229 0.253073049751
56.87/17.02	mushroom 0.245527661786 0.0723719589558 0.521336946677
68.25/20.33	labor 0.191605926656 0.0551508553889 0.548486545884
79.62/23.62	abalone 0.417673943871 0.221028515347 0.159665500098
90.52/26.72	diabetes 0.497934754797 0.341773485212 -0.23820541209
101.76/29.93	car 0.667944988871 0.557178684605 -0.0326441609513
113.27/33.22	autos 0.188833440063 0.0469009087519 0.609249934586
124.70/36.51	mfeat-fourier 0.656912830046 0.563024227153 -0.501621166301
135.95/39.71	primary-tumor 0.192705049121 0.0450495594401 0.645772609709
147.34/43.02	waveform-5000 0.239367621023 0.080736692508 0.609249934586
158.81/46.32	credit-a 0.451878528392 0.287271745182 0.14867637661
177.80/49.53	letter 0.297553379095 0.114261412762 0.553011479085
189.48/52.94	postoperative-patient-data 0.445712511234 0.247662850103 -0.298645591277
200.72/56.14	vowel 0.483588287898 0.28631940823 0.0581777125864
212.15/59.43	eucalyptus 0.278277022505 0.100635029188 0.46380565312
223.57/62.62	cylinder-bands 0.305217754094 0.10995430773 0.455078996232
234.97/65.91	ionosphere 0.413127187751 0.200938949709 -0.0921147115952
246.44/69.21	mfeat-karhunen 0.265979934203 0.0924220945532 0.625733619818
257.64/72.50	balance-scale 0.26043016812 0.0985021590902 0.318038162139
268.88/75.69	mfeat-morphological 0.490327039505 0.323134699165 -0.248224907035
280.16/78.88	liver-disorders 0.137845627625 0.0263664857414 0.533295698709
291.44/83.12	dermatology 0.207390269573 0.054465974135 0.498065861643
302.71/86.31	vote 0.0703919378047 0.00804655340508 0.782490234287
314.17/89.64	breast-cancer 0.11662738175 0.0216373439465 0.510024613674
325.72/95.07	credit-g 0.567447611727 0.434536525562 -0.541375936568
336.97/98.39	soybean 0.11573983807 0.0179947811296 0.820952166497
348.15/101.57	arrhythmia 0.31771968698 0.121446854576 -0.201036317938
359.34/104.79	nursery 0.252373592469 0.0822811435614 0.635106695735
370.61/108.08	hepatitis 0.315718810794 0.140918238019 -0.0862969403365
381.85/111.49	cmc 0.152369742502 0.0309004995217 0.718817959957
393.16/114.73	heart-c 0.257007455235 0.0877082941972 0.756956682652
404.39/117.93	glass 0.306301181689 0.116738678213 0.600523277698
416.13/121.34	braziltourism 0.728994840974 0.626141528869 -0.634137067192
427.43/124.53	iris 0.311793692573 0.131351822038 0.114739377601
438.75/127.74	heart-statlog 0.316584118545 0.130989813769 0.538790260453
450.48/131.13	page-blocks 0.617602442558 0.5043438789 -0.626056829333
461.90/134.42	breast-w 0.244863463473 0.0805277332145 0.395608445588
473.20/137.71	heart-h 0.161680992933 0.0333489043612 0.722696474129
484.50/141.03	yeast 0.337540012638 0.140922975769 0.611835610701
495.81/144.34	tae 0.361787408046 0.163757989839 0.0193925708621
507.15/147.55	haberman 0.298994776136 0.122777902167 -0.0717525121899
518.41/150.74	mfeat-pixel 0.403145657458 0.202139300752 0.0950235972245
529.73/154.03	optdigits 0.252173975433 0.078050366781 0.711384141126
541.19/157.32	mfeat-factors 0.263359491957 0.091090391027 0.684557751434
552.74/160.60	satimage 0.330858109608 0.138919032141 0.137687253121
564.05/163.90	lymph 0.247748090252 0.0916694865745 0.372983779582
575.20/167.21	audiology 0.283117433374 0.0933034151668 0.476087614666
586.59/171.70	ecoli 0.415305849939 0.219043759346 0.0633490648163
597.86/174.90	tic-tac-toe 0.179619079478 0.0439697070987 0.710091303069
609.50/178.18	spambase 0.3760078746 0.18688492199 0.639308419422
620.77/181.37	zoo 0.194144298521 0.051390845119 0.592766249353
632.02/184.56	sonar 0.542945850946 0.366883322857 -0.306402619622
643.32/188.48	mfeat-zernike 0.236497526491 0.0767271220418 0.56884874529
654.73/191.79	kr-vs-kp 0.246983108352 0.0734759667917 0.543315193654
655.05/192.03	MAE 0.334869268532 0.156024093621
655.05/192.03	MSE 0.173555121814 0.173555121814
655.05/192.03	Mean tau 0.286477036578 0.404851693711
655.05/192.03	(0.22807017543859648, '0_class_probability_max')
655.05/192.03	(0.9649122807017544, '1_class_probability_max')
655.05/192.03	(2.4210526315789473, '0_skewness_min')
655.05/192.03	(2.5789473684210527, '1_skewness_min')
655.05/192.03	(6.228070175438597, '0_landmark_naive_bayes')
655.05/192.03	(6.543859649122807, '1_landmark_naive_bayes')
655.05/192.03	(7.631578947368421, '1_class_entropy')
655.05/192.03	(8.31578947368421, '0_class_entropy')
655.05/192.03	(9.719298245614034, '1_landmark_decision_tree')
655.05/192.03	(12.666666666666666, '1_pca_skewness_first_pc')
655.05/192.03	(13.052631578947368, '0_pca_skewness_first_pc')
655.05/192.03	(13.070175438596491, '0_class_probability_std')
655.05/192.03	(13.421052631578947, '1_class_probability_std')
655.05/192.03	(13.894736842105264, '1_landmark_lda')
655.05/192.03	(14.157894736842104, '0_landmark_decision_tree')
655.05/192.03	(15.105263157894736, '0_landmark_lda')
655.05/192.03	(18.350877192982455, '0_kurtosis_min')
655.05/192.03	(19.719298245614034, '1_kurtosis_min')
655.05/192.03	(24.07017543859649, '1_landmark_1NN')
655.05/192.03	(25.82456140350877, '0_skewness_max')
655.05/192.03	(25.859649122807017, '0_landmark_1NN')
655.05/192.03	(26.473684210526315, '1_class_probability_min')
655.05/192.03	(26.859649122807017, '0_class_probability_min')
655.05/192.03	(26.912280701754387, '1_skewness_max')
655.05/192.03	(28.771929824561404, '0_skewness_std')
655.05/192.03	(30.80701754385965, '0_kurtosis_max')
655.05/192.03	(31.140350877192983, '1_number_of_numeric_features')
655.05/192.03	(31.596491228070175, '1_kurtosis_max')
655.05/192.03	(32.50877192982456, '1_landmark_random_node_learner')
655.05/192.03	(32.824561403508774, '1_skewness_std')
655.05/192.03	(32.96491228070175, '0_number_of_numeric_features')
655.05/192.03	(34.45614035087719, '0_number_of_instances')
655.05/192.03	(35.03508771929825, '1_log_number_of_instances')
655.05/192.03	(35.1578947368421, '1_number_of_features')
655.05/192.03	(35.578947368421055, '0_skewness_mean')
655.05/192.03	(35.78947368421053, '1_number_of_instances')
655.05/192.03	(35.89473684210526, '0_log_number_of_instances')
655.05/192.03	(36.473684210526315, '0_log_number_of_features')
655.05/192.03	(36.64912280701754, '1_skewness_mean')
655.05/192.03	(37.08771929824562, '1_log_number_of_features')
655.05/192.03	(37.175438596491226, '0_number_of_features')
655.05/192.03	(39.19298245614035, '1_kurtosis_std')
655.05/192.03	(41.10526315789474, '0_landmark_decision_node_learner')
655.05/192.03	(41.175438596491226, '0_landmark_random_node_learner')
655.05/192.03	(42.21052631578947, '1_landmark_decision_node_learner')
655.05/192.03	(43.19298245614035, '0_symbols_mean')
655.05/192.03	(44.14035087719298, '0_pca_kurtosis_first_pc')
655.05/192.03	(44.54385964912281, '1_symbols_mean')
655.05/192.03	(45.03508771929825, '1_pca_kurtosis_first_pc')
655.05/192.03	(46.526315789473685, '0_kurtosis_std')
655.05/192.03	(47.6140350877193, '0_pca_95%')
655.05/192.03	(49.0, '0_symbols_min')
655.05/192.03	(50.89473684210526, '1_pca_95%')
655.05/192.03	(52.421052631578945, '0_symbols_sum')
655.05/192.03	(52.92982456140351, '0_dataset_ratio')
655.05/192.03	(53.12280701754386, '1_symbols_min')
655.05/192.03	(53.333333333333336, '0_log_inverse_dataset_ratio')
655.05/192.03	(53.94736842105263, '0_log_dataset_ratio')
655.05/192.03	(54.666666666666664, '1_log_inverse_dataset_ratio')
655.05/192.03	(55.45614035087719, '1_log_dataset_ratio')
655.05/192.03	(55.56140350877193, '1_dataset_ratio')
655.05/192.03	(55.96491228070175, '1_symbols_sum')
655.05/192.03	(56.24561403508772, '1_inverse_dataset_ratio')
655.05/192.03	(56.29824561403509, '0_inverse_dataset_ratio')
655.05/192.03	(58.421052631578945, '1_ratio_numerical_to_categorical')
655.05/192.03	(58.771929824561404, '0_ratio_numerical_to_categorical')
655.05/192.03	(62.85964912280702, '0_number_of_categorical_features')
655.05/192.03	(65.35087719298245, '0_kurtosis_mean')
655.05/192.03	(65.98245614035088, '1_kurtosis_mean')
655.05/192.03	(66.40350877192982, '1_number_of_categorical_features')
655.05/192.03	(72.29824561403508, '1_number_of_classes')
655.05/192.03	(73.6140350877193, '1_ratio_categorical_to_numerical')
655.05/192.03	(73.6842105263158, '0_ratio_categorical_to_numerical')
655.05/192.03	(73.7719298245614, '0_class_probability_mean')
655.05/192.03	(73.80701754385964, '1_class_probability_mean')
655.05/192.03	(74.71929824561404, '0_number_of_classes')
655.05/192.03	(76.78947368421052, '1_symbols_max')
655.05/192.03	(77.7719298245614, '0_symbols_max')
655.05/192.03	(77.98245614035088, '1_symbols_std')
655.05/192.03	(78.89473684210526, '0_symbols_std')
655.05/192.03	(78.89473684210526, '1_percentage_of_features_with_missing_values')
655.05/192.03	(79.54385964912281, '0_percentage_of_features_with_missing_values')
655.05/192.03	(82.80701754385964, '0_number_of_Instances_with_missing_values')
655.05/192.03	(83.21052631578948, '0_percentage_of_Instances_with_missing_values')
655.05/192.03	(83.36842105263158, '1_number_of_Instances_with_missing_values')
655.05/192.03	(83.78947368421052, '1_percentage_of_Instances_with_missing_values')
655.05/192.03	(84.19298245614036, '1_percentage_of_missing_values')
655.05/192.03	(84.56140350877193, '0_percentage_of_missing_values')
655.05/192.03	(85.01754385964912, '1_number_of_missing_values')
655.05/192.03	(85.12280701754386, '0_number_of_missing_values')
655.05/192.03	(87.05263157894737, '1_number_of_features_with_missing_values')
655.05/192.03	(88.75438596491227, '0_number_of_features_with_missing_values')
655.05/192.03	Result for ParamILS: SAT, 190.993949, 1, 0.334869, -1, /home/feurerm/thesis/Software/pyMetaLearn/optimizers/metalearn_optimizer/learn_distances.py
