0.70/1.34	['/home/feurerm/thesis/Software/pyMetaLearn/optimizers/metalearn_optimizer/learn_distances.py', '--input_file', '/home/feurerm/thesis/experiments/2014_04_25_predict_distances/testfold_0-3_spearman_rank_perm.pkl', '--fold', '0', '--folds', '1', '--params', '-max_features', '0.282079880958', '-min_samples_leaf', '5', '-min_samples_split', '7', '-n_estimators', '82', '-n_jobs', '4', '-seed', '98']
0.70/1.35	Metafeatures (57, 46)
0.70/1.35	X (3192, 92)
0.70/1.35	Y (3192,)
0.70/1.35	Dataset Mae MSE Rho
4.64/2.83	vehicle 0.391403104163 0.196582671538 0.173240299702
8.97/4.35	anneal.ORIG 0.517696308107 0.318094548933 0.262769335182
13.26/5.95	segment 0.265853441961 0.0890037953885 0.79154010069
17.57/7.53	pendigits 0.403126776996 0.192455237577 0.249840954607
21.86/8.95	mushroom 0.202270925799 0.0493391688205 0.623147943704
26.11/10.57	labor 0.194805888861 0.0529392673007 0.754371006537
30.38/16.40	abalone 0.408960291647 0.211768690738 0.198773851337
34.66/17.91	diabetes 0.483614529326 0.322490404146 -0.0268263896926
38.91/19.45	car 0.465131086241 0.318405749083 0.120233939345
43.15/25.42	autos 0.233816738749 0.0707316724441 0.564000602574
47.53/27.10	mfeat-fourier 0.65449890057 0.557284452377 -0.490955252327
51.68/30.02	primary-tumor 0.21062001729 0.0537837350218 0.607310677499
55.99/31.53	waveform-5000 0.259975220928 0.0910873309738 0.573050468976
60.25/33.04	credit-a 0.39293564285 0.217320741536 0.287333258274
64.57/34.55	letter 0.283259797798 0.105431098473 0.645772609709
68.98/36.07	postoperative-patient-data 0.461847950236 0.264315886314 -0.567555907232
73.36/37.60	vowel 0.515195360074 0.332122838654 -0.00969628543107
77.54/39.14	eucalyptus 0.287026558793 0.111408814244 0.535881374824
81.85/40.68	cylinder-bands 0.270689968482 0.0852552499022 0.634460276706
86.21/42.23	ionosphere 0.431089236972 0.21358826929 -0.0888826164515
90.47/43.68	mfeat-karhunen 0.277821085496 0.102170473973 0.551718641028
94.90/45.20	balance-scale 0.189253900266 0.0497962191986 0.652560009511
99.02/46.69	mfeat-morphological 0.487691207627 0.319078323967 -0.236589364518
103.27/48.28	liver-disorders 0.221594963076 0.0684135072994 0.651913590482
107.63/50.03	dermatology 0.20342215009 0.0535582623389 0.531356441623
111.99/51.56	vote 0.0737566838961 0.00910069503773 0.792186519719
116.41/53.10	breast-cancer 0.219685453757 0.0656485860978 0.120880358374
120.75/54.64	credit-g 0.48520360169 0.314889318274 -0.365873170266
125.09/56.29	soybean 0.109047209324 0.0166815003655 0.859737308222
129.45/57.86	arrhythmia 0.275467227198 0.0958999770462 -0.00387851417243
133.81/59.63	nursery 0.233125250184 0.0680222487316 0.700071808123
138.09/61.31	hepatitis 0.399928896264 0.217252115303 -0.121526777403
142.45/62.83	cmc 0.184487010692 0.0417016915885 0.713323398212
146.78/69.22	heart-c 0.283033490269 0.104561429314 0.682941703862
151.02/70.76	glass 0.357031915642 0.152816110975 0.369105265409
155.37/75.21	braziltourism 0.630145731251 0.483169167222 -0.54299198414
159.78/77.10	iris 0.311562503452 0.130253440822 0.198127432308
163.90/78.61	heart-statlog 0.364484516837 0.178580567887 0.515842384933
168.34/80.20	page-blocks 0.51707886178 0.358888068867 -0.240791088205
172.65/81.74	breast-w 0.218997243875 0.0651041771813 0.53782063191
176.96/83.29	heart-h 0.157146690402 0.0331850684143 0.720757217043
181.26/84.94	yeast 0.367613955917 0.164187695891 0.55042580297
185.60/91.19	tae 0.342040439298 0.151255587511 -0.0591473411295
190.01/93.09	haberman 0.299646498416 0.116139403002 -0.0947003877101
194.31/94.63	mfeat-pixel 0.374848113845 0.170322922191 0.171301042616
198.64/96.30	optdigits 0.217146271252 0.0583035402812 0.744351511592
203.02/97.89	mfeat-factors 0.263215116588 0.0927517715269 0.64803507631
207.39/99.85	satimage 0.357256932987 0.156039373709 0.116355425173
211.76/101.46	lymph 0.262151468472 0.0992004808098 0.484167852525
216.10/103.09	audiology 0.292349003754 0.1071233128 0.505176470959
220.43/104.60	ecoli 0.429731623237 0.233507431275 0.0190693613478
224.72/110.02	tic-tac-toe 0.19761783151 0.0591512505223 0.741119416448
229.02/111.45	spambase 0.368428861706 0.172145673117 0.743058673534
233.40/113.12	zoo 0.169751439268 0.040156723244 0.69683971298
237.75/114.78	sonar 0.550614285098 0.380424969589 -0.36619637978
242.15/121.92	mfeat-zernike 0.227358776453 0.0721653421494 0.567879116746
246.47/123.45	kr-vs-kp 0.204216704591 0.050965160183 0.648358285824
246.82/123.70	MAE 0.323820537918 0.127752435861
246.82/123.70	MSE 0.156245986148 0.156245986148
246.82/123.70	Mean tau 0.334045538614 0.388285801507
246.82/123.70	(0.38596491228070173, '0_class_probability_max')
246.82/123.70	(0.7017543859649122, '1_class_probability_max')
246.82/123.70	(5.087719298245614, '0_skewness_min')
246.82/123.70	(5.157894736842105, '1_landmark_decision_tree')
246.82/123.70	(5.491228070175438, '1_class_probability_std')
246.82/123.70	(6.771929824561403, '1_landmark_random_node_learner')
246.82/123.70	(6.87719298245614, '0_landmark_decision_tree')
246.82/123.70	(6.982456140350878, '1_skewness_min')
246.82/123.70	(7.2631578947368425, '0_class_entropy')
246.82/123.70	(8.24561403508772, '0_class_probability_std')
246.82/123.70	(8.596491228070175, '1_class_entropy')
246.82/123.70	(10.543859649122806, '0_landmark_naive_bayes')
246.82/123.70	(10.807017543859649, '1_landmark_naive_bayes')
246.82/123.70	(11.12280701754386, '0_landmark_random_node_learner')
246.82/123.70	(15.31578947368421, '1_landmark_1NN')
246.82/123.70	(16.105263157894736, '0_landmark_1NN')
246.82/123.70	(18.035087719298247, '0_landmark_lda')
246.82/123.70	(20.473684210526315, '0_pca_skewness_first_pc')
246.82/123.70	(21.087719298245613, '1_landmark_lda')
246.82/123.70	(23.05263157894737, '1_pca_skewness_first_pc')
246.82/123.70	(23.70175438596491, '0_log_number_of_features')
246.82/123.70	(24.087719298245613, '1_number_of_features')
246.82/123.70	(24.350877192982455, '0_number_of_features')
246.82/123.70	(24.859649122807017, '1_log_number_of_features')
246.82/123.70	(25.94736842105263, '1_skewness_max')
246.82/123.70	(27.859649122807017, '0_kurtosis_std')
246.82/123.70	(28.596491228070175, '0_kurtosis_min')
246.82/123.70	(28.859649122807017, '1_kurtosis_std')
246.82/123.70	(28.92982456140351, '0_skewness_max')
246.82/123.70	(30.07017543859649, '0_number_of_numeric_features')
246.82/123.70	(30.19298245614035, '1_symbols_sum')
246.82/123.70	(30.210526315789473, '1_skewness_std')
246.82/123.70	(31.140350877192983, '1_kurtosis_min')
246.82/123.70	(31.596491228070175, '0_skewness_std')
246.82/123.70	(33.771929824561404, '0_symbols_sum')
246.82/123.70	(35.19298245614035, '1_number_of_numeric_features')
246.82/123.70	(38.64912280701754, '0_number_of_categorical_features')
246.82/123.70	(39.05263157894737, '0_landmark_decision_node_learner')
246.82/123.70	(39.43859649122807, '1_number_of_categorical_features')
246.82/123.70	(40.56140350877193, '1_landmark_decision_node_learner')
246.82/123.70	(42.63157894736842, '0_kurtosis_max')
246.82/123.70	(43.94736842105263, '1_class_probability_min')
246.82/123.70	(44.280701754385966, '1_kurtosis_max')
246.82/123.70	(45.05263157894737, '0_pca_kurtosis_first_pc')
246.82/123.70	(45.473684210526315, '1_ratio_numerical_to_categorical')
246.82/123.70	(45.64912280701754, '1_pca_kurtosis_first_pc')
246.82/123.70	(46.666666666666664, '0_class_probability_min')
246.82/123.70	(48.333333333333336, '0_skewness_mean')
246.82/123.70	(49.07017543859649, '0_pca_95%')
246.82/123.70	(50.63157894736842, '1_pca_95%')
246.82/123.70	(51.473684210526315, '0_log_number_of_instances')
246.82/123.70	(53.8421052631579, '0_symbols_mean')
246.82/123.70	(53.8421052631579, '1_log_number_of_instances')
246.82/123.70	(53.94736842105263, '1_number_of_instances')
246.82/123.70	(54.175438596491226, '0_ratio_numerical_to_categorical')
246.82/123.70	(54.59649122807018, '0_number_of_instances')
246.82/123.70	(55.50877192982456, '1_skewness_mean')
246.82/123.70	(58.824561403508774, '1_symbols_mean')
246.82/123.70	(59.280701754385966, '0_kurtosis_mean')
246.82/123.70	(59.666666666666664, '0_dataset_ratio')
246.82/123.70	(59.771929824561404, '1_inverse_dataset_ratio')
246.82/123.70	(59.80701754385965, '1_dataset_ratio')
246.82/123.70	(60.12280701754386, '1_kurtosis_mean')
246.82/123.70	(60.78947368421053, '0_log_inverse_dataset_ratio')
246.82/123.70	(60.80701754385965, '0_inverse_dataset_ratio')
246.82/123.70	(60.96491228070175, '0_log_dataset_ratio')
246.82/123.70	(61.31578947368421, '1_log_dataset_ratio')
246.82/123.70	(64.6842105263158, '1_log_inverse_dataset_ratio')
246.82/123.70	(65.85964912280701, '1_symbols_min')
246.82/123.70	(69.10526315789474, '0_symbols_max')
246.82/123.70	(69.33333333333333, '1_symbols_max')
246.82/123.70	(70.63157894736842, '1_percentage_of_features_with_missing_values')
246.82/123.70	(72.36842105263158, '0_percentage_of_features_with_missing_values')
246.82/123.70	(72.75438596491227, '0_percentage_of_missing_values')
246.82/123.70	(73.24561403508773, '0_symbols_min')
246.82/123.70	(74.3157894736842, '1_class_probability_mean')
246.82/123.70	(74.6842105263158, '1_percentage_of_missing_values')
246.82/123.70	(75.14035087719299, '0_ratio_categorical_to_numerical')
246.82/123.70	(75.66666666666667, '1_ratio_categorical_to_numerical')
246.82/123.70	(75.7719298245614, '1_symbols_std')
246.82/123.70	(76.14035087719299, '1_number_of_classes')
246.82/123.70	(76.7719298245614, '0_number_of_classes')
246.82/123.70	(77.43859649122807, '0_symbols_std')
246.82/123.70	(77.96491228070175, '0_class_probability_mean')
246.82/123.70	(83.80701754385964, '0_percentage_of_Instances_with_missing_values')
246.82/123.70	(83.94736842105263, '0_number_of_missing_values')
246.82/123.70	(84.3157894736842, '1_percentage_of_Instances_with_missing_values')
246.82/123.70	(84.80701754385964, '1_number_of_Instances_with_missing_values')
246.82/123.70	(84.84210526315789, '0_number_of_Instances_with_missing_values')
246.82/123.70	(85.26315789473684, '1_number_of_features_with_missing_values')
246.82/123.70	(85.70175438596492, '1_number_of_missing_values')
246.82/123.70	(85.78947368421052, '0_number_of_features_with_missing_values')
246.82/123.70	Result for ParamILS: SAT, 122.365085, 1, 0.323821, -1, /home/feurerm/thesis/Software/pyMetaLearn/optimizers/metalearn_optimizer/learn_distances.py
