0.71/1.89	['/home/feurerm/thesis/Software/pyMetaLearn/optimizers/metalearn_optimizer/learn_distances.py', '--input_file', '/home/feurerm/thesis/experiments/2014_04_25_predict_distances/testfold_0-3_spearman_rank_perm.pkl', '--fold', '0', '--folds', '1', '--params', '-max_features', '0.683066395522', '-min_samples_leaf', '4', '-min_samples_split', '6', '-n_estimators', '30', '-n_jobs', '4', '-seed', '32']
0.79/1.90	Metafeatures (57, 46)
0.79/1.90	X (3192, 92)
0.79/1.90	Y (3192,)
0.79/1.90	Dataset Mae MSE Rho
4.30/3.42	vehicle 0.481201738128 0.297682565217 -0.209116555797
8.01/7.36	anneal.ORIG 0.674840829742 0.516575572138 -0.176149185331
11.76/8.61	segment 0.290400414239 0.108921059822 0.674215046974
15.49/9.95	pendigits 0.396924210159 0.191497177513 0.279576229929
19.22/11.19	mushroom 0.225048147106 0.0647097231561 0.556889993258
22.92/12.46	labor 0.200317824058 0.0590926432819 0.53782063191
26.57/13.84	abalone 0.370373282543 0.176827236216 0.34841985649
30.22/19.11	diabetes 0.475885726435 0.311077904774 -0.0135747996035
33.90/20.35	car 0.695300221057 0.600168887195 -0.0966396447963
37.61/21.60	autos 0.179863545787 0.0425505083406 0.669366904258
41.36/23.20	mfeat-fourier 0.695481637498 0.628711810355 -0.534588536766
45.07/24.50	primary-tumor 0.18758716322 0.0452679759932 0.625733619818
48.77/25.74	waveform-5000 0.241077238685 0.0780541892116 0.591150201781
52.52/30.25	credit-a 0.435133998353 0.274314930045 0.186815099305
56.19/31.92	letter 0.267161086497 0.0954195877478 0.590826992267
59.96/33.16	postoperative-patient-data 0.447113316002 0.242381342367 -0.256951563923
63.61/34.40	vowel 0.465102769688 0.267252270878 0.170331414072
67.32/35.65	eucalyptus 0.266840705355 0.094486370696 0.546224079284
71.03/36.90	cylinder-bands 0.267675164782 0.0851931955029 0.555920364715
74.72/38.34	ionosphere 0.421394152427 0.207166540741 -0.0471885890979
78.46/39.59	mfeat-karhunen 0.267297190651 0.0951822553595 0.611512401186
82.20/40.95	balance-scale 0.252257780872 0.0950854929662 0.37136773201
85.90/42.28	mfeat-morphological 0.501118038227 0.334539502807 -0.264708592268
89.62/43.90	liver-disorders 0.154362080412 0.0364069193274 0.524892251335
93.40/45.35	dermatology 0.214703038495 0.0583408802359 0.478350081266
97.12/50.17	vote 0.0799604673245 0.0106156981141 0.756956682652
100.91/51.42	breast-cancer 0.134283071878 0.0249339180275 0.509378194646
104.66/52.66	credit-g 0.567958445231 0.439135053219 -0.512610289789
108.40/54.00	soybean 0.112801735399 0.0181307051596 0.804791690779
112.01/55.31	arrhythmia 0.321002122088 0.128020073766 -0.197481013279
115.65/56.55	nursery 0.224876236642 0.0644860127505 0.69910217958
119.31/57.81	hepatitis 0.305507884743 0.134126446223 0.12572850109
123.00/59.12	cmc 0.166109946998 0.0373271262834 0.654499266597
126.69/60.36	heart-c 0.219750292197 0.0647891881529 0.766976177598
130.41/61.88	glass 0.312649065263 0.119286177023 0.556243574229
134.17/63.13	braziltourism 0.697180017602 0.588834720404 -0.443766663229
137.85/64.48	iris 0.311454759382 0.129157068821 0.146090700495
141.48/69.42	heart-statlog 0.391247719806 0.207987210343 0.22560024103
145.36/70.78	page-blocks 0.600833334582 0.495173038746 -0.362317865608
149.07/72.11	breast-w 0.234865667966 0.073924057625 0.445705920315
152.73/73.36	heart-h 0.139768657321 0.0265669064632 0.722373264615
156.41/75.09	yeast 0.335534404843 0.140255121456 0.581130706836
160.04/76.34	tae 0.37662747223 0.173433067114 0.0837112642216
163.78/77.58	haberman 0.296706050957 0.112177719628 -0.0704596741325
167.50/79.16	mfeat-pixel 0.407168944125 0.206452413304 0.107628768285
171.20/80.40	optdigits 0.219994171165 0.0638285643475 0.712353769669
174.95/81.68	mfeat-factors 0.259136452826 0.0885224708904 0.611189191672
178.67/83.10	satimage 0.388408675907 0.183982951071 0.0400779797818
182.34/84.38	lymph 0.277350910306 0.120196123372 0.307372248165
186.05/85.63	audiology 0.27986658399 0.0973251419175 0.515842384933
189.82/86.89	ecoli 0.427849726268 0.235581414655 0.0649651123882
193.59/88.14	tic-tac-toe 0.177929848573 0.0460602751509 0.706535998411
197.44/89.39	spambase 0.374973799748 0.180930236978 0.645126190681
201.19/90.64	zoo 0.189137288065 0.0483523753617 0.593089458867
204.94/92.17	sonar 0.527761206013 0.350397734696 -0.267617477898
208.67/93.78	mfeat-zernike 0.22021223009 0.0687093570251 0.550749012485
212.34/95.03	kr-vs-kp 0.215544663529 0.0563198449373 0.626056829333
212.46/95.13	MAE 0.331033564096 0.15274952793
212.46/95.13	MSE 0.170910960612 0.170910960612
212.46/95.13	Mean tau 0.305710837854 0.375487121492
212.46/95.13	(0.3508771929824561, '0_class_probability_max')
212.46/95.13	(0.8596491228070176, '1_class_probability_max')
212.46/95.13	(2.43859649122807, '0_skewness_min')
212.46/95.13	(2.56140350877193, '1_skewness_min')
212.46/95.13	(6.701754385964913, '0_class_entropy')
212.46/95.13	(8.421052631578947, '1_class_entropy')
212.46/95.13	(8.649122807017545, '1_class_probability_std')
212.46/95.13	(9.824561403508772, '1_landmark_naive_bayes')
212.46/95.13	(9.894736842105264, '1_landmark_decision_tree')
212.46/95.13	(10.070175438596491, '0_class_probability_std')
212.46/95.13	(10.824561403508772, '0_landmark_naive_bayes')
212.46/95.13	(18.0, '1_pca_skewness_first_pc')
212.46/95.13	(18.719298245614034, '0_pca_skewness_first_pc')
212.46/95.13	(20.157894736842106, '1_landmark_lda')
212.46/95.13	(20.350877192982455, '0_landmark_decision_tree')
212.46/95.13	(20.666666666666668, '0_landmark_lda')
212.46/95.13	(21.228070175438596, '1_landmark_1NN')
212.46/95.13	(22.333333333333332, '0_kurtosis_min')
212.46/95.13	(22.56140350877193, '0_landmark_random_node_learner')
212.46/95.13	(23.228070175438596, '1_kurtosis_min')
212.46/95.13	(26.596491228070175, '0_landmark_1NN')
212.46/95.13	(27.035087719298247, '1_landmark_random_node_learner')
212.46/95.13	(27.666666666666668, '1_skewness_max')
212.46/95.13	(29.105263157894736, '0_skewness_max')
212.46/95.13	(29.964912280701753, '1_skewness_std')
212.46/95.13	(30.035087719298247, '0_log_number_of_features')
212.46/95.13	(30.56140350877193, '1_number_of_features')
212.46/95.13	(32.578947368421055, '0_number_of_features')
212.46/95.13	(32.824561403508774, '1_class_probability_min')
212.46/95.13	(32.91228070175438, '0_kurtosis_std')
212.46/95.13	(33.01754385964912, '0_class_probability_min')
212.46/95.13	(33.10526315789474, '0_kurtosis_max')
212.46/95.13	(34.07017543859649, '0_number_of_numeric_features')
212.46/95.13	(34.85964912280702, '1_kurtosis_max')
212.46/95.13	(35.43859649122807, '1_log_number_of_features')
212.46/95.13	(35.50877192982456, '1_number_of_numeric_features')
212.46/95.13	(37.19298245614035, '1_number_of_instances')
212.46/95.13	(37.50877192982456, '1_log_number_of_instances')
212.46/95.13	(38.12280701754386, '1_kurtosis_std')
212.46/95.13	(39.54385964912281, '0_log_number_of_instances')
212.46/95.13	(39.78947368421053, '0_skewness_std')
212.46/95.13	(40.31578947368421, '0_number_of_instances')
212.46/95.13	(42.70175438596491, '1_landmark_decision_node_learner')
212.46/95.13	(43.45614035087719, '0_landmark_decision_node_learner')
212.46/95.13	(44.578947368421055, '0_pca_kurtosis_first_pc')
212.46/95.13	(45.03508771929825, '0_symbols_sum')
212.46/95.13	(45.64912280701754, '1_pca_kurtosis_first_pc')
212.46/95.13	(45.87719298245614, '0_skewness_mean')
212.46/95.13	(46.73684210526316, '0_symbols_mean')
212.46/95.13	(46.8421052631579, '1_skewness_mean')
212.46/95.13	(47.07017543859649, '1_symbols_sum')
212.46/95.13	(48.64912280701754, '1_symbols_mean')
212.46/95.13	(50.68421052631579, '0_symbols_min')
212.46/95.13	(50.96491228070175, '1_pca_95%')
212.46/95.13	(51.01754385964912, '0_pca_95%')
212.46/95.13	(51.421052631578945, '0_inverse_dataset_ratio')
212.46/95.13	(52.0, '1_inverse_dataset_ratio')
212.46/95.13	(53.40350877192982, '1_log_inverse_dataset_ratio')
212.46/95.13	(53.68421052631579, '1_number_of_categorical_features')
212.46/95.13	(53.78947368421053, '1_log_dataset_ratio')
212.46/95.13	(54.10526315789474, '0_number_of_categorical_features')
212.46/95.13	(54.19298245614035, '0_dataset_ratio')
212.46/95.13	(54.91228070175438, '0_log_dataset_ratio')
212.46/95.13	(55.824561403508774, '1_symbols_min')
212.46/95.13	(56.35087719298246, '0_log_inverse_dataset_ratio')
212.46/95.13	(56.49122807017544, '1_dataset_ratio')
212.46/95.13	(57.21052631578947, '1_ratio_numerical_to_categorical')
212.46/95.13	(57.526315789473685, '0_ratio_numerical_to_categorical')
212.46/95.13	(64.85964912280701, '0_kurtosis_mean')
212.46/95.13	(65.19298245614036, '1_kurtosis_mean')
212.46/95.13	(72.45614035087719, '1_ratio_categorical_to_numerical')
212.46/95.13	(73.0701754385965, '0_ratio_categorical_to_numerical')
212.46/95.13	(73.19298245614036, '0_symbols_max')
212.46/95.13	(73.89473684210526, '0_class_probability_mean')
212.46/95.13	(74.19298245614036, '0_number_of_classes')
212.46/95.13	(74.56140350877193, '1_class_probability_mean')
212.46/95.13	(74.94736842105263, '1_number_of_classes')
212.46/95.13	(75.80701754385964, '1_symbols_max')
212.46/95.13	(76.05263157894737, '1_symbols_std')
212.46/95.13	(76.87719298245614, '1_percentage_of_features_with_missing_values')
212.46/95.13	(79.03508771929825, '0_symbols_std')
212.46/95.13	(80.40350877192982, '0_percentage_of_features_with_missing_values')
212.46/95.13	(81.26315789473684, '0_percentage_of_Instances_with_missing_values')
212.46/95.13	(81.89473684210526, '0_number_of_Instances_with_missing_values')
212.46/95.13	(82.2280701754386, '1_percentage_of_missing_values')
212.46/95.13	(82.50877192982456, '1_percentage_of_Instances_with_missing_values')
212.46/95.13	(83.15789473684211, '1_number_of_Instances_with_missing_values')
212.46/95.13	(83.47368421052632, '0_percentage_of_missing_values')
212.46/95.13	(83.82456140350877, '0_number_of_missing_values')
212.46/95.13	(85.05263157894737, '1_number_of_missing_values')
212.46/95.13	(85.59649122807018, '1_number_of_features_with_missing_values')
212.46/95.13	(86.6842105263158, '0_number_of_features_with_missing_values')
212.46/95.13	Result for ParamILS: SAT, 93.244216, 1, 0.331034, -1, /home/feurerm/thesis/Software/pyMetaLearn/optimizers/metalearn_optimizer/learn_distances.py
