0.77/1.01	['/home/feurerm/thesis/Software/pyMetaLearn/optimizers/metalearn_optimizer/learn_distances.py', '--input_file', '/home/feurerm/thesis/experiments/2014_04_25_predict_distances/testfold_0-3_spearman_rank_perm.pkl', '--fold', '0', '--folds', '1', '--params', '-max_features', '0.18189833034', '-min_samples_leaf', '6', '-min_samples_split', '6', '-n_estimators', '59', '-n_jobs', '4', '-seed', '49']
0.77/1.03	Metafeatures (57, 46)
0.77/1.03	X (3192, 92)
0.77/1.03	Y (3192,)
0.77/1.03	Dataset Mae MSE Rho
2.62/1.68	vehicle 0.383829303303 0.187783177498 0.210409393854
4.74/2.50	anneal.ORIG 0.454438227332 0.252400423142 0.38397290307
6.87/3.33	segment 0.277060743889 0.0959582118293 0.710414512583
9.00/4.25	pendigits 0.388147741466 0.179740058376 0.311897181366
11.12/5.08	mushroom 0.210924714793 0.0532554883691 0.601492906241
13.32/6.00	labor 0.22631163022 0.0711181095268 0.645772609709
15.36/6.82	abalone 0.434717740171 0.243344425965 0.0904986640233
17.54/7.64	diabetes 0.477056157375 0.320806408812 -0.112153701486
19.65/8.48	car 0.453141187379 0.304368640349 0.208146927254
21.82/9.30	autos 0.236783721769 0.0720802121227 0.53555816531
23.89/10.15	mfeat-fourier 0.6297206914 0.520717016863 -0.489662414269
25.99/10.97	primary-tumor 0.210157111522 0.0541857031014 0.585009221008
28.09/11.79	waveform-5000 0.281345268111 0.106056933536 0.436332844398
30.17/12.62	credit-a 0.391425675464 0.218873700426 0.35585367532
32.27/13.45	letter 0.271144718304 0.100143484972 0.675184675517
34.42/14.38	postoperative-patient-data 0.452015403773 0.252696779088 -0.412738549849
36.62/15.20	vowel 0.511714460418 0.32659290224 -0.00355530465806
38.68/16.02	eucalyptus 0.298407071277 0.114970510048 0.528124346479
40.78/16.84	cylinder-bands 0.288336185189 0.0973836990758 0.512287080275
42.87/17.67	ionosphere 0.411320610522 0.200404585647 0.0323209514369
45.00/18.49	mfeat-karhunen 0.260705389378 0.0920087611346 0.595351925468
47.12/19.31	balance-scale 0.187828849641 0.050930595944 0.674538256488
49.25/20.14	mfeat-morphological 0.457607670432 0.278592265208 -0.134455157978
51.35/20.96	liver-disorders 0.252242322331 0.0858696418125 0.611189191672
53.58/21.80	dermatology 0.201630093227 0.0519803400142 0.52747792745
55.62/22.62	vote 0.0798716707191 0.0104611346631 0.819336118926
57.75/23.44	breast-cancer 0.308142189821 0.122766253535 -0.406920778591
59.90/24.37	credit-g 0.526975382196 0.366711756123 -0.501297956786
62.04/25.19	soybean 0.118168791106 0.0197056004524 0.83517338513
64.15/26.02	arrhythmia 0.278183280025 0.102089594469 0.0775702834486
66.26/26.84	nursery 0.252250124995 0.0794540708901 0.647388657281
68.32/27.66	hepatitis 0.414251663942 0.235057703711 -0.146413910009
70.45/28.48	cmc 0.193944252967 0.0463702208557 0.676477513574
72.59/29.30	heart-c 0.309237107578 0.124443557178 0.608926725071
74.60/30.12	glass 0.381454131916 0.175955579408 0.222368145886
76.67/30.93	braziltourism 0.565271409381 0.400430537206 -0.39205314093
78.76/31.76	iris 0.316731903926 0.136550895015 0.152554890782
80.95/32.60	heart-statlog 0.383107368144 0.198325084274 0.476087614666
83.01/33.42	page-blocks 0.511675699263 0.352935589139 -0.246285649949
85.06/34.24	breast-w 0.239541076291 0.0758258443309 0.516488803962
87.17/35.05	heart-h 0.182409870552 0.0421612727558 0.666134809115
89.26/35.87	yeast 0.370418977354 0.172606812902 0.409183245191
91.35/36.69	tae 0.332772164147 0.143368090441 0.0206854089196
93.48/37.51	haberman 0.289461641548 0.113423715873 -0.0339369990088
95.58/38.33	mfeat-pixel 0.385173440518 0.177554969943 0.134778367492
97.69/39.15	optdigits 0.223521593854 0.0630465678763 0.73756411179
99.81/39.97	mfeat-factors 0.277501832248 0.103031455729 0.592766249353
101.95/40.90	satimage 0.364986918686 0.162646734693 0.0678739980175
104.07/41.73	lymph 0.273381794636 0.102414257081 0.512933499304
106.15/42.55	audiology 0.29924526187 0.114573079693 0.448938015459
108.28/43.38	ecoli 0.428497839626 0.233880775136 0.0387851417243
110.42/46.00	tic-tac-toe 0.198718630947 0.0567279172769 0.704596741325
112.57/46.93	spambase 0.396101240221 0.199376019141 0.749199654307
114.74/47.86	zoo 0.174244910504 0.0412814604173 0.675831094546
117.02/48.80	sonar 0.51896607413 0.336688794257 -0.274728087214
119.08/49.62	mfeat-zernike 0.242456743125 0.0832767042569 0.498065861643
121.21/50.47	kr-vs-kp 0.214781686789 0.0574161718407 0.607957096528
121.42/50.65	MAE 0.328060690556 0.117284128144
121.42/50.65	MSE 0.15759333852 0.15759333852
121.42/50.65	Mean tau 0.315356090204 0.371050074079
121.42/50.65	(0.07017543859649122, '0_class_probability_max')
121.42/50.65	(1.8596491228070176, '1_landmark_random_node_learner')
121.42/50.65	(2.3508771929824563, '1_class_probability_max')
121.42/50.65	(5.017543859649122, '1_class_entropy')
121.42/50.65	(5.192982456140351, '0_landmark_decision_tree')
121.42/50.65	(6.614035087719298, '1_landmark_1NN')
121.42/50.65	(7.87719298245614, '0_landmark_random_node_learner')
121.42/50.65	(8.210526315789474, '0_class_probability_std')
121.42/50.65	(8.807017543859649, '1_landmark_decision_tree')
121.42/50.65	(8.894736842105264, '0_skewness_min')
121.42/50.65	(9.68421052631579, '0_class_entropy')
121.42/50.65	(11.701754385964913, '1_skewness_min')
121.42/50.65	(12.24561403508772, '1_class_probability_std')
121.42/50.65	(12.508771929824562, '0_landmark_naive_bayes')
121.42/50.65	(12.68421052631579, '1_landmark_naive_bayes')
121.42/50.65	(15.596491228070175, '0_landmark_lda')
121.42/50.65	(17.280701754385966, '1_landmark_lda')
121.42/50.65	(19.210526315789473, '0_landmark_1NN')
121.42/50.65	(20.526315789473685, '1_log_number_of_features')
121.42/50.65	(20.614035087719298, '0_pca_skewness_first_pc')
121.42/50.65	(22.50877192982456, '1_number_of_features')
121.42/50.65	(24.50877192982456, '1_pca_skewness_first_pc')
121.42/50.65	(26.157894736842106, '0_log_number_of_features')
121.42/50.65	(27.859649122807017, '0_number_of_features')
121.42/50.65	(28.57894736842105, '0_symbols_sum')
121.42/50.65	(29.50877192982456, '0_skewness_max')
121.42/50.65	(30.157894736842106, '0_kurtosis_std')
121.42/50.65	(30.42105263157895, '1_number_of_categorical_features')
121.42/50.65	(31.70175438596491, '0_number_of_numeric_features')
121.42/50.65	(32.03508771929825, '1_kurtosis_min')
121.42/50.65	(32.43859649122807, '1_skewness_max')
121.42/50.65	(32.824561403508774, '1_kurtosis_std')
121.42/50.65	(33.01754385964912, '1_number_of_numeric_features')
121.42/50.65	(34.31578947368421, '1_symbols_sum')
121.42/50.65	(34.73684210526316, '1_skewness_std')
121.42/50.65	(35.01754385964912, '0_skewness_std')
121.42/50.65	(35.07017543859649, '0_kurtosis_min')
121.42/50.65	(35.228070175438596, '0_number_of_categorical_features')
121.42/50.65	(39.228070175438596, '0_landmark_decision_node_learner')
121.42/50.65	(41.89473684210526, '1_landmark_decision_node_learner')
121.42/50.65	(43.89473684210526, '0_kurtosis_max')
121.42/50.65	(45.1578947368421, '1_symbols_mean')
121.42/50.65	(45.70175438596491, '1_pca_kurtosis_first_pc')
121.42/50.65	(47.21052631578947, '0_pca_kurtosis_first_pc')
121.42/50.65	(47.26315789473684, '0_class_probability_min')
121.42/50.65	(47.3859649122807, '1_pca_95%')
121.42/50.65	(47.64912280701754, '1_kurtosis_max')
121.42/50.65	(48.75438596491228, '1_class_probability_min')
121.42/50.65	(49.14035087719298, '1_ratio_numerical_to_categorical')
121.42/50.65	(50.49122807017544, '0_ratio_numerical_to_categorical')
121.42/50.65	(51.29824561403509, '0_pca_95%')
121.42/50.65	(53.98245614035088, '0_kurtosis_mean')
121.42/50.65	(55.12280701754386, '1_kurtosis_mean')
121.42/50.65	(56.54385964912281, '1_skewness_mean')
121.42/50.65	(56.666666666666664, '0_skewness_mean')
121.42/50.65	(56.92982456140351, '0_symbols_mean')
121.42/50.65	(57.80701754385965, '0_log_number_of_instances')
121.42/50.65	(58.03508771929825, '1_number_of_instances')
121.42/50.65	(58.578947368421055, '1_log_number_of_instances')
121.42/50.65	(59.92982456140351, '0_number_of_instances')
121.42/50.65	(61.228070175438596, '1_log_inverse_dataset_ratio')
121.42/50.65	(61.54385964912281, '0_log_dataset_ratio')
121.42/50.65	(62.333333333333336, '0_dataset_ratio')
121.42/50.65	(62.6140350877193, '0_inverse_dataset_ratio')
121.42/50.65	(63.719298245614034, '1_dataset_ratio')
121.42/50.65	(63.85964912280702, '1_log_dataset_ratio')
121.42/50.65	(64.54385964912281, '1_inverse_dataset_ratio')
121.42/50.65	(64.75438596491227, '1_symbols_std')
121.42/50.65	(65.29824561403508, '1_symbols_max')
121.42/50.65	(65.33333333333333, '0_symbols_max')
121.42/50.65	(66.36842105263158, '0_log_inverse_dataset_ratio')
121.42/50.65	(68.19298245614036, '1_ratio_categorical_to_numerical')
121.42/50.65	(69.3157894736842, '1_percentage_of_features_with_missing_values')
121.42/50.65	(70.12280701754386, '0_class_probability_mean')
121.42/50.65	(71.0, '0_percentage_of_features_with_missing_values')
121.42/50.65	(71.89473684210526, '0_symbols_min')
121.42/50.65	(71.96491228070175, '1_percentage_of_missing_values')
121.42/50.65	(72.42105263157895, '1_number_of_classes')
121.42/50.65	(73.17543859649123, '0_percentage_of_missing_values')
121.42/50.65	(74.26315789473684, '1_symbols_min')
121.42/50.65	(74.40350877192982, '0_number_of_classes')
121.42/50.65	(74.56140350877193, '0_ratio_categorical_to_numerical')
121.42/50.65	(74.94736842105263, '0_symbols_std')
121.42/50.65	(75.56140350877193, '1_class_probability_mean')
121.42/50.65	(80.40350877192982, '0_number_of_missing_values')
121.42/50.65	(81.24561403508773, '1_number_of_missing_values')
121.42/50.65	(81.57894736842105, '0_number_of_Instances_with_missing_values')
121.42/50.65	(82.6140350877193, '0_number_of_features_with_missing_values')
121.42/50.65	(83.01754385964912, '1_number_of_Instances_with_missing_values')
121.42/50.65	(83.26315789473684, '1_percentage_of_Instances_with_missing_values')
121.42/50.65	(83.89473684210526, '0_percentage_of_Instances_with_missing_values')
121.42/50.65	(84.85964912280701, '1_number_of_features_with_missing_values')
121.42/50.65	Result for ParamILS: SAT, 49.633228, 1, 0.328061, -1, /home/feurerm/thesis/Software/pyMetaLearn/optimizers/metalearn_optimizer/learn_distances.py
