0.74/1.95	['/home/feurerm/thesis/Software/pyMetaLearn/optimizers/metalearn_optimizer/learn_distances.py', '--input_file', '/home/feurerm/thesis/experiments/2014_04_25_predict_distances/testfold_0-3_spearman_rank_perm.pkl', '--fold', '0', '--folds', '1', '--params', '-max_features', '0.463179474535', '-min_samples_leaf', '8', '-min_samples_split', '9', '-n_estimators', '55', '-n_jobs', '4', '-seed', '10']
0.74/1.96	Metafeatures (57, 46)
0.74/1.96	X (3192, 92)
0.74/1.96	Y (3192,)
0.74/1.96	Dataset Mae MSE Rho
4.80/3.22	vehicle 0.41217672032 0.215988332615 0.0594705506439
8.99/4.68	anneal.ORIG 0.599432345895 0.410438615698 0.0449261224973
13.34/6.11	segment 0.287046830977 0.10360049923 0.73756411179
17.57/7.58	pendigits 0.386543845681 0.181037251286 0.290888562932
21.83/9.01	mushroom 0.229482008814 0.0633111994782 0.562707764517
25.95/10.49	labor 0.186948427585 0.0507710429257 0.663225923485
30.23/11.90	abalone 0.421292733186 0.227764201797 0.168715366501
34.37/13.37	diabetes 0.497796434509 0.337033580522 -0.0530063603565
38.50/14.69	car 0.506919529955 0.363804616123 -0.0904986640233
42.67/16.12	autos 0.225789344853 0.0654328052723 0.54816333637
46.96/17.53	mfeat-fourier 0.651406331458 0.553716705616 -0.516812013476
51.15/18.96	primary-tumor 0.199730948543 0.0502541773748 0.60440179187
55.40/20.40	waveform-5000 0.258140151364 0.0905148435355 0.561738135973
59.62/21.85	credit-a 0.419210121845 0.24886883979 0.236266155004
63.88/23.29	letter 0.293201325685 0.109958990088 0.615714124873
68.34/24.83	postoperative-patient-data 0.439548270997 0.23557841894 -0.504853261444
72.58/26.27	vowel 0.500883537546 0.306869781667 0.0290888562932
76.88/27.84	eucalyptus 0.270305879395 0.0970932555185 0.50970140416
81.15/29.33	cylinder-bands 0.279238241121 0.0911961619919 0.590826992267
85.44/30.74	ionosphere 0.446564995056 0.228612065308 -0.161604757185
89.75/32.17	mfeat-karhunen 0.272611004585 0.0991408892818 0.547193707827
94.00/33.58	balance-scale 0.196853786226 0.0548420186905 0.634137067192
98.22/35.01	mfeat-morphological 0.472525966495 0.295512234856 -0.190693613478
102.46/36.42	liver-disorders 0.193919591464 0.0550534883507 0.471562681464
106.74/37.96	dermatology 0.208774356267 0.0551142353234 0.508731775617
111.03/39.39	vote 0.0695589224313 0.0081775014113 0.799620338549
115.23/45.14	breast-cancer 0.208350591711 0.0586788708949 0.2204288888
119.54/46.56	credit-g 0.52004581399 0.359973845736 -0.507438937559
123.82/48.12	soybean 0.11104290144 0.0180351005644 0.861999774822
128.04/49.56	arrhythmia 0.290981804283 0.107543124718 -0.0371690941524
132.25/51.07	nursery 0.253146264784 0.0810886425899 0.634783486221
136.46/57.17	hepatitis 0.357105796155 0.182258783295 -0.252749840237
140.67/58.58	cmc 0.17140371655 0.0364666313981 0.7197875885
144.90/60.08	heart-c 0.279826143181 0.101254504204 0.714939445784
149.20/61.62	glass 0.339827424518 0.141290900644 0.436979263427
153.41/63.06	braziltourism 0.661159150912 0.532176624082 -0.603108953813
157.65/64.88	iris 0.326175542443 0.142099729347 0.0782167024773
161.84/66.45	heart-statlog 0.328197152132 0.14283107578 0.640278047965
166.24/67.94	page-blocks 0.604582253678 0.485409631705 -0.426313349453
170.49/69.50	breast-w 0.237559313171 0.0765880167743 0.54299198414
174.72/70.92	heart-h 0.166238181745 0.0362622906071 0.667750856686
178.99/72.39	yeast 0.373794829049 0.171613351602 0.443443453714
183.26/73.80	tae 0.351315025826 0.155145904046 0.0287656467788
187.40/75.21	haberman 0.290252959691 0.112457526896 0.0342602085231
191.70/76.68	mfeat-pixel 0.388565322575 0.188902149008 0.121203567888
195.93/78.27	optdigits 0.236743238483 0.0691291332435 0.713646607727
200.19/79.74	mfeat-factors 0.27455919238 0.100562298908 0.64286372408
204.47/81.16	satimage 0.360814852701 0.16143936655 0.063025855302
208.66/82.58	lymph 0.307670707478 0.133739444702 0.346803808918
212.93/84.00	audiology 0.279113436123 0.0937532674654 0.511963870761
217.12/85.52	ecoli 0.418850113319 0.223476491885 0.0704596741325
221.37/86.98	tic-tac-toe 0.194263777281 0.054040985957 0.702657484238
225.67/88.50	spambase 0.392487265414 0.19971694198 0.659993828342
229.96/93.92	zoo 0.171567534329 0.0391324401363 0.682295284833
234.23/95.41	sonar 0.558106063915 0.390062049705 -0.380417598412
238.50/96.84	mfeat-zernike 0.223258125616 0.072668748071 0.595998344497
242.71/98.37	kr-vs-kp 0.2260208255 0.062193441873 0.606341048956
242.90/98.52	MAE 0.330332052151 0.135052983576
242.90/98.52	MSE 0.163678545036 0.163678545036
242.90/98.52	Mean tau 0.301786960943 0.395165029045
242.90/98.52	(0.10526315789473684, '1_class_probability_max')
242.90/98.52	(1.0175438596491229, '0_class_probability_max')
242.90/98.52	(2.526315789473684, '1_skewness_min')
242.90/98.52	(2.5964912280701755, '0_skewness_min')
242.90/98.52	(6.526315789473684, '0_class_entropy')
242.90/98.52	(6.754385964912281, '0_class_probability_std')
242.90/98.52	(7.333333333333333, '1_class_entropy')
242.90/98.52	(8.070175438596491, '1_class_probability_std')
242.90/98.52	(9.263157894736842, '0_landmark_random_node_learner')
242.90/98.52	(9.403508771929825, '0_landmark_decision_tree')
242.90/98.52	(9.491228070175438, '1_landmark_decision_tree')
242.90/98.52	(10.526315789473685, '1_landmark_naive_bayes')
242.90/98.52	(10.736842105263158, '0_landmark_naive_bayes')
242.90/98.52	(13.68421052631579, '1_landmark_random_node_learner')
242.90/98.52	(20.75438596491228, '1_pca_skewness_first_pc')
242.90/98.52	(21.05263157894737, '1_skewness_std')
242.90/98.52	(21.94736842105263, '0_pca_skewness_first_pc')
242.90/98.52	(22.70175438596491, '0_skewness_max')
242.90/98.52	(23.649122807017545, '0_landmark_1NN')
242.90/98.52	(24.05263157894737, '0_kurtosis_std')
242.90/98.52	(24.385964912280702, '1_landmark_lda')
242.90/98.52	(24.54385964912281, '0_kurtosis_min')
242.90/98.52	(24.70175438596491, '0_log_number_of_features')
242.90/98.52	(25.42105263157895, '1_number_of_features')
242.90/98.52	(25.57894736842105, '1_log_number_of_features')
242.90/98.52	(26.105263157894736, '0_number_of_features')
242.90/98.52	(26.42105263157895, '1_kurtosis_min')
242.90/98.52	(26.719298245614034, '0_landmark_lda')
242.90/98.52	(26.719298245614034, '0_skewness_std')
242.90/98.52	(28.649122807017545, '1_kurtosis_std')
242.90/98.52	(29.964912280701753, '1_skewness_max')
242.90/98.52	(31.035087719298247, '1_landmark_1NN')
242.90/98.52	(31.07017543859649, '0_number_of_numeric_features')
242.90/98.52	(34.49122807017544, '1_number_of_numeric_features')
242.90/98.52	(37.473684210526315, '1_number_of_categorical_features')
242.90/98.52	(38.1578947368421, '1_class_probability_min')
242.90/98.52	(39.05263157894737, '1_kurtosis_max')
242.90/98.52	(39.70175438596491, '0_symbols_sum')
242.90/98.52	(39.73684210526316, '0_class_probability_min')
242.90/98.52	(41.07017543859649, '1_symbols_sum')
242.90/98.52	(41.49122807017544, '0_kurtosis_max')
242.90/98.52	(43.771929824561404, '1_number_of_instances')
242.90/98.52	(44.96491228070175, '0_number_of_instances')
242.90/98.52	(45.49122807017544, '1_pca_kurtosis_first_pc')
242.90/98.52	(46.1578947368421, '0_landmark_decision_node_learner')
242.90/98.52	(46.21052631578947, '1_landmark_decision_node_learner')
242.90/98.52	(46.54385964912281, '1_log_number_of_instances')
242.90/98.52	(46.578947368421055, '0_log_number_of_instances')
242.90/98.52	(47.36842105263158, '0_pca_kurtosis_first_pc')
242.90/98.52	(47.75438596491228, '0_number_of_categorical_features')
242.90/98.52	(48.05263157894737, '1_skewness_mean')
242.90/98.52	(48.473684210526315, '0_pca_95%')
242.90/98.52	(48.771929824561404, '0_skewness_mean')
242.90/98.52	(51.824561403508774, '1_pca_95%')
242.90/98.52	(54.40350877192982, '1_symbols_mean')
242.90/98.52	(54.87719298245614, '0_symbols_mean')
242.90/98.52	(56.21052631578947, '0_dataset_ratio')
242.90/98.53	(56.35087719298246, '0_log_dataset_ratio')
242.90/98.53	(56.35087719298246, '1_log_inverse_dataset_ratio')
242.90/98.53	(57.333333333333336, '0_log_inverse_dataset_ratio')
242.90/98.53	(57.666666666666664, '1_dataset_ratio')
242.90/98.53	(58.280701754385966, '0_ratio_numerical_to_categorical')
242.90/98.53	(58.96491228070175, '1_log_dataset_ratio')
242.90/98.53	(59.01754385964912, '1_inverse_dataset_ratio')
242.90/98.53	(59.50877192982456, '0_inverse_dataset_ratio')
242.90/98.53	(59.70175438596491, '0_symbols_min')
242.90/98.53	(59.87719298245614, '1_ratio_numerical_to_categorical')
242.90/98.53	(61.50877192982456, '1_symbols_min')
242.90/98.53	(61.98245614035088, '1_kurtosis_mean')
242.90/98.53	(65.40350877192982, '0_kurtosis_mean')
242.90/98.53	(73.73684210526316, '0_symbols_max')
242.90/98.53	(73.96491228070175, '0_number_of_classes')
242.90/98.53	(74.2280701754386, '0_percentage_of_missing_values')
242.90/98.53	(74.47368421052632, '1_ratio_categorical_to_numerical')
242.90/98.53	(74.78947368421052, '0_ratio_categorical_to_numerical')
242.90/98.53	(75.17543859649123, '0_class_probability_mean')
242.90/98.53	(75.36842105263158, '0_percentage_of_features_with_missing_values')
242.90/98.53	(75.40350877192982, '1_symbols_max')
242.90/98.53	(76.35087719298245, '0_symbols_std')
242.90/98.53	(77.08771929824562, '1_class_probability_mean')
242.90/98.53	(77.84210526315789, '1_percentage_of_features_with_missing_values')
242.90/98.53	(77.96491228070175, '1_symbols_std')
242.90/98.53	(78.2280701754386, '1_number_of_classes')
242.90/98.53	(81.82456140350877, '1_percentage_of_missing_values')
242.90/98.53	(83.29824561403508, '0_percentage_of_Instances_with_missing_values')
242.90/98.53	(83.43859649122807, '1_number_of_missing_values')
242.90/98.53	(83.6842105263158, '1_percentage_of_Instances_with_missing_values')
242.90/98.53	(83.70175438596492, '0_number_of_Instances_with_missing_values')
242.90/98.53	(84.29824561403508, '1_number_of_Instances_with_missing_values')
242.90/98.53	(84.94736842105263, '0_number_of_missing_values')
242.90/98.53	(85.59649122807018, '1_number_of_features_with_missing_values')
242.90/98.53	(86.50877192982456, '0_number_of_features_with_missing_values')
242.90/98.53	Result for ParamILS: SAT, 96.577857, 1, 0.330332, -1, /home/feurerm/thesis/Software/pyMetaLearn/optimizers/metalearn_optimizer/learn_distances.py
