0.80/1.30	['/home/feurerm/thesis/Software/pyMetaLearn/optimizers/metalearn_optimizer/learn_distances.py', '--input_file', '/home/feurerm/thesis/experiments/2014_04_25_predict_distances/testfold_0-3_spearman_rank_perm.pkl', '--fold', '0', '--folds', '1', '--params', '-max_features', '0.46667711937', '-min_samples_leaf', '10', '-min_samples_split', '8', '-n_estimators', '11', '-n_jobs', '4', '-seed', '32']
0.80/1.31	Metafeatures (57, 46)
0.80/1.31	X (3192, 92)
0.80/1.31	Y (3192,)
0.80/1.31	Dataset Mae MSE Rho
1.63/1.77	vehicle 0.450066461019 0.25978230839 -0.0539759888996
2.52/2.25	anneal.ORIG 0.649068035145 0.49171864043 -0.00242426636773
3.43/2.73	segment 0.329207410003 0.143932416497 0.506469309016
4.34/3.22	pendigits 0.395972142379 0.190834494103 0.266971058869
5.27/3.71	mushroom 0.240649566001 0.0711521061055 0.526185089393
6.19/4.19	labor 0.177351473057 0.0438486574717 0.652560009511
7.07/4.67	abalone 0.4251320526 0.229643760887 0.160635128641
8.00/5.16	diabetes 0.455059361927 0.283614775718 0.0681972075319
8.89/5.64	car 0.555027649322 0.416967674647 -0.0541506624786
9.79/6.12	autos 0.207970481502 0.0569445307111 0.50226758533
10.71/6.60	mfeat-fourier 0.627714128036 0.51723749865 -0.447968386916
11.56/7.08	primary-tumor 0.217890952838 0.0606571850824 0.520367318134
12.46/7.56	waveform-5000 0.246176476649 0.0882164185089 0.632197810106
13.36/8.04	credit-a 0.423992823048 0.266825511213 0.170331414072
14.24/8.52	letter 0.272781954161 0.0993835158046 0.546547288798
15.16/9.01	postoperative-patient-data 0.452280026351 0.25681989172 -0.240972076953
16.06/9.48	vowel 0.502353128932 0.315053867706 0.0226246660058
16.95/9.97	eucalyptus 0.288959823443 0.113883006693 0.475641061349
17.81/10.49	cylinder-bands 0.312100802351 0.113076906918 0.424569849869
18.70/10.97	ionosphere 0.403386815913 0.197982739125 0.0302225207177
19.59/11.45	mfeat-karhunen 0.271016901257 0.0974363037881 0.570349067448
20.49/11.93	balance-scale 0.198609896077 0.0550157266815 0.533295698709
21.38/12.41	mfeat-morphological 0.461387303689 0.292913789337 -0.12572850109
22.29/12.89	liver-disorders 0.181969751571 0.0507861446798 0.496773023585
23.19/13.37	dermatology 0.186896764622 0.0460389918599 0.528974921439
24.09/13.85	vote 0.0885721514914 0.0121368373651 0.759219149253
25.00/14.35	breast-cancer 0.155440694164 0.0402744182062 0.324179142912
25.95/14.83	credit-g 0.487139504382 0.316518732145 -0.26406217324
26.82/15.34	soybean 0.113045446013 0.0178406930509 0.780550977201
27.73/15.82	arrhythmia 0.298406705928 0.112007106061 0.039431560753
28.64/16.30	nursery 0.26845168991 0.0956504405972 0.564970231117
29.50/16.78	hepatitis 0.375009298158 0.203997611249 -0.102150641364
30.38/17.26	cmc 0.167024165334 0.0383992188092 0.590826992267
31.28/17.74	heart-c 0.294108425285 0.114247673468 0.583716382951
32.19/18.22	glass 0.388141504049 0.179486650897 0.208793346282
33.09/18.75	braziltourism 0.754808344771 0.665749041583 -0.416293854507
33.98/19.23	iris 0.318376397014 0.13309272495 0.0391083512387
34.88/19.71	heart-statlog 0.360880455262 0.183035010325 0.405304731019
35.79/20.19	page-blocks 0.469774109013 0.301391704495 -0.153723223932
36.69/20.67	breast-w 0.227646335223 0.0724553690982 0.478673290781
37.58/21.15	heart-h 0.19368870156 0.0499815504183 0.542874048614
38.45/21.63	yeast 0.358488113276 0.165888974472 0.417586692565
39.37/22.12	tae 0.34915913632 0.159734330192 -0.0717525121899
40.32/22.61	haberman 0.305328230844 0.129136821792 0.0300584848363
41.20/23.09	mfeat-pixel 0.385250819897 0.190099269019 0.144474652923
42.11/23.57	optdigits 0.29161359814 0.106893768731 0.495156976013
43.04/24.06	mfeat-factors 0.295715512927 0.123086929057 0.477457269918
43.96/24.61	satimage 0.374872662681 0.17612968284 0.0158372662041
44.86/25.13	lymph 0.284341387377 0.113835831004 0.380609819734
45.77/25.61	audiology 0.255961518987 0.0832670874158 0.543638403169
46.67/26.09	ecoli 0.43628754548 0.242271578989 -0.027149599207
47.61/26.57	tic-tac-toe 0.203449081866 0.058242267986 0.684880960948
48.53/27.06	spambase 0.38806284014 0.194580441182 0.623036456507
49.45/27.54	zoo 0.193370337413 0.0515126591048 0.564323812088
50.36/28.02	sonar 0.523794869567 0.353151713926 -0.142062009149
51.27/28.50	mfeat-zernike 0.269328148545 0.101626355605 0.37653908424
52.16/28.99	kr-vs-kp 0.230591260846 0.0673858386342 0.562384555002
52.19/29.02	MAE 0.334020196031 0.135088298099
52.19/29.02	MSE 0.168646933253 0.168646933253
52.19/29.02	Mean tau 0.283621031066 0.314344691484
52.19/29.02	(0.08771929824561403, '1_class_probability_max')
52.19/29.02	(1.2982456140350878, '0_class_probability_max')
52.19/29.02	(3.2280701754385963, '1_skewness_min')
52.19/29.02	(3.245614035087719, '0_skewness_min')
52.19/29.02	(6.228070175438597, '0_class_entropy')
52.19/29.02	(8.964912280701755, '0_landmark_naive_bayes')
52.19/29.02	(11.508771929824562, '1_class_probability_std')
52.19/29.02	(13.491228070175438, '0_class_probability_std')
52.19/29.02	(14.385964912280702, '0_landmark_decision_tree')
52.19/29.02	(14.526315789473685, '1_landmark_naive_bayes')
52.19/29.02	(18.49122807017544, '1_landmark_decision_tree')
52.19/29.02	(20.789473684210527, '0_pca_skewness_first_pc')
52.19/29.02	(21.17543859649123, '0_landmark_random_node_learner')
52.19/29.02	(21.42105263157895, '1_class_entropy')
52.19/29.02	(22.649122807017545, '0_landmark_1NN')
52.19/29.02	(23.280701754385966, '1_skewness_std')
52.19/29.02	(23.42105263157895, '1_landmark_lda')
52.19/29.02	(24.385964912280702, '1_pca_skewness_first_pc')
52.19/29.02	(26.035087719298247, '1_skewness_max')
52.19/29.02	(27.403508771929825, '0_landmark_lda')
52.19/29.02	(27.50877192982456, '1_landmark_random_node_learner')
52.19/29.02	(28.12280701754386, '0_number_of_features')
52.19/29.02	(29.017543859649123, '0_kurtosis_min')
52.19/29.02	(29.75438596491228, '0_log_number_of_features')
52.19/29.02	(30.596491228070175, '1_landmark_1NN')
52.19/29.02	(31.017543859649123, '1_kurtosis_min')
52.19/29.02	(31.50877192982456, '1_log_number_of_features')
52.19/29.02	(32.228070175438596, '1_number_of_features')
52.19/29.02	(33.89473684210526, '0_kurtosis_std')
52.19/29.02	(34.1578947368421, '1_kurtosis_std')
52.19/29.02	(34.24561403508772, '0_number_of_numeric_features')
52.19/29.02	(35.59649122807018, '1_kurtosis_max')
52.19/29.02	(35.73684210526316, '1_number_of_numeric_features')
52.19/29.02	(36.01754385964912, '0_class_probability_min')
52.19/29.02	(36.12280701754386, '1_class_probability_min')
52.19/29.02	(36.73684210526316, '0_skewness_std')
52.19/29.02	(37.3859649122807, '0_skewness_max')
52.19/29.02	(41.280701754385966, '0_landmark_decision_node_learner')
52.19/29.02	(41.280701754385966, '0_number_of_instances')
52.19/29.02	(41.473684210526315, '0_pca_kurtosis_first_pc')
52.19/29.02	(41.64912280701754, '1_log_number_of_instances')
52.19/29.02	(42.228070175438596, '0_kurtosis_max')
52.19/29.02	(42.43859649122807, '1_number_of_instances')
52.19/29.02	(43.719298245614034, '0_log_number_of_instances')
52.19/29.02	(43.94736842105263, '1_landmark_decision_node_learner')
52.19/29.02	(44.36842105263158, '1_pca_kurtosis_first_pc')
52.19/29.02	(45.08771929824562, '1_pca_95%')
52.19/29.02	(46.59649122807018, '1_inverse_dataset_ratio')
52.19/29.02	(47.35087719298246, '0_pca_95%')
52.19/29.02	(47.771929824561404, '1_skewness_mean')
52.19/29.02	(49.29824561403509, '0_number_of_categorical_features')
52.19/29.02	(49.78947368421053, '0_dataset_ratio')
52.19/29.02	(50.333333333333336, '0_symbols_sum')
52.19/29.02	(50.824561403508774, '0_skewness_mean')
52.19/29.02	(51.8421052631579, '1_log_dataset_ratio')
52.19/29.02	(52.03508771929825, '1_symbols_mean')
52.19/29.02	(52.228070175438596, '1_log_inverse_dataset_ratio')
52.19/29.02	(52.36842105263158, '1_dataset_ratio')
52.19/29.02	(53.26315789473684, '0_log_dataset_ratio')
52.19/29.02	(54.21052631578947, '1_symbols_sum')
52.19/29.02	(54.50877192982456, '0_inverse_dataset_ratio')
52.19/29.02	(54.75438596491228, '1_ratio_numerical_to_categorical')
52.19/29.02	(54.80701754385965, '1_number_of_categorical_features')
52.19/29.02	(55.31578947368421, '0_log_inverse_dataset_ratio')
52.19/29.02	(56.05263157894737, '0_ratio_numerical_to_categorical')
52.19/29.02	(56.92982456140351, '0_symbols_mean')
52.19/29.02	(59.175438596491226, '0_kurtosis_mean')
52.19/29.02	(59.24561403508772, '1_symbols_min')
52.19/29.02	(60.0, '1_kurtosis_mean')
52.19/29.02	(60.94736842105263, '0_class_probability_mean')
52.19/29.02	(65.73684210526316, '0_symbols_min')
52.19/29.02	(67.10526315789474, '0_ratio_categorical_to_numerical')
52.19/29.02	(69.26315789473684, '0_symbols_max')
52.19/29.02	(69.52631578947368, '1_symbols_std')
52.19/29.02	(69.96491228070175, '1_ratio_categorical_to_numerical')
52.19/29.02	(70.35087719298245, '0_number_of_classes')
52.19/29.02	(71.01754385964912, '1_symbols_max')
52.19/29.02	(71.45614035087719, '0_percentage_of_features_with_missing_values')
52.19/29.02	(72.84210526315789, '1_number_of_classes')
52.19/29.02	(73.35087719298245, '1_class_probability_mean')
52.19/29.02	(73.59649122807018, '0_symbols_std')
52.19/29.02	(76.14035087719299, '0_percentage_of_missing_values')
52.19/29.02	(78.33333333333333, '1_percentage_of_features_with_missing_values')
52.19/29.02	(78.43859649122807, '1_percentage_of_missing_values')
52.19/29.02	(79.52631578947368, '0_number_of_missing_values')
52.19/29.02	(81.24561403508773, '0_number_of_Instances_with_missing_values')
52.19/29.02	(81.24561403508773, '1_number_of_Instances_with_missing_values')
52.19/29.02	(81.28070175438596, '0_percentage_of_Instances_with_missing_values')
52.19/29.02	(82.19298245614036, '0_number_of_features_with_missing_values')
52.19/29.02	(83.17543859649123, '1_percentage_of_Instances_with_missing_values')
52.19/29.02	(83.3157894736842, '1_number_of_features_with_missing_values')
52.19/29.02	(84.10526315789474, '1_number_of_missing_values')
52.19/29.02	Result for ParamILS: SAT, 27.719078, 1, 0.334020, -1, /home/feurerm/thesis/Software/pyMetaLearn/optimizers/metalearn_optimizer/learn_distances.py
