0.74/1.12	['/home/feurerm/thesis/Software/pyMetaLearn/optimizers/metalearn_optimizer/learn_distances.py', '--input_file', '/home/feurerm/thesis/experiments/2014_04_25_predict_distances/testfold_0-3_spearman_rank_perm.pkl', '--fold', '0', '--folds', '1', '--params', '-max_features', '0.753636282513', '-min_samples_leaf', '6', '-min_samples_split', '4', '-n_estimators', '89', '-n_jobs', '4', '-seed', '19']
0.74/1.13	Metafeatures (57, 46)
0.74/1.13	X (3192, 92)
0.74/1.13	Y (3192,)
0.74/1.13	Dataset Mae MSE Rho
11.47/4.26	vehicle 0.466102348744 0.279635221243 -0.155140566897
22.65/7.64	anneal.ORIG 0.734819390332 0.604256905341 -0.199420270366
33.88/10.98	segment 0.295194255705 0.111041950608 0.721403636072
45.06/14.37	pendigits 0.389722672811 0.183936184282 0.262122916153
56.25/17.90	mushroom 0.233466897637 0.0658153575182 0.545900869769
67.23/21.23	labor 0.181944587955 0.0490474037643 0.573696888005
78.37/24.46	abalone 0.408396595717 0.212177116889 0.227216288601
89.23/27.71	diabetes 0.490785280644 0.340506279527 -0.269233525469
100.05/30.95	car 0.617558968945 0.487874641877 -0.039431560753
111.18/34.29	autos 0.178127100826 0.0420896684611 0.649327914367
122.30/37.71	mfeat-fourier 0.660297307283 0.56456043316 -0.482875014467
133.32/41.05	primary-tumor 0.183241298432 0.041709509702 0.650943961939
144.51/44.46	waveform-5000 0.235838653151 0.0757714263621 0.632844229135
155.72/47.81	credit-a 0.434587579175 0.265462014551 0.191663242021
166.93/51.14	letter 0.287587793513 0.108127044652 0.573696888005
178.42/54.57	postoperative-patient-data 0.440618031167 0.235024540689 -0.301231267392
189.47/58.03	vowel 0.487199260749 0.295376114319 0.0869433593653
200.55/61.26	eucalyptus 0.28563837937 0.108458128092 0.505822889988
211.70/64.59	cylinder-bands 0.282566739057 0.0946371681577 0.520367318134
222.78/68.01	ionosphere 0.415061121853 0.201342251855 -0.0917915020808
233.92/71.35	mfeat-karhunen 0.261740721977 0.0889921151893 0.646419028738
245.14/74.77	balance-scale 0.236404718348 0.0813232128 0.442150615657
256.19/78.02	mfeat-morphological 0.471356604007 0.295558066945 -0.171301042616
267.15/81.16	liver-disorders 0.138568093685 0.0281304183891 0.573696888005
278.34/84.38	dermatology 0.216588723259 0.0586829564184 0.479966128838
289.36/87.65	vote 0.0703648112787 0.00838225642064 0.786045538946
300.62/91.00	breast-cancer 0.110439389299 0.0186335035606 0.556243574229
311.91/94.45	credit-g 0.553811557333 0.423790449027 -0.457341462832
322.99/97.68	soybean 0.108874857429 0.0166318966267 0.800913176607
333.96/101.06	arrhythmia 0.2973726499 0.111843502721 -0.161604757185
345.03/104.29	nursery 0.241792524108 0.0742833493841 0.656438523684
356.01/107.52	hepatitis 0.298999635239 0.122914291715 -0.0132515900891
367.13/111.18	cmc 0.170468860898 0.038477168765 0.634460276706
378.28/114.41	heart-c 0.244009576042 0.0770263313692 0.802529224178
389.21/117.66	glass 0.306369065232 0.118039719827 0.573373678491
400.51/121.57	braziltourism 0.702312264229 0.5912299457 -0.631874600591
411.57/124.94	iris 0.309278784931 0.128591223926 0.127021339147
422.63/128.16	heart-statlog 0.322367479653 0.136818960938 0.516812013476
434.00/131.55	page-blocks 0.605567147642 0.487821039109 -0.734332016646
445.05/134.78	breast-w 0.228276883465 0.069371661089 0.466391329235
456.17/138.11	heart-h 0.138496736606 0.0258250211496 0.74273546402
467.22/141.55	yeast 0.34218113599 0.147638814381 0.521983365706
478.34/144.91	tae 0.371743287923 0.171270268544 0.0423404463823
489.44/148.81	haberman 0.29442919269 0.109078435724 -0.0795095405348
500.57/152.13	mfeat-pixel 0.399192357043 0.197533751778 0.113446539544
511.64/155.35	optdigits 0.224266737457 0.0631391421513 0.751462120908
522.92/158.63	mfeat-factors 0.258904465479 0.0873150274387 0.686173799005
534.03/161.98	satimage 0.33263686491 0.140072217698 0.159988709613
545.06/165.13	lymph 0.259235395614 0.102425881445 0.351975161148
556.14/168.46	audiology 0.275242658796 0.0900920891458 0.502590794844
567.22/171.79	ecoli 0.425525579319 0.230935326035 0.0636722743307
578.25/175.12	tic-tac-toe 0.175265534056 0.044516337859 0.745967559164
589.63/178.58	spambase 0.367096648327 0.177306703548 0.649651123882
600.73/181.82	zoo 0.190243590146 0.0494883811445 0.600523277698
611.83/185.23	sonar 0.547879357514 0.37274756861 -0.326764819027
622.92/188.48	mfeat-zernike 0.224512810875 0.0702115951461 0.628965714962
634.04/191.72	kr-vs-kp 0.226739129358 0.0609056156805 0.597614392068
634.30/191.99	MAE 0.327321229704 0.151866645635
634.30/191.99	MSE 0.166384098394 0.166384098394
634.30/191.99	Mean tau 0.302603490242 0.406135490394
634.30/191.99	(0.42105263157894735, '0_class_probability_max')
634.30/191.99	(0.7192982456140351, '1_class_probability_max')
634.30/191.99	(2.456140350877193, '0_skewness_min')
634.30/191.99	(2.543859649122807, '1_skewness_min')
634.30/191.99	(6.192982456140351, '0_class_entropy')
634.30/191.99	(6.684210526315789, '1_class_entropy')
634.30/191.99	(7.771929824561403, '0_landmark_naive_bayes')
634.30/191.99	(7.982456140350878, '1_landmark_naive_bayes')
634.30/191.99	(8.631578947368421, '1_landmark_decision_tree')
634.30/191.99	(8.68421052631579, '0_landmark_decision_tree')
634.30/191.99	(11.842105263157896, '1_class_probability_std')
634.30/191.99	(12.508771929824562, '0_class_probability_std')
634.30/191.99	(14.210526315789474, '0_pca_skewness_first_pc')
634.30/191.99	(14.807017543859649, '1_pca_skewness_first_pc')
634.30/191.99	(16.12280701754386, '1_landmark_random_node_learner')
634.30/191.99	(17.36842105263158, '1_landmark_lda')
634.30/191.99	(18.87719298245614, '0_landmark_lda')
634.30/191.99	(21.614035087719298, '1_kurtosis_min')
634.30/191.99	(22.05263157894737, '0_kurtosis_min')
634.30/191.99	(22.105263157894736, '1_skewness_max')
634.30/191.99	(24.596491228070175, '0_skewness_std')
634.30/191.99	(24.912280701754387, '1_landmark_1NN')
634.30/191.99	(25.31578947368421, '0_skewness_max')
634.30/191.99	(26.140350877192983, '0_landmark_1NN')
634.30/191.99	(29.385964912280702, '0_landmark_random_node_learner')
634.30/191.99	(29.56140350877193, '1_skewness_std')
634.30/191.99	(30.596491228070175, '0_log_number_of_features')
634.30/191.99	(30.82456140350877, '0_class_probability_min')
634.30/191.99	(31.80701754385965, '0_number_of_features')
634.30/191.99	(32.01754385964912, '1_class_probability_min')
634.30/191.99	(32.333333333333336, '0_number_of_numeric_features')
634.30/191.99	(32.70175438596491, '1_number_of_features')
634.30/191.99	(33.228070175438596, '1_log_number_of_features')
634.30/191.99	(34.333333333333336, '1_number_of_numeric_features')
634.30/191.99	(34.771929824561404, '0_kurtosis_max')
634.30/191.99	(34.96491228070175, '0_kurtosis_std')
634.30/191.99	(34.98245614035088, '1_kurtosis_std')
634.30/191.99	(35.78947368421053, '1_kurtosis_max')
634.30/191.99	(38.70175438596491, '0_number_of_instances')
634.30/191.99	(38.78947368421053, '1_number_of_instances')
634.30/191.99	(39.40350877192982, '0_log_number_of_instances')
634.30/191.99	(39.8421052631579, '1_log_number_of_instances')
634.30/191.99	(42.35087719298246, '0_skewness_mean')
634.30/191.99	(42.59649122807018, '1_skewness_mean')
634.30/191.99	(43.473684210526315, '0_landmark_decision_node_learner')
634.30/191.99	(43.719298245614034, '1_landmark_decision_node_learner')
634.30/191.99	(44.63157894736842, '0_pca_kurtosis_first_pc')
634.30/191.99	(46.10526315789474, '1_pca_kurtosis_first_pc')
634.30/191.99	(46.64912280701754, '0_symbols_sum')
634.30/191.99	(47.54385964912281, '0_symbols_mean')
634.30/191.99	(48.87719298245614, '1_symbols_mean')
634.30/191.99	(50.473684210526315, '1_pca_95%')
634.30/191.99	(51.526315789473685, '0_pca_95%')
634.30/191.99	(52.01754385964912, '0_number_of_categorical_features')
634.30/191.99	(52.666666666666664, '1_symbols_sum')
634.30/191.99	(54.10526315789474, '0_symbols_min')
634.30/191.99	(54.24561403508772, '1_symbols_min')
634.30/191.99	(55.40350877192982, '0_dataset_ratio')
634.30/191.99	(55.45614035087719, '0_log_dataset_ratio')
634.30/191.99	(55.824561403508774, '1_dataset_ratio')
634.30/191.99	(56.228070175438596, '0_inverse_dataset_ratio')
634.30/191.99	(56.78947368421053, '1_inverse_dataset_ratio')
634.30/191.99	(57.64912280701754, '1_log_dataset_ratio')
634.30/191.99	(57.92982456140351, '1_log_inverse_dataset_ratio')
634.30/191.99	(57.96491228070175, '1_number_of_categorical_features')
634.30/191.99	(58.280701754385966, '0_log_inverse_dataset_ratio')
634.30/191.99	(60.29824561403509, '0_ratio_numerical_to_categorical')
634.30/191.99	(61.175438596491226, '1_ratio_numerical_to_categorical')
634.30/191.99	(65.82456140350877, '0_kurtosis_mean')
634.30/191.99	(66.52631578947368, '1_kurtosis_mean')
634.30/191.99	(73.94736842105263, '1_ratio_categorical_to_numerical')
634.30/191.99	(74.01754385964912, '0_ratio_categorical_to_numerical')
634.30/191.99	(74.59649122807018, '0_number_of_classes')
634.30/191.99	(74.6140350877193, '1_symbols_max')
634.30/191.99	(74.71929824561404, '0_symbols_max')
634.30/191.99	(74.73684210526316, '1_class_probability_mean')
634.30/191.99	(74.87719298245614, '1_number_of_classes')
634.30/191.99	(75.24561403508773, '0_class_probability_mean')
634.30/191.99	(78.01754385964912, '1_symbols_std')
634.30/191.99	(78.50877192982456, '1_percentage_of_features_with_missing_values')
634.30/191.99	(78.66666666666667, '0_symbols_std')
634.30/191.99	(78.80701754385964, '0_percentage_of_features_with_missing_values')
634.30/191.99	(83.70175438596492, '0_percentage_of_Instances_with_missing_values')
634.30/191.99	(83.75438596491227, '1_number_of_Instances_with_missing_values')
634.30/191.99	(83.84210526315789, '0_number_of_Instances_with_missing_values')
634.30/191.99	(83.85964912280701, '0_percentage_of_missing_values')
634.30/191.99	(84.0701754385965, '1_percentage_of_Instances_with_missing_values')
634.30/191.99	(84.3157894736842, '1_number_of_missing_values')
634.30/191.99	(84.96491228070175, '0_number_of_missing_values')
634.30/191.99	(84.96491228070175, '1_percentage_of_missing_values')
634.30/191.99	(88.10526315789474, '1_number_of_features_with_missing_values')
634.30/191.99	(88.73684210526316, '0_number_of_features_with_missing_values')
634.30/191.99	Result for ParamILS: SAT, 190.865647, 1, 0.327321, -1, /home/feurerm/thesis/Software/pyMetaLearn/optimizers/metalearn_optimizer/learn_distances.py
