0.68/1.67	['/home/feurerm/thesis/Software/pyMetaLearn/optimizers/metalearn_optimizer/learn_distances.py', '--input_file', '/home/feurerm/thesis/experiments/2014_04_25_predict_distances/testfold_0-3_spearman_rank_perm.pkl', '--fold', '0', '--folds', '1', '--params', '-max_features', '0.28115944297', '-min_samples_leaf', '1', '-min_samples_split', '2', '-n_estimators', '50', '-n_jobs', '4', '-seed', '33']
0.68/1.68	Metafeatures (57, 46)
0.68/1.68	X (3192, 92)
0.68/1.68	Y (3192,)
0.68/1.68	Dataset Mae MSE Rho
4.22/2.85	vehicle 0.399646856587 0.205551166902 0.125405291575
8.36/4.36	anneal.ORIG 0.514062530641 0.312360894399 0.30995792428
12.42/5.83	segment 0.238456159149 0.0747701218935 0.801559595635
16.52/7.35	pendigits 0.421923986857 0.212801796124 0.200713108423
20.58/8.85	mushroom 0.163696573292 0.0333709808362 0.725282150244
24.62/10.31	labor 0.216992709516 0.0644522511312 0.695870084437
28.75/11.85	abalone 0.374070063656 0.181088305041 0.32256309534
32.89/13.36	diabetes 0.492026580361 0.331962425205 -0.0820952166497
36.96/14.87	car 0.44170268134 0.284049891624 0.149322795639
40.92/17.27	autos 0.231698804796 0.069140793552 0.574666516548
45.03/18.77	mfeat-fourier 0.697534029654 0.623842769986 -0.534911746281
49.11/20.25	primary-tumor 0.161231484225 0.0328375908524 0.736271273733
53.14/21.73	waveform-5000 0.260547249962 0.0907279304034 0.436332844398
57.18/23.21	credit-a 0.384125473196 0.213240855885 0.355207256292
61.23/24.68	letter 0.254893448233 0.0882855917063 0.627026457876
65.48/26.20	postoperative-patient-data 0.46165512921 0.262570563997 -0.60440179187
69.59/27.70	vowel 0.501297424022 0.316880193235 0.0801559595635
73.49/29.15	eucalyptus 0.273760718763 0.101234185671 0.572727259462
77.50/30.62	cylinder-bands 0.253371536762 0.0772568326789 0.587918106637
81.64/32.28	ionosphere 0.475857017658 0.262417299058 -0.191663242021
85.66/33.71	mfeat-karhunen 0.238046114437 0.0755315705886 0.668074066201
89.75/37.87	balance-scale 0.185117769513 0.0512248477184 0.698132551037
93.79/39.36	mfeat-morphological 0.512308863367 0.358363899359 -0.289595724875
97.80/40.81	liver-disorders 0.222486875552 0.0708415100702 0.53264927968
101.84/42.28	dermatology 0.217350336891 0.061319916868 0.510347823189
105.89/43.72	vote 0.0802077102017 0.0106374035559 0.76859222517
109.85/45.19	breast-cancer 0.227455378096 0.0701007316012 0.118617891773
113.94/46.60	credit-g 0.489641422877 0.324765941061 -0.317068533596
117.87/48.04	soybean 0.102134684435 0.0152096717873 0.84034473736
121.88/49.53	arrhythmia 0.302386214509 0.119862517128 -0.0235942945489
125.85/50.98	nursery 0.202069633649 0.0550665840309 0.723342893158
129.94/52.40	hepatitis 0.403828910259 0.225133750085 -0.293474239047
133.89/56.84	cmc 0.179140233777 0.042480503064 0.641894095537
137.89/58.29	heart-c 0.225330477347 0.0680907259847 0.780550977201
141.96/59.75	glass 0.362433359267 0.160889258842 0.307372248165
145.89/61.19	braziltourism 0.621037240641 0.488979005436 -0.518104851534
149.98/62.62	iris 0.276374956672 0.100276897273 0.361348237065
154.01/64.14	heart-statlog 0.356703113464 0.173161964105 0.390113883843
158.06/65.57	page-blocks 0.548918222002 0.409239994385 -0.398194121703
162.14/67.01	breast-w 0.207633081283 0.0602108514737 0.671629370859
165.99/68.46	heart-h 0.136074052083 0.0263939700602 0.723989312187
170.03/70.36	yeast 0.333243684485 0.135112794518 0.59405908741
174.04/73.32	tae 0.391753143731 0.194083394823 -0.0504206842416
178.03/74.77	haberman 0.291679596193 0.113449547091 -0.0407243988105
182.03/76.24	mfeat-pixel 0.384346704632 0.180316974159 0.142212186322
186.14/77.75	optdigits 0.169500819011 0.0378421843489 0.79154010069
190.18/79.19	mfeat-factors 0.259946700476 0.0909385581877 0.623471153218
194.29/80.68	satimage 0.389215068692 0.181374642872 0.0407243988105
198.40/82.16	lymph 0.291863807194 0.115353855189 0.489985623783
202.49/83.67	audiology 0.283020571924 0.101425012798 0.481905385924
206.60/85.55	ecoli 0.422327464466 0.230436552771 0.0723989312187
210.66/87.03	tic-tac-toe 0.169399453044 0.0469160146874 0.800266757578
214.70/88.52	spambase 0.352629615431 0.155309090181 0.728837454902
218.71/89.97	zoo 0.161132495159 0.0386190487596 0.68875947512
222.76/91.44	sonar 0.558240634379 0.391174700574 -0.337107523487
226.88/92.90	mfeat-zernike 0.242923397788 0.0899729674295 0.538790260453
230.84/94.37	kr-vs-kp 0.185780208055 0.0438928905044 0.662902713971
231.18/94.65	MAE 0.319337411805 0.136823772281
231.18/94.65	MSE 0.157067406729 0.157067406729
231.18/94.65	Mean tau 0.333552218829 0.40374852178
231.18/94.65	(0.0, '0_class_probability_max')
231.18/94.65	(1.3508771929824561, '1_class_probability_max')
231.18/94.65	(4.4035087719298245, '1_landmark_decision_tree')
231.18/94.65	(5.052631578947368, '0_class_entropy')
231.18/94.65	(5.0701754385964914, '1_class_entropy')
231.18/94.65	(6.56140350877193, '0_landmark_decision_tree')
231.18/94.65	(6.947368421052632, '1_landmark_random_node_learner')
231.18/94.65	(7.035087719298246, '1_skewness_min')
231.18/94.65	(7.280701754385965, '0_skewness_min')
231.18/94.65	(9.526315789473685, '1_class_probability_std')
231.18/94.65	(9.982456140350877, '0_landmark_random_node_learner')
231.18/94.65	(10.859649122807017, '1_landmark_naive_bayes')
231.18/94.65	(11.140350877192983, '0_class_probability_std')
231.18/94.65	(12.736842105263158, '0_landmark_naive_bayes')
231.18/94.65	(14.210526315789474, '1_landmark_1NN')
231.18/94.65	(16.31578947368421, '0_landmark_1NN')
231.18/94.65	(21.789473684210527, '1_pca_skewness_first_pc')
231.18/94.65	(21.87719298245614, '0_pca_skewness_first_pc')
231.18/94.65	(23.92982456140351, '0_landmark_lda')
231.18/94.65	(23.982456140350877, '0_number_of_features')
231.18/94.65	(24.57894736842105, '0_log_number_of_features')
231.18/94.65	(24.614035087719298, '1_number_of_features')
231.18/94.65	(24.894736842105264, '1_landmark_lda')
231.18/94.65	(25.24561403508772, '1_log_number_of_features')
231.18/94.65	(26.140350877192983, '0_kurtosis_std')
231.18/94.65	(26.280701754385966, '1_skewness_std')
231.18/94.65	(26.385964912280702, '0_skewness_max')
231.18/94.65	(27.157894736842106, '1_symbols_sum')
231.18/94.65	(28.36842105263158, '0_skewness_std')
231.18/94.65	(28.57894736842105, '1_number_of_categorical_features')
231.18/94.65	(29.614035087719298, '1_kurtosis_min')
231.18/94.65	(30.50877192982456, '0_kurtosis_min')
231.18/94.65	(31.29824561403509, '1_skewness_max')
231.18/94.65	(35.40350877192982, '1_kurtosis_std')
231.18/94.65	(35.75438596491228, '0_number_of_numeric_features')
231.18/94.65	(36.578947368421055, '1_number_of_numeric_features')
231.18/94.65	(38.473684210526315, '0_number_of_categorical_features')
231.18/94.65	(40.54385964912281, '0_symbols_sum')
231.18/94.65	(40.578947368421055, '1_landmark_decision_node_learner')
231.18/94.65	(40.70175438596491, '0_landmark_decision_node_learner')
231.18/94.65	(41.98245614035088, '1_pca_kurtosis_first_pc')
231.18/94.65	(43.05263157894737, '0_class_probability_min')
231.18/94.65	(43.35087719298246, '0_kurtosis_max')
231.18/94.65	(44.14035087719298, '1_kurtosis_max')
231.18/94.65	(44.78947368421053, '1_class_probability_min')
231.18/94.65	(45.333333333333336, '0_pca_kurtosis_first_pc')
231.18/94.65	(45.75438596491228, '1_pca_95%')
231.18/94.65	(50.771929824561404, '1_symbols_mean')
231.18/94.65	(51.91228070175438, '1_number_of_instances')
231.18/94.65	(53.29824561403509, '0_pca_95%')
231.18/94.65	(53.36842105263158, '0_number_of_instances')
231.18/94.65	(54.719298245614034, '1_log_number_of_instances')
231.18/94.65	(55.473684210526315, '1_skewness_mean')
231.18/94.65	(55.64912280701754, '0_skewness_mean')
231.18/94.65	(56.64912280701754, '0_log_number_of_instances')
231.18/94.65	(57.40350877192982, '1_ratio_numerical_to_categorical')
231.18/94.65	(58.05263157894737, '0_symbols_mean')
231.18/94.65	(58.80701754385965, '1_log_inverse_dataset_ratio')
231.18/94.65	(59.03508771929825, '0_dataset_ratio')
231.18/94.65	(59.280701754385966, '0_log_dataset_ratio')
231.18/94.65	(59.824561403508774, '0_inverse_dataset_ratio')
231.18/94.65	(60.07017543859649, '1_inverse_dataset_ratio')
231.18/94.65	(60.473684210526315, '1_kurtosis_mean')
231.18/94.65	(60.526315789473685, '1_log_dataset_ratio')
231.18/94.65	(61.05263157894737, '1_dataset_ratio')
231.18/94.65	(61.19298245614035, '0_ratio_numerical_to_categorical')
231.18/94.65	(62.421052631578945, '1_symbols_std')
231.18/94.65	(62.68421052631579, '0_log_inverse_dataset_ratio')
231.18/94.65	(62.92982456140351, '0_kurtosis_mean')
231.18/94.65	(63.0, '0_symbols_min')
231.18/94.65	(65.14035087719299, '1_symbols_min')
231.18/94.65	(69.75438596491227, '1_percentage_of_features_with_missing_values')
231.18/94.65	(70.0701754385965, '1_symbols_max')
231.18/94.65	(70.78947368421052, '1_class_probability_mean')
231.18/94.65	(71.73684210526316, '0_symbols_max')
231.18/94.65	(72.24561403508773, '0_percentage_of_features_with_missing_values')
231.18/94.65	(73.50877192982456, '1_ratio_categorical_to_numerical')
231.18/94.65	(73.91228070175438, '0_ratio_categorical_to_numerical')
231.18/94.65	(75.0, '0_class_probability_mean')
231.18/94.65	(75.33333333333333, '1_percentage_of_missing_values')
231.18/94.65	(76.80701754385964, '0_number_of_classes')
231.18/94.65	(77.15789473684211, '1_number_of_classes')
231.18/94.65	(77.52631578947368, '0_percentage_of_missing_values')
231.18/94.65	(78.82456140350877, '0_symbols_std')
231.18/94.65	(82.49122807017544, '1_percentage_of_Instances_with_missing_values')
231.18/94.65	(82.85964912280701, '0_percentage_of_Instances_with_missing_values')
231.18/94.65	(82.87719298245614, '1_number_of_features_with_missing_values')
231.18/94.65	(83.3859649122807, '0_number_of_Instances_with_missing_values')
231.18/94.65	(83.98245614035088, '1_number_of_missing_values')
231.18/94.65	(84.14035087719299, '0_number_of_features_with_missing_values')
231.18/94.65	(84.2280701754386, '1_number_of_Instances_with_missing_values')
231.18/94.65	(85.47368421052632, '0_number_of_missing_values')
231.18/94.65	Result for ParamILS: SAT, 92.980087, 1, 0.319337, -1, /home/feurerm/thesis/Software/pyMetaLearn/optimizers/metalearn_optimizer/learn_distances.py
