0.75/1.52	['/home/feurerm/thesis/Software/pyMetaLearn/optimizers/metalearn_optimizer/learn_distances.py', '--input_file', '/home/feurerm/thesis/experiments/2014_04_25_predict_distances/testfold_0-3_spearman_rank_perm.pkl', '--fold', '0', '--folds', '1', '--params', '-max_features', '0.733194601295', '-min_samples_leaf', '2', '-min_samples_split', '10', '-n_estimators', '59', '-n_jobs', '4', '-seed', '43']
0.75/1.53	Metafeatures (57, 46)
0.75/1.53	X (3192, 92)
0.75/1.53	Y (3192,)
0.75/1.53	Dataset Mae MSE Rho
8.12/3.60	vehicle 0.493546441595 0.31285750951 -0.166129690386
15.77/5.86	anneal.ORIG 0.730873328519 0.595530488575 -0.162574385728
23.64/8.31	segment 0.272705552094 0.0959126589108 0.76568333954
31.51/10.66	pendigits 0.372585868747 0.167640630586 0.382680065013
39.25/13.00	mushroom 0.224684596824 0.0623668427213 0.561091716945
46.98/15.35	labor 0.204971787953 0.0622941617187 0.53782063191
54.74/17.72	abalone 0.387429584493 0.191881924638 0.342925294746
62.30/19.97	diabetes 0.480875119966 0.332961516045 -0.252749840237
69.84/22.20	car 0.658421338875 0.553449528101 -0.138010462636
77.49/24.44	autos 0.171560971484 0.0396956058655 0.657408152227
85.28/26.78	mfeat-fourier 0.692002160409 0.618329831052 -0.518751270562
92.95/32.06	primary-tumor 0.190696965429 0.0443845531544 0.633167438649
100.72/34.40	waveform-5000 0.227823336427 0.0722746715911 0.664841971057
108.47/36.76	credit-a 0.426532733699 0.258332831409 0.214611117541
116.21/39.30	letter 0.295133751722 0.112474400454 0.502590794844
124.05/45.41	postoperative-patient-data 0.449043647455 0.246316532092 -0.314806066995
131.59/47.73	vowel 0.47528588707 0.280954744851 0.130253434291
139.40/50.12	eucalyptus 0.27337813547 0.0996255365882 0.484814271554
147.19/52.50	cylinder-bands 0.271513972058 0.0871132460888 0.551395431514
154.85/54.88	ionosphere 0.437383339645 0.221770584152 -0.186168680277
162.59/57.12	mfeat-karhunen 0.259418559365 0.0926508376826 0.592766249353
170.26/63.13	balance-scale 0.242858308202 0.0872569846858 0.391729931415
177.88/65.39	mfeat-morphological 0.52100872773 0.365609638949 -0.269233525469
185.56/67.64	liver-disorders 0.144818593161 0.0310706149312 0.600523277698
193.30/70.26	dermatology 0.226323200189 0.0645660657756 0.456371834289
201.11/72.64	vote 0.06651983594 0.00745202644566 0.788308005546
208.84/74.92	breast-cancer 0.140218331581 0.0281217225948 0.41500101645
216.55/77.25	credit-g 0.567992520047 0.438075691922 -0.51713522299
224.32/79.75	soybean 0.108756008656 0.0172674877544 0.841960784931
232.01/82.16	arrhythmia 0.332920671059 0.139562484215 -0.237558993061
239.71/84.40	nursery 0.216393699658 0.060888076253 0.708475255497
247.15/86.64	hepatitis 0.333212154052 0.158331645344 -0.0248871326064
254.86/92.90	cmc 0.156198299405 0.0324035813116 0.658054571255
262.53/95.14	heart-c 0.226638985146 0.069314770582 0.810609462038
270.39/97.50	glass 0.299509111337 0.106187083749 0.62508720079
278.21/99.85	braziltourism 0.71626691206 0.621178418823 -0.650620752425
285.95/102.34	iris 0.29331089295 0.113764950531 0.231741221803
293.60/104.60	heart-statlog 0.314871894653 0.137645827608 0.649651123882
301.57/106.94	page-blocks 0.638186402186 0.542914949908 -0.747260397221
309.33/109.40	breast-w 0.235581185192 0.0729944860138 0.434070377798
317.09/111.75	heart-h 0.161504109354 0.0344095209614 0.685850589491
324.93/114.10	yeast 0.332541554519 0.139643224922 0.56593985966
332.46/116.38	tae 0.375029628925 0.174276112496 0.0126051710604
340.22/123.81	haberman 0.294491001537 0.114437126621 -0.0536527793853
347.95/127.47	mfeat-pixel 0.413701767203 0.211831670445 0.0856505213078
355.62/131.41	optdigits 0.236014871842 0.070575291026 0.718817959957
363.38/133.65	mfeat-factors 0.267601686548 0.0943603361849 0.658054571255
371.18/135.99	satimage 0.363965727938 0.166033421358 0.106012720713
378.74/138.24	lymph 0.270552989744 0.11135114496 0.30478657205
386.43/144.48	audiology 0.275511258454 0.0910918382189 0.476734033694
394.18/148.34	ecoli 0.396280063677 0.199763276457 0.201682736966
401.96/154.30	tic-tac-toe 0.177373370779 0.0429365846534 0.701041436666
409.74/159.37	spambase 0.376145317474 0.182103367273 0.651590380968
417.43/161.78	zoo 0.196716544903 0.0501725375319 0.590503782752
425.16/164.07	sonar 0.561396344113 0.394017997211 -0.336461104458
432.96/166.30	mfeat-zernike 0.217569909636 0.0657765639078 0.634137067192
440.50/168.54	kr-vs-kp 0.223561167635 0.0616108252016 0.616683753416
440.74/168.72	MAE 0.331884388189 0.156814105262
440.74/168.72	MSE 0.172768701449 0.172768701449
440.74/168.72	Mean tau 0.299433768865 0.416723042911
440.74/168.72	(0.5263157894736842, '1_class_probability_max')
440.74/168.72	(0.6666666666666666, '0_class_probability_max')
440.74/168.72	(2.2280701754385963, '1_skewness_min')
440.74/168.72	(2.7719298245614037, '0_skewness_min')
440.74/168.72	(5.912280701754386, '0_class_entropy')
440.74/168.72	(7.2631578947368425, '1_landmark_decision_tree')
440.74/168.72	(7.842105263157895, '1_class_entropy')
440.74/168.72	(9.508771929824562, '1_landmark_naive_bayes')
440.74/168.72	(9.596491228070175, '0_landmark_naive_bayes')
440.74/168.72	(10.298245614035087, '1_class_probability_std')
440.74/168.72	(10.701754385964913, '0_class_probability_std')
440.74/168.72	(13.0, '0_landmark_decision_tree')
440.74/168.72	(15.140350877192983, '0_pca_skewness_first_pc')
440.74/168.72	(15.649122807017545, '1_pca_skewness_first_pc')
440.74/168.72	(17.403508771929825, '1_landmark_random_node_learner')
440.74/168.72	(19.017543859649123, '1_landmark_lda')
440.74/168.72	(19.43859649122807, '0_landmark_lda')
440.74/168.72	(21.473684210526315, '0_kurtosis_min')
440.74/168.72	(21.94736842105263, '1_kurtosis_min')
440.74/168.72	(24.49122807017544, '0_landmark_random_node_learner')
440.74/168.72	(25.29824561403509, '0_skewness_std')
440.74/168.72	(26.92982456140351, '1_skewness_max')
440.74/168.72	(27.350877192982455, '0_landmark_1NN')
440.74/168.72	(28.05263157894737, '0_skewness_max')
440.74/168.72	(28.719298245614034, '1_kurtosis_std')
440.74/168.72	(28.82456140350877, '1_landmark_1NN')
440.74/168.72	(30.0, '0_number_of_features')
440.74/168.72	(30.12280701754386, '0_log_number_of_features')
440.74/168.72	(31.105263157894736, '0_class_probability_min')
440.74/168.72	(32.40350877192982, '1_number_of_numeric_features')
440.74/168.72	(32.473684210526315, '1_number_of_features')
440.74/168.72	(32.87719298245614, '1_class_probability_min')
440.74/168.72	(33.24561403508772, '0_kurtosis_max')
440.74/168.72	(33.45614035087719, '0_number_of_numeric_features')
440.74/168.72	(33.85964912280702, '1_log_number_of_features')
440.74/168.72	(34.824561403508774, '0_kurtosis_std')
440.74/168.72	(37.26315789473684, '1_kurtosis_max')
440.74/168.72	(38.31578947368421, '1_skewness_mean')
440.74/168.72	(38.3859649122807, '0_log_number_of_instances')
440.74/168.72	(39.0, '1_skewness_std')
440.74/168.72	(39.01754385964912, '1_log_number_of_instances')
440.74/168.72	(39.94736842105263, '1_number_of_instances')
440.74/168.72	(40.3859649122807, '0_number_of_instances')
440.74/168.72	(41.07017543859649, '0_skewness_mean')
440.74/168.72	(43.70175438596491, '1_landmark_decision_node_learner')
440.74/168.72	(44.578947368421055, '0_landmark_decision_node_learner')
440.74/168.72	(46.10526315789474, '0_pca_kurtosis_first_pc')
440.74/168.72	(46.49122807017544, '1_pca_kurtosis_first_pc')
440.74/168.72	(47.175438596491226, '0_symbols_sum')
440.74/168.72	(48.280701754385966, '1_symbols_mean')
440.74/168.72	(48.70175438596491, '0_symbols_mean')
440.74/168.72	(50.0, '1_pca_95%')
440.74/168.72	(50.0, '1_symbols_sum')
440.74/168.72	(50.87719298245614, '0_number_of_categorical_features')
440.74/168.72	(51.771929824561404, '0_pca_95%')
440.74/168.72	(52.666666666666664, '0_symbols_min')
440.74/168.72	(54.10526315789474, '0_dataset_ratio')
440.74/168.72	(54.175438596491226, '1_log_dataset_ratio')
440.74/168.72	(54.19298245614035, '1_symbols_min')
440.74/168.72	(54.43859649122807, '1_dataset_ratio')
440.74/168.72	(55.73684210526316, '1_log_inverse_dataset_ratio')
440.74/168.72	(56.70175438596491, '1_inverse_dataset_ratio')
440.74/168.72	(56.91228070175438, '0_inverse_dataset_ratio')
440.74/168.72	(57.175438596491226, '0_log_inverse_dataset_ratio')
440.74/168.72	(57.80701754385965, '1_number_of_categorical_features')
440.74/168.72	(57.92982456140351, '0_ratio_numerical_to_categorical')
440.74/168.72	(58.92982456140351, '0_log_dataset_ratio')
440.74/168.72	(61.08771929824562, '1_ratio_numerical_to_categorical')
440.74/168.72	(66.75438596491227, '1_kurtosis_mean')
440.74/168.72	(66.98245614035088, '0_kurtosis_mean')
440.74/168.72	(73.36842105263158, '1_ratio_categorical_to_numerical')
440.74/168.72	(73.3859649122807, '0_class_probability_mean')
440.74/168.72	(73.63157894736842, '0_ratio_categorical_to_numerical')
440.74/168.72	(73.80701754385964, '0_number_of_classes')
440.74/168.72	(74.89473684210526, '0_symbols_max')
440.74/168.72	(75.12280701754386, '1_symbols_max')
440.74/168.72	(75.40350877192982, '1_number_of_classes')
440.74/168.72	(75.91228070175438, '1_class_probability_mean')
440.74/168.72	(78.03508771929825, '0_symbols_std')
440.74/168.72	(78.78947368421052, '1_symbols_std')
440.74/168.72	(78.82456140350877, '1_percentage_of_features_with_missing_values')
440.74/168.72	(79.66666666666667, '0_percentage_of_features_with_missing_values')
440.74/168.72	(80.98245614035088, '0_percentage_of_missing_values')
440.74/168.72	(82.89473684210526, '1_number_of_Instances_with_missing_values')
440.74/168.72	(83.05263157894737, '0_percentage_of_Instances_with_missing_values')
440.74/168.72	(83.49122807017544, '1_percentage_of_missing_values')
440.74/168.72	(83.75438596491227, '0_number_of_Instances_with_missing_values')
440.74/168.72	(83.94736842105263, '1_percentage_of_Instances_with_missing_values')
440.74/168.72	(85.12280701754386, '0_number_of_missing_values')
440.74/168.72	(85.3157894736842, '1_number_of_missing_values')
440.74/168.72	(87.64912280701755, '0_number_of_features_with_missing_values')
440.74/168.72	(87.85964912280701, '1_number_of_features_with_missing_values')
440.74/168.72	Result for ParamILS: SAT, 167.202749, 1, 0.331884, -1, /home/feurerm/thesis/Software/pyMetaLearn/optimizers/metalearn_optimizer/learn_distances.py
