0.74/1.50	['/home/feurerm/thesis/Software/pyMetaLearn/optimizers/metalearn_optimizer/learn_distances.py', '--input_file', '/home/feurerm/thesis/experiments/2014_04_25_predict_distances/testfold_0-3_spearman_rank_perm.pkl', '--fold', '0', '--folds', '1', '--params', '-max_features', '0.378827887722', '-min_samples_leaf', '6', '-min_samples_split', '4', '-n_estimators', '78', '-n_jobs', '4', '-seed', '71']
0.74/1.51	Metafeatures (57, 46)
0.74/1.51	X (3192, 92)
0.74/1.51	Y (3192,)
0.74/1.51	Dataset Mae MSE Rho
5.55/2.97	vehicle 0.423053083512 0.227468485429 0.0138980091179
10.77/4.92	anneal.ORIG 0.530938269208 0.33025826746 0.356176884835
16.03/6.61	segment 0.263522724392 0.0870419769429 0.76859222517
21.21/8.65	pendigits 0.389010610093 0.182175440718 0.295413496133
26.44/10.74	mushroom 0.198894745854 0.0483105282443 0.631551391077
31.65/12.44	labor 0.201664015634 0.0568123398296 0.714293026756
36.75/14.14	abalone 0.415197778614 0.219502510045 0.189077565906
41.94/15.99	diabetes 0.482662904126 0.327320948116 -0.14867637661
47.10/17.69	car 0.487077024303 0.34015322841 0.0717525121899
52.22/19.56	autos 0.234200655358 0.0702463161955 0.526508298907
57.43/24.27	mfeat-fourier 0.662188033814 0.57198423212 -0.508731775617
62.54/25.97	primary-tumor 0.196589430777 0.0472159787988 0.63252101962
67.69/30.46	waveform-5000 0.248682281791 0.0846102876778 0.574020097519
72.87/32.15	credit-a 0.405446055023 0.234127106446 0.298645591277
78.06/33.86	letter 0.279128046235 0.102087870779 0.656115314169
83.37/39.03	postoperative-patient-data 0.439245565534 0.235252693888 -0.472209100493
88.50/40.72	vowel 0.503074010923 0.315156579547 0.0526831508422
93.64/42.52	eucalyptus 0.291064004888 0.109070769267 0.457341462832
98.71/44.24	cylinder-bands 0.27204792095 0.0867818920168 0.587594897123
103.90/46.31	ionosphere 0.434456791545 0.21572090187 -0.106335930227
109.06/48.01	mfeat-karhunen 0.250638584931 0.0832276923088 0.671306161345
114.19/51.35	balance-scale 0.200803659347 0.059830471628 0.657731361741
119.29/53.06	mfeat-morphological 0.477397266158 0.30431403156 -0.196511384736
124.40/54.74	liver-disorders 0.173547826227 0.0450494720741 0.541052727054
129.51/56.49	dermatology 0.213500209009 0.0575473817489 0.498065861643
134.80/58.21	vote 0.0725755396306 0.00851353225999 0.794125776805
139.90/59.94	breast-cancer 0.21617127615 0.0649471643065 0.146090700495
145.11/64.42	credit-g 0.51067573062 0.351475354883 -0.400456588303
150.24/66.10	soybean 0.115776878909 0.017952046 0.838728689788
155.33/67.81	arrhythmia 0.286566470606 0.104086924407 -0.0168068947472
160.46/69.51	nursery 0.232618854359 0.0695502134038 0.683264913376
165.46/71.09	hepatitis 0.429449700099 0.254617165552 -0.325148771455
170.59/72.78	cmc 0.17113929938 0.0372068071735 0.706535998411
175.66/74.48	heart-c 0.264406733929 0.0928637805016 0.725928569273
180.80/77.37	glass 0.37196676464 0.165777618256 0.285717210702
185.89/79.10	braziltourism 0.642693498697 0.502863285914 -0.657731361741
191.20/81.50	iris 0.312523125596 0.132637191719 0.145444281466
196.25/83.23	heart-statlog 0.342728025092 0.156847591461 0.649651123882
201.57/84.93	page-blocks 0.542964313155 0.392702469169 -0.446029129829
206.78/86.70	breast-w 0.224236837912 0.0691938078991 0.548486545884
211.79/88.39	heart-h 0.168128327637 0.0369253082103 0.707505626954
216.93/90.10	yeast 0.374172411908 0.169597128594 0.453139739145
222.12/92.01	tae 0.337956778788 0.142978380478 0.0862969403365
227.34/93.85	haberman 0.286364884222 0.1060014267 -0.0433100749255
232.56/96.65	mfeat-pixel 0.390826762404 0.187714360946 0.102134206541
237.70/98.88	optdigits 0.227390390021 0.0652717332159 0.715909074327
242.85/100.73	mfeat-factors 0.261388453798 0.0912527394387 0.643186933594
248.00/102.51	satimage 0.360788098961 0.162424074407 0.0892058259659
253.10/104.11	lymph 0.324394898339 0.139994286027 0.439564939542
258.32/105.80	audiology 0.275795064913 0.0961673390351 0.555920364715
263.35/107.80	ecoli 0.439787269979 0.245041764391 -0.0319977419225
268.46/109.48	tic-tac-toe 0.1679569362 0.0413027132543 0.778934929629
273.69/111.42	spambase 0.38658001549 0.189159432225 0.735948064218
278.85/113.19	zoo 0.182614148941 0.0431326439644 0.662579504457
284.01/114.88	sonar 0.548863966768 0.379231793911 -0.357469722892
289.17/116.60	mfeat-zernike 0.225217856999 0.0717160254695 0.576928983149
294.43/118.44	kr-vs-kp 0.219859003234 0.0596520810469 0.607957096528
294.70/118.70	MAE 0.326115961678 0.131786408526
294.70/118.70	MSE 0.159474834866 0.159474834866
294.70/118.70	Mean tau 0.318633548087 0.401364289326
294.70/118.70	(0.21052631578947367, '0_class_probability_max')
294.70/118.70	(0.9473684210526315, '1_class_probability_max')
294.70/118.70	(2.9473684210526314, '1_skewness_min')
294.70/118.70	(3.2280701754385963, '0_skewness_min')
294.70/118.70	(6.508771929824562, '1_class_probability_std')
294.70/118.70	(6.631578947368421, '0_landmark_decision_tree')
294.70/118.70	(7.2631578947368425, '1_landmark_decision_tree')
294.70/118.70	(7.4035087719298245, '0_class_probability_std')
294.70/118.70	(7.473684210526316, '1_class_entropy')
294.70/118.70	(9.473684210526315, '1_landmark_random_node_learner')
294.70/118.70	(10.350877192982455, '0_landmark_random_node_learner')
294.70/118.70	(10.526315789473685, '0_class_entropy')
294.70/118.70	(10.649122807017545, '1_landmark_naive_bayes')
294.70/118.70	(12.280701754385966, '0_landmark_naive_bayes')
294.70/118.70	(19.07017543859649, '1_landmark_1NN')
294.70/118.70	(19.24561403508772, '0_landmark_1NN')
294.70/118.70	(19.75438596491228, '0_skewness_max')
294.70/118.70	(20.56140350877193, '0_pca_skewness_first_pc')
294.70/118.70	(20.842105263157894, '1_pca_skewness_first_pc')
294.70/118.70	(21.596491228070175, '0_landmark_lda')
294.70/118.70	(23.350877192982455, '1_skewness_std')
294.70/118.70	(24.07017543859649, '1_skewness_max')
294.70/118.70	(24.31578947368421, '0_number_of_features')
294.70/118.70	(24.473684210526315, '0_skewness_std')
294.70/118.70	(24.649122807017545, '1_log_number_of_features')
294.70/118.70	(24.80701754385965, '0_log_number_of_features')
294.70/118.70	(25.105263157894736, '1_landmark_lda')
294.70/118.70	(25.385964912280702, '1_number_of_features')
294.70/118.70	(27.859649122807017, '1_kurtosis_min')
294.70/118.70	(28.43859649122807, '0_kurtosis_std')
294.70/118.70	(30.263157894736842, '0_kurtosis_min')
294.70/118.70	(30.42105263157895, '1_kurtosis_std')
294.70/118.70	(33.29824561403509, '0_symbols_sum')
294.70/118.70	(35.26315789473684, '0_number_of_numeric_features')
294.70/118.70	(35.54385964912281, '0_number_of_categorical_features')
294.70/118.70	(36.50877192982456, '1_number_of_numeric_features')
294.70/118.70	(36.96491228070175, '1_number_of_categorical_features')
294.70/118.70	(39.280701754385966, '1_symbols_sum')
294.70/118.70	(40.92982456140351, '1_kurtosis_max')
294.70/118.70	(42.01754385964912, '1_class_probability_min')
294.70/118.70	(42.31578947368421, '0_kurtosis_max')
294.70/118.70	(42.421052631578945, '1_landmark_decision_node_learner')
294.70/118.70	(42.54385964912281, '0_class_probability_min')
294.70/118.70	(43.10526315789474, '0_landmark_decision_node_learner')
294.70/118.70	(47.1578947368421, '1_pca_kurtosis_first_pc')
294.70/118.70	(47.24561403508772, '0_pca_kurtosis_first_pc')
294.70/118.70	(48.228070175438596, '1_skewness_mean')
294.70/118.70	(48.473684210526315, '0_log_number_of_instances')
294.70/118.70	(50.35087719298246, '1_log_number_of_instances')
294.70/118.70	(50.50877192982456, '0_ratio_numerical_to_categorical')
294.70/118.70	(51.05263157894737, '0_pca_95%')
294.70/118.70	(51.40350877192982, '1_number_of_instances')
294.70/118.70	(51.59649122807018, '0_number_of_instances')
294.70/118.70	(51.92982456140351, '1_pca_95%')
294.70/118.70	(52.333333333333336, '0_skewness_mean')
294.70/118.70	(55.666666666666664, '1_symbols_mean')
294.70/118.70	(56.21052631578947, '0_dataset_ratio')
294.70/118.70	(56.666666666666664, '0_symbols_mean')
294.70/118.70	(56.80701754385965, '1_log_dataset_ratio')
294.70/118.70	(58.92982456140351, '1_dataset_ratio')
294.70/118.70	(58.98245614035088, '1_ratio_numerical_to_categorical')
294.70/118.70	(59.80701754385965, '1_symbols_min')
294.70/118.70	(59.824561403508774, '0_log_inverse_dataset_ratio')
294.70/118.70	(59.91228070175438, '1_log_inverse_dataset_ratio')
294.70/118.70	(60.12280701754386, '0_inverse_dataset_ratio')
294.70/118.70	(60.36842105263158, '0_log_dataset_ratio')
294.70/118.70	(60.49122807017544, '1_inverse_dataset_ratio')
294.70/118.70	(63.64912280701754, '0_kurtosis_mean')
294.70/118.70	(64.59649122807018, '1_kurtosis_mean')
294.70/118.70	(66.75438596491227, '0_symbols_min')
294.70/118.70	(67.91228070175438, '0_symbols_max')
294.70/118.70	(72.54385964912281, '1_symbols_max')
294.70/118.70	(73.33333333333333, '1_percentage_of_features_with_missing_values')
294.70/118.70	(74.21052631578948, '0_ratio_categorical_to_numerical')
294.70/118.70	(74.64912280701755, '0_symbols_std')
294.70/118.70	(75.26315789473684, '0_percentage_of_features_with_missing_values')
294.70/118.70	(76.17543859649123, '1_ratio_categorical_to_numerical')
294.70/118.70	(76.54385964912281, '1_symbols_std')
294.70/118.70	(76.9298245614035, '1_class_probability_mean')
294.70/118.70	(78.01754385964912, '1_number_of_classes')
294.70/118.70	(78.6842105263158, '0_number_of_classes')
294.70/118.70	(78.82456140350877, '1_percentage_of_missing_values')
294.70/118.70	(78.84210526315789, '0_class_probability_mean')
294.70/118.70	(78.89473684210526, '0_percentage_of_missing_values')
294.70/118.70	(82.9298245614035, '1_number_of_Instances_with_missing_values')
294.70/118.70	(83.14035087719299, '0_number_of_missing_values')
294.70/118.70	(83.85964912280701, '0_number_of_Instances_with_missing_values')
294.70/118.70	(84.24561403508773, '1_number_of_missing_values')
294.70/118.70	(84.56140350877193, '1_percentage_of_Instances_with_missing_values')
294.70/118.70	(85.15789473684211, '0_percentage_of_Instances_with_missing_values')
294.70/118.70	(85.17543859649123, '0_number_of_features_with_missing_values')
294.70/118.70	(86.73684210526316, '1_number_of_features_with_missing_values')
294.70/118.70	Result for ParamILS: SAT, 117.202088, 1, 0.326116, -1, /home/feurerm/thesis/Software/pyMetaLearn/optimizers/metalearn_optimizer/learn_distances.py
