0.77/2.02	['/home/feurerm/thesis/Software/pyMetaLearn/optimizers/metalearn_optimizer/learn_distances.py', '--input_file', '/home/feurerm/thesis/experiments/2014_04_25_predict_distances/testfold_0-3_spearman_rank_perm.pkl', '--fold', '0', '--folds', '1', '--params', '-max_features', '0.846010673795', '-min_samples_leaf', '4', '-min_samples_split', '7', '-n_estimators', '43', '-n_jobs', '4', '-seed', '57']
0.77/2.03	Metafeatures (57, 46)
0.77/2.03	X (3192, 92)
0.77/2.03	Y (3192,)
0.77/2.03	Dataset Mae MSE Rho
6.88/8.22	vehicle 0.502199280044 0.325030764979 -0.240467878691
13.27/10.26	anneal.ORIG 0.76798111603 0.656760701481 -0.211055812883
19.66/16.64	segment 0.247871664126 0.0796239902192 0.810609462038
26.07/18.92	pendigits 0.375554578303 0.171316118774 0.306725829136
32.37/20.92	mushroom 0.231461561426 0.0677096023638 0.536204584338
38.66/22.86	labor 0.218772992475 0.0690273929608 0.421465206737
45.09/24.90	abalone 0.374632205497 0.182569292868 0.32773444757
51.25/26.79	diabetes 0.486468662166 0.327003965467 -0.133485529434
57.59/31.54	car 0.633434000627 0.508094712558 -0.0439564939542
63.97/33.86	autos 0.165230714985 0.0378459932298 0.690052313178
70.42/35.86	mfeat-fourier 0.659511428627 0.55981323185 -0.488046366697
76.79/37.79	primary-tumor 0.174679633763 0.0372223346223 0.678416770661
83.25/43.97	waveform-5000 0.205248741031 0.0592710837019 0.68132565629
89.65/45.90	credit-a 0.448614903113 0.282539500559 0.179704489989
95.89/47.79	letter 0.300444995783 0.116323999867 0.523922622792
102.41/49.78	postoperative-patient-data 0.445882188317 0.248880682266 -0.205238041624
108.77/51.70	vowel 0.485535428434 0.296830683321 -0.00808023785923
115.15/53.61	eucalyptus 0.245310708293 0.0814372722264 0.656761733198
121.52/59.53	cylinder-bands 0.275120515293 0.0893277871261 0.5555971552
128.00/66.87	ionosphere 0.443761020101 0.22931061573 -0.224630612486
134.38/68.95	mfeat-karhunen 0.24479475461 0.0839579880364 0.630904972048
140.77/70.91	balance-scale 0.264356475675 0.10260091629 0.272788830127
147.15/73.00	mfeat-morphological 0.498575587142 0.335925889996 -0.208146927254
153.43/74.93	liver-disorders 0.141802292106 0.02886453325 0.500651537758
159.83/76.86	dermatology 0.227896384334 0.0658456158943 0.452816529631
166.23/78.76	vote 0.070680154657 0.00855434261699 0.785075910402
172.51/80.66	breast-cancer 0.124046904039 0.0220513725969 0.489339204755
178.87/82.69	credit-g 0.556242874317 0.432807147891 -0.43794889197
185.39/84.70	soybean 0.110463312213 0.0163831904919 0.820952166497
191.69/88.92	arrhythmia 0.31987255812 0.130199665467 -0.209116555797
197.97/91.95	nursery 0.22298589557 0.0639888217733 0.686820218034
204.25/93.93	hepatitis 0.303127061825 0.131128866546 0.0446029129829
210.56/99.78	cmc 0.150439867568 0.0311549372268 0.667750856686
216.91/101.67	heart-c 0.221733427599 0.0653533543632 0.816750442811
223.26/103.57	glass 0.261626812122 0.0833632789107 0.698132551037
229.85/106.56	braziltourism 0.689994571664 0.585634382743 -0.551395431514
236.17/109.68	iris 0.340971489408 0.152909786551 0.00614098077301
242.50/111.57	heart-statlog 0.312127552457 0.130056671662 0.522952994249
249.06/113.62	page-blocks 0.680060206241 0.616480915589 -0.708152045983
255.45/115.52	breast-w 0.238254020575 0.0764597389252 0.407567197619
261.80/117.56	heart-h 0.161787065772 0.0335339365528 0.716878702871
268.20/119.48	yeast 0.34139808997 0.145001871193 0.547193707827
274.46/121.38	tae 0.396903374931 0.19567830433 -0.0378155131812
280.81/123.32	haberman 0.301082885554 0.120211996336 -0.0562384555002
287.14/125.21	mfeat-pixel 0.414568133703 0.213210597346 0.0940539686814
293.49/127.14	optdigits 0.209319579239 0.0557057102677 0.760188777796
299.94/129.17	mfeat-factors 0.257324102158 0.0887241810146 0.648358285824
306.34/131.06	satimage 0.363491219762 0.165668308384 0.0756310263624
312.68/137.70	lymph 0.284684356435 0.125326654468 0.301231267392
319.06/139.99	audiology 0.290396794793 0.0990720428421 0.414354597421
325.41/141.99	ecoli 0.389537891499 0.190277195746 0.194248918136
331.75/143.89	tic-tac-toe 0.140467226655 0.0278434935482 0.775056415457
338.29/146.28	spambase 0.385056403019 0.19140320631 0.644802981166
344.68/148.17	zoo 0.198224225358 0.0539369460342 0.547193707827
351.13/150.17	sonar 0.561198314573 0.394850107788 -0.372014151039
357.46/152.06	mfeat-zernike 0.221716484726 0.0767720594208 0.632197810106
363.82/153.96	kr-vs-kp 0.220418870129 0.0592203932431 0.614098077301
364.01/154.10	MAE 0.329918308052 0.159018094763
364.01/154.10	MSE 0.172387686804 0.172387686804
364.01/154.10	Mean tau 0.298271348681 0.409772177716
364.01/154.10	(0.21052631578947367, '1_class_probability_max')
364.01/154.10	(0.9298245614035088, '0_class_probability_max')
364.01/154.10	(2.4035087719298245, '1_skewness_min')
364.01/154.10	(2.5964912280701755, '0_skewness_min')
364.01/154.10	(6.87719298245614, '0_landmark_naive_bayes')
364.01/154.10	(7.842105263157895, '1_landmark_naive_bayes')
364.01/154.10	(8.24561403508772, '0_class_entropy')
364.01/154.10	(11.280701754385966, '0_class_probability_std')
364.01/154.10	(12.578947368421053, '0_pca_skewness_first_pc')
364.01/154.10	(12.68421052631579, '1_class_entropy')
364.01/154.10	(13.298245614035087, '0_landmark_decision_tree')
364.01/154.10	(13.87719298245614, '1_pca_skewness_first_pc')
364.01/154.10	(14.789473684210526, '1_landmark_decision_tree')
364.01/154.10	(15.140350877192983, '0_landmark_lda')
364.01/154.10	(15.210526315789474, '1_landmark_lda')
364.01/154.10	(19.964912280701753, '1_class_probability_std')
364.01/154.10	(20.36842105263158, '1_kurtosis_min')
364.01/154.10	(20.82456140350877, '0_kurtosis_min')
364.01/154.10	(23.94736842105263, '1_landmark_1NN')
364.01/154.10	(25.385964912280702, '0_landmark_1NN')
364.01/154.10	(25.526315789473685, '0_class_probability_min')
364.01/154.10	(26.385964912280702, '1_class_probability_min')
364.01/154.10	(27.228070175438596, '1_skewness_max')
364.01/154.10	(30.42105263157895, '0_number_of_instances')
364.01/154.10	(30.94736842105263, '0_skewness_max')
364.01/154.10	(31.333333333333332, '0_kurtosis_max')
364.01/154.10	(31.75438596491228, '1_number_of_numeric_features')
364.01/154.10	(32.21052631578947, '1_skewness_std')
364.01/154.10	(33.333333333333336, '0_number_of_numeric_features')
364.01/154.10	(33.36842105263158, '0_kurtosis_std')
364.01/154.10	(33.43859649122807, '1_kurtosis_max')
364.01/154.10	(33.56140350877193, '1_log_number_of_instances')
364.01/154.10	(34.05263157894737, '1_number_of_instances')
364.01/154.10	(35.12280701754386, '1_skewness_mean')
364.01/154.10	(35.14035087719298, '0_log_number_of_instances')
364.01/154.10	(36.31578947368421, '0_skewness_std')
364.01/154.10	(36.473684210526315, '1_log_number_of_features')
364.01/154.10	(37.3859649122807, '1_number_of_features')
364.01/154.10	(37.45614035087719, '0_landmark_random_node_learner')
364.01/154.10	(37.92982456140351, '0_number_of_features')
364.01/154.10	(39.19298245614035, '0_log_number_of_features')
364.01/154.10	(39.96491228070175, '1_landmark_decision_node_learner')
364.01/154.10	(40.56140350877193, '0_skewness_mean')
364.01/154.10	(41.719298245614034, '0_landmark_decision_node_learner')
364.01/154.10	(42.21052631578947, '0_symbols_mean')
364.01/154.10	(42.473684210526315, '1_pca_kurtosis_first_pc')
364.01/154.10	(42.6140350877193, '1_landmark_random_node_learner')
364.01/154.10	(44.07017543859649, '1_symbols_mean')
364.01/154.10	(44.666666666666664, '0_pca_kurtosis_first_pc')
364.01/154.10	(45.26315789473684, '1_kurtosis_std')
364.01/154.10	(45.526315789473685, '1_symbols_min')
364.01/154.10	(47.92982456140351, '0_pca_95%')
364.01/154.10	(51.56140350877193, '1_pca_95%')
364.01/154.10	(51.70175438596491, '0_symbols_min')
364.01/154.10	(51.91228070175438, '0_inverse_dataset_ratio')
364.01/154.10	(52.473684210526315, '1_log_inverse_dataset_ratio')
364.01/154.10	(52.526315789473685, '1_inverse_dataset_ratio')
364.01/154.10	(53.1578947368421, '1_dataset_ratio')
364.01/154.10	(53.73684210526316, '0_dataset_ratio')
364.01/154.10	(54.40350877192982, '0_log_dataset_ratio')
364.01/154.10	(54.578947368421055, '1_symbols_sum')
364.01/154.10	(54.63157894736842, '0_log_inverse_dataset_ratio')
364.01/154.10	(55.40350877192982, '1_log_dataset_ratio')
364.01/154.10	(57.12280701754386, '0_ratio_numerical_to_categorical')
364.01/154.10	(57.78947368421053, '1_ratio_numerical_to_categorical')
364.01/154.10	(58.578947368421055, '0_symbols_sum')
364.01/154.10	(59.64912280701754, '1_number_of_categorical_features')
364.01/154.10	(61.63157894736842, '0_number_of_categorical_features')
364.01/154.10	(64.59649122807018, '1_kurtosis_mean')
364.01/154.10	(65.54385964912281, '0_kurtosis_mean')
364.01/154.10	(72.40350877192982, '1_ratio_categorical_to_numerical')
364.01/154.10	(72.82456140350877, '0_ratio_categorical_to_numerical')
364.01/154.10	(72.89473684210526, '0_class_probability_mean')
364.01/154.10	(73.08771929824562, '0_number_of_classes')
364.01/154.10	(74.47368421052632, '0_symbols_max')
364.01/154.10	(74.91228070175438, '1_class_probability_mean')
364.01/154.10	(75.10526315789474, '1_number_of_classes')
364.01/154.10	(75.7719298245614, '1_symbols_max')
364.01/154.10	(77.14035087719299, '1_symbols_std')
364.01/154.10	(78.56140350877193, '1_percentage_of_features_with_missing_values')
364.01/154.10	(78.64912280701755, '0_symbols_std')
364.01/154.10	(79.50877192982456, '0_percentage_of_features_with_missing_values')
364.01/154.10	(82.40350877192982, '1_number_of_Instances_with_missing_values')
364.01/154.10	(82.54385964912281, '0_number_of_Instances_with_missing_values')
364.01/154.10	(83.03508771929825, '1_percentage_of_Instances_with_missing_values')
364.01/154.10	(83.45614035087719, '0_percentage_of_Instances_with_missing_values')
364.01/154.10	(84.71929824561404, '1_number_of_missing_values')
364.01/154.10	(84.98245614035088, '1_percentage_of_missing_values')
364.01/154.10	(85.35087719298245, '0_number_of_missing_values')
364.01/154.10	(85.54385964912281, '0_percentage_of_missing_values')
364.01/154.10	(85.71929824561404, '1_number_of_features_with_missing_values')
364.01/154.10	(87.87719298245614, '0_number_of_features_with_missing_values')
364.01/154.10	Result for ParamILS: SAT, 152.080574, 1, 0.329918, -1, /home/feurerm/thesis/Software/pyMetaLearn/optimizers/metalearn_optimizer/learn_distances.py
