0.67/0.87	['/home/feurerm/thesis/Software/pyMetaLearn/optimizers/metalearn_optimizer/learn_distances.py', '--input_file', '/home/feurerm/thesis/experiments/2014_04_25_predict_distances/testfold_0-3_spearman_rank_perm.pkl', '--fold', '0', '--folds', '1', '--params', '-max_features', '0.429988059674', '-min_samples_leaf', '10', '-min_samples_split', '4', '-n_estimators', '81', '-n_jobs', '4', '-seed', '41']
0.67/0.88	Metafeatures (57, 46)
0.67/0.88	X (3192, 92)
0.67/0.88	Y (3192,)
0.67/0.88	Dataset Mae MSE Rho
5.95/2.45	vehicle 0.432482076768 0.240549650512 -0.0103427044598
11.56/4.22	anneal.ORIG 0.581251379025 0.391071581382 0.0336137894944
17.31/6.00	segment 0.29205735112 0.108928078382 0.708152045983
22.77/7.78	pendigits 0.38704460565 0.18212537907 0.300908057878
28.41/9.56	mushroom 0.222315876695 0.0592547243197 0.595998344497
34.08/11.36	labor 0.184405541435 0.0482848767093 0.734008807132
39.71/13.15	abalone 0.433669803025 0.237001878187 0.0639954838451
45.32/14.93	diabetes 0.476884540835 0.325139548709 -0.137364043607
50.85/16.72	car 0.507455644992 0.365098138491 -0.042017236868
56.36/18.52	autos 0.22091096568 0.0631211697285 0.583393173436
62.03/20.31	mfeat-fourier 0.629135469485 0.516494800959 -0.47123947195
67.57/22.10	primary-tumor 0.200632968909 0.0492616487602 0.613774867787
73.09/23.88	waveform-5000 0.252419034567 0.0875893139331 0.577898611692
78.69/25.68	credit-a 0.4172065406 0.247933854802 0.23077159326
84.32/27.47	letter 0.292002688359 0.112314502066 0.648358285824
90.22/29.36	postoperative-patient-data 0.438435341807 0.232225072707 -0.488046366697
95.85/31.13	vowel 0.516727436543 0.330112962594 -0.0213318279484
101.54/32.94	eucalyptus 0.309120948373 0.124475492636 0.402719054904
107.08/34.73	cylinder-bands 0.296213292055 0.102046956438 0.51713522299
112.77/36.53	ionosphere 0.427223563811 0.209881360137 -0.107951977799
118.43/38.31	mfeat-karhunen 0.266138322303 0.0930994537629 0.635106695735
124.09/40.09	balance-scale 0.206201399517 0.0607432583697 0.589210944695
129.63/41.88	mfeat-morphological 0.468971474026 0.293308930325 -0.195218546679
135.21/43.67	liver-disorders 0.184690548702 0.0503263921932 0.523922622792
140.89/45.46	dermatology 0.201937346944 0.0519102079788 0.526508298907
146.60/47.25	vote 0.0721790199081 0.00867352209495 0.80705415738
152.18/49.03	breast-cancer 0.205164310357 0.060527209862 0.15384772884
157.86/50.81	credit-g 0.515052860767 0.35890147879 -0.503560423387
163.64/52.70	soybean 0.123395794432 0.0208539565986 0.816750442811
169.20/54.50	arrhythmia 0.275944441213 0.0988069672099 0.0187461518334
174.70/56.29	nursery 0.264190075115 0.087596454804 0.617976591474
180.24/58.08	hepatitis 0.402014835422 0.226804118971 -0.295413496133
185.71/59.86	cmc 0.170375370401 0.0364013058817 0.726574988302
191.23/61.64	heart-c 0.28772436648 0.107725286997 0.69166836075
196.70/63.42	glass 0.358896199128 0.156849434355 0.366842798809
202.25/65.20	braziltourism 0.649843232076 0.505306119672 -0.565293440631
207.84/66.97	iris 0.315446740658 0.133388609111 0.151585262239
213.34/68.74	heart-statlog 0.343937629383 0.156679347929 0.616037334387
219.16/70.62	page-blocks 0.577939649653 0.440719682004 -0.625410410304
224.83/72.40	breast-w 0.235415879999 0.0743058810955 0.516488803962
230.31/74.19	heart-h 0.183230394085 0.0421164852443 0.689405894149
235.92/75.97	yeast 0.391660585594 0.189224949843 0.373306989096
241.54/77.75	tae 0.378770054712 0.181434853939 -0.101487787512
247.13/79.52	haberman 0.282840130415 0.104804198976 -0.0232710850346
252.81/81.31	mfeat-pixel 0.390195208507 0.189588852301 0.128960596233
258.30/83.10	optdigits 0.25382470442 0.078798823471 0.688113056092
263.93/84.87	mfeat-factors 0.27572355069 0.101209226244 0.627672876905
269.45/86.64	satimage 0.347013720759 0.149052073968 0.120880358374
274.95/88.42	lymph 0.300540706095 0.126967117142 0.352621580177
280.63/90.20	audiology 0.277500779398 0.0919406231449 0.560445297916
286.23/92.00	ecoli 0.437465547377 0.244800034259 0.0229478755202
291.81/93.82	tic-tac-toe 0.188978443696 0.0524204699599 0.721403636072
297.54/95.61	spambase 0.366469470069 0.172751968291 0.725282150244
303.05/97.41	zoo 0.178813210329 0.043523191573 0.699425389095
308.64/99.19	sonar 0.551003711701 0.382638237357 -0.367812427352
314.25/100.98	mfeat-zernike 0.244987781182 0.0814012954526 0.530710022594
319.88/102.75	kr-vs-kp 0.224553862915 0.0620353581579 0.592443039838
320.12/102.99	MAE 0.331870639091 0.131355980276
320.12/102.99	MSE 0.16404467312 0.16404467312
320.12/102.99	Mean tau 0.292050983115 0.403275078454
320.12/102.99	(0.5087719298245614, '1_class_probability_max')
320.12/102.99	(0.6140350877192983, '0_class_probability_max')
320.12/102.99	(2.5789473684210527, '1_skewness_min')
320.12/102.99	(2.736842105263158, '0_skewness_min')
320.12/102.99	(7.280701754385965, '1_class_probability_std')
320.12/102.99	(7.4035087719298245, '0_class_entropy')
320.12/102.99	(7.807017543859649, '1_class_entropy')
320.12/102.99	(7.807017543859649, '1_landmark_random_node_learner')
320.12/102.99	(8.087719298245615, '0_landmark_decision_tree')
320.12/102.99	(9.017543859649123, '0_class_probability_std')
320.12/102.99	(10.228070175438596, '0_landmark_naive_bayes')
320.12/102.99	(10.368421052631579, '1_landmark_decision_tree')
320.12/102.99	(10.68421052631579, '0_landmark_random_node_learner')
320.12/102.99	(11.333333333333334, '1_landmark_naive_bayes')
320.12/102.99	(20.228070175438596, '1_landmark_lda')
320.12/102.99	(20.614035087719298, '0_pca_skewness_first_pc')
320.12/102.99	(21.12280701754386, '1_pca_skewness_first_pc')
320.12/102.99	(21.842105263157894, '1_landmark_1NN')
320.12/102.99	(22.12280701754386, '1_kurtosis_std')
320.12/102.99	(22.31578947368421, '0_kurtosis_std')
320.12/102.99	(22.42105263157895, '1_skewness_std')
320.12/102.99	(22.50877192982456, '0_skewness_std')
320.12/102.99	(23.36842105263158, '0_landmark_1NN')
320.12/102.99	(24.68421052631579, '1_log_number_of_features')
320.12/102.99	(24.894736842105264, '0_number_of_features')
320.12/102.99	(25.263157894736842, '0_log_number_of_features')
320.12/102.99	(25.50877192982456, '1_skewness_max')
320.12/102.99	(26.789473684210527, '0_skewness_max')
320.12/102.99	(26.87719298245614, '1_number_of_features')
320.12/102.99	(26.92982456140351, '0_landmark_lda')
320.12/102.99	(28.12280701754386, '0_kurtosis_min')
320.12/102.99	(29.263157894736842, '1_kurtosis_min')
320.12/102.99	(32.64912280701754, '0_number_of_numeric_features')
320.12/102.99	(34.75438596491228, '0_symbols_sum')
320.12/102.99	(34.98245614035088, '1_number_of_numeric_features')
320.12/102.99	(35.05263157894737, '1_symbols_sum')
320.12/102.99	(35.6140350877193, '0_number_of_categorical_features')
320.12/102.99	(37.50877192982456, '1_number_of_categorical_features')
320.12/102.99	(40.666666666666664, '1_class_probability_min')
320.12/102.99	(41.10526315789474, '1_kurtosis_max')
320.12/102.99	(41.98245614035088, '0_class_probability_min')
320.12/102.99	(42.78947368421053, '0_landmark_decision_node_learner')
320.12/102.99	(42.94736842105263, '0_kurtosis_max')
320.12/102.99	(43.175438596491226, '1_landmark_decision_node_learner')
320.12/102.99	(46.1578947368421, '1_pca_kurtosis_first_pc')
320.12/102.99	(47.228070175438596, '1_log_number_of_instances')
320.12/102.99	(47.824561403508774, '0_number_of_instances')
320.12/102.99	(47.89473684210526, '0_log_number_of_instances')
320.12/102.99	(47.98245614035088, '0_pca_kurtosis_first_pc')
320.12/102.99	(48.49122807017544, '1_number_of_instances')
320.12/102.99	(49.49122807017544, '0_pca_95%')
320.12/102.99	(50.78947368421053, '0_skewness_mean')
320.12/102.99	(51.35087719298246, '1_pca_95%')
320.12/102.99	(53.78947368421053, '1_skewness_mean')
320.12/102.99	(53.91228070175438, '1_symbols_mean')
320.12/102.99	(55.473684210526315, '0_ratio_numerical_to_categorical')
320.12/102.99	(55.75438596491228, '0_symbols_mean')
320.12/102.99	(57.70175438596491, '1_log_inverse_dataset_ratio')
320.12/102.99	(58.666666666666664, '0_dataset_ratio')
320.12/102.99	(58.68421052631579, '1_log_dataset_ratio')
320.12/102.99	(58.824561403508774, '0_log_dataset_ratio')
320.12/102.99	(59.29824561403509, '0_inverse_dataset_ratio')
320.12/102.99	(59.43859649122807, '1_inverse_dataset_ratio')
320.12/102.99	(59.49122807017544, '1_ratio_numerical_to_categorical')
320.12/102.99	(59.54385964912281, '0_log_inverse_dataset_ratio')
320.12/102.99	(61.07017543859649, '1_dataset_ratio')
320.12/102.99	(63.50877192982456, '1_symbols_min')
320.12/102.99	(63.578947368421055, '0_symbols_min')
320.12/102.99	(64.28070175438596, '1_kurtosis_mean')
320.12/102.99	(65.15789473684211, '0_kurtosis_mean')
320.12/102.99	(71.94736842105263, '0_symbols_max')
320.12/102.99	(73.36842105263158, '1_ratio_categorical_to_numerical')
320.12/102.99	(74.36842105263158, '1_percentage_of_features_with_missing_values')
320.12/102.99	(74.6842105263158, '1_symbols_max')
320.12/102.99	(75.3859649122807, '0_ratio_categorical_to_numerical')
320.12/102.99	(75.40350877192982, '0_percentage_of_features_with_missing_values')
320.12/102.99	(76.63157894736842, '0_class_probability_mean')
320.12/102.99	(76.70175438596492, '1_class_probability_mean')
320.12/102.99	(76.98245614035088, '1_percentage_of_missing_values')
320.12/102.99	(77.56140350877193, '1_number_of_classes')
320.12/102.99	(77.59649122807018, '0_number_of_classes')
320.12/102.99	(78.7719298245614, '0_symbols_std')
320.12/102.99	(78.84210526315789, '0_percentage_of_missing_values')
320.12/102.99	(79.24561403508773, '1_symbols_std')
320.12/102.99	(82.80701754385964, '0_number_of_Instances_with_missing_values')
320.12/102.99	(84.01754385964912, '1_number_of_missing_values')
320.12/102.99	(84.45614035087719, '1_number_of_Instances_with_missing_values')
320.12/102.99	(84.73684210526316, '0_number_of_missing_values')
320.12/102.99	(84.94736842105263, '1_percentage_of_Instances_with_missing_values')
320.12/102.99	(85.64912280701755, '0_percentage_of_Instances_with_missing_values')
320.12/102.99	(85.6842105263158, '1_number_of_features_with_missing_values')
320.12/102.99	(86.26315789473684, '0_number_of_features_with_missing_values')
320.12/102.99	Result for ParamILS: SAT, 102.118098, 1, 0.331871, -1, /home/feurerm/thesis/Software/pyMetaLearn/optimizers/metalearn_optimizer/learn_distances.py
