0.76/6.00	['/home/feurerm/thesis/Software/pyMetaLearn/optimizers/metalearn_optimizer/learn_distances.py', '--input_file', '/home/feurerm/thesis/experiments/2014_04_25_predict_distances/testfold_0-3_spearman_rank_perm.pkl', '--fold', '0', '--folds', '1', '--params', '-max_features', '0.417424578784', '-min_samples_leaf', '5', '-min_samples_split', '6', '-n_estimators', '98', '-n_jobs', '4', '-seed', '82']
0.76/6.01	Metafeatures (57, 46)
0.76/6.01	X (3192, 92)
0.76/6.01	Y (3192,)
0.76/6.01	Dataset Mae MSE Rho
7.66/8.09	vehicle 0.399682852298 0.202102022797 0.126374920118
14.95/10.44	anneal.ORIG 0.620218370019 0.433224156151 0.00743381883049
22.34/12.85	segment 0.270179866347 0.0933964204667 0.760835196825
29.86/15.20	pendigits 0.395170337413 0.185600783011 0.291211772447
37.11/17.57	mushroom 0.2056902851 0.0514620226428 0.618623010502
44.48/19.93	labor 0.179891035211 0.0455377107267 0.754371006537
51.89/22.34	abalone 0.404072880883 0.20603029748 0.254042678294
59.15/24.69	diabetes 0.489872529824 0.340070769547 -0.170331414072
66.49/27.05	car 0.534322076347 0.390115193385 0.00387851417243
73.84/29.45	autos 0.207043012851 0.0560487386412 0.578545030721
81.28/32.03	mfeat-fourier 0.659798492621 0.565207006736 -0.4970962331
88.67/34.42	primary-tumor 0.199222819561 0.0488790788154 0.618946220017
96.11/37.05	waveform-5000 0.245061630743 0.0805880141909 0.600200068183
103.59/39.50	credit-a 0.403992276592 0.232813915233 0.304140153021
110.87/41.93	letter 0.277728630393 0.101856807982 0.651590380968
118.56/44.40	postoperative-patient-data 0.449503553411 0.244500649371 -0.38397290307
125.66/46.78	vowel 0.509953123338 0.325031637634 0.0378155131812
132.98/49.14	eucalyptus 0.295327613884 0.115960001293 0.505176470959
140.30/51.48	cylinder-bands 0.273031587521 0.0861619005711 0.55042580297
147.68/54.04	ionosphere 0.425621724504 0.209414771064 -0.0672275789888
154.97/56.38	mfeat-karhunen 0.268186990279 0.0981162616626 0.613774867787
162.40/61.43	balance-scale 0.201969827046 0.0580411282875 0.607310677499
169.76/68.08	mfeat-morphological 0.495146747427 0.327911161114 -0.264708592268
177.28/70.70	liver-disorders 0.185567484342 0.0510068808323 0.606664258471
184.63/73.08	dermatology 0.213045944296 0.0570596938898 0.495156976013
192.15/75.59	vote 0.0699056682625 0.0081142455372 0.795418614862
199.53/77.96	breast-cancer 0.194310804896 0.0547657981092 0.229801964716
207.01/80.65	credit-g 0.529572342137 0.381134105611 -0.465098491177
214.46/83.25	soybean 0.112036209861 0.0177566383021 0.855858794049
221.72/89.21	arrhythmia 0.289810178673 0.106550566956 -0.0578545030721
229.18/92.91	nursery 0.221536572516 0.0642317640907 0.70427353181
236.54/95.28	hepatitis 0.355645552619 0.180131687583 -0.226569869573
244.02/102.28	cmc 0.168470364888 0.0361143721787 0.713000188698
251.28/104.76	heart-c 0.267479111854 0.0933277444685 0.744997930621
258.72/107.23	glass 0.356570379177 0.152234074497 0.391406721901
266.16/109.61	braziltourism 0.655336134187 0.52588942602 -0.479966128838
273.61/111.99	iris 0.3128347587 0.129584189758 0.204268413081
280.95/114.35	heart-statlog 0.356619265938 0.173861951166 0.461219977005
288.56/117.28	page-blocks 0.585963475591 0.457350258396 -0.615390915359
295.97/119.63	breast-w 0.231815050204 0.0740442431769 0.583716382951
303.34/125.76	heart-h 0.157559671892 0.0316120010609 0.73013029296
310.83/128.16	yeast 0.366526362887 0.163535878192 0.564000602574
318.34/133.59	tae 0.353991823505 0.159850877165 -0.0319977419225
325.94/141.14	haberman 0.286591625659 0.108211928721 -0.042017236868
333.38/143.60	mfeat-pixel 0.39210683705 0.187104353127 0.130899853319
340.72/145.99	optdigits 0.227474270425 0.0646765313631 0.726251778787
348.28/148.48	mfeat-factors 0.260432871391 0.0910085396237 0.664195552028
355.66/151.05	satimage 0.362985993749 0.160961477721 0.0950235972245
362.97/153.40	lymph 0.284888307435 0.115429637776 0.416940273536
370.30/155.77	audiology 0.288220354033 0.101419307025 0.498712280671
377.71/158.12	ecoli 0.421009020692 0.224951490421 0.0594705506439
385.09/160.84	tic-tac-toe 0.184659462659 0.0514262102649 0.756633473138
392.70/163.32	spambase 0.382697093895 0.184689609014 0.76342087294
400.07/165.70	zoo 0.177742350224 0.0414885256336 0.685850589491
407.40/168.06	sonar 0.553305684437 0.382286243759 -0.371044522496
414.82/170.56	mfeat-zernike 0.224174915569 0.0737260861942 0.585655640037
422.11/172.91	kr-vs-kp 0.210428315136 0.0553656032123 0.619269429531
422.54/173.22	MAE 0.327228114428 0.138565335324
422.54/173.22	MSE 0.162438112099 0.162438112099
422.54/173.22	Mean tau 0.320941377426 0.401902938732
422.54/173.22	(0.45614035087719296, '0_class_probability_max')
422.54/173.22	(0.631578947368421, '1_class_probability_max')
422.54/173.22	(2.6666666666666665, '1_skewness_min')
422.54/173.22	(2.7017543859649122, '0_skewness_min')
422.54/173.22	(6.87719298245614, '1_class_entropy')
422.54/173.22	(7.0, '1_landmark_random_node_learner')
422.54/173.22	(7.087719298245614, '0_class_probability_std')
422.54/173.22	(7.754385964912281, '0_class_entropy')
422.54/173.22	(7.807017543859649, '0_landmark_decision_tree')
422.54/173.22	(7.947368421052632, '1_class_probability_std')
422.54/173.22	(8.859649122807017, '1_landmark_decision_tree')
422.54/173.22	(10.929824561403509, '0_landmark_random_node_learner')
422.54/173.22	(11.12280701754386, '1_landmark_naive_bayes')
422.54/173.22	(11.350877192982455, '0_landmark_naive_bayes')
422.54/173.22	(18.05263157894737, '0_pca_skewness_first_pc')
422.54/173.22	(19.82456140350877, '1_pca_skewness_first_pc')
422.54/173.22	(20.385964912280702, '1_landmark_1NN')
422.54/173.22	(20.771929824561404, '0_skewness_std')
422.54/173.22	(21.614035087719298, '0_landmark_1NN')
422.54/173.22	(22.350877192982455, '1_log_number_of_features')
422.54/173.22	(23.210526315789473, '1_number_of_features')
422.54/173.22	(23.45614035087719, '0_landmark_lda')
422.54/173.22	(24.263157894736842, '1_kurtosis_std')
422.54/173.22	(24.36842105263158, '1_skewness_std')
422.54/173.22	(24.54385964912281, '0_number_of_features')
422.54/173.22	(25.526315789473685, '0_skewness_max')
422.54/173.22	(25.649122807017545, '1_landmark_lda')
422.54/173.22	(25.736842105263158, '0_kurtosis_std')
422.54/173.22	(26.24561403508772, '0_log_number_of_features')
422.54/173.22	(26.666666666666668, '1_kurtosis_min')
422.54/173.22	(28.157894736842106, '1_skewness_max')
422.54/173.22	(28.82456140350877, '0_kurtosis_min')
422.54/173.22	(33.771929824561404, '1_symbols_sum')
422.54/173.22	(33.87719298245614, '0_symbols_sum')
422.54/173.22	(34.54385964912281, '0_number_of_numeric_features')
422.54/173.22	(36.3859649122807, '1_number_of_numeric_features')
422.54/173.22	(39.56140350877193, '1_class_probability_min')
422.54/173.22	(40.80701754385965, '0_class_probability_min')
422.54/173.22	(41.21052631578947, '0_kurtosis_max')
422.54/173.22	(41.771929824561404, '1_kurtosis_max')
422.54/173.22	(42.68421052631579, '0_number_of_categorical_features')
422.54/173.22	(42.78947368421053, '1_number_of_categorical_features')
422.54/173.22	(43.8421052631579, '0_landmark_decision_node_learner')
422.54/173.22	(44.73684210526316, '1_landmark_decision_node_learner')
422.54/173.22	(46.824561403508774, '0_pca_kurtosis_first_pc')
422.54/173.22	(47.21052631578947, '1_pca_kurtosis_first_pc')
422.54/173.22	(48.36842105263158, '0_pca_95%')
422.54/173.22	(48.75438596491228, '1_log_number_of_instances')
422.54/173.22	(49.03508771929825, '1_number_of_instances')
422.54/173.22	(49.175438596491226, '0_number_of_instances')
422.54/173.22	(50.05263157894737, '0_log_number_of_instances')
422.54/173.22	(51.228070175438596, '1_skewness_mean')
422.54/173.22	(52.333333333333336, '1_pca_95%')
422.54/173.22	(53.175438596491226, '1_ratio_numerical_to_categorical')
422.54/173.22	(53.49122807017544, '1_symbols_mean')
422.54/173.22	(53.771929824561404, '0_skewness_mean')
422.54/173.22	(55.0, '0_symbols_mean')
422.54/173.22	(56.73684210526316, '0_log_dataset_ratio')
422.54/173.22	(57.56140350877193, '0_log_inverse_dataset_ratio')
422.54/173.22	(57.73684210526316, '0_ratio_numerical_to_categorical')
422.54/173.22	(57.73684210526316, '1_log_inverse_dataset_ratio')
422.54/173.22	(58.1578947368421, '1_inverse_dataset_ratio')
422.54/173.22	(58.228070175438596, '1_dataset_ratio')
422.54/173.22	(58.3859649122807, '1_log_dataset_ratio')
422.54/173.22	(59.05263157894737, '0_inverse_dataset_ratio')
422.54/173.22	(60.40350877192982, '0_dataset_ratio')
422.54/173.22	(61.80701754385965, '1_symbols_min')
422.54/173.22	(65.6140350877193, '0_symbols_min')
422.54/173.22	(66.59649122807018, '1_kurtosis_mean')
422.54/173.22	(66.73684210526316, '0_kurtosis_mean')
422.54/173.22	(68.7719298245614, '1_symbols_max')
422.54/173.22	(70.14035087719299, '0_symbols_max')
422.54/173.22	(73.59649122807018, '1_percentage_of_features_with_missing_values')
422.54/173.22	(74.70175438596492, '0_percentage_of_features_with_missing_values')
422.54/173.22	(74.91228070175438, '0_ratio_categorical_to_numerical')
422.54/173.22	(75.7719298245614, '1_ratio_categorical_to_numerical')
422.54/173.22	(76.63157894736842, '1_class_probability_mean')
422.54/173.22	(76.66666666666667, '0_class_probability_mean')
422.54/173.22	(77.12280701754386, '1_percentage_of_missing_values')
422.54/173.22	(77.64912280701755, '0_number_of_classes')
422.54/173.22	(77.84210526315789, '1_number_of_classes')
422.54/173.22	(78.2280701754386, '0_symbols_std')
422.54/173.22	(78.45614035087719, '1_symbols_std')
422.54/173.22	(79.91228070175438, '0_percentage_of_missing_values')
422.54/173.22	(84.33333333333333, '1_number_of_missing_values')
422.54/173.22	(84.63157894736842, '0_number_of_Instances_with_missing_values')
422.54/173.22	(84.75438596491227, '1_percentage_of_Instances_with_missing_values')
422.54/173.22	(84.82456140350877, '1_number_of_Instances_with_missing_values')
422.54/173.22	(85.59649122807018, '0_number_of_missing_values')
422.54/173.22	(85.94736842105263, '0_percentage_of_Instances_with_missing_values')
422.54/173.22	(86.17543859649123, '1_number_of_features_with_missing_values')
422.54/173.22	(87.33333333333333, '0_number_of_features_with_missing_values')
422.54/173.22	Result for ParamILS: SAT, 167.219631, 1, 0.327228, -1, /home/feurerm/thesis/Software/pyMetaLearn/optimizers/metalearn_optimizer/learn_distances.py
