0.76/1.02	['/home/feurerm/thesis/Software/pyMetaLearn/optimizers/metalearn_optimizer/learn_distances.py', '--input_file', '/home/feurerm/thesis/experiments/2014_04_25_predict_distances/testfold_0-3_spearman_rank_perm.pkl', '--fold', '0', '--folds', '1', '--params', '-max_features', '0.646484947776', '-min_samples_leaf', '4', '-min_samples_split', '7', '-n_estimators', '46', '-n_jobs', '4', '-seed', '66']
0.76/1.03	Metafeatures (57, 46)
0.76/1.03	X (3192, 92)
0.76/1.03	Y (3192,)
0.76/1.03	Dataset Mae MSE Rho
5.83/2.49	vehicle 0.473201362557 0.28635328828 -0.132192691377
11.21/4.19	anneal.ORIG 0.748083298254 0.626837424014 -0.152878100297
16.61/5.90	segment 0.240964109175 0.0743301682391 0.796388243405
21.94/7.60	pendigits 0.392271460025 0.187757290453 0.302200895935
27.24/9.30	mushroom 0.208031531426 0.0538482763843 0.593735877896
32.54/11.01	labor 0.180071489023 0.049441653401 0.628319295933
37.90/12.74	abalone 0.393715205263 0.194570957902 0.274404877699
43.20/14.44	diabetes 0.483552829816 0.327940345986 -0.132192691377
48.52/16.06	car 0.62963283438 0.499436681518 0.000969628543107
53.87/17.77	autos 0.193607785041 0.0501636036346 0.610865982158
59.32/19.47	mfeat-fourier 0.688699429359 0.613085168285 -0.53038681308
64.72/21.19	primary-tumor 0.175804215871 0.0391118092181 0.673568627945
70.10/22.91	waveform-5000 0.226191539409 0.0709167121647 0.620562267589
75.51/24.61	credit-a 0.439213788289 0.271991572854 0.185845470762
80.82/26.33	letter 0.299523931886 0.1151265852 0.522952994249
86.32/28.03	postoperative-patient-data 0.458367316163 0.253680670748 -0.249840954607
91.69/29.73	vowel 0.519196991028 0.333813240106 -0.0126051710604
97.11/31.43	eucalyptus 0.277689567412 0.10348528857 0.533942117738
102.46/33.14	cylinder-bands 0.257789663026 0.0788077430885 0.616360543902
107.90/34.85	ionosphere 0.432330692493 0.221627251079 -0.0892058259659
113.23/36.55	mfeat-karhunen 0.262099813072 0.0923004008337 0.581130706836
118.66/38.26	balance-scale 0.220098390662 0.0675458621045 0.505499680473
123.97/39.98	mfeat-morphological 0.49586163126 0.329480175484 -0.217196793656
129.42/41.69	liver-disorders 0.132585296124 0.0286709514693 0.610219563129
134.84/43.41	dermatology 0.216675893854 0.0592549465708 0.484814271554
140.19/45.65	vote 0.0690330974815 0.00835633718955 0.780550977201
145.51/47.35	breast-cancer 0.138361229061 0.0268974366366 0.481258966896
150.95/49.06	credit-g 0.576281387185 0.45047903403 -0.506146099502
156.26/50.76	soybean 0.114684058702 0.0181108123677 0.819982537954
161.65/52.46	arrhythmia 0.314956471976 0.126650910883 -0.18196695659
166.99/54.18	nursery 0.232316786785 0.070002751229 0.676477513574
172.29/55.89	hepatitis 0.29383982908 0.123476440289 0.0507438937559
177.61/57.59	cmc 0.146962950608 0.0292793666415 0.725282150244
182.89/59.20	heart-c 0.254397190164 0.0846177777025 0.776349253514
188.20/60.91	glass 0.296794747233 0.105042598867 0.63025855302
193.63/62.61	braziltourism 0.661905977031 0.529690127633 -0.488369576212
198.99/64.33	iris 0.321442492185 0.136669486083 0.0921147115952
204.32/66.04	heart-statlog 0.32479616302 0.144458386395 0.579191449749
209.80/67.74	page-blocks 0.650741102514 0.570067022861 -0.709121674526
215.20/69.46	breast-w 0.22478113798 0.0682855583311 0.485460690582
220.45/71.16	heart-h 0.151089419861 0.0301397364377 0.720110798014
225.71/72.87	yeast 0.326853879597 0.132413419891 0.616360543902
231.02/74.58	tae 0.351499420924 0.157822903512 -0.0446029129829
236.34/76.28	haberman 0.300214982063 0.122629809808 -0.0565616650146
241.81/78.00	mfeat-pixel 0.403050779679 0.201390098254 0.1102144444
247.08/79.72	optdigits 0.213089381963 0.0577989810842 0.76859222517
252.41/81.42	mfeat-factors 0.275979047721 0.0991264590965 0.559475669373
257.79/83.12	satimage 0.337670760455 0.14515512843 0.170008204558
263.09/84.84	lymph 0.298715342899 0.133749536233 0.310927552823
268.38/86.44	audiology 0.276670644686 0.0923933491738 0.505176470959
273.70/88.15	ecoli 0.437044476241 0.243059779483 0.0116355425173
279.19/89.86	tic-tac-toe 0.157015800167 0.0344209838686 0.747583606736
284.74/91.58	spambase 0.372654849731 0.180285105693 0.656115314169
290.18/93.28	zoo 0.172577811546 0.0417300347912 0.640924466994
295.52/94.99	sonar 0.568464010807 0.405901521969 -0.371044522496
300.89/96.69	mfeat-zernike 0.226842791066 0.07234655532 0.585655640037
306.20/98.40	kr-vs-kp 0.221025949671 0.0599672752182 0.601169696726
306.36/98.55	MAE 0.329070421666 0.157680705368
306.36/98.55	MSE 0.170736715666 0.170736715666
306.36/98.55	Mean tau 0.31173841178 0.406184524653
306.36/98.55	(0.15789473684210525, '0_class_probability_max')
306.36/98.55	(0.9824561403508771, '1_class_probability_max')
306.36/98.55	(2.2982456140350878, '0_skewness_min')
306.36/98.55	(2.7017543859649122, '1_skewness_min')
306.36/98.55	(6.421052631578948, '1_class_entropy')
306.36/98.55	(6.771929824561403, '1_class_probability_std')
306.36/98.55	(8.736842105263158, '1_landmark_naive_bayes')
306.36/98.55	(9.543859649122806, '0_landmark_naive_bayes')
306.36/98.55	(11.771929824561404, '0_class_entropy')
306.36/98.55	(11.789473684210526, '0_landmark_decision_tree')
306.36/98.55	(12.105263157894736, '0_class_probability_std')
306.36/98.55	(12.508771929824562, '1_landmark_decision_tree')
306.36/98.55	(13.701754385964913, '0_landmark_random_node_learner')
306.36/98.55	(16.719298245614034, '1_pca_skewness_first_pc')
306.36/98.55	(18.842105263157894, '0_landmark_lda')
306.36/98.55	(19.789473684210527, '0_pca_skewness_first_pc')
306.36/98.55	(20.157894736842106, '1_landmark_lda')
306.36/98.55	(23.210526315789473, '1_kurtosis_min')
306.36/98.55	(23.29824561403509, '1_landmark_random_node_learner')
306.36/98.55	(24.350877192982455, '1_kurtosis_std')
306.36/98.55	(24.42105263157895, '0_landmark_1NN')
306.36/98.55	(26.912280701754387, '0_kurtosis_min')
306.36/98.55	(27.403508771929825, '1_skewness_max')
306.36/98.55	(28.54385964912281, '0_skewness_max')
306.36/98.55	(29.017543859649123, '0_skewness_std')
306.36/98.55	(30.19298245614035, '1_landmark_1NN')
306.36/98.55	(30.894736842105264, '1_number_of_features')
306.36/98.55	(31.17543859649123, '1_log_number_of_features')
306.36/98.55	(31.54385964912281, '1_skewness_std')
306.36/98.55	(31.649122807017545, '0_kurtosis_std')
306.36/98.55	(32.24561403508772, '0_log_number_of_features')
306.36/98.55	(32.3859649122807, '0_number_of_numeric_features')
306.36/98.55	(33.1578947368421, '0_class_probability_min')
306.36/98.55	(33.1578947368421, '1_class_probability_min')
306.36/98.55	(33.96491228070175, '0_number_of_features')
306.36/98.55	(33.98245614035088, '1_number_of_numeric_features')
306.36/98.55	(34.6140350877193, '1_kurtosis_max')
306.36/98.55	(34.63157894736842, '0_kurtosis_max')
306.36/98.55	(36.36842105263158, '0_log_number_of_instances')
306.36/98.55	(40.50877192982456, '0_number_of_instances')
306.36/98.55	(40.578947368421055, '1_log_number_of_instances')
306.36/98.55	(40.8421052631579, '1_number_of_instances')
306.36/98.55	(41.824561403508774, '1_symbols_sum')
306.36/98.55	(42.43859649122807, '0_symbols_sum')
306.36/98.55	(42.8421052631579, '0_landmark_decision_node_learner')
306.36/98.55	(44.49122807017544, '1_landmark_decision_node_learner')
306.36/98.55	(44.719298245614034, '1_pca_kurtosis_first_pc')
306.36/98.55	(45.35087719298246, '1_skewness_mean')
306.36/98.55	(45.91228070175438, '0_pca_kurtosis_first_pc')
306.36/98.55	(46.14035087719298, '0_skewness_mean')
306.36/98.55	(48.0, '0_symbols_mean')
306.36/98.55	(50.3859649122807, '1_symbols_mean')
306.36/98.55	(51.08771929824562, '0_pca_95%')
306.36/98.55	(53.0, '1_pca_95%')
306.36/98.55	(53.8421052631579, '0_inverse_dataset_ratio')
306.36/98.55	(53.91228070175438, '0_log_dataset_ratio')
306.36/98.55	(54.1578947368421, '0_log_inverse_dataset_ratio')
306.36/98.55	(54.45614035087719, '1_symbols_min')
306.36/98.55	(55.10526315789474, '0_dataset_ratio')
306.36/98.55	(55.12280701754386, '1_number_of_categorical_features')
306.36/98.55	(55.175438596491226, '0_number_of_categorical_features')
306.36/98.55	(55.50877192982456, '0_symbols_min')
306.36/98.55	(56.96491228070175, '1_log_dataset_ratio')
306.36/98.55	(56.98245614035088, '1_log_inverse_dataset_ratio')
306.36/98.55	(57.12280701754386, '1_dataset_ratio')
306.36/98.55	(57.1578947368421, '1_ratio_numerical_to_categorical')
306.36/98.55	(58.8421052631579, '1_inverse_dataset_ratio')
306.36/98.55	(59.578947368421055, '0_ratio_numerical_to_categorical')
306.36/98.55	(64.82456140350877, '0_kurtosis_mean')
306.36/98.55	(65.80701754385964, '1_kurtosis_mean')
306.36/98.55	(71.54385964912281, '0_ratio_categorical_to_numerical')
306.36/98.55	(73.3157894736842, '1_ratio_categorical_to_numerical')
306.36/98.55	(74.40350877192982, '1_class_probability_mean')
306.36/98.55	(74.59649122807018, '0_class_probability_mean')
306.36/98.55	(74.71929824561404, '1_number_of_classes')
306.36/98.55	(75.47368421052632, '1_symbols_max')
306.36/98.55	(75.63157894736842, '0_number_of_classes')
306.36/98.55	(75.64912280701755, '0_symbols_max')
306.36/98.55	(77.19298245614036, '0_symbols_std')
306.36/98.55	(78.6140350877193, '1_symbols_std')
306.36/98.55	(79.3859649122807, '1_percentage_of_features_with_missing_values')
306.36/98.55	(79.59649122807018, '0_percentage_of_features_with_missing_values')
306.36/98.55	(82.33333333333333, '1_number_of_Instances_with_missing_values')
306.36/98.55	(82.45614035087719, '1_percentage_of_missing_values')
306.36/98.55	(82.91228070175438, '1_percentage_of_Instances_with_missing_values')
306.36/98.55	(82.96491228070175, '0_number_of_Instances_with_missing_values')
306.36/98.55	(83.0701754385965, '0_percentage_of_missing_values')
306.36/98.55	(83.40350877192982, '0_percentage_of_Instances_with_missing_values')
306.36/98.55	(83.63157894736842, '0_number_of_missing_values')
306.36/98.55	(85.6140350877193, '1_number_of_features_with_missing_values')
306.36/98.55	(86.0, '1_number_of_missing_values')
306.36/98.55	(88.6842105263158, '0_number_of_features_with_missing_values')
306.36/98.55	Result for ParamILS: SAT, 97.533405, 1, 0.329070, -1, /home/feurerm/thesis/Software/pyMetaLearn/optimizers/metalearn_optimizer/learn_distances.py
