0.69/1.80	['/home/feurerm/thesis/Software/pyMetaLearn/optimizers/metalearn_optimizer/learn_distances.py', '--input_file', '/home/feurerm/thesis/experiments/2014_04_25_predict_distances/testfold_0-3_spearman_rank_perm.pkl', '--fold', '0', '--folds', '1', '--params', '-max_features', '0.263152359636', '-min_samples_leaf', '8', '-min_samples_split', '5', '-n_estimators', '26', '-n_jobs', '4', '-seed', '72']
0.76/1.81	Metafeatures (57, 46)
0.76/1.81	X (3192, 92)
0.76/1.81	Y (3192,)
0.76/1.81	Dataset Mae MSE Rho
1.91/2.59	vehicle 0.419516933064 0.225957756933 0.0368458846381
3.20/3.47	anneal.ORIG 0.514503715707 0.324505928928 0.184875842219
4.47/4.12	segment 0.281742401823 0.104198674358 0.68132565629
5.75/4.85	pendigits 0.391592318283 0.182988334756 0.310604343309
7.04/8.46	mushroom 0.220014102942 0.0593265863726 0.57628256412
8.34/10.61	labor 0.187979435701 0.050330701901 0.723342893158
9.61/11.23	abalone 0.426244907827 0.227961914481 0.12799096769
10.90/11.86	diabetes 0.473758834808 0.311313201767 -0.0523599413278
12.17/12.52	car 0.469167957735 0.323427596654 0.283777953616
13.39/13.07	autos 0.238473722219 0.0717218409029 0.564970231117
14.65/13.82	mfeat-fourier 0.639914394623 0.540615334994 -0.488046366697
15.94/14.45	primary-tumor 0.198733949795 0.0489248816879 0.606341048956
17.23/15.09	waveform-5000 0.279162281908 0.107151429635 0.4970962331
18.48/15.72	credit-a 0.403173643393 0.228213688653 0.274404877699
19.73/16.42	letter 0.275353432736 0.10535505667 0.643833352623
21.04/17.04	postoperative-patient-data 0.438153561811 0.232228969084 -0.365549960751
22.35/22.80	vowel 0.507114834971 0.318954819889 -0.00452493320117
23.56/23.43	eucalyptus 0.33614373917 0.149811449217 0.327411238056
24.85/24.06	cylinder-bands 0.282354688923 0.0920569079323 0.611512401186
26.16/24.69	ionosphere 0.433257752669 0.219748002822 -0.0733685597618
27.44/25.36	mfeat-karhunen 0.281673141095 0.105529758664 0.497742652128
28.73/26.33	balance-scale 0.176153155495 0.0439047737405 0.678739980175
30.00/27.21	mfeat-morphological 0.454598893007 0.279648192144 -0.0778934929629
31.28/27.93	liver-disorders 0.260122160769 0.0940500411486 0.371044522496
32.57/28.66	dermatology 0.197834589125 0.0510226989785 0.532326070166
33.85/29.34	vote 0.0840892147239 0.0119523436127 0.799943548063
35.15/29.98	breast-cancer 0.241850004478 0.0802108197041 -0.0303816943507
36.49/30.62	credit-g 0.536717664204 0.383646651186 -0.521660156192
37.79/31.33	soybean 0.115610658384 0.018108871597 0.844223251532
39.06/31.96	arrhythmia 0.263142989824 0.0877566147874 0.00808023785923
40.31/32.49	nursery 0.262202093213 0.0906516632554 0.613774867787
41.59/33.42	hepatitis 0.438297575544 0.258254709232 -0.290888562932
42.86/34.06	cmc 0.180203164898 0.0414643706498 0.649327914367
44.10/34.70	heart-c 0.294196246218 0.112570800762 0.669690113773
45.36/35.39	glass 0.376645785194 0.172642789561 0.206854089196
46.62/36.02	braziltourism 0.618087510973 0.45985785634 -0.383649693556
47.91/36.65	iris 0.298408490057 0.122875423711 0.25371946878
49.20/37.46	heart-statlog 0.385037340064 0.206370178298 0.391729931415
50.51/38.31	page-blocks 0.504819461522 0.334594585171 -0.143181814865
51.80/39.00	breast-w 0.254018227747 0.0855142229557 0.549132964913
53.08/39.65	heart-h 0.180754388161 0.0415440336932 0.649974333396
54.36/40.29	yeast 0.372969734612 0.176263838689 0.394638817045
55.64/40.95	tae 0.332023555481 0.142648832093 -0.0274728087214
56.94/41.82	haberman 0.27590295665 0.0995147858065 0.0310281133794
58.22/42.61	mfeat-pixel 0.368154123774 0.165804141605 0.153524519325
59.49/43.25	optdigits 0.26439920146 0.0895127334613 0.616683753416
60.77/43.92	mfeat-factors 0.276616235114 0.101714271723 0.578868240235
62.03/44.58	satimage 0.336145736437 0.143076548169 0.131223062834
63.31/45.23	lymph 0.297239852556 0.120293046477 0.467360957778
64.54/45.86	audiology 0.279452914307 0.0989298391478 0.457987881861
65.82/47.69	ecoli 0.481746964732 0.301839431357 -0.208146927254
67.11/52.13	tic-tac-toe 0.190573702293 0.0515965784365 0.73013029296
68.40/52.76	spambase 0.335280932187 0.146943511874 0.726574988302
69.71/53.39	zoo 0.176458792407 0.0433649716349 0.67615430406
71.03/54.02	sonar 0.551314900987 0.382832246464 -0.359408979978
72.27/54.56	mfeat-zernike 0.252386646558 0.0875708698253 0.467684167292
73.54/55.51	kr-vs-kp 0.212960915141 0.0564665993362 0.627672876905
73.54/55.59	MAE 0.330253447886 0.124486189215
73.54/55.59	MSE 0.161672574087 0.161672574087
73.54/55.59	Mean tau 0.301752938889 0.363546208534
73.54/55.59	(0.05263157894736842, '1_class_probability_max')
73.54/55.59	(1.1754385964912282, '0_class_probability_max')
73.54/55.59	(5.087719298245614, '0_class_probability_std')
73.54/55.59	(5.9298245614035086, '1_skewness_min')
73.54/55.59	(6.0701754385964914, '0_landmark_random_node_learner')
73.54/55.59	(7.315789473684211, '1_landmark_random_node_learner')
73.54/55.59	(7.701754385964913, '0_landmark_decision_tree')
73.54/55.59	(8.052631578947368, '0_skewness_min')
73.54/55.59	(8.842105263157896, '1_class_probability_std')
73.54/55.59	(9.070175438596491, '1_landmark_decision_tree')
73.54/55.59	(9.771929824561404, '0_class_entropy')
73.54/55.59	(11.68421052631579, '1_landmark_naive_bayes')
73.54/55.59	(14.298245614035087, '0_landmark_naive_bayes')
73.54/55.59	(14.31578947368421, '0_landmark_1NN')
73.54/55.59	(14.421052631578947, '1_class_entropy')
73.54/55.59	(16.982456140350877, '0_pca_skewness_first_pc')
73.54/55.59	(20.0, '1_landmark_1NN')
73.54/55.59	(20.56140350877193, '1_skewness_std')
73.54/55.59	(24.789473684210527, '0_log_number_of_features')
73.54/55.59	(25.42105263157895, '1_landmark_lda')
73.54/55.59	(25.894736842105264, '0_landmark_lda')
73.54/55.59	(26.31578947368421, '1_number_of_features')
73.54/55.59	(26.36842105263158, '1_pca_skewness_first_pc')
73.54/55.59	(27.035087719298247, '0_kurtosis_std')
73.54/55.59	(27.385964912280702, '0_skewness_max')
73.54/55.59	(27.56140350877193, '1_skewness_max')
73.54/55.59	(28.45614035087719, '0_number_of_features')
73.54/55.59	(28.771929824561404, '1_log_number_of_features')
73.54/55.59	(29.45614035087719, '1_kurtosis_std')
73.54/55.59	(31.49122807017544, '0_kurtosis_min')
73.54/55.59	(36.26315789473684, '1_kurtosis_min')
73.54/55.59	(36.31578947368421, '1_number_of_numeric_features')
73.54/55.59	(37.03508771929825, '0_number_of_numeric_features')
73.54/55.59	(38.333333333333336, '0_skewness_std')
73.54/55.59	(38.719298245614034, '1_number_of_categorical_features')
73.54/55.59	(39.03508771929825, '0_kurtosis_max')
73.54/55.59	(39.771929824561404, '1_kurtosis_max')
73.54/55.59	(40.24561403508772, '0_symbols_sum')
73.54/55.59	(41.40350877192982, '0_landmark_decision_node_learner')
73.54/55.59	(43.01754385964912, '0_pca_kurtosis_first_pc')
73.54/55.59	(43.3859649122807, '0_number_of_categorical_features')
73.54/55.59	(44.05263157894737, '1_landmark_decision_node_learner')
73.54/55.59	(44.75438596491228, '0_class_probability_min')
73.54/55.59	(45.50877192982456, '1_class_probability_min')
73.54/55.59	(46.80701754385965, '1_symbols_sum')
73.54/55.59	(46.96491228070175, '0_ratio_numerical_to_categorical')
73.54/55.59	(49.05263157894737, '0_pca_95%')
73.54/55.59	(49.56140350877193, '1_log_number_of_instances')
73.54/55.59	(50.0, '0_symbols_mean')
73.54/55.59	(50.56140350877193, '1_pca_kurtosis_first_pc')
73.54/55.59	(51.473684210526315, '1_pca_95%')
73.54/55.59	(52.1578947368421, '1_number_of_instances')
73.54/55.59	(52.45614035087719, '1_symbols_mean')
73.54/55.59	(52.85964912280702, '1_ratio_numerical_to_categorical')
73.54/55.59	(53.8421052631579, '1_dataset_ratio')
73.54/55.59	(54.19298245614035, '0_log_number_of_instances')
73.54/55.59	(54.26315789473684, '0_number_of_instances')
73.54/55.59	(54.6140350877193, '0_kurtosis_mean')
73.54/55.59	(55.94736842105263, '1_log_inverse_dataset_ratio')
73.54/55.59	(56.03508771929825, '0_inverse_dataset_ratio')
73.54/55.59	(56.91228070175438, '1_skewness_mean')
73.54/55.59	(57.21052631578947, '1_kurtosis_mean')
73.54/55.59	(57.56140350877193, '0_skewness_mean')
73.54/55.59	(57.719298245614034, '1_log_dataset_ratio')
73.54/55.59	(58.63157894736842, '0_log_inverse_dataset_ratio')
73.54/55.59	(59.29824561403509, '0_dataset_ratio')
73.54/55.59	(59.80701754385965, '1_inverse_dataset_ratio')
73.54/55.59	(60.19298245614035, '0_log_dataset_ratio')
73.54/55.59	(61.421052631578945, '1_symbols_min')
73.54/55.59	(67.89473684210526, '0_symbols_max')
73.54/55.59	(68.91228070175438, '0_symbols_min')
73.54/55.59	(68.9298245614035, '0_percentage_of_features_with_missing_values')
73.54/55.59	(69.89473684210526, '1_symbols_max')
73.54/55.59	(70.3859649122807, '1_percentage_of_features_with_missing_values')
73.54/55.59	(71.40350877192982, '0_symbols_std')
73.54/55.59	(71.6842105263158, '0_ratio_categorical_to_numerical')
73.54/55.59	(72.19298245614036, '0_class_probability_mean')
73.54/55.59	(73.2280701754386, '0_number_of_classes')
73.54/55.59	(74.01754385964912, '1_class_probability_mean')
73.54/55.59	(75.40350877192982, '0_percentage_of_missing_values')
73.54/55.59	(75.71929824561404, '1_number_of_classes')
73.54/55.59	(75.84210526315789, '1_symbols_std')
73.54/55.59	(75.91228070175438, '1_ratio_categorical_to_numerical')
73.54/55.59	(77.10526315789474, '1_percentage_of_missing_values')
73.54/55.59	(80.03508771929825, '0_number_of_missing_values')
73.54/55.59	(80.36842105263158, '0_percentage_of_Instances_with_missing_values')
73.54/55.59	(80.47368421052632, '1_percentage_of_Instances_with_missing_values')
73.54/55.59	(82.43859649122807, '0_number_of_Instances_with_missing_values')
73.54/55.59	(83.35087719298245, '0_number_of_features_with_missing_values')
73.54/55.59	(83.42105263157895, '1_number_of_Instances_with_missing_values')
73.54/55.59	(83.52631578947368, '1_number_of_missing_values')
73.54/55.59	(86.19298245614036, '1_number_of_features_with_missing_values')
73.54/55.59	Result for ParamILS: SAT, 53.792775, 1, 0.330253, -1, /home/feurerm/thesis/Software/pyMetaLearn/optimizers/metalearn_optimizer/learn_distances.py
