0.76/1.01	['/home/feurerm/thesis/Software/pyMetaLearn/optimizers/metalearn_optimizer/learn_distances.py', '--input_file', '/home/feurerm/thesis/experiments/2014_04_25_predict_distances/testfold_0-3_spearman_rank_perm.pkl', '--fold', '0', '--folds', '1', '--params', '-max_features', '0.745504103931', '-min_samples_leaf', '9', '-min_samples_split', '6', '-n_estimators', '40', '-n_jobs', '4', '-seed', '91']
0.76/1.02	Metafeatures (57, 46)
0.76/1.02	X (3192, 92)
0.76/1.02	Y (3192,)
0.76/1.02	Dataset Mae MSE Rho
5.19/2.39	vehicle 0.47962766151 0.300055326528 -0.207823717739
9.90/3.86	anneal.ORIG 0.692937089496 0.545008594073 -0.25889082101
14.53/5.33	segment 0.295921509796 0.111811139217 0.708798465011
19.19/6.79	pendigits 0.393498414614 0.186722756233 0.265355011297
23.84/8.26	mushroom 0.251409645009 0.0753625308037 0.513903127847
28.43/9.72	labor 0.19796547988 0.0567995494605 0.563354183545
33.06/11.19	abalone 0.384553314136 0.186064531689 0.348743066004
37.67/12.65	diabetes 0.487997220536 0.341531781662 -0.212995069969
42.24/14.12	car 0.599161142985 0.474549901241 -0.117971472745
47.01/15.60	autos 0.199597463518 0.0524206503259 0.637369162336
51.68/17.07	mfeat-fourier 0.644249237655 0.5382917316 -0.489662414269
56.29/18.53	primary-tumor 0.194874429567 0.0473898396612 0.626703248362
60.90/20.02	waveform-5000 0.23168348165 0.0757830684153 0.647711866796
65.56/21.48	credit-a 0.431810783428 0.265767521692 0.180997328047
70.23/22.95	letter 0.30952112079 0.124504837918 0.562384555002
75.06/24.42	postoperative-patient-data 0.434042352044 0.23138537198 -0.226893079087
79.67/25.89	vowel 0.492804972821 0.29902966685 0.0759542358767
84.35/27.35	eucalyptus 0.279611740303 0.102047168566 0.452816529631
88.99/28.83	cylinder-bands 0.291621402484 0.100775837503 0.570141583347
93.68/30.30	ionosphere 0.413709383019 0.198383172979 -0.0300584848363
98.41/31.78	mfeat-karhunen 0.275058935266 0.10268690879 0.554950736172
103.06/33.26	balance-scale 0.241126139724 0.0810947410917 0.389790674329
107.60/34.74	mfeat-morphological 0.492191586438 0.323846144579 -0.192956080078
112.35/36.21	liver-disorders 0.157291490567 0.0348118419146 0.498065861643
116.97/37.67	dermatology 0.207731903366 0.0556541269873 0.4970962331
121.68/39.14	vote 0.0750463078234 0.00912136048495 0.789277634089
126.38/40.62	breast-cancer 0.118749291788 0.0232620697785 0.478026871752
131.07/42.20	credit-g 0.537661312199 0.388046256363 -0.507115728045
135.73/43.67	soybean 0.115218215826 0.0183541232669 0.811579090581
140.42/45.13	arrhythmia 0.295575348421 0.112578549943 -0.0294120658076
145.04/46.60	nursery 0.26121153753 0.0879773441786 0.622389985476
149.60/48.08	hepatitis 0.297682360178 0.121236805227 -0.00161604757185
154.33/49.55	cmc 0.146845555597 0.0298065297751 0.669690113773
158.92/51.02	heart-c 0.28609160361 0.106385187946 0.684557751434
163.61/52.48	glass 0.33213029123 0.134065077842 0.498389071157
168.43/53.96	braziltourism 0.703342073625 0.586334124893 -0.5533346886
173.13/55.43	iris 0.314182827091 0.133427679869 0.0966396447963
177.88/56.90	heart-statlog 0.314556489404 0.132522543741 0.567879116746
182.60/58.37	page-blocks 0.649671652908 0.557622715559 -0.685097675521
187.29/59.84	breast-w 0.238289480236 0.0739496516302 0.426959768482
191.94/61.35	heart-h 0.174455448607 0.0394220020186 0.679709608718
196.63/62.83	yeast 0.36091343991 0.161334141935 0.524569041821
201.30/64.31	tae 0.369967349492 0.168132651524 0.0678739980175
205.99/65.78	haberman 0.295359696437 0.119712500939 -0.0177765232903
210.72/67.25	mfeat-pixel 0.396217647535 0.197142902327 0.0934075496527
215.40/68.72	optdigits 0.247403815862 0.0761164296022 0.688436265606
220.08/70.19	mfeat-factors 0.271037388624 0.097752231098 0.629288924477
224.78/71.66	satimage 0.327643693118 0.135751970628 0.152231681268
229.40/73.13	lymph 0.254522128993 0.0948654705235 0.409183245191
233.99/74.60	audiology 0.28817572846 0.0993207468723 0.43794889197
238.68/76.08	ecoli 0.433181311583 0.239025787069 -0.0132515900891
243.35/77.57	tic-tac-toe 0.19206406529 0.0495718778103 0.685204170462
248.07/79.05	spambase 0.366023828149 0.17710028598 0.612805239244
252.72/80.53	zoo 0.198620172242 0.0533871315964 0.608280306043
257.39/81.99	sonar 0.553594371727 0.382389132606 -0.324179142912
262.14/83.46	mfeat-zernike 0.241720532517 0.0831035940901 0.528770765508
266.96/84.93	kr-vs-kp 0.251015596908 0.0757691995443 0.546224079284
267.07/85.05	MAE 0.333125762518 0.146401143278
267.07/85.05	MSE 0.169760821376 0.169760821376
267.07/85.05	Mean tau 0.290077615479 0.387279415776
267.07/85.05	(0.15789473684210525, '1_class_probability_max')
267.07/85.05	(0.9824561403508771, '0_class_probability_max')
267.07/85.05	(2.43859649122807, '1_skewness_min')
267.07/85.05	(2.56140350877193, '0_skewness_min')
267.07/85.05	(5.578947368421052, '0_class_entropy')
267.07/85.05	(7.2105263157894735, '0_landmark_naive_bayes')
267.07/85.05	(8.43859649122807, '0_landmark_decision_tree')
267.07/85.05	(9.807017543859649, '1_landmark_naive_bayes')
267.07/85.05	(12.385964912280702, '0_class_probability_std')
267.07/85.05	(12.87719298245614, '1_class_probability_std')
267.07/85.05	(13.017543859649123, '1_class_entropy')
267.07/85.05	(15.280701754385966, '0_pca_skewness_first_pc')
267.07/85.05	(16.45614035087719, '1_landmark_decision_tree')
267.07/85.05	(17.05263157894737, '1_pca_skewness_first_pc')
267.07/85.05	(18.68421052631579, '0_kurtosis_min')
267.07/85.05	(19.140350877192983, '0_landmark_lda')
267.07/85.05	(20.017543859649123, '1_landmark_lda')
267.07/85.05	(20.228070175438596, '0_landmark_random_node_learner')
267.07/85.05	(21.771929824561404, '0_landmark_1NN')
267.07/85.05	(23.63157894736842, '1_kurtosis_min')
267.07/85.05	(25.12280701754386, '1_skewness_max')
267.07/85.05	(28.210526315789473, '1_skewness_std')
267.07/85.05	(28.82456140350877, '1_landmark_1NN')
267.07/85.05	(30.56140350877193, '0_skewness_max')
267.07/85.05	(30.842105263157894, '1_class_probability_min')
267.07/85.05	(30.87719298245614, '0_class_probability_min')
267.07/85.05	(31.789473684210527, '0_number_of_features')
267.07/85.05	(31.859649122807017, '1_kurtosis_std')
267.07/85.05	(32.24561403508772, '0_log_number_of_features')
267.07/85.05	(33.40350877192982, '1_number_of_numeric_features')
267.07/85.05	(33.78947368421053, '0_kurtosis_max')
267.07/85.05	(34.03508771929825, '0_number_of_numeric_features')
267.07/85.05	(34.68421052631579, '1_kurtosis_max')
267.07/85.05	(34.92982456140351, '1_log_number_of_features')
267.07/85.05	(35.64912280701754, '1_number_of_features')
267.07/85.05	(36.40350877192982, '1_number_of_instances')
267.07/85.05	(37.64912280701754, '1_skewness_mean')
267.07/85.05	(37.80701754385965, '1_log_number_of_instances')
267.07/85.05	(38.333333333333336, '0_skewness_std')
267.07/85.05	(38.87719298245614, '0_number_of_instances')
267.07/85.05	(39.01754385964912, '1_landmark_random_node_learner')
267.07/85.05	(39.26315789473684, '0_kurtosis_std')
267.07/85.05	(40.228070175438596, '0_log_number_of_instances')
267.07/85.05	(41.12280701754386, '0_skewness_mean')
267.07/85.05	(43.333333333333336, '0_pca_kurtosis_first_pc')
267.07/85.05	(43.6140350877193, '1_symbols_sum')
267.07/85.05	(43.85964912280702, '0_landmark_decision_node_learner')
267.07/85.05	(44.6140350877193, '1_landmark_decision_node_learner')
267.07/85.05	(44.92982456140351, '1_pca_kurtosis_first_pc')
267.07/85.05	(46.280701754385966, '1_symbols_mean')
267.07/85.05	(46.45614035087719, '0_symbols_mean')
267.07/85.05	(46.473684210526315, '0_number_of_categorical_features')
267.07/85.05	(49.666666666666664, '0_symbols_sum')
267.07/85.05	(49.94736842105263, '1_pca_95%')
267.07/85.05	(50.35087719298246, '0_pca_95%')
267.07/85.05	(52.14035087719298, '0_symbols_min')
267.07/85.05	(52.29824561403509, '1_symbols_min')
267.07/85.05	(54.10526315789474, '0_log_dataset_ratio')
267.07/85.05	(54.6140350877193, '1_log_dataset_ratio')
267.07/85.05	(54.666666666666664, '1_inverse_dataset_ratio')
267.07/85.05	(54.98245614035088, '1_log_inverse_dataset_ratio')
267.07/85.05	(55.59649122807018, '0_dataset_ratio')
267.07/85.05	(55.96491228070175, '0_log_inverse_dataset_ratio')
267.07/85.05	(56.719298245614034, '1_dataset_ratio')
267.07/85.05	(57.526315789473685, '0_inverse_dataset_ratio')
267.07/85.05	(58.666666666666664, '1_number_of_categorical_features')
267.07/85.05	(59.1578947368421, '1_ratio_numerical_to_categorical')
267.07/85.05	(59.666666666666664, '0_ratio_numerical_to_categorical')
267.07/85.05	(64.08771929824562, '0_kurtosis_mean')
267.07/85.05	(64.24561403508773, '1_kurtosis_mean')
267.07/85.05	(72.3157894736842, '0_ratio_categorical_to_numerical')
267.07/85.05	(73.7719298245614, '1_ratio_categorical_to_numerical')
267.07/85.05	(73.9298245614035, '0_number_of_classes')
267.07/85.05	(74.08771929824562, '1_class_probability_mean')
267.07/85.05	(74.49122807017544, '0_class_probability_mean')
267.07/85.05	(74.54385964912281, '0_symbols_max')
267.07/85.05	(75.85964912280701, '1_number_of_classes')
267.07/85.05	(76.28070175438596, '1_symbols_max')
267.07/85.05	(76.47368421052632, '0_symbols_std')
267.07/85.05	(77.57894736842105, '1_percentage_of_features_with_missing_values')
267.07/85.05	(77.9298245614035, '1_symbols_std')
267.07/85.05	(79.94736842105263, '0_percentage_of_features_with_missing_values')
267.07/85.05	(81.57894736842105, '0_percentage_of_missing_values')
267.07/85.05	(82.17543859649123, '0_number_of_Instances_with_missing_values')
267.07/85.05	(82.2280701754386, '0_percentage_of_Instances_with_missing_values')
267.07/85.05	(83.82456140350877, '1_number_of_Instances_with_missing_values')
267.07/85.05	(83.94736842105263, '1_percentage_of_missing_values')
267.07/85.05	(83.98245614035088, '1_number_of_missing_values')
267.07/85.05	(84.2280701754386, '1_percentage_of_Instances_with_missing_values')
267.07/85.05	(84.3157894736842, '0_number_of_missing_values')
267.07/85.05	(87.6140350877193, '0_number_of_features_with_missing_values')
267.07/85.05	(87.6842105263158, '1_number_of_features_with_missing_values')
267.07/85.05	Result for ParamILS: SAT, 84.037384, 1, 0.333126, -1, /home/feurerm/thesis/Software/pyMetaLearn/optimizers/metalearn_optimizer/learn_distances.py
