0.74/1.05	['/home/feurerm/thesis/Software/pyMetaLearn/optimizers/metalearn_optimizer/learn_distances.py', '--input_file', '/home/feurerm/thesis/experiments/2014_04_25_predict_distances/testfold_0-3_spearman_rank_perm.pkl', '--fold', '0', '--folds', '1', '--params', '-max_features', '0.203417991265', '-min_samples_leaf', '6', '-min_samples_split', '7', '-n_estimators', '53', '-n_jobs', '4', '-seed', '57']
0.74/1.06	Metafeatures (57, 46)
0.74/1.06	X (3192, 92)
0.74/1.06	Y (3192,)
0.74/1.06	Dataset Mae MSE Rho
2.61/1.84	vehicle 0.392085689178 0.196184295327 0.144474652923
4.71/2.66	anneal.ORIG 0.508084179464 0.310495391955 0.245962440435
6.78/3.46	segment 0.298145001165 0.113595524939 0.659024199798
8.91/4.28	pendigits 0.385875114785 0.177665557246 0.301877686421
11.10/5.10	mushroom 0.216261075309 0.0566774021993 0.590180573238
13.16/5.94	labor 0.213463341708 0.059492595681 0.776026044
15.22/6.79	abalone 0.426720447394 0.233148706003 0.0824184261641
17.36/7.59	diabetes 0.484451556296 0.326732455884 -0.0736917692761
19.46/8.46	car 0.398712622994 0.234678140808 0.353267999205
21.54/9.28	autos 0.228443777845 0.0674146115454 0.519074480077
23.64/10.10	mfeat-fourier 0.631239821942 0.518186936274 -0.488369576212
25.79/10.91	primary-tumor 0.216113818149 0.0569680668413 0.553011479085
27.88/11.73	waveform-5000 0.277254901059 0.103339906846 0.468007376806
29.95/12.54	credit-a 0.395923168063 0.216382525496 0.238851831119
32.03/13.36	letter 0.276945639092 0.10113952869 0.689082684635
34.17/14.17	postoperative-patient-data 0.447352035709 0.247795342016 -0.534588536766
36.21/14.98	vowel 0.518659881344 0.336553318637 -0.0627026457876
38.28/15.78	eucalyptus 0.289416946379 0.108626672527 0.500974747272
40.32/16.59	cylinder-bands 0.294664151073 0.102441192142 0.508085356588
42.50/17.40	ionosphere 0.424281355485 0.208816509958 -0.0526831508422
44.49/18.21	mfeat-karhunen 0.251060348978 0.0826379337471 0.669043694744
46.56/19.02	balance-scale 0.190098162276 0.0537295694251 0.709121674526
48.62/19.83	mfeat-morphological 0.472167395117 0.297614396394 -0.158049452526
50.72/20.64	liver-disorders 0.257306662052 0.093125219772 0.365873170266
52.85/21.50	dermatology 0.209946874057 0.0566206597885 0.512610289789
54.88/22.31	vote 0.0837323424413 0.0113428027013 0.808670204951
56.96/23.12	breast-cancer 0.236151866148 0.0754476279467 0.0588241316152
59.08/23.93	credit-g 0.498290068967 0.331994467685 -0.378801550841
61.20/24.75	soybean 0.116372882205 0.0193210300979 0.855535584535
63.25/25.56	arrhythmia 0.279967464894 0.102157144362 0.0426636558967
65.36/26.36	nursery 0.25798256487 0.0843902471012 0.623471153218
67.40/27.19	hepatitis 0.428441829666 0.255068216224 -0.27149599207
69.47/28.11	cmc 0.204729096396 0.0508864882345 0.626056829333
71.56/30.75	heart-c 0.280587193555 0.102459121002 0.704919950839
73.61/31.56	glass 0.366601830822 0.163475091093 0.322239885826
75.66/32.38	braziltourism 0.650439167009 0.508837777515 -0.54816333637
77.76/33.19	iris 0.329594902855 0.144433504286 0.139949719722
79.91/34.01	heart-statlog 0.37000003721 0.184725874785 0.387528207728
82.01/34.92	page-blocks 0.505593146223 0.34481166496 -0.081448797621
84.12/35.73	breast-w 0.230231718627 0.0729979586435 0.480612547867
86.21/36.64	heart-h 0.179194509592 0.0417298983952 0.644802981166
88.32/37.46	yeast 0.377932055742 0.179812321478 0.37136773201
90.37/38.26	tae 0.343374364594 0.152169548643 -0.0546224079284
92.51/39.18	haberman 0.27771471586 0.09875083099 -0.0129283805748
94.57/39.98	mfeat-pixel 0.377250237309 0.172473381694 0.167745737958
96.65/40.79	optdigits 0.235771861873 0.0688521539932 0.723989312187
98.74/41.59	mfeat-factors 0.28128690753 0.106297316076 0.601169696726
100.82/42.47	satimage 0.356324928316 0.154179783158 0.127667758176
102.92/43.27	lymph 0.29346691558 0.122312303317 0.40465831199
105.00/44.09	audiology 0.284228565693 0.102832788928 0.514226337361
107.13/44.90	ecoli 0.447255201314 0.25943719132 -0.0436332844398
109.16/45.70	tic-tac-toe 0.230829589251 0.078929087222 0.691991570264
111.20/46.50	spambase 0.368580483914 0.173482745015 0.723342893158
113.29/47.32	zoo 0.182588286084 0.0469753319455 0.678739980175
115.36/48.20	sonar 0.527093559069 0.349479118613 -0.324179142912
117.46/49.02	mfeat-zernike 0.246182780738 0.0830375877269 0.465744910206
119.52/51.73	kr-vs-kp 0.218422737162 0.0591294923209 0.599876858669
119.67/51.89	MAE 0.329313820674 0.120741794251
119.67/51.89	MSE 0.158987585221 0.158987585221
119.67/51.89	Mean tau 0.308200118149 0.369391943401
119.67/51.89	(0.3508771929824561, '1_class_probability_max')
119.67/51.89	(0.8947368421052632, '0_class_probability_max')
119.67/51.89	(6.12280701754386, '0_landmark_random_node_learner')
119.67/51.89	(6.7368421052631575, '1_class_entropy')
119.67/51.89	(6.807017543859649, '0_class_probability_std')
119.67/51.89	(6.807017543859649, '0_landmark_decision_tree')
119.67/51.89	(6.964912280701754, '1_class_probability_std')
119.67/51.89	(6.964912280701754, '1_landmark_decision_tree')
119.67/51.89	(7.5964912280701755, '1_landmark_random_node_learner')
119.67/51.89	(8.473684210526315, '0_landmark_naive_bayes')
119.67/51.89	(8.508771929824562, '0_class_entropy')
119.67/51.89	(9.0, '0_skewness_min')
119.67/51.89	(11.719298245614034, '1_landmark_naive_bayes')
119.67/51.89	(12.12280701754386, '1_skewness_min')
119.67/51.89	(13.228070175438596, '1_landmark_1NN')
119.67/51.89	(14.491228070175438, '1_landmark_lda')
119.67/51.89	(19.105263157894736, '0_landmark_1NN')
119.67/51.89	(19.666666666666668, '1_pca_skewness_first_pc')
119.67/51.89	(20.24561403508772, '0_ratio_numerical_to_categorical')
119.67/51.89	(20.982456140350877, '0_landmark_lda')
119.67/51.89	(22.17543859649123, '1_number_of_features')
119.67/51.89	(25.280701754385966, '0_number_of_features')
119.67/51.89	(25.982456140350877, '0_pca_skewness_first_pc')
119.67/51.89	(27.526315789473685, '0_log_number_of_features')
119.67/51.89	(27.82456140350877, '1_log_number_of_features')
119.67/51.89	(29.649122807017545, '0_number_of_categorical_features')
119.67/51.89	(31.56140350877193, '0_skewness_std')
119.67/51.89	(31.719298245614034, '0_kurtosis_min')
119.67/51.89	(31.982456140350877, '1_symbols_sum')
119.67/51.89	(32.280701754385966, '0_skewness_max')
119.67/51.89	(32.6140350877193, '1_skewness_max')
119.67/51.89	(33.64912280701754, '1_kurtosis_min')
119.67/51.89	(34.75438596491228, '1_skewness_std')
119.67/51.89	(37.12280701754386, '1_kurtosis_std')
119.67/51.89	(37.421052631578945, '0_pca_kurtosis_first_pc')
119.67/51.89	(37.56140350877193, '1_number_of_numeric_features')
119.67/51.89	(38.26315789473684, '1_landmark_decision_node_learner')
119.67/51.89	(38.54385964912281, '0_number_of_numeric_features')
119.67/51.89	(39.175438596491226, '0_landmark_decision_node_learner')
119.67/51.89	(39.824561403508774, '0_kurtosis_std')
119.67/51.89	(40.10526315789474, '0_symbols_sum')
119.67/51.89	(40.26315789473684, '1_number_of_categorical_features')
119.67/51.89	(40.75438596491228, '0_symbols_mean')
119.67/51.89	(43.473684210526315, '0_pca_95%')
119.67/51.89	(44.49122807017544, '1_kurtosis_max')
119.67/51.89	(45.49122807017544, '1_pca_kurtosis_first_pc')
119.67/51.89	(47.0, '0_kurtosis_max')
119.67/51.89	(48.771929824561404, '0_class_probability_min')
119.67/51.89	(49.29824561403509, '1_class_probability_min')
119.67/51.89	(51.05263157894737, '1_symbols_mean')
119.67/51.89	(52.36842105263158, '1_pca_95%')
119.67/51.89	(53.43859649122807, '1_ratio_numerical_to_categorical')
119.67/51.89	(55.68421052631579, '1_skewness_mean')
119.67/51.89	(56.19298245614035, '0_log_number_of_instances')
119.67/51.89	(56.771929824561404, '0_number_of_instances')
119.67/51.89	(57.29824561403509, '0_inverse_dataset_ratio')
119.67/51.89	(57.63157894736842, '0_skewness_mean')
119.67/51.89	(58.36842105263158, '1_number_of_instances')
119.67/51.89	(59.771929824561404, '0_kurtosis_mean')
119.67/51.89	(60.21052631578947, '0_log_dataset_ratio')
119.67/51.89	(61.05263157894737, '1_log_number_of_instances')
119.67/51.89	(61.578947368421055, '1_kurtosis_mean')
119.67/51.89	(61.824561403508774, '0_dataset_ratio')
119.67/51.89	(61.89473684210526, '0_log_inverse_dataset_ratio')
119.67/51.89	(63.421052631578945, '1_dataset_ratio')
119.67/51.89	(64.36842105263158, '1_symbols_max')
119.67/51.89	(64.56140350877193, '0_class_probability_mean')
119.67/51.89	(64.71929824561404, '1_inverse_dataset_ratio')
119.67/51.89	(64.89473684210526, '1_log_inverse_dataset_ratio')
119.67/51.89	(66.28070175438596, '1_log_dataset_ratio')
119.67/51.89	(66.6140350877193, '0_number_of_classes')
119.67/51.89	(67.01754385964912, '0_symbols_max')
119.67/51.89	(68.08771929824562, '0_percentage_of_features_with_missing_values')
119.67/51.89	(69.0, '1_symbols_min')
119.67/51.89	(70.0701754385965, '1_percentage_of_features_with_missing_values')
119.67/51.89	(70.24561403508773, '0_symbols_std')
119.67/51.89	(71.3157894736842, '1_number_of_classes')
119.67/51.89	(71.47368421052632, '1_ratio_categorical_to_numerical')
119.67/51.89	(72.47368421052632, '1_class_probability_mean')
119.67/51.89	(76.45614035087719, '0_symbols_min')
119.67/51.89	(76.49122807017544, '0_ratio_categorical_to_numerical')
119.67/51.89	(76.80701754385964, '1_symbols_std')
119.67/51.89	(76.9298245614035, '1_percentage_of_missing_values')
119.67/51.89	(77.52631578947368, '0_percentage_of_missing_values')
119.67/51.89	(81.24561403508773, '0_number_of_Instances_with_missing_values')
119.67/51.89	(81.63157894736842, '0_number_of_features_with_missing_values')
119.67/51.89	(81.71929824561404, '1_number_of_Instances_with_missing_values')
119.67/51.89	(82.17543859649123, '1_number_of_missing_values')
119.67/51.89	(82.6842105263158, '0_number_of_missing_values')
119.67/51.89	(82.94736842105263, '0_percentage_of_Instances_with_missing_values')
119.67/51.89	(83.50877192982456, '1_number_of_features_with_missing_values')
119.67/51.89	(84.84210526315789, '1_percentage_of_Instances_with_missing_values')
119.67/51.89	Result for ParamILS: SAT, 50.844406, 1, 0.329314, -1, /home/feurerm/thesis/Software/pyMetaLearn/optimizers/metalearn_optimizer/learn_distances.py
