0.68/0.88	['/home/feurerm/thesis/Software/pyMetaLearn/optimizers/metalearn_optimizer/learn_distances.py', '--input_file', '/home/feurerm/thesis/experiments/2014_04_25_predict_distances/testfold_0-3_spearman_rank_perm.pkl', '--fold', '0', '--folds', '1', '--params', '-max_features', '0.639157124705', '-min_samples_leaf', '7', '-min_samples_split', '6', '-n_estimators', '100', '-n_jobs', '4', '-seed', '65']
0.68/0.89	Metafeatures (57, 46)
0.68/0.89	X (3192, 92)
0.68/0.89	Y (3192,)
0.68/0.89	Dataset Mae MSE Rho
10.55/3.67	vehicle 0.464312425443 0.279887904235 -0.138656881664
20.86/6.81	anneal.ORIG 0.693111419828 0.540156035609 -0.156756614469
31.44/9.96	segment 0.290988841645 0.106828833016 0.710737722098
41.87/13.13	pendigits 0.382786860327 0.175552959708 0.302524105449
52.16/16.27	mushroom 0.220087639057 0.058257082989 0.586302059065
62.71/19.53	labor 0.192301701663 0.0543716441148 0.646742238252
73.11/22.69	abalone 0.410781612677 0.213025664512 0.213964698512
83.41/25.84	diabetes 0.482852609569 0.333238044551 -0.193925708621
93.74/29.00	car 0.57269941787 0.437643671225 -0.111830491972
104.14/32.14	autos 0.216376632295 0.059884878848 0.557536412287
114.77/35.29	mfeat-fourier 0.66027909084 0.561764441067 -0.494510556985
125.10/38.46	primary-tumor 0.191878799829 0.0455244736266 0.635753114764
135.70/42.03	waveform-5000 0.253188116588 0.0868402620493 0.616683753416
146.26/45.19	credit-a 0.434977745624 0.266451574857 0.178411651932
156.76/48.36	letter 0.282607195409 0.105726574088 0.586948478094
167.61/51.63	postoperative-patient-data 0.447173406297 0.241586943115 -0.417909902079
177.88/54.79	vowel 0.496893098922 0.304852093941 0.0384619322099
188.38/57.96	eucalyptus 0.295839811246 0.114806043622 0.453139739145
198.85/61.12	cylinder-bands 0.295456164687 0.101344760792 0.493864137956
209.56/64.40	ionosphere 0.431498229742 0.213708523025 -0.140919348265
220.17/67.67	mfeat-karhunen 0.258090725395 0.0870649545604 0.669366904258
230.71/70.92	balance-scale 0.202540636012 0.060358708884 0.579837868778
241.05/74.06	mfeat-morphological 0.491462233399 0.325519375252 -0.235942945489
251.54/77.22	liver-disorders 0.144256525703 0.0315438538084 0.544284822197
262.09/80.37	dermatology 0.210008938298 0.0555188534495 0.505822889988
272.60/83.51	vote 0.069892714036 0.00833128636498 0.783783072345
282.92/86.67	breast-cancer 0.140113116683 0.0294509819629 0.416940273536
293.40/89.83	credit-g 0.545213044597 0.401516660648 -0.474148357579
304.02/93.13	soybean 0.11070822949 0.0169023852472 0.837759061245
314.57/96.29	arrhythmia 0.299763509129 0.111278233957 -0.12799096769
325.01/100.38	nursery 0.244565644161 0.0757559501398 0.649004704853
335.32/103.55	hepatitis 0.339216808355 0.166121098892 -0.320947047768
345.73/106.86	cmc 0.152532612551 0.0297916056269 0.746613978193
356.16/110.12	heart-c 0.257515605052 0.087873512224 0.744997930621
366.67/113.26	glass 0.32670851098 0.129821901274 0.532002860651
377.12/116.43	braziltourism 0.669666742121 0.537684329878 -0.55850604083
387.52/119.59	iris 0.290656755637 0.114210428792 0.246932068978
397.80/122.63	heart-statlog 0.338555263003 0.154332605224 0.572404049948
408.61/126.15	page-blocks 0.613679647907 0.499657592227 -0.684880960948
419.14/129.31	breast-w 0.226436466784 0.0678134903704 0.490955252327
429.63/132.45	heart-h 0.159296396177 0.0325939180289 0.734008807132
440.24/135.61	yeast 0.350689007739 0.150729563281 0.556566783744
450.71/138.77	tae 0.358843553601 0.163819232654 -0.0197157803765
461.26/141.92	haberman 0.290727260959 0.106701759474 -0.0749846073336
471.91/145.17	mfeat-pixel 0.394131449419 0.192953228174 0.114416168087
482.25/148.35	optdigits 0.242393806783 0.0728955400923 0.73239275956
492.90/151.50	mfeat-factors 0.259724033068 0.089094267148 0.706212788896
503.36/154.67	satimage 0.345608038925 0.148643670762 0.100518158969
513.76/157.85	lymph 0.269726350467 0.109896832118 0.35359120872
524.13/161.00	audiology 0.272251272493 0.0874240748747 0.533295698709
534.61/164.18	ecoli 0.418121083911 0.222034708169 0.0704596741325
545.01/167.34	tic-tac-toe 0.181813121465 0.0485159679455 0.754047797023
555.79/170.50	spambase 0.388841391278 0.199661079829 0.625733619818
566.12/173.65	zoo 0.18670047376 0.0455028173494 0.637045952821
576.65/176.81	sonar 0.566584779392 0.402635431001 -0.401749426361
587.04/179.95	mfeat-zernike 0.239853321438 0.0797456763979 0.547193707827
597.48/183.09	kr-vs-kp 0.234165632118 0.0660293872125 0.582100335379
597.80/183.38	MAE 0.329949921436 0.146248752808
597.80/183.38	MSE 0.166857497759 0.166857497759
597.80/183.38	Mean tau 0.295368133394 0.415351804264
597.80/183.38	(0.2982456140350877, '1_class_probability_max')
597.80/183.38	(0.8421052631578947, '0_class_probability_max')
597.80/183.38	(2.3508771929824563, '1_skewness_min')
597.80/183.38	(2.6491228070175437, '0_skewness_min')
597.80/183.38	(5.5964912280701755, '0_class_entropy')
597.80/183.38	(6.7368421052631575, '1_class_entropy')
597.80/183.38	(7.456140350877193, '1_landmark_decision_tree')
597.80/183.38	(9.157894736842104, '0_landmark_naive_bayes')
597.80/183.38	(9.368421052631579, '1_landmark_naive_bayes')
597.80/183.38	(9.473684210526315, '0_landmark_decision_tree')
597.80/183.38	(10.12280701754386, '0_class_probability_std')
597.80/183.38	(10.701754385964913, '1_class_probability_std')
597.80/183.38	(11.701754385964913, '1_landmark_random_node_learner')
597.80/183.38	(15.0, '0_landmark_random_node_learner')
597.80/183.38	(16.57894736842105, '0_pca_skewness_first_pc')
597.80/183.38	(18.56140350877193, '1_pca_skewness_first_pc')
597.80/183.38	(20.719298245614034, '0_skewness_std')
597.80/183.38	(20.771929824561404, '0_landmark_lda')
597.80/183.38	(21.017543859649123, '1_landmark_lda')
597.80/183.38	(21.842105263157894, '0_kurtosis_min')
597.80/183.38	(24.140350877192983, '0_landmark_1NN')
597.80/183.38	(24.719298245614034, '1_kurtosis_min')
597.80/183.38	(25.31578947368421, '1_kurtosis_std')
597.80/183.38	(26.43859649122807, '1_skewness_max')
597.80/183.38	(26.63157894736842, '0_number_of_features')
597.80/183.38	(26.68421052631579, '0_skewness_max')
597.80/183.38	(26.87719298245614, '0_kurtosis_std')
597.80/183.38	(27.596491228070175, '1_landmark_1NN')
597.80/183.38	(27.80701754385965, '1_log_number_of_features')
597.80/183.38	(27.859649122807017, '1_skewness_std')
597.80/183.38	(28.333333333333332, '0_log_number_of_features')
597.80/183.38	(28.912280701754387, '1_number_of_features')
597.80/183.38	(34.175438596491226, '1_number_of_numeric_features')
597.80/183.38	(35.333333333333336, '0_number_of_numeric_features')
597.80/183.38	(36.59649122807018, '0_class_probability_min')
597.80/183.38	(36.719298245614034, '1_class_probability_min')
597.80/183.38	(36.75438596491228, '0_kurtosis_max')
597.80/183.38	(38.31578947368421, '1_kurtosis_max')
597.80/183.38	(38.68421052631579, '1_symbols_sum')
597.80/183.38	(41.87719298245614, '0_log_number_of_instances')
597.80/183.38	(42.08771929824562, '1_number_of_instances')
597.80/183.38	(42.78947368421053, '1_log_number_of_instances')
597.80/183.38	(42.91228070175438, '1_landmark_decision_node_learner')
597.80/183.38	(42.94736842105263, '0_number_of_instances')
597.80/183.38	(43.94736842105263, '1_skewness_mean')
597.80/183.38	(44.43859649122807, '0_number_of_categorical_features')
597.80/183.38	(44.89473684210526, '1_number_of_categorical_features')
597.80/183.38	(45.91228070175438, '0_landmark_decision_node_learner')
597.80/183.38	(45.92982456140351, '0_pca_kurtosis_first_pc')
597.80/183.38	(46.666666666666664, '0_skewness_mean')
597.80/183.38	(48.6140350877193, '0_symbols_sum')
597.80/183.38	(49.280701754385966, '1_pca_kurtosis_first_pc')
597.80/183.38	(51.175438596491226, '1_pca_95%')
597.80/183.38	(52.24561403508772, '1_symbols_mean')
597.80/183.38	(52.68421052631579, '0_pca_95%')
597.80/183.38	(53.24561403508772, '0_symbols_mean')
597.80/183.38	(56.35087719298246, '0_dataset_ratio')
597.80/183.38	(56.56140350877193, '1_symbols_min')
597.80/183.38	(56.59649122807018, '1_log_inverse_dataset_ratio')
597.80/183.38	(57.175438596491226, '0_symbols_min')
597.80/183.38	(58.01754385964912, '0_inverse_dataset_ratio')
597.80/183.38	(58.21052631578947, '1_inverse_dataset_ratio')
597.80/183.38	(58.280701754385966, '0_log_inverse_dataset_ratio')
597.80/183.38	(58.666666666666664, '1_log_dataset_ratio')
597.80/183.38	(59.3859649122807, '0_log_dataset_ratio')
597.80/183.38	(59.78947368421053, '1_dataset_ratio')
597.80/183.38	(60.421052631578945, '1_ratio_numerical_to_categorical')
597.80/183.38	(60.91228070175438, '0_ratio_numerical_to_categorical')
597.80/183.38	(65.45614035087719, '1_kurtosis_mean')
597.80/183.38	(67.0701754385965, '0_kurtosis_mean')
597.80/183.38	(73.40350877192982, '0_ratio_categorical_to_numerical')
597.80/183.38	(73.9298245614035, '1_symbols_max')
597.80/183.38	(74.91228070175438, '1_ratio_categorical_to_numerical')
597.80/183.38	(75.6140350877193, '1_class_probability_mean')
597.80/183.38	(75.6140350877193, '1_number_of_classes')
597.80/183.38	(75.75438596491227, '0_symbols_max')
597.80/183.38	(76.45614035087719, '0_class_probability_mean')
597.80/183.38	(76.7719298245614, '0_number_of_classes')
597.80/183.38	(77.35087719298245, '0_percentage_of_features_with_missing_values')
597.80/183.38	(77.85964912280701, '1_symbols_std')
597.80/183.38	(79.15789473684211, '1_percentage_of_features_with_missing_values')
597.80/183.38	(79.45614035087719, '0_symbols_std')
597.80/183.38	(80.59649122807018, '0_percentage_of_missing_values')
597.80/183.38	(81.91228070175438, '1_percentage_of_missing_values')
597.80/183.38	(83.17543859649123, '0_percentage_of_Instances_with_missing_values')
597.80/183.38	(84.10526315789474, '0_number_of_Instances_with_missing_values')
597.80/183.38	(85.01754385964912, '1_number_of_Instances_with_missing_values')
597.80/183.38	(85.40350877192982, '1_number_of_missing_values')
597.80/183.38	(85.7719298245614, '1_percentage_of_Instances_with_missing_values')
597.80/183.38	(85.87719298245614, '0_number_of_missing_values')
597.80/183.38	(86.15789473684211, '0_number_of_features_with_missing_values')
597.80/183.38	(88.3157894736842, '1_number_of_features_with_missing_values')
597.80/183.38	Result for ParamILS: SAT, 182.500265, 1, 0.329950, -1, /home/feurerm/thesis/Software/pyMetaLearn/optimizers/metalearn_optimizer/learn_distances.py
