0.76/1.02	['/home/feurerm/thesis/Software/pyMetaLearn/optimizers/metalearn_optimizer/learn_distances.py', '--input_file', '/home/feurerm/thesis/experiments/2014_04_25_predict_distances/testfold_0-3_spearman_rank_perm.pkl', '--fold', '0', '--folds', '1', '--params', '-max_features', '0.230473452815', '-min_samples_leaf', '3', '-min_samples_split', '1', '-n_estimators', '62', '-n_jobs', '4', '-seed', '16']
0.76/1.03	Metafeatures (57, 46)
0.76/1.03	X (3192, 92)
0.76/1.03	Y (3192,)
0.76/1.03	Dataset Mae MSE Rho
3.47/1.98	vehicle 0.428844649982 0.23620351679 -0.039431560753
6.52/3.15	anneal.ORIG 0.440673229254 0.244038345784 0.237235783547
9.65/4.31	segment 0.260738905681 0.0879399944821 0.747583606736
12.63/5.46	pendigits 0.393512815468 0.18379472837 0.295736705648
15.64/6.68	mushroom 0.193788057557 0.0460765343922 0.644479771652
18.66/7.85	labor 0.22430555104 0.0651398687814 0.78636874846
21.73/9.02	abalone 0.382220860829 0.185010399424 0.323855933398
24.88/10.17	diabetes 0.503081791979 0.338334053014 0.00258567611495
27.95/11.34	car 0.426908983775 0.270814261908 0.201359527452
31.01/15.06	autos 0.225550002296 0.0648148455818 0.58888773518
34.14/16.26	mfeat-fourier 0.657900960676 0.559797170456 -0.490308833298
37.23/17.43	primary-tumor 0.194145553106 0.0456858783159 0.641570886023
40.38/18.61	waveform-5000 0.296351721649 0.11875169862 0.35876256095
43.34/19.79	credit-a 0.384169131246 0.21153016124 0.389790674329
46.45/20.96	letter 0.288389027355 0.109253466642 0.647065447767
49.61/22.13	postoperative-patient-data 0.447310879125 0.246592587391 -0.503237213873
52.69/23.29	vowel 0.51913174812 0.340119726483 -0.0193925708621
55.74/24.46	eucalyptus 0.275673424953 0.101615308306 0.604725001384
58.88/25.67	cylinder-bands 0.252873023021 0.0749952899065 0.682618494347
62.00/26.86	ionosphere 0.439173242536 0.222370888367 -0.103103835084
65.07/28.02	mfeat-karhunen 0.25296217388 0.0848464084965 0.648358285824
68.17/29.21	balance-scale 0.171205598681 0.0415789754528 0.712353769669
71.23/30.27	mfeat-morphological 0.492894205877 0.327751687575 -0.212995069969
74.26/31.44	liver-disorders 0.24840121025 0.0848226984546 0.500651537758
77.37/32.61	dermatology 0.206719860217 0.0539350286261 0.513579918332
80.39/33.78	vote 0.0733762982258 0.0092059009802 0.785722329431
83.47/34.95	breast-cancer 0.261853830965 0.0910178393909 -0.139949719722
86.62/36.12	credit-g 0.484142763705 0.313270793533 -0.355207256292
89.71/37.31	soybean 0.111371352017 0.0186808895595 0.850041022791
92.78/38.48	arrhythmia 0.290261841237 0.11019322027 -0.0151908471753
95.89/39.68	nursery 0.227215681335 0.0656985589457 0.702657484238
98.97/40.88	hepatitis 0.487588732963 0.315836557095 -0.241760716748
102.06/42.05	cmc 0.199356111501 0.0487438021054 0.635753114764
105.11/43.22	heart-c 0.267285361182 0.0954159881471 0.721080426557
108.16/44.39	glass 0.367313028838 0.15983138986 0.315775695539
111.23/45.56	braziltourism 0.621243148122 0.478686089575 -0.617330172445
114.33/46.74	iris 0.298032427424 0.115697840338 0.286686839245
117.39/47.92	heart-statlog 0.378653733217 0.193771338154 0.342278875717
120.55/49.08	page-blocks 0.480157798789 0.317495278469 -0.00549456174427
123.62/50.25	breast-w 0.219675469786 0.0671051847978 0.589857363724
126.65/51.42	heart-h 0.152255349539 0.0307885728858 0.694254036865
129.70/52.58	yeast 0.342185603446 0.145065793693 0.569171954804
132.83/53.77	tae 0.368219680917 0.174032011405 -0.0633490648163
136.03/54.94	haberman 0.267244235172 0.0953978938574 0.0940539686814
139.10/56.12	mfeat-pixel 0.377733039131 0.171264655114 0.197481013279
142.19/57.29	optdigits 0.197027935915 0.0508133460979 0.741765835477
145.31/58.47	mfeat-factors 0.257896770548 0.0898478299282 0.643186933594
148.40/59.65	satimage 0.354752305171 0.15436427497 0.130576643805
151.49/60.84	lymph 0.292760280608 0.114753443049 0.54816333637
154.63/62.00	audiology 0.275623344702 0.0985687771112 0.548486545884
157.66/63.18	ecoli 0.440337286696 0.248568298109 -0.0239175040633
160.74/64.36	tic-tac-toe 0.202911393214 0.0634937915797 0.716555493356
163.85/65.52	spambase 0.391678633055 0.191621544627 0.707182417439
166.95/66.68	zoo 0.177579666784 0.0434509621232 0.679709608718
169.98/67.86	sonar 0.541717434723 0.371665302801 -0.324502352427
173.08/69.02	mfeat-zernike 0.25329675936 0.0881703645904 0.475764405151
176.19/70.19	kr-vs-kp 0.196412263785 0.0477027391783 0.673568627945
176.40/70.39	MAE 0.323931336327 0.126259155187
176.40/70.39	MSE 0.156597084126 0.156597084126
176.40/70.40	Mean tau 0.3337223291 0.386363894736
176.40/70.40	(0.8070175438596491, '0_class_probability_max')
176.40/70.40	(2.0, '1_class_probability_max')
176.40/70.40	(2.0701754385964914, '1_landmark_decision_tree')
176.40/70.40	(2.3508771929824563, '0_landmark_decision_tree')
176.40/70.40	(4.7894736842105265, '1_landmark_random_node_learner')
176.40/70.40	(6.684210526315789, '1_class_probability_std')
176.40/70.40	(8.210526315789474, '0_landmark_random_node_learner')
176.40/70.40	(8.912280701754385, '0_landmark_naive_bayes')
176.40/70.40	(9.12280701754386, '1_class_entropy')
176.40/70.40	(9.280701754385966, '0_class_probability_std')
176.40/70.40	(9.614035087719298, '1_skewness_min')
176.40/70.40	(9.631578947368421, '0_class_entropy')
176.40/70.40	(9.789473684210526, '0_skewness_min')
176.40/70.40	(12.087719298245615, '1_landmark_naive_bayes')
176.40/70.40	(15.701754385964913, '1_landmark_1NN')
176.40/70.40	(17.80701754385965, '0_landmark_1NN')
176.40/70.40	(19.57894736842105, '0_landmark_lda')
176.40/70.40	(20.035087719298247, '1_landmark_lda')
176.40/70.40	(22.12280701754386, '1_log_number_of_features')
176.40/70.40	(22.56140350877193, '1_pca_skewness_first_pc')
176.40/70.40	(22.596491228070175, '0_pca_skewness_first_pc')
176.40/70.40	(24.017543859649123, '1_skewness_std')
176.40/70.40	(24.43859649122807, '0_log_number_of_features')
176.40/70.40	(26.087719298245613, '1_number_of_features')
176.40/70.40	(26.57894736842105, '0_number_of_features')
176.40/70.40	(26.82456140350877, '0_kurtosis_min')
176.40/70.40	(28.771929824561404, '0_skewness_std')
176.40/70.40	(30.49122807017544, '1_ratio_numerical_to_categorical')
176.40/70.40	(31.280701754385966, '1_kurtosis_std')
176.40/70.40	(31.45614035087719, '1_kurtosis_min')
176.40/70.40	(32.59649122807018, '1_skewness_max')
176.40/70.40	(32.63157894736842, '0_skewness_max')
176.40/70.40	(33.87719298245614, '0_number_of_numeric_features')
176.40/70.40	(35.21052631578947, '1_number_of_numeric_features')
176.40/70.40	(35.824561403508774, '0_kurtosis_std')
176.40/70.40	(36.36842105263158, '1_landmark_decision_node_learner')
176.40/70.40	(36.78947368421053, '0_symbols_sum')
176.40/70.40	(37.29824561403509, '0_number_of_categorical_features')
176.40/70.40	(38.14035087719298, '0_landmark_decision_node_learner')
176.40/70.40	(38.29824561403509, '1_number_of_categorical_features')
176.40/70.40	(39.26315789473684, '1_symbols_sum')
176.40/70.40	(41.3859649122807, '0_kurtosis_max')
176.40/70.40	(44.35087719298246, '1_class_probability_min')
176.40/70.40	(45.473684210526315, '1_pca_kurtosis_first_pc')
176.40/70.40	(45.50877192982456, '0_ratio_numerical_to_categorical')
176.40/70.40	(46.29824561403509, '0_pca_kurtosis_first_pc')
176.40/70.40	(47.228070175438596, '1_kurtosis_max')
176.40/70.40	(47.40350877192982, '0_class_probability_min')
176.40/70.40	(48.56140350877193, '1_pca_95%')
176.40/70.40	(49.3859649122807, '1_symbols_mean')
176.40/70.40	(50.89473684210526, '0_skewness_mean')
176.40/70.40	(52.56140350877193, '0_pca_95%')
176.40/70.40	(56.26315789473684, '0_log_number_of_instances')
176.40/70.40	(56.56140350877193, '0_symbols_mean')
176.40/70.40	(57.21052631578947, '0_number_of_instances')
176.40/70.40	(57.75438596491228, '1_log_number_of_instances')
176.40/70.40	(58.280701754385966, '1_number_of_instances')
176.40/70.40	(58.36842105263158, '1_skewness_mean')
176.40/70.40	(60.228070175438596, '0_log_inverse_dataset_ratio')
176.40/70.40	(60.578947368421055, '1_kurtosis_mean')
176.40/70.40	(61.36842105263158, '0_symbols_max')
176.40/70.40	(61.473684210526315, '1_inverse_dataset_ratio')
176.40/70.40	(61.96491228070175, '0_inverse_dataset_ratio')
176.40/70.40	(62.05263157894737, '1_log_inverse_dataset_ratio')
176.40/70.40	(62.526315789473685, '0_kurtosis_mean')
176.40/70.40	(62.666666666666664, '1_dataset_ratio')
176.40/70.40	(63.280701754385966, '0_dataset_ratio')
176.40/70.40	(64.3859649122807, '0_symbols_min')
176.40/70.40	(64.45614035087719, '0_log_dataset_ratio')
176.40/70.40	(64.59649122807018, '1_log_dataset_ratio')
176.40/70.40	(65.33333333333333, '1_symbols_max')
176.40/70.40	(67.0, '1_percentage_of_features_with_missing_values')
176.40/70.40	(67.35087719298245, '0_percentage_of_features_with_missing_values')
176.40/70.40	(71.33333333333333, '1_symbols_std')
176.40/70.40	(72.98245614035088, '1_percentage_of_missing_values')
176.40/70.40	(73.40350877192982, '0_percentage_of_missing_values')
176.40/70.40	(73.7719298245614, '0_class_probability_mean')
176.40/70.40	(73.98245614035088, '1_symbols_min')
176.40/70.40	(74.43859649122807, '0_ratio_categorical_to_numerical')
176.40/70.40	(74.56140350877193, '0_number_of_classes')
176.40/70.40	(74.7719298245614, '1_number_of_classes')
176.40/70.40	(75.28070175438596, '1_class_probability_mean')
176.40/70.40	(75.82456140350877, '0_symbols_std')
176.40/70.40	(76.05263157894737, '1_ratio_categorical_to_numerical')
176.40/70.40	(82.05263157894737, '0_percentage_of_Instances_with_missing_values')
176.40/70.40	(83.57894736842105, '0_number_of_features_with_missing_values')
176.40/70.40	(83.94736842105263, '0_number_of_missing_values')
176.40/70.40	(84.17543859649123, '0_number_of_Instances_with_missing_values')
176.40/70.40	(84.2280701754386, '1_number_of_Instances_with_missing_values')
176.40/70.40	(84.7719298245614, '1_percentage_of_Instances_with_missing_values')
176.40/70.40	(85.75438596491227, '1_number_of_missing_values')
176.40/70.40	(86.33333333333333, '1_number_of_features_with_missing_values')
176.40/70.40	Result for ParamILS: SAT, 69.378120, 1, 0.323931, -1, /home/feurerm/thesis/Software/pyMetaLearn/optimizers/metalearn_optimizer/learn_distances.py
