0.76/1.01	['/home/feurerm/thesis/Software/pyMetaLearn/optimizers/metalearn_optimizer/learn_distances.py', '--input_file', '/home/feurerm/thesis/experiments/2014_04_25_predict_distances/testfold_0-3_spearman_rank_perm.pkl', '--fold', '0', '--folds', '1', '--params', '-max_features', '0.162398883439', '-min_samples_leaf', '5', '-min_samples_split', '4', '-n_estimators', '72', '-n_jobs', '4', '-seed', '27']
0.76/1.02	Metafeatures (57, 46)
0.76/1.02	X (3192, 92)
0.76/1.02	Y (3192,)
0.76/1.02	Dataset Mae MSE Rho
2.78/1.78	vehicle 0.388977266508 0.191708391766 0.182936585133
5.15/2.76	anneal.ORIG 0.502331802781 0.300060398636 0.311250762337
7.51/3.74	segment 0.268716236141 0.0920298884955 0.730453502474
9.87/4.72	pendigits 0.395246178641 0.184953666659 0.309634714766
12.36/5.70	mushroom 0.204991314953 0.0500853588875 0.619592639045
14.65/6.68	labor 0.220336496522 0.0625671998779 0.774409996428
17.09/7.66	abalone 0.425138349347 0.230515425767 0.116678634687
19.50/8.66	diabetes 0.492530299828 0.322383005806 0.06658115996
21.90/9.65	car 0.416090647005 0.262009666344 0.315775695539
24.25/10.65	autos 0.235517815402 0.0722596514336 0.535234955795
26.66/11.67	mfeat-fourier 0.638226259123 0.530014816568 -0.485783900097
29.04/12.66	primary-tumor 0.21103226368 0.0545463037343 0.583393173436
31.43/13.66	waveform-5000 0.276565362337 0.103006601122 0.462512815062
33.78/14.64	credit-a 0.377879362108 0.19993806704 0.370398103467
36.15/15.62	letter 0.267642284816 0.0999779167529 0.673891837459
38.69/16.60	postoperative-patient-data 0.45334274755 0.260630465379 -0.568525535775
41.06/17.61	vowel 0.503028734465 0.318007206937 0.0694900455893
43.33/18.58	eucalyptus 0.30643316035 0.125107682118 0.4993586997
45.70/19.55	cylinder-bands 0.294394757469 0.10215024737 0.510994242217
48.05/20.53	ionosphere 0.434434673989 0.221800730111 -0.0681972075319
50.44/21.52	mfeat-karhunen 0.273191404247 0.0982435673935 0.553981107629
52.79/22.52	balance-scale 0.203566917394 0.061434168346 0.641894095537
55.18/23.52	mfeat-morphological 0.475254627684 0.301625412129 -0.157403033498
57.53/24.48	liver-disorders 0.264813472209 0.0954949953397 0.433100749255
59.90/25.47	dermatology 0.195689631762 0.0490468943968 0.553657898114
62.27/26.46	vote 0.0760689670313 0.00975691780714 0.790247262632
64.73/27.44	breast-cancer 0.289755679215 0.113052330133 -0.345510970861
67.16/28.41	credit-g 0.525815015748 0.368657406102 -0.524892251335
69.53/29.39	soybean 0.11192391845 0.0181374077204 0.857151632107
71.94/30.37	arrhythmia 0.264820416166 0.0943733419306 0.181320537561
74.40/31.36	nursery 0.244857265924 0.0740704196159 0.673891837459
76.81/32.36	hepatitis 0.438730110274 0.267204802927 -0.341955666202
79.19/33.67	cmc 0.203322700601 0.0495094784855 0.717525121899
81.57/34.64	heart-c 0.299193485346 0.117454785607 0.626703248362
83.97/35.62	glass 0.375845997885 0.168088913352 0.26115328761
86.35/36.62	braziltourism 0.589458920301 0.428240071011 -0.532972489195
88.77/37.61	iris 0.322442374911 0.140603050544 0.141888976808
91.25/38.60	heart-statlog 0.362676785277 0.17698814589 0.55850604083
93.59/39.72	page-blocks 0.470061162604 0.301517850262 0.0947003877101
96.00/40.72	breast-w 0.236735854904 0.0754428990169 0.617653381959
98.45/41.70	heart-h 0.172150556332 0.0377535394624 0.709768093554
100.73/42.67	yeast 0.373222388977 0.171494453966 0.427929397025
103.09/43.65	tae 0.329842365181 0.138426762316 0.0187461518334
105.59/45.02	haberman 0.283627663147 0.108866945682 0.0659347409313
107.87/46.01	mfeat-pixel 0.386355985586 0.178863532841 0.128637386719
110.22/46.98	optdigits 0.224831592492 0.0640883279772 0.739180159362
112.60/47.97	mfeat-factors 0.262453625213 0.0929956390268 0.621208686617
114.98/48.94	satimage 0.370424587343 0.166955089703 0.0549456174427
117.35/49.93	lymph 0.287721182493 0.11245968587 0.508408566103
119.76/50.90	audiology 0.289267756596 0.108545518569 0.518751270562
122.03/51.88	ecoli 0.431554846549 0.235417818408 -0.00355530465806
124.39/52.86	tic-tac-toe 0.183882548192 0.0511774035574 0.75824952071
126.81/53.85	spambase 0.36071432764 0.165527386414 0.80414527175
129.17/54.87	zoo 0.182253447032 0.0445459737792 0.680032818232
131.52/55.85	sonar 0.525749999169 0.346598743622 -0.305756200593
133.86/56.82	mfeat-zernike 0.231069329747 0.0762051769924 0.579837868778
136.21/57.81	kr-vs-kp 0.2091876419 0.055033063258 0.623471153218
136.49/58.03	MAE 0.327041939729 0.119938207613
136.49/58.03	MSE 0.156976326496 0.156976326496
136.49/58.03	Mean tau 0.328783460906 0.385310940813
136.49/58.03	(0.3508771929824561, '0_class_probability_max')
136.49/58.03	(2.263157894736842, '1_landmark_random_node_learner')
136.49/58.03	(2.491228070175439, '1_class_probability_max')
136.49/58.03	(3.7017543859649122, '0_class_probability_std')
136.49/58.03	(4.315789473684211, '1_landmark_decision_tree')
136.49/58.03	(5.4035087719298245, '1_class_probability_std')
136.49/58.03	(6.56140350877193, '0_landmark_decision_tree')
136.49/58.03	(7.43859649122807, '0_landmark_random_node_learner')
136.49/58.03	(8.228070175438596, '0_class_entropy')
136.49/58.03	(10.789473684210526, '1_class_entropy')
136.49/58.03	(11.929824561403509, '0_landmark_naive_bayes')
136.49/58.03	(12.12280701754386, '1_skewness_min')
136.49/58.03	(12.666666666666666, '0_skewness_min')
136.49/58.03	(12.719298245614034, '1_landmark_1NN')
136.49/58.03	(13.631578947368421, '0_landmark_lda')
136.49/58.03	(15.105263157894736, '1_landmark_naive_bayes')
136.49/58.03	(16.789473684210527, '1_landmark_lda')
136.49/58.03	(16.912280701754387, '1_pca_skewness_first_pc')
136.49/58.03	(18.82456140350877, '0_pca_skewness_first_pc')
136.49/58.03	(20.24561403508772, '0_log_number_of_features')
136.49/58.03	(22.0, '0_landmark_1NN')
136.49/58.03	(22.403508771929825, '1_number_of_features')
136.49/58.03	(25.29824561403509, '1_number_of_categorical_features')
136.49/58.03	(26.36842105263158, '0_number_of_features')
136.49/58.03	(27.75438596491228, '0_skewness_std')
136.49/58.03	(29.80701754385965, '1_log_number_of_features')
136.49/58.03	(30.140350877192983, '0_skewness_max')
136.49/58.03	(30.210526315789473, '0_kurtosis_std')
136.49/58.03	(32.3859649122807, '1_symbols_sum')
136.49/58.03	(33.56140350877193, '0_ratio_numerical_to_categorical')
136.49/58.03	(35.08771929824562, '1_skewness_max')
136.49/58.03	(35.75438596491228, '1_kurtosis_min')
136.49/58.03	(35.75438596491228, '1_kurtosis_std')
136.49/58.03	(36.666666666666664, '0_kurtosis_min')
136.49/58.03	(37.12280701754386, '1_landmark_decision_node_learner')
136.49/58.03	(37.473684210526315, '0_number_of_categorical_features')
136.49/58.03	(37.68421052631579, '0_number_of_numeric_features')
136.49/58.03	(37.96491228070175, '0_symbols_sum')
136.49/58.03	(38.19298245614035, '1_skewness_std')
136.49/58.03	(40.19298245614035, '1_number_of_numeric_features')
136.49/58.03	(41.333333333333336, '1_pca_kurtosis_first_pc')
136.49/58.03	(43.87719298245614, '1_kurtosis_max')
136.49/58.03	(44.40350877192982, '1_class_probability_min')
136.49/58.03	(44.578947368421055, '0_landmark_decision_node_learner')
136.49/58.03	(45.526315789473685, '0_pca_95%')
136.49/58.03	(46.92982456140351, '1_symbols_mean')
136.49/58.03	(47.43859649122807, '0_kurtosis_max')
136.49/58.03	(47.824561403508774, '0_pca_kurtosis_first_pc')
136.49/58.03	(50.07017543859649, '0_class_probability_min')
136.49/58.03	(50.43859649122807, '1_pca_95%')
136.49/58.03	(50.578947368421055, '1_skewness_mean')
136.49/58.03	(50.771929824561404, '1_ratio_numerical_to_categorical')
136.49/58.03	(50.96491228070175, '0_symbols_mean')
136.49/58.03	(58.0, '0_kurtosis_mean')
136.49/58.03	(58.333333333333336, '0_skewness_mean')
136.49/58.03	(58.98245614035088, '1_symbols_std')
136.49/58.03	(59.05263157894737, '1_log_dataset_ratio')
136.49/58.03	(59.10526315789474, '1_log_number_of_instances')
136.49/58.03	(59.473684210526315, '1_symbols_max')
136.49/58.03	(60.19298245614035, '0_log_number_of_instances')
136.49/58.03	(60.21052631578947, '1_class_probability_mean')
136.49/58.03	(61.12280701754386, '0_number_of_instances')
136.49/58.03	(62.63157894736842, '1_number_of_instances')
136.49/58.03	(63.12280701754386, '1_kurtosis_mean')
136.49/58.03	(63.43859649122807, '0_dataset_ratio')
136.49/58.03	(63.578947368421055, '0_symbols_max')
136.49/58.03	(64.43859649122807, '0_log_inverse_dataset_ratio')
136.49/58.03	(64.84210526315789, '1_inverse_dataset_ratio')
136.49/58.03	(65.21052631578948, '1_log_inverse_dataset_ratio')
136.49/58.03	(65.66666666666667, '0_inverse_dataset_ratio')
136.49/58.03	(66.3157894736842, '0_log_dataset_ratio')
136.49/58.03	(68.57894736842105, '1_dataset_ratio')
136.49/58.03	(70.0701754385965, '0_percentage_of_features_with_missing_values')
136.49/58.03	(70.64912280701755, '1_ratio_categorical_to_numerical')
136.49/58.03	(71.03508771929825, '0_number_of_missing_values')
136.49/58.03	(72.3859649122807, '0_class_probability_mean')
136.49/58.03	(72.80701754385964, '0_number_of_classes')
136.49/58.03	(73.01754385964912, '1_number_of_classes')
136.49/58.03	(73.14035087719299, '1_percentage_of_features_with_missing_values')
136.49/58.03	(73.19298245614036, '0_ratio_categorical_to_numerical')
136.49/58.03	(73.78947368421052, '0_percentage_of_missing_values')
136.49/58.03	(74.94736842105263, '0_symbols_std')
136.49/58.03	(76.6842105263158, '0_symbols_min')
136.49/58.03	(76.85964912280701, '1_symbols_min')
136.49/58.03	(77.56140350877193, '1_percentage_of_missing_values')
136.49/58.03	(79.3157894736842, '0_number_of_Instances_with_missing_values')
136.49/58.03	(80.84210526315789, '1_number_of_features_with_missing_values')
136.49/58.03	(81.85964912280701, '0_percentage_of_Instances_with_missing_values')
136.49/58.03	(83.33333333333333, '1_number_of_missing_values')
136.49/58.03	(83.75438596491227, '1_percentage_of_Instances_with_missing_values')
136.49/58.03	(84.21052631578948, '0_number_of_features_with_missing_values')
136.49/58.03	(85.19298245614036, '1_number_of_Instances_with_missing_values')
136.49/58.03	Result for ParamILS: SAT, 57.028088, 1, 0.327042, -1, /home/feurerm/thesis/Software/pyMetaLearn/optimizers/metalearn_optimizer/learn_distances.py
