0.75/1.00	['/home/feurerm/thesis/Software/pyMetaLearn/optimizers/metalearn_optimizer/learn_distances.py', '--input_file', '/home/feurerm/thesis/experiments/2014_04_25_predict_distances/testfold_0-3_spearman_rank_perm.pkl', '--fold', '0', '--folds', '1', '--params', '-max_features', '0.451127501789', '-min_samples_leaf', '3', '-min_samples_split', '10', '-n_estimators', '84', '-n_jobs', '4', '-seed', '36']
0.75/1.02	Metafeatures (57, 46)
0.75/1.02	X (3192, 92)
0.75/1.02	Y (3192,)
0.75/1.02	Dataset Mae MSE Rho
7.23/2.87	vehicle 0.430206955301 0.232723053163 0.00775702834486
14.09/5.11	anneal.ORIG 0.569122080962 0.368680682453 0.19457212765
21.11/7.24	segment 0.255828660705 0.0847158512223 0.786045538946
28.02/9.37	pendigits 0.381078304868 0.174431974661 0.316422114567
35.00/11.49	mushroom 0.194434783873 0.0471369107411 0.632844229135
42.00/13.72	labor 0.18712522154 0.0517312372747 0.666134809115
48.93/15.83	abalone 0.39083801768 0.192841839039 0.28701004876
55.91/17.97	diabetes 0.485978929763 0.33123267408 -0.0898522449946
62.81/20.08	car 0.534593942049 0.397727496227 -0.214611117541
69.74/22.21	autos 0.209285866913 0.0564026377229 0.624440781761
76.87/24.44	mfeat-fourier 0.680417998542 0.603739591354 -0.536527793853
83.82/26.56	primary-tumor 0.197600472547 0.0483833942784 0.613451658272
90.86/28.79	waveform-5000 0.248832623325 0.0856340627403 0.580161078292
97.80/30.93	credit-a 0.415015588112 0.244452022381 0.244669602377
104.82/33.05	letter 0.275992306588 0.10079148515 0.623147943704
112.02/35.27	postoperative-patient-data 0.451740167069 0.247752903659 -0.463482443605
118.91/37.41	vowel 0.491802225935 0.298637782586 0.0530063603565
125.89/39.54	eucalyptus 0.285847957993 0.10872140732 0.520690527649
132.67/41.65	cylinder-bands 0.270887407485 0.0849493499182 0.600523277698
139.69/45.04	ionosphere 0.43821175185 0.218992325691 -0.158372662041
146.73/47.26	mfeat-karhunen 0.26864219779 0.0978361040842 0.582746754407
153.56/49.37	balance-scale 0.196666294157 0.0539762444812 0.618946220017
160.40/51.49	mfeat-morphological 0.511985548521 0.350427944339 -0.257921192467
167.33/53.62	liver-disorders 0.162038899411 0.0411164214767 0.58145391635
174.39/55.85	dermatology 0.222546728645 0.0625151315146 0.46606811972
181.34/57.97	vote 0.0708586979685 0.00853490483831 0.794772195833
188.37/60.13	breast-cancer 0.200308598215 0.0532936447224 0.324502352427
195.42/62.29	credit-g 0.519708622738 0.360229778409 -0.40982966422
202.39/64.42	soybean 0.111811188608 0.0175683659153 0.825800309213
209.29/67.11	arrhythmia 0.31710673535 0.128092213283 -0.240467878691
216.32/69.25	nursery 0.217767509021 0.0606785826658 0.703950322296
223.03/71.38	hepatitis 0.409623425159 0.231259937496 -0.298645591277
230.00/73.62	cmc 0.162897141569 0.0336670881951 0.727544616845
236.81/75.77	heart-c 0.242286108176 0.0775057259396 0.780550977201
243.84/77.90	glass 0.325426006807 0.126725175842 0.498065861643
250.67/80.04	braziltourism 0.658824451535 0.53201923261 -0.607957096528
257.62/82.16	iris 0.318299002802 0.134079423794 0.0947003877101
264.55/84.29	heart-statlog 0.342497484911 0.156568524914 0.52521546085
271.81/86.51	page-blocks 0.570301822976 0.437123773403 -0.63252101962
278.76/88.62	breast-w 0.22368360821 0.0681157905298 0.542345565111
285.67/90.83	heart-h 0.140208177945 0.026722271187 0.736271273733
292.65/92.95	yeast 0.329599263032 0.13375516227 0.661286666399
299.58/95.07	tae 0.345984706075 0.152107257191 0.0109891234885
306.55/97.18	haberman 0.291973150727 0.111416584359 -0.0646419028738
313.44/99.39	mfeat-pixel 0.402867169768 0.198901380886 0.117971472745
320.56/101.60	optdigits 0.218448212203 0.0597185249174 0.743705092563
327.45/103.71	mfeat-factors 0.265262726752 0.0919457786848 0.678093561146
334.39/105.82	satimage 0.351888379957 0.153348697754 0.111830491972
341.24/107.95	lymph 0.302398579507 0.131712210239 0.310927552823
348.12/110.17	audiology 0.28073233527 0.0955776572938 0.503883632901
355.18/112.30	ecoli 0.412141992072 0.217529619382 0.129930224776
362.09/114.52	tic-tac-toe 0.156472082796 0.0365477811717 0.777642091572
369.26/116.77	spambase 0.384921922998 0.188912090257 0.733039178589
376.36/119.11	zoo 0.178189479084 0.0418808023599 0.670659742316
383.53/121.47	sonar 0.56037641041 0.392083178874 -0.358116141921
390.56/123.73	mfeat-zernike 0.228985328936 0.0743171870048 0.569171954804
397.59/125.89	kr-vs-kp 0.211102313854 0.0553540398123 0.623147943704
397.91/126.15	MAE 0.324731115211 0.139552980012
397.91/126.15	MSE 0.160927068662 0.160927068662
397.91/126.15	Mean tau 0.313388481406 0.418518287603
397.91/126.15	(0.2631578947368421, '1_class_probability_max')
397.91/126.15	(0.8771929824561403, '0_class_probability_max')
397.91/126.15	(2.1228070175438596, '0_skewness_min')
397.91/126.15	(2.9473684210526314, '1_skewness_min')
397.91/126.15	(5.982456140350878, '0_landmark_decision_tree')
397.91/126.15	(6.87719298245614, '0_class_entropy')
397.91/126.15	(7.43859649122807, '0_class_probability_std')
397.91/126.15	(7.508771929824562, '1_class_entropy')
397.91/126.15	(8.175438596491228, '1_class_probability_std')
397.91/126.15	(10.280701754385966, '1_landmark_naive_bayes')
397.91/126.15	(10.456140350877194, '1_landmark_decision_tree')
397.91/126.15	(11.175438596491228, '0_landmark_naive_bayes')
397.91/126.15	(11.280701754385966, '1_landmark_random_node_learner')
397.91/126.15	(11.298245614035087, '0_landmark_random_node_learner')
397.91/126.15	(17.45614035087719, '1_landmark_1NN')
397.91/126.15	(19.43859649122807, '0_pca_skewness_first_pc')
397.91/126.15	(20.31578947368421, '1_pca_skewness_first_pc')
397.91/126.15	(21.45614035087719, '0_landmark_1NN')
397.91/126.15	(22.719298245614034, '1_log_number_of_features')
397.91/126.15	(23.43859649122807, '1_skewness_max')
397.91/126.15	(23.912280701754387, '0_landmark_lda')
397.91/126.15	(24.43859649122807, '1_number_of_features')
397.91/126.15	(24.473684210526315, '1_skewness_std')
397.91/126.15	(25.0, '0_log_number_of_features')
397.91/126.15	(25.385964912280702, '0_skewness_max')
397.91/126.15	(25.403508771929825, '0_number_of_features')
397.91/126.15	(25.68421052631579, '1_landmark_lda')
397.91/126.15	(26.035087719298247, '0_kurtosis_min')
397.91/126.15	(26.157894736842106, '0_skewness_std')
397.91/126.15	(26.42105263157895, '1_kurtosis_std')
397.91/126.15	(27.035087719298247, '1_kurtosis_min')
397.91/126.15	(28.42105263157895, '0_kurtosis_std')
397.91/126.15	(33.21052631578947, '1_symbols_sum')
397.91/126.15	(34.31578947368421, '1_number_of_numeric_features')
397.91/126.15	(35.08771929824562, '0_number_of_numeric_features')
397.91/126.15	(35.98245614035088, '0_symbols_sum')
397.91/126.15	(39.824561403508774, '1_class_probability_min')
397.91/126.15	(40.05263157894737, '1_number_of_categorical_features')
397.91/126.15	(40.719298245614034, '0_class_probability_min')
397.91/126.15	(40.719298245614034, '0_number_of_categorical_features')
397.91/126.15	(40.91228070175438, '1_kurtosis_max')
397.91/126.15	(41.526315789473685, '0_landmark_decision_node_learner')
397.91/126.15	(41.63157894736842, '1_landmark_decision_node_learner')
397.91/126.15	(42.3859649122807, '0_kurtosis_max')
397.91/126.15	(45.01754385964912, '0_pca_kurtosis_first_pc')
397.91/126.15	(46.03508771929825, '0_number_of_instances')
397.91/126.15	(46.35087719298246, '0_log_number_of_instances')
397.91/126.15	(48.21052631578947, '1_log_number_of_instances')
397.91/126.15	(48.36842105263158, '1_skewness_mean')
397.91/126.15	(48.54385964912281, '1_number_of_instances')
397.91/126.15	(50.526315789473685, '1_pca_kurtosis_first_pc')
397.91/126.15	(50.54385964912281, '1_symbols_mean')
397.91/126.15	(52.78947368421053, '0_pca_95%')
397.91/126.15	(53.10526315789474, '1_pca_95%')
397.91/126.15	(54.94736842105263, '0_skewness_mean')
397.91/126.15	(55.68421052631579, '0_symbols_mean')
397.91/126.15	(56.29824561403509, '1_dataset_ratio')
397.91/126.15	(56.40350877192982, '1_log_inverse_dataset_ratio')
397.91/126.15	(56.6140350877193, '0_inverse_dataset_ratio')
397.91/126.15	(58.03508771929825, '0_log_dataset_ratio')
397.91/126.15	(58.12280701754386, '1_log_dataset_ratio')
397.91/126.15	(58.228070175438596, '0_dataset_ratio')
397.91/126.15	(58.8421052631579, '0_log_inverse_dataset_ratio')
397.91/126.15	(59.40350877192982, '0_ratio_numerical_to_categorical')
397.91/126.15	(59.824561403508774, '1_inverse_dataset_ratio')
397.91/126.15	(59.94736842105263, '1_ratio_numerical_to_categorical')
397.91/126.15	(63.19298245614035, '0_symbols_min')
397.91/126.15	(63.280701754385966, '1_symbols_min')
397.91/126.15	(64.85964912280701, '0_kurtosis_mean')
397.91/126.15	(66.2280701754386, '1_kurtosis_mean')
397.91/126.15	(72.08771929824562, '1_symbols_max')
397.91/126.15	(74.6842105263158, '0_percentage_of_features_with_missing_values')
397.91/126.15	(74.85964912280701, '1_ratio_categorical_to_numerical')
397.91/126.15	(75.0, '0_ratio_categorical_to_numerical')
397.91/126.15	(75.21052631578948, '0_symbols_max')
397.91/126.15	(76.12280701754386, '0_number_of_classes')
397.91/126.15	(76.19298245614036, '1_percentage_of_features_with_missing_values')
397.91/126.15	(77.01754385964912, '0_percentage_of_missing_values')
397.91/126.15	(77.26315789473684, '1_number_of_classes')
397.91/126.15	(77.42105263157895, '0_symbols_std')
397.91/126.15	(77.49122807017544, '0_class_probability_mean')
397.91/126.15	(77.9298245614035, '1_class_probability_mean')
397.91/126.15	(78.12280701754386, '1_symbols_std')
397.91/126.15	(78.3859649122807, '1_percentage_of_missing_values')
397.91/126.15	(84.3859649122807, '1_percentage_of_Instances_with_missing_values')
397.91/126.15	(84.64912280701755, '1_number_of_Instances_with_missing_values')
397.91/126.15	(84.89473684210526, '0_number_of_Instances_with_missing_values')
397.91/126.15	(85.33333333333333, '0_number_of_missing_values')
397.91/126.15	(85.64912280701755, '0_percentage_of_Instances_with_missing_values')
397.91/126.15	(85.66666666666667, '0_number_of_features_with_missing_values')
397.91/126.15	(85.84210526315789, '1_number_of_missing_values')
397.91/126.15	(86.14035087719299, '1_number_of_features_with_missing_values')
397.91/126.15	Result for ParamILS: SAT, 125.146921, 1, 0.324731, -1, /home/feurerm/thesis/Software/pyMetaLearn/optimizers/metalearn_optimizer/learn_distances.py
