0.75/2.87	['/home/feurerm/thesis/Software/pyMetaLearn/optimizers/metalearn_optimizer/learn_distances.py', '--input_file', '/home/feurerm/thesis/experiments/2014_04_25_predict_distances/testfold_0-3_spearman_rank_perm.pkl', '--fold', '0', '--folds', '1', '--params', '-max_features', '0.198510236575', '-min_samples_leaf', '8', '-min_samples_split', '6', '-n_estimators', '3', '-n_jobs', '4', '-seed', '57']
0.75/2.88	Metafeatures (57, 46)
0.75/2.88	X (3192, 92)
0.75/2.89	Y (3192,)
0.75/2.89	Dataset Mae MSE Rho
0.95/3.31	vehicle 0.415698682542 0.229458667668 0.0951307868776
1.12/3.56	anneal.ORIG 0.52741985774 0.342524044203 0.137350531288
1.30/3.82	segment 0.283520279842 0.115345471423 0.560546947957
1.49/8.62	pendigits 0.366298021627 0.169266706876 0.375487950714
1.66/8.89	mushroom 0.224052376346 0.0685515818984 0.534318662228
1.85/9.15	labor 0.242411939984 0.0935670655448 0.419622764506
2.03/9.52	abalone 0.374141262655 0.187455607799 0.303473076842
2.22/9.84	diabetes 0.545498099746 0.393122631661 0.0509834769094
2.42/10.10	car 0.829528483329 0.835823748156 -0.145242495304
2.59/10.36	autos 0.277248769759 0.112868907314 0.45467345174
2.77/10.62	mfeat-fourier 0.621597213995 0.501367513444 -0.356291540201
2.96/15.71	primary-tumor 0.201254777266 0.0576260460865 0.531765205832
3.15/15.98	waveform-5000 0.274391292097 0.108214647751 0.407637650824
3.34/16.23	credit-a 0.395347666491 0.232164028556 0.320080421777
3.52/16.48	letter 0.298057671859 0.122288140461 0.389515654062
3.69/16.74	postoperative-patient-data 0.47430518403 0.287028524262 -0.149060553934
3.88/16.99	vowel 0.563154156766 0.423154591235 -0.171087963762
4.08/17.25	eucalyptus 0.39666488012 0.229135225326 0.14120594926
4.27/17.78	cylinder-bands 0.291952349362 0.116286427986 0.432872362542
4.44/18.09	ionosphere 0.385966768048 0.195184439632 0.171077889185
4.63/18.48	mfeat-karhunen 0.313007650397 0.142697859865 0.35886745556
4.84/18.77	balance-scale 0.390735253371 0.211703024311 0.292190569437
5.01/19.07	mfeat-morphological 0.397665748154 0.221802079966 0.195888713369
5.20/19.33	liver-disorders 0.258992913965 0.0990195773125 0.300834898588
5.39/19.58	dermatology 0.211757818231 0.0568214520582 0.458084280098
5.57/19.83	vote 0.127191781885 0.0265385812614 0.646292681155
5.77/20.12	breast-cancer 0.250375408342 0.0974721886677 0.0949613444303
5.95/20.61	credit-g 0.608992636315 0.568352870647 -0.225964053943
6.13/20.98	soybean 0.157754702004 0.0322466951336 0.670013948299
6.31/21.25	arrhythmia 0.300327944253 0.127542806481 0.169108374946
6.50/21.53	nursery 0.28413092346 0.10482535356 0.520103445219
6.68/22.00	hepatitis 0.370484097115 0.210044269603 -0.0706685267225
6.86/22.25	cmc 0.22482639152 0.0695905385243 0.375164533013
7.05/22.58	heart-c 0.290245798438 0.122867745101 0.522523382135
7.24/23.24	glass 0.37692011047 0.19628524333 0.158504572706
7.43/23.50	braziltourism 0.57645551656 0.421769831919 -0.144306469106
7.63/23.76	iris 0.3348386552 0.162803281555 0.160117556142
7.82/24.02	heart-statlog 0.298081085313 0.126281256999 0.533508253436
8.01/24.28	page-blocks 0.51929925276 0.398343704149 -0.0274283867578
8.22/24.90	breast-w 0.217715671783 0.0726342290507 0.424009682712
8.40/25.41	heart-h 0.195042430082 0.0552766109139 0.532860791963
8.59/25.69	yeast 0.406696316086 0.229733494731 0.162110626618
8.78/26.02	tae 0.338901332847 0.151401460347 0.0317717958477
8.98/26.28	haberman 0.425564877752 0.249549094477 -0.0926468206327
9.17/26.53	mfeat-pixel 0.384380174898 0.194043334284 0.132428882951
9.36/31.48	optdigits 0.234704276654 0.0803109774369 0.575987564416
9.56/31.75	mfeat-factors 0.312472898723 0.148157995781 0.336734317196
9.77/32.00	satimage 0.376006537061 0.191477366886 0.0577161157082
9.94/32.26	lymph 0.329221768684 0.159180184764 0.336653963008
10.13/32.52	audiology 0.289282391338 0.117337416133 0.391524667081
10.32/32.78	ecoli 0.408169783499 0.225667465164 0.106574716443
10.50/33.10	tic-tac-toe 0.220485045182 0.0752775002003 0.612993421522
10.71/33.70	spambase 0.397765718241 0.211110682255 0.473847551881
10.89/34.21	zoo 0.190634372687 0.0526535389246 0.508257256004
11.08/34.54	sonar 0.533511447775 0.377125695541 -0.165886561282
11.28/35.20	mfeat-zernike 0.341205950449 0.179485643116 0.130118757245
11.48/35.63	kr-vs-kp 0.236183930598 0.0800434259906 0.48637604745
11.48/35.64	MAE 0.352956813082 0.131635307171
11.48/35.64	MSE 0.194173833223 0.194173833223
11.48/35.64	Mean tau 0.254969992587 0.251920576792
11.48/35.64	(0.38596491228070173, '1_class_probability_max')
11.48/35.64	(4.228070175438597, '0_skewness_min')
11.48/35.64	(4.456140350877193, '0_class_probability_max')
11.48/35.64	(6.508771929824562, '0_landmark_random_node_learner')
11.48/35.64	(13.070175438596491, '1_skewness_min')
11.48/35.64	(17.29824561403509, '1_landmark_naive_bayes')
11.48/35.64	(17.614035087719298, '0_landmark_naive_bayes')
11.48/35.64	(19.12280701754386, '0_class_entropy')
11.48/35.64	(21.31578947368421, '0_class_probability_std')
11.48/35.64	(26.350877192982455, '0_landmark_decision_tree')
11.48/35.64	(27.19298245614035, '1_pca_skewness_first_pc')
11.48/35.64	(28.210526315789473, '1_log_number_of_features')
11.48/35.64	(28.43859649122807, '0_skewness_max')
11.48/35.64	(28.57894736842105, '1_class_probability_std')
11.48/35.64	(29.29824561403509, '1_landmark_lda')
11.48/35.64	(29.43859649122807, '0_symbols_mean')
11.48/35.64	(29.789473684210527, '0_landmark_1NN')
11.48/35.64	(30.087719298245613, '1_landmark_decision_tree')
11.48/35.64	(31.19298245614035, '1_number_of_features')
11.48/35.64	(31.29824561403509, '1_number_of_numeric_features')
11.48/35.64	(32.333333333333336, '0_pca_skewness_first_pc')
11.48/35.64	(32.3859649122807, '1_kurtosis_std')
11.48/35.64	(33.421052631578945, '0_landmark_lda')
11.48/35.64	(33.54385964912281, '0_number_of_features')
11.48/35.64	(33.8421052631579, '1_skewness_max')
11.48/35.64	(35.05263157894737, '0_log_number_of_features')
11.48/35.64	(35.280701754385966, '1_landmark_random_node_learner')
11.48/35.64	(36.175438596491226, '1_skewness_std')
11.48/35.64	(36.666666666666664, '1_class_entropy')
11.48/35.64	(37.68421052631579, '0_number_of_numeric_features')
11.48/35.64	(38.0, '1_class_probability_min')
11.48/35.64	(38.228070175438596, '1_landmark_1NN')
11.48/35.64	(38.59649122807018, '0_skewness_std')
11.48/35.64	(39.54385964912281, '1_log_number_of_instances')
11.48/35.64	(40.01754385964912, '0_kurtosis_max')
11.48/35.64	(40.29824561403509, '0_number_of_instances')
11.48/35.64	(40.333333333333336, '0_kurtosis_min')
11.48/35.64	(40.78947368421053, '1_kurtosis_min')
11.48/35.64	(40.98245614035088, '1_pca_kurtosis_first_pc')
11.48/35.64	(41.12280701754386, '0_log_dataset_ratio')
11.48/35.64	(41.75438596491228, '0_log_number_of_instances')
11.48/35.64	(41.94736842105263, '1_kurtosis_max')
11.48/35.64	(41.96491228070175, '1_landmark_decision_node_learner')
11.48/35.64	(42.1578947368421, '0_inverse_dataset_ratio')
11.48/35.64	(42.75438596491228, '0_class_probability_min')
11.48/35.64	(43.05263157894737, '0_kurtosis_std')
11.48/35.64	(43.54385964912281, '1_number_of_instances')
11.48/35.64	(44.31578947368421, '0_pca_95%')
11.48/35.64	(44.80701754385965, '1_symbols_sum')
11.48/35.64	(45.08771929824562, '1_log_dataset_ratio')
11.48/35.64	(45.92982456140351, '1_pca_95%')
11.48/35.64	(46.578947368421055, '1_number_of_categorical_features')
11.48/35.64	(47.1578947368421, '0_landmark_decision_node_learner')
11.48/35.64	(47.26315789473684, '1_skewness_mean')
11.48/35.64	(47.3859649122807, '1_inverse_dataset_ratio')
11.48/35.64	(47.73684210526316, '0_skewness_mean')
11.48/35.64	(49.421052631578945, '0_symbols_sum')
11.48/35.64	(50.03508771929825, '0_pca_kurtosis_first_pc')
11.48/35.64	(50.280701754385966, '1_log_inverse_dataset_ratio')
11.48/35.64	(51.175438596491226, '0_kurtosis_mean')
11.48/35.64	(51.175438596491226, '1_ratio_numerical_to_categorical')
11.48/35.64	(51.36842105263158, '1_symbols_mean')
11.48/35.64	(52.07017543859649, '1_dataset_ratio')
11.48/35.64	(52.333333333333336, '0_dataset_ratio')
11.48/35.64	(53.175438596491226, '0_log_inverse_dataset_ratio')
11.48/35.64	(53.49122807017544, '1_kurtosis_mean')
11.48/35.64	(57.40350877192982, '0_ratio_numerical_to_categorical')
11.48/35.64	(59.08771929824562, '0_number_of_classes')
11.48/35.64	(60.771929824561404, '0_symbols_max')
11.48/35.64	(61.08771929824562, '1_percentage_of_features_with_missing_values')
11.48/35.64	(61.59649122807018, '1_number_of_classes')
11.48/35.64	(62.824561403508774, '1_symbols_max')
11.48/35.64	(63.50877192982456, '0_number_of_categorical_features')
11.48/35.64	(63.666666666666664, '1_symbols_min')
11.48/35.64	(63.80701754385965, '0_class_probability_mean')
11.48/35.64	(65.01754385964912, '1_symbols_std')
11.48/35.64	(65.12280701754386, '0_ratio_categorical_to_numerical')
11.48/35.64	(65.9298245614035, '1_class_probability_mean')
11.48/35.64	(66.03508771929825, '1_ratio_categorical_to_numerical')
11.48/35.64	(67.57894736842105, '0_symbols_std')
11.48/35.64	(69.3859649122807, '0_symbols_min')
11.48/35.64	(70.08771929824562, '0_percentage_of_features_with_missing_values')
11.48/35.64	(73.89473684210526, '0_percentage_of_Instances_with_missing_values')
11.48/35.64	(74.47368421052632, '0_percentage_of_missing_values')
11.48/35.64	(75.19298245614036, '1_percentage_of_missing_values')
11.48/35.64	(75.64912280701755, '0_number_of_missing_values')
11.48/35.64	(75.6842105263158, '1_percentage_of_Instances_with_missing_values')
11.48/35.64	(77.33333333333333, '1_number_of_Instances_with_missing_values')
11.48/35.64	(77.56140350877193, '1_number_of_missing_values')
11.48/35.64	(78.33333333333333, '0_number_of_Instances_with_missing_values')
11.48/35.64	(79.28070175438596, '0_number_of_features_with_missing_values')
11.48/35.64	(79.54385964912281, '1_number_of_features_with_missing_values')
11.48/35.64	Result for ParamILS: SAT, 32.766010, 1, 0.352957, -1, /home/feurerm/thesis/Software/pyMetaLearn/optimizers/metalearn_optimizer/learn_distances.py
