0.75/8.75	['/home/feurerm/thesis/Software/pyMetaLearn/optimizers/metalearn_optimizer/learn_distances.py', '--input_file', '/home/feurerm/thesis/experiments/2014_04_25_predict_distances/testfold_0-3_spearman_rank_perm.pkl', '--fold', '0', '--folds', '1', '--params', '-max_features', '0.442736379916', '-min_samples_leaf', '8', '-min_samples_split', '8', '-n_estimators', '44', '-n_jobs', '4', '-seed', '44']
0.75/8.76	Metafeatures (57, 46)
0.75/8.76	X (3192, 92)
0.75/8.76	Y (3192,)
0.75/8.76	Dataset Mae MSE Rho
3.86/9.94	vehicle 0.435765157325 0.246192662356 -0.0446029129829
7.12/11.32	anneal.ORIG 0.530454610902 0.330331075868 0.267617477898
10.43/12.40	segment 0.285193621464 0.102877070704 0.724312521701
13.66/17.99	pendigits 0.400020683209 0.192033908832 0.258244401981
16.97/22.43	mushroom 0.214270670331 0.0559352721509 0.587594897123
20.22/23.80	labor 0.214026703332 0.0619053593525 0.712353769669
23.51/30.13	abalone 0.405220422123 0.210078847002 0.229801964716
26.88/31.23	diabetes 0.496930835797 0.345114606864 -0.119587520317
30.14/32.41	car 0.5577152285 0.420893600783 -0.0989021113969
33.40/37.69	autos 0.222756914985 0.0644635007603 0.535234955795
36.76/41.41	mfeat-fourier 0.633183003208 0.524550663546 -0.474471567094
40.03/42.49	primary-tumor 0.197147657601 0.0481890122898 0.619592639045
43.30/43.57	waveform-5000 0.251067181124 0.0864462796073 0.63769237185
46.57/46.88	credit-a 0.40921988873 0.235726822808 0.286040420217
49.88/48.06	letter 0.27318297614 0.100774991542 0.623471153218
53.28/49.66	postoperative-patient-data 0.43365733446 0.228748196772 -0.43051507314
56.62/55.71	vowel 0.514209318625 0.330019276919 -0.0284424372645
59.83/56.78	eucalyptus 0.290920875424 0.113230569355 0.477703662237
63.03/62.46	cylinder-bands 0.277902297131 0.0898556953482 0.62734966739
66.33/63.65	ionosphere 0.424065185075 0.206416497735 -0.081448797621
69.61/69.34	mfeat-karhunen 0.259616031476 0.0914804175832 0.599876858669
72.86/70.43	balance-scale 0.195245212556 0.0544508576873 0.630904972048
76.10/71.61	mfeat-morphological 0.479465921201 0.312856796895 -0.161927966699
79.40/72.83	liver-disorders 0.201751768506 0.0590788903852 0.474148357579
82.71/73.92	dermatology 0.198836779792 0.0504650110139 0.52521546085
86.03/77.21	vote 0.0765030616481 0.00937088975894 0.764390501483
89.36/80.41	breast-cancer 0.17210806722 0.0438226807865 0.295736705648
92.69/81.50	credit-g 0.511742713661 0.351602614846 -0.378801550841
95.91/82.57	soybean 0.122546800214 0.0213981194357 0.81448797621
99.17/84.26	arrhythmia 0.296039002693 0.114356821392 -0.0106659139742
102.44/88.57	nursery 0.242381438338 0.0729794515753 0.678093561146
105.61/89.64	hepatitis 0.427425938056 0.254704473097 -0.281515487015
108.85/94.97	cmc 0.161396084522 0.0334363108237 0.726574988302
112.16/96.04	heart-c 0.274999990306 0.100273017752 0.722696474129
115.49/97.71	glass 0.384814588142 0.179059583986 0.202005946481
118.83/98.82	braziltourism 0.689848299222 0.566616161949 -0.507762147074
122.18/99.92	iris 0.310206503388 0.127965902019 0.164513642814
125.48/104.40	heart-statlog 0.362389136274 0.179147529818 0.547516917341
128.92/106.47	page-blocks 0.580715682578 0.451303787851 -0.374923036668
132.20/107.56	breast-w 0.220597262817 0.0669497147069 0.52230657522
135.40/109.09	heart-h 0.161283409134 0.0342562105679 0.721403636072
138.71/114.38	yeast 0.368754661167 0.168010324485 0.424374092367
141.99/115.57	tae 0.348322222286 0.15356845525 0.0452493320117
145.27/116.68	haberman 0.277388331503 0.1019250217 0.0342602085231
148.51/118.45	mfeat-pixel 0.383827583275 0.182817336766 0.120880358374
151.85/119.63	optdigits 0.227721597334 0.0652603378343 0.728837454902
155.12/121.23	mfeat-factors 0.264072555471 0.0957920910376 0.639954838451
158.48/125.60	satimage 0.334166305099 0.140286599869 0.153201309811
161.64/126.71	lymph 0.316183022499 0.136174635251 0.368135636866
164.93/129.43	audiology 0.30109829601 0.116247382213 0.444736291772
168.24/132.75	ecoli 0.416900966247 0.222202904515 0.0943771781958
171.55/133.83	tic-tac-toe 0.210288415592 0.0655117491902 0.729160664417
174.90/137.87	spambase 0.392333557758 0.202533346566 0.63252101962
178.23/139.21	zoo 0.176183385272 0.0396461010076 0.67615430406
181.53/140.29	sonar 0.558755065161 0.389390260087 -0.405951150048
184.82/141.66	mfeat-zernike 0.242804496225 0.0814992542789 0.500005118729
188.07/142.75	kr-vs-kp 0.227623208594 0.0643037308135 0.583716382951
188.17/142.88	MAE 0.33058329696 0.13505120895
188.17/142.88	MSE 0.164816292726 0.164816292726
188.17/142.88	Mean tau 0.311454894662 0.379598690052
188.17/142.88	(0.10526315789473684, '1_class_probability_max')
188.17/142.88	(1.087719298245614, '0_class_probability_max')
188.17/142.88	(2.9298245614035086, '1_skewness_min')
188.17/142.88	(3.6315789473684212, '0_skewness_min')
188.17/142.88	(5.087719298245614, '0_landmark_decision_tree')
188.17/142.88	(6.105263157894737, '0_class_entropy')
188.17/142.88	(8.157894736842104, '0_class_probability_std')
188.17/142.88	(8.578947368421053, '1_class_entropy')
188.17/142.88	(8.842105263157896, '0_landmark_random_node_learner')
188.17/142.88	(8.947368421052632, '1_class_probability_std')
188.17/142.88	(11.403508771929825, '0_landmark_naive_bayes')
188.17/142.88	(11.491228070175438, '1_landmark_decision_tree')
188.17/142.88	(11.771929824561404, '1_landmark_naive_bayes')
188.17/142.88	(12.210526315789474, '1_landmark_random_node_learner')
188.17/142.88	(18.49122807017544, '1_skewness_std')
188.17/142.88	(19.614035087719298, '0_skewness_max')
188.17/142.88	(21.263157894736842, '0_number_of_features')
188.17/142.88	(21.43859649122807, '0_pca_skewness_first_pc')
188.17/142.88	(23.49122807017544, '1_pca_skewness_first_pc')
188.17/142.88	(23.82456140350877, '1_log_number_of_features')
188.17/142.88	(24.017543859649123, '0_log_number_of_features')
188.17/142.88	(24.280701754385966, '1_kurtosis_std')
188.17/142.88	(25.385964912280702, '0_landmark_1NN')
188.17/142.88	(25.614035087719298, '0_landmark_lda')
188.17/142.88	(25.842105263157894, '1_landmark_lda')
188.17/142.88	(25.859649122807017, '0_kurtosis_min')
188.17/142.88	(26.12280701754386, '0_skewness_std')
188.17/142.88	(26.333333333333332, '1_number_of_features')
188.17/142.88	(26.68421052631579, '1_skewness_max')
188.17/142.88	(27.912280701754387, '1_landmark_1NN')
188.17/142.88	(30.087719298245613, '1_kurtosis_min')
188.17/142.88	(32.07017543859649, '0_kurtosis_std')
188.17/142.88	(32.578947368421055, '1_number_of_numeric_features')
188.17/142.88	(35.473684210526315, '0_number_of_numeric_features')
188.17/142.88	(38.91228070175438, '0_symbols_sum')
188.17/142.88	(38.92982456140351, '0_number_of_categorical_features')
188.17/142.88	(39.1578947368421, '1_kurtosis_max')
188.17/142.88	(40.03508771929825, '1_class_probability_min')
188.17/142.88	(40.07017543859649, '0_class_probability_min')
188.17/142.88	(40.94736842105263, '1_symbols_sum')
188.17/142.88	(42.10526315789474, '0_landmark_decision_node_learner')
188.17/142.88	(42.175438596491226, '0_kurtosis_max')
188.17/142.88	(44.280701754385966, '1_landmark_decision_node_learner')
188.17/142.88	(45.0, '1_number_of_categorical_features')
188.17/142.88	(46.12280701754386, '1_pca_kurtosis_first_pc')
188.17/142.88	(46.45614035087719, '1_number_of_instances')
188.17/142.88	(46.64912280701754, '1_log_number_of_instances')
188.17/142.88	(47.03508771929825, '0_log_number_of_instances')
188.17/142.88	(48.36842105263158, '0_pca_kurtosis_first_pc')
188.17/142.88	(49.08771929824562, '0_number_of_instances')
188.17/142.88	(49.98245614035088, '1_pca_95%')
188.17/142.88	(50.01754385964912, '0_pca_95%')
188.17/142.88	(52.824561403508774, '1_symbols_mean')
188.17/142.88	(53.473684210526315, '0_ratio_numerical_to_categorical')
188.17/142.88	(53.98245614035088, '0_skewness_mean')
188.17/142.88	(54.666666666666664, '1_skewness_mean')
188.17/142.88	(55.3859649122807, '0_log_inverse_dataset_ratio')
188.17/142.88	(55.96491228070175, '0_dataset_ratio')
188.17/142.88	(56.10526315789474, '1_log_dataset_ratio')
188.17/142.88	(57.36842105263158, '1_inverse_dataset_ratio')
188.17/142.88	(57.824561403508774, '1_dataset_ratio')
188.17/142.88	(58.14035087719298, '0_log_dataset_ratio')
188.17/142.88	(58.98245614035088, '0_inverse_dataset_ratio')
188.17/142.88	(59.1578947368421, '0_symbols_mean')
188.17/142.88	(59.49122807017544, '1_log_inverse_dataset_ratio')
188.17/142.88	(60.3859649122807, '1_symbols_min')
188.17/142.88	(60.75438596491228, '1_ratio_numerical_to_categorical')
188.17/142.88	(62.63157894736842, '0_kurtosis_mean')
188.17/142.88	(62.73684210526316, '1_kurtosis_mean')
188.17/142.88	(66.43859649122807, '0_symbols_min')
188.17/142.88	(69.33333333333333, '0_symbols_max')
188.17/142.88	(72.35087719298245, '0_symbols_std')
188.17/142.88	(73.3157894736842, '0_number_of_classes')
188.17/142.88	(73.85964912280701, '0_ratio_categorical_to_numerical')
188.17/142.88	(74.24561403508773, '1_symbols_max')
188.17/142.88	(74.45614035087719, '0_percentage_of_features_with_missing_values')
188.17/142.88	(75.29824561403508, '0_percentage_of_missing_values')
188.17/142.88	(75.3157894736842, '1_ratio_categorical_to_numerical')
188.17/142.88	(75.35087719298245, '1_percentage_of_features_with_missing_values')
188.17/142.88	(76.05263157894737, '0_class_probability_mean')
188.17/142.88	(77.43859649122807, '1_class_probability_mean')
188.17/142.88	(77.73684210526316, '1_number_of_classes')
188.17/142.88	(78.0701754385965, '1_symbols_std')
188.17/142.88	(81.15789473684211, '1_percentage_of_missing_values')
188.17/142.88	(81.52631578947368, '0_number_of_Instances_with_missing_values')
188.17/142.88	(83.17543859649123, '0_number_of_missing_values')
188.17/142.88	(83.85964912280701, '0_percentage_of_Instances_with_missing_values')
188.17/142.88	(83.96491228070175, '1_number_of_missing_values')
188.17/142.88	(84.6140350877193, '0_number_of_features_with_missing_values')
188.17/142.88	(84.64912280701755, '1_percentage_of_Instances_with_missing_values')
188.17/142.88	(84.75438596491227, '1_number_of_Instances_with_missing_values')
188.17/142.88	(87.08771929824562, '1_number_of_features_with_missing_values')
188.17/142.88	Result for ParamILS: SAT, 134.132101, 1, 0.330583, -1, /home/feurerm/thesis/Software/pyMetaLearn/optimizers/metalearn_optimizer/learn_distances.py
