0.71/1.18	['/home/feurerm/thesis/Software/pyMetaLearn/optimizers/metalearn_optimizer/learn_distances.py', '--input_file', '/home/feurerm/thesis/experiments/2014_04_25_predict_distances/testfold_0-3_spearman_rank_perm.pkl', '--fold', '0', '--folds', '1', '--params', '-max_features', '0.954808387666', '-min_samples_leaf', '3', '-min_samples_split', '8', '-n_estimators', '13', '-n_jobs', '4', '-seed', '16']
0.71/1.19	Metafeatures (57, 46)
0.71/1.19	X (3192, 92)
0.71/1.19	Y (3192,)
0.71/1.19	Dataset Mae MSE Rho
2.88/2.06	vehicle 0.524593869023 0.351876323478 -0.247901697521
5.14/3.04	anneal.ORIG 0.82425032891 0.76855196198 -0.221075307828
7.35/3.93	segment 0.298593688511 0.117534734968 0.651267171454
9.58/5.18	pendigits 0.384347851189 0.183688046743 0.279253020415
11.79/6.16	mushroom 0.251912954462 0.080660789563 0.486954304398
14.02/12.25	labor 0.21104552653 0.067911175873 0.452816529631
16.29/13.14	abalone 0.391083517078 0.211779359296 0.281192277501
18.51/14.04	diabetes 0.472536688018 0.311171583159 -0.069166836075
20.73/15.11	car 0.613104155306 0.471778489745 0.0614098077301
23.00/16.02	autos 0.169168792154 0.041400376053 0.688113056092
25.30/16.95	mfeat-fourier 0.688636367452 0.617212858061 -0.515519175419
27.49/17.85	primary-tumor 0.177499641491 0.0448363069421 0.640278047965
29.73/18.77	waveform-5000 0.211661239035 0.0647864681863 0.573050468976
31.98/19.74	credit-a 0.444178202925 0.280894971071 0.15611019544
34.20/20.70	letter 0.338426373881 0.146907346888 0.411122502277
36.49/21.61	postoperative-patient-data 0.467085061219 0.276733234739 -0.208470136768
38.73/22.59	vowel 0.479570174366 0.284005302722 0.0526831508422
40.95/23.68	eucalyptus 0.255443837008 0.0885172409012 0.536527793853
43.18/24.62	cylinder-bands 0.259349423719 0.0848542628606 0.546547288798
45.42/25.58	ionosphere 0.397956372296 0.196282652327 0.0837247345353
47.68/26.63	mfeat-karhunen 0.254325705127 0.0928136025679 0.555156998211
49.91/27.57	balance-scale 0.24907820147 0.0922076081376 0.360701818036
52.14/28.60	mfeat-morphological 0.487678635754 0.315134178902 -0.187461518334
54.40/29.55	liver-disorders 0.151079320971 0.0314633108358 0.484167852525
56.65/30.45	dermatology 0.227235217352 0.0686841041118 0.456371834289
58.91/31.36	vote 0.0906343515258 0.0122807611033 0.741442625963
61.17/32.30	breast-cancer 0.106267546797 0.0177795469126 0.572727259462
63.43/33.39	credit-g 0.614050922569 0.517729234148 -0.50226758533
65.68/34.30	soybean 0.114133387751 0.018684726512 0.760835196825
67.93/35.22	arrhythmia 0.312290501432 0.129042305959 -0.16128154767
70.16/36.11	nursery 0.212265125294 0.0610975621346 0.69166836075
72.41/39.33	hepatitis 0.300863024078 0.120085848686 0.0723989312187
74.64/43.09	cmc 0.156410480742 0.0349472004294 0.622824734189
76.89/43.99	heart-c 0.222956195013 0.0739654474932 0.741119416448
79.11/44.94	glass 0.274850979892 0.102764461381 0.586302059065
81.42/46.11	braziltourism 0.674006977381 0.566018799171 -0.333875428343
83.65/47.00	iris 0.322813399946 0.13894541609 0.096316435282
85.86/47.91	heart-statlog 0.338699897474 0.166045746904 0.412610135788
88.18/48.83	page-blocks 0.682870227592 0.61913876927 -0.561091716945
90.41/49.74	breast-w 0.25233888092 0.091849773383 0.397547702674
92.61/50.65	heart-h 0.142209534662 0.0299931414051 0.675507885031
94.84/51.75	yeast 0.319148757876 0.131003729872 0.515842384933
97.07/52.65	tae 0.386626359186 0.196520399475 -0.165160061843
99.33/53.79	haberman 0.309457301539 0.144201510004 -0.0397547702674
101.60/54.75	mfeat-pixel 0.420103996018 0.220272549994 0.0898522449946
103.79/55.66	optdigits 0.195371290946 0.0539001198977 0.716774756059
106.00/56.57	mfeat-factors 0.225487229629 0.0676671378655 0.671952580373
108.23/57.61	satimage 0.39742372139 0.193153649603 0.0423404463823
110.42/58.50	lymph 0.255402604168 0.0899273612039 0.312083890406
112.61/59.44	audiology 0.263084419979 0.087237464208 0.485783900097
114.86/60.40	ecoli 0.390797372742 0.19504487421 0.190047194449
117.12/61.32	tic-tac-toe 0.154752140103 0.0335468584023 0.713000188698
119.40/62.24	spambase 0.360817050927 0.172879523479 0.566909488203
121.62/63.34	zoo 0.204017531952 0.0545234723712 0.503964714828
123.84/64.30	sonar 0.523996699376 0.345809299223 -0.208470136768
126.10/65.35	mfeat-zernike 0.249572564292 0.0950631505034 0.511640661246
128.32/66.24	kr-vs-kp 0.225571049065 0.0659741311181 0.569379360901
128.32/66.28	MAE 0.332090046798 0.161760931363
128.32/66.28	MSE 0.177873337939 0.177873337939
128.32/66.28	Mean tau 0.291172376985 0.365366685454
128.32/66.28	(0.47368421052631576, '0_class_probability_max')
128.32/66.28	(0.7894736842105263, '1_class_probability_max')
128.32/66.28	(2.245614035087719, '1_skewness_min')
128.32/66.28	(2.736842105263158, '0_skewness_min')
128.32/66.28	(5.982456140350878, '1_landmark_naive_bayes')
128.32/66.28	(6.9298245614035086, '0_landmark_naive_bayes')
128.32/66.28	(11.964912280701755, '1_landmark_lda')
128.32/66.28	(13.035087719298245, '1_pca_skewness_first_pc')
128.32/66.28	(13.175438596491228, '0_landmark_lda')
128.32/66.28	(14.807017543859649, '0_pca_skewness_first_pc')
128.32/66.28	(18.49122807017544, '1_class_probability_std')
128.32/66.28	(20.719298245614034, '1_kurtosis_min')
128.32/66.28	(21.70175438596491, '1_landmark_decision_tree')
128.32/66.28	(21.719298245614034, '0_class_probability_min')
128.32/66.28	(22.07017543859649, '0_landmark_decision_tree')
128.32/66.28	(23.473684210526315, '1_class_probability_min')
128.32/66.28	(24.789473684210527, '0_kurtosis_min')
128.32/66.28	(25.82456140350877, '1_landmark_1NN')
128.32/66.28	(26.912280701754387, '0_landmark_1NN')
128.32/66.28	(27.157894736842106, '0_kurtosis_max')
128.32/66.28	(27.42105263157895, '1_kurtosis_max')
128.32/66.28	(28.05263157894737, '1_skewness_max')
128.32/66.28	(28.54385964912281, '1_number_of_instances')
128.32/66.28	(28.912280701754387, '0_class_probability_std')
128.32/66.28	(28.982456140350877, '0_skewness_max')
128.32/66.28	(29.964912280701753, '0_number_of_instances')
128.32/66.28	(30.50877192982456, '0_number_of_numeric_features')
128.32/66.28	(30.859649122807017, '0_log_number_of_instances')
128.32/66.28	(31.68421052631579, '0_class_entropy')
128.32/66.28	(32.80701754385965, '1_number_of_numeric_features')
128.32/66.28	(32.92982456140351, '1_class_entropy')
128.32/66.28	(33.12280701754386, '1_log_number_of_instances')
128.32/66.28	(33.59649122807018, '0_skewness_mean')
128.32/66.28	(34.824561403508774, '0_log_number_of_features')
128.32/66.28	(35.24561403508772, '0_symbols_mean')
128.32/66.28	(36.21052631578947, '1_log_number_of_features')
128.32/66.28	(37.228070175438596, '1_landmark_decision_node_learner')
128.32/66.28	(37.280701754385966, '1_pca_kurtosis_first_pc')
128.32/66.28	(37.80701754385965, '1_skewness_mean')
128.32/66.28	(38.78947368421053, '1_number_of_features')
128.32/66.28	(39.59649122807018, '0_number_of_features')
128.32/66.28	(39.64912280701754, '0_landmark_decision_node_learner')
128.32/66.28	(40.40350877192982, '0_pca_95%')
128.32/66.28	(40.473684210526315, '0_pca_kurtosis_first_pc')
128.32/66.28	(42.49122807017544, '1_symbols_mean')
128.32/66.28	(43.87719298245614, '0_skewness_std')
128.32/66.28	(44.63157894736842, '1_pca_95%')
128.32/66.28	(44.666666666666664, '1_skewness_std')
128.32/66.28	(45.73684210526316, '1_inverse_dataset_ratio')
128.32/66.28	(45.92982456140351, '1_symbols_min')
128.32/66.28	(46.56140350877193, '1_log_inverse_dataset_ratio')
128.32/66.28	(47.01754385964912, '1_log_dataset_ratio')
128.32/66.28	(47.08771929824562, '0_symbols_min')
128.32/66.28	(47.91228070175438, '0_inverse_dataset_ratio')
128.32/66.28	(48.01754385964912, '0_dataset_ratio')
128.32/66.28	(48.228070175438596, '1_dataset_ratio')
128.32/66.28	(48.36842105263158, '1_landmark_random_node_learner')
128.32/66.28	(48.96491228070175, '0_landmark_random_node_learner')
128.32/66.28	(49.26315789473684, '0_log_inverse_dataset_ratio')
128.32/66.28	(49.666666666666664, '0_log_dataset_ratio')
128.32/66.28	(50.473684210526315, '1_kurtosis_std')
128.32/66.28	(50.719298245614034, '0_kurtosis_std')
128.32/66.28	(53.45614035087719, '1_ratio_numerical_to_categorical')
128.32/66.28	(54.719298245614034, '0_ratio_numerical_to_categorical')
128.32/66.28	(60.21052631578947, '1_symbols_sum')
128.32/66.28	(60.526315789473685, '0_symbols_sum')
128.32/66.28	(61.85964912280702, '0_kurtosis_mean')
128.32/66.28	(61.96491228070175, '1_kurtosis_mean')
128.32/66.28	(68.70175438596492, '1_ratio_categorical_to_numerical')
128.32/66.28	(69.91228070175438, '1_number_of_categorical_features')
128.32/66.28	(70.08771929824562, '1_number_of_classes')
128.32/66.28	(70.54385964912281, '0_number_of_categorical_features')
128.32/66.28	(71.15789473684211, '0_ratio_categorical_to_numerical')
128.32/66.28	(73.03508771929825, '1_class_probability_mean')
128.32/66.28	(74.3859649122807, '0_class_probability_mean')
128.32/66.28	(74.49122807017544, '1_symbols_max')
128.32/66.28	(74.56140350877193, '0_number_of_classes')
128.32/66.28	(75.33333333333333, '0_symbols_max')
128.32/66.28	(77.57894736842105, '1_symbols_std')
128.32/66.28	(77.85964912280701, '0_symbols_std')
128.32/66.28	(79.64912280701755, '0_number_of_Instances_with_missing_values')
128.32/66.28	(79.96491228070175, '1_number_of_Instances_with_missing_values')
128.32/66.28	(80.0, '0_percentage_of_features_with_missing_values')
128.32/66.28	(80.28070175438596, '1_percentage_of_features_with_missing_values')
128.32/66.28	(80.43859649122807, '0_percentage_of_Instances_with_missing_values')
128.32/66.28	(80.91228070175438, '1_percentage_of_Instances_with_missing_values')
128.32/66.28	(82.96491228070175, '0_number_of_missing_values')
128.32/66.28	(83.35087719298245, '0_percentage_of_missing_values')
128.32/66.28	(83.94736842105263, '1_percentage_of_missing_values')
128.32/66.28	(84.21052631578948, '1_number_of_missing_values')
128.32/66.28	(84.91228070175438, '0_number_of_features_with_missing_values')
128.32/66.28	(85.47368421052632, '1_number_of_features_with_missing_values')
128.32/66.28	Result for ParamILS: SAT, 65.101675, 1, 0.332090, -1, /home/feurerm/thesis/Software/pyMetaLearn/optimizers/metalearn_optimizer/learn_distances.py
