0.75/0.93	['/home/feurerm/thesis/Software/pyMetaLearn/optimizers/metalearn_optimizer/learn_distances.py', '--input_file', '/home/feurerm/thesis/experiments/2014_04_25_predict_distances/testfold_0-3_spearman_rank_perm.pkl', '--fold', '0', '--folds', '1', '--params', '-max_features', '0.365371602208', '-min_samples_leaf', '2', '-min_samples_split', '6', '-n_estimators', '59', '-n_jobs', '4', '-seed', '50']
0.75/0.94	Metafeatures (57, 46)
0.75/0.94	X (3192, 92)
0.75/0.94	Y (3192,)
0.75/0.94	Dataset Mae MSE Rho
4.89/2.20	vehicle 0.423848981385 0.228801543056 0.00904986640233
9.16/3.67	anneal.ORIG 0.554624047548 0.356960717553 0.108598396828
13.50/5.17	segment 0.242481695708 0.0748724401248 0.795418614862
17.85/6.98	pendigits 0.389325857189 0.181854227386 0.273112039642
22.22/8.52	mushroom 0.196686498033 0.0476638359151 0.636722743307
26.68/10.00	labor 0.185830890962 0.0483329928616 0.744997930621
30.97/11.46	abalone 0.374999292575 0.178287804332 0.366519589295
35.31/12.93	diabetes 0.490593803341 0.335554510974 -0.116355425173
39.69/14.52	car 0.528964502334 0.399842690956 -0.307372248165
43.99/16.00	autos 0.203502844358 0.0552270419518 0.580807497321
48.55/17.51	mfeat-fourier 0.691641017229 0.618895932868 -0.521660156192
52.89/18.99	primary-tumor 0.189025623237 0.0439395487663 0.640601257479
57.32/20.45	waveform-5000 0.269428728406 0.0981508690418 0.507438937559
61.78/21.91	credit-a 0.398390093888 0.227256281785 0.332259380771
66.09/23.57	letter 0.290559120646 0.108267428541 0.588241316152
70.61/25.07	postoperative-patient-data 0.450359648477 0.247598350527 -0.490955252327
74.95/26.56	vowel 0.51853304221 0.332915345579 -0.0200389898909
79.43/28.10	eucalyptus 0.284176986167 0.108729136547 0.524245832307
83.75/29.57	cylinder-bands 0.244920167097 0.0702541779015 0.694900455893
88.20/31.04	ionosphere 0.45990032719 0.245023625593 -0.190370403963
92.53/32.49	mfeat-karhunen 0.252672032672 0.0886681902161 0.622501524675
96.91/34.03	balance-scale 0.185952053102 0.0508521330671 0.681972075319
101.24/35.50	mfeat-morphological 0.496693165239 0.337627320406 -0.205238041624
105.61/36.99	liver-disorders 0.185616011691 0.051316498157 0.611835610701
110.13/38.51	dermatology 0.225952734644 0.0642391439388 0.472532310008
114.53/39.98	vote 0.0673670075205 0.00807131604122 0.803175643207
119.05/41.76	breast-cancer 0.258506140291 0.0886673057092 0.0336137894944
123.54/43.25	credit-g 0.53147716641 0.379594095299 -0.436009634884
128.00/44.77	soybean 0.116036350156 0.0186955280104 0.840667946874
132.43/46.28	arrhythmia 0.308882581041 0.119383500821 -0.137040834092
136.83/47.75	nursery 0.205213374363 0.054497736003 0.731423131017
141.24/49.46	hepatitis 0.381854148166 0.20861920623 -0.131546272348
145.66/50.96	cmc 0.182886057799 0.0429190389908 0.655145685626
150.02/52.43	heart-c 0.23965125196 0.076896816658 0.763744082454
154.45/53.99	glass 0.326884173047 0.126783821172 0.484814271554
158.85/55.48	braziltourism 0.670470743192 0.553153376996 -0.608280306043
163.26/56.96	iris 0.285269358375 0.105716356765 0.298968800791
167.59/58.42	heart-statlog 0.36445307364 0.185128240555 0.611189191672
172.07/59.88	page-blocks 0.518345476844 0.364949993091 -0.301877686421
176.51/61.44	breast-w 0.227728686157 0.070931043946 0.610219563129
180.87/62.99	heart-h 0.130691534285 0.0232997538618 0.761158406339
185.41/64.50	yeast 0.359526103906 0.158598928073 0.474794776608
189.78/65.96	tae 0.363193014545 0.168129179123 -0.0423404463823
194.25/67.44	haberman 0.292332127351 0.111744071668 -0.0365226751237
198.63/68.99	mfeat-pixel 0.388122227318 0.187006257669 0.142212186322
203.07/70.44	optdigits 0.195148875295 0.049827432716 0.764067291968
207.47/71.89	mfeat-factors 0.301869944973 0.118493703435 0.498065861643
211.87/73.38	satimage 0.389794747728 0.183075787516 0.0462189605548
216.24/74.94	lymph 0.296572135055 0.128251901722 0.347450227947
220.62/76.44	audiology 0.268910355461 0.0896638869715 0.506146099502
224.96/77.92	ecoli 0.436133906687 0.24813418941 0.0491278461841
229.31/79.43	tic-tac-toe 0.183841771328 0.0520197534891 0.729483873931
233.70/80.89	spambase 0.379119986207 0.180871096831 0.69683971298
238.08/82.35	zoo 0.17613610201 0.0429054018686 0.657408152227
242.57/83.81	sonar 0.559788737497 0.387199452769 -0.341632456688
247.04/85.44	mfeat-zernike 0.22808452371 0.077601433828 0.567555907232
251.51/86.95	kr-vs-kp 0.198589130447 0.0496652793208 0.653529638054
251.73/87.18	MAE 0.325746666282 0.13901001707
251.73/87.18	MSE 0.162484678502 0.162484678502
251.73/87.18	Mean tau 0.316342729774 0.408135188597
251.73/87.18	(0.14035087719298245, '0_class_probability_max')
251.83/87.20	(0.9824561403508771, '1_class_probability_max')
251.83/87.20	(3.192982456140351, '1_skewness_min')
251.83/87.20	(3.8596491228070176, '0_skewness_min')
251.83/87.20	(5.280701754385965, '1_landmark_random_node_learner')
251.83/87.20	(6.192982456140351, '0_landmark_decision_tree')
251.83/87.20	(6.2631578947368425, '1_class_probability_std')
251.83/87.20	(7.052631578947368, '0_class_probability_std')
251.83/87.20	(8.719298245614034, '1_class_entropy')
251.83/87.20	(9.070175438596491, '1_landmark_decision_tree')
251.83/87.20	(9.68421052631579, '0_class_entropy')
251.83/87.20	(11.105263157894736, '1_landmark_naive_bayes')
251.83/87.20	(12.035087719298245, '0_landmark_random_node_learner')
251.83/87.20	(13.070175438596491, '0_landmark_naive_bayes')
251.83/87.20	(16.157894736842106, '0_landmark_1NN')
251.83/87.20	(19.736842105263158, '1_pca_skewness_first_pc')
251.83/87.20	(20.57894736842105, '1_landmark_1NN')
251.83/87.20	(22.42105263157895, '0_pca_skewness_first_pc')
251.83/87.20	(22.49122807017544, '1_landmark_lda')
251.83/87.20	(23.54385964912281, '1_skewness_std')
251.83/87.20	(23.82456140350877, '0_landmark_lda')
251.83/87.20	(24.105263157894736, '1_number_of_features')
251.83/87.20	(24.43859649122807, '0_skewness_std')
251.83/87.20	(26.035087719298247, '1_skewness_max')
251.83/87.20	(26.263157894736842, '0_number_of_features')
251.83/87.20	(27.0, '1_log_number_of_features')
251.83/87.20	(27.771929824561404, '0_kurtosis_std')
251.83/87.20	(28.666666666666668, '0_skewness_max')
251.83/87.20	(28.719298245614034, '0_log_number_of_features')
251.83/87.20	(28.859649122807017, '1_kurtosis_min')
251.83/87.20	(28.859649122807017, '1_number_of_numeric_features')
251.83/87.20	(28.912280701754387, '0_kurtosis_min')
251.83/87.20	(31.105263157894736, '1_symbols_sum')
251.83/87.20	(31.50877192982456, '1_kurtosis_std')
251.83/87.20	(35.49122807017544, '0_number_of_numeric_features')
251.83/87.20	(37.8421052631579, '0_number_of_categorical_features')
251.83/87.20	(39.92982456140351, '0_symbols_sum')
251.83/87.20	(39.98245614035088, '0_class_probability_min')
251.83/87.20	(40.824561403508774, '1_kurtosis_max')
251.83/87.20	(40.94736842105263, '0_kurtosis_max')
251.83/87.20	(41.03508771929825, '0_landmark_decision_node_learner')
251.83/87.20	(41.824561403508774, '1_class_probability_min')
251.83/87.20	(42.21052631578947, '1_number_of_categorical_features')
251.83/87.20	(45.80701754385965, '1_landmark_decision_node_learner')
251.83/87.20	(46.36842105263158, '1_pca_kurtosis_first_pc')
251.83/87.20	(47.666666666666664, '0_pca_kurtosis_first_pc')
251.83/87.20	(48.771929824561404, '0_log_number_of_instances')
251.83/87.20	(49.6140350877193, '1_number_of_instances')
251.83/87.20	(50.280701754385966, '1_pca_95%')
251.83/87.20	(50.29824561403509, '1_skewness_mean')
251.83/87.20	(50.43859649122807, '0_pca_95%')
251.83/87.20	(51.03508771929825, '0_number_of_instances')
251.83/87.20	(51.98245614035088, '1_log_number_of_instances')
251.83/87.20	(52.70175438596491, '0_skewness_mean')
251.83/87.20	(53.666666666666664, '0_symbols_mean')
251.83/87.20	(54.56140350877193, '1_ratio_numerical_to_categorical')
251.83/87.20	(56.19298245614035, '1_log_inverse_dataset_ratio')
251.83/87.20	(57.12280701754386, '1_symbols_mean')
251.83/87.20	(57.421052631578945, '1_dataset_ratio')
251.83/87.20	(58.64912280701754, '0_inverse_dataset_ratio')
251.83/87.20	(58.771929824561404, '1_inverse_dataset_ratio')
251.83/87.20	(58.85964912280702, '0_ratio_numerical_to_categorical')
251.83/87.20	(59.50877192982456, '0_dataset_ratio')
251.83/87.20	(59.85964912280702, '0_log_dataset_ratio')
251.83/87.20	(60.05263157894737, '0_kurtosis_mean')
251.83/87.20	(60.05263157894737, '1_log_dataset_ratio')
251.83/87.20	(60.07017543859649, '0_log_inverse_dataset_ratio')
251.83/87.20	(61.36842105263158, '1_kurtosis_mean')
251.83/87.20	(61.98245614035088, '0_symbols_min')
251.83/87.20	(67.50877192982456, '1_symbols_min')
251.83/87.20	(70.66666666666667, '1_symbols_max')
251.83/87.20	(72.66666666666667, '1_ratio_categorical_to_numerical')
251.83/87.20	(73.26315789473684, '1_percentage_of_features_with_missing_values')
251.83/87.20	(73.3859649122807, '0_symbols_max')
251.83/87.20	(73.75438596491227, '0_percentage_of_features_with_missing_values')
251.83/87.20	(74.49122807017544, '0_percentage_of_missing_values')
251.83/87.20	(74.73684210526316, '0_ratio_categorical_to_numerical')
251.83/87.20	(75.29824561403508, '1_number_of_classes')
251.83/87.20	(76.0, '0_number_of_classes')
251.83/87.20	(76.7719298245614, '1_percentage_of_missing_values')
251.83/87.20	(76.9298245614035, '1_class_probability_mean')
251.83/87.20	(77.52631578947368, '1_symbols_std')
251.83/87.20	(77.6842105263158, '0_class_probability_mean')
251.83/87.20	(78.2280701754386, '0_symbols_std')
251.83/87.20	(83.49122807017544, '1_percentage_of_Instances_with_missing_values')
251.83/87.20	(83.59649122807018, '0_percentage_of_Instances_with_missing_values')
251.83/87.20	(83.89473684210526, '1_number_of_missing_values')
251.83/87.20	(84.17543859649123, '0_number_of_Instances_with_missing_values')
251.83/87.20	(84.33333333333333, '1_number_of_Instances_with_missing_values')
251.83/87.20	(84.43859649122807, '0_number_of_missing_values')
251.83/87.20	(85.3157894736842, '1_number_of_features_with_missing_values')
251.83/87.20	(87.0, '0_number_of_features_with_missing_values')
251.83/87.20	Result for ParamILS: SAT, 86.249395, 1, 0.325747, -1, /home/feurerm/thesis/Software/pyMetaLearn/optimizers/metalearn_optimizer/learn_distances.py
