0.75/0.90	['/home/feurerm/thesis/Software/pyMetaLearn/optimizers/metalearn_optimizer/learn_distances.py', '--input_file', '/home/feurerm/thesis/experiments/2014_04_25_predict_distances/testfold_0-3_spearman_rank_perm.pkl', '--fold', '0', '--folds', '1', '--params', '-max_features', '0.730665243325', '-min_samples_leaf', '7', '-min_samples_split', '8', '-n_estimators', '71', '-n_jobs', '4', '-seed', '84']
0.75/0.91	Metafeatures (57, 46)
0.75/0.91	X (3192, 92)
0.75/0.91	Y (3192,)
0.75/0.91	Dataset Mae MSE Rho
8.68/3.18	vehicle 0.475493387186 0.289324137841 -0.180027699504
17.12/5.64	anneal.ORIG 0.703664272136 0.558419440109 -0.215903955599
25.62/8.10	segment 0.275923943214 0.0963649666607 0.763097663425
34.12/10.67	pendigits 0.390772225239 0.18619141842 0.24854811655
42.61/13.14	mushroom 0.238659301786 0.0674155115873 0.531679651137
51.13/15.72	labor 0.197506417267 0.05749957136 0.557859621801
59.49/18.18	abalone 0.402461557277 0.204653198461 0.248224907035
67.88/20.64	diabetes 0.485794714512 0.332123868705 -0.282161906044
76.32/23.11	car 0.598664497312 0.46943864651 -0.0672275789888
84.73/25.57	autos 0.200157130072 0.0507951248708 0.590503782752
93.27/28.14	mfeat-fourier 0.658443565485 0.567399372213 -0.513903127847
101.62/30.60	primary-tumor 0.189546638427 0.044827272008 0.643833352623
110.04/33.06	waveform-5000 0.231621627686 0.0751656392118 0.691021941721
118.69/35.63	credit-a 0.443597343038 0.275760975702 0.176149185331
127.23/38.10	letter 0.306023155716 0.120662355496 0.533618908223
135.92/40.69	postoperative-patient-data 0.447054709747 0.245075771775 -0.316422114567
144.37/43.16	vowel 0.491611901794 0.298901743433 0.0969628543107
152.87/45.73	eucalyptus 0.286131953739 0.106283257018 0.479642919324
161.52/48.31	cylinder-bands 0.285626137277 0.0968057698861 0.53038681308
169.88/50.77	ionosphere 0.426967843161 0.211295618216 -0.171947461644
178.36/53.24	mfeat-karhunen 0.256551729425 0.0871776887614 0.655145685626
186.78/55.71	balance-scale 0.253310083546 0.0904609451138 0.307372248165
195.08/58.19	mfeat-morphological 0.497418929765 0.332525807541 -0.234650107432
203.51/60.64	liver-disorders 0.136636754829 0.0268312093696 0.582746754407
212.00/63.11	dermatology 0.211117210506 0.0554937364742 0.495156976013
220.34/65.60	vote 0.0708205686924 0.00786263001002 0.793156148262
228.82/68.07	breast-cancer 0.140993025912 0.0292770066605 0.461219977005
237.26/70.52	credit-g 0.555710082139 0.420843028578 -0.502914004358
245.81/73.00	soybean 0.113349346863 0.0175456420108 0.82709314727
254.18/75.46	arrhythmia 0.311800541077 0.119108301774 -0.176149185331
262.46/77.92	nursery 0.246385661204 0.0776448877538 0.646419028738
270.82/80.39	hepatitis 0.299722617699 0.127498470252 0.0239175040633
279.34/84.32	cmc 0.165464803233 0.0362818136306 0.658054571255
287.76/86.80	heart-c 0.238133812319 0.0744461900943 0.807700576408
296.27/89.29	glass 0.297380796714 0.110159644194 0.623794362732
305.06/91.85	braziltourism 0.692945336296 0.578617786317 -0.63252101962
313.48/94.33	iris 0.310799614303 0.130880048236 0.162251176213
321.91/96.79	heart-statlog 0.320205481781 0.133783167913 0.591473411295
330.59/99.36	page-blocks 0.624882789002 0.522450416717 -0.496449814071
339.06/101.93	breast-w 0.238659995172 0.0782211717053 0.403042264418
347.58/104.38	heart-h 0.155883592798 0.0313412982445 0.724312521701
356.08/106.88	yeast 0.342589981741 0.147445676457 0.532326070166
364.49/109.35	tae 0.366442933305 0.168489408319 0.0129283805748
373.06/111.92	haberman 0.292472244031 0.110896455279 -0.126374920118
381.54/114.38	mfeat-pixel 0.397485386331 0.196749316903 0.1102144444
389.94/116.84	optdigits 0.244742707058 0.0731237603423 0.724635731215
398.45/119.41	mfeat-factors 0.253189104389 0.0824442543861 0.703303903267
406.78/121.89	satimage 0.344313495728 0.146544469656 0.0943771781958
415.14/124.37	lymph 0.275374438051 0.114438755878 0.28927251536
423.38/126.84	audiology 0.285733441715 0.0957025487522 0.46606811972
431.84/129.41	ecoli 0.40953720685 0.211467619382 0.109244815857
440.27/131.88	tic-tac-toe 0.179754626779 0.0449036247773 0.744028302078
448.95/134.47	spambase 0.36495551729 0.175043130475 0.649004704853
457.35/136.94	zoo 0.182977241127 0.0456506001688 0.649327914367
465.85/139.40	sonar 0.545129609731 0.370030946773 -0.312543600395
474.27/141.86	mfeat-zernike 0.22268707466 0.0685131961244 0.619269429531
482.57/144.32	kr-vs-kp 0.22661933056 0.062899004196 0.591150201781
482.82/144.53	MAE 0.329963147977 0.148440238265
482.82/144.53	MSE 0.167670128398 0.167670128398
482.82/144.53	Mean tau 0.29684809275 0.405388213092
482.82/144.53	(0.19298245614035087, '1_class_probability_max')
482.82/144.53	(0.9473684210526315, '0_class_probability_max')
482.82/144.53	(2.4035087719298245, '1_skewness_min')
482.82/144.53	(2.5964912280701755, '0_skewness_min')
482.82/144.53	(6.157894736842105, '1_class_entropy')
482.82/144.53	(6.701754385964913, '0_class_entropy')
482.82/144.53	(8.666666666666666, '0_landmark_naive_bayes')
482.82/144.53	(8.894736842105264, '1_landmark_naive_bayes')
482.82/144.53	(9.403508771929825, '0_landmark_decision_tree')
482.82/144.53	(9.771929824561404, '1_landmark_decision_tree')
482.82/144.53	(10.140350877192983, '0_landmark_random_node_learner')
482.82/144.53	(12.228070175438596, '0_class_probability_std')
482.82/144.53	(14.789473684210526, '1_class_probability_std')
482.82/144.53	(15.403508771929825, '0_pca_skewness_first_pc')
482.82/144.53	(15.789473684210526, '1_pca_skewness_first_pc')
482.82/144.53	(17.035087719298247, '1_landmark_random_node_learner')
482.82/144.53	(17.228070175438596, '0_landmark_lda')
482.82/144.53	(20.57894736842105, '1_landmark_lda')
482.82/144.53	(21.05263157894737, '0_kurtosis_min')
482.82/144.53	(21.666666666666668, '1_kurtosis_min')
482.82/144.53	(25.596491228070175, '1_kurtosis_std')
482.82/144.53	(26.54385964912281, '0_kurtosis_std')
482.82/144.53	(27.24561403508772, '0_skewness_max')
482.82/144.53	(27.403508771929825, '1_landmark_1NN')
482.82/144.53	(27.842105263157894, '0_landmark_1NN')
482.82/144.53	(29.210526315789473, '1_skewness_max')
482.82/144.53	(30.771929824561404, '1_number_of_features')
482.82/144.53	(31.473684210526315, '0_log_number_of_features')
482.82/144.53	(32.333333333333336, '0_class_probability_min')
482.82/144.53	(32.473684210526315, '1_skewness_std')
482.82/144.53	(32.87719298245614, '0_number_of_features')
482.82/144.53	(33.36842105263158, '1_number_of_numeric_features')
482.82/144.53	(33.49122807017544, '0_number_of_numeric_features')
482.82/144.53	(33.50877192982456, '1_class_probability_min')
482.82/144.53	(33.94736842105263, '0_skewness_std')
482.82/144.53	(34.0, '1_log_number_of_features')
482.82/144.53	(35.59649122807018, '0_kurtosis_max')
482.82/144.53	(35.73684210526316, '1_kurtosis_max')
482.82/144.53	(38.08771929824562, '1_number_of_instances')
482.82/144.53	(38.12280701754386, '1_log_number_of_instances')
482.82/144.53	(39.08771929824562, '0_log_number_of_instances')
482.82/144.53	(40.333333333333336, '1_skewness_mean')
482.82/144.53	(40.45614035087719, '0_skewness_mean')
482.82/144.53	(40.68421052631579, '0_number_of_instances')
482.82/144.53	(44.75438596491228, '0_landmark_decision_node_learner')
482.82/144.53	(45.10526315789474, '1_landmark_decision_node_learner')
482.82/144.53	(45.26315789473684, '0_pca_kurtosis_first_pc')
482.82/144.53	(45.54385964912281, '1_pca_kurtosis_first_pc')
482.82/144.53	(46.43859649122807, '1_symbols_mean')
482.82/144.53	(48.85964912280702, '0_symbols_sum')
482.82/144.53	(50.43859649122807, '0_symbols_mean')
482.82/144.53	(50.50877192982456, '0_pca_95%')
482.82/144.53	(50.89473684210526, '1_pca_95%')
482.82/144.53	(51.280701754385966, '1_symbols_sum')
482.82/144.53	(54.05263157894737, '0_inverse_dataset_ratio')
482.82/144.53	(54.19298245614035, '1_log_dataset_ratio')
482.82/144.53	(55.333333333333336, '0_number_of_categorical_features')
482.82/144.53	(55.473684210526315, '1_log_inverse_dataset_ratio')
482.82/144.53	(55.54385964912281, '1_symbols_min')
482.82/144.53	(56.280701754385966, '0_log_inverse_dataset_ratio')
482.82/144.53	(56.31578947368421, '0_symbols_min')
482.82/144.53	(56.85964912280702, '1_dataset_ratio')
482.82/144.53	(57.36842105263158, '0_log_dataset_ratio')
482.82/144.53	(57.36842105263158, '1_number_of_categorical_features')
482.82/144.53	(57.6140350877193, '0_dataset_ratio')
482.82/144.53	(57.68421052631579, '1_inverse_dataset_ratio')
482.82/144.53	(59.85964912280702, '0_ratio_numerical_to_categorical')
482.82/144.53	(62.98245614035088, '1_ratio_numerical_to_categorical')
482.82/144.53	(66.10526315789474, '1_kurtosis_mean')
482.82/144.53	(66.52631578947368, '0_kurtosis_mean')
482.82/144.53	(72.98245614035088, '0_class_probability_mean')
482.82/144.53	(73.26315789473684, '0_ratio_categorical_to_numerical')
482.82/144.53	(73.36842105263158, '0_number_of_classes')
482.82/144.53	(74.82456140350877, '1_ratio_categorical_to_numerical')
482.82/144.53	(74.94736842105263, '1_number_of_classes')
482.82/144.53	(75.24561403508773, '0_symbols_max')
482.82/144.53	(75.84210526315789, '1_class_probability_mean')
482.82/144.53	(76.70175438596492, '0_symbols_std')
482.82/144.53	(77.73684210526316, '1_symbols_max')
482.82/144.53	(78.0701754385965, '1_percentage_of_features_with_missing_values')
482.82/144.53	(78.94736842105263, '0_percentage_of_features_with_missing_values')
482.82/144.53	(78.96491228070175, '1_symbols_std')
482.82/144.53	(82.01754385964912, '0_percentage_of_missing_values')
482.82/144.53	(83.12280701754386, '1_percentage_of_Instances_with_missing_values')
482.82/144.53	(83.33333333333333, '1_number_of_Instances_with_missing_values')
482.82/144.53	(83.35087719298245, '0_number_of_Instances_with_missing_values')
482.82/144.53	(83.45614035087719, '1_percentage_of_missing_values')
482.82/144.53	(83.70175438596492, '0_percentage_of_Instances_with_missing_values')
482.82/144.53	(84.66666666666667, '0_number_of_missing_values')
482.82/144.53	(85.64912280701755, '1_number_of_missing_values')
482.82/144.53	(87.47368421052632, '0_number_of_features_with_missing_values')
482.82/144.53	(87.84210526315789, '1_number_of_features_with_missing_values')
482.82/144.53	Result for ParamILS: SAT, 143.635899, 1, 0.329963, -1, /home/feurerm/thesis/Software/pyMetaLearn/optimizers/metalearn_optimizer/learn_distances.py
