0.72/6.95	['/home/feurerm/thesis/Software/pyMetaLearn/optimizers/metalearn_optimizer/learn_distances.py', '--input_file', '/home/feurerm/thesis/experiments/2014_04_25_predict_distances/testfold_0-3_spearman_rank_perm.pkl', '--fold', '0', '--folds', '1', '--params', '-max_features', '0.434728723475', '-min_samples_leaf', '8', '-min_samples_split', '3', '-n_estimators', '14', '-n_jobs', '4', '-seed', '88']
0.72/6.96	Metafeatures (57, 46)
0.72/6.96	X (3192, 92)
0.72/6.96	Y (3192,)
0.72/6.96	Dataset Mae MSE Rho
1.74/7.69	vehicle 0.414859887278 0.224703352711 0.0533295698709
2.80/8.19	anneal.ORIG 0.619306221792 0.443572264936 0.0290888562932
3.88/11.31	segment 0.304108225998 0.121899082443 0.613128448758
4.93/14.53	pendigits 0.407436133545 0.200461860612 0.286363629731
5.98/15.02	mushroom 0.203359457055 0.0520627957638 0.606341048956
7.08/15.51	labor 0.234564106848 0.0729957002913 0.677770351632
8.16/16.34	abalone 0.405745576157 0.205881500136 0.222368145886
9.22/16.83	diabetes 0.520933270919 0.368879398501 -0.069166836075
10.26/17.39	car 0.558709789171 0.427773434497 -0.157079823983
11.30/17.88	autos 0.201427288428 0.0530773715256 0.691991570264
12.42/18.40	mfeat-fourier 0.665399657252 0.576925279557 -0.479642919324
13.44/19.39	primary-tumor 0.206234073201 0.0547988540964 0.564647021603
14.51/20.13	waveform-5000 0.277594512446 0.104841723164 0.465421700691
15.56/24.59	credit-a 0.383148571722 0.206605787537 0.37136773201
16.60/25.11	letter 0.295914889107 0.11589769022 0.561414926459
17.75/25.61	postoperative-patient-data 0.424360299916 0.215205861128 -0.251457002179
18.77/26.13	vowel 0.49211913346 0.299153202574 0.0387851417243
19.83/26.65	eucalyptus 0.311106613476 0.128085362713 0.374923036668
20.87/27.13	cylinder-bands 0.298821027316 0.107828701726 0.493217718927
21.92/27.67	ionosphere 0.440357389414 0.223827483937 -0.0804791690779
22.97/28.33	mfeat-karhunen 0.291691898451 0.11603339975 0.480289338352
24.03/28.83	balance-scale 0.191162587724 0.0534249855355 0.597291182554
25.06/29.55	mfeat-morphological 0.467199579229 0.290444287743 -0.163544014271
26.10/30.08	liver-disorders 0.242280274541 0.088599570155 0.280545858472
27.15/30.57	dermatology 0.203956763985 0.0536640367045 0.519720899105
28.20/31.11	vote 0.0768607686468 0.00961393382575 0.761158406339
29.28/31.64	breast-cancer 0.156875425474 0.0382063856086 0.224307402972
30.35/32.16	credit-g 0.548351582696 0.419425512082 -0.454432577203
31.42/32.67	soybean 0.141247056967 0.0287491508756 0.769561853713
32.48/33.24	arrhythmia 0.288393504129 0.105701025923 0.0248871326064
33.55/33.82	nursery 0.250044320188 0.0808604082185 0.618299800988
34.63/34.57	hepatitis 0.359472389145 0.188725915115 -0.139626510207
35.70/35.07	cmc 0.191181685136 0.049513677575 0.558182831315
36.82/35.58	heart-c 0.291785369232 0.113279694724 0.620562267589
37.94/36.44	glass 0.351663679889 0.154751871615 0.303816943507
39.02/36.96	braziltourism 0.708974385931 0.604948625172 -0.46380565312
40.14/37.46	iris 0.307942865676 0.129735143524 0.173886718731
41.21/37.95	heart-statlog 0.354711021877 0.173204720625 0.435363215855
42.31/38.52	page-blocks 0.452346315292 0.276117172204 -0.0103427044598
43.36/39.04	breast-w 0.211529151597 0.0692164150701 0.587594897123
44.40/39.53	heart-h 0.169566875388 0.0387372464588 0.646095819224
45.47/40.15	yeast 0.409710128209 0.206142014327 0.143828233894
46.54/45.24	tae 0.354727534866 0.157799235172 -0.00614098077301
47.62/45.73	haberman 0.286955000261 0.111556985938 -0.0381387226955
48.69/46.25	mfeat-pixel 0.386037866246 0.186069940558 0.135747996035
49.77/46.92	optdigits 0.19265660712 0.0503842869349 0.741340655253
50.89/47.61	mfeat-factors 0.277837855663 0.105106048504 0.601169696726
51.98/48.13	satimage 0.344045505359 0.149003505135 0.166129690386
53.06/48.73	lymph 0.255179847979 0.103092140514 0.33807715203
54.12/49.44	audiology 0.292611819401 0.107835541514 0.425020511395
55.19/49.95	ecoli 0.42661180056 0.239752864454 0.0581777125864
56.28/50.61	tic-tac-toe 0.199098569385 0.0604538752475 0.698132551037
57.34/55.61	spambase 0.382100780212 0.18734994511 0.542345565111
58.41/56.10	zoo 0.194177825835 0.0510282876671 0.582746754407
59.47/56.77	sonar 0.55058267971 0.376021068273 -0.311897181366
60.51/57.31	mfeat-zernike 0.247967221724 0.086621497677 0.466714538749
61.60/57.82	kr-vs-kp 0.216627713686 0.0599967581707 0.598260811097
61.60/57.86	MAE 0.332274954069 0.135300371966
61.60/57.86	MSE 0.167116559329 0.167116559329
61.60/57.86	Mean tau 0.289888793717 0.339818733522
61.60/57.86	(0.10526315789473684, '1_class_probability_max')
61.60/57.86	(1.0526315789473684, '0_class_probability_max')
61.60/57.86	(2.56140350877193, '1_skewness_min')
61.60/57.86	(3.3157894736842106, '0_skewness_min')
61.60/57.86	(5.578947368421052, '0_landmark_decision_tree')
61.60/57.86	(6.017543859649122, '0_class_probability_std')
61.60/57.86	(12.421052631578947, '0_class_entropy')
61.60/57.86	(12.491228070175438, '0_landmark_naive_bayes')
61.60/57.86	(12.543859649122806, '1_landmark_decision_tree')
61.60/57.86	(12.56140350877193, '1_landmark_random_node_learner')
61.60/57.86	(13.24561403508772, '1_landmark_naive_bayes')
61.60/57.86	(18.736842105263158, '1_class_entropy')
61.60/57.86	(19.31578947368421, '0_landmark_random_node_learner')
61.60/57.86	(21.42105263157895, '0_skewness_max')
61.60/57.86	(22.982456140350877, '1_class_probability_std')
61.60/57.86	(23.07017543859649, '1_pca_skewness_first_pc')
61.60/57.86	(25.29824561403509, '0_landmark_1NN')
61.60/57.86	(25.333333333333332, '1_skewness_std')
61.60/57.86	(26.228070175438596, '0_pca_skewness_first_pc')
61.60/57.86	(26.54385964912281, '0_kurtosis_std')
61.60/57.86	(26.56140350877193, '1_landmark_lda')
61.60/57.86	(26.57894736842105, '0_landmark_lda')
61.60/57.86	(26.771929824561404, '1_landmark_1NN')
61.60/57.86	(30.350877192982455, '0_log_number_of_features')
61.60/57.86	(30.57894736842105, '1_skewness_max')
61.60/57.86	(30.771929824561404, '1_number_of_features')
61.60/57.86	(31.087719298245613, '0_skewness_std')
61.60/57.86	(31.80701754385965, '1_kurtosis_std')
61.60/57.86	(31.964912280701753, '0_number_of_features')
61.60/57.86	(31.964912280701753, '1_number_of_numeric_features')
61.60/57.86	(32.10526315789474, '1_log_number_of_features')
61.60/57.86	(35.03508771929825, '0_number_of_numeric_features')
61.60/57.86	(36.68421052631579, '0_class_probability_min')
61.60/57.86	(37.228070175438596, '1_class_probability_min')
61.60/57.86	(38.333333333333336, '0_kurtosis_min')
61.60/57.86	(38.50877192982456, '1_kurtosis_min')
61.60/57.86	(38.578947368421055, '1_kurtosis_max')
61.60/57.86	(38.666666666666664, '0_kurtosis_max')
61.60/57.86	(39.421052631578945, '0_landmark_decision_node_learner')
61.60/57.86	(40.3859649122807, '1_log_number_of_instances')
61.60/57.86	(41.21052631578947, '1_landmark_decision_node_learner')
61.60/57.86	(43.73684210526316, '0_log_number_of_instances')
61.60/57.86	(44.175438596491226, '0_number_of_instances')
61.60/57.86	(46.56140350877193, '0_pca_95%')
61.60/57.86	(46.666666666666664, '1_symbols_sum')
61.60/57.86	(47.26315789473684, '1_pca_95%')
61.60/57.86	(47.280701754385966, '1_number_of_instances')
61.60/57.86	(47.824561403508774, '1_pca_kurtosis_first_pc')
61.60/57.86	(48.19298245614035, '0_symbols_sum')
61.60/57.86	(48.3859649122807, '0_number_of_categorical_features')
61.60/57.86	(49.29824561403509, '1_symbols_mean')
61.60/57.86	(49.771929824561404, '0_pca_kurtosis_first_pc')
61.60/57.86	(49.771929824561404, '1_skewness_mean')
61.60/57.86	(49.80701754385965, '0_symbols_mean')
61.60/57.86	(50.36842105263158, '0_skewness_mean')
61.60/57.86	(51.333333333333336, '0_log_inverse_dataset_ratio')
61.60/57.86	(52.07017543859649, '1_inverse_dataset_ratio')
61.60/57.86	(53.21052631578947, '1_log_dataset_ratio')
61.60/57.86	(53.24561403508772, '0_log_dataset_ratio')
61.60/57.86	(53.333333333333336, '1_log_inverse_dataset_ratio')
61.60/57.86	(53.3859649122807, '0_inverse_dataset_ratio')
61.60/57.86	(53.824561403508774, '1_number_of_categorical_features')
61.60/57.86	(53.89473684210526, '0_dataset_ratio')
61.60/57.86	(54.21052631578947, '0_kurtosis_mean')
61.60/57.86	(54.43859649122807, '1_dataset_ratio')
61.60/57.86	(55.24561403508772, '1_kurtosis_mean')
61.60/57.86	(56.0, '1_ratio_numerical_to_categorical')
61.60/57.86	(57.228070175438596, '1_symbols_min')
61.60/57.86	(59.03508771929825, '0_ratio_numerical_to_categorical')
61.60/57.86	(59.31578947368421, '0_symbols_min')
61.60/57.86	(69.82456140350877, '0_ratio_categorical_to_numerical')
61.60/57.86	(70.03508771929825, '0_symbols_max')
61.60/57.86	(70.7719298245614, '1_ratio_categorical_to_numerical')
61.60/57.86	(71.24561403508773, '0_number_of_classes')
61.60/57.86	(71.3859649122807, '0_percentage_of_features_with_missing_values')
61.60/57.86	(71.98245614035088, '1_symbols_max')
61.60/57.86	(72.2280701754386, '0_class_probability_mean')
61.60/57.86	(74.71929824561404, '1_number_of_classes')
61.60/57.86	(74.9298245614035, '1_symbols_std')
61.60/57.86	(75.0701754385965, '0_symbols_std')
61.60/57.86	(75.21052631578948, '1_class_probability_mean')
61.60/57.86	(75.59649122807018, '0_percentage_of_missing_values')
61.60/57.86	(76.2280701754386, '1_percentage_of_features_with_missing_values')
61.60/57.86	(79.54385964912281, '1_number_of_Instances_with_missing_values')
61.60/57.86	(80.35087719298245, '1_percentage_of_missing_values')
61.60/57.86	(81.2280701754386, '0_number_of_missing_values')
61.60/57.86	(81.66666666666667, '0_number_of_Instances_with_missing_values')
61.60/57.86	(82.6140350877193, '1_percentage_of_Instances_with_missing_values')
61.60/57.86	(82.66666666666667, '0_percentage_of_Instances_with_missing_values')
61.60/57.86	(83.87719298245614, '1_number_of_missing_values')
61.60/57.86	(84.59649122807018, '0_number_of_features_with_missing_values')
61.60/57.86	(85.9298245614035, '1_number_of_features_with_missing_values')
61.60/57.86	Result for ParamILS: SAT, 50.912552, 1, 0.332275, -1, /home/feurerm/thesis/Software/pyMetaLearn/optimizers/metalearn_optimizer/learn_distances.py
