0.81/7.63	['/home/feurerm/thesis/Software/pyMetaLearn/optimizers/metalearn_optimizer/learn_distances.py', '--input_file', '/home/feurerm/thesis/experiments/2014_04_25_predict_distances/testfold_0-3_spearman_rank_perm.pkl', '--fold', '0', '--folds', '1', '--params', '-max_features', '0.311255543515', '-min_samples_leaf', '9', '-min_samples_split', '4', '-n_estimators', '85', '-n_jobs', '4', '-seed', '44']
0.81/7.64	Metafeatures (57, 46)
0.81/7.64	X (3192, 92)
0.81/7.64	Y (3192,)
0.81/7.64	Dataset Mae MSE Rho
4.90/8.90	vehicle 0.397941378933 0.20207530511 0.110860863429
9.41/11.53	anneal.ORIG 0.564458182596 0.368323403829 0.259860449553
13.88/14.95	segment 0.296252319037 0.111201575591 0.685204170462
18.32/16.49	pendigits 0.391029997717 0.183837171212 0.315775695539
22.83/18.25	mushroom 0.217713190806 0.0572080578642 0.596321554011
27.46/19.81	labor 0.195175983626 0.0526902259414 0.754371006537
31.87/21.64	abalone 0.414306716773 0.216508378129 0.164513642814
36.40/23.43	diabetes 0.489453020154 0.331815508571 -0.0943771781958
40.98/25.00	car 0.46924967153 0.324613542866 0.211379022397
45.39/26.80	autos 0.224458768444 0.0648307116481 0.617006962931
49.82/28.29	mfeat-fourier 0.62609626667 0.510526054912 -0.461219977005
54.24/29.81	primary-tumor 0.209781918399 0.0537937102185 0.582746754407
58.70/31.33	waveform-5000 0.26884767801 0.0968549924673 0.516488803962
63.13/35.31	credit-a 0.412989868687 0.24018181836 0.221398517343
67.70/39.40	letter 0.271686814623 0.0991915121776 0.689729103664
72.22/40.99	postoperative-patient-data 0.43067369194 0.226577533829 -0.457018253318
76.69/42.56	vowel 0.512975098738 0.329707768617 -0.0164836852328
81.10/44.25	eucalyptus 0.299035496444 0.117423132288 0.468330586321
85.52/45.93	cylinder-bands 0.291510638288 0.0987491020688 0.538467050939
89.99/47.46	ionosphere 0.423562928553 0.206992039353 -0.0530063603565
94.43/48.99	mfeat-karhunen 0.275435484844 0.0998610570369 0.586948478094
98.90/50.52	balance-scale 0.195626878566 0.0556671602401 0.633813857678
103.31/52.10	mfeat-morphological 0.456474457228 0.275937968549 -0.157403033498
107.76/53.95	liver-disorders 0.213146792351 0.0637581733816 0.580807497321
112.17/55.46	dermatology 0.196671474342 0.0503420284509 0.533295698709
116.65/56.98	vote 0.0724689817498 0.00868283004418 0.809963043009
121.07/58.72	breast-cancer 0.227609526336 0.0724417665969 -0.0555920364715
125.66/63.83	credit-g 0.49216754125 0.324852344007 -0.461219977005
130.11/69.37	soybean 0.125644836944 0.0213703319206 0.848101765704
134.58/70.86	arrhythmia 0.287571459346 0.107039233447 0.00549456174427
139.03/72.38	nursery 0.261786672777 0.0865129156444 0.617006962931
143.42/76.98	hepatitis 0.43376348224 0.25834235833 -0.297999172248
147.87/78.48	cmc 0.16731728386 0.0351769933862 0.736271273733
152.31/80.01	heart-c 0.298455279757 0.115545009094 0.619269429531
156.82/84.91	glass 0.378045111883 0.172998737548 0.253396259265
161.37/87.20	braziltourism 0.652699143025 0.506657462003 -0.54816333637
165.80/89.17	iris 0.311431211993 0.130945952601 0.17905807096
170.20/90.70	heart-statlog 0.36853962124 0.181996246193 0.510024613674
174.91/92.36	page-blocks 0.53484947466 0.384095323322 -0.382680065013
179.43/93.88	breast-w 0.23766823933 0.0746534385687 0.47123947195
183.91/95.41	heart-h 0.186779184478 0.0435802461218 0.694254036865
188.42/101.26	yeast 0.377330567041 0.17479161424 0.448938015459
192.82/103.75	tae 0.343171690302 0.149064036644 0.0284424372645
197.30/107.77	haberman 0.284487564253 0.104824853565 -0.0404011892961
201.79/110.57	mfeat-pixel 0.381250227982 0.179281345175 0.148029957581
206.33/112.25	optdigits 0.251194101918 0.0784444949469 0.697486132008
210.72/113.75	mfeat-factors 0.26443731744 0.0931902538873 0.68875947512
215.13/117.68	satimage 0.348144581347 0.14791756391 0.107951977799
219.56/119.28	lymph 0.289142098486 0.120987370874 0.356176884835
223.98/121.99	audiology 0.286507157228 0.102036631045 0.507438937559
228.42/123.72	ecoli 0.430194827234 0.234635744107 0.0187461518334
232.86/125.37	tic-tac-toe 0.19333739334 0.0552380832536 0.690052313178
237.36/127.12	spambase 0.380402346732 0.184185790427 0.758895939739
241.89/129.10	zoo 0.178047958972 0.042337737581 0.690375522692
246.29/130.60	sonar 0.539530279401 0.362385776178 -0.357469722892
250.75/132.10	mfeat-zernike 0.244493384866 0.0830870853299 0.489985623783
255.36/138.00	kr-vs-kp 0.228694978081 0.0644717043508 0.578868240235
255.56/138.24	MAE 0.329854706014 0.125926245633
255.56/138.24	MSE 0.16035858258 0.16035858258
255.56/138.24	Mean tau 0.309447593468 0.382583623264
255.56/138.24	(0.3684210526315789, '1_class_probability_max')
255.56/138.24	(0.7192982456140351, '0_class_probability_max')
255.56/138.24	(3.473684210526316, '1_skewness_min')
255.56/138.24	(4.649122807017544, '0_skewness_min')
255.56/138.24	(5.719298245614035, '0_class_entropy')
255.56/138.24	(6.087719298245614, '0_landmark_decision_tree')
255.56/138.24	(6.771929824561403, '1_class_entropy')
255.56/138.24	(7.245614035087719, '1_landmark_random_node_learner')
255.56/138.24	(8.421052631578947, '0_class_probability_std')
255.56/138.24	(8.771929824561404, '1_landmark_decision_tree')
255.56/138.24	(9.614035087719298, '0_landmark_random_node_learner')
255.56/138.24	(9.859649122807017, '1_class_probability_std')
255.56/138.24	(11.56140350877193, '1_landmark_naive_bayes')
255.56/138.24	(11.771929824561404, '0_landmark_naive_bayes')
255.56/138.24	(13.298245614035087, '1_landmark_1NN')
255.56/138.24	(17.614035087719298, '0_landmark_1NN')
255.56/138.24	(19.666666666666668, '0_number_of_features')
255.56/138.24	(21.859649122807017, '1_pca_skewness_first_pc')
255.56/138.24	(22.0, '0_log_number_of_features')
255.56/138.24	(22.473684210526315, '1_log_number_of_features')
255.56/138.24	(22.50877192982456, '0_skewness_std')
255.56/138.24	(22.87719298245614, '0_landmark_lda')
255.56/138.24	(23.19298245614035, '0_pca_skewness_first_pc')
255.56/138.24	(23.29824561403509, '1_skewness_std')
255.56/138.24	(23.42105263157895, '1_landmark_lda')
255.56/138.24	(24.80701754385965, '1_number_of_features')
255.56/138.24	(26.473684210526315, '0_skewness_max')
255.56/138.24	(29.56140350877193, '0_kurtosis_std')
255.56/138.24	(29.70175438596491, '1_kurtosis_min')
255.56/138.24	(30.017543859649123, '0_kurtosis_min')
255.56/138.24	(30.473684210526315, '1_number_of_numeric_features')
255.56/138.24	(31.385964912280702, '1_skewness_max')
255.56/138.24	(31.526315789473685, '1_number_of_categorical_features')
255.56/138.24	(34.19298245614035, '1_kurtosis_std')
255.56/138.24	(34.333333333333336, '0_symbols_sum')
255.56/138.24	(34.98245614035088, '0_number_of_numeric_features')
255.56/138.24	(35.29824561403509, '1_symbols_sum')
255.56/138.24	(39.29824561403509, '0_landmark_decision_node_learner')
255.56/138.24	(39.70175438596491, '0_number_of_categorical_features')
255.56/138.24	(40.78947368421053, '1_landmark_decision_node_learner')
255.56/138.24	(42.1578947368421, '0_kurtosis_max')
255.56/138.24	(42.719298245614034, '1_class_probability_min')
255.56/138.24	(43.87719298245614, '0_class_probability_min')
255.56/138.24	(44.21052631578947, '1_kurtosis_max')
255.56/138.24	(44.56140350877193, '0_pca_kurtosis_first_pc')
255.56/138.24	(45.75438596491228, '1_pca_kurtosis_first_pc')
255.56/138.24	(50.36842105263158, '1_pca_95%')
255.56/138.24	(50.54385964912281, '1_log_number_of_instances')
255.56/138.24	(50.63157894736842, '1_number_of_instances')
255.56/138.24	(50.666666666666664, '0_pca_95%')
255.56/138.24	(51.21052631578947, '0_number_of_instances')
255.56/138.24	(52.6140350877193, '0_log_number_of_instances')
255.56/138.24	(54.0, '0_skewness_mean')
255.56/138.24	(55.92982456140351, '1_skewness_mean')
255.56/138.24	(56.175438596491226, '0_ratio_numerical_to_categorical')
255.56/138.24	(56.92982456140351, '1_symbols_mean')
255.56/138.24	(57.07017543859649, '1_log_inverse_dataset_ratio')
255.56/138.24	(57.3859649122807, '1_inverse_dataset_ratio')
255.56/138.24	(57.473684210526315, '0_symbols_mean')
255.56/138.24	(58.98245614035088, '1_ratio_numerical_to_categorical')
255.56/138.24	(59.43859649122807, '0_dataset_ratio')
255.56/138.24	(59.45614035087719, '0_log_inverse_dataset_ratio')
255.56/138.24	(59.89473684210526, '0_log_dataset_ratio')
255.56/138.24	(60.1578947368421, '1_log_dataset_ratio')
255.56/138.24	(60.19298245614035, '0_inverse_dataset_ratio')
255.56/138.24	(61.333333333333336, '1_dataset_ratio')
255.56/138.24	(62.719298245614034, '0_kurtosis_mean')
255.56/138.24	(63.19298245614035, '1_kurtosis_mean')
255.56/138.24	(64.12280701754386, '0_symbols_max')
255.56/138.24	(67.43859649122807, '1_symbols_min')
255.56/138.24	(70.0, '0_symbols_min')
255.56/138.24	(70.35087719298245, '0_symbols_std')
255.56/138.24	(71.2280701754386, '1_percentage_of_features_with_missing_values')
255.56/138.24	(72.78947368421052, '0_percentage_of_features_with_missing_values')
255.56/138.24	(72.91228070175438, '1_symbols_max')
255.56/138.24	(73.45614035087719, '1_ratio_categorical_to_numerical')
255.56/138.24	(74.10526315789474, '0_ratio_categorical_to_numerical')
255.56/138.24	(74.49122807017544, '0_percentage_of_missing_values')
255.56/138.24	(75.7719298245614, '1_percentage_of_missing_values')
255.56/138.24	(76.33333333333333, '0_number_of_classes')
255.56/138.24	(76.96491228070175, '0_class_probability_mean')
255.56/138.24	(78.05263157894737, '1_number_of_classes')
255.56/138.24	(79.01754385964912, '1_class_probability_mean')
255.56/138.24	(79.71929824561404, '1_symbols_std')
255.56/138.24	(83.12280701754386, '0_number_of_Instances_with_missing_values')
255.56/138.24	(83.40350877192982, '0_percentage_of_Instances_with_missing_values')
255.56/138.24	(84.10526315789474, '0_number_of_features_with_missing_values')
255.56/138.24	(84.9298245614035, '0_number_of_missing_values')
255.56/138.24	(85.49122807017544, '1_percentage_of_Instances_with_missing_values')
255.56/138.24	(85.91228070175438, '1_number_of_Instances_with_missing_values')
255.56/138.24	(86.3157894736842, '1_number_of_features_with_missing_values')
255.56/138.24	(86.52631578947368, '1_number_of_missing_values')
255.56/138.24	Result for ParamILS: SAT, 130.618225, 1, 0.329855, -1, /home/feurerm/thesis/Software/pyMetaLearn/optimizers/metalearn_optimizer/learn_distances.py
