0.65/0.88	['/home/feurerm/thesis/Software/pyMetaLearn/optimizers/metalearn_optimizer/learn_distances.py', '--input_file', '/home/feurerm/thesis/experiments/2014_04_25_predict_distances/testfold_0-3_spearman_rank_perm.pkl', '--fold', '0', '--folds', '1', '--params', '-max_features', '0.965159657203', '-min_samples_leaf', '8', '-min_samples_split', '9', '-n_estimators', '3', '-n_jobs', '4', '-seed', '17']
0.65/0.89	Metafeatures (57, 46)
0.65/0.89	X (3192, 92)
0.65/0.89	Y (3192,)
0.65/0.89	Dataset Mae MSE Rho
1.21/1.24	vehicle 0.513194346338 0.361177919166 -0.170024485513
1.73/1.59	anneal.ORIG 0.824559093384 0.801978507216 -0.293817782167
2.25/1.94	segment 0.369971999835 0.182828294551 0.319095522127
2.76/2.29	pendigits 0.387035824212 0.197587759498 0.277058203508
3.29/2.64	mushroom 0.240740456736 0.0820470208151 0.496804907259
3.81/3.00	labor 0.250258904572 0.0816825162871 0.312313912921
4.31/3.34	abalone 0.400464425453 0.247259022298 0.13868807699
4.81/3.69	diabetes 0.554454791438 0.408187310572 -0.133096301567
5.32/4.04	car 0.475763452113 0.313589376655 0.030141029898
5.82/4.39	autos 0.172136306006 0.0433774477178 0.584671160602
6.35/4.77	mfeat-fourier 0.686161592845 0.631930217234 -0.486130902918
6.85/5.13	primary-tumor 0.190449637225 0.0526377630194 0.572518224768
7.35/5.47	waveform-5000 0.303530439148 0.119089572978 0.465576927446
7.88/5.82	credit-a 0.451230696794 0.283509419482 0.158278786798
8.40/6.17	letter 0.329080394236 0.145748142514 0.404604094061
8.94/6.52	postoperative-patient-data 0.419125873532 0.230775305926 -0.0558570761833
9.46/6.87	vowel 0.463195339597 0.275711951407 0.124209582204
9.97/7.22	eucalyptus 0.258275303216 0.0967237672221 0.460642583705
10.49/7.58	cylinder-bands 0.320974990635 0.134288942228 0.372338867816
10.99/7.93	ionosphere 0.398883264418 0.240291337659 0.1636415468
11.50/8.28	mfeat-karhunen 0.273825971039 0.113346911589 0.454996947614
12.02/8.64	balance-scale 0.311994573202 0.134113510901 0.387301484869
12.52/8.97	mfeat-morphological 0.521072142671 0.386101217464 -0.178985815945
13.04/9.32	liver-disorders 0.213201046846 0.0584137012856 0.361649713716
13.55/9.67	dermatology 0.224345120408 0.0647751280545 0.45038214925
14.06/10.03	vote 0.0996321187132 0.0155301292263 0.740320309005
14.58/10.38	breast-cancer 0.165891152026 0.0444796200953 0.320350709238
15.10/10.73	credit-g 0.503821155876 0.358879488459 -0.0370430666498
15.61/11.08	soybean 0.143966121638 0.0300077167686 0.63168286795
16.12/11.44	arrhythmia 0.336495581716 0.148662318737 -0.1643729546
16.65/11.79	nursery 0.282851365987 0.112006960154 0.519707759861
17.14/12.14	hepatitis 0.241364841044 0.0860463726764 0.401168472932
17.65/12.49	cmc 0.198576657315 0.0539086741519 0.503197832929
18.16/12.84	heart-c 0.226471420145 0.0840401203139 0.622121373833
18.68/13.19	glass 0.345595251267 0.163874973645 0.316284929373
19.21/13.55	braziltourism 0.655125654106 0.526066355703 -0.293580391984
19.73/13.90	iris 0.357835048043 0.171173576885 0.0747576730337
20.25/14.26	heart-statlog 0.394651418689 0.221430276805 0.185527657455
20.80/14.61	page-blocks 0.883507344034 1.02795997846 -0.480992594127
21.31/14.97	breast-w 0.239388470634 0.0819108375161 0.388017339134
21.81/15.34	heart-h 0.214416122688 0.0680743436977 0.447361046482
22.33/15.69	yeast 0.343360976585 0.165529253566 0.38239832262
22.84/16.04	tae 0.262879954498 0.110125771716 0.113189571978
23.35/16.39	haberman 0.349607627868 0.174020023586 0.113140167567
23.89/16.75	mfeat-pixel 0.419057579242 0.231979327179 0.0766056043831
24.39/17.10	optdigits 0.21796585405 0.0676667029872 0.65285953573
24.93/17.46	mfeat-factors 0.210580691853 0.0635864667989 0.644212426993
25.45/17.82	satimage 0.337951666725 0.161325500923 0.15424524919
25.97/18.17	lymph 0.320318313282 0.174832565998 0.288815787336
26.49/18.53	audiology 0.259346133277 0.0900479929363 0.462386893264
27.04/18.88	ecoli 0.351868668328 0.174702560113 0.32469277183
27.54/19.24	tic-tac-toe 0.167717390398 0.0462066257527 0.67551227706
28.08/19.59	spambase 0.34099707844 0.159489802968 0.587720166325
28.59/19.94	zoo 0.245054241275 0.0961681148292 0.307395399774
29.12/20.30	sonar 0.465831999785 0.286774852973 0.0276678166256
29.64/20.65	mfeat-zernike 0.267427112599 0.10395802982 0.462561828855
30.18/21.01	kr-vs-kp 0.25614695889 0.0851929983259 0.494095231181
30.18/21.02	MAE 0.34490575363 0.155431380766
30.18/21.02	MSE 0.194260182412 0.194260182412
30.18/21.02	Mean tau 0.265947532853 0.29118534146
30.18/21.02	(0.47368421052631576, '1_class_probability_max')
30.18/21.02	(1.280701754385965, '0_class_probability_max')
30.18/21.02	(2.473684210526316, '0_skewness_min')
30.18/21.02	(2.719298245614035, '1_skewness_min')
30.18/21.02	(9.596491228070175, '1_landmark_naive_bayes')
30.18/21.02	(11.263157894736842, '0_landmark_naive_bayes')
30.18/21.02	(16.789473684210527, '0_class_entropy')
30.18/21.02	(17.859649122807017, '1_landmark_lda')
30.18/21.02	(18.29824561403509, '1_pca_skewness_first_pc')
30.18/21.02	(18.912280701754387, '0_landmark_lda')
30.18/21.02	(21.333333333333332, '0_pca_skewness_first_pc')
30.18/21.02	(21.666666666666668, '0_landmark_decision_tree')
30.18/21.02	(23.24561403508772, '0_class_probability_min')
30.18/21.02	(24.035087719298247, '1_class_probability_min')
30.18/21.02	(25.035087719298247, '1_class_probability_std')
30.18/21.02	(25.07017543859649, '1_landmark_1NN')
30.18/21.02	(26.19298245614035, '0_log_number_of_instances')
30.18/21.02	(27.035087719298247, '1_kurtosis_max')
30.18/21.02	(27.07017543859649, '1_number_of_numeric_features')
30.18/21.02	(27.614035087719298, '1_landmark_decision_tree')
30.18/21.02	(27.859649122807017, '1_number_of_instances')
30.18/21.02	(28.68421052631579, '1_log_number_of_instances')
30.18/21.02	(28.80701754385965, '0_class_probability_std')
30.18/21.02	(28.87719298245614, '0_number_of_numeric_features')
30.18/21.02	(29.05263157894737, '0_landmark_1NN')
30.18/21.02	(31.964912280701753, '0_kurtosis_min')
30.18/21.02	(33.05263157894737, '0_landmark_random_node_learner')
30.18/21.02	(33.29824561403509, '0_kurtosis_max')
30.18/21.02	(33.80701754385965, '0_pca_95%')
30.18/21.02	(33.85964912280702, '1_kurtosis_min')
30.18/21.02	(33.92982456140351, '0_number_of_instances')
30.18/21.02	(35.14035087719298, '1_skewness_max')
30.18/21.02	(36.59649122807018, '1_skewness_mean')
30.18/21.02	(38.68421052631579, '1_number_of_features')
30.18/21.02	(39.175438596491226, '0_skewness_mean')
30.18/21.02	(39.21052631578947, '0_log_number_of_features')
30.18/21.02	(39.50877192982456, '0_pca_kurtosis_first_pc')
30.18/21.02	(39.94736842105263, '1_class_entropy')
30.18/21.02	(40.03508771929825, '1_pca_95%')
30.18/21.02	(40.421052631578945, '1_symbols_mean')
30.18/21.02	(40.43859649122807, '1_landmark_random_node_learner')
30.18/21.02	(40.91228070175438, '0_skewness_max')
30.18/21.02	(41.12280701754386, '0_landmark_decision_node_learner')
30.18/21.02	(41.21052631578947, '1_pca_kurtosis_first_pc')
30.18/21.02	(41.666666666666664, '1_log_number_of_features')
30.18/21.02	(43.421052631578945, '0_number_of_features')
30.18/21.02	(43.50877192982456, '0_symbols_mean')
30.18/21.02	(44.35087719298246, '1_landmark_decision_node_learner')
30.18/21.02	(46.63157894736842, '0_inverse_dataset_ratio')
30.18/21.02	(46.666666666666664, '0_skewness_std')
30.18/21.02	(47.56140350877193, '0_log_dataset_ratio')
30.18/21.02	(48.666666666666664, '1_skewness_std')
30.18/21.02	(49.280701754385966, '1_kurtosis_std')
30.18/21.02	(50.64912280701754, '0_kurtosis_std')
30.18/21.02	(50.91228070175438, '1_dataset_ratio')
30.18/21.02	(51.31578947368421, '0_dataset_ratio')
30.18/21.02	(51.54385964912281, '1_inverse_dataset_ratio')
30.18/21.02	(51.6140350877193, '0_log_inverse_dataset_ratio')
30.18/21.02	(52.29824561403509, '1_log_inverse_dataset_ratio')
30.18/21.02	(53.03508771929825, '1_symbols_min')
30.18/21.02	(53.771929824561404, '1_log_dataset_ratio')
30.18/21.02	(55.31578947368421, '0_symbols_sum')
30.18/21.02	(55.333333333333336, '0_ratio_numerical_to_categorical')
30.18/21.02	(56.35087719298246, '1_ratio_numerical_to_categorical')
30.18/21.02	(57.26315789473684, '0_kurtosis_mean')
30.18/21.02	(59.31578947368421, '1_symbols_sum')
30.18/21.02	(59.3859649122807, '1_kurtosis_mean')
30.18/21.02	(62.01754385964912, '0_symbols_min')
30.18/21.02	(62.50877192982456, '1_number_of_categorical_features')
30.18/21.02	(64.12280701754386, '0_class_probability_mean')
30.18/21.02	(67.28070175438596, '1_ratio_categorical_to_numerical')
30.18/21.02	(68.6140350877193, '0_symbols_std')
30.18/21.02	(68.80701754385964, '0_number_of_categorical_features')
30.18/21.02	(69.85964912280701, '0_ratio_categorical_to_numerical')
30.18/21.02	(71.80701754385964, '1_class_probability_mean')
30.18/21.02	(72.17543859649123, '1_symbols_max')
30.18/21.02	(72.24561403508773, '1_symbols_std')
30.18/21.02	(72.42105263157895, '1_number_of_classes')
30.18/21.02	(72.54385964912281, '0_number_of_classes')
30.18/21.02	(73.2280701754386, '0_symbols_max')
30.18/21.02	(73.42105263157895, '0_percentage_of_features_with_missing_values')
30.18/21.02	(73.7719298245614, '0_number_of_Instances_with_missing_values')
30.18/21.02	(73.7719298245614, '1_number_of_Instances_with_missing_values')
30.18/21.02	(73.96491228070175, '1_percentage_of_features_with_missing_values')
30.18/21.02	(74.75438596491227, '1_percentage_of_Instances_with_missing_values')
30.18/21.02	(75.0701754385965, '0_percentage_of_Instances_with_missing_values')
30.18/21.02	(76.42105263157895, '1_percentage_of_missing_values')
30.18/21.02	(77.42105263157895, '0_number_of_missing_values')
30.18/21.02	(77.45614035087719, '1_number_of_features_with_missing_values')
30.18/21.02	(78.19298245614036, '1_number_of_missing_values')
30.18/21.02	(79.43859649122807, '0_percentage_of_missing_values')
30.18/21.02	(81.26315789473684, '0_number_of_features_with_missing_values')
30.18/21.02	Result for ParamILS: SAT, 20.136324, 1, 0.344906, -1, /home/feurerm/thesis/Software/pyMetaLearn/optimizers/metalearn_optimizer/learn_distances.py
