0.76/1.02	['/home/feurerm/thesis/Software/pyMetaLearn/optimizers/metalearn_optimizer/learn_distances.py', '--input_file', '/home/feurerm/thesis/experiments/2014_04_25_predict_distances/testfold_0-3_spearman_rank_perm.pkl', '--fold', '0', '--folds', '1', '--params', '-max_features', '0.189686627104', '-min_samples_leaf', '2', '-min_samples_split', '8', '-n_estimators', '67', '-n_jobs', '4', '-seed', '17']
0.76/1.03	Metafeatures (57, 46)
0.76/1.03	X (3192, 92)
0.76/1.03	Y (3192,)
0.76/1.03	Dataset Mae MSE Rho
3.16/1.89	vehicle 0.376711990991 0.178209687784 0.252749840237
5.93/2.98	anneal.ORIG 0.448015811367 0.243905516621 0.415647435479
8.72/4.08	segment 0.278182435963 0.0999971788448 0.752754958966
11.50/5.15	pendigits 0.396645257853 0.185602264068 0.306402619622
14.28/6.27	mushroom 0.182570955775 0.041667506647 0.665488390086
17.04/7.34	labor 0.214560063821 0.0619709825882 0.744674721106
19.81/8.45	abalone 0.407154818842 0.21136953967 0.186168680277
22.61/9.54	diabetes 0.462664100644 0.296883549218 -0.00678739980175
25.35/10.62	car 0.439924902232 0.288194162777 0.343894923289
28.06/11.69	autos 0.236783473693 0.0714230218204 0.633813857678
30.80/12.78	mfeat-fourier 0.656291898749 0.557497674176 -0.503237213873
33.53/13.87	primary-tumor 0.204001273818 0.0513274304511 0.600846487212
36.29/14.96	waveform-5000 0.282360029396 0.104923153891 0.407243988105
39.00/16.03	credit-a 0.365701004894 0.183498180235 0.435040006341
41.72/17.10	letter 0.289354519215 0.11128951325 0.669690113773
44.52/18.17	postoperative-patient-data 0.44543497053 0.243456412044 -0.469300214864
47.25/19.27	vowel 0.527286296458 0.348835145035 -0.130253434291
50.09/20.40	eucalyptus 0.301144856884 0.123375311243 0.428575816053
52.72/22.26	cylinder-bands 0.273780675951 0.0897797254145 0.592119830324
55.46/23.34	ionosphere 0.44965994975 0.23901897222 -0.124758872546
58.25/24.44	mfeat-karhunen 0.256381454169 0.0875249255388 0.633167438649
61.02/25.53	balance-scale 0.191612884079 0.0539507221618 0.642540514566
65.44/26.62	mfeat-morphological 0.476179689157 0.300470994505 -0.187784727848
68.22/27.72	liver-disorders 0.236281112735 0.0788443695678 0.567879116746
70.98/28.82	dermatology 0.216161063478 0.0587275124961 0.487723157183
73.77/29.92	vote 0.0798352063046 0.00977647280411 0.781843815259
76.61/31.04	breast-cancer 0.204723353486 0.0573279221587 0.224307402972
79.43/32.12	credit-g 0.503818121909 0.339481114775 -0.3891442553
82.21/33.21	soybean 0.115317604694 0.0183893114545 0.846162508618
85.07/34.30	arrhythmia 0.303633149769 0.12181846222 -0.0229478755202
87.72/35.39	nursery 0.220717137025 0.0630109040666 0.714293026756
90.59/36.50	hepatitis 0.467411048051 0.296366518445 -0.280869067987
93.17/37.57	cmc 0.212930286846 0.0536189393423 0.674861466003
95.87/38.64	heart-c 0.274336506197 0.100110756518 0.716555493356
98.63/39.73	glass 0.371500603079 0.1642578962 0.280545858472
101.27/40.80	braziltourism 0.574354611451 0.420324460132 -0.346480599404
103.98/41.88	iris 0.321458655045 0.138214419241 0.151262052725
106.70/42.96	heart-statlog 0.375926348435 0.191469056147 0.436656053913
109.47/44.03	page-blocks 0.486073525801 0.324687294608 -0.0843576832503
112.30/45.11	breast-w 0.226189989744 0.0689611364107 0.585332430522
115.03/46.18	heart-h 0.143087036156 0.0275806376111 0.738210530819
117.81/47.26	yeast 0.35539755188 0.157224560567 0.496126604556
120.57/48.36	tae 0.336882816696 0.144627434188 0.0536527793853
123.41/49.45	haberman 0.290310647079 0.109735096884 -0.0352298370662
126.15/50.52	mfeat-pixel 0.384457145783 0.179084338557 0.151262052725
128.95/51.64	optdigits 0.204169050665 0.0525381224484 0.759542358767
131.78/52.73	mfeat-factors 0.26210712985 0.0902866725911 0.645126190681
134.62/53.81	satimage 0.39013235137 0.180476023545 0.0555920364715
137.27/54.89	lymph 0.263891866519 0.09412521676 0.573373678491
139.98/55.97	audiology 0.287138229278 0.107668858826 0.493540928442
142.78/57.04	ecoli 0.421915368629 0.227250262119 0.0610865982158
145.56/58.13	tic-tac-toe 0.1996732127 0.0598722671252 0.756633473138
148.40/59.20	spambase 0.350367474747 0.157021199805 0.782490234287
151.07/60.28	zoo 0.181809894932 0.0472547044668 0.679386399204
153.80/61.36	sonar 0.536147667351 0.360390440739 -0.272465620613
156.55/62.44	mfeat-zernike 0.234907347158 0.0809111051588 0.519720899105
159.31/63.54	kr-vs-kp 0.192706761919 0.0467078913257 0.657408152227
159.57/63.76	MAE 0.322599529667 0.122514920512
159.57/63.76	MSE 0.154426542974 0.154426542974
159.57/63.76	Mean tau 0.346452247692 0.371925059246
159.57/63.76	(0.15789473684210525, '0_class_probability_max')
159.57/63.76	(1.0, '1_class_probability_max')
159.57/63.76	(4.315789473684211, '1_landmark_decision_tree')
159.57/63.76	(4.964912280701754, '0_landmark_decision_tree')
159.57/63.76	(5.754385964912281, '1_landmark_naive_bayes')
159.57/63.76	(6.56140350877193, '0_landmark_naive_bayes')
159.57/63.76	(6.9298245614035086, '1_class_probability_std')
159.57/63.76	(6.964912280701754, '1_landmark_random_node_learner')
159.57/63.76	(7.350877192982456, '0_class_probability_std')
159.57/63.76	(9.175438596491228, '0_class_entropy')
159.57/63.76	(9.807017543859649, '0_skewness_min')
159.57/63.76	(10.75438596491228, '1_landmark_1NN')
159.57/63.76	(11.771929824561404, '0_landmark_random_node_learner')
159.57/63.76	(11.87719298245614, '1_class_entropy')
159.57/63.76	(12.526315789473685, '1_skewness_min')
159.57/63.76	(13.052631578947368, '0_landmark_1NN')
159.57/63.76	(16.894736842105264, '1_pca_skewness_first_pc')
159.57/63.76	(19.596491228070175, '0_pca_skewness_first_pc')
159.57/63.76	(21.280701754385966, '0_landmark_lda')
159.57/63.76	(23.350877192982455, '0_number_of_features')
159.57/63.76	(24.280701754385966, '1_landmark_lda')
159.57/63.76	(24.50877192982456, '0_log_number_of_features')
159.57/63.76	(27.05263157894737, '1_number_of_features')
159.57/63.76	(28.035087719298247, '1_log_number_of_features')
159.57/63.76	(29.49122807017544, '0_skewness_max')
159.57/63.76	(30.350877192982455, '0_kurtosis_min')
159.57/63.76	(30.912280701754387, '1_kurtosis_min')
159.57/63.76	(31.07017543859649, '1_skewness_max')
159.57/63.76	(31.666666666666668, '1_landmark_decision_node_learner')
159.57/63.76	(32.63157894736842, '0_skewness_std')
159.57/63.76	(32.63157894736842, '1_skewness_std')
159.57/63.76	(33.14035087719298, '1_number_of_numeric_features')
159.57/63.76	(34.87719298245614, '0_number_of_numeric_features')
159.57/63.76	(35.21052631578947, '1_number_of_categorical_features')
159.57/63.76	(35.40350877192982, '0_number_of_categorical_features')
159.57/63.76	(36.1578947368421, '1_symbols_sum')
159.57/63.76	(36.89473684210526, '0_symbols_sum')
159.57/63.76	(37.43859649122807, '0_landmark_decision_node_learner')
159.57/63.76	(37.49122807017544, '0_kurtosis_std')
159.57/63.76	(38.50877192982456, '1_kurtosis_std')
159.57/63.76	(40.05263157894737, '1_pca_kurtosis_first_pc')
159.57/63.76	(40.54385964912281, '1_ratio_numerical_to_categorical')
159.57/63.76	(44.89473684210526, '1_kurtosis_max')
159.57/63.76	(45.08771929824562, '0_pca_kurtosis_first_pc')
159.57/63.76	(45.85964912280702, '0_kurtosis_max')
159.57/63.76	(47.29824561403509, '1_skewness_mean')
159.57/63.76	(47.31578947368421, '1_class_probability_min')
159.57/63.76	(47.473684210526315, '1_pca_95%')
159.57/63.76	(49.56140350877193, '1_symbols_mean')
159.57/63.76	(50.14035087719298, '0_class_probability_min')
159.57/63.76	(51.29824561403509, '0_ratio_numerical_to_categorical')
159.57/63.76	(52.59649122807018, '0_pca_95%')
159.57/63.76	(53.80701754385965, '0_skewness_mean')
159.57/63.76	(55.421052631578945, '0_symbols_mean')
159.57/63.76	(56.03508771929825, '0_number_of_instances')
159.57/63.76	(56.96491228070175, '1_log_number_of_instances')
159.57/63.76	(57.68421052631579, '0_log_number_of_instances')
159.57/63.76	(58.56140350877193, '1_number_of_instances')
159.57/63.76	(59.6140350877193, '0_kurtosis_mean')
159.57/63.76	(60.35087719298246, '1_kurtosis_mean')
159.57/63.76	(61.03508771929825, '0_inverse_dataset_ratio')
159.57/63.76	(61.03508771929825, '1_inverse_dataset_ratio')
159.57/63.76	(61.64912280701754, '1_dataset_ratio')
159.57/63.76	(62.92982456140351, '0_dataset_ratio')
159.57/63.76	(63.85964912280702, '1_log_dataset_ratio')
159.57/63.76	(63.91228070175438, '0_log_inverse_dataset_ratio')
159.57/63.76	(64.49122807017544, '0_symbols_max')
159.57/63.76	(64.54385964912281, '1_log_inverse_dataset_ratio')
159.57/63.76	(64.80701754385964, '1_symbols_max')
159.57/63.76	(65.33333333333333, '0_log_dataset_ratio')
159.57/63.76	(66.63157894736842, '1_symbols_min')
159.57/63.76	(67.66666666666667, '1_percentage_of_features_with_missing_values')
159.57/63.76	(70.28070175438596, '0_percentage_of_features_with_missing_values')
159.57/63.76	(71.91228070175438, '0_number_of_classes')
159.57/63.76	(72.10526315789474, '0_ratio_categorical_to_numerical')
159.57/63.76	(72.2280701754386, '1_class_probability_mean')
159.57/63.76	(72.3859649122807, '1_ratio_categorical_to_numerical')
159.57/63.76	(72.57894736842105, '1_number_of_classes')
159.57/63.76	(73.17543859649123, '0_symbols_min')
159.57/63.76	(74.66666666666667, '1_percentage_of_missing_values')
159.57/63.76	(75.14035087719299, '1_symbols_std')
159.57/63.76	(75.26315789473684, '0_class_probability_mean')
159.57/63.76	(77.28070175438596, '1_number_of_missing_values')
159.57/63.76	(77.56140350877193, '0_percentage_of_missing_values')
159.57/63.76	(77.71929824561404, '0_symbols_std')
159.57/63.76	(81.50877192982456, '0_number_of_missing_values')
159.57/63.76	(82.08771929824562, '0_percentage_of_Instances_with_missing_values')
159.57/63.76	(82.45614035087719, '1_percentage_of_Instances_with_missing_values')
159.57/63.76	(83.0, '1_number_of_Instances_with_missing_values')
159.57/63.76	(84.21052631578948, '0_number_of_Instances_with_missing_values')
159.57/63.76	(84.75438596491227, '0_number_of_features_with_missing_values')
159.57/63.76	(85.3859649122807, '1_number_of_features_with_missing_values')
159.57/63.76	Result for ParamILS: SAT, 62.741533, 1, 0.322600, -1, /home/feurerm/thesis/Software/pyMetaLearn/optimizers/metalearn_optimizer/learn_distances.py
