0.71/3.28	['/home/feurerm/thesis/Software/pyMetaLearn/optimizers/metalearn_optimizer/learn_distances.py', '--input_file', '/home/feurerm/thesis/experiments/2014_04_25_predict_distances/testfold_0-3_spearman_rank_perm.pkl', '--fold', '0', '--folds', '1', '--params', '-max_features', '0.581921444445', '-min_samples_leaf', '5', '-min_samples_split', '4', '-n_estimators', '57', '-n_jobs', '4', '-seed', '36']
0.71/3.30	Metafeatures (57, 46)
0.71/3.30	X (3192, 92)
0.71/3.30	Y (3192,)
0.71/3.30	Dataset Mae MSE Rho
6.28/4.99	vehicle 0.460262655412 0.274944154117 -0.072722140733
12.08/7.25	anneal.ORIG 0.611404870364 0.427390178993 -0.126051710604
17.89/10.45	segment 0.276299583021 0.095983402793 0.771824320313
23.82/13.86	pendigits 0.400786813396 0.190992339799 0.242083926262
29.58/15.69	mushroom 0.209454140299 0.0531042111738 0.613451658272
35.32/17.60	labor 0.196837934159 0.0572316010235 0.62217831516
41.13/19.54	abalone 0.409493207616 0.215004631822 0.203621994053
46.84/21.39	diabetes 0.493563650708 0.339810298104 -0.132192691377
52.55/23.82	car 0.59418922917 0.462129737922 -0.0559152459858
58.38/25.65	autos 0.186207137278 0.0462050936622 0.607633887014
64.30/27.52	mfeat-fourier 0.666592085119 0.58183437462 -0.506469309016
70.04/29.37	primary-tumor 0.191748916583 0.0452451792445 0.63252101962
75.97/31.32	waveform-5000 0.25499202549 0.087682037523 0.622501524675
81.82/33.24	credit-a 0.425063708494 0.26109649792 0.22786270763
87.59/35.07	letter 0.274537270307 0.098712243512 0.622501524675
93.66/36.90	postoperative-patient-data 0.45224885965 0.247586690752 -0.364903541723
99.37/38.74	vowel 0.493052635921 0.299353369481 0.0268263896926
105.20/44.56	eucalyptus 0.290796643985 0.108606107799 0.505499680473
111.08/46.66	cylinder-bands 0.272337188895 0.0867727702984 0.578545030721
117.00/48.51	ionosphere 0.437244312879 0.219618914539 -0.166129690386
122.84/50.34	mfeat-karhunen 0.265078848029 0.0923133752927 0.62734966739
128.69/52.55	balance-scale 0.208610272241 0.0615249438156 0.570141583347
134.45/54.57	mfeat-morphological 0.472474751573 0.295642298439 -0.190370403963
140.28/56.40	liver-disorders 0.152130508451 0.0354863954298 0.506469309016
146.20/58.25	dermatology 0.217118251803 0.0594319829049 0.492571299898
152.10/60.10	vote 0.0709785607424 0.00816263700171 0.788308005546
157.83/62.03	breast-cancer 0.153470291651 0.0332268171857 0.426959768482
163.62/63.95	credit-g 0.554160280538 0.421991317122 -0.502914004358
169.40/65.99	soybean 0.112036922804 0.0173405129579 0.816750442811
175.28/67.97	arrhythmia 0.293021620677 0.109904032693 -0.108598396828
181.06/69.79	nursery 0.22234690345 0.0635235316799 0.684880960948
186.74/75.49	hepatitis 0.328752448247 0.155233081522 -0.138010462636
192.44/77.22	cmc 0.155225673983 0.0309058023175 0.7220500551
198.36/79.22	heart-c 0.245265399845 0.0785057492868 0.766976177598
204.11/81.06	glass 0.315549018593 0.11889883194 0.522952994249
210.02/83.38	braziltourism 0.690011269217 0.576980851756 -0.598907230126
215.92/85.21	iris 0.313760853988 0.128516564843 0.163544014271
221.71/87.23	heart-statlog 0.333989667166 0.150131833789 0.50226758533
227.82/89.16	page-blocks 0.585963344806 0.460948457861 -0.594705506439
233.72/91.54	breast-w 0.220522253579 0.0662606775692 0.510994242217
239.54/93.65	heart-h 0.144543434472 0.0281455794088 0.747583606736
245.36/96.28	yeast 0.356085366488 0.154677589079 0.534911746281
251.22/100.62	tae 0.379466917036 0.1776922029 0.0342602085231
257.20/102.51	haberman 0.297095057873 0.117346065723 -0.101487787512
263.06/104.59	mfeat-pixel 0.39783285502 0.195813285402 0.108275187314
268.91/106.45	optdigits 0.224326534268 0.0629765679521 0.734332016646
274.89/108.40	mfeat-factors 0.276280242502 0.101737806409 0.56076850743
280.77/110.50	satimage 0.361962830862 0.160293442084 0.111507282457
287.59/112.33	lymph 0.27238793732 0.111289169685 0.346803808918
293.37/114.18	audiology 0.274451748921 0.091842232276 0.513903127847
299.25/116.03	ecoli 0.426962111375 0.234002179111 0.0368458846381
305.06/117.99	tic-tac-toe 0.165553158722 0.0410706378022 0.776672463029
311.04/119.83	spambase 0.405248601176 0.208868323823 0.638338790879
316.83/121.66	zoo 0.183640436314 0.0460039361459 0.640924466994
322.81/123.80	sonar 0.555239440298 0.382990064611 -0.312543600395
328.59/125.63	mfeat-zernike 0.224806839001 0.0732278582694 0.595351925468
334.44/127.60	kr-vs-kp 0.217840402365 0.0579904458899 0.606017839442
334.61/127.77	MAE 0.327566735511 0.145582742217
334.61/127.77	MSE 0.165091244159 0.165091244159
334.61/127.77	Mean tau 0.305155144303 0.403315216659
334.61/127.77	(0.22807017543859648, '1_class_probability_max')
334.61/127.77	(0.9122807017543859, '0_class_probability_max')
334.61/127.77	(2.1403508771929824, '0_skewness_min')
334.61/127.77	(2.8596491228070176, '1_skewness_min')
334.61/127.77	(5.7368421052631575, '0_class_entropy')
334.61/127.77	(7.649122807017544, '1_class_entropy')
334.61/127.77	(8.543859649122806, '0_class_probability_std')
334.61/127.77	(8.736842105263158, '0_landmark_decision_tree')
334.61/127.77	(9.578947368421053, '0_landmark_naive_bayes')
334.61/127.77	(9.719298245614034, '1_landmark_naive_bayes')
334.61/127.77	(13.68421052631579, '1_landmark_decision_tree')
334.61/127.77	(13.701754385964913, '1_class_probability_std')
334.61/127.77	(16.80701754385965, '1_landmark_random_node_learner')
334.61/127.77	(16.859649122807017, '1_pca_skewness_first_pc')
334.61/127.77	(18.280701754385966, '0_pca_skewness_first_pc')
334.61/127.77	(20.05263157894737, '1_skewness_max')
334.61/127.77	(20.43859649122807, '1_landmark_lda')
334.61/127.77	(20.68421052631579, '1_skewness_std')
334.61/127.77	(21.42105263157895, '0_landmark_random_node_learner')
334.61/127.77	(22.12280701754386, '0_skewness_std')
334.61/127.77	(22.333333333333332, '0_kurtosis_min')
334.61/127.77	(22.57894736842105, '0_landmark_lda')
334.61/127.77	(24.982456140350877, '1_landmark_1NN')
334.61/127.77	(26.280701754385966, '0_kurtosis_std')
334.61/127.77	(26.80701754385965, '1_kurtosis_min')
334.61/127.77	(27.50877192982456, '1_number_of_features')
334.61/127.77	(27.666666666666668, '0_number_of_features')
334.61/127.77	(27.82456140350877, '1_log_number_of_features')
334.61/127.77	(28.403508771929825, '0_skewness_max')
334.61/127.77	(29.50877192982456, '0_landmark_1NN')
334.61/127.77	(31.36842105263158, '0_log_number_of_features')
334.61/127.77	(32.50877192982456, '1_number_of_numeric_features')
334.61/127.77	(32.824561403508774, '1_kurtosis_std')
334.61/127.77	(35.03508771929825, '0_number_of_numeric_features')
334.61/127.77	(35.35087719298246, '0_symbols_sum')
334.61/127.77	(35.75438596491228, '0_class_probability_min')
334.61/127.77	(36.29824561403509, '1_class_probability_min')
334.61/127.77	(38.10526315789474, '1_kurtosis_max')
334.61/127.77	(38.45614035087719, '0_kurtosis_max')
334.61/127.77	(41.719298245614034, '0_number_of_instances')
334.61/127.77	(42.19298245614035, '0_log_number_of_instances')
334.61/127.77	(43.40350877192982, '1_log_number_of_instances')
334.61/127.77	(43.666666666666664, '1_landmark_decision_node_learner')
334.61/127.77	(43.719298245614034, '0_landmark_decision_node_learner')
334.61/127.77	(43.8421052631579, '1_number_of_instances')
334.61/127.77	(44.89473684210526, '1_skewness_mean')
334.61/127.77	(45.3859649122807, '1_symbols_sum')
334.61/127.77	(46.98245614035088, '1_pca_kurtosis_first_pc')
334.61/127.77	(47.01754385964912, '0_pca_kurtosis_first_pc')
334.61/127.77	(47.78947368421053, '0_number_of_categorical_features')
334.61/127.77	(48.228070175438596, '0_skewness_mean')
334.61/127.77	(48.68421052631579, '1_number_of_categorical_features')
334.61/127.77	(49.24561403508772, '1_pca_95%')
334.61/127.77	(51.36842105263158, '0_symbols_mean')
334.61/127.77	(51.68421052631579, '0_pca_95%')
334.61/127.77	(53.26315789473684, '1_symbols_mean')
334.61/127.77	(55.0, '0_log_inverse_dataset_ratio')
334.61/127.77	(55.1578947368421, '0_log_dataset_ratio')
334.61/127.77	(55.1578947368421, '1_log_dataset_ratio')
334.61/127.77	(55.526315789473685, '1_inverse_dataset_ratio')
334.61/127.77	(55.68421052631579, '0_inverse_dataset_ratio')
334.61/127.77	(56.36842105263158, '1_dataset_ratio')
334.61/127.77	(56.59649122807018, '0_dataset_ratio')
334.61/127.77	(57.91228070175438, '1_log_inverse_dataset_ratio')
334.61/127.77	(58.56140350877193, '0_symbols_min')
334.61/127.77	(59.26315789473684, '0_ratio_numerical_to_categorical')
334.61/127.77	(59.31578947368421, '1_symbols_min')
334.61/127.77	(63.12280701754386, '1_ratio_numerical_to_categorical')
334.61/127.77	(64.96491228070175, '1_kurtosis_mean')
334.61/127.77	(65.9298245614035, '0_kurtosis_mean')
334.61/127.77	(72.40350877192982, '1_ratio_categorical_to_numerical')
334.61/127.77	(73.21052631578948, '0_ratio_categorical_to_numerical')
334.61/127.77	(74.0701754385965, '1_number_of_classes')
334.61/127.77	(75.36842105263158, '1_symbols_max')
334.61/127.77	(75.3859649122807, '0_number_of_classes')
334.61/127.77	(76.2280701754386, '1_percentage_of_features_with_missing_values')
334.61/127.77	(76.36842105263158, '0_symbols_max')
334.61/127.77	(76.59649122807018, '0_class_probability_mean')
334.61/127.77	(77.01754385964912, '1_class_probability_mean')
334.61/127.77	(79.05263157894737, '0_symbols_std')
334.61/127.77	(79.36842105263158, '0_percentage_of_features_with_missing_values')
334.61/127.77	(79.52631578947368, '1_symbols_std')
334.61/127.77	(81.6842105263158, '0_percentage_of_missing_values')
334.61/127.77	(82.54385964912281, '0_percentage_of_Instances_with_missing_values')
334.61/127.77	(82.85964912280701, '0_number_of_Instances_with_missing_values')
334.61/127.77	(83.40350877192982, '1_number_of_Instances_with_missing_values')
334.61/127.77	(83.52631578947368, '1_percentage_of_missing_values')
334.61/127.77	(83.87719298245614, '1_percentage_of_Instances_with_missing_values')
334.61/127.77	(83.89473684210526, '0_number_of_missing_values')
334.61/127.77	(84.78947368421052, '1_number_of_missing_values')
334.61/127.77	(86.35087719298245, '1_number_of_features_with_missing_values')
334.61/127.77	(87.0701754385965, '0_number_of_features_with_missing_values')
334.61/127.77	Result for ParamILS: SAT, 124.482788, 1, 0.327567, -1, /home/feurerm/thesis/Software/pyMetaLearn/optimizers/metalearn_optimizer/learn_distances.py
