0.74/1.84	['/home/feurerm/thesis/Software/pyMetaLearn/optimizers/metalearn_optimizer/learn_distances.py', '--input_file', '/home/feurerm/thesis/experiments/2014_04_25_predict_distances/testfold_0-3_spearman_rank_perm.pkl', '--fold', '0', '--folds', '1', '--params', '-max_features', '0.67456991613', '-min_samples_leaf', '2', '-min_samples_split', '5', '-n_estimators', '93', '-n_jobs', '4', '-seed', '32']
0.74/1.86	Metafeatures (57, 46)
0.74/1.86	X (3192, 92)
0.74/1.86	Y (3192,)
0.74/1.86	Dataset Mae MSE Rho
12.60/5.14	vehicle 0.47971869135 0.292203576629 -0.169361785529
25.18/8.87	anneal.ORIG 0.714754461812 0.568000756023 -0.131546272348
37.72/12.66	segment 0.25749643679 0.0855118390872 0.777318882058
50.36/18.93	pendigits 0.392740233821 0.187918887747 0.250487373636
62.93/22.88	mushroom 0.201271249662 0.0498895662501 0.621855105646
75.67/28.51	labor 0.202251288506 0.0621493375505 0.545254450741
88.11/32.72	abalone 0.36470567011 0.170799070395 0.408536826162
100.44/36.43	diabetes 0.490641345369 0.337561951651 -0.131869481863
112.81/40.15	car 0.578937011343 0.431795103306 0.0310281133794
125.57/44.09	autos 0.175360762052 0.0412744534624 0.637045952821
138.19/47.87	mfeat-fourier 0.696711991594 0.628503007896 -0.544931241226
150.53/54.72	primary-tumor 0.176169803344 0.0391777329937 0.669043694744
163.18/58.45	waveform-5000 0.223343462757 0.0684450468252 0.679386399204
175.77/62.31	credit-a 0.419253595633 0.25004066594 0.248871326064
188.10/66.67	letter 0.290549098007 0.108126543702 0.533942117738
201.02/72.20	postoperative-patient-data 0.466092829145 0.259175976403 -0.422111625766
213.48/75.97	vowel 0.466306849913 0.269466643931 0.165483271357
225.98/81.60	eucalyptus 0.251580153279 0.0848722091411 0.605048210899
238.30/85.31	cylinder-bands 0.25047133341 0.0748620226552 0.610542772643
250.77/93.13	ionosphere 0.436954893153 0.222646013952 -0.167099318929
263.31/96.95	mfeat-karhunen 0.251821705755 0.0864715885372 0.657731361741
275.67/103.88	balance-scale 0.243798836656 0.0822232062349 0.447321967887
287.98/110.86	mfeat-morphological 0.489387823379 0.318400493386 -0.166776109414
300.44/117.99	liver-disorders 0.142127413907 0.0296174790287 0.546547288798
313.26/122.11	dermatology 0.228142728501 0.0657141817011 0.456048624775
325.58/125.81	vote 0.0742996493987 0.00928580705147 0.777318882058
338.18/134.01	breast-cancer 0.147048597974 0.0284887106327 0.473178729036
350.79/137.85	credit-g 0.562250610426 0.433584291461 -0.520367318134
363.30/141.66	soybean 0.10625130308 0.0158746592297 0.827739566299
375.80/145.47	arrhythmia 0.325981936301 0.134921200734 -0.292827820018
388.24/149.19	nursery 0.204011321116 0.053616339754 0.731746340532
400.71/152.90	hepatitis 0.316410901228 0.142955880931 0.0119587520317
413.14/156.74	cmc 0.165244562263 0.0361468662045 0.688436265606
425.81/163.88	heart-c 0.21478886992 0.0619254833048 0.833880547072
438.33/167.61	glass 0.297096621258 0.106649867665 0.574989726063
451.08/171.54	braziltourism 0.712850819257 0.627382815734 -0.643833352623
463.58/175.42	iris 0.30646815812 0.124333403062 0.187461518334
475.91/179.08	heart-statlog 0.324474963358 0.141861332369 0.616037334387
488.86/183.31	page-blocks 0.579323727832 0.452931634153 -0.623794362732
501.51/187.26	breast-w 0.213745932555 0.0625736941761 0.5555971552
514.05/194.75	heart-h 0.123442716261 0.0204375923923 0.786691957974
526.53/198.49	yeast 0.319786776375 0.125998643094 0.694900455893
539.03/202.21	tae 0.362055367609 0.160940548991 0.0539759888996
551.73/206.32	haberman 0.299973601637 0.116443432717 -0.0601169696726
564.26/210.09	mfeat-pixel 0.409301978016 0.207714328612 0.107305558771
576.71/213.79	optdigits 0.205521375521 0.0529295190606 0.772793948856
589.31/217.58	mfeat-factors 0.279385454587 0.102621298376 0.595998344497
601.89/225.01	satimage 0.390534898641 0.184988729772 0.0458957510404
614.31/229.09	lymph 0.269913254006 0.109671516983 0.31739174311
626.75/232.88	audiology 0.279234405791 0.0939826519344 0.499035490186
639.33/237.79	ecoli 0.423233113135 0.226296186787 0.0439564939542
652.05/241.87	tic-tac-toe 0.173401302718 0.044739378948 0.732715969075
664.82/245.69	spambase 0.391223921725 0.19242322565 0.693284408322
677.46/249.53	zoo 0.193987650429 0.0494279444937 0.617006962931
690.07/257.94	sonar 0.557152180879 0.385423142552 -0.337107523487
702.62/261.85	mfeat-zernike 0.208459945411 0.0645474484797 0.684557751434
715.01/265.70	kr-vs-kp 0.208493024693 0.0537327110508 0.636399533793
715.31/266.05	MAE 0.325191905452 0.153756818898
715.31/266.05	MSE 0.16560873054 0.16560873054
715.31/266.05	Mean tau 0.320000100595 0.420688074551
715.31/266.05	(0.5087719298245614, '1_class_probability_max')
715.31/266.05	(0.631578947368421, '0_class_probability_max')
715.31/266.05	(2.280701754385965, '0_skewness_min')
715.31/266.05	(2.719298245614035, '1_skewness_min')
715.31/266.05	(5.12280701754386, '0_class_entropy')
715.31/266.05	(7.456140350877193, '1_class_entropy')
715.31/266.05	(7.807017543859649, '0_class_probability_std')
715.31/266.05	(8.263157894736842, '1_landmark_decision_tree')
715.31/266.05	(8.859649122807017, '0_landmark_naive_bayes')
715.31/266.05	(9.0, '1_landmark_naive_bayes')
715.31/266.05	(9.192982456140351, '1_class_probability_std')
715.31/266.05	(13.75438596491228, '0_landmark_decision_tree')
715.31/266.05	(15.403508771929825, '0_landmark_random_node_learner')
715.31/266.05	(15.508771929824562, '0_pca_skewness_first_pc')
715.31/266.05	(16.57894736842105, '1_landmark_random_node_learner')
715.31/266.05	(17.70175438596491, '1_pca_skewness_first_pc')
715.31/266.05	(19.05263157894737, '0_landmark_lda')
715.31/266.05	(20.05263157894737, '1_landmark_lda')
715.31/266.05	(20.228070175438596, '0_kurtosis_min')
715.31/266.05	(21.280701754385966, '1_kurtosis_min')
715.31/266.05	(21.54385964912281, '1_landmark_1NN')
715.31/266.05	(23.912280701754387, '1_skewness_max')
715.31/266.05	(24.596491228070175, '0_landmark_1NN')
715.31/266.05	(26.17543859649123, '0_skewness_max')
715.31/266.05	(27.403508771929825, '0_log_number_of_features')
715.31/266.05	(28.614035087719298, '0_number_of_features')
715.31/266.05	(29.842105263157894, '1_log_number_of_features')
715.31/266.05	(29.964912280701753, '1_number_of_features')
715.31/266.05	(30.70175438596491, '1_skewness_std')
715.31/266.05	(30.87719298245614, '0_kurtosis_std')
715.31/266.05	(31.473684210526315, '1_class_probability_min')
715.31/266.05	(31.859649122807017, '0_skewness_std')
715.31/266.05	(33.43859649122807, '1_kurtosis_std')
715.31/266.05	(33.92982456140351, '0_class_probability_min')
715.31/266.05	(34.08771929824562, '1_number_of_numeric_features')
715.31/266.05	(34.35087719298246, '0_number_of_numeric_features')
715.31/266.05	(36.421052631578945, '1_kurtosis_max')
715.31/266.05	(36.98245614035088, '0_kurtosis_max')
715.31/266.05	(38.89473684210526, '1_number_of_instances')
715.31/266.05	(40.08771929824562, '1_log_number_of_instances')
715.31/266.05	(40.14035087719298, '0_number_of_instances')
715.31/266.05	(40.36842105263158, '1_symbols_sum')
715.31/266.05	(40.96491228070175, '0_log_number_of_instances')
715.31/266.05	(43.771929824561404, '0_landmark_decision_node_learner')
715.31/266.05	(43.824561403508774, '1_landmark_decision_node_learner')
715.31/266.05	(44.31578947368421, '1_skewness_mean')
715.31/266.05	(44.96491228070175, '0_symbols_sum')
715.31/266.05	(46.333333333333336, '0_pca_kurtosis_first_pc')
715.31/266.05	(46.578947368421055, '0_skewness_mean')
715.31/266.05	(49.03508771929825, '1_pca_kurtosis_first_pc')
715.31/266.05	(49.175438596491226, '1_symbols_mean')
715.31/266.05	(50.73684210526316, '0_symbols_mean')
715.31/266.05	(51.824561403508774, '1_number_of_categorical_features')
715.31/266.05	(52.526315789473685, '1_pca_95%')
715.31/266.05	(53.526315789473685, '0_pca_95%')
715.31/266.05	(55.333333333333336, '0_symbols_min')
715.31/266.05	(55.80701754385965, '0_number_of_categorical_features')
715.31/266.05	(56.578947368421055, '0_dataset_ratio')
715.31/266.05	(56.59649122807018, '1_inverse_dataset_ratio')
715.31/266.05	(56.6140350877193, '0_log_dataset_ratio')
715.31/266.05	(56.64912280701754, '1_log_dataset_ratio')
715.31/266.05	(57.05263157894737, '1_symbols_min')
715.31/266.05	(57.280701754385966, '0_inverse_dataset_ratio')
715.31/266.05	(57.29824561403509, '1_log_inverse_dataset_ratio')
715.31/266.05	(57.421052631578945, '0_log_inverse_dataset_ratio')
715.31/266.05	(57.578947368421055, '1_dataset_ratio')
715.31/266.05	(59.43859649122807, '0_ratio_numerical_to_categorical')
715.31/266.05	(59.94736842105263, '1_ratio_numerical_to_categorical')
715.31/266.05	(66.89473684210526, '1_kurtosis_mean')
715.31/266.05	(67.45614035087719, '0_kurtosis_mean')
715.31/266.05	(73.43859649122807, '0_ratio_categorical_to_numerical')
715.31/266.05	(73.78947368421052, '0_class_probability_mean')
715.31/266.05	(74.28070175438596, '1_ratio_categorical_to_numerical')
715.31/266.05	(75.59649122807018, '1_class_probability_mean')
715.31/266.05	(75.6140350877193, '0_symbols_max')
715.31/266.05	(75.82456140350877, '1_number_of_classes')
715.31/266.05	(75.84210526315789, '1_symbols_max')
715.31/266.05	(76.9298245614035, '0_number_of_classes')
715.31/266.05	(77.50877192982456, '1_symbols_std')
715.31/266.05	(77.7719298245614, '1_percentage_of_features_with_missing_values')
715.31/266.05	(78.94736842105263, '0_symbols_std')
715.31/266.05	(80.26315789473684, '0_percentage_of_features_with_missing_values')
715.31/266.05	(82.57894736842105, '0_percentage_of_missing_values')
715.31/266.05	(82.84210526315789, '0_percentage_of_Instances_with_missing_values')
715.31/266.05	(83.12280701754386, '1_number_of_Instances_with_missing_values')
715.31/266.05	(83.7719298245614, '0_number_of_Instances_with_missing_values')
715.31/266.05	(84.80701754385964, '1_percentage_of_Instances_with_missing_values')
715.31/266.05	(84.94736842105263, '0_number_of_missing_values')
715.31/266.05	(85.14035087719299, '1_percentage_of_missing_values')
715.31/266.05	(85.94736842105263, '1_number_of_missing_values')
715.31/266.05	(87.15789473684211, '1_number_of_features_with_missing_values')
715.31/266.05	(87.28070175438596, '0_number_of_features_with_missing_values')
715.31/266.05	Result for ParamILS: SAT, 264.204020, 1, 0.325192, -1, /home/feurerm/thesis/Software/pyMetaLearn/optimizers/metalearn_optimizer/learn_distances.py
