0.69/1.00	['/home/feurerm/thesis/Software/pyMetaLearn/optimizers/metalearn_optimizer/learn_distances.py', '--input_file', '/home/feurerm/thesis/experiments/2014_04_25_predict_distances/testfold_0-3_spearman_rank_perm.pkl', '--fold', '0', '--folds', '1', '--params', '-max_features', '0.580342281739', '-min_samples_leaf', '7', '-min_samples_split', '1', '-n_estimators', '80', '-n_jobs', '4', '-seed', '55']
0.76/1.01	Metafeatures (57, 46)
0.76/1.01	X (3192, 92)
0.76/1.01	Y (3192,)
0.76/1.01	Dataset Mae MSE Rho
7.91/3.06	vehicle 0.457929313546 0.270017498755 -0.110537653914
15.58/5.36	anneal.ORIG 0.661509303684 0.495026871856 -0.153201309811
23.43/7.64	segment 0.285778713353 0.104525450468 0.722373264615
31.03/9.94	pendigits 0.383497645522 0.18044777959 0.291211772447
38.75/12.24	mushroom 0.210559784103 0.0538794844011 0.603108953813
46.58/14.63	labor 0.181589262415 0.04853964764 0.642217305051
54.24/16.91	abalone 0.413900467817 0.218335407777 0.194248918136
61.98/19.20	diabetes 0.483558868219 0.332581631268 -0.215580746084
69.60/21.51	car 0.594110336113 0.468707982729 -0.146090700495
77.26/23.81	autos 0.207400450093 0.0554357384479 0.581130706836
85.19/26.21	mfeat-fourier 0.656254478499 0.55730546391 -0.501944375815
92.95/28.52	primary-tumor 0.187100950677 0.0434839509895 0.650620752425
100.76/30.90	waveform-5000 0.242595673119 0.0810008683347 0.659024199798
108.49/33.20	credit-a 0.419379744335 0.24879294625 0.244023183349
116.08/35.49	letter 0.294812508534 0.111533414241 0.625410410304
124.06/37.88	postoperative-patient-data 0.450051775947 0.24393170939 -0.425990139938
131.62/40.19	vowel 0.499769997853 0.30795439095 -0.0145444281466
139.33/42.49	eucalyptus 0.290389116765 0.11084878939 0.511640661246
146.99/44.79	cylinder-bands 0.287539915615 0.0951872863276 0.538143841424
154.78/47.19	ionosphere 0.414977982069 0.196913445758 -0.0869433593653
162.59/49.48	mfeat-karhunen 0.271710685868 0.0965145486821 0.634783486221
170.25/51.76	balance-scale 0.194074487472 0.0536713798942 0.604725001384
177.88/54.05	mfeat-morphological 0.493908924224 0.326027432522 -0.2226913554
185.50/56.34	liver-disorders 0.160547259978 0.0382290165563 0.584362801979
193.27/58.64	dermatology 0.206830206097 0.0530561739078 0.520367318134
201.04/60.94	vote 0.0694060785767 0.00796016117297 0.775379624971
208.71/63.31	breast-cancer 0.149667917162 0.0330776273105 0.477380452723
216.57/65.60	credit-g 0.536161664804 0.39447067897 -0.475764405151
224.46/68.00	soybean 0.109889967956 0.0165777904578 0.834203756587
232.33/70.30	arrhythmia 0.302319570164 0.11496406956 -0.114416168087
240.04/72.60	nursery 0.2491001197 0.078655110899 0.645126190681
247.53/74.91	hepatitis 0.348524025456 0.175471927687 -0.373630198611
255.25/77.20	cmc 0.163170535437 0.0343054930138 0.708798465011
262.88/79.49	heart-c 0.275767694851 0.0999742984201 0.717201912385
270.62/81.78	glass 0.32879753086 0.129677777857 0.533618908223
278.52/84.18	braziltourism 0.694494128201 0.576679407019 -0.6095731441
286.33/86.48	iris 0.326461665903 0.145255457123 0.0646419028738
294.00/88.78	heart-statlog 0.3183536224 0.134740124231 0.661609875913
302.07/91.17	page-blocks 0.563925542973 0.423105998408 -0.586302059065
309.77/93.46	breast-w 0.231274710897 0.0705786076478 0.521013737163
317.41/95.75	heart-h 0.168650386545 0.0364635125641 0.700071808123
324.97/98.04	yeast 0.358065442608 0.157405254163 0.544284822197
332.75/100.33	tae 0.346653939628 0.153836619125 -0.0533295698709
340.54/102.62	haberman 0.289547848834 0.11154999313 -0.00452493320117
348.31/105.00	mfeat-pixel 0.394472350569 0.193746803248 0.100518158969
355.99/107.29	optdigits 0.242805032414 0.0733284803539 0.723666102672
363.78/109.58	mfeat-factors 0.255713858959 0.0860873239061 0.692961198807
371.48/111.86	satimage 0.358183748454 0.158153813954 0.0872665688796
379.15/114.17	lymph 0.272775851882 0.109077897611 0.381387226955
386.77/116.46	audiology 0.278840861202 0.0929608947469 0.516165594447
394.51/118.75	ecoli 0.423384459204 0.226723131117 0.0345834180375
402.23/121.05	tic-tac-toe 0.197772179937 0.0549950048811 0.710737722098
410.03/123.35	spambase 0.361773227925 0.168991156676 0.727867826359
417.81/125.65	zoo 0.181191544294 0.0443764164683 0.644802981166
425.58/127.97	sonar 0.55864626067 0.392083285883 -0.38171043647
433.29/130.26	mfeat-zernike 0.225224962604 0.0715948426044 0.579514659264
441.08/132.56	kr-vs-kp 0.22420925479 0.06056781481 0.603432163327
441.41/132.80	MAE 0.329035155049 0.143679255773
441.41/132.80	MSE 0.165252369913 0.165252369913
441.41/132.80	Mean tau 0.300295660903 0.419350663999
441.41/132.80	(0.2982456140350877, '1_class_probability_max')
441.41/132.80	(0.8421052631578947, '0_class_probability_max')
441.41/132.80	(2.3859649122807016, '0_skewness_min')
441.41/132.80	(2.6140350877192984, '1_skewness_min')
441.41/132.80	(6.0, '1_class_entropy')
441.41/132.80	(7.4035087719298245, '0_class_probability_std')
441.41/132.80	(7.701754385964913, '0_class_entropy')
441.41/132.80	(8.052631578947368, '0_landmark_decision_tree')
441.41/132.80	(9.491228070175438, '1_landmark_decision_tree')
441.41/132.80	(9.56140350877193, '0_landmark_naive_bayes')
441.41/132.80	(9.56140350877193, '1_class_probability_std')
441.41/132.80	(10.087719298245615, '0_landmark_random_node_learner')
441.41/132.80	(10.298245614035087, '1_landmark_naive_bayes')
441.41/132.80	(17.94736842105263, '0_pca_skewness_first_pc')
441.41/132.80	(18.50877192982456, '1_pca_skewness_first_pc')
441.41/132.80	(18.964912280701753, '1_landmark_random_node_learner')
441.41/132.80	(21.894736842105264, '0_skewness_max')
441.41/132.80	(22.087719298245613, '0_skewness_std')
441.41/132.80	(22.666666666666668, '1_skewness_max')
441.41/132.80	(22.912280701754387, '0_landmark_lda')
441.41/132.80	(23.403508771929825, '1_kurtosis_min')
441.41/132.80	(23.771929824561404, '1_landmark_lda')
441.41/132.80	(25.19298245614035, '1_landmark_1NN')
441.41/132.80	(25.29824561403509, '1_number_of_features')
441.41/132.80	(25.80701754385965, '0_kurtosis_min')
441.41/132.80	(25.912280701754387, '0_landmark_1NN')
441.41/132.80	(26.31578947368421, '1_kurtosis_std')
441.41/132.80	(26.43859649122807, '0_log_number_of_features')
441.41/132.80	(26.82456140350877, '1_log_number_of_features')
441.41/132.80	(28.596491228070175, '0_number_of_features')
441.41/132.80	(29.280701754385966, '1_skewness_std')
441.41/132.80	(32.19298245614035, '0_kurtosis_std')
441.41/132.80	(33.421052631578945, '0_number_of_numeric_features')
441.41/132.80	(36.280701754385966, '1_number_of_numeric_features')
441.41/132.80	(36.719298245614034, '1_class_probability_min')
441.41/132.80	(37.421052631578945, '0_class_probability_min')
441.41/132.80	(37.6140350877193, '1_symbols_sum')
441.41/132.80	(38.78947368421053, '0_kurtosis_max')
441.41/132.80	(38.85964912280702, '1_kurtosis_max')
441.41/132.80	(39.35087719298246, '0_symbols_sum')
441.41/132.80	(41.473684210526315, '1_number_of_instances')
441.41/132.80	(42.98245614035088, '0_number_of_instances')
441.41/132.80	(43.29824561403509, '1_log_number_of_instances')
441.41/132.80	(43.80701754385965, '0_log_number_of_instances')
441.41/132.80	(44.280701754385966, '0_skewness_mean')
441.41/132.80	(44.43859649122807, '0_landmark_decision_node_learner')
441.41/132.80	(45.771929824561404, '1_landmark_decision_node_learner')
441.41/132.80	(47.228070175438596, '1_pca_kurtosis_first_pc')
441.41/132.80	(47.26315789473684, '0_pca_kurtosis_first_pc')
441.41/132.80	(49.05263157894737, '1_number_of_categorical_features')
441.41/132.80	(49.49122807017544, '1_skewness_mean')
441.41/132.80	(49.59649122807018, '1_pca_95%')
441.41/132.80	(49.96491228070175, '0_number_of_categorical_features')
441.41/132.80	(50.50877192982456, '1_symbols_mean')
441.41/132.80	(52.14035087719298, '0_symbols_mean')
441.41/132.80	(53.49122807017544, '0_pca_95%')
441.41/132.80	(56.21052631578947, '0_dataset_ratio')
441.41/132.80	(56.21052631578947, '0_log_inverse_dataset_ratio')
441.41/132.80	(56.43859649122807, '1_log_inverse_dataset_ratio')
441.41/132.80	(57.07017543859649, '0_inverse_dataset_ratio')
441.41/132.80	(57.75438596491228, '1_dataset_ratio')
441.41/132.80	(58.280701754385966, '1_inverse_dataset_ratio')
441.41/132.80	(58.40350877192982, '1_symbols_min')
441.41/132.80	(58.94736842105263, '0_log_dataset_ratio')
441.41/132.80	(59.56140350877193, '0_symbols_min')
441.41/132.80	(59.94736842105263, '1_log_dataset_ratio')
441.41/132.80	(60.333333333333336, '1_ratio_numerical_to_categorical')
441.41/132.80	(60.56140350877193, '0_ratio_numerical_to_categorical')
441.41/132.80	(65.66666666666667, '0_kurtosis_mean')
441.41/132.80	(65.66666666666667, '1_kurtosis_mean')
441.41/132.80	(73.3157894736842, '0_symbols_max')
441.41/132.80	(74.12280701754386, '0_ratio_categorical_to_numerical')
441.41/132.80	(74.52631578947368, '1_symbols_max')
441.41/132.80	(74.75438596491227, '1_ratio_categorical_to_numerical')
441.41/132.80	(75.08771929824562, '0_number_of_classes')
441.41/132.80	(75.40350877192982, '0_class_probability_mean')
441.41/132.80	(75.9298245614035, '1_number_of_classes')
441.41/132.80	(76.35087719298245, '0_percentage_of_features_with_missing_values')
441.41/132.80	(76.70175438596492, '1_class_probability_mean')
441.41/132.80	(77.12280701754386, '1_percentage_of_features_with_missing_values')
441.41/132.80	(77.47368421052632, '0_symbols_std')
441.41/132.80	(78.82456140350877, '1_symbols_std')
441.41/132.80	(79.9298245614035, '0_percentage_of_missing_values')
441.41/132.80	(81.75438596491227, '1_percentage_of_missing_values')
441.41/132.80	(83.0, '0_number_of_Instances_with_missing_values')
441.41/132.80	(83.64912280701755, '1_percentage_of_Instances_with_missing_values')
441.41/132.80	(84.47368421052632, '0_percentage_of_Instances_with_missing_values')
441.41/132.80	(84.66666666666667, '1_number_of_Instances_with_missing_values')
441.41/132.80	(85.2280701754386, '0_number_of_missing_values')
441.41/132.80	(86.36842105263158, '1_number_of_missing_values')
441.41/132.80	(86.96491228070175, '1_number_of_features_with_missing_values')
441.41/132.80	(87.73684210526316, '0_number_of_features_with_missing_values')
441.41/132.80	Result for ParamILS: SAT, 131.808965, 1, 0.329035, -1, /home/feurerm/thesis/Software/pyMetaLearn/optimizers/metalearn_optimizer/learn_distances.py
