0.70/0.93	['/home/feurerm/thesis/Software/pyMetaLearn/optimizers/metalearn_optimizer/learn_distances.py', '--input_file', '/home/feurerm/thesis/experiments/2014_04_25_predict_distances/testfold_0-3_spearman_rank_perm.pkl', '--fold', '0', '--folds', '1', '--params', '-max_features', '0.120802196793', '-min_samples_leaf', '5', '-min_samples_split', '3', '-n_estimators', '27', '-n_jobs', '4', '-seed', '31']
0.70/0.94	Metafeatures (57, 46)
0.70/0.94	X (3192, 92)
0.70/0.94	Y (3192,)
0.70/0.94	Dataset Mae MSE Rho
1.39/1.29	vehicle 0.37514575229 0.181083114093 0.257597982952
2.19/1.72	anneal.ORIG 0.470169671679 0.272569483792 0.246608859464
2.97/2.16	segment 0.27613974675 0.0950368621511 0.681972075319
3.76/2.59	pendigits 0.40593877141 0.197009558391 0.272142411099
4.57/3.02	mushroom 0.2025239497 0.0500854179888 0.626056829333
5.39/3.45	labor 0.18951972798 0.0464780385109 0.769238644198
6.19/3.88	abalone 0.425268364135 0.232630513947 0.119264310802
7.00/4.31	diabetes 0.470664836714 0.305919068142 -0.0575312935577
7.83/4.74	car 0.469407734431 0.325920706565 0.135424786521
8.63/5.17	autos 0.228988182004 0.0666556584905 0.607310677499
9.44/5.61	mfeat-fourier 0.650056790677 0.546274891911 -0.480612547867
10.29/6.04	primary-tumor 0.199462052281 0.0492176091988 0.627996086419
11.09/6.47	waveform-5000 0.283344830645 0.105508880701 0.375246246182
11.94/6.90	credit-a 0.370864427809 0.191376586618 0.336137894944
12.71/7.33	letter 0.270278827623 0.100583284432 0.587918106637
13.53/7.76	postoperative-patient-data 0.460868992321 0.259957166928 -0.467360957778
14.35/9.28	vowel 0.535257240387 0.353661506086 -0.12055714886
15.19/9.84	eucalyptus 0.319090413738 0.135831433909 0.456048624775
16.00/10.55	cylinder-bands 0.262097664536 0.0831711763584 0.636399533793
16.86/11.06	ionosphere 0.444114619348 0.235214554805 -0.0617330172445
17.74/11.50	mfeat-karhunen 0.282444386158 0.105665047764 0.507115728045
18.55/11.95	balance-scale 0.209468854505 0.0637785269935 0.666458018629
19.39/12.39	mfeat-morphological 0.448583533636 0.267813094725 -0.159342290584
20.23/12.83	liver-disorders 0.228361465161 0.0758214621926 0.398194121703
21.07/13.27	dermatology 0.204029530371 0.0533286663712 0.519397689591
21.89/13.71	vote 0.0864629788706 0.011518529168 0.786691957974
22.74/14.14	breast-cancer 0.270769347062 0.0984381526899 -0.192956080078
23.56/14.58	credit-g 0.518865033174 0.366139991003 -0.317068533596
24.40/15.02	soybean 0.125892253748 0.0214874554969 0.804468481265
25.23/15.46	arrhythmia 0.260387331467 0.0920740881601 0.202975575024
26.12/15.90	nursery 0.259233389916 0.0925812876712 0.568202326261
26.88/16.33	hepatitis 0.414392463596 0.244659589415 -0.203621994053
27.71/16.77	cmc 0.206652544136 0.0548044500833 0.540406308025
28.55/17.21	heart-c 0.297830882541 0.115726839059 0.687789846577
29.40/17.65	glass 0.37988185654 0.17658275151 0.169684995044
30.24/18.10	braziltourism 0.623906922496 0.473509792648 -0.305432991079
31.03/18.54	iris 0.291913068227 0.115054164792 0.24563923092
31.86/18.97	heart-statlog 0.392447368195 0.207143425617 0.225923450544
32.71/19.43	page-blocks 0.511213956655 0.352542576429 -0.113769749058
33.53/19.87	breast-w 0.251382532392 0.0865253596188 0.47641082418
34.35/20.30	heart-h 0.187109002772 0.046182247719 0.601492906241
35.16/20.73	yeast 0.400338518671 0.202156577288 0.195218546679
35.98/21.17	tae 0.296996334775 0.119127718129 -0.0268263896926
36.79/21.61	haberman 0.320834965495 0.147156206864 -0.100194949454
37.64/22.04	mfeat-pixel 0.388125837521 0.179946739974 0.126374920118
38.44/22.47	optdigits 0.249812350953 0.0777444086192 0.626056829333
39.26/22.91	mfeat-factors 0.27867155031 0.102679249381 0.512610289789
40.06/23.34	satimage 0.366174924922 0.160571847308 0.0911450830521
40.89/23.77	lymph 0.281548702486 0.110283965968 0.467037748263
41.69/24.20	audiology 0.295370351768 0.116274071863 0.460573557976
42.46/24.63	ecoli 0.424472377696 0.230196723734 -0.0413708178392
43.28/25.06	tic-tac-toe 0.21088424669 0.0662596606726 0.672922208916
44.15/25.50	spambase 0.33301078268 0.146195642275 0.644802981166
44.93/25.93	zoo 0.186658317767 0.0492301290838 0.670336532801
45.75/26.37	sonar 0.516395036158 0.335677768535 -0.287656467788
46.61/26.80	mfeat-zernike 0.24364550489 0.0834147817243 0.500651537758
47.36/27.23	kr-vs-kp 0.21074355875 0.0551203989797 0.633813857678
47.48/27.31	MAE 0.329194994028 0.121127222035
47.48/27.31	MSE 0.160308752676 0.160308752676
47.48/27.31	Mean tau 0.294767077105 0.349290276675
47.48/27.31	(0.3333333333333333, '0_class_probability_max')
47.48/27.31	(1.4385964912280702, '1_class_probability_max')
47.48/27.31	(1.7719298245614035, '1_landmark_random_node_learner')
47.48/27.31	(5.666666666666667, '1_class_entropy')
47.48/27.31	(6.228070175438597, '0_class_entropy')
47.48/27.31	(7.105263157894737, '0_landmark_decision_tree')
47.48/27.31	(7.56140350877193, '0_landmark_random_node_learner')
47.48/27.31	(9.543859649122806, '1_class_probability_std')
47.48/27.31	(12.350877192982455, '0_class_probability_std')
47.48/27.31	(12.701754385964913, '1_skewness_min')
47.48/27.31	(13.421052631578947, '0_skewness_min')
47.48/27.31	(13.631578947368421, '1_landmark_1NN')
47.48/27.31	(15.385964912280702, '0_landmark_naive_bayes')
47.48/27.31	(16.649122807017545, '1_log_number_of_features')
47.48/27.31	(17.07017543859649, '0_landmark_1NN')
47.48/27.32	(18.228070175438596, '1_landmark_naive_bayes')
47.48/27.32	(19.140350877192983, '1_landmark_decision_tree')
47.48/27.32	(19.17543859649123, '0_pca_skewness_first_pc')
47.48/27.32	(20.666666666666668, '0_log_number_of_features')
47.48/27.32	(20.771929824561404, '1_ratio_numerical_to_categorical')
47.48/27.32	(22.45614035087719, '0_landmark_lda')
47.48/27.32	(25.526315789473685, '1_pca_skewness_first_pc')
47.48/27.32	(27.350877192982455, '0_ratio_numerical_to_categorical')
47.48/27.32	(28.36842105263158, '0_number_of_features')
47.48/27.32	(28.736842105263158, '0_skewness_max')
47.48/27.32	(29.964912280701753, '1_skewness_std')
47.48/27.32	(34.96491228070175, '1_number_of_features')
47.48/27.32	(36.666666666666664, '1_skewness_max')
47.48/27.32	(36.8421052631579, '1_number_of_categorical_features')
47.48/27.32	(37.333333333333336, '0_skewness_std')
47.48/27.32	(37.333333333333336, '1_landmark_lda')
47.48/27.32	(37.3859649122807, '0_number_of_numeric_features')
47.48/27.32	(38.68421052631579, '0_symbols_mean')
47.48/27.32	(39.824561403508774, '1_number_of_numeric_features')
47.48/27.32	(40.26315789473684, '0_kurtosis_min')
47.48/27.32	(40.43859649122807, '0_number_of_categorical_features')
47.48/27.32	(41.50877192982456, '1_kurtosis_min')
47.48/27.32	(42.1578947368421, '0_kurtosis_std')
47.48/27.32	(42.49122807017544, '1_kurtosis_std')
47.48/27.32	(42.54385964912281, '1_symbols_sum')
47.48/27.32	(42.6140350877193, '0_symbols_sum')
47.48/27.32	(45.92982456140351, '1_percentage_of_features_with_missing_values')
47.48/27.32	(46.3859649122807, '1_symbols_mean')
47.48/27.32	(46.64912280701754, '0_landmark_decision_node_learner')
47.48/27.32	(47.14035087719298, '1_class_probability_min')
47.48/27.32	(47.19298245614035, '0_pca_kurtosis_first_pc')
47.48/27.32	(47.26315789473684, '0_kurtosis_max')
47.48/27.32	(48.03508771929825, '1_kurtosis_max')
47.48/27.32	(50.63157894736842, '0_pca_95%')
47.48/27.32	(50.87719298245614, '1_landmark_decision_node_learner')
47.48/27.32	(51.50877192982456, '1_pca_kurtosis_first_pc')
47.48/27.32	(53.1578947368421, '1_pca_95%')
47.48/27.32	(54.21052631578947, '0_class_probability_min')
47.48/27.32	(54.56140350877193, '0_number_of_instances')
47.48/27.32	(54.68421052631579, '0_skewness_mean')
47.48/27.32	(54.771929824561404, '0_kurtosis_mean')
47.48/27.32	(56.01754385964912, '1_skewness_mean')
47.48/27.32	(56.19298245614035, '1_symbols_max')
47.48/27.32	(57.526315789473685, '1_number_of_instances')
47.48/27.32	(58.05263157894737, '0_dataset_ratio')
47.48/27.32	(58.578947368421055, '1_dataset_ratio')
47.48/27.32	(58.666666666666664, '1_symbols_min')
47.48/27.32	(59.666666666666664, '1_log_number_of_instances')
47.48/27.32	(60.54385964912281, '1_kurtosis_mean')
47.48/27.32	(60.85964912280702, '0_log_number_of_instances')
47.48/27.32	(61.29824561403509, '1_log_inverse_dataset_ratio')
47.48/27.32	(61.92982456140351, '1_inverse_dataset_ratio')
47.48/27.32	(62.19298245614035, '1_log_dataset_ratio')
47.48/27.32	(62.43859649122807, '0_log_dataset_ratio')
47.48/27.32	(63.175438596491226, '1_number_of_classes')
47.48/27.32	(63.40350877192982, '0_log_inverse_dataset_ratio')
47.48/27.32	(64.7719298245614, '0_symbols_max')
47.48/27.32	(64.91228070175438, '0_inverse_dataset_ratio')
47.48/27.32	(66.36842105263158, '0_ratio_categorical_to_numerical')
47.48/27.32	(66.78947368421052, '0_number_of_classes')
47.48/27.32	(69.59649122807018, '0_symbols_std')
47.48/27.32	(69.6140350877193, '0_percentage_of_features_with_missing_values')
47.48/27.32	(69.78947368421052, '0_class_probability_mean')
47.48/27.32	(70.05263157894737, '1_symbols_std')
47.48/27.32	(70.87719298245614, '1_ratio_categorical_to_numerical')
47.48/27.32	(70.96491228070175, '1_class_probability_mean')
47.48/27.32	(71.56140350877193, '0_symbols_min')
47.48/27.32	(72.2280701754386, '0_percentage_of_missing_values')
47.48/27.32	(72.94736842105263, '1_percentage_of_Instances_with_missing_values')
47.48/27.32	(74.70175438596492, '1_percentage_of_missing_values')
47.48/27.32	(79.10526315789474, '0_number_of_missing_values')
47.48/27.32	(79.78947368421052, '0_percentage_of_Instances_with_missing_values')
47.48/27.32	(79.9298245614035, '0_number_of_Instances_with_missing_values')
47.48/27.32	(80.43859649122807, '0_number_of_features_with_missing_values')
47.48/27.32	(80.87719298245614, '1_number_of_missing_values')
47.48/27.32	(82.0701754385965, '1_number_of_Instances_with_missing_values')
47.48/27.32	(82.7719298245614, '1_number_of_features_with_missing_values')
47.48/27.32	Result for ParamILS: SAT, 26.385307, 1, 0.329195, -1, /home/feurerm/thesis/Software/pyMetaLearn/optimizers/metalearn_optimizer/learn_distances.py
