0.77/1.09	['/home/feurerm/thesis/Software/pyMetaLearn/optimizers/metalearn_optimizer/learn_distances.py', '--input_file', '/home/feurerm/thesis/experiments/2014_04_25_predict_distances/testfold_0-3_spearman_rank_perm.pkl', '--fold', '0', '--folds', '1', '--params', '-max_features', '0.280376872093', '-min_samples_leaf', '5', '-min_samples_split', '9', '-n_estimators', '55', '-n_jobs', '4', '-seed', '45']
0.77/1.10	Metafeatures (57, 46)
0.77/1.10	X (3192, 92)
0.77/1.10	Y (3192,)
0.77/1.10	Dataset Mae MSE Rho
3.49/1.96	vehicle 0.400432061978 0.202571384557 0.124758872546
6.42/3.09	anneal.ORIG 0.516544014782 0.312143489273 0.405951150048
9.37/4.10	segment 0.278645468854 0.100970021738 0.664841971057
12.32/5.24	pendigits 0.399170860351 0.191779791908 0.227539498116
15.26/6.25	mushroom 0.195140746049 0.0469644596042 0.627672876905
18.23/7.39	labor 0.223415982003 0.0653216608426 0.69910217958
21.07/8.41	abalone 0.403564968322 0.20823359782 0.23303405986
23.97/9.42	diabetes 0.475013984578 0.312482880689 -0.0313513228938
26.91/10.46	car 0.431319677619 0.273780480489 0.260183659067
29.71/11.48	autos 0.21838540101 0.0626553758665 0.531033232108
32.63/12.52	mfeat-fourier 0.658725778744 0.562425899434 -0.487723157183
35.53/13.56	primary-tumor 0.207591471895 0.0520495615891 0.6095731441
38.45/14.64	waveform-5000 0.259672082751 0.0915892012215 0.542668774626
41.31/15.66	credit-a 0.398838536358 0.225951553681 0.295736705648
44.20/16.69	letter 0.273593958562 0.102424891264 0.643833352623
47.18/17.82	postoperative-patient-data 0.431416227123 0.230015741306 -0.338400361544
50.05/18.83	vowel 0.53437000383 0.359340527309 -0.0717525121899
52.89/19.85	eucalyptus 0.307423757417 0.127618921225 0.422758044795
55.74/20.87	cylinder-bands 0.257417810663 0.0766759891008 0.65320642854
58.57/21.89	ionosphere 0.444152753644 0.226335455457 -0.117971472745
61.40/22.91	mfeat-karhunen 0.271912737342 0.0990853233711 0.582746754407
64.30/23.92	balance-scale 0.192485428586 0.0550153516142 0.652560009511
67.14/24.94	mfeat-morphological 0.485025632822 0.314611444883 -0.211055812883
69.92/25.97	liver-disorders 0.211658578723 0.0631418520831 0.424050882852
72.84/27.08	dermatology 0.202971626771 0.0527890195068 0.520367318134
75.77/28.12	vote 0.0739314106926 0.00908549757276 0.782813443802
78.65/29.13	breast-cancer 0.203673615511 0.0567239318858 0.207823717739
81.60/30.15	credit-g 0.489721143806 0.32037420503 -0.398517331217
84.43/31.17	soybean 0.114934860776 0.0191715573965 0.834526966101
87.28/32.19	arrhythmia 0.270716091014 0.0973068926698 0.0940539686814
90.18/33.21	nursery 0.234778263756 0.0702134416044 0.673891837459
93.02/34.23	hepatitis 0.409321537321 0.230680878137 -0.160635128641
95.84/35.24	cmc 0.203251198513 0.0493256050992 0.643833352623
98.74/36.25	heart-c 0.27161189887 0.0954570982639 0.716878702871
101.59/37.27	glass 0.358054479217 0.155067929124 0.310604343309
104.49/38.39	braziltourism 0.597572460213 0.444478306312 -0.476087614666
107.35/39.43	iris 0.315396184457 0.132747774873 0.146090700495
110.26/40.45	heart-statlog 0.346075516944 0.159978302097 0.532972489195
113.30/41.57	page-blocks 0.525879494678 0.37718730646 -0.39431560753
116.32/42.60	breast-w 0.237283817682 0.0760979342869 0.500328328243
119.19/43.73	heart-h 0.172469852609 0.0377785722229 0.710737722098
122.11/44.75	yeast 0.36325994652 0.161754872654 0.513579918332
125.07/45.91	tae 0.354538497161 0.160324753854 -0.0265031801783
128.03/46.94	haberman 0.279337755542 0.105606748713 0.00581777125864
130.99/47.97	mfeat-pixel 0.383436086028 0.179459413796 0.152554890782
133.94/48.99	optdigits 0.225566279911 0.0646846666281 0.714293026756
136.97/50.12	mfeat-factors 0.283928516463 0.109719514043 0.564647021603
139.91/51.14	satimage 0.345776816247 0.147212597341 0.184552632705
142.84/52.26	lymph 0.288724693671 0.11479528788 0.471885890979
145.76/53.28	audiology 0.285162605057 0.10284211149 0.498065861643
148.77/54.30	ecoli 0.427901289809 0.235956518387 0.0462189605548
151.58/55.32	tic-tac-toe 0.192841382967 0.0562664556816 0.733362388103
154.52/56.45	spambase 0.354022647998 0.158395830693 0.785075910402
157.43/57.48	zoo 0.168687147806 0.038764067777 0.68649700852
160.38/58.50	sonar 0.551066064526 0.384579159461 -0.403688683447
163.19/59.53	mfeat-zernike 0.237332620768 0.0838161934986 0.541052727054
166.06/60.55	kr-vs-kp 0.199248111339 0.0500137744751 0.642217305051
166.26/60.73	MAE 0.323585821731 0.125427398532
166.26/60.73	MSE 0.156172650443 0.156172650443
166.26/60.73	Mean tau 0.328034975715 0.370372758543
166.26/60.73	(0.03508771929824561, '1_class_probability_max')
166.26/60.73	(1.1578947368421053, '0_class_probability_max')
166.26/60.73	(1.912280701754386, '0_landmark_decision_tree')
166.26/60.73	(4.105263157894737, '1_skewness_min')
166.26/60.73	(5.947368421052632, '0_class_probability_std')
166.26/60.73	(6.2631578947368425, '0_skewness_min')
166.26/60.73	(8.087719298245615, '0_class_entropy')
166.26/60.73	(8.140350877192983, '1_class_entropy')
166.26/60.73	(9.070175438596491, '1_landmark_random_node_learner')
166.26/60.73	(9.385964912280702, '1_landmark_decision_tree')
166.26/60.73	(9.666666666666666, '1_class_probability_std')
166.26/60.73	(12.491228070175438, '0_landmark_naive_bayes')
166.26/60.73	(12.736842105263158, '1_landmark_naive_bayes')
166.26/60.73	(12.912280701754385, '1_landmark_1NN')
166.26/60.73	(13.228070175438596, '0_landmark_random_node_learner')
166.26/60.73	(13.912280701754385, '0_landmark_1NN')
166.26/60.73	(17.280701754385966, '1_pca_skewness_first_pc')
166.26/60.73	(19.982456140350877, '1_landmark_lda')
166.26/60.73	(21.842105263157894, '0_landmark_lda')
166.26/60.73	(23.36842105263158, '1_number_of_features')
166.26/60.73	(24.017543859649123, '1_log_number_of_features')
166.26/60.73	(25.842105263157894, '0_pca_skewness_first_pc')
166.26/60.73	(26.403508771929825, '0_log_number_of_features')
166.26/60.73	(26.649122807017545, '1_ratio_numerical_to_categorical')
166.26/60.73	(26.92982456140351, '0_number_of_features')
166.26/60.73	(27.210526315789473, '0_skewness_max')
166.26/60.73	(28.29824561403509, '0_kurtosis_std')
166.26/60.73	(29.17543859649123, '0_skewness_std')
166.26/60.73	(30.649122807017545, '0_symbols_sum')
166.26/60.73	(31.228070175438596, '0_kurtosis_min')
166.26/60.73	(32.50877192982456, '1_symbols_sum')
166.26/60.73	(33.05263157894737, '1_skewness_std')
166.26/60.73	(33.10526315789474, '1_kurtosis_min')
166.26/60.73	(33.54385964912281, '0_number_of_categorical_features')
166.26/60.73	(34.03508771929825, '1_number_of_numeric_features')
166.26/60.73	(35.421052631578945, '1_skewness_max')
166.26/60.73	(36.8421052631579, '0_number_of_numeric_features')
166.26/60.73	(37.19298245614035, '0_landmark_decision_node_learner')
166.26/60.73	(37.6140350877193, '1_kurtosis_std')
166.26/60.73	(39.03508771929825, '1_number_of_categorical_features')
166.26/60.73	(41.94736842105263, '1_landmark_decision_node_learner')
166.26/60.73	(42.03508771929825, '0_kurtosis_max')
166.26/60.73	(43.19298245614035, '1_pca_kurtosis_first_pc')
166.26/60.73	(45.01754385964912, '0_class_probability_min')
166.26/60.73	(45.3859649122807, '1_class_probability_min')
166.26/60.73	(45.578947368421055, '1_kurtosis_max')
166.26/60.73	(45.80701754385965, '0_pca_kurtosis_first_pc')
166.26/60.73	(50.31578947368421, '0_pca_95%')
166.26/60.73	(51.421052631578945, '1_pca_95%')
166.26/60.73	(51.526315789473685, '0_ratio_numerical_to_categorical')
166.26/60.73	(52.10526315789474, '1_log_number_of_instances')
166.26/60.73	(53.6140350877193, '1_skewness_mean')
166.26/60.73	(54.19298245614035, '0_log_number_of_instances')
166.26/60.73	(54.824561403508774, '0_skewness_mean')
166.26/60.73	(54.89473684210526, '1_symbols_mean')
166.26/60.73	(55.05263157894737, '1_number_of_instances')
166.26/60.73	(55.10526315789474, '0_number_of_instances')
166.26/60.73	(58.10526315789474, '1_inverse_dataset_ratio')
166.26/60.73	(58.12280701754386, '0_symbols_mean')
166.26/60.73	(58.63157894736842, '1_kurtosis_mean')
166.26/60.73	(58.94736842105263, '1_log_inverse_dataset_ratio')
166.26/60.73	(59.26315789473684, '0_kurtosis_mean')
166.26/60.73	(60.0, '0_inverse_dataset_ratio')
166.26/60.73	(60.175438596491226, '1_dataset_ratio')
166.26/60.73	(60.70175438596491, '1_log_dataset_ratio')
166.26/60.73	(61.526315789473685, '0_dataset_ratio')
166.26/60.73	(61.666666666666664, '0_log_inverse_dataset_ratio')
166.26/60.73	(61.98245614035088, '0_log_dataset_ratio')
166.26/60.73	(64.36842105263158, '1_symbols_min')
166.26/60.73	(68.50877192982456, '0_symbols_max')
166.26/60.73	(68.89473684210526, '0_percentage_of_features_with_missing_values')
166.26/60.73	(69.26315789473684, '1_symbols_max')
166.26/60.73	(72.26315789473684, '0_ratio_categorical_to_numerical')
166.26/60.73	(72.57894736842105, '1_ratio_categorical_to_numerical')
166.26/60.73	(72.73684210526316, '0_symbols_min')
166.26/60.73	(73.91228070175438, '1_percentage_of_features_with_missing_values')
166.26/60.73	(74.21052631578948, '0_class_probability_mean')
166.26/60.73	(75.24561403508773, '1_percentage_of_missing_values')
166.26/60.73	(75.96491228070175, '0_number_of_classes')
166.26/60.73	(75.96491228070175, '1_symbols_std')
166.26/60.73	(76.36842105263158, '1_class_probability_mean')
166.26/60.73	(76.54385964912281, '0_percentage_of_missing_values')
166.26/60.73	(77.19298245614036, '0_symbols_std')
166.26/60.73	(77.50877192982456, '1_number_of_classes')
166.26/60.73	(82.47368421052632, '1_percentage_of_Instances_with_missing_values')
166.26/60.73	(83.29824561403508, '1_number_of_Instances_with_missing_values')
166.26/60.73	(83.7719298245614, '1_number_of_missing_values')
166.26/60.73	(83.91228070175438, '0_number_of_missing_values')
166.26/60.73	(84.33333333333333, '0_number_of_Instances_with_missing_values')
166.26/60.73	(84.57894736842105, '0_percentage_of_Instances_with_missing_values')
166.26/60.73	(84.82456140350877, '1_number_of_features_with_missing_values')
166.26/60.73	(85.85964912280701, '0_number_of_features_with_missing_values')
166.26/60.73	Result for ParamILS: SAT, 59.641523, 1, 0.323586, -1, /home/feurerm/thesis/Software/pyMetaLearn/optimizers/metalearn_optimizer/learn_distances.py
