0.74/1.78	['/home/feurerm/thesis/Software/pyMetaLearn/optimizers/metalearn_optimizer/learn_distances.py', '--input_file', '/home/feurerm/thesis/experiments/2014_04_25_predict_distances/testfold_0-3_spearman_rank_perm.pkl', '--fold', '0', '--folds', '1', '--params', '-max_features', '0.888679964321', '-min_samples_leaf', '5', '-min_samples_split', '7', '-n_estimators', '12', '-n_jobs', '4', '-seed', '65']
0.74/1.79	Metafeatures (57, 46)
0.74/1.79	X (3192, 92)
0.74/1.79	Y (3192,)
0.74/1.79	Dataset Mae MSE Rho
2.56/2.68	vehicle 0.451987463308 0.274109849107 -0.12848611749
4.44/3.36	anneal.ORIG 0.843174438354 0.783364121112 -0.163544014271
6.32/4.08	segment 0.296594231972 0.119938822355 0.526185089393
8.21/5.04	pendigits 0.417012593992 0.216385245665 0.224953822001
10.07/5.73	mushroom 0.246484561694 0.0799994422518 0.474471567094
11.96/6.42	labor 0.216141535691 0.0687208023273 0.473501938551
13.82/7.19	abalone 0.435784505313 0.243324087387 0.169361785529
15.64/7.91	diabetes 0.480297500742 0.327257950851 -0.24854811655
17.45/8.59	car 0.681800368977 0.587683753415 -0.140272929236
19.34/9.30	autos 0.177219733922 0.042564614 0.592443039838
21.19/9.98	mfeat-fourier 0.660079210534 0.560731571956 -0.465098491177
23.04/10.88	primary-tumor 0.19119389278 0.047421299508 0.611512401186
24.95/11.68	waveform-5000 0.206252816465 0.0694830386619 0.643186933594
26.80/12.38	credit-a 0.447947793332 0.279419067353 0.204591622596
28.70/13.18	letter 0.312438694333 0.125788094916 0.439564939542
30.60/14.11	postoperative-patient-data 0.445928805672 0.244487872491 -0.294120658076
32.50/14.80	vowel 0.458007521591 0.259509358198 0.193279289593
34.33/15.48	eucalyptus 0.279670879636 0.102439215116 0.474794776608
36.22/19.41	cylinder-bands 0.286934028793 0.100458948407 0.475317825833
38.11/20.12	ionosphere 0.433755236222 0.229585800043 -0.0685204170462
40.02/20.81	mfeat-karhunen 0.249614282685 0.0815513219239 0.636399533793
41.93/21.80	balance-scale 0.289853439862 0.127693513308 0.197481013279
43.77/22.55	mfeat-morphological 0.531936931073 0.368624345996 -0.279899439444
45.67/23.24	liver-disorders 0.167455554666 0.037682760868 0.454432577203
47.55/23.93	dermatology 0.237845658483 0.0744295238125 0.428252606539
49.45/24.77	vote 0.0863895525841 0.0115688082625 0.741765835477
51.35/25.45	breast-cancer 0.13408855804 0.0310388881915 0.393669188502
53.25/26.28	credit-g 0.586286677178 0.459526732877 -0.444736291772
55.12/26.96	soybean 0.120289266674 0.0202428202359 0.750815701879
56.97/27.81	arrhythmia 0.312959728553 0.126428720228 -0.290888562932
58.84/28.53	nursery 0.226913521483 0.0650180230983 0.677123932603
60.64/29.21	hepatitis 0.334360191136 0.15681060049 -0.175179556788
62.49/29.92	cmc 0.139266699609 0.0271053077957 0.67098295183
64.37/30.66	heart-c 0.194186455404 0.0558728314246 0.784106281859
66.23/31.35	glass 0.299643474407 0.115701797898 0.535881374824
68.17/32.20	braziltourism 0.662296240788 0.538500276487 -0.454755786717
69.97/32.88	iris 0.313435004929 0.127677399914 0.188754356392
71.84/33.66	heart-statlog 0.304602258192 0.129488260703 0.576605773634
73.78/34.35	page-blocks 0.689058638554 0.629565169828 -0.674861466003
75.63/35.12	breast-w 0.264745693485 0.0969356932577 0.335168266401
77.50/35.82	heart-h 0.179661695959 0.0447713614565 0.585332430522
79.37/36.52	yeast 0.310317223151 0.123583747638 0.582100335379
81.22/37.29	tae 0.400744387363 0.200922501854 0.0113123330029
83.06/38.14	haberman 0.30539123101 0.133519680531 0.0368458846381
84.98/38.84	mfeat-pixel 0.407874720817 0.208857170938 0.0843576832503
86.82/39.81	optdigits 0.249432959761 0.0807727717188 0.601169696726
88.73/40.63	mfeat-factors 0.283562052151 0.111853932432 0.560445297916
90.59/41.31	satimage 0.338602551809 0.152970364754 0.185845470762
92.46/42.15	lymph 0.251625879799 0.100687466559 0.37136773201
94.33/42.94	audiology 0.27178584951 0.0924958672683 0.48675352864
96.22/43.68	ecoli 0.420486746464 0.229489246783 0.119910729831
98.10/44.38	tic-tac-toe 0.177819328203 0.0461145394704 0.709340339198
100.08/45.18	spambase 0.364143224324 0.179828846106 0.550631700991
101.97/45.88	zoo 0.21297240122 0.0604329223768 0.494833766499
103.85/46.57	sonar 0.546767443728 0.377796239784 -0.277960182357
105.76/47.26	mfeat-zernike 0.256314339422 0.0983375234625 0.520367318134
107.67/47.96	kr-vs-kp 0.238252430879 0.0693702458561 0.567232697718
107.72/48.00	MAE 0.339117335205 0.159387561186
107.72/48.00	MSE 0.181683161065 0.181683161065
107.72/48.00	Mean tau 0.26729086563 0.374301385877
107.72/48.00	(0.5614035087719298, '1_class_probability_max')
107.72/48.00	(0.6140350877192983, '0_class_probability_max')
107.72/48.00	(2.3859649122807016, '0_skewness_min')
107.72/48.00	(2.6140350877192984, '1_skewness_min')
107.72/48.00	(8.56140350877193, '1_landmark_naive_bayes')
107.72/48.00	(9.210526315789474, '0_landmark_naive_bayes')
107.72/48.00	(10.491228070175438, '1_class_entropy')
107.72/48.00	(10.912280701754385, '0_class_entropy')
107.72/48.00	(15.456140350877194, '0_pca_skewness_first_pc')
107.72/48.00	(16.70175438596491, '1_landmark_lda')
107.72/48.00	(16.80701754385965, '1_pca_skewness_first_pc')
107.72/48.00	(18.789473684210527, '0_class_probability_std')
107.72/48.00	(19.614035087719298, '1_class_probability_std')
107.72/48.00	(20.07017543859649, '0_landmark_lda')
107.72/48.00	(20.403508771929825, '0_landmark_decision_tree')
107.72/48.00	(21.57894736842105, '1_landmark_decision_tree')
107.72/48.00	(22.228070175438596, '0_kurtosis_min')
107.72/48.00	(22.771929824561404, '1_kurtosis_min')
107.72/48.00	(24.263157894736842, '1_class_probability_min')
107.72/48.00	(25.140350877192983, '0_landmark_1NN')
107.72/48.00	(25.92982456140351, '0_class_probability_min')
107.72/48.00	(28.92982456140351, '0_landmark_random_node_learner')
107.72/48.00	(29.719298245614034, '0_number_of_instances')
107.72/48.00	(30.19298245614035, '0_skewness_max')
107.72/48.00	(31.0, '0_kurtosis_max')
107.72/48.00	(31.57894736842105, '1_number_of_numeric_features')
107.72/48.00	(31.771929824561404, '0_number_of_numeric_features')
107.72/48.00	(31.912280701754387, '1_landmark_1NN')
107.72/48.00	(32.35087719298246, '0_log_number_of_instances')
107.72/48.00	(32.6140350877193, '1_log_number_of_instances')
107.72/48.00	(32.87719298245614, '1_number_of_instances')
107.72/48.00	(33.29824561403509, '1_skewness_max')
107.72/48.00	(35.526315789473685, '1_kurtosis_max')
107.72/48.00	(37.80701754385965, '0_skewness_mean')
107.72/48.00	(37.824561403508774, '0_number_of_features')
107.72/48.00	(37.94736842105263, '1_number_of_features')
107.72/48.00	(38.40350877192982, '1_landmark_random_node_learner')
107.72/48.00	(38.526315789473685, '0_symbols_mean')
107.72/48.00	(38.80701754385965, '1_pca_kurtosis_first_pc')
107.72/48.00	(39.05263157894737, '1_log_number_of_features')
107.72/48.00	(39.719298245614034, '0_landmark_decision_node_learner')
107.72/48.00	(39.91228070175438, '0_log_number_of_features')
107.72/48.00	(40.91228070175438, '1_skewness_mean')
107.72/48.00	(41.333333333333336, '1_symbols_mean')
107.72/48.00	(41.719298245614034, '1_landmark_decision_node_learner')
107.72/48.00	(42.421052631578945, '0_pca_kurtosis_first_pc')
107.72/48.00	(44.473684210526315, '1_pca_95%')
107.72/48.00	(44.68421052631579, '0_pca_95%')
107.72/48.00	(46.24561403508772, '0_skewness_std')
107.72/48.00	(47.73684210526316, '0_log_dataset_ratio')
107.72/48.00	(48.98245614035088, '1_kurtosis_std')
107.72/48.00	(49.14035087719298, '1_inverse_dataset_ratio')
107.72/48.00	(49.19298245614035, '0_log_inverse_dataset_ratio')
107.72/48.00	(49.85964912280702, '0_inverse_dataset_ratio')
107.72/48.00	(49.94736842105263, '1_skewness_std')
107.72/48.00	(50.0, '0_kurtosis_std')
107.72/48.00	(50.08771929824562, '0_ratio_numerical_to_categorical')
107.72/48.00	(50.45614035087719, '1_symbols_min')
107.72/48.00	(51.0, '0_dataset_ratio')
107.72/48.00	(51.666666666666664, '1_log_dataset_ratio')
107.72/48.00	(53.43859649122807, '1_log_inverse_dataset_ratio')
107.72/48.00	(53.89473684210526, '1_symbols_sum')
107.72/48.00	(54.24561403508772, '1_dataset_ratio')
107.72/48.00	(54.59649122807018, '1_ratio_numerical_to_categorical')
107.72/48.00	(55.40350877192982, '0_symbols_min')
107.72/48.00	(56.05263157894737, '0_symbols_sum')
107.72/48.00	(60.68421052631579, '1_kurtosis_mean')
107.72/48.00	(60.87719298245614, '0_kurtosis_mean')
107.72/48.00	(64.56140350877193, '1_number_of_categorical_features')
107.72/48.00	(64.91228070175438, '0_number_of_categorical_features')
107.72/48.00	(71.08771929824562, '0_ratio_categorical_to_numerical')
107.72/48.00	(71.50877192982456, '0_class_probability_mean')
107.72/48.00	(71.59649122807018, '1_ratio_categorical_to_numerical')
107.72/48.00	(71.89473684210526, '1_class_probability_mean')
107.72/48.00	(72.05263157894737, '1_number_of_classes')
107.72/48.00	(72.64912280701755, '0_number_of_classes')
107.72/48.00	(73.05263157894737, '1_symbols_max')
107.72/48.00	(75.45614035087719, '1_symbols_std')
107.72/48.00	(76.29824561403508, '1_percentage_of_features_with_missing_values')
107.72/48.00	(76.7719298245614, '0_symbols_std')
107.72/48.00	(77.52631578947368, '0_percentage_of_features_with_missing_values')
107.72/48.00	(79.14035087719299, '0_symbols_max')
107.72/48.00	(80.0701754385965, '1_percentage_of_Instances_with_missing_values')
107.72/48.00	(80.24561403508773, '0_percentage_of_Instances_with_missing_values')
107.72/48.00	(80.71929824561404, '1_number_of_Instances_with_missing_values')
107.72/48.00	(80.91228070175438, '0_number_of_Instances_with_missing_values')
107.72/48.00	(82.10526315789474, '0_number_of_missing_values')
107.72/48.00	(82.54385964912281, '1_percentage_of_missing_values')
107.72/48.00	(82.57894736842105, '1_number_of_missing_values')
107.72/48.00	(84.2280701754386, '0_percentage_of_missing_values')
107.72/48.00	(84.49122807017544, '1_number_of_features_with_missing_values')
107.72/48.00	(85.66666666666667, '0_number_of_features_with_missing_values')
107.72/48.00	Result for ParamILS: SAT, 46.219889, 1, 0.339117, -1, /home/feurerm/thesis/Software/pyMetaLearn/optimizers/metalearn_optimizer/learn_distances.py
