0.71/1.67	['/home/feurerm/thesis/Software/pyMetaLearn/optimizers/metalearn_optimizer/learn_distances.py', '--input_file', '/home/feurerm/thesis/experiments/2014_04_25_predict_distances/testfold_0-3_spearman_rank_perm.pkl', '--fold', '0', '--folds', '1', '--params', '-max_features', '0.301670588571', '-min_samples_leaf', '2', '-min_samples_split', '1', '-n_estimators', '7', '-n_jobs', '4', '-seed', '75']
0.71/1.68	Metafeatures (57, 46)
0.71/1.68	X (3192, 92)
0.71/1.68	Y (3192,)
0.71/1.68	Dataset Mae MSE Rho
1.27/2.24	vehicle 0.413381739631 0.233902693979 0.0400779797818
1.82/2.63	anneal.ORIG 0.738367802273 0.639338906671 -0.519074480077
2.36/3.10	segment 0.248301425524 0.0861367503079 0.669690113773
2.90/3.52	pendigits 0.383773852525 0.185353749608 0.368458846381
3.45/3.99	mushroom 0.177752103598 0.041911283523 0.666458018629
4.04/4.50	labor 0.200214062935 0.0597437208741 0.653529638054
4.56/5.06	abalone 0.436611084222 0.253891881063 0.107305558771
5.13/5.44	diabetes 0.510824494736 0.367773185158 -0.303170524478
5.67/5.89	car 0.684235960745 0.578104679893 0.0349066275519
6.21/6.45	autos 0.200940723115 0.0593093928696 0.55850604083
6.76/6.84	mfeat-fourier 0.638966047281 0.529791785614 -0.441054861169
7.31/7.31	primary-tumor 0.171408675944 0.0430215154716 0.64803507631
7.86/7.70	waveform-5000 0.271840163056 0.108625633309 0.42017236868
8.41/8.08	credit-a 0.383287812261 0.205108868124 0.406274359562
8.94/8.53	letter 0.276751508065 0.105498617117 0.508731775617
9.52/8.91	postoperative-patient-data 0.47529898703 0.284848235056 -0.170331414072
10.08/13.48	vowel 0.437824771443 0.253671593456 0.268263896926
10.63/13.88	eucalyptus 0.244906494675 0.0867955525282 0.575959354606
11.16/14.26	cylinder-bands 0.238865224646 0.0751145897714 0.594382296925
11.72/14.68	ionosphere 0.478628622634 0.286559744312 -0.134778367492
12.26/15.06	mfeat-karhunen 0.298518518396 0.139305612147 0.37136773201
12.81/16.70	balance-scale 0.196855937534 0.0580499006725 0.513256708818
13.36/17.14	mfeat-morphological 0.520645694163 0.36568105283 -0.278283391872
13.89/17.52	liver-disorders 0.149417591887 0.0381384532454 0.554627526657
14.43/17.91	dermatology 0.234470546591 0.0698548343404 0.414677806935
14.98/18.29	vote 0.0944141307351 0.0144063998361 0.7220500551
15.53/22.22	breast-cancer 0.19770250792 0.054563866925 0.205238041624
16.05/22.59	credit-g 0.644463306023 0.585596682569 -0.505822889988
16.59/22.97	soybean 0.158369895535 0.032654682466 0.704919950839
17.14/23.34	arrhythmia 0.317620195742 0.132317316244 -0.0274728087214
17.68/23.74	nursery 0.196239518059 0.0562309636914 0.703303903267
18.23/24.14	hepatitis 0.285662173885 0.11016976733 0.175825975817
18.79/24.52	cmc 0.169139862127 0.0420263748611 0.57111121189
19.33/24.90	heart-c 0.2541376182 0.0980974841547 0.524569041821
19.89/25.30	glass 0.354747281883 0.168097061371 0.257597982952
20.45/29.68	braziltourism 0.65395304133 0.536338185046 -0.262446125668
21.03/30.30	iris 0.331317661349 0.158889441384 0.0943771781958
21.56/30.68	heart-statlog 0.290579294516 0.13625320168 0.447321967887
22.13/31.06	page-blocks 0.650402962926 0.605745936852 -0.219459260257
22.68/31.43	breast-w 0.30206521391 0.122815379045 0.42760618751
23.24/31.81	heart-h 0.152686946322 0.0356426683706 0.641247676508
23.78/32.24	yeast 0.318849343578 0.135304927415 0.480935757381
24.33/37.04	tae 0.417435019267 0.221392640975 -0.0639954838451
24.90/37.41	haberman 0.33072659944 0.151657120542 -0.0151908471753
25.46/37.79	mfeat-pixel 0.410650716965 0.208343559143 0.114739377601
26.03/38.17	optdigits 0.324482061978 0.146297338529 0.321593466797
26.60/38.55	mfeat-factors 0.288766406109 0.127611603315 0.414354597421
27.16/38.95	satimage 0.350382998615 0.151059972638 0.180997328047
27.72/39.36	lymph 0.308798961863 0.146905571914 0.172917090187
28.28/39.77	audiology 0.2433120806 0.0759261063214 0.564323812088
28.85/40.23	ecoli 0.400876477452 0.213397798453 0.180674118532
29.40/40.73	tic-tac-toe 0.1342642267 0.0306395655252 0.749846073336
29.98/41.11	spambase 0.329338351458 0.139255554868 0.618299800988
30.54/41.61	zoo 0.210867136584 0.056672513895 0.495156976013
31.10/41.99	sonar 0.594652520089 0.455702358609 -0.31512927651
31.68/42.40	mfeat-zernike 0.239922404357 0.0894314832624 0.501944375815
32.20/42.78	kr-vs-kp 0.199566214722 0.0528091055445 0.633056757494
32.26/42.80	MAE 0.336289175003 0.155380803022
32.26/42.80	MSE 0.183294471311 0.183294471311
32.26/42.80	Mean tau 0.281096152642 0.348592522598
32.26/42.80	(0.07017543859649122, '0_class_probability_max')
32.26/42.80	(0.9473684210526315, '1_class_probability_max')
32.26/42.80	(2.3859649122807016, '1_skewness_min')
32.26/42.80	(3.8596491228070176, '0_skewness_min')
32.26/42.80	(7.350877192982456, '1_class_entropy')
32.26/42.80	(10.824561403508772, '1_landmark_naive_bayes')
32.26/42.80	(13.912280701754385, '0_landmark_naive_bayes')
32.26/42.80	(19.43859649122807, '0_skewness_std')
32.26/42.80	(21.105263157894736, '1_number_of_features')
32.26/42.80	(22.385964912280702, '0_class_probability_std')
32.26/42.80	(22.82456140350877, '0_skewness_max')
32.26/42.80	(22.859649122807017, '1_kurtosis_min')
32.26/42.80	(23.82456140350877, '1_skewness_std')
32.26/42.80	(24.736842105263158, '1_number_of_numeric_features')
32.26/42.80	(25.07017543859649, '1_landmark_decision_tree')
32.26/42.80	(25.49122807017544, '0_landmark_decision_tree')
32.26/42.80	(26.07017543859649, '0_pca_skewness_first_pc')
32.26/42.80	(26.36842105263158, '1_class_probability_std')
32.26/42.80	(27.68421052631579, '1_landmark_random_node_learner')
32.26/42.80	(28.49122807017544, '0_log_number_of_features')
32.26/42.80	(28.63157894736842, '0_kurtosis_std')
32.26/42.80	(29.035087719298247, '0_number_of_features')
32.26/42.80	(29.29824561403509, '0_landmark_lda')
32.26/42.80	(29.54385964912281, '1_pca_skewness_first_pc')
32.26/42.80	(30.210526315789473, '0_kurtosis_max')
32.26/42.80	(30.350877192982455, '0_landmark_1NN')
32.26/42.80	(31.035087719298247, '1_landmark_lda')
32.26/42.80	(31.75438596491228, '1_log_number_of_features')
32.26/42.80	(32.333333333333336, '1_landmark_1NN')
32.26/42.80	(32.78947368421053, '1_skewness_max')
32.26/42.80	(34.10526315789474, '0_class_probability_min')
32.26/42.80	(35.228070175438596, '1_kurtosis_max')
32.26/42.80	(35.78947368421053, '0_number_of_numeric_features')
32.26/42.80	(36.771929824561404, '1_class_probability_min')
32.26/42.80	(37.45614035087719, '1_log_number_of_instances')
32.26/42.80	(37.94736842105263, '1_landmark_decision_node_learner')
32.26/42.80	(38.21052631578947, '0_landmark_random_node_learner')
32.26/42.80	(39.64912280701754, '0_landmark_decision_node_learner')
32.26/42.80	(39.78947368421053, '0_kurtosis_min')
32.26/42.80	(39.92982456140351, '0_log_number_of_instances')
32.26/42.80	(40.6140350877193, '0_number_of_instances')
32.26/42.80	(41.824561403508774, '1_skewness_mean')
32.26/42.80	(41.8421052631579, '0_class_entropy')
32.26/42.80	(44.80701754385965, '1_kurtosis_mean')
32.26/42.80	(44.80701754385965, '1_number_of_instances')
32.26/42.80	(45.56140350877193, '0_symbols_mean')
32.26/42.80	(45.771929824561404, '1_pca_kurtosis_first_pc')
32.26/42.80	(46.26315789473684, '0_inverse_dataset_ratio')
32.26/42.80	(46.36842105263158, '1_kurtosis_std')
32.26/42.81	(47.08771929824562, '1_pca_95%')
32.26/42.81	(47.63157894736842, '0_pca_95%')
32.26/42.81	(47.64912280701754, '0_pca_kurtosis_first_pc')
32.26/42.81	(47.78947368421053, '0_log_inverse_dataset_ratio')
32.26/42.81	(47.87719298245614, '1_log_dataset_ratio')
32.26/42.81	(48.26315789473684, '0_symbols_sum')
32.26/42.81	(48.526315789473685, '1_log_inverse_dataset_ratio')
32.26/42.81	(49.26315789473684, '1_inverse_dataset_ratio')
32.26/42.81	(49.3859649122807, '0_log_dataset_ratio')
32.26/42.81	(50.05263157894737, '0_ratio_numerical_to_categorical')
32.26/42.81	(50.12280701754386, '0_dataset_ratio')
32.26/42.81	(51.73684210526316, '0_skewness_mean')
32.26/42.81	(51.96491228070175, '1_symbols_mean')
32.26/42.81	(52.771929824561404, '1_symbols_sum')
32.26/42.81	(53.94736842105263, '0_symbols_min')
32.26/42.81	(54.10526315789474, '1_ratio_numerical_to_categorical')
32.26/42.81	(54.56140350877193, '1_dataset_ratio')
32.26/42.81	(56.63157894736842, '0_kurtosis_mean')
32.26/42.81	(57.175438596491226, '0_number_of_categorical_features')
32.26/42.81	(61.68421052631579, '1_symbols_min')
32.26/42.81	(64.75438596491227, '1_number_of_categorical_features')
32.26/42.81	(64.85964912280701, '0_symbols_max')
32.26/42.81	(67.84210526315789, '0_number_of_classes')
32.26/42.81	(70.19298245614036, '1_number_of_classes')
32.26/42.81	(70.40350877192982, '0_ratio_categorical_to_numerical')
32.26/42.81	(70.52631578947368, '1_class_probability_mean')
32.26/42.81	(70.84210526315789, '1_symbols_std')
32.26/42.81	(71.21052631578948, '1_symbols_max')
32.26/42.81	(71.26315789473684, '0_class_probability_mean')
32.26/42.81	(71.87719298245614, '1_ratio_categorical_to_numerical')
32.26/42.81	(73.63157894736842, '0_percentage_of_features_with_missing_values')
32.26/42.81	(74.57894736842105, '0_symbols_std')
32.26/42.81	(77.49122807017544, '1_percentage_of_features_with_missing_values')
32.26/42.81	(78.10526315789474, '1_number_of_Instances_with_missing_values')
32.26/42.81	(78.3157894736842, '1_percentage_of_Instances_with_missing_values')
32.26/42.81	(79.80701754385964, '1_number_of_missing_values')
32.26/42.81	(79.85964912280701, '0_number_of_missing_values')
32.26/42.81	(80.40350877192982, '0_percentage_of_Instances_with_missing_values')
32.26/42.81	(80.52631578947368, '1_percentage_of_missing_values')
32.26/42.81	(80.6842105263158, '0_percentage_of_missing_values')
32.26/42.81	(81.52631578947368, '0_number_of_Instances_with_missing_values')
32.26/42.81	(81.9298245614035, '0_number_of_features_with_missing_values')
32.26/42.81	(83.71929824561404, '1_number_of_features_with_missing_values')
32.26/42.81	Result for ParamILS: SAT, 41.136431, 1, 0.336289, -1, /home/feurerm/thesis/Software/pyMetaLearn/optimizers/metalearn_optimizer/learn_distances.py
