0.67/0.99	['/home/feurerm/thesis/Software/pyMetaLearn/optimizers/metalearn_optimizer/learn_distances.py', '--input_file', '/home/feurerm/thesis/experiments/2014_04_25_predict_distances/testfold_0-3_spearman_rank_perm.pkl', '--fold', '0', '--folds', '1', '--params', '-max_features', '0.606574424275', '-min_samples_leaf', '3', '-min_samples_split', '9', '-n_estimators', '10', '-n_jobs', '4', '-seed', '36']
0.75/1.01	Metafeatures (57, 46)
0.75/1.01	X (3192, 92)
0.75/1.01	Y (3192,)
0.75/1.01	Dataset Mae MSE Rho
1.83/3.60	vehicle 0.450835944337 0.264405603483 -0.13833367215
2.98/4.20	anneal.ORIG 0.739422178335 0.624166018902 -0.144797862437
4.15/4.78	segment 0.25832610082 0.0890109000969 0.705566369868
5.33/5.37	pendigits 0.343527345926 0.153286856828 0.444287216326
6.47/5.95	mushroom 0.210857579993 0.058386318722 0.576928983149
7.62/6.93	labor 0.220715171431 0.0733928896307 0.460250348462
8.79/7.59	abalone 0.428568307377 0.233737414486 0.0617330172445
9.91/8.22	diabetes 0.520276125312 0.363984060377 -0.341955666202
11.06/8.80	car 0.54335963116 0.410273353322 0.0468653795835
12.22/9.38	autos 0.207456880223 0.0593988922608 0.510994242217
13.42/9.99	mfeat-fourier 0.69543976561 0.626137901648 -0.511317451732
14.59/10.67	primary-tumor 0.202255513417 0.0550159919131 0.582100335379
15.74/11.26	waveform-5000 0.190076051025 0.0553989628899 0.676477513574
16.96/12.02	credit-a 0.447595708471 0.281466802223 0.191340032506
18.08/12.60	letter 0.338222553179 0.146495433007 0.408084838568
19.31/13.19	postoperative-patient-data 0.469975664481 0.275205633097 -0.177442023389
20.45/13.77	vowel 0.536957322324 0.365934570069 -0.152728781167
21.59/14.42	eucalyptus 0.318810036226 0.131715883144 0.367166008323
22.75/15.16	cylinder-bands 0.253471216603 0.0782240132822 0.595998344497
23.91/15.84	ionosphere 0.416671032805 0.228929315313 0.024563923092
25.04/16.45	mfeat-karhunen 0.253060696781 0.0907919504072 0.542022355597
26.19/17.05	balance-scale 0.226578183394 0.0791607775221 0.451846901088
27.32/17.66	mfeat-morphological 0.469282660504 0.293713198001 -0.0808023785923
28.49/18.26	liver-disorders 0.164067245747 0.0421380706415 0.48384464301
29.66/18.86	dermatology 0.224276542526 0.0656765702457 0.446998758372
30.84/19.44	vote 0.0947305505278 0.0134606686086 0.731423131017
32.01/20.05	breast-cancer 0.157880848085 0.0383339632361 0.28183869653
33.15/20.66	credit-g 0.577259899127 0.464370820753 -0.454109367689
34.33/21.24	soybean 0.121217645269 0.0213903500732 0.736594483247
35.48/21.81	arrhythmia 0.33896506818 0.141591567625 -0.140272929236
36.65/22.48	nursery 0.208840685975 0.0575404814735 0.682295284833
37.79/23.06	hepatitis 0.357099865198 0.187047291993 -0.194895337165
38.93/23.64	cmc 0.18832434639 0.0466509216402 0.588127020812
40.13/24.31	heart-c 0.227882934863 0.0778783120655 0.703950322296
41.29/24.99	glass 0.306953162654 0.119380150661 0.536204584338
42.48/25.67	braziltourism 0.744720660804 0.6703173243 -0.443443453714
43.66/26.31	iris 0.249125579125 0.0883479281595 0.319977419225
44.79/26.88	heart-statlog 0.364719923607 0.184368560893 0.257921192467
46.01/28.04	page-blocks 0.600089224922 0.492256960341 -0.386104823501
47.16/28.61	breast-w 0.230573689347 0.0718407261012 0.467037748263
48.32/29.20	heart-h 0.140566390862 0.029777059813 0.680032818232
49.48/29.78	yeast 0.378033639206 0.182711949864 0.2766673443
50.66/30.36	tae 0.390025796152 0.193305486274 0.0290888562932
51.83/30.94	haberman 0.294090440406 0.115329017865 -0.029735275322
52.99/31.52	mfeat-pixel 0.414421333873 0.213575961503 0.0872665688796
54.17/32.10	optdigits 0.210938149874 0.0580216774365 0.706212788896
55.31/32.68	mfeat-factors 0.291652512487 0.112202948292 0.506469309016
56.50/33.27	satimage 0.33365362775 0.147060941925 0.165806480871
57.67/33.85	lymph 0.261525473958 0.105461434511 0.316098905053
58.82/34.43	audiology 0.281429438015 0.104601040591 0.431034560183
59.99/35.02	ecoli 0.427246474455 0.240065014374 0.0927611306239
61.15/35.61	tic-tac-toe 0.170178204107 0.044276153412 0.710633281261
62.34/36.19	spambase 0.379869222123 0.191504584587 0.560445297916
63.48/36.77	zoo 0.136940248329 0.0267393479766 0.720110798014
64.62/37.35	sonar 0.529129349648 0.359743852011 -0.331936171257
65.79/37.93	mfeat-zernike 0.239137014129 0.0804192705055 0.481905385924
66.95/38.51	kr-vs-kp 0.208088310228 0.0580274632887 0.630581762534
66.95/38.54	MAE 0.333077108205 0.154627056403
66.95/38.54	MSE 0.176906080941 0.176906080941
66.95/38.54	Mean tau 0.276310161199 0.362939567417
66.95/38.54	(0.543859649122807, '1_class_probability_max')
66.95/38.54	(0.6491228070175439, '0_class_probability_max')
66.95/38.54	(2.263157894736842, '0_skewness_min')
66.95/38.54	(3.0, '1_skewness_min')
66.95/38.54	(9.964912280701755, '1_landmark_naive_bayes')
66.95/38.54	(12.333333333333334, '0_landmark_naive_bayes')
66.95/38.54	(16.17543859649123, '1_landmark_decision_tree')
66.95/38.54	(16.666666666666668, '1_class_entropy')
66.95/38.54	(16.789473684210527, '0_landmark_decision_tree')
66.95/38.54	(18.385964912280702, '1_class_probability_std')
66.95/38.54	(18.473684210526315, '0_class_entropy')
66.95/38.54	(20.210526315789473, '0_class_probability_std')
66.95/38.54	(20.45614035087719, '0_pca_skewness_first_pc')
66.95/38.54	(20.49122807017544, '1_pca_skewness_first_pc')
66.95/38.54	(21.771929824561404, '0_landmark_lda')
66.95/38.54	(25.31578947368421, '1_landmark_lda')
66.95/38.54	(25.75438596491228, '1_skewness_std')
66.95/38.54	(26.75438596491228, '0_kurtosis_min')
66.95/38.54	(27.29824561403509, '0_kurtosis_std')
66.95/38.55	(27.92982456140351, '1_landmark_random_node_learner')
66.95/38.55	(29.43859649122807, '1_landmark_1NN')
66.95/38.55	(30.157894736842106, '1_kurtosis_std')
66.95/38.55	(30.29824561403509, '1_kurtosis_min')
66.95/38.55	(30.719298245614034, '0_skewness_max')
66.95/38.55	(30.859649122807017, '1_log_number_of_features')
66.95/38.55	(31.210526315789473, '1_class_probability_min')
66.95/38.55	(31.49122807017544, '0_landmark_1NN')
66.95/38.55	(31.92982456140351, '0_number_of_numeric_features')
66.95/38.55	(31.964912280701753, '0_landmark_random_node_learner')
66.95/38.55	(32.12280701754386, '0_class_probability_min')
66.95/38.55	(32.14035087719298, '1_skewness_max')
66.95/38.55	(33.10526315789474, '0_number_of_features')
66.95/38.55	(34.01754385964912, '1_kurtosis_max')
66.95/38.55	(34.21052631578947, '1_number_of_features')
66.95/38.55	(34.35087719298246, '0_log_number_of_features')
66.95/38.55	(34.54385964912281, '0_kurtosis_max')
66.95/38.55	(34.70175438596491, '1_number_of_instances')
66.95/38.55	(35.19298245614035, '1_number_of_numeric_features')
66.95/38.55	(37.19298245614035, '0_skewness_std')
66.95/38.55	(37.73684210526316, '1_log_number_of_instances')
66.95/38.55	(39.228070175438596, '0_number_of_instances')
66.95/38.55	(40.526315789473685, '1_skewness_mean')
66.95/38.55	(41.0, '0_landmark_decision_node_learner')
66.95/38.55	(41.08771929824562, '1_pca_kurtosis_first_pc')
66.95/38.55	(41.24561403508772, '0_log_number_of_instances')
66.95/38.55	(43.14035087719298, '0_skewness_mean')
66.95/38.55	(43.19298245614035, '1_landmark_decision_node_learner')
66.95/38.55	(44.80701754385965, '0_pca_kurtosis_first_pc')
66.95/38.55	(45.36842105263158, '0_symbols_mean')
66.95/38.55	(45.80701754385965, '0_dataset_ratio')
66.95/38.55	(46.43859649122807, '1_symbols_mean')
66.95/38.55	(47.578947368421055, '0_pca_95%')
66.95/38.55	(48.40350877192982, '1_pca_95%')
66.95/38.55	(48.91228070175438, '1_dataset_ratio')
66.95/38.55	(49.280701754385966, '1_log_dataset_ratio')
66.95/38.55	(49.666666666666664, '1_symbols_sum')
66.95/38.55	(50.14035087719298, '0_log_dataset_ratio')
66.95/38.55	(50.75438596491228, '1_log_inverse_dataset_ratio')
66.95/38.55	(50.89473684210526, '0_inverse_dataset_ratio')
66.95/38.55	(51.0, '0_ratio_numerical_to_categorical')
66.95/38.55	(52.56140350877193, '0_log_inverse_dataset_ratio')
66.95/38.55	(54.43859649122807, '1_inverse_dataset_ratio')
66.95/38.55	(55.40350877192982, '1_symbols_min')
66.95/38.55	(56.19298245614035, '0_symbols_min')
66.95/38.55	(56.45614035087719, '0_symbols_sum')
66.95/38.55	(57.10526315789474, '1_ratio_numerical_to_categorical')
66.95/38.55	(61.73684210526316, '1_kurtosis_mean')
66.95/38.55	(62.03508771929825, '1_number_of_categorical_features')
66.95/38.55	(63.12280701754386, '0_kurtosis_mean')
66.95/38.55	(66.6842105263158, '0_number_of_categorical_features')
66.95/38.55	(68.47368421052632, '0_ratio_categorical_to_numerical')
66.95/38.55	(68.54385964912281, '1_ratio_categorical_to_numerical')
66.95/38.55	(69.84210526315789, '1_symbols_max')
66.95/38.55	(71.26315789473684, '0_number_of_classes')
66.95/38.55	(71.52631578947368, '1_number_of_classes')
66.95/38.55	(72.82456140350877, '0_class_probability_mean')
66.95/38.55	(73.45614035087719, '0_symbols_std')
66.95/38.55	(73.57894736842105, '0_symbols_max')
66.95/38.55	(74.12280701754386, '1_class_probability_mean')
66.95/38.55	(75.63157894736842, '1_symbols_std')
66.95/38.55	(77.36842105263158, '1_percentage_of_features_with_missing_values')
66.95/38.55	(78.89473684210526, '0_percentage_of_missing_values')
66.95/38.55	(79.47368421052632, '1_percentage_of_Instances_with_missing_values')
66.95/38.55	(79.80701754385964, '0_percentage_of_features_with_missing_values')
66.95/38.55	(79.98245614035088, '0_number_of_Instances_with_missing_values')
66.95/38.55	(80.71929824561404, '0_number_of_missing_values')
66.95/38.55	(81.2280701754386, '0_percentage_of_Instances_with_missing_values')
66.95/38.55	(81.45614035087719, '1_number_of_Instances_with_missing_values')
66.95/38.55	(82.01754385964912, '1_percentage_of_missing_values')
66.95/38.55	(83.57894736842105, '1_number_of_missing_values')
66.95/38.55	(84.57894736842105, '0_number_of_features_with_missing_values')
66.95/38.55	(84.80701754385964, '1_number_of_features_with_missing_values')
66.95/38.55	Result for ParamILS: SAT, 37.552009, 1, 0.333077, -1, /home/feurerm/thesis/Software/pyMetaLearn/optimizers/metalearn_optimizer/learn_distances.py
