0.77/1.01	['/home/feurerm/thesis/Software/pyMetaLearn/optimizers/metalearn_optimizer/learn_distances.py', '--input_file', '/home/feurerm/thesis/experiments/2014_04_25_predict_distances/testfold_0-3_spearman_rank_perm.pkl', '--fold', '0', '--folds', '1', '--params', '-max_features', '0.838092212334', '-min_samples_leaf', '7', '-min_samples_split', '7', '-n_estimators', '15', '-n_jobs', '4', '-seed', '63']
0.77/1.02	Metafeatures (57, 46)
0.77/1.02	X (3192, 92)
0.77/1.02	Y (3192,)
0.77/1.02	Dataset Mae MSE Rho
2.82/1.77	vehicle 0.457512207969 0.262641646915 -0.144797862437
4.95/2.56	anneal.ORIG 0.843190434132 0.796484700537 -0.200389898909
7.07/3.35	segment 0.291887638095 0.113128591256 0.650620752425
9.19/4.14	pendigits 0.405006741682 0.206253171764 0.242407135777
11.30/4.94	mushroom 0.242880009152 0.0723754853315 0.514226337361
13.45/5.73	labor 0.218931483071 0.0710432123404 0.433747168283
15.53/6.58	abalone 0.413145807717 0.216348727214 0.11717287444
17.61/7.38	diabetes 0.475601561178 0.332619887514 -0.215580746084
19.67/8.17	car 0.632106178343 0.508637578642 -0.0640057816139
21.77/8.97	autos 0.197778845091 0.0535305669239 0.52747792745
23.96/9.76	mfeat-fourier 0.668109980882 0.587808741427 -0.519074480077
26.02/10.59	primary-tumor 0.191200344922 0.0478319598129 0.608280306043
28.16/11.38	waveform-5000 0.19758998343 0.0589170361615 0.705566369868
30.25/12.18	credit-a 0.444253205299 0.277334877904 0.181643747075
32.32/12.98	letter 0.306594151017 0.12276049175 0.567555907232
34.53/13.78	postoperative-patient-data 0.427784696566 0.226859906894 -0.119587520317
36.61/14.57	vowel 0.48500626364 0.294014113353 0.0817720071354
38.70/15.37	eucalyptus 0.262427602188 0.0922118418617 0.516165594447
40.80/16.16	cylinder-bands 0.30243110223 0.109242723973 0.421660730228
42.92/16.96	ionosphere 0.415418170823 0.208158937597 -0.0536527793853
45.03/17.76	mfeat-karhunen 0.262671972301 0.0918872133667 0.579191449749
47.13/18.56	balance-scale 0.268351848039 0.103406196753 0.314482857481
49.21/19.35	mfeat-morphological 0.473118695372 0.300732878587 -0.151585262239
51.30/20.14	liver-disorders 0.145269989724 0.029055680252 0.484167852525
53.40/20.94	dermatology 0.213285467926 0.0584162847358 0.479319709809
55.49/21.74	vote 0.0703158281073 0.00884266060616 0.775379624971
57.62/22.53	breast-cancer 0.162659583969 0.0370696537564 0.346157389889
59.75/23.32	credit-g 0.536858570165 0.399337026963 -0.335033612021
61.90/24.12	soybean 0.130573735215 0.0230277490998 0.711384141126
64.03/24.91	arrhythmia 0.338147031033 0.150228693449 -0.335814685429
66.14/25.71	nursery 0.256240360825 0.0852230581384 0.619480865835
68.29/26.50	hepatitis 0.291129083237 0.112990194254 0.0229478755202
70.39/27.29	cmc 0.166101534639 0.0352932988364 0.600523277698
72.45/28.08	heart-c 0.225180483739 0.0682657524771 0.78636874846
74.58/28.88	glass 0.304923740672 0.118302880335 0.531033232108
76.81/29.67	braziltourism 0.795624856714 0.733780785019 -0.364448043949
78.90/30.47	iris 0.34556660399 0.160736321558 -0.0452493320117
80.98/31.26	heart-statlog 0.273677639792 0.104542081763 0.705566369868
83.19/32.05	page-blocks 0.588293555591 0.47449342566 -0.345187761346
85.33/32.84	breast-w 0.257058233931 0.0863198874201 0.387851417243
87.48/33.64	heart-h 0.136973120807 0.0267254174385 0.707182417439
89.62/34.43	yeast 0.359390456321 0.161786260292 0.408860035677
91.75/35.23	tae 0.36168861982 0.163424494162 0.0135747996035
93.88/36.03	haberman 0.3086308586 0.122061152584 -0.0602834236776
96.01/36.82	mfeat-pixel 0.409835003873 0.211865963691 0.0820952166497
98.12/37.62	optdigits 0.230732022834 0.0717175663467 0.681865320364
100.22/38.41	mfeat-factors 0.252242505353 0.0830692337796 0.6095731441
102.33/39.20	satimage 0.328181148115 0.144163274755 0.186491889791
104.45/40.00	lymph 0.228131420708 0.0811581875635 0.408213616648
106.51/40.79	audiology 0.286604899638 0.10201459283 0.37136773201
108.65/41.59	ecoli 0.380228522975 0.19122810451 0.252103421208
110.76/42.39	tic-tac-toe 0.160922361185 0.0375567195913 0.736271273733
112.96/43.18	spambase 0.396069492982 0.209180332732 0.535234955795
115.07/43.98	zoo 0.198975007031 0.0534135172713 0.509054985131
117.16/44.77	sonar 0.528375296118 0.349198558805 -0.279899439444
119.27/45.57	mfeat-zernike 0.24390514056 0.0852294570647 0.516165594447
121.34/46.36	kr-vs-kp 0.256171874357 0.0802101363187 0.539113469968
121.41/46.41	MAE 0.334227420591 0.158097238126
121.41/46.41	MSE 0.175686998104 0.175686998104
121.41/46.41	Mean tau 0.284819805503 0.356305215773
121.41/46.41	(0.2631578947368421, '1_class_probability_max')
121.41/46.41	(0.9649122807017544, '0_class_probability_max')
121.41/46.41	(2.3333333333333335, '1_skewness_min')
121.41/46.41	(2.6666666666666665, '0_skewness_min')
121.41/46.41	(8.0, '1_landmark_naive_bayes')
121.41/46.41	(8.24561403508772, '0_landmark_naive_bayes')
121.41/46.41	(13.280701754385966, '0_class_entropy')
121.41/46.41	(14.964912280701755, '1_pca_skewness_first_pc')
121.41/46.41	(15.719298245614034, '0_pca_skewness_first_pc')
121.41/46.41	(16.49122807017544, '0_landmark_lda')
121.41/46.41	(17.017543859649123, '0_class_probability_std')
121.41/46.41	(17.350877192982455, '0_landmark_decision_tree')
121.41/46.41	(17.859649122807017, '1_class_probability_std')
121.41/46.41	(18.087719298245613, '1_class_entropy')
121.41/46.41	(18.263157894736842, '1_landmark_lda')
121.41/46.41	(21.017543859649123, '0_kurtosis_min')
121.41/46.41	(25.614035087719298, '1_landmark_decision_tree')
121.41/46.41	(26.403508771929825, '1_class_probability_min')
121.41/46.41	(27.105263157894736, '1_kurtosis_min')
121.41/46.41	(27.54385964912281, '1_skewness_max')
121.41/46.41	(27.982456140350877, '1_landmark_1NN')
121.41/46.41	(28.92982456140351, '0_class_probability_min')
121.41/46.41	(29.36842105263158, '0_landmark_1NN')
121.41/46.41	(31.49122807017544, '1_number_of_numeric_features')
121.41/46.41	(31.894736842105264, '0_number_of_numeric_features')
121.41/46.41	(32.31578947368421, '0_skewness_max')
121.41/46.41	(32.31578947368421, '1_kurtosis_max')
121.41/46.41	(32.85964912280702, '1_log_number_of_instances')
121.41/46.41	(33.578947368421055, '1_number_of_instances')
121.41/46.41	(34.08771929824562, '0_number_of_instances')
121.41/46.41	(34.26315789473684, '0_number_of_features')
121.41/46.41	(34.719298245614034, '0_log_number_of_instances')
121.41/46.41	(34.78947368421053, '0_kurtosis_max')
121.41/46.41	(36.63157894736842, '0_landmark_random_node_learner')
121.41/46.41	(36.64912280701754, '0_log_number_of_features')
121.41/46.41	(37.0, '0_skewness_mean')
121.41/46.41	(37.68421052631579, '1_symbols_mean')
121.41/46.41	(38.31578947368421, '0_landmark_decision_node_learner')
121.41/46.41	(38.85964912280702, '1_log_number_of_features')
121.41/46.41	(39.80701754385965, '1_landmark_decision_node_learner')
121.41/46.41	(40.0, '0_symbols_mean')
121.41/46.41	(40.80701754385965, '0_pca_kurtosis_first_pc')
121.41/46.41	(41.14035087719298, '1_number_of_features')
121.41/46.41	(41.59649122807018, '1_landmark_random_node_learner')
121.41/46.41	(41.70175438596491, '1_skewness_std')
121.41/46.41	(42.1578947368421, '0_skewness_std')
121.41/46.41	(42.40350877192982, '1_skewness_mean')
121.41/46.41	(42.421052631578945, '1_pca_kurtosis_first_pc')
121.41/46.41	(43.10526315789474, '0_kurtosis_std')
121.41/46.41	(44.49122807017544, '1_symbols_min')
121.41/46.41	(45.35087719298246, '1_kurtosis_std')
121.41/46.41	(46.228070175438596, '0_pca_95%')
121.41/46.41	(47.94736842105263, '1_pca_95%')
121.41/46.41	(49.78947368421053, '0_dataset_ratio')
121.41/46.41	(49.91228070175438, '1_inverse_dataset_ratio')
121.41/46.41	(50.421052631578945, '1_dataset_ratio')
121.41/46.41	(50.45614035087719, '0_inverse_dataset_ratio')
121.41/46.41	(50.54385964912281, '0_log_dataset_ratio')
121.41/46.41	(50.94736842105263, '0_log_inverse_dataset_ratio')
121.41/46.41	(51.175438596491226, '1_log_dataset_ratio')
121.41/46.41	(51.56140350877193, '1_log_inverse_dataset_ratio')
121.41/46.41	(52.6140350877193, '0_symbols_min')
121.41/46.41	(53.98245614035088, '0_symbols_sum')
121.41/46.41	(54.92982456140351, '1_symbols_sum')
121.41/46.41	(56.59649122807018, '1_ratio_numerical_to_categorical')
121.41/46.41	(57.01754385964912, '0_ratio_numerical_to_categorical')
121.41/46.41	(60.666666666666664, '1_number_of_categorical_features')
121.41/46.41	(62.21052631578947, '1_kurtosis_mean')
121.41/46.41	(62.280701754385966, '0_kurtosis_mean')
121.41/46.41	(63.49122807017544, '0_number_of_categorical_features')
121.41/46.41	(69.12280701754386, '0_number_of_classes')
121.41/46.41	(69.40350877192982, '0_symbols_max')
121.41/46.41	(69.96491228070175, '0_class_probability_mean')
121.41/46.41	(71.28070175438596, '1_number_of_classes')
121.41/46.41	(72.71929824561404, '0_ratio_categorical_to_numerical')
121.41/46.41	(73.80701754385964, '1_ratio_categorical_to_numerical')
121.41/46.41	(74.08771929824562, '1_class_probability_mean')
121.41/46.41	(75.19298245614036, '1_symbols_max')
121.41/46.41	(76.89473684210526, '0_symbols_std')
121.41/46.41	(77.17543859649123, '1_symbols_std')
121.41/46.41	(78.26315789473684, '0_percentage_of_features_with_missing_values')
121.41/46.41	(79.0, '1_percentage_of_features_with_missing_values')
121.41/46.41	(79.80701754385964, '1_percentage_of_Instances_with_missing_values')
121.41/46.41	(80.64912280701755, '0_number_of_Instances_with_missing_values')
121.41/46.41	(81.3157894736842, '0_percentage_of_Instances_with_missing_values')
121.41/46.41	(81.78947368421052, '0_number_of_missing_values')
121.41/46.41	(82.17543859649123, '1_number_of_Instances_with_missing_values')
121.41/46.41	(82.3157894736842, '0_percentage_of_missing_values')
121.41/46.41	(82.52631578947368, '1_number_of_missing_values')
121.41/46.41	(84.91228070175438, '1_percentage_of_missing_values')
121.41/46.41	(86.42105263157895, '0_number_of_features_with_missing_values')
121.41/46.41	(86.49122807017544, '1_number_of_features_with_missing_values')
121.41/46.41	Result for ParamILS: SAT, 45.403120, 1, 0.334227, -1, /home/feurerm/thesis/Software/pyMetaLearn/optimizers/metalearn_optimizer/learn_distances.py
