0.73/7.09	['/home/feurerm/thesis/Software/pyMetaLearn/optimizers/metalearn_optimizer/learn_distances.py', '--input_file', '/home/feurerm/thesis/experiments/2014_04_25_predict_distances/testfold_0-3_spearman_rank_perm.pkl', '--fold', '0', '--folds', '1', '--params', '-max_features', '0.558744215836', '-min_samples_leaf', '2', '-min_samples_split', '2', '-n_estimators', '62', '-n_jobs', '4', '-seed', '30']
0.78/7.10	Metafeatures (57, 46)
0.78/7.10	X (3192, 92)
0.78/7.10	Y (3192,)
0.78/7.10	Dataset Mae MSE Rho
7.59/9.13	vehicle 0.465543360964 0.275149457776 -0.112800120515
14.85/11.71	anneal.ORIG 0.660026399581 0.49210284534 -0.120880358374
22.24/17.09	segment 0.251416647161 0.0798594527065 0.793156148262
29.58/19.98	pendigits 0.390612705599 0.181888131233 0.28927251536
36.81/22.19	mushroom 0.1998502009 0.0496983481851 0.62508720079
44.16/24.55	labor 0.19036437778 0.0511517052087 0.619592639045
51.41/26.87	abalone 0.388738525504 0.193505979648 0.317068533596
58.69/31.63	diabetes 0.497198409246 0.345819044094 -0.168068947472
66.04/33.99	car 0.59318705854 0.467632796575 -0.180997328047
73.31/36.39	autos 0.194365994989 0.0485517068514 0.619592639045
80.72/38.71	mfeat-fourier 0.691195961264 0.614885923766 -0.517458432505
88.02/40.91	primary-tumor 0.180100041448 0.0405069624352 0.654176057083
95.23/43.23	waveform-5000 0.224407487657 0.0704994677012 0.645126190681
102.47/45.53	credit-a 0.418552405487 0.251468959517 0.211379022397
109.70/48.14	letter 0.299182425641 0.11250301283 0.547516917341
117.31/50.45	postoperative-patient-data 0.464211683168 0.262008945854 -0.550749012485
124.47/52.65	vowel 0.480514132558 0.288367804208 0.0943771781958
131.71/54.91	eucalyptus 0.267835791068 0.0978741492862 0.51713522299
139.00/57.29	cylinder-bands 0.247943035247 0.0729996318643 0.611189191672
146.24/59.57	ionosphere 0.454551443762 0.23677289392 -0.185199051733
153.57/61.91	mfeat-karhunen 0.275257618794 0.102741574407 0.548486545884
160.88/68.41	balance-scale 0.22182588118 0.0716055764278 0.473825148065
168.12/70.76	mfeat-morphological 0.513404609912 0.352109830286 -0.235942945489
175.44/72.98	liver-disorders 0.154846902711 0.0364301645869 0.606341048956
182.93/75.20	dermatology 0.2267090275 0.0646972225092 0.464452072148
190.13/77.56	vote 0.071602811851 0.00820718483005 0.793479357776
197.37/79.78	breast-cancer 0.159668745343 0.035996769305 0.425666930424
204.61/82.10	credit-g 0.555664208928 0.418893722594 -0.459280719918
211.86/84.45	soybean 0.106068653532 0.0156062619347 0.841637575417
219.02/86.68	arrhythmia 0.315219256135 0.128155539301 -0.2204288888
226.17/88.89	nursery 0.211080572987 0.0580804027008 0.716232283842
233.22/95.26	hepatitis 0.374760753278 0.203187132663 -0.249840954607
240.42/97.61	cmc 0.185743313466 0.0429752241192 0.655145685626
247.50/99.84	heart-c 0.212502638585 0.0613876662921 0.833557337558
254.72/102.06	glass 0.301412597188 0.109445879193 0.607957096528
261.96/104.24	braziltourism 0.690357025659 0.579039292049 -0.519720899105
269.13/106.49	iris 0.322831630603 0.138127814444 0.127667758176
276.26/112.74	heart-statlog 0.331653567205 0.147413202857 0.538790260453
283.73/115.58	page-blocks 0.630108743278 0.533864438028 -0.509054985131
291.02/120.86	breast-w 0.212417343791 0.0601966761199 0.55042580297
298.24/123.06	heart-h 0.131009832949 0.0238239968824 0.753724587509
305.49/125.30	yeast 0.336512428184 0.136879943691 0.605048210899
312.83/127.71	tae 0.368378218547 0.166706336159 0.021008618434
320.11/130.14	haberman 0.291629939069 0.111865706081 -0.029735275322
327.44/132.38	mfeat-pixel 0.416333504505 0.212898175666 0.0969628543107
334.82/134.69	optdigits 0.208482584845 0.0553279108031 0.749199654307
342.17/136.91	mfeat-factors 0.271197312601 0.0992716732317 0.631228181563
349.45/139.47	satimage 0.377023633626 0.171280168203 0.087589778394
356.73/141.72	lymph 0.297837065068 0.132987885937 0.29961521982
363.96/144.09	audiology 0.288275616581 0.10357925906 0.437302472941
371.34/146.43	ecoli 0.418846055274 0.222062388638 0.0869433593653
378.72/148.77	tic-tac-toe 0.155361075044 0.0371581074439 0.753724587509
386.10/151.41	spambase 0.419756628173 0.217218372113 0.684557751434
393.41/153.71	zoo 0.192750610338 0.0521921858565 0.580484287807
400.76/155.90	sonar 0.57653860026 0.419668225226 -0.378478341326
407.88/158.14	mfeat-zernike 0.198089880341 0.0594216606128 0.664195552028
415.06/160.62	kr-vs-kp 0.200106830293 0.0493994664181 0.680032818232
415.34/160.86	MAE 0.329492347459 0.153211504282
415.34/160.86	MSE 0.16970439045 0.16970439045
415.34/160.86	Mean tau 0.305637123404 0.417843054805
415.34/160.86	(0.40350877192982454, '1_class_probability_max')
415.34/160.86	(0.7368421052631579, '0_class_probability_max')
415.34/160.86	(2.210526315789474, '0_skewness_min')
415.34/160.86	(2.807017543859649, '1_skewness_min')
415.34/160.86	(5.894736842105263, '0_class_entropy')
415.34/160.86	(7.912280701754386, '1_class_entropy')
415.34/160.86	(8.087719298245615, '1_landmark_decision_tree')
415.34/160.86	(8.280701754385966, '0_class_probability_std')
415.34/160.86	(9.017543859649123, '1_class_probability_std')
415.34/160.86	(9.578947368421053, '0_landmark_decision_tree')
415.34/160.86	(10.543859649122806, '1_landmark_naive_bayes')
415.34/160.86	(11.298245614035087, '0_landmark_naive_bayes')
415.34/160.86	(11.631578947368421, '0_landmark_random_node_learner')
415.34/160.86	(12.070175438596491, '1_landmark_random_node_learner')
415.34/160.86	(18.63157894736842, '1_pca_skewness_first_pc')
415.34/160.86	(19.56140350877193, '0_pca_skewness_first_pc')
415.34/160.86	(21.140350877192983, '1_skewness_std')
415.34/160.86	(23.0, '0_skewness_std')
415.34/160.86	(23.210526315789473, '0_kurtosis_min')
415.34/160.86	(23.614035087719298, '1_skewness_max')
415.34/160.86	(24.473684210526315, '1_landmark_lda')
415.34/160.86	(25.63157894736842, '0_landmark_lda')
415.34/160.86	(25.87719298245614, '1_log_number_of_features')
415.34/160.86	(26.140350877192983, '0_landmark_1NN')
415.34/160.86	(26.43859649122807, '1_kurtosis_min')
415.34/160.86	(26.63157894736842, '0_log_number_of_features')
415.34/160.86	(26.63157894736842, '1_kurtosis_std')
415.34/160.86	(26.70175438596491, '1_landmark_1NN')
415.34/160.86	(26.80701754385965, '1_number_of_features')
415.34/160.86	(27.789473684210527, '0_skewness_max')
415.34/160.86	(28.280701754385966, '0_number_of_features')
415.34/160.86	(31.859649122807017, '0_kurtosis_std')
415.34/160.86	(34.473684210526315, '1_number_of_numeric_features')
415.34/160.86	(35.78947368421053, '0_number_of_numeric_features')
415.34/160.86	(36.01754385964912, '0_class_probability_min')
415.34/160.86	(37.94736842105263, '1_class_probability_min')
415.34/160.86	(38.70175438596491, '0_symbols_sum')
415.34/160.86	(38.92982456140351, '1_kurtosis_max')
415.34/160.86	(39.64912280701754, '1_symbols_sum')
415.34/160.86	(41.03508771929825, '0_kurtosis_max')
415.34/160.86	(42.68421052631579, '1_log_number_of_instances')
415.34/160.86	(43.3859649122807, '0_number_of_instances')
415.34/160.86	(43.85964912280702, '1_landmark_decision_node_learner')
415.34/160.86	(44.24561403508772, '0_log_number_of_instances')
415.34/160.86	(44.68421052631579, '1_number_of_instances')
415.34/160.86	(45.45614035087719, '0_number_of_categorical_features')
415.34/160.86	(46.70175438596491, '0_pca_kurtosis_first_pc')
415.34/160.86	(47.01754385964912, '1_number_of_categorical_features')
415.34/160.86	(47.10526315789474, '0_landmark_decision_node_learner')
415.34/160.86	(47.333333333333336, '0_skewness_mean')
415.34/160.86	(48.87719298245614, '1_skewness_mean')
415.34/160.86	(50.35087719298246, '1_pca_95%')
415.34/160.86	(50.473684210526315, '1_pca_kurtosis_first_pc')
415.34/160.86	(50.98245614035088, '0_pca_95%')
415.34/160.86	(52.45614035087719, '1_symbols_mean')
415.34/160.86	(53.771929824561404, '1_symbols_min')
415.34/160.86	(54.578947368421055, '0_dataset_ratio')
415.34/160.86	(54.70175438596491, '0_symbols_mean')
415.34/160.86	(55.40350877192982, '0_inverse_dataset_ratio')
415.34/160.86	(55.75438596491228, '0_log_dataset_ratio')
415.34/160.86	(57.26315789473684, '1_log_inverse_dataset_ratio')
415.34/160.86	(57.45614035087719, '1_inverse_dataset_ratio')
415.34/160.86	(57.824561403508774, '1_log_dataset_ratio')
415.34/160.86	(58.05263157894737, '1_dataset_ratio')
415.34/160.86	(58.175438596491226, '0_symbols_min')
415.34/160.86	(58.50877192982456, '0_log_inverse_dataset_ratio')
415.34/160.86	(59.31578947368421, '0_ratio_numerical_to_categorical')
415.34/160.86	(59.75438596491228, '1_ratio_numerical_to_categorical')
415.34/160.86	(65.9298245614035, '1_kurtosis_mean')
415.34/160.86	(66.85964912280701, '0_kurtosis_mean')
415.34/160.86	(72.64912280701755, '1_symbols_max')
415.34/160.86	(73.59649122807018, '0_ratio_categorical_to_numerical')
415.34/160.86	(73.9298245614035, '1_ratio_categorical_to_numerical')
415.34/160.86	(74.45614035087719, '0_class_probability_mean')
415.34/160.86	(75.52631578947368, '1_number_of_classes')
415.34/160.86	(75.70175438596492, '1_class_probability_mean')
415.34/160.86	(76.52631578947368, '0_number_of_classes')
415.34/160.86	(77.29824561403508, '0_symbols_max')
415.34/160.86	(77.40350877192982, '0_percentage_of_features_with_missing_values')
415.34/160.86	(77.50877192982456, '1_symbols_std')
415.34/160.86	(77.54385964912281, '1_percentage_of_features_with_missing_values')
415.34/160.86	(78.73684210526316, '0_symbols_std')
415.34/160.86	(80.14035087719299, '0_percentage_of_missing_values')
415.34/160.86	(81.03508771929825, '1_percentage_of_missing_values')
415.34/160.86	(83.89473684210526, '0_number_of_missing_values')
415.34/160.86	(83.98245614035088, '0_percentage_of_Instances_with_missing_values')
415.34/160.86	(84.2280701754386, '1_number_of_Instances_with_missing_values')
415.34/160.86	(84.28070175438596, '1_percentage_of_Instances_with_missing_values')
415.34/160.86	(84.85964912280701, '1_number_of_missing_values')
415.34/160.86	(85.0, '0_number_of_Instances_with_missing_values')
415.34/160.86	(86.0, '0_number_of_features_with_missing_values')
415.34/160.86	(87.29824561403508, '1_number_of_features_with_missing_values')
415.34/160.86	Result for ParamILS: SAT, 153.770738, 1, 0.329492, -1, /home/feurerm/thesis/Software/pyMetaLearn/optimizers/metalearn_optimizer/learn_distances.py
