0.76/2.03	['/home/feurerm/thesis/Software/pyMetaLearn/optimizers/metalearn_optimizer/learn_distances.py', '--input_file', '/home/feurerm/thesis/experiments/2014_04_25_predict_distances/testfold_0-3_spearman_rank_perm.pkl', '--fold', '0', '--folds', '1', '--params', '-max_features', '0.527890876203', '-min_samples_leaf', '2', '-min_samples_split', '7', '-n_estimators', '22', '-n_jobs', '4', '-seed', '42']
0.76/2.04	Metafeatures (57, 46)
0.76/2.04	X (3192, 92)
0.76/2.04	Y (3192,)
0.76/2.04	Dataset Mae MSE Rho
2.98/3.00	vehicle 0.438475765924 0.249694059401 0.00904986640233
5.27/3.83	anneal.ORIG 0.618071786987 0.43328180708 -0.045572541526
7.61/4.68	segment 0.273246431119 0.0994635249459 0.673891837459
9.89/5.51	pendigits 0.37566385027 0.170580655865 0.359732189493
12.21/6.35	mushroom 0.185513015273 0.0446631400017 0.636722743307
14.54/7.28	labor 0.188492577361 0.0531310018866 0.588241316152
16.83/8.44	abalone 0.404749587883 0.208386816239 0.222368145886
19.17/9.42	diabetes 0.470931178786 0.322375526806 -0.219782469771
21.43/10.28	car 0.541649592642 0.398528308795 0.0132515900891
23.74/11.13	autos 0.210941213152 0.0584552773738 0.54299198414
26.11/12.11	mfeat-fourier 0.683351316511 0.614398652894 -0.53264927968
28.42/13.13	primary-tumor 0.202568476105 0.0493253986535 0.596321554011
30.75/14.17	waveform-5000 0.250045412951 0.0896110025263 0.498712280671
33.06/15.20	credit-a 0.422768161861 0.25288301475 0.246608859464
35.34/16.06	letter 0.29998562632 0.116755441922 0.489662414269
37.66/17.03	postoperative-patient-data 0.461982359293 0.254287476364 -0.324179142912
39.99/17.90	vowel 0.527086469039 0.352375845082 -0.106335930227
42.31/18.80	eucalyptus 0.262322927782 0.0898534466266 0.496449814071
44.59/20.12	cylinder-bands 0.264342093518 0.0831712031244 0.60440179187
46.96/21.07	ionosphere 0.472211631115 0.259795121979 -0.175179556788
49.26/22.08	mfeat-karhunen 0.226941778934 0.072570182079 0.68649700852
51.57/22.92	balance-scale 0.178463198738 0.0454992408751 0.639631628936
53.89/23.76	mfeat-morphological 0.489864333858 0.330671517384 -0.208793346282
56.20/24.66	liver-disorders 0.1685352103 0.0419141880944 0.606987467985
58.63/25.58	dermatology 0.219035616316 0.0618527647807 0.470593052921
60.94/26.57	vote 0.077989081419 0.0103314111586 0.779904558173
63.27/27.52	breast-cancer 0.194103079981 0.0510916772685 0.257597982952
65.56/28.42	credit-g 0.526666235837 0.370965284718 -0.391406721901
67.87/29.26	soybean 0.112135635997 0.0189316328045 0.797034662434
70.28/30.26	arrhythmia 0.308820290052 0.126765561028 -0.0866201498509
72.60/31.19	nursery 0.200519446297 0.0516015201411 0.718817959957
74.90/32.03	hepatitis 0.43287268342 0.26832542108 -0.416617064022
77.23/32.96	cmc 0.16636450764 0.0397670406582 0.644802981166
79.50/33.91	heart-c 0.220868572743 0.0673538666858 0.787661586517
81.78/34.95	glass 0.3392312954 0.140894682935 0.379124760355
84.10/35.78	braziltourism 0.687484582556 0.589042793836 -0.41500101645
86.45/37.04	iris 0.277333530817 0.102589931933 0.295413496133
88.78/37.99	heart-statlog 0.336211567483 0.152381033315 0.554304317143
91.17/38.92	page-blocks 0.588252821047 0.455803330663 -0.480612547867
93.52/39.90	breast-w 0.227642190617 0.0698972446723 0.559152459858
95.82/40.84	heart-h 0.175116026593 0.0425392595149 0.606664258471
98.13/41.66	yeast 0.371980791776 0.170911620525 0.349712694547
100.50/42.90	tae 0.386545434064 0.19241757635 -0.0817720071354
102.80/43.88	haberman 0.307958729649 0.120532857485 -0.0782167024773
105.15/44.81	mfeat-pixel 0.381732609675 0.181388622324 0.168715366501
107.44/45.70	optdigits 0.200902221024 0.0515807321695 0.740472997419
109.79/48.03	mfeat-factors 0.264500070314 0.0910752150257 0.592443039838
112.10/51.98	satimage 0.415255415604 0.209695634636 -0.0216550374627
114.41/52.81	lymph 0.26881288505 0.108248847079 0.361994656093
116.76/54.62	audiology 0.308468385939 0.121636583732 0.342925294746
119.13/56.01	ecoli 0.435279447695 0.242498215104 0.0413708178392
121.40/56.97	tic-tac-toe 0.199825320967 0.0635882015023 0.711707350641
123.74/57.91	spambase 0.401403464371 0.199676942101 0.616037334387
126.09/58.84	zoo 0.195239895084 0.0510215913263 0.590503782752
128.43/59.84	sonar 0.58054007981 0.425838195781 -0.327088028541
130.73/62.09	mfeat-zernike 0.199399720306 0.0587920191611 0.67615430406
133.06/63.21	kr-vs-kp 0.212184407686 0.0567059651383 0.609896353614
133.06/63.29	MAE 0.33050666735 0.146135499377
133.06/63.29	MSE 0.169428335568 0.169428335568
133.06/63.29	Mean tau 0.29215871962 0.389098550126
133.06/63.29	(0.5263157894736842, '0_class_probability_max')
133.06/63.29	(0.6140350877192983, '1_class_probability_max')
133.06/63.29	(2.6491228070175437, '0_skewness_min')
133.06/63.29	(2.807017543859649, '1_skewness_min')
133.06/63.29	(6.508771929824562, '0_class_entropy')
133.06/63.29	(6.964912280701754, '1_class_entropy')
133.06/63.29	(9.43859649122807, '0_landmark_decision_tree')
133.06/63.29	(9.543859649122806, '0_landmark_naive_bayes')
133.06/63.29	(10.385964912280702, '1_class_probability_std')
133.06/63.29	(11.385964912280702, '0_class_probability_std')
133.06/63.29	(11.771929824561404, '1_landmark_naive_bayes')
133.06/63.29	(13.157894736842104, '1_landmark_decision_tree')
133.06/63.29	(18.403508771929825, '0_pca_skewness_first_pc')
133.06/63.29	(20.31578947368421, '1_landmark_random_node_learner')
133.06/63.29	(21.29824561403509, '1_pca_skewness_first_pc')
133.06/63.29	(21.649122807017545, '0_landmark_random_node_learner')
133.06/63.29	(23.157894736842106, '1_landmark_lda')
133.06/63.29	(23.63157894736842, '0_kurtosis_min')
133.06/63.29	(23.63157894736842, '1_kurtosis_min')
133.06/63.29	(25.263157894736842, '1_skewness_max')
133.06/63.29	(26.333333333333332, '1_skewness_std')
133.06/63.29	(26.596491228070175, '0_landmark_lda')
133.06/63.29	(27.05263157894737, '0_number_of_features')
133.06/63.29	(27.31578947368421, '0_skewness_max')
133.06/63.29	(27.526315789473685, '0_log_number_of_features')
133.06/63.29	(28.228070175438596, '1_log_number_of_features')
133.06/63.29	(28.912280701754387, '1_landmark_1NN')
133.06/63.29	(29.157894736842106, '1_number_of_features')
133.06/63.29	(31.157894736842106, '0_number_of_numeric_features')
133.06/63.29	(33.24561403508772, '0_kurtosis_std')
133.06/63.29	(33.50877192982456, '1_number_of_numeric_features')
133.06/63.29	(33.89473684210526, '0_landmark_1NN')
133.06/63.29	(34.70175438596491, '0_skewness_std')
133.06/63.29	(36.43859649122807, '1_class_probability_min')
133.06/63.29	(37.10526315789474, '0_class_probability_min')
133.06/63.29	(37.280701754385966, '1_kurtosis_std')
133.06/63.29	(38.26315789473684, '0_kurtosis_max')
133.06/63.29	(38.771929824561404, '1_kurtosis_max')
133.06/63.29	(41.36842105263158, '1_number_of_instances')
133.06/63.29	(41.75438596491228, '1_log_number_of_instances')
133.06/63.29	(42.56140350877193, '1_pca_kurtosis_first_pc')
133.06/63.29	(43.05263157894737, '0_landmark_decision_node_learner')
133.06/63.29	(43.228070175438596, '1_landmark_decision_node_learner')
133.06/63.29	(44.07017543859649, '0_log_number_of_instances')
133.06/63.29	(44.12280701754386, '0_number_of_instances')
133.06/63.29	(44.45614035087719, '0_skewness_mean')
133.06/63.29	(46.473684210526315, '0_pca_kurtosis_first_pc')
133.06/63.29	(48.12280701754386, '1_log_dataset_ratio')
133.06/63.29	(48.36842105263158, '1_skewness_mean')
133.06/63.29	(48.75438596491228, '1_symbols_sum')
133.06/63.29	(48.85964912280702, '0_number_of_categorical_features')
133.06/63.29	(49.473684210526315, '0_pca_95%')
133.06/63.29	(49.526315789473685, '1_pca_95%')
133.06/63.29	(50.421052631578945, '0_symbols_sum')
133.06/63.29	(52.29824561403509, '0_log_dataset_ratio')
133.06/63.29	(52.8421052631579, '1_number_of_categorical_features')
133.06/63.29	(53.19298245614035, '0_symbols_mean')
133.06/63.29	(53.54385964912281, '0_log_inverse_dataset_ratio')
133.06/63.29	(53.824561403508774, '1_symbols_mean')
133.06/63.29	(54.78947368421053, '1_symbols_min')
133.06/63.29	(55.280701754385966, '1_ratio_numerical_to_categorical')
133.06/63.29	(55.87719298245614, '0_ratio_numerical_to_categorical')
133.06/63.29	(56.21052631578947, '1_dataset_ratio')
133.06/63.29	(56.43859649122807, '1_log_inverse_dataset_ratio')
133.06/63.29	(57.0, '1_inverse_dataset_ratio')
133.06/63.29	(57.719298245614034, '0_inverse_dataset_ratio')
133.06/63.29	(58.333333333333336, '0_dataset_ratio')
133.06/63.29	(59.421052631578945, '0_symbols_min')
133.06/63.29	(60.771929824561404, '1_kurtosis_mean')
133.06/63.29	(62.96491228070175, '0_kurtosis_mean')
133.06/63.29	(70.75438596491227, '0_ratio_categorical_to_numerical')
133.06/63.29	(72.15789473684211, '0_symbols_max')
133.06/63.29	(72.3157894736842, '1_ratio_categorical_to_numerical')
133.06/63.29	(72.84210526315789, '1_symbols_max')
133.06/63.29	(72.94736842105263, '0_class_probability_mean')
133.06/63.29	(73.66666666666667, '1_class_probability_mean')
133.06/63.29	(74.26315789473684, '0_percentage_of_features_with_missing_values')
133.06/63.29	(75.03508771929825, '1_percentage_of_features_with_missing_values')
133.06/63.29	(75.29824561403508, '1_symbols_std')
133.06/63.29	(75.54385964912281, '0_symbols_std')
133.06/63.29	(75.64912280701755, '0_number_of_classes')
133.06/63.29	(77.70175438596492, '1_number_of_classes')
133.06/63.29	(78.03508771929825, '1_percentage_of_missing_values')
133.06/63.29	(78.15789473684211, '0_percentage_of_missing_values')
133.06/63.29	(81.08771929824562, '1_number_of_Instances_with_missing_values')
133.06/63.29	(82.0701754385965, '0_number_of_Instances_with_missing_values')
133.06/63.29	(82.63157894736842, '0_percentage_of_Instances_with_missing_values')
133.06/63.29	(83.15789473684211, '0_number_of_missing_values')
133.06/63.29	(83.36842105263158, '1_number_of_missing_values')
133.06/63.29	(83.70175438596492, '1_percentage_of_Instances_with_missing_values')
133.06/63.29	(85.47368421052632, '0_number_of_features_with_missing_values')
133.06/63.29	(86.42105263157895, '1_number_of_features_with_missing_values')
133.06/63.29	Result for ParamILS: SAT, 61.257314, 1, 0.330507, -1, /home/feurerm/thesis/Software/pyMetaLearn/optimizers/metalearn_optimizer/learn_distances.py
