0.74/3.38	['/home/feurerm/thesis/Software/pyMetaLearn/optimizers/metalearn_optimizer/learn_distances.py', '--input_file', '/home/feurerm/thesis/experiments/2014_04_25_predict_distances/testfold_0-3_spearman_rank_perm.pkl', '--fold', '0', '--folds', '1', '--params', '-max_features', '0.136346308198', '-min_samples_leaf', '5', '-min_samples_split', '8', '-n_estimators', '62', '-n_jobs', '4', '-seed', '43']
0.74/3.39	Metafeatures (57, 46)
0.74/3.39	X (3192, 92)
0.74/3.39	Y (3192,)
0.74/3.39	Dataset Mae MSE Rho
2.31/4.13	vehicle 0.373760009124 0.176796284927 0.252426630722
4.11/5.10	anneal.ORIG 0.450206847093 0.24559941033 0.426636558967
5.94/6.08	segment 0.269603709275 0.091559617816 0.74273546402
7.80/7.18	pendigits 0.384051663616 0.174920859962 0.365873170266
9.67/8.02	mushroom 0.199820131037 0.0484482556162 0.641570886023
11.53/8.89	labor 0.215436096553 0.0593776006152 0.789600843604
13.37/9.73	abalone 0.401414753824 0.204038941051 0.206854089196
15.20/10.61	diabetes 0.483870240787 0.318438032633 0.00161604757185
17.04/11.55	car 0.436113680842 0.282830244399 0.226246660058
18.86/12.42	autos 0.244430405646 0.0773331910322 0.571757630919
20.75/13.28	mfeat-fourier 0.633541616123 0.523293957593 -0.47123947195
22.63/18.06	primary-tumor 0.217736300372 0.0583129476889 0.544284822197
24.45/18.91	waveform-5000 0.268202637247 0.0959669952468 0.500005118729
26.25/19.76	credit-a 0.371274343834 0.193525491153 0.403042264418
28.09/24.91	letter 0.275714380309 0.101689967309 0.665165180572
29.97/25.76	postoperative-patient-data 0.442343609573 0.242709067596 -0.526185089393
31.80/26.51	vowel 0.510566103793 0.323739935015 0.0258567611495
33.64/27.37	eucalyptus 0.318201342212 0.135206480412 0.426636558967
35.48/28.26	cylinder-bands 0.287203042384 0.0993897497245 0.540406308025
37.30/29.17	ionosphere 0.419285049327 0.207413528537 0.0103427044598
39.13/29.91	mfeat-karhunen 0.264894669406 0.092846313307 0.597937601583
41.00/30.78	balance-scale 0.206604473134 0.0605798691152 0.729483873931
42.84/31.66	mfeat-morphological 0.465192073395 0.288968062936 -0.163867223785
44.66/32.81	liver-disorders 0.243471339508 0.0841875474425 0.471562681464
46.51/33.67	dermatology 0.19981556075 0.0512374107537 0.53782063191
48.35/34.50	vote 0.0863655694769 0.0115208416484 0.787984796032
50.18/35.35	breast-cancer 0.274864740449 0.100998675098 -0.213318279484
52.03/36.19	credit-g 0.509337609098 0.347299033051 -0.427929397025
53.87/37.45	soybean 0.118418928044 0.0199730633125 0.8322644995
55.69/38.52	arrhythmia 0.260481095964 0.0913506297091 0.221398517343
57.51/39.45	nursery 0.253526977162 0.080323550934 0.647065447767
59.35/40.20	hepatitis 0.446770898666 0.275872943319 -0.370398103467
61.18/41.05	cmc 0.225320271133 0.0615827119989 0.567555907232
63.04/41.90	heart-c 0.287990651534 0.107424850671 0.671952580373
64.80/42.68	glass 0.379213412702 0.172315287451 0.236912574033
66.61/43.75	braziltourism 0.628745017479 0.483557678686 -0.521336946677
68.50/45.01	iris 0.310741995975 0.129620943715 0.213964698512
70.30/45.85	heart-statlog 0.388219849917 0.199381768638 0.256305144895
72.16/46.74	page-blocks 0.468743180984 0.297957557502 0.00161604757185
74.00/47.58	breast-w 0.240073677442 0.0765733700585 0.511317451732
75.82/48.48	heart-h 0.181370623632 0.0412298017391 0.705889579382
77.68/49.33	yeast 0.377556360903 0.17695315255 0.378155131812
79.52/50.17	tae 0.300029264054 0.118073746239 0.0837112642216
81.37/51.11	haberman 0.278938595122 0.102692486308 0.0
83.20/51.97	mfeat-pixel 0.380557395601 0.17295256651 0.156756614469
85.04/52.98	optdigits 0.231868469479 0.0674640402993 0.723342893158
86.92/53.82	mfeat-factors 0.251535183655 0.0878710842882 0.626056829333
88.72/54.75	satimage 0.375364402846 0.1695916885 0.0471885890979
90.66/55.60	lymph 0.305619372769 0.127165538271 0.503883632901
92.41/56.67	audiology 0.310207112233 0.12637620398 0.400133378789
94.27/57.54	ecoli 0.431216802604 0.23392386838 -0.0329673704656
96.12/58.43	tic-tac-toe 0.201621829365 0.0596970948147 0.744028302078
98.02/59.34	spambase 0.37239696986 0.179530239916 0.69393082735
99.81/60.19	zoo 0.172470631945 0.0422994821598 0.706535998411
101.65/61.03	sonar 0.543528393206 0.369116934861 -0.341955666202
103.46/61.89	mfeat-zernike 0.234473833494 0.0787185106114 0.568202326261
105.39/63.00	kr-vs-kp 0.20864186657 0.0540137113844 0.636076324278
105.49/63.19	MAE 0.326648509869 0.118576512939
105.49/63.19	MSE 0.156172505593 0.156172505593
105.49/63.19	Mean tau 0.325103408716 0.372791107396
105.49/63.19	(0.42105263157894735, '1_class_probability_max')
105.49/63.19	(1.736842105263158, '0_class_probability_std')
105.49/63.19	(4.052631578947368, '1_landmark_random_node_learner')
105.49/63.19	(4.140350877192983, '0_class_probability_max')
105.49/63.19	(5.491228070175438, '0_landmark_decision_tree')
105.49/63.19	(6.245614035087719, '1_landmark_decision_tree')
105.49/63.19	(7.333333333333333, '0_class_entropy')
105.49/63.19	(7.947368421052632, '1_class_probability_std')
105.49/63.19	(8.31578947368421, '1_class_entropy')
105.49/63.19	(9.157894736842104, '1_landmark_naive_bayes')
105.49/63.19	(9.31578947368421, '0_landmark_naive_bayes')
105.49/63.19	(10.947368421052632, '0_landmark_random_node_learner')
105.49/63.19	(11.210526315789474, '0_landmark_1NN')
105.49/63.19	(11.298245614035087, '0_landmark_lda')
105.49/63.19	(14.947368421052632, '0_skewness_min')
105.49/63.19	(15.31578947368421, '1_skewness_min')
105.49/63.19	(16.649122807017545, '1_landmark_lda')
105.49/63.19	(17.035087719298247, '1_pca_skewness_first_pc')
105.49/63.19	(17.07017543859649, '1_landmark_1NN')
105.49/63.19	(20.403508771929825, '0_pca_skewness_first_pc')
105.49/63.19	(22.982456140350877, '1_number_of_features')
105.49/63.19	(25.596491228070175, '1_log_number_of_features')
105.49/63.19	(25.982456140350877, '1_skewness_max')
105.49/63.19	(27.403508771929825, '0_number_of_features')
105.49/63.19	(27.771929824561404, '0_log_number_of_features')
105.49/63.19	(29.87719298245614, '0_skewness_max')
105.49/63.19	(32.45614035087719, '0_kurtosis_std')
105.49/63.19	(33.21052631578947, '0_skewness_std')
105.49/63.19	(34.59649122807018, '1_number_of_categorical_features')
105.49/63.19	(35.1578947368421, '1_symbols_sum')
105.49/63.19	(35.54385964912281, '1_kurtosis_min')
105.49/63.19	(36.40350877192982, '0_symbols_sum')
105.49/63.19	(37.19298245614035, '1_number_of_numeric_features')
105.49/63.19	(37.333333333333336, '0_number_of_categorical_features')
105.49/63.19	(37.70175438596491, '0_kurtosis_min')
105.49/63.19	(38.59649122807018, '1_ratio_numerical_to_categorical')
105.49/63.19	(39.70175438596491, '1_skewness_std')
105.49/63.19	(39.87719298245614, '1_landmark_decision_node_learner')
105.49/63.19	(40.14035087719298, '0_number_of_numeric_features')
105.49/63.19	(41.05263157894737, '0_landmark_decision_node_learner')
105.49/63.19	(44.80701754385965, '1_pca_kurtosis_first_pc')
105.49/63.19	(44.92982456140351, '0_symbols_mean')
105.49/63.19	(46.49122807017544, '0_pca_kurtosis_first_pc')
105.49/63.19	(47.45614035087719, '1_kurtosis_max')
105.49/63.19	(47.92982456140351, '0_symbols_std')
105.49/63.19	(48.21052631578947, '1_kurtosis_std')
105.49/63.19	(48.73684210526316, '0_kurtosis_max')
105.49/63.19	(49.19298245614035, '0_pca_95%')
105.49/63.19	(49.719298245614034, '1_class_probability_min')
105.49/63.19	(50.01754385964912, '1_pca_95%')
105.49/63.19	(50.59649122807018, '0_class_probability_min')
105.49/63.19	(52.14035087719298, '0_skewness_mean')
105.49/63.19	(52.175438596491226, '1_symbols_mean')
105.49/63.19	(52.31578947368421, '1_skewness_mean')
105.49/63.19	(54.64912280701754, '1_log_number_of_instances')
105.49/63.19	(55.59649122807018, '0_ratio_numerical_to_categorical')
105.49/63.19	(57.08771929824562, '1_symbols_std')
105.49/63.19	(58.19298245614035, '1_symbols_max')
105.49/63.19	(58.91228070175438, '0_symbols_max')
105.49/63.19	(59.08771929824562, '0_log_inverse_dataset_ratio')
105.49/63.19	(60.49122807017544, '0_kurtosis_mean')
105.49/63.19	(60.73684210526316, '1_kurtosis_mean')
105.49/63.19	(62.280701754385966, '0_log_number_of_instances')
105.49/63.19	(62.3859649122807, '1_number_of_instances')
105.49/63.19	(62.87719298245614, '0_number_of_instances')
105.49/63.19	(63.63157894736842, '0_percentage_of_features_with_missing_values')
105.49/63.19	(63.87719298245614, '1_log_inverse_dataset_ratio')
105.49/63.19	(66.17543859649123, '1_dataset_ratio')
105.49/63.19	(66.40350877192982, '1_inverse_dataset_ratio')
105.49/63.19	(66.98245614035088, '0_log_dataset_ratio')
105.49/63.19	(67.05263157894737, '0_inverse_dataset_ratio')
105.49/63.19	(67.0701754385965, '1_percentage_of_features_with_missing_values')
105.49/63.19	(67.6842105263158, '1_log_dataset_ratio')
105.49/63.19	(68.05263157894737, '1_class_probability_mean')
105.49/63.19	(68.33333333333333, '0_class_probability_mean')
105.49/63.19	(70.24561403508773, '0_dataset_ratio')
105.49/63.19	(70.66666666666667, '1_symbols_min')
105.49/63.19	(71.28070175438596, '0_number_of_classes')
105.49/63.19	(71.98245614035088, '0_percentage_of_missing_values')
105.49/63.19	(72.35087719298245, '0_ratio_categorical_to_numerical')
105.49/63.19	(72.75438596491227, '1_ratio_categorical_to_numerical')
105.49/63.19	(72.98245614035088, '1_number_of_classes')
105.49/63.19	(74.50877192982456, '0_symbols_min')
105.49/63.19	(75.05263157894737, '1_percentage_of_missing_values')
105.49/63.19	(77.91228070175438, '1_number_of_Instances_with_missing_values')
105.49/63.19	(80.26315789473684, '0_number_of_Instances_with_missing_values')
105.49/63.19	(80.63157894736842, '1_number_of_features_with_missing_values')
105.49/63.19	(81.49122807017544, '0_number_of_missing_values')
105.49/63.19	(83.17543859649123, '0_percentage_of_Instances_with_missing_values')
105.49/63.19	(83.42105263157895, '1_number_of_missing_values')
105.49/63.19	(83.57894736842105, '1_percentage_of_Instances_with_missing_values')
105.49/63.19	(83.80701754385964, '0_number_of_features_with_missing_values')
105.49/63.19	Result for ParamILS: SAT, 59.816526, 1, 0.326649, -1, /home/feurerm/thesis/Software/pyMetaLearn/optimizers/metalearn_optimizer/learn_distances.py
