0.77/7.55	['/home/feurerm/thesis/Software/pyMetaLearn/optimizers/metalearn_optimizer/learn_distances.py', '--input_file', '/home/feurerm/thesis/experiments/2014_04_25_predict_distances/testfold_0-3_spearman_rank_perm.pkl', '--fold', '0', '--folds', '1', '--params', '-max_features', '0.248915742822', '-min_samples_leaf', '6', '-min_samples_split', '5', '-n_estimators', '38', '-n_jobs', '4', '-seed', '45']
0.77/7.56	Metafeatures (57, 46)
0.77/7.56	X (3192, 92)
0.77/7.56	Y (3192,)
0.77/7.56	Dataset Mae MSE Rho
2.42/8.22	vehicle 0.37005673085 0.172653643894 0.25081058315
4.20/8.99	anneal.ORIG 0.474168467605 0.271246508934 0.306402619622
5.98/9.77	segment 0.270232362863 0.0955680112055 0.749846073336
7.77/10.85	pendigits 0.385578014874 0.177152448353 0.346803808918
9.51/11.66	mushroom 0.211260523997 0.0532138028925 0.616683753416
11.27/12.42	labor 0.196935743387 0.0570701623989 0.647065447767
13.01/13.21	abalone 0.4152164544 0.222654477692 0.14350502438
14.80/14.21	diabetes 0.483488731609 0.318225413982 0.0462189605548
16.57/14.97	car 0.423974473187 0.262852340003 0.372983779582
18.29/15.77	autos 0.232362422497 0.0706103154357 0.535234955795
20.11/16.61	mfeat-fourier 0.643845056181 0.539475730185 -0.487399947669
21.89/17.37	primary-tumor 0.21711163777 0.0580571883359 0.5555971552
23.70/18.20	waveform-5000 0.257658865833 0.0899920270894 0.511317451732
25.38/18.99	credit-a 0.391192443862 0.219398054465 0.340662828145
27.15/19.77	letter 0.287890282094 0.106859799475 0.626056829333
28.94/20.59	postoperative-patient-data 0.426192827087 0.228145659854 -0.205561251139
30.72/21.62	vowel 0.517411276689 0.337958587799 -0.0258567611495
32.49/22.38	eucalyptus 0.319218556906 0.136760147954 0.448938015459
34.27/23.16	cylinder-bands 0.294022189175 0.104236683906 0.515195965904
36.07/24.04	ionosphere 0.410349612955 0.197788710803 0.0177765232903
37.85/24.83	mfeat-karhunen 0.307419793306 0.125245634233 0.382680065013
39.62/25.80	balance-scale 0.202392042474 0.0603715141203 0.548486545884
41.35/26.57	mfeat-morphological 0.451187488989 0.272454238633 -0.0995485304257
43.09/27.33	liver-disorders 0.218749118117 0.0676152575099 0.457664672347
44.84/28.31	dermatology 0.203220573682 0.0525612949495 0.510347823189
46.63/29.08	vote 0.0754077896691 0.00903859999744 0.784429491374
48.42/29.94	breast-cancer 0.203002352975 0.0549001620473 0.331612961743
50.22/30.82	credit-g 0.501107771248 0.335467464708 -0.382680065013
51.94/31.59	soybean 0.117546878116 0.0198691350716 0.822245004555
53.68/32.34	arrhythmia 0.279379903871 0.0996823839033 0.03329057998
55.43/33.10	nursery 0.253102573788 0.0835894564143 0.616683753416
57.17/33.94	hepatitis 0.418598515339 0.242479595151 -0.196834594251
58.97/34.71	cmc 0.190594455667 0.0446552585634 0.653529638054
60.66/35.52	heart-c 0.288698033792 0.110227365903 0.683911332405
62.43/36.39	glass 0.359384352553 0.15565728346 0.330966542714
64.19/37.54	braziltourism 0.622919962641 0.474365637664 -0.507762147074
65.96/38.30	iris 0.295757051405 0.118473755089 0.261476497125
67.71/39.07	heart-statlog 0.367447971601 0.184474394316 0.395608445588
69.51/39.86	page-blocks 0.539682883041 0.398755638497 -0.212995069969
71.27/40.67	breast-w 0.237200887286 0.0746278723925 0.545254450741
73.02/41.43	heart-h 0.157813687385 0.0325321814333 0.715909074327
74.76/46.54	yeast 0.363634415064 0.162979614468 0.446675548858
76.60/47.30	tae 0.342989760568 0.150621529557 -0.000646419028738
78.37/48.33	haberman 0.294079525379 0.120954051044 0.148353167095
80.14/49.19	mfeat-pixel 0.387360361924 0.183145370784 0.145121071952
81.89/49.96	optdigits 0.21418561478 0.059522647577 0.741765835477
83.66/50.79	mfeat-factors 0.258941918525 0.0904064852569 0.667427647172
85.42/51.56	satimage 0.366140631815 0.165702025469 0.0885594069371
87.14/52.49	lymph 0.260082507506 0.0948131027436 0.523599413278
88.96/53.25	audiology 0.26782992447 0.0898273637196 0.586948478094
90.74/54.04	ecoli 0.449524635611 0.257722969484 -0.0368458846381
92.48/54.81	tic-tac-toe 0.217064289902 0.0693089564299 0.731746340532
94.24/60.18	spambase 0.35439726096 0.163631817308 0.733685597618
96.00/60.95	zoo 0.16678347024 0.0397279888668 0.702980693753
97.75/62.01	sonar 0.549581785009 0.38126079251 -0.373630198611
99.50/67.52	mfeat-zernike 0.259946205044 0.0965638836967 0.434393587312
101.27/68.28	kr-vs-kp 0.203267039637 0.051654972259 0.644802981166
101.35/68.39	MAE 0.324115615916 0.12314501268
101.35/68.39	MSE 0.156400129998 0.156400129998
101.35/68.39	Mean tau 0.336342027269 0.347417708365
101.35/68.39	(0.3333333333333333, '1_class_probability_max')
101.35/68.39	(0.8947368421052632, '0_class_probability_max')
101.35/68.39	(2.2280701754385963, '0_landmark_decision_tree')
101.35/68.39	(4.456140350877193, '1_skewness_min')
101.35/68.39	(5.4035087719298245, '1_class_probability_std')
101.35/68.39	(6.912280701754386, '1_class_entropy')
101.35/68.39	(8.491228070175438, '0_skewness_min')
101.35/68.39	(9.24561403508772, '1_landmark_decision_tree')
101.35/68.39	(9.596491228070175, '0_landmark_random_node_learner')
101.35/68.39	(10.403508771929825, '0_class_probability_std')
101.35/68.39	(10.526315789473685, '0_class_entropy')
101.35/68.39	(10.824561403508772, '0_landmark_1NN')
101.35/68.39	(11.017543859649123, '1_landmark_random_node_learner')
101.35/68.39	(11.701754385964913, '0_landmark_naive_bayes')
101.35/68.39	(14.0, '1_landmark_naive_bayes')
101.35/68.39	(15.631578947368421, '1_landmark_1NN')
101.35/68.39	(17.842105263157894, '0_landmark_lda')
101.35/68.39	(22.105263157894736, '1_skewness_max')
101.35/68.39	(23.649122807017545, '1_number_of_features')
101.35/68.39	(23.894736842105264, '1_pca_skewness_first_pc')
101.35/68.39	(26.12280701754386, '1_log_number_of_features')
101.35/68.39	(26.36842105263158, '1_landmark_lda')
101.35/68.39	(26.56140350877193, '0_skewness_std')
101.35/68.39	(26.68421052631579, '0_number_of_features')
101.35/68.39	(27.035087719298247, '0_pca_skewness_first_pc')
101.35/68.39	(27.210526315789473, '1_kurtosis_std')
101.35/68.39	(28.05263157894737, '0_log_number_of_features')
101.35/68.39	(28.70175438596491, '1_skewness_std')
101.35/68.39	(31.614035087719298, '0_skewness_max')
101.35/68.39	(33.12280701754386, '0_number_of_numeric_features')
101.35/68.39	(33.19298245614035, '0_kurtosis_min')
101.35/68.39	(33.63157894736842, '0_kurtosis_std')
101.35/68.39	(34.228070175438596, '1_kurtosis_min')
101.35/68.39	(35.824561403508774, '1_symbols_sum')
101.35/68.39	(35.92982456140351, '0_symbols_sum')
101.35/68.39	(37.21052631578947, '1_number_of_numeric_features')
101.35/68.39	(37.49122807017544, '0_landmark_decision_node_learner')
101.35/68.39	(39.07017543859649, '0_number_of_categorical_features')
101.35/68.39	(41.07017543859649, '1_number_of_categorical_features')
101.35/68.39	(41.14035087719298, '1_kurtosis_max')
101.35/68.39	(42.24561403508772, '1_landmark_decision_node_learner')
101.35/68.39	(42.771929824561404, '0_kurtosis_max')
101.35/68.39	(44.78947368421053, '1_class_probability_min')
101.35/68.39	(44.85964912280702, '0_class_probability_min')
101.35/68.39	(47.29824561403509, '0_pca_95%')
101.35/68.39	(47.87719298245614, '0_pca_kurtosis_first_pc')
101.35/68.39	(49.96491228070175, '0_ratio_numerical_to_categorical')
101.35/68.39	(50.6140350877193, '1_ratio_numerical_to_categorical')
101.35/68.39	(50.80701754385965, '1_pca_kurtosis_first_pc')
101.35/68.39	(51.49122807017544, '1_skewness_mean')
101.35/68.39	(52.6140350877193, '1_number_of_instances')
101.35/68.39	(52.80701754385965, '1_pca_95%')
101.35/68.39	(53.36842105263158, '1_log_number_of_instances')
101.35/68.39	(53.40350877192982, '0_log_number_of_instances')
101.35/68.39	(53.92982456140351, '0_skewness_mean')
101.35/68.39	(54.85964912280702, '0_number_of_instances')
101.35/68.39	(57.333333333333336, '0_log_dataset_ratio')
101.35/68.39	(57.59649122807018, '1_log_dataset_ratio')
101.35/68.39	(57.80701754385965, '0_inverse_dataset_ratio')
101.35/68.39	(58.14035087719298, '0_symbols_mean')
101.35/68.39	(58.43859649122807, '0_kurtosis_mean')
101.35/68.39	(58.771929824561404, '1_log_inverse_dataset_ratio')
101.35/68.39	(59.175438596491226, '1_inverse_dataset_ratio')
101.35/68.39	(59.68421052631579, '1_dataset_ratio')
101.35/68.39	(60.0, '1_symbols_mean')
101.35/68.39	(62.49122807017544, '1_kurtosis_mean')
101.35/68.39	(62.80701754385965, '0_log_inverse_dataset_ratio')
101.35/68.39	(62.87719298245614, '0_symbols_max')
101.35/68.39	(63.07017543859649, '0_dataset_ratio')
101.35/68.39	(65.82456140350877, '0_percentage_of_features_with_missing_values')
101.35/68.39	(67.2280701754386, '0_class_probability_mean')
101.35/68.39	(68.03508771929825, '0_symbols_min')
101.35/68.39	(71.54385964912281, '1_symbols_min')
101.35/68.39	(72.12280701754386, '1_percentage_of_features_with_missing_values')
101.35/68.39	(72.17543859649123, '0_percentage_of_missing_values')
101.35/68.39	(72.33333333333333, '1_symbols_max')
101.35/68.39	(72.78947368421052, '0_ratio_categorical_to_numerical')
101.35/68.39	(72.91228070175438, '1_number_of_classes')
101.35/68.39	(73.10526315789474, '0_number_of_classes')
101.35/68.39	(74.70175438596492, '1_ratio_categorical_to_numerical')
101.35/68.39	(75.64912280701755, '1_class_probability_mean')
101.35/68.39	(75.7719298245614, '0_symbols_std')
101.35/68.39	(76.45614035087719, '1_percentage_of_missing_values')
101.35/68.39	(77.28070175438596, '1_symbols_std')
101.35/68.39	(80.50877192982456, '0_number_of_Instances_with_missing_values')
101.35/68.39	(81.03508771929825, '0_number_of_missing_values')
101.35/68.39	(81.57894736842105, '0_percentage_of_Instances_with_missing_values')
101.35/68.39	(81.63157894736842, '0_number_of_features_with_missing_values')
101.35/68.39	(81.73684210526316, '1_number_of_Instances_with_missing_values')
101.35/68.39	(83.03508771929825, '1_number_of_missing_values')
101.35/68.39	(83.21052631578948, '1_number_of_features_with_missing_values')
101.35/68.39	(84.01754385964912, '1_percentage_of_Instances_with_missing_values')
101.35/68.39	Result for ParamILS: SAT, 60.841888, 1, 0.324116, -1, /home/feurerm/thesis/Software/pyMetaLearn/optimizers/metalearn_optimizer/learn_distances.py
