0.77/1.01	['/home/feurerm/thesis/Software/pyMetaLearn/optimizers/metalearn_optimizer/learn_distances.py', '--input_file', '/home/feurerm/thesis/experiments/2014_04_25_predict_distances/testfold_0-3_spearman_rank_perm.pkl', '--fold', '0', '--folds', '1', '--params', '-max_features', '0.954619902738', '-min_samples_leaf', '9', '-min_samples_split', '3', '-n_estimators', '15', '-n_jobs', '4', '-seed', '1']
0.77/1.02	Metafeatures (57, 46)
0.77/1.02	X (3192, 92)
0.77/1.02	Y (3192,)
0.77/1.02	Dataset Mae MSE Rho
2.90/1.77	vehicle 0.482198743872 0.300271475012 -0.176472394846
5.16/2.56	anneal.ORIG 0.728054610463 0.608206687887 -0.269879944498
7.41/3.35	segment 0.308483475688 0.12337827517 0.60558173866
9.59/4.15	pendigits 0.387348802043 0.18350059003 0.296891821168
11.80/4.95	mushroom 0.255218936516 0.0783300589364 0.489216953008
14.05/5.85	labor 0.211593023563 0.0666979540305 0.422630436775
16.30/6.64	abalone 0.42279560305 0.22116087839 0.106829337938
18.52/7.53	diabetes 0.47873902583 0.328395453629 -0.253396259265
20.75/8.32	car 0.510348039576 0.363588007406 -0.0263436945294
22.96/9.12	autos 0.214468497823 0.0592674278261 0.448166042515
25.24/10.01	mfeat-fourier 0.650507089225 0.551788378162 -0.494065485744
27.46/10.80	primary-tumor 0.199173723991 0.0517511482684 0.591682611485
29.76/11.60	waveform-5000 0.237666487303 0.0821181952621 0.612482029729
32.00/12.39	credit-a 0.461958380093 0.302100313606 0.147880248432
34.22/13.19	letter 0.307715931879 0.12508455657 0.539318457941
36.42/13.97	postoperative-patient-data 0.461469887637 0.278028221293 -0.169361785529
38.61/14.77	vowel 0.49702610389 0.315368294191 -0.0195557486997
40.83/15.55	eucalyptus 0.274966182722 0.0959963846607 0.426705210759
43.06/16.34	cylinder-bands 0.317454559728 0.122659616933 0.400133378789
45.33/17.13	ionosphere 0.399334724853 0.194203647943 0.0858190294177
47.54/17.92	mfeat-karhunen 0.251760002667 0.0893365933126 0.605048210899
49.75/18.71	balance-scale 0.291396339164 0.121819039602 0.132192691377
51.94/19.50	mfeat-morphological 0.483917233752 0.31618155389 -0.186491889791
54.17/20.29	liver-disorders 0.16090938813 0.0348270197992 0.453337810766
56.41/21.08	dermatology 0.197388919687 0.0516042828377 0.528651685923
58.63/21.87	vote 0.0760345358644 0.00979864670757 0.766006549055
60.88/24.34	breast-cancer 0.142452762902 0.0302372916931 0.436009634884
63.12/25.14	credit-g 0.508144908342 0.365235689118 -0.171651868874
65.34/25.94	soybean 0.119850640534 0.0189125096881 0.76568333954
67.52/26.72	arrhythmia 0.32226568348 0.128999132252 -0.19974347988
69.77/27.52	nursery 0.26272797801 0.0881804880999 0.595675134982
71.98/28.31	hepatitis 0.272522881552 0.0949250810387 0.224666758695
74.22/29.10	cmc 0.16811626309 0.0396716057783 0.584039592465
76.44/29.90	heart-c 0.271663511146 0.0974970954397 0.698027096149
78.68/30.69	glass 0.297310106092 0.109986915165 0.54772258135
80.99/31.58	braziltourism 0.725827015175 0.645899270846 -0.574343307034
83.16/32.37	iris 0.340152985003 0.157186270998 0.0166466290584
85.37/33.16	heart-statlog 0.288213870648 0.113821135085 0.585655640037
87.66/34.06	page-blocks 0.599325392689 0.481454576819 -0.46181624687
89.90/34.85	breast-w 0.244024695641 0.0827662281872 0.396254864616
92.13/35.64	heart-h 0.183887256047 0.0448677650623 0.613128448758
94.37/36.43	yeast 0.348862102309 0.156844328305 0.432327502246
96.60/37.51	tae 0.353985507179 0.162907845793 -0.069166836075
98.92/38.30	haberman 0.317035710847 0.137665869898 0.0216550374627
101.12/39.09	mfeat-pixel 0.40841477716 0.206807254992 0.0927611306239
103.36/39.88	optdigits 0.2595155227 0.0839252281742 0.629935343505
105.57/40.68	mfeat-factors 0.238604744371 0.0763061479087 0.668289428705
107.85/41.57	satimage 0.37504712953 0.176060495211 0.0759542358767
110.06/42.36	lymph 0.215557426147 0.0648478063822 0.447968386916
112.27/43.15	audiology 0.272309872324 0.0865960883963 0.476087614666
114.56/43.94	ecoli 0.428249321288 0.246242189335 0.029735275322
116.76/44.74	tic-tac-toe 0.176847228061 0.0441261274368 0.662794424938
119.09/45.63	spambase 0.375013313846 0.190374482925 0.50154301877
121.35/46.42	zoo 0.17223238442 0.0447841589627 0.658700990284
123.58/47.22	sonar 0.531699088416 0.355726241627 -0.330696538338
125.79/48.01	mfeat-zernike 0.252991863177 0.0891347162573 0.507964612919
128.03/48.80	kr-vs-kp 0.253806036559 0.0784197991527 0.518104851534
128.03/48.84	MAE 0.333238354872 0.144083707982
128.03/48.84	MSE 0.171506535744 0.171506535744
128.03/48.84	Mean tau 0.270928426999 0.356844908125
128.03/48.84	(0.631578947368421, '0_class_probability_max')
128.03/48.84	(0.631578947368421, '1_class_probability_max')
128.03/48.84	(2.245614035087719, '0_skewness_min')
128.03/48.84	(2.754385964912281, '1_skewness_min')
128.03/48.84	(7.052631578947368, '1_landmark_naive_bayes')
128.03/48.84	(7.7368421052631575, '0_landmark_naive_bayes')
128.03/48.84	(11.228070175438596, '0_pca_skewness_first_pc')
128.03/48.84	(13.263157894736842, '1_landmark_lda')
128.03/48.84	(14.421052631578947, '0_landmark_lda')
128.03/48.84	(15.087719298245615, '1_pca_skewness_first_pc')
128.03/48.84	(18.912280701754387, '1_landmark_decision_tree')
128.03/48.84	(20.17543859649123, '0_class_entropy')
128.03/48.84	(20.280701754385966, '1_class_probability_std')
128.03/48.84	(20.43859649122807, '0_kurtosis_min')
128.03/48.84	(21.105263157894736, '0_landmark_decision_tree')
128.03/48.84	(22.63157894736842, '0_class_probability_std')
128.03/48.84	(23.403508771929825, '1_kurtosis_min')
128.03/48.84	(23.45614035087719, '0_landmark_1NN')
128.03/48.84	(23.68421052631579, '1_class_entropy')
128.03/48.84	(25.280701754385966, '1_landmark_1NN')
128.03/48.84	(26.982456140350877, '1_class_probability_min')
128.03/48.84	(27.49122807017544, '0_class_probability_min')
128.03/48.84	(28.912280701754387, '1_kurtosis_max')
128.03/48.84	(29.43859649122807, '0_skewness_max')
128.03/48.84	(29.526315789473685, '0_log_number_of_instances')
128.03/48.84	(29.57894736842105, '0_number_of_instances')
128.03/48.84	(29.87719298245614, '1_skewness_max')
128.03/48.84	(30.228070175438596, '1_number_of_numeric_features')
128.03/48.84	(30.982456140350877, '1_skewness_mean')
128.03/48.84	(31.75438596491228, '0_number_of_numeric_features')
128.03/48.84	(32.01754385964912, '0_kurtosis_max')
128.03/48.84	(32.35087719298246, '1_number_of_instances')
128.03/48.84	(33.31578947368421, '1_log_number_of_instances')
128.03/48.84	(34.824561403508774, '0_skewness_mean')
128.03/48.84	(35.6140350877193, '1_landmark_decision_node_learner')
128.03/48.84	(36.87719298245614, '1_symbols_mean')
128.03/48.84	(38.21052631578947, '0_log_number_of_features')
128.03/48.84	(38.98245614035088, '0_landmark_decision_node_learner')
128.03/48.84	(39.26315789473684, '1_number_of_features')
128.03/48.84	(40.08771929824562, '1_log_number_of_features')
128.03/48.84	(40.68421052631579, '1_pca_kurtosis_first_pc')
128.03/48.84	(40.80701754385965, '0_symbols_mean')
128.03/48.84	(41.21052631578947, '0_number_of_features')
128.03/48.84	(41.87719298245614, '0_pca_kurtosis_first_pc')
128.03/48.84	(42.31578947368421, '1_landmark_random_node_learner')
128.03/48.84	(42.40350877192982, '0_pca_95%')
128.03/48.84	(44.421052631578945, '1_pca_95%')
128.03/48.84	(45.78947368421053, '1_kurtosis_std')
128.03/48.84	(45.96491228070175, '0_landmark_random_node_learner')
128.03/48.84	(46.54385964912281, '0_log_inverse_dataset_ratio')
128.03/48.84	(46.78947368421053, '0_dataset_ratio')
128.03/48.84	(46.824561403508774, '0_inverse_dataset_ratio')
128.03/48.84	(47.31578947368421, '1_inverse_dataset_ratio')
128.03/48.84	(47.40350877192982, '0_symbols_min')
128.03/48.84	(47.87719298245614, '0_skewness_std')
128.03/48.84	(48.40350877192982, '1_symbols_min')
128.03/48.84	(49.14035087719298, '1_skewness_std')
128.03/48.84	(49.43859649122807, '1_log_inverse_dataset_ratio')
128.03/48.84	(49.78947368421053, '0_log_dataset_ratio')
128.03/48.84	(49.98245614035088, '1_log_dataset_ratio')
128.03/48.84	(51.89473684210526, '1_dataset_ratio')
128.03/48.84	(53.59649122807018, '1_ratio_numerical_to_categorical')
128.03/48.84	(56.07017543859649, '0_kurtosis_std')
128.03/48.84	(57.07017543859649, '0_ratio_numerical_to_categorical')
128.03/48.84	(58.578947368421055, '0_kurtosis_mean')
128.03/48.84	(60.24561403508772, '1_kurtosis_mean')
128.03/48.84	(60.96491228070175, '0_symbols_sum')
128.03/48.84	(61.31578947368421, '1_symbols_sum')
128.03/48.84	(68.78947368421052, '1_number_of_categorical_features')
128.03/48.84	(69.56140350877193, '0_number_of_categorical_features')
128.03/48.84	(71.52631578947368, '1_ratio_categorical_to_numerical')
128.03/48.84	(71.96491228070175, '0_number_of_classes')
128.03/48.84	(73.05263157894737, '0_ratio_categorical_to_numerical')
128.03/48.84	(73.15789473684211, '0_class_probability_mean')
128.03/48.84	(73.36842105263158, '1_class_probability_mean')
128.03/48.84	(74.40350877192982, '1_number_of_classes')
128.03/48.84	(74.87719298245614, '1_symbols_std')
128.03/48.84	(76.10526315789474, '1_symbols_max')
128.03/48.84	(76.17543859649123, '0_symbols_std')
128.03/48.84	(77.17543859649123, '0_symbols_max')
128.03/48.84	(78.05263157894737, '1_percentage_of_features_with_missing_values')
128.03/48.84	(78.33333333333333, '0_percentage_of_Instances_with_missing_values')
128.03/48.84	(78.50877192982456, '0_percentage_of_features_with_missing_values')
128.03/48.84	(79.70175438596492, '1_number_of_Instances_with_missing_values')
128.03/48.84	(80.0, '0_number_of_Instances_with_missing_values')
128.03/48.84	(81.3157894736842, '1_percentage_of_Instances_with_missing_values')
128.03/48.84	(82.49122807017544, '0_percentage_of_missing_values')
128.03/48.84	(83.3157894736842, '1_number_of_missing_values')
128.03/48.84	(83.89473684210526, '0_number_of_missing_values')
128.03/48.84	(84.24561403508773, '1_percentage_of_missing_values')
128.03/48.84	(85.05263157894737, '0_number_of_features_with_missing_values')
128.03/48.84	(85.47368421052632, '1_number_of_features_with_missing_values')
128.03/48.84	Result for ParamILS: SAT, 47.829001, 1, 0.333238, -1, /home/feurerm/thesis/Software/pyMetaLearn/optimizers/metalearn_optimizer/learn_distances.py
