0.74/3.12	['/home/feurerm/thesis/Software/pyMetaLearn/optimizers/metalearn_optimizer/learn_distances.py', '--input_file', '/home/feurerm/thesis/experiments/2014_04_25_predict_distances/testfold_0-3_spearman_rank_perm.pkl', '--fold', '0', '--folds', '1', '--params', '-max_features', '0.799567641362', '-min_samples_leaf', '2', '-min_samples_split', '3', '-n_estimators', '14', '-n_jobs', '4', '-seed', '84']
0.74/3.13	Metafeatures (57, 46)
0.74/3.13	X (3192, 92)
0.74/3.13	Y (3192,)
0.74/3.13	Dataset Mae MSE Rho
2.97/3.98	vehicle 0.449811851686 0.261055968354 -0.0601169696726
5.34/9.47	anneal.ORIG 0.857381877641 0.818635269764 -0.17679560436
7.66/10.37	segment 0.280313735944 0.102501547789 0.704919950839
9.98/11.39	pendigits 0.394467188713 0.195854731949 0.260506868581
12.35/12.29	mushroom 0.211826074475 0.0610813372726 0.57628256412
14.71/18.55	labor 0.221056091474 0.079679500145 0.47123947195
17.06/19.45	abalone 0.399825993253 0.213980859453 0.288626096332
19.38/20.35	diabetes 0.504281594775 0.358283098466 -0.333552218829
21.65/27.68	car 0.644820099965 0.535936313958 -0.084034473736
24.03/28.58	autos 0.1844285763 0.0466530794917 0.536851003367
26.47/29.52	mfeat-fourier 0.713255362156 0.661463921533 -0.530063603565
28.83/30.87	primary-tumor 0.176986106331 0.0429252566112 0.625410410304
31.23/31.78	waveform-5000 0.256744568985 0.0928201394813 0.457341462832
33.59/37.82	credit-a 0.457729238762 0.301979922304 0.130899853319
35.99/38.73	letter 0.313712148739 0.120000289413 0.636722743307
38.41/40.05	postoperative-patient-data 0.480537651815 0.279260789475 -0.405627940533
40.76/41.02	vowel 0.509074699015 0.324010228706 0.00290888562932
43.05/42.16	eucalyptus 0.21754829361 0.0697890744393 0.666134809115
45.41/43.21	cylinder-bands 0.21734372794 0.0592964774209 0.653852847569
47.81/44.50	ionosphere 0.410163676687 0.200261799714 -0.0151908471753
50.14/45.42	mfeat-karhunen 0.246764139741 0.0937564823708 0.529093975022
52.53/46.69	balance-scale 0.240622124622 0.0887108047406 0.53782063191
54.83/47.69	mfeat-morphological 0.571163938257 0.442421901946 -0.356176884835
57.21/49.22	liver-disorders 0.143714258585 0.0341460060472 0.552688269571
59.57/50.47	dermatology 0.241701479933 0.0731426760634 0.428575816053
61.98/51.50	vote 0.0769875249815 0.00989491016798 0.762451244397
64.27/52.52	breast-cancer 0.113889510791 0.0220775752179 0.524569041821
66.63/53.42	credit-g 0.584335936508 0.454043210161 -0.488692785726
69.03/60.41	soybean 0.128757506779 0.0220836551635 0.742412254506
71.35/61.32	arrhythmia 0.332050330875 0.145675254597 -0.154170938354
73.70/62.40	nursery 0.204741985521 0.057714237497 0.73530164519
75.99/63.33	hepatitis 0.354648447562 0.178922858564 -0.154494147868
78.32/64.29	cmc 0.150367456264 0.0343815911087 0.620885477103
80.66/65.41	heart-c 0.217680386212 0.0670649911645 0.758572730224
83.01/66.32	glass 0.288018654182 0.102545339386 0.595675134982
85.39/67.42	braziltourism 0.741183034482 0.673711494074 -0.574666516548
87.72/68.75	iris 0.29515918896 0.116884370083 0.252426630722
90.07/75.11	heart-statlog 0.317426907378 0.143903260815 0.510671032703
92.49/76.01	page-blocks 0.56695093011 0.444190129205 -0.207500508225
94.84/77.34	breast-w 0.228030450739 0.0709295032843 0.541699146083
97.21/78.33	heart-h 0.123304289065 0.0227795607014 0.713323398212
99.56/79.60	yeast 0.32873809199 0.136936206864 0.516812013476
101.88/80.50	tae 0.396286982156 0.196228924707 -0.0736917692761
104.21/81.43	haberman 0.316767750179 0.128618391388 -0.0610865982158
106.54/87.82	mfeat-pixel 0.41866793884 0.220829816514 0.084034473736
108.87/88.72	optdigits 0.179423556006 0.0455541516263 0.737240902276
111.25/89.80	mfeat-factors 0.24301998232 0.0806191924811 0.648358285824
113.56/90.81	satimage 0.4017684713 0.198407441967 0.0307049038651
115.85/91.92	lymph 0.256165428918 0.0973908431421 0.301877686421
118.18/93.11	audiology 0.262010275924 0.0854731798056 0.516812013476
120.56/94.34	ecoli 0.369879313867 0.179763296811 0.30995792428
122.90/99.29	tic-tac-toe 0.175064132954 0.0462077367111 0.703627112781
125.28/100.19	spambase 0.38859437885 0.203083130436 0.53555816531
127.61/102.09	zoo 0.192297822845 0.0494383622955 0.587918106637
129.95/105.55	sonar 0.571688972096 0.414879417152 -0.357469722892
132.27/106.47	mfeat-zernike 0.249050847249 0.0907811278474 0.520367318134
134.60/107.37	kr-vs-kp 0.213828627914 0.0597760106736 0.620239058074
134.67/107.42	MAE 0.333895782688 0.168421761988
134.67/107.42	MSE 0.181726958746 0.181726958746
134.67/107.42	Mean tau 0.296456839127 0.393434446496
134.67/107.42	(0.5789473684210527, '1_class_probability_max')
134.67/107.42	(0.6140350877192983, '0_class_probability_max')
134.67/107.42	(2.456140350877193, '1_skewness_min')
134.67/107.42	(2.543859649122807, '0_skewness_min')
134.67/107.42	(9.43859649122807, '1_landmark_naive_bayes')
134.67/107.42	(9.491228070175438, '1_class_entropy')
134.67/107.42	(9.56140350877193, '0_landmark_naive_bayes')
134.67/107.42	(10.052631578947368, '0_class_entropy')
134.67/107.42	(15.421052631578947, '0_pca_skewness_first_pc')
134.67/107.42	(20.57894736842105, '1_pca_skewness_first_pc')
134.67/107.42	(21.43859649122807, '1_class_probability_std')
134.67/107.42	(21.982456140350877, '0_skewness_max')
134.67/107.42	(22.12280701754386, '0_landmark_lda')
134.67/107.42	(22.63157894736842, '1_landmark_lda')
134.67/107.42	(22.982456140350877, '0_class_probability_std')
134.67/107.42	(23.105263157894736, '1_kurtosis_min')
134.67/107.42	(23.54385964912281, '1_landmark_decision_tree')
134.67/107.42	(23.87719298245614, '1_skewness_max')
134.67/107.42	(24.57894736842105, '0_landmark_decision_tree')
134.67/107.42	(26.92982456140351, '0_class_probability_min')
134.67/107.42	(27.894736842105264, '0_kurtosis_std')
134.67/107.42	(28.05263157894737, '0_kurtosis_min')
134.67/107.42	(28.333333333333332, '1_class_probability_min')
134.67/107.42	(30.473684210526315, '1_landmark_1NN')
134.67/107.42	(31.228070175438596, '0_landmark_1NN')
134.67/107.42	(32.03508771929825, '0_number_of_features')
134.67/107.42	(32.14035087719298, '1_kurtosis_max')
134.67/107.42	(32.43859649122807, '0_log_number_of_features')
134.67/107.42	(32.87719298245614, '1_log_number_of_instances')
134.67/107.42	(33.01754385964912, '1_skewness_std')
134.67/107.42	(33.07017543859649, '0_kurtosis_max')
134.67/107.42	(33.12280701754386, '1_number_of_instances')
134.67/107.42	(35.19298245614035, '1_number_of_numeric_features')
134.67/107.42	(35.29824561403509, '1_log_number_of_features')
134.67/107.42	(35.91228070175438, '0_number_of_numeric_features')
134.67/107.42	(37.26315789473684, '0_number_of_instances')
134.67/107.42	(37.31578947368421, '0_log_number_of_instances')
134.67/107.42	(38.31578947368421, '1_symbols_mean')
134.67/107.42	(38.8421052631579, '1_number_of_features')
134.67/107.42	(39.24561403508772, '0_landmark_decision_node_learner')
134.67/107.42	(39.63157894736842, '1_kurtosis_std')
134.67/107.42	(39.92982456140351, '0_skewness_std')
134.67/107.42	(39.94736842105263, '0_skewness_mean')
134.67/107.42	(40.03508771929825, '1_landmark_decision_node_learner')
134.67/107.42	(40.05263157894737, '1_landmark_random_node_learner')
134.67/107.42	(40.21052631578947, '1_skewness_mean')
134.67/107.42	(42.08771929824562, '0_symbols_sum')
134.67/107.42	(43.70175438596491, '0_pca_kurtosis_first_pc')
134.67/107.42	(43.824561403508774, '1_pca_kurtosis_first_pc')
134.67/107.42	(44.31578947368421, '0_landmark_random_node_learner')
134.67/107.42	(44.719298245614034, '0_symbols_min')
134.67/107.42	(45.10526315789474, '0_pca_95%')
134.67/107.42	(46.85964912280702, '1_pca_95%')
134.67/107.42	(48.526315789473685, '0_symbols_mean')
134.67/107.42	(49.666666666666664, '1_symbols_sum')
134.67/107.42	(50.21052631578947, '0_dataset_ratio')
134.67/107.42	(50.36842105263158, '1_inverse_dataset_ratio')
134.67/107.42	(50.421052631578945, '0_log_dataset_ratio')
134.67/107.42	(51.49122807017544, '0_inverse_dataset_ratio')
134.67/107.42	(52.333333333333336, '1_dataset_ratio')
134.67/107.42	(52.333333333333336, '1_log_dataset_ratio')
134.67/107.42	(52.36842105263158, '1_symbols_min')
134.67/107.42	(52.98245614035088, '0_log_inverse_dataset_ratio')
134.67/107.42	(55.05263157894737, '1_log_inverse_dataset_ratio')
134.67/107.42	(56.12280701754386, '0_ratio_numerical_to_categorical')
134.67/107.42	(59.63157894736842, '1_number_of_categorical_features')
134.67/107.42	(61.333333333333336, '1_ratio_numerical_to_categorical')
134.67/107.42	(62.43859649122807, '1_kurtosis_mean')
134.67/107.42	(63.45614035087719, '0_kurtosis_mean')
134.67/107.42	(66.75438596491227, '0_class_probability_mean')
134.67/107.42	(67.35087719298245, '0_number_of_categorical_features')
134.67/107.42	(71.35087719298245, '0_ratio_categorical_to_numerical')
134.67/107.42	(71.71929824561404, '1_ratio_categorical_to_numerical')
134.67/107.42	(72.80701754385964, '1_number_of_classes')
134.67/107.42	(73.0, '1_class_probability_mean')
134.67/107.42	(73.0701754385965, '0_symbols_max')
134.67/107.42	(73.21052631578948, '1_symbols_max')
134.67/107.42	(74.73684210526316, '0_number_of_classes')
134.67/107.42	(75.7719298245614, '0_symbols_std')
134.67/107.42	(77.40350877192982, '0_percentage_of_features_with_missing_values')
134.67/107.42	(78.08771929824562, '1_symbols_std')
134.67/107.42	(80.12280701754386, '0_number_of_Instances_with_missing_values')
134.67/107.42	(80.52631578947368, '1_number_of_Instances_with_missing_values')
134.67/107.42	(80.63157894736842, '1_number_of_missing_values')
134.67/107.42	(80.6842105263158, '0_percentage_of_Instances_with_missing_values')
134.67/107.42	(81.19298245614036, '1_percentage_of_features_with_missing_values')
134.67/107.42	(81.35087719298245, '0_percentage_of_missing_values')
134.67/107.42	(81.43859649122807, '0_number_of_missing_values')
134.67/107.42	(83.12280701754386, '1_percentage_of_Instances_with_missing_values')
134.67/107.42	(84.87719298245614, '1_percentage_of_missing_values')
134.67/107.42	(85.7719298245614, '1_number_of_features_with_missing_values')
134.67/107.42	(85.85964912280701, '0_number_of_features_with_missing_values')
134.67/107.42	Result for ParamILS: SAT, 104.308384, 1, 0.333896, -1, /home/feurerm/thesis/Software/pyMetaLearn/optimizers/metalearn_optimizer/learn_distances.py
