0.76/1.11	['/home/feurerm/thesis/Software/pyMetaLearn/optimizers/metalearn_optimizer/learn_distances.py', '--input_file', '/home/feurerm/thesis/experiments/2014_04_25_predict_distances/testfold_0-3_spearman_rank_perm.pkl', '--fold', '0', '--folds', '1', '--params', '-max_features', '0.270417006448', '-min_samples_leaf', '3', '-min_samples_split', '7', '-n_estimators', '46', '-n_jobs', '4', '-seed', '81']
0.76/1.12	Metafeatures (57, 46)
0.76/1.12	X (3192, 92)
0.76/1.12	Y (3192,)
0.76/1.12	Dataset Mae MSE Rho
3.04/1.87	vehicle 0.412509775319 0.215335112955 0.0643186933594
5.57/2.78	anneal.ORIG 0.499619723091 0.299602262511 0.197804222794
8.16/3.69	segment 0.257763790249 0.0873768848672 0.73756411179
10.68/4.59	pendigits 0.390814073337 0.181819365953 0.289595724875
13.19/5.49	mushroom 0.177786087191 0.038715667485 0.683588122891
15.70/6.39	labor 0.207453639703 0.0576723062161 0.739503368876
18.23/7.39	abalone 0.413906948523 0.218251022795 0.180997328047
20.90/8.40	diabetes 0.495959360318 0.33769930796 -0.0733685597618
23.38/9.30	car 0.495324741273 0.351587484692 -0.0436332844398
25.92/10.20	autos 0.226208214052 0.0664493566525 0.552041850542
28.39/11.09	mfeat-fourier 0.665324132171 0.574848461769 -0.510994242217
30.88/11.99	primary-tumor 0.198993323093 0.0478904862752 0.621531896132
33.37/12.89	waveform-5000 0.286609136696 0.107409397518 0.409183245191
35.84/13.79	credit-a 0.389269906832 0.214399189783 0.365873170266
38.32/14.68	letter 0.274267354989 0.10176213141 0.636076324278
40.90/15.68	postoperative-patient-data 0.4602832428 0.258804883814 -0.351328742119
43.44/16.68	vowel 0.510663958979 0.321838599754 0.00258567611495
45.92/17.58	eucalyptus 0.283033284088 0.110783791185 0.541699146083
48.42/19.26	cylinder-bands 0.253658186139 0.0747944239367 0.617653381959
50.95/20.27	ionosphere 0.439385007487 0.223548149686 -0.124758872546
53.50/21.28	mfeat-karhunen 0.267298275814 0.0980485573616 0.571434421404
56.04/22.28	balance-scale 0.207189055651 0.0616222400809 0.614098077301
58.56/23.28	mfeat-morphological 0.492929646235 0.323969179442 -0.197481013279
61.07/24.17	liver-disorders 0.204790404661 0.0613837807312 0.539759888996
63.59/25.07	dermatology 0.214229925323 0.0590896760774 0.484814271554
66.09/25.97	vote 0.0794927510895 0.00991178011146 0.76342087294
68.62/26.97	breast-cancer 0.238716396366 0.074535615503 0.0552688269571
71.21/28.31	credit-g 0.497207373279 0.342541584679 -0.355530465806
73.71/29.71	soybean 0.12272200049 0.0200191843092 0.799297129035
76.20/30.61	arrhythmia 0.28215414354 0.106620511315 0.0572080840433
78.72/31.51	nursery 0.2268370469 0.066979323629 0.695546874922
81.23/32.41	hepatitis 0.382922116518 0.205984352744 -0.0701364646181
83.72/33.31	cmc 0.195548000813 0.0480514095314 0.612805239244
86.18/34.21	heart-c 0.27235556145 0.097173109987 0.699425389095
88.72/35.11	glass 0.376001802824 0.170664904517 0.217196793656
91.19/36.01	braziltourism 0.593853370699 0.44094446405 -0.503883632901
93.73/36.92	iris 0.299891775147 0.121614686968 0.221398517343
96.24/37.82	heart-statlog 0.36550106388 0.178694638566 0.349389485033
98.79/39.35	page-blocks 0.54665621352 0.402502828052 -0.387204998214
101.32/40.26	breast-w 0.224375149125 0.0672311382886 0.611835610701
103.86/41.17	heart-h 0.126338250987 0.022574918971 0.741442625963
106.42/42.18	yeast 0.345595125045 0.148590764924 0.541375936568
109.02/43.18	tae 0.347743322821 0.157944314528 -0.0782167024773
111.59/44.19	haberman 0.301438178036 0.116727290856 -0.0950235972245
114.13/45.10	mfeat-pixel 0.390309599921 0.185347087346 0.138980091179
116.73/46.12	optdigits 0.198722228249 0.0506090363857 0.764067291968
119.26/47.12	mfeat-factors 0.262235772746 0.0932594439911 0.623471153218
121.78/48.03	satimage 0.385626536256 0.178029996816 0.069166836075
124.36/49.05	lymph 0.272079285591 0.102904659699 0.512287080275
126.90/50.06	audiology 0.279824654156 0.0958794430308 0.527801136965
129.45/50.96	ecoli 0.412627921252 0.219343964658 0.0820952166497
132.02/51.96	tic-tac-toe 0.193456214895 0.0553894401199 0.736594483247
134.57/52.98	spambase 0.363275045367 0.164448498927 0.741765835477
137.14/53.99	zoo 0.164471674964 0.0368349106887 0.692961198807
139.69/55.00	sonar 0.545193499459 0.374079172499 -0.305432991079
142.25/56.01	mfeat-zernike 0.223616725934 0.071144173165 0.557536412287
144.82/57.70	kr-vs-kp 0.204503107897 0.0538984709154 0.615067705844
144.92/57.86	MAE 0.323623914092 0.129180067959
144.92/57.86	MSE 0.157459242819 0.157459242819
144.92/57.86	Mean tau 0.318956757601 0.377656844666
144.92/57.86	(0.21052631578947367, '0_class_probability_max')
144.92/57.86	(0.7894736842105263, '1_class_probability_max')
144.92/57.86	(4.701754385964913, '1_landmark_random_node_learner')
144.92/57.86	(4.719298245614035, '1_skewness_min')
144.92/57.86	(5.5964912280701755, '0_landmark_random_node_learner')
144.92/57.86	(6.4035087719298245, '1_class_entropy')
144.92/57.86	(6.491228070175438, '0_class_probability_std')
144.92/57.86	(7.771929824561403, '0_skewness_min')
144.92/57.86	(8.140350877192983, '0_landmark_decision_tree')
144.92/57.86	(9.31578947368421, '1_landmark_naive_bayes')
144.92/57.86	(9.543859649122806, '0_landmark_naive_bayes')
144.92/57.86	(10.491228070175438, '1_class_probability_std')
144.92/57.86	(10.649122807017545, '1_landmark_decision_tree')
144.92/57.86	(14.175438596491228, '0_class_entropy')
144.92/57.86	(16.666666666666668, '0_landmark_1NN')
144.92/57.86	(19.649122807017545, '1_landmark_1NN')
144.92/57.86	(20.210526315789473, '0_skewness_max')
144.92/57.86	(20.596491228070175, '1_kurtosis_std')
144.92/57.86	(20.649122807017545, '0_pca_skewness_first_pc')
144.92/57.86	(22.80701754385965, '1_number_of_features')
144.92/57.86	(22.82456140350877, '1_pca_skewness_first_pc')
144.92/57.86	(22.842105263157894, '0_landmark_lda')
144.92/57.86	(22.842105263157894, '1_log_number_of_features')
144.92/57.86	(25.56140350877193, '0_number_of_features')
144.92/57.86	(25.63157894736842, '0_ratio_numerical_to_categorical')
144.92/57.86	(28.140350877192983, '0_skewness_std')
144.92/57.86	(28.210526315789473, '0_log_number_of_features')
144.92/57.86	(28.57894736842105, '1_landmark_lda')
144.92/57.86	(28.789473684210527, '0_kurtosis_std')
144.92/57.86	(30.75438596491228, '1_kurtosis_min')
144.92/57.86	(31.842105263157894, '1_skewness_std')
144.92/57.86	(33.91228070175438, '0_symbols_sum')
144.92/57.86	(34.0, '1_skewness_max')
144.92/57.86	(34.05263157894737, '0_kurtosis_min')
144.92/57.86	(35.12280701754386, '1_symbols_sum')
144.92/57.86	(37.175438596491226, '0_number_of_categorical_features')
144.92/57.86	(37.31578947368421, '0_number_of_numeric_features')
144.92/57.86	(38.280701754385966, '1_number_of_numeric_features')
144.92/57.86	(39.78947368421053, '1_number_of_categorical_features')
144.92/57.86	(42.35087719298246, '1_landmark_decision_node_learner')
144.92/57.86	(42.63157894736842, '0_landmark_decision_node_learner')
144.92/57.86	(42.70175438596491, '0_kurtosis_max')
144.92/57.86	(42.98245614035088, '0_class_probability_min')
144.92/57.86	(43.14035087719298, '1_kurtosis_max')
144.92/57.86	(44.43859649122807, '1_class_probability_min')
144.92/57.86	(47.35087719298246, '1_pca_kurtosis_first_pc')
144.92/57.86	(50.45614035087719, '0_pca_95%')
144.92/57.86	(50.92982456140351, '0_symbols_min')
144.92/57.86	(51.1578947368421, '1_pca_95%')
144.92/57.86	(51.526315789473685, '1_log_number_of_instances')
144.92/57.86	(52.35087719298246, '0_pca_kurtosis_first_pc')
144.92/57.86	(52.75438596491228, '1_number_of_instances')
144.92/57.86	(53.24561403508772, '0_log_number_of_instances')
144.92/57.86	(53.91228070175438, '0_symbols_mean')
144.92/57.86	(54.05263157894737, '1_skewness_mean')
144.92/57.86	(54.70175438596491, '0_number_of_instances')
144.92/57.86	(54.73684210526316, '0_skewness_mean')
144.92/57.86	(58.14035087719298, '0_inverse_dataset_ratio')
144.92/57.86	(58.80701754385965, '1_ratio_numerical_to_categorical')
144.92/57.86	(58.96491228070175, '0_log_inverse_dataset_ratio')
144.92/57.86	(59.0, '0_dataset_ratio')
144.92/57.86	(60.280701754385966, '1_symbols_mean')
144.92/57.86	(60.473684210526315, '1_log_inverse_dataset_ratio')
144.92/57.87	(60.78947368421053, '1_log_dataset_ratio')
144.92/57.87	(60.98245614035088, '1_inverse_dataset_ratio')
144.92/57.87	(62.473684210526315, '1_dataset_ratio')
144.92/57.87	(63.12280701754386, '0_kurtosis_mean')
144.92/57.87	(63.91228070175438, '0_log_dataset_ratio')
144.92/57.87	(63.91228070175438, '1_kurtosis_mean')
144.92/57.87	(65.85964912280701, '1_symbols_min')
144.92/57.87	(68.64912280701755, '1_percentage_of_features_with_missing_values')
144.92/57.87	(69.14035087719299, '0_symbols_max')
144.92/57.87	(69.40350877192982, '0_percentage_of_features_with_missing_values')
144.92/57.87	(71.49122807017544, '1_symbols_max')
144.92/57.87	(71.6842105263158, '1_ratio_categorical_to_numerical')
144.92/57.87	(73.66666666666667, '0_percentage_of_missing_values')
144.92/57.87	(74.87719298245614, '1_number_of_classes')
144.92/57.87	(74.89473684210526, '1_percentage_of_missing_values')
144.92/57.87	(75.03508771929825, '0_number_of_classes')
144.92/57.87	(75.14035087719299, '1_symbols_std')
144.92/57.87	(75.43859649122807, '0_symbols_std')
144.92/57.87	(76.10526315789474, '0_ratio_categorical_to_numerical')
144.92/57.87	(76.10526315789474, '1_class_probability_mean')
144.92/57.87	(76.35087719298245, '0_class_probability_mean')
144.92/57.87	(82.29824561403508, '1_percentage_of_Instances_with_missing_values')
144.92/57.87	(83.15789473684211, '0_number_of_Instances_with_missing_values')
144.92/57.87	(83.6842105263158, '1_number_of_Instances_with_missing_values')
144.92/57.87	(83.80701754385964, '1_number_of_missing_values')
144.92/57.87	(83.91228070175438, '0_number_of_missing_values')
144.92/57.87	(84.15789473684211, '0_percentage_of_Instances_with_missing_values')
144.92/57.87	(84.35087719298245, '0_number_of_features_with_missing_values')
144.92/57.87	(85.26315789473684, '1_number_of_features_with_missing_values')
144.92/57.87	Result for ParamILS: SAT, 56.756459, 1, 0.323624, -1, /home/feurerm/thesis/Software/pyMetaLearn/optimizers/metalearn_optimizer/learn_distances.py
