0.74/2.10	['/home/feurerm/thesis/Software/pyMetaLearn/optimizers/metalearn_optimizer/learn_distances.py', '--input_file', '/home/feurerm/thesis/experiments/2014_04_25_predict_distances/testfold_0-3_spearman_rank_perm.pkl', '--fold', '0', '--folds', '1', '--params', '-max_features', '0.393757654899', '-min_samples_leaf', '9', '-min_samples_split', '4', '-n_estimators', '23', '-n_jobs', '4', '-seed', '9']
0.74/2.12	Metafeatures (57, 46)
0.74/2.12	X (3192, 92)
0.74/2.12	Y (3192,)
0.74/2.12	Dataset Mae MSE Rho
2.22/2.66	vehicle 0.38271288517 0.189814035183 0.182290166104
3.84/5.10	anneal.ORIG 0.455031371434 0.256036089765 0.267294268383
5.43/5.72	segment 0.29417885896 0.108263860291 0.682618494347
7.01/6.34	pendigits 0.378508539474 0.17405188145 0.382356855499
8.61/6.96	mushroom 0.231120261595 0.0643830862755 0.563030974031
10.21/7.58	labor 0.244725455473 0.0808974286381 0.646095819224
11.77/8.21	abalone 0.424409540533 0.226607667231 0.124112453518
13.39/9.00	diabetes 0.489615636117 0.333325060493 -0.100194949454
14.91/9.62	car 0.555761389965 0.425472376374 0.00678739980175
16.44/10.24	autos 0.2447744784 0.0780719452825 0.470269843407
18.05/10.97	mfeat-fourier 0.645939655721 0.546856407084 -0.488046366697
19.65/11.78	primary-tumor 0.201141409625 0.0520382174971 0.582423544893
21.26/12.56	waveform-5000 0.263252782875 0.0938574887346 0.513256708818
22.90/13.21	credit-a 0.396546372834 0.230448939753 0.297029543705
24.40/13.83	letter 0.276762125462 0.100718914387 0.610865982158
26.03/14.58	postoperative-patient-data 0.4516107559 0.250732154967 -0.433747168283
27.57/15.23	vowel 0.517897705706 0.338750110354 0.0226246660058
29.14/16.05	eucalyptus 0.282470455592 0.103118560517 0.526831508422
30.70/16.67	cylinder-bands 0.297989971174 0.103712678304 0.498065861643
32.28/17.31	ionosphere 0.426979515697 0.214418610208 -0.112153701486
33.84/17.95	mfeat-karhunen 0.255612636465 0.0869508491563 0.624117572247
35.44/18.68	balance-scale 0.202561907493 0.0581297660021 0.570141583347
37.02/19.37	mfeat-morphological 0.475656843432 0.304531932764 -0.191340032506
38.57/20.12	liver-disorders 0.212622050377 0.0631848512084 0.5555971552
40.16/20.75	dermatology 0.194772070247 0.0486704482762 0.52004410862
41.74/21.45	vote 0.0740090562234 0.00844252051743 0.799620338549
43.39/22.10	breast-cancer 0.184146766992 0.0514470121265 0.22560024103
44.99/22.89	credit-g 0.494371781634 0.330128532617 -0.310604343309
46.59/23.53	soybean 0.130541576813 0.0231683618141 0.776349253514
48.16/24.24	arrhythmia 0.259292772216 0.088264558138 0.192632870564
49.74/24.88	nursery 0.264265234751 0.0880414145101 0.606341048956
51.24/25.52	hepatitis 0.460939289996 0.291374224414 -0.170977833101
52.80/26.16	cmc 0.162307304877 0.0356272016012 0.676800723089
54.37/26.78	heart-c 0.277356086639 0.103936868492 0.671629370859
55.95/27.51	glass 0.379859948757 0.177180901838 0.201036317938
57.52/28.15	braziltourism 0.679168293713 0.551358471768 -0.553981107629
59.13/28.77	iris 0.311304802226 0.129176828877 0.207177298711
60.68/29.39	heart-statlog 0.350374954049 0.166624872354 0.423081254309
62.35/30.10	page-blocks 0.573384977652 0.436319044196 -0.463159234091
64.01/30.90	breast-w 0.25488946233 0.0855492945509 0.414677806935
65.54/31.54	heart-h 0.174990306466 0.0421016279503 0.644802981166
67.15/32.22	yeast 0.403713344789 0.203998970835 0.166129690386
68.78/32.95	tae 0.358981466267 0.162182549739 -0.0132515900891
70.42/33.60	haberman 0.29271191086 0.112803108879 0.0145444281466
72.03/34.23	mfeat-pixel 0.39684693439 0.191385258287 0.119910729831
73.62/34.84	optdigits 0.244523902864 0.0765361572142 0.692961198807
75.18/39.24	mfeat-factors 0.272225013291 0.0999090060673 0.591473411295
76.78/41.20	satimage 0.356235728156 0.156469741225 0.100841368483
78.33/41.82	lymph 0.292482752652 0.122399817784 0.311573971852
79.87/42.43	audiology 0.293507348297 0.107464601699 0.391406721901
81.45/46.59	ecoli 0.418364738868 0.22527453857 0.0303816943507
83.06/48.54	tic-tac-toe 0.218929430864 0.0707222607739 0.657408152227
84.63/49.26	spambase 0.324854404702 0.139294870739 0.694254036865
86.24/49.89	zoo 0.177705435394 0.0409513933198 0.641894095537
87.87/50.50	sonar 0.534341595104 0.358851975137 -0.354237627748
89.41/51.26	mfeat-zernike 0.237704301343 0.0827621787214 0.523922622792
90.99/51.97	kr-vs-kp 0.244329481763 0.0731596174344 0.545900869769
91.05/52.04	MAE 0.331602018959 0.129083948602
91.05/52.04	MSE 0.164314932323 0.164314932323
91.05/52.04	Mean tau 0.294324790401 0.359864392345
91.05/52.04	(0.10526315789473684, '1_class_probability_max')
91.05/52.04	(2.1578947368421053, '0_class_probability_max')
91.05/52.04	(3.087719298245614, '1_skewness_min')
91.05/52.04	(4.824561403508772, '0_skewness_min')
91.05/52.04	(6.017543859649122, '0_class_entropy')
91.05/52.04	(6.771929824561403, '0_class_probability_std')
91.05/52.04	(8.263157894736842, '1_class_probability_std')
91.05/52.04	(8.824561403508772, '0_landmark_naive_bayes')
91.05/52.04	(9.087719298245615, '1_landmark_decision_tree')
91.05/52.04	(10.508771929824562, '1_class_entropy')
91.05/52.04	(12.192982456140351, '0_landmark_decision_tree')
91.05/52.04	(12.649122807017545, '1_landmark_random_node_learner')
91.05/52.04	(13.140350877192983, '1_landmark_naive_bayes')
91.05/52.04	(13.263157894736842, '0_landmark_random_node_learner')
91.05/52.04	(18.894736842105264, '0_landmark_1NN')
91.05/52.04	(19.596491228070175, '0_pca_skewness_first_pc')
91.05/52.04	(22.157894736842106, '1_landmark_1NN')
91.05/52.04	(22.31578947368421, '0_number_of_features')
91.05/52.04	(23.333333333333332, '1_pca_skewness_first_pc')
91.05/52.04	(24.385964912280702, '0_landmark_lda')
91.05/52.04	(25.333333333333332, '0_kurtosis_min')
91.05/52.04	(27.31578947368421, '1_kurtosis_std')
91.05/52.04	(27.649122807017545, '0_skewness_std')
91.05/52.04	(27.894736842105264, '0_log_number_of_features')
91.05/52.04	(27.964912280701753, '1_landmark_lda')
91.05/52.04	(28.649122807017545, '1_skewness_max')
91.05/52.04	(29.57894736842105, '1_number_of_features')
91.05/52.04	(29.614035087719298, '1_log_number_of_features')
91.05/52.04	(30.57894736842105, '1_skewness_std')
91.05/52.04	(32.07017543859649, '1_kurtosis_min')
91.05/52.04	(33.87719298245614, '1_number_of_numeric_features')
91.05/52.04	(34.12280701754386, '0_skewness_max')
91.05/52.04	(34.49122807017544, '0_number_of_numeric_features')
91.05/52.04	(36.59649122807018, '0_symbols_sum')
91.05/52.04	(36.8421052631579, '0_kurtosis_std')
91.05/52.04	(37.85964912280702, '1_class_probability_min')
91.05/52.04	(39.45614035087719, '0_class_probability_min')
91.05/52.04	(40.63157894736842, '1_kurtosis_max')
91.05/52.04	(41.8421052631579, '0_landmark_decision_node_learner')
91.05/52.04	(42.175438596491226, '0_kurtosis_max')
91.05/52.04	(42.50877192982456, '0_pca_kurtosis_first_pc')
91.05/52.04	(44.85964912280702, '1_pca_kurtosis_first_pc')
91.05/52.04	(44.91228070175438, '0_number_of_categorical_features')
91.05/52.04	(45.73684210526316, '1_number_of_instances')
91.05/52.04	(46.05263157894737, '1_landmark_decision_node_learner')
91.05/52.04	(46.80701754385965, '0_log_number_of_instances')
91.05/52.04	(47.280701754385966, '0_number_of_instances')
91.05/52.04	(47.64912280701754, '1_symbols_sum')
91.05/52.04	(47.75438596491228, '1_log_number_of_instances')
91.05/52.04	(49.87719298245614, '1_number_of_categorical_features')
91.05/52.04	(50.21052631578947, '1_pca_95%')
91.05/52.04	(50.3859649122807, '1_symbols_mean')
91.05/52.04	(50.68421052631579, '0_dataset_ratio')
91.05/52.04	(50.719298245614034, '0_pca_95%')
91.05/52.04	(51.578947368421055, '1_skewness_mean')
91.05/52.04	(53.07017543859649, '1_log_inverse_dataset_ratio')
91.05/52.04	(53.333333333333336, '0_ratio_numerical_to_categorical')
91.05/52.04	(54.666666666666664, '1_dataset_ratio')
91.05/52.04	(54.73684210526316, '1_log_dataset_ratio')
91.05/52.04	(55.36842105263158, '0_skewness_mean')
91.05/52.04	(55.68421052631579, '0_log_inverse_dataset_ratio')
91.05/52.04	(55.78947368421053, '0_inverse_dataset_ratio')
91.05/52.04	(56.59649122807018, '1_ratio_numerical_to_categorical')
91.05/52.04	(57.07017543859649, '1_inverse_dataset_ratio')
91.05/52.04	(58.12280701754386, '0_symbols_mean')
91.05/52.04	(58.85964912280702, '0_log_dataset_ratio')
91.05/52.04	(60.64912280701754, '0_kurtosis_mean')
91.05/52.04	(61.6140350877193, '1_kurtosis_mean')
91.05/52.04	(65.6140350877193, '1_symbols_min')
91.05/52.04	(68.47368421052632, '0_symbols_min')
91.05/52.04	(69.03508771929825, '0_symbols_max')
91.05/52.04	(69.56140350877193, '0_ratio_categorical_to_numerical')
91.05/52.04	(71.08771929824562, '1_ratio_categorical_to_numerical')
91.05/52.04	(71.89473684210526, '0_class_probability_mean')
91.05/52.04	(72.78947368421052, '1_symbols_max')
91.05/52.04	(72.98245614035088, '0_percentage_of_features_with_missing_values')
91.05/52.04	(73.3859649122807, '1_percentage_of_features_with_missing_values')
91.05/52.04	(73.57894736842105, '1_symbols_std')
91.05/52.04	(74.40350877192982, '0_number_of_classes')
91.05/52.04	(74.63157894736842, '0_percentage_of_missing_values')
91.05/52.04	(74.73684210526316, '1_class_probability_mean')
91.05/52.04	(75.33333333333333, '1_number_of_classes')
91.05/52.04	(77.21052631578948, '0_symbols_std')
91.05/52.04	(79.75438596491227, '0_percentage_of_Instances_with_missing_values')
91.05/52.04	(80.89473684210526, '1_percentage_of_missing_values')
91.05/52.04	(81.19298245614036, '0_number_of_Instances_with_missing_values')
91.05/52.04	(81.96491228070175, '1_number_of_Instances_with_missing_values')
91.05/52.04	(82.49122807017544, '0_number_of_missing_values')
91.05/52.04	(82.57894736842105, '1_number_of_missing_values')
91.05/52.04	(82.71929824561404, '1_percentage_of_Instances_with_missing_values')
91.05/52.04	(85.36842105263158, '0_number_of_features_with_missing_values')
91.05/52.04	(85.6140350877193, '1_number_of_features_with_missing_values')
91.05/52.04	Result for ParamILS: SAT, 49.933701, 1, 0.331602, -1, /home/feurerm/thesis/Software/pyMetaLearn/optimizers/metalearn_optimizer/learn_distances.py
