0.73/0.94	['/home/feurerm/thesis/Software/pyMetaLearn/optimizers/metalearn_optimizer/learn_distances.py', '--input_file', '/home/feurerm/thesis/experiments/2014_04_25_predict_distances/testfold_0-3_spearman_rank_perm.pkl', '--fold', '0', '--folds', '1', '--params', '-max_features', '0.530286202099', '-min_samples_leaf', '2', '-min_samples_split', '6', '-n_estimators', '2', '-n_jobs', '4', '-seed', '24']
0.73/0.95	Metafeatures (57, 46)
0.73/0.95	X (3192, 92)
0.73/0.95	Y (3192,)
0.73/0.95	Dataset Mae MSE Rho
1.01/1.29	vehicle 0.363282703992 0.201850675212 0.310681238582
1.26/1.64	anneal.ORIG 0.363837244029 0.17794883666 0.0941388002078
1.55/2.00	segment 0.294739447274 0.142417165883 0.419412401409
1.82/2.35	pendigits 0.428179210071 0.270381950059 0.157107894406
2.11/2.70	mushroom 0.215253199036 0.0779482782047 0.514001458969
2.37/3.05	labor 0.249949563283 0.0879396767338 0.400778468511
2.65/3.40	abalone 0.479654347335 0.324976185177 0.0476422730646
2.90/3.75	diabetes 0.550155138632 0.406314479233 -0.0699145561318
3.19/4.10	car 0.628561224525 0.560118471168 -0.109456325863
3.45/4.60	autos 0.206416333033 0.0741908630873 0.47627092553
3.71/4.96	mfeat-fourier 0.719544072179 0.675187975837 -0.49514822399
3.99/5.31	primary-tumor 0.239537088889 0.0864597168485 0.433982855144
4.26/5.66	waveform-5000 0.252621958285 0.11181196065 0.530780529942
4.54/6.02	credit-a 0.439066733344 0.281192535311 0.278547821464
4.82/6.37	letter 0.323006189059 0.14711280584 0.321037279868
5.11/6.72	postoperative-patient-data 0.548378276252 0.401935639163 -0.165209365464
5.37/7.08	vowel 0.459244607423 0.290247118843 0.21819117529
5.63/7.43	eucalyptus 0.238031797964 0.0886084520038 0.530218918609
5.91/7.78	cylinder-bands 0.339451736506 0.170872394587 0.237426840825
6.19/8.13	ionosphere 0.543938846291 0.398464746942 -0.253663502664
6.46/8.48	mfeat-karhunen 0.213041452774 0.086277799562 0.553630339992
6.73/8.83	balance-scale 0.275225493768 0.122565976415 0.205311569814
7.00/9.19	mfeat-morphological 0.349969189201 0.194973916415 0.291678541751
7.26/9.54	liver-disorders 0.291629686735 0.13441133623 0.375669535935
7.56/9.89	dermatology 0.241574468565 0.0807575636213 0.404337262985
7.83/10.23	vote 0.132122284976 0.0262235958791 0.680254347467
8.09/10.59	breast-cancer 0.212926062807 0.0793389667805 0.215489713839
8.36/10.94	credit-g 0.552928567436 0.40969230959 -0.255223425073
8.66/11.30	soybean 0.263331399953 0.115659099398 0.505380863254
8.92/11.65	arrhythmia 0.390721791009 0.219002586508 -0.0680383818815
9.20/12.00	nursery 0.22533532845 0.0842297747827 0.62027980973
9.45/12.35	hepatitis 0.559706565097 0.425006614526 -0.326719822242
9.73/12.70	cmc 0.236539718056 0.0814743653155 0.461416673767
9.99/13.06	heart-c 0.233590923485 0.101586310647 0.596430279578
10.27/13.41	glass 0.31473313686 0.167891764691 0.338294915113
10.53/13.76	braziltourism 0.70138737863 0.647652222111 -0.295475837781
10.81/14.11	iris 0.264169476769 0.107596632738 0.364785670187
11.08/14.46	heart-statlog 0.383754043981 0.213061285749 0.259491126209
11.35/14.86	page-blocks 0.55580723407 0.432957214454 -0.342713622696
11.63/15.22	breast-w 0.265455467156 0.104018801059 0.382988255499
11.90/15.57	heart-h 0.262579139657 0.098106186657 0.402979061288
12.16/15.92	yeast 0.327414763154 0.159551164391 0.371918451184
12.44/16.27	tae 0.464725196041 0.272284279728 0.00161734905194
12.71/16.62	haberman 0.344465985528 0.183600567504 0.0158576882193
12.98/16.97	mfeat-pixel 0.381461525216 0.195834182899 0.181951768343
13.27/17.32	optdigits 0.213753656002 0.0908652230046 0.554661356998
13.55/17.67	mfeat-factors 0.33289133613 0.176847596479 0.342996963391
13.82/18.02	satimage 0.420243154554 0.236288113523 0.0727068924438
14.09/18.38	lymph 0.340179192445 0.170855729789 0.283494899702
14.37/18.73	audiology 0.336555448245 0.168823306559 0.256660188248
14.64/19.08	ecoli 0.323684315153 0.158720393727 0.392885739693
14.91/19.43	tic-tac-toe 0.222301389113 0.10376113938 0.454863387249
15.19/19.79	spambase 0.419491178605 0.221345907209 0.487661002946
15.47/20.14	zoo 0.255804710412 0.0922211026076 0.361299617105
15.75/20.50	sonar 0.535742470737 0.389260893323 -0.175348894244
16.02/20.85	mfeat-zernike 0.364812474173 0.188952127125 0.172816438961
16.31/21.20	kr-vs-kp 0.168693615368 0.0487116014783 0.670552317946
16.31/21.21	MAE 0.35546664803 0.134361781992
16.31/21.21	MSE 0.206427852268 0.206427852268
16.31/21.21	Mean tau 0.24023980617 0.281273419211
16.31/21.21	(0.17543859649122806, '0_class_probability_max')
16.31/21.21	(3.4035087719298245, '1_class_probability_max')
16.31/21.21	(3.8596491228070176, '1_skewness_min')
16.31/21.21	(4.87719298245614, '0_skewness_min')
16.31/21.21	(9.508771929824562, '1_class_entropy')
16.31/21.21	(13.368421052631579, '1_landmark_naive_bayes')
16.31/21.21	(14.403508771929825, '0_landmark_naive_bayes')
16.31/21.21	(21.789473684210527, '1_class_probability_std')
16.31/21.21	(22.75438596491228, '1_pca_skewness_first_pc')
16.31/21.21	(23.31578947368421, '0_pca_skewness_first_pc')
16.31/21.21	(25.50877192982456, '0_class_probability_std')
16.31/21.21	(26.473684210526315, '1_kurtosis_min')
16.31/21.21	(27.859649122807017, '1_landmark_lda')
16.31/21.21	(28.45614035087719, '0_landmark_lda')
16.31/21.21	(28.614035087719298, '1_class_probability_min')
16.31/21.21	(28.666666666666668, '0_skewness_max')
16.31/21.21	(28.912280701754387, '1_log_dataset_ratio')
16.31/21.21	(30.12280701754386, '0_class_probability_min')
16.31/21.21	(30.228070175438596, '1_number_of_numeric_features')
16.31/21.21	(30.350877192982455, '1_landmark_1NN')
16.31/21.21	(30.894736842105264, '0_number_of_numeric_features')
16.31/21.21	(31.140350877192983, '0_number_of_instances')
16.31/21.21	(32.07017543859649, '1_number_of_instances')
16.31/21.21	(32.1578947368421, '0_landmark_decision_tree')
16.31/21.21	(33.31578947368421, '0_log_number_of_instances')
16.31/21.21	(33.35087719298246, '1_landmark_decision_tree')
16.31/21.21	(34.43859649122807, '1_log_number_of_features')
16.31/21.21	(34.54385964912281, '0_landmark_1NN')
16.31/21.21	(34.6140350877193, '1_landmark_random_node_learner')
16.31/21.21	(35.45614035087719, '1_kurtosis_max')
16.31/21.21	(36.43859649122807, '0_skewness_std')
16.31/21.21	(36.75438596491228, '0_number_of_features')
16.31/21.21	(37.80701754385965, '0_log_number_of_features')
16.31/21.21	(38.228070175438596, '1_number_of_features')
16.31/21.21	(38.35087719298246, '0_kurtosis_min')
16.31/21.21	(38.68421052631579, '1_landmark_decision_node_learner')
16.31/21.21	(39.73684210526316, '1_log_number_of_instances')
16.31/21.21	(39.75438596491228, '0_kurtosis_std')
16.31/21.21	(40.03508771929825, '0_kurtosis_max')
16.31/21.21	(40.64912280701754, '0_pca_95%')
16.31/21.21	(40.73684210526316, '1_pca_kurtosis_first_pc')
16.31/21.21	(41.175438596491226, '0_landmark_decision_node_learner')
16.31/21.21	(41.63157894736842, '1_pca_95%')
16.31/21.21	(42.228070175438596, '0_pca_kurtosis_first_pc')
16.31/21.21	(42.719298245614034, '1_kurtosis_std')
16.31/21.21	(42.75438596491228, '1_skewness_std')
16.31/21.21	(42.87719298245614, '0_symbols_mean')
16.31/21.21	(42.96491228070175, '0_skewness_mean')
16.31/21.21	(43.03508771929825, '0_log_inverse_dataset_ratio')
16.31/21.21	(43.70175438596491, '1_dataset_ratio')
16.31/21.21	(43.75438596491228, '1_skewness_mean')
16.31/21.21	(44.68421052631579, '0_landmark_random_node_learner')
16.31/21.21	(45.07017543859649, '0_inverse_dataset_ratio')
16.31/21.21	(45.49122807017544, '1_skewness_max')
16.31/21.21	(46.35087719298246, '0_log_dataset_ratio')
16.31/21.21	(47.666666666666664, '0_dataset_ratio')
16.31/21.21	(48.87719298245614, '0_class_entropy')
16.31/21.21	(49.59649122807018, '1_log_inverse_dataset_ratio')
16.31/21.21	(51.08771929824562, '1_kurtosis_mean')
16.31/21.21	(51.473684210526315, '1_symbols_mean')
16.31/21.21	(51.63157894736842, '0_kurtosis_mean')
16.31/21.21	(52.70175438596491, '1_inverse_dataset_ratio')
16.31/21.21	(53.31578947368421, '1_symbols_sum')
16.31/21.21	(55.12280701754386, '0_symbols_sum')
16.31/21.21	(56.26315789473684, '0_symbols_min')
16.31/21.21	(56.73684210526316, '1_ratio_numerical_to_categorical')
16.31/21.21	(60.07017543859649, '0_ratio_numerical_to_categorical')
16.31/21.21	(60.98245614035088, '1_number_of_categorical_features')
16.31/21.21	(62.421052631578945, '0_number_of_categorical_features')
16.31/21.21	(62.87719298245614, '1_symbols_min')
16.31/21.21	(65.05263157894737, '1_ratio_categorical_to_numerical')
16.31/21.21	(66.21052631578948, '1_class_probability_mean')
16.31/21.21	(66.89473684210526, '0_class_probability_mean')
16.31/21.21	(67.54385964912281, '0_number_of_classes')
16.31/21.21	(67.64912280701755, '1_symbols_std')
16.31/21.21	(67.82456140350877, '1_symbols_max')
16.31/21.21	(68.80701754385964, '0_ratio_categorical_to_numerical')
16.31/21.21	(69.42105263157895, '1_number_of_classes')
16.31/21.21	(70.96491228070175, '0_symbols_max')
16.31/21.21	(72.03508771929825, '0_number_of_Instances_with_missing_values')
16.31/21.21	(72.59649122807018, '0_symbols_std')
16.31/21.21	(73.33333333333333, '0_percentage_of_Instances_with_missing_values')
16.31/21.21	(74.63157894736842, '1_percentage_of_features_with_missing_values')
16.31/21.21	(74.70175438596492, '1_number_of_missing_values')
16.31/21.21	(74.7719298245614, '0_percentage_of_features_with_missing_values')
16.31/21.21	(75.35087719298245, '1_number_of_Instances_with_missing_values')
16.31/21.21	(75.96491228070175, '1_percentage_of_missing_values')
16.31/21.21	(76.52631578947368, '0_number_of_missing_values')
16.31/21.21	(77.63157894736842, '1_percentage_of_Instances_with_missing_values')
16.31/21.21	(78.56140350877193, '0_percentage_of_missing_values')
16.31/21.21	(79.17543859649123, '0_number_of_features_with_missing_values')
16.31/21.21	(79.28070175438596, '1_number_of_features_with_missing_values')
16.31/21.21	Result for ParamILS: SAT, 20.276015, 1, 0.355467, -1, /home/feurerm/thesis/Software/pyMetaLearn/optimizers/metalearn_optimizer/learn_distances.py
