0.73/3.28	['/home/feurerm/thesis/Software/pyMetaLearn/optimizers/metalearn_optimizer/learn_distances.py', '--input_file', '/home/feurerm/thesis/experiments/2014_04_25_predict_distances/testfold_0-3_spearman_rank_perm.pkl', '--fold', '0', '--folds', '1', '--params', '-max_features', '0.373116718996', '-min_samples_leaf', '8', '-min_samples_split', '8', '-n_estimators', '90', '-n_jobs', '4', '-seed', '32']
0.73/3.30	Metafeatures (57, 46)
0.73/3.30	X (3192, 92)
0.73/3.30	Y (3192,)
0.73/3.30	Dataset Mae MSE Rho
5.97/5.01	vehicle 0.427546487118 0.233435379098 -0.00387851417243
11.64/7.18	anneal.ORIG 0.627463607717 0.440850566525 0.193925708621
17.37/9.17	segment 0.290433481641 0.10760952463 0.720110798014
23.25/11.10	pendigits 0.400068796744 0.18988787318 0.24563923092
28.89/12.92	mushroom 0.219617783935 0.057862996628 0.589534154209
34.58/14.76	labor 0.173299308681 0.0428163051652 0.768915434684
40.28/21.27	abalone 0.424061090013 0.23067528715 0.115709006144
45.99/23.47	diabetes 0.492127016745 0.331166828914 -0.0523599413278
51.58/26.82	car 0.545368311149 0.406585407055 -0.0649651123882
57.21/28.79	autos 0.216611486825 0.0606003711894 0.548486545884
62.97/31.97	mfeat-fourier 0.645733364959 0.544113544267 -0.496773023585
68.60/35.05	primary-tumor 0.202643075807 0.051243062543 0.605048210899
74.23/36.86	waveform-5000 0.25898346788 0.0892351250372 0.584686011494
79.84/38.68	credit-a 0.411230799284 0.241747676148 0.22786270763
85.43/40.48	letter 0.283339372062 0.103855906097 0.685527379977
91.27/42.38	postoperative-patient-data 0.43661157103 0.233121936523 -0.482875014467
96.82/47.35	vowel 0.513541351617 0.329312377529 -0.0575312935577
102.48/49.55	eucalyptus 0.28867947414 0.108488496566 0.45572541526
108.18/51.49	cylinder-bands 0.288409629202 0.0963858105801 0.566263069175
113.83/53.43	ionosphere 0.422863197099 0.204531573032 -0.0995485304257
119.60/55.37	mfeat-karhunen 0.275344156974 0.0998629795154 0.566586278689
125.30/57.44	balance-scale 0.189974893437 0.0521815636864 0.693284408322
130.96/63.46	mfeat-morphological 0.455580764999 0.275463736673 -0.132192691377
136.59/65.33	liver-disorders 0.196667222344 0.0561398812614 0.592119830324
142.24/67.15	dermatology 0.201606948649 0.0511846655528 0.526185089393
147.90/69.06	vote 0.0736753278522 0.00894453247209 0.81448797621
153.57/71.26	breast-cancer 0.185928627492 0.0506530672906 0.280545858472
159.49/78.03	credit-g 0.503704295128 0.34267546451 -0.46089676749
165.13/79.84	soybean 0.119613876656 0.019195960509 0.839375108816
170.76/85.45	arrhythmia 0.271938871326 0.0951630745587 0.0468653795835
176.37/87.45	nursery 0.247373426014 0.0776574575809 0.644479771652
181.90/89.28	hepatitis 0.399573519137 0.221939540816 -0.258244401981
187.54/91.16	cmc 0.161618415793 0.0331021119657 0.738210530819
193.19/92.96	heart-c 0.269230290062 0.0947612902117 0.76342087294
198.96/98.67	glass 0.35754989756 0.154175934385 0.38171043647
204.80/100.70	braziltourism 0.647543010039 0.502708003212 -0.570141583347
210.41/102.85	iris 0.313219060791 0.131437984992 0.176149185331
216.11/104.88	heart-statlog 0.355737673163 0.171013519312 0.488692785726
222.11/109.75	page-blocks 0.567631826192 0.435747639017 -0.481905385924
227.87/116.29	breast-w 0.229582888592 0.0712790706344 0.57628256412
233.48/122.09	heart-h 0.169776123653 0.0374545195142 0.693284408322
239.13/128.32	yeast 0.372179847156 0.170110379462 0.456695043803
244.74/130.15	tae 0.348389864508 0.152383442996 0.0203621994053
250.57/131.95	haberman 0.284144730881 0.104856427779 -0.0442797034686
256.13/133.79	mfeat-pixel 0.385573125846 0.183069061754 0.135747996035
261.73/138.42	optdigits 0.25125815223 0.0777631799518 0.691991570264
267.43/140.23	mfeat-factors 0.2643878667 0.0934154745582 0.645449400195
273.20/144.90	satimage 0.35987743293 0.158300970396 0.106982349256
278.67/147.09	lymph 0.298469218368 0.124701576994 0.387528207728
284.32/148.98	audiology 0.28424645071 0.10092749592 0.539113469968
290.07/150.82	ecoli 0.429805277762 0.23497252366 0.0126051710604
295.78/156.56	tic-tac-toe 0.197257562671 0.0573391342302 0.697162922494
301.58/158.70	spambase 0.378981673732 0.183496900103 0.743058673534
307.40/160.56	zoo 0.179753796169 0.0440060974035 0.681972075319
313.08/162.75	sonar 0.544822026982 0.371814425291 -0.384942531614
318.70/164.56	mfeat-zernike 0.236128851908 0.0780223510396 0.548809755399
324.32/166.84	kr-vs-kp 0.22376930012 0.0615435007691 0.601492906241
324.60/167.10	MAE 0.329834192424 0.134971524279
324.60/167.10	MSE 0.162859491015 0.162859491015
324.60/167.10	Mean tau 0.312413182521 0.396463848388
324.60/167.10	(0.22807017543859648, '0_class_probability_max')
324.60/167.10	(0.8245614035087719, '1_class_probability_max')
324.60/167.10	(2.6842105263157894, '0_skewness_min')
324.60/167.10	(2.7719298245614037, '1_skewness_min')
324.60/167.10	(5.859649122807017, '1_class_probability_std')
324.60/167.10	(7.385964912280702, '1_class_entropy')
324.60/167.10	(7.964912280701754, '0_class_probability_std')
324.60/167.10	(8.087719298245615, '1_landmark_decision_tree')
324.60/167.10	(8.473684210526315, '1_landmark_random_node_learner')
324.60/167.10	(8.719298245614034, '0_landmark_decision_tree')
324.60/167.10	(9.105263157894736, '0_landmark_random_node_learner')
324.60/167.10	(9.614035087719298, '0_class_entropy')
324.60/167.10	(11.403508771929825, '0_landmark_naive_bayes')
324.60/167.10	(11.491228070175438, '1_landmark_naive_bayes')
324.60/167.10	(16.75438596491228, '0_landmark_1NN')
324.60/167.10	(17.596491228070175, '1_landmark_1NN')
324.60/167.10	(18.157894736842106, '0_pca_skewness_first_pc')
324.60/167.10	(22.36842105263158, '1_number_of_features')
324.60/167.10	(22.859649122807017, '1_skewness_std')
324.60/167.10	(22.87719298245614, '0_skewness_max')
324.60/167.10	(23.157894736842106, '0_landmark_lda')
324.60/167.10	(24.017543859649123, '1_log_number_of_features')
324.60/167.10	(24.49122807017544, '0_ratio_numerical_to_categorical')
324.60/167.10	(24.50877192982456, '1_pca_skewness_first_pc')
324.60/167.10	(24.859649122807017, '0_number_of_features')
324.60/167.10	(26.140350877192983, '1_landmark_lda')
324.60/167.10	(26.333333333333332, '1_skewness_max')
324.60/167.10	(27.719298245614034, '0_log_number_of_features')
324.60/167.10	(27.842105263157894, '0_kurtosis_std')
324.60/167.10	(28.24561403508772, '1_kurtosis_std')
324.60/167.10	(29.473684210526315, '1_kurtosis_min')
324.60/167.10	(30.263157894736842, '0_kurtosis_min')
324.60/167.10	(31.596491228070175, '0_skewness_std')
324.60/167.10	(31.75438596491228, '1_symbols_sum')
324.60/167.10	(34.21052631578947, '1_number_of_numeric_features')
324.60/167.10	(34.24561403508772, '0_number_of_numeric_features')
324.60/167.10	(34.280701754385966, '0_symbols_sum')
324.60/167.10	(36.64912280701754, '1_number_of_categorical_features')
324.60/167.10	(42.03508771929825, '0_number_of_categorical_features')
324.60/167.10	(42.24561403508772, '1_class_probability_min')
324.60/167.10	(42.333333333333336, '0_landmark_decision_node_learner')
324.60/167.10	(42.3859649122807, '0_class_probability_min')
324.60/167.10	(42.56140350877193, '1_kurtosis_max')
324.60/167.10	(43.07017543859649, '0_kurtosis_max')
324.60/167.10	(43.719298245614034, '1_landmark_decision_node_learner')
324.60/167.10	(48.35087719298246, '1_pca_kurtosis_first_pc')
324.60/167.10	(49.24561403508772, '0_log_number_of_instances')
324.60/167.10	(49.40350877192982, '0_pca_kurtosis_first_pc')
324.60/167.10	(49.40350877192982, '1_log_number_of_instances')
324.60/167.10	(50.40350877192982, '0_pca_95%')
324.60/167.10	(50.64912280701754, '1_number_of_instances')
324.60/167.10	(51.36842105263158, '0_number_of_instances')
324.60/167.10	(52.0, '1_pca_95%')
324.60/167.10	(52.63157894736842, '0_symbols_mean')
324.60/167.10	(53.05263157894737, '1_skewness_mean')
324.60/167.10	(53.175438596491226, '0_skewness_mean')
324.60/167.10	(56.01754385964912, '1_symbols_mean')
324.60/167.10	(57.08771929824562, '1_ratio_numerical_to_categorical')
324.60/167.10	(57.771929824561404, '0_log_inverse_dataset_ratio')
324.60/167.10	(58.94736842105263, '1_log_dataset_ratio')
324.60/167.10	(59.05263157894737, '0_inverse_dataset_ratio')
324.60/167.10	(59.14035087719298, '1_dataset_ratio')
324.60/167.10	(59.49122807017544, '1_log_inverse_dataset_ratio')
324.60/167.10	(59.6140350877193, '0_log_dataset_ratio')
324.60/167.10	(59.70175438596491, '0_dataset_ratio')
324.60/167.10	(60.40350877192982, '1_inverse_dataset_ratio')
324.60/167.10	(61.35087719298246, '0_symbols_min')
324.60/167.10	(64.40350877192982, '1_kurtosis_mean')
324.60/167.10	(65.14035087719299, '0_kurtosis_mean')
324.60/167.10	(65.89473684210526, '1_symbols_min')
324.60/167.10	(70.98245614035088, '0_symbols_max')
324.60/167.10	(73.50877192982456, '1_symbols_max')
324.60/167.10	(74.96491228070175, '1_percentage_of_features_with_missing_values')
324.60/167.10	(75.03508771929825, '1_ratio_categorical_to_numerical')
324.60/167.10	(75.24561403508773, '0_percentage_of_features_with_missing_values')
324.60/167.10	(75.50877192982456, '1_number_of_classes')
324.60/167.10	(76.73684210526316, '0_ratio_categorical_to_numerical')
324.60/167.10	(77.0, '0_symbols_std')
324.60/167.10	(77.33333333333333, '1_class_probability_mean')
324.60/167.10	(77.49122807017544, '0_number_of_classes')
324.60/167.10	(77.6842105263158, '0_class_probability_mean')
324.60/167.10	(77.80701754385964, '1_symbols_std')
324.60/167.10	(79.12280701754386, '1_percentage_of_missing_values')
324.60/167.10	(79.15789473684211, '0_percentage_of_missing_values')
324.60/167.10	(83.52631578947368, '0_number_of_Instances_with_missing_values')
324.60/167.10	(84.03508771929825, '0_percentage_of_Instances_with_missing_values')
324.60/167.10	(84.91228070175438, '1_number_of_Instances_with_missing_values')
324.60/167.10	(84.96491228070175, '1_number_of_missing_values')
324.60/167.10	(85.10526315789474, '1_percentage_of_Instances_with_missing_values')
324.60/167.10	(85.94736842105263, '0_number_of_missing_values')
324.60/167.10	(86.17543859649123, '0_number_of_features_with_missing_values')
324.60/167.10	(86.6842105263158, '1_number_of_features_with_missing_values')
324.60/167.10	Result for ParamILS: SAT, 163.812715, 1, 0.329834, -1, /home/feurerm/thesis/Software/pyMetaLearn/optimizers/metalearn_optimizer/learn_distances.py
