0.77/1.68	['/home/feurerm/thesis/Software/pyMetaLearn/optimizers/metalearn_optimizer/learn_distances.py', '--input_file', '/home/feurerm/thesis/experiments/2014_04_25_predict_distances/testfold_0-3_spearman_rank_perm.pkl', '--fold', '0', '--folds', '1', '--params', '-max_features', '0.882232333388', '-min_samples_leaf', '5', '-min_samples_split', '3', '-n_estimators', '64', '-n_jobs', '4', '-seed', '14']
0.77/1.69	Metafeatures (57, 46)
0.77/1.69	X (3192, 92)
0.77/1.69	Y (3192,)
0.77/1.69	Dataset Mae MSE Rho
10.01/4.28	vehicle 0.506336941762 0.328780724232 -0.224630612486
19.59/7.36	anneal.ORIG 0.792755325307 0.698513538616 -0.188107937363
29.14/10.14	segment 0.281633765557 0.101091902288 0.757603101681
38.79/12.99	pendigits 0.395038170019 0.18947956648 0.252426630722
48.33/15.76	mushroom 0.243951481951 0.0726321919226 0.506792518531
57.83/22.27	labor 0.200752100724 0.0581196385558 0.493217718927
67.25/25.18	abalone 0.385816445554 0.190891406277 0.331612961743
76.59/27.83	diabetes 0.480196244147 0.334277524767 -0.21008618434
86.00/33.34	car 0.66487714404 0.554108916379 -0.0775702834486
95.58/38.04	autos 0.174537322403 0.0402208904097 0.633813857678
105.29/41.20	mfeat-fourier 0.675487081879 0.59373855388 -0.507438937559
114.77/48.77	primary-tumor 0.201059403156 0.0485775614631 0.618299800988
124.33/51.57	waveform-5000 0.230681079117 0.0736211193741 0.610542772643
133.90/56.84	credit-a 0.450329269451 0.283253735263 0.165160061843
143.40/59.60	letter 0.306547325513 0.123386394345 0.52747792745
153.34/65.00	postoperative-patient-data 0.454116724665 0.251613647399 -0.375246246182
162.76/67.79	vowel 0.476638224797 0.279055538197 0.09987173994
172.34/70.55	eucalyptus 0.240527072095 0.0762358151018 0.563354183545
181.91/73.33	cylinder-bands 0.276808468271 0.090770222867 0.569818373833
191.50/76.10	ionosphere 0.444020336709 0.231754852237 -0.198450641823
201.06/81.87	mfeat-karhunen 0.258053702555 0.0916179216253 0.619269429531
210.53/84.67	balance-scale 0.253417071737 0.0886892481383 0.334521847372
220.03/89.22	mfeat-morphological 0.504647222516 0.341094360089 -0.270526363527
229.54/92.63	liver-disorders 0.141879096228 0.0283915605014 0.53264927968
239.03/97.13	dermatology 0.229367264366 0.0658199044496 0.452816529631
248.58/101.99	vote 0.0691971458546 0.00834074316715 0.790893681661
258.13/105.55	breast-cancer 0.119662848348 0.0215477489281 0.450877272545
267.78/108.57	credit-g 0.571228341612 0.448003134994 -0.458311091375
277.27/112.31	soybean 0.104402430179 0.0156060032434 0.809963043009
286.86/116.13	arrhythmia 0.310208265333 0.117256369449 -0.155463776412
296.31/118.91	nursery 0.230483232521 0.0679858926481 0.682618494347
305.81/121.66	hepatitis 0.287893127844 0.108357053005 0.110860863429
315.31/128.84	cmc 0.168587099983 0.0375678552766 0.630904972048
324.92/132.02	heart-c 0.238151606146 0.0756173987529 0.767945806141
334.41/134.78	glass 0.274240253983 0.0925146831053 0.684880960948
344.30/137.64	braziltourism 0.729566610128 0.644053448739 -0.659347409313
353.83/140.50	iris 0.317239345442 0.133783142776 0.112800120515
363.23/143.37	heart-statlog 0.306120704798 0.122868805048 0.642217305051
372.96/150.21	page-blocks 0.603182400875 0.486899692588 -0.609896353614
382.53/156.68	breast-w 0.239392446868 0.0771868712289 0.425020511395
391.96/159.35	heart-h 0.145337759098 0.0276785144186 0.739826578391
401.50/162.16	yeast 0.322827400291 0.130846463932 0.589210944695
411.09/164.92	tae 0.363754019525 0.165975215524 0.00226246660058
420.63/167.69	haberman 0.303502255246 0.125732651702 -0.0084034473736
430.15/170.45	mfeat-pixel 0.402278929884 0.200120490735 0.114092958572
439.71/173.41	optdigits 0.231344602436 0.0662643472056 0.739826578391
449.35/176.25	mfeat-factors 0.260137611221 0.0874177808405 0.67098295183
458.88/179.05	satimage 0.335376701099 0.144819013547 0.162574385728
468.27/181.73	lymph 0.24628444915 0.0893588546646 0.357146513378
477.73/188.10	audiology 0.26932118695 0.0861116878872 0.525861879878
487.37/190.90	ecoli 0.412249489777 0.212540362678 0.106335930227
496.77/193.66	tic-tac-toe 0.162321024644 0.0359385842432 0.745967559164
506.58/196.52	spambase 0.37584432071 0.185058005232 0.607957096528
516.06/199.27	zoo 0.189385083627 0.0489457250956 0.593412668382
525.60/202.77	sonar 0.556574007763 0.386348024147 -0.319331000197
535.06/205.55	mfeat-zernike 0.210794434654 0.0640119829711 0.651267171454
544.51/208.33	kr-vs-kp 0.237441614491 0.0670840973885 0.572404049948
544.77/208.54	MAE 0.330943947982 0.159944602072
544.77/208.54	MSE 0.172238199649 0.172238199649
544.77/208.54	Mean tau 0.29990440728 0.40635368331
544.77/208.54	(0.3684210526315789, '0_class_probability_max')
544.77/208.54	(0.8421052631578947, '1_class_probability_max')
544.77/208.54	(2.4210526315789473, '1_skewness_min')
544.77/208.54	(2.5789473684210527, '0_skewness_min')
544.77/208.54	(6.140350877192983, '1_class_entropy')
544.77/208.54	(6.614035087719298, '1_landmark_naive_bayes')
544.77/208.54	(6.964912280701754, '0_landmark_naive_bayes')
544.77/208.54	(11.912280701754385, '0_class_entropy')
544.77/208.54	(12.298245614035087, '0_pca_skewness_first_pc')
544.77/208.54	(12.456140350877194, '0_landmark_decision_tree')
544.77/208.54	(12.456140350877194, '1_pca_skewness_first_pc')
544.77/208.54	(13.0, '1_class_probability_std')
544.77/208.54	(14.12280701754386, '0_landmark_lda')
544.77/208.54	(14.771929824561404, '1_landmark_decision_tree')
544.77/208.54	(14.771929824561404, '1_landmark_lda')
544.77/208.54	(16.29824561403509, '0_class_probability_std')
544.77/208.54	(18.736842105263158, '0_kurtosis_min')
544.77/208.54	(19.859649122807017, '1_kurtosis_min')
544.77/208.54	(22.894736842105264, '1_landmark_1NN')
544.77/208.54	(22.912280701754387, '0_landmark_1NN')
544.77/208.54	(26.43859649122807, '1_class_probability_min')
544.77/208.54	(26.473684210526315, '0_class_probability_min')
544.77/208.54	(28.017543859649123, '0_skewness_max')
544.77/208.54	(28.859649122807017, '1_skewness_max')
544.77/208.54	(29.82456140350877, '1_kurtosis_max')
544.77/208.54	(30.719298245614034, '0_kurtosis_max')
544.77/208.54	(31.649122807017545, '0_number_of_numeric_features')
544.77/208.54	(32.01754385964912, '1_number_of_numeric_features')
544.77/208.54	(32.1578947368421, '1_number_of_features')
544.77/208.54	(33.08771929824562, '0_number_of_instances')
544.77/208.54	(33.40350877192982, '1_skewness_mean')
544.77/208.54	(33.56140350877193, '1_landmark_random_node_learner')
544.77/208.54	(33.96491228070175, '1_log_number_of_instances')
544.77/208.54	(34.03508771929825, '0_log_number_of_instances')
544.77/208.54	(34.228070175438596, '1_log_number_of_features')
544.77/208.54	(34.68421052631579, '0_number_of_features')
544.77/208.54	(34.771929824561404, '0_skewness_mean')
544.77/208.54	(35.473684210526315, '1_number_of_instances')
544.77/208.54	(36.473684210526315, '0_log_number_of_features')
544.77/208.54	(37.175438596491226, '1_skewness_std')
544.77/208.54	(39.0, '1_landmark_decision_node_learner')
544.77/208.54	(39.24561403508772, '0_landmark_decision_node_learner')
544.77/208.54	(41.719298245614034, '0_landmark_random_node_learner')
544.77/208.54	(41.771929824561404, '1_symbols_mean')
544.77/208.54	(42.280701754385966, '0_pca_kurtosis_first_pc')
544.77/208.54	(42.63157894736842, '0_skewness_std')
544.77/208.54	(43.280701754385966, '1_pca_kurtosis_first_pc')
544.77/208.54	(43.43859649122807, '0_symbols_mean')
544.77/208.54	(44.771929824561404, '0_kurtosis_std')
544.77/208.54	(48.24561403508772, '1_symbols_min')
544.77/208.54	(48.87719298245614, '0_symbols_min')
544.77/208.54	(50.175438596491226, '1_kurtosis_std')
544.77/208.54	(50.26315789473684, '1_pca_95%')
544.77/208.54	(50.6140350877193, '0_pca_95%')
544.77/208.54	(52.473684210526315, '0_log_dataset_ratio')
544.77/208.54	(52.68421052631579, '1_dataset_ratio')
544.77/208.54	(54.49122807017544, '1_log_inverse_dataset_ratio')
544.77/208.54	(54.96491228070175, '1_log_dataset_ratio')
544.77/208.54	(55.21052631578947, '1_inverse_dataset_ratio')
544.77/208.54	(55.29824561403509, '0_log_inverse_dataset_ratio')
544.77/208.54	(55.49122807017544, '0_inverse_dataset_ratio')
544.77/208.54	(55.70175438596491, '0_dataset_ratio')
544.77/208.54	(57.01754385964912, '1_symbols_sum')
544.77/208.54	(57.40350877192982, '0_symbols_sum')
544.77/208.54	(57.94736842105263, '1_ratio_numerical_to_categorical')
544.77/208.54	(58.10526315789474, '0_ratio_numerical_to_categorical')
544.77/208.54	(60.94736842105263, '0_number_of_categorical_features')
544.77/208.54	(65.15789473684211, '0_kurtosis_mean')
544.77/208.54	(66.10526315789474, '1_kurtosis_mean')
544.77/208.54	(67.50877192982456, '1_number_of_categorical_features')
544.77/208.54	(72.50877192982456, '0_ratio_categorical_to_numerical')
544.77/208.54	(72.91228070175438, '0_class_probability_mean')
544.77/208.54	(73.17543859649123, '1_number_of_classes')
544.77/208.54	(73.6842105263158, '1_ratio_categorical_to_numerical')
544.77/208.54	(74.05263157894737, '0_number_of_classes')
544.77/208.54	(74.75438596491227, '1_symbols_max')
544.77/208.54	(74.9298245614035, '1_class_probability_mean')
544.77/208.54	(77.21052631578948, '0_symbols_max')
544.77/208.54	(77.6140350877193, '1_symbols_std')
544.77/208.54	(77.96491228070175, '0_symbols_std')
544.77/208.54	(78.54385964912281, '0_percentage_of_features_with_missing_values')
544.77/208.54	(79.84210526315789, '1_percentage_of_features_with_missing_values')
544.77/208.54	(82.43859649122807, '1_percentage_of_Instances_with_missing_values')
544.77/208.54	(83.14035087719299, '1_number_of_Instances_with_missing_values')
544.77/208.54	(83.43859649122807, '0_number_of_Instances_with_missing_values')
544.77/208.54	(83.70175438596492, '1_percentage_of_missing_values')
544.77/208.54	(84.6140350877193, '0_percentage_of_Instances_with_missing_values')
544.77/208.54	(84.71929824561404, '0_number_of_missing_values')
544.77/208.54	(84.82456140350877, '0_percentage_of_missing_values')
544.77/208.54	(85.43859649122807, '1_number_of_missing_values')
544.77/208.54	(86.64912280701755, '1_number_of_features_with_missing_values')
544.77/208.54	(87.57894736842105, '0_number_of_features_with_missing_values')
544.77/208.54	Result for ParamILS: SAT, 206.858205, 1, 0.330944, -1, /home/feurerm/thesis/Software/pyMetaLearn/optimizers/metalearn_optimizer/learn_distances.py
