0.74/3.84	['/home/feurerm/thesis/Software/pyMetaLearn/optimizers/metalearn_optimizer/learn_distances.py', '--input_file', '/home/feurerm/thesis/experiments/2014_04_25_predict_distances/testfold_0-3_spearman_rank_perm.pkl', '--fold', '0', '--folds', '1', '--params', '-max_features', '0.690578158988', '-min_samples_leaf', '9', '-min_samples_split', '5', '-n_estimators', '15', '-n_jobs', '4', '-seed', '48']
0.74/3.85	Metafeatures (57, 46)
0.74/3.85	X (3192, 92)
0.74/3.85	Y (3192,)
0.74/3.85	Dataset Mae MSE Rho
2.37/4.53	vehicle 0.423816387009 0.231657746735 0.00258567611495
4.04/5.33	anneal.ORIG 0.574770645254 0.388558288237 -0.0817720071354
5.70/6.02	segment 0.325235444037 0.137290903781 0.644479771652
7.41/6.82	pendigits 0.403421750845 0.20287896885 0.229478755202
9.05/12.93	mushroom 0.233974249499 0.0667452231235 0.532972489195
10.72/13.63	labor 0.177842058766 0.0471862238719 0.612805239244
12.40/18.19	abalone 0.41686749501 0.222149126707 0.106982349256
14.07/19.45	diabetes 0.47558199008 0.322857199096 -0.2226913554
15.77/20.17	car 0.5445490319 0.409038081227 0.0313513228938
17.47/22.43	autos 0.207787679893 0.0568396359255 0.575636145091
19.16/23.18	mfeat-fourier 0.647199748027 0.549315363326 -0.488046366697
20.83/23.93	primary-tumor 0.196825031147 0.0471257707113 0.622389985476
22.49/24.63	waveform-5000 0.234880396878 0.077057055854 0.572404049948
24.19/29.90	credit-a 0.444438390848 0.272814489127 0.168392156986
25.86/30.59	letter 0.291620335976 0.116025713791 0.536851003367
27.64/31.32	postoperative-patient-data 0.434890737105 0.233336230398 -0.252103421208
29.30/32.05	vowel 0.499814374641 0.309852312195 0.00872665688796
30.96/32.75	eucalyptus 0.285850994473 0.108908491735 0.462512815062
32.67/33.46	cylinder-bands 0.311738478842 0.116291189065 0.433423958769
34.33/34.24	ionosphere 0.41090870121 0.206617799317 -0.0084034473736
36.02/35.37	mfeat-karhunen 0.255832064284 0.0909094801416 0.623471153218
37.68/36.22	balance-scale 0.245657143124 0.0799671471785 0.364903541723
39.33/37.11	mfeat-morphological 0.495485507075 0.332057881429 -0.224630612486
41.05/37.80	liver-disorders 0.150831315642 0.0328957404128 0.541699146083
42.73/40.81	dermatology 0.211697251704 0.0562075067208 0.489662414269
44.42/41.51	vote 0.0779371520518 0.0103461399788 0.764390501483
46.09/42.20	breast-cancer 0.157454595462 0.0393171515362 0.35585367532
47.83/47.49	credit-g 0.552288451427 0.41728797834 -0.426959768482
49.52/48.18	soybean 0.111127261885 0.0169935359604 0.813841557181
51.23/49.02	arrhythmia 0.309401762849 0.122131739135 -0.131546272348
52.91/49.87	nursery 0.269438307792 0.0929054462578 0.588564525666
54.53/54.48	hepatitis 0.365139882539 0.194472672936 -0.112001106189
56.24/55.17	cmc 0.166485704741 0.0366073713502 0.649327914367
57.91/55.86	heart-c 0.265133505245 0.095973779801 0.6658115996
59.56/56.63	glass 0.318197225186 0.125066422703 0.56076850743
61.32/57.45	braziltourism 0.680105009647 0.551549423716 -0.401749426361
63.02/58.36	iris 0.27887915493 0.107965403573 0.234184131123
64.67/59.09	heart-statlog 0.369072054678 0.182901474799 0.334521847372
66.41/59.86	page-blocks 0.563180530694 0.424776373696 -0.518104851534
68.10/60.67	breast-w 0.258088280093 0.0899971346063 0.351005532605
69.76/61.45	heart-h 0.185945788945 0.0464368248381 0.561091716945
71.43/62.43	yeast 0.379283736163 0.175605162972 0.38662078187
73.13/63.16	tae 0.370450123357 0.179939581336 -0.131223062834
74.88/63.86	haberman 0.291479422543 0.11125657506 -0.0578545030721
76.55/64.55	mfeat-pixel 0.385342437479 0.185921461814 0.160635128641
78.23/65.31	optdigits 0.24700385228 0.0772627829757 0.655360008077
79.91/66.14	mfeat-factors 0.275790082482 0.103198369444 0.623147943704
81.62/66.96	satimage 0.271265615884 0.102325603617 0.436979263427
83.32/67.96	lymph 0.237941212125 0.0836650409216 0.444287216326
85.04/69.00	audiology 0.282316756794 0.0969963206239 0.470593052921
86.70/69.82	ecoli 0.434261056244 0.244093024333 -0.0286063431392
88.40/70.52	tic-tac-toe 0.199670093472 0.0602894220776 0.700071808123
90.08/71.23	spambase 0.341617105148 0.152240062945 0.654176057083
91.72/72.03	zoo 0.185919081804 0.0484132859487 0.614632333099
93.39/75.62	sonar 0.542049646227 0.36879971581 -0.276020925271
95.09/78.25	mfeat-zernike 0.244954324839 0.0859764480894 0.504853261444
96.76/78.94	kr-vs-kp 0.241536039415 0.0718342365802 0.545900869769
96.76/78.98	MAE 0.329127586977 0.135617752558
96.76/78.98	MSE 0.16521279889 0.16521279889
96.76/78.98	Mean tau 0.285537445517 0.360704482082
96.76/78.98	(0.15789473684210525, '1_class_probability_max')
96.76/78.98	(1.0, '0_class_probability_max')
96.76/78.98	(2.1052631578947367, '0_skewness_min')
96.76/78.98	(2.8947368421052633, '1_skewness_min')
96.76/78.98	(7.105263157894737, '0_class_probability_std')
96.76/78.98	(9.12280701754386, '1_landmark_naive_bayes')
96.76/78.98	(10.719298245614034, '0_landmark_naive_bayes')
96.76/78.98	(11.666666666666666, '1_landmark_decision_tree')
96.76/78.98	(12.12280701754386, '1_class_probability_std')
96.76/78.98	(12.43859649122807, '0_landmark_decision_tree')
96.76/78.98	(14.736842105263158, '1_class_entropy')
96.76/78.98	(16.92982456140351, '0_class_entropy')
96.76/78.98	(17.31578947368421, '0_landmark_lda')
96.76/78.98	(17.57894736842105, '0_pca_skewness_first_pc')
96.76/78.98	(20.45614035087719, '1_landmark_lda')
96.76/78.98	(21.63157894736842, '1_pca_skewness_first_pc')
96.76/78.98	(22.45614035087719, '0_kurtosis_min')
96.76/78.98	(24.140350877192983, '1_kurtosis_min')
96.76/78.98	(25.80701754385965, '1_skewness_max')
96.76/78.98	(26.087719298245613, '0_landmark_1NN')
96.76/78.98	(30.0, '0_class_probability_min')
96.76/78.98	(30.24561403508772, '1_landmark_1NN')
96.76/78.98	(30.473684210526315, '1_number_of_numeric_features')
96.76/78.98	(30.92982456140351, '1_skewness_std')
96.76/78.98	(31.68421052631579, '1_class_probability_min')
96.76/78.98	(33.49122807017544, '1_kurtosis_max')
96.76/78.98	(33.719298245614034, '0_number_of_instances')
96.76/78.98	(33.73684210526316, '1_number_of_features')
96.76/78.98	(34.07017543859649, '0_number_of_numeric_features')
96.76/78.98	(34.6140350877193, '0_number_of_features')
96.76/78.98	(34.89473684210526, '0_landmark_random_node_learner')
96.76/78.98	(34.96491228070175, '1_log_number_of_features')
96.76/78.98	(36.01754385964912, '1_number_of_instances')
96.76/78.98	(36.21052631578947, '1_log_number_of_instances')
96.76/78.98	(36.280701754385966, '0_skewness_max')
96.76/78.98	(37.29824561403509, '1_landmark_decision_node_learner')
96.76/78.98	(37.666666666666664, '0_kurtosis_max')
96.76/78.98	(37.824561403508774, '0_log_number_of_instances')
96.76/78.98	(38.03508771929825, '1_skewness_mean')
96.76/78.98	(39.29824561403509, '0_skewness_std')
96.76/78.98	(39.63157894736842, '1_kurtosis_std')
96.76/78.98	(40.175438596491226, '1_landmark_random_node_learner')
96.76/78.98	(40.31578947368421, '0_log_number_of_features')
96.76/78.98	(40.54385964912281, '0_skewness_mean')
96.76/78.98	(41.280701754385966, '1_symbols_mean')
96.76/78.98	(41.78947368421053, '0_landmark_decision_node_learner')
96.76/78.98	(43.50877192982456, '1_pca_95%')
96.76/78.98	(43.89473684210526, '0_kurtosis_std')
96.76/78.98	(44.56140350877193, '1_pca_kurtosis_first_pc')
96.76/78.98	(44.89473684210526, '0_symbols_mean')
96.76/78.98	(44.94736842105263, '0_pca_kurtosis_first_pc')
96.76/78.98	(48.21052631578947, '0_pca_95%')
96.76/78.98	(48.578947368421055, '0_log_dataset_ratio')
96.76/78.98	(49.26315789473684, '0_dataset_ratio')
96.76/78.98	(50.36842105263158, '1_inverse_dataset_ratio')
96.76/78.98	(50.421052631578945, '0_inverse_dataset_ratio')
96.76/78.98	(50.54385964912281, '1_symbols_sum')
96.76/78.98	(50.68421052631579, '1_dataset_ratio')
96.76/78.98	(50.8421052631579, '1_log_dataset_ratio')
96.76/78.98	(51.666666666666664, '1_log_inverse_dataset_ratio')
96.76/78.98	(52.824561403508774, '0_symbols_min')
96.76/78.98	(53.771929824561404, '1_symbols_min')
96.76/78.98	(54.68421052631579, '0_log_inverse_dataset_ratio')
96.76/78.98	(55.56140350877193, '0_ratio_numerical_to_categorical')
96.76/78.98	(58.29824561403509, '1_ratio_numerical_to_categorical')
96.76/78.98	(60.07017543859649, '1_kurtosis_mean')
96.76/78.98	(60.73684210526316, '0_symbols_sum')
96.76/78.98	(62.45614035087719, '0_number_of_categorical_features')
96.76/78.98	(62.63157894736842, '0_kurtosis_mean')
96.76/78.98	(65.98245614035088, '1_number_of_categorical_features')
96.76/78.98	(70.63157894736842, '1_ratio_categorical_to_numerical')
96.76/78.98	(71.6842105263158, '0_ratio_categorical_to_numerical')
96.76/78.98	(72.24561403508773, '1_class_probability_mean')
96.76/78.98	(72.54385964912281, '1_number_of_classes')
96.76/78.98	(72.63157894736842, '0_number_of_classes')
96.76/78.98	(72.87719298245614, '0_class_probability_mean')
96.76/78.98	(73.84210526315789, '0_symbols_max')
96.76/78.98	(74.78947368421052, '1_symbols_max')
96.76/78.98	(74.91228070175438, '1_symbols_std')
96.76/78.98	(75.59649122807018, '0_symbols_std')
96.76/78.98	(77.52631578947368, '1_percentage_of_features_with_missing_values')
96.76/78.98	(80.57894736842105, '1_number_of_Instances_with_missing_values')
96.76/78.98	(81.19298245614036, '1_number_of_missing_values')
96.76/78.98	(81.26315789473684, '0_number_of_Instances_with_missing_values')
96.76/78.98	(81.33333333333333, '0_percentage_of_features_with_missing_values')
96.76/78.98	(81.54385964912281, '0_percentage_of_Instances_with_missing_values')
96.76/78.98	(81.66666666666667, '0_percentage_of_missing_values')
96.76/78.98	(82.03508771929825, '0_number_of_missing_values')
96.76/78.98	(82.49122807017544, '1_percentage_of_Instances_with_missing_values')
96.76/78.98	(83.28070175438596, '1_number_of_features_with_missing_values')
96.76/78.98	(84.54385964912281, '1_percentage_of_missing_values')
96.76/78.98	(85.71929824561404, '0_number_of_features_with_missing_values')
96.76/78.98	Result for ParamILS: SAT, 75.148628, 1, 0.329128, -1, /home/feurerm/thesis/Software/pyMetaLearn/optimizers/metalearn_optimizer/learn_distances.py
