0.93/5.94	['/home/feurerm/thesis/Software/pyMetaLearn/optimizers/metalearn_optimizer/learn_distances.py', '--input_file', '/home/feurerm/thesis/experiments/2014_04_25_predict_distances/testfold_0-3_spearman_rank_perm.pkl', '--fold', '0', '--folds', '1', '--params', '-max_features', '0.885227081664', '-min_samples_leaf', '5', '-min_samples_split', '10', '-n_estimators', '12', '-n_jobs', '4', '-seed', '66']
0.94/6.00	Metafeatures (57, 46)
0.94/6.00	X (3192, 92)
0.94/6.00	Y (3192,)
0.94/6.00	Dataset Mae MSE Rho
2.69/9.01	vehicle 0.532964901395 0.37452522304 -0.343894923289
4.56/9.69	anneal.ORIG 0.759719097814 0.653754491907 -0.191340032506
6.38/10.37	segment 0.246419932582 0.0816938526908 0.680032818232
8.28/11.06	pendigits 0.369793559045 0.168784336845 0.406920778591
10.16/11.75	mushroom 0.259664252409 0.0842896571818 0.446352339344
12.09/12.44	labor 0.219904083309 0.071953195225 0.510671032703
14.01/13.13	abalone 0.420514414187 0.230055088406 0.121203567888
15.90/13.82	diabetes 0.497696219581 0.35514336016 -0.276020925271
17.77/14.51	car 0.614825772994 0.487434368191 -0.0913140331846
19.69/15.21	autos 0.175818251938 0.0423982608117 0.601169696726
21.56/15.93	mfeat-fourier 0.675186972145 0.591473810107 -0.510671032703
23.41/16.63	primary-tumor 0.174599389096 0.0389296682588 0.669690113773
25.29/17.32	waveform-5000 0.195066555175 0.0551681814053 0.649974333396
27.19/18.01	credit-a 0.462186707075 0.302597282647 0.133808738949
29.05/18.70	letter 0.311015949939 0.130336894256 0.4970962331
30.98/19.39	postoperative-patient-data 0.475697827963 0.286865268239 -0.308341876708
32.82/20.08	vowel 0.458689249341 0.26054461024 0.204591622596
34.72/20.78	eucalyptus 0.267817024281 0.0932952961206 0.539759888996
36.63/22.41	cylinder-bands 0.274703359308 0.0943868195631 0.560328766462
38.54/23.11	ionosphere 0.432150416382 0.218830649061 -0.0759542358767
40.43/23.88	mfeat-karhunen 0.235510024049 0.0786528245484 0.633490648163
42.27/24.56	balance-scale 0.298956493789 0.135399528855 0.138010462636
44.09/25.25	mfeat-morphological 0.473900566205 0.308714844372 -0.124758872546
45.92/25.94	liver-disorders 0.165231048685 0.0367631939976 0.446029129829
47.82/26.62	dermatology 0.225679798734 0.0637311097865 0.45863430089
49.70/27.31	vote 0.0745944322476 0.00978439891829 0.789924053118
51.50/27.99	breast-cancer 0.137325648418 0.0287118374949 0.313836438452
53.39/28.67	credit-g 0.505088217147 0.358778289984 -0.276990553814
55.20/29.35	soybean 0.122587906744 0.0208474110172 0.738856949848
57.08/30.04	arrhythmia 0.328565862954 0.134284980551 -0.167745737958
58.93/30.72	nursery 0.232734604121 0.0713404238062 0.671952580373
60.80/31.41	hepatitis 0.339190934587 0.166301159485 -0.146910541885
62.68/32.10	cmc 0.18837974899 0.0483251564174 0.532972489195
64.50/32.78	heart-c 0.241366366471 0.076449846598 0.715262655299
66.32/33.48	glass 0.27132073163 0.0948613948315 0.602462534784
68.22/34.17	braziltourism 0.741649282034 0.650775202272 -0.516812013476
70.11/34.86	iris 0.367666844237 0.184052852217 -0.0785399119917
71.94/35.54	heart-statlog 0.319269592962 0.141924648643 0.577898611692
73.84/36.23	page-blocks 0.631154070675 0.533107391108 -0.62508720079
75.68/36.92	breast-w 0.246404208279 0.0855844977751 0.39205314093
77.53/37.61	heart-h 0.169840393438 0.0422762092824 0.60213932527
79.43/38.30	yeast 0.32666640096 0.14334775054 0.471562681464
81.34/39.00	tae 0.386815679301 0.186995075357 -0.000969628543107
83.18/39.69	haberman 0.303345812258 0.118712931844 -0.129607015262
85.06/40.38	mfeat-pixel 0.407199255757 0.210587766946 0.0856505213078
86.96/41.07	optdigits 0.216497496147 0.0642258433204 0.675184675517
88.87/41.76	mfeat-factors 0.247307319261 0.0860176443316 0.659670618827
90.75/42.46	satimage 0.344603507785 0.150429184993 0.177118813874
92.57/43.14	lymph 0.27158713595 0.111944720173 0.340339618631
94.41/43.83	audiology 0.272234584329 0.0914543222768 0.489339204755
96.26/44.52	ecoli 0.469096880778 0.280618760145 -0.194248918136
98.19/45.21	tic-tac-toe 0.176745545907 0.0436822331375 0.669690113773
100.10/45.89	spambase 0.355843832038 0.161242920537 0.620239058074
101.99/46.58	zoo 0.172534357449 0.0427322240291 0.611512401186
103.82/47.27	sonar 0.55942852977 0.40317272937 -0.374923036668
105.64/47.96	mfeat-zernike 0.223692758712 0.0720623445387 0.580161078292
107.52/48.64	kr-vs-kp 0.236018374309 0.0686945651416 0.587918106637
107.52/48.68	MAE 0.335271371633 0.155775367594
107.52/48.68	MSE 0.177702605842 0.177702605842
107.52/48.68	Mean tau 0.266129467596 0.392194961351
107.52/48.68	(0.543859649122807, '1_class_probability_max')
107.52/48.68	(0.8070175438596491, '0_class_probability_max')
107.52/48.68	(2.3859649122807016, '0_skewness_min')
107.52/48.68	(2.6140350877192984, '1_skewness_min')
107.52/48.68	(8.543859649122806, '1_landmark_naive_bayes')
107.52/48.68	(8.87719298245614, '0_landmark_naive_bayes')
107.52/48.68	(12.75438596491228, '1_class_entropy')
107.52/48.68	(15.666666666666666, '0_landmark_lda')
107.52/48.68	(16.54385964912281, '0_pca_skewness_first_pc')
107.52/48.68	(16.842105263157894, '0_class_probability_std')
107.52/48.68	(16.92982456140351, '1_pca_skewness_first_pc')
107.52/48.68	(17.0, '0_class_entropy')
107.52/48.68	(17.29824561403509, '1_landmark_lda')
107.52/48.68	(17.43859649122807, '1_landmark_decision_tree')
107.52/48.68	(18.31578947368421, '1_class_probability_std')
107.52/48.68	(21.526315789473685, '0_kurtosis_min')
107.52/48.68	(23.596491228070175, '0_landmark_decision_tree')
107.52/48.68	(23.859649122807017, '1_kurtosis_min')
107.52/48.68	(25.982456140350877, '0_landmark_1NN')
107.52/48.68	(27.157894736842106, '0_class_probability_min')
107.52/48.68	(27.54385964912281, '1_landmark_1NN')
107.52/48.68	(28.210526315789473, '1_log_number_of_instances')
107.52/48.68	(29.649122807017545, '1_class_probability_min')
107.52/48.68	(30.614035087719298, '0_number_of_numeric_features')
107.52/48.68	(31.912280701754387, '0_skewness_max')
107.52/48.68	(32.35087719298246, '1_kurtosis_max')
107.52/48.68	(32.96491228070175, '1_skewness_max')
107.52/48.68	(33.14035087719298, '0_kurtosis_max')
107.52/48.68	(33.73684210526316, '1_number_of_numeric_features')
107.52/48.68	(33.87719298245614, '0_log_number_of_instances')
107.52/48.68	(34.49122807017544, '0_landmark_decision_node_learner')
107.52/48.68	(34.68421052631579, '1_number_of_instances')
107.52/48.68	(34.78947368421053, '0_number_of_instances')
107.52/48.68	(35.6140350877193, '0_number_of_features')
107.52/48.68	(36.719298245614034, '1_log_number_of_features')
107.52/48.68	(37.59649122807018, '1_pca_kurtosis_first_pc')
107.52/48.68	(37.96491228070175, '1_number_of_features')
107.52/48.68	(38.12280701754386, '1_skewness_mean')
107.52/48.68	(38.45614035087719, '0_skewness_mean')
107.52/48.68	(38.473684210526315, '0_landmark_random_node_learner')
107.52/48.68	(39.14035087719298, '1_symbols_mean')
107.52/48.68	(39.1578947368421, '1_landmark_decision_node_learner')
107.52/48.68	(39.31578947368421, '0_log_number_of_features')
107.52/48.68	(40.280701754385966, '0_pca_kurtosis_first_pc')
107.52/48.68	(40.89473684210526, '1_skewness_std')
107.52/48.68	(43.03508771929825, '0_symbols_mean')
107.52/48.68	(43.43859649122807, '0_pca_95%')
107.52/48.68	(43.8421052631579, '1_landmark_random_node_learner')
107.52/48.68	(44.08771929824562, '1_pca_95%')
107.52/48.68	(44.73684210526316, '0_skewness_std')
107.52/48.68	(47.0, '1_dataset_ratio')
107.52/48.68	(47.01754385964912, '0_inverse_dataset_ratio')
107.52/48.68	(47.771929824561404, '1_kurtosis_std')
107.52/48.68	(48.05263157894737, '0_log_dataset_ratio')
107.52/48.68	(48.228070175438596, '0_symbols_min')
107.52/48.68	(48.526315789473685, '0_dataset_ratio')
107.52/48.68	(49.98245614035088, '0_kurtosis_std')
107.52/48.68	(50.19298245614035, '0_log_inverse_dataset_ratio')
107.52/48.68	(50.45614035087719, '1_symbols_min')
107.52/48.68	(50.70175438596491, '1_log_inverse_dataset_ratio')
107.52/48.68	(51.73684210526316, '1_log_dataset_ratio')
107.52/48.68	(53.771929824561404, '1_ratio_numerical_to_categorical')
107.52/48.68	(53.96491228070175, '1_inverse_dataset_ratio')
107.52/48.68	(56.63157894736842, '0_ratio_numerical_to_categorical')
107.52/48.68	(57.01754385964912, '0_symbols_sum')
107.52/48.68	(59.24561403508772, '1_symbols_sum')
107.52/48.68	(60.03508771929825, '0_kurtosis_mean')
107.52/48.68	(62.40350877192982, '1_kurtosis_mean')
107.52/48.68	(66.54385964912281, '1_number_of_categorical_features')
107.52/48.68	(69.43859649122807, '0_number_of_categorical_features')
107.52/48.68	(69.49122807017544, '0_class_probability_mean')
107.52/48.68	(70.3859649122807, '0_ratio_categorical_to_numerical')
107.52/48.68	(70.70175438596492, '1_ratio_categorical_to_numerical')
107.52/48.68	(72.10526315789474, '1_number_of_classes')
107.52/48.68	(73.78947368421052, '1_class_probability_mean')
107.52/48.68	(74.03508771929825, '0_number_of_classes')
107.52/48.68	(74.21052631578948, '1_symbols_max')
107.52/48.68	(75.33333333333333, '1_symbols_std')
107.52/48.68	(76.73684210526316, '0_symbols_std')
107.52/48.68	(77.63157894736842, '0_symbols_max')
107.52/48.68	(77.94736842105263, '0_percentage_of_features_with_missing_values')
107.52/48.68	(78.56140350877193, '1_percentage_of_features_with_missing_values')
107.52/48.68	(79.43859649122807, '1_number_of_Instances_with_missing_values')
107.52/48.68	(79.56140350877193, '0_number_of_Instances_with_missing_values')
107.52/48.68	(80.0, '0_percentage_of_Instances_with_missing_values')
107.52/48.68	(81.12280701754386, '1_percentage_of_Instances_with_missing_values')
107.52/48.68	(81.2280701754386, '1_percentage_of_missing_values')
107.52/48.68	(82.6842105263158, '1_number_of_missing_values')
107.52/48.68	(82.80701754385964, '0_number_of_missing_values')
107.52/48.68	(84.24561403508773, '1_number_of_features_with_missing_values')
107.52/48.68	(85.26315789473684, '0_percentage_of_missing_values')
107.52/48.68	(86.47368421052632, '0_number_of_features_with_missing_values')
107.52/48.68	Result for ParamILS: SAT, 42.738155, 1, 0.335271, -1, /home/feurerm/thesis/Software/pyMetaLearn/optimizers/metalearn_optimizer/learn_distances.py
