0.74/1.41	['/home/feurerm/thesis/Software/pyMetaLearn/optimizers/metalearn_optimizer/learn_distances.py', '--input_file', '/home/feurerm/thesis/experiments/2014_04_25_predict_distances/testfold_0-3_spearman_rank_perm.pkl', '--fold', '0', '--folds', '1', '--params', '-max_features', '0.254435716921', '-min_samples_leaf', '10', '-min_samples_split', '4', '-n_estimators', '94', '-n_jobs', '4', '-seed', '88']
0.74/1.42	Metafeatures (57, 46)
0.74/1.42	X (3192, 92)
0.74/1.42	Y (3192,)
0.74/1.42	Dataset Mae MSE Rho
4.51/6.56	vehicle 0.400823285904 0.205637028024 0.103750254112
8.57/8.10	anneal.ORIG 0.512136604325 0.314891081591 0.269556734984
12.65/9.63	segment 0.293633226312 0.10930272949 0.682618494347
16.75/11.27	pendigits 0.396666538556 0.187797336923 0.291858191475
20.81/12.70	mushroom 0.221429557559 0.0582015592423 0.593089458867
24.98/14.32	labor 0.199645035852 0.0547577971501 0.803498852721
29.06/15.98	abalone 0.423537064447 0.226148299788 0.11764826323
33.35/17.70	diabetes 0.467698755268 0.30511435866 -0.0623794362732
37.48/19.30	car 0.467073074455 0.320021206262 0.135747996035
41.47/20.75	autos 0.236352320937 0.0719954140724 0.554950736172
45.61/22.34	mfeat-fourier 0.618937487355 0.498573413269 -0.459603929433
49.70/23.87	primary-tumor 0.205718140724 0.0517923399989 0.613451658272
53.83/25.53	waveform-5000 0.279584877109 0.105030806504 0.451523691574
58.02/30.00	credit-a 0.39923026714 0.222240143019 0.240467878691
61.98/33.56	letter 0.266543454179 0.097999777254 0.659024199798
66.31/35.18	postoperative-patient-data 0.440356774863 0.240729590077 -0.501944375815
70.37/36.91	vowel 0.523469254081 0.344340559572 -0.164513642814
74.51/38.44	eucalyptus 0.300622644715 0.117218873888 0.440211358571
78.54/41.60	cylinder-bands 0.295390497667 0.101831023763 0.541375936568
82.68/45.70	ionosphere 0.423004459246 0.205928404958 -0.103103835084
86.92/47.24	mfeat-karhunen 0.263288879639 0.0922915294329 0.617653381959
90.99/48.78	balance-scale 0.205730590413 0.0618242423049 0.631228181563
95.21/50.40	mfeat-morphological 0.445849083583 0.264082055759 -0.101487787512
99.22/51.94	liver-disorders 0.225820182611 0.0715130035971 0.494833766499
103.36/53.49	dermatology 0.191748721713 0.0470906209574 0.559798878887
107.50/55.58	vote 0.0806330209535 0.010084328924 0.811255881066
111.76/60.90	breast-cancer 0.231388183516 0.0753664033221 -0.0982556923682
115.86/62.42	credit-g 0.517934866183 0.358960348903 -0.55042580297
120.05/64.35	soybean 0.11443333666 0.0190210120211 0.851657070362
124.12/65.87	arrhythmia 0.264789350881 0.0924516617938 0.146737119524
128.25/67.43	nursery 0.26613968477 0.0900088665059 0.610219563129
132.28/68.97	hepatitis 0.420445815529 0.246121541368 -0.234973316946
136.45/70.50	cmc 0.180229751 0.0400050515571 0.723342893158
140.52/72.15	heart-c 0.296010880978 0.113263684702 0.646419028738
144.65/73.95	glass 0.392841325695 0.186440305287 0.132192691377
148.73/75.48	braziltourism 0.620975494364 0.466483767722 -0.538143841424
152.88/78.78	iris 0.318627171392 0.134891751063 0.182613375619
156.92/82.66	heart-statlog 0.366978525265 0.184437026729 0.513256708818
161.17/84.19	page-blocks 0.529622619834 0.37620693138 -0.436332844398
165.26/86.61	breast-w 0.246008699016 0.0807668212635 0.545900869769
169.44/91.20	heart-h 0.187314457017 0.04430408581 0.65546889514
173.45/92.73	yeast 0.391221239867 0.189979813662 0.337107523487
177.58/99.05	tae 0.333771717788 0.142025147371 0.0229478755202
181.74/100.57	haberman 0.280153924103 0.10295131408 -0.0197157803765
185.83/102.36	mfeat-pixel 0.372419131365 0.170364159776 0.159342290584
189.93/103.89	optdigits 0.269035109011 0.0887972790514 0.659024199798
194.03/105.41	mfeat-factors 0.270488469583 0.0987625771552 0.662902713971
198.15/107.06	satimage 0.335396078584 0.140692239262 0.141242557779
202.31/111.20	lymph 0.281003608937 0.109491756981 0.485460690582
206.29/113.75	audiology 0.285627356606 0.100723358502 0.498065861643
210.45/115.36	ecoli 0.442362578588 0.248452072274 -0.042017236868
214.57/117.32	tic-tac-toe 0.208934335621 0.0640927573363 0.712030560155
218.76/121.99	spambase 0.353437184051 0.160079795193 0.753401377994
222.81/123.51	zoo 0.179317500561 0.0444065734908 0.700395017638
226.95/125.24	sonar 0.540574480986 0.365314061959 -0.336461104458
231.04/126.78	mfeat-zernike 0.239534895463 0.081655527475 0.543961612683
235.14/128.34	kr-vs-kp 0.237707274134 0.0692796485247 0.563354183545
235.51/128.61	MAE 0.329116646438 0.121706226088
235.51/128.61	MSE 0.159162015193 0.159162015193
235.51/128.61	Mean tau 0.301951400871 0.388578637406
235.51/128.61	(0.2807017543859649, '1_class_probability_max')
235.51/128.61	(0.7368421052631579, '0_class_probability_max')
235.51/128.61	(4.157894736842105, '0_class_probability_std')
235.51/128.61	(4.894736842105263, '0_landmark_decision_tree')
235.51/128.61	(4.9298245614035086, '0_skewness_min')
235.51/128.61	(5.140350877192983, '1_landmark_random_node_learner')
235.51/128.61	(5.719298245614035, '1_skewness_min')
235.51/128.61	(7.175438596491228, '1_class_entropy')
235.51/128.61	(9.0, '0_class_entropy')
235.51/128.61	(9.263157894736842, '1_class_probability_std')
235.51/128.61	(10.56140350877193, '1_landmark_naive_bayes')
235.51/128.61	(10.719298245614034, '0_landmark_naive_bayes')
235.51/128.61	(10.929824561403509, '1_landmark_decision_tree')
235.51/128.61	(11.473684210526315, '0_landmark_random_node_learner')
235.51/128.61	(12.912280701754385, '1_landmark_1NN')
235.51/128.61	(17.57894736842105, '0_landmark_1NN')
235.51/128.61	(18.19298245614035, '0_landmark_lda')
235.51/128.61	(19.666666666666668, '1_pca_skewness_first_pc')
235.51/128.61	(20.280701754385966, '0_pca_skewness_first_pc')
235.51/128.61	(21.140350877192983, '1_number_of_features')
235.51/128.61	(23.05263157894737, '0_number_of_features')
235.51/128.61	(23.80701754385965, '1_landmark_lda')
235.51/128.61	(24.894736842105264, '1_log_number_of_features')
235.51/128.61	(25.29824561403509, '0_log_number_of_features')
235.51/128.61	(26.035087719298247, '0_kurtosis_std')
235.51/128.61	(26.596491228070175, '0_skewness_std')
235.51/128.61	(28.50877192982456, '1_skewness_max')
235.51/128.61	(29.05263157894737, '0_kurtosis_min')
235.51/128.61	(29.385964912280702, '1_symbols_sum')
235.51/128.61	(29.54385964912281, '0_skewness_max')
235.51/128.61	(30.210526315789473, '1_skewness_std')
235.51/128.61	(30.36842105263158, '1_kurtosis_std')
235.51/128.61	(30.54385964912281, '1_number_of_numeric_features')
235.51/128.61	(32.43859649122807, '0_symbols_sum')
235.51/128.61	(32.80701754385965, '1_kurtosis_min')
235.51/128.61	(34.63157894736842, '0_number_of_numeric_features')
235.51/128.61	(36.07017543859649, '0_number_of_categorical_features')
235.51/128.61	(37.63157894736842, '1_number_of_categorical_features')
235.51/128.61	(40.36842105263158, '1_landmark_decision_node_learner')
235.51/128.61	(40.771929824561404, '0_landmark_decision_node_learner')
235.51/128.61	(41.01754385964912, '0_kurtosis_max')
235.51/128.61	(43.35087719298246, '1_kurtosis_max')
235.51/128.61	(43.49122807017544, '1_pca_kurtosis_first_pc')
235.51/128.61	(44.59649122807018, '0_pca_kurtosis_first_pc')
235.51/128.61	(45.98245614035088, '1_class_probability_min')
235.51/128.61	(46.45614035087719, '0_class_probability_min')
235.51/128.61	(48.05263157894737, '0_ratio_numerical_to_categorical')
235.51/128.61	(50.10526315789474, '0_pca_95%')
235.51/128.61	(51.70175438596491, '0_symbols_mean')
235.51/128.61	(52.19298245614035, '0_skewness_mean')
235.51/128.61	(52.421052631578945, '1_number_of_instances')
235.51/128.61	(52.96491228070175, '1_pca_95%')
235.51/128.61	(52.96491228070175, '1_ratio_numerical_to_categorical')
235.51/128.61	(54.421052631578945, '1_skewness_mean')
235.51/128.61	(54.45614035087719, '0_number_of_instances')
235.51/128.61	(55.87719298245614, '1_log_number_of_instances')
235.51/128.61	(57.08771929824562, '0_log_number_of_instances')
235.51/128.61	(58.578947368421055, '1_symbols_mean')
235.51/128.61	(59.63157894736842, '0_log_dataset_ratio')
235.51/128.61	(59.75438596491228, '1_kurtosis_mean')
235.51/128.61	(59.824561403508774, '0_inverse_dataset_ratio')
235.51/128.61	(60.280701754385966, '1_inverse_dataset_ratio')
235.51/128.61	(60.59649122807018, '0_log_inverse_dataset_ratio')
235.51/128.61	(61.175438596491226, '0_kurtosis_mean')
235.51/128.61	(61.473684210526315, '1_dataset_ratio')
235.51/128.61	(61.526315789473685, '0_dataset_ratio')
235.51/128.61	(61.68421052631579, '1_log_inverse_dataset_ratio')
235.51/128.61	(63.1578947368421, '1_log_dataset_ratio')
235.51/128.61	(68.12280701754386, '1_symbols_min')
235.51/128.61	(68.43859649122807, '0_symbols_max')
235.51/128.61	(69.08771929824562, '0_percentage_of_features_with_missing_values')
235.51/128.61	(69.59649122807018, '1_symbols_max')
235.51/128.61	(69.64912280701755, '1_percentage_of_features_with_missing_values')
235.51/128.61	(69.70175438596492, '0_symbols_min')
235.51/128.61	(73.12280701754386, '0_ratio_categorical_to_numerical')
235.51/128.61	(75.59649122807018, '0_percentage_of_missing_values')
235.51/128.61	(75.82456140350877, '1_class_probability_mean')
235.51/128.61	(75.89473684210526, '0_symbols_std')
235.51/128.61	(76.12280701754386, '0_class_probability_mean')
235.51/128.61	(76.24561403508773, '1_percentage_of_missing_values')
235.51/128.61	(76.26315789473684, '1_ratio_categorical_to_numerical')
235.51/128.61	(76.94736842105263, '0_number_of_classes')
235.51/128.61	(77.15789473684211, '1_number_of_classes')
235.51/128.61	(78.12280701754386, '1_symbols_std')
235.51/128.61	(83.52631578947368, '0_number_of_features_with_missing_values')
235.51/128.61	(83.84210526315789, '0_number_of_missing_values')
235.51/128.61	(84.14035087719299, '1_number_of_missing_values')
235.51/128.61	(84.84210526315789, '0_percentage_of_Instances_with_missing_values')
235.51/128.61	(84.91228070175438, '1_number_of_Instances_with_missing_values')
235.51/128.61	(85.42105263157895, '1_number_of_features_with_missing_values')
235.51/128.61	(85.85964912280701, '0_number_of_Instances_with_missing_values')
235.51/128.61	(85.96491228070175, '1_percentage_of_Instances_with_missing_values')
235.51/128.61	Result for ParamILS: SAT, 127.207794, 1, 0.329117, -1, /home/feurerm/thesis/Software/pyMetaLearn/optimizers/metalearn_optimizer/learn_distances.py
