0.67/0.88	['/home/feurerm/thesis/Software/pyMetaLearn/optimizers/metalearn_optimizer/learn_distances.py', '--input_file', '/home/feurerm/thesis/experiments/2014_04_25_predict_distances/testfold_0-3_spearman_rank_perm.pkl', '--fold', '0', '--folds', '1', '--params', '-max_features', '0.571633065162', '-min_samples_leaf', '1', '-min_samples_split', '8', '-n_estimators', '65', '-n_jobs', '4', '-seed', '21']
0.76/0.90	Metafeatures (57, 46)
0.76/0.90	X (3192, 92)
0.76/0.90	Y (3192,)
0.76/0.90	Dataset Mae MSE Rho
7.44/2.86	vehicle 0.455835260358 0.264312629592 -0.0795095405348
14.42/5.03	anneal.ORIG 0.615900619641 0.427799560309 0.0200389898909
21.55/7.19	segment 0.255618699879 0.0840822717225 0.787661586517
28.71/9.35	pendigits 0.40318719223 0.198075694962 0.24854811655
35.84/11.53	mushroom 0.208967561307 0.0545403868158 0.601816115755
43.12/13.70	labor 0.209375398872 0.0648653410675 0.576605773634
50.08/15.86	abalone 0.376873305087 0.180938772839 0.339046780573
57.17/18.03	diabetes 0.490432225514 0.337990900992 -0.138010462636
64.14/20.19	car 0.516766465787 0.365041923317 -0.0174533137759
71.20/22.35	autos 0.208579474345 0.0568976543444 0.540406308025
78.40/24.62	mfeat-fourier 0.700319754842 0.63161466277 -0.53264927968
85.53/26.79	primary-tumor 0.189294479904 0.0443404421337 0.624117572247
92.71/30.97	waveform-5000 0.226550502223 0.0738340745187 0.640601257479
99.75/33.14	credit-a 0.410073812005 0.234955600402 0.310604343309
106.87/35.32	letter 0.288803198872 0.107201268508 0.552688269571
114.20/37.59	postoperative-patient-data 0.460119394703 0.257205522491 -0.528124346479
121.21/39.78	vowel 0.492023104043 0.30173396412 0.0319977419225
128.27/41.97	eucalyptus 0.280758675586 0.106936385197 0.568202326261
135.39/44.13	cylinder-bands 0.247155662051 0.0729616156088 0.620239058074
142.57/46.31	ionosphere 0.462139716836 0.247470525777 -0.214934327055
149.59/48.47	mfeat-karhunen 0.255469211746 0.0875970059877 0.616683753416
156.72/50.64	balance-scale 0.201838697362 0.0594381534437 0.55042580297
163.85/52.80	mfeat-morphological 0.516547745536 0.359342777316 -0.296383124676
170.83/54.97	liver-disorders 0.14920761241 0.034455726741 0.626703248362
178.00/57.14	dermatology 0.222772528736 0.0631911144175 0.478673290781
185.21/59.32	vote 0.0716271555107 0.00868992121958 0.776995672543
192.18/61.48	breast-cancer 0.181976604338 0.0436730903472 0.370721312981
199.37/63.75	credit-g 0.527233690902 0.381286664298 -0.403365473933
206.55/65.96	soybean 0.0991561769314 0.0148609391488 0.8300020329
213.70/68.12	arrhythmia 0.329487894296 0.13361043898 -0.198773851337
220.68/70.28	nursery 0.211330364063 0.0574664218449 0.714293026756
227.60/72.71	hepatitis 0.344393472995 0.17004837182 -0.134778367492
234.70/74.88	cmc 0.160848595171 0.0326373381286 0.746290768678
241.76/77.04	heart-c 0.227667447075 0.067836962693 0.789277634089
248.87/79.20	glass 0.294100466885 0.102125754402 0.639631628936
255.99/81.36	braziltourism 0.694399497875 0.585252389589 -0.601492906241
263.15/83.63	iris 0.301320794903 0.119562890474 0.228185917145
270.17/85.80	heart-statlog 0.323501547303 0.139835824469 0.524245832307
277.60/88.06	page-blocks 0.606317557219 0.494245972224 -0.511640661246
284.76/90.26	breast-w 0.213975912323 0.0629624407054 0.606664258471
291.94/92.45	heart-h 0.129698037606 0.0227961348592 0.758572730224
299.10/94.62	yeast 0.33071869167 0.138829891216 0.577252192663
306.11/96.79	tae 0.372416862708 0.175022806146 -0.0352298370662
313.19/98.96	haberman 0.295825933525 0.111789014473 -0.0565616650146
320.30/101.24	mfeat-pixel 0.407871343264 0.203107038057 0.114739377601
327.46/103.41	optdigits 0.209520433827 0.0562314753657 0.748553235279
334.77/105.61	mfeat-factors 0.294126412715 0.113731692941 0.546224079284
342.03/107.81	satimage 0.371141826671 0.170861219629 0.0979324828538
349.18/110.01	lymph 0.304507249856 0.1357056454 0.296706334191
356.21/112.19	audiology 0.281556936665 0.0970972402433 0.495480185528
363.39/114.37	ecoli 0.402509362851 0.205048848254 0.185199051733
370.49/116.53	tic-tac-toe 0.155015010896 0.0355906505296 0.775379624971
377.73/118.75	spambase 0.391044557968 0.192989040176 0.668074066201
384.89/120.92	zoo 0.197722715208 0.0518014833324 0.598584020611
391.91/123.09	sonar 0.566782038949 0.399459667931 -0.356823303863
399.15/125.25	mfeat-zernike 0.217701493681 0.072175330878 0.638338790879
406.35/127.52	kr-vs-kp 0.210305874572 0.054353815517 0.636399533793
406.57/127.73	MAE 0.325796706321 0.146873202262
406.57/127.73	MSE 0.164342287556 0.164342287556
406.57/127.73	Mean tau 0.315667959034 0.410787161501
406.57/127.73	(0.2982456140350877, '1_class_probability_max')
406.57/127.73	(0.8596491228070176, '0_class_probability_max')
406.57/127.73	(2.280701754385965, '1_skewness_min')
406.57/127.73	(2.719298245614035, '0_skewness_min')
406.57/127.73	(5.7368421052631575, '1_class_entropy')
406.57/127.73	(6.140350877192983, '0_class_entropy')
406.57/127.73	(7.7894736842105265, '0_landmark_decision_tree')
406.57/127.73	(8.631578947368421, '0_class_probability_std')
406.57/127.73	(9.403508771929825, '0_landmark_random_node_learner')
406.57/127.73	(9.842105263157896, '1_class_probability_std')
406.57/127.73	(9.982456140350877, '1_landmark_decision_tree')
406.57/127.73	(10.0, '0_landmark_naive_bayes')
406.57/127.73	(10.87719298245614, '1_landmark_naive_bayes')
406.57/127.73	(14.982456140350877, '1_landmark_random_node_learner')
406.57/127.73	(18.228070175438596, '0_pca_skewness_first_pc')
406.57/127.73	(19.0, '1_pca_skewness_first_pc')
406.57/127.73	(21.75438596491228, '0_skewness_max')
406.57/127.73	(23.105263157894736, '0_kurtosis_min')
406.57/127.73	(23.36842105263158, '1_kurtosis_min')
406.57/127.73	(23.70175438596491, '0_number_of_features')
406.57/127.73	(23.82456140350877, '1_landmark_lda')
406.57/127.73	(24.964912280701753, '1_number_of_features')
406.57/127.73	(25.54385964912281, '1_skewness_max')
406.57/127.73	(25.719298245614034, '0_landmark_lda')
406.57/127.73	(25.82456140350877, '1_log_number_of_features')
406.57/127.73	(26.68421052631579, '0_log_number_of_features')
406.57/127.73	(27.0, '0_landmark_1NN')
406.57/127.73	(27.0, '0_skewness_std')
406.57/127.73	(28.771929824561404, '1_skewness_std')
406.57/127.73	(29.75438596491228, '1_landmark_1NN')
406.57/127.73	(30.0, '0_number_of_numeric_features')
406.57/127.73	(31.45614035087719, '1_kurtosis_std')
406.57/127.73	(33.80701754385965, '1_number_of_numeric_features')
406.57/127.73	(33.8421052631579, '0_kurtosis_std')
406.57/127.73	(34.35087719298246, '0_symbols_sum')
406.57/127.73	(36.29824561403509, '1_symbols_sum')
406.57/127.73	(36.421052631578945, '0_class_probability_min')
406.57/127.73	(36.54385964912281, '1_class_probability_min')
406.57/127.73	(39.26315789473684, '1_kurtosis_max')
406.57/127.73	(39.89473684210526, '0_kurtosis_max')
406.57/127.73	(43.1578947368421, '0_log_number_of_instances')
406.57/127.73	(43.49122807017544, '0_number_of_instances')
406.57/127.73	(43.89473684210526, '1_log_number_of_instances')
406.57/127.73	(43.94736842105263, '1_number_of_instances')
406.57/127.73	(44.73684210526316, '0_pca_kurtosis_first_pc')
406.57/127.73	(45.21052631578947, '0_landmark_decision_node_learner')
406.57/127.73	(46.08771929824562, '1_landmark_decision_node_learner')
406.57/127.73	(46.98245614035088, '1_skewness_mean')
406.57/127.73	(47.94736842105263, '0_skewness_mean')
406.57/127.73	(48.29824561403509, '1_pca_kurtosis_first_pc')
406.57/127.73	(48.56140350877193, '1_number_of_categorical_features')
406.57/127.73	(49.14035087719298, '0_number_of_categorical_features')
406.57/127.73	(49.80701754385965, '0_pca_95%')
406.57/127.73	(51.8421052631579, '1_symbols_mean')
406.57/127.73	(53.10526315789474, '1_pca_95%')
406.57/127.73	(55.19298245614035, '0_inverse_dataset_ratio')
406.57/127.73	(55.280701754385966, '0_log_inverse_dataset_ratio')
406.57/127.73	(55.719298245614034, '0_symbols_mean')
406.57/127.74	(55.75438596491228, '1_dataset_ratio')
406.57/127.74	(56.1578947368421, '0_dataset_ratio')
406.57/127.74	(56.473684210526315, '0_log_dataset_ratio')
406.57/127.74	(57.54385964912281, '1_log_inverse_dataset_ratio')
406.57/127.74	(58.12280701754386, '0_ratio_numerical_to_categorical')
406.57/127.74	(58.333333333333336, '1_inverse_dataset_ratio')
406.57/127.74	(58.50877192982456, '0_symbols_min')
406.57/127.74	(58.59649122807018, '1_log_dataset_ratio')
406.57/127.74	(59.578947368421055, '1_symbols_min')
406.57/127.74	(60.771929824561404, '1_ratio_numerical_to_categorical')
406.57/127.74	(66.50877192982456, '0_kurtosis_mean')
406.57/127.74	(67.10526315789474, '1_kurtosis_mean')
406.57/127.74	(73.21052631578948, '0_symbols_max')
406.57/127.74	(73.40350877192982, '0_ratio_categorical_to_numerical')
406.57/127.74	(74.2280701754386, '1_ratio_categorical_to_numerical')
406.57/127.74	(74.59649122807018, '1_number_of_classes')
406.57/127.74	(75.40350877192982, '0_class_probability_mean')
406.57/127.74	(75.80701754385964, '0_number_of_classes')
406.57/127.74	(76.3859649122807, '1_symbols_max')
406.57/127.74	(76.64912280701755, '1_class_probability_mean')
406.57/127.74	(78.0, '0_percentage_of_features_with_missing_values')
406.57/127.74	(78.14035087719299, '0_symbols_std')
406.57/127.74	(78.87719298245614, '1_symbols_std')
406.57/127.74	(79.3157894736842, '1_percentage_of_features_with_missing_values')
406.57/127.74	(79.45614035087719, '0_percentage_of_missing_values')
406.57/127.74	(81.56140350877193, '1_percentage_of_missing_values')
406.57/127.74	(83.14035087719299, '0_number_of_Instances_with_missing_values')
406.57/127.74	(84.26315789473684, '1_percentage_of_Instances_with_missing_values')
406.57/127.74	(84.47368421052632, '0_percentage_of_Instances_with_missing_values')
406.57/127.74	(84.47368421052632, '1_number_of_Instances_with_missing_values')
406.57/127.74	(84.70175438596492, '1_number_of_missing_values')
406.57/127.74	(85.0, '0_number_of_missing_values')
406.57/127.74	(86.29824561403508, '0_number_of_features_with_missing_values')
406.57/127.74	(87.08771929824562, '1_number_of_features_with_missing_values')
406.57/127.74	Result for ParamILS: SAT, 126.851741, 1, 0.325797, -1, /home/feurerm/thesis/Software/pyMetaLearn/optimizers/metalearn_optimizer/learn_distances.py
