0.71/6.38	['/home/feurerm/thesis/Software/pyMetaLearn/optimizers/metalearn_optimizer/learn_distances.py', '--input_file', '/home/feurerm/thesis/experiments/2014_04_25_predict_distances/testfold_0-3_spearman_rank_perm.pkl', '--fold', '0', '--folds', '1', '--params', '-max_features', '0.714009557667', '-min_samples_leaf', '6', '-min_samples_split', '4', '-n_estimators', '8', '-n_jobs', '4', '-seed', '77']
0.71/6.40	Metafeatures (57, 46)
0.71/6.40	X (3192, 92)
0.71/6.40	Y (3192,)
0.71/6.40	Dataset Mae MSE Rho
1.72/6.84	vehicle 0.435727768683 0.244362863389 -0.0319977419225
2.76/7.38	anneal.ORIG 0.694009319842 0.55407367617 -0.132537224554
3.77/11.49	segment 0.264823309462 0.0913591101796 0.662256294942
4.81/12.06	pendigits 0.390207329763 0.19421981856 0.287379494216
5.83/12.54	mushroom 0.249741501493 0.0826252018393 0.454953988344
6.82/13.01	labor 0.183711365656 0.0494252228312 0.527681979376
7.84/17.58	abalone 0.40458234721 0.212732779079 0.234830602154
8.83/18.42	diabetes 0.496473081561 0.334887882525 -0.261476497125
9.84/19.11	car 0.713159880056 0.641161646108 -0.224163830136
10.91/19.58	autos 0.226228766661 0.0705811639768 0.515195965904
11.92/20.05	mfeat-fourier 0.686314823306 0.6140206979 -0.506429927002
12.95/20.96	primary-tumor 0.209517806999 0.0588311860874 0.522833446641
13.98/21.45	waveform-5000 0.242700606332 0.0855954699018 0.525096095251
15.01/22.19	credit-a 0.439066354438 0.269795062535 0.150615633696
16.05/22.66	letter 0.313897168885 0.130322718748 0.450428691125
17.13/23.16	postoperative-patient-data 0.456567500566 0.263261315156 -0.14867637661
18.16/23.85	vowel 0.492743937128 0.308685827806 0.0132537224554
19.15/24.35	eucalyptus 0.241720728264 0.078070317055 0.546870498312
20.17/25.09	cylinder-bands 0.283432122991 0.0987665027994 0.49418734747
21.19/25.59	ionosphere 0.459782329393 0.258031917828 -0.12055714886
22.21/26.12	mfeat-karhunen 0.202303766454 0.0624513408755 0.697057389602
23.23/28.02	balance-scale 0.238723496205 0.0862221617591 0.422630436775
24.27/28.56	mfeat-morphological 0.497493858677 0.345098856069 -0.2226913554
25.31/29.39	liver-disorders 0.155453990096 0.0355665390736 0.462836024576
26.34/29.87	dermatology 0.230977808561 0.0681876341932 0.440155981879
27.39/30.35	vote 0.0766331774574 0.00954939824353 0.750714485208
28.41/34.52	breast-cancer 0.159102069781 0.0351843852079 0.328380866599
29.42/35.50	credit-g 0.562746830984 0.438305921685 -0.297675962734
30.45/35.98	soybean 0.106418107207 0.0165699274789 0.75534063508
31.47/36.45	arrhythmia 0.274862702695 0.103350499648 -0.00274750188343
32.49/36.93	nursery 0.236219968297 0.0764935423001 0.640601257479
33.53/37.41	hepatitis 0.313739517385 0.131843200148 -0.042017236868
34.54/40.81	cmc 0.166594941237 0.0382547511708 0.578429955341
35.55/41.34	heart-c 0.281893363446 0.116225940671 0.579931172805
36.59/41.82	glass 0.313845142269 0.127715369118 0.39741806655
37.63/42.56	braziltourism 0.752555973959 0.681324160109 -0.269556734984
38.67/43.03	iris 0.362657773041 0.180206365372 -0.101487787512
39.70/43.51	heart-statlog 0.327395852737 0.143494159702 0.430838282654
40.77/44.04	page-blocks 0.555775392376 0.423498453279 -0.402266599286
41.81/45.65	breast-w 0.234780134485 0.0754323570787 0.432454330226
42.84/46.42	heart-h 0.186640783725 0.0480559614849 0.6476023557
43.84/47.04	yeast 0.329692837387 0.134195708321 0.564854063682
44.89/47.53	tae 0.375814068882 0.175269558637 0.0180997328047
45.93/48.01	haberman 0.353092104434 0.179511011225 -0.0517218437284
46.96/48.66	mfeat-pixel 0.414348764011 0.217423503911 0.0817851653955
48.01/49.27	optdigits 0.273499122796 0.0986730739635 0.555803469242
49.02/49.98	mfeat-factors 0.273797185701 0.108898978882 0.561738135973
50.06/50.51	satimage 0.368382636199 0.177866357014 0.0759542358767
51.08/51.18	lymph 0.270112993701 0.116444476368 0.295461032298
52.11/51.86	audiology 0.259030115095 0.0836257493358 0.491802837134
53.13/54.88	ecoli 0.414305909513 0.219602135227 0.0817720071354
54.17/58.44	tic-tac-toe 0.189878427245 0.0546500990535 0.622824734189
55.21/58.91	spambase 0.328987571824 0.145472881197 0.568501134142
56.25/59.39	zoo 0.217726186664 0.0685650932062 0.454755786717
57.31/59.86	sonar 0.556800807219 0.391017556665 -0.226893079087
58.35/61.58	mfeat-zernike 0.252492627297 0.0907644120975 0.451596348053
59.38/66.06	kr-vs-kp 0.261102513838 0.082830812359 0.497419442614
59.38/66.09	MAE 0.337899764414 0.152010636244
59.38/66.09	MSE 0.17945004759 0.17945004759
59.38/66.09	Mean tau 0.267183268034 0.336456002406
59.38/66.09	(0.47368421052631576, '0_class_probability_max')
59.38/66.09	(0.7192982456140351, '1_class_probability_max')
59.38/66.09	(2.0701754385964914, '0_skewness_min')
59.38/66.09	(2.982456140350877, '1_skewness_min')
59.38/66.09	(10.350877192982455, '1_landmark_naive_bayes')
59.38/66.09	(11.912280701754385, '0_landmark_naive_bayes')
59.38/66.09	(16.49122807017544, '0_pca_skewness_first_pc')
59.38/66.09	(17.80701754385965, '1_pca_skewness_first_pc')
59.38/66.09	(17.964912280701753, '0_class_probability_std')
59.38/66.09	(19.035087719298247, '0_landmark_lda')
59.38/66.09	(19.70175438596491, '1_class_probability_std')
59.38/66.09	(20.05263157894737, '1_class_entropy')
59.38/66.09	(20.385964912280702, '0_class_entropy')
59.38/66.09	(21.859649122807017, '0_landmark_decision_tree')
59.38/66.09	(22.92982456140351, '1_landmark_lda')
59.38/66.09	(23.19298245614035, '1_landmark_decision_tree')
59.38/66.09	(26.140350877192983, '1_skewness_max')
59.38/66.09	(26.789473684210527, '0_landmark_1NN')
59.38/66.09	(27.228070175438596, '1_landmark_1NN')
59.38/66.09	(27.403508771929825, '0_class_probability_min')
59.38/66.09	(28.736842105263158, '1_class_probability_min')
59.38/66.09	(28.771929824561404, '1_number_of_numeric_features')
59.38/66.09	(29.63157894736842, '0_number_of_numeric_features')
59.38/66.09	(29.982456140350877, '1_skewness_std')
59.38/66.09	(31.035087719298247, '1_kurtosis_min')
59.38/66.09	(31.42105263157895, '0_kurtosis_min')
59.38/66.09	(32.24561403508772, '1_kurtosis_max')
59.38/66.09	(32.36842105263158, '1_landmark_random_node_learner')
59.38/66.09	(32.70175438596491, '0_kurtosis_max')
59.38/66.09	(33.12280701754386, '0_log_number_of_instances')
59.38/66.09	(33.35087719298246, '1_log_number_of_instances')
59.38/66.09	(33.85964912280702, '1_number_of_instances')
59.38/66.09	(33.91228070175438, '0_number_of_instances')
59.38/66.09	(35.10526315789474, '0_skewness_max')
59.38/66.09	(36.719298245614034, '1_kurtosis_std')
59.38/66.09	(36.94736842105263, '0_skewness_mean')
59.38/66.09	(37.10526315789474, '1_log_number_of_features')
59.38/66.09	(37.175438596491226, '0_log_number_of_features')
59.38/66.09	(37.6140350877193, '0_skewness_std')
59.38/66.09	(38.03508771929825, '0_number_of_features')
59.38/66.09	(38.175438596491226, '1_number_of_features')
59.38/66.09	(39.29824561403509, '1_landmark_decision_node_learner')
59.38/66.09	(41.59649122807018, '1_pca_kurtosis_first_pc')
59.38/66.09	(41.666666666666664, '0_symbols_mean')
59.38/66.09	(42.26315789473684, '1_symbols_mean')
59.38/66.09	(42.85964912280702, '0_pca_95%')
59.38/66.09	(43.228070175438596, '0_landmark_decision_node_learner')
59.38/66.09	(43.3859649122807, '1_skewness_mean')
59.38/66.09	(44.96491228070175, '0_kurtosis_std')
59.38/66.09	(45.01754385964912, '0_pca_kurtosis_first_pc')
59.38/66.09	(45.1578947368421, '1_dataset_ratio')
59.38/66.09	(45.421052631578945, '1_pca_95%')
59.38/66.09	(45.80701754385965, '0_log_dataset_ratio')
59.38/66.09	(47.63157894736842, '1_log_inverse_dataset_ratio')
59.38/66.09	(47.666666666666664, '0_inverse_dataset_ratio')
59.38/66.09	(48.45614035087719, '0_landmark_random_node_learner')
59.38/66.09	(48.56140350877193, '0_symbols_min')
59.38/66.09	(49.26315789473684, '1_inverse_dataset_ratio')
59.38/66.09	(50.6140350877193, '1_log_dataset_ratio')
59.38/66.09	(51.92982456140351, '0_log_inverse_dataset_ratio')
59.38/66.09	(53.10526315789474, '1_symbols_sum')
59.38/66.09	(53.31578947368421, '0_dataset_ratio')
59.38/66.09	(53.64912280701754, '1_symbols_min')
59.38/66.09	(56.49122807017544, '1_ratio_numerical_to_categorical')
59.38/66.09	(56.78947368421053, '0_symbols_sum')
59.38/66.09	(56.87719298245614, '0_ratio_numerical_to_categorical')
59.38/66.09	(58.54385964912281, '0_kurtosis_mean')
59.38/66.09	(62.85964912280702, '1_kurtosis_mean')
59.38/66.09	(63.70175438596491, '1_number_of_categorical_features')
59.38/66.09	(65.56140350877193, '0_number_of_categorical_features')
59.38/66.09	(67.73684210526316, '1_ratio_categorical_to_numerical')
59.38/66.09	(70.24561403508773, '0_class_probability_mean')
59.38/66.09	(71.05263157894737, '0_number_of_classes')
59.38/66.09	(71.59649122807018, '1_class_probability_mean')
59.38/66.09	(71.73684210526316, '1_number_of_classes')
59.38/66.09	(73.12280701754386, '0_ratio_categorical_to_numerical')
59.38/66.09	(74.59649122807018, '1_symbols_std')
59.38/66.09	(74.96491228070175, '0_symbols_std')
59.38/66.09	(75.05263157894737, '1_symbols_max')
59.38/66.09	(76.10526315789474, '0_symbols_max')
59.38/66.09	(77.0, '0_percentage_of_features_with_missing_values')
59.38/66.09	(78.26315789473684, '1_percentage_of_features_with_missing_values')
59.38/66.09	(78.82456140350877, '0_number_of_Instances_with_missing_values')
59.38/66.09	(79.6140350877193, '1_percentage_of_Instances_with_missing_values')
59.38/66.09	(80.01754385964912, '0_percentage_of_Instances_with_missing_values')
59.38/66.09	(80.36842105263158, '1_percentage_of_missing_values')
59.38/66.09	(81.71929824561404, '1_number_of_Instances_with_missing_values')
59.38/66.09	(82.03508771929825, '0_number_of_missing_values')
59.38/66.09	(82.35087719298245, '1_number_of_missing_values')
59.38/66.09	(83.2280701754386, '0_percentage_of_missing_values')
59.38/66.09	(83.33333333333333, '0_number_of_features_with_missing_values')
59.38/66.09	(83.84210526315789, '1_number_of_features_with_missing_values')
59.38/66.09	Result for ParamILS: SAT, 59.706923, 1, 0.337900, -1, /home/feurerm/thesis/Software/pyMetaLearn/optimizers/metalearn_optimizer/learn_distances.py
