0.74/7.07	['/home/feurerm/thesis/Software/pyMetaLearn/optimizers/metalearn_optimizer/learn_distances.py', '--input_file', '/home/feurerm/thesis/experiments/2014_04_25_predict_distances/testfold_0-3_spearman_rank_perm.pkl', '--fold', '0', '--folds', '1', '--params', '-max_features', '0.733420233545', '-min_samples_leaf', '8', '-min_samples_split', '3', '-n_estimators', '88', '-n_jobs', '4', '-seed', '94']
0.74/7.08	Metafeatures (57, 46)
0.74/7.08	X (3192, 92)
0.74/7.08	Y (3192,)
0.74/7.08	Dataset Mae MSE Rho
10.50/12.68	vehicle 0.476027882306 0.291922704058 -0.191016822992
20.70/15.60	anneal.ORIG 0.72908970018 0.5967735069 -0.217196793656
30.93/18.52	segment 0.289756520638 0.105816414734 0.744997930621
41.24/24.27	pendigits 0.386266270864 0.181173772157 0.258244401981
51.47/27.42	mushroom 0.237222769757 0.0676385074921 0.540083098511
61.65/30.43	labor 0.198247594097 0.0586997334624 0.598260811097
71.93/33.39	abalone 0.412920702097 0.218265117089 0.189077565906
81.93/40.18	diabetes 0.477245717926 0.322321493711 -0.0869433593653
92.02/43.36	car 0.667043559144 0.562324826433 -0.119264310802
102.24/46.28	autos 0.198603201054 0.0518274779384 0.617976591474
112.72/49.51	mfeat-fourier 0.652809070255 0.556815479513 -0.513256708818
122.94/52.76	primary-tumor 0.199157978784 0.0484323454524 0.625410410304
133.20/55.76	waveform-5000 0.228042708502 0.0743339104802 0.698455760552
143.57/58.78	credit-a 0.432699199987 0.265994709015 0.196834594251
153.77/61.70	letter 0.29746651452 0.113986471058 0.56367739306
164.32/64.93	postoperative-patient-data 0.437577457957 0.233274389971 -0.349066275519
174.50/67.85	vowel 0.500546777797 0.308974864711 0.00258567611495
184.72/70.89	eucalyptus 0.274306006196 0.097942315883 0.551395431514
194.94/76.30	cylinder-bands 0.294321676734 0.101505962975 0.493217718927
205.26/79.54	ionosphere 0.417676065448 0.201995109053 -0.132192691377
215.51/82.55	mfeat-karhunen 0.267230472119 0.0943003364724 0.633490648163
225.78/87.97	balance-scale 0.210546758006 0.0638122186837 0.540083098511
235.81/91.19	mfeat-morphological 0.485490998972 0.316181435134 -0.223014564915
246.21/94.20	liver-disorders 0.157472568943 0.0361735432142 0.490632042812
256.37/100.41	dermatology 0.206674951706 0.0533397375351 0.516488803962
266.70/103.46	vote 0.0684635840868 0.00793498187755 0.800913176607
276.96/106.49	breast-cancer 0.137127617375 0.0288944446135 0.489339204755
287.39/109.60	credit-g 0.540842246782 0.394835008421 -0.522952994249
297.60/112.81	soybean 0.109139344317 0.0161091455755 0.833557337558
307.81/115.73	arrhythmia 0.311572009039 0.117388924572 -0.167745737958
318.08/118.77	nursery 0.252508737569 0.0800636817786 0.62734966739
328.10/121.68	hepatitis 0.307590322986 0.134315650466 -0.0206854089196
338.17/124.60	cmc 0.167303217255 0.0363615012697 0.666134809115
348.50/127.52	heart-c 0.264552035359 0.0908011631105 0.750492492365
358.67/132.96	glass 0.322733200379 0.127019796317 0.510347823189
369.18/139.30	braziltourism 0.702313467819 0.586511257718 -0.623794362732
379.40/142.36	iris 0.325313401172 0.140972423574 0.0808023785923
389.58/145.27	heart-statlog 0.314755253404 0.129544686658 0.656438523684
400.27/148.29	page-blocks 0.615033335539 0.502923889776 -0.611835610701
410.62/151.20	breast-w 0.240948764682 0.0765395424144 0.440857777599
420.61/154.26	heart-h 0.162035684947 0.0337365390091 0.707182417439
430.77/157.16	yeast 0.353864190644 0.155177878091 0.511317451732
441.05/160.08	tae 0.362835013331 0.161567506061 0.0707828836468
451.31/163.46	haberman 0.287886153273 0.108247737201 -0.027149599207
461.65/166.59	mfeat-pixel 0.397579650707 0.197831027209 0.0976092733395
471.91/172.47	optdigits 0.240721542381 0.0730580884059 0.729807083445
482.25/175.81	mfeat-factors 0.262681793844 0.0912695749537 0.678739980175
492.56/178.84	satimage 0.338318816228 0.144074707686 0.118617891773
502.62/183.70	lymph 0.266530328641 0.106735482277 0.351651951634
512.70/186.63	audiology 0.289182672779 0.0997592979301 0.450230853516
522.91/189.56	ecoli 0.414855360166 0.21865603226 0.0940539686814
533.15/192.67	tic-tac-toe 0.176742907807 0.0452871085723 0.728191035873
543.51/195.69	spambase 0.365984155656 0.175115599661 0.647065447767
553.87/199.03	zoo 0.173538563035 0.0408346690386 0.673891837459
564.08/202.05	sonar 0.551350993622 0.379924785388 -0.36102502755
574.32/205.08	mfeat-zernike 0.226129313252 0.0716194609719 0.606017839442
584.59/208.03	kr-vs-kp 0.233092506934 0.0659735555619 0.583069963922
584.86/208.29	MAE 0.331894198404 0.150939332819
584.86/208.29	MSE 0.169524763711 0.169524763711
584.86/208.29	Mean tau 0.298214645258 0.407282892596
584.86/208.29	(0.42105263157894735, '1_class_probability_max')
584.86/208.29	(0.7719298245614035, '0_class_probability_max')
584.86/208.29	(2.192982456140351, '0_skewness_min')
584.86/208.29	(2.807017543859649, '1_skewness_min')
584.86/208.29	(5.614035087719298, '0_class_entropy')
584.86/208.29	(6.578947368421052, '1_class_entropy')
584.86/208.29	(8.192982456140351, '0_landmark_decision_tree')
584.86/208.29	(8.333333333333334, '1_landmark_naive_bayes')
584.86/208.29	(9.070175438596491, '0_landmark_naive_bayes')
584.86/208.29	(10.578947368421053, '1_class_probability_std')
584.86/208.29	(10.701754385964913, '0_class_probability_std')
584.86/208.29	(11.43859649122807, '1_landmark_decision_tree')
584.86/208.29	(14.385964912280702, '0_pca_skewness_first_pc')
584.86/208.29	(14.929824561403509, '1_landmark_random_node_learner')
584.86/208.29	(15.807017543859649, '1_pca_skewness_first_pc')
584.86/208.29	(19.80701754385965, '0_kurtosis_min')
584.86/208.29	(20.280701754385966, '1_landmark_1NN')
584.86/208.29	(20.94736842105263, '0_landmark_lda')
584.86/208.29	(21.105263157894736, '1_landmark_lda')
584.86/208.29	(21.50877192982456, '0_landmark_random_node_learner')
584.86/208.29	(22.68421052631579, '1_kurtosis_min')
584.86/208.29	(23.94736842105263, '1_skewness_max')
584.86/208.29	(23.94736842105263, '1_skewness_std')
584.86/208.29	(26.05263157894737, '0_skewness_max')
584.86/208.29	(27.894736842105264, '0_landmark_1NN')
584.86/208.29	(28.859649122807017, '1_number_of_features')
584.86/208.29	(29.263157894736842, '1_log_number_of_features')
584.86/208.29	(30.43859649122807, '0_skewness_std')
584.86/208.29	(31.526315789473685, '0_log_number_of_features')
584.86/208.29	(32.526315789473685, '1_class_probability_min')
584.86/208.29	(32.719298245614034, '0_number_of_features')
584.86/208.29	(33.14035087719298, '1_kurtosis_std')
584.86/208.29	(33.24561403508772, '1_number_of_numeric_features')
584.86/208.29	(33.49122807017544, '0_number_of_numeric_features')
584.86/208.29	(34.29824561403509, '0_class_probability_min')
584.86/208.29	(36.43859649122807, '0_kurtosis_std')
584.86/208.29	(37.26315789473684, '1_kurtosis_max')
584.86/208.29	(37.96491228070175, '0_kurtosis_max')
584.86/208.29	(39.87719298245614, '1_number_of_instances')
584.86/208.29	(39.94736842105263, '0_number_of_instances')
584.86/208.29	(41.3859649122807, '0_log_number_of_instances')
584.86/208.29	(41.3859649122807, '1_landmark_decision_node_learner')
584.86/208.29	(41.40350877192982, '1_log_number_of_instances')
584.86/208.29	(41.578947368421055, '0_skewness_mean')
584.86/208.29	(42.1578947368421, '1_symbols_sum')
584.86/208.29	(43.0, '1_skewness_mean')
584.86/208.29	(45.1578947368421, '0_landmark_decision_node_learner')
584.86/208.29	(46.824561403508774, '0_pca_kurtosis_first_pc')
584.86/208.29	(46.89473684210526, '1_pca_kurtosis_first_pc')
584.86/208.29	(47.333333333333336, '0_symbols_mean')
584.86/208.29	(48.29824561403509, '0_symbols_sum')
584.86/208.29	(48.824561403508774, '1_symbols_mean')
584.86/208.29	(49.36842105263158, '1_number_of_categorical_features')
584.86/208.29	(51.175438596491226, '1_pca_95%')
584.86/208.29	(51.59649122807018, '0_number_of_categorical_features')
584.86/208.29	(52.75438596491228, '0_pca_95%')
584.86/208.29	(55.24561403508772, '0_symbols_min')
584.86/208.29	(55.68421052631579, '1_inverse_dataset_ratio')
584.86/208.29	(55.91228070175438, '0_log_inverse_dataset_ratio')
584.86/208.29	(56.29824561403509, '1_symbols_min')
584.86/208.29	(56.8421052631579, '0_dataset_ratio')
584.86/208.29	(57.36842105263158, '0_log_dataset_ratio')
584.86/208.29	(57.43859649122807, '1_log_inverse_dataset_ratio')
584.86/208.29	(58.24561403508772, '0_inverse_dataset_ratio')
584.86/208.29	(58.68421052631579, '1_log_dataset_ratio')
584.86/208.29	(58.824561403508774, '1_dataset_ratio')
584.86/208.29	(59.666666666666664, '1_ratio_numerical_to_categorical')
584.86/208.29	(62.26315789473684, '0_ratio_numerical_to_categorical')
584.86/208.29	(65.98245614035088, '1_kurtosis_mean')
584.86/208.29	(67.89473684210526, '0_kurtosis_mean')
584.86/208.29	(72.84210526315789, '0_ratio_categorical_to_numerical')
584.86/208.29	(74.03508771929825, '1_ratio_categorical_to_numerical')
584.86/208.29	(74.75438596491227, '0_class_probability_mean')
584.86/208.29	(75.0, '1_class_probability_mean')
584.86/208.29	(75.17543859649123, '1_symbols_max')
584.86/208.29	(75.19298245614036, '1_number_of_classes')
584.86/208.29	(75.6842105263158, '0_symbols_max')
584.86/208.29	(75.94736842105263, '0_number_of_classes')
584.86/208.29	(77.05263157894737, '0_symbols_std')
584.86/208.29	(77.29824561403508, '1_percentage_of_features_with_missing_values')
584.86/208.29	(79.01754385964912, '0_percentage_of_features_with_missing_values')
584.86/208.29	(79.49122807017544, '1_symbols_std')
584.86/208.29	(81.36842105263158, '0_percentage_of_missing_values')
584.86/208.29	(83.75438596491227, '1_percentage_of_missing_values')
584.86/208.29	(83.87719298245614, '1_number_of_Instances_with_missing_values')
584.86/208.29	(83.91228070175438, '0_number_of_Instances_with_missing_values')
584.86/208.29	(83.98245614035088, '0_percentage_of_Instances_with_missing_values')
584.86/208.29	(84.3859649122807, '1_percentage_of_Instances_with_missing_values')
584.86/208.29	(85.15789473684211, '1_number_of_missing_values')
584.86/208.29	(86.24561403508773, '0_number_of_missing_values')
584.86/208.29	(86.66666666666667, '0_number_of_features_with_missing_values')
584.86/208.29	(88.66666666666667, '1_number_of_features_with_missing_values')
584.86/208.29	Result for ParamILS: SAT, 201.219953, 1, 0.331894, -1, /home/feurerm/thesis/Software/pyMetaLearn/optimizers/metalearn_optimizer/learn_distances.py
