0.70/0.99	['/home/feurerm/thesis/Software/pyMetaLearn/optimizers/metalearn_optimizer/learn_distances.py', '--input_file', '/home/feurerm/thesis/experiments/2014_04_25_predict_distances/testfold_0-3_spearman_rank_perm.pkl', '--fold', '0', '--folds', '1', '--params', '-max_features', '0.227284167983', '-min_samples_leaf', '9', '-min_samples_split', '8', '-n_estimators', '79', '-n_jobs', '4', '-seed', '46']
0.77/1.00	Metafeatures (57, 46)
0.77/1.00	X (3192, 92)
0.77/1.00	Y (3192,)
0.77/1.00	Dataset Mae MSE Rho
3.53/1.97	vehicle 0.370923580324 0.173019797096 0.258567611495
6.68/3.15	anneal.ORIG 0.539953162797 0.338476472478 0.392376350444
9.86/4.33	segment 0.308315209684 0.11987524946 0.637045952821
12.92/5.52	pendigits 0.377066890771 0.169327184711 0.393022769473
16.18/6.70	mushroom 0.224914974499 0.0609687592395 0.573373678491
19.25/7.89	labor 0.218001629118 0.0641618640441 0.74790681625
22.34/9.06	abalone 0.428044298153 0.228763163379 0.108275187314
25.50/10.24	diabetes 0.462441867781 0.300489615906 -0.0769238644198
28.59/11.42	car 0.435881292364 0.281753199875 0.227539498116
31.80/12.60	autos 0.243011350302 0.0737845335172 0.690052313178
34.84/13.78	mfeat-fourier 0.622965049804 0.50476626655 -0.456371834289
37.98/14.96	primary-tumor 0.198810822202 0.0485778705984 0.628965714962
41.17/16.14	waveform-5000 0.263554982021 0.0936418225347 0.525538670364
44.24/17.96	credit-a 0.396286238478 0.215756186065 0.269556734984
47.38/19.16	letter 0.28379627595 0.109239700879 0.659347409313
50.62/20.35	postoperative-patient-data 0.423801957482 0.219806658983 -0.391729931415
53.77/21.98	vowel 0.512447419041 0.327262200905 0.0164836852328
56.89/23.18	eucalyptus 0.299490192412 0.117542354909 0.436979263427
60.06/24.37	cylinder-bands 0.301699055879 0.106817670582 0.512610289789
63.19/25.58	ionosphere 0.416333723732 0.202445317727 -0.00969628543107
66.40/26.78	mfeat-karhunen 0.289202753369 0.109364334147 0.529093975022
69.51/27.96	balance-scale 0.19492071937 0.0555203253839 0.67615430406
72.58/29.17	mfeat-morphological 0.456831129893 0.277831336939 -0.15611019544
75.66/30.37	liver-disorders 0.221707981678 0.0704868686998 0.512287080275
78.84/31.56	dermatology 0.19814747797 0.0514713031677 0.536527793853
81.94/32.73	vote 0.0829884592988 0.010623591292 0.80931662398
85.08/33.91	breast-cancer 0.292633774052 0.111096875877 -0.282485115559
88.27/35.08	credit-g 0.519302971144 0.355584373107 -0.549456174427
91.45/36.27	soybean 0.127946677473 0.0233055397641 0.847132137161
94.48/37.43	arrhythmia 0.268577531919 0.0983647185304 0.178088442417
97.68/38.70	nursery 0.266932212705 0.0897966653574 0.606341048956
100.65/39.88	hepatitis 0.39862019778 0.227071623497 -0.352621580177
103.70/41.04	cmc 0.204243914051 0.0508690266588 0.624440781761
106.78/42.21	heart-c 0.309135622613 0.12563187579 0.618623010502
109.87/43.39	glass 0.382571280787 0.177818309614 0.193925708621
112.96/44.57	braziltourism 0.60500467261 0.446552109299 -0.585978849551
116.09/45.76	iris 0.331654259509 0.148192931712 0.136717624578
119.16/46.94	heart-statlog 0.370094897219 0.18256793434 0.468330586321
122.39/48.11	page-blocks 0.497809764169 0.33518656404 -0.0265031801783
125.64/49.30	breast-w 0.22996592461 0.0714732753601 0.587271687609
128.66/50.49	heart-h 0.193978664426 0.0460485567767 0.639308419422
131.82/51.68	yeast 0.382132454205 0.179376524309 0.4970962331
134.95/52.86	tae 0.34408090386 0.151107788551 -0.0138980091179
138.10/54.05	haberman 0.279451930371 0.10251696372 -0.0252103421208
141.21/55.16	mfeat-pixel 0.370609708511 0.169930501836 0.158695871555
144.30/56.34	optdigits 0.258738198858 0.0833308001202 0.664841971057
147.41/57.51	mfeat-factors 0.278113910414 0.10452012889 0.605048210899
150.54/58.74	satimage 0.341590500421 0.144629219762 0.118941101288
153.63/59.92	lymph 0.278275566854 0.108214470869 0.46089676749
156.82/61.10	audiology 0.278320970835 0.0989602969031 0.526185089393
159.84/62.27	ecoli 0.418541151797 0.224456818892 0.035876256095
162.96/63.47	tic-tac-toe 0.199451717665 0.0562967292494 0.724635731215
166.08/64.65	spambase 0.374630080532 0.179177889112 0.75824952071
169.30/65.84	zoo 0.185259797048 0.0494144934627 0.698778970066
172.48/67.00	sonar 0.532307809403 0.354344581011 -0.303493733993
175.67/68.21	mfeat-zernike 0.24286748156 0.082952512725 0.539113469968
178.73/69.39	kr-vs-kp 0.234319971426 0.0664935096448 0.576928983149
179.03/69.62	MAE 0.32927549146 0.116875509219
179.03/69.62	MSE 0.157492232594 0.157492232594
179.03/69.62	Mean tau 0.318877372808 0.375558982788
179.03/69.62	(0.5614035087719298, '0_class_probability_max')
179.03/69.62	(0.6140350877192983, '1_class_probability_max')
179.03/69.62	(3.789473684210526, '1_landmark_random_node_learner')
179.03/69.62	(4.824561403508772, '0_landmark_decision_tree')
179.03/69.62	(5.385964912280702, '1_landmark_decision_tree')
179.03/69.62	(5.666666666666667, '1_class_probability_std')
179.03/69.62	(6.771929824561403, '0_landmark_random_node_learner')
179.03/69.62	(7.035087719298246, '1_skewness_min')
179.03/69.62	(7.9298245614035086, '0_class_entropy')
179.03/69.62	(8.631578947368421, '0_skewness_min')
179.03/69.62	(10.526315789473685, '0_landmark_naive_bayes')
179.03/69.62	(12.140350877192983, '1_landmark_1NN')
179.03/69.62	(12.736842105263158, '1_class_entropy')
179.03/69.62	(12.789473684210526, '0_landmark_1NN')
179.03/69.62	(12.859649122807017, '0_class_probability_std')
179.03/69.62	(13.456140350877194, '1_landmark_naive_bayes')
179.03/69.62	(17.31578947368421, '0_landmark_lda')
179.03/69.62	(20.19298245614035, '0_pca_skewness_first_pc')
179.03/69.62	(23.19298245614035, '1_landmark_lda')
179.03/69.62	(23.859649122807017, '1_skewness_max')
179.03/69.62	(23.912280701754387, '0_number_of_features')
179.03/69.62	(24.29824561403509, '1_pca_skewness_first_pc')
179.03/69.62	(25.473684210526315, '1_log_number_of_features')
179.03/69.62	(25.912280701754387, '0_log_number_of_features')
179.03/69.62	(26.614035087719298, '1_number_of_features')
179.03/69.62	(27.596491228070175, '0_kurtosis_min')
179.03/69.62	(28.57894736842105, '0_skewness_max')
179.03/69.62	(30.0, '0_skewness_std')
179.03/69.62	(30.29824561403509, '1_kurtosis_std')
179.03/69.62	(30.912280701754387, '1_skewness_std')
179.03/69.62	(30.94736842105263, '0_number_of_categorical_features')
179.03/69.62	(31.49122807017544, '1_kurtosis_min')
179.03/69.62	(34.421052631578945, '0_kurtosis_std')
179.03/69.62	(34.43859649122807, '0_number_of_numeric_features')
179.03/69.62	(35.771929824561404, '1_ratio_numerical_to_categorical')
179.03/69.62	(36.26315789473684, '1_number_of_numeric_features')
179.03/69.62	(36.45614035087719, '0_landmark_decision_node_learner')
179.03/69.62	(36.526315789473685, '1_symbols_sum')
179.03/69.62	(36.54385964912281, '0_symbols_sum')
179.03/69.62	(37.175438596491226, '1_number_of_categorical_features')
179.03/69.62	(42.228070175438596, '0_kurtosis_max')
179.03/69.62	(42.49122807017544, '1_pca_95%')
179.03/69.62	(43.49122807017544, '1_landmark_decision_node_learner')
179.03/69.62	(44.21052631578947, '0_pca_kurtosis_first_pc')
179.03/69.62	(44.64912280701754, '1_kurtosis_max')
179.03/69.62	(44.719298245614034, '1_class_probability_min')
179.03/69.62	(46.54385964912281, '0_class_probability_min')
179.03/69.62	(49.771929824561404, '1_pca_kurtosis_first_pc')
179.03/69.62	(49.85964912280702, '0_pca_95%')
179.03/69.62	(50.3859649122807, '1_skewness_mean')
179.03/69.62	(51.08771929824562, '1_symbols_mean')
179.03/69.62	(53.175438596491226, '0_ratio_numerical_to_categorical')
179.03/69.62	(53.666666666666664, '0_symbols_mean')
179.03/69.62	(54.24561403508772, '1_log_number_of_instances')
179.03/69.62	(54.36842105263158, '0_skewness_mean')
179.03/69.62	(55.421052631578945, '1_number_of_instances')
179.03/69.62	(55.6140350877193, '0_log_number_of_instances')
179.03/69.62	(55.89473684210526, '0_number_of_instances')
179.03/69.62	(59.771929824561404, '1_log_dataset_ratio')
179.03/69.62	(61.43859649122807, '0_symbols_max')
179.03/69.62	(61.526315789473685, '0_kurtosis_mean')
179.03/69.62	(62.21052631578947, '0_log_inverse_dataset_ratio')
179.03/69.62	(62.98245614035088, '1_kurtosis_mean')
179.03/69.62	(63.21052631578947, '0_dataset_ratio')
179.03/69.62	(63.40350877192982, '1_log_inverse_dataset_ratio')
179.03/69.62	(63.85964912280702, '1_inverse_dataset_ratio')
179.03/69.62	(64.3859649122807, '0_log_dataset_ratio')
179.03/69.62	(64.40350877192982, '0_inverse_dataset_ratio')
179.03/69.62	(64.71929824561404, '1_dataset_ratio')
179.03/69.62	(66.03508771929825, '1_symbols_max')
179.03/69.62	(66.52631578947368, '1_symbols_min')
179.03/69.62	(67.0701754385965, '0_percentage_of_features_with_missing_values')
179.03/69.62	(67.24561403508773, '0_symbols_min')
179.03/69.62	(72.3157894736842, '0_ratio_categorical_to_numerical')
179.03/69.62	(72.63157894736842, '1_percentage_of_features_with_missing_values')
179.03/69.62	(73.7719298245614, '0_percentage_of_missing_values')
179.03/69.62	(74.10526315789474, '0_class_probability_mean')
179.03/69.62	(74.12280701754386, '0_symbols_std')
179.03/69.62	(74.35087719298245, '1_class_probability_mean')
179.03/69.62	(74.96491228070175, '0_number_of_classes')
179.03/69.62	(75.24561403508773, '1_number_of_classes')
179.03/69.62	(75.91228070175438, '1_ratio_categorical_to_numerical')
179.03/69.62	(77.50877192982456, '1_percentage_of_missing_values')
179.03/69.62	(77.64912280701755, '1_symbols_std')
179.03/69.62	(83.14035087719299, '1_number_of_missing_values')
179.03/69.62	(83.82456140350877, '0_number_of_features_with_missing_values')
179.03/69.62	(84.08771929824562, '0_percentage_of_Instances_with_missing_values')
179.03/69.62	(84.35087719298245, '0_number_of_Instances_with_missing_values')
179.03/69.62	(85.3157894736842, '1_number_of_Instances_with_missing_values')
179.03/69.62	(85.71929824561404, '0_number_of_missing_values')
179.03/69.62	(85.84210526315789, '1_number_of_features_with_missing_values')
179.03/69.62	(86.6140350877193, '1_percentage_of_Instances_with_missing_values')
179.03/69.62	Result for ParamILS: SAT, 68.628346, 1, 0.329275, -1, /home/feurerm/thesis/Software/pyMetaLearn/optimizers/metalearn_optimizer/learn_distances.py
