0.71/1.24	['/home/feurerm/thesis/Software/pyMetaLearn/optimizers/metalearn_optimizer/learn_distances.py', '--input_file', '/home/feurerm/thesis/experiments/2014_04_25_predict_distances/testfold_0-3_spearman_rank_perm.pkl', '--fold', '0', '--folds', '1', '--params', '-max_features', '0.238420875654', '-min_samples_leaf', '4', '-min_samples_split', '5', '-n_estimators', '42', '-n_jobs', '4', '-seed', '55']
0.71/1.25	Metafeatures (57, 46)
0.71/1.25	X (3192, 92)
0.71/1.25	Y (3192,)
0.71/1.25	Dataset Mae MSE Rho
2.49/2.05	vehicle 0.402168128974 0.203158361131 0.101164577998
4.50/2.96	anneal.ORIG 0.433623610708 0.233149405366 0.328380866599
6.53/3.75	segment 0.258872240785 0.0861674963457 0.750169282851
8.62/4.60	pendigits 0.389891141363 0.183947277093 0.31512927651
10.57/5.74	mushroom 0.19284703856 0.0462522827667 0.630581762534
12.63/6.54	labor 0.235043698791 0.0727787818865 0.670013323287
14.58/7.34	abalone 0.423141887475 0.229604907878 0.154494147868
16.58/8.12	diabetes 0.474395520803 0.304540363254 0.0177765232903
18.64/8.90	car 0.439117519281 0.279547472009 0.29444386759
20.57/9.71	autos 0.209352675935 0.0574035334598 0.555920364715
22.60/10.64	mfeat-fourier 0.666688727447 0.582208564293 -0.532002860651
24.62/11.72	primary-tumor 0.213357762883 0.056983732228 0.582423544893
26.61/12.67	waveform-5000 0.30017600919 0.118352639862 0.378801550841
28.58/13.55	credit-a 0.394972421536 0.22581756614 0.275374506242
30.59/14.45	letter 0.274988110279 0.100433826652 0.663872342514
32.64/15.24	postoperative-patient-data 0.444163916239 0.24473254066 -0.346157389889
34.64/16.13	vowel 0.510189279361 0.325831689185 -0.0258567611495
36.72/17.40	eucalyptus 0.283328907619 0.10827546779 0.501621166301
38.64/18.72	cylinder-bands 0.266815957401 0.0816052238224 0.595998344497
40.66/19.53	ionosphere 0.45123042422 0.247836092179 -0.0850041022791
42.68/20.48	mfeat-karhunen 0.252437678659 0.0889243245168 0.603108953813
44.72/21.29	balance-scale 0.194861149948 0.0522019076925 0.60440179187
46.71/22.09	mfeat-morphological 0.491461387033 0.327656488623 -0.208793346282
48.72/22.88	liver-disorders 0.244760124156 0.0834579230008 0.475764405151
50.73/23.68	dermatology 0.205779063847 0.0547434649931 0.508731775617
52.76/24.65	vote 0.0810606374509 0.00939168926068 0.778611720115
54.82/25.50	breast-cancer 0.300971057845 0.117008292691 -0.26632463984
56.88/26.29	credit-g 0.485599733648 0.316570453485 -0.366519589295
58.92/27.07	soybean 0.11240524426 0.0187961386818 0.829678823385
60.90/27.88	arrhythmia 0.280162544395 0.105383940095 -0.0100194949454
62.89/28.91	nursery 0.245122983306 0.0751523118905 0.669043694744
64.93/32.93	hepatitis 0.431880632705 0.258252318128 -0.276020925271
66.88/34.99	cmc 0.176486452884 0.0406121188097 0.682295284833
68.89/35.78	heart-c 0.261803466981 0.0893245433958 0.726574988302
70.92/37.77	glass 0.400900525689 0.193177759775 0.0636722743307
72.93/39.09	braziltourism 0.621253326495 0.466202031461 -0.399163750246
74.94/41.33	iris 0.31746017719 0.132600436912 0.179704489989
76.94/42.17	heart-statlog 0.386401451855 0.200246027731 0.387528207728
79.02/43.02	page-blocks 0.454820440849 0.28503643267 0.0972860638251
81.04/44.07	breast-w 0.246135061189 0.0828796191995 0.595351925468
83.04/45.76	heart-h 0.149551200273 0.0303786914954 0.706859207925
85.06/47.57	yeast 0.364977433526 0.164888786534 0.449261224973
87.10/48.45	tae 0.349615928587 0.157893939491 -0.125405291575
89.15/49.35	haberman 0.275820715805 0.105173627683 0.0368458846381
91.15/51.53	mfeat-pixel 0.373202430122 0.168383317629 0.15901908107
93.13/53.90	optdigits 0.193384139997 0.0474603268276 0.769885063227
95.14/55.31	mfeat-factors 0.267505925025 0.0964103273344 0.583716382951
97.16/56.09	satimage 0.362807448117 0.159256484519 0.103427044598
99.16/56.87	lymph 0.310657005194 0.130734619677 0.489985623783
101.18/57.87	audiology 0.289826292968 0.108027948364 0.479319709809
103.19/58.75	ecoli 0.408091020913 0.215001740463 0.116355425173
105.19/59.64	tic-tac-toe 0.187695537474 0.0516870273623 0.750169282851
107.23/60.45	spambase 0.31615114568 0.127787300685 0.75534063508
109.26/61.53	zoo 0.176220988627 0.0438690873708 0.692314779779
111.24/62.32	sonar 0.551113669741 0.378963610699 -0.337430733001
113.27/68.48	mfeat-zernike 0.224680476356 0.072286306406 0.561738135973
115.34/69.27	kr-vs-kp 0.194046843336 0.0468700759188 0.654176057083
115.51/69.40	MAE 0.323710110894 0.123713967753
115.51/69.40	MSE 0.155988046763 0.155988046763
115.51/69.40	Mean tau 0.3218883246 0.369534275311
115.51/69.40	(0.6842105263157895, '1_class_probability_max')
115.51/69.40	(3.263157894736842, '0_class_probability_max')
115.51/69.40	(3.8421052631578947, '1_landmark_decision_tree')
115.51/69.40	(5.807017543859649, '0_landmark_decision_tree')
115.51/69.40	(5.859649122807017, '1_class_probability_std')
115.51/69.40	(6.087719298245614, '0_class_entropy')
115.51/69.40	(7.298245614035087, '0_class_probability_std')
115.51/69.40	(7.456140350877193, '1_landmark_random_node_learner')
115.51/69.40	(8.75438596491228, '0_landmark_1NN')
115.51/69.40	(9.56140350877193, '0_skewness_min')
115.51/69.40	(9.824561403508772, '1_class_entropy')
115.51/69.40	(10.614035087719298, '1_skewness_min')
115.51/69.40	(11.56140350877193, '0_landmark_naive_bayes')
115.51/69.40	(12.105263157894736, '0_landmark_random_node_learner')
115.51/69.40	(12.75438596491228, '1_landmark_naive_bayes')
115.51/69.40	(13.052631578947368, '0_landmark_lda')
115.51/69.40	(17.982456140350877, '1_landmark_1NN')
115.51/69.40	(19.333333333333332, '1_landmark_lda')
115.51/69.40	(22.771929824561404, '0_log_number_of_features')
115.51/69.40	(22.842105263157894, '0_pca_skewness_first_pc')
115.51/69.40	(24.719298245614034, '0_number_of_features')
115.51/69.40	(25.403508771929825, '1_log_number_of_features')
115.51/69.40	(25.473684210526315, '1_pca_skewness_first_pc')
115.51/69.40	(30.350877192982455, '1_number_of_numeric_features')
115.51/69.40	(30.43859649122807, '1_number_of_features')
115.51/69.40	(30.80701754385965, '0_kurtosis_min')
115.51/69.40	(30.87719298245614, '1_skewness_max')
115.51/69.40	(31.666666666666668, '0_number_of_categorical_features')
115.51/69.40	(33.03508771929825, '0_kurtosis_std')
115.51/69.40	(33.78947368421053, '1_symbols_sum')
115.51/69.40	(33.85964912280702, '1_skewness_std')
115.51/69.40	(34.03508771929825, '0_skewness_max')
115.51/69.40	(34.59649122807018, '1_kurtosis_min')
115.51/69.40	(35.421052631578945, '0_landmark_decision_node_learner')
115.51/69.40	(35.45614035087719, '0_ratio_numerical_to_categorical')
115.51/69.40	(36.91228070175438, '1_number_of_categorical_features')
115.51/69.40	(38.08771929824562, '1_kurtosis_std')
115.51/69.40	(38.14035087719298, '0_number_of_numeric_features')
115.51/69.40	(39.80701754385965, '0_symbols_sum')
115.51/69.40	(40.68421052631579, '1_landmark_decision_node_learner')
115.51/69.40	(40.824561403508774, '0_skewness_std')
115.51/69.40	(43.21052631578947, '1_kurtosis_max')
115.51/69.40	(44.8421052631579, '0_kurtosis_max')
115.51/69.40	(45.40350877192982, '0_pca_kurtosis_first_pc')
115.51/69.40	(45.6140350877193, '1_ratio_numerical_to_categorical')
115.51/69.40	(46.421052631578945, '0_class_probability_min')
115.51/69.40	(46.80701754385965, '1_pca_kurtosis_first_pc')
115.51/69.40	(47.78947368421053, '1_class_probability_min')
115.51/69.40	(48.421052631578945, '0_pca_95%')
115.51/69.40	(48.824561403508774, '0_symbols_mean')
115.51/69.40	(54.68421052631579, '1_pca_95%')
115.51/69.40	(54.771929824561404, '1_number_of_instances')
115.51/69.40	(55.29824561403509, '0_skewness_mean')
115.51/69.40	(55.45614035087719, '1_log_number_of_instances')
115.51/69.40	(56.01754385964912, '1_kurtosis_mean')
115.51/69.40	(56.31578947368421, '0_log_number_of_instances')
115.51/69.40	(56.63157894736842, '1_skewness_mean')
115.51/69.40	(57.75438596491228, '0_log_dataset_ratio')
115.51/69.40	(57.78947368421053, '0_number_of_instances')
115.51/69.40	(58.771929824561404, '1_symbols_max')
115.51/69.40	(59.3859649122807, '1_inverse_dataset_ratio')
115.51/69.40	(59.64912280701754, '1_symbols_mean')
115.51/69.40	(60.03508771929825, '0_inverse_dataset_ratio')
115.51/69.40	(60.24561403508772, '1_dataset_ratio')
115.51/69.40	(60.24561403508772, '1_log_dataset_ratio')
115.51/69.40	(60.333333333333336, '0_dataset_ratio')
115.51/69.40	(61.0, '0_log_inverse_dataset_ratio')
115.51/69.40	(62.35087719298246, '0_kurtosis_mean')
115.51/69.40	(62.3859649122807, '1_log_inverse_dataset_ratio')
115.51/69.40	(66.29824561403508, '0_symbols_max')
115.51/69.40	(69.21052631578948, '0_percentage_of_features_with_missing_values')
115.51/69.40	(69.42105263157895, '1_percentage_of_features_with_missing_values')
115.51/69.40	(70.3157894736842, '0_ratio_categorical_to_numerical')
115.51/69.40	(70.42105263157895, '0_symbols_min')
115.51/69.40	(71.63157894736842, '0_number_of_classes')
115.51/69.40	(72.03508771929825, '0_percentage_of_missing_values')
115.51/69.40	(72.57894736842105, '1_ratio_categorical_to_numerical')
115.51/69.40	(72.71929824561404, '1_symbols_min')
115.51/69.40	(73.21052631578948, '1_class_probability_mean')
115.51/69.40	(74.54385964912281, '0_symbols_std')
115.51/69.40	(75.24561403508773, '1_percentage_of_missing_values')
115.51/69.40	(75.28070175438596, '0_class_probability_mean')
115.51/69.40	(75.78947368421052, '0_percentage_of_Instances_with_missing_values')
115.51/69.40	(76.05263157894737, '1_number_of_classes')
115.51/69.40	(76.10526315789474, '1_symbols_std')
115.51/69.40	(81.49122807017544, '0_number_of_missing_values')
115.51/69.40	(81.56140350877193, '0_number_of_features_with_missing_values')
115.51/69.40	(82.54385964912281, '1_number_of_missing_values')
115.51/69.40	(84.08771929824562, '0_number_of_Instances_with_missing_values')
115.51/69.40	(84.33333333333333, '1_number_of_features_with_missing_values')
115.51/69.40	(84.40350877192982, '1_percentage_of_Instances_with_missing_values')
115.51/69.40	(84.42105263157895, '1_number_of_Instances_with_missing_values')
115.51/69.40	Result for ParamILS: SAT, 68.161486, 1, 0.323710, -1, /home/feurerm/thesis/Software/pyMetaLearn/optimizers/metalearn_optimizer/learn_distances.py
