0.69/1.00	['/home/feurerm/thesis/Software/pyMetaLearn/optimizers/metalearn_optimizer/learn_distances.py', '--input_file', '/home/feurerm/thesis/experiments/2014_04_25_predict_distances/testfold_0-3_spearman_rank_perm.pkl', '--fold', '0', '--folds', '1', '--params', '-max_features', '0.804775971845', '-min_samples_leaf', '7', '-min_samples_split', '5', '-n_estimators', '92', '-n_jobs', '4', '-seed', '12']
0.76/1.01	Metafeatures (57, 46)
0.76/1.01	X (3192, 92)
0.76/1.01	Y (3192,)
0.76/1.01	Dataset Mae MSE Rho
12.11/4.07	vehicle 0.503935952649 0.329735334224 -0.261799706639
24.04/7.54	anneal.ORIG 0.741002741172 0.613232178165 -0.200066689394
35.93/10.98	segment 0.293943387137 0.108811897691 0.731423131017
47.86/14.40	pendigits 0.383488149736 0.179806688241 0.276990553814
59.76/17.84	mushroom 0.238061847007 0.0688049021412 0.538790260453
71.77/21.37	labor 0.194216847065 0.0551697963098 0.54816333637
83.70/24.91	abalone 0.415723820689 0.22540608886 0.185522261248
95.32/28.36	diabetes 0.486000004677 0.33411092677 -0.12799096769
107.02/31.78	car 0.653847352542 0.539489167743 -0.048158217641
118.92/35.33	autos 0.186058067999 0.0446442723726 0.641894095537
130.99/38.89	mfeat-fourier 0.667266211316 0.580037398346 -0.500974747272
142.91/42.37	primary-tumor 0.197918793548 0.0486178529777 0.616683753416
155.09/46.00	waveform-5000 0.220788038679 0.0675524161605 0.679063189689
167.24/49.53	credit-a 0.435572213519 0.265464586611 0.191340032506
179.01/53.05	letter 0.299599730936 0.114214241691 0.517781642019
191.36/56.68	postoperative-patient-data 0.44293665972 0.238276683023 -0.305109781564
203.30/60.10	vowel 0.488254374532 0.2939477017 0.0597937601583
215.02/63.55	eucalyptus 0.260443298599 0.088496765568 0.59696797304
227.05/67.08	cylinder-bands 0.296094421469 0.102629269667 0.496449814071
239.01/70.63	ionosphere 0.415467045644 0.202622304024 -0.075307816848
250.91/74.16	mfeat-karhunen 0.25660778913 0.0868722551185 0.694577246379
262.68/77.59	balance-scale 0.271677370078 0.105801216614 0.255012306837
274.57/81.14	mfeat-morphological 0.495048637989 0.325144562905 -0.226569869573
286.65/84.69	liver-disorders 0.138823567266 0.0283284716532 0.554950736172
298.69/88.22	dermatology 0.20866371446 0.0549182647891 0.488046366697
310.64/91.77	vote 0.0697616191477 0.00787701289498 0.784752700888
322.56/95.21	breast-cancer 0.119728207655 0.0216834107298 0.511317451732
334.52/98.77	credit-g 0.541873888695 0.406256532406 -0.440211358571
346.63/102.31	soybean 0.106392824717 0.0155522949876 0.819012909411
358.47/105.75	arrhythmia 0.304989343159 0.115399513649 -0.154494147868
370.15/109.17	nursery 0.250537937563 0.079719898366 0.645449400195
381.81/112.51	hepatitis 0.307767831668 0.133905628155 -0.0229478755202
393.85/116.05	cmc 0.169555828254 0.0373452519582 0.669366904258
405.65/119.48	heart-c 0.236114280726 0.0736652586907 0.800589967092
417.62/123.01	glass 0.310914084841 0.118052892957 0.573373678491
430.05/126.65	braziltourism 0.724933690435 0.626764642621 -0.596321554011
441.99/130.18	iris 0.319511725086 0.137749211736 0.0972860638251
453.88/133.72	heart-statlog 0.30101777219 0.120294524599 0.684880960948
466.11/137.18	page-blocks 0.604157301843 0.485798443084 -0.670336532801
478.13/140.75	breast-w 0.23756198978 0.0779187538373 0.433423958769
489.98/144.29	heart-h 0.160119837562 0.0334110166856 0.691021941721
501.92/147.82	yeast 0.360171216015 0.162711211019 0.467037748263
513.88/151.35	tae 0.360327788236 0.162051364438 0.0413708178392
525.77/154.79	haberman 0.291500249718 0.110633958313 -0.035876256095
537.78/158.32	mfeat-pixel 0.402314379203 0.201307445488 0.100841368483
549.75/161.87	optdigits 0.23287975714 0.0675640581649 0.744351511592
561.93/165.41	mfeat-factors 0.250084094264 0.0830838475969 0.713323398212
573.93/168.93	satimage 0.349963211778 0.153213562772 0.0872665688796
585.69/172.37	lymph 0.254333747331 0.0968299964954 0.353914418234
597.46/175.70	audiology 0.278489551808 0.0924376762382 0.512287080275
609.16/179.04	ecoli 0.40139441181 0.20544995058 0.166776109414
621.00/182.46	tic-tac-toe 0.170191638794 0.0396630073958 0.734978435675
633.08/186.44	spambase 0.365774826731 0.177117719823 0.651913590482
645.09/189.99	zoo 0.194734523816 0.0511202325537 0.605048210899
657.23/193.53	sonar 0.565842446736 0.399914295999 -0.384296112585
669.27/197.08	mfeat-zernike 0.235851485521 0.0775770990015 0.580161078292
681.32/200.64	kr-vs-kp 0.230476593992 0.0643436397686 0.58888773518
681.70/200.91	MAE 0.331591370592 0.154315713987
681.70/200.91	MSE 0.170851729761 0.170851729761
681.70/200.91	Mean tau 0.299677593586 0.404655795829
681.70/200.91	(0.19298245614035087, '0_class_probability_max')
681.70/200.91	(1.0350877192982457, '1_class_probability_max')
681.70/200.91	(2.4210526315789473, '1_skewness_min')
681.70/200.91	(2.5789473684210527, '0_skewness_min')
681.70/200.91	(6.0, '1_class_entropy')
681.70/200.91	(7.631578947368421, '1_landmark_naive_bayes')
681.70/200.91	(7.666666666666667, '0_class_entropy')
681.70/200.91	(7.964912280701754, '0_landmark_naive_bayes')
681.70/200.91	(9.157894736842104, '1_landmark_decision_tree')
681.70/200.91	(11.666666666666666, '1_class_probability_std')
681.70/200.91	(11.964912280701755, '0_class_probability_std')
681.70/200.91	(13.087719298245615, '1_landmark_random_node_learner')
681.70/200.91	(13.157894736842104, '1_pca_skewness_first_pc')
681.70/200.91	(13.807017543859649, '0_landmark_decision_tree')
681.70/200.91	(14.070175438596491, '0_pca_skewness_first_pc')
681.70/200.91	(16.57894736842105, '1_landmark_lda')
681.70/200.91	(18.350877192982455, '0_landmark_lda')
681.70/200.91	(19.54385964912281, '1_kurtosis_min')
681.70/200.91	(20.403508771929825, '1_skewness_max')
681.70/200.91	(21.45614035087719, '0_kurtosis_min')
681.70/200.91	(24.17543859649123, '0_skewness_max')
681.70/200.91	(24.526315789473685, '0_landmark_1NN')
681.70/200.91	(24.75438596491228, '1_landmark_1NN')
681.70/200.91	(29.12280701754386, '1_skewness_std')
681.70/200.91	(30.05263157894737, '0_landmark_random_node_learner')
681.70/200.91	(30.43859649122807, '1_class_probability_min')
681.70/200.91	(31.05263157894737, '0_class_probability_min')
681.70/200.91	(32.14035087719298, '0_number_of_features')
681.70/200.91	(32.473684210526315, '1_number_of_numeric_features')
681.70/200.91	(33.526315789473685, '0_number_of_numeric_features')
681.70/200.91	(33.89473684210526, '0_skewness_std')
681.70/200.91	(34.228070175438596, '1_number_of_features')
681.70/200.91	(34.73684210526316, '1_log_number_of_features')
681.70/200.91	(34.96491228070175, '0_log_number_of_features')
681.70/200.91	(34.98245614035088, '0_kurtosis_max')
681.70/200.91	(35.1578947368421, '1_kurtosis_max')
681.70/200.91	(36.228070175438596, '1_number_of_instances')
681.70/200.91	(37.19298245614035, '0_log_number_of_instances')
681.70/200.91	(37.64912280701754, '1_log_number_of_instances')
681.70/200.91	(38.228070175438596, '0_kurtosis_std')
681.70/200.91	(38.29824561403509, '0_number_of_instances')
681.70/200.91	(39.0, '0_skewness_mean')
681.70/200.91	(39.14035087719298, '1_skewness_mean')
681.70/200.91	(41.40350877192982, '0_landmark_decision_node_learner')
681.70/200.91	(41.94736842105263, '1_landmark_decision_node_learner')
681.70/200.91	(44.526315789473685, '1_pca_kurtosis_first_pc')
681.70/200.91	(45.8421052631579, '1_kurtosis_std')
681.70/200.91	(46.12280701754386, '1_symbols_sum')
681.70/200.91	(46.40350877192982, '0_symbols_mean')
681.70/200.91	(46.526315789473685, '0_pca_kurtosis_first_pc')
681.70/200.91	(46.64912280701754, '1_symbols_mean')
681.70/200.91	(50.49122807017544, '0_pca_95%')
681.70/200.91	(50.63157894736842, '1_pca_95%')
681.70/200.91	(51.24561403508772, '0_symbols_sum')
681.70/200.91	(52.280701754385966, '0_symbols_min')
681.70/200.91	(54.3859649122807, '1_symbols_min')
681.70/200.91	(55.07017543859649, '0_inverse_dataset_ratio')
681.70/200.91	(55.12280701754386, '0_dataset_ratio')
681.70/200.91	(55.50877192982456, '1_dataset_ratio')
681.70/200.91	(55.89473684210526, '1_log_inverse_dataset_ratio')
681.70/200.91	(56.43859649122807, '0_log_inverse_dataset_ratio')
681.70/200.91	(56.92982456140351, '0_log_dataset_ratio')
681.70/200.91	(56.94736842105263, '1_log_dataset_ratio')
681.70/200.91	(57.1578947368421, '0_number_of_categorical_features')
681.70/200.91	(57.35087719298246, '1_inverse_dataset_ratio')
681.70/200.91	(58.89473684210526, '1_number_of_categorical_features')
681.70/200.91	(60.175438596491226, '0_ratio_numerical_to_categorical')
681.70/200.91	(61.98245614035088, '1_ratio_numerical_to_categorical')
681.70/200.91	(66.33333333333333, '0_kurtosis_mean')
681.70/200.91	(66.9298245614035, '1_kurtosis_mean')
681.70/200.91	(73.05263157894737, '1_class_probability_mean')
681.70/200.91	(73.75438596491227, '0_ratio_categorical_to_numerical')
681.70/200.91	(73.80701754385964, '0_symbols_max')
681.70/200.91	(74.33333333333333, '1_ratio_categorical_to_numerical')
681.70/200.91	(74.36842105263158, '0_number_of_classes')
681.70/200.91	(74.6842105263158, '0_class_probability_mean')
681.70/200.91	(75.17543859649123, '1_number_of_classes')
681.70/200.91	(76.43859649122807, '1_symbols_max')
681.70/200.91	(78.64912280701755, '0_symbols_std')
681.70/200.91	(78.84210526315789, '1_symbols_std')
681.70/200.91	(79.21052631578948, '1_percentage_of_features_with_missing_values')
681.70/200.91	(80.3859649122807, '0_percentage_of_features_with_missing_values')
681.70/200.91	(83.01754385964912, '1_percentage_of_Instances_with_missing_values')
681.70/200.91	(83.26315789473684, '0_percentage_of_Instances_with_missing_values')
681.70/200.91	(83.36842105263158, '0_number_of_Instances_with_missing_values')
681.70/200.91	(83.40350877192982, '1_percentage_of_missing_values')
681.70/200.91	(83.98245614035088, '1_number_of_Instances_with_missing_values')
681.70/200.91	(84.96491228070175, '0_percentage_of_missing_values')
681.70/200.91	(85.36842105263158, '1_number_of_missing_values')
681.70/200.91	(85.47368421052632, '0_number_of_missing_values')
681.70/200.91	(87.84210526315789, '0_number_of_features_with_missing_values')
681.70/200.91	(88.71929824561404, '1_number_of_features_with_missing_values')
681.70/200.91	Result for ParamILS: SAT, 199.912705, 1, 0.331591, -1, /home/feurerm/thesis/Software/pyMetaLearn/optimizers/metalearn_optimizer/learn_distances.py
