0.73/1.20	['/home/feurerm/thesis/Software/pyMetaLearn/optimizers/metalearn_optimizer/learn_distances.py', '--input_file', '/home/feurerm/thesis/experiments/2014_04_25_predict_distances/testfold_0-3_spearman_rank_perm.pkl', '--fold', '0', '--folds', '1', '--params', '-max_features', '0.336070639675', '-min_samples_leaf', '7', '-min_samples_split', '9', '-n_estimators', '90', '-n_jobs', '4', '-seed', '89']
0.73/1.21	Metafeatures (57, 46)
0.73/1.21	X (3192, 92)
0.73/1.21	Y (3192,)
0.73/1.21	Dataset Mae MSE Rho
5.51/2.75	vehicle 0.417679774636 0.224580211865 0.0300584848363
10.71/4.47	anneal.ORIG 0.511625972301 0.310503351981 0.274081668185
15.90/6.28	segment 0.272710729667 0.0950136002811 0.743705092563
21.12/8.02	pendigits 0.388648008569 0.181167280819 0.302524105449
26.35/10.02	mushroom 0.211910525864 0.0541168911693 0.60213932527
31.59/11.85	labor 0.188242218573 0.0477761619591 0.743381883049
36.75/13.56	abalone 0.410076171544 0.214303374704 0.21752000317
41.95/15.30	diabetes 0.479181504432 0.317373994044 -0.0798327500492
47.07/17.03	car 0.469766407089 0.323386012116 0.113446539544
52.20/18.76	autos 0.231291968351 0.068837388459 0.52004410862
57.39/20.56	mfeat-fourier 0.649695831867 0.548677226437 -0.490632042812
62.51/22.27	primary-tumor 0.198024082206 0.0485589725385 0.620562267589
67.66/23.99	waveform-5000 0.266771933989 0.0953266915494 0.534911746281
72.86/31.04	credit-a 0.402447865414 0.226271961969 0.295736705648
77.97/32.75	letter 0.277150071392 0.101513299225 0.664195552028
83.33/34.61	postoperative-patient-data 0.437253393163 0.233425193531 -0.424374092367
88.53/36.34	vowel 0.515011940294 0.330007389462 0.0158372662041
93.65/38.06	eucalyptus 0.292039087927 0.111475677472 0.544284822197
98.83/39.96	cylinder-bands 0.288507049855 0.0964263871487 0.56593985966
104.15/41.73	ionosphere 0.437344203474 0.224143603268 -0.144474652923
109.30/43.74	mfeat-karhunen 0.270344149149 0.0975532593057 0.574989726063
114.43/45.51	balance-scale 0.200716158637 0.0573378892604 0.622824734189
119.76/47.33	mfeat-morphological 0.457144964477 0.280532739294 -0.125405291575
124.87/49.15	liver-disorders 0.214088125948 0.0646941710117 0.546224079284
130.11/50.89	dermatology 0.204830067519 0.0536786281601 0.518751270562
135.44/52.79	vote 0.0778451654273 0.00980587112172 0.79671145292
140.58/54.53	breast-cancer 0.23037920671 0.071839851416 0.0177765232903
145.94/56.62	credit-g 0.496941831099 0.337625545276 -0.376862293754
151.19/58.35	soybean 0.116183941123 0.0188515852234 0.856505213078
156.32/60.08	arrhythmia 0.275515397802 0.0975230919592 0.0416940273536
161.50/61.80	nursery 0.248396667203 0.0775280621749 0.651913590482
166.66/63.63	hepatitis 0.408273566014 0.233547541403 -0.317714952625
171.90/65.35	cmc 0.179349969832 0.0392356250559 0.731423131017
177.00/67.24	heart-c 0.272187378276 0.0960280823841 0.750815701879
182.21/72.32	glass 0.363575832605 0.15805693234 0.334198637858
187.39/74.24	braziltourism 0.637419897551 0.490853956377 -0.673245418431
192.61/75.99	iris 0.31368851199 0.13169891068 0.113446539544
197.76/77.80	heart-statlog 0.3663380495 0.181972349246 0.452493320117
203.19/79.77	page-blocks 0.561138952126 0.419981801016 -0.425990139938
208.31/81.59	breast-w 0.227151788012 0.0684982764456 0.544608031712
213.47/83.29	heart-h 0.169343643028 0.0365328789118 0.700395017638
218.61/85.02	yeast 0.370368545761 0.170495554561 0.478996500295
223.82/86.99	tae 0.366437602521 0.172527172736 -0.111507282457
228.97/88.70	haberman 0.282846730502 0.101318049998 -0.0190693613478
234.23/90.64	mfeat-pixel 0.388148624892 0.183674014067 0.12799096769
239.54/92.48	optdigits 0.228907773276 0.0654324937573 0.742412254506
244.70/94.31	mfeat-factors 0.258806632433 0.0898460064865 0.667427647172
249.97/96.17	satimage 0.366982571834 0.163376488772 0.0711060931612
255.28/98.00	lymph 0.282816361049 0.112458604209 0.437625682456
260.36/99.86	audiology 0.267503836878 0.0895216568995 0.56593985966
265.52/101.78	ecoli 0.433178206308 0.241787868148 0.0277960182357
270.77/103.61	tic-tac-toe 0.196318025749 0.0568119730517 0.719464378986
276.07/105.55	spambase 0.369432335727 0.174610756952 0.748230025764
281.28/107.37	zoo 0.175723146227 0.0422452024597 0.689082684635
286.50/109.20	sonar 0.56325603171 0.399381239353 -0.387528207728
291.69/111.24	mfeat-zernike 0.227228718684 0.0728278862562 0.595998344497
296.88/112.95	kr-vs-kp 0.220565312899 0.0595379110179 0.601169696726
297.25/113.21	MAE 0.326925481773 0.128045760171
297.25/113.21	MSE 0.159159905207 0.159159905207
297.25/113.21	Mean tau 0.314732352545 0.396628237626
297.25/113.21	(0.10526315789473684, '1_class_probability_max')
297.25/113.21	(1.0350877192982457, '0_class_probability_max')
297.25/113.21	(3.526315789473684, '1_skewness_min')
297.25/113.21	(4.315789473684211, '0_skewness_min')
297.25/113.21	(4.982456140350878, '0_landmark_decision_tree')
297.25/113.21	(6.0, '1_class_probability_std')
297.25/113.21	(7.052631578947368, '0_landmark_random_node_learner')
297.25/113.21	(7.5964912280701755, '0_class_probability_std')
297.25/113.21	(7.894736842105263, '1_class_entropy')
297.25/113.21	(9.263157894736842, '1_landmark_random_node_learner')
297.25/113.21	(9.350877192982455, '0_class_entropy')
297.25/113.21	(10.473684210526315, '1_landmark_decision_tree')
297.25/113.21	(10.842105263157896, '1_landmark_naive_bayes')
297.25/113.21	(11.070175438596491, '0_landmark_naive_bayes')
297.25/113.21	(18.280701754385966, '0_landmark_lda')
297.25/113.21	(18.49122807017544, '1_landmark_1NN')
297.25/113.21	(19.526315789473685, '0_pca_skewness_first_pc')
297.25/113.21	(19.57894736842105, '0_landmark_1NN')
297.25/113.21	(20.43859649122807, '1_skewness_max')
297.25/113.21	(23.105263157894736, '1_log_number_of_features')
297.25/113.21	(23.24561403508772, '1_pca_skewness_first_pc')
297.25/113.21	(23.596491228070175, '1_number_of_features')
297.25/113.21	(24.385964912280702, '1_skewness_std')
297.25/113.21	(24.45614035087719, '0_kurtosis_std')
297.25/113.21	(24.57894736842105, '0_log_number_of_features')
297.25/113.21	(24.57894736842105, '0_number_of_features')
297.25/113.21	(25.05263157894737, '1_kurtosis_std')
297.25/113.21	(25.80701754385965, '0_skewness_max')
297.25/113.21	(26.50877192982456, '1_landmark_lda')
297.25/113.21	(28.140350877192983, '0_skewness_std')
297.25/113.21	(28.49122807017544, '0_kurtosis_min')
297.25/113.21	(31.07017543859649, '1_kurtosis_min')
297.25/113.21	(33.12280701754386, '0_symbols_sum')
297.25/113.21	(35.07017543859649, '1_number_of_numeric_features')
297.25/113.21	(35.54385964912281, '1_number_of_categorical_features')
297.25/113.21	(36.03508771929825, '0_number_of_numeric_features')
297.25/113.21	(37.75438596491228, '0_number_of_categorical_features')
297.25/113.21	(37.80701754385965, '1_symbols_sum')
297.25/113.21	(39.80701754385965, '0_landmark_decision_node_learner')
297.25/113.21	(40.96491228070175, '0_class_probability_min')
297.25/113.21	(42.64912280701754, '1_kurtosis_max')
297.25/113.21	(42.73684210526316, '0_kurtosis_max')
297.25/113.21	(42.75438596491228, '1_landmark_decision_node_learner')
297.25/113.21	(43.87719298245614, '1_class_probability_min')
297.25/113.21	(45.24561403508772, '0_pca_kurtosis_first_pc')
297.25/113.21	(45.421052631578945, '0_ratio_numerical_to_categorical')
297.25/113.21	(45.824561403508774, '1_pca_kurtosis_first_pc')
297.25/113.21	(49.43859649122807, '0_pca_95%')
297.25/113.21	(50.719298245614034, '1_skewness_mean')
297.25/113.21	(51.0, '1_pca_95%')
297.25/113.21	(51.85964912280702, '1_number_of_instances')
297.25/113.21	(53.35087719298246, '0_log_number_of_instances')
297.25/113.21	(53.526315789473685, '1_log_number_of_instances')
297.25/113.21	(53.96491228070175, '0_number_of_instances')
297.25/113.21	(55.49122807017544, '1_ratio_numerical_to_categorical')
297.25/113.21	(55.824561403508774, '0_skewness_mean')
297.25/113.21	(57.43859649122807, '1_symbols_mean')
297.25/113.21	(59.21052631578947, '1_log_inverse_dataset_ratio')
297.25/113.21	(59.40350877192982, '1_inverse_dataset_ratio')
297.25/113.21	(59.43859649122807, '1_dataset_ratio')
297.25/113.21	(59.45614035087719, '0_symbols_mean')
297.25/113.21	(59.578947368421055, '0_log_dataset_ratio')
297.25/113.21	(60.36842105263158, '0_dataset_ratio')
297.25/113.21	(60.771929824561404, '0_kurtosis_mean')
297.25/113.21	(61.85964912280702, '1_log_dataset_ratio')
297.25/113.21	(62.36842105263158, '0_log_inverse_dataset_ratio')
297.25/113.21	(63.21052631578947, '0_inverse_dataset_ratio')
297.25/113.21	(63.80701754385965, '1_kurtosis_mean')
297.25/113.21	(64.2280701754386, '0_symbols_min')
297.25/113.21	(64.3157894736842, '1_symbols_min')
297.25/113.21	(67.14035087719299, '0_percentage_of_features_with_missing_values')
297.25/113.21	(70.47368421052632, '0_symbols_max')
297.25/113.21	(70.91228070175438, '1_symbols_max')
297.25/113.21	(72.9298245614035, '0_percentage_of_missing_values')
297.25/113.21	(73.54385964912281, '1_percentage_of_features_with_missing_values')
297.25/113.21	(73.78947368421052, '0_ratio_categorical_to_numerical')
297.25/113.21	(75.75438596491227, '0_symbols_std')
297.25/113.21	(76.6140350877193, '1_ratio_categorical_to_numerical')
297.25/113.21	(76.66666666666667, '0_class_probability_mean')
297.25/113.21	(77.12280701754386, '1_number_of_classes')
297.25/113.21	(77.3157894736842, '0_number_of_classes')
297.25/113.21	(78.2280701754386, '1_class_probability_mean')
297.25/113.21	(79.52631578947368, '1_percentage_of_missing_values')
297.25/113.21	(79.64912280701755, '1_symbols_std')
297.25/113.21	(83.08771929824562, '0_number_of_missing_values')
297.25/113.21	(83.75438596491227, '0_number_of_features_with_missing_values')
297.25/113.21	(84.40350877192982, '1_percentage_of_Instances_with_missing_values')
297.25/113.21	(84.45614035087719, '0_number_of_Instances_with_missing_values')
297.25/113.21	(85.10526315789474, '1_number_of_Instances_with_missing_values')
297.25/113.21	(85.47368421052632, '1_number_of_missing_values')
297.25/113.21	(85.91228070175438, '1_number_of_features_with_missing_values')
297.25/113.21	(86.05263157894737, '0_percentage_of_Instances_with_missing_values')
297.25/113.21	Result for ParamILS: SAT, 112.014441, 1, 0.326925, -1, /home/feurerm/thesis/Software/pyMetaLearn/optimizers/metalearn_optimizer/learn_distances.py
