0.80/18.90	['/home/feurerm/thesis/Software/pyMetaLearn/optimizers/metalearn_optimizer/learn_distances.py', '--input_file', '/home/feurerm/thesis/experiments/2014_04_25_predict_distances/testfold_0-3_spearman_rank_perm.pkl', '--fold', '0', '--folds', '1', '--params', '-max_features', '0.710519282561', '-min_samples_leaf', '2', '-min_samples_split', '5', '-n_estimators', '16', '-n_jobs', '4', '-seed', '73']
0.80/18.91	Metafeatures (57, 46)
0.80/18.91	X (3192, 92)
0.80/18.91	Y (3192,)
0.80/18.91	Dataset Mae MSE Rho
3.02/19.66	vehicle 0.469265928436 0.285061910335 -0.126374920118
5.34/20.66	anneal.ORIG 0.6861675228 0.541584826207 -0.213641488998
7.68/21.71	segment 0.307038901002 0.12688813454 0.574343307034
10.01/22.69	pendigits 0.349669867415 0.147577604477 0.407243988105
12.32/23.91	mushroom 0.188671597631 0.0476485591805 0.631228181563
14.68/25.05	labor 0.205328750419 0.0640682437748 0.537497422396
17.05/25.88	abalone 0.422304291404 0.242766432882 0.0749846073336
19.35/26.85	diabetes 0.496720319185 0.334544386013 -0.139303300693
21.61/28.31	car 0.627143161867 0.51208295808 -0.105689511199
23.92/30.67	autos 0.204297658261 0.0541663681289 0.532972489195
26.32/32.95	mfeat-fourier 0.709960763254 0.650754703579 -0.524569041821
28.58/33.78	primary-tumor 0.185209435101 0.0446605101866 0.602785744298
30.94/38.02	waveform-5000 0.24869515201 0.0895801386019 0.537174212881
33.25/39.38	credit-a 0.421642793994 0.245900235064 0.244023183349
35.61/44.64	letter 0.278680637719 0.104728601612 0.611189191672
38.04/45.60	postoperative-patient-data 0.476958338441 0.282596779918 -0.366842798809
40.34/46.78	vowel 0.473513269872 0.28715723602 0.0853273117934
42.65/47.86	eucalyptus 0.272135870738 0.105792164769 0.473501938551
44.96/52.86	cylinder-bands 0.231951259871 0.0674535608323 0.627026457876
47.30/53.71	ionosphere 0.462073880406 0.251760425605 -0.211379022397
49.61/54.52	mfeat-karhunen 0.244315014156 0.0910525394829 0.577898611692
52.01/55.80	balance-scale 0.24755672872 0.0815863983527 0.408536826162
54.29/58.03	mfeat-morphological 0.549362851571 0.414832508987 -0.305432991079
56.65/58.86	liver-disorders 0.17628714053 0.0470933158747 0.488369576212
59.07/59.80	dermatology 0.209829739344 0.0563660245968 0.510024613674
61.39/65.10	vote 0.0724257848094 0.00886788457024 0.796388243405
63.76/65.92	breast-cancer 0.154519598211 0.0356798986587 0.32256309534
66.13/66.87	credit-g 0.518680876941 0.363667594255 -0.327088028541
68.50/67.89	soybean 0.109126552637 0.0183389695292 0.818043280868
70.83/68.72	arrhythmia 0.361901841957 0.1638456009 -0.247255278492
73.10/69.61	nursery 0.236544622137 0.0718250294958 0.648358285824
75.41/70.56	hepatitis 0.315062999058 0.142338000767 0.0798327500492
77.75/71.49	cmc 0.190026713907 0.0486846898729 0.60440179187
80.07/72.63	heart-c 0.237993111774 0.0776446063993 0.714939445784
82.39/79.05	glass 0.27756874198 0.0964952414726 0.61474449633
84.78/80.33	braziltourism 0.722462369802 0.65813800853 -0.525861879878
87.17/81.14	iris 0.315483830534 0.137211054369 0.136071205549
89.47/85.39	heart-statlog 0.296219474303 0.124172562609 0.537497422396
91.92/86.30	page-blocks 0.706889277704 0.66915578762 -0.503883632901
94.27/87.47	breast-w 0.217478851033 0.0652444442105 0.457341462832
96.62/88.28	heart-h 0.150101648626 0.0313677978099 0.692314779779
98.98/89.33	yeast 0.373756879731 0.182493073864 0.299292010306
101.33/95.06	tae 0.349580069088 0.153202470605 0.042017236868
103.65/95.87	haberman 0.306907426796 0.130461563995 -0.0934075496527
105.98/96.88	mfeat-pixel 0.385565823353 0.185107247267 0.164836852328
108.33/102.75	optdigits 0.234341340434 0.0756250663735 0.610219563129
110.68/103.89	mfeat-factors 0.273667753931 0.105585387348 0.593735877896
113.07/104.71	satimage 0.382964526292 0.181205045854 0.0669043694744
115.38/110.19	lymph 0.301208425808 0.129101149049 0.304140153021
117.71/112.58	audiology 0.28808848603 0.103478889331 0.408860035677
120.11/113.40	ecoli 0.425056790754 0.225572332838 0.0704596741325
122.46/114.31	tic-tac-toe 0.150482301054 0.0353219548066 0.697162922494
124.78/115.14	spambase 0.39235006781 0.197417539453 0.646095819224
127.17/116.27	zoo 0.184614237222 0.0466477944732 0.576605773634
129.53/120.61	sonar 0.615588381654 0.477834549296 -0.461543186519
131.91/121.53	mfeat-zernike 0.221484079639 0.0686171750601 0.565293440631
134.27/122.34	kr-vs-kp 0.210811399026 0.0567763674773 0.617976591474
134.37/122.40	MAE 0.335504125582 0.158915403728
134.37/122.40	MSE 0.179733848162 0.179733848162
134.37/122.40	Mean tau 0.278209677421 0.385360046681
134.37/122.40	(0.38596491228070173, '1_class_probability_max')
134.37/122.40	(0.7894736842105263, '0_class_probability_max')
134.37/122.40	(2.491228070175439, '1_skewness_min')
134.37/122.40	(2.56140350877193, '0_skewness_min')
134.37/122.40	(6.228070175438597, '1_class_entropy')
134.37/122.40	(6.508771929824562, '0_class_entropy')
134.37/122.40	(10.473684210526315, '0_landmark_naive_bayes')
134.37/122.40	(10.578947368421053, '1_landmark_naive_bayes')
134.37/122.40	(16.29824561403509, '0_landmark_decision_tree')
134.37/122.40	(16.82456140350877, '0_pca_skewness_first_pc')
134.37/122.40	(17.0, '1_pca_skewness_first_pc')
134.37/122.40	(17.666666666666668, '0_class_probability_std')
134.37/122.40	(18.771929824561404, '1_class_probability_std')
134.37/122.40	(19.07017543859649, '1_landmark_decision_tree')
134.37/122.40	(21.280701754385966, '0_kurtosis_min')
134.37/122.40	(21.82456140350877, '0_landmark_random_node_learner')
134.37/122.40	(22.087719298245613, '0_landmark_lda')
134.37/122.40	(22.526315789473685, '1_kurtosis_min')
134.37/122.40	(22.68421052631579, '1_landmark_lda')
134.37/122.40	(25.94736842105263, '1_landmark_1NN')
134.37/122.40	(29.263157894736842, '0_landmark_1NN')
134.37/122.40	(30.92982456140351, '0_class_probability_min')
134.37/122.40	(31.087719298245613, '0_log_number_of_features')
134.37/122.40	(31.24561403508772, '0_number_of_features')
134.37/122.40	(31.75438596491228, '0_skewness_max')
134.37/122.40	(31.92982456140351, '1_landmark_random_node_learner')
134.37/122.40	(32.78947368421053, '0_skewness_std')
134.37/122.40	(33.07017543859649, '0_number_of_numeric_features')
134.37/122.40	(33.40350877192982, '1_class_probability_min')
134.37/122.40	(33.91228070175438, '1_number_of_numeric_features')
134.37/122.40	(34.8421052631579, '1_skewness_max')
134.37/122.40	(34.89473684210526, '1_kurtosis_std')
134.37/122.40	(34.96491228070175, '0_kurtosis_max')
134.37/122.40	(35.10526315789474, '1_number_of_features')
134.37/122.40	(36.07017543859649, '1_kurtosis_max')
134.37/122.40	(36.26315789473684, '1_number_of_instances')
134.37/122.40	(36.85964912280702, '1_log_number_of_features')
134.37/122.40	(37.07017543859649, '1_skewness_std')
134.37/122.40	(37.98245614035088, '1_log_number_of_instances')
134.37/122.40	(38.578947368421055, '0_log_number_of_instances')
134.37/122.40	(38.719298245614034, '0_number_of_instances')
134.37/122.40	(39.21052631578947, '0_pca_kurtosis_first_pc')
134.37/122.40	(39.824561403508774, '1_landmark_decision_node_learner')
134.37/122.40	(39.8421052631579, '1_skewness_mean')
134.37/122.40	(41.07017543859649, '0_landmark_decision_node_learner')
134.37/122.40	(41.73684210526316, '0_skewness_mean')
134.37/122.40	(42.85964912280702, '0_kurtosis_std')
134.37/122.40	(45.05263157894737, '0_symbols_mean')
134.37/122.40	(45.19298245614035, '1_pca_kurtosis_first_pc')
134.37/122.40	(46.98245614035088, '1_symbols_mean')
134.37/122.40	(47.59649122807018, '0_pca_95%')
134.37/122.40	(48.19298245614035, '1_pca_95%')
134.37/122.40	(50.56140350877193, '0_dataset_ratio')
134.37/122.40	(50.78947368421053, '0_log_dataset_ratio')
134.37/122.40	(51.10526315789474, '1_symbols_min')
134.37/122.40	(51.26315789473684, '1_log_inverse_dataset_ratio')
134.37/122.40	(51.36842105263158, '1_log_dataset_ratio')
134.37/122.40	(51.421052631578945, '1_dataset_ratio')
134.37/122.40	(52.07017543859649, '0_inverse_dataset_ratio')
134.37/122.40	(53.1578947368421, '1_inverse_dataset_ratio')
134.37/122.40	(53.56140350877193, '0_log_inverse_dataset_ratio')
134.37/122.40	(54.719298245614034, '1_symbols_sum')
134.37/122.40	(54.75438596491228, '0_symbols_sum')
134.37/122.40	(55.63157894736842, '1_ratio_numerical_to_categorical')
134.37/122.40	(57.01754385964912, '0_ratio_numerical_to_categorical')
134.37/122.40	(57.49122807017544, '0_symbols_min')
134.37/122.40	(58.29824561403509, '1_number_of_categorical_features')
134.37/122.40	(58.333333333333336, '0_kurtosis_mean')
134.37/122.40	(58.94736842105263, '1_kurtosis_mean')
134.37/122.40	(62.64912280701754, '0_number_of_categorical_features')
134.37/122.40	(67.91228070175438, '0_class_probability_mean')
134.37/122.40	(68.73684210526316, '0_ratio_categorical_to_numerical')
134.37/122.40	(71.10526315789474, '1_ratio_categorical_to_numerical')
134.37/122.40	(73.73684210526316, '1_class_probability_mean')
134.37/122.40	(74.42105263157895, '1_number_of_classes')
134.37/122.40	(75.45614035087719, '0_number_of_classes')
134.37/122.40	(75.75438596491227, '0_symbols_max')
134.37/122.40	(76.87719298245614, '1_percentage_of_features_with_missing_values')
134.37/122.40	(76.9298245614035, '1_symbols_std')
134.37/122.40	(77.05263157894737, '0_symbols_std')
134.37/122.40	(77.75438596491227, '1_symbols_max')
134.37/122.40	(79.49122807017544, '0_percentage_of_features_with_missing_values')
134.37/122.40	(80.0701754385965, '1_number_of_Instances_with_missing_values')
134.37/122.40	(80.78947368421052, '0_percentage_of_Instances_with_missing_values')
134.37/122.40	(81.3157894736842, '0_number_of_Instances_with_missing_values')
134.37/122.40	(82.21052631578948, '0_number_of_missing_values')
134.37/122.40	(82.45614035087719, '1_percentage_of_Instances_with_missing_values')
134.37/122.40	(83.10526315789474, '1_number_of_missing_values')
134.37/122.40	(83.50877192982456, '0_percentage_of_missing_values')
134.37/122.40	(83.6140350877193, '1_percentage_of_missing_values')
134.37/122.40	(84.03508771929825, '0_number_of_features_with_missing_values')
134.37/122.40	(86.2280701754386, '1_number_of_features_with_missing_values')
134.37/122.40	Result for ParamILS: SAT, 103.508283, 1, 0.335504, -1, /home/feurerm/thesis/Software/pyMetaLearn/optimizers/metalearn_optimizer/learn_distances.py
