0.73/7.96	['/home/feurerm/thesis/Software/pyMetaLearn/optimizers/metalearn_optimizer/learn_distances.py', '--input_file', '/home/feurerm/thesis/experiments/2014_04_25_predict_distances/testfold_0-3_spearman_rank_perm.pkl', '--fold', '0', '--folds', '1', '--params', '-max_features', '0.551773436212', '-min_samples_leaf', '3', '-min_samples_split', '10', '-n_estimators', '34', '-n_jobs', '4', '-seed', '72']
0.77/8.41	Metafeatures (57, 46)
0.77/8.41	X (3192, 92)
0.77/8.41	Y (3192,)
0.77/8.41	Dataset Mae MSE Rho
4.03/13.67	vehicle 0.451935708493 0.263468745506 -0.0992253209113
7.38/14.98	anneal.ORIG 0.661499208268 0.491393488342 -0.109244815857
10.84/20.45	segment 0.237407055688 0.0717860071266 0.778288510601
14.27/22.18	pendigits 0.390923849574 0.188253130162 0.295413496133
17.74/23.54	mushroom 0.210505158085 0.0561471631823 0.580484287807
21.16/24.69	labor 0.19613407892 0.0571212363199 0.635106695735
24.60/29.63	abalone 0.392026118796 0.198200747404 0.248224907035
28.00/31.27	diabetes 0.483284186078 0.322193478599 -0.0316745324082
31.36/32.43	car 0.572817821301 0.432789421291 -0.0145444281466
34.70/33.71	autos 0.209718276284 0.0568412083126 0.59923043964
38.17/34.97	mfeat-fourier 0.685320894313 0.610642432248 -0.51713522299
41.55/37.03	primary-tumor 0.182247345188 0.0445253690998 0.623471153218
45.02/38.22	waveform-5000 0.245251478687 0.0832184875001 0.576928983149
48.44/39.65	credit-a 0.415134169277 0.24633003013 0.216550374627
51.84/44.59	letter 0.289995982972 0.111395358253 0.59696797304
55.42/46.32	postoperative-patient-data 0.46745548815 0.263337909481 -0.463159234091
58.82/47.48	vowel 0.496262163739 0.310079135564 -0.0213318279484
62.25/48.67	eucalyptus 0.28748398173 0.109158135665 0.468330586321
65.74/49.98	cylinder-bands 0.264133588722 0.0811718798225 0.60440179187
69.18/51.33	ionosphere 0.427673313115 0.209851995518 -0.101164577998
72.60/52.50	mfeat-karhunen 0.243726299393 0.0820449413176 0.63769237185
75.96/57.97	balance-scale 0.236320230642 0.0793262948362 0.407567197619
79.42/59.13	mfeat-morphological 0.493177961996 0.328266449708 -0.262122916153
82.89/60.31	liver-disorders 0.16080470977 0.0397187570868 0.586948478094
86.33/61.63	dermatology 0.223255319328 0.0631176625178 0.464775281663
89.86/62.96	vote 0.0695798882078 0.00847112861659 0.774733205943
93.29/64.15	breast-cancer 0.157343600057 0.0365437022502 0.335168266401
96.72/65.37	credit-g 0.549116432271 0.409149099771 -0.469623424378
100.13/67.12	soybean 0.10556797443 0.0168495823618 0.79154010069
103.59/68.46	arrhythmia 0.325723306253 0.136055608814 -0.187784727848
107.05/69.77	nursery 0.215451259652 0.0605726430714 0.703303903267
110.41/71.06	hepatitis 0.347858566053 0.172574693046 0.0161604757185
113.85/75.94	cmc 0.17626301876 0.0393418111005 0.689729103664
117.28/77.10	heart-c 0.252278589304 0.0864114940279 0.672922208916
120.67/78.30	glass 0.320037480199 0.129294068728 0.505822889988
124.17/79.47	braziltourism 0.665213204705 0.547688366719 -0.539113469968
127.60/80.74	iris 0.283630023741 0.108860830492 0.280545858472
131.01/81.92	heart-statlog 0.337894844866 0.159367495714 0.59179662081
134.54/83.14	page-blocks 0.585445725534 0.454040606218 -0.508408566103
137.98/84.40	breast-w 0.227839816793 0.0730910356495 0.643833352623
141.41/85.56	heart-h 0.160195849449 0.0347865907814 0.686173799005
144.90/89.54	yeast 0.346001970322 0.147834555042 0.501621166301
148.34/91.50	tae 0.360918460204 0.163300984034 -0.0119587520317
151.80/92.66	haberman 0.298883707458 0.115193861777 -0.0627026457876
155.23/94.10	mfeat-pixel 0.408984380586 0.207416698455 0.0985789018826
158.68/95.26	optdigits 0.203364048117 0.0537598228629 0.732715969075
162.12/96.71	mfeat-factors 0.301332207125 0.122082131154 0.505822889988
165.60/98.03	satimage 0.384791860096 0.185151469576 0.0316745324082
169.00/99.38	lymph 0.290961668495 0.124335565009 0.334845056886
172.42/100.90	audiology 0.292218520931 0.108847562734 0.433423958769
175.86/105.55	ecoli 0.426689510919 0.230777973032 0.0113123330029
179.29/106.71	tic-tac-toe 0.186544397641 0.0503304313732 0.680032818232
182.71/108.13	spambase 0.389114506894 0.190461605528 0.712030560155
186.18/109.59	zoo 0.18535256155 0.0475935817509 0.630581762534
189.65/110.91	sonar 0.559583660984 0.392427859446 -0.316745324082
193.09/115.55	mfeat-zernike 0.254444778792 0.0955772562167 0.456371834289
196.58/116.71	kr-vs-kp 0.21992672208 0.0605377980234 0.610219563129
196.72/116.81	MAE 0.330053454929 0.144712532637
196.72/116.81	MSE 0.167879076814 0.167879076814
196.72/116.81	Mean tau 0.298866734629 0.391458986035
196.72/116.81	(0.24561403508771928, '1_class_probability_max')
196.72/116.81	(0.8947368421052632, '0_class_probability_max')
196.72/116.81	(2.3157894736842106, '1_skewness_min')
196.72/116.81	(2.7719298245614037, '0_skewness_min')
196.72/116.81	(5.701754385964913, '0_class_entropy')
196.72/116.81	(8.070175438596491, '0_class_probability_std')
196.72/116.81	(8.526315789473685, '1_class_entropy')
196.72/116.81	(9.75438596491228, '0_landmark_random_node_learner')
196.72/116.81	(9.807017543859649, '1_landmark_random_node_learner')
196.72/116.81	(10.087719298245615, '1_class_probability_std')
196.72/116.81	(10.912280701754385, '0_landmark_naive_bayes')
196.72/116.81	(11.035087719298245, '1_landmark_naive_bayes')
196.72/116.81	(11.456140350877194, '1_landmark_decision_tree')
196.72/116.81	(14.824561403508772, '0_landmark_decision_tree')
196.72/116.81	(20.17543859649123, '0_pca_skewness_first_pc')
196.72/116.81	(21.05263157894737, '1_pca_skewness_first_pc')
196.72/116.81	(22.263157894736842, '0_skewness_max')
196.72/116.81	(23.789473684210527, '0_landmark_lda')
196.72/116.81	(23.842105263157894, '0_log_number_of_features')
196.72/116.81	(24.333333333333332, '0_kurtosis_min')
196.72/116.81	(24.63157894736842, '1_skewness_std')
196.72/116.81	(24.771929824561404, '1_landmark_lda')
196.72/116.81	(25.12280701754386, '1_skewness_max')
196.72/116.81	(25.24561403508772, '0_number_of_features')
196.72/116.81	(25.350877192982455, '0_landmark_1NN')
196.72/116.81	(25.36842105263158, '1_kurtosis_min')
196.72/116.81	(27.43859649122807, '0_kurtosis_std')
196.72/116.81	(27.87719298245614, '1_landmark_1NN')
196.72/116.81	(28.473684210526315, '1_number_of_features')
196.72/116.81	(30.280701754385966, '1_log_number_of_features')
196.72/116.81	(31.982456140350877, '1_kurtosis_std')
196.72/116.81	(32.6140350877193, '0_number_of_numeric_features')
196.72/116.81	(35.49122807017544, '1_number_of_numeric_features')
196.72/116.81	(35.59649122807018, '0_skewness_std')
196.72/116.81	(36.29824561403509, '0_class_probability_min')
196.72/116.81	(37.29824561403509, '1_kurtosis_max')
196.72/116.81	(37.64912280701754, '1_class_probability_min')
196.72/116.81	(40.89473684210526, '0_kurtosis_max')
196.72/116.81	(42.175438596491226, '1_number_of_instances')
196.72/116.81	(42.473684210526315, '0_number_of_categorical_features')
196.72/116.81	(42.56140350877193, '1_log_number_of_instances')
196.72/116.81	(43.24561403508772, '0_number_of_instances')
196.72/116.81	(44.333333333333336, '0_log_number_of_instances')
196.72/116.81	(44.35087719298246, '0_symbols_sum')
196.72/116.81	(45.771929824561404, '1_skewness_mean')
196.72/116.81	(46.54385964912281, '0_landmark_decision_node_learner')
196.72/116.81	(46.824561403508774, '0_skewness_mean')
196.72/116.81	(46.89473684210526, '1_landmark_decision_node_learner')
196.72/116.81	(48.05263157894737, '1_symbols_sum')
196.72/116.81	(48.280701754385966, '0_pca_kurtosis_first_pc')
196.72/116.81	(48.45614035087719, '1_pca_kurtosis_first_pc')
196.72/116.81	(48.78947368421053, '1_pca_95%')
196.72/116.81	(49.31578947368421, '0_pca_95%')
196.72/116.81	(51.333333333333336, '1_number_of_categorical_features')
196.72/116.81	(51.421052631578945, '0_symbols_mean')
196.72/116.81	(52.771929824561404, '1_symbols_mean')
196.72/116.81	(53.50877192982456, '1_log_inverse_dataset_ratio')
196.72/116.81	(55.03508771929825, '0_log_inverse_dataset_ratio')
196.72/116.81	(56.05263157894737, '1_symbols_min')
196.72/116.81	(56.228070175438596, '1_inverse_dataset_ratio')
196.72/116.81	(56.473684210526315, '1_log_dataset_ratio')
196.72/116.81	(56.50877192982456, '1_dataset_ratio')
196.72/116.81	(57.05263157894737, '0_log_dataset_ratio')
196.72/116.81	(57.80701754385965, '0_symbols_min')
196.72/116.81	(58.175438596491226, '0_inverse_dataset_ratio')
196.72/116.81	(58.473684210526315, '1_ratio_numerical_to_categorical')
196.72/116.81	(58.771929824561404, '0_dataset_ratio')
196.72/116.81	(58.85964912280702, '0_ratio_numerical_to_categorical')
196.72/116.81	(64.35087719298245, '0_kurtosis_mean')
196.72/116.81	(66.03508771929825, '1_kurtosis_mean')
196.72/116.81	(70.87719298245614, '0_symbols_max')
196.72/116.81	(72.57894736842105, '1_ratio_categorical_to_numerical')
196.72/116.81	(72.82456140350877, '0_ratio_categorical_to_numerical')
196.72/116.81	(73.56140350877193, '0_percentage_of_features_with_missing_values')
196.72/116.81	(74.0, '1_number_of_classes')
196.72/116.81	(75.03508771929825, '0_class_probability_mean')
196.72/116.81	(75.29824561403508, '1_symbols_max')
196.72/116.81	(75.73684210526316, '1_class_probability_mean')
196.72/116.81	(76.66666666666667, '0_number_of_classes')
196.72/116.81	(77.21052631578948, '0_symbols_std')
196.72/116.81	(77.56140350877193, '1_symbols_std')
196.72/116.81	(78.42105263157895, '1_percentage_of_features_with_missing_values')
196.72/116.81	(81.2280701754386, '1_percentage_of_Instances_with_missing_values')
196.72/116.81	(81.43859649122807, '1_percentage_of_missing_values')
196.72/116.81	(81.47368421052632, '1_number_of_Instances_with_missing_values')
196.72/116.81	(82.50877192982456, '0_number_of_Instances_with_missing_values')
196.72/116.81	(82.78947368421052, '0_percentage_of_Instances_with_missing_values')
196.72/116.81	(83.08771929824562, '0_percentage_of_missing_values')
196.72/116.81	(84.19298245614036, '0_number_of_missing_values')
196.72/116.81	(84.6140350877193, '1_number_of_missing_values')
196.72/116.81	(86.54385964912281, '0_number_of_features_with_missing_values')
196.72/116.81	(87.17543859649123, '1_number_of_features_with_missing_values')
196.72/116.81	Result for ParamILS: SAT, 108.854683, 1, 0.330053, -1, /home/feurerm/thesis/Software/pyMetaLearn/optimizers/metalearn_optimizer/learn_distances.py
