0.70/1.87	['/home/feurerm/thesis/Software/pyMetaLearn/optimizers/metalearn_optimizer/learn_distances.py', '--input_file', '/home/feurerm/thesis/experiments/2014_04_25_predict_distances/testfold_0-3_spearman_rank_perm.pkl', '--fold', '0', '--folds', '1', '--params', '-max_features', '0.234807711962', '-min_samples_leaf', '8', '-min_samples_split', '4', '-n_estimators', '50', '-n_jobs', '4', '-seed', '18']
0.70/1.88	Metafeatures (57, 46)
0.70/1.88	X (3192, 92)
0.70/1.88	Y (3192,)
0.70/1.88	Dataset Mae MSE Rho
2.68/4.74	vehicle 0.381745953143 0.188420640607 0.223337774429
4.80/7.18	anneal.ORIG 0.501794281105 0.299802517232 0.31512927651
6.98/8.08	segment 0.276096633516 0.0975220987686 0.720434007529
9.11/8.87	pendigits 0.391534484432 0.183603536886 0.324825561941
11.24/14.02	mushroom 0.226121125404 0.0613306724487 0.572727259462
13.36/14.97	labor 0.189584445906 0.0486931080247 0.799620338549
15.51/15.97	abalone 0.412377053317 0.215367674416 0.204591622596
17.66/16.79	diabetes 0.474212901841 0.313609446369 -0.0775702834486
19.87/17.60	car 0.44255409378 0.293711364286 0.310281133794
21.89/18.42	autos 0.230495580902 0.0690409054933 0.572080840433
24.05/19.44	mfeat-fourier 0.632458031698 0.52043264519 -0.467360957778
26.15/20.46	primary-tumor 0.205793044135 0.0521884857429 0.594382296925
28.29/21.26	waveform-5000 0.266834949205 0.0979024664801 0.459927138947
30.38/22.32	credit-a 0.384820267657 0.205309918117 0.298645591277
32.50/23.34	letter 0.281076317605 0.108902142434 0.624117572247
34.79/24.40	postoperative-patient-data 0.439060534212 0.236277697058 -0.347127018432
36.92/25.21	vowel 0.527223367958 0.351828799658 -0.104396673141
39.06/26.10	eucalyptus 0.301486813225 0.119852704173 0.457341462832
41.11/26.89	cylinder-bands 0.292785276605 0.102351741221 0.575959354606
43.26/27.69	ionosphere 0.400824098231 0.186427939012 0.0833880547072
45.40/28.49	mfeat-karhunen 0.284055776154 0.107533493157 0.552365060057
47.54/29.84	balance-scale 0.19656041916 0.0545675166249 0.655792104655
49.67/30.65	mfeat-morphological 0.462438330828 0.286098210368 -0.135101577006
51.78/31.43	liver-disorders 0.24172074248 0.0817268687797 0.352298370662
53.89/32.32	dermatology 0.210107983091 0.0559486674166 0.503237213873
56.00/33.12	vote 0.0846513327551 0.0110641977321 0.792186519719
58.15/34.18	breast-cancer 0.27616215249 0.102261162149 -0.288949305846
60.41/35.11	credit-g 0.498112192545 0.327718491699 -0.479642919324
62.50/36.34	soybean 0.121808640761 0.0203473160329 0.845516089589
64.63/37.60	arrhythmia 0.27314547048 0.0996456107183 0.096316435282
66.75/38.39	nursery 0.26885517001 0.0916289968403 0.589210944695
68.89/39.35	hepatitis 0.410935686757 0.235893809709 -0.25371946878
71.02/40.31	cmc 0.1930855917 0.0461149107328 0.677770351632
73.11/41.36	heart-c 0.295980521841 0.1130302803 0.685850589491
75.25/42.61	glass 0.377050136301 0.170713365685 0.257274773438
77.41/43.50	braziltourism 0.590208011936 0.427618881509 -0.491278461841
79.53/44.30	iris 0.303803964696 0.121060317432 0.25889082101
81.62/45.30	heart-statlog 0.372871230634 0.1893100302 0.371690941524
83.76/49.40	page-blocks 0.533618647425 0.382789366534 -0.29735275322
85.91/50.19	breast-w 0.242257828839 0.0775804486477 0.469623424378
88.00/51.34	heart-h 0.188674367767 0.0447245870705 0.661933085428
90.12/52.23	yeast 0.381440159392 0.179302844475 0.465098491177
92.31/53.27	tae 0.350111048007 0.154900751092 0.0161604757185
94.47/54.32	haberman 0.279577098314 0.100530736627 -0.0109891234885
96.60/55.16	mfeat-pixel 0.394516003929 0.188664354759 0.0956700162532
98.72/55.98	optdigits 0.246709876933 0.0768170114833 0.676800723089
100.85/61.41	mfeat-factors 0.261345178146 0.0916125514549 0.654822476112
102.98/62.32	satimage 0.339393288448 0.145136054753 0.118617891773
105.10/63.12	lymph 0.30458205822 0.126572533159 0.463482443605
107.22/63.96	audiology 0.293700649048 0.104954595716 0.460250348462
109.35/64.76	ecoli 0.43675916473 0.241742297849 -0.00969628543107
111.51/69.51	tic-tac-toe 0.209295816293 0.0625057785994 0.694254036865
113.66/70.31	spambase 0.340126900178 0.150271469573 0.683264913376
115.83/71.11	zoo 0.169559738014 0.0390803826452 0.710091303069
118.03/76.36	sonar 0.563803566335 0.403357076239 -0.410152873734
120.18/77.27	mfeat-zernike 0.248693596626 0.0854874128264 0.486107109611
122.35/78.47	kr-vs-kp 0.222215719081 0.0612759422975 0.58888773518
122.56/78.61	MAE 0.32854058446 0.119297048401
122.56/78.61	MSE 0.158108154851 0.158108154851
122.56/78.61	Mean tau 0.309595022369 0.370998579358
122.56/78.61	(0.49122807017543857, '1_class_probability_max')
122.56/78.61	(0.6842105263157895, '0_class_probability_max')
122.56/78.61	(4.456140350877193, '1_landmark_random_node_learner')
122.56/78.61	(4.7894736842105265, '0_class_probability_std')
122.56/78.61	(6.684210526315789, '0_landmark_decision_tree')
122.56/78.61	(6.7368421052631575, '0_skewness_min')
122.56/78.61	(7.228070175438597, '1_class_probability_std')
122.56/78.61	(7.298245614035087, '1_class_entropy')
122.56/78.61	(7.649122807017544, '1_landmark_decision_tree')
122.56/78.61	(8.263157894736842, '1_skewness_min')
122.56/78.61	(8.631578947368421, '0_class_entropy')
122.56/78.61	(10.421052631578947, '0_landmark_1NN')
122.56/78.61	(11.912280701754385, '0_landmark_random_node_learner')
122.56/78.61	(13.736842105263158, '0_landmark_naive_bayes')
122.56/78.61	(13.824561403508772, '1_landmark_naive_bayes')
122.56/78.61	(15.842105263157896, '1_landmark_1NN')
122.56/78.61	(17.54385964912281, '0_landmark_lda')
122.56/78.61	(21.614035087719298, '1_landmark_lda')
122.56/78.61	(22.56140350877193, '0_pca_skewness_first_pc')
122.56/78.61	(24.210526315789473, '0_log_number_of_features')
122.56/78.61	(24.789473684210527, '1_pca_skewness_first_pc')
122.56/78.61	(25.087719298245613, '1_ratio_numerical_to_categorical')
122.56/78.61	(25.280701754385966, '1_number_of_features')
122.56/78.61	(26.63157894736842, '1_log_number_of_features')
122.56/78.61	(26.70175438596491, '0_kurtosis_std')
122.56/78.61	(27.12280701754386, '0_skewness_max')
122.56/78.61	(27.403508771929825, '0_number_of_features')
122.56/78.61	(29.210526315789473, '1_kurtosis_std')
122.56/78.61	(29.54385964912281, '1_skewness_std')
122.56/78.61	(30.719298245614034, '0_symbols_sum')
122.56/78.61	(32.03508771929825, '1_skewness_max')
122.56/78.61	(33.24561403508772, '1_number_of_numeric_features')
122.56/78.61	(34.08771929824562, '1_symbols_sum')
122.56/78.61	(34.64912280701754, '0_kurtosis_min')
122.56/78.61	(35.50877192982456, '1_kurtosis_min')
122.56/78.61	(36.0, '0_skewness_std')
122.56/78.61	(36.64912280701754, '0_number_of_numeric_features')
122.56/78.61	(36.85964912280702, '0_number_of_categorical_features')
122.56/78.61	(37.666666666666664, '1_pca_95%')
122.56/78.61	(40.78947368421053, '1_number_of_categorical_features')
122.56/78.61	(41.01754385964912, '0_landmark_decision_node_learner')
122.56/78.61	(41.07017543859649, '0_kurtosis_max')
122.56/78.61	(42.8421052631579, '1_landmark_decision_node_learner')
122.56/78.61	(43.228070175438596, '1_pca_kurtosis_first_pc')
122.56/78.61	(43.719298245614034, '1_kurtosis_max')
122.56/78.61	(46.07017543859649, '0_class_probability_min')
122.56/78.61	(48.05263157894737, '1_class_probability_min')
122.56/78.61	(49.45614035087719, '0_symbols_mean')
122.56/78.61	(49.63157894736842, '0_pca_kurtosis_first_pc')
122.56/78.61	(49.824561403508774, '0_ratio_numerical_to_categorical')
122.56/78.61	(50.78947368421053, '0_pca_95%')
122.56/78.61	(52.36842105263158, '1_symbols_mean')
122.56/78.61	(54.473684210526315, '0_number_of_instances')
122.56/78.61	(54.85964912280702, '1_log_number_of_instances')
122.56/78.61	(55.21052631578947, '0_log_number_of_instances')
122.56/78.61	(55.64912280701754, '1_number_of_instances')
122.56/78.61	(56.03508771929825, '1_symbols_max')
122.56/78.61	(56.59649122807018, '1_skewness_mean')
122.56/78.61	(56.63157894736842, '0_skewness_mean')
122.56/78.61	(60.29824561403509, '0_log_dataset_ratio')
122.56/78.61	(60.6140350877193, '1_log_dataset_ratio')
122.56/78.61	(60.666666666666664, '1_log_inverse_dataset_ratio')
122.56/78.61	(61.31578947368421, '1_inverse_dataset_ratio')
122.56/78.61	(61.50877192982456, '1_dataset_ratio')
122.56/78.61	(61.68421052631579, '0_log_inverse_dataset_ratio')
122.56/78.61	(61.92982456140351, '0_kurtosis_mean')
122.56/78.61	(63.49122807017544, '0_inverse_dataset_ratio')
122.56/78.61	(63.92982456140351, '0_dataset_ratio')
122.56/78.61	(65.33333333333333, '1_kurtosis_mean')
122.56/78.61	(69.78947368421052, '1_symbols_std')
122.56/78.61	(69.9298245614035, '1_percentage_of_features_with_missing_values')
122.56/78.61	(71.10526315789474, '0_symbols_max')
122.56/78.61	(71.91228070175438, '0_symbols_min')
122.56/78.61	(73.71929824561404, '1_symbols_min')
122.56/78.61	(73.73684210526316, '1_ratio_categorical_to_numerical')
122.56/78.61	(73.89473684210526, '1_number_of_classes')
122.56/78.61	(73.9298245614035, '1_percentage_of_missing_values')
122.56/78.61	(74.12280701754386, '0_ratio_categorical_to_numerical')
122.56/78.61	(74.71929824561404, '1_class_probability_mean')
122.56/78.61	(74.78947368421052, '0_percentage_of_features_with_missing_values')
122.56/78.61	(75.33333333333333, '0_class_probability_mean')
122.56/78.61	(76.10526315789474, '0_percentage_of_missing_values')
122.56/78.61	(77.45614035087719, '0_symbols_std')
122.56/78.61	(77.47368421052632, '0_number_of_classes')
122.56/78.61	(81.3859649122807, '1_number_of_missing_values')
122.56/78.61	(82.3157894736842, '1_number_of_features_with_missing_values')
122.56/78.61	(82.75438596491227, '1_percentage_of_Instances_with_missing_values')
122.56/78.61	(83.3157894736842, '0_percentage_of_Instances_with_missing_values')
122.56/78.61	(83.43859649122807, '0_number_of_features_with_missing_values')
122.56/78.61	(83.73684210526316, '1_number_of_Instances_with_missing_values')
122.56/78.61	(84.0, '0_number_of_missing_values')
122.56/78.61	(84.17543859649123, '0_number_of_Instances_with_missing_values')
122.56/78.61	Result for ParamILS: SAT, 76.743390, 1, 0.328541, -1, /home/feurerm/thesis/Software/pyMetaLearn/optimizers/metalearn_optimizer/learn_distances.py
