0.77/1.02	['/home/feurerm/thesis/Software/pyMetaLearn/optimizers/metalearn_optimizer/learn_distances.py', '--input_file', '/home/feurerm/thesis/experiments/2014_04_25_predict_distances/testfold_0-3_spearman_rank_perm.pkl', '--fold', '0', '--folds', '1', '--params', '-max_features', '0.142289721042', '-min_samples_leaf', '5', '-min_samples_split', '6', '-n_estimators', '75', '-n_jobs', '4', '-seed', '2']
0.77/1.03	Metafeatures (57, 46)
0.77/1.03	X (3192, 92)
0.77/1.03	Y (3192,)
0.77/1.03	Dataset Mae MSE Rho
2.79/1.79	vehicle 0.373124011245 0.175807765642 0.235619735975
5.15/2.78	anneal.ORIG 0.443106136609 0.237928317634 0.468007376806
7.48/3.76	segment 0.283779517944 0.103711777422 0.673568627945
9.85/4.74	pendigits 0.405713787772 0.196444067578 0.266971058869
12.20/5.73	mushroom 0.212942199809 0.0544846572443 0.615390915359
14.58/6.70	labor 0.212353459056 0.0609104010031 0.730776711988
16.95/7.69	abalone 0.398864298615 0.201084674022 0.268587106441
19.32/8.70	diabetes 0.455355811951 0.288436349991 -0.0290888562932
21.79/9.70	car 0.424483962117 0.270270662504 0.297029543705
23.99/10.67	autos 0.225312769445 0.0658544434839 0.620885477103
26.33/11.66	mfeat-fourier 0.632820349418 0.520819039563 -0.456695043803
28.66/12.64	primary-tumor 0.208517325589 0.0545456864896 0.579514659264
30.99/13.62	waveform-5000 0.280617434621 0.107566827198 0.447645177401
33.33/14.60	credit-a 0.38721513141 0.206866193968 0.300261638849
35.66/15.60	letter 0.273977475081 0.102578361488 0.662902713971
38.01/16.58	postoperative-patient-data 0.45952795601 0.263504594762 -0.547516917341
40.37/17.56	vowel 0.521591458357 0.3388351768 -0.0717525121899
42.67/18.55	eucalyptus 0.287182792856 0.109064278557 0.542022355597
44.98/19.59	cylinder-bands 0.28432210522 0.094025984782 0.569495164318
47.33/20.57	ionosphere 0.4109709912 0.200088863768 0.0219782469771
49.68/21.55	mfeat-karhunen 0.254475772829 0.0854239419971 0.637369162336
51.99/22.55	balance-scale 0.189606486595 0.0532025132007 0.717848331414
54.33/23.53	mfeat-morphological 0.449049364232 0.267110897741 -0.104396673141
56.65/24.52	liver-disorders 0.275164147188 0.100600952911 0.585332430522
59.00/27.11	dermatology 0.199935358259 0.0515241917507 0.546224079284
61.36/28.09	vote 0.0787966008191 0.0101436166208 0.810932671552
63.71/29.08	breast-cancer 0.251765661161 0.0871452114856 -0.207500508225
66.10/30.07	credit-g 0.512187973485 0.350265585642 -0.475441195637
68.46/31.06	soybean 0.117439985911 0.0204580129532 0.842930413474
70.80/32.05	arrhythmia 0.273546190851 0.101823760775 0.180674118532
73.15/33.04	nursery 0.249238706414 0.0782943234602 0.661286666399
75.52/34.01	hepatitis 0.425185805989 0.250403187682 -0.26406217324
77.78/34.99	cmc 0.220016635963 0.0574827831577 0.629612133991
80.09/35.98	heart-c 0.291541556988 0.110765361373 0.695870084437
82.44/36.96	glass 0.371473674863 0.165833331539 0.254689097323
84.73/37.94	braziltourism 0.642134666106 0.502080287578 -0.52004410862
87.15/38.95	iris 0.309276801847 0.126627648801 0.166129690386
89.54/39.96	heart-statlog 0.378420825292 0.191104598568 0.387851417243
91.99/40.95	page-blocks 0.5077441241 0.352604898794 -0.096316435282
94.40/41.94	breast-w 0.23303379513 0.0712728304419 0.540083098511
96.76/42.94	heart-h 0.184510145462 0.043367562888 0.647065447767
99.20/43.94	yeast 0.379486640829 0.178147185078 0.383003274527
101.53/44.93	tae 0.333594769508 0.144097596819 -0.0355530465806
103.92/45.93	haberman 0.28355341127 0.105757885566 -0.0352298370662
106.32/46.91	mfeat-pixel 0.373227189839 0.166815753779 0.1664528999
108.71/47.91	optdigits 0.222866666162 0.0621205908961 0.718817959957
111.09/48.89	mfeat-factors 0.257544658022 0.0913158864888 0.633167438649
113.49/49.90	satimage 0.359378216025 0.157366614654 0.0921147115952
115.83/50.88	lymph 0.283905219861 0.106786784255 0.677447142118
118.19/51.87	audiology 0.302200010521 0.117322672224 0.472209100493
120.55/52.89	ecoli 0.425313253902 0.228160524991 0.0446029129829
122.94/53.87	tic-tac-toe 0.191062126406 0.0539831685158 0.760835196825
125.28/54.86	spambase 0.360038443335 0.166282910951 0.711707350641
127.64/55.84	zoo 0.180691838715 0.0442937348107 0.676477513574
129.95/56.82	sonar 0.543184226602 0.372646034431 -0.376215874726
132.28/57.80	mfeat-zernike 0.235103194141 0.0779300907049 0.536204584338
134.63/58.78	kr-vs-kp 0.210689897554 0.0551167931402 0.620239058074
134.95/59.01	MAE 0.325230930114 0.119880575964
134.95/59.01	MSE 0.155412418431 0.155412418431
134.95/59.01	Mean tau 0.331193356408 0.379571504129
134.95/59.01	(0.3684210526315789, '0_class_probability_max')
134.95/59.01	(1.736842105263158, '1_landmark_random_node_learner')
134.95/59.01	(1.9298245614035088, '1_class_probability_max')
134.95/59.01	(5.228070175438597, '0_class_entropy')
134.95/59.01	(5.771929824561403, '1_landmark_decision_tree')
134.95/59.01	(5.982456140350878, '0_landmark_decision_tree')
134.95/59.01	(7.2631578947368425, '1_class_entropy')
134.95/59.01	(7.631578947368421, '1_landmark_naive_bayes')
134.95/59.01	(8.456140350877194, '0_landmark_naive_bayes')
134.95/59.01	(9.421052631578947, '1_class_probability_std')
134.95/59.01	(9.964912280701755, '1_landmark_1NN')
134.95/59.01	(11.842105263157896, '0_class_probability_std')
134.95/59.01	(12.912280701754385, '1_skewness_min')
134.95/59.01	(13.368421052631579, '0_landmark_lda')
134.95/59.01	(13.56140350877193, '0_skewness_min')
134.95/59.01	(15.070175438596491, '0_landmark_random_node_learner')
134.95/59.01	(15.087719298245615, '1_pca_skewness_first_pc')
134.95/59.01	(17.68421052631579, '0_landmark_1NN')
134.95/59.01	(18.43859649122807, '0_pca_skewness_first_pc')
134.95/59.01	(20.12280701754386, '1_log_number_of_features')
134.95/59.01	(21.50877192982456, '0_number_of_features')
134.95/59.01	(23.666666666666668, '0_log_number_of_features')
134.95/59.01	(25.92982456140351, '0_ratio_numerical_to_categorical')
134.95/59.01	(26.736842105263158, '1_landmark_lda')
134.95/59.01	(28.719298245614034, '1_number_of_features')
134.95/59.01	(31.350877192982455, '1_skewness_std')
134.95/59.01	(31.94736842105263, '0_number_of_categorical_features')
134.95/59.01	(31.982456140350877, '0_kurtosis_min')
134.95/59.01	(32.24561403508772, '1_skewness_max')
134.95/59.01	(33.08771929824562, '1_ratio_numerical_to_categorical')
134.95/59.01	(33.29824561403509, '0_number_of_numeric_features')
134.95/59.01	(35.21052631578947, '1_kurtosis_min')
134.95/59.01	(35.49122807017544, '0_symbols_sum')
134.95/59.01	(35.92982456140351, '1_symbols_sum')
134.95/59.01	(36.473684210526315, '0_skewness_max')
134.95/59.01	(37.228070175438596, '1_number_of_numeric_features')
134.95/59.01	(37.24561403508772, '0_skewness_std')
134.95/59.01	(37.6140350877193, '0_landmark_decision_node_learner')
134.95/59.01	(39.35087719298246, '1_number_of_categorical_features')
134.95/59.01	(39.78947368421053, '1_pca_95%')
134.95/59.01	(40.59649122807018, '0_symbols_mean')
134.95/59.01	(40.89473684210526, '0_kurtosis_std')
134.95/59.01	(42.19298245614035, '1_landmark_decision_node_learner')
134.95/59.01	(42.228070175438596, '0_pca_95%')
134.95/59.01	(44.26315789473684, '1_symbols_mean')
134.95/59.01	(46.280701754385966, '1_class_probability_min')
134.95/59.01	(47.43859649122807, '0_pca_kurtosis_first_pc')
134.95/59.01	(47.43859649122807, '1_pca_kurtosis_first_pc')
134.95/59.01	(47.49122807017544, '1_kurtosis_max')
134.95/59.01	(47.98245614035088, '1_kurtosis_std')
134.95/59.01	(49.29824561403509, '0_skewness_mean')
134.95/59.01	(50.1578947368421, '0_class_probability_min')
134.95/59.01	(51.666666666666664, '0_kurtosis_max')
134.95/59.01	(52.64912280701754, '1_skewness_mean')
134.95/59.01	(59.719298245614034, '0_kurtosis_mean')
134.95/59.01	(59.91228070175438, '1_symbols_max')
134.95/59.01	(60.31578947368421, '0_symbols_max')
134.95/59.01	(60.35087719298246, '0_log_number_of_instances')
134.95/59.01	(61.36842105263158, '1_dataset_ratio')
134.95/59.01	(61.719298245614034, '0_number_of_instances')
134.95/59.01	(61.771929824561404, '1_number_of_instances')
134.95/59.01	(61.92982456140351, '1_log_number_of_instances')
134.95/59.01	(62.824561403508774, '1_kurtosis_mean')
134.95/59.01	(64.01754385964912, '0_dataset_ratio')
134.95/59.01	(64.57894736842105, '0_inverse_dataset_ratio')
134.95/59.01	(66.19298245614036, '0_log_inverse_dataset_ratio')
134.95/59.01	(66.33333333333333, '1_inverse_dataset_ratio')
134.95/59.01	(66.59649122807018, '1_log_dataset_ratio')
134.95/59.01	(67.14035087719299, '1_log_inverse_dataset_ratio')
134.95/59.01	(67.21052631578948, '0_number_of_classes')
134.95/59.01	(68.03508771929825, '0_log_dataset_ratio')
134.95/59.01	(69.03508771929825, '0_symbols_std')
134.95/59.01	(69.36842105263158, '0_class_probability_mean')
134.95/59.01	(69.91228070175438, '1_symbols_min')
134.95/59.01	(70.19298245614036, '0_percentage_of_features_with_missing_values')
134.95/59.01	(70.52631578947368, '1_ratio_categorical_to_numerical')
134.95/59.01	(71.05263157894737, '1_number_of_classes')
134.95/59.01	(72.40350877192982, '1_class_probability_mean')
134.95/59.01	(72.40350877192982, '1_percentage_of_features_with_missing_values')
134.95/59.01	(72.98245614035088, '0_ratio_categorical_to_numerical')
134.95/59.01	(73.19298245614036, '0_symbols_min')
134.95/59.01	(73.56140350877193, '0_percentage_of_missing_values')
134.95/59.01	(74.70175438596492, '1_symbols_std')
134.95/59.01	(76.15789473684211, '1_percentage_of_missing_values')
134.95/59.01	(81.40350877192982, '0_number_of_missing_values')
134.95/59.01	(81.6842105263158, '1_number_of_Instances_with_missing_values')
134.95/59.01	(81.91228070175438, '0_percentage_of_Instances_with_missing_values')
134.95/59.01	(82.64912280701755, '1_number_of_missing_values')
134.95/59.01	(83.26315789473684, '0_number_of_Instances_with_missing_values')
134.95/59.01	(83.63157894736842, '0_number_of_features_with_missing_values')
134.95/59.01	(84.33333333333333, '1_percentage_of_Instances_with_missing_values')
134.95/59.01	(84.3859649122807, '1_number_of_features_with_missing_values')
134.95/59.01	Result for ParamILS: SAT, 57.991520, 1, 0.325231, -1, /home/feurerm/thesis/Software/pyMetaLearn/optimizers/metalearn_optimizer/learn_distances.py
