0.72/1.71	['/home/feurerm/thesis/Software/pyMetaLearn/optimizers/metalearn_optimizer/learn_distances.py', '--input_file', '/home/feurerm/thesis/experiments/2014_04_25_predict_distances/testfold_0-3_spearman_rank_perm.pkl', '--fold', '0', '--folds', '1', '--params', '-max_features', '0.269601904386', '-min_samples_leaf', '3', '-min_samples_split', '7', '-n_estimators', '91', '-n_jobs', '4', '-seed', '25']
0.72/1.72	Metafeatures (57, 46)
0.72/1.72	X (3192, 92)
0.72/1.72	Y (3192,)
0.72/1.72	Dataset Mae MSE Rho
5.24/3.36	vehicle 0.40905568273 0.209590343155 0.0817720071354
10.04/5.12	anneal.ORIG 0.557459742421 0.357886477275 0.18422942319
14.94/7.05	segment 0.273245378141 0.0958354789633 0.720434007529
19.97/8.82	pendigits 0.393506292297 0.18467323529 0.272788830127
24.84/10.58	mushroom 0.185469167808 0.0429343387158 0.643186933594
29.74/16.30	labor 0.210020709789 0.0585459396702 0.75824952071
34.65/18.18	abalone 0.401569446989 0.203837369282 0.219459260257
39.66/20.02	diabetes 0.501214564651 0.3399926583 -0.0523599413278
44.58/21.81	car 0.453512832796 0.307506114014 0.102457416055
49.47/23.58	autos 0.22957814768 0.0690945263357 0.53555816531
54.51/25.40	mfeat-fourier 0.659244598947 0.564329508205 -0.515842384933
59.33/27.25	primary-tumor 0.189883550033 0.0443266681163 0.640601257479
64.22/29.10	waveform-5000 0.270504759813 0.0980733745517 0.463482443605
69.17/31.17	credit-a 0.395657848234 0.221897195162 0.289918934389
74.20/33.02	letter 0.267721949615 0.0957392778745 0.680679237261
79.24/35.09	postoperative-patient-data 0.448711141764 0.249406885817 -0.460573557976
84.25/36.95	vowel 0.524660770816 0.343730327449 -0.0717525121899
89.19/38.74	eucalyptus 0.297949875279 0.119497852442 0.479966128838
94.16/40.56	cylinder-bands 0.259313494938 0.0766768135603 0.657408152227
99.27/42.85	ionosphere 0.439259893825 0.222536599926 -0.102134206541
104.27/44.80	mfeat-karhunen 0.274735426008 0.102218137915 0.549132964913
109.14/47.40	balance-scale 0.179436623185 0.0476164272447 0.721726845586
114.02/52.12	mfeat-morphological 0.486194462083 0.312770144598 -0.202329155995
118.96/54.04	liver-disorders 0.215118488341 0.0638707052513 0.587918106637
123.93/55.93	dermatology 0.215467973897 0.05860765209 0.490632042812
128.83/57.69	vote 0.0716496711957 0.00879767902585 0.799620338549
133.80/59.54	breast-cancer 0.217484151557 0.064699137168 0.147706748067
138.86/61.36	credit-g 0.487640558144 0.321452845965 -0.333552218829
143.91/63.25	soybean 0.113373591843 0.0179308663909 0.838405480273
148.94/65.07	arrhythmia 0.284945637168 0.10535283774 -0.0142212186322
153.98/66.88	nursery 0.217310771102 0.0607212620831 0.729483873931
158.90/68.69	hepatitis 0.429715975349 0.255447317471 -0.184875842219
163.79/70.59	cmc 0.203905427058 0.0511178799708 0.62217831516
168.70/72.36	heart-c 0.26791311732 0.0959989193652 0.731099921503
173.64/77.36	glass 0.361269921128 0.155624804307 0.351975161148
178.69/79.24	braziltourism 0.647099904224 0.515937092515 -0.580161078292
183.65/85.20	iris 0.297623066006 0.116970052023 0.273435249156
188.51/86.97	heart-statlog 0.390652965391 0.209267607269 0.368135636866
193.59/88.78	page-blocks 0.531306421013 0.380311618897 -0.35585367532
198.59/90.69	breast-w 0.223205822912 0.0684854502204 0.54816333637
203.64/92.48	heart-h 0.140105706471 0.025854323158 0.754047797023
208.57/94.29	yeast 0.351578468594 0.153188648349 0.561738135973
213.48/96.21	tae 0.345418830477 0.152727511304 -0.0142212186322
218.49/98.02	haberman 0.283811904163 0.104451730617 -0.0197157803765
223.49/99.88	mfeat-pixel 0.385486312019 0.181105082136 0.169361785529
228.46/101.68	optdigits 0.200492894116 0.0506922110426 0.762128034882
233.44/103.48	mfeat-factors 0.24165349628 0.0788768099931 0.694577246379
238.34/105.28	satimage 0.382436211697 0.173826615285 0.0649651123882
243.35/107.05	lymph 0.275510575944 0.107250369254 0.445705920315
248.36/108.85	audiology 0.287615237605 0.103314753196 0.477703662237
253.24/110.67	ecoli 0.425754778827 0.229655287222 0.0730453502474
258.24/113.63	tic-tac-toe 0.182046355993 0.0507917491475 0.801559595635
263.33/117.36	spambase 0.387287091491 0.190143710439 0.735948064218
268.30/119.15	zoo 0.177285748726 0.0415819277966 0.678093561146
273.39/120.94	sonar 0.545573826827 0.370913428757 -0.325795190484
278.26/122.73	mfeat-zernike 0.232296020036 0.0758532243803 0.554627526657
283.24/124.51	kr-vs-kp 0.20636434742 0.0528077189481 0.635753114764
283.65/124.81	MAE 0.325163291757 0.132581974925
283.65/124.81	MSE 0.158988500397 0.158988500397
283.65/124.81	Mean tau 0.327467941479 0.387831254507
283.65/124.81	(0.3157894736842105, '0_class_probability_max')
283.65/124.81	(0.8245614035087719, '1_class_probability_max')
283.65/124.81	(4.12280701754386, '1_landmark_random_node_learner')
283.65/124.81	(5.859649122807017, '1_skewness_min')
283.65/124.81	(6.052631578947368, '0_landmark_decision_tree')
283.65/124.81	(6.245614035087719, '0_skewness_min')
283.65/124.81	(6.666666666666667, '1_landmark_decision_tree')
283.65/124.81	(6.824561403508772, '0_class_entropy')
283.65/124.81	(7.245614035087719, '1_class_probability_std')
283.65/124.81	(8.035087719298245, '0_landmark_random_node_learner')
283.65/124.81	(8.421052631578947, '1_class_entropy')
283.65/124.81	(9.140350877192983, '0_class_probability_std')
283.65/124.81	(11.666666666666666, '1_landmark_naive_bayes')
283.65/124.81	(11.982456140350877, '0_landmark_naive_bayes')
283.65/124.81	(15.350877192982455, '1_landmark_1NN')
283.65/124.81	(18.385964912280702, '0_landmark_lda')
283.65/124.81	(18.614035087719298, '0_landmark_1NN')
283.65/124.81	(20.596491228070175, '0_log_number_of_features')
283.65/124.81	(21.0, '1_pca_skewness_first_pc')
283.65/124.81	(21.228070175438596, '0_pca_skewness_first_pc')
283.65/124.81	(22.17543859649123, '1_landmark_lda')
283.65/124.81	(22.80701754385965, '1_log_number_of_features')
283.65/124.81	(23.12280701754386, '0_number_of_features')
283.65/124.81	(24.19298245614035, '1_number_of_features')
283.65/124.81	(26.140350877192983, '1_kurtosis_std')
283.65/124.81	(28.05263157894737, '0_kurtosis_std')
283.65/124.81	(28.45614035087719, '0_kurtosis_min')
283.65/124.81	(30.473684210526315, '0_skewness_std')
283.65/124.81	(30.614035087719298, '1_skewness_max')
283.65/124.81	(31.140350877192983, '0_skewness_max')
283.65/124.81	(31.50877192982456, '0_symbols_sum')
283.65/124.81	(31.912280701754387, '1_kurtosis_min')
283.65/124.81	(31.94736842105263, '1_skewness_std')
283.65/124.81	(32.89473684210526, '0_number_of_numeric_features')
283.65/124.81	(34.50877192982456, '1_number_of_numeric_features')
283.65/124.81	(37.07017543859649, '1_symbols_sum')
283.65/124.81	(37.24561403508772, '1_number_of_categorical_features')
283.65/124.81	(37.50877192982456, '0_number_of_categorical_features')
283.65/124.81	(39.19298245614035, '1_landmark_decision_node_learner')
283.65/124.81	(40.87719298245614, '0_landmark_decision_node_learner')
283.65/124.81	(43.333333333333336, '0_kurtosis_max')
283.65/124.81	(44.50877192982456, '0_class_probability_min')
283.65/124.81	(44.50877192982456, '1_kurtosis_max')
283.65/124.81	(45.01754385964912, '1_pca_kurtosis_first_pc')
283.65/124.81	(45.94736842105263, '0_pca_kurtosis_first_pc')
283.65/124.81	(46.280701754385966, '0_pca_95%')
283.65/124.81	(47.14035087719298, '1_class_probability_min')
283.65/124.81	(47.36842105263158, '0_symbols_mean')
283.65/124.81	(49.0, '0_ratio_numerical_to_categorical')
283.65/124.81	(50.08771929824562, '1_ratio_numerical_to_categorical')
283.65/124.81	(50.59649122807018, '1_pca_95%')
283.65/124.81	(51.1578947368421, '0_skewness_mean')
283.65/124.81	(51.68421052631579, '1_skewness_mean')
283.65/124.81	(53.89473684210526, '0_number_of_instances')
283.65/124.81	(53.94736842105263, '0_log_number_of_instances')
283.65/124.81	(54.08771929824562, '1_number_of_instances')
283.65/124.81	(54.36842105263158, '1_log_number_of_instances')
283.65/124.81	(57.3859649122807, '1_symbols_mean')
283.65/124.81	(58.526315789473685, '0_dataset_ratio')
283.65/124.81	(58.80701754385965, '1_log_inverse_dataset_ratio')
283.65/124.81	(59.3859649122807, '1_dataset_ratio')
283.65/124.81	(59.8421052631579, '1_log_dataset_ratio')
283.65/124.81	(61.333333333333336, '0_kurtosis_mean')
283.65/124.81	(62.01754385964912, '0_inverse_dataset_ratio')
283.65/124.81	(62.07017543859649, '0_log_dataset_ratio')
283.65/124.81	(62.12280701754386, '1_inverse_dataset_ratio')
283.65/124.81	(62.35087719298246, '1_kurtosis_mean')
283.65/124.81	(63.24561403508772, '0_log_inverse_dataset_ratio')
283.65/124.81	(68.84210526315789, '0_symbols_min')
283.65/124.81	(68.94736842105263, '0_symbols_max')
283.65/124.81	(69.82456140350877, '0_percentage_of_features_with_missing_values')
283.65/124.81	(71.03508771929825, '1_symbols_min')
283.65/124.81	(71.12280701754386, '1_percentage_of_features_with_missing_values')
283.65/124.81	(71.42105263157895, '1_symbols_max')
283.65/124.81	(72.28070175438596, '1_percentage_of_missing_values')
283.65/124.81	(73.42105263157895, '0_percentage_of_missing_values')
283.65/124.81	(73.78947368421052, '1_symbols_std')
283.65/124.81	(74.0, '1_ratio_categorical_to_numerical')
283.65/124.81	(75.49122807017544, '1_class_probability_mean')
283.65/124.81	(76.01754385964912, '0_class_probability_mean')
283.65/124.81	(76.56140350877193, '0_ratio_categorical_to_numerical')
283.65/124.81	(76.7719298245614, '0_number_of_classes')
283.65/124.81	(77.3157894736842, '1_number_of_classes')
283.65/124.81	(77.63157894736842, '0_symbols_std')
283.65/124.81	(83.84210526315789, '0_number_of_missing_values')
283.65/124.81	(84.19298245614036, '0_percentage_of_Instances_with_missing_values')
283.65/124.81	(84.42105263157895, '1_number_of_Instances_with_missing_values')
283.65/124.81	(84.89473684210526, '0_number_of_Instances_with_missing_values')
283.65/124.81	(85.12280701754386, '1_number_of_missing_values')
283.65/124.81	(85.82456140350877, '0_number_of_features_with_missing_values')
283.65/124.81	(86.14035087719299, '1_percentage_of_Instances_with_missing_values')
283.65/124.81	(86.64912280701755, '1_number_of_features_with_missing_values')
283.65/124.81	Result for ParamILS: SAT, 123.105649, 1, 0.325163, -1, /home/feurerm/thesis/Software/pyMetaLearn/optimizers/metalearn_optimizer/learn_distances.py
