0.76/2.64	['/home/feurerm/thesis/Software/pyMetaLearn/optimizers/metalearn_optimizer/learn_distances.py', '--input_file', '/home/feurerm/thesis/experiments/2014_04_25_predict_distances/testfold_0-3_spearman_rank_perm.pkl', '--fold', '0', '--folds', '1', '--params', '-max_features', '0.889084386993', '-min_samples_leaf', '7', '-min_samples_split', '3', '-n_estimators', '24', '-n_jobs', '4', '-seed', '39']
0.76/2.65	Metafeatures (57, 46)
0.76/2.65	X (3192, 92)
0.76/2.65	Y (3192,)
0.76/2.65	Dataset Mae MSE Rho
4.07/3.73	vehicle 0.518672192195 0.346457738486 -0.277313763329
7.54/4.88	anneal.ORIG 0.764099415638 0.656882557616 -0.202005946481
11.02/6.01	segment 0.272203717694 0.0955413567844 0.768915434684
14.46/7.14	pendigits 0.360723393212 0.163530719865 0.384942531614
17.90/8.26	mushroom 0.236781447404 0.0686175281284 0.529298156955
21.39/9.63	labor 0.205785117698 0.0612257201891 0.508085356588
24.83/10.76	abalone 0.39803496074 0.203483795286 0.223660983943
28.18/12.06	diabetes 0.480571669639 0.324108916653 -0.0681972075319
31.56/13.20	car 0.722454384179 0.64486374569 -0.126374920118
34.96/14.44	autos 0.201227877739 0.0532963536134 0.48158217641
38.41/15.72	mfeat-fourier 0.650096861161 0.548382550189 -0.490632042812
41.78/16.85	primary-tumor 0.196967963207 0.0477809458196 0.623794362732
45.24/18.03	waveform-5000 0.23167110388 0.0721976417581 0.572080840433
48.73/19.15	credit-a 0.457787310729 0.287668518775 0.17162425213
52.18/20.31	letter 0.304394511319 0.120746662194 0.565293440631
55.71/21.43	postoperative-patient-data 0.451900505034 0.255023642302 -0.219136050742
59.13/22.79	vowel 0.474169293436 0.27264090352 0.0882361974228
62.55/23.94	eucalyptus 0.28895404111 0.110027084173 0.53555816531
66.03/25.23	cylinder-bands 0.279471160124 0.0937878828356 0.567879116746
69.44/26.35	ionosphere 0.416751324705 0.20890641459 -0.127344548661
72.89/27.48	mfeat-karhunen 0.250897365907 0.0869421779545 0.595028715953
76.32/28.63	balance-scale 0.26035897605 0.096804801721 0.296059915162
79.71/29.75	mfeat-morphological 0.48170649941 0.313434754479 -0.171301042616
83.17/30.89	liver-disorders 0.145543976523 0.0313288413856 0.519397689591
86.62/32.02	dermatology 0.212322635297 0.0571037444605 0.506469309016
90.07/33.25	vote 0.0761045373984 0.00964515859544 0.787015167489
93.53/34.39	breast-cancer 0.115583624277 0.0236159842293 0.546224079284
96.99/35.52	credit-g 0.615275595248 0.509598728588 -0.53264927968
100.45/36.64	soybean 0.111480608837 0.0179321285932 0.785722329431
103.88/37.86	arrhythmia 0.31569534128 0.124742710254 -0.118941101288
107.36/38.99	nursery 0.253536169085 0.0831019018659 0.629935343505
110.79/40.24	hepatitis 0.351255786098 0.172639141653 -0.135747996035
114.20/41.36	cmc 0.16561918401 0.0369878700338 0.657731361741
117.59/42.49	heart-c 0.234969146936 0.0731265395955 0.766976177598
120.97/43.61	glass 0.284858296243 0.101063954721 0.652560009511
124.59/44.83	braziltourism 0.735556590279 0.631611460315 -0.405304731019
128.00/45.98	iris 0.292267294602 0.113071940478 0.241437507234
131.47/47.14	heart-statlog 0.310467419811 0.128369934283 0.510671032703
135.00/48.28	page-blocks 0.561012505188 0.420084004129 -0.567232697718
138.45/49.44	breast-w 0.247111871662 0.0822191100359 0.405951150048
141.87/50.56	heart-h 0.12929665635 0.0240528586725 0.72495894073
145.30/51.68	yeast 0.33944278531 0.142179278704 0.521983365706
148.75/52.82	tae 0.382639245808 0.182276208884 -0.042017236868
152.20/53.97	haberman 0.281430008299 0.105242180044 0.0494510556985
155.66/55.12	mfeat-pixel 0.413210016131 0.212359177402 0.0662579504457
159.13/56.24	optdigits 0.253603174717 0.0816657805493 0.644479771652
162.61/57.44	mfeat-factors 0.248135515529 0.0806464357309 0.672168254893
166.10/58.58	satimage 0.333731335323 0.142086159658 0.12572850109
169.49/59.71	lymph 0.252356285601 0.0969201616531 0.410476083249
172.89/60.86	audiology 0.256826156545 0.0825088140323 0.532326070166
176.35/61.98	ecoli 0.407394775214 0.210713753614 0.137687253121
179.76/66.21	tic-tac-toe 0.184334267138 0.0482608830758 0.702980693753
183.30/67.52	spambase 0.379479651532 0.192256146309 0.542668774626
186.70/68.64	zoo 0.203270665846 0.0543266423095 0.523276203763
190.13/69.78	sonar 0.510468153782 0.318749666778 -0.152554890782
193.59/70.91	mfeat-zernike 0.217295241941 0.0682559245378 0.596321554011
197.05/72.03	kr-vs-kp 0.254568025966 0.0780722073271 0.50226758533
197.16/72.10	MAE 0.333014449755 0.157266312159
197.16/72.10	MSE 0.173143295528 0.173143295528
197.16/72.10	Mean tau 0.29891946327 0.377167617722
197.16/72.10	(0.24561403508771928, '0_class_probability_max')
197.16/72.10	(1.0526315789473684, '1_class_probability_max')
197.16/72.10	(2.43859649122807, '0_skewness_min')
197.16/72.10	(2.56140350877193, '1_skewness_min')
197.16/72.10	(7.035087719298246, '1_landmark_naive_bayes')
197.16/72.10	(7.105263157894737, '1_class_entropy')
197.16/72.10	(7.719298245614035, '0_landmark_naive_bayes')
197.16/72.10	(12.473684210526315, '1_pca_skewness_first_pc')
197.16/72.10	(13.789473684210526, '0_pca_skewness_first_pc')
197.16/72.10	(14.824561403508772, '1_landmark_lda')
197.16/72.10	(16.210526315789473, '0_landmark_lda')
197.16/72.10	(16.385964912280702, '1_class_probability_std')
197.16/72.10	(17.912280701754387, '1_landmark_decision_tree')
197.16/72.10	(19.087719298245613, '0_class_probability_std')
197.16/72.10	(20.49122807017544, '1_kurtosis_min')
197.16/72.10	(23.596491228070175, '0_landmark_decision_tree')
197.16/72.10	(23.649122807017545, '0_skewness_max')
197.16/72.10	(25.105263157894736, '0_class_entropy')
197.16/72.10	(27.771929824561404, '0_landmark_1NN')
197.16/72.10	(27.789473684210527, '1_class_probability_min')
197.16/72.10	(28.017543859649123, '1_landmark_1NN')
197.16/72.10	(28.140350877192983, '0_kurtosis_min')
197.16/72.10	(28.596491228070175, '0_kurtosis_max')
197.16/72.10	(28.771929824561404, '1_number_of_numeric_features')
197.16/72.10	(28.94736842105263, '0_class_probability_min')
197.16/72.10	(30.017543859649123, '0_kurtosis_std')
197.16/72.10	(30.473684210526315, '1_skewness_max')
197.16/72.10	(31.228070175438596, '0_number_of_numeric_features')
197.16/72.10	(31.68421052631579, '1_kurtosis_std')
197.16/72.10	(31.771929824561404, '0_number_of_instances')
197.16/72.10	(32.59649122807018, '1_number_of_features')
197.16/72.10	(35.54385964912281, '1_log_number_of_instances')
197.16/72.10	(35.73684210526316, '1_kurtosis_max')
197.16/72.10	(36.0, '0_number_of_features')
197.16/72.10	(36.10526315789474, '1_number_of_instances')
197.16/72.10	(36.26315789473684, '0_log_number_of_instances')
197.16/72.10	(36.31578947368421, '1_skewness_std')
197.16/72.10	(36.73684210526316, '1_skewness_mean')
197.16/72.10	(37.175438596491226, '0_skewness_mean')
197.16/72.10	(37.35087719298246, '1_log_number_of_features')
197.16/72.10	(37.719298245614034, '0_log_number_of_features')
197.16/72.10	(38.50877192982456, '0_landmark_decision_node_learner')
197.16/72.10	(40.31578947368421, '0_symbols_mean')
197.16/72.10	(40.719298245614034, '1_pca_kurtosis_first_pc')
197.16/72.10	(41.24561403508772, '1_symbols_mean')
197.16/72.10	(41.26315789473684, '1_landmark_decision_node_learner')
197.16/72.10	(41.333333333333336, '0_pca_kurtosis_first_pc')
197.16/72.10	(42.175438596491226, '0_skewness_std')
197.16/72.10	(45.14035087719298, '1_landmark_random_node_learner')
197.16/72.10	(47.175438596491226, '0_landmark_random_node_learner')
197.16/72.10	(47.526315789473685, '0_pca_95%')
197.16/72.10	(47.63157894736842, '1_symbols_min')
197.16/72.10	(47.96491228070175, '0_symbols_min')
197.16/72.10	(48.666666666666664, '1_pca_95%')
197.16/72.10	(49.8421052631579, '0_log_inverse_dataset_ratio')
197.16/72.10	(50.36842105263158, '1_dataset_ratio')
197.16/72.10	(50.80701754385965, '0_log_dataset_ratio')
197.16/72.10	(52.228070175438596, '1_log_dataset_ratio')
197.16/72.10	(52.8421052631579, '0_inverse_dataset_ratio')
197.16/72.10	(53.03508771929825, '0_dataset_ratio')
197.16/72.10	(53.59649122807018, '1_log_inverse_dataset_ratio')
197.16/72.10	(54.85964912280702, '1_inverse_dataset_ratio')
197.16/72.10	(55.98245614035088, '1_ratio_numerical_to_categorical')
197.16/72.10	(56.473684210526315, '0_symbols_sum')
197.16/72.10	(56.6140350877193, '1_number_of_categorical_features')
197.16/72.10	(58.75438596491228, '0_ratio_numerical_to_categorical')
197.16/72.10	(58.771929824561404, '1_symbols_sum')
197.16/72.10	(63.3859649122807, '0_number_of_categorical_features')
197.16/72.10	(64.08771929824562, '1_kurtosis_mean')
197.16/72.10	(64.33333333333333, '0_kurtosis_mean')
197.16/72.10	(70.0, '1_ratio_categorical_to_numerical')
197.16/72.10	(70.21052631578948, '1_class_probability_mean')
197.16/72.10	(72.10526315789474, '0_ratio_categorical_to_numerical')
197.16/72.10	(74.26315789473684, '1_number_of_classes')
197.16/72.10	(74.28070175438596, '0_class_probability_mean')
197.16/72.10	(74.63157894736842, '0_symbols_max')
197.16/72.10	(75.10526315789474, '0_number_of_classes')
197.16/72.10	(75.89473684210526, '1_symbols_max')
197.16/72.10	(76.71929824561404, '1_symbols_std')
197.16/72.10	(77.84210526315789, '0_symbols_std')
197.16/72.10	(77.91228070175438, '1_percentage_of_features_with_missing_values')
197.16/72.10	(80.42105263157895, '0_number_of_Instances_with_missing_values')
197.16/72.10	(81.19298245614036, '1_number_of_Instances_with_missing_values')
197.16/72.10	(81.47368421052632, '0_percentage_of_features_with_missing_values')
197.16/72.10	(82.19298245614036, '1_percentage_of_Instances_with_missing_values')
197.16/72.10	(82.98245614035088, '0_percentage_of_Instances_with_missing_values')
197.16/72.10	(83.52631578947368, '0_number_of_missing_values')
197.16/72.10	(83.89473684210526, '1_percentage_of_missing_values')
197.16/72.10	(84.12280701754386, '1_number_of_missing_values')
197.16/72.10	(84.80701754385964, '0_percentage_of_missing_values')
197.16/72.10	(86.84210526315789, '0_number_of_features_with_missing_values')
197.16/72.10	(87.49122807017544, '1_number_of_features_with_missing_values')
197.16/72.10	Result for ParamILS: SAT, 69.460026, 1, 0.333014, -1, /home/feurerm/thesis/Software/pyMetaLearn/optimizers/metalearn_optimizer/learn_distances.py
