0.76/1.04	['/home/feurerm/thesis/Software/pyMetaLearn/optimizers/metalearn_optimizer/learn_distances.py', '--input_file', '/home/feurerm/thesis/experiments/2014_04_25_predict_distances/testfold_0-3_spearman_rank_perm.pkl', '--fold', '0', '--folds', '1', '--params', '-max_features', '0.30843416136', '-min_samples_leaf', '7', '-min_samples_split', '4', '-n_estimators', '87', '-n_jobs', '4', '-seed', '5']
0.76/1.05	Metafeatures (57, 46)
0.76/1.05	X (3192, 92)
0.76/1.05	Y (3192,)
0.76/1.05	Dataset Mae MSE Rho
5.15/2.40	vehicle 0.3955011898 0.19757388154 0.149322795639
9.92/4.02	anneal.ORIG 0.542578973091 0.34224305291 0.304140153021
14.71/5.63	segment 0.295428854257 0.111882436969 0.686173799005
19.38/7.45	pendigits 0.381499310822 0.172492383822 0.34324850426
24.08/9.05	mushroom 0.20691669177 0.0517803257965 0.606664258471
28.84/10.67	labor 0.199150851859 0.0539509573201 0.738533740333
33.56/12.28	abalone 0.41949678345 0.22138137478 0.173240299702
38.39/13.89	diabetes 0.479888574716 0.317465276514 -0.0336137894944
43.16/15.51	car 0.48782524312 0.345385843712 -0.0303816943507
47.88/17.14	autos 0.221439530725 0.0631630829346 0.617976591474
52.70/18.74	mfeat-fourier 0.64565477993 0.544290538972 -0.488369576212
57.45/20.38	primary-tumor 0.212575683264 0.0537266365132 0.594382296925
62.18/21.99	waveform-5000 0.263530457134 0.0926939410974 0.523599413278
66.89/23.62	credit-a 0.41047120543 0.238716359212 0.245962440435
71.67/25.22	letter 0.283398356888 0.105205847293 0.700718227152
76.54/26.83	postoperative-patient-data 0.438711510074 0.233557581899 -0.40982966422
81.22/28.44	vowel 0.514445721915 0.329110788396 -0.0562384555002
85.93/30.06	eucalyptus 0.305297573854 0.120940658919 0.461219977005
90.65/31.69	cylinder-bands 0.273057715893 0.0879534187964 0.634460276706
95.54/33.30	ionosphere 0.428161059509 0.21281688047 -0.108598396828
100.17/34.92	mfeat-karhunen 0.274215628235 0.100253914029 0.557213202772
104.92/36.53	balance-scale 0.185087276384 0.0506919344036 0.677123932603
109.57/38.16	mfeat-morphological 0.472683634816 0.298305020327 -0.183583004162
114.30/39.71	liver-disorders 0.236277113123 0.0766569112961 0.48158217641
119.04/41.33	dermatology 0.204011352812 0.0535560120946 0.527154717936
123.79/42.96	vote 0.0728746550334 0.00878172536913 0.796065033891
128.64/44.60	breast-cancer 0.194774080556 0.0548510579533 0.231418012288
133.57/46.24	credit-g 0.505239177928 0.345677628091 -0.437302472941
138.34/47.87	soybean 0.118910721871 0.0192546170814 0.844546461046
143.09/49.49	arrhythmia 0.281995641536 0.10060423084 -0.00258567611495
147.94/51.12	nursery 0.24326302054 0.0765428070029 0.651913590482
152.67/52.76	hepatitis 0.435968336667 0.262802357419 -0.363287494151
157.28/54.38	cmc 0.185385772623 0.0418105878766 0.721726845586
161.98/56.00	heart-c 0.286953206252 0.107832209164 0.656115314169
166.71/57.62	glass 0.359588171059 0.157134936859 0.353914418234
171.45/59.24	braziltourism 0.575301031902 0.409160477464 -0.487399947669
176.21/60.87	iris 0.323987626695 0.142151209382 0.160635128641
180.84/62.52	heart-statlog 0.367323957475 0.183221975938 0.566586278689
185.76/64.17	page-blocks 0.516788746588 0.360840879584 -0.234973316946
190.57/65.78	breast-w 0.233842648931 0.0750837902252 0.563030974031
195.39/67.43	heart-h 0.176129057168 0.0388408370017 0.723019683644
200.19/69.05	yeast 0.37095445387 0.17041046823 0.439241730028
204.94/70.68	tae 0.351758072023 0.153645975053 0.0646419028738
209.78/72.29	haberman 0.27533523178 0.103206419072 0.117001844202
214.59/73.94	mfeat-pixel 0.383884652682 0.179678228249 0.142212186322
219.31/75.55	optdigits 0.241787646559 0.0715918433231 0.704919950839
224.04/77.15	mfeat-factors 0.261323697913 0.0920799095912 0.657084942712
228.76/78.76	satimage 0.358772088456 0.15727972561 0.0688436265606
233.49/80.36	lymph 0.269766856278 0.10017714941 0.503237213873
238.17/82.07	audiology 0.279225341063 0.0976202721016 0.537497422396
242.89/83.68	ecoli 0.43169282205 0.236854786701 0.0161604757185
247.58/85.21	tic-tac-toe 0.198789454771 0.057250301793 0.742089044991
252.42/86.81	spambase 0.396892630224 0.203960263939 0.716878702871
257.10/88.44	zoo 0.165833007733 0.0382979140158 0.716878702871
261.85/90.28	sonar 0.5338683436 0.35766637429 -0.36393391318
266.51/91.89	mfeat-zernike 0.244378213962 0.083654048984 0.4993586997
271.35/93.50	kr-vs-kp 0.220517200978 0.0603619612025 0.587594897123
271.54/93.75	MAE 0.327024748064 0.124845703257
271.54/93.75	MSE 0.15831793033 0.15831793033
271.54/93.75	Mean tau 0.326407587459 0.379364981005
271.54/93.75	(0.05263157894736842, '0_class_probability_max')
271.54/93.75	(0.9649122807017544, '1_class_probability_max')
271.54/93.75	(4.368421052631579, '1_skewness_min')
271.54/93.75	(4.631578947368421, '0_skewness_min')
271.54/93.75	(5.4035087719298245, '1_landmark_decision_tree')
271.54/93.75	(5.982456140350878, '0_landmark_decision_tree')
271.54/93.75	(6.105263157894737, '1_landmark_random_node_learner')
271.54/93.75	(6.9298245614035086, '1_class_probability_std')
271.54/93.75	(7.333333333333333, '0_class_probability_std')
271.54/93.75	(9.228070175438596, '1_class_entropy')
271.54/93.75	(9.912280701754385, '0_class_entropy')
271.54/93.75	(10.491228070175438, '0_landmark_naive_bayes')
271.54/93.75	(10.631578947368421, '0_landmark_random_node_learner')
271.54/93.75	(11.263157894736842, '1_landmark_naive_bayes')
271.54/93.75	(17.80701754385965, '0_landmark_1NN')
271.54/93.75	(18.771929824561404, '1_landmark_1NN')
271.54/93.75	(19.57894736842105, '1_pca_skewness_first_pc')
271.54/93.75	(21.035087719298247, '0_pca_skewness_first_pc')
271.54/93.75	(21.43859649122807, '1_landmark_lda')
271.54/93.75	(23.49122807017544, '1_log_number_of_features')
271.54/93.75	(24.43859649122807, '1_number_of_features')
271.54/93.75	(24.614035087719298, '1_kurtosis_std')
271.54/93.75	(24.63157894736842, '0_kurtosis_std')
271.54/93.75	(24.771929824561404, '0_log_number_of_features')
271.54/93.75	(25.263157894736842, '0_skewness_max')
271.54/93.75	(25.50877192982456, '0_skewness_std')
271.54/93.75	(25.57894736842105, '1_skewness_max')
271.54/93.75	(26.29824561403509, '0_number_of_features')
271.54/93.75	(28.31578947368421, '0_kurtosis_min')
271.54/93.75	(28.68421052631579, '0_landmark_lda')
271.54/93.75	(30.333333333333332, '1_kurtosis_min')
271.54/93.75	(31.964912280701753, '1_skewness_std')
271.54/93.75	(32.14035087719298, '1_symbols_sum')
271.54/93.75	(32.85964912280702, '1_number_of_numeric_features')
271.54/93.75	(33.280701754385966, '0_number_of_numeric_features')
271.54/93.75	(35.228070175438596, '0_symbols_sum')
271.54/93.75	(38.01754385964912, '0_number_of_categorical_features')
271.54/93.75	(38.80701754385965, '1_landmark_decision_node_learner')
271.54/93.75	(38.85964912280702, '0_landmark_decision_node_learner')
271.54/93.75	(40.59649122807018, '1_kurtosis_max')
271.54/93.75	(41.80701754385965, '0_kurtosis_max')
271.54/93.75	(42.280701754385966, '1_number_of_categorical_features')
271.54/93.75	(43.280701754385966, '1_ratio_numerical_to_categorical')
271.54/93.75	(45.14035087719298, '0_class_probability_min')
271.54/93.75	(45.73684210526316, '1_class_probability_min')
271.54/93.75	(46.14035087719298, '1_pca_kurtosis_first_pc')
271.54/93.75	(46.29824561403509, '0_pca_kurtosis_first_pc')
271.54/93.75	(47.21052631578947, '0_pca_95%')
271.54/93.75	(50.50877192982456, '1_pca_95%')
271.54/93.75	(50.6140350877193, '0_ratio_numerical_to_categorical')
271.54/93.75	(51.1578947368421, '1_log_number_of_instances')
271.54/93.75	(51.24561403508772, '0_log_number_of_instances')
271.54/93.75	(51.719298245614034, '0_symbols_mean')
271.54/93.75	(52.64912280701754, '1_number_of_instances')
271.54/93.75	(53.80701754385965, '0_number_of_instances')
271.54/93.75	(54.29824561403509, '0_skewness_mean')
271.54/93.75	(54.80701754385965, '1_symbols_mean')
271.54/93.75	(57.0, '1_skewness_mean')
271.54/93.75	(58.56140350877193, '0_inverse_dataset_ratio')
271.54/93.75	(58.64912280701754, '1_log_dataset_ratio')
271.54/93.75	(60.75438596491228, '1_log_inverse_dataset_ratio')
271.54/93.75	(61.0, '1_inverse_dataset_ratio')
271.54/93.75	(61.40350877192982, '1_kurtosis_mean')
271.54/93.75	(61.45614035087719, '0_log_inverse_dataset_ratio')
271.54/93.75	(61.75438596491228, '1_dataset_ratio')
271.54/93.75	(61.80701754385965, '0_log_dataset_ratio')
271.54/93.75	(62.64912280701754, '0_dataset_ratio')
271.54/93.75	(63.98245614035088, '0_kurtosis_mean')
271.54/93.75	(65.24561403508773, '1_symbols_min')
271.54/93.75	(67.17543859649123, '0_symbols_max')
271.54/93.75	(69.10526315789474, '0_symbols_min')
271.54/93.75	(69.6140350877193, '1_symbols_max')
271.54/93.75	(70.73684210526316, '1_percentage_of_features_with_missing_values')
271.54/93.75	(72.87719298245614, '0_percentage_of_features_with_missing_values')
271.54/93.75	(74.05263157894737, '0_ratio_categorical_to_numerical')
271.54/93.75	(75.84210526315789, '1_percentage_of_missing_values')
271.54/93.75	(76.35087719298245, '0_percentage_of_missing_values')
271.54/93.75	(76.40350877192982, '1_ratio_categorical_to_numerical')
271.54/93.75	(76.47368421052632, '0_number_of_classes')
271.54/93.75	(76.87719298245614, '0_class_probability_mean')
271.54/93.75	(77.0701754385965, '0_symbols_std')
271.54/93.75	(77.43859649122807, '1_number_of_classes')
271.54/93.75	(77.98245614035088, '1_symbols_std')
271.54/93.75	(79.3157894736842, '1_class_probability_mean')
271.54/93.75	(84.59649122807018, '1_number_of_missing_values')
271.54/93.75	(84.63157894736842, '0_number_of_Instances_with_missing_values')
271.54/93.75	(84.71929824561404, '0_number_of_features_with_missing_values')
271.54/93.75	(84.84210526315789, '1_percentage_of_Instances_with_missing_values')
271.54/93.75	(85.01754385964912, '1_number_of_Instances_with_missing_values')
271.54/93.75	(85.26315789473684, '0_number_of_missing_values')
271.54/93.75	(85.40350877192982, '1_number_of_features_with_missing_values')
271.54/93.75	(85.63157894736842, '0_percentage_of_Instances_with_missing_values')
271.54/93.75	Result for ParamILS: SAT, 92.717364, 1, 0.327025, -1, /home/feurerm/thesis/Software/pyMetaLearn/optimizers/metalearn_optimizer/learn_distances.py
