0.68/0.89	['/home/feurerm/thesis/Software/pyMetaLearn/optimizers/metalearn_optimizer/learn_distances.py', '--input_file', '/home/feurerm/thesis/experiments/2014_04_25_predict_distances/testfold_0-3_spearman_rank_perm.pkl', '--fold', '0', '--folds', '1', '--params', '-max_features', '0.540600382362', '-min_samples_leaf', '5', '-min_samples_split', '3', '-n_estimators', '9', '-n_jobs', '4', '-seed', '51']
0.77/0.90	Metafeatures (57, 46)
0.77/0.90	X (3192, 92)
0.77/0.90	Y (3192,)
0.77/0.90	Dataset Mae MSE Rho
1.63/1.35	vehicle 0.493522778943 0.324734483294 -0.199420270366
2.55/1.83	anneal.ORIG 0.633045990112 0.475795154727 -0.12848611749
3.51/2.30	segment 0.266939339242 0.0937627154618 0.689405894149
4.50/2.78	pendigits 0.396689158601 0.188003553552 0.308018667194
5.42/3.26	mushroom 0.207718797014 0.0559867546939 0.604725001384
6.38/3.74	labor 0.17981037285 0.0451337243882 0.639308419422
7.33/4.22	abalone 0.428927292479 0.240042769863 0.0981019790142
8.25/4.69	diabetes 0.511900317768 0.353271747562 -0.0300584848363
9.17/5.18	car 0.699651635008 0.623683678755 -0.0782167024773
10.11/5.65	autos 0.225229560127 0.0698599864797 0.478673290781
11.05/6.12	mfeat-fourier 0.685679536012 0.613457737331 -0.499035490186
11.97/6.60	primary-tumor 0.197977008156 0.0535940878474 0.570464792861
12.91/7.08	waveform-5000 0.28979594051 0.116093892884 0.394638817045
13.84/7.55	credit-a 0.400959326466 0.235799508147 0.338400361544
14.78/8.03	letter 0.288468814047 0.105252330074 0.504206842416
15.72/8.51	postoperative-patient-data 0.462151306506 0.267117708529 -0.23967913489
16.67/8.99	vowel 0.515914612267 0.341573290053 -0.0699804891485
17.64/9.47	eucalyptus 0.273106582249 0.10117607296 0.524245832307
18.59/9.95	cylinder-bands 0.293634747158 0.1085093562 0.470593052921
19.54/10.43	ionosphere 0.445044544352 0.243316158069 -0.0480004740811
20.49/10.91	mfeat-karhunen 0.246574495385 0.088461320937 0.570788002376
21.41/11.38	balance-scale 0.198413254924 0.0530124651451 0.53038681308
22.31/11.86	mfeat-morphological 0.500208962391 0.332484176489 -0.165806480871
23.26/12.34	liver-disorders 0.163517493404 0.0445952926313 0.520367318134
24.22/12.82	dermatology 0.219375669592 0.0614755828706 0.483521433496
25.21/13.30	vote 0.0906133048575 0.0131266341966 0.716451520544
26.12/13.77	breast-cancer 0.198501648188 0.0604224966543 0.259860449553
27.09/14.25	credit-g 0.494234536462 0.34207422204 -0.265678220811
28.02/14.73	soybean 0.118463503634 0.0205617244774 0.767622596626
28.97/15.21	arrhythmia 0.273853674952 0.105736760247 0.134131948463
29.88/15.68	nursery 0.204190077405 0.056847036087 0.699748598609
30.80/16.16	hepatitis 0.32613675114 0.153058089421 0.131223062834
31.74/16.64	cmc 0.1771165817 0.0440226496634 0.578868240235
32.68/17.12	heart-c 0.264990933676 0.0941958484883 0.660317037856
33.62/17.60	glass 0.379783567455 0.1847845234 0.18940077542
34.55/18.07	braziltourism 0.616354724061 0.476467757721 -0.324825561941
35.51/18.56	iris 0.312258127368 0.133159213903 0.102780625569
36.41/19.03	heart-statlog 0.375161306368 0.211256118628 0.302200895935
37.38/19.51	page-blocks 0.552047239527 0.419027851426 -0.402395845389
38.31/19.99	breast-w 0.237528081179 0.0780966753933 0.428252606539
39.21/20.46	heart-h 0.154702660246 0.0354392187833 0.638662000393
40.18/20.94	yeast 0.32714462462 0.139656097992 0.550749012485
41.14/21.42	tae 0.392657069895 0.19571085287 -0.0762774453911
42.07/21.90	haberman 0.289752768144 0.107880457045 -0.00856574116599
42.99/22.38	mfeat-pixel 0.38875402318 0.191399628075 0.130899853319
43.95/22.86	optdigits 0.23386613395 0.0735475895368 0.614421286816
44.89/23.33	mfeat-factors 0.254473152941 0.0921755009343 0.601816115755
45.83/23.81	satimage 0.368462240388 0.175695231614 0.137040834092
46.77/24.29	lymph 0.263237085546 0.104756115712 0.325795190484
47.71/24.78	audiology 0.278203213797 0.0998204225393 0.412092130821
48.64/25.26	ecoli 0.407231976576 0.213923471698 0.164190433299
49.58/25.74	tic-tac-toe 0.14321267092 0.0311170484519 0.753724587509
50.54/26.22	spambase 0.42550613806 0.227415131652 0.58888773518
51.46/26.69	zoo 0.165254226435 0.0363840748516 0.660963456885
52.39/27.17	sonar 0.557098955944 0.385763111256 -0.280545858472
53.32/27.65	mfeat-zernike 0.206631743071 0.0708768501789 0.614421286816
54.26/28.12	kr-vs-kp 0.181450638548 0.0437028142117 0.691239150319
54.26/28.15	MAE 0.331282998523 0.147322694575
54.26/28.15	MSE 0.172882364352 0.172882364352
54.26/28.15	Mean tau 0.294116414613 0.343398205061
54.26/28.15	(0.03508771929824561, '1_class_probability_max')
54.26/28.15	(1.1403508771929824, '0_class_probability_max')
54.26/28.15	(2.1403508771929824, '1_skewness_min')
54.26/28.15	(4.12280701754386, '0_skewness_min')
54.26/28.15	(7.9298245614035086, '0_class_entropy')
54.26/28.15	(8.035087719298245, '0_class_probability_std')
54.26/28.15	(9.912280701754385, '0_landmark_decision_tree')
54.26/28.15	(10.456140350877194, '0_landmark_naive_bayes')
54.26/28.15	(13.280701754385966, '1_class_probability_std')
54.26/28.15	(14.333333333333334, '1_landmark_naive_bayes')
54.26/28.15	(18.05263157894737, '1_landmark_decision_tree')
54.26/28.15	(20.842105263157894, '0_pca_skewness_first_pc')
54.26/28.15	(22.140350877192983, '1_pca_skewness_first_pc')
54.26/28.15	(23.54385964912281, '1_class_entropy')
54.26/28.15	(23.80701754385965, '0_landmark_random_node_learner')
54.26/28.15	(24.17543859649123, '1_skewness_max')
54.26/28.15	(24.42105263157895, '0_skewness_max')
54.26/28.15	(25.842105263157894, '0_kurtosis_min')
54.26/28.15	(25.94736842105263, '1_kurtosis_std')
54.26/28.15	(26.333333333333332, '1_kurtosis_min')
54.26/28.15	(26.526315789473685, '1_landmark_lda')
54.26/28.15	(26.57894736842105, '0_number_of_features')
54.26/28.15	(29.05263157894737, '0_landmark_lda')
54.26/28.15	(29.29824561403509, '0_log_number_of_features')
54.26/28.15	(30.719298245614034, '0_landmark_1NN')
54.26/28.15	(31.42105263157895, '1_landmark_1NN')
54.26/28.15	(31.596491228070175, '1_kurtosis_max')
54.26/28.15	(32.526315789473685, '0_number_of_numeric_features')
54.26/28.15	(32.719298245614034, '1_number_of_features')
54.26/28.15	(33.6140350877193, '1_log_number_of_features')
54.26/28.15	(33.771929824561404, '1_class_probability_min')
54.26/28.15	(34.421052631578945, '0_skewness_std')
54.26/28.15	(34.87719298245614, '1_skewness_std')
54.26/28.15	(35.473684210526315, '1_number_of_numeric_features')
54.26/28.15	(36.19298245614035, '0_class_probability_min')
54.26/28.15	(36.824561403508774, '0_kurtosis_std')
54.26/28.15	(37.54385964912281, '0_number_of_instances')
54.26/28.15	(37.56140350877193, '0_kurtosis_max')
54.26/28.15	(38.719298245614034, '1_landmark_decision_node_learner')
54.26/28.15	(38.8421052631579, '0_landmark_decision_node_learner')
54.26/28.15	(39.45614035087719, '1_log_number_of_instances')
54.26/28.15	(41.824561403508774, '0_log_number_of_instances')
54.26/28.15	(43.01754385964912, '1_number_of_instances')
54.26/28.15	(43.29824561403509, '1_landmark_random_node_learner')
54.26/28.15	(43.771929824561404, '1_log_inverse_dataset_ratio')
54.26/28.15	(44.228070175438596, '1_skewness_mean')
54.26/28.15	(45.03508771929825, '0_number_of_categorical_features')
54.26/28.15	(45.80701754385965, '0_pca_95%')
54.26/28.15	(45.8421052631579, '0_pca_kurtosis_first_pc')
54.26/28.15	(46.35087719298246, '1_pca_kurtosis_first_pc')
54.26/28.15	(46.8421052631579, '1_pca_95%')
54.26/28.15	(47.89473684210526, '0_symbols_mean')
54.26/28.15	(48.70175438596491, '0_skewness_mean')
54.26/28.15	(48.85964912280702, '1_log_dataset_ratio')
54.26/28.15	(49.80701754385965, '1_inverse_dataset_ratio')
54.26/28.15	(50.333333333333336, '0_log_inverse_dataset_ratio')
54.26/28.15	(51.49122807017544, '0_symbols_sum')
54.26/28.15	(52.07017543859649, '1_dataset_ratio')
54.26/28.15	(52.6140350877193, '1_symbols_sum')
54.26/28.15	(53.08771929824562, '0_dataset_ratio')
54.26/28.15	(54.280701754385966, '0_log_dataset_ratio')
54.26/28.15	(54.40350877192982, '0_inverse_dataset_ratio')
54.26/28.15	(54.94736842105263, '1_symbols_mean')
54.26/28.15	(55.228070175438596, '1_symbols_min')
54.26/28.15	(56.29824561403509, '0_ratio_numerical_to_categorical')
54.26/28.15	(59.80701754385965, '0_kurtosis_mean')
54.26/28.15	(61.96491228070175, '1_number_of_categorical_features')
54.26/28.15	(62.21052631578947, '1_kurtosis_mean')
54.26/28.15	(63.70175438596491, '1_ratio_numerical_to_categorical')
54.26/28.15	(65.6842105263158, '0_ratio_categorical_to_numerical')
54.26/28.15	(67.56140350877193, '0_symbols_min')
54.26/28.15	(69.17543859649123, '1_ratio_categorical_to_numerical')
54.26/28.15	(70.0701754385965, '0_class_probability_mean')
54.26/28.15	(70.78947368421052, '1_number_of_classes')
54.26/28.15	(71.17543859649123, '0_symbols_std')
54.26/28.15	(71.28070175438596, '0_percentage_of_features_with_missing_values')
54.26/28.15	(72.33333333333333, '0_number_of_classes')
54.26/28.15	(72.64912280701755, '0_symbols_max')
54.26/28.15	(73.15789473684211, '1_symbols_std')
54.26/28.15	(73.80701754385964, '1_symbols_max')
54.26/28.15	(74.50877192982456, '1_class_probability_mean')
54.26/28.15	(77.08771929824562, '1_percentage_of_features_with_missing_values')
54.26/28.15	(78.35087719298245, '0_number_of_Instances_with_missing_values')
54.26/28.15	(80.15789473684211, '0_percentage_of_missing_values')
54.26/28.15	(80.28070175438596, '0_percentage_of_Instances_with_missing_values')
54.26/28.15	(81.29824561403508, '1_percentage_of_Instances_with_missing_values')
54.26/28.15	(81.89473684210526, '0_number_of_missing_values')
54.26/28.15	(81.98245614035088, '1_number_of_missing_values')
54.26/28.15	(82.17543859649123, '1_number_of_Instances_with_missing_values')
54.26/28.15	(83.64912280701755, '0_number_of_features_with_missing_values')
54.26/28.15	(83.9298245614035, '1_percentage_of_missing_values')
54.26/28.15	(85.05263157894737, '1_number_of_features_with_missing_values')
54.26/28.15	Result for ParamILS: SAT, 27.265840, 1, 0.331283, -1, /home/feurerm/thesis/Software/pyMetaLearn/optimizers/metalearn_optimizer/learn_distances.py
