0.72/1.93	['/home/feurerm/thesis/Software/pyMetaLearn/optimizers/metalearn_optimizer/learn_distances.py', '--input_file', '/home/feurerm/thesis/experiments/2014_04_25_predict_distances/testfold_0-3_spearman_rank_perm.pkl', '--fold', '0', '--folds', '1', '--params', '-max_features', '0.548321191746', '-min_samples_leaf', '4', '-min_samples_split', '5', '-n_estimators', '12', '-n_jobs', '4', '-seed', '90']
0.72/1.95	Metafeatures (57, 46)
0.72/1.95	X (3192, 92)
0.72/1.95	Y (3192,)
0.72/1.95	Dataset Mae MSE Rho
1.95/2.71	vehicle 0.510745325506 0.337444588677 -0.192632870564
3.19/3.33	anneal.ORIG 0.612356080684 0.434970108618 -0.113769749058
4.50/6.29	segment 0.274232153861 0.102601566926 0.658054571255
5.79/7.91	pendigits 0.382119602974 0.17819134087 0.359085770464
7.15/8.50	mushroom 0.199611848594 0.0511657104765 0.616248510678
8.42/9.08	labor 0.213961738693 0.0695613677583 0.441180987114
9.73/9.71	abalone 0.371106834635 0.179357661377 0.364903541723
11.06/10.32	diabetes 0.509379593623 0.361579023055 -0.175179556788
12.32/10.88	car 0.533965040565 0.423526832446 -0.0559152459858
13.58/11.67	autos 0.185213779023 0.049111256772 0.590180573238
14.87/16.26	mfeat-fourier 0.667464696215 0.585797208088 -0.516165594447
16.15/17.02	primary-tumor 0.190789193784 0.0493264675645 0.576605773634
17.46/17.61	waveform-5000 0.239851013803 0.0788549720605 0.58662526858
18.71/18.36	credit-a 0.421764120005 0.250857360572 0.244346392863
20.00/19.06	letter 0.259729113662 0.094023528686 0.513579918332
21.36/19.71	postoperative-patient-data 0.501974477957 0.340426099766 -0.201682736966
22.64/20.32	vowel 0.519764114659 0.344814849365 -0.018422942319
23.88/20.92	eucalyptus 0.267073936367 0.0968175906423 0.552041850542
25.17/21.62	cylinder-bands 0.268963337353 0.0873056607223 0.53782063191
26.51/22.41	ionosphere 0.456200482865 0.246446023025 -0.142858605351
27.81/23.03	mfeat-karhunen 0.243724619929 0.0922200309573 0.532002860651
29.12/28.78	balance-scale 0.244845644461 0.0872461050274 0.379771179384
30.39/29.38	mfeat-morphological 0.519815610857 0.367513087709 -0.271819201584
31.63/29.87	liver-disorders 0.203065176854 0.0557886196701 0.48158217641
32.95/30.47	dermatology 0.209541926791 0.0571535769491 0.493540928442
34.30/31.14	vote 0.0887068044099 0.0127253359349 0.754047797023
35.61/31.96	breast-cancer 0.223159499192 0.0729220961584 0.0827416356785
36.92/35.70	credit-g 0.534840143512 0.369905679484 -0.186815099305
38.16/36.29	soybean 0.125703863678 0.023062636336 0.74790681625
39.47/36.89	arrhythmia 0.353613789354 0.148936622306 -0.191986451535
40.74/37.82	nursery 0.226371566353 0.0681036472168 0.670336532801
42.01/42.15	hepatitis 0.439782940809 0.275006678005 -0.329996914171
43.30/42.74	cmc 0.206082711828 0.0639820152948 0.468977005349
44.62/43.33	heart-c 0.259028107287 0.0918831407969 0.62734966739
45.92/44.20	glass 0.362272590167 0.157364035127 0.302200895935
47.17/44.86	braziltourism 0.699709094009 0.599474000331 -0.490632042812
48.48/45.77	iris 0.323439335644 0.142924307919 0.0888826164515
49.73/46.45	heart-statlog 0.374117642139 0.191474464477 0.317068533596
51.10/47.03	page-blocks 0.665018424629 0.579098827861 -0.471562681464
52.40/47.62	breast-w 0.305553055992 0.133117293341 0.423081254309
53.70/48.55	heart-h 0.160319489208 0.0358509965547 0.667104437658
55.02/49.37	yeast 0.33285017285 0.157144874064 0.393992398016
56.32/50.51	tae 0.356650095331 0.163726875555 -0.0397547702674
57.61/51.16	haberman 0.311531324972 0.12648242285 -0.0300584848363
58.93/51.84	mfeat-pixel 0.369056970071 0.175435933954 0.171301042616
60.26/54.29	optdigits 0.203747559927 0.0612332316513 0.691021941721
61.58/54.88	mfeat-factors 0.280370504458 0.111028055164 0.475764405151
62.88/55.47	satimage 0.350607849224 0.16129732255 0.107305558771
64.17/56.08	lymph 0.296626528293 0.13254340876 0.323209514369
65.47/56.69	audiology 0.32105754247 0.139067187871 0.336784313973
66.78/57.45	ecoli 0.42846253915 0.245161816997 0.0872665688796
68.04/62.61	tic-tac-toe 0.168540304583 0.041605848208 0.716232283842
69.38/63.20	spambase 0.447422665927 0.260491519988 0.513903127847
70.68/63.89	zoo 0.166494506056 0.0374229366224 0.664518761543
72.00/64.67	sonar 0.557055981839 0.391133135262 -0.28183869653
73.32/65.27	mfeat-zernike 0.236158481798 0.0788612396899 0.506469309016
74.62/65.87	kr-vs-kp 0.253860055999 0.0811052603907 0.509378194646
74.68/65.92	MAE 0.34097318605 0.14551867916
74.68/65.92	MSE 0.181608306746 0.181608306746
74.68/65.92	Mean tau 0.260760068492 0.358645832179
74.68/65.92	(0.2807017543859649, '1_class_probability_max')
74.68/65.92	(1.5263157894736843, '0_class_probability_max')
74.68/65.92	(2.7017543859649122, '1_skewness_min')
74.68/65.92	(3.491228070175439, '0_skewness_min')
74.68/65.92	(5.298245614035087, '0_class_entropy')
74.68/65.92	(7.947368421052632, '1_class_entropy')
74.68/65.92	(9.473684210526315, '1_landmark_decision_tree')
74.68/65.92	(12.508771929824562, '0_landmark_naive_bayes')
74.68/65.92	(13.982456140350877, '0_class_probability_std')
74.68/65.92	(14.543859649122806, '1_landmark_naive_bayes')
74.68/65.92	(14.859649122807017, '1_class_probability_std')
74.68/65.92	(14.929824561403509, '0_landmark_decision_tree')
74.68/65.92	(19.36842105263158, '0_landmark_random_node_learner')
74.68/65.92	(20.17543859649123, '0_kurtosis_min')
74.68/65.92	(20.736842105263158, '0_pca_skewness_first_pc')
74.68/65.92	(21.035087719298247, '1_pca_skewness_first_pc')
74.68/65.92	(23.92982456140351, '1_landmark_lda')
74.68/65.92	(24.859649122807017, '0_log_number_of_features')
74.68/65.92	(25.42105263157895, '0_number_of_features')
74.68/65.92	(26.36842105263158, '1_kurtosis_min')
74.68/65.92	(27.350877192982455, '0_landmark_1NN')
74.68/65.92	(27.45614035087719, '0_landmark_lda')
74.68/65.92	(27.70175438596491, '1_log_number_of_features')
74.68/65.92	(27.82456140350877, '1_landmark_random_node_learner')
74.68/65.92	(29.57894736842105, '1_skewness_max')
74.68/65.92	(30.50877192982456, '1_number_of_features')
74.68/65.92	(30.964912280701753, '1_skewness_std')
74.68/65.92	(31.49122807017544, '1_number_of_numeric_features')
74.68/65.92	(32.24561403508772, '0_number_of_numeric_features')
74.68/65.92	(32.50877192982456, '1_landmark_1NN')
74.68/65.92	(32.85964912280702, '0_skewness_max')
74.68/65.92	(35.578947368421055, '0_class_probability_min')
74.68/65.92	(36.21052631578947, '1_class_probability_min')
74.68/65.92	(36.228070175438596, '0_skewness_std')
74.68/65.92	(36.91228070175438, '1_kurtosis_max')
74.68/65.92	(37.3859649122807, '0_kurtosis_max')
74.68/65.92	(39.31578947368421, '1_kurtosis_std')
74.68/65.92	(40.89473684210526, '1_log_number_of_instances')
74.68/65.92	(40.94736842105263, '0_pca_kurtosis_first_pc')
74.68/65.92	(42.07017543859649, '0_kurtosis_std')
74.68/65.92	(42.473684210526315, '0_log_number_of_instances')
74.68/65.92	(42.73684210526316, '0_number_of_instances')
74.68/65.92	(43.10526315789474, '1_number_of_instances')
74.68/65.92	(43.666666666666664, '0_landmark_decision_node_learner')
74.68/65.92	(43.91228070175438, '1_landmark_decision_node_learner')
74.68/65.92	(46.3859649122807, '0_symbols_sum')
74.68/65.92	(46.666666666666664, '0_pca_95%')
74.68/65.92	(47.43859649122807, '1_pca_kurtosis_first_pc')
74.68/65.92	(48.10526315789474, '1_skewness_mean')
74.68/65.92	(48.175438596491226, '0_log_inverse_dataset_ratio')
74.68/65.92	(49.64912280701754, '0_skewness_mean')
74.68/65.92	(50.80701754385965, '0_ratio_numerical_to_categorical')
74.68/65.92	(50.96491228070175, '1_pca_95%')
74.68/65.92	(51.175438596491226, '1_dataset_ratio')
74.68/65.92	(51.54385964912281, '1_symbols_mean')
74.68/65.92	(52.14035087719298, '1_inverse_dataset_ratio')
74.68/65.92	(52.68421052631579, '1_log_inverse_dataset_ratio')
74.68/65.92	(52.85964912280702, '0_inverse_dataset_ratio')
74.68/65.92	(53.68421052631579, '1_symbols_sum')
74.68/65.92	(53.89473684210526, '1_log_dataset_ratio')
74.68/65.92	(54.12280701754386, '1_ratio_numerical_to_categorical')
74.68/65.92	(54.21052631578947, '0_dataset_ratio')
74.68/65.92	(54.578947368421055, '0_log_dataset_ratio')
74.68/65.92	(54.6140350877193, '1_number_of_categorical_features')
74.68/65.92	(55.10526315789474, '1_symbols_min')
74.68/65.92	(55.98245614035088, '0_number_of_categorical_features')
74.68/65.92	(57.87719298245614, '0_kurtosis_mean')
74.68/65.92	(59.03508771929825, '0_symbols_mean')
74.68/65.92	(60.03508771929825, '1_kurtosis_mean')
74.68/65.92	(63.96491228070175, '0_symbols_min')
74.68/65.92	(68.78947368421052, '0_ratio_categorical_to_numerical')
74.68/65.92	(71.70175438596492, '1_ratio_categorical_to_numerical')
74.68/65.92	(72.0, '1_number_of_classes')
74.68/65.92	(72.10526315789474, '1_percentage_of_features_with_missing_values')
74.68/65.92	(72.78947368421052, '0_number_of_classes')
74.68/65.92	(73.2280701754386, '0_class_probability_mean')
74.68/65.92	(73.26315789473684, '0_symbols_std')
74.68/65.92	(74.2280701754386, '1_class_probability_mean')
74.68/65.92	(74.56140350877193, '1_symbols_std')
74.68/65.92	(75.01754385964912, '0_symbols_max')
74.68/65.92	(75.14035087719299, '1_percentage_of_missing_values')
74.68/65.92	(75.33333333333333, '1_symbols_max')
74.68/65.92	(75.45614035087719, '0_percentage_of_features_with_missing_values')
74.68/65.92	(78.6140350877193, '1_number_of_Instances_with_missing_values')
74.68/65.92	(79.10526315789474, '0_number_of_Instances_with_missing_values')
74.68/65.92	(79.21052631578948, '0_percentage_of_Instances_with_missing_values')
74.68/65.92	(79.84210526315789, '0_percentage_of_missing_values')
74.68/65.92	(79.87719298245614, '1_percentage_of_Instances_with_missing_values')
74.68/65.92	(81.98245614035088, '1_number_of_missing_values')
74.68/65.92	(82.94736842105263, '0_number_of_missing_values')
74.68/65.92	(84.3157894736842, '1_number_of_features_with_missing_values')
74.68/65.92	(85.42105263157895, '0_number_of_features_with_missing_values')
74.68/65.92	Result for ParamILS: SAT, 63.982464, 1, 0.340973, -1, /home/feurerm/thesis/Software/pyMetaLearn/optimizers/metalearn_optimizer/learn_distances.py
