0.78/1.42	['/home/feurerm/thesis/Software/pyMetaLearn/optimizers/metalearn_optimizer/learn_distances.py', '--input_file', '/home/feurerm/thesis/experiments/2014_04_25_predict_distances/testfold_0-3_spearman_rank_perm.pkl', '--fold', '0', '--folds', '1', '--params', '-max_features', '0.611361892897', '-min_samples_leaf', '3', '-min_samples_split', '8', '-n_estimators', '47', '-n_jobs', '4', '-seed', '88']
0.78/1.43	Metafeatures (57, 46)
0.78/1.43	X (3192, 92)
0.78/1.43	Y (3192,)
0.78/1.43	Dataset Mae MSE Rho
5.82/2.90	vehicle 0.45530123457 0.263028721625 -0.129607015262
11.09/4.62	anneal.ORIG 0.625793220486 0.452319404433 -0.0766006549055
16.45/6.33	segment 0.249063669265 0.0784198612535 0.799620338549
21.74/8.13	pendigits 0.38746240437 0.180144147691 0.283777953616
27.05/10.09	mushroom 0.214427002971 0.0555986892206 0.597937601583
32.42/12.04	labor 0.191593602577 0.0546530056732 0.609896353614
37.75/13.77	abalone 0.38549179822 0.185203435826 0.286686839245
43.01/15.41	diabetes 0.488032361793 0.332781969305 -0.15611019544
48.27/22.09	car 0.486464840772 0.334279859101 0.14867637661
53.54/23.82	autos 0.183978518231 0.0450567215095 0.627996086419
58.99/25.59	mfeat-fourier 0.685510720364 0.612680711503 -0.521336946677
64.29/27.28	primary-tumor 0.169007505779 0.0367156286669 0.685850589491
69.68/29.07	waveform-5000 0.260629839931 0.0900007802311 0.48158217641
74.94/30.80	credit-a 0.426603868369 0.256467816598 0.214287908027
80.31/32.55	letter 0.291471454742 0.111525785933 0.530063603565
85.73/34.27	postoperative-patient-data 0.452172619944 0.242688273687 -0.369751684438
91.00/36.09	vowel 0.486370680463 0.294584147502 0.087589778394
96.31/37.81	eucalyptus 0.294947543264 0.11668466605 0.454109367689
101.60/39.44	cylinder-bands 0.254697794976 0.0774013091504 0.592443039838
106.93/41.06	ionosphere 0.473978162056 0.256527001227 -0.271819201584
112.30/42.80	mfeat-karhunen 0.246871879339 0.0828694768499 0.657084942712
117.64/44.55	balance-scale 0.230140193452 0.080732890175 0.507438937559
122.90/46.62	mfeat-morphological 0.493426250831 0.327980957319 -0.204591622596
128.20/52.66	liver-disorders 0.133272863099 0.0286935983473 0.641247676508
133.51/54.29	dermatology 0.224564191423 0.0639652040876 0.45346294866
138.86/55.99	vote 0.0717108572135 0.00859114840545 0.766976177598
144.17/57.60	breast-cancer 0.166421676511 0.0379414971145 0.314482857481
149.51/62.84	credit-g 0.546632941194 0.411206603379 -0.455402205746
154.82/64.45	soybean 0.0993250038628 0.0142551521583 0.815457604753
160.13/66.18	arrhythmia 0.291286009774 0.10812348688 -0.120233939345
165.51/67.90	nursery 0.21735804717 0.0606716651969 0.698455760552
170.67/69.50	hepatitis 0.338457469973 0.164119103211 -0.186815099305
175.95/71.11	cmc 0.163097062389 0.0343293793917 0.700395017638
181.24/72.82	heart-c 0.221537895357 0.0654365521821 0.784752700888
186.51/74.58	glass 0.305201905828 0.11210081526 0.580807497321
191.83/76.31	braziltourism 0.659096365793 0.528420194177 -0.531033232108
197.23/78.38	iris 0.321784889946 0.137518404527 0.0879129879084
202.50/80.42	heart-statlog 0.319681945713 0.141649839822 0.645772609709
208.03/82.13	page-blocks 0.619118152763 0.510825040546 -0.648358285824
213.34/88.84	breast-w 0.204391428848 0.0586092811524 0.639954838451
218.72/90.55	heart-h 0.143748068062 0.0282699247486 0.715262655299
224.07/92.48	yeast 0.344753854609 0.149553683041 0.481905385924
229.44/94.18	tae 0.361182408332 0.161164164989 0.0646419028738
234.78/95.88	haberman 0.287297618432 0.111652146523 -0.0129283805748
240.06/97.58	mfeat-pixel 0.414261293455 0.210407751441 0.0830648451928
245.44/99.29	optdigits 0.20688438606 0.0550984839316 0.756310263624
250.85/100.99	mfeat-factors 0.268747549491 0.100807164706 0.597937601583
256.17/102.69	satimage 0.33936145871 0.145782597478 0.185522261248
261.43/104.38	lymph 0.285470422581 0.116655084552 0.398194121703
266.72/106.09	audiology 0.298550776569 0.106853099824 0.396901283645
272.03/107.69	ecoli 0.404660259127 0.208732563909 0.159665500098
277.38/109.42	tic-tac-toe 0.174064217581 0.044351234153 0.732715969075
282.78/111.12	spambase 0.398145102144 0.20457486172 0.623471153218
288.10/112.82	zoo 0.194217485946 0.0506150733853 0.618623010502
293.51/114.54	sonar 0.571431565753 0.406524674734 -0.361671446579
298.85/116.27	mfeat-zernike 0.220904708146 0.069657750632 0.574666516548
304.17/117.98	kr-vs-kp 0.225711602953 0.0622441371556 0.603755372841
304.36/118.13	MAE 0.324136292133 0.145250502016
304.36/118.13	MSE 0.162942923216 0.162942923216
304.36/118.13	Mean tau 0.309492956207 0.402433611821
304.36/118.13	(0.12280701754385964, '1_class_probability_max')
304.36/118.13	(1.0526315789473684, '0_class_probability_max')
304.36/118.13	(2.43859649122807, '0_skewness_min')
304.36/118.13	(2.6140350877192984, '1_skewness_min')
304.36/118.13	(6.421052631578948, '0_class_entropy')
304.36/118.13	(7.842105263157895, '0_class_probability_std')
304.36/118.13	(8.789473684210526, '0_landmark_decision_tree')
304.36/118.13	(9.017543859649123, '0_landmark_random_node_learner')
304.36/118.13	(9.596491228070175, '1_class_entropy')
304.36/118.13	(9.842105263157896, '0_landmark_naive_bayes')
304.36/118.13	(9.842105263157896, '1_class_probability_std')
304.36/118.13	(10.56140350877193, '1_landmark_naive_bayes')
304.36/118.13	(12.578947368421053, '1_landmark_decision_tree')
304.36/118.13	(13.368421052631579, '0_landmark_1NN')
304.36/118.13	(21.140350877192983, '1_pca_skewness_first_pc')
304.36/118.13	(21.56140350877193, '0_pca_skewness_first_pc')
304.36/118.13	(21.596491228070175, '1_skewness_max')
304.36/118.13	(21.964912280701753, '1_skewness_std')
304.36/118.13	(22.54385964912281, '1_landmark_random_node_learner')
304.36/118.13	(23.57894736842105, '0_skewness_std')
304.36/118.13	(23.87719298245614, '0_kurtosis_min')
304.36/118.13	(24.385964912280702, '1_landmark_lda')
304.36/118.13	(24.649122807017545, '0_landmark_lda')
304.36/118.13	(26.87719298245614, '0_kurtosis_std')
304.36/118.13	(27.31578947368421, '0_skewness_max')
304.36/118.13	(27.403508771929825, '1_kurtosis_min')
304.36/118.13	(28.17543859649123, '1_landmark_1NN')
304.36/118.13	(28.50877192982456, '0_log_number_of_features')
304.36/118.13	(29.42105263157895, '0_number_of_features')
304.36/118.13	(30.70175438596491, '1_number_of_features')
304.36/118.13	(30.75438596491228, '1_kurtosis_std')
304.36/118.13	(31.63157894736842, '0_number_of_numeric_features')
304.36/118.13	(31.964912280701753, '1_log_number_of_features')
304.36/118.13	(35.05263157894737, '1_class_probability_min')
304.36/118.13	(36.175438596491226, '0_class_probability_min')
304.36/118.13	(38.6140350877193, '1_number_of_numeric_features')
304.36/118.13	(39.96491228070175, '1_symbols_sum')
304.36/118.13	(40.36842105263158, '0_kurtosis_max')
304.36/118.13	(40.78947368421053, '1_kurtosis_max')
304.36/118.13	(41.6140350877193, '1_number_of_instances')
304.36/118.13	(42.0, '1_log_number_of_instances')
304.36/118.13	(42.01754385964912, '0_number_of_instances')
304.36/118.13	(42.94736842105263, '0_log_number_of_instances')
304.36/118.13	(43.175438596491226, '0_landmark_decision_node_learner')
304.36/118.13	(44.421052631578945, '1_landmark_decision_node_learner')
304.36/118.13	(44.85964912280702, '0_symbols_sum')
304.36/118.13	(45.70175438596491, '0_skewness_mean')
304.36/118.13	(45.719298245614034, '0_number_of_categorical_features')
304.36/118.13	(47.175438596491226, '0_pca_95%')
304.36/118.13	(48.40350877192982, '0_pca_kurtosis_first_pc')
304.36/118.13	(49.0, '1_number_of_categorical_features')
304.36/118.13	(49.12280701754386, '1_skewness_mean')
304.36/118.13	(49.19298245614035, '1_symbols_mean')
304.36/118.13	(49.50877192982456, '1_pca_kurtosis_first_pc')
304.36/118.13	(49.64912280701754, '1_pca_95%')
304.36/118.13	(51.8421052631579, '0_symbols_mean')
304.36/118.13	(55.59649122807018, '1_log_inverse_dataset_ratio')
304.36/118.13	(56.175438596491226, '0_log_inverse_dataset_ratio')
304.36/118.13	(56.59649122807018, '1_inverse_dataset_ratio')
304.36/118.13	(56.78947368421053, '1_log_dataset_ratio')
304.36/118.13	(57.01754385964912, '1_symbols_min')
304.36/118.13	(57.24561403508772, '0_dataset_ratio')
304.36/118.13	(58.280701754385966, '0_inverse_dataset_ratio')
304.36/118.13	(58.49122807017544, '0_symbols_min')
304.36/118.13	(58.8421052631579, '0_ratio_numerical_to_categorical')
304.36/118.13	(58.98245614035088, '1_dataset_ratio')
304.36/118.13	(59.91228070175438, '0_log_dataset_ratio')
304.36/118.13	(61.29824561403509, '1_ratio_numerical_to_categorical')
304.36/118.13	(63.29824561403509, '0_kurtosis_mean')
304.36/118.13	(66.26315789473684, '1_kurtosis_mean')
304.36/118.13	(71.15789473684211, '1_symbols_max')
304.36/118.13	(72.14035087719299, '0_ratio_categorical_to_numerical')
304.36/118.13	(72.50877192982456, '1_ratio_categorical_to_numerical')
304.36/118.13	(73.78947368421052, '0_symbols_max')
304.36/118.13	(75.64912280701755, '0_class_probability_mean')
304.36/118.13	(75.6842105263158, '1_percentage_of_features_with_missing_values')
304.36/118.13	(76.12280701754386, '1_number_of_classes')
304.36/118.13	(76.36842105263158, '0_number_of_classes')
304.36/118.13	(76.49122807017544, '1_class_probability_mean')
304.36/118.13	(77.03508771929825, '0_percentage_of_features_with_missing_values')
304.36/118.13	(77.43859649122807, '0_symbols_std')
304.36/118.13	(78.56140350877193, '1_symbols_std')
304.36/118.13	(80.71929824561404, '1_percentage_of_missing_values')
304.36/118.13	(81.98245614035088, '0_percentage_of_missing_values')
304.36/118.13	(82.19298245614036, '1_number_of_Instances_with_missing_values')
304.36/118.13	(83.3157894736842, '1_percentage_of_Instances_with_missing_values')
304.36/118.13	(83.89473684210526, '0_number_of_Instances_with_missing_values')
304.36/118.13	(84.05263157894737, '0_percentage_of_Instances_with_missing_values')
304.36/118.13	(84.10526315789474, '0_number_of_missing_values')
304.36/118.13	(85.24561403508773, '1_number_of_missing_values')
304.36/118.13	(86.47368421052632, '0_number_of_features_with_missing_values')
304.36/118.13	(86.82456140350877, '1_number_of_features_with_missing_values')
304.36/118.13	Result for ParamILS: SAT, 116.707621, 1, 0.324136, -1, /home/feurerm/thesis/Software/pyMetaLearn/optimizers/metalearn_optimizer/learn_distances.py
