0.76/1.03	['/home/feurerm/thesis/Software/pyMetaLearn/optimizers/metalearn_optimizer/learn_distances.py', '--input_file', '/home/feurerm/thesis/experiments/2014_04_25_predict_distances/testfold_0-3_spearman_rank_perm.pkl', '--fold', '0', '--folds', '1', '--params', '-max_features', '0.241178132774', '-min_samples_leaf', '5', '-min_samples_split', '8', '-n_estimators', '95', '-n_jobs', '4', '-seed', '9']
0.76/1.05	Metafeatures (57, 46)
0.76/1.05	X (3192, 92)
0.76/1.05	Y (3192,)
0.76/1.05	Dataset Mae MSE Rho
4.74/2.40	vehicle 0.409910466738 0.212589328531 0.0856505213078
9.19/4.05	anneal.ORIG 0.513058679248 0.309958044481 0.363287494151
13.65/5.69	segment 0.280465729178 0.0997019889919 0.743705092563
18.14/7.35	pendigits 0.391407424854 0.181561702637 0.329673704656
22.62/9.01	mushroom 0.200779483004 0.0486503814483 0.630581762534
27.02/10.66	labor 0.210024873623 0.0580306090336 0.783459862831
31.46/12.31	abalone 0.408252145816 0.212539726709 0.21234865094
35.97/13.97	diabetes 0.493396047142 0.337162740306 -0.103427044598
40.38/15.62	car 0.415850995252 0.25812894482 0.282161906044
44.78/17.28	autos 0.231946363479 0.0697791103719 0.512610289789
49.31/18.93	mfeat-fourier 0.635895427628 0.52449727907 -0.48384464301
53.72/20.59	primary-tumor 0.201022377131 0.0507712643752 0.600846487212
58.14/22.25	waveform-5000 0.274842291777 0.101071370091 0.441827406142
62.54/23.92	credit-a 0.386617135203 0.211627629734 0.36102502755
67.05/25.57	letter 0.279060019562 0.102148700928 0.63252101962
71.67/27.33	postoperative-patient-data 0.443995007506 0.240537870414 -0.599553649155
76.09/28.99	vowel 0.514027539279 0.328851632355 -0.0533295698709
80.57/30.66	eucalyptus 0.294795284121 0.115439119097 0.498712280671
85.08/32.34	cylinder-bands 0.273594965915 0.0873701523357 0.60440179187
89.71/34.02	ionosphere 0.435111059953 0.223312790442 -0.0649651123882
94.27/35.70	mfeat-karhunen 0.260388415957 0.0899530094744 0.647388657281
98.77/37.38	balance-scale 0.192399538256 0.0545270287465 0.681002446776
103.17/40.89	mfeat-morphological 0.480598112884 0.308396826901 -0.236589364518
107.62/42.55	liver-disorders 0.224090051614 0.0696298334641 0.526185089393
112.19/44.27	dermatology 0.205040085644 0.0537576024032 0.504853261444
116.73/45.93	vote 0.0746494281006 0.0094687494627 0.798004290977
121.32/47.63	breast-cancer 0.208863277757 0.0626118669821 0.142212186322
125.86/49.28	credit-g 0.512682632133 0.352779474083 -0.460250348462
130.34/51.13	soybean 0.106777329299 0.0166176994573 0.860706936765
134.87/52.83	arrhythmia 0.271412097875 0.098813759045 0.101164577998
139.36/54.50	nursery 0.231371102529 0.0680392049269 0.692961198807
143.71/56.14	hepatitis 0.427974435893 0.250578688905 -0.204591622596
150.86/57.83	cmc 0.200923797689 0.0492458828892 0.655792104655
155.33/59.48	heart-c 0.266012592952 0.0941736315789 0.720757217043
159.68/61.13	glass 0.348674077484 0.144567273839 0.432131120711
164.04/62.81	braziltourism 0.637102821901 0.490082904044 -0.589534154209
168.47/64.50	iris 0.303708614759 0.122145570467 0.223337774429
172.85/66.16	heart-statlog 0.364734692719 0.178635668427 0.499035490186
177.40/67.81	page-blocks 0.475607108732 0.308826027736 -0.060440179187
181.93/69.47	breast-w 0.221284681232 0.0680748908767 0.580484287807
186.35/71.14	heart-h 0.160433910519 0.0340821528249 0.694577246379
190.78/72.78	yeast 0.372148589903 0.169560044891 0.48675352864
195.26/74.44	tae 0.347006003008 0.152946505725 -0.00161604757185
199.76/76.09	haberman 0.279645367443 0.101985076387 0.0138980091179
204.23/77.78	mfeat-pixel 0.387225636966 0.181944630369 0.151262052725
208.74/79.44	optdigits 0.219445099571 0.0603568888741 0.740472997419
213.19/81.11	mfeat-factors 0.258254515067 0.0889460908409 0.668397275715
217.62/82.78	satimage 0.371650457096 0.165640944425 0.0759542358767
222.08/84.43	lymph 0.279340481734 0.107720158509 0.497742652128
226.51/86.10	audiology 0.289060199893 0.109103300458 0.499681909215
230.93/87.76	ecoli 0.44290982496 0.249644464597 -0.00969628543107
235.46/89.40	tic-tac-toe 0.178285490572 0.0486906596561 0.793156148262
239.89/91.05	spambase 0.376272742759 0.180616515511 0.776026044
244.38/92.70	zoo 0.171565687045 0.040086698948 0.685527379977
248.85/94.35	sonar 0.556202954876 0.38721665507 -0.405951150048
253.32/96.00	mfeat-zernike 0.244931644837 0.0852803331989 0.519720899105
257.86/97.69	kr-vs-kp 0.205810942341 0.0527294785074 0.63542990525
258.29/98.01	MAE 0.3236585572 0.126517651406
258.29/98.01	MSE 0.155810641731 0.155810641731
258.29/98.01	Mean tau 0.335327035987 0.38886613075
258.29/98.01	(0.017543859649122806, '0_class_probability_max')
258.29/98.01	(1.1403508771929824, '1_class_probability_max')
258.29/98.01	(3.245614035087719, '0_landmark_decision_tree')
258.29/98.01	(3.8947368421052633, '1_class_probability_std')
258.29/98.01	(5.385964912280702, '0_class_probability_std')
258.29/98.01	(6.578947368421052, '0_skewness_min')
258.29/98.01	(6.87719298245614, '1_landmark_random_node_learner')
258.29/98.01	(7.052631578947368, '1_landmark_decision_tree')
258.29/98.01	(7.491228070175438, '1_class_entropy')
258.29/98.01	(7.631578947368421, '1_skewness_min')
258.29/98.01	(9.596491228070175, '0_landmark_naive_bayes')
258.29/98.01	(10.68421052631579, '0_class_entropy')
258.29/98.01	(12.087719298245615, '1_landmark_naive_bayes')
258.29/98.01	(14.017543859649123, '1_landmark_1NN')
258.29/98.01	(15.140350877192983, '0_landmark_random_node_learner')
258.29/98.01	(15.824561403508772, '0_landmark_1NN')
258.29/98.01	(16.0, '0_landmark_lda')
258.29/98.01	(18.50877192982456, '1_pca_skewness_first_pc')
258.29/98.01	(19.333333333333332, '1_landmark_lda')
258.29/98.01	(20.49122807017544, '0_pca_skewness_first_pc')
258.29/98.01	(23.80701754385965, '1_number_of_features')
258.29/98.01	(24.17543859649123, '0_log_number_of_features')
258.29/98.01	(25.280701754385966, '1_log_number_of_features')
258.29/98.01	(27.017543859649123, '0_number_of_features')
258.29/98.01	(27.333333333333332, '0_kurtosis_std')
258.29/98.01	(28.68421052631579, '0_symbols_sum')
258.29/98.01	(29.19298245614035, '1_kurtosis_min')
258.29/98.01	(29.36842105263158, '0_skewness_max')
258.29/98.01	(29.789473684210527, '1_skewness_max')
258.29/98.01	(30.473684210526315, '1_skewness_std')
258.29/98.01	(31.157894736842106, '0_kurtosis_min')
258.29/98.01	(31.29824561403509, '1_number_of_numeric_features')
258.29/98.01	(32.175438596491226, '1_number_of_categorical_features')
258.29/98.01	(32.45614035087719, '1_kurtosis_std')
258.29/98.01	(32.8421052631579, '1_ratio_numerical_to_categorical')
258.29/98.01	(33.63157894736842, '0_skewness_std')
258.29/98.01	(34.59649122807018, '0_number_of_categorical_features')
258.29/98.01	(34.64912280701754, '1_symbols_sum')
258.29/98.01	(34.68421052631579, '0_number_of_numeric_features')
258.29/98.01	(38.80701754385965, '0_landmark_decision_node_learner')
258.29/98.01	(41.73684210526316, '1_landmark_decision_node_learner')
258.29/98.01	(41.94736842105263, '0_kurtosis_max')
258.29/98.01	(44.92982456140351, '1_kurtosis_max')
258.29/98.01	(45.98245614035088, '1_class_probability_min')
258.29/98.01	(46.08771929824562, '1_pca_kurtosis_first_pc')
258.29/98.01	(46.421052631578945, '0_class_probability_min')
258.29/98.01	(47.333333333333336, '0_pca_kurtosis_first_pc')
258.29/98.01	(47.36842105263158, '0_pca_95%')
258.29/98.01	(47.91228070175438, '0_ratio_numerical_to_categorical')
258.29/98.01	(51.21052631578947, '1_pca_95%')
258.29/98.01	(53.45614035087719, '0_skewness_mean')
258.29/98.01	(54.31578947368421, '0_symbols_mean')
258.29/98.01	(54.824561403508774, '1_skewness_mean')
258.29/98.01	(56.0, '0_log_number_of_instances')
258.29/98.01	(56.35087719298246, '1_log_number_of_instances')
258.29/98.01	(56.36842105263158, '1_number_of_instances')
258.29/98.01	(56.421052631578945, '0_number_of_instances')
258.29/98.01	(58.35087719298246, '1_kurtosis_mean')
258.29/98.01	(59.19298245614035, '1_symbols_mean')
258.29/98.01	(60.36842105263158, '1_inverse_dataset_ratio')
258.29/98.01	(61.31578947368421, '0_inverse_dataset_ratio')
258.29/98.01	(61.421052631578945, '0_kurtosis_mean')
258.29/98.01	(61.64912280701754, '1_log_inverse_dataset_ratio')
258.29/98.01	(61.98245614035088, '0_log_dataset_ratio')
258.29/98.01	(62.08771929824562, '1_dataset_ratio')
258.29/98.01	(63.31578947368421, '1_log_dataset_ratio')
258.29/98.01	(63.578947368421055, '0_dataset_ratio')
258.29/98.01	(64.52631578947368, '0_log_inverse_dataset_ratio')
258.29/98.01	(64.89473684210526, '1_symbols_max')
258.29/98.01	(69.24561403508773, '0_symbols_max')
258.29/98.01	(69.26315789473684, '1_percentage_of_features_with_missing_values')
258.29/98.01	(69.84210526315789, '0_percentage_of_features_with_missing_values')
258.29/98.01	(70.40350877192982, '0_symbols_min')
258.29/98.01	(72.08771929824562, '1_ratio_categorical_to_numerical')
258.29/98.01	(72.21052631578948, '1_symbols_std')
258.29/98.01	(73.29824561403508, '1_symbols_min')
258.29/98.01	(74.94736842105263, '0_number_of_classes')
258.29/98.01	(75.64912280701755, '0_symbols_std')
258.29/98.01	(75.82456140350877, '0_ratio_categorical_to_numerical')
258.29/98.01	(76.17543859649123, '1_class_probability_mean')
258.29/98.01	(76.24561403508773, '1_percentage_of_missing_values')
258.29/98.01	(76.80701754385964, '0_percentage_of_missing_values')
258.29/98.01	(77.08771929824562, '0_class_probability_mean')
258.29/98.01	(77.26315789473684, '1_number_of_classes')
258.29/98.01	(82.82456140350877, '1_percentage_of_Instances_with_missing_values')
258.29/98.01	(83.57894736842105, '1_number_of_Instances_with_missing_values')
258.29/98.01	(84.0, '1_number_of_missing_values')
258.29/98.01	(84.10526315789474, '0_percentage_of_Instances_with_missing_values')
258.29/98.01	(84.29824561403508, '0_number_of_features_with_missing_values')
258.29/98.01	(84.66666666666667, '0_number_of_Instances_with_missing_values')
258.29/98.01	(86.14035087719299, '0_number_of_missing_values')
258.29/98.01	(86.26315789473684, '1_number_of_features_with_missing_values')
258.29/98.01	Result for ParamILS: SAT, 96.980721, 1, 0.323659, -1, /home/feurerm/thesis/Software/pyMetaLearn/optimizers/metalearn_optimizer/learn_distances.py
