0.76/7.40	['/home/feurerm/thesis/Software/pyMetaLearn/optimizers/metalearn_optimizer/learn_distances.py', '--input_file', '/home/feurerm/thesis/experiments/2014_04_25_predict_distances/testfold_0-3_spearman_rank_perm.pkl', '--fold', '0', '--folds', '1', '--params', '-max_features', '0.94391272994', '-min_samples_leaf', '7', '-min_samples_split', '7', '-n_estimators', '56', '-n_jobs', '4', '-seed', '59']
0.76/7.41	Metafeatures (57, 46)
0.76/7.41	X (3192, 92)
0.76/7.41	Y (3192,)
0.76/7.41	Dataset Mae MSE Rho
8.72/9.67	vehicle 0.484610111646 0.296966223568 -0.208470136768
17.15/15.09	anneal.ORIG 0.771879543978 0.66832236764 -0.303493733993
25.38/17.53	segment 0.288479865141 0.1048114843 0.713969817241
33.64/22.33	pendigits 0.365806327882 0.165697548909 0.365226751237
41.87/30.27	mushroom 0.253246440124 0.0767138286342 0.498065861643
49.99/32.99	labor 0.183891797973 0.0510841891749 0.552041850542
58.23/35.41	abalone 0.417896408473 0.226704472314 0.175825975817
66.26/37.89	diabetes 0.487169028862 0.336540939481 -0.218812841228
74.44/40.32	car 0.628988796395 0.503419268816 -0.0391083512387
82.62/45.41	autos 0.179397776704 0.042771593089 0.632197810106
91.03/47.96	mfeat-fourier 0.667658033371 0.584817841054 -0.523276203763
99.18/53.52	primary-tumor 0.183503832754 0.0412792218662 0.663225923485
107.50/56.35	waveform-5000 0.225129177036 0.0706691106764 0.670013323287
115.94/60.83	credit-a 0.468696848681 0.309777983926 0.116678634687
124.22/63.25	letter 0.306729426132 0.120838812388 0.53555816531
132.84/65.78	postoperative-patient-data 0.442745265435 0.24658262856 -0.181643747075
141.08/72.49	vowel 0.477112205836 0.27782771798 0.0888826164515
149.43/75.31	eucalyptus 0.261220286067 0.0892599239388 0.58145391635
157.79/80.97	cylinder-bands 0.292505054081 0.101199092835 0.486107109611
166.09/86.66	ionosphere 0.429491405017 0.215856252847 -0.186168680277
174.34/89.08	mfeat-karhunen 0.282856105127 0.105863285785 0.518751270562
182.59/94.49	balance-scale 0.264930514646 0.0956786014527 0.266971058869
190.80/101.15	mfeat-morphological 0.496755513805 0.326642205871 -0.285070791674
199.10/103.77	liver-disorders 0.139034347391 0.0264514215069 0.518104851534
207.44/109.36	dermatology 0.21248743574 0.0570369909444 0.486430319125
215.75/115.67	vote 0.0720668040028 0.0085719525182 0.786045538946
224.16/118.10	breast-cancer 0.10559511306 0.0189679351758 0.525538670364
232.42/121.26	credit-g 0.579958400188 0.461275231989 -0.510671032703
240.67/124.12	soybean 0.103015780837 0.0150986045471 0.831941289986
248.94/129.56	arrhythmia 0.320329404615 0.125153732974 -0.190693613478
257.10/132.18	nursery 0.251229638734 0.0819873215835 0.626703248362
265.34/136.91	hepatitis 0.302277787532 0.132124525362 0.0400779797818
273.58/140.38	cmc 0.154591174916 0.0319112716091 0.677447142118
281.80/143.90	heart-c 0.260172534723 0.0918066604329 0.730776711988
290.12/146.31	glass 0.288102114543 0.105916605343 0.611512401186
298.70/148.83	braziltourism 0.745965891925 0.657703502733 -0.619592639045
306.91/154.28	iris 0.300335655077 0.119678861864 0.170654623587
315.11/159.21	heart-statlog 0.299205023607 0.114774664601 0.713969817241
323.64/162.51	page-blocks 0.635512667286 0.541869542749 -0.685204170462
332.00/166.86	breast-w 0.25143681405 0.084498420767 0.396578074131
340.29/169.31	heart-h 0.151635694516 0.0308373817923 0.700395017638
348.61/172.10	yeast 0.344928009436 0.148070625269 0.537497422396
356.83/174.68	tae 0.360923503996 0.162273680742 0.0229478755202
365.12/181.48	haberman 0.296642585604 0.123513277861 -0.035876256095
373.42/186.97	mfeat-pixel 0.399363092791 0.200511870051 0.11538579663
381.76/189.98	optdigits 0.254812850574 0.0803907670289 0.726898197816
390.18/192.40	mfeat-factors 0.267512127335 0.0929506325442 0.683588122891
398.49/194.83	satimage 0.345468748124 0.150898685089 0.123466034489
406.71/197.25	lymph 0.231226637228 0.0793561899283 0.368135636866
414.89/199.74	audiology 0.271968814134 0.0870806716849 0.518104851534
423.33/202.16	ecoli 0.422392121178 0.227134784674 0.0274728087214
431.71/204.60	tic-tac-toe 0.166405740341 0.0366384851745 0.723989312187
440.25/209.21	spambase 0.352114776613 0.16321936143 0.630581762534
448.58/211.64	zoo 0.192073837496 0.0499561250078 0.578868240235
456.83/214.13	sonar 0.542427748742 0.368216011928 -0.285717210702
465.10/216.61	mfeat-zernike 0.230851747437 0.0740083058453 0.578221821206
473.34/219.03	kr-vs-kp 0.236103566298 0.0673738905725 0.589210944695
473.49/219.19	MAE 0.332436279916 0.158108019044
473.49/219.19	MSE 0.173273378744 0.173273378744
473.49/219.19	Mean tau 0.291784477025 0.40658456953
473.49/219.19	(0.47368421052631576, '0_class_probability_max')
473.49/219.19	(0.7719298245614035, '1_class_probability_max')
473.49/219.19	(2.2280701754385963, '0_skewness_min')
473.49/219.19	(2.7719298245614037, '1_skewness_min')
473.49/219.19	(5.631578947368421, '1_landmark_naive_bayes')
473.49/219.19	(5.947368421052632, '0_landmark_naive_bayes')
473.49/219.19	(10.578947368421053, '1_pca_skewness_first_pc')
473.49/219.19	(10.719298245614034, '0_pca_skewness_first_pc')
473.49/219.19	(11.473684210526315, '0_landmark_lda')
473.49/219.19	(11.947368421052632, '1_class_entropy')
473.49/219.19	(12.298245614035087, '1_landmark_lda')
473.49/219.19	(14.491228070175438, '0_class_probability_std')
473.49/219.19	(15.771929824561404, '1_landmark_decision_tree')
473.49/219.19	(16.228070175438596, '1_class_probability_std')
473.49/219.19	(19.24561403508772, '1_kurtosis_min')
473.49/219.19	(20.36842105263158, '0_landmark_decision_tree')
473.49/219.19	(20.56140350877193, '0_kurtosis_min')
473.49/219.19	(20.75438596491228, '0_landmark_1NN')
473.49/219.19	(22.50877192982456, '1_class_probability_min')
473.49/219.19	(23.017543859649123, '1_landmark_1NN')
473.49/219.19	(23.42105263157895, '0_class_entropy')
473.49/219.19	(23.87719298245614, '0_class_probability_min')
473.49/219.19	(25.385964912280702, '1_skewness_max')
473.49/219.19	(26.31578947368421, '0_skewness_max')
473.49/219.19	(27.140350877192983, '0_kurtosis_max')
473.49/219.19	(27.894736842105264, '0_skewness_mean')
473.49/219.19	(28.912280701754387, '1_kurtosis_max')
473.49/219.19	(30.649122807017545, '1_log_number_of_instances')
473.49/219.19	(30.736842105263158, '0_number_of_numeric_features')
473.49/219.19	(31.280701754385966, '0_number_of_instances')
473.49/219.19	(31.982456140350877, '1_number_of_numeric_features')
473.49/219.19	(32.24561403508772, '1_number_of_instances')
473.49/219.19	(34.10526315789474, '1_skewness_mean')
473.49/219.19	(34.578947368421055, '0_log_number_of_instances')
473.49/219.19	(36.98245614035088, '0_symbols_mean')
473.49/219.19	(37.24561403508772, '1_number_of_features')
473.49/219.19	(37.92982456140351, '0_log_number_of_features')
473.49/219.19	(38.26315789473684, '1_landmark_decision_node_learner')
473.49/219.19	(38.29824561403509, '1_log_number_of_features')
473.49/219.19	(38.68421052631579, '0_number_of_features')
473.49/219.19	(39.280701754385966, '1_symbols_mean')
473.49/219.19	(39.56140350877193, '0_landmark_decision_node_learner')
473.49/219.19	(41.26315789473684, '1_skewness_std')
473.49/219.19	(41.719298245614034, '0_pca_kurtosis_first_pc')
473.49/219.19	(41.94736842105263, '1_landmark_random_node_learner')
473.49/219.19	(42.421052631578945, '1_pca_kurtosis_first_pc')
473.49/219.19	(45.280701754385966, '1_kurtosis_std')
473.49/219.19	(45.73684210526316, '1_symbols_min')
473.49/219.19	(46.85964912280702, '0_skewness_std')
473.49/219.19	(47.29824561403509, '0_pca_95%')
473.49/219.19	(47.526315789473685, '1_pca_95%')
473.49/219.19	(47.91228070175438, '0_landmark_random_node_learner')
473.49/219.19	(48.08771929824562, '0_symbols_min')
473.49/219.19	(51.175438596491226, '0_kurtosis_std')
473.49/219.19	(51.19298245614035, '0_dataset_ratio')
473.49/219.19	(51.78947368421053, '1_dataset_ratio')
473.49/219.19	(51.94736842105263, '0_log_dataset_ratio')
473.49/219.19	(52.26315789473684, '1_log_inverse_dataset_ratio')
473.49/219.19	(52.29824561403509, '1_inverse_dataset_ratio')
473.49/219.19	(52.56140350877193, '0_inverse_dataset_ratio')
473.49/219.19	(53.03508771929825, '1_log_dataset_ratio')
473.49/219.19	(53.56140350877193, '0_log_inverse_dataset_ratio')
473.49/219.19	(55.68421052631579, '1_ratio_numerical_to_categorical')
473.49/219.19	(58.6140350877193, '1_symbols_sum')
473.49/219.19	(60.333333333333336, '0_ratio_numerical_to_categorical')
473.49/219.19	(63.43859649122807, '0_symbols_sum')
473.49/219.19	(64.3859649122807, '1_kurtosis_mean')
473.49/219.19	(65.42105263157895, '0_kurtosis_mean')
473.49/219.19	(68.08771929824562, '1_number_of_categorical_features')
473.49/219.19	(69.01754385964912, '0_number_of_categorical_features')
473.49/219.19	(71.89473684210526, '1_number_of_classes')
473.49/219.19	(72.87719298245614, '1_class_probability_mean')
473.49/219.19	(73.54385964912281, '0_class_probability_mean')
473.49/219.19	(73.56140350877193, '0_ratio_categorical_to_numerical')
473.49/219.19	(73.71929824561404, '1_ratio_categorical_to_numerical')
473.49/219.19	(73.85964912280701, '0_number_of_classes')
473.49/219.19	(75.52631578947368, '1_symbols_max')
473.49/219.19	(76.85964912280701, '1_symbols_std')
473.49/219.19	(77.66666666666667, '0_symbols_max')
473.49/219.19	(79.03508771929825, '0_percentage_of_features_with_missing_values')
473.49/219.19	(79.33333333333333, '0_symbols_std')
473.49/219.19	(80.0, '1_percentage_of_features_with_missing_values')
473.49/219.19	(82.12280701754386, '1_number_of_Instances_with_missing_values')
473.49/219.19	(82.19298245614036, '0_percentage_of_Instances_with_missing_values')
473.49/219.19	(82.35087719298245, '0_number_of_Instances_with_missing_values')
473.49/219.19	(82.47368421052632, '1_percentage_of_Instances_with_missing_values')
473.49/219.19	(83.89473684210526, '1_percentage_of_missing_values')
473.49/219.19	(84.47368421052632, '0_number_of_missing_values')
473.49/219.19	(84.71929824561404, '1_number_of_missing_values')
473.49/219.19	(86.12280701754386, '0_percentage_of_missing_values')
473.49/219.19	(87.7719298245614, '1_number_of_features_with_missing_values')
473.49/219.19	(88.57894736842105, '0_number_of_features_with_missing_values')
473.49/219.19	Result for ParamILS: SAT, 211.794893, 1, 0.332436, -1, /home/feurerm/thesis/Software/pyMetaLearn/optimizers/metalearn_optimizer/learn_distances.py
