0.69/1.00	['/home/feurerm/thesis/Software/pyMetaLearn/optimizers/metalearn_optimizer/learn_distances.py', '--input_file', '/home/feurerm/thesis/experiments/2014_04_25_predict_distances/testfold_0-3_spearman_rank_perm.pkl', '--fold', '0', '--folds', '1', '--params', '-max_features', '0.710876540422', '-min_samples_leaf', '4', '-min_samples_split', '2', '-n_estimators', '14', '-n_jobs', '4', '-seed', '92']
0.77/1.01	Metafeatures (57, 46)
0.77/1.01	X (3192, 92)
0.77/1.01	Y (3192,)
0.77/1.01	Dataset Mae MSE Rho
2.57/1.76	vehicle 0.507235675884 0.333183288831 -0.231094802774
4.39/2.45	anneal.ORIG 0.713352159606 0.571037457479 -0.197157803765
6.21/3.14	segment 0.278795845225 0.103278913341 0.697486132008
8.11/3.94	pendigits 0.430335589293 0.223213340867 0.166129690386
9.96/4.73	mushroom 0.209407726854 0.0561604285887 0.599553649155
11.83/5.53	labor 0.202240965016 0.0612530860206 0.493864137956
13.73/6.32	abalone 0.388830022071 0.20032594264 0.229801964716
15.57/7.19	diabetes 0.501159142692 0.346546916448 -0.137364043607
17.39/7.88	car 0.643365336152 0.525226338936 -0.0921147115952
19.25/8.67	autos 0.171739422125 0.0397006445142 0.645126190681
21.14/9.47	mfeat-fourier 0.669665915945 0.579483257324 -0.461219977005
23.00/10.16	primary-tumor 0.202756306779 0.0519491421925 0.570788002376
24.91/10.95	waveform-5000 0.251114121129 0.0848975151666 0.580484287807
26.78/11.75	credit-a 0.422196021586 0.25292061652 0.278606601386
28.69/12.55	letter 0.311847100711 0.12527100313 0.465744910206
30.60/13.34	postoperative-patient-data 0.461252037138 0.254360331636 -0.285394001188
32.46/14.14	vowel 0.486691353348 0.296207926031 0.0585009221008
34.36/14.93	eucalyptus 0.295336908218 0.11744705698 0.448938015459
36.24/15.73	cylinder-bands 0.264048233841 0.0823240548797 0.562384555002
38.10/16.52	ionosphere 0.478231986433 0.270682197424 -0.267294268383
39.97/17.32	mfeat-karhunen 0.241760662005 0.086029455295 0.584039592465
41.84/18.02	balance-scale 0.222599306359 0.0728061988085 0.428899025568
43.71/18.81	mfeat-morphological 0.510142084678 0.35405272828 -0.268587106441
45.60/19.60	liver-disorders 0.175681451554 0.0429931488059 0.390113883843
47.51/20.40	dermatology 0.220148171187 0.0633201971813 0.458957510404
49.37/21.19	vote 0.0733464394724 0.00885860548513 0.779581348658
51.24/21.99	breast-cancer 0.125912884488 0.0229618770714 0.395931655102
53.08/22.78	credit-g 0.557912858832 0.425582798757 -0.399163750246
54.94/23.58	soybean 0.121991092613 0.0197765894698 0.780550977201
56.81/24.37	arrhythmia 0.297362663114 0.113902395726 -0.104396673141
58.69/25.16	nursery 0.227525788415 0.0698743822969 0.636076324278
60.49/25.85	hepatitis 0.317871397528 0.149198532927 0.126051710604
62.37/26.65	cmc 0.166732112398 0.0391791501358 0.611512401186
64.18/27.35	heart-c 0.22316248342 0.0721790581114 0.732069550046
66.05/28.14	glass 0.291474813949 0.105708379421 0.562707764517
67.92/28.93	braziltourism 0.719723201597 0.653828089862 -0.547516917341
69.76/29.72	iris 0.311233707052 0.135421400714 0.168392156986
71.63/30.51	heart-statlog 0.319428497251 0.132321599079 0.510347823189
73.54/31.30	page-blocks 0.579601365106 0.453264552071 -0.391406721901
75.49/32.10	breast-w 0.248119120799 0.0830633248781 0.406920778591
77.36/32.89	heart-h 0.149171728593 0.0317658309267 0.663549133
79.28/33.70	yeast 0.346726480946 0.154434373506 0.403042264418
81.14/34.49	tae 0.362331821896 0.166333936778 0.0572080840433
83.05/35.29	haberman 0.284542460208 0.104829632319 -0.00775702834486
85.00/36.09	mfeat-pixel 0.404274093742 0.204579384997 0.11764826323
86.87/36.89	optdigits 0.178614128262 0.0442767962521 0.755987054109
88.82/37.69	mfeat-factors 0.276526126388 0.103752070281 0.508408566103
90.72/38.49	satimage 0.382198714007 0.180975539525 0.0397547702674
92.60/39.28	lymph 0.287278623015 0.121073486372 0.311573971852
94.47/39.98	audiology 0.26898790716 0.0908179648331 0.491278461841
96.44/40.78	ecoli 0.416837476104 0.224637184341 0.0966396447963
98.32/41.57	tic-tac-toe 0.199214726821 0.0572548023508 0.672598999402
100.26/42.38	spambase 0.337172498869 0.142960751959 0.661609875913
102.13/43.18	zoo 0.189412339534 0.049761120362 0.566586278689
103.98/43.97	sonar 0.559568926249 0.402739486485 -0.341955666202
105.85/44.77	mfeat-zernike 0.250402517996 0.0905827671913 0.493217718927
107.74/45.56	kr-vs-kp 0.205594086518 0.0542369843928 0.650297542911
107.80/45.61	MAE 0.332283975933 0.153964631222
107.80/45.61	MSE 0.173768491863 0.173768491863
107.80/45.61	Mean tau 0.28292173192 0.37085889332
107.80/45.61	(0.3333333333333333, '1_class_probability_max')
107.80/45.61	(0.9824561403508771, '0_class_probability_max')
107.80/45.61	(2.192982456140351, '1_skewness_min')
107.80/45.61	(2.807017543859649, '0_skewness_min')
107.80/45.61	(8.263157894736842, '1_class_entropy')
107.80/45.61	(9.368421052631579, '0_class_entropy')
107.80/45.61	(9.508771929824562, '0_landmark_naive_bayes')
107.80/45.61	(9.543859649122806, '1_landmark_naive_bayes')
107.80/45.61	(15.912280701754385, '0_landmark_decision_tree')
107.80/45.61	(17.07017543859649, '1_landmark_decision_tree')
107.80/45.61	(18.228070175438596, '1_pca_skewness_first_pc')
107.80/45.61	(18.31578947368421, '0_pca_skewness_first_pc')
107.80/45.61	(20.649122807017545, '0_class_probability_std')
107.80/45.61	(20.87719298245614, '1_landmark_lda')
107.80/45.61	(21.42105263157895, '1_class_probability_std')
107.80/45.61	(21.87719298245614, '0_landmark_lda')
107.80/45.61	(24.63157894736842, '0_kurtosis_min')
107.80/45.61	(25.736842105263158, '1_kurtosis_min')
107.80/45.61	(27.859649122807017, '1_landmark_1NN')
107.80/45.61	(27.964912280701753, '0_skewness_max')
107.80/45.61	(28.75438596491228, '0_landmark_1NN')
107.80/45.61	(30.50877192982456, '1_number_of_features')
107.80/45.61	(30.894736842105264, '0_skewness_std')
107.80/45.61	(31.017543859649123, '0_class_probability_min')
107.80/45.61	(31.19298245614035, '1_log_number_of_features')
107.80/45.61	(31.280701754385966, '1_class_probability_min')
107.80/45.61	(31.333333333333332, '0_number_of_features')
107.80/45.61	(32.91228070175438, '0_number_of_numeric_features')
107.80/45.61	(32.92982456140351, '1_landmark_random_node_learner')
107.80/45.61	(33.05263157894737, '0_log_number_of_features')
107.80/45.61	(33.31578947368421, '0_kurtosis_max')
107.80/45.61	(33.526315789473685, '1_kurtosis_max')
107.80/45.61	(33.87719298245614, '1_skewness_max')
107.80/45.61	(34.70175438596491, '1_number_of_numeric_features')
107.80/45.61	(34.8421052631579, '1_kurtosis_std')
107.80/45.61	(34.89473684210526, '0_kurtosis_std')
107.80/45.61	(34.94736842105263, '0_number_of_instances')
107.80/45.61	(36.05263157894737, '0_landmark_decision_node_learner')
107.80/45.61	(38.54385964912281, '1_number_of_instances')
107.80/45.61	(38.91228070175438, '0_landmark_random_node_learner')
107.80/45.61	(38.98245614035088, '1_log_number_of_instances')
107.80/45.61	(39.54385964912281, '0_log_number_of_instances')
107.80/45.61	(40.98245614035088, '1_landmark_decision_node_learner')
107.80/45.61	(41.3859649122807, '1_skewness_mean')
107.80/45.61	(43.43859649122807, '1_skewness_std')
107.80/45.61	(43.45614035087719, '0_pca_kurtosis_first_pc')
107.80/45.61	(43.92982456140351, '1_pca_kurtosis_first_pc')
107.80/45.61	(45.333333333333336, '1_symbols_mean')
107.80/45.61	(45.96491228070175, '0_pca_95%')
107.80/45.61	(46.14035087719298, '0_symbols_mean')
107.80/45.61	(46.666666666666664, '1_dataset_ratio')
107.80/45.61	(46.68421052631579, '0_skewness_mean')
107.80/45.61	(47.73684210526316, '1_pca_95%')
107.80/45.61	(47.96491228070175, '1_log_dataset_ratio')
107.80/45.61	(48.280701754385966, '1_symbols_sum')
107.80/45.61	(48.3859649122807, '1_log_inverse_dataset_ratio')
107.80/45.61	(50.333333333333336, '1_inverse_dataset_ratio')
107.80/45.61	(50.64912280701754, '0_dataset_ratio')
107.80/45.61	(50.92982456140351, '0_log_inverse_dataset_ratio')
107.80/45.61	(51.96491228070175, '0_inverse_dataset_ratio')
107.80/45.61	(52.19298245614035, '1_symbols_min')
107.80/45.61	(53.98245614035088, '0_symbols_sum')
107.80/45.61	(54.03508771929825, '0_symbols_min')
107.80/45.61	(54.08771929824562, '0_log_dataset_ratio')
107.80/45.61	(55.8421052631579, '0_ratio_numerical_to_categorical')
107.80/45.61	(59.421052631578945, '0_number_of_categorical_features')
107.80/45.61	(60.50877192982456, '1_ratio_numerical_to_categorical')
107.80/45.61	(61.01754385964912, '0_kurtosis_mean')
107.80/45.61	(61.78947368421053, '1_kurtosis_mean')
107.80/45.61	(64.57894736842105, '1_number_of_categorical_features')
107.80/45.61	(69.96491228070175, '0_symbols_max')
107.80/45.61	(71.24561403508773, '0_ratio_categorical_to_numerical')
107.80/45.61	(72.2280701754386, '1_class_probability_mean')
107.80/45.61	(72.71929824561404, '0_number_of_classes')
107.80/45.61	(72.96491228070175, '1_ratio_categorical_to_numerical')
107.80/45.61	(72.98245614035088, '0_class_probability_mean')
107.80/45.61	(73.84210526315789, '1_number_of_classes')
107.80/45.61	(75.71929824561404, '1_symbols_max')
107.80/45.61	(76.98245614035088, '1_symbols_std')
107.80/45.61	(77.19298245614036, '0_symbols_std')
107.80/45.61	(78.47368421052632, '1_percentage_of_features_with_missing_values')
107.80/45.61	(79.14035087719299, '0_percentage_of_features_with_missing_values')
107.80/45.61	(80.3157894736842, '0_percentage_of_missing_values')
107.80/45.61	(80.7719298245614, '1_percentage_of_Instances_with_missing_values')
107.80/45.61	(80.98245614035088, '0_number_of_Instances_with_missing_values')
107.80/45.61	(81.59649122807018, '1_number_of_Instances_with_missing_values')
107.80/45.61	(81.91228070175438, '0_percentage_of_Instances_with_missing_values')
107.80/45.61	(83.0, '1_percentage_of_missing_values')
107.80/45.61	(83.42105263157895, '1_number_of_missing_values')
107.80/45.61	(83.89473684210526, '0_number_of_missing_values')
107.80/45.61	(84.49122807017544, '0_number_of_features_with_missing_values')
107.80/45.61	(84.91228070175438, '1_number_of_features_with_missing_values')
107.80/45.61	Result for ParamILS: SAT, 44.612869, 1, 0.332284, -1, /home/feurerm/thesis/Software/pyMetaLearn/optimizers/metalearn_optimizer/learn_distances.py
