0.76/1.01	['/home/feurerm/thesis/Software/pyMetaLearn/optimizers/metalearn_optimizer/learn_distances.py', '--input_file', '/home/feurerm/thesis/experiments/2014_04_25_predict_distances/testfold_0-3_spearman_rank_perm.pkl', '--fold', '0', '--folds', '1', '--params', '-max_features', '0.2226177509', '-min_samples_leaf', '7', '-min_samples_split', '7', '-n_estimators', '39', '-n_jobs', '4', '-seed', '12']
0.76/1.03	Metafeatures (57, 46)
0.76/1.03	X (3192, 92)
0.76/1.03	Y (3192,)
0.76/1.03	Dataset Mae MSE Rho
2.24/1.58	vehicle 0.387268948996 0.189751679768 0.218812841228
3.89/2.24	anneal.ORIG 0.518913166203 0.316802636052 0.349066275519
5.55/2.90	segment 0.285174494421 0.104289257961 0.726898197816
7.21/3.56	pendigits 0.406564406595 0.19932714331 0.273758458671
8.87/4.22	mushroom 0.205379302816 0.0507692498176 0.609896353614
10.52/4.88	labor 0.243365831715 0.0810199603373 0.654822476112
12.17/5.54	abalone 0.435164833805 0.239255013459 0.101164577998
13.89/6.20	diabetes 0.48239153558 0.327584474415 -0.135747996035
15.49/6.86	car 0.436332521829 0.283075608131 0.265355011297
17.14/7.52	autos 0.229726937536 0.0674922793519 0.526508298907
18.83/8.18	mfeat-fourier 0.634995262133 0.529204649065 -0.483521433496
20.46/8.85	primary-tumor 0.219077811959 0.0594002639708 0.541699146083
22.08/9.51	waveform-5000 0.276455462285 0.101508411674 0.445382710801
23.70/10.17	credit-a 0.401969902907 0.226784797091 0.245962440435
25.41/10.93	letter 0.279405786557 0.100738693712 0.665488390086
27.05/11.59	postoperative-patient-data 0.4369492766 0.240193875585 -0.501297956786
28.66/12.25	vowel 0.524878214994 0.345097248673 -0.0126051710604
30.33/12.91	eucalyptus 0.302187049129 0.117618410874 0.384296112585
31.99/13.57	cylinder-bands 0.292984525669 0.102442767593 0.477057243209
33.65/14.23	ionosphere 0.417076871274 0.201444710815 -0.0109891234885
35.33/14.89	mfeat-karhunen 0.285581720523 0.110534614181 0.48675352864
37.02/15.55	balance-scale 0.206849618723 0.0630378035776 0.661609875913
38.66/16.21	mfeat-morphological 0.453325227123 0.27450771346 -0.142212186322
40.32/16.87	liver-disorders 0.236951930142 0.0778952554754 0.46089676749
42.00/17.66	dermatology 0.199818146242 0.0523179724332 0.527801136965
43.71/18.42	vote 0.0812710116396 0.010721313232 0.788954424575
45.37/19.08	breast-cancer 0.244844270933 0.0804787746664 -0.0762774453911
47.04/19.84	credit-g 0.529666646718 0.374757426504 -0.534911746281
48.71/20.61	soybean 0.123906197416 0.0215469245872 0.851333860848
50.37/21.27	arrhythmia 0.278275568068 0.104114539001 0.0232710850346
52.08/21.94	nursery 0.267333816798 0.0873870675988 0.626380038847
53.71/22.60	hepatitis 0.395884810816 0.219552462062 -0.197804222794
55.41/23.37	cmc 0.196978404349 0.0489370599383 0.647065447767
57.06/24.03	heart-c 0.294383686538 0.114637669852 0.609249934586
58.79/24.70	glass 0.386207871227 0.180684655419 0.173563509216
60.36/25.36	braziltourism 0.644868173406 0.504172321127 -0.543638403169
62.02/26.02	iris 0.307026639444 0.125262941501 0.229155545688
63.65/26.69	heart-statlog 0.352554768748 0.164563592478 0.438595310999
65.35/27.36	page-blocks 0.480543330875 0.313911260773 0.0113123330029
67.01/28.03	breast-w 0.230801388058 0.0720590490035 0.501621166301
68.64/28.69	heart-h 0.190582301446 0.0469957656047 0.601816115755
70.27/29.35	yeast 0.378347873966 0.178841506215 0.392376350444
71.90/30.01	tae 0.334150634591 0.140783213698 0.0307049038651
73.55/30.67	haberman 0.287342430588 0.106461003728 -0.0326441609513
75.21/31.33	mfeat-pixel 0.395448883377 0.19172793132 0.0736917692761
76.82/31.99	optdigits 0.24206736846 0.0743854205067 0.707182417439
78.47/32.65	mfeat-factors 0.253515613451 0.0889242787118 0.654176057083
80.14/33.31	satimage 0.359357758206 0.157870195587 0.0956700162532
81.78/33.97	lymph 0.28649693405 0.114328994833 0.433747168283
83.45/34.63	audiology 0.306045697914 0.114773911364 0.402395845389
85.12/35.29	ecoli 0.440382506956 0.245043108664 -0.0591473411295
86.78/35.95	tic-tac-toe 0.223342429478 0.073693119725 0.700718227152
88.45/36.72	spambase 0.380860450064 0.188371224191 0.662902713971
90.13/37.39	zoo 0.173103775508 0.0391845461064 0.690698732207
91.80/38.05	sonar 0.527021436664 0.347142938485 -0.280869067987
93.45/38.72	mfeat-zernike 0.246213565278 0.0819402890892 0.524245832307
95.12/39.38	kr-vs-kp 0.2316213793 0.0666954980759 0.56884874529
95.19/39.49	MAE 0.331039235265 0.12043611787
95.19/39.49	MSE 0.160386745516 0.160386745516
95.19/39.49	Mean tau 0.299144581404 0.3620977205
95.19/39.49	(0.10526315789473684, '0_class_probability_max')
95.19/39.49	(1.9298245614035088, '1_class_probability_max')
95.19/39.49	(3.824561403508772, '1_landmark_random_node_learner')
95.19/39.49	(5.2105263157894735, '1_class_probability_std')
95.19/39.49	(5.368421052631579, '0_class_entropy')
95.19/39.49	(6.701754385964913, '1_landmark_decision_tree')
95.19/39.49	(6.701754385964913, '1_skewness_min')
95.19/39.49	(7.859649122807017, '0_skewness_min')
95.19/39.49	(9.631578947368421, '1_class_entropy')
95.19/39.49	(9.75438596491228, '0_class_probability_std')
95.19/39.49	(10.017543859649123, '0_landmark_naive_bayes')
95.19/39.49	(11.508771929824562, '1_landmark_1NN')
95.19/39.49	(12.789473684210526, '0_landmark_1NN')
95.19/39.49	(12.824561403508772, '1_landmark_lda')
95.19/39.49	(13.192982456140351, '0_landmark_decision_tree')
95.19/39.49	(13.578947368421053, '0_landmark_random_node_learner')
95.19/39.49	(14.140350877192983, '1_landmark_naive_bayes')
95.19/39.49	(19.157894736842106, '1_pca_skewness_first_pc')
95.19/39.49	(20.80701754385965, '0_landmark_lda')
95.19/39.49	(22.842105263157894, '0_pca_skewness_first_pc')
95.19/39.49	(23.473684210526315, '0_number_of_features')
95.19/39.49	(26.614035087719298, '0_log_number_of_features')
95.19/39.49	(27.31578947368421, '0_kurtosis_min')
95.19/39.49	(28.75438596491228, '1_log_number_of_features')
95.19/39.49	(29.140350877192983, '0_number_of_categorical_features')
95.19/39.49	(29.17543859649123, '1_kurtosis_min')
95.19/39.49	(29.350877192982455, '1_number_of_features')
95.19/39.49	(31.473684210526315, '0_skewness_max')
95.19/39.49	(31.70175438596491, '1_number_of_numeric_features')
95.19/39.49	(32.59649122807018, '1_kurtosis_std')
95.19/39.49	(35.49122807017544, '1_skewness_std')
95.19/39.49	(35.719298245614034, '0_skewness_std')
95.19/39.49	(36.14035087719298, '1_skewness_max')
95.19/39.49	(36.24561403508772, '0_number_of_numeric_features')
95.19/39.49	(38.21052631578947, '1_number_of_categorical_features')
95.19/39.49	(38.24561403508772, '1_landmark_decision_node_learner')
95.19/39.49	(39.29824561403509, '0_kurtosis_std')
95.19/39.49	(40.03508771929825, '0_landmark_decision_node_learner')
95.19/39.49	(40.3859649122807, '0_symbols_sum')
95.19/39.49	(42.85964912280702, '0_pca_kurtosis_first_pc')
95.19/39.49	(43.1578947368421, '0_kurtosis_max')
95.19/39.49	(43.94736842105263, '1_pca_kurtosis_first_pc')
95.19/39.49	(46.70175438596491, '1_symbols_sum')
95.19/39.49	(46.771929824561404, '0_class_probability_min')
95.19/39.49	(47.31578947368421, '1_pca_95%')
95.19/39.49	(47.63157894736842, '1_kurtosis_max')
95.19/39.49	(47.68421052631579, '1_symbols_mean')
95.19/39.49	(47.70175438596491, '1_class_probability_min')
95.19/39.49	(49.333333333333336, '0_symbols_mean')
95.19/39.49	(49.68421052631579, '1_ratio_numerical_to_categorical')
95.19/39.49	(51.43859649122807, '0_skewness_mean')
95.19/39.49	(51.54385964912281, '0_pca_95%')
95.19/39.49	(53.56140350877193, '1_log_number_of_instances')
95.19/39.49	(54.36842105263158, '1_number_of_instances')
95.19/39.49	(54.578947368421055, '0_number_of_instances')
95.19/39.49	(54.8421052631579, '0_ratio_numerical_to_categorical')
95.19/39.49	(57.36842105263158, '1_log_inverse_dataset_ratio')
95.19/39.49	(57.92982456140351, '0_log_number_of_instances')
95.19/39.49	(58.08771929824562, '1_kurtosis_mean')
95.19/39.49	(58.29824561403509, '1_skewness_mean')
95.19/39.49	(58.719298245614034, '1_inverse_dataset_ratio')
95.19/39.49	(58.771929824561404, '0_log_dataset_ratio')
95.19/39.49	(59.59649122807018, '0_inverse_dataset_ratio')
95.19/39.49	(59.824561403508774, '0_log_inverse_dataset_ratio')
95.19/39.49	(60.6140350877193, '0_kurtosis_mean')
95.19/39.49	(60.64912280701754, '1_log_dataset_ratio')
95.19/39.49	(61.228070175438596, '1_dataset_ratio')
95.19/39.49	(61.70175438596491, '1_symbols_min')
95.19/39.49	(65.94736842105263, '0_dataset_ratio')
95.19/39.49	(67.10526315789474, '1_ratio_categorical_to_numerical')
95.19/39.49	(67.94736842105263, '1_symbols_max')
95.19/39.49	(67.96491228070175, '0_percentage_of_features_with_missing_values')
95.19/39.49	(69.28070175438596, '0_number_of_classes')
95.19/39.49	(70.3157894736842, '1_number_of_classes')
95.19/39.49	(71.78947368421052, '1_percentage_of_features_with_missing_values')
95.19/39.49	(71.84210526315789, '0_symbols_min')
95.19/39.49	(72.10526315789474, '0_class_probability_mean')
95.19/39.49	(72.26315789473684, '0_symbols_max')
95.19/39.49	(72.26315789473684, '1_percentage_of_missing_values')
95.19/39.49	(72.94736842105263, '1_class_probability_mean')
95.19/39.49	(73.43859649122807, '0_symbols_std')
95.19/39.49	(73.64912280701755, '0_ratio_categorical_to_numerical')
95.19/39.49	(76.26315789473684, '1_symbols_std')
95.19/39.49	(76.29824561403508, '0_percentage_of_missing_values')
95.19/39.49	(80.3157894736842, '0_percentage_of_Instances_with_missing_values')
95.19/39.49	(82.05263157894737, '0_number_of_Instances_with_missing_values')
95.19/39.49	(82.08771929824562, '0_number_of_features_with_missing_values')
95.19/39.49	(82.2280701754386, '1_number_of_Instances_with_missing_values')
95.19/39.49	(82.26315789473684, '1_number_of_features_with_missing_values')
95.19/39.49	(83.45614035087719, '0_number_of_missing_values')
95.19/39.49	(83.96491228070175, '1_percentage_of_Instances_with_missing_values')
95.19/39.49	(84.98245614035088, '1_number_of_missing_values')
95.19/39.49	Result for ParamILS: SAT, 38.477393, 1, 0.331039, -1, /home/feurerm/thesis/Software/pyMetaLearn/optimizers/metalearn_optimizer/learn_distances.py
