0.77/1.03	['/home/feurerm/thesis/Software/pyMetaLearn/optimizers/metalearn_optimizer/learn_distances.py', '--input_file', '/home/feurerm/thesis/experiments/2014_04_25_predict_distances/testfold_0-3_spearman_rank_perm.pkl', '--fold', '0', '--folds', '1', '--params', '-max_features', '0.376493691356', '-min_samples_leaf', '8', '-min_samples_split', '3', '-n_estimators', '79', '-n_jobs', '4', '-seed', '4']
0.77/1.04	Metafeatures (57, 46)
0.77/1.04	X (3192, 92)
0.77/1.04	Y (3192,)
0.77/1.04	Dataset Mae MSE Rho
5.46/2.39	vehicle 0.412238318971 0.216664072102 0.0442797034686
10.56/4.00	anneal.ORIG 0.599845074967 0.41230649855 -0.0113123330029
15.48/5.69	segment 0.28950930739 0.10774469669 0.690052313178
20.56/7.37	pendigits 0.396247520898 0.184976172416 0.295090286619
25.59/8.97	mushroom 0.212967587348 0.0549420562378 0.594705506439
30.61/10.66	labor 0.179009289675 0.0431560194561 0.793479357776
35.68/12.36	abalone 0.409260284485 0.212130524586 0.212025441426
40.70/14.04	diabetes 0.478846983959 0.318233389073 -0.0707828836468
45.65/15.62	car 0.511369991948 0.374290972589 -0.185199051733
50.61/17.21	autos 0.210777836708 0.0559938214891 0.645126190681
55.68/18.91	mfeat-fourier 0.648230837358 0.550762225827 -0.4993586997
60.74/20.62	primary-tumor 0.198760557528 0.0494594164476 0.607310677499
65.78/22.31	waveform-5000 0.269241299029 0.0973337585322 0.474148357579
70.72/23.91	credit-a 0.409557512719 0.239062580916 0.266647849354
75.69/25.49	letter 0.28899388881 0.108632068177 0.641247676508
80.89/27.17	postoperative-patient-data 0.439501569782 0.234919348623 -0.500005118729
85.90/28.79	vowel 0.509679017829 0.329068561825 -0.0575312935577
90.90/30.37	eucalyptus 0.296369622321 0.115304161397 0.498389071157
95.92/32.07	cylinder-bands 0.278656115159 0.0901807828604 0.60440179187
100.92/33.66	ionosphere 0.417501804358 0.200282594151 -0.0261799706639
105.97/35.36	mfeat-karhunen 0.28067866038 0.10576123321 0.529093975022
111.00/37.06	balance-scale 0.188786330007 0.0507175029522 0.655145685626
116.03/38.66	mfeat-morphological 0.476921146414 0.307004371164 -0.200389898909
121.07/40.36	liver-disorders 0.195955190216 0.0556427614305 0.507438937559
126.16/42.05	dermatology 0.201648935003 0.0517498278142 0.521336946677
131.20/43.74	vote 0.0746204795308 0.00920079886175 0.794772195833
136.25/45.43	breast-cancer 0.218575268643 0.0652917933903 0.119910729831
141.36/47.12	credit-g 0.534669717675 0.384882897208 -0.496773023585
146.39/48.71	soybean 0.111502676043 0.0171689066916 0.850687441819
151.46/50.30	arrhythmia 0.270495177281 0.0961529543922 0.0904986640233
156.35/51.87	nursery 0.248488117304 0.0787320951985 0.650620752425
161.27/53.45	hepatitis 0.347967076037 0.17322409963 -0.23077159326
166.29/55.14	cmc 0.175439223583 0.0379562161218 0.738210530819
171.34/56.82	heart-c 0.281332083791 0.103686970971 0.701687855695
176.38/58.40	glass 0.345184451276 0.145194446145 0.408860035677
181.27/59.99	braziltourism 0.633982649386 0.482267879553 -0.587594897123
186.35/61.69	iris 0.310162151627 0.130736206159 0.166776109414
191.25/63.26	heart-statlog 0.349995831168 0.166508926365 0.528124346479
196.44/64.94	page-blocks 0.517461552033 0.360606215532 -0.425990139938
201.43/66.62	breast-w 0.226074286621 0.070437364665 0.572727259462
206.50/68.32	heart-h 0.177228476552 0.0404632310978 0.68649700852
211.52/69.91	yeast 0.371578240357 0.169745888536 0.485783900097
216.57/71.59	tae 0.358209236087 0.164273715372 -0.096316435282
221.68/73.28	haberman 0.294944544344 0.112898891432 -0.0966396447963
226.69/74.97	mfeat-pixel 0.393418080863 0.190632917985 0.117325053716
231.71/76.65	optdigits 0.236976714001 0.0706327043541 0.712030560155
236.77/78.33	mfeat-factors 0.272295326228 0.0993219728937 0.636076324278
241.78/80.02	satimage 0.340859131812 0.144284045862 0.15901908107
246.78/81.60	lymph 0.322165603476 0.142938797453 0.354884046777
251.68/83.18	audiology 0.278410025384 0.0946988868486 0.51487275639
256.76/84.88	ecoli 0.430011708854 0.234395652483 0.00969628543107
261.83/86.58	tic-tac-toe 0.195412158478 0.0547966294379 0.710737722098
267.04/88.30	spambase 0.359527511873 0.165696369556 0.740149787905
272.03/90.01	zoo 0.173809982148 0.0410414619262 0.689082684635
277.10/91.69	sonar 0.538808332753 0.364726727134 -0.357792932407
282.16/93.37	mfeat-zernike 0.233461958698 0.0783371710087 0.565616650146
287.19/95.08	kr-vs-kp 0.2214980866 0.0606589434642 0.603432163327
287.50/95.33	MAE 0.327107377961 0.130376454278
287.50/95.33	MSE 0.15996335432 0.15996335432
287.50/95.33	Mean tau 0.30430459295 0.39993701274
287.50/95.33	(0.15789473684210525, '0_class_probability_max')
287.50/95.33	(0.9122807017543859, '1_class_probability_max')
287.50/95.33	(2.754385964912281, '0_skewness_min')
287.50/95.33	(2.754385964912281, '1_skewness_min')
287.50/95.33	(6.2105263157894735, '1_class_probability_std')
287.50/95.33	(7.421052631578948, '0_class_entropy')
287.50/95.33	(7.614035087719298, '1_landmark_random_node_learner')
287.50/95.33	(7.7368421052631575, '1_class_entropy')
287.50/95.33	(7.9298245614035086, '0_class_probability_std')
287.50/95.33	(8.666666666666666, '0_landmark_decision_tree')
287.50/95.33	(9.43859649122807, '0_landmark_random_node_learner')
287.50/95.33	(10.157894736842104, '1_landmark_decision_tree')
287.50/95.33	(10.87719298245614, '1_landmark_naive_bayes')
287.50/95.33	(12.210526315789474, '0_landmark_naive_bayes')
287.50/95.33	(17.49122807017544, '1_landmark_1NN')
287.50/95.33	(20.157894736842106, '1_skewness_std')
287.50/95.33	(20.70175438596491, '1_landmark_lda')
287.50/95.33	(21.333333333333332, '0_pca_skewness_first_pc')
287.50/95.33	(21.350877192982455, '1_pca_skewness_first_pc')
287.50/95.33	(22.017543859649123, '0_landmark_1NN')
287.50/95.33	(22.350877192982455, '0_skewness_max')
287.50/95.33	(22.649122807017545, '0_log_number_of_features')
287.50/95.33	(23.94736842105263, '1_number_of_features')
287.50/95.33	(23.964912280701753, '1_skewness_max')
287.50/95.33	(25.280701754385966, '0_kurtosis_std')
287.50/95.33	(25.50877192982456, '1_log_number_of_features')
287.50/95.33	(25.789473684210527, '0_number_of_features')
287.50/95.33	(26.350877192982455, '0_skewness_std')
287.50/95.33	(26.771929824561404, '0_landmark_lda')
287.50/95.33	(29.82456140350877, '0_kurtosis_min')
287.50/95.33	(30.50877192982456, '1_kurtosis_min')
287.50/95.33	(30.666666666666668, '1_symbols_sum')
287.50/95.33	(31.0, '0_symbols_sum')
287.50/95.33	(31.894736842105264, '0_number_of_numeric_features')
287.50/95.33	(32.666666666666664, '1_kurtosis_std')
287.50/95.33	(32.89473684210526, '1_number_of_numeric_features')
287.50/95.33	(38.54385964912281, '0_number_of_categorical_features')
287.50/95.33	(39.36842105263158, '0_kurtosis_max')
287.50/95.33	(40.50877192982456, '1_class_probability_min')
287.50/95.33	(42.0, '1_number_of_categorical_features')
287.50/95.33	(42.05263157894737, '1_kurtosis_max')
287.50/95.33	(42.3859649122807, '0_class_probability_min')
287.50/95.33	(44.80701754385965, '0_landmark_decision_node_learner')
287.50/95.33	(45.45614035087719, '1_landmark_decision_node_learner')
287.50/95.33	(47.85964912280702, '0_pca_kurtosis_first_pc')
287.50/95.33	(48.24561403508772, '0_number_of_instances')
287.50/95.33	(48.26315789473684, '1_pca_kurtosis_first_pc')
287.50/95.33	(48.64912280701754, '1_number_of_instances')
287.50/95.33	(48.98245614035088, '1_log_number_of_instances')
287.50/95.33	(49.21052631578947, '0_log_number_of_instances')
287.50/95.33	(50.45614035087719, '1_pca_95%')
287.50/95.33	(51.87719298245614, '0_skewness_mean')
287.50/95.33	(52.03508771929825, '0_symbols_mean')
287.50/95.33	(52.175438596491226, '1_skewness_mean')
287.50/95.33	(53.1578947368421, '0_pca_95%')
287.50/95.33	(55.14035087719298, '0_dataset_ratio')
287.50/95.33	(56.87719298245614, '1_symbols_mean')
287.50/95.33	(57.73684210526316, '0_log_inverse_dataset_ratio')
287.50/95.33	(58.824561403508774, '1_inverse_dataset_ratio')
287.50/95.33	(58.91228070175438, '1_dataset_ratio')
287.50/95.33	(58.98245614035088, '1_ratio_numerical_to_categorical')
287.50/95.33	(60.10526315789474, '1_log_inverse_dataset_ratio')
287.50/95.33	(60.59649122807018, '1_log_dataset_ratio')
287.50/95.33	(60.6140350877193, '0_log_dataset_ratio')
287.50/95.33	(60.666666666666664, '0_ratio_numerical_to_categorical')
287.50/95.33	(60.89473684210526, '0_inverse_dataset_ratio')
287.50/95.33	(62.771929824561404, '0_symbols_min')
287.50/95.33	(63.421052631578945, '0_kurtosis_mean')
287.50/95.33	(63.94736842105263, '1_kurtosis_mean')
287.50/95.33	(65.73684210526316, '1_symbols_min')
287.50/95.33	(70.24561403508773, '1_symbols_max')
287.50/95.33	(70.9298245614035, '0_symbols_max')
287.50/95.33	(72.63157894736842, '1_percentage_of_features_with_missing_values')
287.50/95.33	(74.12280701754386, '1_ratio_categorical_to_numerical')
287.50/95.33	(74.63157894736842, '0_percentage_of_features_with_missing_values')
287.50/95.33	(74.85964912280701, '0_ratio_categorical_to_numerical')
287.50/95.33	(76.6140350877193, '1_class_probability_mean')
287.50/95.33	(76.84210526315789, '0_percentage_of_missing_values')
287.50/95.33	(76.91228070175438, '1_number_of_classes')
287.50/95.33	(77.82456140350877, '0_number_of_classes')
287.50/95.33	(77.87719298245614, '1_percentage_of_missing_values')
287.50/95.33	(78.08771929824562, '0_class_probability_mean')
287.50/95.33	(78.56140350877193, '1_symbols_std')
287.50/95.33	(78.6140350877193, '0_symbols_std')
287.50/95.33	(82.63157894736842, '0_percentage_of_Instances_with_missing_values')
287.50/95.33	(83.29824561403508, '0_number_of_Instances_with_missing_values')
287.50/95.33	(83.94736842105263, '1_number_of_features_with_missing_values')
287.50/95.33	(84.57894736842105, '1_number_of_Instances_with_missing_values')
287.50/95.33	(84.98245614035088, '1_percentage_of_Instances_with_missing_values')
287.50/95.33	(85.05263157894737, '1_number_of_missing_values')
287.50/95.33	(85.54385964912281, '0_number_of_missing_values')
287.50/95.33	(85.98245614035088, '0_number_of_features_with_missing_values')
287.50/95.33	Result for ParamILS: SAT, 94.299077, 1, 0.327107, -1, /home/feurerm/thesis/Software/pyMetaLearn/optimizers/metalearn_optimizer/learn_distances.py
