0.70/1.29	['/home/feurerm/thesis/Software/pyMetaLearn/optimizers/metalearn_optimizer/learn_distances.py', '--input_file', '/home/feurerm/thesis/experiments/2014_04_25_predict_distances/testfold_0-3_spearman_rank_perm.pkl', '--fold', '0', '--folds', '1', '--params', '-max_features', '0.895087916683', '-min_samples_leaf', '4', '-min_samples_split', '9', '-n_estimators', '84', '-n_jobs', '4', '-seed', '39']
0.76/1.30	Metafeatures (57, 46)
0.76/1.30	X (3192, 92)
0.76/1.30	Y (3192,)
0.76/1.30	Dataset Mae MSE Rho
13.13/6.34	vehicle 0.514330129785 0.33993111948 -0.249517745093
26.21/13.27	anneal.ORIG 0.776965010732 0.6726648148 -0.212671860455
39.17/16.95	segment 0.266180257726 0.0893712624541 0.772793948856
52.13/25.03	pendigits 0.394966180518 0.189175966749 0.237882202576
65.11/28.81	mushroom 0.233037493943 0.0661669773803 0.559152459858
78.06/32.72	labor 0.222663343323 0.0708438145439 0.439888149056
90.95/36.35	abalone 0.37711860415 0.180832888107 0.380417598412
103.52/44.55	diabetes 0.484865418502 0.337240217215 -0.274404877699
116.25/48.24	car 0.620037416806 0.496717721965 -0.100518158969
129.14/51.90	autos 0.17285776022 0.0391146270869 0.63252101962
141.99/55.52	mfeat-fourier 0.681357035078 0.60270881935 -0.515519175419
154.90/59.32	primary-tumor 0.181426897455 0.0407576569192 0.661609875913
167.77/63.14	waveform-5000 0.208288821237 0.0598015301743 0.702657484238
180.92/67.01	credit-a 0.44797721048 0.281618794274 0.164513642814
193.67/70.63	letter 0.309356343295 0.120009391657 0.484814271554
207.00/75.96	postoperative-patient-data 0.4531977753 0.251533579165 -0.252426630722
219.88/79.87	vowel 0.47325789452 0.272469640401 0.129607015262
233.03/83.53	eucalyptus 0.264912585208 0.0944063396181 0.575312935577
246.00/87.24	cylinder-bands 0.266634675169 0.0851503351292 0.579837868778
258.97/91.04	ionosphere 0.431751305208 0.21594277208 -0.206207670167
271.98/94.75	mfeat-karhunen 0.26606867747 0.0958138155588 0.574020097519
284.97/98.37	balance-scale 0.236738647471 0.0820046331124 0.403042264418
297.82/102.06	mfeat-morphological 0.502385409039 0.337132208088 -0.218166422199
310.83/105.71	liver-disorders 0.138861399156 0.0267091034482 0.536851003367
323.97/109.96	dermatology 0.220798621393 0.061513632942 0.469623424378
336.77/115.78	vote 0.0649273097935 0.00723224130071 0.802529224178
349.76/119.50	breast-cancer 0.108693988105 0.0183169396804 0.541052727054
362.82/123.31	credit-g 0.567289789991 0.441017675714 -0.475764405151
375.75/127.06	soybean 0.105494988622 0.0155499734947 0.822568214069
388.80/130.70	arrhythmia 0.328774721569 0.134858369942 -0.227539498116
401.55/134.33	nursery 0.229125837871 0.0669146249311 0.683911332405
414.43/137.95	hepatitis 0.283517302444 0.102861340529 0.150615633696
427.26/141.57	cmc 0.151035858107 0.0303904503706 0.703950322296
439.99/145.29	heart-c 0.21939527022 0.0639765336103 0.850041022791
452.85/148.94	glass 0.290482016448 0.10408592817 0.672922208916
466.43/152.81	braziltourism 0.708947986382 0.606629388821 -0.597291182554
479.25/156.78	iris 0.293979329394 0.114324097955 0.246932068978
492.18/160.43	heart-statlog 0.308041803458 0.125709581512 0.585332430522
505.62/164.35	page-blocks 0.617937578477 0.507839154487 -0.729483873931
518.64/168.19	breast-w 0.242869122232 0.0797039710103 0.411122502277
531.58/171.92	heart-h 0.145079358041 0.0274315966522 0.744997930621
544.53/175.68	yeast 0.315465771393 0.123623412024 0.643186933594
557.30/179.43	tae 0.359521543537 0.159176694469 0.0775702834486
570.33/183.17	haberman 0.295371407274 0.11505006542 -0.0103427044598
583.29/186.84	mfeat-pixel 0.402739623164 0.201405203683 0.131869481863
596.35/190.76	optdigits 0.222656990119 0.0632179158428 0.730453502474
609.39/194.44	mfeat-factors 0.239188315634 0.0743812614441 0.73013029296
622.46/198.19	satimage 0.356000608033 0.16039181397 0.0850041022791
635.35/201.86	lymph 0.237648646139 0.084881678946 0.371690941524
648.34/205.74	audiology 0.277916356339 0.092543001563 0.481905385924
661.20/209.38	ecoli 0.400432371254 0.202889646932 0.176149185331
674.17/213.04	tic-tac-toe 0.157162727517 0.0340932195695 0.753401377994
687.55/216.80	spambase 0.358262184875 0.169658478259 0.663872342514
700.30/220.68	zoo 0.206048308352 0.0577856347028 0.532002860651
713.22/224.56	sonar 0.554209468383 0.382706153924 -0.338723571059
726.20/228.33	mfeat-zernike 0.214838683411 0.0657851328972 0.636399533793
739.22/232.16	kr-vs-kp 0.234598021232 0.0659929809635 0.590503782752
739.57/232.43	MAE 0.32708224914 0.158641791657
739.57/232.43	MSE 0.168597470605 0.168597470605
739.57/232.43	Mean tau 0.310808475634 0.415297753807
739.57/232.43	(0.07017543859649122, '0_class_probability_max')
739.57/232.43	(1.087719298245614, '1_class_probability_max')
739.57/232.43	(2.4035087719298245, '1_skewness_min')
739.57/232.43	(2.5964912280701755, '0_skewness_min')
739.57/232.43	(5.684210526315789, '1_class_entropy')
739.57/232.43	(6.280701754385965, '1_landmark_naive_bayes')
739.57/232.43	(7.0, '0_landmark_naive_bayes')
739.57/232.43	(9.210526315789474, '1_landmark_decision_tree')
739.57/232.43	(11.31578947368421, '1_class_probability_std')
739.57/232.43	(11.421052631578947, '1_pca_skewness_first_pc')
739.57/232.43	(13.0, '0_pca_skewness_first_pc')
739.57/232.43	(13.070175438596491, '1_landmark_lda')
739.57/232.43	(13.298245614035087, '0_class_entropy')
739.57/232.43	(14.24561403508772, '0_landmark_lda')
739.57/232.43	(15.140350877192983, '0_class_probability_std')
739.57/232.43	(16.75438596491228, '0_landmark_decision_tree')
739.57/232.43	(16.859649122807017, '1_kurtosis_min')
739.57/232.43	(21.36842105263158, '0_kurtosis_min')
739.57/232.43	(23.0, '1_landmark_1NN')
739.57/232.43	(25.07017543859649, '0_landmark_1NN')
739.57/232.43	(25.385964912280702, '1_skewness_max')
739.57/232.43	(25.49122807017544, '0_class_probability_min')
739.57/232.43	(26.70175438596491, '1_class_probability_min')
739.57/232.43	(27.12280701754386, '0_skewness_max')
739.57/232.43	(28.228070175438596, '0_kurtosis_max')
739.57/232.43	(29.912280701754387, '1_landmark_random_node_learner')
739.57/232.43	(30.719298245614034, '1_number_of_numeric_features')
739.57/232.43	(31.140350877192983, '0_number_of_numeric_features')
739.57/232.43	(32.01754385964912, '1_kurtosis_max')
739.57/232.43	(32.473684210526315, '0_log_number_of_instances')
739.57/232.43	(33.12280701754386, '1_skewness_mean')
739.57/232.43	(33.473684210526315, '0_skewness_mean')
739.57/232.43	(34.03508771929825, '1_number_of_instances')
739.57/232.43	(34.80701754385965, '1_log_number_of_features')
739.57/232.43	(34.85964912280702, '1_number_of_features')
739.57/232.43	(35.43859649122807, '0_number_of_instances')
739.57/232.43	(35.59649122807018, '0_number_of_features')
739.57/232.43	(35.824561403508774, '1_log_number_of_instances')
739.57/232.43	(36.10526315789474, '0_log_number_of_features')
739.57/232.43	(39.36842105263158, '0_skewness_std')
739.57/232.43	(39.91228070175438, '0_landmark_decision_node_learner')
739.57/232.43	(40.35087719298246, '1_pca_kurtosis_first_pc')
739.57/232.43	(41.228070175438596, '1_landmark_decision_node_learner')
739.57/232.43	(41.36842105263158, '0_symbols_mean')
739.57/232.43	(42.421052631578945, '0_landmark_random_node_learner')
739.57/232.43	(42.80701754385965, '1_skewness_std')
739.57/232.43	(44.24561403508772, '0_kurtosis_std')
739.57/232.43	(44.78947368421053, '0_pca_kurtosis_first_pc')
739.57/232.43	(44.824561403508774, '1_symbols_mean')
739.57/232.43	(48.92982456140351, '0_symbols_min')
739.57/232.43	(48.92982456140351, '1_kurtosis_std')
739.57/232.43	(49.64912280701754, '1_pca_95%')
739.57/232.43	(50.40350877192982, '0_pca_95%')
739.57/232.43	(51.824561403508774, '1_symbols_min')
739.57/232.43	(52.89473684210526, '1_log_inverse_dataset_ratio')
739.57/232.43	(53.64912280701754, '1_inverse_dataset_ratio')
739.57/232.43	(53.91228070175438, '0_symbols_sum')
739.57/232.43	(54.719298245614034, '0_dataset_ratio')
739.57/232.43	(55.21052631578947, '0_inverse_dataset_ratio')
739.57/232.43	(55.526315789473685, '0_log_inverse_dataset_ratio')
739.57/232.43	(55.92982456140351, '0_log_dataset_ratio')
739.57/232.43	(56.333333333333336, '1_dataset_ratio')
739.57/232.43	(56.80701754385965, '0_ratio_numerical_to_categorical')
739.57/232.43	(56.8421052631579, '1_log_dataset_ratio')
739.57/232.43	(57.78947368421053, '1_symbols_sum')
739.57/232.43	(57.89473684210526, '1_ratio_numerical_to_categorical')
739.57/232.43	(59.36842105263158, '1_number_of_categorical_features')
739.57/232.43	(63.228070175438596, '0_number_of_categorical_features')
739.57/232.43	(66.0701754385965, '1_kurtosis_mean')
739.57/232.43	(66.59649122807018, '0_kurtosis_mean')
739.57/232.43	(72.78947368421052, '1_ratio_categorical_to_numerical')
739.57/232.43	(73.0, '0_ratio_categorical_to_numerical')
739.57/232.43	(73.19298245614036, '1_class_probability_mean')
739.57/232.43	(73.94736842105263, '1_symbols_max')
739.57/232.43	(74.15789473684211, '1_number_of_classes')
739.57/232.43	(74.26315789473684, '0_number_of_classes')
739.57/232.43	(76.0, '0_class_probability_mean')
739.57/232.43	(77.0, '0_symbols_max')
739.57/232.43	(77.36842105263158, '1_symbols_std')
739.57/232.43	(78.71929824561404, '0_symbols_std')
739.57/232.43	(79.66666666666667, '1_percentage_of_features_with_missing_values')
739.57/232.43	(81.6140350877193, '0_percentage_of_features_with_missing_values')
739.57/232.43	(82.6140350877193, '0_number_of_Instances_with_missing_values')
739.57/232.43	(82.6140350877193, '1_percentage_of_missing_values')
739.57/232.43	(83.29824561403508, '1_number_of_Instances_with_missing_values')
739.57/232.43	(83.82456140350877, '1_percentage_of_Instances_with_missing_values')
739.57/232.43	(83.89473684210526, '0_percentage_of_Instances_with_missing_values')
739.57/232.43	(85.64912280701755, '1_number_of_missing_values')
739.57/232.43	(85.7719298245614, '0_percentage_of_missing_values')
739.57/232.43	(85.80701754385964, '0_number_of_missing_values')
739.57/232.43	(87.66666666666667, '1_number_of_features_with_missing_values')
739.57/232.43	(87.98245614035088, '0_number_of_features_with_missing_values')
739.57/232.43	Result for ParamILS: SAT, 231.139965, 1, 0.327082, -1, /home/feurerm/thesis/Software/pyMetaLearn/optimizers/metalearn_optimizer/learn_distances.py
