0.74/1.03	['/home/feurerm/thesis/Software/pyMetaLearn/optimizers/metalearn_optimizer/learn_distances.py', '--input_file', '/home/feurerm/thesis/experiments/2014_04_25_predict_distances/testfold_0-3_spearman_rank_perm.pkl', '--fold', '0', '--folds', '1', '--params', '-max_features', '0.412312412635', '-min_samples_leaf', '3', '-min_samples_split', '3', '-n_estimators', '83', '-n_jobs', '4', '-seed', '40']
0.74/1.04	Metafeatures (57, 46)
0.74/1.04	X (3192, 92)
0.74/1.04	Y (3192,)
0.74/1.04	Dataset Mae MSE Rho
6.93/2.90	vehicle 0.446754418254 0.253139839585 -0.0533295698709
13.56/5.05	anneal.ORIG 0.60593375238 0.418143037793 0.0559152459858
20.18/7.26	segment 0.263503160998 0.0884890194773 0.790893681661
26.94/9.43	pendigits 0.390289787433 0.181296293695 0.274404877699
33.67/11.69	mushroom 0.192574932812 0.0453696322112 0.646095819224
40.41/13.83	labor 0.213274600458 0.0631380240552 0.657084942712
47.08/16.06	abalone 0.383230719531 0.184632324151 0.34841985649
53.78/18.30	diabetes 0.480909360222 0.324733576312 -0.102780625569
60.37/20.46	car 0.509857718679 0.363966223843 -0.0042017236868
67.07/22.62	autos 0.202326513649 0.0538581732921 0.607633887014
73.84/24.75	mfeat-fourier 0.661356845882 0.567389305816 -0.502590794844
80.51/27.03	primary-tumor 0.195290203113 0.0469703247703 0.623794362732
87.17/29.18	waveform-5000 0.247847284295 0.0874541354751 0.58888773518
93.79/31.34	credit-a 0.404024493983 0.232810459265 0.278283391872
100.39/33.46	letter 0.287983762068 0.109343371094 0.604078582356
107.36/35.63	postoperative-patient-data 0.460633356786 0.262382873445 -0.559798878887
113.92/37.76	vowel 0.501642713376 0.311328252584 0.048158217641
120.52/39.88	eucalyptus 0.27962563708 0.103580578476 0.524892251335
127.17/42.13	cylinder-bands 0.267234420255 0.0826683067804 0.590180573238
133.93/44.37	ionosphere 0.449635768027 0.23292561619 -0.147060329038
140.69/46.61	mfeat-karhunen 0.249332367983 0.0829208195788 0.682618494347
147.40/48.86	balance-scale 0.200514725153 0.0555071582458 0.575959354606
154.04/50.99	mfeat-morphological 0.499995405023 0.334584949049 -0.259214030524
160.66/53.16	liver-disorders 0.185004340234 0.049734481387 0.554950736172
167.46/55.40	dermatology 0.221379452592 0.061700488265 0.479642919324
174.10/57.68	vote 0.0717994795478 0.00917474609572 0.779904558173
180.81/59.88	breast-cancer 0.251071498325 0.0828499997535 -0.0924379211095
187.62/62.05	credit-g 0.516251930348 0.360895234713 -0.404981521504
194.28/64.08	soybean 0.110384311525 0.018186049676 0.842283994446
200.89/66.31	arrhythmia 0.296106090884 0.109348138223 -0.0859737308222
207.50/68.44	nursery 0.205168526039 0.0544525277062 0.743381883049
213.98/70.58	hepatitis 0.39342604088 0.218825898681 -0.124112453518
220.60/72.82	cmc 0.171403898563 0.0375480241052 0.675507885031
227.16/74.86	heart-c 0.248184079611 0.0820021670722 0.791863310204
233.83/77.13	glass 0.32165783655 0.122895820015 0.511963870761
240.43/79.35	braziltourism 0.622602607005 0.485405314731 -0.506146099502
247.03/81.38	iris 0.307038015219 0.125116087685 0.191663242021
253.63/83.40	heart-statlog 0.348443254809 0.164805540829 0.467360957778
260.50/85.53	page-blocks 0.592617778683 0.469838939049 -0.470593052921
267.12/87.66	breast-w 0.207388698372 0.0589476090715 0.581130706836
273.71/89.79	heart-h 0.128800778724 0.0223833194321 0.768269015655
280.38/91.93	yeast 0.349433112832 0.14935061296 0.60213932527
287.07/94.18	tae 0.3588177082 0.159952532604 0.0258567611495
293.84/96.44	haberman 0.299906195753 0.118004316828 -0.0391083512387
300.54/98.59	mfeat-pixel 0.391344837004 0.186853886919 0.143828233894
307.25/100.88	optdigits 0.194242319029 0.0467822430579 0.773440367885
314.09/103.16	mfeat-factors 0.260643928522 0.0889346201295 0.649651123882
320.79/105.41	satimage 0.35918991316 0.157387264664 0.137687253121
327.52/107.65	lymph 0.30468432179 0.130384780181 0.39431560753
334.15/109.90	audiology 0.285223279909 0.101805909619 0.479642919324
340.98/112.14	ecoli 0.445660041186 0.255287020238 -0.014867637661
347.71/114.40	tic-tac-toe 0.176251371244 0.0471588798082 0.776349253514
354.56/116.65	spambase 0.37687047294 0.179267962545 0.737887321305
361.29/118.89	zoo 0.187801969779 0.0462673046368 0.645126190681
367.94/121.14	sonar 0.577872484236 0.418189764161 -0.392376350444
374.70/123.41	mfeat-zernike 0.222620803289 0.0708245120626 0.576928983149
381.51/125.69	kr-vs-kp 0.206403469073 0.0528890442978 0.638662000393
381.83/125.99	MAE 0.326130996374 0.13877538216
381.83/125.99	MSE 0.161931286603 0.161931286603
381.83/125.99	Mean tau 0.317669589886 0.40696555309
381.83/125.99	(0.08771929824561403, '1_class_probability_max')
381.83/125.99	(1.0526315789473684, '0_class_probability_max')
381.83/125.99	(2.2280701754385963, '0_skewness_min')
381.83/125.99	(3.2280701754385963, '1_skewness_min')
381.83/125.99	(5.315789473684211, '0_landmark_decision_tree')
381.83/125.99	(7.087719298245614, '0_class_entropy')
381.83/125.99	(7.771929824561403, '0_class_probability_std')
381.83/125.99	(8.140350877192983, '0_landmark_random_node_learner')
381.83/125.99	(8.456140350877194, '1_class_probability_std')
381.83/125.99	(8.614035087719298, '1_landmark_decision_tree')
381.83/125.99	(8.719298245614034, '1_class_entropy')
381.83/125.99	(11.12280701754386, '0_landmark_naive_bayes')
381.83/125.99	(11.456140350877194, '1_landmark_random_node_learner')
381.83/125.99	(11.508771929824562, '1_landmark_naive_bayes')
381.83/125.99	(16.333333333333332, '0_landmark_1NN')
381.83/125.99	(19.771929824561404, '1_landmark_lda')
381.83/125.99	(20.333333333333332, '1_landmark_1NN')
381.83/125.99	(22.140350877192983, '1_pca_skewness_first_pc')
381.83/125.99	(22.56140350877193, '0_pca_skewness_first_pc')
381.83/125.99	(23.105263157894736, '1_log_number_of_features')
381.83/125.99	(23.31578947368421, '1_skewness_std')
381.83/125.99	(23.333333333333332, '0_landmark_lda')
381.83/125.99	(23.87719298245614, '1_number_of_features')
381.83/125.99	(24.719298245614034, '0_number_of_features')
381.83/125.99	(24.964912280701753, '0_log_number_of_features')
381.83/125.99	(25.385964912280702, '0_kurtosis_min')
381.83/125.99	(25.666666666666668, '1_skewness_max')
381.83/125.99	(26.614035087719298, '1_kurtosis_min')
381.83/125.99	(27.157894736842106, '1_kurtosis_std')
381.83/125.99	(29.228070175438596, '0_skewness_std')
381.83/125.99	(30.68421052631579, '0_skewness_max')
381.83/125.99	(32.40350877192982, '0_number_of_numeric_features')
381.83/125.99	(32.85964912280702, '0_kurtosis_std')
381.83/125.99	(34.92982456140351, '1_number_of_numeric_features')
381.83/125.99	(37.07017543859649, '0_symbols_sum')
381.83/125.99	(37.824561403508774, '1_symbols_sum')
381.83/125.99	(38.94736842105263, '0_number_of_categorical_features')
381.83/125.99	(39.40350877192982, '1_kurtosis_max')
381.83/125.99	(39.96491228070175, '0_landmark_decision_node_learner')
381.83/125.99	(40.63157894736842, '1_number_of_categorical_features')
381.83/125.99	(41.01754385964912, '1_class_probability_min')
381.83/125.99	(41.03508771929825, '0_class_probability_min')
381.83/125.99	(41.12280701754386, '1_landmark_decision_node_learner')
381.83/125.99	(42.12280701754386, '0_kurtosis_max')
381.83/125.99	(45.91228070175438, '0_pca_kurtosis_first_pc')
381.83/125.99	(47.85964912280702, '1_pca_kurtosis_first_pc')
381.83/125.99	(47.91228070175438, '0_number_of_instances')
381.83/125.99	(48.35087719298246, '1_number_of_instances')
381.83/125.99	(49.0, '0_log_number_of_instances')
381.83/125.99	(49.54385964912281, '1_log_number_of_instances')
381.83/125.99	(50.3859649122807, '0_skewness_mean')
381.83/125.99	(50.49122807017544, '1_skewness_mean')
381.83/125.99	(50.824561403508774, '0_ratio_numerical_to_categorical')
381.83/125.99	(51.280701754385966, '1_ratio_numerical_to_categorical')
381.83/125.99	(51.89473684210526, '1_pca_95%')
381.83/125.99	(52.89473684210526, '0_pca_95%')
381.83/125.99	(54.0, '0_symbols_mean')
381.83/125.99	(54.70175438596491, '1_symbols_mean')
381.83/125.99	(56.473684210526315, '1_log_inverse_dataset_ratio')
381.83/125.99	(56.8421052631579, '0_log_inverse_dataset_ratio')
381.83/125.99	(57.49122807017544, '0_dataset_ratio')
381.83/125.99	(58.473684210526315, '1_inverse_dataset_ratio')
381.83/125.99	(59.03508771929825, '0_log_dataset_ratio')
381.83/125.99	(59.14035087719298, '0_inverse_dataset_ratio')
381.83/125.99	(59.26315789473684, '1_dataset_ratio')
381.83/125.99	(59.29824561403509, '1_log_dataset_ratio')
381.83/125.99	(63.3859649122807, '1_symbols_min')
381.83/125.99	(63.8421052631579, '0_kurtosis_mean')
381.83/125.99	(65.70175438596492, '1_kurtosis_mean')
381.83/125.99	(67.49122807017544, '0_symbols_min')
381.83/125.99	(73.96491228070175, '1_symbols_max')
381.83/125.99	(74.33333333333333, '0_symbols_max')
381.83/125.99	(74.36842105263158, '0_percentage_of_features_with_missing_values')
381.83/125.99	(74.70175438596492, '0_ratio_categorical_to_numerical')
381.83/125.99	(75.12280701754386, '1_ratio_categorical_to_numerical')
381.83/125.99	(75.64912280701755, '1_percentage_of_missing_values')
381.83/125.99	(76.59649122807018, '1_percentage_of_features_with_missing_values')
381.83/125.99	(76.66666666666667, '0_class_probability_mean')
381.83/125.99	(77.49122807017544, '1_number_of_classes')
381.83/125.99	(77.71929824561404, '0_number_of_classes')
381.83/125.99	(78.05263157894737, '1_symbols_std')
381.83/125.99	(78.42105263157895, '1_class_probability_mean')
381.83/125.99	(78.56140350877193, '0_symbols_std')
381.83/125.99	(78.84210526315789, '0_percentage_of_missing_values')
381.83/125.99	(83.85964912280701, '1_number_of_Instances_with_missing_values')
381.83/125.99	(84.01754385964912, '0_percentage_of_Instances_with_missing_values')
381.83/125.99	(84.94736842105263, '0_number_of_Instances_with_missing_values')
381.83/125.99	(84.98245614035088, '1_number_of_missing_values')
381.83/125.99	(85.08771929824562, '1_percentage_of_Instances_with_missing_values')
381.83/125.99	(85.3859649122807, '0_number_of_features_with_missing_values')
381.83/125.99	(86.08771929824562, '0_number_of_missing_values')
381.83/125.99	(86.33333333333333, '1_number_of_features_with_missing_values')
381.83/125.99	Result for ParamILS: SAT, 124.965191, 1, 0.326131, -1, /home/feurerm/thesis/Software/pyMetaLearn/optimizers/metalearn_optimizer/learn_distances.py
