0.69/0.91	['/home/feurerm/thesis/Software/pyMetaLearn/optimizers/metalearn_optimizer/learn_distances.py', '--input_file', '/home/feurerm/thesis/experiments/2014_04_25_predict_distances/testfold_0-3_spearman_rank_perm.pkl', '--fold', '0', '--folds', '1', '--params', '-max_features', '0.489939281651', '-min_samples_leaf', '9', '-min_samples_split', '7', '-n_estimators', '30', '-n_jobs', '4', '-seed', '39']
0.69/0.92	Metafeatures (57, 46)
0.69/0.92	X (3192, 92)
0.69/0.92	Y (3192,)
0.69/0.92	Dataset Mae MSE Rho
3.00/1.78	vehicle 0.425590726591 0.227343962583 -0.00323209514369
5.48/2.71	anneal.ORIG 0.651661535652 0.493252629883 -0.0339369990088
7.94/3.65	segment 0.286381334616 0.103125568038 0.705243160353
10.41/4.59	pendigits 0.37555769797 0.170965403867 0.396578074131
12.88/5.53	mushroom 0.218185665945 0.0583989457657 0.594705506439
15.43/6.48	labor 0.198593492419 0.0575894769737 0.577252192663
17.86/7.42	abalone 0.412429817121 0.214757676833 0.182613375619
20.30/8.36	diabetes 0.492155747114 0.332763210459 -0.0649651123882
22.75/9.30	car 0.553331578548 0.417938171527 -0.106012720713
25.16/10.23	autos 0.218373055628 0.0609679424596 0.553011479085
27.64/11.17	mfeat-fourier 0.637950282884 0.533402837421 -0.517458432505
30.09/12.13	primary-tumor 0.194056879166 0.0457889807935 0.642217305051
32.56/13.07	waveform-5000 0.237057315698 0.0766277907137 0.628319295933
34.99/14.00	credit-a 0.428449829228 0.262142765449 0.199420270366
37.44/14.94	letter 0.296437682718 0.115521159297 0.612805239244
39.97/15.87	postoperative-patient-data 0.445155125186 0.237654127894 -0.429868654111
42.46/16.81	vowel 0.494447784895 0.301649632526 0.0171301042616
44.95/17.77	eucalyptus 0.30904446902 0.125474858367 0.435040006341
47.49/18.71	cylinder-bands 0.283617619706 0.0942722369154 0.568202326261
49.89/19.64	ionosphere 0.420055872759 0.201919324417 -0.0785399119917
52.35/20.60	mfeat-karhunen 0.279138766412 0.107687858646 0.543961612683
54.76/21.54	balance-scale 0.195666258257 0.0546798943371 0.598584020611
57.20/22.51	mfeat-morphological 0.464399729978 0.281276600071 -0.186168680277
59.63/23.45	liver-disorders 0.183367180679 0.0498905779731 0.487076738154
62.07/24.39	dermatology 0.204603281979 0.0531701198828 0.508408566103
64.54/25.32	vote 0.0756726052778 0.00873969512746 0.761481615853
66.99/26.26	breast-cancer 0.185162275076 0.0493133430029 0.307049038651
69.47/27.20	credit-g 0.56616206554 0.431308168784 -0.50453005193
71.86/28.13	soybean 0.123479542919 0.0198920174429 0.818043280868
74.28/28.96	arrhythmia 0.275650173246 0.100413920598 0.0688436265606
76.73/29.90	nursery 0.258630591525 0.0850149895145 0.633167438649
79.17/30.75	hepatitis 0.346057971055 0.170587841269 -0.119587520317
81.61/31.69	cmc 0.180458725057 0.0397734952872 0.696193293951
84.07/32.63	heart-c 0.278409400584 0.10052681161 0.663872342514
86.54/33.57	glass 0.348536746012 0.145374858498 0.461543186519
89.05/34.52	braziltourism 0.672117848752 0.528316108851 -0.406920778591
91.52/35.45	iris 0.313792587711 0.134229067603 0.15901908107
93.95/36.39	heart-statlog 0.374159122243 0.196158310238 0.398517331217
96.51/37.33	page-blocks 0.588100389318 0.468161254531 -0.36619637978
98.98/38.26	breast-w 0.227285388985 0.0673003930534 0.540083098511
101.48/39.20	heart-h 0.164562585795 0.0346201797748 0.710414512583
103.87/40.16	yeast 0.378620564939 0.17611984722 0.409183245191
106.28/41.00	tae 0.341662632125 0.146786921864 0.0652883219025
108.75/41.94	haberman 0.302821881372 0.123455287618 -0.0345834180375
111.25/42.97	mfeat-pixel 0.398571775162 0.196705350472 0.09987173994
113.69/43.80	optdigits 0.23943134931 0.0757586666073 0.67615430406
116.19/44.75	mfeat-factors 0.253815291734 0.0859986847105 0.668397275715
118.65/45.69	satimage 0.342271739441 0.147505925719 0.136717624578
121.06/46.63	lymph 0.270473097387 0.102944642819 0.495480185528
123.50/47.59	audiology 0.277869202882 0.0931810379682 0.532326070166
125.95/48.53	ecoli 0.43674776798 0.244805176356 -0.0323209514369
129.51/49.72	tic-tac-toe 0.183891161395 0.0480726444397 0.698778970066
131.99/50.66	spambase 0.375608878984 0.181886292887 0.682618494347
134.44/51.59	zoo 0.173224218901 0.0416183766859 0.662579504457
136.91/52.54	sonar 0.521373868332 0.335432160422 -0.274728087214
139.38/53.47	mfeat-zernike 0.245790715806 0.0845507446679 0.4993586997
141.85/54.41	kr-vs-kp 0.239396532138 0.070650375244 0.558829250344
141.99/54.50	MAE 0.33097398995 0.137818588729
141.99/54.50	MSE 0.165148497263 0.165148497263
141.99/54.50	Mean tau 0.306935631803 0.370107775482
141.99/54.50	(0.14035087719298245, '0_class_probability_max')
141.99/54.50	(1.0, '1_class_probability_max')
141.99/54.50	(2.3684210526315788, '1_skewness_min')
141.99/54.50	(2.824561403508772, '0_skewness_min')
141.99/54.50	(7.175438596491228, '1_class_entropy')
141.99/54.50	(8.578947368421053, '0_landmark_naive_bayes')
141.99/54.50	(8.649122807017545, '1_landmark_random_node_learner')
141.99/54.50	(9.070175438596491, '1_class_probability_std')
141.99/54.50	(10.614035087719298, '1_landmark_naive_bayes')
141.99/54.50	(11.298245614035087, '0_class_entropy')
141.99/54.50	(11.43859649122807, '1_landmark_decision_tree')
141.99/54.50	(12.087719298245615, '0_class_probability_std')
141.99/54.50	(13.578947368421053, '0_landmark_decision_tree')
141.99/54.50	(19.228070175438596, '0_landmark_random_node_learner')
141.99/54.50	(19.45614035087719, '0_skewness_max')
141.99/54.50	(20.29824561403509, '1_pca_skewness_first_pc')
141.99/54.50	(22.087719298245613, '0_skewness_std')
141.99/54.50	(23.05263157894737, '1_landmark_lda')
141.99/54.50	(23.29824561403509, '0_pca_skewness_first_pc')
141.99/54.50	(23.87719298245614, '1_skewness_std')
141.99/54.50	(24.43859649122807, '0_landmark_lda')
141.99/54.50	(25.45614035087719, '1_skewness_max')
141.99/54.50	(25.92982456140351, '1_log_number_of_features')
141.99/54.50	(26.666666666666668, '1_kurtosis_min')
141.99/54.50	(26.842105263157894, '0_landmark_1NN')
141.99/54.50	(27.45614035087719, '1_number_of_features')
141.99/54.50	(29.263157894736842, '1_kurtosis_std')
141.99/54.50	(30.105263157894736, '0_number_of_features')
141.99/54.50	(30.473684210526315, '0_log_number_of_features')
141.99/54.50	(31.63157894736842, '1_landmark_1NN')
141.99/54.50	(32.75438596491228, '0_number_of_numeric_features')
141.99/54.50	(33.08771929824562, '0_kurtosis_min')
141.99/54.50	(33.19298245614035, '1_number_of_numeric_features')
141.99/54.50	(33.24561403508772, '0_kurtosis_std')
141.99/54.50	(36.40350877192982, '0_kurtosis_max')
141.99/54.50	(37.666666666666664, '0_class_probability_min')
141.99/54.50	(38.0, '1_symbols_sum')
141.99/54.50	(38.89473684210526, '1_kurtosis_max')
141.99/54.50	(39.228070175438596, '1_class_probability_min')
141.99/54.50	(40.05263157894737, '0_symbols_sum')
141.99/54.50	(42.85964912280702, '0_landmark_decision_node_learner')
141.99/54.50	(43.666666666666664, '0_log_number_of_instances')
141.99/54.50	(44.31578947368421, '0_number_of_instances')
141.99/54.50	(44.75438596491228, '1_number_of_instances')
141.99/54.50	(44.80701754385965, '1_log_number_of_instances')
141.99/54.50	(45.64912280701754, '1_landmark_decision_node_learner')
141.99/54.50	(45.73684210526316, '1_pca_kurtosis_first_pc')
141.99/54.50	(48.333333333333336, '0_skewness_mean')
141.99/54.50	(48.40350877192982, '0_number_of_categorical_features')
141.99/54.50	(48.49122807017544, '0_pca_kurtosis_first_pc')
141.99/54.50	(50.40350877192982, '0_symbols_mean')
141.99/54.50	(51.12280701754386, '0_pca_95%')
141.99/54.50	(51.21052631578947, '1_skewness_mean')
141.99/54.50	(51.64912280701754, '1_pca_95%')
141.99/54.50	(52.73684210526316, '1_inverse_dataset_ratio')
141.99/54.50	(52.89473684210526, '1_log_inverse_dataset_ratio')
141.99/54.50	(53.31578947368421, '1_symbols_mean')
141.99/54.50	(53.49122807017544, '1_number_of_categorical_features')
141.99/54.50	(54.56140350877193, '0_dataset_ratio')
141.99/54.50	(54.6140350877193, '1_log_dataset_ratio')
141.99/54.50	(54.80701754385965, '1_dataset_ratio')
141.99/54.50	(56.36842105263158, '1_ratio_numerical_to_categorical')
141.99/54.50	(56.6140350877193, '0_log_dataset_ratio')
141.99/54.50	(56.75438596491228, '0_log_inverse_dataset_ratio')
141.99/54.50	(57.35087719298246, '0_inverse_dataset_ratio')
141.99/54.50	(58.280701754385966, '0_symbols_min')
141.99/54.50	(60.45614035087719, '1_symbols_min')
141.99/54.50	(62.64912280701754, '0_ratio_numerical_to_categorical')
141.99/54.50	(62.73684210526316, '1_kurtosis_mean')
141.99/54.50	(63.59649122807018, '0_kurtosis_mean')
141.99/54.50	(72.80701754385964, '0_class_probability_mean')
141.99/54.50	(72.80701754385964, '1_number_of_classes')
141.99/54.50	(72.91228070175438, '1_symbols_max')
141.99/54.50	(73.08771929824562, '1_ratio_categorical_to_numerical')
141.99/54.50	(73.29824561403508, '0_symbols_max')
141.99/54.50	(74.28070175438596, '0_ratio_categorical_to_numerical')
141.99/54.50	(74.75438596491227, '1_class_probability_mean')
141.99/54.50	(75.45614035087719, '1_percentage_of_features_with_missing_values')
141.99/54.50	(76.35087719298245, '0_percentage_of_features_with_missing_values')
141.99/54.50	(76.40350877192982, '0_number_of_classes')
141.99/54.50	(76.45614035087719, '1_percentage_of_missing_values')
141.99/54.50	(77.49122807017544, '0_symbols_std')
141.99/54.50	(77.98245614035088, '1_symbols_std')
141.99/54.50	(79.89473684210526, '0_percentage_of_missing_values')
141.99/54.50	(81.19298245614036, '1_number_of_Instances_with_missing_values')
141.99/54.50	(82.64912280701755, '1_percentage_of_Instances_with_missing_values')
141.99/54.50	(82.71929824561404, '0_number_of_Instances_with_missing_values')
141.99/54.50	(83.63157894736842, '0_number_of_missing_values')
141.99/54.50	(83.6842105263158, '0_percentage_of_Instances_with_missing_values')
141.99/54.50	(84.03508771929825, '1_number_of_missing_values')
141.99/54.50	(85.17543859649123, '0_number_of_features_with_missing_values')
141.99/54.50	(85.3859649122807, '1_number_of_features_with_missing_values')
141.99/54.50	Result for ParamILS: SAT, 53.592281, 1, 0.330974, -1, /home/feurerm/thesis/Software/pyMetaLearn/optimizers/metalearn_optimizer/learn_distances.py
