0.68/0.99	['/home/feurerm/thesis/Software/pyMetaLearn/optimizers/metalearn_optimizer/learn_distances.py', '--input_file', '/home/feurerm/thesis/experiments/2014_04_25_predict_distances/testfold_0-3_spearman_rank_perm.pkl', '--fold', '0', '--folds', '1', '--params', '-max_features', '0.887082408675', '-min_samples_leaf', '3', '-min_samples_split', '7', '-n_estimators', '87', '-n_jobs', '4', '-seed', '70']
0.68/1.00	Metafeatures (57, 46)
0.68/1.00	X (3192, 92)
0.68/1.00	Y (3192,)
0.68/1.00	Dataset Mae MSE Rho
13.90/4.66	vehicle 0.501406424276 0.322251524657 -0.229155545688
27.74/8.70	anneal.ORIG 0.822024509716 0.749541107461 -0.224953822001
41.50/12.66	segment 0.272614929036 0.0953138420437 0.767945806141
55.38/16.72	pendigits 0.390991453054 0.186858457978 0.263415754211
69.24/20.77	mushroom 0.232215421791 0.066392239843 0.542668774626
83.07/24.72	labor 0.212036043261 0.0659196415766 0.46089676749
96.86/28.77	abalone 0.383542064098 0.190393506361 0.331612961743
110.41/32.63	diabetes 0.482884105835 0.334641339698 -0.260830078096
124.22/36.60	car 0.714301675601 0.62891759716 -0.117971472745
137.96/40.64	autos 0.174319033104 0.0399396843164 0.642540514566
151.90/44.68	mfeat-fourier 0.692307870941 0.623184745349 -0.542668774626
165.63/48.64	primary-tumor 0.175268868845 0.0386059707276 0.670013323287
179.40/52.69	waveform-5000 0.202509781401 0.0572145289694 0.713000188698
193.26/56.65	credit-a 0.443020995616 0.275691342156 0.194248918136
207.22/60.84	letter 0.308216751315 0.121245788789 0.528124346479
221.65/65.01	postoperative-patient-data 0.466412529349 0.2678006055 -0.312220390881
235.59/69.09	vowel 0.461988846551 0.263955203002 0.21234865094
249.61/73.16	eucalyptus 0.225565051356 0.0692416956468 0.695223665408
263.50/77.22	cylinder-bands 0.257130451767 0.0794067067957 0.620562267589
277.44/81.28	ionosphere 0.436758611732 0.221162634145 -0.180027699504
291.25/85.24	mfeat-karhunen 0.264508682575 0.0965283810215 0.585655640037
305.15/89.29	balance-scale 0.246730827847 0.087875202413 0.367166008323
318.89/93.23	mfeat-morphological 0.502192509406 0.338750928517 -0.273435249156
332.68/97.29	liver-disorders 0.144709907584 0.0284962096028 0.509378194646
346.59/101.35	dermatology 0.222913464766 0.063243954212 0.459603929433
360.34/105.28	vote 0.072309280085 0.00865895996002 0.773117158371
374.32/109.34	breast-cancer 0.114718635533 0.0195173267283 0.56076850743
388.44/113.44	credit-g 0.579237632926 0.464009892889 -0.498389071157
402.31/117.49	soybean 0.112444129797 0.016963974744 0.809963043009
416.22/121.55	arrhythmia 0.330005823926 0.133517086773 -0.25081058315
430.01/125.60	nursery 0.213053289759 0.0582299458972 0.716555493356
443.89/129.76	hepatitis 0.293550601777 0.124596306035 0.111507282457
457.64/133.72	cmc 0.158541016175 0.0336906412714 0.663872342514
471.59/137.97	heart-c 0.212618335066 0.0616977323691 0.811255881066
485.36/141.92	glass 0.288539324143 0.102750886903 0.628642505448
499.71/146.07	braziltourism 0.744697838595 0.674977140886 -0.651590380968
513.49/150.03	iris 0.314137400306 0.132614166486 0.129930224776
527.36/154.08	heart-statlog 0.312453548938 0.128410877532 0.606987467985
541.79/158.30	page-blocks 0.596377812938 0.473238665109 -0.7197875885
555.76/162.36	breast-w 0.254894841534 0.0858286817329 0.378801550841
569.55/166.45	heart-h 0.144044371426 0.0272897006771 0.74790681625
583.45/170.50	yeast 0.322327412569 0.129164284462 0.63025855302
597.18/174.48	tae 0.37928883444 0.177521908113 0.0371690941524
611.05/178.52	haberman 0.295031649225 0.117013944872 -0.0597937601583
625.08/182.58	mfeat-pixel 0.409779161552 0.207132978476 0.107628768285
638.90/186.65	optdigits 0.20295483877 0.0523860996518 0.762451244397
653.00/190.83	mfeat-factors 0.259578062298 0.0874689283104 0.638338790879
666.89/194.88	satimage 0.359618574973 0.162350107412 0.084034473736
680.57/198.82	lymph 0.268399106198 0.108739043033 0.316422114567
694.44/202.91	audiology 0.269180741554 0.086458024823 0.503883632901
708.30/207.01	ecoli 0.417961616719 0.219513138232 0.090175454509
722.44/211.23	tic-tac-toe 0.144169036202 0.0311566297029 0.772147529828
736.64/215.39	spambase 0.377122862293 0.184136024062 0.673245418431
750.47/219.48	zoo 0.202789544499 0.0538893433535 0.552365060057
764.27/223.44	sonar 0.545514164448 0.369987657629 -0.277313763329
778.24/227.53	mfeat-zernike 0.214957903597 0.0652933124165 0.62217831516
792.12/231.58	kr-vs-kp 0.23219632679 0.0645052754723 0.58888773518
792.44/231.86	MAE 0.331211658419 0.165981701494
792.44/231.86	MSE 0.175004939017 0.175004939017
792.44/231.86	Mean tau 0.303227227902 0.42168280267
792.44/231.86	(0.45614035087719296, '1_class_probability_max')
792.44/231.86	(0.6842105263157895, '0_class_probability_max')
792.44/231.86	(2.4210526315789473, '1_skewness_min')
792.44/231.86	(2.5789473684210527, '0_skewness_min')
792.44/231.86	(6.12280701754386, '0_class_entropy')
792.44/231.86	(6.807017543859649, '0_landmark_naive_bayes')
792.44/231.86	(7.315789473684211, '1_class_entropy')
792.44/231.86	(7.350877192982456, '1_landmark_naive_bayes')
792.44/231.86	(9.964912280701755, '1_landmark_decision_tree')
792.44/231.86	(12.228070175438596, '0_class_probability_std')
792.44/231.86	(12.403508771929825, '0_pca_skewness_first_pc')
792.44/231.86	(12.859649122807017, '1_class_probability_std')
792.44/231.86	(13.24561403508772, '1_pca_skewness_first_pc')
792.44/231.86	(13.333333333333334, '1_landmark_lda')
792.44/231.86	(14.210526315789474, '0_landmark_decision_tree')
792.44/231.86	(15.017543859649123, '0_landmark_lda')
792.44/231.86	(17.140350877192983, '0_kurtosis_min')
792.44/231.86	(17.596491228070175, '1_kurtosis_min')
792.44/231.86	(22.473684210526315, '0_landmark_1NN')
792.44/231.86	(24.07017543859649, '1_landmark_1NN')
792.44/231.86	(25.17543859649123, '1_class_probability_min')
792.44/231.86	(25.385964912280702, '0_class_probability_min')
792.44/231.86	(28.42105263157895, '1_skewness_max')
792.44/231.86	(29.57894736842105, '0_kurtosis_max')
792.44/231.86	(29.736842105263158, '0_skewness_max')
792.44/231.86	(30.75438596491228, '0_number_of_numeric_features')
792.44/231.86	(31.035087719298247, '1_kurtosis_max')
792.44/231.86	(31.140350877192983, '1_number_of_numeric_features')
792.44/231.86	(32.73684210526316, '1_log_number_of_instances')
792.44/231.86	(33.21052631578947, '0_number_of_instances')
792.44/231.86	(33.45614035087719, '1_log_number_of_features')
792.44/231.86	(33.87719298245614, '1_number_of_features')
792.44/231.86	(34.228070175438596, '1_number_of_instances')
792.44/231.86	(34.50877192982456, '0_log_number_of_instances')
792.44/231.86	(34.98245614035088, '0_log_number_of_features')
792.44/231.86	(35.63157894736842, '1_skewness_mean')
792.44/231.86	(35.719298245614034, '0_skewness_mean')
792.44/231.86	(35.8421052631579, '1_landmark_random_node_learner')
792.44/231.86	(37.21052631578947, '0_landmark_random_node_learner')
792.44/231.86	(37.49122807017544, '0_number_of_features')
792.44/231.86	(39.578947368421055, '1_landmark_decision_node_learner')
792.44/231.86	(40.40350877192982, '0_landmark_decision_node_learner')
792.44/231.86	(41.80701754385965, '1_skewness_std')
792.44/231.86	(42.78947368421053, '0_pca_kurtosis_first_pc')
792.44/231.86	(42.98245614035088, '1_symbols_mean')
792.44/231.86	(43.07017543859649, '1_pca_kurtosis_first_pc')
792.44/231.86	(43.35087719298246, '0_skewness_std')
792.44/231.86	(43.49122807017544, '0_symbols_mean')
792.44/231.86	(44.21052631578947, '1_kurtosis_std')
792.44/231.86	(47.78947368421053, '1_symbols_min')
792.44/231.86	(49.03508771929825, '1_pca_95%')
792.44/231.86	(49.85964912280702, '0_kurtosis_std')
792.44/231.86	(49.96491228070175, '0_symbols_min')
792.44/231.86	(51.1578947368421, '0_pca_95%')
792.44/231.86	(52.98245614035088, '0_dataset_ratio')
792.44/231.86	(53.12280701754386, '1_inverse_dataset_ratio')
792.44/231.86	(53.3859649122807, '0_inverse_dataset_ratio')
792.44/231.86	(53.94736842105263, '0_log_inverse_dataset_ratio')
792.44/231.86	(54.10526315789474, '1_log_dataset_ratio')
792.44/231.86	(54.64912280701754, '1_log_inverse_dataset_ratio')
792.44/231.86	(55.07017543859649, '1_dataset_ratio')
792.44/231.86	(55.19298245614035, '0_log_dataset_ratio')
792.44/231.86	(56.98245614035088, '1_symbols_sum')
792.44/231.86	(59.0, '0_ratio_numerical_to_categorical')
792.44/231.86	(59.473684210526315, '1_ratio_numerical_to_categorical')
792.44/231.86	(61.29824561403509, '0_symbols_sum')
792.44/231.86	(61.54385964912281, '1_number_of_categorical_features')
792.44/231.86	(61.94736842105263, '0_number_of_categorical_features')
792.44/231.86	(66.28070175438596, '0_kurtosis_mean')
792.44/231.86	(67.71929824561404, '1_kurtosis_mean')
792.44/231.86	(72.47368421052632, '0_ratio_categorical_to_numerical')
792.44/231.86	(73.57894736842105, '0_class_probability_mean')
792.44/231.86	(74.3859649122807, '1_ratio_categorical_to_numerical')
792.44/231.86	(74.73684210526316, '1_class_probability_mean')
792.44/231.86	(74.80701754385964, '1_number_of_classes')
792.44/231.86	(75.17543859649123, '0_number_of_classes')
792.44/231.86	(75.59649122807018, '0_symbols_max')
792.44/231.86	(76.28070175438596, '1_symbols_max')
792.44/231.86	(77.6842105263158, '0_symbols_std')
792.44/231.86	(78.33333333333333, '1_symbols_std')
792.44/231.86	(79.9298245614035, '0_percentage_of_features_with_missing_values')
792.44/231.86	(80.26315789473684, '1_percentage_of_features_with_missing_values')
792.44/231.86	(82.6842105263158, '1_number_of_Instances_with_missing_values')
792.44/231.86	(82.7719298245614, '1_percentage_of_Instances_with_missing_values')
792.44/231.86	(83.17543859649123, '0_percentage_of_Instances_with_missing_values')
792.44/231.86	(83.70175438596492, '0_percentage_of_missing_values')
792.44/231.86	(84.12280701754386, '0_number_of_Instances_with_missing_values')
792.44/231.86	(84.45614035087719, '1_percentage_of_missing_values')
792.44/231.86	(84.73684210526316, '0_number_of_missing_values')
792.44/231.86	(86.3859649122807, '1_number_of_missing_values')
792.44/231.86	(87.17543859649123, '0_number_of_features_with_missing_values')
792.44/231.86	(88.94736842105263, '1_number_of_features_with_missing_values')
792.44/231.86	Result for ParamILS: SAT, 230.874461, 1, 0.331212, -1, /home/feurerm/thesis/Software/pyMetaLearn/optimizers/metalearn_optimizer/learn_distances.py
