0.69/0.96	['/home/feurerm/thesis/Software/pyMetaLearn/optimizers/metalearn_optimizer/learn_distances.py', '--input_file', '/home/feurerm/thesis/experiments/2014_04_25_predict_distances/testfold_0-3_spearman_rank_perm.pkl', '--fold', '0', '--folds', '1', '--params', '-max_features', '0.90548029095', '-min_samples_leaf', '6', '-min_samples_split', '1', '-n_estimators', '44', '-n_jobs', '4', '-seed', '60']
0.69/0.97	Metafeatures (57, 46)
0.69/0.97	X (3192, 92)
0.69/0.97	Y (3192,)
0.69/0.97	Dataset Mae MSE Rho
6.97/2.75	vehicle 0.496335492444 0.316416926187 -0.222044936372
13.54/4.66	anneal.ORIG 0.841066012827 0.78583177353 -0.195541756193
20.10/6.66	segment 0.277220116927 0.0995941360048 0.76342087294
26.67/8.66	pendigits 0.377144794234 0.179419308734 0.288302886817
33.13/10.56	mushroom 0.24039263867 0.0702843933806 0.524569041821
39.57/12.46	labor 0.196871606227 0.0565856517543 0.453786158174
46.05/14.38	abalone 0.414997944058 0.222335996444 0.178411651932
52.37/16.26	diabetes 0.489640291313 0.342133721245 -0.185522261248
58.78/18.13	car 0.694990373562 0.597277630663 -0.0717525121899
65.34/20.12	autos 0.186996247678 0.0457710059552 0.618623010502
71.89/22.16	mfeat-fourier 0.666917277265 0.576387403625 -0.512610289789
78.42/24.08	primary-tumor 0.185885023145 0.042107245805 0.651267171454
85.02/26.11	waveform-5000 0.212738180332 0.0664119719878 0.698778970066
91.55/28.02	credit-a 0.451027143895 0.286302187478 0.159342290584
98.13/30.01	letter 0.317764509181 0.129162267124 0.591150201781
104.85/31.99	postoperative-patient-data 0.444195652947 0.251005607904 -0.179704489989
111.33/33.90	vowel 0.481262223097 0.290788911534 0.116678634687
117.77/35.82	eucalyptus 0.261477438525 0.0888260009046 0.551395431514
124.32/37.72	cylinder-bands 0.282352099186 0.0945810965295 0.533942117738
130.83/39.63	ionosphere 0.416934231071 0.201029210945 -0.113446539544
137.32/41.64	mfeat-karhunen 0.233974077544 0.075853599681 0.674861466003
143.78/43.64	balance-scale 0.279436887936 0.10711723054 0.211702231912
150.28/45.56	mfeat-morphological 0.502605067748 0.337827305534 -0.271172782556
156.82/47.57	liver-disorders 0.154265291157 0.0321868237512 0.478026871752
163.36/49.48	dermatology 0.213464512567 0.0569666609517 0.486107109611
169.83/51.49	vote 0.0660129040387 0.00760239656769 0.787661586517
176.31/53.38	breast-cancer 0.104332198951 0.0159845605636 0.551395431514
182.88/55.29	credit-g 0.576001700092 0.454143240458 -0.513903127847
189.35/57.29	soybean 0.118050027824 0.0183724728623 0.782490234287
195.83/59.21	arrhythmia 0.324970988583 0.130482794855 -0.242083926262
202.30/61.12	nursery 0.244751785643 0.0768587040583 0.647711866796
208.78/63.03	hepatitis 0.302258529608 0.126613130714 -0.0119587520317
215.32/65.05	cmc 0.152958691117 0.0319374046243 0.677770351632
221.75/66.94	heart-c 0.241609107616 0.0802484253081 0.759219149253
228.25/68.85	glass 0.284432669151 0.102696618855 0.627996086419
235.11/70.85	braziltourism 0.722657437217 0.619357786104 -0.566263069175
241.60/72.77	iris 0.291307867757 0.117094412505 0.219459260257
248.13/74.66	heart-statlog 0.313489299955 0.12881852488 0.550749012485
254.91/76.65	page-blocks 0.559057056197 0.414858837441 -0.64803507631
261.54/78.64	breast-w 0.250754996059 0.0829449678354 0.386235369671
268.06/80.63	heart-h 0.146264765991 0.0286113381019 0.707182417439
274.62/82.57	yeast 0.336549183795 0.141172080993 0.593735877896
281.09/84.51	tae 0.378205557037 0.177607467272 -0.00775702834486
287.56/86.43	haberman 0.294919112726 0.122056645513 -0.0158372662041
294.12/88.35	mfeat-pixel 0.407575723333 0.207246219812 0.100841368483
300.65/90.26	optdigits 0.229381133189 0.0666340593008 0.729160664417
307.30/92.27	mfeat-factors 0.270877841401 0.0984927768957 0.605694629928
313.85/94.26	satimage 0.320975100839 0.133675145488 0.194248918136
320.30/96.25	lymph 0.254398591972 0.0984954357473 0.329350495142
326.76/98.24	audiology 0.275881206778 0.0899140665413 0.508731775617
333.30/100.22	ecoli 0.401322510506 0.204076631268 0.174856347274
339.83/102.21	tic-tac-toe 0.160480099212 0.0348734303545 0.723989312187
346.52/104.20	spambase 0.369986813983 0.180724595625 0.582746754407
352.95/106.19	zoo 0.193234989781 0.0503143592431 0.600523277698
359.48/108.17	sonar 0.529499461111 0.347050047019 -0.267617477898
366.02/110.16	mfeat-zernike 0.220760554621 0.0697572244901 0.617330172445
372.55/112.09	kr-vs-kp 0.243968906678 0.071435017856 0.5555971552
372.73/112.22	MAE 0.331699683268 0.160818375394
372.73/112.22	MSE 0.173374647146 0.173374647146
372.73/112.22	Mean tau 0.29771565513 0.397505887786
372.73/112.22	(0.10526315789473684, '0_class_probability_max')
372.73/112.22	(1.0350877192982457, '1_class_probability_max')
372.73/112.22	(2.473684210526316, '1_skewness_min')
372.73/112.22	(2.508771929824561, '0_skewness_min')
372.73/112.22	(6.157894736842105, '1_landmark_naive_bayes')
372.73/112.22	(6.684210526315789, '0_landmark_naive_bayes')
372.73/112.22	(7.035087719298246, '1_class_entropy')
372.73/112.22	(10.964912280701755, '1_landmark_decision_tree')
372.73/112.22	(11.543859649122806, '1_pca_skewness_first_pc')
372.73/112.22	(13.263157894736842, '1_landmark_lda')
372.73/112.22	(13.807017543859649, '0_pca_skewness_first_pc')
372.73/112.22	(14.0, '0_landmark_lda')
372.73/112.22	(15.719298245614034, '1_class_probability_std')
372.73/112.22	(19.666666666666668, '1_kurtosis_min')
372.73/112.22	(21.017543859649123, '0_class_probability_std')
372.73/112.22	(21.24561403508772, '0_kurtosis_min')
372.73/112.22	(21.385964912280702, '0_class_entropy')
372.73/112.22	(21.666666666666668, '0_landmark_decision_tree')
372.73/112.22	(23.45614035087719, '0_landmark_1NN')
372.73/112.22	(23.473684210526315, '1_landmark_1NN')
372.73/112.22	(24.912280701754387, '0_class_probability_min')
372.73/112.22	(26.017543859649123, '0_skewness_max')
372.73/112.22	(26.07017543859649, '1_class_probability_min')
372.73/112.22	(28.771929824561404, '0_number_of_numeric_features')
372.73/112.22	(29.385964912280702, '1_skewness_max')
372.73/112.22	(30.56140350877193, '1_kurtosis_max')
372.73/112.22	(30.614035087719298, '1_landmark_random_node_learner')
372.73/112.22	(31.12280701754386, '1_number_of_numeric_features')
372.73/112.22	(31.140350877192983, '0_kurtosis_max')
372.73/112.22	(31.771929824561404, '0_number_of_instances')
372.73/112.22	(33.50877192982456, '0_skewness_mean')
372.73/112.22	(33.824561403508774, '0_log_number_of_instances')
372.73/112.22	(34.26315789473684, '1_skewness_mean')
372.73/112.22	(34.50877192982456, '1_log_number_of_instances')
372.73/112.22	(34.75438596491228, '0_skewness_std')
372.73/112.22	(35.1578947368421, '1_number_of_features')
372.73/112.22	(36.10526315789474, '1_number_of_instances')
372.73/112.22	(37.94736842105263, '0_landmark_decision_node_learner')
372.73/112.22	(38.07017543859649, '1_log_number_of_features')
372.73/112.22	(38.36842105263158, '0_log_number_of_features')
372.73/112.22	(39.29824561403509, '0_number_of_features')
372.73/112.22	(40.228070175438596, '1_landmark_decision_node_learner')
372.73/112.22	(40.26315789473684, '0_symbols_mean')
372.73/112.22	(41.578947368421055, '1_kurtosis_std')
372.73/112.22	(42.719298245614034, '1_symbols_mean')
372.73/112.22	(43.56140350877193, '1_skewness_std')
372.73/112.22	(43.578947368421055, '1_pca_kurtosis_first_pc')
372.73/112.22	(45.19298245614035, '0_pca_kurtosis_first_pc')
372.73/112.22	(45.526315789473685, '0_symbols_min')
372.73/112.22	(47.01754385964912, '0_kurtosis_std')
372.73/112.22	(47.578947368421055, '0_pca_95%')
372.73/112.22	(48.280701754385966, '1_pca_95%')
372.73/112.22	(48.91228070175438, '1_symbols_min')
372.73/112.22	(49.1578947368421, '0_landmark_random_node_learner')
372.73/112.22	(51.75438596491228, '0_dataset_ratio')
372.73/112.22	(52.07017543859649, '1_inverse_dataset_ratio')
372.73/112.22	(52.07017543859649, '1_log_dataset_ratio')
372.73/112.22	(52.14035087719298, '1_dataset_ratio')
372.73/112.22	(53.228070175438596, '0_log_dataset_ratio')
372.73/112.22	(53.54385964912281, '0_log_inverse_dataset_ratio')
372.73/112.22	(53.824561403508774, '0_inverse_dataset_ratio')
372.73/112.22	(54.29824561403509, '1_log_inverse_dataset_ratio')
372.73/112.22	(56.473684210526315, '0_number_of_categorical_features')
372.73/112.22	(58.8421052631579, '1_ratio_numerical_to_categorical')
372.73/112.22	(59.80701754385965, '0_symbols_sum')
372.73/112.22	(60.228070175438596, '0_ratio_numerical_to_categorical')
372.73/112.22	(61.719298245614034, '1_symbols_sum')
372.73/112.22	(63.421052631578945, '1_number_of_categorical_features')
372.73/112.22	(64.21052631578948, '1_kurtosis_mean')
372.73/112.22	(64.52631578947368, '0_kurtosis_mean')
372.73/112.22	(72.17543859649123, '0_ratio_categorical_to_numerical')
372.73/112.22	(72.63157894736842, '0_number_of_classes')
372.73/112.22	(72.63157894736842, '1_class_probability_mean')
372.73/112.22	(73.0, '1_ratio_categorical_to_numerical')
372.73/112.22	(73.12280701754386, '0_class_probability_mean')
372.73/112.22	(73.24561403508773, '1_number_of_classes')
372.73/112.22	(75.12280701754386, '0_symbols_max')
372.73/112.22	(75.89473684210526, '1_symbols_max')
372.73/112.22	(76.52631578947368, '1_symbols_std')
372.73/112.22	(78.05263157894737, '0_symbols_std')
372.73/112.22	(79.87719298245614, '1_percentage_of_features_with_missing_values')
372.73/112.22	(80.50877192982456, '0_percentage_of_features_with_missing_values')
372.73/112.22	(82.10526315789474, '1_number_of_Instances_with_missing_values')
372.73/112.22	(82.21052631578948, '0_number_of_Instances_with_missing_values')
372.73/112.22	(82.40350877192982, '0_percentage_of_Instances_with_missing_values')
372.73/112.22	(82.49122807017544, '1_percentage_of_Instances_with_missing_values')
372.73/112.22	(83.35087719298245, '1_percentage_of_missing_values')
372.73/112.22	(84.84210526315789, '1_number_of_missing_values')
372.73/112.22	(84.85964912280701, '0_number_of_missing_values')
372.73/112.22	(86.42105263157895, '0_percentage_of_missing_values')
372.73/112.22	(87.54385964912281, '1_number_of_features_with_missing_values')
372.73/112.22	(87.84210526315789, '0_number_of_features_with_missing_values')
372.73/112.22	Result for ParamILS: SAT, 111.259794, 1, 0.331700, -1, /home/feurerm/thesis/Software/pyMetaLearn/optimizers/metalearn_optimizer/learn_distances.py
