0.67/0.89	['/home/feurerm/thesis/Software/pyMetaLearn/optimizers/metalearn_optimizer/learn_distances.py', '--input_file', '/home/feurerm/thesis/experiments/2014_04_25_predict_distances/testfold_0-3_spearman_rank_perm.pkl', '--fold', '0', '--folds', '1', '--params', '-max_features', '0.918722723388', '-min_samples_leaf', '8', '-min_samples_split', '5', '-n_estimators', '54', '-n_jobs', '4', '-seed', '76']
0.76/0.90	Metafeatures (57, 46)
0.76/0.90	X (3192, 92)
0.76/0.90	Y (3192,)
0.76/0.90	Dataset Mae MSE Rho
8.17/3.06	vehicle 0.482283184379 0.296595501136 -0.210732603369
15.99/5.37	anneal.ORIG 0.85587001121 0.813862578596 -0.256951563923
23.76/7.69	segment 0.316897574188 0.129031716849 0.67615430406
31.47/10.00	pendigits 0.380020763391 0.176051919969 0.301554476906
39.17/12.31	mushroom 0.246645180414 0.0735342847569 0.514549546876
46.83/14.62	labor 0.202247918994 0.0586340219457 0.463159234091
54.46/16.95	abalone 0.42491152042 0.230055646349 0.138656881664
61.92/19.26	diabetes 0.492755523262 0.343198553551 -0.276990553814
69.53/21.58	car 0.667847217075 0.563648167149 -0.0853273117934
77.26/23.91	autos 0.178049870016 0.0414198086456 0.611835610701
85.02/26.22	mfeat-fourier 0.66161592215 0.575281539732 -0.527801136965
92.77/28.53	primary-tumor 0.189515207648 0.0452231111027 0.648681495339
100.53/30.83	waveform-5000 0.23608774973 0.0786096477669 0.64803507631
108.23/33.14	credit-a 0.45561359967 0.291842341609 0.15384772884
115.90/35.45	letter 0.29883500952 0.113851067561 0.592119830324
123.78/37.77	postoperative-patient-data 0.441456172655 0.244312151271 -0.155140566897
131.43/40.08	vowel 0.465856486822 0.267310693981 0.167745737958
139.19/42.39	eucalyptus 0.274450419714 0.0958669684251 0.456695043803
147.01/45.46	cylinder-bands 0.29620205192 0.104482105545 0.474471567094
154.77/47.76	ionosphere 0.424351733607 0.212403483393 -0.158049452526
162.56/50.10	mfeat-karhunen 0.282949003751 0.104296981041 0.546224079284
170.26/52.42	balance-scale 0.255959028265 0.09542114105 0.314806066995
177.95/54.74	mfeat-morphological 0.501359900737 0.337749983327 -0.276344134786
185.63/57.05	liver-disorders 0.144824466951 0.0282745054743 0.482875014467
193.39/59.35	dermatology 0.207447175799 0.0540074959673 0.511640661246
201.03/61.66	vote 0.0718293911885 0.00858105898464 0.780550977201
208.75/63.97	breast-cancer 0.111778195583 0.02174996775 0.536204584338
216.49/66.29	credit-g 0.55343347391 0.422723239674 -0.444089872743
224.19/68.59	soybean 0.111586137334 0.0173495173301 0.808993414466
231.83/70.91	arrhythmia 0.310094785661 0.117408452394 -0.145121071952
245.03/73.22	nursery 0.25436221038 0.0829787645425 0.631551391077
252.78/75.55	hepatitis 0.3000767964 0.128922867953 -0.000646419028738
260.48/77.87	cmc 0.14251641771 0.0280292015374 0.704919950839
268.15/80.18	heart-c 0.26243316664 0.0929064254278 0.747260397221
275.80/82.50	glass 0.29487501629 0.110225163066 0.617330172445
283.87/84.94	braziltourism 0.735034204193 0.637289884343 -0.542345565111
291.69/87.26	iris 0.3163459951 0.13685467428 0.0701364646181
299.35/89.47	heart-statlog 0.300570896651 0.115987785125 0.630581762534
307.34/91.89	page-blocks 0.589347757499 0.472913530028 -0.447321967887
315.08/94.20	breast-w 0.24700352793 0.0823024010998 0.3891442553
322.82/96.51	heart-h 0.172713828747 0.0374765982379 0.697486132008
330.54/98.84	yeast 0.349407560412 0.154563193768 0.453139739145
338.22/101.15	tae 0.386166745708 0.18206511358 0.0562384555002
345.84/103.46	haberman 0.296511033738 0.117523901386 -0.00678739980175
353.46/105.76	mfeat-pixel 0.400944953918 0.200838798363 0.101487787512
361.16/108.07	optdigits 0.252575259489 0.0798351860599 0.703627112781
368.87/110.38	mfeat-factors 0.26186186256 0.0899717839145 0.71461623627
376.66/112.70	satimage 0.341228392322 0.145991847134 0.117001844202
384.28/115.00	lymph 0.233131305 0.0844427974307 0.379447969869
391.93/117.31	audiology 0.276776489514 0.0885146586185 0.464128862634
399.64/119.62	ecoli 0.422156758561 0.226376924606 0.0168068947472
407.33/121.92	tic-tac-toe 0.164427733947 0.0370668958708 0.7220500551
415.13/124.23	spambase 0.342991417985 0.155249714352 0.654176057083
422.79/126.54	zoo 0.197747412486 0.0583185462012 0.572080840433
430.50/128.91	sonar 0.55789480049 0.392071042956 -0.393345978987
438.17/131.22	mfeat-zernike 0.245397520148 0.0836835313678 0.531356441623
445.86/133.55	kr-vs-kp 0.247511493783 0.0740965130828 0.545577660255
446.07/133.70	MAE 0.335697986554 0.159944504798
446.07/133.70	MSE 0.176478515731 0.176478515731
446.07/133.70	Mean tau 0.288104424835 0.388568571148
446.07/133.70	(0.543859649122807, '1_class_probability_max')
446.07/133.70	(0.7368421052631579, '0_class_probability_max')
446.07/133.70	(2.245614035087719, '0_skewness_min')
446.07/133.70	(2.754385964912281, '1_skewness_min')
446.07/133.70	(5.912280701754386, '1_landmark_naive_bayes')
446.07/133.70	(5.947368421052632, '0_landmark_naive_bayes')
446.07/133.70	(10.929824561403509, '0_pca_skewness_first_pc')
446.07/133.70	(11.368421052631579, '1_class_entropy')
446.07/133.70	(11.68421052631579, '1_pca_skewness_first_pc')
446.07/133.70	(12.280701754385966, '0_class_entropy')
446.07/133.70	(12.578947368421053, '1_landmark_lda')
446.07/133.70	(12.912280701754385, '0_landmark_lda')
446.07/133.70	(14.614035087719298, '0_class_probability_std')
446.07/133.70	(15.263157894736842, '0_landmark_decision_tree')
446.07/133.70	(17.105263157894736, '1_landmark_decision_tree')
446.07/133.70	(18.263157894736842, '1_class_probability_std')
446.07/133.70	(20.92982456140351, '0_kurtosis_min')
446.07/133.70	(21.614035087719298, '1_kurtosis_min')
446.07/133.70	(21.68421052631579, '0_landmark_1NN')
446.07/133.70	(23.228070175438596, '1_landmark_1NN')
446.07/133.70	(25.0, '0_class_probability_min')
446.07/133.70	(26.42105263157895, '1_class_probability_min')
446.07/133.70	(26.50877192982456, '1_kurtosis_max')
446.07/133.70	(26.649122807017545, '0_skewness_max')
446.07/133.70	(27.859649122807017, '1_skewness_max')
446.07/133.70	(29.228070175438596, '0_kurtosis_max')
446.07/133.70	(30.54385964912281, '1_number_of_numeric_features')
446.07/133.70	(31.842105263157894, '0_number_of_numeric_features')
446.07/133.70	(32.228070175438596, '1_number_of_instances')
446.07/133.70	(32.49122807017544, '0_log_number_of_instances')
446.07/133.70	(32.89473684210526, '0_skewness_mean')
446.07/133.70	(32.91228070175438, '1_log_number_of_instances')
446.07/133.70	(33.85964912280702, '1_skewness_mean')
446.07/133.70	(34.473684210526315, '0_number_of_instances')
446.07/133.70	(36.666666666666664, '0_number_of_features')
446.07/133.70	(37.6140350877193, '1_number_of_features')
446.07/133.70	(38.0, '1_landmark_decision_node_learner')
446.07/133.70	(38.0, '1_log_number_of_features')
446.07/133.70	(38.56140350877193, '0_landmark_decision_node_learner')
446.07/133.70	(38.59649122807018, '1_kurtosis_std')
446.07/133.70	(39.19298245614035, '1_symbols_mean')
446.07/133.70	(39.31578947368421, '0_log_number_of_features')
446.07/133.70	(41.3859649122807, '0_symbols_mean')
446.07/133.70	(41.89473684210526, '1_skewness_std')
446.07/133.70	(42.421052631578945, '1_pca_kurtosis_first_pc')
446.07/133.70	(43.89473684210526, '0_skewness_std')
446.07/133.70	(45.05263157894737, '0_pca_kurtosis_first_pc')
446.07/133.70	(45.78947368421053, '1_landmark_random_node_learner')
446.07/133.70	(46.56140350877193, '1_symbols_min')
446.07/133.70	(47.96491228070175, '0_symbols_min')
446.07/133.70	(48.10526315789474, '0_pca_95%')
446.07/133.70	(49.26315789473684, '0_landmark_random_node_learner')
446.07/133.70	(49.40350877192982, '1_pca_95%')
446.07/133.70	(49.45614035087719, '0_kurtosis_std')
446.07/133.70	(51.89473684210526, '0_dataset_ratio')
446.07/133.70	(51.96491228070175, '0_inverse_dataset_ratio')
446.07/133.70	(52.175438596491226, '0_log_dataset_ratio')
446.07/133.70	(52.59649122807018, '1_inverse_dataset_ratio')
446.07/133.70	(52.666666666666664, '0_log_inverse_dataset_ratio')
446.07/133.70	(52.73684210526316, '1_log_dataset_ratio')
446.07/133.70	(53.21052631578947, '1_log_inverse_dataset_ratio')
446.07/133.70	(53.68421052631579, '1_dataset_ratio')
446.07/133.70	(53.75438596491228, '0_symbols_sum')
446.07/133.70	(57.666666666666664, '0_ratio_numerical_to_categorical')
446.07/133.70	(57.68421052631579, '1_ratio_numerical_to_categorical')
446.07/133.70	(61.1578947368421, '1_symbols_sum')
446.07/133.70	(62.473684210526315, '0_number_of_categorical_features')
446.07/133.70	(64.80701754385964, '1_kurtosis_mean')
446.07/133.70	(65.0701754385965, '1_number_of_categorical_features')
446.07/133.70	(65.80701754385964, '0_kurtosis_mean')
446.07/133.70	(72.10526315789474, '0_class_probability_mean')
446.07/133.70	(72.57894736842105, '0_ratio_categorical_to_numerical')
446.07/133.70	(73.43859649122807, '0_number_of_classes')
446.07/133.70	(73.6140350877193, '1_ratio_categorical_to_numerical')
446.07/133.70	(74.03508771929825, '1_class_probability_mean')
446.07/133.70	(74.56140350877193, '1_number_of_classes')
446.07/133.70	(75.7719298245614, '0_symbols_max')
446.07/133.70	(77.10526315789474, '1_symbols_max')
446.07/133.70	(77.66666666666667, '0_symbols_std')
446.07/133.70	(78.42105263157895, '1_symbols_std')
446.07/133.70	(79.50877192982456, '0_percentage_of_features_with_missing_values')
446.07/133.70	(79.75438596491227, '1_percentage_of_features_with_missing_values')
446.07/133.70	(81.9298245614035, '1_percentage_of_Instances_with_missing_values')
446.07/133.70	(82.2280701754386, '0_number_of_Instances_with_missing_values')
446.07/133.70	(82.56140350877193, '1_number_of_Instances_with_missing_values')
446.07/133.70	(83.78947368421052, '0_percentage_of_Instances_with_missing_values')
446.07/133.70	(84.42105263157895, '0_number_of_missing_values')
446.07/133.70	(84.66666666666667, '1_number_of_missing_values')
446.07/133.70	(85.0701754385965, '1_percentage_of_missing_values')
446.07/133.70	(86.10526315789474, '0_percentage_of_missing_values')
446.07/133.70	(86.80701754385964, '1_number_of_features_with_missing_values')
446.07/133.70	(87.85964912280701, '0_number_of_features_with_missing_values')
446.07/133.70	Result for ParamILS: SAT, 132.808732, 1, 0.335698, -1, /home/feurerm/thesis/Software/pyMetaLearn/optimizers/metalearn_optimizer/learn_distances.py
