0.75/0.92	['/home/feurerm/thesis/Software/pyMetaLearn/optimizers/metalearn_optimizer/learn_distances.py', '--input_file', '/home/feurerm/thesis/experiments/2014_04_25_predict_distances/testfold_0-3_spearman_rank_perm.pkl', '--fold', '0', '--folds', '1', '--params', '-max_features', '0.491271267404', '-min_samples_leaf', '7', '-min_samples_split', '4', '-n_estimators', '3', '-n_jobs', '4', '-seed', '17']
0.75/0.94	Metafeatures (57, 46)
0.75/0.94	X (3192, 92)
0.75/0.94	Y (3192,)
0.75/0.94	Dataset Mae MSE Rho
1.09/1.28	vehicle 0.398668694709 0.225925402692 0.199580873009
1.41/1.64	anneal.ORIG 0.533606927927 0.374244934132 0.0938970692181
1.78/2.00	segment 0.289590213089 0.116613075823 0.526081263413
2.11/2.35	pendigits 0.314941179641 0.14948588421 0.521756804156
2.46/2.61	mushroom 0.223873201637 0.0812912937627 0.515259048487
2.80/2.98	labor 0.190322084658 0.0562973127765 0.498060860601
3.15/3.33	abalone 0.388750458764 0.223148485077 0.124493567403
3.50/3.58	diabetes 0.548149939151 0.402703934236 -0.353209612244
3.83/3.84	car 0.580238265385 0.474872938622 0.0209025721401
4.17/4.10	autos 0.248067549797 0.0896259903459 0.434363219413
4.50/4.35	mfeat-fourier 0.657120318042 0.581071057843 -0.466094010047
4.85/5.00	primary-tumor 0.184813257679 0.0518599475166 0.587515852299
5.20/5.35	waveform-5000 0.299166053117 0.130089324867 0.415591745622
5.52/5.61	credit-a 0.390374321402 0.21746589961 0.285115667813
5.88/5.96	letter 0.340382555032 0.154202774223 0.348489311113
6.21/6.32	postoperative-patient-data 0.531841874491 0.426021944463 -0.251478405268
6.56/6.58	vowel 0.53365591628 0.376264501913 -0.0486704441615
6.89/6.83	eucalyptus 0.325139759018 0.138349038787 0.384020548832
7.20/7.09	cylinder-bands 0.31639049748 0.128843996767 0.357948185237
7.55/7.44	ionosphere 0.408722688001 0.204017078224 0.0663969570304
7.88/7.70	mfeat-karhunen 0.301833995508 0.13349198583 0.390495424086
8.22/8.05	balance-scale 0.213088570745 0.0690406487819 0.475006786178
8.56/8.41	mfeat-morphological 0.525752570871 0.380616967157 -0.251659512482
8.91/8.76	liver-disorders 0.295515934605 0.123017526798 0.196282929236
9.26/9.11	dermatology 0.197824563488 0.0548694352526 0.527290094388
9.61/9.47	vote 0.114478032349 0.0237889508581 0.648556969828
9.96/9.82	breast-cancer 0.278489032033 0.145921033663 0.0393746126359
10.29/10.08	credit-g 0.477367672015 0.315814270761 -0.147471251389
10.62/10.34	soybean 0.151352149232 0.0346032060551 0.626014963766
10.96/10.69	arrhythmia 0.302385052262 0.133994364872 -0.0379377751011
11.29/10.94	nursery 0.25543416411 0.0903170420057 0.630544270997
11.60/11.20	hepatitis 0.401629377648 0.23222989638 0.0249031629672
11.94/11.55	cmc 0.244759116341 0.0854535549112 0.414950338098
12.28/11.90	heart-c 0.269859815269 0.104047208394 0.604904091721
12.62/12.16	glass 0.376475271674 0.195996529856 0.158946998707
12.95/12.41	braziltourism 0.728837292121 0.645810000237 -0.324054467044
13.29/12.77	iris 0.30345486932 0.132877367964 0.217083225161
13.60/13.03	heart-statlog 0.436213193599 0.291065599991 0.222834795902
13.94/13.28	page-blocks 0.75029550901 0.738697790293 -0.394155844156
14.28/13.64	breast-w 0.324338105322 0.161583714328 0.35288601205
14.66/14.00	heart-h 0.223919312569 0.0717666428571 0.407117311217
14.97/14.25	yeast 0.40768557346 0.2420672657 0.112181753252
15.29/14.51	tae 0.358132478026 0.176249549256 0.0493410733411
15.61/14.76	haberman 0.330329260889 0.152271394939 0.0369202037354
15.97/15.02	mfeat-pixel 0.395929919627 0.206156305434 0.124515814836
16.31/15.37	optdigits 0.284326978753 0.118801066146 0.414688296917
16.68/15.73	mfeat-factors 0.284303496828 0.115389849814 0.470924145888
17.02/16.09	satimage 0.320008757166 0.139362627096 0.235276312968
17.34/16.34	lymph 0.459019635176 0.288085017969 0.13933235486
17.69/16.60	audiology 0.281165592995 0.115296374799 0.480106566526
18.02/16.85	ecoli 0.385308973042 0.202813116233 0.21040016099
18.37/17.21	tic-tac-toe 0.287090844842 0.126517294282 0.380846721615
18.71/17.47	spambase 0.276925762153 0.0977208871737 0.624152859602
19.04/17.72	zoo 0.191695715403 0.0545574476165 0.517468321397
19.37/17.98	sonar 0.576824890384 0.414574714762 -0.27855239473
19.73/18.33	mfeat-zernike 0.274988329666 0.11585688314 0.381416370824
20.04/18.59	kr-vs-kp 0.254530170086 0.0851010513482 0.499437387239
20.04/18.60	MAE 0.355182205858 0.137207322341
20.04/18.60	MSE 0.200319638576 0.200319638576
20.04/18.60	Mean tau 0.235796318598 0.290467443015
20.04/18.60	(1.2456140350877194, '0_class_probability_max')
20.04/18.60	(4.43859649122807, '0_skewness_min')
20.04/18.60	(5.12280701754386, '1_skewness_min')
20.04/18.60	(6.0, '1_class_entropy')
20.04/18.60	(13.140350877192983, '1_class_probability_std')
20.04/18.60	(13.210526315789474, '1_landmark_naive_bayes')
20.04/18.60	(14.368421052631579, '1_class_probability_max')
20.04/18.60	(14.43859649122807, '0_landmark_naive_bayes')
20.04/18.60	(14.596491228070175, '0_class_entropy')
20.04/18.60	(23.19298245614035, '1_kurtosis_min')
20.04/18.60	(23.403508771929825, '1_landmark_decision_tree')
20.04/18.60	(24.087719298245613, '0_pca_skewness_first_pc')
20.04/18.60	(24.29824561403509, '1_pca_skewness_first_pc')
20.04/18.60	(24.36842105263158, '0_landmark_decision_tree')
20.04/18.60	(24.859649122807017, '0_class_probability_std')
20.04/18.60	(27.719298245614034, '1_number_of_features')
20.04/18.60	(27.92982456140351, '1_log_number_of_features')
20.04/18.60	(30.017543859649123, '0_landmark_lda')
20.04/18.60	(30.54385964912281, '0_number_of_numeric_features')
20.04/18.60	(30.82456140350877, '1_landmark_random_node_learner')
20.04/18.60	(30.859649122807017, '1_landmark_lda')
20.04/18.60	(32.59649122807018, '1_landmark_1NN')
20.04/18.60	(33.31578947368421, '0_landmark_random_node_learner')
20.04/18.60	(33.6140350877193, '0_log_number_of_features')
20.04/18.60	(33.63157894736842, '0_skewness_max')
20.04/18.60	(33.771929824561404, '0_class_probability_min')
20.04/18.60	(33.87719298245614, '1_number_of_numeric_features')
20.04/18.60	(34.05263157894737, '0_landmark_1NN')
20.04/18.60	(34.08771929824562, '1_dataset_ratio')
20.04/18.60	(34.96491228070175, '0_number_of_features')
20.04/18.60	(34.98245614035088, '1_class_probability_min')
20.04/18.60	(35.87719298245614, '1_pca_95%')
20.04/18.60	(36.29824561403509, '0_kurtosis_std')
20.04/18.60	(36.75438596491228, '0_skewness_std')
20.04/18.60	(37.08771929824562, '0_log_number_of_instances')
20.04/18.60	(37.26315789473684, '0_number_of_instances')
20.04/18.60	(37.666666666666664, '0_kurtosis_min')
20.04/18.60	(38.89473684210526, '0_kurtosis_max')
20.04/18.60	(39.175438596491226, '1_kurtosis_max')
20.04/18.60	(39.45614035087719, '1_number_of_instances')
20.04/18.60	(39.85964912280702, '1_skewness_max')
20.04/18.60	(41.333333333333336, '0_pca_95%')
20.04/18.60	(41.35087719298246, '1_pca_kurtosis_first_pc')
20.04/18.60	(42.45614035087719, '1_log_number_of_instances')
20.04/18.60	(43.175438596491226, '0_pca_kurtosis_first_pc')
20.04/18.60	(43.24561403508772, '1_kurtosis_std')
20.04/18.60	(44.3859649122807, '1_landmark_decision_node_learner')
20.04/18.60	(44.8421052631579, '0_landmark_decision_node_learner')
20.04/18.60	(45.50877192982456, '0_log_dataset_ratio')
20.04/18.60	(46.6140350877193, '0_log_inverse_dataset_ratio')
20.04/18.60	(47.64912280701754, '0_skewness_mean')
20.04/18.60	(48.92982456140351, '1_log_dataset_ratio')
20.04/18.60	(49.31578947368421, '1_skewness_std')
20.04/18.60	(49.45614035087719, '1_symbols_sum')
20.04/18.60	(49.54385964912281, '0_symbols_mean')
20.04/18.60	(50.0, '0_symbols_sum')
20.04/18.60	(50.45614035087719, '1_skewness_mean')
20.04/18.60	(51.0, '0_dataset_ratio')
20.04/18.60	(51.03508771929825, '0_inverse_dataset_ratio')
20.04/18.60	(51.50877192982456, '1_inverse_dataset_ratio')
20.04/18.60	(52.35087719298246, '1_kurtosis_mean')
20.04/18.60	(52.666666666666664, '1_ratio_numerical_to_categorical')
20.04/18.60	(52.719298245614034, '0_ratio_numerical_to_categorical')
20.04/18.60	(53.3859649122807, '1_class_probability_mean')
20.04/18.60	(53.40350877192982, '1_number_of_categorical_features')
20.04/18.60	(53.63157894736842, '1_log_inverse_dataset_ratio')
20.04/18.60	(55.26315789473684, '0_kurtosis_mean')
20.04/18.60	(56.0, '1_symbols_mean')
20.04/18.60	(57.05263157894737, '0_number_of_categorical_features')
20.04/18.60	(65.14035087719299, '1_number_of_classes')
20.04/18.60	(65.91228070175438, '0_number_of_classes')
20.04/18.60	(66.17543859649123, '1_ratio_categorical_to_numerical')
20.04/18.60	(67.01754385964912, '0_symbols_min')
20.08/18.60	(68.35087719298245, '0_class_probability_mean')
20.08/18.60	(68.7719298245614, '1_symbols_std')
20.08/18.60	(70.47368421052632, '0_symbols_std')
20.08/18.60	(70.49122807017544, '0_ratio_categorical_to_numerical')
20.08/18.60	(71.0, '0_symbols_max')
20.08/18.60	(71.85964912280701, '1_symbols_max')
20.08/18.60	(72.57894736842105, '1_percentage_of_Instances_with_missing_values')
20.08/18.60	(73.01754385964912, '1_symbols_min')
20.08/18.60	(74.52631578947368, '0_percentage_of_features_with_missing_values')
20.08/18.60	(75.6140350877193, '1_number_of_Instances_with_missing_values')
20.08/18.60	(76.19298245614036, '0_percentage_of_missing_values')
20.08/18.60	(76.54385964912281, '1_percentage_of_features_with_missing_values')
20.08/18.60	(76.7719298245614, '1_percentage_of_missing_values')
20.08/18.60	(77.28070175438596, '0_number_of_missing_values')
20.08/18.60	(77.50877192982456, '1_number_of_missing_values')
20.08/18.60	(77.75438596491227, '0_number_of_Instances_with_missing_values')
20.08/18.60	(78.52631578947368, '0_percentage_of_Instances_with_missing_values')
20.08/18.60	(80.08771929824562, '1_number_of_features_with_missing_values')
20.08/18.60	(80.2280701754386, '0_number_of_features_with_missing_values')
20.08/18.60	Result for ParamILS: SAT, 17.678225, 1, 0.355182, -1, /home/feurerm/thesis/Software/pyMetaLearn/optimizers/metalearn_optimizer/learn_distances.py
