0.74/3.21	['/home/feurerm/thesis/Software/pyMetaLearn/optimizers/metalearn_optimizer/learn_distances.py', '--input_file', '/home/feurerm/thesis/experiments/2014_04_25_predict_distances/testfold_0-3_spearman_rank_perm.pkl', '--fold', '0', '--folds', '1', '--params', '-max_features', '0.458005386084', '-min_samples_leaf', '5', '-min_samples_split', '2', '-n_estimators', '98', '-n_jobs', '4', '-seed', '10']
0.79/3.22	Metafeatures (57, 46)
0.79/3.22	X (3192, 92)
0.79/3.22	Y (3192,)
0.79/3.22	Dataset Mae MSE Rho
8.51/5.50	vehicle 0.440647166255 0.251144811221 -0.0449261224973
16.46/8.09	anneal.ORIG 0.61207717484 0.428054819407 -0.0471885890979
24.77/10.91	segment 0.276083813906 0.0965838954878 0.752108539937
32.88/13.49	pendigits 0.384308243765 0.175391719837 0.304463362536
41.12/16.30	mushroom 0.213460527782 0.0558378588388 0.589210944695
49.16/18.88	labor 0.196898390306 0.055238032548 0.710091303069
57.26/21.67	abalone 0.39204786266 0.197573952664 0.325148771455
65.47/24.28	diabetes 0.492916464779 0.340969975593 -0.144797862437
73.36/27.02	car 0.543209264431 0.40229106279 -0.0546224079284
81.42/29.78	autos 0.194346712949 0.0489363434381 0.649651123882
89.49/32.61	mfeat-fourier 0.671235232458 0.583277087939 -0.497419442614
97.55/35.18	primary-tumor 0.185976528811 0.0418873675839 0.662579504457
105.53/37.76	waveform-5000 0.243705548218 0.0809813042586 0.607957096528
113.57/41.09	credit-a 0.413528100004 0.243467560808 0.245962440435
121.60/43.75	letter 0.283988551508 0.107047557925 0.595998344497
129.97/46.44	postoperative-patient-data 0.449198842634 0.24300793321 -0.513579918332
137.99/48.99	vowel 0.499619103306 0.313049056182 0.0258567611495
146.02/51.66	eucalyptus 0.286880606051 0.107718567836 0.495480185528
153.87/54.35	cylinder-bands 0.270847154635 0.084542779823 0.575636145091
162.02/56.92	ionosphere 0.431177325955 0.214187104769 -0.0966396447963
170.16/59.58	mfeat-karhunen 0.26208536656 0.0901853469354 0.62508720079
178.27/65.37	balance-scale 0.189184955559 0.0519361195265 0.625733619818
186.26/71.74	mfeat-morphological 0.482253162397 0.314733716192 -0.196188175222
194.40/76.97	liver-disorders 0.187598222027 0.0502516917096 0.527154717936
202.45/79.73	dermatology 0.213019621947 0.0575384688334 0.487076738154
210.51/82.34	vote 0.0707174072907 0.00819989916318 0.787338377003
218.49/84.91	breast-cancer 0.183888294609 0.0469586427847 0.291211772447
226.69/87.54	credit-g 0.524162913042 0.370444378927 -0.4431202442
234.83/90.13	soybean 0.108234085048 0.0167459509423 0.853919536963
242.84/92.69	arrhythmia 0.291702458348 0.1075311418 -0.10504309217
250.84/95.27	nursery 0.228577719459 0.0673695088078 0.698455760552
258.77/97.98	hepatitis 0.348053220732 0.16992479623 -0.174856347274
266.68/105.25	cmc 0.18236020999 0.0405232042663 0.698778970066
274.78/107.90	heart-c 0.268391979175 0.0943600064629 0.750492492365
282.79/110.59	glass 0.340149898994 0.136749377089 0.467037748263
290.85/113.15	braziltourism 0.6297216896 0.49217430872 -0.565616650146
298.90/115.91	iris 0.321884144573 0.137561946681 0.138656881664
306.87/118.70	heart-statlog 0.340933421481 0.155665516342 0.574020097519
315.18/121.37	page-blocks 0.588002921124 0.464561256276 -0.617330172445
323.20/124.02	breast-w 0.225710970465 0.0702592077067 0.603108953813
331.20/126.63	heart-h 0.151416597219 0.0302346158226 0.745644349649
339.31/129.21	yeast 0.338543447036 0.14032399925 0.61474449633
347.39/134.92	tae 0.361039860905 0.165508042011 -0.0546224079284
355.67/137.51	haberman 0.289289888671 0.110585234605 -0.0216550374627
363.63/140.18	mfeat-pixel 0.402571331478 0.199231519667 0.119264310802
371.73/143.28	optdigits 0.238570810252 0.0695073695375 0.702657484238
379.95/145.87	mfeat-factors 0.262627350209 0.0917749116564 0.681972075319
388.19/148.45	satimage 0.380830032521 0.176663306661 0.0423404463823
396.16/151.19	lymph 0.29506899371 0.12520421971 0.360055399007
406.18/153.83	audiology 0.280561282501 0.0978046215018 0.534911746281
414.33/156.42	ecoli 0.420514508542 0.225909955397 0.0769238644198
422.62/159.00	tic-tac-toe 0.187879122727 0.049584898908 0.725928569273
430.77/161.60	spambase 0.373884135314 0.179270941962 0.745644349649
438.93/164.19	zoo 0.178866484713 0.0412595787939 0.67615430406
447.06/169.34	sonar 0.548069768447 0.373502645437 -0.331612961743
455.13/171.92	mfeat-zernike 0.217457198508 0.0691942064285 0.6095731441
463.16/174.54	kr-vs-kp 0.213733733991 0.0560511967346 0.63252101962
463.54/174.84	MAE 0.32648613727 0.13783936861
463.54/174.84	MSE 0.161692535818 0.161692535818
463.54/174.84	Mean tau 0.316269015324 0.41083998072
463.54/174.84	(0.15789473684210525, '1_class_probability_max')
463.54/174.84	(0.9824561403508771, '0_class_probability_max')
463.54/174.84	(2.245614035087719, '1_skewness_min')
463.54/174.84	(2.8421052631578947, '0_skewness_min')
463.54/174.84	(6.56140350877193, '0_class_entropy')
463.54/174.84	(6.56140350877193, '1_class_entropy')
463.54/174.84	(6.614035087719298, '0_class_probability_std')
463.54/174.84	(8.0, '1_landmark_decision_tree')
463.54/174.84	(8.68421052631579, '0_landmark_decision_tree')
463.54/174.84	(8.929824561403509, '1_class_probability_std')
463.54/174.84	(9.24561403508772, '0_landmark_random_node_learner')
463.54/174.84	(10.929824561403509, '1_landmark_naive_bayes')
463.54/174.84	(11.31578947368421, '0_landmark_naive_bayes')
463.54/174.84	(11.350877192982455, '1_landmark_random_node_learner')
463.54/174.84	(20.12280701754386, '1_pca_skewness_first_pc')
463.54/174.84	(20.29824561403509, '0_pca_skewness_first_pc')
463.54/174.84	(21.912280701754387, '0_kurtosis_std')
463.54/174.84	(22.12280701754386, '1_skewness_std')
463.54/174.84	(22.789473684210527, '0_landmark_1NN')
463.54/174.84	(23.017543859649123, '0_skewness_std')
463.54/174.84	(23.54385964912281, '1_log_number_of_features')
463.54/174.84	(23.80701754385965, '0_skewness_max')
463.54/174.84	(24.07017543859649, '1_number_of_features')
463.54/174.84	(24.50877192982456, '1_landmark_lda')
463.54/174.84	(24.666666666666668, '0_log_number_of_features')
463.54/174.84	(24.94736842105263, '0_kurtosis_min')
463.54/174.84	(25.228070175438596, '0_number_of_features')
463.54/174.84	(25.596491228070175, '1_kurtosis_min')
463.54/174.84	(25.70175438596491, '0_landmark_lda')
463.54/174.84	(26.36842105263158, '1_landmark_1NN')
463.54/174.84	(27.87719298245614, '1_kurtosis_std')
463.54/174.84	(29.596491228070175, '1_skewness_max')
463.54/174.84	(32.24561403508772, '1_number_of_numeric_features')
463.54/174.84	(32.45614035087719, '0_number_of_numeric_features')
463.54/174.84	(35.78947368421053, '0_number_of_categorical_features')
463.54/174.84	(38.40350877192982, '0_symbols_sum')
463.54/174.84	(39.35087719298246, '0_class_probability_min')
463.54/174.84	(39.473684210526315, '1_number_of_categorical_features')
463.54/174.84	(39.54385964912281, '1_class_probability_min')
463.54/174.84	(40.29824561403509, '1_symbols_sum')
463.54/174.84	(40.31578947368421, '0_kurtosis_max')
463.54/174.84	(40.63157894736842, '1_kurtosis_max')
463.54/174.84	(41.421052631578945, '1_landmark_decision_node_learner')
463.54/174.84	(44.87719298245614, '0_landmark_decision_node_learner')
463.54/174.84	(46.228070175438596, '1_pca_kurtosis_first_pc')
463.54/174.84	(46.29824561403509, '0_number_of_instances')
463.54/174.84	(46.92982456140351, '0_log_number_of_instances')
463.54/174.84	(46.92982456140351, '1_number_of_instances')
463.54/174.84	(47.49122807017544, '1_log_number_of_instances')
463.54/174.84	(48.3859649122807, '0_pca_kurtosis_first_pc')
463.54/174.84	(49.578947368421055, '1_skewness_mean')
463.54/174.84	(50.05263157894737, '0_skewness_mean')
463.54/174.84	(51.35087719298246, '0_pca_95%')
463.54/174.84	(53.03508771929825, '1_pca_95%')
463.54/174.84	(53.719298245614034, '1_symbols_mean')
463.54/174.84	(55.0, '0_symbols_mean')
463.54/174.84	(57.6140350877193, '0_ratio_numerical_to_categorical')
463.54/174.84	(58.12280701754386, '1_dataset_ratio')
463.54/174.84	(58.175438596491226, '0_log_dataset_ratio')
463.54/174.84	(58.228070175438596, '1_inverse_dataset_ratio')
463.54/174.84	(58.43859649122807, '0_dataset_ratio')
463.54/174.84	(58.68421052631579, '1_log_inverse_dataset_ratio')
463.54/174.84	(59.1578947368421, '0_log_inverse_dataset_ratio')
463.54/174.84	(59.228070175438596, '0_inverse_dataset_ratio')
463.54/174.84	(59.36842105263158, '1_log_dataset_ratio')
463.54/174.84	(60.771929824561404, '1_ratio_numerical_to_categorical')
463.54/174.84	(61.421052631578945, '1_symbols_min')
463.54/174.84	(62.3859649122807, '0_symbols_min')
463.54/174.84	(64.85964912280701, '1_kurtosis_mean')
463.54/174.84	(65.0701754385965, '0_kurtosis_mean')
463.54/174.84	(73.64912280701755, '0_symbols_max')
463.54/174.84	(74.03508771929825, '1_symbols_max')
463.54/174.84	(74.73684210526316, '1_ratio_categorical_to_numerical')
463.54/174.84	(74.9298245614035, '0_ratio_categorical_to_numerical')
463.54/174.84	(76.80701754385964, '0_number_of_classes')
463.54/174.84	(76.85964912280701, '0_class_probability_mean')
463.54/174.84	(77.10526315789474, '1_percentage_of_features_with_missing_values')
463.54/174.84	(77.21052631578948, '0_percentage_of_features_with_missing_values')
463.54/174.84	(77.71929824561404, '0_symbols_std')
463.54/174.84	(77.78947368421052, '1_symbols_std')
463.54/174.84	(77.84210526315789, '1_percentage_of_missing_values')
463.54/174.84	(78.24561403508773, '1_number_of_classes')
463.54/174.84	(78.70175438596492, '1_class_probability_mean')
463.54/174.84	(78.94736842105263, '0_percentage_of_missing_values')
463.54/174.84	(83.49122807017544, '1_percentage_of_Instances_with_missing_values')
463.54/174.84	(84.3157894736842, '1_number_of_features_with_missing_values')
463.54/174.84	(84.49122807017544, '1_number_of_Instances_with_missing_values')
463.54/174.84	(84.57894736842105, '0_number_of_Instances_with_missing_values')
463.54/174.84	(85.12280701754386, '0_percentage_of_Instances_with_missing_values')
463.54/174.84	(85.28070175438596, '0_number_of_missing_values')
463.54/174.84	(85.78947368421052, '1_number_of_missing_values')
463.54/174.84	(86.42105263157895, '0_number_of_features_with_missing_values')
463.54/174.84	Result for ParamILS: SAT, 171.632743, 1, 0.326486, -1, /home/feurerm/thesis/Software/pyMetaLearn/optimizers/metalearn_optimizer/learn_distances.py
