0.74/0.91	['/home/feurerm/thesis/Software/pyMetaLearn/optimizers/metalearn_optimizer/learn_distances.py', '--input_file', '/home/feurerm/thesis/experiments/2014_04_25_predict_distances/testfold_0-3_spearman_rank_perm.pkl', '--fold', '0', '--folds', '1', '--params', '-max_features', '0.117113693813', '-min_samples_leaf', '3', '-min_samples_split', '1', '-n_estimators', '64', '-n_jobs', '4', '-seed', '14']
0.74/0.92	Metafeatures (57, 46)
0.74/0.92	X (3192, 92)
0.74/0.92	Y (3192,)
0.74/0.92	Dataset Mae MSE Rho
2.23/1.58	vehicle 0.37744662766 0.180489565851 0.212995069969
4.14/2.50	anneal.ORIG 0.462843800999 0.262545677468 0.340986037659
5.89/3.28	segment 0.27886133325 0.0985581169795 0.720434007529
7.69/4.15	pendigits 0.40141750518 0.191748875304 0.293151029533
9.51/5.47	mushroom 0.195889953374 0.0477472236965 0.633490648163
11.32/6.34	labor 0.245729272701 0.0770648132412 0.792832938747
13.13/7.22	abalone 0.391246249354 0.193908208391 0.301231267392
14.95/8.08	diabetes 0.482845146429 0.317000448943 -0.027149599207
16.78/8.86	car 0.431777236205 0.280783919346 0.214611117541
18.58/9.74	autos 0.235492369875 0.0715953910229 0.635753114764
20.43/10.62	mfeat-fourier 0.64672937369 0.540569961714 -0.488692785726
22.23/11.49	primary-tumor 0.217870513302 0.057870871041 0.6095731441
24.08/12.37	waveform-5000 0.300714848908 0.118985193449 0.352944789691
25.96/13.27	credit-a 0.377117194128 0.193519257846 0.325148771455
27.85/14.17	letter 0.253250985793 0.0913094060345 0.621531896132
29.76/15.08	postoperative-patient-data 0.450498838824 0.25672204126 -0.669043694744
31.62/15.95	vowel 0.513570709358 0.326850005789 -0.0879129879084
33.47/16.82	eucalyptus 0.305333161192 0.125994646067 0.490955252327
35.34/17.73	cylinder-bands 0.265760334284 0.0828804373919 0.635753114764
37.19/18.51	ionosphere 0.435022999187 0.224945842364 -0.0801559595635
39.01/19.41	mfeat-karhunen 0.255845176173 0.0874472931566 0.566263069175
40.79/20.28	balance-scale 0.181671275667 0.04816270513 0.746613978193
42.63/21.18	mfeat-morphological 0.461530279035 0.282121498645 -0.0924379211095
44.45/22.06	liver-disorders 0.255161104048 0.0906739920445 0.461219977005
46.28/22.84	dermatology 0.208192902798 0.0557654000412 0.519397689591
48.11/23.73	vote 0.0814361439593 0.0109379408351 0.812548719124
49.98/24.61	breast-cancer 0.288971547284 0.105436567931 -0.24563923092
51.84/25.49	credit-g 0.549049946669 0.398758106787 -0.506469309016
53.71/26.37	soybean 0.10895351746 0.0180153239571 0.85812126065
55.50/27.16	arrhythmia 0.273269069979 0.0990402431692 0.145121071952
57.37/28.03	nursery 0.242944020691 0.0724687582217 0.694900455893
59.18/28.91	hepatitis 0.440056602543 0.26553993108 -0.160635128641
61.01/29.79	cmc 0.240584748159 0.0674402486365 0.581130706836
62.81/30.66	heart-c 0.285510915018 0.106593750569 0.693284408322
64.61/31.55	glass 0.372275599617 0.166493738526 0.263092544696
66.44/32.46	braziltourism 0.632231382563 0.492974016819 -0.50970140416
68.28/33.34	iris 0.298294444677 0.117303982213 0.2766673443
70.11/34.22	heart-statlog 0.385418759109 0.199861948359 0.335491475915
71.95/35.10	page-blocks 0.433128074025 0.255515451925 0.195864965708
73.75/35.97	breast-w 0.233008753122 0.0728699392397 0.570788002376
75.53/37.54	heart-h 0.175460686786 0.0397236311445 0.663549133
77.49/38.41	yeast 0.369867536247 0.170812472135 0.429222235082
79.10/39.27	tae 0.305182656948 0.122538201697 0.0588241316152
80.91/40.13	haberman 0.293275546789 0.115226272578 0.0084034473736
82.68/40.99	mfeat-pixel 0.372107576637 0.166773525724 0.14867637661
84.46/41.86	optdigits 0.204367240744 0.0520183408737 0.748553235279
86.25/42.73	mfeat-factors 0.263766223849 0.0938717539337 0.596321554011
88.07/43.62	satimage 0.390002609172 0.182689932527 0.0277960182357
89.86/44.39	lymph 0.261036569876 0.0964231759359 0.516488803962
91.67/45.27	audiology 0.294055593185 0.112816874551 0.479642919324
93.54/46.15	ecoli 0.434195249639 0.23919387639 0.024563923092
95.32/47.02	tic-tac-toe 0.204774075838 0.060258016537 0.739503368876
97.22/47.90	spambase 0.357275244608 0.160747481087 0.80931662398
98.99/48.81	zoo 0.181240699565 0.0475836588563 0.663549133
100.88/49.71	sonar 0.518732642096 0.336909890635 -0.316422114567
102.72/50.62	mfeat-zernike 0.220130182819 0.0700312849746 0.644802981166
104.63/51.40	kr-vs-kp 0.185423517198 0.0433097378181 0.683911332405
104.84/51.62	MAE 0.325049939795 0.121125368116
104.84/51.62	MSE 0.155534015226 0.155534015226
104.84/51.62	Mean tau 0.332644964052 0.383154922281
104.84/51.62	(1.4210526315789473, '1_landmark_random_node_learner')
104.84/51.62	(1.4912280701754386, '1_class_probability_max')
104.84/51.62	(1.5263157894736843, '0_class_probability_max')
104.84/51.62	(3.210526315789474, '1_landmark_decision_tree')
104.84/51.62	(4.456140350877193, '0_landmark_decision_tree')
104.84/51.62	(6.2631578947368425, '1_class_probability_std')
104.84/51.62	(6.7894736842105265, '0_landmark_naive_bayes')
104.84/51.62	(7.245614035087719, '0_landmark_random_node_learner')
104.84/51.62	(8.543859649122806, '0_class_entropy')
104.84/51.62	(11.368421052631579, '1_landmark_naive_bayes')
104.84/51.62	(12.035087719298245, '1_landmark_lda')
104.84/51.62	(13.526315789473685, '0_landmark_lda')
104.84/51.62	(14.035087719298245, '1_class_entropy')
104.84/51.62	(14.175438596491228, '1_landmark_1NN')
104.84/51.62	(14.192982456140351, '0_pca_skewness_first_pc')
104.84/51.62	(14.43859649122807, '0_class_probability_std')
104.84/51.62	(15.12280701754386, '0_landmark_1NN')
104.84/51.62	(16.05263157894737, '1_skewness_min')
104.84/51.62	(16.82456140350877, '0_skewness_min')
104.84/51.62	(20.56140350877193, '0_number_of_features')
104.84/51.62	(24.36842105263158, '1_symbols_sum')
104.84/51.62	(24.56140350877193, '1_pca_skewness_first_pc')
104.84/51.62	(25.87719298245614, '1_number_of_features')
104.84/51.62	(25.912280701754387, '0_ratio_numerical_to_categorical')
104.84/51.62	(25.964912280701753, '0_number_of_categorical_features')
104.84/51.62	(27.57894736842105, '0_log_number_of_features')
104.84/51.62	(29.49122807017544, '0_landmark_decision_node_learner')
104.84/51.62	(30.035087719298247, '1_log_number_of_features')
104.84/51.62	(32.78947368421053, '1_number_of_categorical_features')
104.84/51.62	(33.08771929824562, '0_kurtosis_min')
104.84/51.62	(34.54385964912281, '1_skewness_max')
104.84/51.62	(35.56140350877193, '1_landmark_decision_node_learner')
104.84/51.62	(35.63157894736842, '1_number_of_numeric_features')
104.84/51.62	(36.35087719298246, '0_number_of_numeric_features')
104.84/51.62	(37.19298245614035, '1_skewness_std')
104.84/51.62	(39.19298245614035, '0_symbols_sum')
104.84/51.62	(40.70175438596491, '1_kurtosis_min')
104.84/51.62	(42.59649122807018, '1_kurtosis_std')
104.84/51.62	(44.56140350877193, '1_symbols_mean')
104.84/51.62	(45.19298245614035, '0_skewness_max')
104.84/51.62	(45.64912280701754, '0_pca_kurtosis_first_pc')
104.84/51.62	(46.8421052631579, '1_pca_kurtosis_first_pc')
104.84/51.62	(47.1578947368421, '1_kurtosis_max')
104.84/51.62	(47.40350877192982, '0_skewness_std')
104.84/51.62	(49.56140350877193, '0_pca_95%')
104.84/51.62	(49.70175438596491, '0_kurtosis_std')
104.84/51.62	(49.92982456140351, '1_pca_95%')
104.84/51.62	(50.85964912280702, '0_class_probability_min')
104.84/51.62	(51.40350877192982, '1_skewness_mean')
104.84/51.62	(51.421052631578945, '0_symbols_mean')
104.84/51.62	(51.85964912280702, '1_number_of_classes')
104.84/51.62	(51.96491228070175, '0_symbols_max')
104.84/51.62	(52.36842105263158, '0_kurtosis_max')
104.84/51.62	(52.719298245614034, '1_symbols_max')
104.84/51.62	(54.70175438596491, '1_ratio_numerical_to_categorical')
104.84/51.62	(55.70175438596491, '1_class_probability_min')
104.84/51.62	(55.75438596491228, '0_skewness_mean')
104.84/51.62	(55.80701754385965, '1_symbols_std')
104.84/51.62	(58.07017543859649, '1_log_number_of_instances')
104.84/51.62	(60.421052631578945, '0_number_of_instances')
104.84/51.62	(61.175438596491226, '0_log_number_of_instances')
104.84/51.62	(62.08771929824562, '1_dataset_ratio')
104.84/51.62	(62.333333333333336, '0_symbols_std')
104.84/51.62	(63.21052631578947, '0_kurtosis_mean')
104.84/51.62	(63.36842105263158, '0_inverse_dataset_ratio')
104.84/51.62	(63.3859649122807, '1_kurtosis_mean')
104.84/51.62	(65.26315789473684, '0_dataset_ratio')
104.84/51.62	(65.80701754385964, '1_symbols_min')
104.84/51.62	(65.87719298245614, '1_log_inverse_dataset_ratio')
104.84/51.62	(66.63157894736842, '0_symbols_min')
104.84/51.62	(66.9298245614035, '1_number_of_instances')
104.84/51.62	(67.0, '1_inverse_dataset_ratio')
104.84/51.62	(67.01754385964912, '0_log_inverse_dataset_ratio')
104.84/51.62	(67.87719298245614, '0_percentage_of_features_with_missing_values')
104.84/51.62	(67.98245614035088, '1_log_dataset_ratio')
104.84/51.62	(68.6140350877193, '0_log_dataset_ratio')
104.84/51.62	(70.50877192982456, '0_number_of_classes')
104.84/51.62	(70.54385964912281, '1_percentage_of_features_with_missing_values')
104.84/51.62	(70.75438596491227, '0_number_of_missing_values')
104.84/51.62	(71.0701754385965, '0_class_probability_mean')
104.84/51.62	(71.49122807017544, '1_ratio_categorical_to_numerical')
104.84/51.62	(72.59649122807018, '1_class_probability_mean')
104.84/51.62	(72.87719298245614, '0_ratio_categorical_to_numerical')
104.84/51.62	(74.03508771929825, '1_percentage_of_missing_values')
104.84/51.62	(79.01754385964912, '1_number_of_missing_values')
104.84/51.62	(79.59649122807018, '0_percentage_of_missing_values')
104.84/51.62	(79.96491228070175, '0_percentage_of_Instances_with_missing_values')
104.84/51.62	(80.3859649122807, '0_number_of_Instances_with_missing_values')
104.84/51.62	(82.9298245614035, '1_number_of_features_with_missing_values')
104.84/51.62	(83.40350877192982, '1_percentage_of_Instances_with_missing_values')
104.84/51.62	(84.15789473684211, '1_number_of_Instances_with_missing_values')
104.84/51.62	(84.33333333333333, '0_number_of_features_with_missing_values')
104.84/51.62	Result for ParamILS: SAT, 50.707621, 1, 0.325050, -1, /home/feurerm/thesis/Software/pyMetaLearn/optimizers/metalearn_optimizer/learn_distances.py
