0.66/0.86	['/home/feurerm/thesis/Software/pyMetaLearn/optimizers/metalearn_optimizer/learn_distances.py', '--input_file', '/home/feurerm/thesis/experiments/2014_04_25_predict_distances/testfold_0-3_spearman_rank_perm.pkl', '--fold', '0', '--folds', '1', '--params', '-max_features', '0.422852530652', '-min_samples_leaf', '9', '-min_samples_split', '6', '-n_estimators', '53', '-n_jobs', '4', '-seed', '21']
0.66/0.87	Metafeatures (57, 46)
0.66/0.87	X (3192, 92)
0.66/0.87	Y (3192,)
0.66/0.87	Dataset Mae MSE Rho
4.12/1.92	vehicle 0.437030954674 0.247509104068 -0.0126051710604
7.74/3.12	anneal.ORIG 0.590207774967 0.404605045719 0.000323209514369
11.41/4.32	segment 0.281425968094 0.0988838391055 0.771501110799
15.04/5.62	pendigits 0.385534072102 0.180484476049 0.295090286619
18.67/6.82	mushroom 0.232590198084 0.0638348047582 0.565293440631
22.30/8.28	labor 0.196523344503 0.0559553972245 0.679386399204
25.93/9.53	abalone 0.404682967181 0.206449729361 0.236266155004
29.63/10.83	diabetes 0.476949240949 0.317891078324 -0.0798327500492
33.28/12.14	car 0.491105094333 0.344503997891 0.096316435282
36.86/13.37	autos 0.218431087443 0.0614326360042 0.632844229135
40.55/14.68	mfeat-fourier 0.645699948395 0.545716916625 -0.494833766499
44.22/15.97	primary-tumor 0.200361189862 0.0487353526208 0.626380038847
47.87/17.17	waveform-5000 0.257673820975 0.0889656794659 0.529093975022
51.56/18.49	credit-a 0.401069548637 0.227101919528 0.32773444757
55.17/19.69	letter 0.278566838382 0.103987359189 0.578868240235
58.98/20.99	postoperative-patient-data 0.427483731287 0.222433870997 -0.323209514369
62.63/22.20	vowel 0.508264549942 0.31929917882 0.0155140566897
66.25/23.41	eucalyptus 0.285483666189 0.106935717105 0.459927138947
69.96/24.62	cylinder-bands 0.281999860679 0.0929845495122 0.556889993258
73.65/25.92	ionosphere 0.406503113499 0.190107285157 -0.0345834180375
77.32/27.23	mfeat-karhunen 0.284869802839 0.108127525067 0.544931241226
81.06/28.53	balance-scale 0.205513297098 0.0581038213676 0.586302059065
84.73/29.73	mfeat-morphological 0.479650995871 0.308276505841 -0.251780211693
88.38/30.93	liver-disorders 0.182805008005 0.0505310913414 0.56884874529
92.11/32.14	dermatology 0.195326901907 0.048702014351 0.545577660255
95.80/33.44	vote 0.0769286935827 0.00967874777542 0.79380256729
99.51/34.74	breast-cancer 0.208844071093 0.0612805168775 0.126374920118
103.32/36.06	credit-g 0.509688699982 0.353822500709 -0.370721312981
107.04/37.36	soybean 0.124452186582 0.0211082457515 0.837759061245
110.71/38.57	arrhythmia 0.285426518476 0.101670900693 0.0145444281466
114.38/39.89	nursery 0.265286091816 0.0902086175706 0.593735877896
118.03/41.11	hepatitis 0.361204118769 0.188266409435 -0.260183659067
121.69/42.31	cmc 0.17615788929 0.039272356833 0.673568627945
125.34/43.62	heart-c 0.279615928976 0.102011552551 0.694577246379
129.06/44.92	glass 0.372151671277 0.164048328708 0.284747582159
132.74/46.22	braziltourism 0.641517361754 0.493470080119 -0.521013737163
137.33/47.53	iris 0.315827950506 0.135615696255 0.131223062834
140.97/48.73	heart-statlog 0.347980606405 0.165453548706 0.542022355597
144.80/50.03	page-blocks 0.516572423866 0.358232152038 -0.328704076113
148.48/51.33	breast-w 0.246767255752 0.0816875154702 0.478996500295
152.14/52.53	heart-h 0.168046218494 0.0364449677406 0.698778970066
155.80/53.74	yeast 0.374376119836 0.17205453363 0.458311091375
159.47/54.95	tae 0.359069048213 0.163961689338 -0.012281961546
163.09/56.25	haberman 0.277935947654 0.101396962551 0.0138980091179
166.76/57.56	mfeat-pixel 0.38856039367 0.188015525734 0.118294682259
170.47/58.87	optdigits 0.24805337743 0.0760414499366 0.708152045983
174.17/60.18	mfeat-factors 0.278890627718 0.104917720871 0.585009221008
177.90/61.51	satimage 0.354916538035 0.157684154605 0.0972860638251
181.47/62.81	lymph 0.286944764867 0.119593914824 0.358439351435
185.19/64.13	audiology 0.285210126108 0.10231267333 0.487723157183
188.88/65.44	ecoli 0.438909735332 0.249921806282 -0.0164836852328
192.55/66.75	tic-tac-toe 0.197918331458 0.0569849893708 0.704596741325
196.28/67.95	spambase 0.364054859544 0.170523398901 0.745644349649
199.99/69.16	zoo 0.189824999989 0.0496130942268 0.624117572247
203.64/70.47	sonar 0.538663501755 0.368406647185 -0.382680065013
207.43/71.80	mfeat-zernike 0.241521964057 0.0821188772782 0.492571299898
211.08/73.29	kr-vs-kp 0.237785610779 0.069672816902 0.568525535775
211.28/73.44	MAE 0.328330817701 0.127358842232
211.28/73.44	MSE 0.160299145398 0.160299145398
211.28/73.44	Mean tau 0.304576769383 0.372051304416
211.28/73.44	(0.07017543859649122, '1_class_probability_max')
211.28/73.44	(1.0350877192982457, '0_class_probability_max')
211.28/73.44	(2.6315789473684212, '1_skewness_min')
211.28/73.44	(2.736842105263158, '0_skewness_min')
211.28/73.44	(6.0701754385964914, '0_class_entropy')
211.28/73.44	(7.157894736842105, '0_class_probability_std')
211.28/73.44	(7.526315789473684, '0_landmark_decision_tree')
211.28/73.44	(7.9298245614035086, '1_landmark_decision_tree')
211.28/73.44	(8.105263157894736, '0_landmark_random_node_learner')
211.28/73.44	(9.280701754385966, '1_class_probability_std')
211.28/73.44	(10.385964912280702, '1_class_entropy')
211.28/73.44	(11.491228070175438, '0_landmark_naive_bayes')
211.28/73.44	(11.859649122807017, '1_landmark_naive_bayes')
211.28/73.44	(12.508771929824562, '1_landmark_random_node_learner')
211.28/73.44	(13.0, '0_landmark_1NN')
211.28/73.44	(21.526315789473685, '0_pca_skewness_first_pc')
211.28/73.44	(22.19298245614035, '1_skewness_std')
211.28/73.44	(22.49122807017544, '1_pca_skewness_first_pc')
211.28/73.44	(23.263157894736842, '0_log_number_of_features')
211.28/73.44	(23.333333333333332, '0_landmark_lda')
211.28/73.44	(24.49122807017544, '0_number_of_features')
211.28/73.44	(25.17543859649123, '1_landmark_lda')
211.28/73.44	(25.263157894736842, '1_landmark_1NN')
211.28/73.44	(25.57894736842105, '1_number_of_features')
211.28/73.44	(26.29824561403509, '0_kurtosis_min')
211.28/73.44	(27.035087719298247, '1_kurtosis_std')
211.28/73.44	(27.17543859649123, '0_skewness_max')
211.28/73.44	(27.263157894736842, '1_log_number_of_features')
211.28/73.44	(29.157894736842106, '1_skewness_max')
211.28/73.44	(30.087719298245613, '0_skewness_std')
211.28/73.44	(30.94736842105263, '1_kurtosis_min')
211.28/73.44	(31.894736842105264, '0_kurtosis_std')
211.28/73.44	(32.31578947368421, '0_number_of_numeric_features')
211.28/73.44	(32.45614035087719, '1_number_of_numeric_features')
211.28/73.44	(33.175438596491226, '0_symbols_sum')
211.28/73.44	(36.07017543859649, '1_symbols_sum')
211.28/73.44	(39.92982456140351, '0_number_of_categorical_features')
211.28/73.44	(40.21052631578947, '1_kurtosis_max')
211.28/73.44	(41.10526315789474, '0_class_probability_min')
211.28/73.44	(41.45614035087719, '0_landmark_decision_node_learner')
211.28/73.44	(41.68421052631579, '1_class_probability_min')
211.28/73.44	(41.719298245614034, '1_number_of_categorical_features')
211.28/73.44	(42.59649122807018, '0_kurtosis_max')
211.28/73.44	(43.80701754385965, '1_landmark_decision_node_learner')
211.28/73.44	(46.175438596491226, '0_pca_kurtosis_first_pc')
211.28/73.44	(46.19298245614035, '1_pca_kurtosis_first_pc')
211.28/73.44	(47.421052631578945, '0_log_number_of_instances')
211.28/73.44	(47.56140350877193, '1_log_number_of_instances')
211.28/73.44	(48.07017543859649, '0_number_of_instances')
211.28/73.44	(48.280701754385966, '1_number_of_instances')
211.28/73.44	(50.49122807017544, '1_symbols_mean')
211.28/73.44	(50.54385964912281, '1_pca_95%')
211.28/73.44	(50.59649122807018, '0_skewness_mean')
211.28/73.44	(52.6140350877193, '1_skewness_mean')
211.28/73.44	(53.526315789473685, '0_pca_95%')
211.28/73.44	(54.19298245614035, '0_dataset_ratio')
211.28/73.44	(54.94736842105263, '0_symbols_mean')
211.28/73.44	(55.75438596491228, '0_ratio_numerical_to_categorical')
211.28/73.44	(57.1578947368421, '0_log_dataset_ratio')
211.28/73.44	(57.1578947368421, '0_log_inverse_dataset_ratio')
211.28/73.44	(57.36842105263158, '1_ratio_numerical_to_categorical')
211.28/73.44	(58.0, '1_inverse_dataset_ratio')
211.28/73.44	(58.526315789473685, '1_dataset_ratio')
211.28/73.44	(59.03508771929825, '1_log_inverse_dataset_ratio')
211.28/73.44	(59.19298245614035, '1_log_dataset_ratio')
211.28/73.44	(59.3859649122807, '0_inverse_dataset_ratio')
211.28/73.44	(63.56140350877193, '1_kurtosis_mean')
211.28/73.44	(64.0701754385965, '1_symbols_min')
211.28/73.44	(64.80701754385964, '0_kurtosis_mean')
211.28/73.44	(65.47368421052632, '0_symbols_min')
211.28/73.44	(70.63157894736842, '0_symbols_max')
211.28/73.44	(72.0701754385965, '1_symbols_max')
211.28/73.44	(73.35087719298245, '0_ratio_categorical_to_numerical')
211.28/73.44	(74.63157894736842, '1_ratio_categorical_to_numerical')
211.28/73.44	(74.96491228070175, '0_class_probability_mean')
211.28/73.44	(74.98245614035088, '0_percentage_of_features_with_missing_values')
211.28/73.44	(75.24561403508773, '1_percentage_of_features_with_missing_values')
211.28/73.44	(75.75438596491227, '1_number_of_classes')
211.28/73.44	(76.33333333333333, '1_class_probability_mean')
211.28/73.44	(76.7719298245614, '0_symbols_std')
211.28/73.44	(76.9298245614035, '0_number_of_classes')
211.28/73.44	(77.52631578947368, '0_percentage_of_missing_values')
211.28/73.44	(78.64912280701755, '1_percentage_of_missing_values')
211.28/73.44	(79.45614035087719, '1_symbols_std')
211.28/73.44	(82.98245614035088, '0_percentage_of_Instances_with_missing_values')
211.28/73.44	(83.05263157894737, '1_percentage_of_Instances_with_missing_values')
211.28/73.44	(83.14035087719299, '0_number_of_Instances_with_missing_values')
211.28/73.44	(84.6140350877193, '1_number_of_Instances_with_missing_values')
211.28/73.44	(84.64912280701755, '0_number_of_missing_values')
211.28/73.44	(85.47368421052632, '1_number_of_missing_values')
211.28/73.44	(86.19298245614036, '0_number_of_features_with_missing_values')
211.28/73.44	(87.0, '1_number_of_features_with_missing_values')
211.28/73.44	Result for ParamILS: SAT, 72.581605, 1, 0.328331, -1, /home/feurerm/thesis/Software/pyMetaLearn/optimizers/metalearn_optimizer/learn_distances.py
