0.76/1.02	['/home/feurerm/thesis/Software/pyMetaLearn/optimizers/metalearn_optimizer/learn_distances.py', '--input_file', '/home/feurerm/thesis/experiments/2014_04_25_predict_distances/testfold_0-3_spearman_rank_perm.pkl', '--fold', '0', '--folds', '1', '--params', '-max_features', '0.478167492173', '-min_samples_leaf', '9', '-min_samples_split', '3', '-n_estimators', '6', '-n_jobs', '4', '-seed', '56']
0.76/1.03	Metafeatures (57, 46)
0.76/1.03	X (3192, 92)
0.76/1.03	Y (3192,)
0.76/1.03	Dataset Mae MSE Rho
1.26/1.38	vehicle 0.478449424227 0.296889585071 -0.0740268888363
1.81/1.75	anneal.ORIG 0.64663421505 0.519438489561 -0.0706724599174
2.34/2.12	segment 0.282541543701 0.103540838948 0.635744941876
2.88/2.49	pendigits 0.402704470897 0.202277363019 0.29162882873
3.41/2.85	mushroom 0.237543039485 0.0703346346453 0.550073744522
3.95/3.22	labor 0.225792595481 0.0746899548737 0.487111082994
4.49/3.59	abalone 0.421393738645 0.229651415652 0.150215424007
5.04/3.96	diabetes 0.531887375528 0.382313092599 -0.235372269751
5.57/4.32	car 0.562477079785 0.440788314753 -0.0176191707766
6.09/4.69	autos 0.189759961494 0.0518748995288 0.578961388235
6.65/5.06	mfeat-fourier 0.639050346886 0.527450999501 -0.420044552649
7.19/5.42	primary-tumor 0.176651644339 0.0471108777448 0.615489940368
7.75/5.79	waveform-5000 0.257073163853 0.0979161286398 0.460647670706
8.28/6.16	credit-a 0.432365868589 0.262921949058 0.217196793656
8.81/6.53	letter 0.30372420008 0.119734566042 0.54998522996
9.38/6.90	postoperative-patient-data 0.428815112999 0.235901248692 -0.0420239980293
9.92/7.26	vowel 0.536922890165 0.371663624265 -0.154046511469
10.45/7.63	eucalyptus 0.294697917763 0.118336560166 0.439438683591
10.96/7.99	cylinder-bands 0.294706874607 0.105171135347 0.452764195829
11.52/8.36	ionosphere 0.448626775473 0.241309010222 -0.11719173223
12.05/8.73	mfeat-karhunen 0.274364964734 0.105764887324 0.477534124207
12.58/9.09	balance-scale 0.257763075071 0.10203084869 0.337862667432
13.13/9.46	mfeat-morphological 0.501414416862 0.34119944376 -0.211693936
13.66/9.83	liver-disorders 0.186190321816 0.0534947486578 0.41274297872
14.20/10.19	dermatology 0.201872097642 0.0534116432399 0.526269759936
14.76/10.56	vote 0.090155170138 0.0137740350843 0.748249004817
15.29/10.93	breast-cancer 0.208206729282 0.0579274480477 0.208035530179
15.84/11.29	credit-g 0.532236200411 0.397676709636 -0.216117718609
16.38/11.66	soybean 0.126777493846 0.0218818257954 0.750815701879
16.91/12.03	arrhythmia 0.347902069693 0.149599027961 -0.138183182961
17.47/12.40	nursery 0.271636069498 0.0985073409883 0.587918106637
17.97/12.76	hepatitis 0.372136544451 0.193328875965 -0.067249219929
18.48/13.13	cmc 0.143944134168 0.0302111667398 0.630673858201
19.01/13.49	heart-c 0.253170814113 0.0871431121877 0.681435291122
19.54/13.87	glass 0.350071536312 0.159799174266 0.314993010047
20.10/14.24	braziltourism 0.641877712027 0.500646216673 -0.16080966906
20.63/14.61	iris 0.363324137006 0.184967970638 -0.0387913827963
21.19/14.97	heart-statlog 0.367298704833 0.194821404694 0.27994447918
21.74/15.34	page-blocks 0.450162941027 0.278801846609 -0.0231299550334
22.30/15.70	breast-w 0.245757627893 0.0907297581037 0.423991605019
22.80/16.07	heart-h 0.159232623666 0.0374586384824 0.668396983132
23.37/16.43	yeast 0.357131955696 0.164062614195 0.420315156351
23.90/16.80	tae 0.355800305673 0.161985852816 0.0948848921641
24.43/17.17	haberman 0.31100078338 0.128674004058 -0.0766870628911
24.99/17.53	mfeat-pixel 0.390781057774 0.19217458207 0.140272929236
25.55/17.90	optdigits 0.246278228536 0.0791686157967 0.613114814273
26.05/18.26	mfeat-factors 0.24803924313 0.0895963022844 0.626046315761
26.59/18.63	satimage 0.336560071532 0.151602171799 0.241114297719
27.15/19.00	lymph 0.339783348215 0.167733616 0.299622368875
27.64/19.37	audiology 0.255717313355 0.0826121715705 0.524175664402
28.19/19.73	ecoli 0.402895618624 0.216730420789 0.078061377041
28.71/20.09	tic-tac-toe 0.184662282362 0.0476813240203 0.652988277071
29.27/20.46	spambase 0.40014219219 0.217720083695 0.470049771354
29.81/20.82	zoo 0.178208240125 0.0437556402759 0.607942213678
30.37/21.20	sonar 0.572875059051 0.421325285737 -0.368254141823
30.88/21.56	mfeat-zernike 0.230495749144 0.0772431579258 0.562591415072
31.43/21.93	kr-vs-kp 0.220845880742 0.0642286362148 0.581432635629
31.43/21.95	MAE 0.33629001672 0.136417587129
31.43/21.95	MSE 0.174715531423 0.174715531423
31.43/21.95	Mean tau 0.27997928598 0.320787829195
31.43/21.95	(0.07017543859649122, '0_class_probability_max')
31.43/21.95	(1.456140350877193, '1_class_probability_max')
31.43/21.95	(3.543859649122807, '1_landmark_decision_tree')
31.43/21.95	(3.56140350877193, '0_skewness_min')
31.43/21.95	(4.859649122807017, '1_skewness_min')
31.43/21.95	(8.105263157894736, '0_class_probability_std')
31.43/21.95	(11.491228070175438, '1_landmark_naive_bayes')
31.43/21.95	(13.0, '0_landmark_naive_bayes')
31.43/21.95	(13.87719298245614, '1_class_entropy')
31.43/21.95	(14.912280701754385, '1_kurtosis_min')
31.43/21.95	(15.56140350877193, '1_class_probability_std')
31.43/21.95	(20.92982456140351, '1_skewness_std')
31.43/21.95	(23.263157894736842, '1_pca_skewness_first_pc')
31.43/21.95	(23.56140350877193, '0_pca_skewness_first_pc')
31.43/21.95	(25.596491228070175, '1_landmark_random_node_learner')
31.43/21.95	(26.263157894736842, '0_landmark_lda')
31.43/21.95	(26.92982456140351, '0_skewness_max')
31.43/21.95	(29.719298245614034, '0_landmark_1NN')
31.43/21.95	(29.82456140350877, '1_number_of_features')
31.43/21.95	(29.982456140350877, '0_landmark_decision_tree')
31.43/21.95	(30.859649122807017, '1_landmark_lda')
31.43/21.95	(31.63157894736842, '0_kurtosis_max')
31.43/21.95	(31.80701754385965, '0_skewness_std')
31.43/21.95	(31.92982456140351, '0_log_number_of_features')
31.43/21.95	(31.982456140350877, '0_number_of_features')
31.43/21.95	(33.40350877192982, '0_class_probability_min')
31.43/21.95	(33.85964912280702, '0_number_of_numeric_features')
31.43/21.95	(34.29824561403509, '1_log_number_of_features')
31.43/21.95	(34.40350877192982, '1_class_probability_min')
31.43/21.95	(34.96491228070175, '1_landmark_1NN')
31.43/21.95	(35.43859649122807, '1_number_of_numeric_features')
31.43/21.95	(36.21052631578947, '1_kurtosis_max')
31.43/21.95	(37.75438596491228, '0_log_number_of_instances')
31.43/21.95	(38.1578947368421, '0_kurtosis_std')
31.43/21.95	(38.63157894736842, '0_number_of_instances')
31.43/21.95	(39.56140350877193, '1_landmark_decision_node_learner')
31.43/21.95	(40.08771929824562, '1_skewness_max')
31.43/21.95	(40.1578947368421, '1_pca_kurtosis_first_pc')
31.43/21.95	(40.35087719298246, '1_log_number_of_instances')
31.43/21.95	(40.63157894736842, '1_kurtosis_std')
31.43/21.95	(40.80701754385965, '0_landmark_decision_node_learner')
31.43/21.95	(41.421052631578945, '1_ratio_numerical_to_categorical')
31.43/21.95	(41.73684210526316, '1_number_of_instances')
31.43/21.95	(42.40350877192982, '1_pca_95%')
31.43/21.95	(42.824561403508774, '0_class_entropy')
31.43/21.95	(43.03508771929825, '0_kurtosis_min')
31.43/21.95	(45.78947368421053, '0_log_inverse_dataset_ratio')
31.43/21.95	(45.94736842105263, '0_pca_kurtosis_first_pc')
31.43/21.95	(46.421052631578945, '0_skewness_mean')
31.43/21.95	(46.719298245614034, '0_log_dataset_ratio')
31.43/21.95	(46.824561403508774, '0_symbols_sum')
31.43/21.95	(46.87719298245614, '0_pca_95%')
31.43/21.95	(47.63157894736842, '0_symbols_mean')
31.43/21.95	(47.78947368421053, '0_dataset_ratio')
31.43/21.95	(47.94736842105263, '0_landmark_random_node_learner')
31.43/21.95	(48.08771929824562, '1_skewness_mean')
31.43/21.95	(49.666666666666664, '1_inverse_dataset_ratio')
31.43/21.95	(50.43859649122807, '1_log_dataset_ratio')
31.43/21.95	(52.45614035087719, '1_dataset_ratio')
31.43/21.95	(52.63157894736842, '1_number_of_categorical_features')
31.43/21.95	(53.526315789473685, '0_kurtosis_mean')
31.43/21.95	(54.0, '1_log_inverse_dataset_ratio')
31.43/21.95	(54.771929824561404, '0_inverse_dataset_ratio')
31.43/21.95	(55.43859649122807, '0_ratio_numerical_to_categorical')
31.43/21.95	(56.03508771929825, '1_symbols_mean')
31.43/21.95	(56.49122807017544, '1_symbols_sum')
31.43/21.95	(57.40350877192982, '0_symbols_min')
31.43/21.95	(59.31578947368421, '1_kurtosis_mean')
31.43/21.95	(61.78947368421053, '0_number_of_categorical_features')
31.43/21.95	(62.824561403508774, '1_symbols_max')
31.43/21.95	(62.98245614035088, '1_symbols_std')
31.43/21.95	(69.3859649122807, '1_number_of_classes')
31.43/21.95	(69.84210526315789, '1_ratio_categorical_to_numerical')
31.43/21.95	(70.01754385964912, '1_class_probability_mean')
31.43/21.95	(70.28070175438596, '1_symbols_min')
31.43/21.95	(70.7719298245614, '0_ratio_categorical_to_numerical')
31.43/21.95	(71.03508771929825, '0_class_probability_mean')
31.43/21.95	(71.2280701754386, '0_symbols_max')
31.43/21.95	(71.2280701754386, '1_percentage_of_features_with_missing_values')
31.43/21.95	(71.33333333333333, '1_percentage_of_missing_values')
31.43/21.95	(72.24561403508773, '0_number_of_classes')
31.43/21.95	(74.7719298245614, '0_symbols_std')
31.43/21.95	(75.28070175438596, '0_percentage_of_features_with_missing_values')
31.43/21.95	(76.73684210526316, '1_number_of_missing_values')
31.43/21.95	(76.98245614035088, '1_percentage_of_Instances_with_missing_values')
31.43/21.95	(79.17543859649123, '1_number_of_Instances_with_missing_values')
31.43/21.95	(79.42105263157895, '0_number_of_Instances_with_missing_values')
31.43/21.95	(79.7719298245614, '0_number_of_missing_values')
31.43/21.95	(80.3859649122807, '0_percentage_of_Instances_with_missing_values')
31.43/21.95	(83.05263157894737, '0_number_of_features_with_missing_values')
31.43/21.95	(83.80701754385964, '1_number_of_features_with_missing_values')
31.43/21.95	(84.57894736842105, '0_percentage_of_missing_values')
31.43/21.95	Result for ParamILS: SAT, 20.931044, 1, 0.336290, -1, /home/feurerm/thesis/Software/pyMetaLearn/optimizers/metalearn_optimizer/learn_distances.py
