0.76/13.59	['/home/feurerm/thesis/Software/pyMetaLearn/optimizers/metalearn_optimizer/learn_distances.py', '--input_file', '/home/feurerm/thesis/experiments/2014_04_25_predict_distances/testfold_0-3_spearman_rank_perm.pkl', '--fold', '0', '--folds', '1', '--params', '-max_features', '0.87763541738', '-min_samples_leaf', '9', '-min_samples_split', '3', '-n_estimators', '45', '-n_jobs', '4', '-seed', '97']
0.78/13.61	Metafeatures (57, 46)
0.78/13.61	X (3192, 92)
0.78/13.61	Y (3192,)
0.78/13.61	Dataset Mae MSE Rho
6.56/15.76	vehicle 0.482862539294 0.299634057357 -0.235942945489
12.57/17.95	anneal.ORIG 0.728739983516 0.597593563599 -0.237558993061
18.54/22.96	segment 0.307782787661 0.12103003337 0.686173799005
24.61/25.33	pendigits 0.387475774077 0.184112736866 0.246285649949
30.60/29.07	mushroom 0.248524794033 0.0740781141423 0.515519175419
36.63/31.14	labor 0.188183680534 0.0536058230213 0.53555816531
42.52/36.92	abalone 0.419298091377 0.22109452853 0.128314177205
48.52/39.18	diabetes 0.49547939491 0.344989146061 -0.302524105449
54.53/41.12	car 0.595635234085 0.464396826466 -0.0119587520317
60.60/43.09	autos 0.18898561029 0.046293771117 0.60213932527
66.75/49.54	mfeat-fourier 0.643973988773 0.535690342348 -0.475441195637
72.64/51.52	primary-tumor 0.195777334184 0.0456137473748 0.643186933594
78.71/56.22	waveform-5000 0.226641481435 0.0707061741611 0.65837778077
84.73/58.17	credit-a 0.460418025736 0.302214159516 0.116032215658
90.70/60.12	letter 0.309051696573 0.123164534352 0.571434421404
96.97/62.65	postoperative-patient-data 0.436303658512 0.23332642142 -0.270526363527
102.96/66.11	vowel 0.485437984637 0.290438862931 0.0258567611495
108.93/68.37	eucalyptus 0.277913724058 0.101031007919 0.464128862634
115.02/70.32	cylinder-bands 0.304986319908 0.11018442241 0.423081254309
121.16/72.20	ionosphere 0.418201729832 0.205311970698 -0.126698129633
127.19/77.86	mfeat-karhunen 0.25603287649 0.0889570369341 0.649651123882
133.19/80.14	balance-scale 0.241681849992 0.0842198263464 0.390437093358
139.13/82.02	mfeat-morphological 0.476374561726 0.30301596993 -0.18713830882
145.16/86.08	liver-disorders 0.142449463692 0.02943773966 0.477057243209
151.18/87.97	dermatology 0.211069349961 0.0565810146808 0.49192488087
157.24/89.88	vote 0.0743437836127 0.00851097734184 0.791216891175
163.35/95.09	breast-cancer 0.106847633052 0.0193565419208 0.545254450741
169.47/97.24	credit-g 0.530272087009 0.386539523113 -0.401426216846
175.51/101.62	soybean 0.119786292398 0.0193158883308 0.828385985328
181.48/106.89	arrhythmia 0.31917500247 0.122599215197 -0.184552632705
187.48/108.67	nursery 0.263229933833 0.0896614251608 0.610219563129
193.51/114.23	hepatitis 0.29583459141 0.120287839753 0.035876256095
199.54/116.31	cmc 0.147619352298 0.0294733520608 0.673568627945
205.54/118.18	heart-c 0.262884330944 0.091004388941 0.738533740333
211.49/122.58	glass 0.309566669238 0.122664570295 0.572080840433
217.72/124.90	braziltourism 0.753831874886 0.680224601098 -0.618946220017
223.75/130.01	iris 0.307538967563 0.127818124872 0.14350502438
229.67/132.15	heart-statlog 0.311921555627 0.128150905257 0.59179662081
235.90/134.95	page-blocks 0.582317493604 0.450527951036 -0.624652634086
242.08/140.68	breast-w 0.246596361765 0.0819222264959 0.395608445588
248.08/142.73	heart-h 0.168899162325 0.0369867833875 0.692637989293
254.10/148.83	yeast 0.361338760859 0.160724889685 0.486430319125
260.19/150.71	tae 0.368599452354 0.167582874737 0.0546224079284
266.20/152.59	haberman 0.302483948397 0.129760300985 -0.000969628543107
272.34/156.50	mfeat-pixel 0.396508965208 0.198685691455 0.103103835084
278.43/158.44	optdigits 0.259876003778 0.0839565174624 0.687143427549
284.50/160.49	mfeat-factors 0.265663336602 0.0921836975677 0.677123932603
290.50/162.80	satimage 0.338636851112 0.147083242057 0.112476911
296.48/164.73	lymph 0.227464248935 0.082091151307 0.436332844398
302.44/170.93	audiology 0.280464107808 0.0929144378664 0.466391329235
308.54/172.83	ecoli 0.434560092338 0.243171297685 0.0161604757185
314.51/178.24	tic-tac-toe 0.171376442058 0.0409174041856 0.738210530819
320.67/180.40	spambase 0.346710252567 0.159718705245 0.674861466003
326.74/185.09	zoo 0.198540346106 0.0536797855357 0.574343307034
332.84/186.97	sonar 0.533413407121 0.354299661288 -0.286363629731
338.89/192.33	mfeat-zernike 0.255546770716 0.0876363243398 0.494833766499
344.90/194.21	kr-vs-kp 0.240689443045 0.0705496437178 0.578545030721
345.04/194.34	MAE 0.331786306251 0.149418604675
345.04/194.34	MSE 0.16959161001 0.16959161001
345.04/194.34	Mean tau 0.287363563621 0.393260297302
345.04/194.34	(0.5087719298245614, '0_class_probability_max')
345.04/194.34	(0.631578947368421, '1_class_probability_max')
345.04/194.34	(2.3157894736842106, '1_skewness_min')
345.04/194.34	(2.6842105263157894, '0_skewness_min')
345.04/194.34	(7.12280701754386, '1_landmark_naive_bayes')
345.04/194.34	(7.807017543859649, '0_landmark_naive_bayes')
345.04/194.34	(8.43859649122807, '1_class_entropy')
345.04/194.34	(11.175438596491228, '0_class_entropy')
345.04/194.34	(13.192982456140351, '0_pca_skewness_first_pc')
345.04/194.34	(13.508771929824562, '1_class_probability_std')
345.04/194.34	(13.596491228070175, '1_landmark_decision_tree')
345.04/194.34	(13.75438596491228, '0_class_probability_std')
345.04/194.34	(13.87719298245614, '0_landmark_decision_tree')
345.04/194.34	(14.0, '1_pca_skewness_first_pc')
345.04/194.34	(14.701754385964913, '1_landmark_lda')
345.04/194.34	(15.912280701754385, '0_landmark_lda')
345.04/194.34	(19.263157894736842, '1_kurtosis_min')
345.04/194.34	(21.92982456140351, '0_kurtosis_min')
345.04/194.34	(24.29824561403509, '1_landmark_1NN')
345.04/194.34	(25.94736842105263, '0_landmark_1NN')
345.04/194.34	(26.24561403508772, '0_class_probability_min')
345.04/194.34	(26.80701754385965, '1_class_probability_min')
345.04/194.34	(28.24561403508772, '0_skewness_max')
345.04/194.34	(29.19298245614035, '0_kurtosis_max')
345.04/194.34	(30.649122807017545, '1_number_of_numeric_features')
345.04/194.34	(31.12280701754386, '1_skewness_max')
345.04/194.34	(33.14035087719298, '1_kurtosis_max')
345.04/194.34	(33.56140350877193, '0_number_of_numeric_features')
345.04/194.34	(33.56140350877193, '1_log_number_of_instances')
345.04/194.34	(33.59649122807018, '0_landmark_random_node_learner')
345.04/194.34	(33.666666666666664, '1_skewness_mean')
345.04/194.34	(33.8421052631579, '0_log_number_of_features')
345.04/194.34	(33.92982456140351, '0_number_of_features')
345.04/194.34	(34.03508771929825, '0_number_of_instances')
345.04/194.34	(34.24561403508772, '0_log_number_of_instances')
345.04/194.34	(34.92982456140351, '1_number_of_instances')
345.04/194.34	(35.6140350877193, '0_skewness_mean')
345.04/194.34	(36.70175438596491, '1_number_of_features')
345.04/194.34	(37.29824561403509, '1_landmark_random_node_learner')
345.04/194.34	(37.98245614035088, '1_log_number_of_features')
345.04/194.34	(39.719298245614034, '1_landmark_decision_node_learner')
345.04/194.34	(40.35087719298246, '0_landmark_decision_node_learner')
345.04/194.34	(40.54385964912281, '0_skewness_std')
345.04/194.34	(41.05263157894737, '0_symbols_mean')
345.04/194.34	(41.719298245614034, '1_symbols_mean')
345.04/194.34	(42.08771929824562, '1_skewness_std')
345.04/194.34	(42.26315789473684, '0_pca_kurtosis_first_pc')
345.04/194.34	(43.80701754385965, '1_pca_kurtosis_first_pc')
345.04/194.34	(45.36842105263158, '0_kurtosis_std')
345.04/194.34	(48.07017543859649, '0_symbols_min')
345.04/194.34	(48.824561403508774, '0_pca_95%')
345.04/194.34	(48.94736842105263, '1_kurtosis_std')
345.04/194.34	(49.08771929824562, '1_pca_95%')
345.04/194.34	(49.12280701754386, '1_symbols_min')
345.04/194.34	(50.40350877192982, '1_log_inverse_dataset_ratio')
345.04/194.34	(51.08771929824562, '1_dataset_ratio')
345.04/194.34	(51.421052631578945, '0_log_dataset_ratio')
345.04/194.34	(52.26315789473684, '0_log_inverse_dataset_ratio')
345.04/194.34	(55.10526315789474, '0_dataset_ratio')
345.04/194.34	(55.12280701754386, '1_log_dataset_ratio')
345.04/194.34	(55.19298245614035, '0_inverse_dataset_ratio')
345.04/194.34	(55.333333333333336, '1_symbols_sum')
345.04/194.34	(56.07017543859649, '1_inverse_dataset_ratio')
345.04/194.34	(56.280701754385966, '0_symbols_sum')
345.04/194.34	(56.89473684210526, '0_ratio_numerical_to_categorical')
345.04/194.34	(58.771929824561404, '1_ratio_numerical_to_categorical')
345.04/194.34	(63.1578947368421, '1_number_of_categorical_features')
345.04/194.34	(64.6842105263158, '0_number_of_categorical_features')
345.04/194.34	(64.9298245614035, '0_kurtosis_mean')
345.04/194.34	(65.01754385964912, '1_kurtosis_mean')
345.04/194.34	(71.17543859649123, '1_class_probability_mean')
345.04/194.34	(72.85964912280701, '1_ratio_categorical_to_numerical')
345.04/194.34	(73.19298245614036, '0_number_of_classes')
345.04/194.34	(73.89473684210526, '0_ratio_categorical_to_numerical')
345.04/194.34	(74.29824561403508, '1_number_of_classes')
345.04/194.34	(74.45614035087719, '0_class_probability_mean')
345.04/194.34	(75.73684210526316, '1_symbols_max')
345.04/194.34	(76.56140350877193, '1_symbols_std')
345.04/194.34	(77.59649122807018, '0_symbols_max')
345.04/194.34	(77.80701754385964, '0_symbols_std')
345.04/194.34	(79.10526315789474, '0_percentage_of_features_with_missing_values')
345.04/194.34	(79.14035087719299, '1_percentage_of_features_with_missing_values')
345.04/194.34	(81.78947368421052, '1_percentage_of_Instances_with_missing_values')
345.04/194.34	(81.82456140350877, '0_percentage_of_Instances_with_missing_values')
345.04/194.34	(82.14035087719299, '0_number_of_Instances_with_missing_values')
345.04/194.34	(82.84210526315789, '1_number_of_Instances_with_missing_values')
345.04/194.34	(84.01754385964912, '0_percentage_of_missing_values')
345.04/194.34	(84.94736842105263, '0_number_of_missing_values')
345.04/194.34	(85.50877192982456, '1_percentage_of_missing_values')
345.04/194.34	(85.9298245614035, '1_number_of_missing_values')
345.04/194.34	(87.33333333333333, '0_number_of_features_with_missing_values')
345.04/194.34	(88.10526315789474, '1_number_of_features_with_missing_values')
345.04/194.34	Result for ParamILS: SAT, 180.746402, 1, 0.331786, -1, /home/feurerm/thesis/Software/pyMetaLearn/optimizers/metalearn_optimizer/learn_distances.py
