0.79/2.00	['/home/feurerm/thesis/Software/pyMetaLearn/optimizers/metalearn_optimizer/learn_distances.py', '--input_file', '/home/feurerm/thesis/experiments/2014_04_25_predict_distances/testfold_0-3_spearman_rank_perm.pkl', '--fold', '0', '--folds', '1', '--params', '-max_features', '0.792018678219', '-min_samples_leaf', '7', '-min_samples_split', '4', '-n_estimators', '45', '-n_jobs', '4', '-seed', '55']
0.79/2.01	Metafeatures (57, 46)
0.79/2.01	X (3192, 92)
0.79/2.01	Y (3192,)
0.79/2.01	Dataset Mae MSE Rho
6.25/3.67	vehicle 0.494066903778 0.318256253089 -0.256305144895
12.04/5.46	anneal.ORIG 0.734774985635 0.603307708632 -0.156756614469
17.83/7.26	segment 0.285865951672 0.105137112814 0.711060931612
23.64/9.22	pendigits 0.372956752101 0.168764611039 0.296706334191
29.40/11.04	mushroom 0.231699594303 0.0644300308828 0.541052727054
35.14/13.03	labor 0.199426244736 0.0592467157846 0.525538670364
40.82/14.87	abalone 0.424111249356 0.232427665088 0.161927966699
46.51/16.71	diabetes 0.488050528487 0.333728512015 -0.111507282457
52.11/18.51	car 0.670845644807 0.565179629694 -0.0808023785923
57.92/20.30	autos 0.201178215437 0.0516403228719 0.533618908223
63.60/22.10	mfeat-fourier 0.671035823421 0.589665659934 -0.520690527649
69.42/23.90	primary-tumor 0.197908968575 0.0483087432783 0.619592639045
75.23/25.82	waveform-5000 0.235047851731 0.0758658608812 0.646742238252
80.94/27.79	credit-a 0.440733983109 0.269940227483 0.176472394846
86.66/29.60	letter 0.302826431229 0.116253336238 0.593735877896
92.75/35.11	postoperative-patient-data 0.443647839945 0.237004710243 -0.448938015459
98.38/36.89	vowel 0.4884068066 0.293107468806 0.100841368483
104.08/43.03	eucalyptus 0.267128093893 0.0927706041171 0.488369576212
109.89/44.82	cylinder-bands 0.292652098205 0.102041970724 0.489985623783
115.66/46.65	ionosphere 0.394467523193 0.185419847695 0.0381387226955
124.05/48.62	mfeat-karhunen 0.256932614623 0.0869944659928 0.643833352623
129.78/50.45	balance-scale 0.255646388662 0.0944001474693 0.324179142912
135.51/52.23	mfeat-morphological 0.489815361136 0.324047824361 -0.249517745093
141.27/54.17	liver-disorders 0.143871301608 0.0285866753689 0.526508298907
147.05/55.99	dermatology 0.213925596543 0.0584140732743 0.503883632901
152.98/57.90	vote 0.0715442337163 0.00803309207452 0.802206014664
158.63/64.44	breast-cancer 0.115921594703 0.0205967443288 0.489662414269
164.56/66.33	credit-g 0.539181251563 0.404776141029 -0.384942531614
170.39/68.16	soybean 0.112318826183 0.0172964502964 0.812225509609
176.15/69.95	arrhythmia 0.330005536781 0.133435671681 -0.223660983943
181.83/71.73	nursery 0.252795476424 0.0832642547609 0.635106695735
187.53/73.66	hepatitis 0.308608556446 0.135687306817 -0.0336137894944
193.25/75.49	cmc 0.154487419058 0.0315897001286 0.705566369868
199.01/80.71	heart-c 0.261521272311 0.0909141387161 0.74790681625
204.82/82.60	glass 0.33167126601 0.131540272412 0.542668774626
210.79/84.71	braziltourism 0.72159733262 0.613072727549 -0.596321554011
216.61/86.60	iris 0.336190145097 0.154057079635 0.0772470739342
222.26/88.42	heart-statlog 0.333157241699 0.144442164807 0.513579918332
228.30/94.67	page-blocks 0.628534629082 0.523254044705 -0.683588122891
234.11/97.83	breast-w 0.238326513271 0.0747688919706 0.41500101645
239.83/99.63	heart-h 0.170554844993 0.0374349219435 0.663549133
245.59/101.58	yeast 0.354651728763 0.157435081035 0.45863430089
251.26/103.37	tae 0.354642797387 0.158794358291 0.0171301042616
257.12/105.38	haberman 0.310573378298 0.13735675173 0.0323209514369
262.97/107.17	mfeat-pixel 0.407041104306 0.207234008596 0.0827416356785
268.69/108.96	optdigits 0.256541427518 0.0823900574116 0.657408152227
274.47/110.75	mfeat-factors 0.255967133008 0.0857908518376 0.717201912385
280.28/112.80	satimage 0.325473023592 0.134075748591 0.185522261248
285.96/114.61	lymph 0.289705419613 0.124684090612 0.321916676312
291.66/116.42	audiology 0.28774736735 0.0993020051024 0.435363215855
297.38/118.26	ecoli 0.425097026921 0.231060950631 0.0707828836468
303.17/124.42	tic-tac-toe 0.191115594495 0.0517500713891 0.704596741325
309.12/126.32	spambase 0.377155938817 0.186330490078 0.643510143109
314.91/128.14	zoo 0.182586584977 0.0477105402211 0.639631628936
320.69/130.04	sonar 0.559067505656 0.387439767334 -0.329673704656
326.42/134.29	mfeat-zernike 0.233890964005 0.0752896140774 0.562061345488
332.23/136.07	kr-vs-kp 0.230464111799 0.0659698047348 0.59179662081
332.43/136.21	MAE 0.335879999987 0.153410366407
332.43/136.21	MSE 0.174416104777 0.174416104777
332.43/136.21	Mean tau 0.287214181085 0.395970077938
332.43/136.21	(0.12280701754385964, '1_class_probability_max')
332.43/136.21	(1.0175438596491229, '0_class_probability_max')
332.43/136.21	(2.456140350877193, '0_skewness_min')
332.43/136.21	(2.543859649122807, '1_skewness_min')
332.43/136.21	(6.192982456140351, '0_class_entropy')
332.43/136.21	(7.719298245614035, '0_landmark_naive_bayes')
332.43/136.21	(8.228070175438596, '1_landmark_naive_bayes')
332.43/136.21	(10.140350877192983, '1_class_entropy')
332.43/136.21	(12.157894736842104, '0_class_probability_std')
332.43/136.21	(12.666666666666666, '0_landmark_decision_tree')
332.43/136.21	(14.157894736842104, '1_pca_skewness_first_pc')
332.43/136.21	(14.964912280701755, '0_pca_skewness_first_pc')
332.43/136.21	(15.421052631578947, '1_landmark_decision_tree')
332.43/136.21	(16.80701754385965, '1_landmark_lda')
332.43/136.21	(17.017543859649123, '0_landmark_lda')
332.43/136.21	(18.57894736842105, '0_landmark_random_node_learner')
332.43/136.21	(18.964912280701753, '0_kurtosis_min')
332.43/136.21	(19.333333333333332, '1_class_probability_std')
332.43/136.21	(21.649122807017545, '1_kurtosis_min')
332.43/136.21	(24.982456140350877, '0_landmark_1NN')
332.43/136.21	(26.894736842105264, '1_skewness_max')
332.43/136.21	(28.017543859649123, '1_skewness_std')
332.43/136.21	(29.385964912280702, '1_landmark_1NN')
332.43/136.21	(29.92982456140351, '0_class_probability_min')
332.43/136.21	(31.0, '1_class_probability_min')
332.43/136.21	(31.263157894736842, '0_skewness_max')
332.43/136.21	(31.333333333333332, '1_landmark_random_node_learner')
332.43/136.21	(31.473684210526315, '0_log_number_of_features')
332.43/136.21	(32.14035087719298, '1_log_number_of_features')
332.43/136.21	(32.26315789473684, '0_number_of_numeric_features')
332.43/136.21	(33.43859649122807, '1_kurtosis_max')
332.43/136.21	(33.80701754385965, '1_number_of_features')
332.43/136.21	(34.0, '1_number_of_numeric_features')
332.43/136.21	(34.333333333333336, '0_skewness_std')
332.43/136.21	(35.1578947368421, '0_kurtosis_max')
332.43/136.21	(36.0, '1_number_of_instances')
332.43/136.21	(36.36842105263158, '1_log_number_of_instances')
332.43/136.21	(36.78947368421053, '0_number_of_features')
332.43/136.21	(36.98245614035088, '1_kurtosis_std')
332.43/136.21	(37.0, '0_log_number_of_instances')
332.43/136.21	(37.43859649122807, '0_number_of_instances')
332.43/136.21	(38.3859649122807, '1_skewness_mean')
332.43/136.21	(41.0, '0_pca_kurtosis_first_pc')
332.43/136.21	(41.1578947368421, '1_landmark_decision_node_learner')
332.43/136.21	(41.26315789473684, '0_kurtosis_std')
332.43/136.21	(43.280701754385966, '0_skewness_mean')
332.43/136.21	(43.40350877192982, '1_symbols_mean')
332.43/136.21	(43.85964912280702, '0_landmark_decision_node_learner')
332.43/136.21	(44.8421052631579, '1_pca_kurtosis_first_pc')
332.43/136.21	(45.59649122807018, '0_symbols_mean')
332.43/136.21	(47.73684210526316, '1_pca_95%')
332.43/136.21	(49.49122807017544, '1_symbols_sum')
332.43/136.21	(49.59649122807018, '0_pca_95%')
332.43/136.21	(50.10526315789474, '1_symbols_min')
332.43/136.21	(52.45614035087719, '0_log_dataset_ratio')
332.43/136.21	(52.50877192982456, '1_number_of_categorical_features')
332.43/136.21	(53.45614035087719, '0_log_inverse_dataset_ratio')
332.43/136.21	(53.85964912280702, '1_log_inverse_dataset_ratio')
332.43/136.21	(54.12280701754386, '0_symbols_min')
332.43/136.21	(54.45614035087719, '1_inverse_dataset_ratio')
332.43/136.21	(55.45614035087719, '0_inverse_dataset_ratio')
332.43/136.21	(55.85964912280702, '0_symbols_sum')
332.43/136.21	(56.70175438596491, '0_dataset_ratio')
332.43/136.21	(57.473684210526315, '1_log_dataset_ratio')
332.43/136.21	(57.63157894736842, '1_ratio_numerical_to_categorical')
332.43/136.21	(58.56140350877193, '1_dataset_ratio')
332.43/136.21	(59.280701754385966, '0_ratio_numerical_to_categorical')
332.43/136.21	(63.31578947368421, '0_number_of_categorical_features')
332.43/136.21	(64.57894736842105, '0_kurtosis_mean')
332.43/136.21	(65.52631578947368, '1_kurtosis_mean')
332.43/136.21	(73.21052631578948, '0_ratio_categorical_to_numerical')
332.43/136.21	(73.40350877192982, '0_class_probability_mean')
332.43/136.21	(73.43859649122807, '1_ratio_categorical_to_numerical')
332.43/136.21	(73.54385964912281, '1_class_probability_mean')
332.43/136.21	(74.52631578947368, '1_number_of_classes')
332.43/136.21	(74.70175438596492, '0_number_of_classes')
332.43/136.21	(75.85964912280701, '1_symbols_max')
332.43/136.21	(76.70175438596492, '0_symbols_max')
332.43/136.21	(77.84210526315789, '1_symbols_std')
332.43/136.21	(78.21052631578948, '0_symbols_std')
332.43/136.21	(79.12280701754386, '0_percentage_of_features_with_missing_values')
332.43/136.21	(81.01754385964912, '1_percentage_of_features_with_missing_values')
332.43/136.21	(82.28070175438596, '0_number_of_Instances_with_missing_values')
332.43/136.21	(82.43859649122807, '1_percentage_of_Instances_with_missing_values')
332.43/136.21	(82.56140350877193, '1_number_of_Instances_with_missing_values')
332.43/136.21	(82.6842105263158, '0_percentage_of_missing_values')
332.43/136.21	(82.73684210526316, '1_percentage_of_missing_values')
332.43/136.21	(83.52631578947368, '0_number_of_missing_values')
332.43/136.21	(83.70175438596492, '0_percentage_of_Instances_with_missing_values')
332.43/136.21	(84.24561403508773, '1_number_of_missing_values')
332.43/136.21	(86.91228070175438, '0_number_of_features_with_missing_values')
332.43/136.21	(88.2280701754386, '1_number_of_features_with_missing_values')
332.43/136.21	Result for ParamILS: SAT, 134.207562, 1, 0.335880, -1, /home/feurerm/thesis/Software/pyMetaLearn/optimizers/metalearn_optimizer/learn_distances.py
