0.76/1.44	['/home/feurerm/thesis/Software/pyMetaLearn/optimizers/metalearn_optimizer/learn_distances.py', '--input_file', '/home/feurerm/thesis/experiments/2014_04_25_predict_distances/testfold_0-3_spearman_rank_perm.pkl', '--fold', '0', '--folds', '1', '--params', '-max_features', '0.793873543317', '-min_samples_leaf', '5', '-min_samples_split', '4', '-n_estimators', '26', '-n_jobs', '4', '-seed', '1']
0.76/1.45	Metafeatures (57, 46)
0.76/1.45	X (3192, 92)
0.76/1.45	Y (3192,)
0.76/1.45	Dataset Mae MSE Rho
4.16/2.50	vehicle 0.513644699551 0.346266390427 -0.258244401981
7.73/3.73	anneal.ORIG 0.827165200727 0.759931925769 -0.195541756193
11.23/5.81	segment 0.273218458882 0.0971118688287 0.712676979184
14.75/7.04	pendigits 0.402492463818 0.199439998514 0.229478755202
18.28/8.26	mushroom 0.242309851634 0.0711531078923 0.524569041821
21.80/9.49	labor 0.199838808352 0.0594407586151 0.513579918332
25.33/10.72	abalone 0.404844898193 0.211674973501 0.201682736966
28.74/12.02	diabetes 0.490350429761 0.334150124236 -0.0892058259659
32.27/13.25	car 0.570626924839 0.425002591848 -0.0688436265606
35.79/14.48	autos 0.200504198929 0.0528033090546 0.566263069175
39.39/15.72	mfeat-fourier 0.683209831546 0.606808419337 -0.510024613674
42.93/16.95	primary-tumor 0.181372888699 0.0414842727654 0.651590380968
46.55/18.18	waveform-5000 0.217466993869 0.0688082359492 0.645772609709
50.07/19.41	credit-a 0.435766396876 0.272431397991 0.17905807096
53.61/20.64	letter 0.320635203346 0.133494910154 0.505822889988
57.24/21.88	postoperative-patient-data 0.45067763747 0.257689432071 -0.159665500098
60.81/23.11	vowel 0.489412614766 0.298820630245 0.0639954838451
64.39/24.35	eucalyptus 0.258365988494 0.0901482559926 0.55042580297
67.97/25.58	cylinder-bands 0.275700323346 0.0924619802037 0.538143841424
71.53/26.81	ionosphere 0.430449107647 0.22196183866 -0.109244815857
75.07/27.94	mfeat-karhunen 0.229929354454 0.0732376254715 0.693284408322
78.59/29.07	balance-scale 0.266467785656 0.0993151538105 0.294120658076
82.14/30.30	mfeat-morphological 0.482788631522 0.316388897962 -0.175825975817
85.71/31.53	liver-disorders 0.156420264256 0.0354363109356 0.456371834289
89.26/32.76	dermatology 0.217018037227 0.0603751545402 0.478350081266
92.79/34.00	vote 0.0808027765237 0.0103918546687 0.754694216052
96.36/35.23	breast-cancer 0.115014249701 0.0193054252313 0.526185089393
99.96/36.46	credit-g 0.609719724283 0.497821269118 -0.515519175419
103.48/37.68	soybean 0.104962451591 0.0162105651821 0.80931662398
106.97/38.81	arrhythmia 0.329850259939 0.133625950577 -0.248224907035
110.56/40.05	nursery 0.227823528822 0.0667129035755 0.685527379977
114.10/41.28	hepatitis 0.270414406933 0.096810914171 0.233680478889
117.64/42.41	cmc 0.160138539743 0.035485522361 0.652883219025
121.17/43.64	heart-c 0.233622261685 0.0730811450127 0.760835196825
124.78/44.88	glass 0.295589639753 0.104984868422 0.655792104655
128.52/47.07	braziltourism 0.715991436363 0.612350623632 -0.478026871752
132.08/48.31	iris 0.315391183812 0.135672527697 0.0950235972245
135.66/49.54	heart-statlog 0.275150369744 0.103041663431 0.636722743307
139.33/50.78	page-blocks 0.611496834964 0.497698958544 -0.628319295933
142.96/52.01	breast-w 0.237920985639 0.0788849951725 0.428899025568
146.56/53.24	heart-h 0.150421911033 0.0299538718642 0.719141169471
150.17/56.67	yeast 0.32293049446 0.131158282212 0.598584020611
153.71/57.90	tae 0.339602667609 0.151734986066 -0.0383034086102
157.25/59.14	haberman 0.291891061765 0.113407995458 -0.0294120658076
160.80/60.37	mfeat-pixel 0.407140814991 0.205112224807 0.108598396828
164.41/61.60	optdigits 0.245529653033 0.0765556495126 0.683264913376
167.91/62.84	mfeat-factors 0.245998457533 0.0803093910137 0.673891837459
171.54/64.06	satimage 0.361579440128 0.163502944265 0.0785399119917
175.06/65.29	lymph 0.252053631528 0.0891305894759 0.319654209711
178.57/66.53	audiology 0.266510344709 0.0841296803174 0.4970962331
182.17/67.76	ecoli 0.393142920056 0.201078500322 0.206854089196
185.72/68.89	tic-tac-toe 0.161096875938 0.0348518632004 0.708798465011
189.41/70.12	spambase 0.348822084408 0.160686658508 0.65320642854
192.95/71.36	zoo 0.174818154072 0.0434992127543 0.624763991275
196.55/72.59	sonar 0.562119754704 0.399575563803 -0.354750978478
200.12/73.82	mfeat-zernike 0.241312989843 0.0815030595751 0.578545030721
203.70/75.06	kr-vs-kp 0.24037773527 0.0709969666608 0.545254450741
203.79/75.14	MAE 0.329998502358 0.159576225852
203.79/75.14	MSE 0.172370248972 0.172370248972
203.79/75.14	Mean tau 0.301434845022 0.39190227354
203.79/75.14	(0.3157894736842105, '0_class_probability_max')
203.79/75.14	(1.0526315789473684, '1_class_probability_max')
203.79/75.14	(2.2982456140350878, '0_skewness_min')
203.79/75.14	(2.7017543859649122, '1_skewness_min')
203.79/75.14	(7.2105263157894735, '1_landmark_naive_bayes')
203.79/75.14	(7.4035087719298245, '0_landmark_naive_bayes')
203.79/75.14	(13.56140350877193, '0_pca_skewness_first_pc')
203.79/75.14	(14.280701754385966, '1_pca_skewness_first_pc')
203.79/75.14	(14.666666666666666, '1_class_entropy')
203.79/75.14	(15.982456140350877, '1_landmark_lda')
203.79/75.14	(16.263157894736842, '0_landmark_lda')
203.79/75.14	(17.228070175438596, '1_landmark_decision_tree')
203.79/75.14	(20.473684210526315, '1_kurtosis_min')
203.79/75.14	(21.140350877192983, '0_class_probability_std')
203.79/75.14	(22.82456140350877, '0_skewness_max')
203.79/75.14	(23.105263157894736, '0_landmark_decision_tree')
203.79/75.14	(23.56140350877193, '1_class_probability_std')
203.79/75.14	(26.789473684210527, '0_kurtosis_min')
203.79/75.14	(26.82456140350877, '1_landmark_1NN')
203.79/75.14	(27.105263157894736, '0_landmark_1NN')
203.79/75.14	(27.333333333333332, '1_class_probability_min')
203.79/75.14	(28.05263157894737, '1_skewness_max')
203.79/75.14	(28.36842105263158, '0_class_probability_min')
203.79/75.14	(29.859649122807017, '0_kurtosis_max')
203.79/75.14	(30.0, '1_kurtosis_max')
203.79/75.14	(30.596491228070175, '1_kurtosis_std')
203.79/75.14	(30.736842105263158, '0_class_entropy')
203.79/75.14	(31.24561403508772, '1_number_of_numeric_features')
203.79/75.14	(31.63157894736842, '0_number_of_instances')
203.79/75.14	(32.29824561403509, '0_log_number_of_instances')
203.79/75.14	(32.421052631578945, '0_number_of_numeric_features')
203.79/75.14	(32.578947368421055, '1_number_of_features')
203.79/75.14	(33.280701754385966, '1_log_number_of_features')
203.79/75.14	(33.6140350877193, '1_skewness_std')
203.79/75.14	(35.421052631578945, '0_log_number_of_features')
203.79/75.14	(35.64912280701754, '1_skewness_mean')
203.79/75.14	(35.96491228070175, '1_log_number_of_instances')
203.79/75.14	(36.31578947368421, '0_skewness_std')
203.79/75.14	(37.35087719298246, '1_number_of_instances')
203.79/75.14	(37.70175438596491, '0_kurtosis_std')
203.79/75.14	(38.70175438596491, '0_skewness_mean')
203.79/75.14	(39.19298245614035, '0_symbols_mean')
203.79/75.14	(39.26315789473684, '0_landmark_decision_node_learner')
203.79/75.14	(39.36842105263158, '1_landmark_decision_node_learner')
203.79/75.14	(39.421052631578945, '1_symbols_sum')
203.79/75.14	(40.10526315789474, '0_number_of_features')
203.79/75.14	(42.333333333333336, '0_pca_kurtosis_first_pc')
203.79/75.14	(43.36842105263158, '1_symbols_mean')
203.79/75.14	(43.73684210526316, '1_landmark_random_node_learner')
203.79/75.14	(45.07017543859649, '1_pca_kurtosis_first_pc')
203.79/75.14	(46.54385964912281, '1_symbols_min')
203.79/75.14	(46.6140350877193, '1_pca_95%')
203.79/75.14	(46.87719298245614, '0_pca_95%')
203.79/75.14	(49.280701754385966, '0_landmark_random_node_learner')
203.79/75.14	(50.35087719298246, '0_dataset_ratio')
203.79/75.14	(50.35087719298246, '0_symbols_min')
203.79/75.14	(50.50877192982456, '0_inverse_dataset_ratio')
203.79/75.14	(50.70175438596491, '1_log_inverse_dataset_ratio')
203.79/75.14	(52.68421052631579, '1_log_dataset_ratio')
203.79/75.14	(53.43859649122807, '0_log_dataset_ratio')
203.79/75.14	(53.824561403508774, '1_inverse_dataset_ratio')
203.79/75.14	(54.05263157894737, '0_log_inverse_dataset_ratio')
203.79/75.14	(54.31578947368421, '1_dataset_ratio')
203.79/75.14	(55.87719298245614, '1_ratio_numerical_to_categorical')
203.79/75.14	(56.719298245614034, '0_symbols_sum')
203.79/75.14	(57.63157894736842, '0_ratio_numerical_to_categorical')
203.79/75.14	(57.87719298245614, '1_number_of_categorical_features')
203.79/75.14	(61.526315789473685, '0_kurtosis_mean')
203.79/75.14	(61.75438596491228, '1_kurtosis_mean')
203.79/75.14	(65.0, '0_number_of_categorical_features')
203.79/75.14	(70.89473684210526, '1_ratio_categorical_to_numerical')
203.79/75.14	(72.43859649122807, '1_symbols_max')
203.79/75.14	(74.0, '1_class_probability_mean')
203.79/75.14	(74.21052631578948, '0_ratio_categorical_to_numerical')
203.79/75.14	(74.47368421052632, '1_number_of_classes')
203.79/75.14	(74.71929824561404, '0_class_probability_mean')
203.79/75.14	(75.56140350877193, '0_number_of_classes')
203.79/75.14	(75.96491228070175, '0_symbols_std')
203.79/75.14	(77.05263157894737, '1_symbols_std')
203.79/75.14	(77.89473684210526, '0_symbols_max')
203.79/75.14	(79.28070175438596, '1_percentage_of_features_with_missing_values')
203.79/75.14	(80.59649122807018, '0_percentage_of_features_with_missing_values')
203.79/75.14	(82.14035087719299, '1_percentage_of_Instances_with_missing_values')
203.79/75.14	(82.50877192982456, '1_number_of_Instances_with_missing_values')
203.79/75.14	(82.54385964912281, '0_number_of_Instances_with_missing_values')
203.79/75.14	(82.73684210526316, '0_number_of_missing_values')
203.79/75.14	(82.87719298245614, '1_percentage_of_missing_values')
203.79/75.14	(83.03508771929825, '0_percentage_of_Instances_with_missing_values')
203.79/75.14	(83.19298245614036, '1_number_of_missing_values')
203.79/75.14	(85.52631578947368, '0_percentage_of_missing_values')
203.79/75.14	(85.87719298245614, '1_number_of_features_with_missing_values')
203.79/75.14	(86.7719298245614, '0_number_of_features_with_missing_values')
203.79/75.14	Result for ParamILS: SAT, 73.705170, 1, 0.329999, -1, /home/feurerm/thesis/Software/pyMetaLearn/optimizers/metalearn_optimizer/learn_distances.py
