0.77/8.13	['/home/feurerm/thesis/Software/pyMetaLearn/optimizers/metalearn_optimizer/learn_distances.py', '--input_file', '/home/feurerm/thesis/experiments/2014_04_25_predict_distances/testfold_0-3_spearman_rank_perm.pkl', '--fold', '0', '--folds', '1', '--params', '-max_features', '0.94460044739', '-min_samples_leaf', '7', '-min_samples_split', '8', '-n_estimators', '71', '-n_jobs', '4', '-seed', '43']
0.77/8.14	Metafeatures (57, 46)
0.77/8.14	X (3192, 92)
0.77/8.14	Y (3192,)
0.77/8.14	Dataset Mae MSE Rho
11.00/14.31	vehicle 0.498673922896 0.31928206193 -0.25889082101
21.67/17.49	anneal.ORIG 0.824624095071 0.756237456125 -0.246285649949
32.37/20.55	segment 0.282470668863 0.100470814683 0.775702834486
42.94/23.64	pendigits 0.39067070675 0.187847619106 0.256305144895
53.58/26.73	mushroom 0.241598444972 0.0709156865346 0.522629784735
64.10/32.35	labor 0.204345396469 0.061541052968 0.456371834289
74.72/35.52	abalone 0.398287163459 0.201282865273 0.271172782556
84.97/38.52	diabetes 0.487522053692 0.339845833172 -0.302200895935
95.35/41.50	car 0.665056357381 0.55818977676 -0.0669043694744
105.91/47.17	autos 0.187780640006 0.0462148775657 0.575636145091
116.46/50.29	mfeat-fourier 0.656214695106 0.561193377243 -0.498389071157
126.87/53.39	primary-tumor 0.188542405578 0.0435849022705 0.650620752425
137.39/56.48	waveform-5000 0.235452974819 0.0758808236611 0.63769237185
148.08/59.56	credit-a 0.462842995227 0.298984645752 0.127344548661
158.43/67.32	letter 0.308224400444 0.123532987755 0.53038681308
169.26/74.85	postoperative-patient-data 0.447776680217 0.252188962171 -0.236589364518
179.68/78.22	vowel 0.480424302724 0.286278076624 0.087589778394
190.29/81.29	eucalyptus 0.246692879576 0.0788875741805 0.589534154209
200.94/86.22	cylinder-bands 0.293927966976 0.103197751986 0.486107109611
211.54/94.31	ionosphere 0.422402843365 0.213054073875 -0.165483271357
222.10/101.13	mfeat-karhunen 0.274165288417 0.0991827730592 0.603108953813
232.55/107.48	balance-scale 0.269573155356 0.104205951368 0.246285649949
243.04/110.75	mfeat-morphological 0.493560123879 0.326129181594 -0.246932068978
253.53/113.81	liver-disorders 0.143098083731 0.0272280627213 0.496773023585
264.07/116.90	dermatology 0.210171130667 0.0555820721315 0.495803395042
274.55/122.81	vote 0.071474308307 0.00853667881397 0.778288510601
285.13/125.88	breast-cancer 0.121648367583 0.0223667174597 0.469300214864
295.78/132.38	credit-g 0.573079184541 0.455192460594 -0.469623424378
306.40/138.49	soybean 0.110787828808 0.0168677474668 0.810286252523
316.93/145.06	arrhythmia 0.322182021797 0.12592097545 -0.201682736966
327.37/152.12	nursery 0.252526843442 0.0821337542062 0.63025855302
337.94/155.45	hepatitis 0.291802816834 0.117293758667 0.115062587115
348.45/163.55	cmc 0.151128189425 0.0304746199147 0.697809341523
359.00/170.85	heart-c 0.2452665597 0.0806359763839 0.756956682652
369.54/173.94	glass 0.292718243793 0.106972612929 0.645449400195
380.65/177.13	braziltourism 0.733210616924 0.643948107766 -0.684880960948
391.30/180.20	iris 0.317397867476 0.133429864272 0.090175454509
401.68/183.17	heart-statlog 0.303555217987 0.119312024157 0.669366904258
412.57/186.77	page-blocks 0.581893986708 0.452779697227 -0.573696888005
423.12/189.99	breast-w 0.241667562017 0.0797417324786 0.403688683447
433.68/193.08	heart-h 0.160499762555 0.0330992690145 0.67615430406
444.15/196.32	yeast 0.35497686819 0.156136355213 0.483198223982
454.53/202.76	tae 0.350292685349 0.15321134061 0.0701364646181
465.08/205.94	haberman 0.292113305738 0.114930476922 -0.0433100749255
475.60/213.35	mfeat-pixel 0.400932348381 0.200721214961 0.104073463627
486.06/219.92	optdigits 0.234913291734 0.0689448366857 0.739826578391
496.67/226.98	mfeat-factors 0.265936618841 0.0932229690179 0.695223665408
507.29/234.68	satimage 0.337493164657 0.146693136921 0.129283805748
517.74/237.71	lymph 0.249415591157 0.0938152773055 0.365226751237
528.23/245.01	audiology 0.27833380844 0.0905914358242 0.495480185528
538.93/252.10	ecoli 0.410666050847 0.211566031964 0.0746613978193
549.32/258.37	tic-tac-toe 0.168578977465 0.0375353467645 0.739503368876
560.15/264.28	spambase 0.355597455897 0.1692909632 0.638662000393
570.64/268.61	zoo 0.18764016817 0.0482273548815 0.599553649155
581.19/273.77	sonar 0.553207344129 0.381751009077 -0.363610703665
591.81/276.84	mfeat-zernike 0.231755547164 0.0755957457874 0.598907230126
602.39/280.02	kr-vs-kp 0.240959708711 0.07020719206 0.585655640037
602.65/280.23	MAE 0.33329388927 0.158569341032
602.65/280.23	MSE 0.17389624464 0.17389624464
602.65/280.23	Mean tau 0.289697791037 0.405198165931
602.65/280.23	(0.5087719298245614, '1_class_probability_max')
602.65/280.23	(0.7719298245614035, '0_class_probability_max')
602.65/280.23	(2.1228070175438596, '1_skewness_min')
602.65/280.23	(2.8771929824561404, '0_skewness_min')
602.65/280.23	(5.12280701754386, '0_landmark_naive_bayes')
602.65/280.23	(5.9298245614035086, '1_landmark_naive_bayes')
602.65/280.23	(9.859649122807017, '0_class_entropy')
602.65/280.23	(9.982456140350877, '1_pca_skewness_first_pc')
602.65/280.23	(10.298245614035087, '1_landmark_lda')
602.65/280.23	(10.789473684210526, '0_pca_skewness_first_pc')
602.65/280.23	(11.228070175438596, '0_landmark_lda')
602.65/280.23	(16.17543859649123, '0_landmark_decision_tree')
602.65/280.23	(16.31578947368421, '1_class_probability_std')
602.65/280.23	(16.45614035087719, '1_landmark_decision_tree')
602.65/280.23	(17.31578947368421, '0_class_probability_std')
602.65/280.23	(18.19298245614035, '1_kurtosis_min')
602.65/280.23	(18.36842105263158, '0_kurtosis_min')
602.65/280.23	(20.263157894736842, '1_class_entropy')
602.65/280.23	(20.771929824561404, '1_landmark_1NN')
602.65/280.23	(21.07017543859649, '0_landmark_1NN')
602.65/280.23	(21.473684210526315, '1_class_probability_min')
602.65/280.23	(22.614035087719298, '0_class_probability_min')
602.65/280.23	(25.859649122807017, '0_skewness_max')
602.65/280.23	(27.280701754385966, '0_kurtosis_max')
602.65/280.23	(28.45614035087719, '1_skewness_max')
602.65/280.23	(28.80701754385965, '1_skewness_mean')
602.65/280.23	(29.087719298245613, '1_kurtosis_max')
602.65/280.23	(29.49122807017544, '1_number_of_numeric_features')
602.65/280.23	(30.57894736842105, '0_number_of_numeric_features')
602.65/280.23	(31.403508771929825, '0_number_of_instances')
602.65/280.23	(32.10526315789474, '1_log_number_of_instances')
602.65/280.23	(32.29824561403509, '0_skewness_mean')
602.65/280.23	(32.87719298245614, '1_number_of_instances')
602.65/280.23	(33.03508771929825, '0_log_number_of_instances')
602.65/280.23	(35.175438596491226, '0_number_of_features')
602.65/280.23	(36.03508771929825, '0_log_number_of_features')
602.65/280.23	(36.92982456140351, '1_symbols_mean')
602.65/280.23	(38.14035087719298, '1_landmark_decision_node_learner')
602.65/280.23	(38.75438596491228, '1_number_of_features')
602.65/280.23	(38.80701754385965, '0_symbols_mean')
602.65/280.23	(39.73684210526316, '1_log_number_of_features')
602.65/280.23	(40.08771929824562, '0_landmark_decision_node_learner')
602.65/280.23	(41.03508771929825, '1_pca_kurtosis_first_pc')
602.65/280.23	(43.473684210526315, '0_pca_kurtosis_first_pc')
602.65/280.23	(44.94736842105263, '0_skewness_std')
602.65/280.23	(45.473684210526315, '1_symbols_min')
602.65/280.23	(45.49122807017544, '1_skewness_std')
602.65/280.23	(46.578947368421055, '0_pca_95%')
602.65/280.23	(47.87719298245614, '1_landmark_random_node_learner')
602.65/280.23	(48.228070175438596, '0_landmark_random_node_learner')
602.65/280.23	(48.333333333333336, '1_pca_95%')
602.65/280.23	(48.85964912280702, '0_kurtosis_std')
602.65/280.23	(49.35087719298246, '0_symbols_min')
602.65/280.23	(50.228070175438596, '1_log_inverse_dataset_ratio')
602.65/280.23	(50.98245614035088, '1_log_dataset_ratio')
602.65/280.23	(52.228070175438596, '0_log_inverse_dataset_ratio')
602.65/280.23	(52.771929824561404, '1_kurtosis_std')
602.65/280.23	(52.91228070175438, '0_log_dataset_ratio')
602.65/280.23	(53.03508771929825, '1_inverse_dataset_ratio')
602.65/280.23	(53.54385964912281, '0_dataset_ratio')
602.65/280.23	(53.54385964912281, '1_dataset_ratio')
602.65/280.23	(54.228070175438596, '0_inverse_dataset_ratio')
602.65/280.23	(57.45614035087719, '0_ratio_numerical_to_categorical')
602.65/280.23	(58.666666666666664, '1_ratio_numerical_to_categorical')
602.65/280.23	(60.94736842105263, '0_symbols_sum')
602.65/280.23	(63.98245614035088, '1_symbols_sum')
602.65/280.23	(64.75438596491227, '0_number_of_categorical_features')
602.65/280.23	(65.66666666666667, '1_kurtosis_mean')
602.65/280.23	(65.78947368421052, '1_number_of_categorical_features')
602.65/280.23	(66.35087719298245, '0_kurtosis_mean')
602.65/280.23	(72.59649122807018, '1_ratio_categorical_to_numerical')
602.65/280.23	(73.21052631578948, '0_class_probability_mean')
602.65/280.23	(73.63157894736842, '1_class_probability_mean')
602.65/280.23	(73.78947368421052, '0_number_of_classes')
602.65/280.23	(74.19298245614036, '0_ratio_categorical_to_numerical')
602.65/280.23	(74.21052631578948, '1_number_of_classes')
602.65/280.23	(76.14035087719299, '1_symbols_max')
602.65/280.23	(76.71929824561404, '0_symbols_max')
602.65/280.23	(77.7719298245614, '0_symbols_std')
602.65/280.23	(77.84210526315789, '1_symbols_std')
602.65/280.23	(78.59649122807018, '0_percentage_of_features_with_missing_values')
602.65/280.23	(78.71929824561404, '1_percentage_of_features_with_missing_values')
602.65/280.23	(82.28070175438596, '0_percentage_of_Instances_with_missing_values')
602.65/280.23	(82.42105263157895, '0_number_of_Instances_with_missing_values')
602.65/280.23	(82.6140350877193, '1_number_of_Instances_with_missing_values')
602.65/280.23	(82.82456140350877, '1_percentage_of_Instances_with_missing_values')
602.65/280.23	(84.98245614035088, '1_number_of_missing_values')
602.65/280.23	(85.24561403508773, '0_number_of_missing_values')
602.65/280.23	(85.73684210526316, '1_percentage_of_missing_values')
602.65/280.23	(86.03508771929825, '0_percentage_of_missing_values')
602.65/280.23	(88.05263157894737, '1_number_of_features_with_missing_values')
602.65/280.23	(88.19298245614036, '0_number_of_features_with_missing_values')
602.65/280.23	Result for ParamILS: SAT, 272.100692, 1, 0.333294, -1, /home/feurerm/thesis/Software/pyMetaLearn/optimizers/metalearn_optimizer/learn_distances.py
