0.76/2.70	['/home/feurerm/thesis/Software/pyMetaLearn/optimizers/metalearn_optimizer/learn_distances.py', '--input_file', '/home/feurerm/thesis/experiments/2014_04_25_predict_distances/testfold_0-3_spearman_rank_perm.pkl', '--fold', '0', '--folds', '1', '--params', '-max_features', '0.652887120389', '-min_samples_leaf', '10', '-min_samples_split', '7', '-n_estimators', '62', '-n_jobs', '4', '-seed', '84']
0.76/2.71	Metafeatures (57, 46)
0.76/2.71	X (3192, 92)
0.76/2.71	Y (3192,)
0.76/2.71	Dataset Mae MSE Rho
6.79/4.47	vehicle 0.457737703571 0.268701819731 -0.119910729831
13.28/6.40	anneal.ORIG 0.744758228263 0.623545162489 -0.242083926262
19.53/13.74	segment 0.278221681242 0.0981628722083 0.748876444793
25.89/15.67	pendigits 0.383498622917 0.178157944673 0.299292010306
32.24/17.66	mushroom 0.238529665307 0.0673128088005 0.536851003367
38.58/19.60	labor 0.180964846788 0.0493080157906 0.647388657281
44.87/21.53	abalone 0.421157941575 0.225621529249 0.129930224776
51.11/23.49	diabetes 0.470661018404 0.315823905027 -0.160635128641
57.38/25.42	car 0.595703216789 0.470531231909 -0.137040834092
63.56/27.36	autos 0.21285099677 0.0584376527651 0.517781642019
70.06/29.46	mfeat-fourier 0.644642815274 0.541536111492 -0.504853261444
76.35/31.40	primary-tumor 0.199949739537 0.049255836643 0.617976591474
82.60/33.32	waveform-5000 0.240950756639 0.0811234275145 0.638985209908
88.94/35.27	credit-a 0.445751572759 0.284101219836 0.12799096769
95.18/37.23	letter 0.304289359274 0.118687965111 0.594382296925
101.62/39.28	postoperative-patient-data 0.44013678033 0.2328204437 -0.404335102476
107.87/43.98	vowel 0.496049431126 0.300385340307 0.0158372662041
114.12/47.10	eucalyptus 0.296811633926 0.114587179511 0.462836024576
120.40/49.23	cylinder-bands 0.301217031982 0.106247561287 0.481905385924
126.69/51.17	ionosphere 0.418109505063 0.201330886685 -0.0811255881066
132.95/53.12	mfeat-karhunen 0.268525497316 0.0967183726194 0.632844229135
139.28/55.07	balance-scale 0.222451975752 0.0716532716137 0.518428061048
145.43/57.08	mfeat-morphological 0.475610362764 0.299783701081 -0.186815099305
151.63/59.01	liver-disorders 0.150605863012 0.0338081592867 0.546547288798
157.96/60.94	dermatology 0.205394777462 0.0541331690591 0.516812013476
164.20/62.87	vote 0.0765073132271 0.00924084330986 0.781843815259
170.45/64.81	breast-cancer 0.15900883867 0.0387326319243 0.427929397025
176.75/66.75	credit-g 0.548127733887 0.404090812184 -0.578868240235
183.07/68.67	soybean 0.128073651954 0.0216926519127 0.842283994446
189.40/71.12	arrhythmia 0.286944078958 0.104372371647 -0.00484814271554
195.69/73.20	nursery 0.262492689987 0.0873389945613 0.625733619818
201.82/75.16	hepatitis 0.317441424305 0.145899919614 -0.128960596233
208.09/77.11	cmc 0.167348675852 0.0341573532195 0.750815701879
214.34/79.09	heart-c 0.276949761086 0.100906187055 0.703950322296
220.72/81.09	glass 0.32758533896 0.130306602116 0.510024613674
227.16/83.16	braziltourism 0.707138964289 0.589647929409 -0.550749012485
233.54/85.10	iris 0.330587790966 0.144028047355 0.051713522299
239.70/87.03	heart-statlog 0.341504418562 0.155289111029 0.516165594447
246.25/89.09	page-blocks 0.598929750217 0.476305869824 -0.531679651137
252.59/94.69	breast-w 0.239139941146 0.0764238640461 0.471885890979
258.87/96.79	heart-h 0.163196102 0.0343045362313 0.723989312187
265.16/98.73	yeast 0.37500215865 0.17292758921 0.451846901088
271.38/100.66	tae 0.371903366569 0.172565234656 -0.0138980091179
277.57/102.59	haberman 0.290290138276 0.111390576402 -0.0572080840433
284.02/104.52	mfeat-pixel 0.39637896669 0.19589076009 0.0953468067389
290.30/106.46	optdigits 0.258145136469 0.0831407772177 0.684557751434
296.66/108.58	mfeat-factors 0.255014730533 0.0847879312207 0.70201106521
303.03/110.53	satimage 0.343451033646 0.147162095096 0.103750254112
309.24/112.48	lymph 0.252694112897 0.0946663927509 0.407567197619
315.51/114.42	audiology 0.281069715993 0.0936035781627 0.495156976013
321.79/116.44	ecoli 0.436558409549 0.241726587897 -0.0559152459858
328.19/118.43	tic-tac-toe 0.177922469263 0.0466450744378 0.726574988302
334.64/120.37	spambase 0.382113313063 0.19016939365 0.592119830324
340.95/122.32	zoo 0.17385318447 0.0418838693009 0.654822476112
347.23/124.25	sonar 0.554259080177 0.384691606547 -0.345187761346
353.56/126.33	mfeat-zernike 0.237947016778 0.0790116674939 0.540083098511
359.94/128.41	kr-vs-kp 0.236879794654 0.068666101568 0.56884874529
360.11/128.58	MAE 0.334193686414 0.147137285372
360.11/128.58	MSE 0.170235834202 0.170235834202
360.11/128.58	Mean tau 0.28701004876 0.401312300763
360.11/128.58	(0.21052631578947367, '1_class_probability_max')
360.11/128.58	(0.9298245614035088, '0_class_probability_max')
360.11/128.58	(2.456140350877193, '1_skewness_min')
360.11/128.58	(2.543859649122807, '0_skewness_min')
360.11/128.58	(5.280701754385965, '0_class_entropy')
360.11/128.58	(8.649122807017545, '1_landmark_naive_bayes')
360.11/128.58	(8.701754385964913, '0_landmark_naive_bayes')
360.11/128.58	(8.894736842105264, '1_class_entropy')
360.11/128.58	(9.385964912280702, '1_class_probability_std')
360.11/128.58	(9.807017543859649, '0_class_probability_std')
360.11/128.58	(11.456140350877194, '0_landmark_decision_tree')
360.11/128.58	(11.929824561403509, '1_landmark_decision_tree')
360.11/128.58	(15.649122807017545, '1_landmark_random_node_learner')
360.11/128.58	(17.19298245614035, '0_pca_skewness_first_pc')
360.11/128.58	(18.087719298245613, '0_landmark_random_node_learner')
360.11/128.58	(19.228070175438596, '1_pca_skewness_first_pc')
360.11/128.58	(19.70175438596491, '0_skewness_max')
360.11/128.58	(21.54385964912281, '1_landmark_lda')
360.11/128.58	(22.31578947368421, '0_landmark_lda')
360.11/128.58	(22.666666666666668, '0_landmark_1NN')
360.11/128.58	(23.49122807017544, '0_kurtosis_min')
360.11/128.58	(23.789473684210527, '1_skewness_max')
360.11/128.58	(25.087719298245613, '1_kurtosis_min')
360.11/128.58	(25.49122807017544, '1_kurtosis_std')
360.11/128.58	(26.68421052631579, '1_skewness_std')
360.11/128.58	(27.87719298245614, '1_landmark_1NN')
360.11/128.58	(29.649122807017545, '1_log_number_of_features')
360.11/128.58	(29.719298245614034, '0_log_number_of_features')
360.11/128.58	(30.473684210526315, '0_number_of_features')
360.11/128.58	(31.17543859649123, '0_kurtosis_std')
360.11/128.58	(32.21052631578947, '1_number_of_features')
360.11/128.58	(32.36842105263158, '0_skewness_std')
360.11/128.58	(34.24561403508772, '0_number_of_numeric_features')
360.11/128.58	(34.64912280701754, '1_class_probability_min')
360.11/128.58	(35.280701754385966, '0_class_probability_min')
360.11/128.58	(36.87719298245614, '1_number_of_numeric_features')
360.11/128.58	(38.08771929824562, '0_kurtosis_max')
360.11/128.58	(38.08771929824562, '1_kurtosis_max')
360.11/128.58	(39.31578947368421, '1_number_of_instances')
360.11/128.58	(40.07017543859649, '0_number_of_instances')
360.11/128.58	(40.175438596491226, '1_log_number_of_instances')
360.11/128.58	(40.59649122807018, '0_log_number_of_instances')
360.11/128.58	(41.24561403508772, '0_symbols_sum')
360.11/128.58	(43.85964912280702, '1_landmark_decision_node_learner')
360.11/128.58	(44.91228070175438, '0_skewness_mean')
360.11/128.58	(44.92982456140351, '1_skewness_mean')
360.11/128.58	(46.26315789473684, '1_symbols_sum')
360.11/128.58	(46.280701754385966, '0_landmark_decision_node_learner')
360.11/128.58	(46.719298245614034, '0_pca_kurtosis_first_pc')
360.11/128.58	(46.80701754385965, '1_pca_kurtosis_first_pc')
360.11/128.58	(47.29824561403509, '1_number_of_categorical_features')
360.11/128.58	(49.59649122807018, '0_number_of_categorical_features')
360.11/128.58	(49.78947368421053, '1_symbols_mean')
360.11/128.58	(49.85964912280702, '0_symbols_mean')
360.11/128.58	(51.29824561403509, '0_pca_95%')
360.11/128.58	(53.421052631578945, '1_pca_95%')
360.11/128.58	(54.59649122807018, '1_dataset_ratio')
360.11/128.58	(55.1578947368421, '0_log_inverse_dataset_ratio')
360.11/128.58	(55.73684210526316, '1_log_inverse_dataset_ratio')
360.11/128.58	(56.0, '0_log_dataset_ratio')
360.11/128.58	(56.24561403508772, '1_inverse_dataset_ratio')
360.11/128.58	(56.68421052631579, '0_symbols_min')
360.11/128.58	(56.89473684210526, '0_inverse_dataset_ratio')
360.11/128.58	(57.56140350877193, '0_dataset_ratio')
360.11/128.58	(57.64912280701754, '1_symbols_min')
360.11/128.58	(57.73684210526316, '1_log_dataset_ratio')
360.11/128.58	(59.43859649122807, '0_ratio_numerical_to_categorical')
360.11/128.58	(62.54385964912281, '1_ratio_numerical_to_categorical')
360.11/128.58	(65.0, '0_kurtosis_mean')
360.11/128.58	(65.73684210526316, '1_kurtosis_mean')
360.11/128.58	(73.12280701754386, '0_ratio_categorical_to_numerical')
360.11/128.58	(73.85964912280701, '0_symbols_max')
360.11/128.58	(74.12280701754386, '1_ratio_categorical_to_numerical')
360.11/128.58	(75.57894736842105, '0_class_probability_mean')
360.11/128.58	(75.57894736842105, '0_number_of_classes')
360.11/128.58	(75.82456140350877, '1_number_of_classes')
360.11/128.58	(76.01754385964912, '1_symbols_max')
360.11/128.58	(76.24561403508773, '1_class_probability_mean')
360.11/128.58	(76.43859649122807, '1_percentage_of_features_with_missing_values')
360.11/128.58	(77.28070175438596, '0_symbols_std')
360.11/128.58	(77.96491228070175, '0_percentage_of_features_with_missing_values')
360.11/128.58	(78.05263157894737, '1_symbols_std')
360.11/128.58	(81.70175438596492, '0_percentage_of_Instances_with_missing_values')
360.11/128.58	(82.66666666666667, '0_percentage_of_missing_values')
360.11/128.58	(83.43859649122807, '1_number_of_Instances_with_missing_values')
360.11/128.58	(83.82456140350877, '1_percentage_of_missing_values')
360.11/128.58	(84.03508771929825, '1_percentage_of_Instances_with_missing_values')
360.11/128.58	(84.73684210526316, '0_number_of_Instances_with_missing_values')
360.11/128.58	(84.80701754385964, '0_number_of_missing_values')
360.11/128.58	(85.3859649122807, '1_number_of_missing_values')
360.11/128.58	(85.87719298245614, '0_number_of_features_with_missing_values')
360.11/128.58	(88.14035087719299, '1_number_of_features_with_missing_values')
360.11/128.58	Result for ParamILS: SAT, 125.879898, 1, 0.334194, -1, /home/feurerm/thesis/Software/pyMetaLearn/optimizers/metalearn_optimizer/learn_distances.py
