0.77/1.02	['/home/feurerm/thesis/Software/pyMetaLearn/optimizers/metalearn_optimizer/learn_distances.py', '--input_file', '/home/feurerm/thesis/experiments/2014_04_25_predict_distances/testfold_0-3_spearman_rank_perm.pkl', '--fold', '0', '--folds', '1', '--params', '-max_features', '0.467024430612', '-min_samples_leaf', '8', '-min_samples_split', '5', '-n_estimators', '36', '-n_jobs', '4', '-seed', '13']
0.77/1.03	Metafeatures (57, 46)
0.77/1.03	X (3192, 92)
0.77/1.03	Y (3192,)
0.77/1.03	Dataset Mae MSE Rho
3.35/1.88	vehicle 0.424918522079 0.227430841859 -0.0171301042616
6.16/2.83	anneal.ORIG 0.548483502804 0.353999491265 0.142535395837
8.98/3.79	segment 0.274069697078 0.0966359231667 0.741765835477
11.85/4.74	pendigits 0.396342768037 0.188527772833 0.268263896926
14.70/5.70	mushroom 0.218464642584 0.0576170812019 0.593735877896
17.44/6.65	labor 0.2113920979 0.0665512450835 0.612158820215
20.26/7.60	abalone 0.403786826532 0.206910027123 0.21525753657
23.05/8.55	diabetes 0.487137370355 0.342555628591 -0.197157803765
25.79/9.50	car 0.540976855694 0.404832914583 -0.0927611306239
28.56/10.46	autos 0.221165655416 0.0622447988224 0.572404049948
31.37/11.41	mfeat-fourier 0.64236001261 0.540018776467 -0.486430319125
34.14/12.37	primary-tumor 0.199413641937 0.0501547925131 0.599553649155
36.97/13.32	waveform-5000 0.256862956516 0.0895542765242 0.532326070166
39.75/14.27	credit-a 0.411533184024 0.237477398291 0.274404877699
42.50/15.22	letter 0.286755723117 0.109843222735 0.556243574229
45.39/16.17	postoperative-patient-data 0.449583302049 0.24748427091 -0.423404463823
48.21/17.13	vowel 0.515756178837 0.338473434087 -0.0436332844398
51.01/18.08	eucalyptus 0.3057740499 0.12503310293 0.436656053913
53.74/19.03	cylinder-bands 0.272625911162 0.0882005133726 0.606341048956
56.55/19.99	ionosphere 0.426453675166 0.208893081377 -0.127667758176
59.37/20.94	mfeat-karhunen 0.284089839847 0.106584385396 0.518104851534
62.26/21.91	balance-scale 0.196308045022 0.0536691835941 0.633813857678
64.98/22.86	mfeat-morphological 0.480303300791 0.307830213861 -0.182613375619
67.77/23.81	liver-disorders 0.199723558724 0.0583667330362 0.444736291772
70.58/24.77	dermatology 0.20228702135 0.0513281642431 0.519074480077
73.42/27.00	vote 0.0755023851626 0.00904226572393 0.780550977201
76.21/27.95	breast-cancer 0.186668309601 0.0513915058382 0.19457212765
79.07/29.01	credit-g 0.483944537002 0.31584185537 -0.349389485033
81.82/29.97	soybean 0.122542507127 0.0207546195978 0.818043280868
84.69/31.03	arrhythmia 0.268963234304 0.095719000762 0.0995485304257
87.50/31.98	nursery 0.248444916786 0.0784770035836 0.635753114764
90.25/32.94	hepatitis 0.38728404004 0.211356783907 -0.387851417243
93.02/33.89	cmc 0.181368393171 0.0413318271383 0.679386399204
95.89/34.95	heart-c 0.286450576991 0.107416024835 0.70944488404
98.67/35.91	glass 0.344909008321 0.14436391387 0.37653908424
101.47/36.86	braziltourism 0.635563081017 0.487071648216 -0.457987881861
104.28/37.84	iris 0.331809928364 0.148510946576 0.0908218735377
107.00/38.79	heart-statlog 0.357555685589 0.176508778986 0.470593052921
109.95/39.85	page-blocks 0.577324105376 0.445530899003 -0.478026871752
112.74/40.80	breast-w 0.237417767978 0.0754086306338 0.480612547867
115.54/41.76	heart-h 0.18466795881 0.0433288582736 0.62508720079
118.34/42.71	yeast 0.386240425001 0.182721064483 0.37653908424
121.12/43.66	tae 0.327096711894 0.140715623061 0.00193925708621
123.90/44.61	haberman 0.28387072624 0.103161775884 -0.000646419028738
126.75/45.57	mfeat-pixel 0.395590482276 0.190629751898 0.11538579663
129.54/46.52	optdigits 0.25127674442 0.0777843725005 0.675831094546
132.36/47.48	mfeat-factors 0.28688437833 0.111409343457 0.533618908223
135.20/48.43	satimage 0.345034469198 0.148730445289 0.117325053716
138.02/49.38	lymph 0.3609382608 0.176727642105 0.308988295737
140.80/50.34	audiology 0.300923384886 0.107648532502 0.382680065013
143.60/51.29	ecoli 0.421705068551 0.224423094374 0.0627026457876
146.43/52.25	tic-tac-toe 0.180443032688 0.045956346701 0.733362388103
149.27/53.20	spambase 0.368195207401 0.17823993167 0.687143427549
152.05/54.16	zoo 0.169512460465 0.0386775150324 0.683264913376
154.91/55.12	sonar 0.547644583897 0.377346695335 -0.371690941524
157.65/56.07	mfeat-zernike 0.231718107774 0.0771592979848 0.564647021603
160.50/57.02	kr-vs-kp 0.228249060881 0.0647474322478 0.575959354606
160.64/57.12	MAE 0.330742243507 0.130016667174
160.64/57.12	MSE 0.163479836854 0.163479836854
160.64/57.12	Mean tau 0.288268864763 0.376189649375
160.64/57.12	(0.22807017543859648, '0_class_probability_max')
160.64/57.12	(0.9473684210526315, '1_class_probability_max')
160.64/57.12	(2.5789473684210527, '0_skewness_min')
160.64/57.12	(3.3859649122807016, '1_skewness_min')
160.64/57.12	(6.684210526315789, '1_class_probability_std')
160.64/57.12	(7.666666666666667, '0_landmark_decision_tree')
160.64/57.12	(7.842105263157895, '1_class_entropy')
160.64/57.12	(8.105263157894736, '0_class_entropy')
160.64/57.12	(8.157894736842104, '1_landmark_random_node_learner')
160.64/57.12	(9.982456140350877, '1_landmark_decision_tree')
160.64/57.12	(10.035087719298245, '0_class_probability_std')
160.64/57.12	(11.491228070175438, '1_landmark_naive_bayes')
160.64/57.12	(11.771929824561404, '0_landmark_naive_bayes')
160.64/57.12	(12.43859649122807, '0_landmark_random_node_learner')
160.64/57.12	(21.05263157894737, '1_kurtosis_std')
160.64/57.12	(22.29824561403509, '1_skewness_max')
160.64/57.12	(23.05263157894737, '0_skewness_max')
160.64/57.12	(23.105263157894736, '1_pca_skewness_first_pc')
160.64/57.12	(23.24561403508772, '1_log_number_of_features')
160.64/57.12	(23.526315789473685, '1_landmark_lda')
160.64/57.12	(23.57894736842105, '0_pca_skewness_first_pc')
160.64/57.12	(24.80701754385965, '0_number_of_features')
160.64/57.12	(24.92982456140351, '1_landmark_1NN')
160.64/57.12	(25.17543859649123, '0_log_number_of_features')
160.64/57.12	(26.228070175438596, '0_kurtosis_min')
160.64/57.12	(26.912280701754387, '0_kurtosis_std')
160.64/57.12	(27.859649122807017, '1_number_of_features')
160.64/57.12	(28.105263157894736, '0_landmark_lda')
160.64/57.12	(28.70175438596491, '1_kurtosis_min')
160.64/57.12	(31.350877192982455, '0_landmark_1NN')
160.64/57.12	(31.350877192982455, '1_number_of_numeric_features')
160.64/57.12	(31.57894736842105, '0_skewness_std')
160.64/57.12	(32.59649122807018, '1_skewness_std')
160.64/57.12	(33.35087719298246, '0_number_of_numeric_features')
160.64/57.12	(37.05263157894737, '0_symbols_sum')
160.64/57.12	(38.73684210526316, '1_class_probability_min')
160.64/57.12	(39.94736842105263, '0_class_probability_min')
160.64/57.12	(40.73684210526316, '1_kurtosis_max')
160.64/57.12	(41.578947368421055, '0_kurtosis_max')
160.64/57.12	(41.824561403508774, '0_landmark_decision_node_learner')
160.64/57.12	(42.0, '1_symbols_sum')
160.64/57.12	(43.26315789473684, '1_landmark_decision_node_learner')
160.64/57.12	(45.333333333333336, '0_pca_kurtosis_first_pc')
160.64/57.12	(45.75438596491228, '1_number_of_instances')
160.64/57.12	(45.87719298245614, '1_pca_kurtosis_first_pc')
160.64/57.12	(46.01754385964912, '1_log_number_of_instances')
160.64/57.12	(46.36842105263158, '1_pca_95%')
160.64/57.12	(46.73684210526316, '1_number_of_categorical_features')
160.64/57.12	(47.26315789473684, '0_number_of_instances')
160.64/57.12	(47.75438596491228, '0_log_number_of_instances')
160.64/57.12	(48.78947368421053, '0_number_of_categorical_features')
160.64/57.12	(49.78947368421053, '1_skewness_mean')
160.64/57.12	(51.49122807017544, '0_symbols_mean')
160.64/57.12	(51.68421052631579, '1_symbols_mean')
160.64/57.12	(51.719298245614034, '0_pca_95%')
160.64/57.12	(54.54385964912281, '0_ratio_numerical_to_categorical')
160.64/57.12	(55.1578947368421, '0_skewness_mean')
160.64/57.12	(55.280701754385966, '0_dataset_ratio')
160.64/57.12	(55.50877192982456, '0_inverse_dataset_ratio')
160.64/57.12	(56.175438596491226, '1_dataset_ratio')
160.64/57.12	(56.21052631578947, '0_log_inverse_dataset_ratio')
160.64/57.12	(57.578947368421055, '0_log_dataset_ratio')
160.64/57.12	(59.19298245614035, '1_ratio_numerical_to_categorical')
160.64/57.12	(59.80701754385965, '1_inverse_dataset_ratio')
160.64/57.12	(60.36842105263158, '1_log_inverse_dataset_ratio')
160.64/57.12	(60.526315789473685, '1_symbols_min')
160.64/57.12	(60.6140350877193, '1_log_dataset_ratio')
160.64/57.12	(60.8421052631579, '0_symbols_min')
160.64/57.12	(63.45614035087719, '0_kurtosis_mean')
160.64/57.12	(63.49122807017544, '1_kurtosis_mean')
160.64/57.12	(72.14035087719299, '1_symbols_max')
160.64/57.12	(73.03508771929825, '0_ratio_categorical_to_numerical')
160.64/57.12	(73.24561403508773, '0_class_probability_mean')
160.64/57.12	(73.71929824561404, '0_symbols_max')
160.64/57.13	(73.87719298245614, '0_number_of_classes')
160.64/57.13	(73.96491228070175, '1_ratio_categorical_to_numerical')
160.64/57.13	(74.21052631578948, '1_percentage_of_features_with_missing_values')
160.64/57.13	(74.54385964912281, '1_number_of_classes')
160.64/57.13	(77.0, '0_percentage_of_features_with_missing_values')
160.64/57.13	(77.15789473684211, '1_symbols_std')
160.64/57.13	(77.33333333333333, '0_symbols_std')
160.64/57.13	(77.80701754385964, '1_class_probability_mean')
160.64/57.13	(78.17543859649123, '0_percentage_of_missing_values')
160.64/57.13	(78.26315789473684, '1_percentage_of_missing_values')
160.64/57.13	(80.89473684210526, '0_percentage_of_Instances_with_missing_values')
160.64/57.13	(83.05263157894737, '1_number_of_Instances_with_missing_values')
160.64/57.13	(83.29824561403508, '1_number_of_missing_values')
160.64/57.13	(83.45614035087719, '1_percentage_of_Instances_with_missing_values')
160.64/57.13	(84.17543859649123, '1_number_of_features_with_missing_values')
160.64/57.13	(84.3859649122807, '0_number_of_Instances_with_missing_values')
160.64/57.13	(84.45614035087719, '0_number_of_missing_values')
160.64/57.13	(85.21052631578948, '0_number_of_features_with_missing_values')
160.64/57.13	Result for ParamILS: SAT, 56.107609, 1, 0.330742, -1, /home/feurerm/thesis/Software/pyMetaLearn/optimizers/metalearn_optimizer/learn_distances.py
