0.77/2.04	['/home/feurerm/thesis/Software/pyMetaLearn/optimizers/metalearn_optimizer/learn_distances.py', '--input_file', '/home/feurerm/thesis/experiments/2014_04_25_predict_distances/testfold_0-3_spearman_rank_perm.pkl', '--fold', '0', '--folds', '1', '--params', '-max_features', '0.708935736154', '-min_samples_leaf', '6', '-min_samples_split', '7', '-n_estimators', '28', '-n_jobs', '4', '-seed', '49']
0.77/2.05	Metafeatures (57, 46)
0.77/2.05	X (3192, 92)
0.77/2.05	Y (3192,)
0.77/2.05	Dataset Mae MSE Rho
3.97/3.11	vehicle 0.429442861389 0.23375751948 -0.0235942945489
7.33/4.45	anneal.ORIG 0.735765353483 0.604832904265 -0.184875842219
10.73/5.77	segment 0.273139436053 0.0948117109147 0.718171540928
14.16/6.94	pendigits 0.383802801624 0.178591125505 0.273435249156
17.56/8.14	mushroom 0.23735269283 0.0681879108327 0.536527793853
20.94/9.27	labor 0.21132283468 0.066700333965 0.48901599524
24.37/10.45	abalone 0.382736829219 0.187191622065 0.334845056886
27.72/11.80	diabetes 0.466467964338 0.317940953567 -0.239498250147
31.02/12.95	car 0.611386983913 0.480369863615 -0.0109891234885
34.34/14.09	autos 0.198755557256 0.0511357931589 0.568202326261
37.80/15.24	mfeat-fourier 0.680302966647 0.601762964348 -0.516812013476
41.17/16.42	primary-tumor 0.184882818812 0.0415618810209 0.659347409313
44.59/21.38	waveform-5000 0.254658818753 0.0903292235113 0.522629784735
47.98/22.51	credit-a 0.43243345864 0.26504613721 0.228185917145
51.36/23.67	letter 0.298345689471 0.113563100677 0.519074480077
54.80/24.82	postoperative-patient-data 0.434311794404 0.23135970253 -0.206530879682
58.14/26.05	vowel 0.500602954826 0.310067640328 -0.0895290354802
61.53/27.20	eucalyptus 0.271718550937 0.100935945577 0.517458432505
64.94/28.34	cylinder-bands 0.264321537799 0.0839889941149 0.559798878887
68.34/29.52	ionosphere 0.418830763089 0.207391944096 -0.0681972075319
71.82/30.69	mfeat-karhunen 0.237941298268 0.0783937811998 0.673245418431
75.18/31.83	balance-scale 0.258035555146 0.0939752867815 0.277636972843
78.60/33.02	mfeat-morphological 0.481852288186 0.311002791951 -0.233680478889
81.97/34.15	liver-disorders 0.137503826431 0.0294324980602 0.571757630919
85.40/35.51	dermatology 0.208433232503 0.0562520120487 0.498712280671
88.80/36.64	vote 0.076070146113 0.00982053674227 0.749846073336
92.14/40.25	breast-cancer 0.11901863827 0.0220331498925 0.519720899105
95.62/41.83	credit-g 0.510620307405 0.356126018786 -0.364903541723
99.00/42.98	soybean 0.104535259066 0.0155252104317 0.810286252523
102.36/44.12	arrhythmia 0.322886718653 0.128665732489 -0.242407135777
105.76/45.25	nursery 0.234656038981 0.0709900199556 0.6658115996
109.08/46.53	hepatitis 0.32025289243 0.150514018029 -0.0730453502474
112.46/48.99	cmc 0.172331274645 0.0385529473533 0.648358285824
115.82/51.55	heart-c 0.233461349115 0.0725989175337 0.771501110799
119.16/52.68	glass 0.323211584049 0.130170071628 0.504853261444
122.66/53.82	braziltourism 0.733848345584 0.638916097973 -0.566909488203
126.03/54.95	iris 0.295052192165 0.115930297149 0.244346392863
129.37/56.14	heart-statlog 0.353705677843 0.171500166067 0.493217718927
132.91/57.56	page-blocks 0.62957260145 0.532823187449 -0.503237213873
136.30/58.81	breast-w 0.231207821393 0.0721252669361 0.444736291772
139.64/59.95	heart-h 0.172478963262 0.0407067963252 0.643186933594
143.08/61.19	yeast 0.334075420071 0.140659103503 0.516812013476
146.49/62.32	tae 0.376153269041 0.176439959114 -0.0597937601583
149.83/63.71	haberman 0.302094597022 0.118551143682 -0.0869433593653
153.28/64.85	mfeat-pixel 0.411155668889 0.210124774876 0.0885594069371
156.63/66.06	optdigits 0.193533161763 0.050366848239 0.767299387112
160.08/67.39	mfeat-factors 0.283094374688 0.109341407495 0.56593985966
163.46/68.59	satimage 0.343989199112 0.14906276731 0.165160061843
166.76/69.73	lymph 0.309407023339 0.140347774857 0.2789298109
170.02/70.86	audiology 0.270520195649 0.0890516567394 0.513256708818
173.43/72.03	ecoli 0.407489717205 0.212860292799 0.078863121506
176.83/73.35	tic-tac-toe 0.180060347659 0.0444825340646 0.702334274724
180.30/74.60	spambase 0.392004249099 0.200257135405 0.646095819224
183.68/75.74	zoo 0.181893884474 0.0420081463033 0.632197810106
187.10/77.08	sonar 0.548903571981 0.376579151064 -0.316422114567
190.54/78.25	mfeat-zernike 0.219267968723 0.0760415794082 0.642217305051
194.00/79.40	kr-vs-kp 0.224828063473 0.0629418215141 0.587594897123
194.00/79.48	MAE 0.329925077041 0.151676056533
194.00/79.48	MSE 0.169556108279 0.169556108279
194.00/79.48	Mean tau 0.295470199557 0.383636559456
194.00/79.48	(0.3684210526315789, '1_class_probability_max')
194.00/79.48	(0.9122807017543859, '0_class_probability_max')
194.00/79.48	(2.210526315789474, '0_skewness_min')
194.00/79.48	(2.789473684210526, '1_skewness_min')
194.00/79.48	(8.052631578947368, '1_class_entropy')
194.00/79.48	(8.087719298245615, '0_class_entropy')
194.00/79.48	(9.789473684210526, '0_landmark_naive_bayes')
194.00/79.48	(10.543859649122806, '1_landmark_naive_bayes')
194.00/79.48	(11.192982456140351, '0_class_probability_std')
194.00/79.48	(11.596491228070175, '1_class_probability_std')
194.00/79.48	(13.701754385964913, '1_landmark_decision_tree')
194.00/79.48	(14.333333333333334, '0_landmark_decision_tree')
194.00/79.48	(16.333333333333332, '0_landmark_random_node_learner')
194.00/79.48	(17.31578947368421, '0_pca_skewness_first_pc')
194.00/79.48	(18.719298245614034, '1_landmark_random_node_learner')
194.00/79.48	(19.385964912280702, '1_pca_skewness_first_pc')
194.00/79.48	(19.56140350877193, '1_landmark_lda')
194.00/79.48	(21.54385964912281, '0_landmark_lda')
194.00/79.48	(23.263157894736842, '0_kurtosis_min')
194.00/79.48	(24.56140350877193, '1_kurtosis_min')
194.00/79.48	(25.157894736842106, '0_landmark_1NN')
194.00/79.48	(28.087719298245613, '1_skewness_max')
194.00/79.48	(29.54385964912281, '0_skewness_std')
194.00/79.48	(30.035087719298247, '1_number_of_numeric_features')
194.00/79.48	(30.45614035087719, '0_kurtosis_std')
194.00/79.48	(30.54385964912281, '0_number_of_features')
194.00/79.48	(30.82456140350877, '0_log_number_of_features')
194.00/79.48	(30.842105263157894, '1_landmark_1NN')
194.00/79.48	(31.210526315789473, '0_class_probability_min')
194.00/79.48	(31.859649122807017, '1_kurtosis_max')
194.00/79.48	(32.40350877192982, '0_number_of_numeric_features')
194.00/79.48	(32.666666666666664, '1_number_of_features')
194.00/79.48	(32.70175438596491, '0_skewness_max')
194.00/79.48	(32.92982456140351, '1_log_number_of_features')
194.00/79.48	(34.6140350877193, '1_skewness_std')
194.00/79.48	(35.29824561403509, '1_kurtosis_std')
194.00/79.48	(35.526315789473685, '0_kurtosis_max')
194.00/79.48	(35.92982456140351, '1_class_probability_min')
194.00/79.48	(38.228070175438596, '1_log_number_of_instances')
194.00/79.48	(39.719298245614034, '1_skewness_mean')
194.00/79.48	(40.19298245614035, '0_number_of_instances')
194.00/79.48	(42.29824561403509, '1_number_of_instances')
194.00/79.48	(42.36842105263158, '1_landmark_decision_node_learner')
194.00/79.48	(42.666666666666664, '1_symbols_sum')
194.00/79.48	(44.31578947368421, '0_log_number_of_instances')
194.00/79.48	(44.421052631578945, '0_skewness_mean')
194.00/79.48	(45.36842105263158, '1_pca_kurtosis_first_pc')
194.00/79.48	(45.64912280701754, '0_pca_kurtosis_first_pc')
194.00/79.48	(46.824561403508774, '0_landmark_decision_node_learner')
194.00/79.48	(47.421052631578945, '0_symbols_mean')
194.00/79.48	(48.526315789473685, '1_symbols_mean')
194.00/79.48	(49.59649122807018, '0_pca_95%')
194.00/79.48	(49.6140350877193, '1_pca_95%')
194.00/79.48	(50.45614035087719, '0_symbols_sum')
194.00/79.48	(51.49122807017544, '1_number_of_categorical_features')
194.00/79.48	(53.36842105263158, '0_ratio_numerical_to_categorical')
194.00/79.48	(53.70175438596491, '0_symbols_min')
194.00/79.48	(54.26315789473684, '0_inverse_dataset_ratio')
194.00/79.48	(54.40350877192982, '0_log_inverse_dataset_ratio')
194.00/79.48	(54.421052631578945, '0_log_dataset_ratio')
194.00/79.48	(54.89473684210526, '0_dataset_ratio')
194.00/79.48	(55.526315789473685, '0_number_of_categorical_features')
194.00/79.48	(55.64912280701754, '1_dataset_ratio')
194.00/79.48	(55.68421052631579, '1_inverse_dataset_ratio')
194.00/79.48	(55.75438596491228, '1_symbols_min')
194.00/79.48	(56.21052631578947, '1_log_inverse_dataset_ratio')
194.00/79.48	(57.43859649122807, '1_log_dataset_ratio')
194.00/79.48	(57.43859649122807, '1_ratio_numerical_to_categorical')
194.00/79.48	(63.719298245614034, '1_kurtosis_mean')
194.00/79.48	(66.3859649122807, '0_kurtosis_mean')
194.00/79.48	(71.6140350877193, '0_ratio_categorical_to_numerical')
194.00/79.48	(71.89473684210526, '1_ratio_categorical_to_numerical')
194.00/79.48	(74.19298245614036, '1_class_probability_mean')
194.00/79.48	(74.54385964912281, '0_symbols_max')
194.00/79.48	(75.0701754385965, '0_class_probability_mean')
194.00/79.48	(75.2280701754386, '1_number_of_classes')
194.00/79.48	(75.87719298245614, '1_symbols_max')
194.00/79.48	(76.85964912280701, '1_symbols_std')
194.00/79.48	(77.50877192982456, '0_number_of_classes')
194.00/79.48	(77.7719298245614, '0_symbols_std')
194.00/79.48	(78.15789473684211, '1_percentage_of_features_with_missing_values')
194.00/79.48	(80.12280701754386, '0_percentage_of_features_with_missing_values')
194.00/79.48	(80.78947368421052, '1_percentage_of_missing_values')
194.00/79.48	(81.43859649122807, '0_number_of_Instances_with_missing_values')
194.00/79.48	(82.42105263157895, '1_number_of_Instances_with_missing_values')
194.00/79.48	(82.66666666666667, '0_percentage_of_missing_values')
194.00/79.48	(83.01754385964912, '0_percentage_of_Instances_with_missing_values')
194.00/79.48	(83.6842105263158, '1_percentage_of_Instances_with_missing_values')
194.00/79.48	(83.96491228070175, '0_number_of_missing_values')
194.00/79.48	(84.10526315789474, '1_number_of_missing_values')
194.00/79.48	(85.87719298245614, '1_number_of_features_with_missing_values')
194.00/79.48	(86.28070175438596, '0_number_of_features_with_missing_values')
194.00/79.48	Result for ParamILS: SAT, 77.439639, 1, 0.329925, -1, /home/feurerm/thesis/Software/pyMetaLearn/optimizers/metalearn_optimizer/learn_distances.py
