0.66/0.89	['/home/feurerm/thesis/Software/pyMetaLearn/optimizers/metalearn_optimizer/learn_distances.py', '--input_file', '/home/feurerm/thesis/experiments/2014_04_25_predict_distances/testfold_0-3_spearman_rank_perm.pkl', '--fold', '0', '--folds', '1', '--params', '-max_features', '0.138607638196', '-min_samples_leaf', '7', '-min_samples_split', '7', '-n_estimators', '96', '-n_jobs', '4', '-seed', '71']
0.74/0.90	Metafeatures (57, 46)
0.74/0.90	X (3192, 92)
0.74/0.90	Y (3192,)
0.74/0.90	Dataset Mae MSE Rho
2.92/1.78	vehicle 0.365372758327 0.170317465486 0.306079410107
5.54/3.03	anneal.ORIG 0.455386672253 0.251855079396 0.429868654111
8.18/4.27	segment 0.29812097669 0.112565012262 0.672275789888
10.91/5.54	pendigits 0.39871496778 0.188532610256 0.308341876708
13.45/6.78	mushroom 0.2100996651 0.0531683511223 0.608603515557
16.07/7.92	labor 0.238547037056 0.0739882177563 0.758895939739
18.71/9.16	abalone 0.417719791867 0.220414409244 0.161604757185
21.40/10.32	diabetes 0.483090615861 0.321681358074 -0.081448797621
24.04/11.56	car 0.402967809607 0.241150393216 0.312866809909
26.76/12.80	autos 0.23790078938 0.0735003498207 0.608926725071
29.24/14.04	mfeat-fourier 0.609818826822 0.484995862391 -0.476087614666
31.86/15.16	primary-tumor 0.220256361351 0.0573071522383 0.612482029729
34.49/16.32	waveform-5000 0.284136887408 0.107809005849 0.413708178392
37.17/17.56	credit-a 0.379715946359 0.194810042083 0.338723571059
39.80/18.79	letter 0.261721776774 0.0966200497973 0.669690113773
42.40/20.03	postoperative-patient-data 0.432307955943 0.231866657862 -0.510671032703
45.02/21.18	vowel 0.506796596021 0.321012340577 -0.0158372662041
47.66/22.43	eucalyptus 0.323576210797 0.140619599468 0.424050882852
50.29/23.69	cylinder-bands 0.293508483688 0.102313094555 0.561414926459
52.97/24.94	ionosphere 0.417191295964 0.204587719641 -0.035876256095
55.61/26.18	mfeat-karhunen 0.27512465556 0.101262490853 0.546224079284
58.38/27.46	balance-scale 0.191416396361 0.053081943802 0.674215046974
60.99/28.69	mfeat-morphological 0.450291514542 0.272649307565 -0.106982349256
63.50/29.82	liver-disorders 0.277149454672 0.102710580963 0.600846487212
66.18/31.09	dermatology 0.201100854599 0.0524730071083 0.544931241226
68.80/32.23	vote 0.0853297331018 0.0114083668915 0.823861052127
71.49/33.47	breast-cancer 0.30128520944 0.118429019569 -0.534588536766
74.20/34.72	credit-g 0.478299880464 0.307904164766 -0.421788416252
76.88/35.98	soybean 0.121363479999 0.0212240934106 0.857474841621
79.52/37.22	arrhythmia 0.275859364794 0.10127338615 0.0743381883049
82.23/38.47	nursery 0.260514709688 0.0851891127607 0.624117572247
84.83/39.62	hepatitis 0.464319987102 0.289944045922 -0.19974347988
87.37/40.88	cmc 0.232837907128 0.0631788085368 0.644479771652
89.98/42.13	heart-c 0.306227153597 0.119699980449 0.619592639045
92.61/43.39	glass 0.378249182704 0.171465892813 0.254365887808
95.19/44.42	braziltourism 0.635585718228 0.48910640119 -0.608603515557
97.82/45.57	iris 0.311112744058 0.128598583654 0.207823717739
100.50/46.83	heart-statlog 0.380948260705 0.194224638408 0.358439351435
103.23/48.01	page-blocks 0.435701499285 0.256431367803 0.173886718731
106.00/49.30	breast-w 0.232593301892 0.0720078405944 0.597937601583
108.59/50.53	heart-h 0.197204457588 0.0485531383136 0.612482029729
111.23/51.77	yeast 0.398192460445 0.197320319838 0.257921192467
113.80/53.01	tae 0.317201285265 0.12832008579 0.0329673704656
116.45/54.25	haberman 0.276057609905 0.102795841303 0.0610865982158
119.09/55.49	mfeat-pixel 0.376947955449 0.170164679298 0.158372662041
121.72/56.74	optdigits 0.246299172656 0.0751262802393 0.68875947512
124.49/58.00	mfeat-factors 0.273508184572 0.100913177575 0.611835610701
127.03/59.25	satimage 0.3553239417 0.152180722247 0.0908218735377
129.74/60.49	lymph 0.262339209826 0.0936652165281 0.617006962931
132.33/61.63	audiology 0.300533632805 0.119573699181 0.500651537758
134.88/62.88	ecoli 0.449940767153 0.25704290774 -0.0895290354802
137.55/64.13	tic-tac-toe 0.200150473461 0.0584822661353 0.734978435675
140.19/65.41	spambase 0.373693936262 0.179521917131 0.748876444793
143.01/67.01	zoo 0.177607344945 0.0442790695545 0.695223665408
145.68/68.30	sonar 0.527801513022 0.349232020276 -0.325148771455
148.19/69.55	mfeat-zernike 0.250932316893 0.0862583635516 0.50970140416
150.85/70.79	kr-vs-kp 0.217002517156 0.0586374530878 0.606341048956
151.18/71.07	MAE 0.328649108984 0.113660882835
151.18/71.07	MSE 0.155849911616 0.155849911616
151.18/71.07	Mean tau 0.321241905571 0.381565072206
151.18/71.07	(1.5789473684210527, '0_class_probability_max')
151.18/71.07	(1.7894736842105263, '0_landmark_decision_tree')
151.18/71.07	(2.0701754385964914, '1_class_probability_max')
151.18/71.07	(2.263157894736842, '1_landmark_decision_tree')
151.18/71.07	(4.421052631578948, '1_landmark_random_node_learner')
151.18/71.07	(5.894736842105263, '0_landmark_random_node_learner')
151.18/71.07	(6.228070175438597, '0_class_probability_std')
151.18/71.07	(7.456140350877193, '1_class_probability_std')
151.18/71.07	(8.842105263157896, '1_landmark_naive_bayes')
151.18/71.07	(9.631578947368421, '1_class_entropy')
151.18/71.07	(11.508771929824562, '0_landmark_1NN')
151.18/71.07	(11.947368421052632, '0_pca_skewness_first_pc')
151.18/71.07	(12.140350877192983, '0_landmark_naive_bayes')
151.18/71.07	(13.017543859649123, '1_landmark_lda')
151.18/71.07	(14.719298245614034, '1_skewness_min')
151.18/71.07	(14.982456140350877, '0_class_entropy')
151.18/71.07	(15.087719298245615, '1_landmark_1NN')
151.18/71.07	(16.912280701754387, '0_landmark_lda')
151.18/71.07	(17.087719298245613, '0_skewness_min')
151.18/71.07	(17.36842105263158, '1_pca_skewness_first_pc')
151.18/71.07	(24.666666666666668, '1_number_of_features')
151.18/71.07	(26.36842105263158, '0_number_of_features')
151.18/71.07	(26.894736842105264, '0_log_number_of_features')
151.18/71.07	(27.333333333333332, '1_log_number_of_features')
151.18/71.07	(27.80701754385965, '1_number_of_categorical_features')
151.18/71.07	(29.70175438596491, '1_ratio_numerical_to_categorical')
151.18/71.07	(30.280701754385966, '0_skewness_max')
151.18/71.07	(30.68421052631579, '0_number_of_categorical_features')
151.18/71.07	(31.49122807017544, '0_kurtosis_min')
151.18/71.07	(33.50877192982456, '0_skewness_mean')
151.18/71.07	(33.70175438596491, '1_symbols_sum')
151.18/71.07	(33.85964912280702, '1_kurtosis_std')
151.18/71.07	(35.08771929824562, '1_kurtosis_min')
151.18/71.07	(35.87719298245614, '0_symbols_sum')
151.18/71.07	(37.07017543859649, '0_landmark_decision_node_learner')
151.18/71.07	(37.70175438596491, '1_number_of_numeric_features')
151.18/71.07	(38.05263157894737, '0_kurtosis_std')
151.18/71.07	(38.75438596491228, '1_skewness_max')
151.18/71.07	(38.75438596491228, '1_skewness_std')
151.18/71.07	(38.78947368421053, '0_symbols_mean')
151.18/71.07	(39.87719298245614, '1_landmark_decision_node_learner')
151.18/71.07	(39.96491228070175, '0_number_of_numeric_features')
151.18/71.07	(40.94736842105263, '0_kurtosis_max')
151.18/71.07	(41.59649122807018, '0_skewness_std')
151.18/71.07	(42.01754385964912, '0_ratio_numerical_to_categorical')
151.18/71.07	(44.43859649122807, '0_pca_95%')
151.18/71.07	(45.54385964912281, '0_pca_kurtosis_first_pc')
151.18/71.07	(48.333333333333336, '1_pca_kurtosis_first_pc')
151.18/71.07	(51.03508771929825, '0_kurtosis_mean')
151.18/71.07	(52.0, '1_kurtosis_max')
151.18/71.07	(52.36842105263158, '0_symbols_max')
151.18/71.07	(52.80701754385965, '1_pca_95%')
151.18/71.07	(54.31578947368421, '0_class_probability_min')
151.18/71.07	(55.24561403508772, '0_log_number_of_instances')
151.18/71.07	(55.6140350877193, '1_skewness_mean')
151.18/71.07	(56.21052631578947, '1_class_probability_min')
151.18/71.07	(59.07017543859649, '0_number_of_instances')
151.18/71.07	(59.73684210526316, '0_inverse_dataset_ratio')
151.18/71.07	(59.80701754385965, '1_symbols_mean')
151.18/71.07	(60.94736842105263, '1_log_number_of_instances')
151.18/71.07	(62.03508771929825, '1_symbols_max')
151.18/71.07	(62.70175438596491, '0_dataset_ratio')
151.18/71.07	(62.78947368421053, '1_dataset_ratio')
151.18/71.07	(64.28070175438596, '1_symbols_std')
151.18/71.07	(65.03508771929825, '1_symbols_min')
151.18/71.07	(65.70175438596492, '1_kurtosis_mean')
151.18/71.07	(65.71929824561404, '1_inverse_dataset_ratio')
151.18/71.07	(65.9298245614035, '1_log_inverse_dataset_ratio')
151.18/71.07	(66.54385964912281, '0_log_dataset_ratio')
151.18/71.07	(66.89473684210526, '1_number_of_instances')
151.18/71.07	(68.14035087719299, '1_class_probability_mean')
151.18/71.07	(68.2280701754386, '0_log_inverse_dataset_ratio')
151.18/71.07	(69.0, '0_number_of_classes')
151.18/71.07	(69.84210526315789, '1_log_dataset_ratio')
151.18/71.07	(71.87719298245614, '0_class_probability_mean')
151.18/71.07	(72.26315789473684, '1_ratio_categorical_to_numerical')
151.18/71.07	(72.73684210526316, '1_percentage_of_features_with_missing_values')
151.18/71.07	(73.0701754385965, '1_number_of_classes')
151.18/71.07	(73.66666666666667, '0_percentage_of_features_with_missing_values')
151.18/71.07	(73.87719298245614, '0_symbols_std')
151.18/71.07	(74.52631578947368, '1_percentage_of_missing_values')
151.18/71.07	(75.35087719298245, '0_symbols_min')
151.18/71.07	(75.75438596491227, '0_ratio_categorical_to_numerical')
151.18/71.07	(77.0701754385965, '0_number_of_missing_values')
151.18/71.07	(77.08771929824562, '0_percentage_of_missing_values')
151.18/71.07	(81.6842105263158, '1_number_of_missing_values')
151.18/71.07	(82.01754385964912, '1_percentage_of_Instances_with_missing_values')
151.18/71.07	(82.21052631578948, '0_number_of_Instances_with_missing_values')
151.18/71.07	(82.35087719298245, '1_number_of_features_with_missing_values')
151.18/71.07	(84.59649122807018, '1_number_of_Instances_with_missing_values')
151.18/71.07	(84.64912280701755, '0_percentage_of_Instances_with_missing_values')
151.18/71.07	(85.15789473684211, '0_number_of_features_with_missing_values')
151.18/71.07	Result for ParamILS: SAT, 70.175932, 1, 0.328649, -1, /home/feurerm/thesis/Software/pyMetaLearn/optimizers/metalearn_optimizer/learn_distances.py
