0.68/2.89	['/home/feurerm/thesis/Software/pyMetaLearn/optimizers/metalearn_optimizer/learn_distances.py', '--input_file', '/home/feurerm/thesis/experiments/2014_04_25_predict_distances/testfold_0-3_spearman_rank_perm.pkl', '--fold', '0', '--folds', '1', '--params', '-max_features', '0.50523881277', '-min_samples_leaf', '3', '-min_samples_split', '3', '-n_estimators', '90', '-n_jobs', '4', '-seed', '47']
0.75/2.90	Metafeatures (57, 46)
0.75/2.90	X (3192, 92)
0.75/2.90	Y (3192,)
0.75/2.90	Dataset Mae MSE Rho
9.13/5.49	vehicle 0.447116009011 0.254711506082 -0.0714293026756
17.85/8.25	anneal.ORIG 0.65118535429 0.477431466103 -0.090175454509
26.85/12.07	segment 0.260337514113 0.0875410352204 0.768269015655
35.74/14.84	pendigits 0.39475167049 0.183534094786 0.263092544696
44.51/17.60	mushroom 0.208382752559 0.0532654370691 0.600200068183
53.38/20.40	labor 0.192895867524 0.0531345073299 0.662902713971
62.01/23.79	abalone 0.374158464361 0.17916439683 0.414677806935
70.71/26.75	diabetes 0.492053055102 0.336651913032 -0.125082082061
79.42/29.55	car 0.551508709511 0.40989188243 -0.12281961546
88.24/32.30	autos 0.206036752426 0.054797309125 0.580161078292
97.16/35.07	mfeat-fourier 0.69111146748 0.619158046826 -0.529740394051
105.99/38.00	primary-tumor 0.179963966035 0.0406278417353 0.666458018629
114.92/40.78	waveform-5000 0.249220601751 0.0848957225192 0.587594897123
123.74/43.82	credit-a 0.401868357408 0.230536388432 0.312866809909
132.66/46.59	letter 0.289180274803 0.107701440196 0.590503782752
141.92/49.51	postoperative-patient-data 0.458716682448 0.255846931256 -0.515195965904
150.59/52.23	vowel 0.494233396951 0.302385159859 0.0720757217043
159.43/55.12	eucalyptus 0.264902352856 0.0933567951366 0.560445297916
168.22/57.95	cylinder-bands 0.247835470081 0.07142193243 0.644156562138
177.19/60.76	ionosphere 0.451175151034 0.233519048891 -0.191663242021
186.18/63.56	mfeat-karhunen 0.274815149256 0.103399547378 0.546547288798
195.03/66.31	balance-scale 0.208601629021 0.0626229939553 0.569495164318
203.94/69.10	mfeat-morphological 0.510513767409 0.354290117231 -0.254042678294
212.63/71.86	liver-disorders 0.16963155212 0.0440022721141 0.628319295933
221.54/74.64	dermatology 0.222342254307 0.0623273227549 0.468330586321
230.45/77.41	vote 0.0726526027394 0.00886262266973 0.778611720115
239.22/80.16	breast-cancer 0.167048009197 0.0387771651418 0.414677806935
248.14/82.91	credit-g 0.522444313043 0.3687563674 -0.40465831199
256.95/85.68	soybean 0.104292714693 0.0158426123223 0.867817546081
265.75/88.55	arrhythmia 0.306791694394 0.11892804374 -0.166776109414
274.75/91.35	nursery 0.203931994692 0.0528058484288 0.721403636072
283.36/94.04	hepatitis 0.366514782009 0.192573368732 -0.205561251139
292.18/97.03	cmc 0.161704847328 0.0327482462055 0.745967559164
300.98/99.97	heart-c 0.227436104575 0.0686405804965 0.818366490382
309.87/102.80	glass 0.311510307024 0.114535352824 0.560122088402
318.76/105.59	braziltourism 0.664294125939 0.535016431516 -0.604078582356
327.64/108.37	iris 0.312620003487 0.13124717434 0.176149185331
336.37/111.22	heart-statlog 0.346378957282 0.162162798918 0.522629784735
345.56/114.09	page-blocks 0.604211779917 0.488750912581 -0.510994242217
354.47/116.84	breast-w 0.234408153008 0.0725653991813 0.536527793853
363.38/119.65	heart-h 0.12049906722 0.019644478583 0.777318882058
372.34/122.43	yeast 0.349136942014 0.150865226254 0.573373678491
381.22/125.19	tae 0.365531935643 0.16693113123 0.0197157803765
390.11/127.97	haberman 0.287830622142 0.109768725414 -0.00129283805748
399.02/130.78	mfeat-pixel 0.406204530692 0.20205790854 0.1102144444
407.94/133.69	optdigits 0.203811997891 0.0527927629704 0.743705092563
416.97/136.48	mfeat-factors 0.272756369786 0.0979434899804 0.631551391077
425.76/139.29	satimage 0.368169473724 0.164536310776 0.117325053716
434.73/142.10	lymph 0.279357892248 0.115794312483 0.297029543705
443.46/144.90	audiology 0.284893338538 0.0997629653885 0.496126604556
452.50/147.70	ecoli 0.421734322287 0.227209446541 0.0804791690779
461.46/150.49	tic-tac-toe 0.165840352618 0.0414580563683 0.76342087294
470.48/153.27	spambase 0.413627863668 0.214732450742 0.650943961939
479.37/156.02	zoo 0.177540725311 0.0412385697957 0.668397275715
488.21/158.79	sonar 0.568083795659 0.406304713605 -0.39722449316
497.10/164.07	mfeat-zernike 0.228957784159 0.0754725798792 0.550749012485
506.10/166.86	kr-vs-kp 0.207997504468 0.0526391561545 0.63542990525
506.46/167.15	MAE 0.326679879469 0.147183273532
506.46/167.15	MSE 0.164869830139 0.164869830139
506.46/167.15	Mean tau 0.315849409989 0.414512890122
506.46/167.15	(0.43859649122807015, '0_class_probability_max')
506.46/167.15	(0.7017543859649122, '1_class_probability_max')
506.46/167.15	(2.3333333333333335, '1_skewness_min')
506.46/167.15	(2.6842105263157894, '0_skewness_min')
506.46/167.15	(5.280701754385965, '1_class_entropy')
506.46/167.15	(6.350877192982456, '0_class_entropy')
506.46/167.15	(7.842105263157895, '0_landmark_decision_tree')
506.46/167.15	(9.24561403508772, '0_class_probability_std')
506.46/167.15	(9.75438596491228, '0_landmark_naive_bayes')
506.46/167.15	(9.894736842105264, '1_class_probability_std')
506.46/167.15	(10.421052631578947, '1_landmark_naive_bayes')
506.46/167.15	(10.929824561403509, '1_landmark_decision_tree')
506.46/167.15	(11.12280701754386, '0_landmark_random_node_learner')
506.46/167.15	(11.31578947368421, '1_landmark_random_node_learner')
506.46/167.15	(14.403508771929825, '1_landmark_1NN')
506.46/167.15	(18.87719298245614, '0_pca_skewness_first_pc')
506.46/167.15	(18.92982456140351, '1_pca_skewness_first_pc')
506.46/167.15	(19.29824561403509, '0_skewness_std')
506.46/167.15	(22.19298245614035, '1_skewness_std')
506.46/167.15	(23.07017543859649, '1_log_number_of_features')
506.46/167.15	(23.56140350877193, '1_number_of_features')
506.46/167.15	(23.87719298245614, '0_number_of_features')
506.46/167.15	(24.035087719298247, '1_landmark_lda')
506.46/167.15	(24.157894736842106, '1_kurtosis_min')
506.46/167.15	(25.087719298245613, '0_landmark_1NN')
506.46/167.15	(25.350877192982455, '0_kurtosis_min')
506.46/167.15	(25.54385964912281, '0_landmark_lda')
506.46/167.15	(25.719298245614034, '0_log_number_of_features')
506.46/167.15	(27.94736842105263, '1_skewness_max')
506.46/167.15	(28.07017543859649, '0_skewness_max')
506.46/167.15	(28.333333333333332, '0_kurtosis_std')
506.46/167.15	(32.59649122807018, '1_symbols_sum')
506.46/167.15	(33.54385964912281, '0_number_of_numeric_features')
506.46/167.15	(33.56140350877193, '1_kurtosis_std')
506.46/167.15	(35.228070175438596, '1_number_of_numeric_features')
506.46/167.15	(37.824561403508774, '0_symbols_sum')
506.46/167.15	(37.824561403508774, '1_class_probability_min')
506.46/167.16	(38.07017543859649, '0_class_probability_min')
506.46/167.16	(40.824561403508774, '1_kurtosis_max')
506.46/167.16	(41.01754385964912, '0_kurtosis_max')
506.46/167.16	(42.49122807017544, '0_landmark_decision_node_learner')
506.46/167.16	(42.96491228070175, '0_number_of_categorical_features')
506.46/167.16	(43.07017543859649, '1_number_of_categorical_features')
506.46/167.16	(43.666666666666664, '1_landmark_decision_node_learner')
506.46/167.16	(45.08771929824562, '0_log_number_of_instances')
506.46/167.16	(45.64912280701754, '1_number_of_instances')
506.46/167.16	(45.75438596491228, '1_pca_kurtosis_first_pc')
506.46/167.16	(46.40350877192982, '0_number_of_instances')
506.46/167.16	(46.43859649122807, '1_log_number_of_instances')
506.46/167.16	(48.280701754385966, '0_pca_kurtosis_first_pc')
506.46/167.16	(50.07017543859649, '1_skewness_mean')
506.46/167.16	(50.6140350877193, '1_pca_95%')
506.46/167.16	(52.54385964912281, '0_skewness_mean')
506.46/167.16	(52.56140350877193, '0_symbols_mean')
506.46/167.16	(52.70175438596491, '0_pca_95%')
506.46/167.16	(53.45614035087719, '1_symbols_mean')
506.46/167.16	(57.10526315789474, '1_log_dataset_ratio')
506.46/167.16	(57.75438596491228, '0_log_inverse_dataset_ratio')
506.46/167.16	(57.87719298245614, '0_dataset_ratio')
506.46/167.16	(58.40350877192982, '1_ratio_numerical_to_categorical')
506.46/167.16	(58.75438596491228, '0_symbols_min')
506.46/167.16	(58.8421052631579, '1_dataset_ratio')
506.46/167.16	(59.14035087719298, '1_log_inverse_dataset_ratio')
506.46/167.16	(59.31578947368421, '0_inverse_dataset_ratio')
506.46/167.16	(59.91228070175438, '0_ratio_numerical_to_categorical')
506.46/167.16	(59.94736842105263, '0_log_dataset_ratio')
506.46/167.16	(60.26315789473684, '1_inverse_dataset_ratio')
506.46/167.16	(61.63157894736842, '1_symbols_min')
506.46/167.16	(66.15789473684211, '0_kurtosis_mean')
506.46/167.16	(66.52631578947368, '1_kurtosis_mean')
506.46/167.16	(72.56140350877193, '1_ratio_categorical_to_numerical')
506.46/167.16	(73.89473684210526, '1_number_of_classes')
506.46/167.16	(74.54385964912281, '0_ratio_categorical_to_numerical')
506.46/167.16	(75.56140350877193, '0_symbols_max')
506.46/167.16	(75.80701754385964, '1_class_probability_mean')
506.46/167.16	(76.42105263157895, '1_symbols_max')
506.46/167.16	(76.84210526315789, '1_percentage_of_missing_values')
506.46/167.16	(77.14035087719299, '0_class_probability_mean')
506.46/167.16	(77.73684210526316, '0_percentage_of_features_with_missing_values')
506.46/167.16	(78.10526315789474, '1_percentage_of_features_with_missing_values')
506.46/167.16	(78.14035087719299, '1_symbols_std')
506.46/167.16	(78.47368421052632, '0_symbols_std')
506.46/167.16	(78.49122807017544, '0_number_of_classes')
506.46/167.16	(80.3157894736842, '0_percentage_of_missing_values')
506.46/167.16	(83.98245614035088, '1_percentage_of_Instances_with_missing_values')
506.46/167.16	(84.75438596491227, '0_percentage_of_Instances_with_missing_values')
506.46/167.16	(84.87719298245614, '0_number_of_features_with_missing_values')
506.46/167.16	(85.12280701754386, '1_number_of_missing_values')
506.46/167.16	(85.14035087719299, '0_number_of_Instances_with_missing_values')
506.46/167.16	(85.33333333333333, '1_number_of_Instances_with_missing_values')
506.46/167.16	(85.84210526315789, '0_number_of_missing_values')
506.46/167.16	(86.26315789473684, '1_number_of_features_with_missing_values')
506.46/167.16	Result for ParamILS: SAT, 164.262944, 1, 0.326680, -1, /home/feurerm/thesis/Software/pyMetaLearn/optimizers/metalearn_optimizer/learn_distances.py
