0.69/0.96	['/home/feurerm/thesis/Software/pyMetaLearn/optimizers/metalearn_optimizer/learn_distances.py', '--input_file', '/home/feurerm/thesis/experiments/2014_04_25_predict_distances/testfold_0-3_spearman_rank_perm.pkl', '--fold', '0', '--folds', '1', '--params', '-max_features', '0.608051644117', '-min_samples_leaf', '6', '-min_samples_split', '1', '-n_estimators', '62', '-n_jobs', '4', '-seed', '37']
0.69/0.98	Metafeatures (57, 46)
0.69/0.98	X (3192, 92)
0.69/0.98	Y (3192,)
0.69/0.98	Dataset Mae MSE Rho
6.76/2.73	vehicle 0.45320138096 0.261751367878 -0.121203567888
13.05/4.66	anneal.ORIG 0.727772105754 0.594157081747 -0.204268413081
19.36/6.59	segment 0.284698017738 0.102941169464 0.758895939739
25.68/8.52	pendigits 0.380175136708 0.173070943801 0.288626096332
32.00/10.45	mushroom 0.232800522527 0.0643076703664 0.549132964913
38.39/12.39	labor 0.191423276653 0.0545249154937 0.602785744298
44.87/14.32	abalone 0.415772034829 0.217261495467 0.166129690386
51.11/16.26	diabetes 0.48947808083 0.333814298908 -0.107628768285
57.52/18.20	car 0.604214786777 0.480106217197 -0.147383538552
63.70/20.13	autos 0.189991790204 0.0475861638781 0.650297542911
70.15/22.08	mfeat-fourier 0.664915562977 0.572734802627 -0.507438937559
76.47/24.02	primary-tumor 0.200629269898 0.0497121396596 0.59923043964
82.78/25.95	waveform-5000 0.241496072128 0.079076772553 0.630904972048
89.14/27.89	credit-a 0.429960950175 0.26331969515 0.185845470762
95.48/29.83	letter 0.287963777982 0.107662651203 0.61991584856
102.13/31.87	postoperative-patient-data 0.453066594464 0.24607602071 -0.510671032703
108.49/33.81	vowel 0.507436928208 0.320901804209 0.00355530465806
114.87/35.86	eucalyptus 0.275506681465 0.0978707214734 0.569818373833
121.25/37.81	cylinder-bands 0.288238275298 0.0973480668353 0.488692785726
127.57/39.74	ionosphere 0.426977932384 0.210042242011 -0.0953468067389
133.96/41.68	mfeat-karhunen 0.280404866441 0.104002618165 0.556889993258
140.40/43.61	balance-scale 0.235180135695 0.0808916029473 0.468007376806
146.77/45.55	mfeat-morphological 0.498060244247 0.332490045461 -0.287979677303
153.03/47.48	liver-disorders 0.157601217247 0.0371242501075 0.527154717936
159.56/49.55	dermatology 0.214591172183 0.0578544005889 0.496773023585
166.01/51.50	vote 0.0709515291759 0.00884716756268 0.804468481265
172.18/53.46	breast-cancer 0.145811357064 0.030853945703 0.461543186519
178.57/55.39	credit-g 0.569433529222 0.444052371009 -0.511317451732
184.95/57.33	soybean 0.114460950348 0.0177792149085 0.815780814267
191.38/59.26	arrhythmia 0.287953687839 0.103294137477 -0.0439564939542
197.72/61.21	nursery 0.230254136648 0.0674379787451 0.678739980175
203.93/63.14	hepatitis 0.320619736694 0.149549885616 -0.159342290584
210.29/65.08	cmc 0.154577704446 0.0314832579351 0.674215046974
216.66/67.01	heart-c 0.253316047471 0.0845973959751 0.761158406339
222.95/68.94	glass 0.315669664251 0.121224277215 0.524892251335
229.42/70.87	braziltourism 0.703680595626 0.599054764454 -0.662256294942
235.78/72.82	iris 0.327022346716 0.14440167171 0.0892058259659
242.13/74.75	heart-statlog 0.337781167086 0.15139185496 0.580807497321
248.74/76.79	page-blocks 0.599738210405 0.475951635836 -0.699425389095
255.10/78.75	breast-w 0.236527660958 0.0726765731145 0.428252606539
261.43/80.70	heart-h 0.1490875617 0.0292858456255 0.734008807132
267.68/82.63	yeast 0.333927866284 0.136235803544 0.630581762534
274.09/84.56	tae 0.3544976792 0.15571339402 0.100518158969
280.55/89.01	haberman 0.289078354714 0.111316376255 -0.0287656467788
286.84/90.94	mfeat-pixel 0.387379568671 0.188047999247 0.12572850109
293.30/92.88	optdigits 0.237692581857 0.0691866211968 0.747583606736
299.72/94.83	mfeat-factors 0.271068742565 0.0956862350488 0.627672876905
306.10/96.77	satimage 0.33935072302 0.144549306027 0.171947461644
312.33/98.72	lymph 0.26976953715 0.109252529495 0.377185503269
318.69/100.66	audiology 0.27275342816 0.0882338634991 0.51713522299
325.04/102.59	ecoli 0.430125188846 0.235790997717 0.0155140566897
331.44/104.53	tic-tac-toe 0.172064578906 0.041571712261 0.73013029296
337.92/106.47	spambase 0.377680311616 0.185169733032 0.659024199798
344.29/108.41	zoo 0.177507909412 0.0410707621926 0.657731361741
350.76/110.85	sonar 0.556611940767 0.386138003783 -0.358439351435
357.20/112.79	mfeat-zernike 0.243422628779 0.0824465369109 0.510024613674
363.59/114.72	kr-vs-kp 0.226001745067 0.0614810011415 0.584039592465
363.86/114.90	MAE 0.331357464639 0.150334412283
363.86/114.90	MSE 0.169305298441 0.169305298441
363.86/114.90	Mean tau 0.293423205966 0.416474098869
363.86/114.90	(0.3684210526315789, '0_class_probability_max')
363.86/114.90	(0.7719298245614035, '1_class_probability_max')
363.86/114.90	(2.210526315789474, '0_skewness_min')
363.86/114.90	(2.789473684210526, '1_skewness_min')
363.86/114.90	(5.631578947368421, '1_class_entropy')
363.86/114.90	(6.43859649122807, '0_class_entropy')
363.86/114.90	(8.526315789473685, '1_landmark_decision_tree')
363.86/114.90	(9.263157894736842, '1_landmark_naive_bayes')
363.86/114.90	(9.456140350877194, '0_landmark_naive_bayes')
363.86/114.90	(9.508771929824562, '0_class_probability_std')
363.86/114.90	(10.263157894736842, '1_class_probability_std')
363.86/114.90	(11.859649122807017, '0_landmark_random_node_learner')
363.86/114.90	(13.75438596491228, '0_landmark_decision_tree')
363.86/114.90	(16.0, '1_pca_skewness_first_pc')
363.86/114.90	(16.666666666666668, '1_landmark_random_node_learner')
363.86/114.90	(18.36842105263158, '0_pca_skewness_first_pc')
363.86/114.90	(20.210526315789473, '0_landmark_lda')
363.86/114.90	(20.350877192982455, '1_skewness_max')
363.86/114.90	(22.94736842105263, '1_kurtosis_min')
363.86/114.90	(23.263157894736842, '1_landmark_lda')
363.86/114.90	(23.36842105263158, '0_skewness_std')
363.86/114.90	(23.982456140350877, '0_kurtosis_min')
363.86/114.90	(24.57894736842105, '1_landmark_1NN')
363.86/114.90	(25.92982456140351, '0_skewness_max')
363.86/114.90	(27.333333333333332, '1_number_of_features')
363.86/114.90	(27.789473684210527, '0_number_of_features')
363.86/114.90	(27.964912280701753, '0_landmark_1NN')
363.86/114.90	(28.614035087719298, '1_log_number_of_features')
363.86/114.90	(29.666666666666668, '0_log_number_of_features')
363.86/114.90	(30.912280701754387, '0_kurtosis_std')
363.86/114.90	(32.50877192982456, '1_kurtosis_std')
363.86/114.90	(32.64912280701754, '1_skewness_std')
363.86/114.90	(33.280701754385966, '0_number_of_numeric_features')
363.86/114.90	(34.1578947368421, '1_number_of_numeric_features')
363.86/114.90	(35.45614035087719, '0_class_probability_min')
363.86/114.90	(36.175438596491226, '1_class_probability_min')
363.86/114.90	(37.8421052631579, '1_kurtosis_max')
363.86/114.90	(38.10526315789474, '0_kurtosis_max')
363.86/114.90	(40.666666666666664, '0_log_number_of_instances')
363.86/114.90	(41.526315789473685, '1_number_of_instances')
363.86/114.90	(41.78947368421053, '0_number_of_instances')
363.86/114.90	(42.50877192982456, '0_symbols_sum')
363.86/114.90	(42.94736842105263, '1_log_number_of_instances')
363.86/114.90	(43.96491228070175, '0_landmark_decision_node_learner')
363.86/114.90	(44.91228070175438, '1_landmark_decision_node_learner')
363.86/114.90	(45.1578947368421, '1_symbols_sum')
363.86/114.90	(45.56140350877193, '0_pca_kurtosis_first_pc')
363.86/114.90	(46.05263157894737, '1_pca_kurtosis_first_pc')
363.86/114.90	(46.59649122807018, '1_skewness_mean')
363.86/114.90	(47.175438596491226, '0_skewness_mean')
363.86/114.90	(48.0, '1_number_of_categorical_features')
363.86/114.90	(48.80701754385965, '0_symbols_mean')
363.86/114.90	(50.03508771929825, '1_symbols_mean')
363.86/114.90	(51.75438596491228, '1_pca_95%')
363.86/114.90	(53.10526315789474, '0_number_of_categorical_features')
363.86/114.90	(53.19298245614035, '0_pca_95%')
363.86/114.90	(54.40350877192982, '0_log_inverse_dataset_ratio')
363.86/114.90	(54.824561403508774, '0_dataset_ratio')
363.86/114.90	(54.96491228070175, '1_log_inverse_dataset_ratio')
363.86/114.90	(56.333333333333336, '1_log_dataset_ratio')
363.86/114.90	(56.59649122807018, '0_inverse_dataset_ratio')
363.86/114.90	(57.05263157894737, '1_symbols_min')
363.86/114.90	(57.578947368421055, '0_symbols_min')
363.86/114.90	(57.63157894736842, '0_log_dataset_ratio')
363.86/114.90	(57.92982456140351, '1_dataset_ratio')
363.86/114.90	(59.63157894736842, '1_inverse_dataset_ratio')
363.86/114.90	(60.45614035087719, '1_ratio_numerical_to_categorical')
363.86/114.90	(61.07017543859649, '0_ratio_numerical_to_categorical')
363.86/114.90	(64.84210526315789, '1_kurtosis_mean')
363.86/114.90	(65.98245614035088, '0_kurtosis_mean')
363.86/114.90	(72.52631578947368, '1_ratio_categorical_to_numerical')
363.86/114.90	(72.80701754385964, '0_class_probability_mean')
363.86/114.90	(72.94736842105263, '1_number_of_classes')
363.86/114.90	(73.56140350877193, '0_ratio_categorical_to_numerical')
363.86/114.90	(74.89473684210526, '1_symbols_max')
363.86/114.90	(74.96491228070175, '1_class_probability_mean')
363.86/114.90	(76.73684210526316, '1_symbols_std')
363.86/114.90	(77.96491228070175, '0_percentage_of_features_with_missing_values')
363.86/114.90	(77.98245614035088, '1_percentage_of_features_with_missing_values')
363.86/114.90	(78.03508771929825, '0_number_of_classes')
363.86/114.90	(78.14035087719299, '0_symbols_max')
363.86/114.90	(78.33333333333333, '0_symbols_std')
363.86/114.90	(82.12280701754386, '1_percentage_of_missing_values')
363.86/114.90	(83.15789473684211, '0_percentage_of_missing_values')
363.86/114.90	(83.3859649122807, '1_number_of_missing_values')
363.86/114.90	(83.50877192982456, '1_number_of_Instances_with_missing_values')
363.86/114.90	(83.87719298245614, '1_percentage_of_Instances_with_missing_values')
363.86/114.90	(83.89473684210526, '0_percentage_of_Instances_with_missing_values')
363.86/114.90	(84.6140350877193, '0_number_of_Instances_with_missing_values')
363.86/114.90	(85.7719298245614, '0_number_of_missing_values')
363.86/114.90	(86.85964912280701, '1_number_of_features_with_missing_values')
363.86/114.90	(87.89473684210526, '0_number_of_features_with_missing_values')
363.86/114.90	Result for ParamILS: SAT, 113.936145, 1, 0.331357, -1, /home/feurerm/thesis/Software/pyMetaLearn/optimizers/metalearn_optimizer/learn_distances.py
