0.77/1.04	['/home/feurerm/thesis/Software/pyMetaLearn/optimizers/metalearn_optimizer/learn_distances.py', '--input_file', '/home/feurerm/thesis/experiments/2014_04_25_predict_distances/testfold_0-3_spearman_rank_perm.pkl', '--fold', '0', '--folds', '1', '--params', '-max_features', '0.613085573855', '-min_samples_leaf', '9', '-min_samples_split', '9', '-n_estimators', '72', '-n_jobs', '4', '-seed', '58']
0.77/1.05	Metafeatures (57, 46)
0.77/1.05	X (3192, 92)
0.77/1.05	Y (3192,)
0.77/1.05	Dataset Mae MSE Rho
7.40/2.91	vehicle 0.434048815444 0.240214870284 -0.0643186933594
14.38/4.97	anneal.ORIG 0.65955389854 0.493335772214 -0.0610865982158
21.53/7.14	segment 0.311582570336 0.123666465543 0.654176057083
28.73/9.30	pendigits 0.376038534824 0.171820296838 0.287656467788
35.72/11.36	mushroom 0.231321535042 0.0643712830381 0.555920364715
42.78/13.54	labor 0.168372251825 0.0419953138953 0.731423131017
49.84/15.70	abalone 0.417145453269 0.218571871766 0.165160061843
56.75/17.93	diabetes 0.473951050914 0.314847981681 -0.069166836075
63.62/19.99	car 0.578372148934 0.447673619487 -0.169038576015
70.56/22.06	autos 0.209860838971 0.0579589217273 0.560122088402
77.72/24.22	mfeat-fourier 0.630528989044 0.519439525361 -0.489662414269
84.63/26.29	primary-tumor 0.191508749474 0.0457561751472 0.628965714962
91.69/28.45	waveform-5000 0.238186729483 0.0777858045389 0.645126190681
98.71/30.61	credit-a 0.43729640249 0.267591584561 0.168715366501
105.67/32.67	letter 0.299576663864 0.115976587553 0.584686011494
113.01/34.83	postoperative-patient-data 0.433044381762 0.227846790662 -0.231741221803
119.96/36.90	vowel 0.49599873384 0.305026560478 0.0290888562932
126.97/39.07	eucalyptus 0.289740257793 0.108529185762 0.441504196628
133.92/41.13	cylinder-bands 0.286910634166 0.0960947886268 0.570464792861
141.03/43.28	ionosphere 0.428007594025 0.211717644918 -0.162897595242
148.06/45.45	mfeat-karhunen 0.27151057592 0.0980171203735 0.566586278689
155.16/47.63	balance-scale 0.236739681697 0.0823541024766 0.479642919324
162.13/49.69	mfeat-morphological 0.466973579085 0.292539198131 -0.193279289593
169.24/51.89	liver-disorders 0.163671490678 0.0414201929057 0.547516917341
176.31/54.06	dermatology 0.204647997827 0.0530984271108 0.502590794844
183.35/56.21	vote 0.074227673363 0.00900377121954 0.79380256729
190.42/58.38	breast-cancer 0.165817955971 0.0421863198033 0.304463362536
197.52/60.45	credit-g 0.540965831865 0.393598956982 -0.539113469968
204.56/62.62	soybean 0.115195225166 0.018180535648 0.84034473736
211.54/64.87	arrhythmia 0.285914140148 0.100848799719 -0.0843576832503
218.59/67.04	nursery 0.257389477732 0.0844097151983 0.619269429531
225.36/69.11	hepatitis 0.358281673317 0.181650101398 -0.237235783547
232.39/71.27	cmc 0.165976233979 0.0346314239465 0.727867826359
239.47/73.44	heart-c 0.280957308962 0.104168469512 0.709121674526
246.54/75.69	glass 0.344051557212 0.143189779252 0.440857777599
253.66/77.87	braziltourism 0.684946217201 0.555805958095 -0.536851003367
260.76/80.04	iris 0.311533970464 0.130516589064 0.140272929236
267.67/82.11	heart-statlog 0.324517680652 0.137803104264 0.636076324278
274.96/84.27	page-blocks 0.577971663659 0.445750448262 -0.597937601583
282.03/86.43	breast-w 0.238353024275 0.074549028023 0.43051507314
288.97/88.49	heart-h 0.157714733616 0.0324607159337 0.723342893158
296.03/90.65	yeast 0.355056172916 0.158648224729 0.463482443605
303.05/92.82	tae 0.353994255338 0.155076770933 0.072722140733
310.19/95.01	haberman 0.292090512785 0.11275012943 -0.0365226751237
317.22/97.17	mfeat-pixel 0.387072046731 0.188579999363 0.117001844202
324.23/99.35	optdigits 0.259786629106 0.0836331026876 0.631551391077
331.36/101.52	mfeat-factors 0.266612342879 0.0949094574053 0.65546889514
338.32/103.69	satimage 0.328067852535 0.137379044796 0.155140566897
345.18/105.75	lymph 0.27044999837 0.105948299112 0.403688683447
352.18/107.81	audiology 0.292482774312 0.102266867548 0.45346294866
359.14/109.97	ecoli 0.426968389395 0.233885558706 0.0504206842416
366.22/112.13	tic-tac-toe 0.194699032326 0.0558305453781 0.694254036865
373.46/114.31	spambase 0.376517268261 0.184461860613 0.680356027747
380.54/116.48	zoo 0.183323491122 0.0453932707536 0.659024199798
387.62/118.66	sonar 0.534308268208 0.357369488168 -0.312866809909
394.66/120.83	mfeat-zernike 0.22683061362 0.0727948305258 0.588564525666
401.75/124.41	kr-vs-kp 0.231646547577 0.0648083883903 0.585332430522
402.02/124.62	MAE 0.329794914426 0.138778630873
402.02/124.62	MSE 0.164212976139 0.164212976139
402.02/124.62	Mean tau 0.296660971452 0.390269361829
402.02/124.62	(0.12280701754385964, '0_class_probability_max')
402.02/124.62	(1.0, '1_class_probability_max')
402.02/124.62	(2.1228070175438596, '1_skewness_min')
402.02/124.62	(2.8947368421052633, '0_skewness_min')
402.02/124.62	(5.947368421052632, '1_class_entropy')
402.02/124.62	(6.807017543859649, '0_class_entropy')
402.02/124.62	(7.087719298245614, '1_landmark_decision_tree')
402.02/124.62	(7.754385964912281, '1_class_probability_std')
402.02/124.62	(9.368421052631579, '0_landmark_naive_bayes')
402.02/124.62	(10.210526315789474, '1_landmark_naive_bayes')
402.02/124.62	(10.298245614035087, '0_class_probability_std')
402.02/124.62	(11.543859649122806, '0_landmark_decision_tree')
402.02/124.62	(12.017543859649123, '1_landmark_random_node_learner')
402.02/124.62	(16.87719298245614, '1_pca_skewness_first_pc')
402.02/124.62	(17.263157894736842, '0_pca_skewness_first_pc')
402.02/124.62	(18.36842105263158, '0_landmark_random_node_learner')
402.02/124.62	(20.280701754385966, '1_landmark_lda')
402.02/124.62	(21.49122807017544, '0_landmark_lda')
402.02/124.62	(21.82456140350877, '1_kurtosis_min')
402.02/124.62	(23.140350877192983, '0_kurtosis_min')
402.02/124.62	(23.50877192982456, '1_landmark_1NN')
402.02/124.62	(23.92982456140351, '0_landmark_1NN')
402.02/124.62	(24.614035087719298, '0_skewness_max')
402.02/124.62	(25.403508771929825, '0_skewness_std')
402.02/124.62	(27.19298245614035, '0_log_number_of_features')
402.02/124.62	(27.68421052631579, '1_log_number_of_features')
402.02/124.62	(28.035087719298247, '0_number_of_features')
402.02/124.62	(28.228070175438596, '1_skewness_max')
402.02/124.62	(29.842105263157894, '1_kurtosis_std')
402.02/124.62	(30.333333333333332, '1_number_of_features')
402.02/124.62	(30.80701754385965, '0_kurtosis_std')
402.02/124.62	(31.50877192982456, '1_skewness_std')
402.02/124.62	(31.894736842105264, '0_number_of_numeric_features')
402.02/124.62	(35.26315789473684, '1_class_probability_min')
402.02/124.62	(35.43859649122807, '1_number_of_numeric_features')
402.02/124.62	(36.1578947368421, '0_class_probability_min')
402.02/124.62	(36.50877192982456, '0_kurtosis_max')
402.02/124.62	(38.05263157894737, '1_kurtosis_max')
402.02/124.62	(41.56140350877193, '0_symbols_sum')
402.02/124.62	(42.63157894736842, '1_number_of_instances')
402.02/124.62	(43.0, '1_skewness_mean')
402.02/124.62	(43.35087719298246, '0_log_number_of_instances')
402.02/124.62	(43.49122807017544, '1_log_number_of_instances')
402.02/124.62	(43.578947368421055, '0_landmark_decision_node_learner')
402.02/124.62	(43.666666666666664, '1_landmark_decision_node_learner')
402.02/124.62	(43.75438596491228, '1_symbols_sum')
402.02/124.62	(44.07017543859649, '0_number_of_instances')
402.02/124.62	(45.03508771929825, '0_skewness_mean')
402.02/124.62	(46.49122807017544, '0_pca_kurtosis_first_pc')
402.02/124.62	(48.54385964912281, '1_pca_kurtosis_first_pc')
402.02/124.62	(49.40350877192982, '1_pca_95%')
402.02/124.62	(50.63157894736842, '0_number_of_categorical_features')
402.02/124.62	(51.228070175438596, '1_symbols_mean')
402.02/124.62	(51.473684210526315, '0_symbols_mean')
402.02/124.62	(52.1578947368421, '0_pca_95%')
402.02/124.62	(52.59649122807018, '1_number_of_categorical_features')
402.02/124.62	(53.85964912280702, '1_dataset_ratio')
402.02/124.62	(54.73684210526316, '1_log_dataset_ratio')
402.02/124.62	(55.719298245614034, '1_log_inverse_dataset_ratio')
402.02/124.62	(56.05263157894737, '0_log_inverse_dataset_ratio')
402.02/124.62	(56.1578947368421, '0_symbols_min')
402.02/124.62	(56.333333333333336, '0_dataset_ratio')
402.02/124.62	(57.280701754385966, '0_log_dataset_ratio')
402.02/124.62	(57.94736842105263, '0_inverse_dataset_ratio')
402.02/124.62	(58.73684210526316, '1_symbols_min')
402.02/124.62	(59.24561403508772, '1_inverse_dataset_ratio')
402.02/124.62	(59.68421052631579, '1_ratio_numerical_to_categorical')
402.02/124.62	(63.68421052631579, '0_ratio_numerical_to_categorical')
402.02/124.62	(65.75438596491227, '1_kurtosis_mean')
402.02/124.62	(65.80701754385964, '0_kurtosis_mean')
402.02/124.62	(73.35087719298245, '1_symbols_max')
402.02/124.62	(73.75438596491227, '1_ratio_categorical_to_numerical')
402.02/124.62	(73.85964912280701, '0_ratio_categorical_to_numerical')
402.02/124.62	(75.12280701754386, '1_class_probability_mean')
402.02/124.62	(75.84210526315789, '0_symbols_max')
402.02/124.62	(75.9298245614035, '0_class_probability_mean')
402.02/124.62	(76.10526315789474, '0_number_of_classes')
402.02/124.62	(76.19298245614036, '1_number_of_classes')
402.02/124.62	(77.87719298245614, '1_symbols_std')
402.02/124.62	(78.12280701754386, '0_percentage_of_features_with_missing_values')
402.02/124.62	(78.87719298245614, '0_symbols_std')
402.02/124.62	(79.14035087719299, '1_percentage_of_features_with_missing_values')
402.02/124.62	(82.08771929824562, '1_percentage_of_missing_values')
402.02/124.62	(82.29824561403508, '0_percentage_of_missing_values')
402.02/124.62	(82.66666666666667, '1_percentage_of_Instances_with_missing_values')
402.02/124.62	(83.3157894736842, '1_number_of_Instances_with_missing_values')
402.02/124.62	(84.14035087719299, '0_percentage_of_Instances_with_missing_values')
402.02/124.62	(84.3157894736842, '1_number_of_missing_values')
402.02/124.62	(84.40350877192982, '0_number_of_Instances_with_missing_values')
402.02/124.62	(85.29824561403508, '0_number_of_missing_values')
402.02/124.62	(86.7719298245614, '1_number_of_features_with_missing_values')
402.02/124.62	(88.03508771929825, '0_number_of_features_with_missing_values')
402.02/124.62	Result for ParamILS: SAT, 123.576538, 1, 0.329795, -1, /home/feurerm/thesis/Software/pyMetaLearn/optimizers/metalearn_optimizer/learn_distances.py
