0.67/0.87	['/home/feurerm/thesis/Software/pyMetaLearn/optimizers/metalearn_optimizer/learn_distances.py', '--input_file', '/home/feurerm/thesis/experiments/2014_04_25_predict_distances/testfold_0-3_spearman_rank_perm.pkl', '--fold', '0', '--folds', '1', '--params', '-max_features', '0.766084426564', '-min_samples_leaf', '6', '-min_samples_split', '6', '-n_estimators', '47', '-n_jobs', '4', '-seed', '76']
0.67/0.88	Metafeatures (57, 46)
0.67/0.88	X (3192, 92)
0.67/0.88	Y (3192,)
0.67/0.88	Dataset Mae MSE Rho
6.42/2.53	vehicle 0.486942791979 0.304425149993 -0.223014564915
12.42/4.34	anneal.ORIG 0.70584895272 0.560878022849 -0.194248918136
18.44/6.24	segment 0.299015297492 0.115422241008 0.691345151235
24.45/8.02	pendigits 0.393331926383 0.187984951378 0.26632463984
30.45/9.81	mushroom 0.245724282532 0.0742314693591 0.511317451732
36.54/11.70	labor 0.193931871467 0.0563591704131 0.515519175419
42.45/13.51	abalone 0.418645829139 0.224608415418 0.178411651932
48.41/15.30	diabetes 0.491327822203 0.339222126583 -0.247255278492
54.22/17.09	car 0.589411218235 0.45763590331 -0.069166836075
60.18/18.88	autos 0.196867834828 0.051191806791 0.569818373833
66.34/20.77	mfeat-fourier 0.671576949499 0.587209675969 -0.507438937559
72.35/22.66	primary-tumor 0.178900384891 0.0404682230387 0.684234541919
78.54/24.56	waveform-5000 0.224126860262 0.0708000848332 0.634783486221
84.71/26.45	credit-a 0.432197370664 0.260694742317 0.206207670167
90.86/28.35	letter 0.28707552831 0.107883487447 0.579191449749
97.15/30.24	postoperative-patient-data 0.441517142218 0.234437255417 -0.362964284636
103.10/32.03	vowel 0.494528204736 0.302279939048 0.0572080840433
109.14/33.83	eucalyptus 0.260202661588 0.0889808928691 0.565293440631
115.18/35.62	cylinder-bands 0.284204768846 0.0967168351734 0.500328328243
121.18/37.52	ionosphere 0.431974930679 0.221960999423 -0.148999586124
127.25/39.41	mfeat-karhunen 0.255689481785 0.0877292706529 0.633490648163
133.34/41.30	balance-scale 0.251209493163 0.0862592954136 0.374923036668
139.23/43.09	mfeat-morphological 0.514433210892 0.356810221752 -0.291211772447
145.21/44.88	liver-disorders 0.147626167644 0.0319281353979 0.535234955795
151.29/46.77	dermatology 0.202277413223 0.0514604004759 0.521660156192
157.37/48.72	vote 0.0765346683777 0.00937517879346 0.763744082454
163.38/50.51	breast-cancer 0.118093824009 0.0208015851112 0.528447555993
169.33/52.40	credit-g 0.550807669642 0.407850561873 -0.487723157183
175.32/54.19	soybean 0.119213397929 0.0188598564038 0.810286252523
181.36/55.98	arrhythmia 0.317577950702 0.122895011159 -0.186168680277
187.35/57.77	nursery 0.237513878594 0.0723417871905 0.658700990284
193.29/59.57	hepatitis 0.314725524407 0.143578620107 -0.0371690941524
199.30/61.36	cmc 0.168785668437 0.0374978656923 0.647711866796
205.29/63.22	heart-c 0.238784317718 0.0753713914592 0.808993414466
211.25/65.01	glass 0.31174227119 0.118097714083 0.60213932527
217.41/66.91	braziltourism 0.726090184928 0.627372589106 -0.557536412287
223.54/68.80	iris 0.33208127439 0.144090140359 0.0617330172445
229.45/70.59	heart-statlog 0.330091589188 0.144352591863 0.534911746281
235.82/72.60	page-blocks 0.655009989422 0.571785777095 -0.639954838451
241.90/74.49	breast-w 0.239187017728 0.0767431451688 0.410476083249
247.89/76.28	heart-h 0.152975464165 0.0305181492191 0.708152045983
253.93/78.17	yeast 0.350713265069 0.15359041171 0.493864137956
259.97/80.06	tae 0.365539056729 0.166737331565 0.0439564939542
266.01/81.95	haberman 0.296391974006 0.114166335782 -0.0436332844398
272.06/83.75	mfeat-pixel 0.399854739174 0.199404650534 0.101810997026
278.19/85.64	optdigits 0.233220135934 0.0679475371004 0.727544616845
284.26/87.53	mfeat-factors 0.261279411538 0.0880148740156 0.675507885031
290.26/89.32	satimage 0.356976738307 0.159620060075 0.0736917692761
296.22/91.11	lymph 0.251149769863 0.0989232095474 0.36619637978
302.24/94.22	audiology 0.28843305139 0.0982849047609 0.411768921306
308.37/96.12	ecoli 0.417264978475 0.217263089577 0.0856505213078
314.47/98.01	tic-tac-toe 0.177632854204 0.0444806290061 0.713323398212
320.58/99.79	spambase 0.357725669417 0.16716066321 0.66064024737
326.67/101.58	zoo 0.199386568296 0.0536269330443 0.561738135973
332.77/103.48	sonar 0.584289234853 0.42798663348 -0.408860035677
338.81/105.27	mfeat-zernike 0.249168321645 0.0837308891394 0.468653795835
344.71/107.06	kr-vs-kp 0.231077459399 0.0651416449237 0.567555907232
344.91/107.20	MAE 0.333472040605 0.15321268837
344.91/107.20	MSE 0.17237176278 0.17237176278
344.91/107.20	Mean tau 0.282581511379 0.404516619046
344.91/107.20	(0.5614035087719298, '0_class_probability_max')
344.91/107.20	(0.5789473684210527, '1_class_probability_max')
344.91/107.20	(2.456140350877193, '1_skewness_min')
344.91/107.20	(2.543859649122807, '0_skewness_min')
344.91/107.20	(6.508771929824562, '1_class_entropy')
344.91/107.20	(7.543859649122807, '0_class_entropy')
344.91/107.20	(8.175438596491228, '0_landmark_naive_bayes')
344.91/107.20	(8.789473684210526, '1_landmark_naive_bayes')
344.91/107.20	(9.350877192982455, '1_landmark_decision_tree')
344.91/107.20	(11.035087719298245, '1_class_probability_std')
344.91/107.20	(13.263157894736842, '0_class_probability_std')
344.91/107.20	(14.350877192982455, '1_pca_skewness_first_pc')
344.91/107.20	(15.333333333333334, '0_pca_skewness_first_pc')
344.91/107.20	(15.859649122807017, '0_landmark_decision_tree')
344.91/107.20	(17.859649122807017, '1_landmark_lda')
344.91/107.20	(19.140350877192983, '0_landmark_lda')
344.91/107.20	(20.473684210526315, '1_kurtosis_min')
344.91/107.20	(21.228070175438596, '0_kurtosis_min')
344.91/107.20	(26.05263157894737, '1_landmark_random_node_learner')
344.91/107.20	(26.210526315789473, '1_landmark_1NN')
344.91/107.20	(26.80701754385965, '0_landmark_1NN')
344.91/107.20	(27.63157894736842, '0_skewness_max')
344.91/107.20	(28.719298245614034, '0_skewness_std')
344.91/107.20	(29.263157894736842, '1_skewness_max')
344.91/107.20	(30.210526315789473, '0_number_of_features')
344.91/107.20	(30.36842105263158, '0_class_probability_min')
344.91/107.20	(31.035087719298247, '1_skewness_std')
344.91/107.20	(31.228070175438596, '1_log_number_of_features')
344.91/107.20	(32.578947368421055, '1_class_probability_min')
344.91/107.20	(32.94736842105263, '0_number_of_numeric_features')
344.91/107.20	(33.175438596491226, '0_log_number_of_features')
344.91/107.20	(33.421052631578945, '0_kurtosis_max')
344.91/107.20	(33.63157894736842, '1_number_of_numeric_features')
344.91/107.20	(34.175438596491226, '1_kurtosis_max')
344.91/107.20	(36.50877192982456, '1_number_of_features')
344.91/107.20	(36.89473684210526, '1_number_of_instances')
344.91/107.20	(36.92982456140351, '0_landmark_random_node_learner')
344.91/107.20	(37.12280701754386, '1_log_number_of_instances')
344.91/107.20	(37.473684210526315, '0_number_of_instances')
344.91/107.20	(38.98245614035088, '0_log_number_of_instances')
344.91/107.20	(38.98245614035088, '1_kurtosis_std')
344.91/107.20	(39.80701754385965, '1_skewness_mean')
344.91/107.20	(40.19298245614035, '0_skewness_mean')
344.91/107.20	(41.19298245614035, '0_landmark_decision_node_learner')
344.91/107.20	(42.14035087719298, '1_landmark_decision_node_learner')
344.91/107.20	(43.07017543859649, '0_kurtosis_std')
344.91/107.20	(45.24561403508772, '0_pca_kurtosis_first_pc')
344.91/107.20	(46.08771929824562, '0_symbols_mean')
344.91/107.20	(46.59649122807018, '1_pca_kurtosis_first_pc')
344.91/107.20	(47.19298245614035, '1_symbols_sum')
344.91/107.20	(47.771929824561404, '0_number_of_categorical_features')
344.91/107.20	(48.12280701754386, '1_symbols_mean')
344.91/107.20	(48.85964912280702, '0_pca_95%')
344.91/107.20	(49.75438596491228, '1_pca_95%')
344.91/107.20	(51.35087719298246, '0_log_dataset_ratio')
344.91/107.20	(52.78947368421053, '1_symbols_min')
344.91/107.20	(53.35087719298246, '1_log_inverse_dataset_ratio')
344.91/107.20	(53.64912280701754, '0_symbols_min')
344.91/107.20	(53.85964912280702, '0_symbols_sum')
344.91/107.20	(54.70175438596491, '1_log_dataset_ratio')
344.91/107.20	(54.98245614035088, '1_inverse_dataset_ratio')
344.91/107.20	(55.45614035087719, '0_log_inverse_dataset_ratio')
344.91/107.20	(55.94736842105263, '1_dataset_ratio')
344.91/107.20	(56.07017543859649, '0_dataset_ratio')
344.91/107.20	(56.10526315789474, '0_inverse_dataset_ratio')
344.91/107.20	(56.6140350877193, '1_number_of_categorical_features')
344.91/107.20	(58.0, '1_ratio_numerical_to_categorical')
344.91/107.20	(58.35087719298246, '0_ratio_numerical_to_categorical')
344.91/107.20	(66.12280701754386, '1_kurtosis_mean')
344.91/107.20	(66.24561403508773, '0_kurtosis_mean')
344.91/107.20	(72.78947368421052, '1_ratio_categorical_to_numerical')
344.91/107.20	(73.14035087719299, '0_ratio_categorical_to_numerical')
344.91/107.20	(73.15789473684211, '0_number_of_classes')
344.91/107.20	(74.50877192982456, '1_number_of_classes')
344.91/107.20	(75.28070175438596, '0_class_probability_mean')
344.91/107.20	(75.3859649122807, '1_class_probability_mean')
344.91/107.20	(75.47368421052632, '1_symbols_max')
344.91/107.20	(75.75438596491227, '0_symbols_max')
344.91/107.20	(76.75438596491227, '1_percentage_of_features_with_missing_values')
344.91/107.20	(77.43859649122807, '1_symbols_std')
344.91/107.20	(78.36842105263158, '0_symbols_std')
344.91/107.20	(79.45614035087719, '0_percentage_of_features_with_missing_values')
344.91/107.20	(82.54385964912281, '0_percentage_of_missing_values')
344.91/107.20	(82.56140350877193, '1_number_of_Instances_with_missing_values')
344.91/107.20	(82.64912280701755, '0_number_of_Instances_with_missing_values')
344.91/107.20	(83.12280701754386, '0_percentage_of_Instances_with_missing_values')
344.91/107.20	(83.49122807017544, '1_percentage_of_Instances_with_missing_values')
344.91/107.20	(84.49122807017544, '1_percentage_of_missing_values')
344.91/107.20	(84.91228070175438, '1_number_of_missing_values')
344.91/107.20	(84.98245614035088, '0_number_of_missing_values')
344.91/107.20	(86.78947368421052, '1_number_of_features_with_missing_values')
344.91/107.20	(87.91228070175438, '0_number_of_features_with_missing_values')
344.91/107.20	Result for ParamILS: SAT, 106.331748, 1, 0.333472, -1, /home/feurerm/thesis/Software/pyMetaLearn/optimizers/metalearn_optimizer/learn_distances.py
