0.70/1.66	['/home/feurerm/thesis/Software/pyMetaLearn/optimizers/metalearn_optimizer/learn_distances.py', '--input_file', '/home/feurerm/thesis/experiments/2014_04_25_predict_distances/testfold_0-3_spearman_rank_perm.pkl', '--fold', '0', '--folds', '1', '--params', '-max_features', '0.248200898686', '-min_samples_leaf', '9', '-min_samples_split', '6', '-n_estimators', '19', '-n_jobs', '4', '-seed', '77']
0.70/1.67	Metafeatures (57, 46)
0.70/1.67	X (3192, 92)
0.70/1.67	Y (3192,)
0.70/1.67	Dataset Mae MSE Rho
1.53/2.52	vehicle 0.369980478793 0.178287515896 0.260183659067
2.43/3.34	anneal.ORIG 0.531831233918 0.336566833129 0.336461104458
3.29/3.94	segment 0.271556673687 0.0922176105368 0.710091303069
4.21/4.50	pendigits 0.39529187177 0.188970938879 0.2789298109
5.07/5.01	mushroom 0.234762194145 0.0686728891367 0.5555971552
5.96/5.55	labor 0.182803446166 0.0466543237314 0.660317037856
6.84/6.12	abalone 0.441992076335 0.243218399858 0.0342602085231
7.71/6.64	diabetes 0.474379310068 0.310577225482 0.0223014564915
8.61/7.16	car 0.493759756957 0.356976492079 0.035876256095
9.51/7.83	autos 0.228777595758 0.0676558499111 0.448614805944
10.41/8.45	mfeat-fourier 0.612133646796 0.485189099694 -0.414677806935
11.29/8.99	primary-tumor 0.22246085106 0.0608251031756 0.530063603565
12.20/9.51	waveform-5000 0.279686805018 0.108629160013 0.421141997223
13.08/10.17	credit-a 0.391315615831 0.214974156608 0.316422114567
13.98/10.76	letter 0.277116605741 0.109213061663 0.57111121189
14.89/11.26	postoperative-patient-data 0.430768649911 0.230237693807 -0.254365887808
15.78/13.66	vowel 0.532697460715 0.360022267197 -0.0947003877101
16.65/14.23	eucalyptus 0.292458408636 0.111517961651 0.48384464301
17.54/14.73	cylinder-bands 0.285289477389 0.0966655469631 0.531679651137
18.40/15.25	ionosphere 0.419361691329 0.213888140668 0.0116355425173
19.28/20.58	mfeat-karhunen 0.296923145682 0.118096705491 0.467037748263
20.18/21.35	balance-scale 0.191623629886 0.0500353328094 0.562061345488
21.07/21.86	mfeat-morphological 0.464277955696 0.286769000417 -0.117971472745
21.95/22.37	liver-disorders 0.23469513681 0.0776256225197 0.331612961743
22.83/22.78	dermatology 0.203108709646 0.0541764029405 0.527154717936
23.71/23.30	vote 0.0852360873597 0.0115177832265 0.776349253514
24.60/23.92	breast-cancer 0.20272569431 0.0627751327423 0.0462189605548
25.51/24.42	credit-g 0.488390446509 0.322172169105 -0.372983779582
26.38/24.93	soybean 0.134940687378 0.0255332961373 0.80188280515
27.25/25.45	arrhythmia 0.270568615212 0.100356548254 0.154817357383
28.12/26.05	nursery 0.272868220949 0.0960962766946 0.545254450741
29.00/26.59	hepatitis 0.444320235902 0.273326260448 -0.274404877699
29.87/27.15	cmc 0.185040998719 0.0439617520658 0.60213932527
30.75/27.81	heart-c 0.293088835542 0.111996931827 0.619269429531
31.62/28.34	glass 0.396155761609 0.191930166072 0.104396673141
32.50/28.93	braziltourism 0.634514569391 0.486419574829 -0.434716796826
33.41/29.45	iris 0.314922533814 0.131383830651 0.1664528999
34.32/30.00	heart-statlog 0.362211897461 0.178903390206 0.454432577203
35.20/30.51	page-blocks 0.506228883193 0.349334276997 -0.0868027037344
36.11/31.03	breast-w 0.21941827013 0.0686217145171 0.519720899105
37.01/31.56	heart-h 0.213026849885 0.0578559554015 0.518751270562
37.92/32.08	yeast 0.398434544051 0.194436860271 0.261476497125
38.83/32.65	tae 0.3338656549 0.147445517839 -0.0439564939542
39.73/33.45	haberman 0.268720463512 0.0946805088303 0.0824184261641
40.60/34.23	mfeat-pixel 0.398540971865 0.197141151665 0.0882361974228
41.51/35.01	optdigits 0.265377172845 0.0887008713372 0.671629370859
42.41/35.58	mfeat-factors 0.290988290442 0.11403406851 0.59179662081
43.33/36.10	satimage 0.349354239775 0.149509324608 0.158695871555
44.22/36.77	lymph 0.275161273838 0.109867728351 0.419525949651
45.12/37.28	audiology 0.289954496829 0.102898420206 0.437302472941
45.99/37.79	ecoli 0.432765806953 0.2398692877 -0.00581777125864
46.88/38.30	tic-tac-toe 0.248662654516 0.090122882543 0.631551391077
47.78/38.82	spambase 0.357008952982 0.16781470834 0.685850589491
48.66/44.13	zoo 0.175793857969 0.0420379340309 0.672922208916
49.55/44.65	sonar 0.508760124055 0.328885411975 -0.282485115559
50.46/45.15	mfeat-zernike 0.247973116015 0.0897375169085 0.490308833298
51.34/45.65	kr-vs-kp 0.229277304966 0.0667913276752 0.553011479085
51.42/45.71	MAE 0.330760525274 0.120574875757
51.42/45.71	MSE 0.161470559899 0.161470559899
51.42/45.71	Mean tau 0.2941741588 0.327117890226
51.42/45.71	(0.24561403508771928, '1_class_probability_max')
51.42/45.71	(1.0526315789473684, '0_class_probability_max')
51.42/45.71	(4.754385964912281, '1_skewness_min')
51.42/45.71	(4.982456140350878, '1_class_probability_std')
51.42/45.71	(5.0701754385964914, '0_class_probability_std')
51.42/45.71	(6.543859649122807, '0_landmark_random_node_learner')
51.42/45.71	(8.75438596491228, '1_landmark_decision_tree')
51.42/45.71	(9.824561403508772, '0_skewness_min')
51.42/45.71	(10.298245614035087, '0_class_entropy')
51.42/45.71	(10.614035087719298, '0_landmark_naive_bayes')
51.42/45.71	(11.982456140350877, '1_class_entropy')
51.42/45.71	(13.543859649122806, '0_landmark_decision_tree')
51.42/45.71	(14.771929824561404, '1_landmark_naive_bayes')
51.42/45.71	(20.12280701754386, '0_landmark_1NN')
51.42/45.71	(20.912280701754387, '1_landmark_random_node_learner')
51.42/45.71	(20.912280701754387, '1_pca_skewness_first_pc')
51.42/45.71	(21.087719298245613, '1_landmark_1NN')
51.42/45.71	(23.50877192982456, '0_landmark_lda')
51.42/45.71	(23.87719298245614, '1_landmark_lda')
51.42/45.71	(24.05263157894737, '0_log_number_of_features')
51.42/45.71	(26.350877192982455, '1_log_number_of_features')
51.42/45.71	(26.859649122807017, '0_pca_skewness_first_pc')
51.42/45.71	(27.43859649122807, '0_skewness_max')
51.42/45.71	(28.50877192982456, '0_symbols_sum')
51.42/45.71	(28.75438596491228, '0_number_of_features')
51.42/45.71	(30.68421052631579, '0_number_of_categorical_features')
51.42/45.71	(30.842105263157894, '1_skewness_max')
51.42/45.71	(32.35087719298246, '1_kurtosis_min')
51.42/45.71	(32.80701754385965, '0_skewness_std')
51.42/45.71	(33.6140350877193, '1_number_of_features')
51.42/45.71	(34.31578947368421, '0_kurtosis_min')
51.42/45.71	(35.10526315789474, '1_number_of_numeric_features')
51.42/45.71	(35.228070175438596, '1_skewness_std')
51.42/45.71	(35.91228070175438, '0_number_of_numeric_features')
51.42/45.71	(39.421052631578945, '0_kurtosis_max')
51.42/45.71	(39.50877192982456, '1_kurtosis_std')
51.42/45.71	(40.280701754385966, '0_kurtosis_std')
51.42/45.71	(41.578947368421055, '1_landmark_decision_node_learner')
51.42/45.71	(42.03508771929825, '0_landmark_decision_node_learner')
51.42/45.71	(43.01754385964912, '1_kurtosis_max')
51.42/45.71	(44.01754385964912, '1_pca_kurtosis_first_pc')
51.42/45.71	(45.01754385964912, '0_class_probability_min')
51.42/45.71	(46.8421052631579, '1_class_probability_min')
51.42/45.71	(47.50877192982456, '1_number_of_categorical_features')
51.42/45.71	(47.96491228070175, '0_pca_95%')
51.42/45.71	(48.280701754385966, '1_symbols_sum')
51.42/45.71	(48.29824561403509, '1_pca_95%')
51.42/45.71	(48.8421052631579, '1_number_of_instances')
51.42/45.71	(48.92982456140351, '0_pca_kurtosis_first_pc')
51.42/45.71	(49.24561403508772, '0_ratio_numerical_to_categorical')
51.42/45.71	(49.70175438596491, '0_symbols_mean')
51.42/45.71	(51.08771929824562, '0_number_of_instances')
51.42/45.71	(52.526315789473685, '0_log_number_of_instances')
51.42/45.71	(52.64912280701754, '1_log_number_of_instances')
51.42/45.71	(52.719298245614034, '1_log_inverse_dataset_ratio')
51.42/45.71	(53.08771929824562, '0_skewness_mean')
51.42/45.71	(53.75438596491228, '0_dataset_ratio')
51.42/45.71	(54.43859649122807, '0_kurtosis_mean')
51.42/45.71	(54.91228070175438, '1_symbols_std')
51.42/45.71	(55.64912280701754, '0_inverse_dataset_ratio')
51.42/45.71	(56.45614035087719, '1_symbols_mean')
51.42/45.71	(57.24561403508772, '1_skewness_mean')
51.42/45.71	(57.36842105263158, '1_dataset_ratio')
51.42/45.71	(57.45614035087719, '0_log_inverse_dataset_ratio')
51.42/45.71	(57.59649122807018, '1_ratio_numerical_to_categorical')
51.42/45.71	(58.08771929824562, '0_log_dataset_ratio')
51.42/45.71	(58.771929824561404, '1_log_dataset_ratio')
51.42/45.71	(59.421052631578945, '1_inverse_dataset_ratio')
51.42/45.71	(62.19298245614035, '1_kurtosis_mean')
51.42/45.71	(64.3859649122807, '1_symbols_max')
51.42/45.71	(65.52631578947368, '0_symbols_min')
51.42/45.71	(66.28070175438596, '0_number_of_classes')
51.42/45.71	(67.43859649122807, '1_symbols_min')
51.42/45.71	(67.59649122807018, '0_percentage_of_features_with_missing_values')
51.42/45.71	(69.03508771929825, '1_ratio_categorical_to_numerical')
51.42/45.71	(70.9298245614035, '0_class_probability_mean')
51.42/45.71	(71.33333333333333, '1_percentage_of_features_with_missing_values')
51.42/45.71	(71.42105263157895, '0_symbols_max')
51.42/45.71	(72.28070175438596, '1_number_of_classes')
51.42/45.71	(72.96491228070175, '1_percentage_of_missing_values')
51.42/45.71	(73.2280701754386, '0_ratio_categorical_to_numerical')
51.42/45.71	(73.42105263157895, '0_percentage_of_missing_values')
51.42/45.71	(74.54385964912281, '1_class_probability_mean')
51.42/45.71	(75.0701754385965, '0_symbols_std')
51.42/45.71	(80.96491228070175, '1_number_of_features_with_missing_values')
51.42/45.71	(81.54385964912281, '0_number_of_missing_values')
51.42/45.71	(81.94736842105263, '0_percentage_of_Instances_with_missing_values')
51.42/45.71	(81.96491228070175, '1_percentage_of_Instances_with_missing_values')
51.42/45.71	(82.12280701754386, '1_number_of_missing_values')
51.42/45.71	(83.15789473684211, '0_number_of_features_with_missing_values')
51.42/45.71	(83.29824561403508, '0_number_of_Instances_with_missing_values')
51.42/45.71	(83.94736842105263, '1_number_of_Instances_with_missing_values')
51.42/45.71	Result for ParamILS: SAT, 44.050841, 1, 0.330761, -1, /home/feurerm/thesis/Software/pyMetaLearn/optimizers/metalearn_optimizer/learn_distances.py
