0.67/0.86	['/home/feurerm/thesis/Software/pyMetaLearn/optimizers/metalearn_optimizer/learn_distances.py', '--input_file', '/home/feurerm/thesis/experiments/2014_04_25_predict_distances/testfold_0-3_spearman_rank_perm.pkl', '--fold', '0', '--folds', '1', '--params', '-max_features', '0.122272003428', '-min_samples_leaf', '4', '-min_samples_split', '7', '-n_estimators', '18', '-n_jobs', '4', '-seed', '76']
0.67/0.88	Metafeatures (57, 46)
0.67/0.88	X (3192, 92)
0.67/0.88	Y (3192,)
0.67/0.88	Dataset Mae MSE Rho
1.23/1.23	vehicle 0.397692112647 0.2002127968 0.145444281466
1.82/1.63	anneal.ORIG 0.467516668797 0.262343358722 0.36102502755
2.41/2.04	segment 0.293108399481 0.110802962496 0.585009221008
3.03/2.45	pendigits 0.362645300175 0.153395936054 0.45346294866
3.63/2.86	mushroom 0.214258098581 0.0577904909556 0.594382296925
4.22/3.26	labor 0.238958754255 0.0776348622837 0.650297542911
4.79/3.67	abalone 0.424224736691 0.233769023864 0.119264310802
5.39/4.08	diabetes 0.493281064744 0.338543619859 -0.125082082061
6.00/4.49	car 0.436613685366 0.274815689654 0.146737119524
6.58/4.89	autos 0.270511069741 0.099404783747 0.468653795835
7.20/5.30	mfeat-fourier 0.636693738686 0.529519498622 -0.456048624775
7.73/5.70	primary-tumor 0.192793610208 0.0487211279156 0.63252101962
8.34/6.11	waveform-5000 0.275347781912 0.103634422414 0.487399947669
8.92/6.52	credit-a 0.372238467875 0.187614407382 0.347450227947
9.49/7.04	letter 0.283066107596 0.108464577585 0.576605773634
10.09/7.45	postoperative-patient-data 0.471358552093 0.288798241826 -0.473501938551
10.66/7.85	vowel 0.524016967292 0.340600710301 -0.0979324828538
11.25/8.26	eucalyptus 0.312970873054 0.130565092786 0.58888773518
11.82/8.66	cylinder-bands 0.315283947454 0.123203572824 0.38397290307
12.42/9.07	ionosphere 0.444655614401 0.231843453785 -0.111507282457
13.00/9.47	mfeat-karhunen 0.284536150405 0.11092588717 0.455078996232
13.60/9.88	balance-scale 0.226934229185 0.0744477854785 0.577252192663
14.20/10.29	mfeat-morphological 0.448372109922 0.276734253931 -0.0833880547072
14.78/10.69	liver-disorders 0.243635906183 0.0772330014991 0.577252192663
15.37/11.10	dermatology 0.202557301636 0.0533701278337 0.544284822197
15.95/11.51	vote 0.0887392011748 0.0118527416906 0.79154010069
16.54/11.92	breast-cancer 0.345008262411 0.166542351569 -0.370074893953
17.14/12.32	credit-g 0.534186787854 0.375750160525 -0.468653795835
17.72/12.73	soybean 0.119935434136 0.0200375746678 0.79154010069
18.30/13.14	arrhythmia 0.251089252794 0.081003375695 0.207177298711
18.93/13.55	nursery 0.261221952508 0.086017746843 0.638015581365
19.49/13.96	hepatitis 0.42372526798 0.254152967772 -0.0930843401383
20.07/14.37	cmc 0.209209479203 0.0555850346392 0.561414926459
20.67/14.78	heart-c 0.299341628929 0.116397145842 0.576928983149
21.25/15.19	glass 0.381770070623 0.173721718271 0.202005946481
21.87/15.60	braziltourism 0.658286915338 0.526451483901 -0.444089872743
22.42/16.00	iris 0.326139864426 0.142673719584 0.154817357383
22.99/16.41	heart-statlog 0.356741491554 0.168694966694 0.335168266401
23.57/16.81	page-blocks 0.44191525028 0.267002558745 -0.0371690941524
24.19/17.22	breast-w 0.232413110513 0.0773960862749 0.522952994249
24.76/17.63	heart-h 0.16415385054 0.0350575012691 0.703627112781
25.35/18.03	yeast 0.362236062581 0.164420136058 0.418233111594
25.93/18.44	tae 0.323144914349 0.138151561364 -0.0575312935577
26.53/18.85	haberman 0.307049951492 0.122763942388 -0.0969628543107
27.11/19.26	mfeat-pixel 0.392719880363 0.184861681236 0.122173196432
27.70/19.67	optdigits 0.229703209468 0.0694588186063 0.674215046974
28.28/20.08	mfeat-factors 0.244051549274 0.0812549354386 0.63025855302
28.88/20.48	satimage 0.356093335562 0.153728822732 0.138010462636
29.48/20.89	lymph 0.250286672938 0.0878935960764 0.505822889988
30.05/21.29	audiology 0.284311108665 0.109480254708 0.436656053913
30.68/21.70	ecoli 0.415175093635 0.21904513281 0.0995485304257
31.23/22.10	tic-tac-toe 0.190350460254 0.0525764103405 0.763097663425
31.81/22.51	spambase 0.344482491087 0.147874762728 0.762128034882
32.40/22.92	zoo 0.169580718431 0.0417169615021 0.706859207925
32.99/23.32	sonar 0.504647117742 0.315298561354 -0.175179556788
33.58/23.73	mfeat-zernike 0.237285258787 0.0823291843093 0.50453005193
34.14/24.14	kr-vs-kp 0.22919216602 0.066386704425 0.580484287807
34.14/24.20	MAE 0.329253667707 0.119493978793
34.14/24.20	MSE 0.159473127822 0.159473127822
34.14/24.20	Mean tau 0.305824244701 0.358038615327
34.14/24.20	(1.4736842105263157, '0_class_probability_max')
34.14/24.20	(2.1578947368421053, '1_landmark_random_node_learner')
34.14/24.20	(3.8947368421052633, '1_pca_skewness_first_pc')
34.14/24.20	(5.298245614035087, '0_class_entropy')
34.14/24.20	(6.421052631578948, '1_landmark_naive_bayes')
34.14/24.20	(7.824561403508772, '0_class_probability_std')
34.14/24.20	(10.350877192982455, '0_landmark_random_node_learner')
34.14/24.20	(10.350877192982455, '1_landmark_1NN')
34.14/24.20	(10.385964912280702, '1_class_probability_max')
34.14/24.20	(13.421052631578947, '0_landmark_lda')
34.14/24.20	(14.947368421052632, '0_skewness_min')
34.14/24.20	(15.263157894736842, '1_landmark_decision_tree')
34.14/24.20	(15.508771929824562, '1_class_entropy')
34.14/24.20	(16.45614035087719, '0_landmark_1NN')
34.14/24.20	(16.92982456140351, '0_pca_95%')
34.14/24.20	(17.68421052631579, '1_class_probability_std')
34.14/24.20	(20.649122807017545, '0_landmark_naive_bayes')
34.14/24.20	(21.210526315789473, '0_pca_skewness_first_pc')
34.14/24.20	(22.210526315789473, '1_skewness_min')
34.14/24.20	(24.94736842105263, '0_ratio_numerical_to_categorical')
34.14/24.20	(25.43859649122807, '1_landmark_lda')
34.14/24.20	(26.0, '0_landmark_decision_tree')
34.14/24.20	(28.596491228070175, '1_kurtosis_min')
34.14/24.20	(30.859649122807017, '1_number_of_features')
34.14/24.20	(31.789473684210527, '0_log_number_of_features')
34.14/24.20	(33.35087719298246, '0_number_of_categorical_features')
34.14/24.20	(33.526315789473685, '0_number_of_features')
34.14/24.20	(34.03508771929825, '1_log_number_of_features')
34.14/24.20	(35.666666666666664, '0_symbols_sum')
34.14/24.20	(37.578947368421055, '0_kurtosis_min')
34.14/24.20	(38.10526315789474, '0_skewness_max')
34.14/24.20	(38.64912280701754, '0_symbols_mean')
34.14/24.20	(40.228070175438596, '1_number_of_categorical_features')
34.14/24.20	(42.228070175438596, '1_skewness_std')
34.14/24.20	(42.70175438596491, '1_number_of_numeric_features')
34.14/24.20	(43.35087719298246, '1_symbols_sum')
34.14/24.20	(43.526315789473685, '1_kurtosis_std')
34.14/24.20	(43.666666666666664, '0_skewness_std')
34.14/24.20	(43.70175438596491, '0_kurtosis_std')
34.14/24.20	(43.719298245614034, '1_landmark_decision_node_learner')
34.14/24.20	(44.35087719298246, '1_skewness_max')
34.14/24.20	(45.24561403508772, '0_number_of_numeric_features')
34.14/24.20	(45.43859649122807, '1_number_of_instances')
34.14/24.20	(45.89473684210526, '1_pca_95%')
34.14/24.20	(45.96491228070175, '0_class_probability_min')
34.14/24.20	(46.36842105263158, '1_pca_kurtosis_first_pc')
34.14/24.20	(46.3859649122807, '0_pca_kurtosis_first_pc')
34.14/24.20	(46.63157894736842, '0_landmark_decision_node_learner')
34.14/24.20	(47.771929824561404, '1_symbols_mean')
34.14/24.20	(48.228070175438596, '1_symbols_max')
34.14/24.20	(49.43859649122807, '0_kurtosis_max')
34.14/24.20	(50.31578947368421, '1_log_number_of_instances')
34.14/24.20	(50.421052631578945, '1_class_probability_min')
34.14/24.20	(51.49122807017544, '0_skewness_mean')
34.14/24.20	(52.12280701754386, '1_kurtosis_max')
34.14/24.20	(53.92982456140351, '1_class_probability_mean')
34.14/24.20	(54.92982456140351, '1_log_dataset_ratio')
34.14/24.20	(56.98245614035088, '1_kurtosis_mean')
34.14/24.20	(57.526315789473685, '0_inverse_dataset_ratio')
34.14/24.20	(58.01754385964912, '1_ratio_numerical_to_categorical')
34.14/24.20	(58.24561403508772, '1_skewness_mean')
34.14/24.20	(59.526315789473685, '0_number_of_instances')
34.14/24.20	(59.56140350877193, '1_log_inverse_dataset_ratio')
34.14/24.20	(59.59649122807018, '0_log_inverse_dataset_ratio')
34.14/24.20	(60.05263157894737, '0_symbols_max')
34.14/24.20	(60.35087719298246, '0_log_number_of_instances')
34.14/24.20	(60.771929824561404, '1_symbols_min')
34.14/24.20	(61.01754385964912, '1_dataset_ratio')
34.14/24.20	(61.24561403508772, '0_dataset_ratio')
34.14/24.20	(61.421052631578945, '0_log_dataset_ratio')
34.14/24.20	(61.78947368421053, '1_inverse_dataset_ratio')
34.14/24.20	(62.45614035087719, '0_kurtosis_mean')
34.14/24.20	(65.50877192982456, '1_percentage_of_features_with_missing_values')
34.14/24.20	(65.6140350877193, '0_percentage_of_features_with_missing_values')
34.14/24.20	(65.85964912280701, '1_ratio_categorical_to_numerical')
34.14/24.20	(66.43859649122807, '0_symbols_std')
34.14/24.20	(68.70175438596492, '1_number_of_classes')
34.14/24.20	(69.64912280701755, '0_class_probability_mean')
34.14/24.20	(70.35087719298245, '0_ratio_categorical_to_numerical')
34.14/24.20	(70.56140350877193, '1_symbols_std')
34.14/24.20	(72.73684210526316, '0_number_of_classes')
34.14/24.20	(73.52631578947368, '0_symbols_min')
34.14/24.20	(75.21052631578948, '1_number_of_Instances_with_missing_values')
34.14/24.20	(75.56140350877193, '1_percentage_of_missing_values')
34.14/24.20	(75.57894736842105, '0_number_of_missing_values')
34.14/24.20	(76.75438596491227, '1_number_of_missing_values')
34.14/24.20	(76.94736842105263, '0_percentage_of_missing_values')
34.14/24.20	(77.14035087719299, '0_percentage_of_Instances_with_missing_values')
34.14/24.20	(79.89473684210526, '0_number_of_features_with_missing_values')
34.14/24.20	(80.26315789473684, '1_percentage_of_Instances_with_missing_values')
34.14/24.20	(80.91228070175438, '0_number_of_Instances_with_missing_values')
34.14/24.20	(81.19298245614036, '1_number_of_features_with_missing_values')
34.14/24.20	Result for ParamILS: SAT, 23.332610, 1, 0.329254, -1, /home/feurerm/thesis/Software/pyMetaLearn/optimizers/metalearn_optimizer/learn_distances.py
