0.67/0.88	['/home/feurerm/thesis/Software/pyMetaLearn/optimizers/metalearn_optimizer/learn_distances.py', '--input_file', '/home/feurerm/thesis/experiments/2014_04_25_predict_distances/testfold_0-3_spearman_rank_perm.pkl', '--fold', '0', '--folds', '1', '--params', '-max_features', '0.741399026755', '-min_samples_leaf', '9', '-min_samples_split', '2', '-n_estimators', '50', '-n_jobs', '4', '-seed', '57']
0.67/0.89	Metafeatures (57, 46)
0.67/0.89	X (3192, 92)
0.67/0.89	Y (3192,)
0.67/0.89	Dataset Mae MSE Rho
6.32/2.55	vehicle 0.454156169219 0.266381620439 -0.121849986917
12.17/4.35	anneal.ORIG 0.692998207113 0.540679825315 -0.205238041624
17.93/6.14	segment 0.286847049039 0.102787974176 0.757926311195
23.77/7.92	pendigits 0.380286163992 0.176130691592 0.301877686421
29.64/9.71	mushroom 0.228903138659 0.062200741413 0.567879116746
35.46/11.51	labor 0.187862153171 0.0520754778759 0.573373678491
41.36/13.30	abalone 0.412080994242 0.211316169534 0.193925708621
47.14/15.09	diabetes 0.483501614482 0.33567683869 -0.173563509216
52.93/16.88	car 0.613057290688 0.494980267464 -0.180027699504
58.85/18.77	autos 0.209176605819 0.0555612315525 0.591473411295
64.85/20.67	mfeat-fourier 0.649428465631 0.552268220273 -0.502914004358
70.74/22.46	primary-tumor 0.199904137978 0.0483575484184 0.616037334387
76.69/24.26	waveform-5000 0.221913898365 0.0687232412353 0.668397275715
82.52/26.05	credit-a 0.431236804425 0.261948547797 0.196834594251
88.38/27.85	letter 0.293542024828 0.112468866969 0.597291182554
94.41/29.74	postoperative-patient-data 0.435828936188 0.233467457724 -0.293797448561
100.33/31.53	vowel 0.487281270687 0.293404765237 0.0339369990088
106.25/33.32	eucalyptus 0.29380171881 0.112014884787 0.434070377798
112.13/35.11	cylinder-bands 0.304822624225 0.108622784477 0.437625682456
118.08/37.00	ionosphere 0.408567859546 0.196995481567 -0.0769238644198
123.95/38.79	mfeat-karhunen 0.254821512763 0.0858798214673 0.641247676508
129.87/40.58	balance-scale 0.254436994906 0.0913209039908 0.372660570068
135.61/42.38	mfeat-morphological 0.487849536663 0.317895105942 -0.226893079087
141.39/44.16	liver-disorders 0.163746352279 0.0375597356877 0.482551804953
147.22/45.95	dermatology 0.202376430463 0.051806352186 0.525861879878
152.98/47.74	vote 0.0733098250885 0.00837427041409 0.785399119917
158.72/49.53	breast-cancer 0.163663674789 0.0384360770211 0.396254864616
164.56/51.32	credit-g 0.533433764836 0.388004682013 -0.408213616648
170.38/53.11	soybean 0.105208502517 0.0162077934641 0.833557337558
176.21/54.90	arrhythmia 0.30951814741 0.115936111254 -0.0594705506439
182.07/56.70	nursery 0.258031752777 0.0862989973865 0.610865982158
187.73/58.48	hepatitis 0.323393266108 0.148156122182 -0.174209928245
193.56/60.27	cmc 0.174169993045 0.0377419169196 0.694577246379
199.33/62.06	heart-c 0.274391820678 0.097613485499 0.702980693753
205.16/63.85	glass 0.321501755975 0.12835412213 0.547840126856
211.06/65.64	braziltourism 0.749950063025 0.661028527744 -0.641894095537
216.88/67.44	iris 0.305972850307 0.127150652834 0.164513642814
222.66/69.22	heart-statlog 0.333564539237 0.147193172745 0.48384464301
228.74/71.12	page-blocks 0.628232741627 0.521994149965 -0.573373678491
234.59/72.91	breast-w 0.238230701719 0.0745210261319 0.451200482059
240.40/74.70	heart-h 0.16660373948 0.0366760603399 0.645772609709
246.24/76.49	yeast 0.3727895071 0.172610629676 0.436979263427
252.04/78.28	tae 0.37120931584 0.171661945399 0.0274728087214
257.93/80.08	haberman 0.293305754383 0.117892537951 0.0200389898909
263.78/81.87	mfeat-pixel 0.398738396205 0.199833353528 0.0966396447963
269.62/83.66	optdigits 0.269758780636 0.0902038176813 0.648681495339
275.50/85.46	mfeat-factors 0.247487655751 0.0800749994719 0.701364646181
281.38/87.25	satimage 0.329931748505 0.138823119697 0.168068947472
287.18/89.04	lymph 0.267955873624 0.108063017289 0.319654209711
292.95/90.84	audiology 0.282857210033 0.0951541636892 0.467360957778
298.82/92.73	ecoli 0.405329350894 0.211707167558 0.123789244003
304.74/94.52	tic-tac-toe 0.19880355911 0.05371823711 0.702657484238
310.64/96.31	spambase 0.389878549718 0.199136695813 0.638015581365
316.66/98.20	zoo 0.187850418047 0.0467120139025 0.626703248362
322.46/99.99	sonar 0.561907104135 0.39480158935 -0.379771179384
328.39/101.78	mfeat-zernike 0.246198501145 0.0836976885508 0.485783900097
334.16/103.57	kr-vs-kp 0.250000425633 0.0753512030981 0.552365060057
334.35/103.71	MAE 0.334589600764 0.147009007922
334.35/103.71	MSE 0.170941296555 0.170941296555
334.35/103.71	Mean tau 0.286091453298 0.388795555699
334.35/103.71	(0.2982456140350877, '0_class_probability_max')
334.35/103.71	(0.8421052631578947, '1_class_probability_max')
334.35/103.71	(2.280701754385965, '1_skewness_min')
334.35/103.71	(2.719298245614035, '0_skewness_min')
334.35/103.71	(6.2105263157894735, '1_class_entropy')
334.35/103.71	(6.982456140350878, '0_class_entropy')
334.35/103.71	(8.701754385964913, '1_landmark_naive_bayes')
334.35/103.71	(9.0, '0_landmark_naive_bayes')
334.35/103.71	(10.0, '1_landmark_decision_tree')
334.35/103.71	(11.035087719298245, '1_class_probability_std')
334.35/103.71	(14.298245614035087, '0_class_probability_std')
334.35/103.71	(16.43859649122807, '1_pca_skewness_first_pc')
334.35/103.71	(16.789473684210527, '0_pca_skewness_first_pc')
334.35/103.71	(18.57894736842105, '0_landmark_decision_tree')
334.35/103.71	(19.614035087719298, '1_landmark_lda')
334.35/103.71	(20.087719298245613, '1_kurtosis_min')
334.35/103.71	(20.31578947368421, '0_landmark_lda')
334.35/103.71	(21.333333333333332, '0_kurtosis_min')
334.35/103.71	(22.596491228070175, '1_landmark_random_node_learner')
334.35/103.71	(22.912280701754387, '0_landmark_random_node_learner')
334.35/103.71	(24.894736842105264, '0_landmark_1NN')
334.35/103.71	(26.403508771929825, '1_landmark_1NN')
334.35/103.71	(26.45614035087719, '0_kurtosis_std')
334.35/103.71	(27.105263157894736, '0_skewness_max')
334.35/103.71	(28.789473684210527, '1_kurtosis_std')
334.35/103.71	(30.17543859649123, '1_log_number_of_features')
334.35/103.71	(30.29824561403509, '1_skewness_max')
334.35/103.71	(30.49122807017544, '1_number_of_features')
334.35/103.71	(30.75438596491228, '0_log_number_of_features')
334.35/103.71	(31.596491228070175, '0_number_of_features')
334.35/103.71	(31.63157894736842, '0_class_probability_min')
334.35/103.71	(31.912280701754387, '1_number_of_numeric_features')
334.35/103.71	(33.8421052631579, '1_class_probability_min')
334.35/103.71	(34.50877192982456, '0_number_of_numeric_features')
334.35/103.71	(34.6140350877193, '1_kurtosis_max')
334.35/103.71	(35.6140350877193, '0_kurtosis_max')
334.35/103.71	(35.68421052631579, '0_skewness_std')
334.35/103.71	(38.01754385964912, '1_skewness_std')
334.35/103.71	(38.6140350877193, '0_log_number_of_instances')
334.35/103.71	(38.98245614035088, '0_number_of_instances')
334.35/103.71	(39.59649122807018, '1_number_of_instances')
334.35/103.71	(39.89473684210526, '1_log_number_of_instances')
334.35/103.71	(40.43859649122807, '0_landmark_decision_node_learner')
334.35/103.71	(40.75438596491228, '1_skewness_mean')
334.35/103.71	(43.14035087719298, '0_symbols_sum')
334.35/103.71	(44.1578947368421, '1_pca_kurtosis_first_pc')
334.35/103.71	(44.26315789473684, '0_skewness_mean')
334.35/103.71	(45.12280701754386, '0_symbols_mean')
334.35/103.71	(45.35087719298246, '1_landmark_decision_node_learner')
334.35/103.71	(46.29824561403509, '1_symbols_sum')
334.35/103.71	(48.91228070175438, '0_pca_kurtosis_first_pc')
334.35/103.71	(49.08771929824562, '0_number_of_categorical_features')
334.35/103.71	(49.473684210526315, '1_symbols_mean')
334.35/103.71	(50.8421052631579, '0_pca_95%')
334.35/103.71	(53.08771929824562, '1_pca_95%')
334.35/103.71	(54.0, '0_symbols_min')
334.35/103.71	(54.280701754385966, '1_log_dataset_ratio')
334.35/103.71	(54.31578947368421, '1_log_inverse_dataset_ratio')
334.35/103.71	(55.1578947368421, '0_inverse_dataset_ratio')
334.35/103.71	(55.19298245614035, '0_dataset_ratio')
334.35/103.71	(55.8421052631579, '0_log_inverse_dataset_ratio')
334.35/103.71	(55.91228070175438, '1_inverse_dataset_ratio')
334.35/103.71	(56.40350877192982, '1_dataset_ratio')
334.35/103.71	(56.421052631578945, '1_symbols_min')
334.35/103.71	(56.45614035087719, '0_log_dataset_ratio')
334.35/103.71	(58.75438596491228, '1_ratio_numerical_to_categorical')
334.35/103.71	(59.08771929824562, '1_number_of_categorical_features')
334.35/103.71	(60.14035087719298, '0_ratio_numerical_to_categorical')
334.35/103.71	(64.78947368421052, '1_kurtosis_mean')
334.35/103.71	(66.3859649122807, '0_kurtosis_mean')
334.35/103.71	(73.54385964912281, '0_class_probability_mean')
334.35/103.71	(74.17543859649123, '1_ratio_categorical_to_numerical')
334.35/103.71	(74.35087719298245, '0_ratio_categorical_to_numerical')
334.35/103.71	(74.43859649122807, '1_class_probability_mean')
334.35/103.71	(74.6842105263158, '1_number_of_classes')
334.35/103.71	(75.85964912280701, '0_number_of_classes')
334.35/103.71	(75.85964912280701, '0_symbols_max')
334.35/103.71	(76.10526315789474, '1_percentage_of_features_with_missing_values')
334.35/103.71	(76.29824561403508, '1_symbols_max')
334.35/103.71	(77.91228070175438, '0_symbols_std')
334.35/103.71	(78.10526315789474, '0_percentage_of_features_with_missing_values')
334.35/103.71	(78.14035087719299, '1_symbols_std')
334.35/103.71	(82.3157894736842, '1_percentage_of_Instances_with_missing_values')
334.35/103.71	(82.57894736842105, '1_number_of_Instances_with_missing_values')
334.35/103.71	(82.80701754385964, '1_percentage_of_missing_values')
334.35/103.71	(83.15789473684211, '0_number_of_Instances_with_missing_values')
334.35/103.71	(83.2280701754386, '0_percentage_of_missing_values')
334.35/103.71	(83.89473684210526, '0_percentage_of_Instances_with_missing_values')
334.35/103.71	(84.49122807017544, '1_number_of_missing_values')
334.35/103.71	(84.56140350877193, '0_number_of_missing_values')
334.35/103.71	(86.89473684210526, '1_number_of_features_with_missing_values')
334.35/103.71	(87.6140350877193, '0_number_of_features_with_missing_values')
334.35/103.71	Result for ParamILS: SAT, 102.833298, 1, 0.334590, -1, /home/feurerm/thesis/Software/pyMetaLearn/optimizers/metalearn_optimizer/learn_distances.py
