0.69/0.97	['/home/feurerm/thesis/Software/pyMetaLearn/optimizers/metalearn_optimizer/learn_distances.py', '--input_file', '/home/feurerm/thesis/experiments/2014_04_25_predict_distances/testfold_0-3_spearman_rank_perm.pkl', '--fold', '0', '--folds', '1', '--params', '-max_features', '0.784751739806', '-min_samples_leaf', '2', '-min_samples_split', '7', '-n_estimators', '39', '-n_jobs', '4', '-seed', '67']
0.69/0.98	Metafeatures (57, 46)
0.69/0.98	X (3192, 92)
0.69/0.98	Y (3192,)
0.69/0.98	Dataset Mae MSE Rho
6.11/2.54	vehicle 0.509479563189 0.335102861301 -0.238528621604
11.89/4.32	anneal.ORIG 0.773013363772 0.668058419558 -0.20491483211
17.72/6.10	segment 0.276479217368 0.0985028552462 0.721726845586
23.43/7.89	pendigits 0.377465852965 0.175130919556 0.330966542714
29.21/9.67	mushroom 0.220698868998 0.061083383895 0.572404049948
35.00/11.45	labor 0.197222750639 0.061154866306 0.516165594447
40.70/13.24	abalone 0.357862624016 0.168244586685 0.425666930424
46.26/14.91	diabetes 0.489086938294 0.336497438645 -0.279253020415
51.93/16.69	car 0.549737907593 0.408346662936 -0.0888826164515
57.56/18.38	autos 0.172305692074 0.0390980304606 0.61991584856
63.34/20.17	mfeat-fourier 0.693028205659 0.62217200234 -0.531033232108
68.91/21.84	primary-tumor 0.16154796086 0.0325577308218 0.713000188698
74.66/23.62	waveform-5000 0.251338774574 0.0851720955048 0.503883632901
80.39/25.40	credit-a 0.438552454958 0.268804008729 0.184875842219
86.06/27.18	letter 0.310165474767 0.131236495751 0.489339204755
92.01/28.96	postoperative-patient-data 0.466117417433 0.261653400439 -0.436656053913
97.69/30.74	vowel 0.498646851875 0.314104269347 0.0281192277501
103.35/32.52	eucalyptus 0.273928787185 0.101629165644 0.519397689591
109.06/34.30	cylinder-bands 0.258058548294 0.0803758215677 0.584362801979
114.73/36.08	ionosphere 0.417479197165 0.200562538393 -0.0824184261641
120.50/37.87	mfeat-karhunen 0.249688559309 0.0848686213651 0.616360543902
126.24/39.67	balance-scale 0.264219944407 0.104004982372 0.285394001188
131.93/41.46	mfeat-morphological 0.515191421733 0.351882675617 -0.257597982952
137.66/43.24	liver-disorders 0.141540877213 0.0301199603067 0.526831508422
143.40/45.02	dermatology 0.229818136194 0.0668325497207 0.443443453714
149.05/46.80	vote 0.07272894491 0.00834312004592 0.782490234287
154.80/49.78	breast-cancer 0.107925450745 0.0188946887356 0.514549546876
160.66/51.57	credit-g 0.545641920247 0.415557338135 -0.412415340335
166.45/53.37	soybean 0.112082722722 0.0175647787011 0.838082270759
172.24/55.15	arrhythmia 0.347402257982 0.151820656714 -0.351651951634
178.00/56.93	nursery 0.210940404804 0.057597121934 0.710414512583
183.73/58.73	hepatitis 0.284481025073 0.107504346293 0.148999586124
189.52/60.53	cmc 0.176081540848 0.040026583677 0.655792104655
195.19/62.32	heart-c 0.210184019263 0.0617548952687 0.804468481265
200.92/64.11	glass 0.300706399808 0.109922129661 0.599876858669
206.78/65.90	braziltourism 0.702345230696 0.616395198813 -0.572080840433
212.51/67.68	iris 0.306496095703 0.125113887453 0.187461518334
218.15/69.36	heart-statlog 0.286962933114 0.110802973571 0.683588122891
223.98/71.14	page-blocks 0.684684654622 0.624918131269 -0.703303903267
229.72/73.03	breast-w 0.225435221579 0.0675205776214 0.484814271554
235.36/74.81	heart-h 0.153052933229 0.031243351122 0.721726845586
241.13/76.60	yeast 0.327890239487 0.134315629881 0.596321554011
246.81/78.81	tae 0.389170750788 0.185818968407 -0.00484814271554
252.58/80.60	haberman 0.318386434054 0.136677156438 -0.0743381883049
258.21/82.39	mfeat-pixel 0.423029180741 0.219017647801 0.0688436265606
263.93/84.31	optdigits 0.225924744558 0.0650424366083 0.745967559164
269.82/86.10	mfeat-factors 0.305388512543 0.124036262811 0.474148357579
275.57/87.89	satimage 0.374606849892 0.173307015542 0.0316745324082
281.21/89.67	lymph 0.250902518632 0.0950968215426 0.324825561941
286.86/91.45	audiology 0.263276429562 0.0841182467152 0.53555816531
292.62/93.26	ecoli 0.435229764707 0.239279483858 0.0526831508422
298.30/95.04	tic-tac-toe 0.166859902742 0.0406210122656 0.730453502474
304.06/96.83	spambase 0.358347905128 0.164686441079 0.682295284833
309.89/98.62	zoo 0.192222275647 0.0509926024159 0.593089458867
315.62/102.34	sonar 0.566460527324 0.405576034139 -0.353914418234
321.45/104.13	mfeat-zernike 0.214435935178 0.0641915587269 0.610865982158
327.25/106.02	kr-vs-kp 0.211680085449 0.0545125790985 0.639631628936
327.39/106.16	MAE 0.330590161444 0.159257980669
327.39/106.16	MSE 0.173499403839 0.173499403839
327.39/106.16	Mean tau 0.293134018506 0.41728650603
327.39/106.16	(0.5263157894736842, '1_class_probability_max')
327.39/106.16	(0.6491228070175439, '0_class_probability_max')
327.39/106.16	(2.3157894736842106, '1_skewness_min')
327.39/106.16	(2.6491228070175437, '0_skewness_min')
327.39/106.16	(7.245614035087719, '0_class_entropy')
327.39/106.16	(7.684210526315789, '0_landmark_naive_bayes')
327.39/106.16	(8.385964912280702, '1_landmark_naive_bayes')
327.39/106.16	(9.666666666666666, '1_class_entropy')
327.39/106.16	(12.894736842105264, '1_class_probability_std')
327.39/106.16	(13.631578947368421, '1_landmark_decision_tree')
327.39/106.16	(14.859649122807017, '0_pca_skewness_first_pc')
327.39/106.16	(15.385964912280702, '1_pca_skewness_first_pc')
327.39/106.16	(16.403508771929825, '0_class_probability_std')
327.39/106.16	(17.29824561403509, '0_landmark_decision_tree')
327.39/106.16	(17.82456140350877, '0_landmark_lda')
327.39/106.16	(18.31578947368421, '1_skewness_max')
327.39/106.16	(19.719298245614034, '0_skewness_max')
327.39/106.16	(20.05263157894737, '1_landmark_lda')
327.39/106.16	(21.614035087719298, '0_kurtosis_min')
327.39/106.16	(23.29824561403509, '1_kurtosis_min')
327.39/106.16	(27.05263157894737, '1_landmark_1NN')
327.39/106.16	(27.719298245614034, '0_landmark_1NN')
327.39/106.16	(29.210526315789473, '1_kurtosis_std')
327.39/106.16	(30.666666666666668, '0_class_probability_min')
327.39/106.16	(31.333333333333332, '1_class_probability_min')
327.39/106.16	(32.12280701754386, '0_number_of_numeric_features')
327.39/106.16	(32.280701754385966, '0_kurtosis_std')
327.39/106.16	(32.333333333333336, '0_skewness_std')
327.39/106.16	(33.12280701754386, '0_number_of_features')
327.39/106.16	(33.473684210526315, '1_number_of_numeric_features')
327.39/106.16	(33.473684210526315, '1_skewness_std')
327.39/106.16	(33.78947368421053, '1_log_number_of_features')
327.39/106.16	(33.98245614035088, '1_kurtosis_max')
327.39/106.16	(34.14035087719298, '0_kurtosis_max')
327.39/106.16	(34.43859649122807, '0_log_number_of_features')
327.39/106.16	(34.68421052631579, '1_number_of_features')
327.39/106.16	(35.31578947368421, '0_number_of_instances')
327.39/106.16	(36.0, '1_log_number_of_instances')
327.39/106.16	(37.73684210526316, '1_number_of_instances')
327.39/106.16	(38.10526315789474, '1_landmark_random_node_learner')
327.39/106.16	(39.43859649122807, '0_log_number_of_instances')
327.39/106.16	(40.01754385964912, '0_landmark_random_node_learner')
327.39/106.16	(41.1578947368421, '1_skewness_mean')
327.39/106.16	(41.578947368421055, '0_skewness_mean')
327.39/106.16	(43.21052631578947, '1_landmark_decision_node_learner')
327.39/106.16	(44.26315789473684, '0_landmark_decision_node_learner')
327.39/106.16	(44.26315789473684, '0_symbols_mean')
327.39/106.16	(44.29824561403509, '0_pca_kurtosis_first_pc')
327.39/106.16	(44.578947368421055, '1_symbols_mean')
327.39/106.16	(44.96491228070175, '1_pca_kurtosis_first_pc')
327.39/106.16	(47.43859649122807, '1_pca_95%')
327.39/106.16	(48.73684210526316, '0_symbols_sum')
327.39/106.16	(49.08771929824562, '0_pca_95%')
327.39/106.16	(49.96491228070175, '0_symbols_min')
327.39/106.16	(50.07017543859649, '1_symbols_sum')
327.39/106.16	(52.45614035087719, '1_dataset_ratio')
327.39/106.16	(52.578947368421055, '0_dataset_ratio')
327.39/106.16	(53.43859649122807, '1_log_inverse_dataset_ratio')
327.39/106.16	(53.50877192982456, '1_symbols_min')
327.39/106.16	(53.91228070175438, '1_inverse_dataset_ratio')
327.39/106.16	(54.03508771929825, '0_log_dataset_ratio')
327.39/106.16	(54.19298245614035, '1_log_dataset_ratio')
327.39/106.16	(54.87719298245614, '0_log_inverse_dataset_ratio')
327.39/106.16	(56.31578947368421, '0_inverse_dataset_ratio')
327.39/106.16	(58.0, '1_ratio_numerical_to_categorical')
327.39/106.16	(58.89473684210526, '1_number_of_categorical_features')
327.39/106.16	(59.526315789473685, '0_number_of_categorical_features')
327.39/106.16	(60.12280701754386, '0_ratio_numerical_to_categorical')
327.39/106.16	(63.824561403508774, '0_kurtosis_mean')
327.39/106.16	(65.08771929824562, '1_kurtosis_mean')
327.39/106.16	(71.63157894736842, '0_symbols_max')
327.39/106.16	(72.33333333333333, '1_ratio_categorical_to_numerical')
327.39/106.16	(73.01754385964912, '0_ratio_categorical_to_numerical')
327.39/106.16	(73.57894736842105, '1_symbols_max')
327.39/106.16	(74.3157894736842, '0_number_of_classes')
327.39/106.16	(75.43859649122807, '0_class_probability_mean')
327.39/106.16	(76.08771929824562, '1_class_probability_mean')
327.39/106.16	(76.91228070175438, '1_number_of_classes')
327.39/106.16	(77.54385964912281, '0_symbols_std')
327.39/106.16	(77.87719298245614, '1_symbols_std')
327.39/106.16	(79.49122807017544, '0_percentage_of_features_with_missing_values')
327.39/106.16	(79.73684210526316, '1_percentage_of_features_with_missing_values')
327.39/106.16	(82.43859649122807, '1_percentage_of_Instances_with_missing_values')
327.39/106.16	(82.6842105263158, '1_number_of_Instances_with_missing_values')
327.39/106.16	(83.14035087719299, '0_percentage_of_Instances_with_missing_values')
327.39/106.16	(83.43859649122807, '0_number_of_Instances_with_missing_values')
327.39/106.16	(83.6140350877193, '0_number_of_missing_values')
327.39/106.16	(84.10526315789474, '1_percentage_of_missing_values')
327.39/106.16	(84.40350877192982, '0_percentage_of_missing_values')
327.39/106.16	(85.42105263157895, '1_number_of_missing_values')
327.39/106.16	(86.71929824561404, '1_number_of_features_with_missing_values')
327.39/106.16	(86.82456140350877, '0_number_of_features_with_missing_values')
327.39/106.16	Result for ParamILS: SAT, 105.189592, 1, 0.330590, -1, /home/feurerm/thesis/Software/pyMetaLearn/optimizers/metalearn_optimizer/learn_distances.py
