0.70/1.16	['/home/feurerm/thesis/Software/pyMetaLearn/optimizers/metalearn_optimizer/learn_distances.py', '--input_file', '/home/feurerm/thesis/experiments/2014_04_25_predict_distances/testfold_0-3_spearman_rank_perm.pkl', '--fold', '0', '--folds', '1', '--params', '-max_features', '0.707269126925', '-min_samples_leaf', '2', '-min_samples_split', '4', '-n_estimators', '86', '-n_jobs', '4', '-seed', '83']
0.70/1.18	Metafeatures (57, 46)
0.70/1.18	X (3192, 92)
0.70/1.18	Y (3192,)
0.70/1.18	Dataset Mae MSE Rho
12.55/7.63	vehicle 0.490104948586 0.306738397133 -0.190693613478
25.13/11.45	anneal.ORIG 0.705022360977 0.556915538637 -0.170977833101
37.74/15.47	segment 0.25117541209 0.082038429094 0.79897391952
50.24/23.67	pendigits 0.392297183932 0.190649865192 0.256951563923
62.86/27.55	mushroom 0.208415510859 0.0543852022877 0.595028715953
75.41/31.69	labor 0.209788157267 0.0642800146815 0.503560423387
88.00/35.38	abalone 0.378942202284 0.186719828711 0.367812427352
100.36/39.14	diabetes 0.49996796739 0.350120852441 -0.29218140099
112.67/42.83	car 0.584555500452 0.439273469153 0.012281961546
125.18/46.80	autos 0.175809017869 0.0398676836681 0.659670618827
137.85/50.58	mfeat-fourier 0.69261043366 0.615980731662 -0.505499680473
150.26/54.38	primary-tumor 0.178145737585 0.0396300294385 0.65837778077
162.89/58.35	waveform-5000 0.22561299519 0.0707583589097 0.672598999402
175.19/62.00	credit-a 0.420472510631 0.250635487346 0.246932068978
187.76/67.17	letter 0.294510822607 0.109529108613 0.526185089393
200.45/70.96	postoperative-patient-data 0.468890239374 0.263925356953 -0.460573557976
212.87/74.92	vowel 0.479842976079 0.283869439801 0.090175454509
225.17/80.81	eucalyptus 0.243975809984 0.0820534801015 0.62217831516
237.85/88.17	cylinder-bands 0.252344887353 0.0752425970176 0.594382296925
250.33/95.65	ionosphere 0.430090797672 0.211780926679 -0.124112453518
262.90/99.38	mfeat-karhunen 0.239805293601 0.0765609770751 0.713000188698
275.49/103.32	balance-scale 0.21908325821 0.0715565644529 0.527801136965
287.89/107.20	mfeat-morphological 0.524151263504 0.370492867181 -0.315775695539
300.55/111.30	liver-disorders 0.135339703002 0.0285418673424 0.577575402177
313.20/115.62	dermatology 0.223509127212 0.0632295643596 0.457664672347
325.74/124.72	vote 0.0688274408896 0.00824831930851 0.778611720115
338.35/133.31	breast-cancer 0.118079376242 0.0189422517392 0.526508298907
350.92/138.75	credit-g 0.564209547861 0.44291441279 -0.434070377798
363.61/146.39	soybean 0.0966241729686 0.0130419974103 0.846485718133
376.24/153.56	arrhythmia 0.332152602999 0.136009075141 -0.233357269374
388.82/157.29	nursery 0.208000789946 0.0546888878934 0.724635731215
401.22/161.00	hepatitis 0.304811328088 0.134432098669 0.0235942945489
413.79/169.39	cmc 0.156484603537 0.0323553712666 0.721080426557
426.32/173.55	heart-c 0.216625280755 0.0640349335753 0.823861052127
438.81/177.27	glass 0.292988928923 0.102631800808 0.624117572247
451.43/184.21	braziltourism 0.69011591074 0.590076490882 -0.632844229135
464.01/188.96	iris 0.291472794003 0.110108164815 0.248224907035
476.40/193.16	heart-statlog 0.30650424927 0.124179859234 0.652236799997
489.28/197.18	page-blocks 0.591305706348 0.467437138779 -0.611189191672
501.95/200.94	breast-w 0.231399223456 0.0707136042748 0.478673290781
514.50/204.68	heart-h 0.12152713773 0.0207560571321 0.769561853713
527.01/209.48	yeast 0.313483290098 0.120985077348 0.684234541919
539.79/213.48	tae 0.363250331104 0.166140144279 -0.0174533137759
552.26/221.45	haberman 0.30903747439 0.124050547551 -0.0959932257676
564.98/225.30	mfeat-pixel 0.410642697739 0.205028121927 0.113123330029
577.42/229.17	optdigits 0.216605807452 0.0589861833501 0.754371006537
590.11/233.18	mfeat-factors 0.254582075579 0.0859118387507 0.669366904258
602.61/236.94	satimage 0.383991073134 0.177998292696 0.0494510556985
615.01/240.71	lymph 0.264078767714 0.107502881105 0.332582590286
627.35/247.08	audiology 0.270911094448 0.0882429904292 0.496449814071
640.01/253.78	ecoli 0.396902825176 0.197365102799 0.180674118532
652.66/257.69	tic-tac-toe 0.171995901036 0.0434614076227 0.761804825368
665.55/261.55	spambase 0.382740106227 0.189428091914 0.650620752425
678.12/265.40	zoo 0.196881554185 0.0504615406921 0.588241316152
690.53/269.18	sonar 0.568540760089 0.403648766482 -0.326118399998
703.25/272.97	mfeat-zernike 0.205360392043 0.0609025731206 0.666781228143
715.81/277.31	kr-vs-kp 0.224226285943 0.0609264544223 0.599553649155
716.14/277.69	MAE 0.323663572763 0.155444034145
716.14/277.69	MSE 0.165199773967 0.165199773967
716.14/277.69	Mean tau 0.319915045459 0.424758395808
716.14/277.69	(0.3684210526315789, '1_class_probability_max')
716.14/277.69	(0.7719298245614035, '0_class_probability_max')
716.14/277.69	(2.4035087719298245, '1_skewness_min')
716.14/277.69	(2.5964912280701755, '0_skewness_min')
716.14/277.69	(6.175438596491228, '1_class_entropy')
716.14/277.69	(6.298245614035087, '0_class_entropy')
716.14/277.69	(7.280701754385965, '0_landmark_decision_tree')
716.14/277.70	(8.736842105263158, '0_class_probability_std')
716.14/277.70	(9.175438596491228, '1_landmark_naive_bayes')
716.14/277.70	(9.894736842105264, '0_landmark_naive_bayes')
716.14/277.70	(10.649122807017545, '1_landmark_decision_tree')
716.14/277.70	(11.192982456140351, '1_class_probability_std')
716.14/277.70	(13.87719298245614, '1_landmark_random_node_learner')
716.14/277.70	(15.473684210526315, '0_landmark_random_node_learner')
716.14/277.70	(15.666666666666666, '1_pca_skewness_first_pc')
716.14/277.70	(17.280701754385966, '0_pca_skewness_first_pc')
716.14/277.70	(18.36842105263158, '1_landmark_lda')
716.14/277.70	(19.140350877192983, '0_landmark_lda')
716.14/277.70	(20.42105263157895, '0_kurtosis_min')
716.14/277.70	(20.42105263157895, '1_kurtosis_min')
716.14/277.70	(23.70175438596491, '1_landmark_1NN')
716.14/277.70	(24.614035087719298, '0_skewness_max')
716.14/277.70	(25.94736842105263, '0_landmark_1NN')
716.14/277.70	(28.31578947368421, '1_skewness_max')
716.14/277.70	(28.70175438596491, '0_number_of_features')
716.14/277.70	(29.649122807017545, '1_log_number_of_features')
716.14/277.70	(29.666666666666668, '1_skewness_std')
716.14/277.70	(29.771929824561404, '0_skewness_std')
716.14/277.70	(30.57894736842105, '1_number_of_features')
716.14/277.70	(31.350877192982455, '0_log_number_of_features')
716.14/277.70	(32.03508771929825, '0_number_of_numeric_features')
716.14/277.70	(32.05263157894737, '0_class_probability_min')
716.24/277.70	(33.14035087719298, '1_kurtosis_std')
716.24/277.70	(33.824561403508774, '1_class_probability_min')
716.24/277.70	(34.43859649122807, '1_number_of_numeric_features')
716.24/277.70	(35.68421052631579, '1_kurtosis_max')
716.24/277.70	(36.98245614035088, '0_kurtosis_std')
716.24/277.70	(37.01754385964912, '0_kurtosis_max')
716.24/277.70	(39.26315789473684, '0_number_of_instances')
716.24/277.70	(39.87719298245614, '1_number_of_instances')
716.24/277.70	(40.08771929824562, '1_log_number_of_instances')
716.24/277.70	(40.35087719298246, '0_skewness_mean')
716.24/277.70	(41.49122807017544, '0_log_number_of_instances')
716.24/277.70	(41.56140350877193, '1_skewness_mean')
716.24/277.70	(43.75438596491228, '1_landmark_decision_node_learner')
716.24/277.70	(43.98245614035088, '1_pca_kurtosis_first_pc')
716.24/277.70	(45.1578947368421, '0_landmark_decision_node_learner')
716.24/277.70	(45.49122807017544, '0_pca_kurtosis_first_pc')
716.24/277.70	(48.54385964912281, '0_symbols_sum')
716.24/277.70	(48.666666666666664, '0_symbols_mean')
716.24/277.70	(48.89473684210526, '1_symbols_mean')
716.24/277.70	(49.1578947368421, '1_symbols_sum')
716.24/277.70	(51.96491228070175, '1_pca_95%')
716.24/277.70	(52.70175438596491, '0_pca_95%')
716.24/277.70	(55.0, '1_symbols_min')
716.24/277.70	(55.421052631578945, '1_dataset_ratio')
716.24/277.70	(55.87719298245614, '1_inverse_dataset_ratio')
716.24/277.70	(55.92982456140351, '0_log_inverse_dataset_ratio')
716.24/277.70	(55.94736842105263, '0_symbols_min')
716.24/277.70	(56.14035087719298, '1_log_dataset_ratio')
716.24/277.70	(56.70175438596491, '0_inverse_dataset_ratio')
716.24/277.70	(57.14035087719298, '1_log_inverse_dataset_ratio')
716.24/277.70	(57.19298245614035, '0_log_dataset_ratio')
716.24/277.70	(57.36842105263158, '0_number_of_categorical_features')
716.24/277.70	(58.12280701754386, '1_number_of_categorical_features')
716.24/277.70	(58.26315789473684, '0_dataset_ratio')
716.24/277.70	(59.68421052631579, '1_ratio_numerical_to_categorical')
716.24/277.70	(60.75438596491228, '0_ratio_numerical_to_categorical')
716.24/277.70	(64.66666666666667, '0_kurtosis_mean')
716.24/277.70	(66.35087719298245, '1_kurtosis_mean')
716.24/277.70	(73.19298245614036, '1_ratio_categorical_to_numerical')
716.24/277.70	(74.0701754385965, '0_class_probability_mean')
716.24/277.70	(74.15789473684211, '0_ratio_categorical_to_numerical')
716.24/277.70	(74.64912280701755, '1_class_probability_mean')
716.24/277.70	(74.7719298245614, '1_symbols_max')
716.24/277.70	(75.40350877192982, '1_number_of_classes')
716.24/277.70	(76.0701754385965, '0_number_of_classes')
716.24/277.70	(77.73684210526316, '0_symbols_std')
716.24/277.70	(77.85964912280701, '0_symbols_max')
716.24/277.70	(78.21052631578948, '1_symbols_std')
716.24/277.70	(79.08771929824562, '0_percentage_of_features_with_missing_values')
716.24/277.70	(79.10526315789474, '1_percentage_of_features_with_missing_values')
716.24/277.70	(82.24561403508773, '0_percentage_of_missing_values')
716.24/277.70	(83.03508771929825, '1_percentage_of_missing_values')
716.24/277.70	(83.64912280701755, '0_number_of_Instances_with_missing_values')
716.24/277.70	(83.89473684210526, '1_percentage_of_Instances_with_missing_values')
716.24/277.70	(84.14035087719299, '1_number_of_Instances_with_missing_values')
716.24/277.70	(84.29824561403508, '0_percentage_of_Instances_with_missing_values')
716.24/277.70	(84.94736842105263, '1_number_of_missing_values')
716.24/277.70	(85.15789473684211, '0_number_of_missing_values')
716.24/277.70	(87.14035087719299, '1_number_of_features_with_missing_values')
716.24/277.70	(88.0, '0_number_of_features_with_missing_values')
716.24/277.70	Result for ParamILS: SAT, 276.531264, 1, 0.323664, -1, /home/feurerm/thesis/Software/pyMetaLearn/optimizers/metalearn_optimizer/learn_distances.py
