0.80/2.68	['/home/feurerm/thesis/Software/pyMetaLearn/optimizers/metalearn_optimizer/learn_distances.py', '--input_file', '/home/feurerm/thesis/experiments/2014_04_25_predict_distances/testfold_0-3_pfahringer_spearman_rank_perm.pkl', '--fold', '0', '--folds', '1', '--params', '-max_features', '0.311255543515', '-min_samples_leaf', '9', '-min_samples_split', '4', '-n_estimators', '85', '-n_jobs', '4', '-seed', '44']
0.80/2.68	Metafeatures (57, 8)
0.80/2.68	X (3192, 16)
0.80/2.68	Y (3192,)
0.80/2.68	Dataset Mae MSE Rho
1.59/3.47	vehicle 0.361620802592 0.163019142385 0.305756200593
2.52/4.09	anneal.ORIG 0.284943730458 0.109306049168 0.571757630919
3.44/4.65	segment 0.282071999278 0.098992076258 0.701041436666
4.35/5.15	pendigits 0.339616489463 0.140216272346 0.589534154209
5.26/5.67	mushroom 0.208868184251 0.0546789628301 0.617330172445
6.16/6.28	labor 0.291773453887 0.117662005505 0.386235369671
7.07/6.89	abalone 0.344106792745 0.148454333206 0.487399947669
8.00/7.41	diabetes 0.491461402627 0.325159871751 0.0391083512387
8.92/7.92	car 0.353354393891 0.174283294135 0.414031387907
9.84/8.45	autos 0.25875420181 0.0874600823391 0.523599413278
10.76/8.97	mfeat-fourier 0.52230773623 0.354119926975 -0.352621580177
11.68/9.67	primary-tumor 0.236675185818 0.0680954138023 0.500328328243
12.60/14.81	waveform-5000 0.236171164721 0.0751543366961 0.637369162336
13.50/15.52	credit-a 0.387589730194 0.206526208077 0.313836438452
14.43/16.05	letter 0.242505138148 0.0824392440748 0.662902713971
15.36/16.54	postoperative-patient-data 0.409845676986 0.20321549246 -0.146413910009
16.29/17.14	vowel 0.473251360183 0.278443613011 0.105366301684
17.23/17.80	eucalyptus 0.381946024934 0.192361999274 0.0795095405348
18.22/18.30	cylinder-bands 0.353723085392 0.163500483236 0.307372248165
19.12/21.15	ionosphere 0.424813637398 0.217970378735 0.00323209514369
20.10/21.75	mfeat-karhunen 0.227211438564 0.0696513868355 0.722373264615
21.01/22.34	balance-scale 0.245637339989 0.0840399624056 0.434393587312
22.06/23.10	mfeat-morphological 0.485069623349 0.315711726631 -0.239821459662
22.97/23.64	liver-disorders 0.281921904529 0.105945300953 0.357469722892
23.95/24.15	dermatology 0.184458236692 0.0440031764266 0.585978849551
25.05/25.60	vote 0.0834337948465 0.0107370503277 0.803498852721
25.87/29.34	breast-cancer 0.208562508579 0.058880852982 0.207500508225
26.84/29.93	credit-g 0.547272359242 0.395712770187 -0.669043694744
27.78/30.53	soybean 0.127337061559 0.0248294150035 0.811579090581
28.72/31.03	arrhythmia 0.281486353339 0.110294763317 0.17905807096
29.70/31.52	nursery 0.31172358189 0.118866999495 0.48384464301
30.63/32.17	hepatitis 0.362584342285 0.188656993469 -0.516165594447
31.58/32.83	cmc 0.308593652813 0.111357653691 0.274081668185
32.57/33.47	heart-c 0.307185450738 0.122240142039 0.732715969075
33.50/33.97	glass 0.369465072102 0.165797334545 0.291858191475
34.44/34.65	braziltourism 0.458606810589 0.27206952646 0.0898522449946
35.49/35.28	iris 0.322249718687 0.1348510327 0.204591622596
36.35/37.60	heart-statlog 0.298389529533 0.117545278421 0.72495894073
37.26/41.57	page-blocks 0.329243044267 0.149242565215 0.367489217838
38.21/42.17	breast-w 0.226227307092 0.0713936465929 0.483198223982
39.17/42.77	heart-h 0.207688611808 0.0542507976775 0.626703248362
40.10/43.36	yeast 0.351032153328 0.154372886565 0.489985623783
41.08/43.87	tae 0.316168177539 0.120771343704 0.202652365509
42.01/44.55	haberman 0.261913467621 0.0910101811458 0.139949719722
42.95/45.48	mfeat-pixel 0.319277873114 0.12595125786 0.28410116313
43.97/46.13	optdigits 0.244392413479 0.0749832733617 0.703950322296
44.83/46.68	mfeat-factors 0.241505800883 0.0805335496853 0.693607617836
45.81/47.28	satimage 0.281895030108 0.104739020556 0.358116141921
46.74/47.89	lymph 0.174552207305 0.0435288555347 0.725605359759
47.70/48.60	audiology 0.339711202048 0.155541212272 0.291858191475
48.70/49.35	ecoli 0.410237842366 0.21427618013 0.102780625569
49.67/49.92	tic-tac-toe 0.27769114287 0.116023335615 0.572727259462
50.69/50.58	spambase 0.21713903069 0.0621840396327 0.776995672543
51.56/51.15	zoo 0.140144676413 0.0269924021097 0.733685597618
52.58/51.77	sonar 0.489564320205 0.299216890966 -0.152554890782
53.46/57.69	mfeat-zernike 0.27392954364 0.101723835711 0.468007376806
54.53/58.28	kr-vs-kp 0.219499775916 0.0602246892429 0.619592639045
54.58/58.32	MAE 0.309094782299 0.0989147336905
54.58/58.32	MSE 0.137179131855 0.137179131855
54.58/58.32	Mean tau 0.363400900998 0.329928540815
54.58/58.32	(0.8245614035087719, '0_landmark_decision_tree')
54.58/58.32	(1.0701754385964912, '0_class_probability_max')
54.58/58.32	(1.6140350877192982, '1_class_probability_max')
54.58/58.32	(2.789473684210526, '1_landmark_naive_bayes')
54.58/58.32	(3.719298245614035, '1_landmark_decision_tree')
54.58/58.32	(5.56140350877193, '0_landmark_naive_bayes')
54.58/58.32	(6.385964912280702, '1_landmark_lda')
54.58/58.32	(6.473684210526316, '0_landmark_lda')
54.58/58.32	(9.298245614035087, '0_number_of_categorical_features')
54.58/58.32	(9.350877192982455, '1_number_of_features')
54.58/58.32	(10.403508771929825, '0_number_of_features')
54.58/58.32	(10.614035087719298, '1_number_of_numeric_features')
54.58/58.32	(10.771929824561404, '0_number_of_numeric_features')
54.58/58.32	(12.157894736842104, '1_number_of_categorical_features')
54.58/58.32	(14.43859649122807, '0_number_of_classes')
54.58/58.32	(14.526315789473685, '1_number_of_classes')
54.58/58.32	Result for ParamILS: SAT, 55.647556, 1, 0.309095, -1, /home/feurerm/thesis/Software/pyMetaLearn/optimizers/metalearn_optimizer/learn_distances.py
