0.77/0.93	['/home/feurerm/thesis/Software/pyMetaLearn/optimizers/metalearn_optimizer/learn_distances.py', '--input_file', '/home/feurerm/thesis/experiments/2014_04_25_predict_distances/testfold_0-3_pfahringer_spearman_rank_perm.pkl', '--fold', '0', '--folds', '1', '--params', '-max_features', '0.730665243325', '-min_samples_leaf', '7', '-min_samples_split', '8', '-n_estimators', '71', '-n_jobs', '4', '-seed', '84']
0.77/0.93	Metafeatures (57, 8)
0.77/0.93	X (3192, 16)
0.77/0.93	Y (3192,)
0.77/0.93	Dataset Mae MSE Rho
2.41/1.50	vehicle 0.352077193607 0.149490074128 0.357792932407
4.00/2.18	anneal.ORIG 0.440295386611 0.239153856719 0.295413496133
5.65/2.86	segment 0.205670104308 0.0542349003902 0.80414527175
7.29/3.56	pendigits 0.296542499235 0.114591280973 0.677123932603
8.93/4.25	mushroom 0.189810275013 0.0449637191373 0.659993828342
10.58/4.95	labor 0.307576706457 0.131053738493 0.21525753657
12.23/5.65	abalone 0.281984200007 0.102121383223 0.585332430522
13.98/6.47	diabetes 0.515716068311 0.333349083637 0.221398517343
15.66/7.27	car 0.366390134491 0.176785262029 0.266647849354
17.35/7.97	autos 0.226763941333 0.0662102879013 0.657408152227
19.03/8.68	mfeat-fourier 0.556602873083 0.403690475599 -0.43051507314
20.72/9.37	primary-tumor 0.227122745472 0.0652715746628 0.508408566103
22.42/10.17	waveform-5000 0.173490149791 0.044191307836 0.746937187707
24.20/10.97	credit-a 0.383506338569 0.207967588726 0.356500094349
25.77/11.68	letter 0.241169426686 0.0799273422857 0.640924466994
27.43/12.38	postoperative-patient-data 0.448181786561 0.266576388601 -0.0294120658076
29.13/13.08	vowel 0.414674013542 0.209539194324 0.39948695976
30.84/13.87	eucalyptus 0.424808668716 0.237175312415 -0.100518158969
32.52/14.45	cylinder-bands 0.327351880993 0.128939833277 0.438595310999
34.17/15.15	ionosphere 0.412985315714 0.202137661737 0.0636722743307
35.84/15.84	mfeat-karhunen 0.167138950257 0.0408526730306 0.773117158371
37.52/16.63	balance-scale 0.260050111078 0.0879099610289 0.362641075122
39.20/17.32	mfeat-morphological 0.471644213972 0.296184312512 -0.212995069969
40.83/18.01	liver-disorders 0.28764001744 0.109284115687 0.42017236868
42.48/18.69	dermatology 0.200253047234 0.051338959291 0.514549546876
44.14/19.38	vote 0.0800800717453 0.00999028994751 0.782167024773
45.79/20.07	breast-cancer 0.139874044779 0.0270437651517 0.389467464815
47.51/20.77	credit-g 0.665929284728 0.587353994993 -0.675184675517
49.18/21.46	soybean 0.123875138416 0.0236665241531 0.761481615853
50.83/22.06	arrhythmia 0.260616143442 0.094668843249 0.376215874726
52.46/22.76	nursery 0.276854507778 0.0978895991391 0.591150201781
54.16/23.46	hepatitis 0.247841610159 0.0852908045176 0.419525949651
55.82/24.07	cmc 0.265726912807 0.0916010425314 0.303493733993
57.47/24.75	heart-c 0.238781408488 0.0765885511974 0.79671145292
59.13/25.45	glass 0.362506540462 0.157365124061 0.325148771455
60.80/26.14	braziltourism 0.453844387688 0.266663540242 0.147706748067
62.46/26.83	iris 0.290400032352 0.110210838665 0.325795190484
64.15/27.62	heart-statlog 0.251635514237 0.0850908269205 0.792832938747
65.89/28.32	page-blocks 0.404982238115 0.221011119706 0.142212186322
67.57/29.00	breast-w 0.208329659908 0.0576022977169 0.563354183545
69.31/29.81	heart-h 0.164169721297 0.036150179644 0.68132565629
70.95/30.50	yeast 0.289446339853 0.10462148914 0.628642505448
72.68/31.10	tae 0.35709870073 0.15365055889 0.174533137759
74.24/31.79	haberman 0.266421510734 0.0933677770537 0.0458957510404
75.92/32.48	mfeat-pixel 0.349126430955 0.150814582526 0.226569869573
77.62/33.16	optdigits 0.186259171294 0.0449045928339 0.766976177598
79.30/33.85	mfeat-factors 0.196524565555 0.0535586231887 0.728837454902
80.97/34.53	satimage 0.270611362333 0.100391845254 0.378155131812
82.63/35.21	lymph 0.196964704828 0.0566883041846 0.528770765508
84.26/35.89	audiology 0.313582102105 0.124745627536 0.405304731019
86.09/36.70	ecoli 0.402381891252 0.208342899745 0.155463776412
87.70/37.40	tic-tac-toe 0.314696567846 0.149105653593 0.477057243209
89.44/38.10	spambase 0.218344448459 0.0581781963684 0.856182003564
91.07/38.70	zoo 0.108877624842 0.0170703210564 0.815780814267
92.65/39.39	sonar 0.502897506012 0.3167268023 -0.167422528443
94.31/40.09	mfeat-zernike 0.222870812547 0.0694348689202 0.592443039838
96.11/40.80	kr-vs-kp 0.190329207864 0.0463955121609 0.684880960948
96.11/40.83	MAE 0.298268880914 0.117903261969
96.11/40.83	MSE 0.133668864636 0.133668864636
96.11/40.83	Mean tau 0.40725532879 0.321914154052
96.11/40.83	(0.10526315789473684, '1_class_probability_max')
96.11/40.83	(0.8947368421052632, '0_class_probability_max')
96.11/40.83	(3.0701754385964914, '0_landmark_naive_bayes')
96.11/40.83	(3.543859649122807, '1_landmark_decision_tree')
96.11/40.83	(3.6666666666666665, '0_landmark_decision_tree')
96.11/40.83	(3.9473684210526314, '1_landmark_naive_bayes')
96.11/40.83	(7.491228070175438, '0_number_of_numeric_features')
96.11/40.83	(7.771929824561403, '1_number_of_numeric_features')
96.11/40.83	(8.456140350877194, '1_number_of_categorical_features')
96.11/40.83	(8.87719298245614, '0_number_of_categorical_features')
96.11/40.83	(10.210526315789474, '0_landmark_lda')
96.11/40.83	(10.719298245614034, '0_number_of_features')
96.11/40.83	(11.105263157894736, '1_landmark_lda')
96.11/40.83	(11.140350877192983, '1_number_of_features')
96.11/40.83	(14.43859649122807, '1_number_of_classes')
96.11/40.83	(14.56140350877193, '0_number_of_classes')
96.11/40.83	Result for ParamILS: SAT, 39.906012, 1, 0.298269, -1, /home/feurerm/thesis/Software/pyMetaLearn/optimizers/metalearn_optimizer/learn_distances.py
