0.69/0.86	['/home/feurerm/thesis/Software/pyMetaLearn/optimizers/metalearn_optimizer/learn_distances.py', '--input_file', '/home/feurerm/thesis/experiments/2014_04_25_predict_distances/testfold_0-3_pfahringer_spearman_rank_perm.pkl', '--fold', '0', '--folds', '1', '--params', '-max_features', '0.858038103093', '-min_samples_leaf', '5', '-min_samples_split', '6', '-n_estimators', '44', '-n_jobs', '4', '-seed', '65']
0.69/0.87	Metafeatures (57, 8)
0.69/0.87	X (3192, 16)
0.69/0.87	Y (3192,)
0.69/0.87	Dataset Mae MSE Rho
1.91/1.41	vehicle 0.355679124253 0.152213571079 0.3306433332
3.19/1.98	anneal.ORIG 0.471561042989 0.2766779153 0.142535395837
4.48/2.55	segment 0.169466840059 0.0373460788028 0.829032404357
5.74/3.13	pendigits 0.272197326997 0.0977500529411 0.703627112781
7.03/3.70	mushroom 0.178413674107 0.0404450535044 0.675831094546
8.32/4.29	labor 0.326152944938 0.147728608387 0.186815099305
9.60/4.86	abalone 0.232303723832 0.0715665654734 0.670659742316
10.92/5.47	diabetes 0.536689658961 0.354151496241 0.239821459662
12.18/6.05	car 0.355594472085 0.165926316437 0.336137894944
13.44/6.67	autos 0.201572592746 0.0536595049083 0.72722140733
14.73/7.25	mfeat-fourier 0.600310709181 0.46938517077 -0.505176470959
15.99/7.83	primary-tumor 0.221668124844 0.0607723570391 0.529417184537
17.32/8.42	waveform-5000 0.163472341488 0.0385164116756 0.758895939739
18.56/8.99	credit-a 0.36358578936 0.186324063338 0.416293854507
19.84/9.55	letter 0.228407197823 0.0729175493933 0.593735877896
21.12/10.13	postoperative-patient-data 0.436313858212 0.248664769076 0.0643186933594
22.40/10.71	vowel 0.406492718784 0.205530463496 0.389790674329
23.74/11.28	eucalyptus 0.430095638784 0.245877860612 -0.0711060931612
25.04/11.87	cylinder-bands 0.323733898744 0.127261741113 0.447321967887
26.34/12.44	ionosphere 0.43444398352 0.220965151351 -0.0381387226955
27.68/13.03	mfeat-karhunen 0.149117703485 0.0333418963352 0.818689699897
28.97/13.61	balance-scale 0.244421439362 0.0771185419046 0.425990139938
30.24/14.18	mfeat-morphological 0.472748792729 0.299501355926 -0.170654623587
31.49/14.75	liver-disorders 0.279003900418 0.101439352031 0.398840540731
32.81/15.33	dermatology 0.205487655478 0.0543267963596 0.490632042812
34.08/15.91	vote 0.076080587077 0.0102010195702 0.761481615853
35.38/16.48	breast-cancer 0.156233434585 0.0339072928158 0.35359120872
36.69/17.06	credit-g 0.662219939389 0.580398318111 -0.659993828342
37.96/17.64	soybean 0.109808889227 0.0185732765881 0.784106281859
39.22/18.20	arrhythmia 0.253453880549 0.0900603833934 0.445705920315
40.51/18.78	nursery 0.254908511703 0.0812070655315 0.643833352623
41.83/19.27	hepatitis 0.244559303251 0.0771054945748 0.420818787709
43.09/19.84	cmc 0.267280987817 0.0953158041885 0.306079410107
44.35/20.41	heart-c 0.223160251153 0.0688588482115 0.807700576408
45.64/20.98	glass 0.382244185752 0.17723595608 0.178734861446
46.96/21.55	braziltourism 0.4607791729 0.275656215343 0.0643186933594
48.24/22.13	iris 0.305644295965 0.1242317348 0.263738963725
49.54/22.70	heart-statlog 0.214589126869 0.0610777048306 0.804468481265
50.84/23.28	page-blocks 0.368022607221 0.179258855154 0.09987173994
52.12/23.85	breast-w 0.229539955276 0.068094371311 0.503883632901
53.44/24.43	heart-h 0.126234213863 0.0228245152039 0.756956682652
54.72/25.01	yeast 0.241902239372 0.0715621019182 0.739503368876
56.13/25.60	tae 0.389914720967 0.180945093343 0.156433404955
57.37/26.18	haberman 0.298224786233 0.116897204364 -0.035876256095
58.66/26.76	mfeat-pixel 0.365365634166 0.165558716002 0.18196695659
59.99/27.49	optdigits 0.172037221075 0.0405005742807 0.759542358767
61.30/28.07	mfeat-factors 0.166912949675 0.0416613689738 0.760835196825
62.62/28.64	satimage 0.275558175388 0.100668536197 0.406274359562
63.89/29.22	lymph 0.200135954303 0.0586933655027 0.485460690582
65.26/29.80	audiology 0.296127098155 0.113602637888 0.486107109611
66.52/30.37	ecoli 0.397707920161 0.202346561708 0.169684995044
67.84/30.95	tic-tac-toe 0.315616643292 0.151688559932 0.376215874726
69.15/31.53	spambase 0.228205132333 0.0605643773468 0.840667946874
70.45/32.10	zoo 0.10507367841 0.0156754119116 0.824507471155
71.72/32.68	sonar 0.485762734689 0.293359841532 -0.0449261224973
73.02/33.27	mfeat-zernike 0.235715339526 0.0769617245243 0.518751270562
74.31/33.85	kr-vs-kp 0.164450804414 0.0356880112472 0.73013029296
74.31/33.88	MAE 0.293550974174 0.125239068704
74.31/33.88	MSE 0.132101571682 0.132101571682
74.31/33.88	Mean tau 0.408451771027 0.334160421329
74.31/33.88	(0.07017543859649122, '1_class_probability_max')
74.31/33.88	(0.9298245614035088, '0_class_probability_max')
74.31/33.88	(3.087719298245614, '1_landmark_naive_bayes')
74.31/33.88	(3.3684210526315788, '0_landmark_decision_tree')
74.31/33.88	(3.43859649122807, '0_landmark_naive_bayes')
74.31/33.88	(4.964912280701754, '1_landmark_decision_tree')
74.31/33.88	(7.5964912280701755, '1_number_of_numeric_features')
74.31/33.88	(7.701754385964913, '1_number_of_categorical_features')
74.31/33.88	(7.807017543859649, '0_number_of_numeric_features')
74.31/33.88	(7.982456140350878, '0_number_of_categorical_features')
74.31/33.88	(9.526315789473685, '1_number_of_features')
74.31/33.88	(9.947368421052632, '0_number_of_features')
74.31/33.88	(12.175438596491228, '0_landmark_lda')
74.31/33.88	(12.403508771929825, '1_landmark_lda')
74.31/33.88	(14.491228070175438, '1_number_of_classes')
74.31/33.88	(14.508771929824562, '0_number_of_classes')
74.31/33.88	Result for ParamILS: SAT, 33.012126, 1, 0.293551, -1, /home/feurerm/thesis/Software/pyMetaLearn/optimizers/metalearn_optimizer/learn_distances.py
