0.75/1.92	['/home/feurerm/thesis/Software/pyMetaLearn/optimizers/metalearn_optimizer/learn_distances.py', '--input_file', '/home/feurerm/thesis/experiments/2014_04_25_predict_distances/testfold_0-3_pfahringer_spearman_rank_perm.pkl', '--fold', '0', '--folds', '1', '--params', '-max_features', '0.702921360898', '-min_samples_leaf', '1', '-min_samples_split', '9', '-n_estimators', '24', '-n_jobs', '4', '-seed', '12']
0.75/1.93	Metafeatures (57, 8)
0.75/1.93	X (3192, 16)
0.75/1.93	Y (3192,)
0.75/1.93	Dataset Mae MSE Rho
1.38/2.31	vehicle 0.347677663946 0.146661634836 0.37136773201
2.06/2.92	anneal.ORIG 0.468109026451 0.275184657025 0.0935766817945
2.75/3.29	segment 0.17172421641 0.038278736475 0.817073652325
3.46/3.70	pendigits 0.233863185244 0.0743269763769 0.736594483247
4.10/4.18	mushroom 0.186336524954 0.0442178148171 0.644802981166
4.79/4.57	labor 0.322798763941 0.146912154502 0.197804222794
5.51/5.10	abalone 0.196941452428 0.0525686898464 0.709340339198
6.15/5.48	diabetes 0.522297786498 0.341343627618 0.181643747075
6.82/5.86	car 0.383139207484 0.198479774302 0.198773851337
7.50/6.22	autos 0.203025955268 0.0518997136245 0.774409996428
8.16/6.71	mfeat-fourier 0.590351884903 0.457609525734 -0.493742250228
8.84/7.17	primary-tumor 0.21813557094 0.0623094884913 0.513579918332
9.52/7.67	waveform-5000 0.147524165112 0.0360558728048 0.763097663425
10.21/8.11	credit-a 0.360152689033 0.186507125409 0.439761919107
10.88/8.64	letter 0.226477141784 0.0749328625432 0.547516917341
11.56/9.15	postoperative-patient-data 0.439290579631 0.254781411418 0.104073463627
12.24/9.69	vowel 0.378636344038 0.179775892528 0.464974289331
12.92/10.14	eucalyptus 0.458789622018 0.274652996803 -0.117971472745
13.59/10.53	cylinder-bands 0.334352287147 0.140413365771 0.35359120872
14.28/10.89	ionosphere 0.409733728228 0.202305807611 0.134131948463
14.95/11.25	mfeat-karhunen 0.157299337144 0.0360626523923 0.800913176607
15.61/11.78	balance-scale 0.239263455111 0.0796581391372 0.407567197619
16.30/12.66	mfeat-morphological 0.491327519665 0.324948101435 -0.231741221803
16.97/13.02	liver-disorders 0.289714653801 0.109489233966 0.393992398016
17.67/13.53	dermatology 0.221177623791 0.0630072072113 0.451523691574
18.34/13.93	vote 0.0860350443545 0.0126831434138 0.74273546402
19.01/14.35	breast-cancer 0.122432847353 0.0226057310644 0.426959768482
19.69/14.73	credit-g 0.686599809533 0.615775369348 -0.709121674526
20.37/15.09	soybean 0.121329195433 0.0224850849425 0.720757217043
21.04/15.45	arrhythmia 0.242128496243 0.0819178843854 0.342925294746
21.73/15.83	nursery 0.236783478661 0.075015621675 0.66872048523
22.41/16.22	hepatitis 0.221147311752 0.0681998733401 0.546547288798
23.10/16.64	cmc 0.281691418026 0.107319926846 0.272465620613
23.77/17.07	heart-c 0.188016918934 0.0488265008718 0.861999774822
24.44/17.64	glass 0.350782309373 0.150370880231 0.381256290765
25.15/18.08	braziltourism 0.462038610609 0.275848736423 -0.0145444281466
25.83/18.45	iris 0.26572115166 0.0928152984569 0.39968071516
26.53/19.16	heart-statlog 0.227072566806 0.0728833856656 0.803175643207
27.21/20.25	page-blocks 0.404564373565 0.219315451652 0.0513903127847
27.90/20.61	breast-w 0.214572951092 0.0621242617183 0.664841971057
28.59/21.04	heart-h 0.158735574824 0.038844728045 0.659024199798
29.28/21.61	yeast 0.250635790575 0.0836328253814 0.675831094546
29.95/22.17	tae 0.385679542519 0.178187377913 0.200713108423
30.62/22.60	haberman 0.269880896749 0.0946725106743 0.123466034489
31.29/23.00	mfeat-pixel 0.353903428052 0.152015816071 0.217196793656
32.00/23.57	optdigits 0.143689432263 0.0302301630616 0.783136653316
32.67/23.95	mfeat-factors 0.183870467129 0.0528106315549 0.746613978193
33.36/24.53	satimage 0.270373784352 0.101522832363 0.377700700093
34.06/29.86	lymph 0.231703044493 0.0810668025597 0.407243988105
34.73/30.34	audiology 0.294223829045 0.107173306314 0.41500101645
35.42/30.70	ecoli 0.397652472657 0.210681048541 0.190370403963
36.10/31.06	tic-tac-toe 0.337211609204 0.166967619267 0.421141997223
36.79/31.42	spambase 0.216905079891 0.0562410798645 0.824507471155
37.46/31.98	zoo 0.0821434557364 0.00973221004414 0.868787174624
38.13/32.43	sonar 0.490083973669 0.296708830161 -0.0294120658076
38.81/32.83	mfeat-zernike 0.242190685818 0.0839700386248 0.500328328243
39.49/33.23	kr-vs-kp 0.142406518977 0.0268060416814 0.760835196825
39.49/33.25	MAE 0.290532393935 0.128120926101
39.49/33.25	MSE 0.13248832412 0.13248832412
39.49/33.25	Mean tau 0.413314602669 0.334896956045
39.49/33.25	(0.03508771929824561, '1_class_probability_max')
39.49/33.25	(0.9649122807017544, '0_class_probability_max')
39.49/33.25	(2.9649122807017543, '1_landmark_naive_bayes')
39.49/33.25	(3.2280701754385963, '0_landmark_decision_tree')
39.49/33.25	(3.6666666666666665, '0_landmark_naive_bayes')
39.49/33.25	(5.947368421052632, '1_number_of_numeric_features')
39.49/33.25	(6.894736842105263, '0_number_of_categorical_features')
39.49/33.25	(7.754385964912281, '0_number_of_numeric_features')
39.49/33.25	(8.333333333333334, '1_landmark_decision_tree')
39.49/33.25	(8.964912280701755, '1_number_of_categorical_features')
39.49/33.25	(9.368421052631579, '1_number_of_features')
39.49/33.25	(9.912280701754385, '0_number_of_features')
39.49/33.25	(11.192982456140351, '1_landmark_lda')
39.49/33.25	(11.807017543859649, '0_landmark_lda')
39.49/33.25	(14.421052631578947, '0_number_of_classes')
39.49/33.25	(14.543859649122806, '1_number_of_classes')
39.49/33.25	Result for ParamILS: SAT, 31.322947, 1, 0.290532, -1, /home/feurerm/thesis/Software/pyMetaLearn/optimizers/metalearn_optimizer/learn_distances.py
