0.75/1.92	['/home/feurerm/thesis/Software/pyMetaLearn/optimizers/metalearn_optimizer/learn_distances.py', '--input_file', '/home/feurerm/thesis/experiments/2014_04_25_predict_distances/testfold_0-3_pfahringer_spearman_rank_perm.pkl', '--fold', '0', '--folds', '1', '--params', '-max_features', '0.434728723475', '-min_samples_leaf', '8', '-min_samples_split', '3', '-n_estimators', '14', '-n_jobs', '4', '-seed', '88']
0.75/1.92	Metafeatures (57, 8)
0.75/1.92	X (3192, 16)
0.75/1.92	Y (3192,)
0.75/1.92	Dataset Mae MSE Rho
0.98/2.50	vehicle 0.338439263497 0.142747868672 0.423404463823
1.23/2.96	anneal.ORIG 0.347224410937 0.158833501389 0.421337494712
1.50/3.47	segment 0.265916437646 0.089876719436 0.685527379977
1.76/3.84	pendigits 0.321911293886 0.131988487915 0.587594897123
2.03/4.09	mushroom 0.19419622887 0.0491852039789 0.640278047965
2.28/4.61	labor 0.345731960289 0.165184250853 0.293797448561
2.55/4.99	abalone 0.320459903357 0.130319761101 0.503883632901
2.83/5.25	diabetes 0.507658414718 0.342739443547 0.0404011892961
3.09/5.73	car 0.389458160091 0.20836014285 0.190547336504
3.36/5.97	autos 0.256062865043 0.0848179604089 0.56076850743
3.62/6.89	mfeat-fourier 0.520782801417 0.350083450972 -0.29218140099
3.88/7.26	primary-tumor 0.238040252625 0.0686350301099 0.501944375815
4.15/7.57	waveform-5000 0.210980824623 0.0641345701183 0.684557751434
4.40/7.82	credit-a 0.377460085199 0.197403905318 0.356823303863
4.67/11.58	letter 0.269257877119 0.102512740945 0.559475669373
4.93/11.84	postoperative-patient-data 0.404706660377 0.207380846974 0.114263754799
5.19/12.09	vowel 0.470233702843 0.280160481465 0.121203567888
5.44/12.35	eucalyptus 0.424952234594 0.244746789218 -0.0510671032703
5.70/12.59	cylinder-bands 0.337022793885 0.147525257339 0.36509451498
5.95/12.92	ionosphere 0.419370168627 0.210019669546 0.0042017236868
6.22/13.18	mfeat-karhunen 0.234152168753 0.0734621592615 0.675831094546
6.48/13.46	balance-scale 0.238259367483 0.0754701551524 0.444933687358
6.73/13.82	mfeat-morphological 0.443959917393 0.261232494754 0.00307123160327
7.00/14.44	liver-disorders 0.266959143356 0.0993698542133 0.225456772199
7.27/14.99	dermatology 0.196799845537 0.0499562640428 0.515519175419
7.54/15.55	vote 0.0846576748186 0.0114618523536 0.759219149253
7.80/15.81	breast-cancer 0.150791803232 0.0351869630666 0.303728641186
8.06/16.08	credit-g 0.561058612328 0.428358239964 -0.528005214892
8.32/16.33	soybean 0.131121777799 0.0260469315187 0.781843815259
8.57/16.59	arrhythmia 0.276802138026 0.105277881501 0.307695457679
8.85/16.99	nursery 0.300603810886 0.117379763556 0.533500218659
9.10/17.41	hepatitis 0.320573579092 0.145462046076 -0.277403032207
9.38/17.93	cmc 0.27983687765 0.0964388241545 0.294120658076
9.64/18.46	heart-c 0.274383137647 0.0973025113798 0.706535998411
9.92/19.09	glass 0.401198460694 0.197863087968 0.0644854853817
10.16/19.36	braziltourism 0.388760293419 0.196289307207 0.135145066973
10.43/19.89	iris 0.314084839433 0.131796321329 0.238139603468
10.69/20.29	heart-statlog 0.307810912262 0.135701922542 0.619592639045
10.96/20.60	page-blocks 0.335484704383 0.155899835196 0.316983430211
11.22/20.88	breast-w 0.233618178296 0.0687167518618 0.439241730028
11.47/21.13	heart-h 0.205317040993 0.0563104275594 0.520247562515
11.73/21.46	yeast 0.31174857318 0.127730133989 0.50408578673
12.01/21.94	tae 0.348556646421 0.148935895022 0.160486433544
12.28/22.27	haberman 0.269183392415 0.095434726208 0.0512328292381
12.55/22.52	mfeat-pixel 0.326691110846 0.133604730331 0.25889082101
12.81/23.14	optdigits 0.221341005141 0.0649240714531 0.698132551037
13.07/23.56	mfeat-factors 0.251856157393 0.086510533459 0.59879379283
13.33/23.81	satimage 0.268708250669 0.0967188917134 0.464128862634
13.60/24.18	lymph 0.196545534533 0.059920598441 0.494833766499
13.86/24.48	audiology 0.331234343375 0.150699950811 0.271862941097
14.13/25.11	ecoli 0.431768095424 0.240467425114 -0.0281192277501
14.43/25.50	tic-tac-toe 0.283485379221 0.118084568849 0.449782220093
14.67/25.88	spambase 0.227169810807 0.0677364815596 0.73530164519
14.92/26.13	zoo 0.135996997274 0.0251151438972 0.731320354266
15.17/26.66	sonar 0.495118681379 0.309544593761 -0.220931474979
15.45/26.93	mfeat-zernike 0.256143864593 0.0945400754754 0.492571299898
15.70/27.18	kr-vs-kp 0.202901293468 0.0533181373836 0.646742238252
15.70/27.19	MAE 0.306395609812 0.100345244191
15.70/27.19	MSE 0.137103958496 0.137103958496
15.70/27.19	Mean tau 0.352646571327 0.293588387558
15.70/27.19	(0.0, '0_class_probability_max')
15.70/27.19	(1.263157894736842, '1_class_probability_max')
15.70/27.19	(2.192982456140351, '0_landmark_decision_tree')
15.70/27.19	(3.1403508771929824, '1_landmark_decision_tree')
15.70/27.19	(3.508771929824561, '0_landmark_naive_bayes')
15.70/27.19	(5.631578947368421, '1_landmark_naive_bayes')
15.70/27.19	(6.491228070175438, '1_landmark_lda')
15.70/27.19	(8.157894736842104, '1_number_of_categorical_features')
15.70/27.19	(8.614035087719298, '0_number_of_numeric_features')
15.70/27.19	(8.666666666666666, '0_landmark_lda')
15.70/27.19	(9.894736842105264, '1_number_of_features')
15.70/27.19	(10.649122807017545, '1_number_of_numeric_features')
15.70/27.19	(11.421052631578947, '0_number_of_features')
15.70/27.19	(11.87719298245614, '0_number_of_categorical_features')
15.70/27.19	(14.140350877192983, '0_number_of_classes')
15.70/27.19	(14.350877192982455, '1_number_of_classes')
15.70/27.19	Result for ParamILS: SAT, 25.271867, 1, 0.306396, -1, /home/feurerm/thesis/Software/pyMetaLearn/optimizers/metalearn_optimizer/learn_distances.py
