0.68/0.87	['/home/feurerm/thesis/Software/pyMetaLearn/optimizers/metalearn_optimizer/learn_distances.py', '--input_file', '/home/feurerm/thesis/experiments/2014_04_25_predict_distances/testfold_0-3_pfahringer_spearman_rank_perm.pkl', '--fold', '0', '--folds', '1', '--params', '-max_features', '0.954808387666', '-min_samples_leaf', '3', '-min_samples_split', '8', '-n_estimators', '13', '-n_jobs', '4', '-seed', '16']
0.68/0.88	Metafeatures (57, 8)
0.68/0.88	X (3192, 16)
0.68/0.88	Y (3192,)
0.68/0.88	Dataset Mae MSE Rho
1.20/1.22	vehicle 0.341640831157 0.141834958101 0.359922746729
1.70/1.57	anneal.ORIG 0.440582998748 0.251096030111 0.114434579249
2.20/1.92	segment 0.158220637882 0.0342614631383 0.823861052127
2.70/2.27	pendigits 0.243996928866 0.0817820084404 0.713542400903
3.17/2.62	mushroom 0.156265854296 0.033965752884 0.694900455893
3.66/2.97	labor 0.321929478369 0.144049933378 0.187814945039
4.15/3.32	abalone 0.22661924899 0.0678407930833 0.679602671754
4.68/3.67	diabetes 0.538679653432 0.353829962242 0.274081668185
5.18/4.03	car 0.361836026749 0.174715710563 0.204591622596
5.69/4.38	autos 0.240301336638 0.0785418370762 0.515195965904
6.17/4.73	mfeat-fourier 0.589984548532 0.458411558657 -0.440211358571
6.66/5.08	primary-tumor 0.216931580044 0.0624766908214 0.529740394051
7.15/5.43	waveform-5000 0.146571352625 0.0354905664185 0.703950322296
7.62/5.78	credit-a 0.376006690903 0.206881536895 0.340986037659
8.11/6.13	letter 0.235430826718 0.0804505473862 0.519397689591
8.59/6.47	postoperative-patient-data 0.460437421137 0.275899773744 0.0562475050546
9.09/6.83	vowel 0.322633491999 0.130655967042 0.56420759265
9.59/7.18	eucalyptus 0.491750262367 0.316850600025 -0.142385244665
10.06/7.52	cylinder-bands 0.361749990765 0.162156633917 0.219315297401
10.57/7.87	ionosphere 0.432814256965 0.223399301061 0.0072727991032
11.04/8.22	mfeat-karhunen 0.11684475778 0.0205937954897 0.825153890184
11.55/8.57	balance-scale 0.213596557132 0.0649136996395 0.562914650587
12.04/8.93	mfeat-morphological 0.509996576326 0.353299104095 -0.224163830136
12.53/9.28	liver-disorders 0.269335474959 0.0964779837641 0.523803153188
13.02/9.64	dermatology 0.220041777213 0.0638049615041 0.426313349453
13.53/10.46	vote 0.0885994477549 0.0130990603823 0.731423131017
14.01/12.42	breast-cancer 0.157913846382 0.0386766116547 0.362317865608
14.52/12.92	credit-g 0.734161753894 0.705556755807 -0.619592639045
15.02/13.27	soybean 0.147307435926 0.037214617509 0.58662526858
15.49/13.62	arrhythmia 0.266860809199 0.0953980409897 0.387528207728
16.00/13.98	nursery 0.24921488716 0.0819091896496 0.636612348166
16.49/14.33	hepatitis 0.241698076121 0.0790917295015 0.558066117852
16.99/14.68	cmc 0.284523742229 0.106347698297 0.276344134786
17.49/15.03	heart-c 0.172492183272 0.042986277576 0.830971661443
18.00/16.44	glass 0.315448646212 0.126457500973 0.409377780631
18.50/16.79	braziltourism 0.477141625222 0.293569881212 0.0284424372645
19.00/17.14	iris 0.248964293771 0.0856112702351 0.394638817045
19.48/17.52	heart-statlog 0.198167676006 0.057118546848 0.77085469177
19.97/17.87	page-blocks 0.460282434926 0.291612289681 -0.0287702755739
20.48/18.22	breast-w 0.234895274068 0.077149711286 0.552041850542
20.96/18.57	heart-h 0.139358966055 0.0311005804431 0.672922208916
21.45/18.92	yeast 0.264897685043 0.0864937090854 0.649327914367
21.93/19.27	tae 0.363164809202 0.160211391052 0.227719420809
22.44/19.62	haberman 0.310961257532 0.123693419122 -0.00290888562932
22.95/19.97	mfeat-pixel 0.362640479418 0.165907885819 0.212527351571
23.44/20.33	optdigits 0.151548082321 0.0341020765975 0.754593311396
23.94/20.68	mfeat-factors 0.136224852718 0.0299926440913 0.787338377003
24.44/21.03	satimage 0.273115947894 0.101699512103 0.395285236073
24.94/21.39	lymph 0.225796613523 0.0748532519269 0.457341462832
25.45/21.74	audiology 0.291091350925 0.110530893552 0.422111625766
25.98/22.10	ecoli 0.374122221889 0.180124397196 0.306265651124
26.45/22.45	tic-tac-toe 0.325356565305 0.154423864742 0.278144161258
26.96/22.81	spambase 0.241258028309 0.0671497284197 0.803175643207
27.48/23.16	zoo 0.115681488933 0.0180239029293 0.770531482256
28.00/23.52	sonar 0.538362684772 0.357509050796 -0.209439765311
28.47/23.86	mfeat-zernike 0.22430610353 0.0726417079798 0.499237253995
28.96/24.21	kr-vs-kp 0.145352511 0.0280645588893 0.765260083414
28.96/24.22	MAE 0.29394930423 0.134423583965
28.96/24.22	MSE 0.137578998699 0.137578998699
28.96/24.22	Mean tau 0.398364987493 0.328272031555
28.96/24.22	(0.43859649122807015, '0_class_probability_max')
28.96/24.22	(0.5614035087719298, '1_class_probability_max')
28.96/24.22	(2.982456140350877, '1_landmark_naive_bayes')
28.96/24.22	(3.6666666666666665, '0_landmark_naive_bayes')
28.96/24.22	(6.2105263157894735, '0_landmark_decision_tree')
28.96/24.22	(6.614035087719298, '1_number_of_numeric_features')
28.96/24.22	(6.894736842105263, '0_number_of_numeric_features')
28.96/24.22	(6.982456140350878, '1_landmark_decision_tree')
28.96/24.22	(7.4035087719298245, '1_number_of_categorical_features')
28.96/24.22	(7.491228070175438, '0_number_of_categorical_features')
28.96/24.22	(8.807017543859649, '0_number_of_features')
28.96/24.22	(9.175438596491228, '1_number_of_features')
28.96/24.22	(11.75438596491228, '1_landmark_lda')
28.96/24.22	(12.157894736842104, '0_landmark_lda')
28.96/24.22	(14.263157894736842, '0_number_of_classes')
28.96/24.22	(14.596491228070175, '1_number_of_classes')
28.96/24.22	Result for ParamILS: SAT, 23.349214, 1, 0.293949, -1, /home/feurerm/thesis/Software/pyMetaLearn/optimizers/metalearn_optimizer/learn_distances.py
