0.71/0.98	['/home/feurerm/thesis/Software/pyMetaLearn/optimizers/metalearn_optimizer/learn_distances.py', '--input_file', '/home/feurerm/thesis/experiments/2014_04_25_predict_distances/testfold_0-3_pfahringer_spearman_rank_perm.pkl', '--fold', '0', '--folds', '1', '--params', '-max_features', '0.209003431368', '-min_samples_leaf', '9', '-min_samples_split', '6', '-n_estimators', '42', '-n_jobs', '4', '-seed', '5']
0.71/0.99	Metafeatures (57, 8)
0.71/0.99	X (3192, 16)
0.71/0.99	Y (3192,)
0.71/0.99	Dataset Mae MSE Rho
1.14/1.33	vehicle 0.366353091274 0.168881626345 0.330966542714
1.64/1.70	anneal.ORIG 0.283137025821 0.109689288685 0.477380452723
2.01/2.07	segment 0.285650684002 0.102462557262 0.677447142118
2.43/2.45	pendigits 0.361566485368 0.161216311226 0.523599413278
2.87/2.82	mushroom 0.223508157525 0.062079930942 0.579514659264
3.30/3.19	labor 0.330444088001 0.145351093816 0.419849159165
3.74/3.58	abalone 0.352592835115 0.155486943104 0.485137481068
4.17/3.95	diabetes 0.467386992997 0.304715945227 -0.014867637661
4.65/4.32	car 0.349445006994 0.173646674633 0.459603929433
5.07/4.69	autos 0.283786702708 0.10303930359 0.432131120711
5.52/5.07	mfeat-fourier 0.517114292147 0.346452749072 -0.367812427352
5.95/5.36	primary-tumor 0.24578590221 0.0742138118786 0.498712280671
6.40/5.74	waveform-5000 0.237564365311 0.0758078654058 0.649004704853
6.81/6.11	credit-a 0.399275243991 0.217919627864 0.241437507234
7.26/6.48	letter 0.250498873234 0.0893816308118 0.631551391077
7.68/6.86	postoperative-patient-data 0.403667324347 0.19634876715 -0.0539759888996
8.11/7.22	vowel 0.472676317787 0.277482084079 0.120880358374
8.56/7.50	eucalyptus 0.390286490812 0.200418975203 0.0575312935577
8.97/7.87	cylinder-bands 0.354346972154 0.165266768328 0.29444386759
9.48/8.24	ionosphere 0.422268119472 0.218650973562 0.0429868654111
9.91/8.62	mfeat-karhunen 0.226922673189 0.0682464105126 0.716555493356
10.44/9.00	balance-scale 0.240650547729 0.0829603700497 0.446352339344
10.79/9.37	mfeat-morphological 0.467787614425 0.291851047371 -0.109568025371
11.27/9.74	liver-disorders 0.300203695863 0.120214021273 0.308665086222
11.69/10.11	dermatology 0.188926488807 0.0463649347113 0.574666516548
12.14/10.48	vote 0.0831503926694 0.0114558454792 0.816104023782
12.56/10.85	breast-cancer 0.209797244934 0.0605909531215 0.229155545688
13.00/11.22	credit-g 0.518156364259 0.358145433925 -0.405951150048
13.42/11.59	soybean 0.135939407695 0.0290564386113 0.792186519719
13.88/11.97	arrhythmia 0.278902890129 0.109459656713 0.178411651932
14.32/12.35	nursery 0.315094980436 0.119981041929 0.536851003367
14.77/12.73	hepatitis 0.402554027277 0.233325375794 -0.500328328243
15.20/13.10	cmc 0.309273216833 0.11320254983 0.287979677303
15.65/13.47	heart-c 0.299445280974 0.116936989891 0.708475255497
16.08/13.85	glass 0.367602954483 0.166307829076 0.284747582159
16.54/14.22	braziltourism 0.508158621987 0.325009986285 -0.0126051710604
16.93/14.59	iris 0.313801115394 0.12783705331 0.211055812883
17.36/14.97	heart-statlog 0.317625178071 0.137677844015 0.57111121189
17.83/15.34	page-blocks 0.299094394785 0.120806131607 0.456371834289
18.24/15.71	breast-w 0.236769326687 0.0781990568405 0.44829159643
18.67/16.09	heart-h 0.229042309766 0.0671415865667 0.522952994249
19.14/16.46	yeast 0.35443464947 0.158783933146 0.485460690582
19.54/16.83	tae 0.323936992634 0.131117564751 0.140272929236
20.01/17.21	haberman 0.279160781178 0.104812204904 0.144474652923
20.42/17.48	mfeat-pixel 0.33556224723 0.142494153082 0.179381280475
20.85/17.85	optdigits 0.251419583493 0.0804831861478 0.678093561146
21.28/18.13	mfeat-factors 0.252732489402 0.0885464409222 0.653852847569
21.76/18.50	satimage 0.297221097497 0.116287924996 0.30478657205
22.14/18.87	lymph 0.188236125735 0.0517327842898 0.65546889514
22.54/19.24	audiology 0.331399140311 0.146114256759 0.369428474924
22.98/19.61	ecoli 0.423121501041 0.227303689654 0.0539759888996
23.42/19.98	tic-tac-toe 0.283313384701 0.119533125096 0.569818373833
23.87/20.35	spambase 0.240535428051 0.0765957795677 0.701687855695
24.29/20.63	zoo 0.158266688404 0.0338331721116 0.689729103664
24.77/21.00	sonar 0.503386543998 0.319509647181 -0.295413496133
25.15/21.38	mfeat-zernike 0.252345066365 0.0882177210334 0.552365060057
25.59/21.75	kr-vs-kp 0.21907121269 0.0620240279431 0.59923043964
25.59/21.77	MAE 0.314743800524 0.0964054544838
25.59/21.77	MSE 0.141766194679 0.141766194679
25.59/21.77	Mean tau 0.351396786227 0.307864275217
25.59/21.77	(0.543859649122807, '0_landmark_lda')
25.59/21.77	(1.6491228070175439, '0_landmark_decision_tree')
25.59/21.77	(2.3684210526315788, '1_class_probability_max')
25.59/21.77	(3.3508771929824563, '1_landmark_naive_bayes')
25.59/21.77	(4.017543859649122, '1_landmark_decision_tree')
25.59/21.77	(4.4035087719298245, '0_class_probability_max')
25.59/21.77	(5.649122807017544, '1_landmark_lda')
25.59/21.77	(7.631578947368421, '0_number_of_features')
25.59/21.77	(8.31578947368421, '0_landmark_naive_bayes')
25.59/21.77	(9.421052631578947, '0_number_of_categorical_features')
25.59/21.77	(10.052631578947368, '1_number_of_features')
25.59/21.77	(10.368421052631579, '1_number_of_categorical_features')
25.59/21.77	(12.298245614035087, '1_number_of_numeric_features')
25.59/21.77	(12.333333333333334, '0_number_of_numeric_features')
25.59/21.77	(13.385964912280702, '0_number_of_classes')
25.59/21.77	(14.210526315789474, '1_number_of_classes')
25.59/21.77	Result for ParamILS: SAT, 20.793828, 1, 0.314744, -1, /home/feurerm/thesis/Software/pyMetaLearn/optimizers/metalearn_optimizer/learn_distances.py
