0.66/0.86	['/home/feurerm/thesis/Software/pyMetaLearn/optimizers/metalearn_optimizer/learn_distances.py', '--input_file', '/home/feurerm/thesis/experiments/2014_04_25_predict_distances/testfold_0-3_pfahringer_spearman_rank_perm.pkl', '--fold', '0', '--folds', '1', '--params', '-max_features', '0.254435716921', '-min_samples_leaf', '10', '-min_samples_split', '4', '-n_estimators', '94', '-n_jobs', '4', '-seed', '88']
0.66/0.87	Metafeatures (57, 8)
0.66/0.87	X (3192, 16)
0.66/0.87	Y (3192,)
0.66/0.87	Dataset Mae MSE Rho
1.55/1.33	vehicle 0.359697764834 0.162394555518 0.351975161148
2.53/1.83	anneal.ORIG 0.298746393439 0.119834441877 0.507438937559
3.51/2.43	segment 0.289379273387 0.105045730831 0.671952580373
4.54/3.08	pendigits 0.351405748125 0.150480138153 0.570788002376
5.66/4.44	mushroom 0.217332675825 0.0584407563975 0.598907230126
6.57/5.04	labor 0.282341113812 0.112486936724 0.346157389889
7.57/6.09	abalone 0.348892193327 0.151892689463 0.482228595439
8.67/6.70	diabetes 0.46633832463 0.303329110751 -0.0232710850346
9.68/7.31	car 0.364250922032 0.185565617754 0.325795190484
10.67/7.92	autos 0.262374963684 0.088704800032 0.515519175419
11.73/8.41	mfeat-fourier 0.513390938851 0.341820122244 -0.400779797818
12.78/9.13	primary-tumor 0.232706743291 0.0657897658144 0.509054985131
13.78/9.72	waveform-5000 0.239630686404 0.0777014991433 0.695870084437
14.79/10.34	credit-a 0.391370639995 0.210709931954 0.322886304855
15.90/10.93	letter 0.238653376216 0.0802427212263 0.679386399204
16.85/11.54	postoperative-patient-data 0.403317774736 0.197922220612 -0.0371690941524
17.85/12.04	vowel 0.478349617313 0.285343983806 0.0872665688796
18.78/12.65	eucalyptus 0.374757686993 0.184577453541 0.132839110406
19.87/13.27	cylinder-bands 0.340703399102 0.150726885338 0.430838282654
20.81/13.88	ionosphere 0.421079178255 0.215047738376 0.0265031801783
21.86/14.48	mfeat-karhunen 0.223235658292 0.0667274605869 0.748230025764
22.84/14.99	balance-scale 0.233254524349 0.0771692256984 0.494510556985
23.96/15.50	mfeat-morphological 0.461253851333 0.280712239496 -0.234650107432
24.85/16.11	liver-disorders 0.297976901747 0.117688064369 0.413384968878
25.88/16.72	dermatology 0.186335187308 0.0438532625295 0.58145391635
26.88/17.21	vote 0.0846096731488 0.0119406186861 0.812871928638
27.89/17.73	breast-cancer 0.218912062582 0.0653912706915 0.14867637661
28.87/18.33	credit-g 0.533328010108 0.379935673761 -0.55850604083
29.88/18.94	soybean 0.124321318064 0.0243865737335 0.835819804158
30.87/19.44	arrhythmia 0.289373630693 0.114321846254 0.139303300693
31.88/19.93	nursery 0.315123177773 0.122412498852 0.488369576212
32.87/20.52	hepatitis 0.389582103784 0.21529806224 -0.568202326261
33.86/21.13	cmc 0.303369691773 0.107556154441 0.291858191475
34.87/21.74	heart-c 0.309072488057 0.124079754045 0.710091303069
35.88/22.36	glass 0.369787086341 0.166764609436 0.279576229929
36.91/22.96	braziltourism 0.472052259759 0.285911369807 0.0478350081266
38.10/23.70	iris 0.319121054073 0.131536424217 0.242407135777
39.12/24.29	heart-statlog 0.317611953667 0.133930894601 0.709768093554
40.20/24.90	page-blocks 0.324985350273 0.146056439331 0.465744910206
41.08/25.51	breast-w 0.227098578553 0.0737999986653 0.474148357579
42.08/26.02	heart-h 0.221341573688 0.0609274096723 0.605371420413
43.09/26.63	yeast 0.368221240904 0.171705545601 0.435040006341
44.09/27.22	tae 0.310759661134 0.120133765103 0.168715366501
45.11/27.83	haberman 0.258012029179 0.0891557433516 0.15901908107
46.14/28.45	mfeat-pixel 0.332942626878 0.136165852393 0.236912574033
47.13/28.96	optdigits 0.257483689643 0.0826011814385 0.678093561146
48.24/29.67	mfeat-factors 0.252914079551 0.0879598997693 0.678416770661
49.14/30.28	satimage 0.278429217305 0.105919554441 0.376862293754
50.24/30.89	lymph 0.183014387193 0.0479221039531 0.698132551037
51.15/31.50	audiology 0.338418835083 0.153532774509 0.26632463984
52.18/32.12	ecoli 0.41357353142 0.21703235876 0.0908218735377
53.20/32.72	tic-tac-toe 0.286351937815 0.123853757447 0.583393173436
54.20/33.32	spambase 0.218140232481 0.0626466802521 0.806407738351
55.31/34.02	zoo 0.144458629359 0.0279509265317 0.733685597618
56.26/34.62	sonar 0.494211474947 0.306206434583 -0.15093884321
57.42/35.22	mfeat-zernike 0.267461240976 0.097191841377 0.496449814071
58.32/35.73	kr-vs-kp 0.223184356951 0.0637220769153 0.60213932527
58.32/35.77	MAE 0.310948117902 0.0965778352901
58.32/35.77	MSE 0.138458902581 0.138458902581
58.32/35.77	Mean tau 0.364591672893 0.327667732976
58.32/35.77	(0.0, '0_landmark_decision_tree')
58.32/35.77	(1.4912280701754386, '1_class_probability_max')
58.32/35.77	(1.719298245614035, '0_class_probability_max')
58.32/35.77	(3.7017543859649122, '1_landmark_naive_bayes')
58.32/35.77	(4.2105263157894735, '0_landmark_naive_bayes')
58.32/35.77	(4.4035087719298245, '1_landmark_decision_tree')
58.32/35.77	(6.0, '1_landmark_lda')
58.32/35.77	(6.631578947368421, '0_landmark_lda')
58.32/35.77	(8.736842105263158, '1_number_of_features')
58.32/35.77	(9.87719298245614, '1_number_of_categorical_features')
58.32/35.77	(10.578947368421053, '1_number_of_numeric_features')
58.32/35.77	(10.75438596491228, '0_number_of_features')
58.32/35.77	(11.31578947368421, '0_number_of_numeric_features')
58.32/35.77	(11.75438596491228, '0_number_of_categorical_features')
58.32/35.77	(14.350877192982455, '0_number_of_classes')
58.32/35.77	(14.473684210526315, '1_number_of_classes')
58.32/35.77	Result for ParamILS: SAT, 34.907316, 1, 0.310948, -1, /home/feurerm/thesis/Software/pyMetaLearn/optimizers/metalearn_optimizer/learn_distances.py
