0.80/1.01	['/home/feurerm/thesis/Software/pyMetaLearn/optimizers/metalearn_optimizer/learn_distances.py', '--input_file', '/home/feurerm/thesis/experiments/2014_04_25_predict_distances/testfold_0-3_pfahringer_spearman_rank_perm.pkl', '--fold', '0', '--folds', '1', '--params', '-max_features', '0.139737494897', '-min_samples_leaf', '9', '-min_samples_split', '4', '-n_estimators', '40', '-n_jobs', '4', '-seed', '59']
0.80/1.02	Metafeatures (57, 8)
0.80/1.02	X (3192, 16)
0.80/1.02	Y (3192,)
0.80/1.02	Dataset Mae MSE Rho
1.08/1.26	vehicle 0.364980341587 0.16977299177 0.341955666202
1.44/1.52	anneal.ORIG 0.252054298569 0.085654873026 0.577898611692
1.79/1.78	segment 0.306154256019 0.118409244392 0.61474449633
2.13/2.05	pendigits 0.372849022872 0.167622157183 0.462836024576
2.49/2.31	mushroom 0.232308384891 0.066155452585 0.565616650146
2.84/2.57	labor 0.286680071933 0.110965102448 0.496773023585
3.19/2.94	abalone 0.375401388526 0.17805037268 0.388174626757
3.60/3.20	diabetes 0.459965350622 0.297086562579 -0.0429868654111
3.89/3.47	car 0.361696495074 0.183451145033 0.341955666202
4.25/3.73	autos 0.272390044699 0.0966398839513 0.516812013476
4.60/3.99	mfeat-fourier 0.522111212476 0.358127871807 -0.377831922297
4.97/4.26	primary-tumor 0.252986576753 0.080144613861 0.524569041821
5.35/4.63	waveform-5000 0.259014486785 0.090880938534 0.613451658272
5.69/4.89	credit-a 0.387198681415 0.202135422217 0.300584848363
6.04/5.15	letter 0.262428906565 0.095544334077 0.639631628936
6.42/5.42	postoperative-patient-data 0.414254368643 0.207201770207 -0.199097060851
6.75/5.68	vowel 0.477578519762 0.282291990056 0.0711060931612
7.09/5.94	eucalyptus 0.366155669397 0.177920610937 0.285070791674
7.45/6.21	cylinder-bands 0.359230684455 0.163456819796 0.240467878691
7.82/6.58	ionosphere 0.412804959498 0.205113890741 0.03329057998
8.17/6.84	mfeat-karhunen 0.261860680434 0.091335276034 0.674861466003
8.52/7.10	balance-scale 0.253365352579 0.0883218481503 0.378801550841
8.87/7.37	mfeat-morphological 0.467093398961 0.287640363615 -0.111830491972
9.25/7.63	liver-disorders 0.316345100738 0.130187572779 0.441504196628
9.58/7.89	dermatology 0.201574290536 0.051491483946 0.564000602574
9.95/8.30	vote 0.103951151662 0.0173734921489 0.781520605744
10.34/8.56	breast-cancer 0.276416667755 0.101677161038 -0.248871326064
10.70/8.82	credit-g 0.56562930702 0.420372858809 -0.514549546876
11.07/9.20	soybean 0.145926917868 0.0315176007663 0.779581348658
11.42/9.46	arrhythmia 0.275032799773 0.10478595362 0.117001844202
11.77/9.73	nursery 0.31076084448 0.120574106418 0.50226758533
12.12/9.99	hepatitis 0.405813913603 0.229040103051 -0.617330172445
12.48/10.25	cmc 0.31610776092 0.117198257853 0.246285649949
12.83/10.52	heart-c 0.329831627715 0.144391001986 0.63542990525
13.28/10.90	glass 0.367067221465 0.168721096487 0.261799706639
13.58/11.17	braziltourism 0.552992115541 0.378218272679 -0.179381280475
13.94/11.44	iris 0.300183772399 0.121550580078 0.196834594251
14.34/11.81	heart-statlog 0.326121980389 0.139717588367 0.642217305051
14.70/12.08	page-blocks 0.31420305569 0.132244399717 0.42243483528
15.05/12.34	breast-w 0.240712530626 0.082413579135 0.432454330226
15.42/12.60	heart-h 0.222540512271 0.0612722031744 0.494510556985
15.80/12.87	yeast 0.370341608802 0.171408651451 0.449907644002
16.17/13.14	tae 0.287354908613 0.104340011048 0.208793346282
16.53/13.50	haberman 0.289124517704 0.11407551802 0.106659139742
16.87/13.77	mfeat-pixel 0.332586961105 0.137762749636 0.244992811892
17.22/14.03	optdigits 0.273055862607 0.0933391459839 0.659670618827
17.59/14.29	mfeat-factors 0.280058403835 0.103456139862 0.606017839442
17.94/14.55	satimage 0.283218503135 0.10985057553 0.373953408125
18.29/14.81	lymph 0.195637253175 0.0543477693564 0.673568627945
18.63/15.07	audiology 0.334227592318 0.147032346177 0.328704076113
19.01/15.34	ecoli 0.421100596712 0.229554690514 0.0504206842416
19.38/15.60	tic-tac-toe 0.305499407795 0.137373209657 0.474794776608
19.69/15.86	spambase 0.240093335718 0.0775881736967 0.689729103664
20.04/16.13	zoo 0.174832492436 0.0410712455923 0.66064024737
20.37/16.39	sonar 0.479439283944 0.290711169154 -0.123789244003
20.73/16.65	mfeat-zernike 0.280540432461 0.105364469347 0.415647435479
21.06/16.91	kr-vs-kp 0.235644702193 0.0713531067509 0.568525535775
21.06/16.93	MAE 0.321658431325 0.0946252286691
21.06/16.93	MSE 0.146408768763 0.146408768763
21.06/16.93	Mean tau 0.327768469624 0.322197086312
21.06/16.93	(0.49122807017543857, '1_landmark_decision_tree')
21.06/16.93	(1.0, '0_class_probability_max')
21.06/16.93	(2.3684210526315788, '1_landmark_naive_bayes')
21.06/16.93	(3.6140350877192984, '1_class_probability_max')
21.06/16.93	(4.456140350877193, '0_landmark_lda')
21.06/16.93	(4.684210526315789, '0_landmark_decision_tree')
21.06/16.93	(5.631578947368421, '0_landmark_naive_bayes')
21.06/16.93	(7.421052631578948, '1_landmark_lda')
21.06/16.93	(8.087719298245615, '1_number_of_categorical_features')
21.06/16.93	(9.350877192982455, '0_number_of_features')
21.06/16.93	(10.192982456140351, '0_number_of_numeric_features')
21.06/16.93	(10.228070175438596, '0_number_of_categorical_features')
21.06/16.93	(12.070175438596491, '1_number_of_features')
21.06/16.93	(12.263157894736842, '1_number_of_numeric_features')
21.06/16.93	(13.947368421052632, '1_number_of_classes')
21.06/16.93	(14.192982456140351, '0_number_of_classes')
21.06/16.93	Result for ParamILS: SAT, 15.919350, 1, 0.321658, -1, /home/feurerm/thesis/Software/pyMetaLearn/optimizers/metalearn_optimizer/learn_distances.py
