0.77/2.93	['/home/feurerm/thesis/Software/pyMetaLearn/optimizers/metalearn_optimizer/learn_distances.py', '--input_file', '/home/feurerm/thesis/experiments/2014_04_25_predict_distances/testfold_0-3_pfahringer_spearman_rank_perm.pkl', '--fold', '0', '--folds', '1', '--params', '-max_features', '0.770760156182', '-min_samples_leaf', '3', '-min_samples_split', '3', '-n_estimators', '23', '-n_jobs', '4', '-seed', '62']
0.77/2.93	Metafeatures (57, 8)
0.77/2.93	X (3192, 16)
0.77/2.93	Y (3192,)
0.77/2.93	Dataset Mae MSE Rho
1.44/3.47	vehicle 0.340666763492 0.141936615709 0.382033645984
2.16/3.87	anneal.ORIG 0.46805841122 0.273967098641 0.188431146877
2.90/4.36	segment 0.164518783669 0.0363902585443 0.82709314727
3.62/4.80	pendigits 0.232666294115 0.07706274328 0.72722140733
4.37/5.17	mushroom 0.18509395598 0.0442047788839 0.643833352623
5.10/5.53	labor 0.338757403005 0.159884614821 0.163544014271
5.83/5.89	abalone 0.179293036091 0.0433246918914 0.757926311195
6.55/7.03	diabetes 0.531870477503 0.344168455763 0.237882202576
7.29/7.49	car 0.350453450736 0.16236595827 0.319007790682
8.01/8.03	autos 0.167787148172 0.0402321670975 0.739826578391
8.73/8.42	mfeat-fourier 0.603148821553 0.472517521721 -0.465744910206
9.44/8.94	primary-tumor 0.183260053607 0.045494578707 0.642540514566
10.15/9.41	waveform-5000 0.166399057204 0.0452387330956 0.7197875885
10.88/10.11	credit-a 0.381012882693 0.206358058828 0.348096646975
11.60/10.73	letter 0.251608020731 0.0813307982799 0.54816333637
12.34/11.09	postoperative-patient-data 0.42669341464 0.238949869286 0.151585262239
13.08/11.59	vowel 0.397029558254 0.200196006766 0.437625682456
13.80/11.95	eucalyptus 0.435379465658 0.255783571042 -0.0656115314169
14.54/12.33	cylinder-bands 0.331063355197 0.13579623951 0.398194121703
15.26/12.84	ionosphere 0.381322503104 0.175595139238 0.185845470762
15.99/13.20	mfeat-karhunen 0.133009676303 0.0281190925181 0.814811185724
16.72/13.59	balance-scale 0.222638237485 0.0723408555696 0.560122088402
17.48/14.03	mfeat-morphological 0.476673760152 0.301607182173 -0.221721726857
18.24/14.40	liver-disorders 0.330317360126 0.132832811686 0.500005118729
18.93/14.76	dermatology 0.215223291836 0.0591006665949 0.463482443605
19.66/15.12	vote 0.0843660820814 0.0121361069838 0.737887321305
20.38/15.53	breast-cancer 0.155634773717 0.0348892818585 0.386235369671
21.12/15.89	credit-g 0.657919065905 0.578618827868 -0.644156562138
21.84/16.72	soybean 0.127218513953 0.0253092474256 0.707828836468
22.55/17.30	arrhythmia 0.254629546195 0.0932892216823 0.320947047768
23.28/17.75	nursery 0.237595754702 0.0735195172347 0.676477513574
24.05/18.20	hepatitis 0.221066766555 0.0653816288907 0.510347823189
24.74/18.56	cmc 0.27063527352 0.100128166432 0.317714952625
25.44/19.15	heart-c 0.187748762521 0.0500249321683 0.851980279877
26.23/19.60	glass 0.358076303549 0.158116443006 0.294767077105
26.91/19.99	braziltourism 0.503866436271 0.333999588529 -0.0384619322099
27.63/20.65	iris 0.304878254286 0.121483995576 0.256951563923
28.34/21.33	heart-statlog 0.231591414546 0.072818344683 0.805114900293
29.07/21.85	page-blocks 0.448076216022 0.278146194713 -0.0499398871753
29.81/22.22	breast-w 0.197040120983 0.0549094176111 0.566586278689
30.53/22.68	heart-h 0.157855258853 0.0364619875535 0.669043694744
31.25/23.10	yeast 0.234430627861 0.0713978935432 0.723989312187
32.03/23.50	tae 0.371965130153 0.168794640507 0.182936585133
32.72/23.88	haberman 0.257897028803 0.0880997599541 0.172270671159
33.44/24.38	mfeat-pixel 0.383773891868 0.178316350572 0.15901908107
34.17/24.85	optdigits 0.145677949194 0.0305029631704 0.780874186716
34.89/25.23	mfeat-factors 0.141775835014 0.0325307130472 0.806407738351
35.60/26.04	satimage 0.272962699261 0.105435688047 0.393345978987
36.37/26.44	lymph 0.244940876067 0.0890794236477 0.349066275519
37.07/26.88	audiology 0.292574519713 0.112122570007 0.457018253318
37.82/27.24	ecoli 0.414101322562 0.224381547859 0.09987173994
38.53/27.78	tic-tac-toe 0.319272824941 0.164239654958 0.351328742119
39.27/28.15	spambase 0.23518044445 0.0635559393292 0.82483068067
39.98/28.67	zoo 0.0934825671394 0.0125388096074 0.862969403365
40.69/29.07	sonar 0.474904296761 0.283737823889 -0.014867637661
41.43/29.74	mfeat-zernike 0.24347047758 0.0863623328873 0.475441195637
42.14/30.24	kr-vs-kp 0.154001335235 0.0307534779926 0.757603101681
42.14/30.25	MAE 0.290746588645 0.128923419205
42.14/30.25	MSE 0.133436508757 0.133436508757
42.14/30.25	Mean tau 0.416761587275 0.330776514349
42.14/30.25	(0.07017543859649122, '1_class_probability_max')
42.14/30.25	(0.9298245614035088, '0_class_probability_max')
42.14/30.25	(2.6140350877192984, '0_landmark_decision_tree')
42.14/30.25	(3.6842105263157894, '0_landmark_naive_bayes')
42.14/30.25	(4.473684210526316, '1_landmark_naive_bayes')
42.14/30.25	(4.614035087719298, '1_landmark_decision_tree')
42.14/30.25	(6.859649122807017, '1_number_of_numeric_features')
42.14/30.25	(7.526315789473684, '0_number_of_numeric_features')
42.14/30.25	(9.0, '0_number_of_categorical_features')
42.14/30.25	(9.210526315789474, '1_number_of_categorical_features')
42.14/30.25	(9.912280701754385, '0_landmark_lda')
42.14/30.25	(9.947368421052632, '0_number_of_features')
42.14/30.25	(10.0, '1_number_of_features')
42.14/30.25	(12.192982456140351, '1_landmark_lda')
42.14/30.25	(14.24561403508772, '0_number_of_classes')
42.14/30.25	(14.719298245614034, '1_number_of_classes')
42.14/30.25	Result for ParamILS: SAT, 27.325758, 1, 0.290747, -1, /home/feurerm/thesis/Software/pyMetaLearn/optimizers/metalearn_optimizer/learn_distances.py
