0.77/0.92	['/home/feurerm/thesis/Software/pyMetaLearn/optimizers/metalearn_optimizer/learn_distances.py', '--input_file', '/home/feurerm/thesis/experiments/2014_04_25_predict_distances/testfold_0-3_pfahringer_spearman_rank_perm.pkl', '--fold', '0', '--folds', '1', '--params', '-max_features', '0.18189833034', '-min_samples_leaf', '6', '-min_samples_split', '6', '-n_estimators', '59', '-n_jobs', '4', '-seed', '49']
0.77/0.93	Metafeatures (57, 8)
0.77/0.93	X (3192, 16)
0.77/0.93	Y (3192,)
0.77/0.93	Dataset Mae MSE Rho
1.18/1.27	vehicle 0.361765131255 0.162248835596 0.341955666202
1.68/1.65	anneal.ORIG 0.262040921932 0.0913459794213 0.576928983149
2.20/2.03	segment 0.285570084347 0.103357888419 0.651267171454
2.71/2.41	pendigits 0.351939347868 0.149418452442 0.546224079284
3.22/2.79	mushroom 0.220863182413 0.0610910101712 0.582746754407
3.72/3.16	labor 0.287001863562 0.112141175644 0.466391329235
4.23/3.54	abalone 0.340799685185 0.150328543519 0.444413082257
4.75/3.91	diabetes 0.461693606662 0.29937598606 -0.0319977419225
5.26/4.29	car 0.343633766884 0.16046568735 0.4431202442
5.79/4.68	autos 0.280368907495 0.103487133848 0.435040006341
6.28/5.05	mfeat-fourier 0.514874154027 0.342402481348 -0.344864551832
6.83/5.43	primary-tumor 0.234333763115 0.0686109059084 0.603755372841
7.29/5.80	waveform-5000 0.263198514789 0.0922595028273 0.560122088402
7.80/6.19	credit-a 0.376331033109 0.194470937923 0.395285236073
8.38/6.59	letter 0.260619724845 0.0969500596213 0.611835610701
8.88/6.97	postoperative-patient-data 0.412110898106 0.206260965707 -0.235296526461
9.40/7.35	vowel 0.480051702194 0.288092413631 0.0885594069371
9.91/7.73	eucalyptus 0.379088136266 0.188893480242 0.116678634687
10.43/8.11	cylinder-bands 0.356133788215 0.160879195292 0.268587106441
10.98/8.49	ionosphere 0.412126992332 0.207670433342 0.039431560753
11.50/8.87	mfeat-karhunen 0.21964630322 0.0648858613619 0.749199654307
12.02/9.25	balance-scale 0.235883781644 0.0810403397432 0.505822889988
12.53/9.67	mfeat-morphological 0.467899557279 0.292183350199 -0.155463776412
13.06/10.05	liver-disorders 0.309397262978 0.128068959407 0.373306989096
13.58/10.42	dermatology 0.193821951849 0.0481430562841 0.551072221999
14.17/10.80	vote 0.0946020152822 0.0138831851468 0.80414527175
14.57/11.17	breast-cancer 0.255233711562 0.0849837370678 -0.0323209514369
15.06/11.55	credit-g 0.532451547458 0.376475165108 -0.438918520513
15.54/11.93	soybean 0.145265411696 0.0322085576402 0.733685597618
16.05/12.32	arrhythmia 0.291672550193 0.115074608011 0.0772470739342
16.62/12.70	nursery 0.321207179029 0.123615200118 0.465744910206
17.05/13.08	hepatitis 0.375849465896 0.202071815552 -0.570464792861
17.54/13.45	cmc 0.306361550732 0.108062654066 0.366519589295
18.03/13.84	heart-c 0.308282068466 0.12551865112 0.705243160353
18.59/14.21	glass 0.362076790743 0.160379861972 0.319007790682
19.06/14.59	braziltourism 0.524002910404 0.346849333147 -0.197157803765
19.61/14.97	iris 0.317183266746 0.132018781496 0.209116555797
20.14/15.34	heart-statlog 0.335498572228 0.147186496004 0.637369162336
20.63/15.72	page-blocks 0.313639810911 0.135595917571 0.402072635875
21.14/16.11	breast-w 0.234467990577 0.0747511756567 0.472209100493
21.67/16.48	heart-h 0.226841808303 0.0626654103928 0.507762147074
22.18/16.87	yeast 0.356153445398 0.160709124981 0.446352339344
22.70/17.25	tae 0.278153772001 0.0997098879381 0.202975575024
23.22/17.64	haberman 0.27153963394 0.100815627892 0.180997328047
23.75/18.02	mfeat-pixel 0.330773350204 0.137757276267 0.240144669176
24.31/18.41	optdigits 0.240402182125 0.0720506949972 0.715262655299
24.86/18.82	mfeat-factors 0.247168202243 0.0844934665189 0.689729103664
25.45/19.20	satimage 0.284893976124 0.108339444145 0.378478341326
25.89/19.58	lymph 0.183612186932 0.0480633149799 0.726251778787
26.41/19.96	audiology 0.325843901358 0.139539185976 0.367489217838
26.92/20.35	ecoli 0.400941598854 0.202459721068 0.114092958572
27.44/20.73	tic-tac-toe 0.294613126661 0.131032859186 0.50970140416
27.97/21.11	spambase 0.240162649128 0.0755965919417 0.700071808123
28.48/21.49	zoo 0.152527337287 0.0305641022435 0.715262655299
28.98/21.86	sonar 0.488224725316 0.297123880014 -0.142858605351
29.51/22.25	mfeat-zernike 0.276651007676 0.100866764327 0.437625682456
30.02/22.63	kr-vs-kp 0.214228273151 0.0590575950082 0.622824734189
30.02/22.67	MAE 0.313012632986 0.0946239006518
30.02/22.67	MSE 0.13936127584 0.13936127584
30.02/22.67	Mean tau 0.349996211665 0.321287490726
30.02/22.67	(0.43859649122807015, '1_landmark_decision_tree')
30.02/22.67	(1.5789473684210527, '0_class_probability_max')
30.02/22.67	(2.5789473684210527, '0_landmark_lda')
30.02/22.67	(3.8771929824561404, '1_landmark_lda')
30.02/22.67	(4.140350877192983, '0_landmark_naive_bayes')
30.02/22.67	(5.0701754385964914, '1_landmark_naive_bayes')
30.02/22.67	(5.192982456140351, '1_class_probability_max')
30.02/22.67	(5.350877192982456, '0_landmark_decision_tree')
30.02/22.67	(8.263157894736842, '0_number_of_categorical_features')
30.02/22.67	(10.035087719298245, '1_number_of_features')
30.02/22.67	(10.087719298245615, '1_number_of_categorical_features')
30.02/22.67	(11.280701754385966, '1_number_of_numeric_features')
30.02/22.67	(11.31578947368421, '0_number_of_features')
30.02/22.67	(12.68421052631579, '0_number_of_numeric_features')
30.02/22.67	(13.473684210526315, '0_number_of_classes')
30.02/22.67	(14.631578947368421, '1_number_of_classes')
30.02/22.67	Result for ParamILS: SAT, 21.745512, 1, 0.313013, -1, /home/feurerm/thesis/Software/pyMetaLearn/optimizers/metalearn_optimizer/learn_distances.py
