0.69/0.87	['/home/feurerm/thesis/Software/pyMetaLearn/optimizers/metalearn_optimizer/learn_distances.py', '--input_file', '/home/feurerm/thesis/experiments/2014_04_25_predict_distances/testfold_0-3_pfahringer_spearman_rank_perm.pkl', '--fold', '0', '--folds', '1', '--params', '-max_features', '0.606719565448', '-min_samples_leaf', '5', '-min_samples_split', '9', '-n_estimators', '63', '-n_jobs', '4', '-seed', '37']
0.69/0.88	Metafeatures (57, 8)
0.69/0.88	X (3192, 16)
0.69/0.88	Y (3192,)
0.69/0.88	Dataset Mae MSE Rho
1.93/1.43	vehicle 0.348491084682 0.146526978649 0.344218132803
3.26/2.02	anneal.ORIG 0.393268973628 0.192844605559 0.470593052921
4.69/2.60	segment 0.190044505861 0.0462849054283 0.82709314727
5.92/3.19	pendigits 0.277925006711 0.0982618124627 0.681972075319
7.26/3.78	mushroom 0.1800964299 0.0415769462177 0.657408152227
8.60/4.37	labor 0.315959417688 0.141161215522 0.234973316946
9.91/4.95	abalone 0.251112324701 0.0813025791994 0.640924466994
11.25/5.55	diabetes 0.498919238394 0.318519320474 0.17679560436
12.58/6.12	car 0.341751355774 0.146732522711 0.264708592268
13.91/6.72	autos 0.227267739347 0.0668780700178 0.682295284833
15.25/7.32	mfeat-fourier 0.588313462697 0.447672925914 -0.45346294866
16.60/7.91	primary-tumor 0.21386135291 0.057004407785 0.565616650146
18.02/8.50	waveform-5000 0.177613971262 0.047812830629 0.757603101681
19.26/9.08	credit-a 0.369652436024 0.193495246723 0.418879530622
20.58/9.66	letter 0.242322888939 0.0818602634987 0.596644763525
21.95/10.26	postoperative-patient-data 0.422376924546 0.231452487238 0.111184072943
23.29/10.86	vowel 0.43473324171 0.238393850629 0.34841985649
24.65/11.46	eucalyptus 0.38148136904 0.188460613487 0.0559152459858
26.02/12.06	cylinder-bands 0.317536320691 0.128215350034 0.493217718927
27.34/12.67	ionosphere 0.408821739281 0.203231414626 0.0817720071354
28.68/13.27	mfeat-karhunen 0.145845297556 0.0313919978901 0.826446728242
30.03/13.86	balance-scale 0.245534570715 0.0814946489812 0.414677806935
31.38/14.46	mfeat-morphological 0.465863111653 0.28575665118 -0.217843212685
32.72/15.06	liver-disorders 0.281863388838 0.104385743654 0.474148357579
34.09/15.64	dermatology 0.209665022364 0.0567148614712 0.499681909215
35.43/16.25	vote 0.0739929302839 0.00892187251752 0.790570472147
36.78/16.84	breast-cancer 0.151008412736 0.0308144592148 0.362964284636
38.14/17.42	credit-g 0.639060321767 0.537284192722 -0.691991570264
39.56/18.00	soybean 0.119048985244 0.0226186753858 0.768269015655
40.80/18.59	arrhythmia 0.269682601377 0.101293136724 0.209439765311
42.13/19.17	nursery 0.267449968001 0.0920000433888 0.616037334387
43.51/19.76	hepatitis 0.257777646906 0.0877608173901 0.328704076113
44.82/20.37	cmc 0.261253103753 0.0883970592307 0.313190019424
46.18/20.97	heart-c 0.227611989985 0.0713335859309 0.812225509609
47.49/21.55	glass 0.363273886175 0.156829899055 0.34324850426
48.82/22.14	braziltourism 0.467031380565 0.28000135791 -0.0161604757185
50.17/22.74	iris 0.302433509314 0.119063526299 0.329027285628
51.48/23.32	heart-statlog 0.259419224195 0.0918367624436 0.745967559164
52.85/23.91	page-blocks 0.358403913305 0.171936725617 0.206530879682
54.23/24.50	breast-w 0.215793873162 0.0624598048168 0.524892251335
55.53/25.09	heart-h 0.156529534113 0.0330476628616 0.691021941721
56.90/25.71	yeast 0.256996519762 0.0827232205279 0.689082684635
58.32/26.33	tae 0.361717039189 0.159641634965 0.174533137759
59.63/26.92	haberman 0.267103684273 0.0924344859148 0.0707828836468
61.01/27.52	mfeat-pixel 0.357668128934 0.155882345602 0.212025441426
62.34/28.10	optdigits 0.165444748665 0.0360643355482 0.786691957974
63.70/28.69	mfeat-factors 0.197131444393 0.0533497573376 0.747260397221
65.02/29.27	satimage 0.254737665407 0.0896917413436 0.509378194646
66.38/29.87	lymph 0.197577288218 0.0578766302141 0.546870498312
67.71/30.47	audiology 0.3070238982 0.125799634209 0.446352339344
69.08/31.06	ecoli 0.405859001414 0.213813088809 0.119587520317
70.45/31.64	tic-tac-toe 0.310261204096 0.145467027794 0.572080840433
71.80/32.23	spambase 0.212191869133 0.0547786701058 0.883008393256
73.15/32.83	zoo 0.104792376141 0.0149184112606 0.809963043009
74.53/33.44	sonar 0.508387699383 0.324909771358 -0.137687253121
75.90/34.04	mfeat-zernike 0.258447111213 0.0929727494146 0.467360957778
77.23/34.62	kr-vs-kp 0.167495112692 0.0354441278226 0.739503368876
77.23/34.66	MAE 0.292156618367 0.11693451884
77.23/34.66	MSE 0.128926306381 0.128926306381
77.23/34.66	Mean tau 0.419730081976 0.325856465099
77.23/34.66	(0.3157894736842105, '0_class_probability_max')
77.23/34.66	(0.6842105263157895, '1_class_probability_max')
77.23/34.66	(2.43859649122807, '0_landmark_decision_tree')
77.23/34.66	(3.5964912280701755, '1_landmark_naive_bayes')
77.23/34.66	(3.8771929824561404, '1_landmark_decision_tree')
77.23/34.66	(4.105263157894737, '0_landmark_naive_bayes')
77.23/34.66	(7.087719298245614, '1_number_of_numeric_features')
77.23/34.66	(8.543859649122806, '1_number_of_categorical_features')
77.23/34.66	(8.701754385964913, '0_number_of_numeric_features')
77.23/34.66	(8.75438596491228, '0_number_of_categorical_features')
77.23/34.66	(9.368421052631579, '1_landmark_lda')
77.23/34.66	(10.807017543859649, '1_number_of_features')
77.23/34.66	(11.192982456140351, '0_number_of_features')
77.23/34.66	(11.526315789473685, '0_landmark_lda')
77.23/34.66	(14.368421052631579, '0_number_of_classes')
77.23/34.66	(14.631578947368421, '1_number_of_classes')
77.23/34.66	Result for ParamILS: SAT, 33.783199, 1, 0.292157, -1, /home/feurerm/thesis/Software/pyMetaLearn/optimizers/metalearn_optimizer/learn_distances.py
