0.77/3.27	['/home/feurerm/thesis/Software/pyMetaLearn/optimizers/metalearn_optimizer/learn_distances.py', '--input_file', '/home/feurerm/thesis/experiments/2014_04_25_predict_distances/testfold_0-3_pfahringer_spearman_rank_perm.pkl', '--fold', '0', '--folds', '1', '--params', '-max_features', '0.94391272994', '-min_samples_leaf', '7', '-min_samples_split', '7', '-n_estimators', '56', '-n_jobs', '4', '-seed', '59']
0.77/3.27	Metafeatures (57, 8)
0.77/3.27	X (3192, 16)
0.77/3.27	Y (3192,)
0.77/3.27	Dataset Mae MSE Rho
2.42/3.93	vehicle 0.366436538075 0.160839887949 0.288949305846
4.16/4.65	anneal.ORIG 0.480719604045 0.290154932195 -0.0223014564915
5.94/5.33	segment 0.176240303232 0.040742768069 0.822568214069
7.72/6.54	pendigits 0.273849476151 0.0971826487123 0.699425389095
9.38/7.25	mushroom 0.190858767828 0.0454771807828 0.650620752425
11.10/7.93	labor 0.318995398618 0.138853827955 0.211557645024
12.85/8.73	abalone 0.277349599649 0.0961881688685 0.657408152227
14.57/9.71	diabetes 0.520034380648 0.33345080489 0.245962440435
16.30/10.65	car 0.383412771073 0.198929902335 0.212025441426
18.03/11.48	autos 0.23464881237 0.0721230904405 0.65837778077
19.78/12.59	mfeat-fourier 0.549733120503 0.397697167972 -0.421465206737
21.56/13.28	primary-tumor 0.23355023504 0.0687677341991 0.503883632901
23.34/14.00	waveform-5000 0.142361732362 0.0308963669088 0.761481615853
24.98/15.05	credit-a 0.369152236224 0.191889122467 0.423081254309
26.72/15.76	letter 0.24504252836 0.0781073126902 0.574989726063
28.52/16.58	postoperative-patient-data 0.462307550148 0.280430869822 -0.116678634687
30.19/17.31	vowel 0.417687619001 0.215087113451 0.372337360553
31.91/18.01	eucalyptus 0.453453381528 0.274274923396 -0.168068947472
33.63/18.92	cylinder-bands 0.332234180733 0.133214737698 0.416293854507
35.46/19.71	ionosphere 0.424490802197 0.21551878317 -0.0145444281466
37.12/20.80	mfeat-karhunen 0.166361107627 0.0397045881823 0.784752700888
38.84/21.58	balance-scale 0.27365213722 0.096929146237 0.240467878691
40.58/22.28	mfeat-morphological 0.468603181442 0.29476773303 -0.175502766302
42.32/27.13	liver-disorders 0.285786555987 0.104095413354 0.599553649155
44.08/27.82	dermatology 0.200019425305 0.050899223221 0.498712280671
45.80/28.50	vote 0.0814494839191 0.0101294167015 0.764713710997
47.55/29.36	breast-cancer 0.124397934149 0.0220675547729 0.42534372091
49.26/30.12	credit-g 0.70366362453 0.656991615333 -0.681002446776
50.98/30.87	soybean 0.125810096672 0.0244365708377 0.740796206934
52.65/31.55	arrhythmia 0.25985560775 0.0917081950464 0.423404463823
54.34/32.62	nursery 0.265644836026 0.0898939753187 0.617976591474
56.04/33.32	hepatitis 0.246051406017 0.0875256884345 0.428252606539
57.80/34.05	cmc 0.263551557443 0.0895824381133 0.291858191475
59.47/34.74	heart-c 0.232553291257 0.0736781580673 0.799943548063
61.17/35.46	glass 0.374955976812 0.169677969915 0.278283391872
62.87/36.13	braziltourism 0.451956195864 0.265687513963 0.12799096769
64.59/37.12	iris 0.279033800295 0.103822731008 0.341955666202
66.31/38.04	heart-statlog 0.216532112513 0.0629170701596 0.789924053118
68.06/38.76	page-blocks 0.434099617397 0.254948270439 -0.0274728087214
69.81/39.59	breast-w 0.234195576516 0.0720961053132 0.536204584338
71.52/40.31	heart-h 0.165198043649 0.0380493577941 0.670013323287
73.21/40.98	yeast 0.294228130161 0.105030850669 0.661609875913
74.94/41.72	tae 0.365938425407 0.159363274933 0.227539498116
76.71/42.40	haberman 0.288260601133 0.109359705036 -0.021008618434
78.34/43.12	mfeat-pixel 0.379440223111 0.178454282085 0.135424786521
80.07/43.82	optdigits 0.177880514965 0.0421717849621 0.769238644198
81.81/44.49	mfeat-factors 0.200936231124 0.0555667186642 0.718817959957
83.52/45.25	satimage 0.273948646215 0.102005733704 0.373953408125
85.24/45.94	lymph 0.208451665888 0.0638687226925 0.46606811972
86.93/46.62	audiology 0.306399018941 0.117235676854 0.410476083249
88.65/47.30	ecoli 0.389946610321 0.193539078006 0.237235783547
90.40/48.01	tic-tac-toe 0.30321231907 0.141051321679 0.40982966422
92.08/48.72	spambase 0.211131969094 0.0540103281484 0.839375108816
93.79/53.66	zoo 0.116812065817 0.018993272145 0.818689699897
95.49/54.33	sonar 0.516111719474 0.330072865609 -0.129283805748
97.20/55.01	mfeat-zernike 0.225965194982 0.072187615548 0.574989726063
98.89/55.73	kr-vs-kp 0.172043727689 0.0391366503241 0.729483873931
98.89/55.75	MAE 0.300642766133 0.124619414755
98.89/55.75	MSE 0.13756989404 0.13756989404
98.89/55.75	Mean tau 0.393938828323 0.336950177557
98.89/55.75	(0.0, '1_class_probability_max')
98.89/55.75	(1.0, '0_class_probability_max')
98.89/55.75	(2.912280701754386, '0_landmark_decision_tree')
98.89/55.75	(3.245614035087719, '1_landmark_naive_bayes')
98.89/55.75	(3.3157894736842106, '0_landmark_naive_bayes')
98.89/55.75	(6.2105263157894735, '1_number_of_numeric_features')
98.89/55.75	(7.245614035087719, '0_number_of_numeric_features')
98.89/55.75	(7.421052631578948, '0_number_of_categorical_features')
98.89/55.75	(7.894736842105263, '1_number_of_categorical_features')
98.89/55.75	(8.385964912280702, '1_landmark_decision_tree')
98.89/55.75	(9.105263157894736, '1_number_of_features')
98.89/55.75	(9.789473684210526, '0_number_of_features')
98.89/55.75	(12.087719298245615, '1_landmark_lda')
98.89/55.75	(12.385964912280702, '0_landmark_lda')
98.89/55.75	(14.473684210526315, '1_number_of_classes')
98.89/55.75	(14.526315789473685, '0_number_of_classes')
98.89/55.75	Result for ParamILS: SAT, 52.488075, 1, 0.300643, -1, /home/feurerm/thesis/Software/pyMetaLearn/optimizers/metalearn_optimizer/learn_distances.py
