0.69/0.87	['/home/feurerm/thesis/Software/pyMetaLearn/optimizers/metalearn_optimizer/learn_distances.py', '--input_file', '/home/feurerm/thesis/experiments/2014_04_25_predict_distances/testfold_0-3_pfahringer_spearman_rank_perm.pkl', '--fold', '0', '--folds', '1', '--params', '-max_features', '0.299036882225', '-min_samples_leaf', '2', '-min_samples_split', '4', '-n_estimators', '24', '-n_jobs', '4', '-seed', '33']
0.69/0.88	Metafeatures (57, 8)
0.69/0.88	X (3192, 16)
0.69/0.88	Y (3192,)
0.69/0.88	Dataset Mae MSE Rho
1.07/1.12	vehicle 0.342430504713 0.145901527988 0.40982966422
1.47/1.38	anneal.ORIG 0.302025135343 0.112846607949 0.673245418431
1.90/1.75	segment 0.169639101639 0.0392054767244 0.822891423584
2.30/2.01	pendigits 0.264663291369 0.090094816696 0.723342893158
2.72/2.37	mushroom 0.162543670201 0.0359582467063 0.682618494347
3.15/2.63	labor 0.302885722952 0.127608535166 0.378801550841
3.55/2.99	abalone 0.249127360925 0.0825227196659 0.625733619818
3.99/3.25	diabetes 0.491959391375 0.31522451214 0.180350909018
4.40/3.62	car 0.316362192462 0.136329471865 0.521013737163
4.80/3.88	autos 0.206579544751 0.057288123169 0.603432163327
5.23/4.24	mfeat-fourier 0.57304309752 0.414656090101 -0.361348237065
5.65/4.51	primary-tumor 0.232290335082 0.0689469267623 0.477380452723
6.07/4.87	waveform-5000 0.192395962716 0.0540399866931 0.655145685626
6.50/5.14	credit-a 0.359213863589 0.18397415202 0.464775281663
6.93/5.50	letter 0.227184780119 0.071980243013 0.609896353614
7.35/5.76	postoperative-patient-data 0.433082343182 0.236821602981 -0.0345834180375
7.76/6.02	vowel 0.420347787147 0.224732809339 0.352944789691
8.17/6.29	eucalyptus 0.349177904266 0.162487221056 0.261799706639
8.58/6.55	cylinder-bands 0.342839902663 0.14829231589 0.344541342317
8.98/6.82	ionosphere 0.399942317495 0.198785253967 0.123142824975
9.38/7.07	mfeat-karhunen 0.130506998424 0.027001643388 0.847455346676
9.78/7.33	balance-scale 0.222430039823 0.0703708822891 0.537497422396
10.19/7.69	mfeat-morphological 0.476457642721 0.30229353056 -0.141565767294
10.61/7.96	liver-disorders 0.277661020669 0.100002635167 0.582746754407
11.04/8.33	dermatology 0.211608113071 0.0586537302028 0.49418734747
11.44/8.59	vote 0.0790804555877 0.0100244924621 0.784106281859
11.85/8.85	breast-cancer 0.237937160836 0.070520963534 0.205561251139
12.26/9.12	credit-g 0.602070551092 0.477402543026 -0.509054985131
12.66/9.38	soybean 0.152187919035 0.0360896819625 0.593735877896
13.08/9.64	arrhythmia 0.285827411555 0.111007452961 0.239175040633
13.54/10.00	nursery 0.26161452384 0.0867279974445 0.615067705844
13.93/10.37	hepatitis 0.357170084647 0.178614340728 -0.249194535579
14.36/10.73	cmc 0.319539536962 0.126572072905 0.265355011297
14.75/11.00	heart-c 0.226804041207 0.0652715272725 0.835819804158
15.14/11.26	glass 0.36644574187 0.171674439139 0.193279289593
15.55/11.51	braziltourism 0.516573209856 0.347247095819 -0.14350502438
15.98/11.77	iris 0.290800892836 0.111145888154 0.277313763329
16.39/12.14	heart-statlog 0.272755665677 0.104066921614 0.713646607727
16.82/12.50	page-blocks 0.319570052956 0.135065697961 0.306079410107
17.22/12.76	breast-w 0.229828820692 0.072826743653 0.45346294866
17.64/13.13	heart-h 0.153652586709 0.0328151211871 0.679709608718
18.05/13.39	yeast 0.255914275871 0.0873691171169 0.665488390086
18.47/13.65	tae 0.367795225738 0.165528679063 0.102457416055
18.89/13.92	haberman 0.251848889963 0.0833946331942 0.12572850109
19.29/14.18	mfeat-pixel 0.299054767827 0.113601118564 0.339046780573
19.71/14.48	optdigits 0.132005064621 0.0244160406313 0.828062775814
20.13/14.74	mfeat-factors 0.176067222548 0.0465811116341 0.738856949848
20.56/15.00	satimage 0.283179978664 0.105415120061 0.372983779582
20.98/15.37	lymph 0.170761160371 0.043698835431 0.667427647172
21.39/15.74	audiology 0.34088025613 0.164665547612 0.268910315955
21.81/16.01	ecoli 0.416406797056 0.220404651889 0.0837112642216
22.22/16.27	tic-tac-toe 0.302573776005 0.128282085049 0.531679651137
22.64/16.54	spambase 0.22516383368 0.0691076876616 0.702657484238
23.09/16.80	zoo 0.102718333962 0.0148756476714 0.770208272741
23.48/17.17	sonar 0.513028158442 0.331721617194 -0.174209928245
23.90/17.44	mfeat-zernike 0.301853124344 0.127743912918 0.218812841228
24.29/17.70	kr-vs-kp 0.146730961997 0.0283591138656 0.764713710997
24.29/17.72	MAE 0.29147786854 0.115223097074
24.29/17.72	MSE 0.129092227384 0.129092227384
24.29/17.72	Mean tau 0.405304731019 0.321593897059
24.29/17.72	(0.631578947368421, '0_landmark_naive_bayes')
24.29/17.72	(1.105263157894737, '0_class_probability_max')
24.29/17.72	(1.3157894736842106, '1_class_probability_max')
24.29/17.72	(3.56140350877193, '0_landmark_decision_tree')
24.29/17.72	(3.912280701754386, '1_landmark_decision_tree')
24.29/17.72	(5.508771929824562, '1_landmark_naive_bayes')
24.29/17.72	(5.56140350877193, '1_landmark_lda')
24.29/17.72	(9.105263157894736, '1_number_of_categorical_features')
24.29/17.72	(9.192982456140351, '0_landmark_lda')
24.29/17.72	(9.263157894736842, '0_number_of_features')
24.29/17.72	(10.491228070175438, '1_number_of_numeric_features')
24.29/17.72	(10.578947368421053, '0_number_of_numeric_features')
24.29/17.72	(10.631578947368421, '0_number_of_categorical_features')
24.29/17.72	(10.807017543859649, '1_number_of_features')
24.29/17.72	(14.017543859649123, '0_number_of_classes')
24.29/17.72	(14.31578947368421, '1_number_of_classes')
24.29/17.72	Result for ParamILS: SAT, 16.846221, 1, 0.291478, -1, /home/feurerm/thesis/Software/pyMetaLearn/optimizers/metalearn_optimizer/learn_distances.py
