0.71/0.95	['/home/feurerm/thesis/Software/pyMetaLearn/optimizers/metalearn_optimizer/learn_distances.py', '--input_file', '/home/feurerm/thesis/experiments/2014_04_25_predict_distances/testfold_0-3_pfahringer_spearman_rank_perm.pkl', '--fold', '0', '--folds', '1', '--params', '-max_features', '0.530286202099', '-min_samples_leaf', '2', '-min_samples_split', '6', '-n_estimators', '2', '-n_jobs', '4', '-seed', '24']
0.71/0.96	Metafeatures (57, 8)
0.71/0.96	X (3192, 16)
0.71/0.96	Y (3192,)
0.71/0.96	Dataset Mae MSE Rho
0.82/1.19	vehicle 0.297740884046 0.137247848855 0.483687055077
0.92/1.43	anneal.ORIG 0.557607693378 0.502349498492 0.146911072425
1.01/1.67	segment 0.272854071668 0.11247092683 0.603806550693
1.10/1.90	pendigits 0.273087740612 0.115440195671 0.571479077443
1.17/2.14	mushroom 0.178940392865 0.0571734248765 0.584415785478
1.26/2.37	labor 0.380158442901 0.199920840654 0.199158699425
1.36/2.61	abalone 0.185346461531 0.0720102158115 0.630993050129
1.44/2.84	diabetes 0.582076850431 0.429677126161 0.103711070617
1.52/3.08	car 0.467640739078 0.321252170066 0.162679490565
1.62/3.32	autos 0.166690146129 0.0467240237602 0.692571831233
1.71/3.56	mfeat-fourier 0.58233251913 0.48465612219 -0.250122051488
1.81/3.79	primary-tumor 0.242315757476 0.0921850902585 0.4637574869
1.90/4.03	waveform-5000 0.198225671856 0.0687809778707 0.617417223916
1.98/4.27	credit-a 0.411056241084 0.262539711148 0.271942112414
2.08/4.50	letter 0.339071589351 0.167238015359 0.331201820219
2.16/4.74	postoperative-patient-data 0.460881809453 0.315367261406 0.0469712901809
2.27/4.98	vowel 0.302195639233 0.152554048121 0.477209826352
2.35/5.21	eucalyptus 0.333601216751 0.181393176632 0.27410443472
2.44/5.44	cylinder-bands 0.273966461977 0.119353493641 0.460146110646
2.54/5.68	ionosphere 0.46385802598 0.296194544823 -0.027059918972
2.62/5.92	mfeat-karhunen 0.17883737673 0.0652281139957 0.646364627874
2.72/6.16	balance-scale 0.296569501317 0.134641825482 0.228082971295
2.80/6.39	mfeat-morphological 0.462295970351 0.322093695764 -0.0492070719188
2.88/6.63	liver-disorders 0.33364680302 0.175280183992 0.0683402826021
2.97/6.86	dermatology 0.260461970168 0.0952950409174 0.373475987217
3.06/7.26	vote 0.176411526204 0.0440192781475 0.587023014388
3.17/7.50	breast-cancer 0.239634806493 0.08447041024 0.307492847493
3.26/7.74	credit-g 0.83569228 0.936742033266 -0.508576497695
3.34/7.97	soybean 0.183917891639 0.0546339159986 0.549457742996
3.44/8.21	arrhythmia 0.354026291805 0.152334281248 0.377432224083
3.55/8.45	nursery 0.26494000645 0.0980724142611 0.607431710607
3.62/8.69	hepatitis 0.28510934398 0.118394185497 0.466846260391
3.73/8.93	cmc 0.305619500756 0.149894204365 0.291172301461
3.81/9.16	heart-c 0.189405938609 0.0586720716922 0.712901897593
3.91/9.40	glass 0.335904556189 0.175368839123 0.259151945826
3.98/9.64	braziltourism 0.487671092927 0.330409347256 0.0759124337256
4.09/9.87	iris 0.373103033675 0.192019949562 0.261292878824
4.17/10.11	heart-statlog 0.207682769541 0.0836458155991 0.63149675469
4.26/10.35	page-blocks 0.438576718823 0.240755316105 0.0182426295883
4.36/10.58	breast-w 0.216574245937 0.0781410116721 0.463333469142
4.45/10.82	heart-h 0.246051732289 0.0980333817666 0.37257974694
4.54/11.06	yeast 0.227341893541 0.0955670927534 0.576424910582
4.64/11.29	tae 0.438845916052 0.244137797468 -0.00340109448635
4.72/11.53	haberman 0.280705274414 0.121230152658 0.206147190936
4.82/11.77	mfeat-pixel 0.359174643061 0.180800151738 0.233552879938
4.91/12.01	optdigits 0.147170440041 0.0410464115762 0.722282442923
5.01/12.24	mfeat-factors 0.211348150448 0.0968401773944 0.59974294526
5.09/12.48	satimage 0.289070380554 0.123601545954 0.376630319899
5.17/12.72	lymph 0.292612783799 0.140790732905 0.293252721553
5.28/12.96	audiology 0.344639364268 0.168605159696 0.241983129415
5.37/13.20	ecoli 0.426322670349 0.250015623214 0.133247021361
5.46/13.43	tic-tac-toe 0.338187727866 0.168675686704 0.19727941876
5.55/13.67	spambase 0.237561075748 0.0872579724939 0.57774412317
5.65/13.91	zoo 0.151400866524 0.0402073494523 0.615985783468
5.74/14.15	sonar 0.496680788642 0.343353845305 0.057642680484
5.83/14.38	mfeat-zernike 0.288955476864 0.136122571014 0.328992656713
5.93/14.62	kr-vs-kp 0.144579940632 0.0356324847046 0.723084634502
5.93/14.62	MAE 0.321339984292 0.131834568574
5.93/14.62	MSE 0.177132610239 0.177132610239
5.93/14.62	Mean tau 0.341505648063 0.257823975225
5.93/14.62	(0.3157894736842105, '0_class_probability_max')
5.93/14.62	(1.1929824561403508, '1_class_probability_max')
5.93/14.62	(4.175438596491228, '1_landmark_naive_bayes')
5.93/14.62	(5.701754385964913, '0_landmark_naive_bayes')
5.93/14.62	(6.052631578947368, '1_landmark_decision_tree')
5.93/14.62	(6.12280701754386, '0_number_of_numeric_features')
5.93/14.62	(7.350877192982456, '0_number_of_features')
5.93/14.62	(7.350877192982456, '1_number_of_categorical_features')
5.93/14.62	(7.508771929824562, '1_number_of_numeric_features')
5.93/14.62	(8.964912280701755, '0_landmark_lda')
5.93/14.62	(9.175438596491228, '0_landmark_decision_tree')
5.93/14.62	(9.614035087719298, '1_landmark_lda')
5.93/14.62	(9.701754385964913, '0_number_of_categorical_features')
5.93/14.62	(9.719298245614034, '1_number_of_features')
5.93/14.62	(13.333333333333334, '1_number_of_classes')
5.93/14.62	(13.719298245614034, '0_number_of_classes')
5.93/14.62	Result for ParamILS: SAT, 13.669156, 1, 0.321340, -1, /home/feurerm/thesis/Software/pyMetaLearn/optimizers/metalearn_optimizer/learn_distances.py
