0.69/0.99	['/home/feurerm/thesis/Software/pyMetaLearn/optimizers/metalearn_optimizer/learn_distances.py', '--input_file', '/home/feurerm/thesis/experiments/2014_04_25_predict_distances/testfold_0-3_pfahringer_spearman_rank_perm.pkl', '--fold', '0', '--folds', '1', '--params', '-max_features', '0.424013651917', '-min_samples_leaf', '7', '-min_samples_split', '1', '-n_estimators', '67', '-n_jobs', '4', '-seed', '41']
0.69/0.99	Metafeatures (57, 8)
0.69/0.99	X (3192, 16)
0.69/0.99	Y (3192,)
0.69/0.99	Dataset Mae MSE Rho
1.60/1.44	vehicle 0.345807284353 0.149263564118 0.404011892961
2.63/1.95	anneal.ORIG 0.330379983742 0.14015249084 0.530063603565
3.66/2.44	segment 0.238116565861 0.0711042888547 0.779581348658
4.65/2.92	pendigits 0.315317908734 0.124949139396 0.628642505448
5.63/3.41	mushroom 0.191505566906 0.0450922841436 0.663225923485
6.72/3.90	labor 0.308177875424 0.13331323189 0.297999172248
7.62/4.38	abalone 0.308783566166 0.119784550722 0.564970231117
8.62/4.86	diabetes 0.506068667394 0.336181104261 0.120880358374
9.60/5.34	car 0.360884230406 0.181306536996 0.329673704656
10.55/5.81	autos 0.250369077679 0.0816324343957 0.532972489195
11.53/6.29	mfeat-fourier 0.558299787671 0.401133657148 -0.45346294866
12.53/6.77	primary-tumor 0.221212252817 0.059259704857 0.578868240235
13.52/7.25	waveform-5000 0.201787504176 0.0565284177913 0.751138911394
14.49/7.73	credit-a 0.389917345818 0.2137141412 0.341955666202
15.47/8.22	letter 0.238409213641 0.0808157578285 0.679063189689
16.53/8.71	postoperative-patient-data 0.4045669985 0.205937483493 0.0462189605548
17.44/9.19	vowel 0.459257789567 0.261917102083 0.189077565906
18.42/9.67	eucalyptus 0.384324037655 0.194402744485 0.0452493320117
19.44/10.17	cylinder-bands 0.326362132234 0.132858444293 0.470269843407
20.44/10.65	ionosphere 0.412907098967 0.202952040148 0.0391083512387
21.42/11.13	mfeat-karhunen 0.179255863409 0.0448516259002 0.780874186716
22.40/11.62	balance-scale 0.246360576588 0.0794648867911 0.426959768482
23.51/12.11	mfeat-morphological 0.459265368994 0.275259032718 -0.194895337165
24.50/12.60	liver-disorders 0.268168105235 0.0968711146628 0.462189605548
25.38/13.07	dermatology 0.185246224411 0.0448492006917 0.559152459858
26.37/13.55	vote 0.073609332792 0.00858976601601 0.811255881066
27.38/14.03	breast-cancer 0.164521430141 0.0366181230009 0.30995792428
28.38/14.52	credit-g 0.565910366919 0.42968453372 -0.627672876905
29.38/15.00	soybean 0.124237424221 0.0239728853205 0.769885063227
30.37/15.49	arrhythmia 0.272469023374 0.102152379735 0.181643747075
31.36/15.98	nursery 0.300029900952 0.112693844031 0.508731775617
32.40/16.47	hepatitis 0.30974864753 0.136819411691 -0.101164577998
33.35/16.95	cmc 0.282856423474 0.0983587091831 0.299938429334
34.34/17.44	heart-c 0.271127279105 0.0957069872065 0.775702834486
35.34/17.93	glass 0.362767376786 0.159096291739 0.339046780573
36.34/18.43	braziltourism 0.44109487126 0.252959191696 0.0862969403365
37.34/18.92	iris 0.301843249696 0.118554061271 0.302847314964
38.33/19.41	heart-statlog 0.298886609766 0.121005274889 0.780874186716
39.36/19.90	page-blocks 0.325131660831 0.145135376294 0.421141997223
40.45/20.40	breast-w 0.219769205436 0.0671780867569 0.501621166301
41.37/20.89	heart-h 0.195671401174 0.0477335081695 0.610542772643
42.40/21.38	yeast 0.313822012386 0.124083447003 0.579837868778
43.40/21.86	tae 0.342731402723 0.143213349321 0.188431146877
44.39/22.34	haberman 0.256714317315 0.0852365997223 0.0969628543107
45.40/22.83	mfeat-pixel 0.338636972779 0.139989662465 0.226569869573
46.39/23.31	optdigits 0.209041192897 0.0574498995796 0.736594483247
47.48/23.80	mfeat-factors 0.214610225495 0.0628953788516 0.726574988302
48.38/24.29	satimage 0.262629618286 0.093395864717 0.479966128838
49.40/24.78	lymph 0.194125377686 0.0561460562983 0.623794362732
50.42/25.26	audiology 0.328307917495 0.140491407325 0.349389485033
51.38/25.74	ecoli 0.404760251205 0.210469534009 0.123466034489
52.35/26.22	tic-tac-toe 0.309892146706 0.144955944743 0.530063603565
53.35/26.71	spambase 0.212625793312 0.0593950736924 0.872988898311
54.34/27.20	zoo 0.121226782159 0.019849904981 0.774733205943
55.42/27.70	sonar 0.519760920464 0.341979650627 -0.228832336173
56.32/28.26	mfeat-zernike 0.268887476993 0.0985317234729 0.473178729036
57.33/28.74	kr-vs-kp 0.185037111742 0.0439778240514 0.696516503465
57.33/28.78	MAE 0.299705872797 0.105832560785
57.33/28.78	MSE 0.131787977742 0.131787977742
57.33/28.78	Mean tau 0.399906565095 0.322087634807
57.33/28.78	(0.2631578947368421, '1_class_probability_max')
57.33/28.78	(0.9649122807017544, '0_class_probability_max')
57.33/28.78	(1.9473684210526316, '1_landmark_decision_tree')
57.33/28.78	(3.175438596491228, '0_landmark_decision_tree')
57.33/28.78	(4.368421052631579, '0_landmark_naive_bayes')
57.33/28.78	(4.543859649122807, '1_landmark_naive_bayes')
57.33/28.78	(6.245614035087719, '0_landmark_lda')
57.33/28.78	(7.017543859649122, '1_landmark_lda')
57.33/28.78	(9.263157894736842, '0_number_of_features')
57.33/28.78	(9.824561403508772, '1_number_of_categorical_features')
57.33/28.78	(10.31578947368421, '0_number_of_numeric_features')
57.33/28.78	(10.543859649122806, '1_number_of_numeric_features')
57.33/28.78	(10.894736842105264, '1_number_of_features')
57.33/28.78	(11.666666666666666, '0_number_of_categorical_features')
57.33/28.78	(14.298245614035087, '0_number_of_classes')
57.33/28.78	(14.666666666666666, '1_number_of_classes')
57.33/28.78	Result for ParamILS: SAT, 27.788667, 1, 0.299706, -1, /home/feurerm/thesis/Software/pyMetaLearn/optimizers/metalearn_optimizer/learn_distances.py
