0.67/0.87	['/home/feurerm/thesis/Software/pyMetaLearn/optimizers/metalearn_optimizer/learn_distances.py', '--input_file', '/home/feurerm/thesis/experiments/2014_04_25_predict_distances/testfold_0-3_pfahringer_spearman_rank_perm.pkl', '--fold', '0', '--folds', '1', '--params', '-max_features', '0.365371602208', '-min_samples_leaf', '2', '-min_samples_split', '6', '-n_estimators', '59', '-n_jobs', '4', '-seed', '50']
0.67/0.87	Metafeatures (57, 8)
0.67/0.87	X (3192, 16)
0.67/0.87	Y (3192,)
0.67/0.87	Dataset Mae MSE Rho
1.51/1.33	vehicle 0.319704868921 0.123630846519 0.485783900097
2.47/1.82	anneal.ORIG 0.300858396048 0.117278809086 0.541375936568
3.47/2.30	segment 0.181696692063 0.0422070055223 0.836789432701
4.30/2.78	pendigits 0.271314100105 0.0935081473409 0.68649700852
5.25/3.27	mushroom 0.156155179169 0.0310654218755 0.733685597618
6.17/3.78	labor 0.288539038643 0.115078163409 0.341632456688
7.11/4.27	abalone 0.223361571222 0.0644696035403 0.713323398212
8.06/4.76	diabetes 0.502554470158 0.327842675159 0.134455157978
8.99/5.25	car 0.35951924594 0.19116126212 0.436332844398
9.90/5.74	autos 0.209398268781 0.0565883422616 0.700718227152
10.81/6.22	mfeat-fourier 0.542488936023 0.381607208331 -0.351975161148
11.77/6.82	primary-tumor 0.227892818397 0.0631564767065 0.520690527649
12.73/7.31	waveform-5000 0.204647306597 0.0611716631478 0.671952580373
13.77/7.80	credit-a 0.37780206784 0.202846844868 0.353267999205
14.59/8.29	letter 0.235865233516 0.0771095994524 0.652560009511
15.56/8.78	postoperative-patient-data 0.408587890194 0.208731118469 0.108598396828
16.46/9.27	vowel 0.405421279152 0.203122126732 0.413061759364
17.39/9.75	eucalyptus 0.400563551909 0.21164438311 0.0426636558967
18.35/10.35	cylinder-bands 0.319378672462 0.133272390892 0.492894509413
19.33/10.85	ionosphere 0.410893600939 0.20431923991 0.0656115314169
20.28/11.34	mfeat-karhunen 0.123757034016 0.0224657628929 0.86329261288
21.24/11.82	balance-scale 0.209496291792 0.0615107651049 0.569495164318
22.18/12.36	mfeat-morphological 0.480128042541 0.307023538484 -0.221721726857
23.13/12.86	liver-disorders 0.312985467379 0.125739680331 0.510347823189
24.06/13.34	dermatology 0.204897478854 0.0547497792405 0.507762147074
25.01/13.85	vote 0.0702760359179 0.00815588758068 0.794448986319
25.96/14.33	breast-cancer 0.20963010349 0.0525291408678 0.330320123685
26.88/14.82	credit-g 0.549781971747 0.40462020982 -0.48384464301
27.90/15.31	soybean 0.140405279349 0.0316762399666 0.638015581365
28.84/15.80	arrhythmia 0.276552886238 0.106659724563 0.200066689394
29.66/16.28	nursery 0.265986877927 0.0907011296074 0.621208686617
30.62/16.76	hepatitis 0.316243213072 0.144597972293 -0.131869481863
31.59/17.26	cmc 0.302211465177 0.117898837745 0.263092544696
32.51/17.74	heart-c 0.210795243541 0.060151071135 0.847455346676
33.44/18.23	glass 0.337865517024 0.136833102948 0.474148357579
34.42/18.72	braziltourism 0.474478028648 0.296654548345 0.0206854089196
35.35/19.23	iris 0.299802282016 0.117590768798 0.32547198097
36.34/19.82	heart-statlog 0.278810461474 0.107832765951 0.7737635774
37.22/20.30	page-blocks 0.334305374068 0.157097412178 0.332259380771
38.22/20.90	breast-w 0.214618857275 0.0662268944728 0.510347823189
39.24/21.40	heart-h 0.163580212269 0.0360085793114 0.650297542911
40.06/21.88	yeast 0.243209928634 0.0745814132399 0.731099921503
41.00/22.38	tae 0.34526273007 0.144334498261 0.184552632705
41.94/22.87	haberman 0.250449878696 0.0811751637429 0.173240299702
42.86/23.38	mfeat-pixel 0.318924065343 0.122633379802 0.31512927651
43.79/23.87	optdigits 0.137399167355 0.0252019562206 0.824507471155
44.70/24.36	mfeat-factors 0.158147086461 0.0373555729172 0.779258139144
45.65/24.85	satimage 0.262600444059 0.0949910752736 0.454432577203
46.60/25.36	lymph 0.168459636319 0.041225792991 0.672922208916
47.59/25.86	audiology 0.322618478567 0.137405865435 0.360701818036
48.60/26.37	ecoli 0.408294641323 0.215261701349 0.161604757185
49.49/26.86	tic-tac-toe 0.304411929275 0.134482890502 0.646742238252
50.40/27.33	spambase 0.191054577313 0.0483993929316 0.840667946874
51.32/27.84	zoo 0.095984827893 0.0123154915864 0.833234128043
52.29/28.36	sonar 0.505266850709 0.322563858586 -0.126051710604
53.21/28.84	mfeat-zernike 0.258032574394 0.0919698271574 0.532002860651
54.17/29.35	kr-vs-kp 0.153381823 0.0309998762099 0.760835196825
54.17/29.39	MAE 0.2850307009 0.111952509198
54.17/29.39	MSE 0.123358471865 0.123358471865
54.17/29.39	Mean tau 0.440699008013 0.318785930317
54.17/29.39	(0.21052631578947367, '0_class_probability_max')
54.17/29.39	(1.1578947368421053, '0_landmark_decision_tree')
54.17/29.39	(1.7719298245614035, '1_class_probability_max')
54.17/29.39	(3.5964912280701755, '1_landmark_decision_tree')
54.17/29.39	(3.719298245614035, '1_landmark_naive_bayes')
54.17/29.39	(4.7894736842105265, '0_landmark_naive_bayes')
54.17/29.39	(5.982456140350878, '1_landmark_lda')
54.17/29.39	(7.017543859649122, '0_landmark_lda')
54.17/29.39	(9.070175438596491, '1_number_of_numeric_features')
54.17/29.39	(9.736842105263158, '1_number_of_features')
54.17/29.39	(10.0, '1_number_of_categorical_features')
54.17/29.39	(10.070175438596491, '0_number_of_numeric_features')
54.17/29.39	(11.947368421052632, '0_number_of_features')
54.17/29.39	(12.385964912280702, '0_number_of_categorical_features')
54.17/29.39	(13.859649122807017, '1_number_of_classes')
54.17/29.39	(14.68421052631579, '0_number_of_classes')
54.17/29.39	Result for ParamILS: SAT, 28.520134, 1, 0.285031, -1, /home/feurerm/thesis/Software/pyMetaLearn/optimizers/metalearn_optimizer/learn_distances.py
