0.76/0.90	['/home/feurerm/thesis/Software/pyMetaLearn/optimizers/metalearn_optimizer/learn_distances.py', '--input_file', '/home/feurerm/thesis/experiments/2014_04_25_predict_distances/testfold_0-3_pfahringer_spearman_rank_perm.pkl', '--fold', '0', '--folds', '1', '--params', '-max_features', '0.707269126925', '-min_samples_leaf', '2', '-min_samples_split', '4', '-n_estimators', '86', '-n_jobs', '4', '-seed', '83']
0.76/0.90	Metafeatures (57, 8)
0.76/0.90	X (3192, 16)
0.76/0.90	Y (3192,)
0.76/0.90	Dataset Mae MSE Rho
3.03/1.86	vehicle 0.325819472037 0.125868653902 0.451846901088
5.60/2.89	anneal.ORIG 0.46306313062 0.26110524502 0.382033645984
8.21/3.91	segment 0.133417372632 0.0232092512622 0.890119002572
10.72/4.92	pendigits 0.225147237167 0.0675644969147 0.769885063227
13.27/5.94	mushroom 0.157577999533 0.0318711318669 0.702334274724
15.85/6.98	labor 0.323990675453 0.146548779341 0.211055812883
18.41/8.02	abalone 0.16981840744 0.0366859917039 0.790570472147
21.08/9.05	diabetes 0.515685311044 0.328341630837 0.25598193538
23.64/10.06	car 0.362003024039 0.181454318421 0.286686839245
26.30/11.07	autos 0.1880895723 0.0451816078554 0.805761319322
28.90/12.10	mfeat-fourier 0.589504198934 0.45240510301 -0.481258966896
31.54/13.13	primary-tumor 0.213907976578 0.0575523304169 0.553981107629
34.06/14.17	waveform-5000 0.173146116337 0.0435223327389 0.765036920512
36.67/15.22	credit-a 0.358586849452 0.181621013073 0.455402205746
39.23/16.26	letter 0.212808452411 0.0639625276087 0.703950322296
41.81/17.29	postoperative-patient-data 0.43919238609 0.252282692168 0.10504309217
44.36/18.31	vowel 0.377444982768 0.177117950067 0.528124346479
46.95/19.37	eucalyptus 0.460608427753 0.279822477097 -0.111184072943
49.62/20.40	cylinder-bands 0.332740127485 0.134482767505 0.393669188502
52.06/21.44	ionosphere 0.394324942786 0.187337094172 0.190047194449
54.61/22.52	mfeat-karhunen 0.106614762881 0.0180777165047 0.877190621998
57.21/23.56	balance-scale 0.224294762143 0.0734699985855 0.538467050939
59.77/24.60	mfeat-morphological 0.458216823886 0.277649834675 -0.120880358374
62.31/25.64	liver-disorders 0.281197233191 0.099008973596 0.691021941721
64.88/26.68	dermatology 0.212436234536 0.0578837133302 0.472209100493
67.45/27.72	vote 0.075732238786 0.0111912158721 0.762774453911
70.04/28.76	breast-cancer 0.144185499037 0.0317041617667 0.390437093358
72.71/29.71	credit-g 0.666752928338 0.598489839551 -0.680679237261
75.29/30.76	soybean 0.124188713256 0.0251725645459 0.682295284833
77.87/31.80	arrhythmia 0.254922932801 0.0917648889514 0.287656467788
80.28/32.83	nursery 0.23422084271 0.0692018353417 0.679063189689
82.94/33.87	hepatitis 0.21378495276 0.0566864672582 0.549456174427
85.61/34.90	cmc 0.283042744166 0.106726334513 0.27149599207
88.00/35.92	heart-c 0.164629993375 0.0378841226871 0.897552821403
90.57/36.93	glass 0.353932558061 0.151653371068 0.331289752228
93.14/37.96	braziltourism 0.460510412485 0.273041507401 -0.0168068947472
95.69/38.99	iris 0.281115703364 0.102840792267 0.378478341326
98.26/40.03	heart-statlog 0.211630358552 0.0629832336067 0.839698318331
100.96/41.18	page-blocks 0.434232543953 0.262096176919 -0.0187461518334
103.53/42.21	breast-w 0.207483260144 0.0578284378469 0.565293440631
106.08/43.33	heart-h 0.114335252073 0.019360888205 0.764067291968
108.69/44.39	yeast 0.201737041157 0.0514302546359 0.806730947865
111.22/45.41	tae 0.378728820564 0.172246851582 0.17905807096
113.80/46.46	haberman 0.280106680481 0.102456196693 0.120880358374
116.43/47.48	mfeat-pixel 0.362217587966 0.160309304838 0.207823717739
119.07/48.51	optdigits 0.113455675115 0.0171802984688 0.853919536963
121.66/49.56	mfeat-factors 0.155782932112 0.0365355280213 0.772470739342
124.28/50.59	satimage 0.248127494641 0.0855903121915 0.521983365706
126.91/51.61	lymph 0.220613528591 0.0752275174848 0.446352339344
129.33/52.62	audiology 0.296518518233 0.11128236743 0.462836024576
131.88/53.64	ecoli 0.397017928093 0.200299876994 0.211702231912
134.48/54.69	tic-tac-toe 0.321780209729 0.15871995733 0.43794889197
137.08/55.71	spambase 0.221422248399 0.0547976669364 0.867494336567
139.62/56.74	zoo 0.0802758672816 0.0089980995841 0.875574574426
142.20/57.83	sonar 0.504720226103 0.317872511027 -0.141565767294
144.72/58.87	mfeat-zernike 0.255455202662 0.0934896048286 0.494833766499
147.38/59.91	kr-vs-kp 0.126045307043 0.0207551596895 0.823861052127
147.38/59.97	MAE 0.282251625992 0.131956955208
147.38/59.97	MSE 0.126839385565 0.126839385565
147.38/59.97	Mean tau 0.451444306781 0.347297325991
147.38/59.97	(0.07017543859649122, '1_class_probability_max')
147.38/59.97	(0.9298245614035088, '0_class_probability_max')
147.38/59.97	(2.526315789473684, '0_landmark_decision_tree')
147.38/59.97	(3.4210526315789473, '0_landmark_naive_bayes')
147.38/59.97	(3.9649122807017543, '1_landmark_naive_bayes')
147.38/59.97	(4.2105263157894735, '1_landmark_decision_tree')
147.38/59.97	(7.315789473684211, '0_number_of_numeric_features')
147.38/59.97	(7.491228070175438, '1_number_of_numeric_features')
147.38/59.97	(8.526315789473685, '1_number_of_categorical_features')
147.38/59.97	(9.12280701754386, '0_number_of_categorical_features')
147.38/59.97	(10.228070175438596, '0_number_of_features')
147.38/59.97	(10.631578947368421, '1_landmark_lda')
147.38/59.97	(10.631578947368421, '1_number_of_features')
147.38/59.97	(11.929824561403509, '0_landmark_lda')
147.38/59.97	(14.473684210526315, '0_number_of_classes')
147.38/59.97	(14.526315789473685, '1_number_of_classes')
147.38/59.97	Result for ParamILS: SAT, 59.072766, 1, 0.282252, -1, /home/feurerm/thesis/Software/pyMetaLearn/optimizers/metalearn_optimizer/learn_distances.py
