0.68/0.89	['/home/feurerm/thesis/Software/pyMetaLearn/optimizers/metalearn_optimizer/learn_distances.py', '--input_file', '/home/feurerm/thesis/experiments/2014_04_25_predict_distances/testfold_0-3_pfahringer_spearman_rank_perm.pkl', '--fold', '0', '--folds', '1', '--params', '-max_features', '0.639157124705', '-min_samples_leaf', '7', '-min_samples_split', '6', '-n_estimators', '100', '-n_jobs', '4', '-seed', '65']
0.68/0.89	Metafeatures (57, 8)
0.68/0.89	X (3192, 16)
0.68/0.89	Y (3192,)
0.68/0.89	Dataset Mae MSE Rho
2.70/1.74	vehicle 0.359734231121 0.157909741082 0.325795190484
4.84/2.64	anneal.ORIG 0.408858802386 0.209502064838 0.322886304855
6.97/3.56	segment 0.221474770941 0.0610857719988 0.79671145292
9.16/4.48	pendigits 0.293808767924 0.109168281797 0.679063189689
11.25/5.38	mushroom 0.181194234463 0.0410182669471 0.696516503465
13.38/6.31	labor 0.290862716943 0.120229358684 0.258567611495
15.65/9.60	abalone 0.258485918232 0.086731438683 0.63769237185
17.85/10.50	diabetes 0.511158782874 0.323827524248 0.27149599207
19.98/11.40	car 0.357821654346 0.167046404985 0.277636972843
22.11/12.30	autos 0.218778676954 0.0632945745042 0.6658115996
24.35/13.20	mfeat-fourier 0.561677855515 0.40981389169 -0.429222235082
26.38/14.11	primary-tumor 0.221947472285 0.0615741998211 0.539759888996
28.52/15.03	waveform-5000 0.175844570166 0.0430590940206 0.76342087294
30.65/15.95	credit-a 0.366504910594 0.189106309499 0.433100749255
32.80/16.85	letter 0.230374462159 0.0747526474162 0.66064024737
34.97/17.76	postoperative-patient-data 0.431167483184 0.241404085816 0.0416940273536
37.18/18.67	vowel 0.431627039072 0.231132732999 0.340016409116
39.38/19.60	eucalyptus 0.413226815567 0.224683899104 -0.072722140733
41.41/20.53	cylinder-bands 0.324269638749 0.123868163217 0.442473825171
43.55/21.43	ionosphere 0.416492950822 0.205341423958 0.0429868654111
45.68/22.35	mfeat-karhunen 0.163696869006 0.0381679313663 0.799297129035
47.80/23.29	balance-scale 0.251609408269 0.0828891432379 0.387851417243
50.09/24.20	mfeat-morphological 0.462107354108 0.279466497726 -0.214934327055
52.09/25.12	liver-disorders 0.280763678211 0.105849898633 0.422758044795
54.21/26.03	dermatology 0.200334829785 0.0525961728833 0.511963870761
56.37/26.95	vote 0.0750273689025 0.00891822657537 0.804791690779
58.56/27.86	breast-cancer 0.142306845795 0.0281020419086 0.39948695976
60.72/28.78	credit-g 0.652338508765 0.563757570376 -0.715585864813
62.95/29.69	soybean 0.118960298028 0.02181104702 0.782490234287
64.97/30.60	arrhythmia 0.263431576817 0.0961572880844 0.346157389889
67.11/31.53	nursery 0.279492738786 0.0991304426865 0.590180573238
69.25/32.44	hepatitis 0.262043567478 0.0907104175899 0.315452486024
71.34/33.35	cmc 0.264792105067 0.0887220234501 0.31512927651
73.43/34.26	heart-c 0.24630978798 0.0818042439 0.802529224178
75.64/35.17	glass 0.36445179333 0.159117865427 0.329673704656
77.85/36.10	braziltourism 0.44988887621 0.261924888498 0.054299198414
80.00/37.00	iris 0.28163400929 0.104734035435 0.352621580177
82.17/38.00	heart-statlog 0.239127776845 0.0774373389455 0.782813443802
84.25/38.91	page-blocks 0.389369022923 0.199995860183 0.171301042616
86.41/39.81	breast-w 0.212831713321 0.0592581350701 0.536851003367
88.73/40.74	heart-h 0.166006677299 0.0366224281225 0.713969817241
90.77/41.66	yeast 0.287711937982 0.105125856451 0.600846487212
92.91/42.57	tae 0.357275942242 0.155118646204 0.176472394846
95.07/43.47	haberman 0.282905735844 0.106174613987 -0.021008618434
97.21/44.38	mfeat-pixel 0.353389414091 0.154432129962 0.200389898909
99.35/45.29	optdigits 0.189480536189 0.0464283631373 0.75534063508
101.59/46.20	mfeat-factors 0.198292932191 0.0543610126004 0.739503368876
103.63/47.12	satimage 0.267538691374 0.0987458693386 0.454755786717
105.81/48.04	lymph 0.204745324006 0.0597270684372 0.489662414269
107.96/48.87	audiology 0.315728903048 0.126603745038 0.374276617639
110.14/49.79	ecoli 0.401474343989 0.204568826714 0.11764826323
112.38/50.71	tic-tac-toe 0.31368214613 0.145688766075 0.609896353614
114.53/51.64	spambase 0.211284581345 0.0548689839044 0.861030146279
116.56/52.57	zoo 0.114151585283 0.0185253784324 0.803175643207
118.71/53.47	sonar 0.507561885921 0.324022764113 -0.180674118532
120.86/54.38	mfeat-zernike 0.262749056833 0.095037870981 0.483521433496
122.99/55.28	kr-vs-kp 0.184456226446 0.0432287663139 0.70427353181
123.13/55.33	MAE 0.29639062813 0.115753728712
123.13/55.33	MSE 0.13112950937 0.13112950937
123.13/55.33	Mean tau 0.409693576003 0.328764077285
123.13/55.33	(0.017543859649122806, '1_class_probability_max')
123.13/55.33	(0.9824561403508771, '0_class_probability_max')
123.13/55.33	(3.1403508771929824, '0_landmark_decision_tree')
123.13/55.33	(3.508771929824561, '1_landmark_naive_bayes')
123.13/55.33	(3.719298245614035, '0_landmark_naive_bayes')
123.13/55.33	(3.719298245614035, '1_landmark_decision_tree')
123.13/55.33	(7.5964912280701755, '0_number_of_numeric_features')
123.13/55.33	(7.947368421052632, '1_number_of_numeric_features')
123.13/55.33	(8.543859649122806, '1_number_of_categorical_features')
123.13/55.33	(8.807017543859649, '0_landmark_lda')
123.13/55.33	(8.807017543859649, '0_number_of_categorical_features')
123.13/55.33	(10.701754385964913, '0_number_of_features')
123.13/55.33	(11.070175438596491, '1_number_of_features')
123.13/55.33	(12.43859649122807, '1_landmark_lda')
123.13/55.33	(14.421052631578947, '0_number_of_classes')
123.13/55.33	(14.578947368421053, '1_number_of_classes')
123.13/55.33	Result for ParamILS: SAT, 54.443245, 1, 0.296391, -1, /home/feurerm/thesis/Software/pyMetaLearn/optimizers/metalearn_optimizer/learn_distances.py
