0.67/0.89	['/home/feurerm/thesis/Software/pyMetaLearn/optimizers/metalearn_optimizer/learn_distances.py', '--input_file', '/home/feurerm/thesis/experiments/2014_04_25_predict_distances/testfold_0-3_pfahringer_spearman_rank_perm.pkl', '--fold', '0', '--folds', '1', '--params', '-max_features', '0.263152359636', '-min_samples_leaf', '8', '-min_samples_split', '5', '-n_estimators', '26', '-n_jobs', '4', '-seed', '72']
0.75/0.90	Metafeatures (57, 8)
0.75/0.90	X (3192, 16)
0.75/0.90	Y (3192,)
0.75/0.90	Dataset Mae MSE Rho
1.02/1.14	vehicle 0.381940977418 0.18601819592 0.236589364518
1.35/1.39	anneal.ORIG 0.353638839296 0.153339548509 0.544931241226
1.70/1.65	segment 0.272261715415 0.0930108603643 0.669366904258
2.01/1.90	pendigits 0.339565768023 0.144611371537 0.552688269571
2.34/2.16	mushroom 0.210645734674 0.0553411825109 0.609249934586
2.68/2.42	labor 0.284865958483 0.113732376588 0.283131534587
3.01/2.67	abalone 0.328645687717 0.138832859816 0.490308833298
3.35/2.93	diabetes 0.507272247495 0.343959084937 0.0368458846381
3.68/3.19	car 0.383714038111 0.208724438608 0.319977419225
4.01/3.44	autos 0.252047316517 0.0827964556354 0.510671032703
4.33/3.69	mfeat-fourier 0.554496329103 0.402375661411 -0.415324225964
4.66/4.19	primary-tumor 0.228470544912 0.0631448737578 0.553981107629
5.01/4.44	waveform-5000 0.229096290994 0.0740190173006 0.636076324278
5.38/4.70	credit-a 0.383353274738 0.204799923189 0.353267999205
5.68/4.95	letter 0.260168260968 0.0958202491799 0.638985209908
6.02/5.21	postoperative-patient-data 0.406973461862 0.209079471425 -0.014867637661
6.36/5.46	vowel 0.475340090269 0.282546632258 0.0940539686814
6.69/5.72	eucalyptus 0.365649890077 0.174185035353 0.124435663032
7.02/5.97	cylinder-bands 0.355100519832 0.167971785344 0.342602085231
7.35/6.22	ionosphere 0.431647467194 0.229095637051 0.00355530465806
7.68/6.48	mfeat-karhunen 0.219735019666 0.0654140288155 0.731423131017
8.01/6.73	balance-scale 0.231282757893 0.0744547238924 0.462189605548
8.33/6.98	mfeat-morphological 0.487144275114 0.315517312605 -0.270849573041
8.66/7.24	liver-disorders 0.294307253457 0.116122867132 0.25889082101
9.01/7.50	dermatology 0.194094273582 0.0477699664678 0.537174212881
9.30/7.75	vote 0.0884466109729 0.0119174062506 0.784106281859
9.65/8.01	breast-cancer 0.248331152024 0.0812558393302 0.0465421700691
9.98/8.26	credit-g 0.569316898868 0.426911509937 -0.560122088402
10.31/8.52	soybean 0.139335370275 0.0303322734117 0.701687855695
10.64/8.77	arrhythmia 0.280375997419 0.110028427929 0.192956080078
10.98/9.03	nursery 0.299801916443 0.109961443321 0.540729517539
11.31/9.28	hepatitis 0.382085940427 0.205023830635 -0.571757630919
11.64/9.54	cmc 0.288943061933 0.101146628803 0.303816943507
11.97/9.79	heart-c 0.282807927335 0.106761222479 0.733039178589
12.29/10.04	glass 0.352544183803 0.149241391376 0.391406721901
12.65/10.30	braziltourism 0.464806947749 0.283245202961 0.0370104665474
12.93/10.55	iris 0.323028915933 0.133159705165 0.250487373636
13.27/10.80	heart-statlog 0.30727568862 0.123840407506 0.647388657281
13.59/11.05	page-blocks 0.364837637131 0.185160632173 0.38093305525
13.92/11.31	breast-w 0.223335584229 0.0682247578016 0.516812013476
14.25/11.56	heart-h 0.203767408185 0.0547052458218 0.516488803962
14.56/11.81	yeast 0.336816557922 0.142770269791 0.487723157183
14.87/12.06	tae 0.325248312192 0.131163448217 0.109244815857
15.20/12.31	haberman 0.256385359749 0.0906034749887 0.183906213676
15.53/12.57	mfeat-pixel 0.342264050539 0.143683746497 0.206854089196
15.86/12.82	optdigits 0.238485438533 0.0727217949278 0.690698732207
16.18/13.08	mfeat-factors 0.243477926344 0.0821605101241 0.669366904258
16.51/13.33	satimage 0.275647887788 0.100300297164 0.409183245191
16.83/13.58	lymph 0.217878504298 0.0688321203964 0.498389071157
17.17/13.84	audiology 0.32579574484 0.131300786155 0.266647849354
17.50/14.09	ecoli 0.403153453869 0.208444286549 0.139303300693
17.82/14.35	tic-tac-toe 0.257236077299 0.100774167369 0.570141583347
18.18/14.60	spambase 0.220546072506 0.0647543547309 0.749522863822
18.48/14.86	zoo 0.147568926531 0.0286537050199 0.700718227152
18.82/15.11	sonar 0.515847483919 0.339734428622 -0.203298784538
19.16/15.37	mfeat-zernike 0.270297845603 0.100001625707 0.459280719918
19.50/15.62	kr-vs-kp 0.215065754575 0.0577491630318 0.649327914367
19.50/15.64	MAE 0.31302130931 0.101897428833
19.50/15.64	MSE 0.141881537961 0.141881537961
19.50/15.64	Mean tau 0.347155959964 0.320746699351
19.50/15.64	(0.3508771929824561, '0_class_probability_max')
19.50/15.64	(1.0175438596491229, '1_class_probability_max')
19.50/15.64	(2.263157894736842, '1_landmark_decision_tree')
19.50/15.64	(3.491228070175439, '0_landmark_decision_tree')
19.50/15.64	(4.7368421052631575, '0_landmark_naive_bayes')
19.50/15.64	(5.245614035087719, '0_landmark_lda')
19.50/15.64	(5.350877192982456, '1_landmark_naive_bayes')
19.50/15.64	(6.280701754385965, '1_number_of_features')
19.50/15.64	(9.807017543859649, '0_number_of_categorical_features')
19.50/15.64	(9.982456140350877, '1_number_of_categorical_features')
19.50/15.64	(10.070175438596491, '1_number_of_numeric_features')
19.50/15.64	(10.263157894736842, '1_landmark_lda')
19.50/15.64	(11.614035087719298, '0_number_of_features')
19.50/15.64	(12.298245614035087, '0_number_of_numeric_features')
19.50/15.64	(12.719298245614034, '1_number_of_classes')
19.50/15.64	(14.508771929824562, '0_number_of_classes')
19.50/15.64	Result for ParamILS: SAT, 14.744860, 1, 0.313021, -1, /home/feurerm/thesis/Software/pyMetaLearn/optimizers/metalearn_optimizer/learn_distances.py
