0.71/0.96	['/home/feurerm/thesis/Software/pyMetaLearn/optimizers/metalearn_optimizer/learn_distances.py', '--input_file', '/home/feurerm/thesis/experiments/2014_04_25_predict_distances/testfold_0-3_pfahringer_spearman_rank_perm.pkl', '--fold', '0', '--folds', '1', '--params', '-max_features', '0.741399026755', '-min_samples_leaf', '9', '-min_samples_split', '2', '-n_estimators', '50', '-n_jobs', '4', '-seed', '57']
0.71/0.97	Metafeatures (57, 8)
0.71/0.97	X (3192, 16)
0.71/0.97	Y (3192,)
0.71/0.97	Dataset Mae MSE Rho
1.77/1.41	vehicle 0.359687187736 0.156490447642 0.314482857481
2.93/1.88	anneal.ORIG 0.436216379881 0.234959559816 0.375569455697
4.08/2.34	segment 0.228058104835 0.0653372414358 0.792186519719
5.20/2.81	pendigits 0.313711831365 0.123541130958 0.636722743307
6.38/3.38	mushroom 0.20385690244 0.0515265742553 0.61991584856
7.53/3.85	labor 0.290324134331 0.119269790093 0.242083926262
8.73/4.32	abalone 0.294793767622 0.111154623152 0.56367739306
9.89/4.80	diabetes 0.519083195302 0.344799093787 0.139949719722
11.09/5.28	car 0.354860466136 0.165362668094 0.284424372645
12.24/5.75	autos 0.226000070678 0.0680953810947 0.645126190681
13.43/6.33	mfeat-fourier 0.556435644501 0.406504981005 -0.423081254309
14.59/6.80	primary-tumor 0.237217937072 0.0688408067912 0.480612547867
15.75/7.38	waveform-5000 0.177299187826 0.0448835154733 0.744997930621
16.91/7.86	credit-a 0.379945000083 0.202357960719 0.376862293754
18.06/8.33	letter 0.246631606508 0.083914556255 0.620562267589
19.20/8.80	postoperative-patient-data 0.434735804746 0.24850589877 -0.029735275322
20.37/9.27	vowel 0.444024280136 0.244493544722 0.276020925271
21.53/9.74	eucalyptus 0.411592738117 0.22338362987 -0.0174533137759
22.71/10.21	cylinder-bands 0.333295492735 0.136077718676 0.424697301881
23.95/10.80	ionosphere 0.429902139728 0.221766743452 -0.0323209514369
25.07/11.38	mfeat-karhunen 0.189031021516 0.0489592978639 0.76051198731
26.26/11.85	balance-scale 0.243670707673 0.0768694872318 0.439564939542
27.43/12.43	mfeat-morphological 0.46319977157 0.280871602885 -0.18422942319
28.66/12.90	liver-disorders 0.276818225728 0.102088205994 0.457018253318
29.74/13.37	dermatology 0.197357202867 0.0509726657155 0.504206842416
30.89/13.84	vote 0.0836049849514 0.0108399349289 0.763097663425
32.07/14.31	breast-cancer 0.144378017326 0.0291491630666 0.350359113576
33.26/14.89	credit-g 0.666737409568 0.582611882158 -0.679709608718
34.47/15.36	soybean 0.125489145713 0.0237934704296 0.740796206934
35.57/15.84	arrhythmia 0.25979559866 0.0935840972129 0.265355011297
36.80/16.41	nursery 0.293613822641 0.111896910573 0.544931241226
37.90/16.88	hepatitis 0.278782737315 0.103444474588 0.21234865094
39.09/17.36	cmc 0.253849516718 0.0826029859498 0.349389485033
40.22/17.83	heart-c 0.256145016276 0.087176546503 0.766006549055
41.38/18.30	glass 0.365914851254 0.162850515566 0.319977419225
42.55/18.77	braziltourism 0.461143544301 0.272858612611 0.0911450830521
43.74/19.26	iris 0.294041965042 0.114383446471 0.326441609513
44.95/19.73	heart-statlog 0.250724863287 0.0842410116165 0.771824320313
46.09/20.20	page-blocks 0.417675829107 0.23197601901 0.128637386719
47.25/20.68	breast-w 0.208597656776 0.059831402803 0.534911746281
48.44/21.25	heart-h 0.1706237388 0.0381212514211 0.671629370859
49.62/21.82	yeast 0.305814243728 0.115894405541 0.613128448758
50.79/22.29	tae 0.358881560954 0.157896972429 0.158049452526
51.98/22.87	haberman 0.266021841219 0.0919315730959 0.0400779797818
53.14/23.45	mfeat-pixel 0.364391488291 0.168165823014 0.14867637661
54.31/23.92	optdigits 0.21985631892 0.0616481348561 0.717525121899
55.49/24.49	mfeat-factors 0.221939964837 0.0688775720366 0.694577246379
56.65/24.96	satimage 0.267225319038 0.0993010116791 0.43277753974
57.80/25.43	lymph 0.213699840232 0.0676739384143 0.453786158174
58.96/25.90	audiology 0.325316186209 0.131198807486 0.326764819027
60.16/26.38	ecoli 0.399381925665 0.205375678524 0.15901908107
61.35/26.96	tic-tac-toe 0.323090071642 0.157176685487 0.46380565312
62.55/27.54	spambase 0.193835151829 0.0488519435897 0.838728689788
63.73/28.01	zoo 0.119011493804 0.0202694366658 0.795418614862
64.96/28.59	sonar 0.52474093829 0.345343627854 -0.202005946481
66.12/29.17	mfeat-zernike 0.253335073813 0.0899367173981 0.50453005193
67.30/29.64	kr-vs-kp 0.194401827776 0.0482243288822 0.693607617836
67.30/29.67	MAE 0.304031767458 0.116344305622
67.30/29.67	MSE 0.13768693873 0.13768693873
67.30/29.67	Mean tau 0.386104951797 0.317643908846
67.30/29.67	(0.2982456140350877, '1_class_probability_max')
67.30/29.67	(0.7017543859649122, '0_class_probability_max')
67.30/29.67	(2.719298245614035, '1_landmark_naive_bayes')
67.30/29.67	(3.3508771929824563, '0_landmark_decision_tree')
67.30/29.67	(3.6315789473684212, '0_landmark_naive_bayes')
67.30/29.67	(4.43859649122807, '1_landmark_decision_tree')
67.30/29.67	(7.192982456140351, '1_number_of_numeric_features')
67.30/29.67	(7.421052631578948, '0_number_of_numeric_features')
67.30/29.67	(8.964912280701755, '0_number_of_categorical_features')
67.30/29.67	(10.175438596491228, '0_number_of_features')
67.30/29.67	(10.298245614035087, '1_number_of_features')
67.30/29.67	(10.421052631578947, '1_landmark_lda')
67.30/29.67	(10.578947368421053, '0_landmark_lda')
67.30/29.67	(10.824561403508772, '1_number_of_categorical_features')
67.30/29.67	(14.473684210526315, '0_number_of_classes')
67.30/29.67	(14.508771929824562, '1_number_of_classes')
67.30/29.67	Result for ParamILS: SAT, 28.706985, 1, 0.304032, -1, /home/feurerm/thesis/Software/pyMetaLearn/optimizers/metalearn_optimizer/learn_distances.py
