0.71/0.95	['/home/feurerm/thesis/Software/pyMetaLearn/optimizers/metalearn_optimizer/learn_distances.py', '--input_file', '/home/feurerm/thesis/experiments/2014_04_25_predict_distances/testfold_0-3_pfahringer_spearman_rank_perm.pkl', '--fold', '0', '--folds', '1', '--params', '-max_features', '0.613085573855', '-min_samples_leaf', '9', '-min_samples_split', '9', '-n_estimators', '72', '-n_jobs', '4', '-seed', '58']
0.71/0.96	Metafeatures (57, 8)
0.71/0.96	X (3192, 16)
0.71/0.96	Y (3192,)
0.71/0.96	Dataset Mae MSE Rho
1.98/1.51	vehicle 0.351070897482 0.149953049049 0.357146513378
3.50/2.10	anneal.ORIG 0.387429637148 0.185228348936 0.528770765508
4.78/2.69	segment 0.237254217388 0.0706714966108 0.766329758569
6.23/3.29	pendigits 0.31427635583 0.123445442762 0.638985209908
7.61/3.98	mushroom 0.20189728438 0.0505317893765 0.625733619818
9.04/4.68	labor 0.285372664491 0.114110767346 0.287656467788
10.46/5.27	abalone 0.30002282777 0.114343905579 0.573050468976
11.87/5.87	diabetes 0.501153045711 0.323846030896 0.164190433299
13.29/6.47	car 0.372612992796 0.187420309082 0.262446125668
14.66/7.05	autos 0.23552553075 0.0727920548179 0.563030974031
16.14/7.64	mfeat-fourier 0.550166278762 0.391641073548 -0.415324225964
17.46/8.34	primary-tumor 0.231047457155 0.0657141604681 0.496126604556
18.89/8.94	waveform-5000 0.18114491066 0.0474194617527 0.745321140135
20.25/9.64	credit-a 0.390090006153 0.214551590991 0.318684581168
21.66/10.33	letter 0.240855058405 0.0823027901503 0.680356027747
23.15/11.03	postoperative-patient-data 0.432525522988 0.247667842049 -0.0119587520317
24.47/11.74	vowel 0.453947673558 0.256168715866 0.229155545688
25.89/12.33	eucalyptus 0.400067341841 0.209969218879 -0.0219782469771
27.26/12.91	cylinder-bands 0.326603517163 0.134289022926 0.463482443605
28.65/13.50	ionosphere 0.404294481612 0.196945004595 0.0833880547072
30.04/14.09	mfeat-karhunen 0.19416467664 0.0508301087603 0.773117158371
31.41/14.68	balance-scale 0.254195539103 0.0814492421401 0.379447969869
32.85/15.29	mfeat-morphological 0.462864953754 0.28311370708 -0.211055812883
34.26/15.98	liver-disorders 0.300435761976 0.118529837475 0.428899025568
35.65/16.66	dermatology 0.189502251099 0.0470417907859 0.548486545884
37.06/17.36	vote 0.0790204546588 0.00969641689461 0.791863310204
38.47/17.94	breast-cancer 0.156531667355 0.0335380057195 0.314993010047
39.87/18.53	credit-g 0.591658604818 0.466014588291 -0.630581762534
41.26/19.12	soybean 0.134141805446 0.028218015579 0.706859207925
42.76/19.73	arrhythmia 0.277949670386 0.103963858853 0.224307402972
44.06/20.41	nursery 0.29747583193 0.112868858029 0.520690527649
45.51/21.11	hepatitis 0.287976548168 0.115041583199 0.0798327500492
47.06/21.70	cmc 0.268675438237 0.0895750923111 0.305756200593
48.33/22.38	heart-c 0.271783691253 0.0963315662681 0.769885063227
49.80/23.08	glass 0.359527668558 0.155615529716 0.332582590286
51.15/23.77	braziltourism 0.431879638606 0.240820757134 0.139303300693
52.55/24.46	iris 0.298932634263 0.119926649305 0.285717210702
53.97/25.06	heart-statlog 0.26958670162 0.0969706293483 0.738856949848
55.39/25.65	page-blocks 0.371107036553 0.187348720748 0.291211772447
56.79/26.24	breast-w 0.214136264095 0.0611215857441 0.507762147074
58.20/26.83	heart-h 0.181555535924 0.0437490360867 0.66064024737
59.66/27.53	yeast 0.319787715864 0.125310877385 0.600523277698
60.98/28.23	tae 0.35112123704 0.151298533074 0.133808738949
62.44/28.92	haberman 0.262330018782 0.0882805250933 0.021008618434
63.87/29.52	mfeat-pixel 0.352853350337 0.153667160065 0.190693613478
65.37/30.20	optdigits 0.215064386762 0.0599726361912 0.714939445784
66.74/30.89	mfeat-factors 0.231663812387 0.0720251644711 0.681972075319
68.05/31.59	satimage 0.272926928339 0.101892299571 0.359408979978
69.45/32.29	lymph 0.203449923035 0.0605932092331 0.503237213873
70.94/32.99	audiology 0.317070764423 0.133873592606 0.440857777599
72.27/33.57	ecoli 0.405940165507 0.209587221588 0.135101577006
73.65/34.16	tic-tac-toe 0.318648444692 0.150087459391 0.587594897123
75.06/34.75	spambase 0.209605082476 0.0574655350137 0.868787174624
76.43/35.34	zoo 0.125505408917 0.0221110248143 0.775056415457
77.81/35.93	sonar 0.509687381356 0.324920333016 -0.205884460653
79.18/36.53	mfeat-zernike 0.264227133584 0.0969719286972 0.467360957778
80.54/37.22	kr-vs-kp 0.207034041434 0.0545904261517 0.641247676508
80.54/37.26	MAE 0.3027609802 0.106615837159
80.54/37.26	MSE 0.134095185641 0.134095185641
80.54/37.26	Mean tau 0.389629514103 0.312968018485
80.54/37.26	(0.42105263157894735, '1_class_probability_max')
80.54/37.26	(0.5789473684210527, '0_class_probability_max')
80.54/37.26	(2.1228070175438596, '0_landmark_decision_tree')
80.54/37.26	(3.7719298245614037, '1_landmark_naive_bayes')
80.54/37.26	(4.052631578947368, '0_landmark_naive_bayes')
80.54/37.26	(4.052631578947368, '1_landmark_decision_tree')
80.54/37.26	(7.7368421052631575, '1_number_of_numeric_features')
80.54/37.26	(8.052631578947368, '1_landmark_lda')
80.54/37.26	(8.701754385964913, '0_number_of_numeric_features')
80.54/37.26	(9.210526315789474, '0_landmark_lda')
80.54/37.26	(10.192982456140351, '1_number_of_categorical_features')
80.54/37.26	(10.263157894736842, '1_number_of_features')
80.54/37.26	(10.333333333333334, '0_number_of_categorical_features')
80.54/37.26	(11.508771929824562, '0_number_of_features')
80.54/37.26	(14.456140350877194, '1_number_of_classes')
80.54/37.26	(14.543859649122806, '0_number_of_classes')
80.54/37.26	Result for ParamILS: SAT, 36.306005, 1, 0.302761, -1, /home/feurerm/thesis/Software/pyMetaLearn/optimizers/metalearn_optimizer/learn_distances.py
