0.68/0.89	['/home/feurerm/thesis/Software/pyMetaLearn/optimizers/metalearn_optimizer/learn_distances.py', '--input_file', '/home/feurerm/thesis/experiments/2014_04_25_predict_distances/testfold_0-3_pfahringer_spearman_rank_perm.pkl', '--fold', '0', '--folds', '1', '--params', '-max_features', '0.879714402742', '-min_samples_leaf', '8', '-min_samples_split', '5', '-n_estimators', '83', '-n_jobs', '4', '-seed', '69']
0.68/0.89	Metafeatures (57, 8)
0.68/0.89	X (3192, 16)
0.68/0.89	Y (3192,)
0.68/0.89	Dataset Mae MSE Rho
2.90/1.66	vehicle 0.36536147813 0.159995340607 0.277636972843
5.27/2.45	anneal.ORIG 0.523151434248 0.328564756486 -0.106659139742
7.73/5.30	segment 0.205309852033 0.0537301664857 0.812225509609
10.07/6.20	pendigits 0.264271366316 0.0911297869706 0.714939445784
12.43/7.00	mushroom 0.198691931818 0.0490951759691 0.623794362732
14.66/7.79	labor 0.284697170405 0.112355129659 0.242083926262
16.97/8.69	abalone 0.285048165867 0.103523715366 0.595998344497
19.38/9.48	diabetes 0.526123443066 0.346686129352 0.214934327055
21.73/10.28	car 0.371736145349 0.183542184859 0.250164164122
24.05/11.09	autos 0.219175689301 0.0617537923073 0.724312521701
26.39/11.88	mfeat-fourier 0.558227572801 0.408708890316 -0.446352339344
28.71/12.67	primary-tumor 0.228345786463 0.0662693440358 0.528770765508
31.04/13.48	waveform-5000 0.151031742925 0.0347766639832 0.76859222517
33.40/14.39	credit-a 0.378384068556 0.201469721088 0.36619637978
35.66/15.28	letter 0.237366767828 0.078106437255 0.619592639045
38.01/16.07	postoperative-patient-data 0.445966768494 0.260720994241 -0.0200389898909
40.30/16.97	vowel 0.432510282129 0.229516326941 0.349712694547
42.65/17.86	eucalyptus 0.426879393551 0.243765516281 -0.108275187314
45.05/18.76	cylinder-bands 0.331269367937 0.134507184499 0.468330586321
47.32/19.54	ionosphere 0.425689645039 0.21406145679 -0.0226246660058
49.66/20.33	mfeat-karhunen 0.177531751992 0.0449736877973 0.773117158371
51.98/21.23	balance-scale 0.264232844559 0.0906608629806 0.3306433332
54.35/22.04	mfeat-morphological 0.472316503957 0.297017341029 -0.249840954607
56.66/22.84	liver-disorders 0.307993185246 0.123125820765 0.229155545688
58.98/23.75	dermatology 0.201470172012 0.0516616640605 0.495156976013
61.33/24.66	vote 0.081393896186 0.00980662007253 0.775379624971
63.70/25.65	breast-cancer 0.126221342453 0.0229225029463 0.410476083249
66.09/26.55	credit-g 0.724498142264 0.687884768985 -0.72722140733
68.53/27.44	soybean 0.121842889071 0.0235057078571 0.754694216052
70.74/28.24	arrhythmia 0.261519557899 0.0965500909203 0.384619322099
73.06/29.14	nursery 0.271777056499 0.0938787260608 0.606017839442
75.42/30.05	hepatitis 0.255711911756 0.0962527828318 0.419849159165
77.82/30.97	cmc 0.235287412271 0.0739148086155 0.37653908424
80.25/31.97	heart-c 0.227722641257 0.0701757894099 0.783783072345
82.53/32.78	glass 0.365682486185 0.161311276769 0.302524105449
84.90/33.61	braziltourism 0.458462852186 0.272175644302 0.0934075496527
87.24/34.52	iris 0.280786612375 0.103003447894 0.379771179384
89.60/35.43	heart-statlog 0.21846232855 0.0627002442844 0.803822062236
92.04/36.22	page-blocks 0.43216771893 0.251038734088 -0.0164836852328
94.33/37.02	breast-w 0.217226767173 0.062247077206 0.63025855302
96.68/37.82	heart-h 0.15605518468 0.0326038358066 0.718494750442
99.04/38.94	yeast 0.296179614517 0.107746278569 0.637045952821
101.34/39.85	tae 0.379583868839 0.173599682329 0.151262052725
103.75/40.75	haberman 0.278807505251 0.102691553168 -0.0168068947472
106.09/41.56	mfeat-pixel 0.373950571323 0.174615960703 0.147383538552
108.41/42.45	optdigits 0.197127393208 0.0505411972809 0.734655226161
110.85/43.45	mfeat-factors 0.211269120683 0.0608922219217 0.721403636072
113.19/44.27	satimage 0.270348852745 0.0996413650489 0.406597569076
115.56/45.09	lymph 0.227671179232 0.0781108481199 0.398517331217
117.87/45.99	audiology 0.31768035472 0.125180504763 0.360055399007
120.25/46.78	ecoli 0.413250239056 0.21839972995 0.0972860638251
122.62/47.67	tic-tac-toe 0.312547674093 0.149241646273 0.396578074131
124.92/48.47	spambase 0.217273132627 0.0567047598909 0.84260720396
127.30/49.36	zoo 0.11496862732 0.0187420527716 0.81448797621
129.66/50.26	sonar 0.487838541179 0.294770936708 -0.0827416356785
132.07/51.06	mfeat-zernike 0.244299013561 0.0829442965762 0.545577660255
134.42/51.86	kr-vs-kp 0.189731287224 0.0461225047211 0.701041436666
134.56/51.90	MAE 0.302633829918 0.125363779683
134.56/51.90	MSE 0.139116415561 0.139116415561
134.56/51.90	Mean tau 0.385656994751 0.341505031204
134.56/51.90	(0.07017543859649122, '1_class_probability_max')
134.56/51.90	(0.9298245614035088, '0_class_probability_max')
134.56/51.90	(2.6491228070175437, '1_landmark_naive_bayes')
134.56/51.90	(2.8947368421052633, '0_landmark_naive_bayes')
134.56/51.90	(5.491228070175438, '0_landmark_decision_tree')
134.56/51.90	(6.0701754385964914, '0_number_of_numeric_features')
134.56/51.90	(6.2105263157894735, '1_number_of_numeric_features')
134.56/51.90	(7.4035087719298245, '1_number_of_categorical_features')
134.56/51.90	(7.543859649122807, '0_number_of_categorical_features')
134.56/51.90	(7.859649122807017, '1_landmark_decision_tree')
134.56/51.90	(9.526315789473685, '1_number_of_features')
134.56/51.90	(9.68421052631579, '0_number_of_features')
134.56/51.90	(12.24561403508772, '0_landmark_lda')
134.56/51.90	(12.421052631578947, '1_landmark_lda')
134.56/51.90	(14.491228070175438, '0_number_of_classes')
134.56/51.90	(14.508771929824562, '1_number_of_classes')
134.56/51.90	Result for ParamILS: SAT, 51.012119, 1, 0.302634, -1, /home/feurerm/thesis/Software/pyMetaLearn/optimizers/metalearn_optimizer/learn_distances.py
