0.76/1.73	['/home/feurerm/thesis/Software/pyMetaLearn/optimizers/metalearn_optimizer/learn_distances.py', '--input_file', '/home/feurerm/thesis/experiments/2014_04_25_predict_distances/testfold_0-3_pfahringer_spearman_rank_perm.pkl', '--fold', '0', '--folds', '1', '--params', '-max_features', '0.336070639675', '-min_samples_leaf', '7', '-min_samples_split', '9', '-n_estimators', '90', '-n_jobs', '4', '-seed', '89']
0.76/1.74	Metafeatures (57, 8)
0.76/1.74	X (3192, 16)
0.76/1.74	Y (3192,)
0.76/1.74	Dataset Mae MSE Rho
1.76/2.25	vehicle 0.355954936098 0.157034870394 0.341632456688
2.92/2.85	anneal.ORIG 0.286137400651 0.109551749807 0.567555907232
4.07/3.65	segment 0.256074988537 0.0828634408204 0.762128034882
5.34/4.35	pendigits 0.324427662644 0.129342945022 0.634137067192
6.43/4.93	mushroom 0.195142404564 0.0477198969946 0.653529638054
7.62/5.82	labor 0.287875859512 0.115899600262 0.342925294746
8.82/6.60	abalone 0.304960705863 0.119153170898 0.556566783744
10.05/7.38	diabetes 0.482491449844 0.306862330126 0.160311919127
11.25/8.16	car 0.350635751791 0.166747753603 0.36619637978
12.39/8.78	autos 0.242801539425 0.0771691424691 0.555920364715
13.54/9.49	mfeat-fourier 0.54710683153 0.387370126636 -0.425020511395
14.74/10.10	primary-tumor 0.227611547555 0.063396937982 0.534265327252
15.97/10.71	waveform-5000 0.207818127523 0.0619936869061 0.728837454902
17.17/11.31	credit-a 0.38434761381 0.204241456862 0.342278875717
18.34/12.00	letter 0.235001452428 0.0779537174645 0.703303903267
19.53/12.76	postoperative-patient-data 0.406727063621 0.210704609999 0.00872665688796
20.68/13.29	vowel 0.466078699931 0.271570223504 0.17679560436
21.88/13.98	eucalyptus 0.396878663905 0.206252849817 0.0174533137759
23.07/14.60	cylinder-bands 0.340813110441 0.151302434051 0.400133378789
24.21/15.24	ionosphere 0.415545614154 0.211745898854 0.0736917692761
25.38/15.96	mfeat-karhunen 0.190074192361 0.0493253696316 0.782167024773
26.55/16.58	balance-scale 0.236638636742 0.0747855091367 0.473178729036
27.74/17.19	mfeat-morphological 0.466989479405 0.287126009744 -0.206854089196
28.89/17.81	liver-disorders 0.28620168614 0.107864900123 0.513903127847
30.09/18.31	dermatology 0.186035723636 0.0454779465893 0.56593985966
31.25/18.93	vote 0.0716031817349 0.00809049428365 0.826123518727
32.46/19.57	breast-cancer 0.1828149796 0.0455272857819 0.279253020415
33.65/20.17	credit-g 0.551304467664 0.404397254691 -0.578545030721
34.95/20.91	soybean 0.124760506155 0.0242086965224 0.746290768678
36.02/21.66	arrhythmia 0.265886674761 0.099200509204 0.218489631713
37.23/22.40	nursery 0.293485060212 0.108145037407 0.535234955795
38.39/22.99	hepatitis 0.327232163235 0.153029238619 -0.19457212765
39.69/23.60	cmc 0.30736458835 0.113341556011 0.214934327055
40.78/24.28	heart-c 0.286070718952 0.107241870332 0.746613978193
41.96/25.09	glass 0.371210288711 0.165844075287 0.280545858472
43.11/25.70	braziltourism 0.452610873066 0.263357645977 0.0494510556985
44.44/26.42	iris 0.303837850957 0.119767970142 0.290242143903
45.53/27.09	heart-statlog 0.285026064949 0.108786828955 0.767299387112
46.74/27.72	page-blocks 0.317796077786 0.136407820199 0.400133378789
47.91/28.43	breast-w 0.22082853347 0.0683503317045 0.480935757381
49.13/29.13	heart-h 0.194251678061 0.0483433831605 0.659024199798
50.31/29.73	yeast 0.333693530379 0.139753112436 0.553981107629
51.51/30.33	tae 0.32207579806 0.127023194108 0.195864965708
52.68/30.96	haberman 0.253647340589 0.0838096268364 0.125405291575
53.85/31.48	mfeat-pixel 0.333050194261 0.135922101646 0.230125174231
55.02/32.35	optdigits 0.214683295928 0.0590947282584 0.734008807132
56.19/33.03	mfeat-factors 0.223093857384 0.0681999900695 0.719464378986
57.37/33.57	satimage 0.278747459634 0.103145938262 0.40465831199
58.54/34.28	lymph 0.176974652307 0.045325403358 0.678416770661
59.71/34.95	audiology 0.325048938183 0.142379197204 0.400779797818
60.93/35.55	ecoli 0.412722252688 0.214305366759 0.100841368483
62.22/36.23	tic-tac-toe 0.289911585254 0.125182416223 0.65837778077
63.37/36.95	spambase 0.211780336649 0.0585754712659 0.864908660452
64.57/37.66	zoo 0.130827176337 0.0230002449915 0.763744082454
65.73/38.39	sonar 0.49487486828 0.309255863526 -0.103103835084
66.95/39.13	mfeat-zernike 0.257624319877 0.0904528872095 0.516488803962
68.12/39.68	kr-vs-kp 0.200585480007 0.0505977761635 0.673245418431
68.26/39.73	MAE 0.299926244484 0.102964006461
68.26/39.73	MSE 0.13111438411 0.13111438411
68.26/39.73	Mean tau 0.401199403152 0.319202668365
68.26/39.73	(0.08771929824561403, '0_class_probability_max')
68.26/39.73	(1.4210526315789473, '1_landmark_decision_tree')
68.26/39.73	(1.543859649122807, '1_class_probability_max')
68.26/39.73	(3.245614035087719, '0_landmark_decision_tree')
68.26/39.73	(3.8947368421052633, '0_landmark_naive_bayes')
68.26/39.73	(5.017543859649122, '1_landmark_naive_bayes')
68.26/39.73	(6.350877192982456, '0_landmark_lda')
68.26/39.73	(6.526315789473684, '1_landmark_lda')
68.26/39.73	(9.508771929824562, '1_number_of_categorical_features')
68.26/39.73	(10.12280701754386, '0_number_of_features')
68.26/39.73	(10.421052631578947, '1_number_of_numeric_features')
68.26/39.73	(10.666666666666666, '1_number_of_features')
68.26/39.73	(10.859649122807017, '0_number_of_numeric_features')
68.26/39.73	(11.368421052631579, '0_number_of_categorical_features')
68.26/39.73	(14.43859649122807, '0_number_of_classes')
68.26/39.73	(14.526315789473685, '1_number_of_classes')
68.26/39.73	Result for ParamILS: SAT, 37.995828, 1, 0.299926, -1, /home/feurerm/thesis/Software/pyMetaLearn/optimizers/metalearn_optimizer/learn_distances.py
