0.81/3.07	['/home/feurerm/thesis/Software/pyMetaLearn/optimizers/metalearn_optimizer/learn_distances.py', '--input_file', '/home/feurerm/thesis/experiments/2014_04_25_predict_distances/testfold_0-3_pfahringer_spearman_rank_perm.pkl', '--fold', '0', '--folds', '1', '--params', '-max_features', '0.690578158988', '-min_samples_leaf', '9', '-min_samples_split', '5', '-n_estimators', '15', '-n_jobs', '4', '-seed', '48']
0.81/3.08	Metafeatures (57, 8)
0.81/3.08	X (3192, 16)
0.81/3.08	Y (3192,)
0.81/3.08	Dataset Mae MSE Rho
1.18/3.36	vehicle 0.342573003273 0.142574737673 0.389723126078
1.59/3.61	anneal.ORIG 0.470028301182 0.272491399801 0.148748183606
2.00/4.49	segment 0.21691576627 0.060202913296 0.775056415457
2.41/4.85	pendigits 0.321341482343 0.134110170646 0.590180573238
2.84/5.10	mushroom 0.214702166152 0.0567678559577 0.599973387249
3.21/5.39	labor 0.287714007279 0.11397590406 0.265074449108
3.60/5.77	abalone 0.313823497428 0.123134752578 0.567970496442
4.01/6.08	diabetes 0.455795213784 0.281188594718 0.087603872815
4.41/6.39	car 0.40066344814 0.226345749447 0.188431146877
4.81/6.64	autos 0.226750607689 0.065081115218 0.639954838451
5.22/7.13	mfeat-fourier 0.551559004035 0.395865503744 -0.417330626583
5.62/7.39	primary-tumor 0.213735654204 0.0597181737676 0.52521546085
6.03/8.01	waveform-5000 0.168308025158 0.0424187427364 0.720757217043
6.45/8.32	credit-a 0.359308488503 0.176379650315 0.431681031214
6.85/8.68	letter 0.238651602814 0.0800477336266 0.552041850542
7.26/9.04	postoperative-patient-data 0.422545309518 0.233788672217 0.0735479147098
7.67/9.31	vowel 0.456240942507 0.261564679762 0.201391929017
8.09/9.57	eucalyptus 0.409110738969 0.221072420612 -0.0644854853817
8.52/10.20	cylinder-bands 0.32402563812 0.132122679549 0.480289338352
8.91/10.52	ionosphere 0.419082813226 0.208816310396 0.029899285202
9.30/10.79	mfeat-karhunen 0.188271117126 0.0514383905808 0.730453502474
9.71/11.32	balance-scale 0.229721956427 0.0764289943833 0.494065485744
10.10/11.60	mfeat-morphological 0.468559548628 0.290638483063 -0.182613375619
10.49/11.89	liver-disorders 0.304692554148 0.12188139356 0.377700700093
10.92/12.20	dermatology 0.193197795094 0.0502996595107 0.527681979376
11.29/12.51	vote 0.0848524529717 0.0105980764941 0.753401377994
11.70/12.76	breast-cancer 0.163789371595 0.0381909668218 0.32460681158
12.13/13.27	credit-g 0.679496942178 0.606174669649 -0.597500850767
12.53/18.25	soybean 0.127923342566 0.0238773098596 0.754047797023
12.94/18.52	arrhythmia 0.263842307443 0.0951130329336 0.343816295797
13.34/18.78	nursery 0.291338163911 0.109787886657 0.549427169448
13.75/19.03	hepatitis 0.270418756654 0.105314563942 0.21335260538
14.13/19.28	cmc 0.24766793823 0.0792475724995 0.360055399007
14.54/22.46	heart-c 0.237684363888 0.0764820515792 0.72495894073
14.95/22.73	glass 0.392727456295 0.192929160092 0.120405229597
15.36/22.98	braziltourism 0.453581761177 0.266609278927 0.069166836075
15.75/23.24	iris 0.290567221988 0.110324304114 0.317578894173
16.16/23.48	heart-statlog 0.253072199604 0.0856549208705 0.680032818232
16.56/23.74	page-blocks 0.423534223228 0.24412811751 0.139348143218
16.95/23.99	breast-w 0.231629399934 0.0739054584471 0.54319728413
17.35/24.28	heart-h 0.179598556079 0.0444961727966 0.606325775992
17.74/24.58	yeast 0.321968709188 0.131090090726 0.532326070166
18.17/25.21	tae 0.36999686298 0.170370210956 0.104073463627
18.58/25.70	haberman 0.28801680104 0.110388003469 0.0198885868168
18.97/25.99	mfeat-pixel 0.36286490699 0.166108802864 0.154817357383
19.37/26.44	optdigits 0.207865344993 0.057286853425 0.717848331414
19.78/26.69	mfeat-factors 0.222244516282 0.0668363461355 0.66064024737
20.19/26.99	satimage 0.279470206367 0.104830036227 0.403882776864
20.60/27.24	lymph 0.222520077654 0.0727170274677 0.401426216846
21.02/27.57	audiology 0.321574679993 0.141284324587 0.372852167357
21.43/27.91	ecoli 0.405449222121 0.208171868312 0.111031399642
21.83/28.16	tic-tac-toe 0.306289688948 0.13744635721 0.314346539016
22.25/28.45	spambase 0.206479771357 0.0555320075877 0.811805997675
22.64/28.77	zoo 0.13487794734 0.0247742810786 0.742633597315
23.03/29.07	sonar 0.522488133416 0.349760717206 -0.12572850109
23.44/29.38	mfeat-zernike 0.264514725896 0.0993491407464 0.455600459376
23.83/29.86	kr-vs-kp 0.204461363218 0.0534861080875 0.635106695735
23.83/29.87	MAE 0.305791685922 0.115202219944
23.83/29.87	MSE 0.140186322816 0.140186322816
23.83/29.87	Mean tau 0.3675049935 0.304085660977
23.83/29.87	(0.45614035087719296, '0_class_probability_max')
23.83/29.87	(0.543859649122807, '1_class_probability_max')
23.83/29.87	(2.9473684210526314, '0_landmark_naive_bayes')
23.83/29.87	(3.245614035087719, '1_landmark_decision_tree')
23.83/29.87	(3.807017543859649, '1_landmark_naive_bayes')
23.83/29.87	(5.12280701754386, '0_landmark_decision_tree')
23.83/29.87	(7.368421052631579, '0_number_of_numeric_features')
23.83/29.87	(7.368421052631579, '1_number_of_numeric_features')
23.83/29.87	(8.719298245614034, '0_number_of_features')
23.83/29.87	(9.140350877192983, '1_number_of_features')
23.83/29.87	(9.614035087719298, '0_number_of_categorical_features')
23.83/29.87	(9.649122807017545, '1_number_of_categorical_features')
23.83/29.87	(11.350877192982455, '0_landmark_lda')
23.83/29.87	(12.0, '1_landmark_lda')
23.83/29.87	(14.31578947368421, '1_number_of_classes')
23.83/29.87	(14.350877192982455, '0_number_of_classes')
23.83/29.87	Result for ParamILS: SAT, 26.802116, 1, 0.305792, -1, /home/feurerm/thesis/Software/pyMetaLearn/optimizers/metalearn_optimizer/learn_distances.py
