0.73/0.95	['/home/feurerm/thesis/Software/pyMetaLearn/optimizers/metalearn_optimizer/learn_distances.py', '--input_file', '/home/feurerm/thesis/experiments/2014_04_25_predict_distances/testfold_0-3_pfahringer_spearman_rank_perm.pkl', '--fold', '0', '--folds', '1', '--params', '-max_features', '0.683066395522', '-min_samples_leaf', '4', '-min_samples_split', '6', '-n_estimators', '30', '-n_jobs', '4', '-seed', '32']
0.73/0.95	Metafeatures (57, 8)
0.73/0.95	X (3192, 16)
0.73/0.95	Y (3192,)
0.73/0.95	Dataset Mae MSE Rho
1.43/1.29	vehicle 0.365309202255 0.161102432105 0.280222648958
2.19/1.65	anneal.ORIG 0.485422944795 0.28769762254 0.223014564915
2.93/2.01	segment 0.169716327663 0.0379193736732 0.833557337558
3.69/2.38	pendigits 0.257705085015 0.0878304426904 0.715585864813
4.46/2.75	mushroom 0.175503284222 0.0394630019409 0.680356027747
5.22/3.11	labor 0.305980365084 0.131186758294 0.2226913554
5.97/3.48	abalone 0.225687000928 0.0644858074504 0.710737722098
6.75/3.84	diabetes 0.53737853055 0.349646008508 0.280869067987
7.54/4.20	car 0.367482174216 0.186895599679 0.250164164122
8.25/4.56	autos 0.213955142107 0.0603245713499 0.572080840433
9.02/4.92	mfeat-fourier 0.569683306556 0.418582763747 -0.41726348305
9.78/5.29	primary-tumor 0.209150894988 0.0553365096783 0.56076850743
10.53/5.65	waveform-5000 0.15583652121 0.0379774776771 0.773117158371
11.30/6.01	credit-a 0.357307101015 0.180936248026 0.489339204755
12.05/6.38	letter 0.244096807909 0.0842528802979 0.569171954804
12.83/6.75	postoperative-patient-data 0.441709620593 0.254244363091 -0.0151908471753
13.63/7.12	vowel 0.417150160994 0.218722709764 0.390437093358
14.39/7.49	eucalyptus 0.457890806093 0.282233016594 -0.120880358374
15.16/7.85	cylinder-bands 0.344551687954 0.148079750375 0.334521847372
15.92/8.21	ionosphere 0.400099790359 0.195625131025 0.149322795639
16.69/8.58	mfeat-karhunen 0.130642378987 0.0287783356842 0.817073652325
17.44/8.95	balance-scale 0.240202258823 0.07914472048 0.454432577203
18.21/9.31	mfeat-morphological 0.481457841565 0.306445829118 -0.211702231912
18.96/9.67	liver-disorders 0.266520373278 0.0938209389722 0.609249934586
19.71/10.03	dermatology 0.204224607448 0.0552283315348 0.482228595439
20.46/10.39	vote 0.0795876228284 0.0102373348869 0.782167024773
21.23/10.76	breast-cancer 0.162764888465 0.0364426075957 0.396254864616
21.99/11.12	credit-g 0.602312117754 0.490826752344 -0.50226758533
22.74/11.49	soybean 0.119876484433 0.0236899572985 0.735948064218
23.51/11.95	arrhythmia 0.261287341071 0.0937699946829 0.310604343309
24.29/12.31	nursery 0.264743699738 0.0907901824794 0.61474449633
25.05/12.68	hepatitis 0.246934443166 0.0853331109377 0.3329057998
25.81/13.04	cmc 0.269048327074 0.0978560844184 0.302200895935
26.61/13.40	heart-c 0.208386735623 0.0608110581274 0.823861052127
27.31/13.76	glass 0.34818274074 0.146006311495 0.38397290307
28.05/14.12	braziltourism 0.457908788257 0.275038034527 0.063025855302
28.83/14.48	iris 0.280334981649 0.101628342596 0.423727673338
29.61/14.85	heart-statlog 0.240321942324 0.0792004861514 0.783783072345
30.38/15.21	page-blocks 0.377622657595 0.188117832811 0.180850271033
31.16/15.58	breast-w 0.213053827118 0.0611214956316 0.51713522299
31.92/15.94	heart-h 0.156804933523 0.0342682486317 0.682941703862
32.70/16.30	yeast 0.236936651459 0.0705432006671 0.717201912385
33.41/16.66	tae 0.35953205974 0.156976928724 0.192956080078
34.17/17.02	haberman 0.261647740021 0.0870877346758 0.075307816848
34.92/17.54	mfeat-pixel 0.358505194969 0.157958474279 0.21008618434
35.69/17.91	optdigits 0.143234669731 0.0276797254485 0.803175643207
36.49/18.28	mfeat-factors 0.168680911103 0.0403988590733 0.7737635774
37.26/18.64	satimage 0.253739495527 0.0925355012868 0.470593052921
38.01/19.00	lymph 0.196698434054 0.0559734778351 0.503560423387
38.79/19.37	audiology 0.310516236508 0.129801507996 0.395931655102
39.53/19.76	ecoli 0.409979463103 0.213078103449 0.13316231992
40.29/20.12	tic-tac-toe 0.307303591209 0.143511808269 0.478996500295
41.04/20.48	spambase 0.219761913483 0.0557740728336 0.854889165506
41.80/20.84	zoo 0.110351394497 0.0160855260778 0.775056415457
42.57/21.21	sonar 0.509707366416 0.326747575889 -0.226569869573
43.34/21.57	mfeat-zernike 0.241229088362 0.0828168650295 0.549779383942
44.09/21.93	kr-vs-kp 0.145641979476 0.0284229217539 0.766006549055
44.09/21.95	MAE 0.29030354273 0.122848590121
44.09/21.95	MSE 0.129938434074 0.129938434074
44.09/21.95	Mean tau 0.419994008119 0.320819146166
44.09/21.95	(0.017543859649122806, '1_class_probability_max')
44.09/21.95	(0.9824561403508771, '0_class_probability_max')
44.09/21.95	(2.4035087719298245, '0_landmark_decision_tree')
44.09/21.95	(3.8421052631578947, '0_landmark_naive_bayes')
44.09/21.95	(3.8771929824561404, '1_landmark_decision_tree')
44.09/21.95	(4.157894736842105, '1_landmark_naive_bayes')
44.09/21.95	(8.175438596491228, '1_number_of_numeric_features')
44.09/21.95	(8.280701754385966, '0_landmark_lda')
44.09/21.95	(8.298245614035087, '1_landmark_lda')
44.09/21.95	(8.350877192982455, '0_number_of_numeric_features')
44.09/21.95	(10.298245614035087, '1_number_of_categorical_features')
44.09/21.95	(10.631578947368421, '0_number_of_categorical_features')
44.09/21.95	(10.75438596491228, '0_number_of_features')
44.09/21.95	(10.929824561403509, '1_number_of_features')
44.09/21.95	(14.280701754385966, '0_number_of_classes')
44.09/21.95	(14.719298245614034, '1_number_of_classes')
44.09/21.95	Result for ParamILS: SAT, 21.000045, 1, 0.290304, -1, /home/feurerm/thesis/Software/pyMetaLearn/optimizers/metalearn_optimizer/learn_distances.py
