0.68/0.88	['/home/feurerm/thesis/Software/pyMetaLearn/optimizers/metalearn_optimizer/learn_distances.py', '--input_file', '/home/feurerm/thesis/experiments/2014_04_25_predict_distances/testfold_0-3_pfahringer_spearman_rank_perm.pkl', '--fold', '0', '--folds', '1', '--params', '-max_features', '0.889084386993', '-min_samples_leaf', '7', '-min_samples_split', '3', '-n_estimators', '24', '-n_jobs', '4', '-seed', '39']
0.68/0.88	Metafeatures (57, 8)
0.68/0.88	X (3192, 16)
0.68/0.88	Y (3192,)
0.68/0.88	Dataset Mae MSE Rho
1.41/1.22	vehicle 0.358149059789 0.155499000936 0.317714952625
2.17/1.58	anneal.ORIG 0.490316618272 0.299960011703 -0.00856574116599
2.91/1.93	segment 0.188895670725 0.0461413956396 0.807700576408
3.64/2.28	pendigits 0.277644357103 0.100482620849 0.681972075319
4.38/2.63	mushroom 0.189962361132 0.0478407936603 0.62734966739
5.14/3.09	labor 0.307871199188 0.128379070504 0.201682736966
5.89/3.45	abalone 0.267974436545 0.0933296016744 0.616683753416
6.64/3.80	diabetes 0.531477886217 0.355775272137 0.172917090187
7.39/4.16	car 0.40671912676 0.230297023023 0.114263754799
8.13/4.52	autos 0.247005100625 0.0797911195586 0.556889993258
8.88/4.87	mfeat-fourier 0.53645690307 0.384585553322 -0.328568901707
9.61/5.23	primary-tumor 0.210814512877 0.0581920055004 0.549456174427
10.34/5.58	waveform-5000 0.155776688575 0.0356962088787 0.728514245388
11.08/5.93	credit-a 0.380189308756 0.204539995619 0.385912160157
11.79/6.29	letter 0.253935011889 0.0868692950947 0.543520519646
12.53/6.64	postoperative-patient-data 0.441689192679 0.256717398735 -0.00581777125864
13.29/7.00	vowel 0.426171584242 0.226106472249 0.337753942516
13.99/7.35	eucalyptus 0.434745924337 0.248194902479 -0.06658115996
14.75/7.71	cylinder-bands 0.363185917315 0.161589432856 0.180350909018
15.51/8.07	ionosphere 0.412178425223 0.203352972858 0.0478350081266
16.28/8.43	mfeat-karhunen 0.174074979689 0.0432172077009 0.761804825368
17.02/8.79	balance-scale 0.251681158685 0.0846629093264 0.425990139938
17.76/9.15	mfeat-morphological 0.471745638769 0.295634587943 -0.243415927047
18.48/9.50	liver-disorders 0.298913461237 0.117496774266 0.355207256292
19.24/9.86	dermatology 0.21265303294 0.0583226317915 0.461543186519
19.99/10.22	vote 0.077839900131 0.00948086959189 0.761481615853
20.75/10.57	breast-cancer 0.134958629348 0.0268939351966 0.349579210227
21.51/10.93	credit-g 0.705666232093 0.659395662676 -0.65783719992
22.25/11.29	soybean 0.118977353163 0.0216895514213 0.787661586517
23.02/11.65	arrhythmia 0.248489194774 0.0840480168566 0.281192277501
23.80/12.00	nursery 0.289089823855 0.105524920817 0.557859621801
24.52/12.36	hepatitis 0.248485411997 0.0929352504263 0.48158217641
25.30/12.72	cmc 0.266346062198 0.0945575019318 0.28183869653
26.03/13.07	heart-c 0.233539684356 0.0739793687198 0.762128034882
26.79/13.43	glass 0.403391609445 0.199368538913 0.0989021113969
27.54/13.78	braziltourism 0.503164406752 0.3253293753 -0.0206854089196
28.26/14.13	iris 0.275354538072 0.0977922772658 0.399163750246
29.01/14.48	heart-statlog 0.233059876526 0.0704660515652 0.757926311195
29.76/14.84	page-blocks 0.507256778649 0.341745952819 -0.180350909018
30.50/15.19	breast-w 0.229245138979 0.0692566990119 0.483198223982
31.25/15.54	heart-h 0.149618593873 0.0318398732256 0.686173799005
32.05/15.90	yeast 0.315652531228 0.125512569493 0.532326070166
32.76/16.25	tae 0.375162339047 0.168696534072 0.21525753657
33.52/16.62	haberman 0.288278235275 0.108862993047 -0.00711060931612
34.29/16.98	mfeat-pixel 0.366778520864 0.16955558546 0.159342290584
35.06/17.53	optdigits 0.193992780997 0.0500825408225 0.726574988302
35.82/17.99	mfeat-factors 0.221099499472 0.0665215471187 0.679386399204
36.56/18.35	satimage 0.280578842509 0.106729806347 0.3868817887
37.36/18.70	lymph 0.233185411117 0.0787159942815 0.373630198611
38.07/19.06	audiology 0.295103895235 0.108763610588 0.428575816053
38.81/19.42	ecoli 0.408601793152 0.21292332129 0.0746613978193
39.59/19.78	tic-tac-toe 0.34697227853 0.181541630984 0.311250762337
40.34/20.14	spambase 0.235914713917 0.0676467983309 0.798327500492
41.16/20.50	zoo 0.125041027708 0.0210000667205 0.746937187707
41.86/20.86	sonar 0.507893144801 0.320399607984 -0.118941101288
42.59/21.21	mfeat-zernike 0.247732495896 0.0837093529092 0.469946633893
43.32/21.56	kr-vs-kp 0.169868625218 0.0397623030398 0.7220500551
43.32/21.57	MAE 0.307483630277 0.126105746027
43.32/21.57	MSE 0.144164953799 0.144164953799
43.32/21.57	Mean tau 0.360544285601 0.326202454396
43.32/21.57	(0.19298245614035087, '0_class_probability_max')
43.32/21.57	(0.8070175438596491, '1_class_probability_max')
43.32/21.57	(2.719298245614035, '0_landmark_naive_bayes')
43.32/21.57	(3.0350877192982457, '1_landmark_naive_bayes')
43.32/21.57	(5.298245614035087, '0_number_of_numeric_features')
43.32/21.57	(5.807017543859649, '1_landmark_decision_tree')
43.32/21.57	(6.157894736842105, '1_number_of_numeric_features')
43.32/21.57	(6.912280701754386, '1_number_of_categorical_features')
43.32/21.57	(7.842105263157895, '0_number_of_categorical_features')
43.32/21.57	(8.929824561403509, '0_number_of_features')
43.32/21.57	(9.052631578947368, '1_number_of_features')
43.32/21.57	(10.631578947368421, '0_landmark_decision_tree')
43.32/21.57	(11.771929824561404, '1_landmark_lda')
43.32/21.57	(11.859649122807017, '0_landmark_lda')
43.32/21.57	(14.473684210526315, '1_number_of_classes')
43.32/21.57	(14.508771929824562, '0_number_of_classes')
43.32/21.57	Result for ParamILS: SAT, 20.698737, 1, 0.307484, -1, /home/feurerm/thesis/Software/pyMetaLearn/optimizers/metalearn_optimizer/learn_distances.py
