0.78/0.90	['/home/feurerm/thesis/Software/pyMetaLearn/optimizers/metalearn_optimizer/learn_distances.py', '--input_file', '/home/feurerm/thesis/experiments/2014_04_25_predict_distances/testfold_0-3_pfahringer_spearman_rank_perm.pkl', '--fold', '0', '--folds', '1', '--params', '-max_features', '0.280376872093', '-min_samples_leaf', '5', '-min_samples_split', '9', '-n_estimators', '55', '-n_jobs', '4', '-seed', '45']
0.78/0.90	Metafeatures (57, 8)
0.78/0.90	X (3192, 16)
0.78/0.90	Y (3192,)
0.78/0.90	Dataset Mae MSE Rho
1.35/1.25	vehicle 0.348132405658 0.148299707603 0.385265741128
2.03/1.69	anneal.ORIG 0.328335784553 0.138370207105 0.571757630919
2.76/2.17	segment 0.240596899494 0.0733661178006 0.759219149253
3.46/2.65	pendigits 0.319201730155 0.125206034211 0.640278047965
4.16/3.14	mushroom 0.189610060246 0.0446011393767 0.648681495339
4.85/3.52	labor 0.298685636564 0.124895848421 0.274728087214
5.59/3.90	abalone 0.298394837478 0.114034367274 0.578221821206
6.22/4.27	diabetes 0.494321461369 0.32399163797 0.0934075496527
6.91/4.65	car 0.374142732691 0.197153570479 0.276990553814
7.62/5.02	autos 0.254837521674 0.0826691772415 0.573696888005
8.32/5.40	mfeat-fourier 0.546432901481 0.384714772258 -0.4431202442
9.00/5.77	primary-tumor 0.223059202777 0.0614944787313 0.524569041821
9.70/6.15	waveform-5000 0.200555226148 0.0578230706465 0.721080426557
10.43/6.52	credit-a 0.363835086652 0.183211414726 0.423404463823
11.16/6.90	letter 0.243009228135 0.083055506252 0.640278047965
11.82/7.39	postoperative-patient-data 0.402382807031 0.201589754717 0.0449261224973
12.51/7.77	vowel 0.459912951383 0.26235499134 0.171301042616
13.22/8.14	eucalyptus 0.380524396878 0.188718905046 0.102780625569
13.91/8.52	cylinder-bands 0.342178105909 0.141356913375 0.342602085231
14.66/8.90	ionosphere 0.414259771551 0.210492603524 0.0943771781958
15.28/9.28	mfeat-karhunen 0.18130707782 0.0467061727228 0.790893681661
15.98/9.66	balance-scale 0.219093688516 0.0689806686992 0.583393173436
16.67/10.03	mfeat-morphological 0.484127909352 0.31265775173 -0.256951563923
17.39/10.41	liver-disorders 0.294443274797 0.115254819066 0.451200482059
18.08/10.78	dermatology 0.199558965048 0.0529247612324 0.526508298907
18.77/11.16	vote 0.069134941149 0.00769163894054 0.822891423584
19.46/11.54	breast-cancer 0.230323967582 0.0673187537685 0.221075307828
20.18/12.08	credit-g 0.603225103089 0.482583749633 -0.669366904258
20.85/12.45	soybean 0.119486451431 0.0225130428756 0.773440367885
21.55/12.82	arrhythmia 0.273630000233 0.102547313294 0.119587520317
22.31/13.20	nursery 0.276649850229 0.0956942362821 0.599553649155
22.93/13.58	hepatitis 0.344599333669 0.170386403693 -0.312543600395
23.63/13.96	cmc 0.296438945091 0.107128942763 0.283454744102
24.33/14.33	heart-c 0.267113192481 0.0940599068045 0.782813443802
25.03/14.71	glass 0.364962662739 0.162228494273 0.291534981961
25.73/15.09	braziltourism 0.460050004467 0.273869233308 0.0436332844398
26.42/15.46	iris 0.304159300981 0.117398779264 0.330966542714
27.11/15.84	heart-statlog 0.281299572235 0.10406102587 0.772793948856
27.80/16.21	page-blocks 0.36838526251 0.186554629094 0.402072635875
28.50/16.59	breast-w 0.225245252554 0.0713101803602 0.47641082418
29.21/16.96	heart-h 0.184224973238 0.044121881302 0.645772609709
29.91/17.34	yeast 0.305189126218 0.11779943034 0.595028715953
30.58/17.71	tae 0.31894237897 0.125618149698 0.177765232903
31.30/18.08	haberman 0.240950565217 0.0763652692887 0.277313763329
31.97/18.46	mfeat-pixel 0.333385020839 0.133999431248 0.252103421208
32.68/18.84	optdigits 0.191373707075 0.0483998511393 0.762774453911
33.38/19.32	mfeat-factors 0.215351692138 0.0646539242271 0.717201912385
34.07/19.70	satimage 0.277602340641 0.101596586213 0.411445711792
34.73/20.07	lymph 0.177830719145 0.0462035440122 0.663549133
35.43/20.44	audiology 0.335926546113 0.149314552873 0.302847314964
36.11/20.81	ecoli 0.414636769361 0.219093863294 0.0921147115952
36.78/21.19	tic-tac-toe 0.285822583412 0.125378494923 0.611189191672
37.46/21.56	spambase 0.220938803837 0.0657399968897 0.797357871948
38.20/21.94	zoo 0.129993197475 0.0219747991395 0.750492492365
38.85/22.31	sonar 0.510062310448 0.325815809035 -0.182613375619
39.53/22.68	mfeat-zernike 0.289655641895 0.114769480732 0.37653908424
40.24/23.06	kr-vs-kp 0.189869808202 0.0460060437972 0.68875947512
40.24/23.09	MAE 0.301884205053 0.107327984847
40.24/23.09	MSE 0.133967049648 0.133967049648
40.24/23.09	Mean tau 0.392937714337 0.331346511788
40.24/23.09	(0.10526315789473684, '0_class_probability_max')
40.24/23.09	(0.8947368421052632, '1_class_probability_max')
40.24/23.09	(2.789473684210526, '0_landmark_decision_tree')
40.24/23.09	(2.8947368421052633, '1_landmark_decision_tree')
40.24/23.09	(3.754385964912281, '0_landmark_naive_bayes')
40.24/23.09	(5.228070175438597, '1_landmark_naive_bayes')
40.24/23.09	(7.105263157894737, '1_landmark_lda')
40.24/23.09	(7.175438596491228, '0_landmark_lda')
40.24/23.09	(7.333333333333333, '0_number_of_features')
40.24/23.09	(8.631578947368421, '1_number_of_categorical_features')
40.24/23.09	(9.982456140350877, '0_number_of_categorical_features')
40.24/23.09	(11.368421052631579, '1_number_of_features')
40.24/23.09	(11.666666666666666, '0_number_of_numeric_features')
40.24/23.09	(12.105263157894736, '1_number_of_numeric_features')
40.24/23.09	(14.298245614035087, '0_number_of_classes')
40.24/23.09	(14.666666666666666, '1_number_of_classes')
40.24/23.09	Result for ParamILS: SAT, 22.191666, 1, 0.301884, -1, /home/feurerm/thesis/Software/pyMetaLearn/optimizers/metalearn_optimizer/learn_distances.py
