0.68/0.87	['/home/feurerm/thesis/Software/pyMetaLearn/optimizers/metalearn_optimizer/learn_distances.py', '--input_file', '/home/feurerm/thesis/experiments/2014_04_25_predict_distances/testfold_0-3_pfahringer_spearman_rank_perm.pkl', '--fold', '0', '--folds', '1', '--params', '-max_features', '0.815613960061', '-min_samples_leaf', '3', '-min_samples_split', '4', '-n_estimators', '17', '-n_jobs', '4', '-seed', '62']
0.68/0.88	Metafeatures (57, 8)
0.68/0.88	X (3192, 16)
0.68/0.88	Y (3192,)
0.68/0.88	Dataset Mae MSE Rho
1.27/1.22	vehicle 0.354496737575 0.154531355495 0.345187761346
1.86/1.57	anneal.ORIG 0.472085957843 0.27589403276 0.182789684127
2.45/1.93	segment 0.168452878642 0.0415351435193 0.807700576408
3.03/2.28	pendigits 0.252473419118 0.0834095896234 0.694577246379
3.62/2.63	mushroom 0.192093141987 0.0494340702874 0.595998344497
4.22/2.99	labor 0.318755476251 0.133346524601 0.196188175222
4.81/3.35	abalone 0.219270602125 0.0636166694818 0.709768093554
5.43/3.70	diabetes 0.51165914019 0.317541087889 0.282161906044
6.00/4.06	car 0.350200102109 0.173337842323 0.46606811972
6.60/4.41	autos 0.182711776634 0.0549875558466 0.565616650146
7.15/4.76	mfeat-fourier 0.598256861772 0.471745714209 -0.436656053913
7.76/5.11	primary-tumor 0.204607238789 0.0533102184102 0.56593985966
8.33/5.47	waveform-5000 0.133361894773 0.030133181623 0.764713710997
8.91/5.82	credit-a 0.364096581087 0.188499485361 0.404335102476
9.50/6.18	letter 0.252369886734 0.0849320963678 0.536527793853
10.08/6.53	postoperative-patient-data 0.464317840214 0.284442184195 0.0200389898909
10.66/6.89	vowel 0.370034824071 0.174729274505 0.478673290781
11.24/7.25	eucalyptus 0.464991827076 0.28130138974 -0.140272929236
11.80/7.60	cylinder-bands 0.35584351252 0.159001945427 0.251457002179
12.40/7.95	ionosphere 0.425616482137 0.217835339652 -0.00614098077301
12.99/8.31	mfeat-karhunen 0.157060666564 0.0393906879085 0.777318882058
13.60/8.66	balance-scale 0.225413438932 0.0667574081941 0.495156976013
14.21/9.02	mfeat-morphological 0.540341760281 0.389368529023 -0.335168266401
14.79/9.38	liver-disorders 0.352459555849 0.155480563902 0.451200482059
15.40/9.73	dermatology 0.214296701111 0.0577583028437 0.478996500295
15.99/10.09	vote 0.0810443077518 0.0112356573609 0.741765835477
16.58/10.44	breast-cancer 0.134016128678 0.027196084927 0.388821045786
17.23/10.80	credit-g 0.695232575605 0.631816306213 -0.583069963922
17.78/11.15	soybean 0.129353982242 0.0251703859128 0.669043694744
18.35/11.50	arrhythmia 0.260589007905 0.0946790940501 0.311897181366
18.92/11.86	nursery 0.245595970539 0.0770769756836 0.655145685626
19.51/12.22	hepatitis 0.209094118745 0.0612365714077 0.554950736172
20.10/12.58	cmc 0.282988250708 0.105166880195 0.331612961743
20.66/12.93	heart-c 0.172811914099 0.0433894115925 0.853273117934
21.27/13.33	glass 0.370312531054 0.164982514367 0.236589364518
21.86/13.69	braziltourism 0.413684336399 0.222008954164 0.121526777403
22.45/14.05	iris 0.274548341362 0.10034605805 0.389790674329
23.04/14.40	heart-statlog 0.203936567507 0.05449213766 0.817073652325
23.64/14.75	page-blocks 0.460392685733 0.293338196805 -0.114092958572
24.22/15.11	breast-w 0.226741380566 0.0665306532584 0.650943961939
24.83/15.47	heart-h 0.121385644199 0.0234196668515 0.713000188698
25.44/15.82	yeast 0.21739082488 0.0608932083677 0.746937187707
26.04/16.18	tae 0.388295372167 0.179836979298 0.151585262239
26.62/16.53	haberman 0.264052482751 0.0892987250166 0.17679560436
27.22/16.89	mfeat-pixel 0.369706477543 0.167351264336 0.19230966105
27.81/17.25	optdigits 0.130815470443 0.0234963518458 0.82483068067
28.40/17.60	mfeat-factors 0.142809752088 0.0305585568417 0.777642091572
28.99/17.96	satimage 0.247611856314 0.0893876062177 0.491278461841
29.57/18.31	lymph 0.19269025018 0.0569206220008 0.562914650587
30.17/18.67	audiology 0.314431275881 0.125485144991 0.364257122694
30.76/19.02	ecoli 0.400176778664 0.211480190046 0.154817357383
31.35/19.38	tic-tac-toe 0.297452927474 0.136206543426 0.484167852525
31.94/19.73	spambase 0.247102574572 0.070101122571 0.816427233296
32.52/20.08	zoo 0.102085220607 0.0137975004653 0.840667946874
33.12/20.44	sonar 0.497926003324 0.311882535067 -0.0833880547072
33.71/20.80	mfeat-zernike 0.256673924777 0.0919497118277 0.421788416252
34.29/21.15	kr-vs-kp 0.148152840879 0.030240726896 0.750492492365
34.29/21.16	MAE 0.292006492632 0.133618539254
34.29/21.16	MSE 0.134970044402 0.134970044402
34.29/21.16	Mean tau 0.413403032275 0.332884931782
34.29/21.16	(0.47368421052631576, '0_class_probability_max')
34.29/21.16	(0.5263157894736842, '1_class_probability_max')
34.29/21.16	(2.912280701754386, '1_landmark_decision_tree')
34.29/21.16	(3.9298245614035086, '0_landmark_naive_bayes')
34.29/21.16	(4.192982456140351, '0_landmark_decision_tree')
34.29/21.16	(4.2631578947368425, '1_landmark_naive_bayes')
34.29/21.16	(7.2105263157894735, '0_number_of_numeric_features')
34.29/21.16	(7.456140350877193, '1_number_of_numeric_features')
34.29/21.16	(8.543859649122806, '0_number_of_categorical_features')
34.29/21.16	(9.140350877192983, '1_number_of_categorical_features')
34.29/21.16	(9.210526315789474, '0_number_of_features')
34.29/21.16	(9.421052631578947, '1_number_of_features')
34.29/21.16	(11.771929824561404, '0_landmark_lda')
34.29/21.16	(12.017543859649123, '1_landmark_lda')
34.29/21.16	(14.421052631578947, '1_number_of_classes')
34.29/21.16	(14.508771929824562, '0_number_of_classes')
34.29/21.16	Result for ParamILS: SAT, 20.289669, 1, 0.292006, -1, /home/feurerm/thesis/Software/pyMetaLearn/optimizers/metalearn_optimizer/learn_distances.py
