0.68/0.87	['/home/feurerm/thesis/Software/pyMetaLearn/optimizers/metalearn_optimizer/learn_distances.py', '--input_file', '/home/feurerm/thesis/experiments/2014_04_25_predict_distances/testfold_0-3_pfahringer_spearman_rank_perm.pkl', '--fold', '0', '--folds', '1', '--params', '-max_features', '0.753636282513', '-min_samples_leaf', '6', '-min_samples_split', '4', '-n_estimators', '89', '-n_jobs', '4', '-seed', '19']
0.68/0.87	Metafeatures (57, 8)
0.68/0.87	X (3192, 16)
0.68/0.87	Y (3192,)
0.68/0.87	Dataset Mae MSE Rho
2.79/1.73	vehicle 0.355886417694 0.153521525335 0.294767077105
5.15/2.55	anneal.ORIG 0.518254067766 0.315655323318 0.191986451535
7.44/3.45	segment 0.192145085113 0.0472070302472 0.810286252523
9.80/4.35	pendigits 0.28385187012 0.103045051692 0.690375522692
12.04/5.26	mushroom 0.179777650571 0.0406306387856 0.675184675517
14.31/6.06	labor 0.292729359585 0.12019221356 0.248224907035
16.60/6.97	abalone 0.252157755 0.0827200912955 0.636722743307
18.94/7.87	diabetes 0.518540530628 0.336577315906 0.231418012288
21.28/8.76	car 0.364163674539 0.176106532939 0.286363629731
23.48/9.57	autos 0.230348495985 0.0678136740128 0.738856949848
25.79/10.48	mfeat-fourier 0.569813498512 0.422854835117 -0.411768921306
28.07/11.28	primary-tumor 0.222556460331 0.06290460773 0.520367318134
30.43/12.19	waveform-5000 0.159883360295 0.0364967102803 0.775056415457
32.61/13.09	credit-a 0.359675005735 0.180749207303 0.470269843407
35.01/14.00	letter 0.233471356919 0.0774324378947 0.65546889514
37.20/14.91	postoperative-patient-data 0.438054746215 0.25071862248 0.0494510556985
39.43/15.80	vowel 0.41907989225 0.219358224872 0.387204998214
41.74/16.60	eucalyptus 0.406863775977 0.217697596588 -0.060440179187
43.98/17.50	cylinder-bands 0.329165952429 0.130794128098 0.46606811972
46.28/18.40	ionosphere 0.422699802401 0.211371761947 0.0171301042616
48.65/19.20	mfeat-karhunen 0.161594251732 0.0381621932895 0.79897391952
50.90/20.00	balance-scale 0.250086988191 0.086078252786 0.375246246182
53.11/20.89	mfeat-morphological 0.472646588753 0.294083654119 -0.198773851337
55.40/21.80	liver-disorders 0.302216301196 0.118760268027 0.473178729036
57.61/22.61	dermatology 0.205762633937 0.0536396136329 0.480612547867
59.88/23.40	vote 0.0758930948008 0.00930327679164 0.792832938747
62.18/24.31	breast-cancer 0.134875177783 0.0251908068914 0.381064017441
64.58/25.23	credit-g 0.673487135776 0.599800430061 -0.714293026756
66.79/26.14	soybean 0.12068552695 0.0234132291201 0.740472997419
69.03/26.97	arrhythmia 0.25752233251 0.0906091166667 0.472855519522
71.31/27.77	nursery 0.267820232846 0.0912850260074 0.606664258471
73.70/28.68	hepatitis 0.248090636003 0.0837256313071 0.390437093358
75.90/29.58	cmc 0.275045558504 0.0990403596927 0.293474239047
78.31/30.50	heart-c 0.236723188593 0.0760819950252 0.797681081463
80.62/31.34	glass 0.35443774475 0.151621180805 0.374599827154
82.91/32.13	braziltourism 0.443052359816 0.254489200181 0.123142824975
85.28/33.03	iris 0.284265414824 0.105982365549 0.346803808918
87.50/33.93	heart-statlog 0.231070147875 0.0724762828159 0.806407738351
89.82/34.73	page-blocks 0.429457484251 0.244353276122 0.0749846073336
92.13/35.65	breast-w 0.210972365778 0.0602574926222 0.559798878887
94.45/36.45	heart-h 0.153338458812 0.0313906263933 0.734655226161
96.72/37.27	yeast 0.267464304415 0.0900187883736 0.682295284833
98.99/38.17	tae 0.371290893465 0.16442372987 0.198773851337
101.39/39.09	haberman 0.265109341411 0.0915593809347 0.0617330172445
103.80/40.00	mfeat-pixel 0.36893153931 0.166744525665 0.154817357383
106.04/41.03	optdigits 0.173682670446 0.0394908347001 0.774733205943
108.33/41.94	mfeat-factors 0.196299188317 0.0510471680698 0.752431749451
110.76/42.88	satimage 0.262339093367 0.0947414385736 0.486430319125
112.96/43.87	lymph 0.208398843681 0.0645776235186 0.485783900097
115.25/44.78	audiology 0.308440573535 0.117321757698 0.411445711792
117.55/45.69	ecoli 0.393579790935 0.197766504091 0.167422528443
119.88/46.59	tic-tac-toe 0.316821142468 0.15448505468 0.423404463823
122.16/47.40	spambase 0.212997410022 0.0542722408155 0.869110384138
124.43/48.21	zoo 0.107838145767 0.0163749629101 0.830648451928
126.73/49.01	sonar 0.51990735525 0.334399495016 -0.209116555797
129.00/49.92	mfeat-zernike 0.255243252481 0.0895783426781 0.432454330226
131.32/50.93	kr-vs-kp 0.174639911474 0.0387945384999 0.725928569273
131.32/50.98	MAE 0.297213084879 0.123208988712
131.32/50.98	MSE 0.133845406902 0.133845406902
131.32/50.98	Mean tau 0.414598422142 0.330799448486
131.32/50.98	(0.10526315789473684, '1_class_probability_max')
131.32/50.98	(0.8947368421052632, '0_class_probability_max')
131.32/50.98	(3.0350877192982457, '0_landmark_naive_bayes')
131.32/50.98	(3.245614035087719, '0_landmark_decision_tree')
131.32/50.98	(3.6315789473684212, '1_landmark_naive_bayes')
131.32/50.98	(4.298245614035087, '1_landmark_decision_tree')
131.32/50.98	(7.017543859649122, '0_number_of_numeric_features')
131.32/50.98	(7.491228070175438, '1_number_of_numeric_features')
131.32/50.98	(8.543859649122806, '1_number_of_categorical_features')
131.32/50.98	(9.070175438596491, '0_number_of_categorical_features')
131.32/50.98	(9.543859649122806, '0_number_of_features')
131.32/50.98	(10.175438596491228, '1_number_of_features')
131.32/50.98	(11.385964912280702, '0_landmark_lda')
131.32/50.98	(12.56140350877193, '1_landmark_lda')
131.32/50.98	(14.491228070175438, '0_number_of_classes')
131.32/50.98	(14.508771929824562, '1_number_of_classes')
131.32/50.98	Result for ParamILS: SAT, 50.107576, 1, 0.297213, -1, /home/feurerm/thesis/Software/pyMetaLearn/optimizers/metalearn_optimizer/learn_distances.py
