0.69/0.87	['/home/feurerm/thesis/Software/pyMetaLearn/optimizers/metalearn_optimizer/learn_distances.py', '--input_file', '/home/feurerm/thesis/experiments/2014_04_25_predict_distances/testfold_0-3_pfahringer_spearman_rank_perm.pkl', '--fold', '0', '--folds', '1', '--params', '-max_features', '0.376493691356', '-min_samples_leaf', '8', '-min_samples_split', '3', '-n_estimators', '79', '-n_jobs', '4', '-seed', '4']
0.69/0.88	Metafeatures (57, 8)
0.69/0.88	X (3192, 16)
0.69/0.88	Y (3192,)
0.69/0.88	Dataset Mae MSE Rho
1.75/1.42	vehicle 0.356555571335 0.156757703323 0.353267999205
3.00/2.03	anneal.ORIG 0.366986071885 0.165965903853 0.588241316152
4.14/2.62	segment 0.258765454312 0.0837782495931 0.745644349649
5.39/3.21	pendigits 0.335571976277 0.140428586854 0.596321554011
6.45/3.79	mushroom 0.202276915617 0.0504296929494 0.639954838451
7.63/4.39	labor 0.269394545931 0.104053832791 0.39205314093
8.73/4.87	abalone 0.315007235784 0.124711639211 0.536204584338
9.90/5.36	diabetes 0.48405072363 0.309440109145 0.135101577006
11.03/5.93	car 0.363190551105 0.182082789594 0.340986037659
12.27/6.63	autos 0.253021380641 0.0819808438265 0.50453005193
13.39/7.23	mfeat-fourier 0.534039153231 0.368135439422 -0.401749426361
14.54/7.82	primary-tumor 0.233189445913 0.0676436982802 0.482875014467
15.68/8.41	waveform-5000 0.206559503076 0.0592924029684 0.742412254506
16.81/8.89	credit-a 0.37370028053 0.194370899566 0.404981521504
17.96/9.38	letter 0.233700795054 0.0789349758531 0.670659742316
19.15/9.86	postoperative-patient-data 0.412595630381 0.221551459617 -0.0200389898909
20.23/10.45	vowel 0.463241658874 0.267450099873 0.172593880673
21.47/10.93	eucalyptus 0.381727930538 0.189603374767 0.054299198414
22.51/11.52	cylinder-bands 0.324749860778 0.129868664415 0.470269843407
23.72/12.22	ionosphere 0.412912827091 0.208927220955 0.0795095405348
24.89/12.71	mfeat-karhunen 0.188239086655 0.0484759950137 0.776349253514
26.16/13.40	balance-scale 0.250411509935 0.0809673139814 0.386235369671
27.20/13.99	mfeat-morphological 0.470294500351 0.291645157053 -0.234326897918
28.33/14.48	liver-disorders 0.294855965019 0.114730587419 0.379124760355
29.53/15.19	dermatology 0.187201946968 0.0463302603438 0.569171954804
30.71/15.67	vote 0.080836568583 0.00990610614743 0.794772195833
31.88/16.26	breast-cancer 0.165949858379 0.0376638831872 0.345187761346
33.05/16.75	credit-g 0.570437745311 0.428139619091 -0.678416770661
34.16/17.34	soybean 0.123109092802 0.0237918412032 0.775379624971
35.33/17.94	arrhythmia 0.272098799657 0.101318028542 0.195541756193
36.45/18.43	nursery 0.291208858063 0.10672706194 0.562707764517
37.58/19.01	hepatitis 0.323907726009 0.150508753279 -0.211055812883
38.74/19.51	cmc 0.27321847193 0.0917337615257 0.321916676312
39.85/20.09	heart-c 0.284318851658 0.105499814542 0.766976177598
41.01/20.79	glass 0.368410948648 0.163769872323 0.316745324082
42.20/21.49	braziltourism 0.460349286592 0.273222885753 0.0597937601583
43.45/22.08	iris 0.304375886976 0.12089080392 0.288949305846
44.54/22.69	heart-statlog 0.293739861936 0.11605025796 0.73530164519
45.72/23.18	page-blocks 0.3270019528 0.142824437003 0.412415340335
46.91/23.89	breast-w 0.218305946976 0.0644249126369 0.536851003367
48.07/24.38	heart-h 0.190611737981 0.0463067407605 0.659670618827
49.22/24.97	yeast 0.330934806015 0.134201987662 0.571757630919
50.37/25.45	tae 0.323627653934 0.126195761462 0.251133792665
51.51/26.04	haberman 0.248699117915 0.0793532847593 0.138656881664
52.67/26.53	mfeat-pixel 0.349980789373 0.15101228033 0.186815099305
53.83/27.12	optdigits 0.217164801568 0.0603921581625 0.736917692761
55.05/27.60	mfeat-factors 0.224764305211 0.0692328635486 0.70201106521
56.12/28.09	satimage 0.276557307319 0.103023428815 0.425020511395
57.30/28.79	lymph 0.195124133268 0.0543171393896 0.585978849551
58.52/29.66	audiology 0.331625565219 0.142822465776 0.308665086222
59.61/32.46	ecoli 0.408179719944 0.211555906111 0.105689511199
60.77/33.24	tic-tac-toe 0.288498023183 0.123986979893 0.670659742316
61.93/33.83	spambase 0.220342492893 0.0633275899099 0.871372850739
63.06/34.53	zoo 0.127492245561 0.022351204544 0.766006549055
64.20/35.02	sonar 0.495425522329 0.309442906541 -0.096316435282
65.37/35.61	mfeat-zernike 0.264521060314 0.0955046591528 0.481905385924
66.48/36.09	kr-vs-kp 0.207365989458 0.0538801277421 0.645449400195
66.58/36.13	MAE 0.302288169276 0.103052282219
66.58/36.13	MSE 0.132472568847 0.132472568847
66.58/36.13	Mean tau 0.396476007968 0.32026243123
66.58/36.13	(0.07017543859649122, '0_class_probability_max')
66.58/36.13	(0.9298245614035088, '1_class_probability_max')
66.58/36.13	(2.0526315789473686, '1_landmark_decision_tree')
66.58/36.13	(3.526315789473684, '0_landmark_decision_tree')
66.58/36.13	(4.105263157894737, '1_landmark_naive_bayes')
66.58/36.13	(4.456140350877193, '0_landmark_naive_bayes')
66.58/36.13	(6.368421052631579, '1_landmark_lda')
66.58/36.13	(6.526315789473684, '0_landmark_lda')
66.58/36.13	(8.842105263157896, '1_number_of_numeric_features')
66.58/36.13	(9.631578947368421, '0_number_of_numeric_features')
66.58/36.13	(10.614035087719298, '0_number_of_features')
66.58/36.13	(10.824561403508772, '0_number_of_categorical_features')
66.58/36.13	(11.456140350877194, '1_number_of_categorical_features')
66.58/36.13	(11.68421052631579, '1_number_of_features')
66.58/36.13	(14.350877192982455, '0_number_of_classes')
66.58/36.13	(14.56140350877193, '1_number_of_classes')
66.58/36.13	Result for ParamILS: SAT, 35.256819, 1, 0.302288, -1, /home/feurerm/thesis/Software/pyMetaLearn/optimizers/metalearn_optimizer/learn_distances.py
