0.69/0.84	['/home/feurerm/thesis/Software/pyMetaLearn/optimizers/metalearn_optimizer/learn_distances.py', '--input_file', '/home/feurerm/thesis/experiments/2014_04_25_predict_distances/testfold_0-3_pfahringer_spearman_rank_perm.pkl', '--fold', '0', '--folds', '1', '--params', '-max_features', '0.135989776456', '-min_samples_leaf', '1', '-min_samples_split', '6', '-n_estimators', '63', '-n_jobs', '4', '-seed', '91']
0.69/0.85	Metafeatures (57, 8)
0.69/0.85	X (3192, 16)
0.69/0.85	Y (3192,)
0.69/0.85	Dataset Mae MSE Rho
1.30/1.20	vehicle 0.331228928329 0.134242907728 0.446029129829
1.81/1.59	anneal.ORIG 0.248064388051 0.0838520849384 0.601816115755
2.43/1.97	segment 0.223995946421 0.0646380812041 0.765360130026
3.07/2.37	pendigits 0.293074308521 0.105044022335 0.689405894149
3.69/2.77	mushroom 0.170744119423 0.0368653609256 0.693284408322
4.31/3.16	labor 0.317433972518 0.135802479552 0.384942531614
4.97/3.55	abalone 0.275088664703 0.0973412171811 0.605694629928
5.59/3.94	diabetes 0.464783989427 0.303877156019 -0.048158217641
6.26/4.34	car 0.314651763015 0.141236999811 0.540083098511
6.81/4.72	autos 0.234983422276 0.0740360051983 0.583069963922
7.45/5.11	mfeat-fourier 0.573290586531 0.424790713781 -0.474471567094
8.14/5.51	primary-tumor 0.229190724849 0.0648568866923 0.576605773634
8.69/5.91	waveform-5000 0.224264895633 0.0737379647228 0.681648865804
9.38/6.31	credit-a 0.348528493046 0.168160018402 0.483198223982
10.01/6.71	letter 0.234513801905 0.0746315229548 0.677123932603
10.67/7.13	postoperative-patient-data 0.409123198428 0.202125831041 -0.109568025371
11.28/7.52	vowel 0.455607253621 0.261225353335 0.182290166104
11.94/7.93	eucalyptus 0.375491954236 0.182813378447 0.0846808927647
12.57/8.32	cylinder-bands 0.353585431976 0.158283775992 0.29218140099
13.30/8.82	ionosphere 0.413101974658 0.209922682698 0.104719882656
13.86/9.21	mfeat-karhunen 0.164146129459 0.0372815143502 0.831618080472
14.53/9.62	balance-scale 0.217228289911 0.0693338088682 0.649004704853
15.14/10.11	mfeat-morphological 0.50187729438 0.336968236165 -0.268587106441
15.79/10.51	liver-disorders 0.325394856608 0.135255948857 0.53555816531
16.50/10.93	dermatology 0.198214052234 0.0523932943128 0.535881374824
17.10/11.34	vote 0.0685548375459 0.00787854337618 0.832910918529
17.76/11.85	breast-cancer 0.304075806696 0.112747422967 -0.0361994656093
18.42/12.25	credit-g 0.561396075572 0.415998771584 -0.411768921306
19.10/12.67	soybean 0.12742192755 0.0242719506101 0.784429491374
19.72/13.07	arrhythmia 0.281026731764 0.108188726006 0.17905807096
20.35/13.47	nursery 0.283882219737 0.101165968927 0.561738135973
21.00/13.89	hepatitis 0.390014812224 0.21989695632 -0.4970962331
21.67/14.28	cmc 0.348345485173 0.142985071298 0.185845470762
22.27/14.69	heart-c 0.250705337864 0.0851746606116 0.822568214069
22.91/15.19	glass 0.360841538908 0.16259303644 0.298645591277
23.57/15.59	braziltourism 0.488612108156 0.310441788314 -0.093730759167
24.21/15.99	iris 0.305482789918 0.121890291957 0.311250762337
24.82/16.39	heart-statlog 0.284152120782 0.111968475056 0.748553235279
25.46/16.89	page-blocks 0.310673684233 0.1388195599 0.398840540731
26.15/17.56	breast-w 0.219533249005 0.069111411272 0.487723157183
26.74/17.96	heart-h 0.190949154997 0.049054650339 0.599876858669
27.37/18.36	yeast 0.303740581097 0.118099184589 0.591150201781
28.02/18.87	tae 0.290487707861 0.108777392811 0.171947461644
28.67/19.27	haberman 0.254043807369 0.0936947525969 0.457018253318
29.33/19.66	mfeat-pixel 0.329999203476 0.132685203255 0.247578488007
29.96/20.06	optdigits 0.165422533768 0.0357621071512 0.780550977201
30.58/20.56	mfeat-factors 0.20582127514 0.0600157487155 0.755017425566
31.26/20.98	satimage 0.284974926903 0.105739554019 0.383003274527
31.90/21.47	lymph 0.195384825909 0.0554220740042 0.596321554011
32.56/21.87	audiology 0.347000183594 0.159611112551 0.221721726857
33.19/22.36	ecoli 0.416100599189 0.223522885792 0.0746613978193
33.88/22.76	tic-tac-toe 0.289722297385 0.122078278486 0.653529638054
34.51/23.27	spambase 0.209499849181 0.0605249258956 0.750815701879
35.17/23.66	zoo 0.122274831361 0.0191189706879 0.7737635774
35.87/24.16	sonar 0.489892536393 0.30079353771 -0.141242557779
36.46/24.56	mfeat-zernike 0.26193467756 0.0960779887625 0.502590794844
37.09/25.06	kr-vs-kp 0.170595686324 0.0371400082653 0.726251778787
37.25/25.10	MAE 0.298424067417 0.107567099301
37.25/25.10	MSE 0.132280144838 0.132280144838
37.25/25.10	Mean tau 0.399311179147 0.346864631985
37.25/25.10	(0.5789473684210527, '0_landmark_lda')
37.25/25.10	(1.105263157894737, '0_landmark_decision_tree')
37.25/25.10	(2.526315789473684, '1_landmark_decision_tree')
37.25/25.10	(2.982456140350877, '1_class_probability_max')
37.25/25.10	(3.0, '0_landmark_naive_bayes')
37.25/25.10	(6.105263157894737, '0_class_probability_max')
37.25/25.10	(6.192982456140351, '1_landmark_lda')
37.25/25.10	(6.684210526315789, '0_number_of_categorical_features')
37.25/25.10	(8.087719298245615, '1_landmark_naive_bayes')
37.25/25.10	(8.578947368421053, '0_number_of_features')
37.25/25.10	(9.719298245614034, '1_number_of_features')
37.25/25.10	(11.298245614035087, '0_number_of_numeric_features')
37.25/25.10	(12.105263157894736, '1_number_of_categorical_features')
37.25/25.10	(13.157894736842104, '1_number_of_numeric_features')
37.25/25.10	(13.543859649122806, '1_number_of_classes')
37.25/25.10	(14.333333333333334, '0_number_of_classes')
37.25/25.10	Result for ParamILS: SAT, 24.259518, 1, 0.298424, -1, /home/feurerm/thesis/Software/pyMetaLearn/optimizers/metalearn_optimizer/learn_distances.py
