0.71/0.98	['/home/feurerm/thesis/Software/pyMetaLearn/optimizers/metalearn_optimizer/learn_distances.py', '--input_file', '/home/feurerm/thesis/experiments/2014_04_25_predict_distances/testfold_0-3_pfahringer_spearman_rank_perm.pkl', '--fold', '0', '--folds', '1', '--params', '-max_features', '0.142289721042', '-min_samples_leaf', '5', '-min_samples_split', '6', '-n_estimators', '75', '-n_jobs', '4', '-seed', '2']
0.71/0.98	Metafeatures (57, 8)
0.71/0.98	X (3192, 16)
0.71/0.98	Y (3192,)
0.71/0.98	Dataset Mae MSE Rho
1.26/1.33	vehicle 0.3702960391 0.171224639573 0.319977419225
1.92/1.73	anneal.ORIG 0.247733587945 0.0840759231855 0.586302059065
2.60/2.13	segment 0.282130644363 0.100770989478 0.676477513574
3.19/2.52	pendigits 0.347137787117 0.146160076839 0.567879116746
3.82/2.93	mushroom 0.207036471417 0.0532647233917 0.629612133991
4.47/3.34	labor 0.293802708904 0.117304485021 0.412092130821
5.13/3.72	abalone 0.327982610128 0.138790138801 0.511317451732
5.78/4.13	diabetes 0.470221925335 0.308151752284 -0.00743381883049
6.43/4.53	car 0.339106249316 0.159802863894 0.461543186519
7.08/4.93	autos 0.271263632251 0.0975423978741 0.476087614666
7.74/5.34	mfeat-fourier 0.536729501812 0.373663718378 -0.39205314093
8.40/5.74	primary-tumor 0.236099344499 0.0684020671154 0.598907230126
9.11/6.36	waveform-5000 0.249219953711 0.0845318240703 0.563354183545
9.79/6.76	credit-a 0.382146393841 0.201832633362 0.351005532605
10.44/7.26	letter 0.23876717879 0.0820173049168 0.652883219025
11.14/7.67	postoperative-patient-data 0.420147620732 0.212247329343 -0.165483271357
11.78/8.07	vowel 0.47023400412 0.274485033808 0.100194949454
12.41/8.47	eucalyptus 0.377044517937 0.187253559988 0.162897595242
13.09/8.89	cylinder-bands 0.360346285077 0.168539735865 0.267617477898
13.72/9.29	ionosphere 0.411123126518 0.207142459365 0.0500974747272
14.45/9.70	mfeat-karhunen 0.209549448913 0.0593161809293 0.795418614862
15.02/10.11	balance-scale 0.230837298745 0.0765488138367 0.49418734747
15.69/10.51	mfeat-morphological 0.477364094811 0.300697585882 -0.236589364518
16.41/10.91	liver-disorders 0.320167457184 0.132335795698 0.585655640037
16.97/11.42	dermatology 0.196598169445 0.0496721611663 0.545900869769
17.63/11.81	vote 0.0833931915355 0.0112152284453 0.825477099699
18.28/12.32	breast-cancer 0.26214217117 0.0901336218066 -0.081448797621
18.95/12.71	credit-g 0.518009610081 0.354102269405 -0.554627526657
19.70/13.12	soybean 0.13229808409 0.0265998250727 0.781520605744
20.29/13.52	arrhythmia 0.300417127927 0.125776979652 0.123789244003
20.93/14.02	nursery 0.304437404625 0.113201180914 0.518428061048
21.61/14.42	hepatitis 0.398157691887 0.223873673109 -0.68132565629
22.30/14.84	cmc 0.332861289169 0.128883879066 0.297029543705
23.03/15.34	heart-c 0.296223642125 0.114909705149 0.727544616845
23.60/15.75	glass 0.352469557803 0.152114856299 0.390113883843
24.34/16.41	braziltourism 0.530702287661 0.35893035217 -0.301554476906
24.92/16.81	iris 0.322142139868 0.135059357987 0.191340032506
25.57/17.32	heart-statlog 0.323785424441 0.140372528503 0.673245418431
26.24/17.71	page-blocks 0.302691147714 0.125557837682 0.478673290781
26.88/18.12	breast-w 0.242107795995 0.0793006960684 0.420818787709
27.52/18.53	heart-h 0.215556030986 0.0575370001901 0.540406308025
28.22/18.95	yeast 0.360033192071 0.16419074425 0.43794889197
28.86/19.35	tae 0.280376438605 0.101024578477 0.206207670167
29.57/19.75	haberman 0.268063178686 0.099701438033 0.235619735975
30.18/20.15	mfeat-pixel 0.339449294103 0.141305656243 0.212671860455
30.83/20.55	optdigits 0.232689860732 0.0681169502971 0.72722140733
31.48/20.95	mfeat-factors 0.237625578368 0.077370607558 0.703303903267
32.14/21.35	satimage 0.292865579831 0.112520249242 0.357146513378
32.78/21.73	lymph 0.175703851473 0.0439011874353 0.69910217958
33.42/22.13	audiology 0.335335252373 0.146613684209 0.29444386759
34.06/22.53	ecoli 0.410218050073 0.217289037967 0.0972860638251
34.70/22.93	tic-tac-toe 0.291196603628 0.125463705154 0.520367318134
35.34/23.32	spambase 0.228570993808 0.0702449901747 0.74790681625
35.98/23.71	zoo 0.143878439002 0.0275982030101 0.732069550046
36.58/24.10	sonar 0.501108730672 0.317621862204 -0.2204288888
37.21/24.49	mfeat-zernike 0.276618745499 0.101471547767 0.511963870761
37.84/24.89	kr-vs-kp 0.209763820646 0.0558252271842 0.639631628936
37.95/24.93	MAE 0.311824179976 0.0992911921244
37.95/24.93	MSE 0.139712330786 0.139712330786
37.95/24.93	Mean tau 0.355434069986 0.349041088655
37.95/24.93	(0.6491228070175439, '0_landmark_decision_tree')
37.95/24.93	(0.9824561403508771, '0_landmark_naive_bayes')
37.95/24.93	(1.7894736842105263, '1_landmark_decision_tree')
37.95/24.93	(3.8947368421052633, '0_class_probability_max')
37.95/24.93	(4.0, '1_landmark_lda')
37.95/24.93	(5.0701754385964914, '0_landmark_lda')
37.95/24.93	(6.035087719298246, '1_class_probability_max')
37.95/24.93	(6.491228070175438, '1_landmark_naive_bayes')
37.95/24.93	(8.192982456140351, '1_number_of_features')
37.95/24.93	(8.578947368421053, '0_number_of_features')
37.95/24.93	(10.894736842105264, '0_number_of_categorical_features')
37.95/24.93	(11.491228070175438, '1_number_of_classes')
37.95/24.93	(12.210526315789474, '1_number_of_categorical_features')
37.95/24.93	(12.228070175438596, '0_number_of_numeric_features')
37.95/24.93	(13.192982456140351, '1_number_of_numeric_features')
37.95/24.93	(14.298245614035087, '0_number_of_classes')
37.95/24.93	Result for ParamILS: SAT, 23.954000, 1, 0.311824, -1, /home/feurerm/thesis/Software/pyMetaLearn/optimizers/metalearn_optimizer/learn_distances.py
