0.68/0.89	['/home/feurerm/thesis/Software/pyMetaLearn/optimizers/metalearn_optimizer/learn_distances.py', '--input_file', '/home/feurerm/thesis/experiments/2014_04_25_predict_distances/testfold_0-3_pfahringer_spearman_rank_perm.pkl', '--fold', '0', '--folds', '1', '--params', '-max_features', '0.580342281739', '-min_samples_leaf', '7', '-min_samples_split', '1', '-n_estimators', '80', '-n_jobs', '4', '-seed', '55']
0.77/0.90	Metafeatures (57, 8)
0.77/0.90	X (3192, 16)
0.77/0.90	Y (3192,)
0.77/0.90	Dataset Mae MSE Rho
2.18/1.45	vehicle 0.351753871765 0.152129408433 0.359085770464
3.90/2.23	anneal.ORIG 0.418754910363 0.214849836976 0.454109367689
5.40/3.02	segment 0.232341979493 0.0675526706008 0.771501110799
6.99/3.61	pendigits 0.30427726561 0.117303025894 0.663225923485
8.53/4.29	mushroom 0.188658797258 0.0442920125498 0.670013323287
10.10/4.87	labor 0.303374152901 0.129089253641 0.244023183349
11.68/5.45	abalone 0.291896111523 0.106853218212 0.624440781761
13.27/6.15	diabetes 0.489478370213 0.313047720432 0.166129690386
14.85/6.94	car 0.340906185692 0.151286168334 0.324825561941
16.53/7.63	autos 0.209425724122 0.0578673037386 0.699748598609
18.08/8.32	mfeat-fourier 0.562245543187 0.408278684562 -0.433100749255
19.65/9.02	primary-tumor 0.225673724401 0.0638723814244 0.502590794844
21.20/9.72	waveform-5000 0.175216018006 0.0452795777855 0.749199654307
22.79/10.31	credit-a 0.377304166645 0.201660854901 0.426313349453
24.36/11.02	letter 0.239114291839 0.0798677049995 0.67615430406
25.96/11.82	postoperative-patient-data 0.428164576344 0.238367761165 0.00969628543107
27.58/12.42	vowel 0.440518671726 0.242476289223 0.287333258274
29.25/13.12	eucalyptus 0.402734614299 0.21157843899 -0.0391083512387
30.74/13.92	cylinder-bands 0.323961517162 0.129455755115 0.484814271554
32.34/14.71	ionosphere 0.412259742475 0.200882764259 0.0762774453911
33.99/15.41	mfeat-karhunen 0.180420879706 0.0459314779816 0.780874186716
35.57/16.01	balance-scale 0.25383574442 0.0848651666021 0.40465831199
37.17/16.71	mfeat-morphological 0.456358662469 0.273662901074 -0.208146927254
38.73/17.31	liver-disorders 0.284481912378 0.104565668783 0.47641082418
40.33/18.02	dermatology 0.197147635458 0.0510676107023 0.52004410862
41.92/18.82	vote 0.0783587318518 0.00950279043634 0.782813443802
43.53/19.61	breast-cancer 0.139170800035 0.0273328193995 0.388174626757
45.16/20.32	credit-g 0.626756536526 0.522481227838 -0.636399533793
46.74/20.92	soybean 0.123664743047 0.0241344872934 0.794125776805
48.35/21.73	arrhythmia 0.276104459817 0.106025002683 0.195541756193
49.97/22.53	nursery 0.28152876208 0.10170055771 0.575959354606
51.61/23.14	hepatitis 0.274990394288 0.105126976299 0.173563509216
53.19/23.85	cmc 0.281330412832 0.101246426103 0.253073049751
54.82/24.64	heart-c 0.261630174168 0.0897520272009 0.783459862831
56.42/25.43	glass 0.351818668728 0.148076583437 0.409506454706
58.04/26.13	braziltourism 0.439913138712 0.249540542341 0.1102144444
59.69/26.82	iris 0.296848591748 0.113750839285 0.343894923289
61.27/27.53	heart-statlog 0.25716527284 0.0881114823206 0.777965301086
62.86/28.23	page-blocks 0.395954368173 0.211192670069 0.244992811892
64.46/28.93	breast-w 0.214319794598 0.0619464007366 0.544608031712
66.10/29.62	heart-h 0.169019677801 0.0388325874463 0.673568627945
67.61/30.20	yeast 0.301057404387 0.113124376213 0.623794362732
69.19/30.78	tae 0.363194084829 0.159970158556 0.17679560436
70.78/31.47	haberman 0.266868895294 0.0929159769288 0.0436332844398
72.36/32.17	mfeat-pixel 0.353483352367 0.153691687518 0.201036317938
73.93/32.87	optdigits 0.184043442719 0.0443609881616 0.769885063227
75.57/33.58	mfeat-factors 0.205232614972 0.0575477092377 0.732715969075
77.18/34.38	satimage 0.276104889107 0.103034748449 0.385588950642
78.77/35.08	lymph 0.197475918103 0.0569045559783 0.549456174427
80.36/35.67	audiology 0.311415922339 0.128210062125 0.456695043803
81.93/36.36	ecoli 0.415434241283 0.22086077607 0.0833880547072
83.51/37.06	tic-tac-toe 0.295936869668 0.129522521234 0.652236799997
85.09/37.77	spambase 0.208466521 0.0542049226918 0.872665688796
86.75/38.46	zoo 0.112201418902 0.0177996381414 0.806407738351
88.31/39.18	sonar 0.508323522914 0.327204827793 -0.144797862437
89.91/39.98	mfeat-zernike 0.248655754577 0.0851103738667 0.52230657522
91.56/40.68	kr-vs-kp 0.189796773026 0.0455144039472 0.696193293951
91.66/40.73	MAE 0.298185460038 0.112497705977
91.66/40.73	MSE 0.132014294805 0.132014294805
91.66/40.73	Mean tau 0.412880308408 0.322248351516
91.66/40.73	(0.22807017543859648, '0_class_probability_max')
91.66/40.73	(0.7719298245614035, '1_class_probability_max')
91.66/40.73	(2.245614035087719, '0_landmark_decision_tree')
91.66/40.73	(3.3333333333333335, '1_landmark_decision_tree')
91.66/40.73	(3.8596491228070176, '1_landmark_naive_bayes')
91.66/40.73	(4.631578947368421, '0_landmark_naive_bayes')
91.66/40.73	(6.017543859649122, '1_landmark_lda')
91.66/40.73	(8.175438596491228, '1_number_of_numeric_features')
91.66/40.73	(8.807017543859649, '0_number_of_numeric_features')
91.66/40.73	(9.596491228070175, '1_number_of_categorical_features')
91.66/40.73	(10.035087719298245, '0_number_of_categorical_features')
91.66/40.73	(10.631578947368421, '0_number_of_features')
91.66/40.73	(10.842105263157896, '1_number_of_features')
91.66/40.73	(11.824561403508772, '0_landmark_lda')
91.66/40.73	(14.333333333333334, '1_number_of_classes')
91.66/40.73	(14.666666666666666, '0_number_of_classes')
91.66/40.73	Result for ParamILS: SAT, 39.831758, 1, 0.298185, -1, /home/feurerm/thesis/Software/pyMetaLearn/optimizers/metalearn_optimizer/learn_distances.py
