0.75/1.35	['/home/feurerm/thesis/Software/pyMetaLearn/optimizers/metalearn_optimizer/learn_distances.py', '--input_file', '/home/feurerm/thesis/experiments/2014_04_25_predict_distances/testfold_0-3_pfahringer_spearman_rank_perm.pkl', '--fold', '0', '--folds', '1', '--params', '-max_features', '0.932272428966', '-min_samples_leaf', '2', '-min_samples_split', '8', '-n_estimators', '64', '-n_jobs', '4', '-seed', '84']
0.75/1.37	Metafeatures (57, 8)
0.75/1.37	X (3192, 16)
0.75/1.37	Y (3192,)
0.75/1.37	Dataset Mae MSE Rho
2.69/2.21	vehicle 0.343678426002 0.140199496482 0.361348237065
4.78/3.20	anneal.ORIG 0.494943980559 0.302917716384 0.029735275322
6.86/4.05	segment 0.150997094884 0.0301856466798 0.867494336567
8.96/4.85	pendigits 0.245586137822 0.0825843574725 0.741442625963
11.02/5.66	mushroom 0.16581751091 0.0350342030796 0.687789846577
13.08/6.48	labor 0.324130527951 0.145613356024 0.205561251139
15.15/12.15	abalone 0.202066505334 0.051507473291 0.761804825368
17.30/12.94	diabetes 0.524699748922 0.338455104691 0.25598193538
19.40/13.84	car 0.368115636182 0.176901802992 0.21525753657
21.56/14.65	autos 0.194888048981 0.0473470215543 0.794125776805
23.66/15.79	mfeat-fourier 0.582369645609 0.447014664055 -0.445382710801
25.78/16.62	primary-tumor 0.213412637452 0.0571304130057 0.574343307034
27.87/17.43	waveform-5000 0.11627137394 0.0214203975159 0.79154010069
29.93/18.32	credit-a 0.346107848525 0.170445697482 0.488692785726
32.04/19.06	letter 0.240120740907 0.0763715879905 0.576605773634
34.14/20.02	postoperative-patient-data 0.450153158282 0.266766305482 0.0349066275519
36.25/20.90	vowel 0.337837070074 0.141823991356 0.601169696726
38.36/21.76	eucalyptus 0.45249404041 0.26343019145 -0.0801559595635
40.45/22.61	cylinder-bands 0.321393694466 0.12446103372 0.461866396033
42.58/23.41	ionosphere 0.413080794644 0.200734414678 0.0685204170462
44.69/24.44	mfeat-karhunen 0.121005939052 0.0235442946086 0.83743585173
46.83/25.41	balance-scale 0.248728197265 0.0819873301483 0.387204998214
48.95/26.36	mfeat-morphological 0.484763795374 0.313181490671 -0.168715366501
50.98/27.29	liver-disorders 0.310418575577 0.119311120801 0.553981107629
53.10/28.10	dermatology 0.212961115714 0.0574687194026 0.462836024576
55.19/28.93	vote 0.077551628297 0.0110642626823 0.758895939739
57.30/29.78	breast-cancer 0.141083811636 0.0298829708666 0.401426216846
59.50/30.77	credit-g 0.731597651191 0.705665474542 -0.684234541919
61.58/31.56	soybean 0.117476302364 0.0220345558341 0.739180159362
63.62/36.39	arrhythmia 0.250148007134 0.0870306116577 0.427282977996
65.70/37.18	nursery 0.222560342771 0.0640807443627 0.706859207925
67.82/37.96	hepatitis 0.218758112636 0.0688705174093 0.59405908741
69.92/38.76	cmc 0.257040072952 0.0880847008018 0.318684581168
72.09/42.93	heart-c 0.178871393914 0.0456946401228 0.854889165506
74.13/43.72	glass 0.367211450239 0.163922875369 0.291858191475
76.23/48.16	braziltourism 0.490540084998 0.312738732938 -0.0168068947472
78.35/48.95	iris 0.258138061513 0.0866365583115 0.412092130821
80.42/50.06	heart-statlog 0.198196471887 0.0549983935253 0.797034662434
82.53/50.87	page-blocks 0.455308887744 0.285960969016 -0.121849986917
84.63/51.70	breast-w 0.205491504995 0.0574433036659 0.650297542911
86.72/52.59	heart-h 0.134598656491 0.0261450056597 0.733685597618
88.87/53.43	yeast 0.215414063227 0.0590776442407 0.785399119917
90.97/54.37	tae 0.386237621082 0.176964858317 0.176472394846
93.06/55.19	haberman 0.294830524065 0.113283461321 0.0274728087214
95.12/55.98	mfeat-pixel 0.371503770841 0.170683760076 0.165483271357
97.22/56.99	optdigits 0.131783945596 0.0239706372727 0.820952166497
99.34/57.79	mfeat-factors 0.169694490363 0.0437009208589 0.781520605744
101.43/58.75	satimage 0.251082162909 0.0880593080737 0.511317451732
103.58/59.79	lymph 0.222800049426 0.0753951284323 0.425020511395
105.75/60.75	audiology 0.305621929224 0.117897331714 0.404011892961
107.94/61.54	ecoli 0.390738827233 0.194931306875 0.210409393854
110.02/62.56	tic-tac-toe 0.354988290634 0.196368949806 0.0817720071354
112.19/63.39	spambase 0.229946891761 0.059175324785 0.853596327449
114.26/64.35	zoo 0.0945243966956 0.0122492486284 0.873312107825
116.43/65.27	sonar 0.502245865778 0.312474567151 -0.114739377601
118.63/66.10	mfeat-zernike 0.258192188059 0.0926407749953 0.418879530622
120.64/67.07	kr-vs-kp 0.141369347543 0.0259996128814 0.779904558173
120.75/67.10	MAE 0.289326123685 0.136077293834
120.75/67.10	MSE 0.133139736548 0.133139736548
120.75/67.10	Mean tau 0.42332507903 0.354476241277
120.75/67.10	(0.2982456140350877, '1_class_probability_max')
120.75/67.10	(0.7017543859649122, '0_class_probability_max')
120.75/67.10	(2.6315789473684212, '0_landmark_naive_bayes')
120.75/67.10	(2.6842105263157894, '1_landmark_naive_bayes')
120.75/67.10	(5.859649122807017, '0_number_of_numeric_features')
120.75/67.10	(5.947368421052632, '1_number_of_numeric_features')
120.75/67.10	(6.912280701754386, '1_landmark_decision_tree')
120.75/67.10	(7.298245614035087, '1_number_of_categorical_features')
120.75/67.10	(7.4035087719298245, '0_landmark_decision_tree')
120.75/67.10	(7.666666666666667, '0_number_of_categorical_features')
120.75/67.10	(9.508771929824562, '1_number_of_features')
120.75/67.10	(9.666666666666666, '0_number_of_features')
120.75/67.10	(12.140350877192983, '1_landmark_lda')
120.75/67.10	(12.280701754385966, '0_landmark_lda')
120.75/67.10	(14.473684210526315, '1_number_of_classes')
120.75/67.10	(14.526315789473685, '0_number_of_classes')
120.75/67.10	Result for ParamILS: SAT, 65.753203, 1, 0.289326, -1, /home/feurerm/thesis/Software/pyMetaLearn/optimizers/metalearn_optimizer/learn_distances.py
