0.77/0.91	['/home/feurerm/thesis/Software/pyMetaLearn/optimizers/metalearn_optimizer/learn_distances.py', '--input_file', '/home/feurerm/thesis/experiments/2014_04_25_predict_distances/testfold_0-3_pfahringer_spearman_rank_perm.pkl', '--fold', '0', '--folds', '1', '--params', '-max_features', '0.581921444445', '-min_samples_leaf', '5', '-min_samples_split', '4', '-n_estimators', '57', '-n_jobs', '4', '-seed', '36']
0.77/0.91	Metafeatures (57, 8)
0.77/0.91	X (3192, 16)
0.77/0.91	Y (3192,)
0.77/0.91	Dataset Mae MSE Rho
1.85/1.46	vehicle 0.345213579016 0.14447940098 0.37653908424
3.11/2.04	anneal.ORIG 0.392833474922 0.188026609721 0.510671032703
4.31/2.51	segment 0.195422951655 0.0495594183311 0.820952166497
5.48/2.99	pendigits 0.273135347768 0.0957908452663 0.705243160353
6.74/3.68	mushroom 0.170206593622 0.0374410592819 0.683588122891
8.00/4.27	labor 0.287550103259 0.118487013507 0.308341876708
9.21/4.95	abalone 0.260769382952 0.0877552219707 0.632844229135
10.49/5.53	diabetes 0.481237595172 0.302747964481 0.158372662041
11.72/6.11	car 0.342047519958 0.156508054799 0.378801550841
12.95/6.59	autos 0.206984185374 0.0555229491143 0.720434007529
14.19/7.19	mfeat-fourier 0.557371023539 0.404260742427 -0.426959768482
15.42/7.76	primary-tumor 0.239071261023 0.070848505195 0.488692785726
16.61/8.35	waveform-5000 0.167813005098 0.04027143175 0.762451244397
17.81/8.93	credit-a 0.372044145421 0.195852352461 0.407243988105
19.03/9.51	letter 0.230109461942 0.0753086929789 0.649974333396
20.25/10.09	postoperative-patient-data 0.4316107067 0.240058297509 0.0688436265606
21.48/10.67	vowel 0.417992403913 0.215780801748 0.378478341326
22.68/11.14	eucalyptus 0.430667027763 0.245553247042 -0.0597937601583
23.88/11.62	cylinder-bands 0.346880529175 0.149385279862 0.330320123685
25.19/12.20	ionosphere 0.403203343826 0.197907118638 0.10504309217
26.34/12.77	mfeat-karhunen 0.148044994663 0.0330606297503 0.790893681661
27.57/13.26	balance-scale 0.234167482419 0.0690463513154 0.415970644993
28.79/13.74	mfeat-morphological 0.504385479363 0.336347470176 -0.284424372645
30.02/14.22	liver-disorders 0.230902711663 0.0695103080812 0.671952580373
31.18/14.81	dermatology 0.204265597018 0.0544283472314 0.505822889988
32.40/15.29	vote 0.0733408191731 0.0089595461274 0.787338377003
33.61/15.88	breast-cancer 0.129403208511 0.0236947134568 0.441827406142
34.83/16.47	credit-g 0.598172019283 0.477278598322 -0.632197810106
36.04/17.05	soybean 0.136452950822 0.0296540288212 0.625410410304
37.25/17.53	arrhythmia 0.256938822174 0.0930773638656 0.369428474924
38.42/18.13	nursery 0.271332566536 0.0955360039265 0.600200068183
39.65/18.72	hepatitis 0.308739959845 0.131051169238 -0.00452493320117
40.88/19.33	cmc 0.280983771778 0.103745439932 0.280222648958
42.11/19.92	heart-c 0.235374265155 0.0751393775815 0.795418614862
43.31/20.51	glass 0.363266724461 0.159181912766 0.342925294746
44.52/21.13	braziltourism 0.432698942593 0.241558449027 0.0565616650146
45.76/21.71	iris 0.29985353737 0.115485221461 0.315452486024
47.07/22.20	heart-statlog 0.263935996958 0.0981669885007 0.737240902276
48.18/22.69	page-blocks 0.357918840227 0.173424396423 0.331289752228
49.41/23.27	breast-w 0.205473799775 0.0571899892471 0.549132964913
50.63/23.85	heart-h 0.15524543269 0.0321281447128 0.716232283842
51.84/24.42	yeast 0.264460184327 0.0875556767652 0.68649700852
53.11/25.00	tae 0.366282585034 0.16283961631 0.162574385728
54.24/25.57	haberman 0.266501768394 0.0938188824883 0.0588241316152
55.43/26.04	mfeat-pixel 0.350573606408 0.149384664453 0.238851831119
56.63/26.62	optdigits 0.164005450055 0.0353067389482 0.798327500492
57.99/27.20	mfeat-factors 0.190642538372 0.0508522656726 0.735624854704
59.17/28.14	satimage 0.258672347826 0.0933223821334 0.490955252327
60.38/28.71	lymph 0.210145181296 0.0654580679754 0.467684167292
61.59/29.19	audiology 0.317876673214 0.129706109308 0.360378608521
62.84/29.66	ecoli 0.395532537827 0.201927381259 0.182290166104
64.00/30.14	tic-tac-toe 0.311653786986 0.146083684514 0.511640661246
65.24/30.72	spambase 0.203229351682 0.050490813208 0.883978021799
66.48/31.20	zoo 0.100038213042 0.0141850756603 0.836143013673
67.62/31.78	sonar 0.503997100265 0.317407994947 -0.110860863429
68.84/32.37	mfeat-zernike 0.234340459932 0.078677582399 0.58145391635
70.11/32.95	kr-vs-kp 0.165794452206 0.0355382936255 0.731099921503
70.11/32.98	MAE 0.290294873709 0.114905094041
70.11/32.98	MSE 0.127399380468 0.127399380468
70.11/32.98	Mean tau 0.421538921188 0.325355205687
70.11/32.98	(0.0, '1_class_probability_max')
70.11/32.98	(1.0350877192982457, '0_class_probability_max')
70.11/32.98	(2.280701754385965, '0_landmark_decision_tree')
70.11/32.98	(3.245614035087719, '1_landmark_decision_tree')
70.11/32.98	(3.56140350877193, '0_landmark_naive_bayes')
70.11/32.98	(4.894736842105263, '1_landmark_naive_bayes')
70.11/32.98	(7.614035087719298, '1_number_of_numeric_features')
70.11/32.98	(8.31578947368421, '0_landmark_lda')
70.11/32.98	(8.491228070175438, '0_number_of_numeric_features')
70.11/32.98	(9.12280701754386, '1_number_of_categorical_features')
70.11/32.98	(10.105263157894736, '1_landmark_lda')
70.11/32.98	(10.543859649122806, '1_number_of_features')
70.11/32.98	(10.771929824561404, '0_number_of_features')
70.11/32.98	(11.017543859649123, '0_number_of_categorical_features')
70.11/32.98	(14.368421052631579, '0_number_of_classes')
70.11/32.98	(14.631578947368421, '1_number_of_classes')
70.11/32.98	Result for ParamILS: SAT, 32.077076, 1, 0.290295, -1, /home/feurerm/thesis/Software/pyMetaLearn/optimizers/metalearn_optimizer/learn_distances.py
