0.70/0.88	['/home/feurerm/thesis/Software/pyMetaLearn/optimizers/metalearn_optimizer/learn_distances.py', '--input_file', '/home/feurerm/thesis/experiments/2014_04_25_predict_distances/testfold_0-3_pfahringer_spearman_rank_perm.pkl', '--fold', '0', '--folds', '1', '--params', '-max_features', '0.837652169242', '-min_samples_leaf', '6', '-min_samples_split', '9', '-n_estimators', '20', '-n_jobs', '4', '-seed', '15']
0.70/0.88	Metafeatures (57, 8)
0.70/0.88	X (3192, 16)
0.70/0.88	Y (3192,)
0.70/0.88	Dataset Mae MSE Rho
1.30/1.23	vehicle 0.349220673485 0.146094839149 0.338400361544
1.92/1.58	anneal.ORIG 0.48153304036 0.28214728264 0.179704489989
2.52/1.93	segment 0.200089594952 0.0510119182546 0.77085469177
3.11/2.29	pendigits 0.270597363783 0.0976059333783 0.68132565629
3.70/2.63	mushroom 0.185540468832 0.0429728504408 0.67615430406
4.31/2.99	labor 0.313076292934 0.141983486317 0.23820541209
4.91/3.34	abalone 0.253598843346 0.0831486612881 0.621531896132
5.55/3.70	diabetes 0.548100629306 0.372357470285 0.190047194449
6.12/4.05	car 0.389558195415 0.213344183419 0.272788830127
6.73/4.40	autos 0.214827517027 0.0600940541183 0.698132551037
7.30/4.76	mfeat-fourier 0.579892055284 0.449214226076 -0.486430319125
7.88/5.11	primary-tumor 0.231666489528 0.0678585408156 0.492894509413
8.47/5.46	waveform-5000 0.140767277416 0.0323070535026 0.764390501483
9.06/5.81	credit-a 0.361052522348 0.181834200699 0.450877272545
9.67/6.16	letter 0.239589351678 0.080284079348 0.602785744298
10.27/6.54	postoperative-patient-data 0.450561485815 0.268678182121 0.0404011892961
10.88/6.90	vowel 0.37716431715 0.181470067182 0.47641082418
11.50/7.26	eucalyptus 0.454086120631 0.275033172654 -0.123142824975
12.10/7.62	cylinder-bands 0.353982528973 0.157842039387 0.270203154013
12.71/7.98	ionosphere 0.407626404001 0.200611316296 0.0791863310204
13.31/8.33	mfeat-karhunen 0.173520494431 0.04385535461 0.78119739623
13.92/8.69	balance-scale 0.257993254324 0.0897899871906 0.365226751237
14.51/9.04	mfeat-morphological 0.432531042259 0.24504266777 0.0113123330029
15.15/9.40	liver-disorders 0.309199898191 0.12566810762 0.342602085231
15.74/9.75	dermatology 0.20429271938 0.0543252500914 0.478996500295
16.35/10.11	vote 0.0837742366874 0.0112163090246 0.76342087294
16.95/10.47	breast-cancer 0.127833049146 0.0247744673245 0.40982966422
17.58/10.82	credit-g 0.692547628168 0.62483523084 -0.68649700852
18.19/11.18	soybean 0.134696152165 0.0278209073527 0.65546889514
18.78/11.54	arrhythmia 0.255451652456 0.0902938998413 0.373630198611
19.39/11.89	nursery 0.275264508532 0.0978828639429 0.563030974031
19.99/12.24	hepatitis 0.258576554483 0.0941060685538 0.369943047716
20.63/12.60	cmc 0.253239843773 0.0861210783202 0.32256309534
21.23/12.96	heart-c 0.246137513147 0.0826156402933 0.768269015655
21.85/13.32	glass 0.3471712812 0.143883521425 0.419525949651
22.46/13.68	braziltourism 0.473418631622 0.292343787805 0.0294120658076
23.10/14.03	iris 0.288811419472 0.109687915685 0.321916676312
23.69/14.39	heart-statlog 0.231720994801 0.0738283076711 0.723342893158
24.31/14.75	page-blocks 0.41710770263 0.231118422877 0.0412125282514
24.96/15.10	breast-w 0.204723938191 0.0573485454408 0.647711866796
25.52/15.45	heart-h 0.160671993027 0.0356481589129 0.652883219025
26.13/15.81	yeast 0.249691481335 0.0788794677266 0.675507885031
26.74/16.16	tae 0.385830449796 0.183362186434 0.0989021113969
27.35/16.57	haberman 0.292345631384 0.113385232554 -0.0274728087214
27.95/16.92	mfeat-pixel 0.378924310624 0.182344362054 0.130253434291
28.57/17.28	optdigits 0.16484176879 0.0368057893158 0.762451244397
29.19/17.63	mfeat-factors 0.177721158203 0.0442710264296 0.742089044991
29.78/17.99	satimage 0.252812500584 0.087055742399 0.53038681308
30.39/18.35	lymph 0.242427738486 0.0925884690962 0.360701818036
31.01/18.70	audiology 0.304405332843 0.114135328157 0.378478341326
31.62/19.05	ecoli 0.371525580454 0.178908051135 0.290565353418
32.24/19.41	tic-tac-toe 0.322529084765 0.163995486035 0.237558993061
32.84/19.76	spambase 0.218246547811 0.0596759983189 0.810932671552
33.42/20.11	zoo 0.127763706311 0.0222563864159 0.745644349649
34.04/20.46	sonar 0.480400681303 0.287794584412 -0.00872665688796
34.64/20.82	mfeat-zernike 0.228399789679 0.0715786817554 0.53555816531
35.24/21.17	kr-vs-kp 0.172520479485 0.0392896786588 0.712030560155
35.24/21.18	MAE 0.298273717933 0.123035241624
35.24/21.18	MSE 0.136568886331 0.136568886331
35.24/21.18	Mean tau 0.395869861576 0.316903111491
35.24/21.18	(0.08771929824561403, '1_class_probability_max')
35.24/21.18	(0.9122807017543859, '0_class_probability_max')
35.24/21.18	(2.807017543859649, '0_landmark_decision_tree')
35.24/21.18	(3.473684210526316, '0_landmark_naive_bayes')
35.24/21.18	(3.789473684210526, '1_landmark_naive_bayes')
35.24/21.18	(7.12280701754386, '1_landmark_decision_tree')
35.24/21.18	(7.157894736842105, '1_number_of_numeric_features')
35.24/21.18	(7.4035087719298245, '0_number_of_categorical_features')
35.24/21.18	(7.4035087719298245, '0_number_of_numeric_features')
35.24/21.18	(7.771929824561403, '1_number_of_categorical_features')
35.24/21.18	(9.771929824561404, '1_number_of_features')
35.24/21.18	(9.87719298245614, '0_number_of_features')
35.24/21.18	(11.614035087719298, '0_landmark_lda')
35.24/21.18	(11.87719298245614, '1_landmark_lda')
35.24/21.18	(14.210526315789474, '0_number_of_classes')
35.24/21.18	(14.719298245614034, '1_number_of_classes')
35.24/21.18	Result for ParamILS: SAT, 20.305042, 1, 0.298274, -1, /home/feurerm/thesis/Software/pyMetaLearn/optimizers/metalearn_optimizer/learn_distances.py
