0.78/1.01	['/home/feurerm/thesis/Software/pyMetaLearn/optimizers/metalearn_optimizer/learn_distances.py', '--input_file', '/home/feurerm/thesis/experiments/2014_04_25_predict_distances/testfold_0-3_pfahringer_spearman_rank_perm.pkl', '--fold', '0', '--folds', '1', '--params', '-max_features', '0.253340928238', '-min_samples_leaf', '6', '-min_samples_split', '3', '-n_estimators', '49', '-n_jobs', '4', '-seed', '64']
0.78/1.01	Metafeatures (57, 8)
0.78/1.01	X (3192, 16)
0.78/1.01	Y (3192,)
0.78/1.01	Dataset Mae MSE Rho
1.27/1.36	vehicle 0.350843343693 0.152227631826 0.377831922297
1.86/1.72	anneal.ORIG 0.245456330248 0.0812849173426 0.590826992267
2.44/2.09	segment 0.258771823748 0.084473823088 0.722696474129
3.04/2.47	pendigits 0.325489723573 0.132254122864 0.618623010502
3.67/2.85	mushroom 0.194460028845 0.0477798546566 0.639954838451
4.33/3.22	labor 0.297286773047 0.125253482234 0.29218140099
4.96/3.60	abalone 0.29878989732 0.114282543222 0.568202326261
5.49/3.97	diabetes 0.499989308776 0.334410612974 0.0500974747272
6.13/4.33	car 0.330108039378 0.150996521859 0.501621166301
6.69/4.71	autos 0.235960367945 0.074424906005 0.566586278689
7.29/5.08	mfeat-fourier 0.554493131758 0.399182500209 -0.396901283645
7.94/5.45	primary-tumor 0.231834709538 0.0649769321659 0.521336946677
8.50/5.82	waveform-5000 0.22246798813 0.0681081722001 0.7220500551
9.09/6.19	credit-a 0.381884311562 0.200252504354 0.359732189493
9.75/6.57	letter 0.231459843466 0.0760204024505 0.682295284833
10.33/6.93	postoperative-patient-data 0.399519117749 0.199708400911 0.0559152459858
10.94/7.31	vowel 0.459089598137 0.262353966425 0.187461518334
11.60/7.68	eucalyptus 0.385709832089 0.196639917374 0.0585009221008
12.19/8.05	cylinder-bands 0.334073343046 0.140564354727 0.437625682456
12.79/8.42	ionosphere 0.41709664055 0.215994175979 0.0510671032703
13.39/8.79	mfeat-karhunen 0.192022407758 0.0504904124391 0.767299387112
14.00/9.30	balance-scale 0.241542448167 0.0778037836787 0.441827406142
14.61/9.68	mfeat-morphological 0.505911826862 0.337957040668 -0.284747582159
15.21/10.05	liver-disorders 0.307766433068 0.124160025614 0.52747792745
15.82/10.42	dermatology 0.179258074615 0.0426713954446 0.587918106637
16.42/10.79	vote 0.0724489592768 0.00815898931308 0.823537842612
17.05/11.17	breast-cancer 0.225216178302 0.0656291240654 0.231418012288
17.65/11.54	credit-g 0.474626645368 0.303306969522 -0.297999172248
18.27/11.91	soybean 0.119989916538 0.0223360827074 0.772793948856
18.86/12.28	arrhythmia 0.28400380454 0.110676721638 0.152878100297
19.48/12.65	nursery 0.301685923208 0.115590985058 0.489339204755
20.11/13.02	hepatitis 0.413060447994 0.23726048934 -0.662902713971
20.81/13.40	cmc 0.306651917969 0.110540056744 0.259537240038
21.34/13.77	heart-c 0.27952843398 0.100545529141 0.746937187707
21.95/14.14	glass 0.34622978293 0.147921733917 0.387204998214
22.55/14.52	braziltourism 0.452549776435 0.263917258867 0.0458957510404
23.14/14.89	iris 0.299126851908 0.11808044269 0.270849573041
23.79/15.27	heart-statlog 0.30239271985 0.126013411288 0.627996086419
24.40/15.64	page-blocks 0.325944533066 0.153464455102 0.41726348305
25.01/16.01	breast-w 0.220487012747 0.068770586299 0.472855519522
25.61/16.38	heart-h 0.199166207392 0.0518254968724 0.589210944695
26.20/16.77	yeast 0.330087990862 0.13741013438 0.581130706836
26.87/17.14	tae 0.323430244286 0.132363812963 0.105689511199
27.55/17.61	haberman 0.259391448603 0.0912794226738 0.23077159326
28.10/17.99	mfeat-pixel 0.342450249962 0.142215140864 0.214611117541
28.69/18.36	optdigits 0.210019963388 0.0570677579828 0.738856949848
29.29/18.84	mfeat-factors 0.223957248306 0.0697547373072 0.731746340532
29.90/21.01	satimage 0.290924156093 0.109554507247 0.347450227947
30.51/21.39	lymph 0.181743957108 0.0489345692662 0.667750856686
31.10/21.76	audiology 0.335258349703 0.152668923741 0.337430733001
31.73/22.13	ecoli 0.415797267011 0.218188563245 0.0953468067389
32.39/22.50	tic-tac-toe 0.301674662639 0.131468213557 0.62217831516
32.92/22.87	spambase 0.212635088146 0.0580561092377 0.822568214069
33.54/23.24	zoo 0.134638939573 0.0237942775757 0.729160664417
34.15/23.61	sonar 0.517488409528 0.337703821102 -0.285394001188
34.74/23.98	mfeat-zernike 0.281354876171 0.109355393205 0.38397290307
35.36/24.36	kr-vs-kp 0.198494896202 0.0501049689581 0.659993828342
35.36/24.38	MAE 0.302872670213 0.102319817827
35.36/24.38	MSE 0.133828615554 0.133828615554
35.36/24.38	Mean tau 0.385220378389 0.32955449717
35.36/24.38	(0.14035087719298245, '0_landmark_decision_tree')
35.36/24.38	(1.1403508771929824, '1_landmark_decision_tree')
35.36/24.38	(2.6666666666666665, '1_landmark_naive_bayes')
35.36/24.38	(2.789473684210526, '0_class_probability_max')
35.36/24.38	(3.736842105263158, '0_landmark_naive_bayes')
35.36/24.38	(4.631578947368421, '1_class_probability_max')
35.36/24.38	(6.350877192982456, '1_landmark_lda')
35.36/24.38	(7.456140350877193, '0_landmark_lda')
35.36/24.38	(9.12280701754386, '1_number_of_features')
35.36/24.38	(9.649122807017545, '0_number_of_categorical_features')
35.36/24.38	(10.368421052631579, '1_number_of_numeric_features')
35.36/24.38	(11.105263157894736, '0_number_of_numeric_features')
35.36/24.38	(11.385964912280702, '0_number_of_features')
35.36/24.38	(12.157894736842104, '1_number_of_classes')
35.36/24.38	(12.543859649122806, '1_number_of_categorical_features')
35.36/24.38	(14.75438596491228, '0_number_of_classes')
35.36/24.38	Result for ParamILS: SAT, 23.375824, 1, 0.302873, -1, /home/feurerm/thesis/Software/pyMetaLearn/optimizers/metalearn_optimizer/learn_distances.py
