0.69/1.00	['/home/feurerm/thesis/Software/pyMetaLearn/optimizers/metalearn_optimizer/learn_distances.py', '--input_file', '/home/feurerm/thesis/experiments/2014_04_25_predict_distances/testfold_0-3_pfahringer_spearman_rank_perm.pkl', '--fold', '0', '--folds', '1', '--params', '-max_features', '0.611361892897', '-min_samples_leaf', '3', '-min_samples_split', '8', '-n_estimators', '47', '-n_jobs', '4', '-seed', '88']
0.78/1.00	Metafeatures (57, 8)
0.78/1.00	X (3192, 16)
0.78/1.00	Y (3192,)
0.78/1.00	Dataset Mae MSE Rho
1.73/1.45	vehicle 0.339234768635 0.137874584974 0.3891442553
2.84/1.92	anneal.ORIG 0.381224917329 0.184258931842 0.450877272545
3.91/2.39	segment 0.17987940598 0.0414605393077 0.83743585173
4.96/2.86	pendigits 0.246017992839 0.0798145270172 0.747260397221
6.02/3.33	mushroom 0.164661443436 0.0351975451577 0.690375522692
7.05/3.79	labor 0.319565929345 0.146361804142 0.236266155004
8.10/4.26	abalone 0.204515865399 0.0534556319094 0.748876444793
9.19/4.74	diabetes 0.519128013967 0.334950422053 0.2204288888
10.23/5.20	car 0.35811149226 0.170481942013 0.26115328761
11.27/5.67	autos 0.209457524697 0.0556404870276 0.70201106521
12.32/6.14	mfeat-fourier 0.557153618714 0.403482455253 -0.410476083249
13.45/6.61	primary-tumor 0.235065412805 0.0695163582243 0.490308833298
14.43/7.08	waveform-5000 0.166559226518 0.0432872314589 0.772793948856
15.48/7.55	credit-a 0.348309770753 0.171431706204 0.512933499304
16.53/8.02	letter 0.229463361533 0.0737084568196 0.650943961939
17.57/8.49	postoperative-patient-data 0.434069735886 0.246109164053 0.100194949454
18.62/8.96	vowel 0.398801308072 0.198898720396 0.436332844398
19.71/9.47	eucalyptus 0.438971541676 0.251108531477 -0.0869433593653
20.79/9.94	cylinder-bands 0.326226729342 0.13082321548 0.446998758372
21.81/10.40	ionosphere 0.388876867489 0.181264107148 0.159342290584
22.88/10.88	mfeat-karhunen 0.125767069881 0.0252340260104 0.839375108816
24.00/11.35	balance-scale 0.212515806569 0.063557967888 0.524892251335
25.06/11.83	mfeat-morphological 0.49053562055 0.324900525048 -0.267617477898
26.16/12.30	liver-disorders 0.260341750139 0.0895056023209 0.601816115755
27.26/12.89	dermatology 0.20638575915 0.0549465656887 0.488692785726
28.36/13.37	vote 0.0735693355318 0.01006174429 0.767622596626
29.46/13.84	breast-cancer 0.143894680104 0.0290318549807 0.40982966422
30.56/14.32	credit-g 0.598705404076 0.485796559234 -0.594382296925
31.61/14.79	soybean 0.127558134492 0.0278014463298 0.667750856686
32.69/15.26	arrhythmia 0.253791049686 0.0876760546111 0.315775695539
33.75/15.73	nursery 0.259647428023 0.0858372487692 0.623794362732
34.81/16.20	hepatitis 0.265879476433 0.0900624383016 0.308665086222
35.91/16.68	cmc 0.276197920411 0.10018325529 0.305756200593
36.96/17.15	heart-c 0.198046354365 0.0554574253353 0.843576832503
38.02/17.62	glass 0.322392691945 0.122591210219 0.54299198414
39.16/18.10	braziltourism 0.442175763125 0.256072892973 0.0523599413278
40.17/18.57	iris 0.30325756495 0.121885520181 0.276990553814
41.23/19.04	heart-statlog 0.233251056778 0.0747885138119 0.777642091572
42.33/19.52	page-blocks 0.379116681191 0.195596265989 0.216873584142
43.40/19.99	breast-w 0.205594794045 0.058605833138 0.544608031712
44.49/20.46	heart-h 0.153294681509 0.0335445583673 0.667750856686
45.56/20.94	yeast 0.254204005296 0.0818232303956 0.730776711988
46.63/21.41	tae 0.348938234142 0.145870894568 0.22560024103
47.81/21.90	haberman 0.273726374104 0.0968292804368 0.0746613978193
48.80/22.39	mfeat-pixel 0.348136773976 0.14447345431 0.249194535579
49.92/22.87	optdigits 0.147148553946 0.0291265875617 0.803822062236
51.00/23.34	mfeat-factors 0.15749318482 0.0375504573904 0.778934929629
52.09/23.82	satimage 0.254395387875 0.0912592854115 0.480289338352
53.29/24.40	lymph 0.202195204126 0.0602187706206 0.565293440631
54.27/24.89	audiology 0.334667841928 0.145891631436 0.273435249156
55.36/25.37	ecoli 0.379294007016 0.188524810912 0.252426630722
56.41/25.85	tic-tac-toe 0.371096200226 0.203283115914 0.351328742119
57.57/26.33	spambase 0.219469267146 0.05624952717 0.861676565308
58.62/26.80	zoo 0.0894032985484 0.0115638874141 0.850364232305
59.69/27.29	sonar 0.525799960223 0.348840501707 -0.190370403963
60.80/27.77	mfeat-zernike 0.248254980357 0.0848920445344 0.487723157183
61.88/28.25	kr-vs-kp 0.161171529762 0.0335077809058 0.745644349649
61.88/28.28	MAE 0.285835241283 0.11911209907
61.88/28.28	MSE 0.125652090025 0.125652090025
61.88/28.28	Mean tau 0.435295171747 0.325067001921
61.88/28.28	(0.15789473684210525, '0_class_probability_max')
61.88/28.28	(0.8421052631578947, '1_class_probability_max')
61.88/28.28	(2.6666666666666665, '1_landmark_naive_bayes')
61.88/28.28	(3.2280701754385963, '0_landmark_decision_tree')
61.88/28.28	(3.719298245614035, '1_landmark_decision_tree')
61.88/28.28	(4.43859649122807, '0_landmark_naive_bayes')
61.88/28.28	(7.9298245614035086, '1_landmark_lda')
61.88/28.28	(8.210526315789474, '0_landmark_lda')
61.88/28.28	(8.210526315789474, '1_number_of_numeric_features')
61.88/28.28	(8.912280701754385, '0_number_of_numeric_features')
61.88/28.28	(9.912280701754385, '0_number_of_categorical_features')
61.88/28.28	(10.807017543859649, '0_number_of_features')
61.88/28.28	(10.929824561403509, '1_number_of_categorical_features')
61.88/28.28	(11.035087719298245, '1_number_of_features')
61.88/28.28	(14.491228070175438, '1_number_of_classes')
61.88/28.28	(14.508771929824562, '0_number_of_classes')
61.88/28.28	Result for ParamILS: SAT, 27.279485, 1, 0.285835, -1, /home/feurerm/thesis/Software/pyMetaLearn/optimizers/metalearn_optimizer/learn_distances.py
