0.74/2.66	['/home/feurerm/thesis/Software/pyMetaLearn/optimizers/metalearn_optimizer/learn_distances.py', '--input_file', '/home/feurerm/thesis/experiments/2014_04_25_predict_distances/testfold_0-3_pfahringer_spearman_rank_perm.pkl', '--fold', '0', '--folds', '1', '--params', '-max_features', '0.271846921396', '-min_samples_leaf', '1', '-min_samples_split', '2', '-n_estimators', '81', '-n_jobs', '4', '-seed', '60']
0.74/2.67	Metafeatures (57, 8)
0.74/2.67	X (3192, 16)
0.74/2.67	Y (3192,)
0.74/2.67	Dataset Mae MSE Rho
2.09/3.34	vehicle 0.327714304393 0.133794035316 0.401103007332
3.71/4.37	anneal.ORIG 0.290305966588 0.10821312753 0.640601257479
5.30/5.26	segment 0.148558381283 0.0300381282313 0.85812126065
6.97/6.16	pendigits 0.234091730571 0.0709889809864 0.74273546402
8.55/7.17	mushroom 0.155582612037 0.0310981232423 0.7220500551
10.28/8.06	labor 0.306968767321 0.132393023988 0.295736705648
11.76/8.83	abalone 0.205631898472 0.0558830061262 0.736917692761
13.37/9.65	diabetes 0.509478858795 0.330666738246 0.146737119524
14.98/10.58	car 0.327449423075 0.147377047283 0.482551804953
16.67/11.55	autos 0.219610950079 0.0634531173643 0.647065447767
18.37/12.49	mfeat-fourier 0.574978189378 0.426322425732 -0.408213616648
20.05/13.30	primary-tumor 0.208064631335 0.0525650296263 0.588564525666
21.50/14.18	waveform-5000 0.201130983626 0.0576407488974 0.669043694744
23.11/14.94	credit-a 0.35036227063 0.175076627343 0.4993586997
24.90/15.91	letter 0.231966532353 0.0744071740422 0.664195552028
26.50/16.70	postoperative-patient-data 0.414172382251 0.210674680228 -0.0601169696726
28.06/17.61	vowel 0.424827389865 0.231009869917 0.363610703665
29.68/18.53	eucalyptus 0.406234625963 0.213908385966 0.0203621994053
31.28/19.63	cylinder-bands 0.336270488842 0.14602820046 0.357469722892
32.91/20.55	ionosphere 0.386871787795 0.185953534603 0.206207670167
34.52/21.86	mfeat-karhunen 0.120767259968 0.0219191552473 0.883654812285
36.33/27.30	balance-scale 0.198803949577 0.0575941514118 0.685850589491
37.81/28.09	mfeat-morphological 0.496679284239 0.328923314771 -0.300908057878
39.41/28.86	liver-disorders 0.289372135633 0.104700201773 0.648681495339
41.03/29.74	dermatology 0.220858466449 0.0624393638715 0.477057243209
42.61/30.50	vote 0.0768836336196 0.00945817006836 0.776672463029
44.30/31.28	breast-cancer 0.215294699866 0.0539808090399 0.319654209711
45.83/32.09	credit-g 0.539430271147 0.384753002521 -0.528124346479
47.44/32.93	soybean 0.125351845791 0.0253251247793 0.694577246379
49.11/33.85	arrhythmia 0.287772814084 0.114795100866 0.200713108423
50.73/34.72	nursery 0.260404470766 0.0876820385319 0.613774867787
52.57/35.61	hepatitis 0.328525116201 0.158689069032 -0.178734861446
54.01/36.51	cmc 0.330822188784 0.137714062152 0.167745737958
55.62/37.28	heart-c 0.184551128459 0.0452614001708 0.904663430719
57.23/38.06	glass 0.331625054292 0.132764736673 0.454109367689
58.94/38.85	braziltourism 0.471620316332 0.285456047309 -0.0675507885031
60.45/39.64	iris 0.29891598506 0.113475736712 0.363287494151
62.03/40.41	heart-statlog 0.233438437847 0.0758433909533 0.848748184733
63.62/41.28	page-blocks 0.31851812696 0.144187368979 0.352944789691
65.25/42.07	breast-w 0.206306385001 0.0614303598489 0.545254450741
66.82/42.84	heart-h 0.13539986158 0.0270205844595 0.72495894073
68.43/43.63	yeast 0.23381563462 0.06975320449 0.743381883049
70.09/44.51	tae 0.34852295932 0.147758987314 0.155140566897
71.68/45.42	haberman 0.220208555172 0.0718977038699 0.334198637858
73.17/46.25	mfeat-pixel 0.348089773829 0.145691460114 0.231741221803
74.75/47.19	optdigits 0.100721011859 0.01419823906 0.868787174624
76.50/48.01	mfeat-factors 0.173507140759 0.0436501123181 0.76859222517
78.12/48.81	satimage 0.260300641309 0.0903158158334 0.474148357579
79.61/49.60	lymph 0.180044264982 0.0460335022951 0.652560009511
81.20/50.48	audiology 0.338501306294 0.149290350922 0.296383124676
82.80/51.43	ecoli 0.405139137336 0.212984739703 0.180674118532
84.39/52.30	tic-tac-toe 0.295777393759 0.134782622118 0.531679651137
86.13/53.30	spambase 0.213841723624 0.0617951647577 0.799943548063
87.61/54.13	zoo 0.0969016509162 0.0126469027197 0.829678823385
89.23/55.18	sonar 0.488886167217 0.299109061137 -0.0500974747272
90.85/56.01	mfeat-zernike 0.274185606838 0.105215717514 0.425990139938
92.45/56.78	kr-vs-kp 0.140091824834 0.0249432483379 0.792509729233
92.62/56.87	MAE 0.281581550859 0.116214691192
92.62/56.87	MSE 0.121771439067 0.121771439067
92.62/56.87	Mean tau 0.442042879152 0.338955463511
92.62/56.87	(0.3684210526315789, '1_class_probability_max')
92.62/56.87	(1.1929824561403508, '0_class_probability_max')
92.62/56.87	(1.6666666666666667, '1_landmark_decision_tree')
92.62/56.87	(2.912280701754386, '0_landmark_decision_tree')
92.62/56.87	(4.385964912280702, '0_landmark_naive_bayes')
92.62/56.87	(4.947368421052632, '1_landmark_naive_bayes')
92.62/56.87	(5.9298245614035086, '1_landmark_lda')
92.62/56.87	(6.7894736842105265, '0_landmark_lda')
92.62/56.87	(9.017543859649123, '0_number_of_features')
92.62/56.87	(10.31578947368421, '0_number_of_numeric_features')
92.62/56.87	(10.56140350877193, '1_number_of_categorical_features')
92.62/56.87	(10.807017543859649, '1_number_of_features')
92.62/56.87	(10.964912280701755, '1_number_of_numeric_features')
92.62/56.87	(11.631578947368421, '0_number_of_categorical_features')
92.62/56.87	(13.701754385964913, '0_number_of_classes')
92.62/56.87	(14.807017543859649, '1_number_of_classes')
92.62/56.87	Result for ParamILS: SAT, 54.205430, 1, 0.281582, -1, /home/feurerm/thesis/Software/pyMetaLearn/optimizers/metalearn_optimizer/learn_distances.py
