0.77/1.43	['/home/feurerm/thesis/Software/pyMetaLearn/optimizers/metalearn_optimizer/learn_distances.py', '--input_file', '/home/feurerm/thesis/experiments/2014_04_25_predict_distances/testfold_0-3_pfahringer_spearman_rank_perm.pkl', '--fold', '0', '--folds', '1', '--params', '-max_features', '0.872359547987', '-min_samples_leaf', '6', '-min_samples_split', '1', '-n_estimators', '85', '-n_jobs', '4', '-seed', '95']
0.77/1.44	Metafeatures (57, 8)
0.77/1.44	X (3192, 16)
0.77/1.44	Y (3192,)
0.77/1.44	Dataset Mae MSE Rho
2.92/2.61	vehicle 0.35102371407 0.147008180986 0.349712694547
5.42/3.51	anneal.ORIG 0.485754370588 0.291877399004 -0.03329057998
7.74/4.71	segment 0.190358820241 0.0455133088178 0.813518347667
10.10/5.55	pendigits 0.275797177882 0.0992070403416 0.70944488404
12.59/6.59	mushroom 0.181116678519 0.0409636690339 0.685527379977
14.90/7.99	labor 0.30552350149 0.125259788459 0.215580746084
17.28/12.98	abalone 0.246349429499 0.0778298024983 0.672922208916
19.76/13.99	diabetes 0.521527414153 0.336938574656 0.236266155004
22.26/15.00	car 0.375856794333 0.186771843444 0.180674118532
24.49/19.59	autos 0.208381550096 0.0570643000564 0.698132551037
26.86/20.38	mfeat-fourier 0.55223335333 0.400586245211 -0.408536826162
29.19/21.47	primary-tumor 0.222300110214 0.0625820163966 0.518428061048
31.53/22.32	waveform-5000 0.153928403926 0.0338385340422 0.783136653316
33.85/23.37	credit-a 0.357724568715 0.180527043311 0.473178729036
36.15/24.19	letter 0.24963178441 0.0836002538409 0.590503782752
38.49/25.01	postoperative-patient-data 0.444639273596 0.259605378509 0.0223014564915
40.79/25.87	vowel 0.413402372345 0.210922441844 0.400779797818
43.16/26.76	eucalyptus 0.403554197441 0.215073229798 -0.0255335516352
45.53/27.59	cylinder-bands 0.339181593129 0.138637121559 0.384619322099
47.98/28.51	ionosphere 0.420927594097 0.207603053209 0.0462189605548
50.33/29.56	mfeat-karhunen 0.158793949215 0.0376667912367 0.795418614862
52.64/30.69	balance-scale 0.264932933982 0.0907336850001 0.325795190484
54.98/31.61	mfeat-morphological 0.472827582881 0.292763761255 -0.241114297719
57.34/32.44	liver-disorders 0.294307855532 0.113616413782 0.419849159165
59.67/33.29	dermatology 0.208278100655 0.0556882352279 0.490632042812
62.01/34.25	vote 0.0787522693148 0.0099317756697 0.761158406339
64.38/35.05	breast-cancer 0.142014483371 0.0281229051215 0.373630198611
66.74/35.87	credit-g 0.707015054008 0.658158504472 -0.727867826359
69.08/36.69	soybean 0.126761248833 0.0253567378236 0.711384141126
71.38/37.67	arrhythmia 0.250227275234 0.0869984432708 0.369105265409
73.79/38.57	nursery 0.263831711078 0.0909143033174 0.617330172445
76.17/39.64	hepatitis 0.238256830889 0.0827717484315 0.488692785726
78.53/40.65	cmc 0.257383237263 0.0875597491579 0.323855933398
81.00/41.84	heart-c 0.223914144672 0.0689018109523 0.817396861839
83.26/42.74	glass 0.343475615627 0.141917960972 0.427929397025
85.58/48.09	braziltourism 0.461028345544 0.27410835116 0.0872665688796
88.03/49.10	iris 0.28764039906 0.10747460769 0.346157389889
90.46/50.26	heart-statlog 0.215422200091 0.0628829798039 0.813841557181
92.91/51.38	page-blocks 0.445625988428 0.265052427046 0.014867637661
95.49/52.40	breast-w 0.223625726024 0.0664571843928 0.590180573238
97.77/53.44	heart-h 0.151861409639 0.0313750518746 0.711384141126
100.20/54.62	yeast 0.26100577659 0.086036402345 0.665488390086
102.63/55.84	tae 0.374669196395 0.168365609587 0.182936585133
104.97/56.67	haberman 0.285398370708 0.105909564666 -0.0219782469771
107.34/57.94	mfeat-pixel 0.378160065047 0.175465861996 0.160311919127
109.71/58.84	optdigits 0.174638895353 0.0400867927265 0.772470739342
112.12/59.67	mfeat-factors 0.18433105102 0.0484314634586 0.752108539937
114.45/60.48	satimage 0.260112694824 0.0940238206421 0.444089872743
116.79/61.29	lymph 0.232991482801 0.081303713593 0.378155131812
119.10/62.38	audiology 0.303157745031 0.116308318276 0.440534568085
121.46/63.19	ecoli 0.388704403285 0.196842220012 0.205561251139
123.87/64.24	tic-tac-toe 0.329153302781 0.162045544237 0.440534568085
126.21/65.35	spambase 0.222347380729 0.0568946521031 0.861353355794
128.54/66.52	zoo 0.105980910905 0.0160758791206 0.820952166497
130.97/67.44	sonar 0.510271110449 0.324374229646 -0.183259794647
133.30/68.25	mfeat-zernike 0.237213293557 0.0786331023792 0.564647021603
135.63/69.16	kr-vs-kp 0.169581762478 0.0376961078955 0.720434007529
135.78/69.21	MAE 0.297068535182 0.124362180956
135.78/69.21	MSE 0.134532560269 0.134532560269
135.78/69.21	Mean tau 0.404119629466 0.337860245159
135.78/69.21	(0.17543859649122806, '1_class_probability_max')
135.78/69.21	(0.8245614035087719, '0_class_probability_max')
135.78/69.21	(2.719298245614035, '0_landmark_naive_bayes')
135.78/69.21	(3.0350877192982457, '1_landmark_naive_bayes')
135.78/69.21	(4.56140350877193, '1_landmark_decision_tree')
135.78/69.21	(5.701754385964913, '0_landmark_decision_tree')
135.78/69.21	(6.2631578947368425, '0_number_of_numeric_features')
135.78/69.21	(6.754385964912281, '1_number_of_numeric_features')
135.78/69.21	(8.228070175438596, '1_number_of_categorical_features')
135.78/69.21	(8.596491228070175, '0_number_of_categorical_features')
135.78/69.21	(9.596491228070175, '0_number_of_features')
135.78/69.21	(10.070175438596491, '1_number_of_features')
135.78/69.21	(12.210526315789474, '0_landmark_lda')
135.78/69.21	(12.263157894736842, '1_landmark_lda')
135.78/69.21	(14.473684210526315, '0_number_of_classes')
135.78/69.21	(14.526315789473685, '1_number_of_classes')
135.78/69.21	Result for ParamILS: SAT, 67.778883, 1, 0.297069, -1, /home/feurerm/thesis/Software/pyMetaLearn/optimizers/metalearn_optimizer/learn_distances.py
