0.78/2.54	['/home/feurerm/thesis/Software/pyMetaLearn/optimizers/metalearn_optimizer/learn_distances.py', '--input_file', '/home/feurerm/thesis/experiments/2014_04_25_predict_distances/testfold_0-3_pfahringer_spearman_rank_perm.pkl', '--fold', '0', '--folds', '1', '--params', '-max_features', '0.551773436212', '-min_samples_leaf', '3', '-min_samples_split', '10', '-n_estimators', '34', '-n_jobs', '4', '-seed', '72']
0.78/2.55	Metafeatures (57, 8)
0.78/2.55	X (3192, 16)
0.78/2.55	Y (3192,)
0.78/2.55	Dataset Mae MSE Rho
1.44/2.91	vehicle 0.343619329626 0.144057009335 0.432454330226
2.15/3.66	anneal.ORIG 0.425643619957 0.222373340926 0.457664672347
2.86/4.03	segment 0.169371235647 0.0371683475825 0.83743585173
3.57/4.64	pendigits 0.275511839219 0.0998382648282 0.701041436666
4.30/5.03	mushroom 0.175077606805 0.0379409963463 0.698778970066
5.03/5.42	labor 0.30738707884 0.134113683459 0.242407135777
5.75/6.06	abalone 0.230020496901 0.0716450714191 0.642540514566
6.48/6.46	diabetes 0.496614937811 0.319528779149 0.169038576015
7.28/7.00	car 0.357878503651 0.174820132415 0.24337676432
7.92/7.37	autos 0.238853394812 0.0779610038092 0.543638403169
8.64/7.81	mfeat-fourier 0.557942801415 0.407048660345 -0.392376350444
9.35/8.22	primary-tumor 0.219867329521 0.0608217483777 0.53038681308
10.06/8.65	waveform-5000 0.165287626559 0.0409468765457 0.769561853713
10.78/9.12	credit-a 0.360877676464 0.182078935992 0.475117986123
11.49/9.75	letter 0.230403507217 0.074966719236 0.638015581365
12.21/10.27	postoperative-patient-data 0.45424490417 0.27860655505 -0.0111516252916
12.93/10.66	vowel 0.40338540634 0.201893645303 0.43794889197
13.67/11.15	eucalyptus 0.390039608089 0.197138673061 0.0242407135777
14.38/11.62	cylinder-bands 0.326364620727 0.133435037956 0.463482443605
15.10/12.00	ionosphere 0.399895283462 0.193600671859 0.151908471753
15.83/12.39	mfeat-karhunen 0.141173338691 0.03131356603 0.809639833494
16.53/12.78	balance-scale 0.243663247093 0.080773549672 0.455078996232
17.24/13.16	mfeat-morphological 0.472265703929 0.298996946885 -0.125082082061
17.95/13.71	liver-disorders 0.258170964637 0.0896323332671 0.453139739145
18.66/14.60	dermatology 0.208267695931 0.0566359079219 0.49418734747
19.39/15.10	vote 0.0749918637941 0.00949216240202 0.777965301086
20.09/15.63	breast-cancer 0.155049990103 0.0321406654576 0.369751684438
20.83/16.18	credit-g 0.654466010811 0.565597806667 -0.671629370859
21.56/16.91	soybean 0.118931632693 0.0224118275671 0.759542358767
22.28/17.27	arrhythmia 0.280847979093 0.106880591339 0.300584848363
22.98/17.90	nursery 0.248092744792 0.079222653747 0.643833352623
23.68/18.28	hepatitis 0.265359129601 0.0917086478725 0.314806066995
24.40/18.65	cmc 0.300460476736 0.117232105672 0.233357269374
25.12/19.02	heart-c 0.218561517043 0.0662546727918 0.815780814267
25.85/24.59	glass 0.337045094939 0.136882571378 0.454432577203
26.59/24.95	braziltourism 0.460623095129 0.271470866136 0.021008618434
27.33/25.32	iris 0.288258469968 0.110892631303 0.283777953616
28.03/25.68	heart-statlog 0.241761683652 0.0801700892604 0.797357871948
28.75/26.05	page-blocks 0.389527925271 0.209269715572 0.210409393854
29.47/26.50	breast-w 0.204627003388 0.0610668662179 0.600846487212
30.16/26.91	heart-h 0.159146829211 0.0355085279585 0.649651123882
30.88/27.44	yeast 0.232132362771 0.0682255213727 0.730776711988
31.60/27.81	tae 0.362630750667 0.158964967579 0.165483271357
32.31/28.34	haberman 0.254647088324 0.0849498247288 0.135101577006
33.05/28.71	mfeat-pixel 0.36056155908 0.155404288735 0.22560024103
33.74/29.07	optdigits 0.156329423247 0.0323912870213 0.803175643207
34.45/29.45	mfeat-factors 0.195290207024 0.0531878594294 0.73756411179
35.16/30.05	satimage 0.255649050268 0.0921789675544 0.536527793853
35.89/30.67	lymph 0.215096100665 0.068860837096 0.512287080275
36.63/31.05	audiology 0.323116289938 0.129998694511 0.318038162139
37.35/31.43	ecoli 0.398445660895 0.202413255234 0.148353167095
38.11/31.80	tic-tac-toe 0.282986195498 0.117703612251 0.597291182554
38.77/32.64	spambase 0.212168250691 0.055003549165 0.867494336567
39.47/33.12	zoo 0.105594687852 0.0147648603672 0.815780814267
40.18/33.78	sonar 0.52243074313 0.343823055588 -0.185845470762
40.86/34.22	mfeat-zernike 0.236315153792 0.078263337121 0.569495164318
41.57/34.67	kr-vs-kp 0.16177346939 0.0341103051649 0.744674721106
41.57/34.69	MAE 0.289907828017 0.119157638296
41.57/34.69	MSE 0.128662861071 0.128662861071
41.57/34.69	Mean tau 0.428521932063 0.321995434387
41.57/34.69	(0.05263157894736842, '1_class_probability_max')
41.57/34.69	(0.9473684210526315, '0_class_probability_max')
41.57/34.69	(2.473684210526316, '1_landmark_decision_tree')
41.57/34.69	(3.2280701754385963, '0_landmark_decision_tree')
41.57/34.69	(3.508771929824561, '0_landmark_naive_bayes')
41.57/34.69	(4.87719298245614, '1_landmark_naive_bayes')
41.57/34.69	(7.7368421052631575, '0_number_of_numeric_features')
41.57/34.69	(8.0, '1_number_of_numeric_features')
41.57/34.69	(9.228070175438596, '0_number_of_categorical_features')
41.57/34.69	(9.456140350877194, '0_landmark_lda')
41.57/34.69	(9.736842105263158, '1_number_of_categorical_features')
41.57/34.69	(9.807017543859649, '0_number_of_features')
41.57/34.69	(10.824561403508772, '1_number_of_features')
41.57/34.69	(11.157894736842104, '1_landmark_lda')
41.57/34.69	(14.350877192982455, '0_number_of_classes')
41.57/34.69	(14.614035087719298, '1_number_of_classes')
41.57/34.69	Result for ParamILS: SAT, 32.151160, 1, 0.289908, -1, /home/feurerm/thesis/Software/pyMetaLearn/optimizers/metalearn_optimizer/learn_distances.py
