0.77/1.03	['/home/feurerm/thesis/Software/pyMetaLearn/optimizers/metalearn_optimizer/learn_distances.py', '--input_file', '/home/feurerm/thesis/experiments/2014_04_25_predict_distances/testfold_0-3_pfahringer_spearman_rank_perm.pkl', '--fold', '0', '--folds', '1', '--params', '-max_features', '0.445147944002', '-min_samples_leaf', '6', '-min_samples_split', '6', '-n_estimators', '10', '-n_jobs', '4', '-seed', '24']
0.77/1.04	Metafeatures (57, 8)
0.77/1.04	X (3192, 16)
0.77/1.04	Y (3192,)
0.77/1.04	Dataset Mae MSE Rho
0.99/1.28	vehicle 0.333962986112 0.14051225053 0.451846901088
1.22/1.52	anneal.ORIG 0.27220292626 0.101449238132 0.40194336377
1.43/1.77	segment 0.242992195272 0.0799424784112 0.705889579382
1.64/2.01	pendigits 0.311932590941 0.126130416699 0.579837868778
1.87/2.25	mushroom 0.180490005113 0.0437152588876 0.659562069781
2.10/2.50	labor 0.405459108399 0.226502072231 0.249234634466
2.31/2.75	abalone 0.30448995828 0.120872144431 0.537907174775
2.54/2.99	diabetes 0.522100452861 0.360436148782 -0.00323209514369
2.77/3.24	car 0.297869820783 0.120195479179 0.508934319466
2.98/3.49	autos 0.22555009879 0.0688829824177 0.584039592465
3.21/3.74	mfeat-fourier 0.571666308943 0.425715306857 -0.385004474253
3.42/3.98	primary-tumor 0.25930661646 0.0848756580103 0.371559225294
3.64/4.23	waveform-5000 0.207829441196 0.0648152783068 0.70427353181
3.87/4.48	credit-a 0.389249103425 0.216499139632 0.326118399998
4.08/4.73	letter 0.240331246778 0.0772820518842 0.543520519646
4.29/4.97	postoperative-patient-data 0.453220247809 0.273339575414 -0.0859875651984
4.51/5.22	vowel 0.404184026859 0.202348074019 0.38759056644
4.73/5.46	eucalyptus 0.443431093174 0.257380242918 -0.060440179187
4.97/5.71	cylinder-bands 0.338741666546 0.149825628697 0.336137894944
5.18/5.96	ionosphere 0.408454144012 0.206717851172 0.0698132551037
5.42/6.21	mfeat-karhunen 0.155732104474 0.0360457521615 0.780030055729
5.65/6.46	balance-scale 0.234405147862 0.0761410999858 0.456371834289
5.86/6.71	mfeat-morphological 0.46864656402 0.296900682172 -0.127860220957
6.09/7.06	liver-disorders 0.320738057277 0.147739797903 0.169213792468
6.33/7.31	dermatology 0.196571357791 0.0515383054181 0.531033232108
6.55/7.56	vote 0.0807717406114 0.0114761081235 0.735845651486
6.79/7.93	breast-cancer 0.117656078065 0.0217285779905 0.416427861868
7.02/8.18	credit-g 0.616830754855 0.510074339867 -0.520894033547
7.24/8.43	soybean 0.146401309155 0.0322581014793 0.634137067192
7.47/8.67	arrhythmia 0.284316351956 0.10713182219 0.273112039642
7.70/8.93	nursery 0.299396932823 0.113952251873 0.488369576212
7.96/9.18	hepatitis 0.395805861396 0.21441014058 -0.326952724128
8.16/9.43	cmc 0.344155134942 0.147261347343 0.158074884895
8.40/9.68	heart-c 0.243642282336 0.0806273241043 0.762774453911
8.64/9.95	glass 0.324940302158 0.131326405518 0.447519571483
8.88/10.19	braziltourism 0.394756376353 0.197311245016 0.1428815933
9.11/10.44	iris 0.308619598456 0.13012506904 0.283454744102
9.34/10.69	heart-statlog 0.274669332015 0.10642543262 0.682618494347
9.58/10.94	page-blocks 0.365376647109 0.180737804499 0.246143845204
9.79/11.19	breast-w 0.215441830191 0.0686871411893 0.49790287832
10.02/11.44	heart-h 0.200938379253 0.0550149000299 0.497499484362
10.25/11.69	yeast 0.266611450156 0.0930057421717 0.634349699557
10.47/11.94	tae 0.371335725785 0.17083905064 0.0808023785923
10.69/12.18	haberman 0.223503380351 0.0697370014562 0.275051296728
10.92/12.43	mfeat-pixel 0.355444911117 0.15952731705 0.183259794647
11.15/12.68	optdigits 0.175311567845 0.0433388529957 0.739180159362
11.39/12.92	mfeat-factors 0.204832712136 0.0611510571469 0.711279752293
11.59/13.17	satimage 0.266923361926 0.102189684954 0.443514809971
11.83/13.42	lymph 0.227402227442 0.0781919400756 0.401749426361
12.06/13.67	audiology 0.35486347174 0.167856572172 0.226929589358
12.28/13.92	ecoli 0.416178872147 0.223721938616 0.0627026457876
12.51/14.16	tic-tac-toe 0.416676885199 0.243594403658 0.273339612691
12.73/14.41	spambase 0.21771793456 0.0594240243064 0.775603619916
12.97/14.66	zoo 0.111655244467 0.0179904830917 0.755663844595
13.21/14.91	sonar 0.490801046596 0.301892945498 -0.0286063431392
13.41/15.15	mfeat-zernike 0.289886368748 0.111330908452 0.332447727895
13.65/15.40	kr-vs-kp 0.171382971243 0.0385639467358 0.711384141126
13.67/15.40	MAE 0.304628145835 0.113603776104
13.67/15.40	MSE 0.140468540258 0.140468540258
13.67/15.40	Mean tau 0.362980716166 0.304081919707
13.67/15.40	(0.3333333333333333, '0_class_probability_max')
13.67/15.40	(2.5964912280701755, '1_landmark_decision_tree')
13.67/15.40	(2.754385964912281, '1_class_probability_max')
13.67/15.40	(2.807017543859649, '0_landmark_decision_tree')
13.67/15.40	(3.5789473684210527, '0_landmark_naive_bayes')
13.67/15.40	(3.9298245614035086, '1_landmark_naive_bayes')
13.67/15.40	(5.859649122807017, '1_landmark_lda')
13.67/15.40	(9.280701754385966, '0_number_of_numeric_features')
13.67/15.40	(9.68421052631579, '1_number_of_numeric_features')
13.67/15.40	(9.701754385964913, '0_landmark_lda')
13.67/15.40	(10.052631578947368, '1_number_of_features')
13.67/15.40	(10.105263157894736, '0_number_of_categorical_features')
13.67/15.40	(10.157894736842104, '0_number_of_features')
13.67/15.40	(10.964912280701755, '1_number_of_categorical_features')
13.67/15.40	(13.807017543859649, '1_number_of_classes')
13.67/15.40	(14.385964912280702, '0_number_of_classes')
13.67/15.40	Result for ParamILS: SAT, 14.373867, 1, 0.304628, -1, /home/feurerm/thesis/Software/pyMetaLearn/optimizers/metalearn_optimizer/learn_distances.py
