0.78/1.02	['/home/feurerm/thesis/Software/pyMetaLearn/optimizers/metalearn_optimizer/learn_distances.py', '--input_file', '/home/feurerm/thesis/experiments/2014_04_25_predict_distances/testfold_0-3_pfahringer_spearman_rank_perm.pkl', '--fold', '0', '--folds', '1', '--params', '-max_features', '0.745504103931', '-min_samples_leaf', '9', '-min_samples_split', '6', '-n_estimators', '40', '-n_jobs', '4', '-seed', '91']
0.78/1.03	Metafeatures (57, 8)
0.78/1.03	X (3192, 16)
0.78/1.03	Y (3192,)
0.78/1.03	Dataset Mae MSE Rho
1.63/1.48	vehicle 0.37759616143 0.173401260551 0.228832336173
2.58/1.95	anneal.ORIG 0.491487129719 0.288241332708 0.257780323769
3.50/2.42	segment 0.223620099173 0.0625170017502 0.78863121506
4.43/2.89	pendigits 0.308238048782 0.120220429772 0.625410410304
5.35/3.35	mushroom 0.203222685858 0.0515732829651 0.62734966739
6.26/3.82	labor 0.306373338333 0.136259318376 0.240144669176
7.17/4.29	abalone 0.29255321612 0.109763958702 0.570141583347
8.14/4.76	diabetes 0.491719703896 0.309297410153 0.226893079087
9.09/5.23	car 0.368963766149 0.17873382874 0.170977833101
10.02/5.70	autos 0.226272492695 0.0678948643954 0.678739980175
10.95/6.18	mfeat-fourier 0.560332580166 0.407537327812 -0.417586692565
11.90/6.66	primary-tumor 0.239748385268 0.0724077810076 0.452493320117
12.85/7.13	waveform-5000 0.172091580221 0.0425341004626 0.753724587509
13.81/7.60	credit-a 0.372268088256 0.196841572633 0.448614805944
14.66/8.07	letter 0.220133786817 0.0692630710451 0.673568627945
15.58/8.53	postoperative-patient-data 0.430660490677 0.244730483844 0.0171301042616
16.49/8.99	vowel 0.447210634492 0.245456270808 0.2975382922
17.43/9.46	eucalyptus 0.402014217215 0.214161383125 -0.0274728087214
18.36/9.92	cylinder-bands 0.328055298241 0.131160625506 0.416940273536
19.28/10.39	ionosphere 0.416878170473 0.212947297402 0.0368458846381
20.24/10.86	mfeat-karhunen 0.189169388967 0.049888533827 0.760188777796
21.15/11.33	balance-scale 0.260001790977 0.0900438815641 0.297675962734
22.07/11.79	mfeat-morphological 0.451561239663 0.270365396802 -0.164836852328
22.99/12.25	liver-disorders 0.294561052139 0.115206907267 0.246608859464
23.94/12.72	dermatology 0.201814229376 0.0530358668142 0.516488803962
24.88/13.19	vote 0.0826660830488 0.0100171554156 0.780550977201
25.79/13.66	breast-cancer 0.150887041761 0.0306931404932 0.374599827154
26.73/14.14	credit-g 0.655563586132 0.559478534128 -0.695870084437
27.69/14.60	soybean 0.126339953998 0.0244893028147 0.776349253514
28.65/15.08	arrhythmia 0.266293080214 0.0990132926364 0.372660570068
29.56/15.55	nursery 0.305839002047 0.119054828323 0.511963870761
30.52/16.02	hepatitis 0.271876790056 0.100117501598 0.244023183349
31.42/16.49	cmc 0.272766121559 0.0942477721698 0.287656467788
32.33/16.96	heart-c 0.271822983409 0.0974888557624 0.734978435675
33.27/17.43	glass 0.361303911226 0.158068017708 0.291858191475
34.25/17.90	braziltourism 0.445419759893 0.257354437991 0.115709006144
35.12/18.37	iris 0.293541838977 0.112915426796 0.305756200593
36.06/18.85	heart-statlog 0.253207501867 0.0848051882074 0.746290768678
37.02/19.33	page-blocks 0.405874348325 0.219050784055 0.211379022397
38.05/19.81	breast-w 0.219393405353 0.0649782533335 0.474148357579
38.91/20.28	heart-h 0.158556929804 0.0332750452361 0.703627112781
39.88/20.76	yeast 0.309145830421 0.119781899656 0.573050468976
40.80/21.23	tae 0.359734047944 0.160297595061 0.106012720713
41.73/21.69	haberman 0.270483440939 0.0979093610439 -0.00177779533634
42.68/22.17	mfeat-pixel 0.371089082459 0.172166725275 0.123789244003
43.60/22.64	optdigits 0.204185626559 0.053404101237 0.757926311195
44.62/23.11	mfeat-factors 0.223632852834 0.0684563682415 0.70201106521
45.49/23.58	satimage 0.278110760129 0.107008190043 0.353267999205
46.41/24.04	lymph 0.228902408763 0.0771608764685 0.429545444596
47.33/24.51	audiology 0.316033704665 0.123316675729 0.365549960751
48.25/24.98	ecoli 0.392439596349 0.197738791 0.202975575024
49.16/25.44	tic-tac-toe 0.322728444369 0.154407371043 0.566586278689
50.06/25.91	spambase 0.221412053782 0.0603023473597 0.852626698906
51.00/26.38	zoo 0.13012675027 0.0236852820581 0.752431749451
51.97/26.86	sonar 0.513257096469 0.329314126737 -0.226569869573
52.90/27.32	mfeat-zernike 0.246061695287 0.0837736935983 0.507438937559
53.84/27.79	kr-vs-kp 0.204980750265 0.0537354289029 0.65546889514
53.91/27.81	MAE 0.305442527268 0.113870367664
53.91/27.81	MSE 0.137912097511 0.137912097511
53.91/27.81	Mean tau 0.380330489286 0.318583585862
53.91/27.81	(0.40350877192982454, '1_class_probability_max')
53.91/27.81	(0.5964912280701754, '0_class_probability_max')
53.91/27.81	(3.1578947368421053, '0_landmark_naive_bayes')
53.91/27.81	(3.3157894736842106, '1_landmark_naive_bayes')
53.91/27.81	(3.4035087719298245, '1_landmark_decision_tree')
53.91/27.81	(4.350877192982456, '0_landmark_decision_tree')
53.91/27.81	(8.070175438596491, '0_number_of_numeric_features')
53.91/27.81	(8.508771929824562, '1_number_of_numeric_features')
53.91/27.81	(8.824561403508772, '0_number_of_categorical_features')
53.91/27.81	(9.43859649122807, '0_landmark_lda')
53.91/27.81	(9.807017543859649, '1_number_of_features')
53.91/27.81	(9.912280701754385, '1_number_of_categorical_features')
53.91/27.81	(10.350877192982455, '1_landmark_lda')
53.91/27.81	(10.87719298245614, '0_number_of_features')
53.91/27.81	(14.473684210526315, '1_number_of_classes')
53.91/27.81	(14.508771929824562, '0_number_of_classes')
53.91/27.81	Result for ParamILS: SAT, 26.790338, 1, 0.305443, -1, /home/feurerm/thesis/Software/pyMetaLearn/optimizers/metalearn_optimizer/learn_distances.py
