0.80/5.85	['/home/feurerm/thesis/Software/pyMetaLearn/optimizers/metalearn_optimizer/learn_distances.py', '--input_file', '/home/feurerm/thesis/experiments/2014_04_25_predict_distances/testfold_0-3_pfahringer_spearman_rank_perm.pkl', '--fold', '0', '--folds', '1', '--params', '-max_features', '0.412312412635', '-min_samples_leaf', '3', '-min_samples_split', '3', '-n_estimators', '83', '-n_jobs', '4', '-seed', '40']
0.80/5.85	Metafeatures (57, 8)
0.80/5.85	X (3192, 16)
0.80/5.85	Y (3192,)
0.80/5.85	Dataset Mae MSE Rho
2.04/6.52	vehicle 0.33905551491 0.137793037065 0.402395845389
3.45/7.46	anneal.ORIG 0.326802880058 0.134737404087 0.590180573238
4.87/8.22	segment 0.186127754026 0.0449538195846 0.831618080472
6.36/8.93	pendigits 0.269246843797 0.0923056837718 0.725928569273
7.71/9.62	mushroom 0.170212583592 0.0366212224179 0.703627112781
9.14/10.44	labor 0.308970721791 0.133799163241 0.296706334191
10.66/11.26	abalone 0.231580295097 0.0688445638888 0.705889579382
12.10/12.36	diabetes 0.501235657743 0.319561550712 0.204268413081
13.43/13.09	car 0.356381840706 0.179094649692 0.367489217838
14.95/14.00	autos 0.207165749147 0.0559278645635 0.699425389095
16.25/14.72	mfeat-fourier 0.571041630679 0.420776810923 -0.436332844398
17.78/15.53	primary-tumor 0.219117353382 0.0587833719492 0.553011479085
19.14/16.34	waveform-5000 0.188732440186 0.0502817420316 0.764067291968
20.64/17.06	credit-a 0.364091394296 0.185404745047 0.471562681464
22.18/17.87	letter 0.219815874353 0.068776397398 0.685204170462
23.54/18.57	postoperative-patient-data 0.415599747404 0.21993321389 0.0639954838451
24.94/19.33	vowel 0.437562869279 0.238903531153 0.328380866599
26.45/20.07	eucalyptus 0.414773838384 0.223140925495 -0.0235942945489
27.78/20.78	cylinder-bands 0.333283751782 0.13879591624 0.395931655102
29.16/21.62	ionosphere 0.407319664426 0.203674570713 0.112153701486
30.58/22.39	mfeat-karhunen 0.128364364958 0.025268285556 0.86329261288
32.08/23.22	balance-scale 0.218219919398 0.0654684756264 0.543315193654
33.46/23.96	mfeat-morphological 0.500365901996 0.328956963357 -0.239821459662
34.89/24.69	liver-disorders 0.294170512875 0.111659981864 0.609249934586
36.41/25.48	dermatology 0.203121770231 0.0533856666247 0.515195965904
37.78/26.29	vote 0.0687773531181 0.00789949888168 0.797034662434
39.26/27.01	breast-cancer 0.166351839166 0.0357122974064 0.369751684438
40.74/27.81	credit-g 0.605629345791 0.48946927816 -0.680356027747
42.16/28.61	soybean 0.122095902339 0.0234630057503 0.687789846577
43.56/29.34	arrhythmia 0.285775273599 0.110815878698 0.197804222794
45.00/30.06	nursery 0.259137775901 0.0854144043485 0.639631628936
46.48/30.85	hepatitis 0.317270685109 0.143023385075 -0.162251176213
47.96/31.57	cmc 0.307800026982 0.119975310219 0.221721726857
49.38/32.30	heart-c 0.217831802443 0.0633005014139 0.861030146279
50.85/33.02	glass 0.343852350508 0.143994893924 0.410476083249
52.30/33.83	braziltourism 0.466328784414 0.287505575494 -0.0387851417243
53.77/34.56	iris 0.296546460686 0.112502837204 0.331612961743
55.30/35.35	heart-statlog 0.239891088403 0.0802217527506 0.840021527845
56.70/36.19	page-blocks 0.336615027645 0.153300114396 0.385912160157
58.12/36.90	breast-w 0.212853965046 0.0629121284395 0.535881374824
59.64/37.52	heart-h 0.158708040192 0.0338096533138 0.707828836468
60.98/38.15	yeast 0.252698916636 0.0796452750608 0.731746340532
62.42/38.85	tae 0.352050536133 0.151423237691 0.145444281466
63.85/39.48	haberman 0.251088893232 0.0815291690772 0.179704489989
65.31/40.20	mfeat-pixel 0.332742449177 0.133117438307 0.265678220811
66.86/40.94	optdigits 0.140541972281 0.0271202293835 0.803175643207
68.21/41.73	mfeat-factors 0.172828298679 0.0430531003622 0.780874186716
69.63/42.46	satimage 0.253791886638 0.0891883328028 0.495156976013
71.15/43.17	lymph 0.200982576714 0.0596776976281 0.562707764517
72.61/43.90	audiology 0.322434215118 0.143044469336 0.368458846381
73.94/44.62	ecoli 0.397361096796 0.203977223864 0.154817357383
75.42/45.34	tic-tac-toe 0.281192710512 0.120131685692 0.60213932527
76.78/46.06	spambase 0.215111513625 0.0586307733131 0.858444470164
78.20/48.83	zoo 0.0946827509519 0.0121355218271 0.843900042018
79.66/49.54	sonar 0.502105058309 0.31258536587 -0.118941101288
81.09/50.26	mfeat-zernike 0.244111663141 0.0820225575561 0.544284822197
82.51/51.19	kr-vs-kp 0.146411504634 0.0273731804042 0.773117158371
82.68/51.24	MAE 0.287332677867 0.11730280594
82.68/51.24	MSE 0.125874128606 0.125874128606
82.68/51.24	Mean tau 0.435595699892 0.342859474269
82.68/51.24	(0.10526315789473684, '1_class_probability_max')
82.68/51.24	(0.9122807017543859, '0_class_probability_max')
82.68/51.24	(2.4035087719298245, '0_landmark_decision_tree')
82.68/51.24	(3.1052631578947367, '1_landmark_decision_tree')
82.68/51.24	(3.8421052631578947, '0_landmark_naive_bayes')
82.68/51.24	(4.649122807017544, '1_landmark_naive_bayes')
82.68/51.24	(6.964912280701754, '1_landmark_lda')
82.68/51.24	(7.280701754385965, '0_landmark_lda')
82.68/51.24	(9.771929824561404, '1_number_of_categorical_features')
82.68/51.24	(9.824561403508772, '0_number_of_numeric_features')
82.68/51.24	(9.947368421052632, '0_number_of_features')
82.68/51.24	(10.0, '1_number_of_numeric_features')
82.68/51.24	(10.859649122807017, '1_number_of_features')
82.68/51.24	(11.403508771929825, '0_number_of_categorical_features')
82.68/51.24	(14.157894736842104, '1_number_of_classes')
82.68/51.24	(14.771929824561404, '0_number_of_classes')
82.68/51.24	Result for ParamILS: SAT, 45.395425, 1, 0.287333, -1, /home/feurerm/thesis/Software/pyMetaLearn/optimizers/metalearn_optimizer/learn_distances.py
