0.80/1.00	['/home/feurerm/thesis/Software/pyMetaLearn/optimizers/metalearn_optimizer/learn_distances.py', '--input_file', '/home/feurerm/thesis/experiments/2014_04_25_predict_distances/testfold_0-3_pfahringer_spearman_rank_perm.pkl', '--fold', '0', '--folds', '1', '--params', '-max_features', '0.29851224962', '-min_samples_leaf', '9', '-min_samples_split', '6', '-n_estimators', '38', '-n_jobs', '4', '-seed', '60']
0.80/1.01	Metafeatures (57, 8)
0.80/1.01	X (3192, 16)
0.80/1.01	Y (3192,)
0.80/1.01	Dataset Mae MSE Rho
1.18/1.36	vehicle 0.373487524785 0.172848187194 0.260830078096
1.63/1.72	anneal.ORIG 0.336935232334 0.146606830984 0.528447555993
2.10/2.09	segment 0.281558574997 0.0987312215694 0.679709608718
2.57/2.45	pendigits 0.357748965255 0.156408368181 0.492894509413
3.01/2.82	mushroom 0.221323020084 0.0611525137698 0.579514659264
3.46/3.09	labor 0.273243181609 0.107094691704 0.400456588303
3.90/3.45	abalone 0.336952261205 0.14281833262 0.488692785726
4.36/3.82	diabetes 0.465455691041 0.298823079169 0.0174533137759
4.82/4.19	car 0.366477383045 0.18614668117 0.358116141921
5.29/4.56	autos 0.261447862184 0.0858941051501 0.605371420413
5.76/4.92	mfeat-fourier 0.515672241275 0.347290744452 -0.333229009314
6.22/5.28	primary-tumor 0.22114915796 0.0606198061153 0.590180573238
6.65/5.64	waveform-5000 0.227535242015 0.0702655087965 0.661933085428
7.15/6.01	credit-a 0.393377638982 0.211411917098 0.282161906044
7.61/6.39	letter 0.242162049476 0.0841365072449 0.611512401186
8.06/6.76	postoperative-patient-data 0.418916765804 0.219590586987 -0.159665500098
8.50/7.11	vowel 0.473099562245 0.277982100123 0.060929894709
8.92/7.51	eucalyptus 0.37190523162 0.182151643506 0.130899853319
9.41/7.87	cylinder-bands 0.339739263921 0.147298501336 0.360378608521
9.88/8.24	ionosphere 0.416841346638 0.212508852358 0.0381387226955
10.34/8.61	mfeat-karhunen 0.220216741349 0.0651579346548 0.71461623627
10.79/8.98	balance-scale 0.234291674033 0.0778949479372 0.46380565312
11.24/9.35	mfeat-morphological 0.478326286215 0.301813401613 -0.275697715757
11.75/9.72	liver-disorders 0.317743759731 0.134457807641 0.279576229929
12.24/10.09	dermatology 0.194518683965 0.047673341537 0.553981107629
12.70/10.46	vote 0.0887423554659 0.0126537814672 0.798327500492
13.15/10.82	breast-cancer 0.205994617203 0.0577403507318 0.277313763329
13.61/11.18	credit-g 0.593913043012 0.466719172363 -0.611189191672
14.11/11.57	soybean 0.129021553207 0.0259891328663 0.772470739342
14.56/11.93	arrhythmia 0.267211161099 0.0954961408063 0.191016822992
15.10/12.30	nursery 0.29359067521 0.10852352345 0.548809755399
15.50/12.66	hepatitis 0.339337808477 0.165826476463 -0.333229009314
15.98/12.93	cmc 0.277958709873 0.0927772195557 0.336784313973
16.50/13.30	heart-c 0.311712904914 0.125345408349 0.678093561146
16.90/13.57	glass 0.365995259421 0.162591347945 0.321593466797
17.33/13.93	braziltourism 0.479399676061 0.290717723509 0.133485529434
17.78/14.19	iris 0.311241354538 0.12833559221 0.244669602377
18.23/14.46	heart-statlog 0.312633938471 0.129727353327 0.621531896132
18.68/14.82	page-blocks 0.338215223566 0.159422950119 0.362964284636
19.15/15.19	breast-w 0.242042243505 0.0808053413279 0.428575816053
19.63/15.57	heart-h 0.205202983602 0.0534405197437 0.573373678491
20.13/15.94	yeast 0.360280000882 0.164744619238 0.435040006341
20.60/16.31	tae 0.336305024174 0.138587746832 0.173886718731
21.06/16.68	haberman 0.245251520148 0.0828871808257 0.212025441426
21.52/17.05	mfeat-pixel 0.331146817033 0.136170488381 0.250487373636
21.98/17.41	optdigits 0.243414726697 0.0748585144503 0.705566369868
22.49/17.79	mfeat-factors 0.255288420327 0.0894450479466 0.626380038847
22.98/18.16	satimage 0.286803886672 0.108950608162 0.345187761346
23.43/18.53	lymph 0.186894791243 0.0495557118018 0.678416770661
23.97/18.90	audiology 0.336494479314 0.15537163706 0.37136773201
24.38/19.26	ecoli 0.4151358042 0.218377115855 -0.0093730759167
24.86/19.63	tic-tac-toe 0.296505091772 0.125734167557 0.4970962331
25.38/20.00	spambase 0.227792916382 0.0699872947438 0.736271273733
25.78/20.36	zoo 0.146461115631 0.0284552171941 0.724635731215
26.23/20.73	sonar 0.505746070581 0.320692988633 -0.192956080078
26.70/21.09	mfeat-zernike 0.270782681771 0.099960597699 0.423727673338
27.19/21.45	kr-vs-kp 0.212507851822 0.0566904567201 0.642540514566
27.19/21.47	MAE 0.311564035931 0.100626728157
27.19/21.47	MSE 0.139883491934 0.139883491934
27.19/21.47	Mean tau 0.357121082824 0.311338605217
27.19/21.47	(0.543859649122807, '1_class_probability_max')
27.19/21.47	(0.7543859649122807, '0_class_probability_max')
27.19/21.47	(1.9824561403508771, '0_landmark_decision_tree')
27.19/21.47	(3.3157894736842106, '1_landmark_naive_bayes')
27.19/21.47	(4.12280701754386, '1_landmark_decision_tree')
27.19/21.47	(4.350877192982456, '0_landmark_naive_bayes')
27.19/21.47	(6.824561403508772, '1_landmark_lda')
27.19/21.47	(8.912280701754385, '0_landmark_lda')
27.19/21.47	(9.421052631578947, '1_number_of_numeric_features')
27.19/21.47	(9.614035087719298, '0_number_of_features')
27.19/21.47	(9.894736842105264, '0_number_of_numeric_features')
27.19/21.47	(10.385964912280702, '0_number_of_categorical_features')
27.19/21.47	(11.228070175438596, '1_number_of_features')
27.19/21.47	(11.894736842105264, '0_number_of_classes')
27.19/21.47	(12.56140350877193, '1_number_of_categorical_features')
27.19/21.47	(14.192982456140351, '1_number_of_classes')
27.19/21.47	Result for ParamILS: SAT, 20.468061, 1, 0.311564, -1, /home/feurerm/thesis/Software/pyMetaLearn/optimizers/metalearn_optimizer/learn_distances.py
