0.78/1.02	['/home/feurerm/thesis/Software/pyMetaLearn/optimizers/metalearn_optimizer/learn_distances.py', '--input_file', '/home/feurerm/thesis/experiments/2014_04_25_predict_distances/testfold_0-3_pfahringer_spearman_rank_perm.pkl', '--fold', '0', '--folds', '1', '--params', '-max_features', '0.888679964321', '-min_samples_leaf', '5', '-min_samples_split', '7', '-n_estimators', '12', '-n_jobs', '4', '-seed', '65']
0.78/1.03	Metafeatures (57, 8)
0.78/1.03	X (3192, 16)
0.78/1.03	Y (3192,)
0.78/1.03	Dataset Mae MSE Rho
1.18/1.28	vehicle 0.385922424861 0.180457819669 0.216082942244
1.59/1.52	anneal.ORIG 0.474425088306 0.281120094754 0.101011098656
2.02/1.87	segment 0.179565334255 0.0457909761517 0.750714485208
2.46/2.12	pendigits 0.27321119566 0.0993552218385 0.651481181889
2.88/2.38	mushroom 0.176540335733 0.0436148121073 0.65439030153
3.30/2.73	labor 0.278086318638 0.104117727035 0.283639165025
3.73/2.98	abalone 0.264384812761 0.0877935753245 0.677447142118
4.17/3.34	diabetes 0.545328365785 0.361839958236 0.206062641257
4.61/3.69	car 0.405894243688 0.232780441333 0.167920850405
5.03/3.95	autos 0.201957507726 0.0557833521578 0.639308419422
5.47/4.20	mfeat-fourier 0.58018898279 0.448576874473 -0.440408390138
5.86/4.45	primary-tumor 0.219791613158 0.0639822314763 0.521660156192
6.30/4.79	waveform-5000 0.16679307032 0.0428294976704 0.715481813997
6.73/5.04	credit-a 0.34060585491 0.166931713781 0.487924010946
7.13/5.29	letter 0.220922978424 0.0685168931724 0.576928983149
7.54/5.53	postoperative-patient-data 0.427114537782 0.241360234277 0.138367065916
7.97/5.88	vowel 0.404818754177 0.206154294267 0.411122502277
8.38/6.13	eucalyptus 0.444672725591 0.266510851283 -0.120880358374
8.81/6.48	cylinder-bands 0.365432342862 0.172851757437 0.200713108423
9.23/6.74	ionosphere 0.414345540517 0.214298350942 0.0963319339441
9.65/6.98	mfeat-karhunen 0.135682887133 0.0300246842118 0.80414527175
10.06/7.24	balance-scale 0.247506608343 0.0835874343571 0.38171043647
10.51/7.59	mfeat-morphological 0.511715027922 0.368529705282 -0.228832336173
10.93/7.95	liver-disorders 0.310377012868 0.12671132715 0.362317865608
11.36/8.30	dermatology 0.221889350385 0.063097868028 0.452816529631
11.80/8.67	vote 0.0885743053663 0.0139644916818 0.735624854704
12.22/9.02	breast-cancer 0.155688516442 0.0369453933067 0.378215982264
12.64/9.27	credit-g 0.679555119399 0.621973894203 -0.53555816531
13.07/9.51	soybean 0.127652218256 0.024745482861 0.717421227091
13.51/9.77	arrhythmia 0.267138408684 0.0955880377421 0.187784727848
13.91/10.12	nursery 0.282225867039 0.107223375123 0.550749012485
14.34/10.37	hepatitis 0.24446220945 0.0826760332663 0.441180987114
14.77/10.62	cmc 0.255670182562 0.0901248242925 0.285901813635
15.18/10.87	heart-c 0.218437104274 0.0657585882343 0.790149218123
15.61/11.22	glass 0.310367021772 0.127498702141 0.419398081618
16.04/11.47	braziltourism 0.43816459109 0.254955338398 0.13561912185
16.47/11.72	iris 0.291328426679 0.107498669341 0.367489217838
16.89/11.97	heart-statlog 0.231726576536 0.0774602721819 0.701687855695
17.32/12.22	page-blocks 0.437827289854 0.257038979431 0.0304061621765
17.74/12.47	breast-w 0.208073138024 0.0619626782328 0.608054925332
18.17/12.82	heart-h 0.128575212323 0.0250131760967 0.699643273728
18.59/13.18	yeast 0.261184681328 0.0846652247537 0.648358285824
19.02/13.45	tae 0.413596068824 0.206681642747 0.119910729831
19.46/13.70	haberman 0.286671941087 0.108262902275 0.0468653795835
19.85/13.94	mfeat-pixel 0.381111117412 0.185588065202 0.158049452526
20.27/14.19	optdigits 0.159229055514 0.0347159714975 0.778611720115
20.68/14.44	mfeat-factors 0.186562822594 0.0460532453764 0.726368642861
21.09/14.68	satimage 0.270079054698 0.100822156332 0.474671354802
21.50/14.93	lymph 0.242983374063 0.0881855777093 0.370398103467
21.89/15.18	audiology 0.301907519912 0.117149789519 0.384619322099
22.32/15.42	ecoli 0.391231602978 0.212233466319 0.142212186322
22.73/15.67	tic-tac-toe 0.280554883488 0.116084015203 0.59923043964
23.16/16.02	spambase 0.230771784826 0.0628953667066 0.792832938747
23.60/16.28	zoo 0.108695322157 0.0165978248726 0.808346995437
24.03/16.53	sonar 0.436610730989 0.237814090687 0.230448383745
24.45/16.78	mfeat-zernike 0.271088720591 0.101474957265 0.374468344936
24.87/17.14	kr-vs-kp 0.158737372887 0.0353694459479 0.740370948705
24.87/17.14	MAE 0.297257107995 0.124823474664
24.87/17.14	MSE 0.137923497813 0.137923497813
24.87/17.14	Mean tau 0.396789269232 0.308245559331
24.87/17.14	(0.38596491228070173, '0_class_probability_max')
24.87/17.14	(0.6140350877192983, '1_class_probability_max')
24.87/17.14	(2.7017543859649122, '1_landmark_naive_bayes')
24.87/17.14	(3.789473684210526, '0_landmark_naive_bayes')
24.87/17.14	(5.526315789473684, '0_number_of_numeric_features')
24.87/17.14	(6.2631578947368425, '1_number_of_categorical_features')
24.87/17.14	(6.5964912280701755, '1_number_of_numeric_features')
24.87/17.14	(7.350877192982456, '1_landmark_decision_tree')
24.87/17.14	(8.035087719298245, '0_landmark_decision_tree')
24.87/17.14	(8.508771929824562, '0_number_of_categorical_features')
24.87/17.14	(9.070175438596491, '0_number_of_features')
24.87/17.14	(9.842105263157896, '1_number_of_features')
24.87/17.14	(10.789473684210526, '1_landmark_lda')
24.87/17.14	(11.631578947368421, '0_landmark_lda')
24.87/17.14	(14.403508771929825, '1_number_of_classes')
24.87/17.14	(14.491228070175438, '0_number_of_classes')
24.87/17.14	Result for ParamILS: SAT, 16.115905, 1, 0.297257, -1, /home/feurerm/thesis/Software/pyMetaLearn/optimizers/metalearn_optimizer/learn_distances.py
