0.78/1.01	['/home/feurerm/thesis/Software/pyMetaLearn/optimizers/metalearn_optimizer/learn_distances.py', '--input_file', '/home/feurerm/thesis/experiments/2014_04_25_predict_distances/testfold_0-3_pfahringer_spearman_rank_perm.pkl', '--fold', '0', '--folds', '1', '--params', '-max_features', '0.136346308198', '-min_samples_leaf', '5', '-min_samples_split', '8', '-n_estimators', '62', '-n_jobs', '4', '-seed', '43']
0.78/1.01	Metafeatures (57, 8)
0.78/1.01	X (3192, 16)
0.78/1.01	Y (3192,)
0.78/1.01	Dataset Mae MSE Rho
1.21/1.36	vehicle 0.363188191202 0.167071551416 0.320623838254
1.78/1.74	anneal.ORIG 0.270340600823 0.0958240788581 0.652236799997
2.39/2.13	segment 0.284214982662 0.0998724811051 0.680356027747
2.90/2.52	pendigits 0.335339718563 0.135607009815 0.597937601583
3.46/2.92	mushroom 0.209592937972 0.0543342697199 0.620562267589
4.03/3.32	labor 0.275787289213 0.107369199442 0.378155131812
4.59/3.71	abalone 0.326008074171 0.137278796006 0.516812013476
5.17/4.23	diabetes 0.461989730873 0.300005809945 0.00323209514369
5.75/4.66	car 0.345613208098 0.167884975357 0.374923036668
6.30/5.05	autos 0.268831265018 0.093255464668 0.526831508422
6.89/5.44	mfeat-fourier 0.541997319174 0.380411202246 -0.436979263427
7.42/5.83	primary-tumor 0.237186766764 0.0678280862542 0.53038681308
7.97/6.22	waveform-5000 0.239552502349 0.0790066159781 0.600200068183
8.57/6.72	credit-a 0.368275031794 0.186007050348 0.425020511395
9.16/7.10	letter 0.239631299533 0.0816023166505 0.688436265606
9.84/7.50	postoperative-patient-data 0.409135487506 0.201268107722 -0.158372662041
10.30/7.89	vowel 0.471944725356 0.27632346559 0.136717624578
10.91/8.29	eucalyptus 0.355993449314 0.166702548981 0.237882202576
11.45/8.68	cylinder-bands 0.348583521325 0.159220411273 0.328057657085
11.98/9.07	ionosphere 0.420235124522 0.216207453295 0.0352298370662
12.55/9.46	mfeat-karhunen 0.210516764275 0.0606850581966 0.777642091572
13.11/9.83	balance-scale 0.246792426883 0.083713245336 0.43277753974
13.62/10.21	mfeat-morphological 0.461608412048 0.282050644965 -0.0730453502474
14.25/10.60	liver-disorders 0.308623469114 0.128039618302 0.370721312981
14.72/10.98	dermatology 0.194352569957 0.0495226975512 0.561091716945
15.24/11.36	vote 0.0864633407038 0.0125617303697 0.807700576408
15.77/11.74	breast-cancer 0.265410425605 0.0914111693182 0.0555920364715
16.31/12.12	credit-g 0.546329264642 0.397700283874 -0.507762147074
16.93/12.50	soybean 0.135568311361 0.0268405876174 0.793156148262
17.36/12.88	arrhythmia 0.278583658352 0.104386347477 0.132192691377
17.90/13.27	nursery 0.302677528323 0.115920625537 0.491601671355
18.46/13.66	hepatitis 0.398584103387 0.222932237542 -0.524245832307
18.98/14.14	cmc 0.335992789198 0.131458279004 0.213318279484
19.57/14.63	heart-c 0.285282935183 0.106487591668 0.746613978193
20.14/15.02	glass 0.370281516466 0.167855667008 0.221398517343
20.66/15.40	braziltourism 0.514030269984 0.332053328261 -0.101164577998
21.21/15.78	iris 0.300116671555 0.120791607064 0.243699973834
21.75/16.17	heart-statlog 0.291292814005 0.111629855489 0.735948064218
22.31/16.56	page-blocks 0.325049710494 0.148084310607 0.432131120711
22.84/16.95	breast-w 0.231282223184 0.0739027746858 0.468007376806
23.40/17.34	heart-h 0.215032158141 0.0575989121294 0.528447555993
23.98/17.73	yeast 0.344542090481 0.150714071132 0.500974747272
24.57/18.12	tae 0.287433049467 0.102755809035 0.221398517343
25.11/18.51	haberman 0.279278301359 0.10793320804 0.174856347274
25.73/18.90	mfeat-pixel 0.333597704714 0.136848564085 0.256628354409
26.23/19.39	optdigits 0.232415306289 0.0673474310479 0.731746340532
26.81/19.79	mfeat-factors 0.239098806041 0.0787036034539 0.676800723089
27.36/20.17	satimage 0.280885880498 0.105034774559 0.355207256292
27.89/20.56	lymph 0.191346766894 0.052854976488 0.661286666399
28.46/20.96	audiology 0.325574419414 0.141537271019 0.37653908424
29.02/21.36	ecoli 0.419934741972 0.224473364144 0.0219782469771
29.57/21.85	tic-tac-toe 0.277480935418 0.115647584847 0.58888773518
30.17/22.25	spambase 0.232400689342 0.0718441426109 0.757926311195
30.76/22.63	zoo 0.142755005511 0.0274187756057 0.733039178589
31.35/23.02	sonar 0.482154256178 0.293056560587 -0.107628768285
31.91/23.42	mfeat-zernike 0.279908924463 0.10520843947 0.413708178392
32.45/23.91	kr-vs-kp 0.210879457818 0.0569020503709 0.629935343505
32.45/23.94	MAE 0.309421033771 0.0977144661849
32.45/23.94	MSE 0.137491019178 0.137491019178
32.45/23.94	Mean tau 0.365918533005 0.325366147058
32.45/23.94	(0.12280701754385964, '0_landmark_decision_tree')
32.45/23.94	(1.0175438596491229, '1_class_probability_max')
32.45/23.94	(3.0701754385964914, '0_landmark_naive_bayes')
32.45/23.94	(3.456140350877193, '1_landmark_naive_bayes')
32.45/23.94	(3.473684210526316, '1_landmark_decision_tree')
32.45/23.94	(4.0, '0_class_probability_max')
32.45/23.94	(6.754385964912281, '0_landmark_lda')
32.45/23.94	(7.894736842105263, '0_number_of_numeric_features')
32.45/23.94	(8.403508771929825, '1_landmark_lda')
32.45/23.94	(8.421052631578947, '0_number_of_features')
32.45/23.94	(10.0, '0_number_of_categorical_features')
32.45/23.94	(10.75438596491228, '1_number_of_categorical_features')
32.45/23.94	(12.298245614035087, '1_number_of_numeric_features')
32.45/23.94	(12.526315789473685, '0_number_of_classes')
32.45/23.94	(13.596491228070175, '1_number_of_features')
32.45/23.94	(14.210526315789474, '1_number_of_classes')
32.45/23.94	Result for ParamILS: SAT, 22.937789, 1, 0.309421, -1, /home/feurerm/thesis/Software/pyMetaLearn/optimizers/metalearn_optimizer/learn_distances.py
