0.67/0.86	['/home/feurerm/thesis/Software/pyMetaLearn/optimizers/metalearn_optimizer/learn_distances.py', '--input_file', '/home/feurerm/thesis/experiments/2014_04_25_predict_distances/testfold_0-3_pfahringer_spearman_rank_perm.pkl', '--fold', '0', '--folds', '1', '--params', '-max_features', '0.396418696567', '-min_samples_leaf', '5', '-min_samples_split', '5', '-n_estimators', '20', '-n_jobs', '4', '-seed', '99']
0.67/0.86	Metafeatures (57, 8)
0.67/0.86	X (3192, 16)
0.67/0.86	Y (3192,)
0.67/0.86	Dataset Mae MSE Rho
1.07/1.10	vehicle 0.370283414371 0.169124323888 0.295090286619
1.39/1.35	anneal.ORIG 0.443442115467 0.240406564224 0.3891442553
1.76/1.60	segment 0.235711782219 0.0721387612506 0.743705092563
2.11/1.85	pendigits 0.272002665543 0.0956709572965 0.708798465011
2.47/2.10	mushroom 0.17399233538 0.0388960922344 0.690698732207
2.86/2.35	labor 0.295686481394 0.119394318775 0.332259380771
3.24/2.60	abalone 0.285822227189 0.10523763817 0.577898611692
3.60/2.86	diabetes 0.51185441624 0.347151392847 0.0352298370662
3.96/3.11	car 0.354423300065 0.173871558113 0.265861211661
4.32/3.36	autos 0.222752807186 0.0671625410627 0.53038681308
4.67/3.60	mfeat-fourier 0.548487201472 0.394045484185 -0.38171043647
5.05/3.85	primary-tumor 0.227455141158 0.0657432694963 0.508085356588
5.41/4.10	waveform-5000 0.178496627743 0.0480732827907 0.716232283842
5.78/4.36	credit-a 0.377937445751 0.201068297094 0.387528207728
6.14/4.62	letter 0.238738143514 0.0812267887319 0.616683753416
6.50/4.87	postoperative-patient-data 0.419806229261 0.228254947148 0.00985868322878
6.85/5.12	vowel 0.443150337615 0.245322111088 0.257597982952
7.23/5.38	eucalyptus 0.406634988736 0.212198204715 -0.0284424372645
7.61/5.64	cylinder-bands 0.317631136527 0.125159100769 0.463482443605
8.00/5.90	ionosphere 0.426284743818 0.218332717359 0.0235942945489
8.39/6.16	mfeat-karhunen 0.188104126152 0.0498142255592 0.765360130026
8.76/6.41	balance-scale 0.226799991368 0.0723637310284 0.500974747272
9.14/6.73	mfeat-morphological 0.461959344057 0.279949741379 -0.173240299702
9.51/6.99	liver-disorders 0.32414889618 0.13672264932 0.276344134786
9.88/7.26	dermatology 0.200616571917 0.0537828166064 0.501297956786
10.23/7.51	vote 0.0726235870327 0.00882354364629 0.783783072345
10.60/7.77	breast-cancer 0.182589378029 0.0479556246457 0.229155545688
10.96/8.02	credit-g 0.66535914253 0.598042178029 -0.592443039838
11.33/8.27	soybean 0.121777708019 0.0213394365143 0.768915434684
11.68/8.53	arrhythmia 0.284796717645 0.113597684889 0.219459260257
12.05/8.78	nursery 0.265871387941 0.092196671767 0.587594897123
12.43/9.04	hepatitis 0.251056555997 0.0845427279531 0.363610703665
12.80/9.29	cmc 0.301631940204 0.116311985246 0.239498250147
13.16/9.55	heart-c 0.244344275876 0.0818727196393 0.777318882058
13.53/9.80	glass 0.36150313955 0.161346714535 0.295090286619
13.90/10.05	braziltourism 0.422722175278 0.228539481076 0.0882361974228
14.26/10.30	iris 0.285271459788 0.10445263708 0.378155131812
14.62/10.56	heart-statlog 0.307124504284 0.13391482036 0.615067705844
14.99/10.81	page-blocks 0.387657859455 0.203305915929 0.301554476906
15.38/11.07	breast-w 0.21944060087 0.0645632662071 0.468653795835
15.75/11.32	heart-h 0.165138724942 0.035826630865 0.701687855695
16.14/11.58	yeast 0.276599931959 0.0997906998087 0.621855105646
16.51/11.84	tae 0.333575934745 0.134736473639 0.256951563923
16.87/12.09	haberman 0.259473720956 0.0899504058964 0.0672275789888
17.23/12.34	mfeat-pixel 0.348016159613 0.151156334834 0.18940077542
17.63/12.60	optdigits 0.181335654313 0.042046816418 0.775379624971
17.96/12.85	mfeat-factors 0.198122697478 0.0560541832916 0.71461623627
18.32/13.11	satimage 0.282299556971 0.104335616471 0.360701818036
18.69/13.36	lymph 0.219534561299 0.0735256273815 0.446029129829
19.07/13.62	audiology 0.31860934224 0.129235471307 0.289595724875
19.44/13.87	ecoli 0.398930447644 0.203431715381 0.158372662041
19.81/14.13	tic-tac-toe 0.292090379093 0.127291314188 0.441504196628
20.18/14.38	spambase 0.229221888139 0.0670142439771 0.803175643207
20.55/14.64	zoo 0.113115307761 0.0181735449275 0.78636874846
20.90/14.89	sonar 0.509218827997 0.332401727479 -0.262122916153
21.28/15.14	mfeat-zernike 0.279398652842 0.110779918596 0.357469722892
21.65/15.40	kr-vs-kp 0.184966682386 0.0438787859427 0.691021941721
21.68/15.41	MAE 0.300274410056 0.114133878151
21.68/15.41	MSE 0.135465726896 0.135465726896
21.68/15.41	Mean tau 0.384835184216 0.308995127819
21.68/15.41	(0.0, '1_class_probability_max')
21.68/15.41	(1.0, '0_class_probability_max')
21.68/15.41	(2.508771929824561, '0_landmark_decision_tree')
21.68/15.41	(3.1403508771929824, '1_landmark_naive_bayes')
21.68/15.41	(5.087719298245614, '0_landmark_lda')
21.68/15.41	(5.7894736842105265, '1_landmark_decision_tree')
21.68/15.41	(5.982456140350878, '0_landmark_naive_bayes')
21.68/15.41	(7.087719298245614, '0_number_of_features')
21.68/15.41	(7.859649122807017, '1_landmark_lda')
21.68/15.41	(10.192982456140351, '0_number_of_categorical_features')
21.68/15.41	(10.192982456140351, '0_number_of_numeric_features')
21.68/15.41	(10.210526315789474, '1_number_of_numeric_features')
21.68/15.41	(10.263157894736842, '1_number_of_categorical_features')
21.68/15.41	(11.701754385964913, '1_number_of_features')
21.68/15.41	(14.263157894736842, '0_number_of_classes')
21.68/15.41	(14.719298245614034, '1_number_of_classes')
21.68/15.41	Result for ParamILS: SAT, 14.550387, 1, 0.300274, -1, /home/feurerm/thesis/Software/pyMetaLearn/optimizers/metalearn_optimizer/learn_distances.py
