0.94/5.94	['/home/feurerm/thesis/Software/pyMetaLearn/optimizers/metalearn_optimizer/learn_distances.py', '--input_file', '/home/feurerm/thesis/experiments/2014_04_25_predict_distances/testfold_0-3_pfahringer_spearman_rank_perm.pkl', '--fold', '0', '--folds', '1', '--params', '-max_features', '0.885227081664', '-min_samples_leaf', '5', '-min_samples_split', '10', '-n_estimators', '12', '-n_jobs', '4', '-seed', '66']
0.94/5.96	Metafeatures (57, 8)
0.94/5.96	X (3192, 16)
0.94/5.96	Y (3192,)
0.94/5.96	Dataset Mae MSE Rho
1.33/6.23	vehicle 0.363097067576 0.164310088381 0.319977419225
1.76/6.83	anneal.ORIG 0.495459080408 0.307884233001 -0.0809704966823
2.18/7.27	segment 0.17547474424 0.0445173564961 0.79564422189
2.58/7.52	pendigits 0.228185299618 0.0702814137167 0.747583606736
3.00/7.76	mushroom 0.190959749439 0.0490118554029 0.612805239244
3.43/8.01	labor 0.327931274858 0.144751008174 0.197804222794
3.83/8.26	abalone 0.238077933277 0.0767681826494 0.66559547648
4.27/8.51	diabetes 0.543496757451 0.369043105494 0.168890556952
4.70/8.76	car 0.366183261191 0.172325074617 0.197189529214
5.13/9.01	autos 0.191224325742 0.050232004538 0.727867826359
5.57/9.38	mfeat-fourier 0.573606362424 0.43334604969 -0.403559541348
6.01/9.73	primary-tumor 0.210464559772 0.0599114723282 0.529621392471
6.45/9.99	waveform-5000 0.13926505846 0.0327758907381 0.755017425566
6.88/10.34	credit-a 0.358075582002 0.181758876824 0.437625682456
7.33/10.60	letter 0.22548662962 0.0738356909533 0.549456174427
7.73/10.95	postoperative-patient-data 0.460810312248 0.273667822868 -0.0255376603409
8.18/11.30	vowel 0.371981330402 0.183906444735 0.441827406142
8.58/11.55	eucalyptus 0.461237098053 0.276615980924 -0.182613375619
9.03/11.80	cylinder-bands 0.326778082234 0.13920281764 0.421141997223
9.45/12.15	ionosphere 0.417573432603 0.206745651475 0.0177765232903
9.85/12.40	mfeat-karhunen 0.163320954051 0.0403686456563 0.757279892167
10.27/12.66	balance-scale 0.264562501114 0.0961448902067 0.334521847372
10.70/12.91	mfeat-morphological 0.443307364001 0.264037809259 -0.0583440105834
11.14/13.27	liver-disorders 0.247423455147 0.0849030940125 0.478350081266
11.57/13.63	dermatology 0.204583365359 0.054367382708 0.458906659035
11.99/13.88	vote 0.0847453411164 0.0114383967255 0.744674721106
12.42/14.23	breast-cancer 0.150916088922 0.0332408559406 0.341498322335
12.83/14.48	credit-g 0.705813206276 0.652102602789 -0.6311173444
13.26/14.73	soybean 0.138758905884 0.0321058326398 0.606341048956
13.67/14.98	arrhythmia 0.263796150632 0.0933211453357 0.248871326064
14.08/15.23	nursery 0.244969208322 0.075583390505 0.641570886023
14.51/15.58	hepatitis 0.228967862466 0.0757878397436 0.548692287897
14.92/15.84	cmc 0.245183325944 0.0853221575383 0.326764819027
15.36/16.09	heart-c 0.206620409612 0.0595670824345 0.818043280868
15.81/16.45	glass 0.358944921108 0.16001105219 0.32030062874
16.25/16.70	braziltourism 0.506393062291 0.340701944802 0.0638390143503
16.66/16.96	iris 0.282328116297 0.108020493726 0.265678220811
17.11/17.32	heart-statlog 0.203188863175 0.0574075891146 0.783459862831
17.57/17.68	page-blocks 0.392984032478 0.203483066031 0.0253780716691
18.00/18.03	breast-w 0.206036051355 0.0603312040157 0.57628256412
18.41/18.38	heart-h 0.148044302995 0.0320237856218 0.679386399204
18.84/18.64	yeast 0.267645927065 0.0884771814309 0.661609875913
19.26/18.89	tae 0.396503210807 0.185627885056 0.183759390674
19.69/19.14	haberman 0.269160380038 0.0937177510569 0.0478350081266
20.13/19.49	mfeat-pixel 0.377393077408 0.175856282712 0.134778367492
20.56/19.85	optdigits 0.164843152681 0.0380933165475 0.773987442338
21.00/20.10	mfeat-factors 0.177580050375 0.0463264585193 0.734655226161
21.43/20.45	satimage 0.277655448067 0.102207679496 0.355207256292
21.87/20.81	lymph 0.233651580244 0.0825426842016 0.433747168283
22.29/21.06	audiology 0.271236837794 0.0986948465418 0.524569041821
22.73/22.41	ecoli 0.400482551592 0.213897219867 0.130123233717
23.16/22.76	tic-tac-toe 0.378275693773 0.215526054547 0.14191180873
23.61/23.12	spambase 0.222742744047 0.0592273318253 0.788209805029
24.03/23.88	zoo 0.114616501634 0.0172374568565 0.795418614862
24.48/24.13	sonar 0.486979717952 0.296509071297 -0.0499398871753
24.90/24.49	mfeat-zernike 0.238487884819 0.081197220737 0.440857777599
25.32/24.74	kr-vs-kp 0.173328589561 0.0411151773261 0.689622972741
25.32/24.75	MAE 0.294856820667 0.128364752432
25.32/24.75	MSE 0.136270436836 0.136270436836
25.32/24.75	Mean tau 0.386138163297 0.325941385059
25.32/24.75	(0.017543859649122806, '1_class_probability_max')
25.32/24.75	(0.9824561403508771, '0_class_probability_max')
25.32/24.75	(2.8947368421052633, '1_landmark_naive_bayes')
25.32/24.75	(3.245614035087719, '0_landmark_naive_bayes')
25.32/24.75	(5.473684210526316, '0_landmark_decision_tree')
25.32/24.75	(5.842105263157895, '0_number_of_numeric_features')
25.32/24.75	(6.9298245614035086, '1_number_of_numeric_features')
25.32/24.75	(7.12280701754386, '0_number_of_categorical_features')
25.32/24.75	(7.140350877192983, '1_number_of_categorical_features')
25.32/24.75	(8.771929824561404, '1_number_of_features')
25.32/24.75	(8.929824561403509, '0_number_of_features')
25.32/24.75	(10.421052631578947, '1_landmark_decision_tree')
25.32/24.75	(11.56140350877193, '0_landmark_lda')
25.32/24.75	(11.666666666666666, '1_landmark_lda')
25.32/24.75	(14.456140350877194, '0_number_of_classes')
25.32/24.75	(14.543859649122806, '1_number_of_classes')
25.32/24.75	Result for ParamILS: SAT, 18.808465, 1, 0.294857, -1, /home/feurerm/thesis/Software/pyMetaLearn/optimizers/metalearn_optimizer/learn_distances.py
