0.78/1.03	['/home/feurerm/thesis/Software/pyMetaLearn/optimizers/metalearn_optimizer/learn_distances.py', '--input_file', '/home/feurerm/thesis/experiments/2014_04_25_predict_distances/testfold_0-3_pfahringer_spearman_rank_perm.pkl', '--fold', '0', '--folds', '1', '--params', '-max_features', '0.818293206099', '-min_samples_leaf', '9', '-min_samples_split', '9', '-n_estimators', '56', '-n_jobs', '4', '-seed', '49']
0.78/1.03	Metafeatures (57, 8)
0.78/1.03	X (3192, 16)
0.78/1.03	Y (3192,)
0.78/1.03	Dataset Mae MSE Rho
2.15/2.77	vehicle 0.358292381017 0.154813501446 0.335491475915
3.67/3.35	anneal.ORIG 0.554931276847 0.361209607297 -0.0303816943507
5.13/3.92	segment 0.2097551595 0.0565042315424 0.792509729233
6.72/4.60	pendigits 0.301582264682 0.116557176192 0.659670618827
8.10/5.17	mushroom 0.200601821295 0.0501597440189 0.641570886023
9.56/5.75	labor 0.295166474397 0.118868387501 0.219782469771
11.04/6.33	abalone 0.293355398841 0.107927056592 0.593412668382
12.60/6.90	diabetes 0.533749221585 0.35414854219 0.248224907035
14.01/7.48	car 0.382159346593 0.194532460642 0.16128154767
15.49/8.16	autos 0.245405798643 0.0784089042489 0.613774867787
17.02/8.74	mfeat-fourier 0.57075477681 0.422710438268 -0.40982966422
18.47/9.31	primary-tumor 0.221534622573 0.0621391372242 0.527154717936
19.96/9.89	waveform-5000 0.161127655205 0.0379491279397 0.761804825368
21.42/10.47	credit-a 0.357575798533 0.181947605396 0.478350081266
22.90/11.04	letter 0.233234914365 0.0761367551241 0.631551391077
24.40/11.61	postoperative-patient-data 0.438655343433 0.255728903038 -0.000646419028738
25.86/12.19	vowel 0.437824865388 0.234814203899 0.324825561941
27.37/12.87	eucalyptus 0.442081398608 0.260028191261 -0.128960596233
28.82/13.45	cylinder-bands 0.342584298241 0.140207231968 0.378155131812
30.31/14.03	ionosphere 0.41806619578 0.204922681011 0.0410476083249
31.79/14.60	mfeat-karhunen 0.207024442933 0.0582006342984 0.7197875885
33.26/15.18	balance-scale 0.25533863474 0.0869411380336 0.390113883843
34.72/15.75	mfeat-morphological 0.458944417237 0.278552446948 -0.213318279484
36.26/16.45	liver-disorders 0.320467575692 0.135669963111 0.326764819027
37.71/17.02	dermatology 0.19628747395 0.049791325851 0.511963870761
39.16/17.59	vote 0.0857018198524 0.0111869281105 0.774086786914
40.66/18.17	breast-cancer 0.147990288082 0.0306067530291 0.312407125922
42.13/18.74	credit-g 0.688951322464 0.625030814864 -0.746613978193
43.61/19.31	soybean 0.131542576237 0.0273689422719 0.703303903267
45.04/19.98	arrhythmia 0.261551432762 0.0931376392688 0.306402619622
46.54/20.55	nursery 0.283150806028 0.101871739281 0.556243574229
48.06/21.13	hepatitis 0.259160432531 0.0963361234344 0.354884046777
49.64/21.80	cmc 0.253332781471 0.0827259614905 0.333229009314
51.01/22.37	heart-c 0.25685535211 0.0875661569415 0.752754958966
52.51/22.94	glass 0.375106909422 0.169763962241 0.221721726857
54.00/23.52	braziltourism 0.452158938758 0.26291537441 0.158372662041
55.49/24.09	iris 0.280993752812 0.103952302849 0.363610703665
56.93/24.66	heart-statlog 0.241060482393 0.0786302503477 0.76051198731
58.47/25.23	page-blocks 0.435746774222 0.253161552495 0.00355530465806
59.88/25.82	breast-w 0.216030685765 0.0625570817823 0.58888773518
61.34/26.39	heart-h 0.175528960189 0.0403278790622 0.689082684635
62.83/27.14	yeast 0.295816283227 0.109822342819 0.599553649155
64.30/27.78	tae 0.360205428831 0.157212938876 0.196511384736
65.79/28.35	haberman 0.266185148702 0.0925598809694 0.0591473411295
67.26/28.93	mfeat-pixel 0.363915135872 0.165642928642 0.160958338156
68.79/29.50	optdigits 0.208683594416 0.0558731489917 0.743705092563
70.19/30.07	mfeat-factors 0.21909539519 0.0645399496499 0.711707350641
71.65/30.64	satimage 0.273681837932 0.101973209189 0.417586692565
73.10/31.21	lymph 0.226293709275 0.0765431746772 0.3891442553
74.53/31.78	audiology 0.305279741428 0.114236146681 0.405627940533
76.01/32.45	ecoli 0.405860530935 0.211330282375 0.133485529434
77.56/33.13	tic-tac-toe 0.304557089876 0.140411769416 0.492571299898
79.08/33.70	spambase 0.214137503664 0.0562098522395 0.840991156388
80.59/34.40	zoo 0.126751502295 0.0227885235378 0.765036920512
82.12/34.98	sonar 0.501791642433 0.313694930728 -0.165806480871
83.59/35.56	mfeat-zernike 0.248979749065 0.0869529784741 0.536527793853
85.14/36.24	kr-vs-kp 0.199489972143 0.0508538057293 0.65837778077
85.14/36.27	MAE 0.307054195391 0.121213565323
85.14/36.27	MSE 0.140818503858 0.140818503858
85.14/36.27	Mean tau 0.37985384023 0.326479057183
85.14/36.27	(0.21052631578947367, '1_class_probability_max')
85.14/36.27	(0.7894736842105263, '0_class_probability_max')
85.14/36.27	(2.7719298245614037, '0_landmark_naive_bayes')
85.14/36.27	(3.017543859649123, '1_landmark_naive_bayes')
85.14/36.27	(4.192982456140351, '0_landmark_decision_tree')
85.14/36.27	(5.771929824561403, '1_landmark_decision_tree')
85.14/36.27	(6.614035087719298, '1_number_of_numeric_features')
85.14/36.27	(7.157894736842105, '0_number_of_numeric_features')
85.14/36.27	(8.105263157894736, '0_number_of_categorical_features')
85.14/36.27	(8.614035087719298, '1_number_of_categorical_features')
85.14/36.27	(9.578947368421053, '1_number_of_features')
85.14/36.27	(9.614035087719298, '0_number_of_features')
85.14/36.27	(12.210526315789474, '0_landmark_lda')
85.14/36.27	(12.350877192982455, '1_landmark_lda')
85.14/36.27	(14.491228070175438, '1_number_of_classes')
85.14/36.27	(14.508771929824562, '0_number_of_classes')
85.14/36.27	Result for ParamILS: SAT, 35.247191, 1, 0.307054, -1, /home/feurerm/thesis/Software/pyMetaLearn/optimizers/metalearn_optimizer/learn_distances.py
