0.76/1.98	['/home/feurerm/thesis/Software/pyMetaLearn/optimizers/metalearn_optimizer/learn_distances.py', '--input_file', '/home/feurerm/thesis/experiments/2014_04_25_predict_distances/testfold_0-3_pfahringer_spearman_rank_perm.pkl', '--fold', '0', '--folds', '1', '--params', '-max_features', '0.287051981628', '-min_samples_leaf', '9', '-min_samples_split', '2', '-n_estimators', '99', '-n_jobs', '4', '-seed', '36']
0.76/1.99	Metafeatures (57, 8)
0.76/1.99	X (3192, 16)
0.76/1.99	Y (3192,)
0.76/1.99	Dataset Mae MSE Rho
1.75/2.56	vehicle 0.368310562018 0.170682307381 0.286686839245
2.91/3.22	anneal.ORIG 0.291771773687 0.112453220422 0.603755372841
3.93/3.98	segment 0.272823612579 0.0935618638026 0.72722140733
5.19/4.60	pendigits 0.347923842371 0.14905192784 0.575959354606
6.13/9.39	mushroom 0.213300647231 0.0562816742734 0.59696797304
7.19/10.69	labor 0.286317217473 0.113520566207 0.367489217838
8.25/11.29	abalone 0.3364108716 0.141192036144 0.520367318134
9.46/11.90	diabetes 0.475378099243 0.31176551427 0.0307049038651
10.43/12.51	car 0.352425307869 0.170640453111 0.434716796826
11.61/13.26	autos 0.255864667172 0.0856530662011 0.485783900097
12.59/13.93	mfeat-fourier 0.524929299248 0.35705118326 -0.435686425369
13.69/14.64	primary-tumor 0.234567464331 0.066685715914 0.537174212881
14.81/15.34	waveform-5000 0.234890508278 0.0755683488965 0.666458018629
15.81/15.96	credit-a 0.387571606342 0.206118473368 0.324825561941
16.90/16.75	letter 0.237971104031 0.0808114689878 0.675831094546
17.96/17.38	postoperative-patient-data 0.407313043829 0.202359092145 -0.0675507885031
19.05/18.02	vowel 0.478888187843 0.286944268037 0.0811255881066
20.17/18.64	eucalyptus 0.38409175387 0.194146361453 0.0578545030721
21.17/19.32	cylinder-bands 0.351474405308 0.16383191226 0.367812427352
22.26/19.93	ionosphere 0.41566797849 0.210758887026 0.0520367318134
23.32/20.62	mfeat-karhunen 0.217690284734 0.0636487462376 0.755017425566
24.39/21.22	balance-scale 0.246231414197 0.0798882710597 0.39431560753
25.45/21.84	mfeat-morphological 0.487673236877 0.315621023485 -0.168392156986
26.61/22.50	liver-disorders 0.284699458469 0.108132239828 0.377185503269
27.55/23.22	dermatology 0.188512770568 0.0458817590002 0.567232697718
28.64/23.86	vote 0.0817867423118 0.010565212212 0.811902300095
29.71/24.51	breast-cancer 0.200616348238 0.0565828895013 0.197804222794
30.93/25.23	credit-g 0.536941740942 0.379555991307 -0.618299800988
31.91/25.84	soybean 0.122660744482 0.0228759058234 0.810609462038
33.05/26.50	arrhythmia 0.281506621128 0.109745003497 0.165483271357
34.02/27.21	nursery 0.316028011696 0.123585166449 0.477057243209
35.08/27.81	hepatitis 0.369823191957 0.194658248311 -0.573373678491
36.15/28.46	cmc 0.291643018006 0.100023208811 0.314159647967
37.20/29.14	heart-c 0.29667712304 0.112903888781 0.749846073336
38.34/29.76	glass 0.36440344226 0.160641083265 0.324502352427
39.41/30.49	braziltourism 0.480246254091 0.294308505109 0.00711060931612
40.46/31.11	iris 0.331139598902 0.139663395847 0.229801964716
41.52/31.79	heart-statlog 0.307795472981 0.125458478104 0.707828836468
42.64/32.49	page-blocks 0.32610260137 0.146678448471 0.418233111594
43.71/33.13	breast-w 0.233006825051 0.0759676913138 0.42534372091
44.80/33.74	heart-h 0.210719337611 0.0549279310962 0.622824734189
45.87/34.37	yeast 0.346928549844 0.150841246223 0.501297956786
46.93/35.00	tae 0.323754992083 0.128629562148 0.165483271357
48.08/35.75	haberman 0.258968808139 0.0877621336665 0.136071205549
49.16/36.47	mfeat-pixel 0.334704287134 0.138241902585 0.229478755202
50.23/37.09	optdigits 0.249020382908 0.0779627686823 0.698778970066
51.33/37.71	mfeat-factors 0.246286988939 0.0825055461514 0.683264913376
52.41/38.38	satimage 0.280782156753 0.105625717938 0.379124760355
53.46/38.99	lymph 0.182848339041 0.0475817544136 0.67615430406
54.59/39.59	audiology 0.338661532732 0.14990580138 0.297675962734
55.58/40.21	ecoli 0.409751776868 0.212491106202 0.0924379211095
56.64/40.84	tic-tac-toe 0.291082793448 0.126885094317 0.598260811097
57.74/41.47	spambase 0.226295917976 0.0686736937327 0.771177901285
58.78/42.18	zoo 0.146617537221 0.0281746021884 0.718171540928
59.87/42.79	sonar 0.490891669835 0.303239055274 -0.162574385728
60.93/43.41	mfeat-zernike 0.270963556904 0.0993143875513 0.506792518531
62.12/44.04	kr-vs-kp 0.217861402927 0.0597908281018 0.617653381959
62.21/44.10	MAE 0.309635383938 0.0986795548401
62.21/44.10	MSE 0.137509063668 0.137509063668
62.21/44.10	Mean tau 0.36482415693 0.332076226114
62.21/44.10	(0.6842105263157895, '1_class_probability_max')
62.21/44.10	(0.8596491228070176, '0_landmark_decision_tree')
62.21/44.10	(2.3157894736842106, '1_landmark_decision_tree')
62.21/44.10	(2.824561403508772, '0_class_probability_max')
62.21/44.10	(3.5964912280701755, '0_landmark_naive_bayes')
62.21/44.10	(5.2631578947368425, '1_landmark_naive_bayes')
62.21/44.10	(5.473684210526316, '1_landmark_lda')
62.21/44.10	(7.385964912280702, '0_landmark_lda')
62.21/44.10	(9.701754385964913, '0_number_of_features')
62.21/44.10	(9.719298245614034, '0_number_of_numeric_features')
62.21/44.10	(10.385964912280702, '1_number_of_features')
62.21/44.10	(10.982456140350877, '1_number_of_categorical_features')
62.21/44.10	(11.0, '0_number_of_categorical_features')
62.21/44.10	(11.31578947368421, '1_number_of_numeric_features')
62.21/44.10	(13.649122807017545, '0_number_of_classes')
62.21/44.10	(14.842105263157896, '1_number_of_classes')
62.21/44.10	Result for ParamILS: SAT, 42.118436, 1, 0.309635, -1, /home/feurerm/thesis/Software/pyMetaLearn/optimizers/metalearn_optimizer/learn_distances.py
