0.69/0.88	['/home/feurerm/thesis/Software/pyMetaLearn/optimizers/metalearn_optimizer/learn_distances.py', '--input_file', '/home/feurerm/thesis/experiments/2014_04_25_predict_distances/testfold_0-3_pfahringer_spearman_rank_perm.pkl', '--fold', '0', '--folds', '1', '--params', '-max_features', '0.152307014524', '-min_samples_leaf', '9', '-min_samples_split', '1', '-n_estimators', '96', '-n_jobs', '4', '-seed', '56']
0.69/0.88	Metafeatures (57, 8)
0.69/0.88	X (3192, 16)
0.69/0.88	Y (3192,)
0.69/0.88	Dataset Mae MSE Rho
1.49/1.32	vehicle 0.372088580366 0.174036808709 0.267940687412
2.24/1.92	anneal.ORIG 0.274508344426 0.100929593428 0.544931241226
2.99/2.41	segment 0.308983156103 0.1201691681 0.59923043964
3.75/3.02	pendigits 0.385110397255 0.177076995239 0.396578074131
4.51/3.52	mushroom 0.229636008402 0.0648734566517 0.580484287807
5.25/4.02	labor 0.279299536259 0.104547485536 0.539759888996
6.04/4.63	abalone 0.361525440937 0.164888734455 0.446998758372
6.78/5.23	diabetes 0.467741803546 0.30943086913 -0.165806480871
7.53/5.73	car 0.359506350502 0.176258702112 0.328057657085
8.30/6.23	autos 0.267302443634 0.0941329186361 0.491601671355
9.09/6.85	mfeat-fourier 0.516937074899 0.347907057696 -0.367166008323
9.84/7.34	primary-tumor 0.252329265862 0.0768951847302 0.507438937559
10.62/7.84	waveform-5000 0.263049504549 0.0922622262988 0.577252192663
11.37/8.34	credit-a 0.387634542055 0.202086367471 0.285394001188
12.14/8.94	letter 0.257723745379 0.0930687758882 0.657408152227
12.88/9.44	postoperative-patient-data 0.419067609597 0.216427321164 -0.28183869653
13.70/9.93	vowel 0.470046934662 0.272002140347 0.113446539544
14.37/10.43	eucalyptus 0.388301085502 0.201168924147 0.117001844202
15.18/10.92	cylinder-bands 0.351735496553 0.157528247416 0.293151029533
15.84/11.42	ionosphere 0.407759325869 0.202216564154 0.0669043694744
16.58/11.92	mfeat-karhunen 0.252611958001 0.0836921711003 0.711707350641
17.35/12.51	balance-scale 0.243536974269 0.0820511017153 0.471562681464
18.18/13.15	mfeat-morphological 0.481325427022 0.307993623511 -0.249840954607
18.89/13.77	liver-disorders 0.32508840167 0.13951822842 0.374276617639
19.72/14.27	dermatology 0.198287822622 0.0498963659344 0.592443039838
20.39/14.77	vote 0.105240417684 0.0173651186397 0.805438109808
21.24/15.37	breast-cancer 0.285561389598 0.10335085973 -0.165160061843
21.92/15.98	credit-g 0.537503613844 0.381161284102 -0.59405908741
22.80/16.48	soybean 0.152847984641 0.0345073095803 0.76342087294
23.47/16.99	arrhythmia 0.282853537363 0.109959754836 0.1102144444
24.38/17.61	nursery 0.315857750532 0.122241594359 0.470269843407
25.00/18.11	hepatitis 0.415482030444 0.245499503169 -0.598260811097
25.82/18.72	cmc 0.325730045307 0.124331146431 0.332582590286
26.48/19.21	heart-c 0.328488417136 0.141474756041 0.644156562138
27.21/19.71	glass 0.366910562887 0.16685016734 0.261476497125
27.96/20.20	braziltourism 0.548424503976 0.372674097032 -0.289918934389
28.81/20.70	iris 0.313933454403 0.131926027242 0.160311919127
29.43/21.19	heart-statlog 0.341748522597 0.154069599211 0.633490648163
30.19/21.69	page-blocks 0.309706775992 0.12918478486 0.413061759364
30.97/22.18	breast-w 0.246317700947 0.0843926612781 0.423727673338
31.74/22.68	heart-h 0.229469156337 0.0637736016892 0.539436679482
32.62/23.19	yeast 0.370112852082 0.171594898331 0.438595310999
33.28/23.68	tae 0.267813356306 0.0943534706659 0.165160061843
34.13/24.18	haberman 0.291765952435 0.122336745376 0.22560024103
34.79/24.78	mfeat-pixel 0.327029290332 0.134576096606 0.263738963725
35.58/25.42	optdigits 0.282683287112 0.0985284445834 0.631551391077
36.32/25.91	mfeat-factors 0.280873990615 0.104849237871 0.608926725071
37.17/26.41	satimage 0.289923649944 0.110958365967 0.324179142912
37.91/26.90	lymph 0.177028224975 0.0448974693029 0.740149787905
38.64/27.52	audiology 0.338010129195 0.151446376476 0.359408979978
39.33/28.14	ecoli 0.412686762966 0.215748861183 0.0488046366697
40.18/28.64	tic-tac-toe 0.311516254266 0.143809382632 0.499035490186
40.81/29.14	spambase 0.246809114257 0.0808518806562 0.622501524675
41.63/29.63	zoo 0.166951708146 0.0370987736857 0.688436265606
42.29/30.12	sonar 0.486664340177 0.296957990825 -0.184875842219
43.05/30.62	mfeat-zernike 0.281294630832 0.107389627914 0.41500101645
43.81/31.24	kr-vs-kp 0.233386949477 0.0691720295607 0.570788002376
43.81/31.29	MAE 0.322662519066 0.0941401339528
43.81/31.29	MSE 0.146989314898 0.146989314898
43.81/31.29	Mean tau 0.319756275873 0.336807180446
43.81/31.29	(0.543859649122807, '0_landmark_decision_tree')
43.81/31.29	(1.6842105263157894, '1_landmark_decision_tree')
43.81/31.29	(2.0701754385964914, '0_landmark_naive_bayes')
43.81/31.29	(2.543859649122807, '1_landmark_naive_bayes')
43.81/31.29	(4.035087719298246, '0_class_probability_max')
43.81/31.29	(4.982456140350878, '0_landmark_lda')
43.81/31.29	(5.192982456140351, '1_class_probability_max')
43.81/31.29	(7.12280701754386, '1_number_of_categorical_features')
43.81/31.29	(9.298245614035087, '0_number_of_features')
43.81/31.29	(9.350877192982455, '1_landmark_lda')
43.81/31.29	(9.87719298245614, '1_number_of_numeric_features')
43.81/31.29	(11.052631578947368, '0_number_of_categorical_features')
43.81/31.29	(12.192982456140351, '1_number_of_features')
43.81/31.29	(12.771929824561404, '0_number_of_classes')
43.81/31.29	(13.175438596491228, '0_number_of_numeric_features')
43.81/31.29	(14.105263157894736, '1_number_of_classes')
43.81/31.29	Result for ParamILS: SAT, 30.415078, 1, 0.322663, -1, /home/feurerm/thesis/Software/pyMetaLearn/optimizers/metalearn_optimizer/learn_distances.py
