0.69/0.88	['/home/feurerm/thesis/Software/pyMetaLearn/optimizers/metalearn_optimizer/learn_distances.py', '--input_file', '/home/feurerm/thesis/experiments/2014_04_25_predict_distances/testfold_0-3_pfahringer_spearman_rank_perm.pkl', '--fold', '0', '--folds', '1', '--params', '-max_features', '0.486630764882', '-min_samples_leaf', '2', '-min_samples_split', '9', '-n_estimators', '90', '-n_jobs', '4', '-seed', '1']
0.69/0.89	Metafeatures (57, 8)
0.69/0.89	X (3192, 16)
0.69/0.89	Y (3192,)
0.69/0.89	Dataset Mae MSE Rho
2.19/1.64	vehicle 0.325884203537 0.128822073317 0.512610289789
4.10/2.43	anneal.ORIG 0.361514264413 0.159545633594 0.619269429531
5.70/3.13	segment 0.175889343375 0.0398979599702 0.84034473736
7.33/3.95	pendigits 0.264368101528 0.0920747122967 0.718494750442
8.96/4.76	mushroom 0.162536026379 0.0336070823686 0.714939445784
10.68/5.59	labor 0.318501869181 0.144206392811 0.211379022397
12.22/6.41	abalone 0.235905650142 0.071452141595 0.693284408322
14.01/7.30	diabetes 0.48596493193 0.302422834363 0.21234865094
15.52/8.01	car 0.362092304907 0.187407886989 0.443766663229
17.23/8.82	autos 0.204750315044 0.055338526699 0.695546874922
18.80/9.55	mfeat-fourier 0.573355112041 0.422558446805 -0.46089676749
20.47/10.35	primary-tumor 0.216147723056 0.0575910887088 0.56593985966
22.09/11.15	waveform-5000 0.175139544242 0.0450070293832 0.75824952071
23.72/11.96	credit-a 0.375668092473 0.198217357994 0.40465831199
25.33/12.68	letter 0.225330556518 0.0703782539055 0.690375522692
27.00/13.49	postoperative-patient-data 0.421351703524 0.228165542493 0.0714293026756
28.71/14.31	vowel 0.414143788802 0.214662090996 0.415324225964
30.32/15.13	eucalyptus 0.418696942006 0.225454468673 -0.0656115314169
31.93/15.84	cylinder-bands 0.310765891937 0.121549265759 0.533295698709
33.55/16.66	ionosphere 0.397968521705 0.192283226841 0.157726243012
35.19/17.37	mfeat-karhunen 0.143224451205 0.0304629972937 0.840991156388
36.83/18.09	balance-scale 0.245723428296 0.0812096803155 0.406920778591
38.45/18.90	mfeat-morphological 0.478258649577 0.304494059136 -0.209439765311
40.03/20.67	liver-disorders 0.259686124276 0.0888427740735 0.606987467985
41.65/21.48	dermatology 0.208553455305 0.0565831160988 0.499035490186
43.25/22.09	vote 0.0697075614788 0.00858785774181 0.790893681661
44.88/22.80	breast-cancer 0.172216226555 0.0376605898575 0.362317865608
46.52/23.61	credit-g 0.592789655813 0.464955287996 -0.649974333396
48.19/24.42	soybean 0.120647510021 0.0237921605853 0.738856949848
49.89/25.21	arrhythmia 0.270305741655 0.100862498738 0.205561251139
51.44/26.02	nursery 0.265600167208 0.0910011250194 0.608926725071
53.12/26.82	hepatitis 0.286440054351 0.114067912581 0.138980091179
54.84/27.53	cmc 0.308043487004 0.123169336223 0.206530879682
56.39/28.33	heart-c 0.216860770576 0.0646042772253 0.848748184733
58.08/29.17	glass 0.348054244961 0.148096094185 0.3868817887
59.80/30.01	braziltourism 0.473670601279 0.289616623187 -0.0449261224973
61.55/30.82	iris 0.282273329246 0.101647100661 0.39431560753
63.10/31.64	heart-statlog 0.245287933113 0.0833092968664 0.772470739342
64.74/32.45	page-blocks 0.360075026842 0.177740677256 0.327411238056
66.39/33.26	breast-w 0.213437230708 0.0644180699972 0.519720899105
68.12/34.08	heart-h 0.155942731799 0.0338667031425 0.70427353181
69.67/34.79	yeast 0.251015256988 0.0797731075205 0.724635731215
71.35/35.61	tae 0.380456559933 0.177488726672 0.0698132551037
72.99/36.41	haberman 0.26019055404 0.0874958826803 0.0995485304257
74.66/37.23	mfeat-pixel 0.344465264163 0.144409791486 0.218489631713
76.30/37.96	optdigits 0.143380891487 0.0271726227788 0.821275376012
77.92/38.76	mfeat-factors 0.176931234459 0.0457811233849 0.75534063508
79.66/39.58	satimage 0.245686462111 0.0833305832554 0.534265327252
81.25/40.40	lymph 0.192092873378 0.0546042358673 0.566586278689
82.93/41.24	audiology 0.316314812669 0.132447418049 0.408536826162
84.63/42.05	ecoli 0.392501781503 0.195709839872 0.183259794647
86.37/42.86	tic-tac-toe 0.278584354185 0.116075406603 0.715909074327
87.92/43.66	spambase 0.206110002273 0.0532968692722 0.886563697914
89.56/44.46	zoo 0.100788827584 0.013443070496 0.824184261641
91.23/45.27	sonar 0.508685599156 0.326702398955 -0.181643747075
92.86/46.09	mfeat-zernike 0.263335755664 0.094216642333 0.481258966896
94.59/46.90	kr-vs-kp 0.150392963969 0.0294489759919 0.764390501483
94.59/46.95	MAE 0.286907130905 0.116044645242
94.59/46.95	MSE 0.125281174543 0.125281174543
94.59/46.95	Mean tau 0.43965566502 0.338998896877
94.59/46.95	(0.21052631578947367, '0_class_probability_max')
94.59/46.95	(0.8421052631578947, '1_class_probability_max')
94.59/46.95	(2.3684210526315788, '1_landmark_decision_tree')
94.59/46.95	(2.6666666666666665, '0_landmark_decision_tree')
94.59/46.95	(4.368421052631579, '1_landmark_naive_bayes')
94.59/46.95	(4.56140350877193, '0_landmark_naive_bayes')
94.59/46.95	(7.0, '1_landmark_lda')
94.59/46.95	(7.017543859649122, '0_landmark_lda')
94.59/46.95	(8.508771929824562, '0_number_of_numeric_features')
94.59/46.95	(9.105263157894736, '1_number_of_numeric_features')
94.59/46.95	(10.333333333333334, '1_number_of_categorical_features')
94.59/46.95	(11.24561403508772, '0_number_of_features')
94.59/46.95	(11.298245614035087, '0_number_of_categorical_features')
94.59/46.95	(11.473684210526315, '1_number_of_features')
94.59/46.95	(14.421052631578947, '1_number_of_classes')
94.59/46.95	(14.578947368421053, '0_number_of_classes')
94.59/46.95	Result for ParamILS: SAT, 46.069614, 1, 0.286907, -1, /home/feurerm/thesis/Software/pyMetaLearn/optimizers/metalearn_optimizer/learn_distances.py
