0.68/0.87	['/home/feurerm/thesis/Software/pyMetaLearn/optimizers/metalearn_optimizer/learn_distances.py', '--input_file', '/home/feurerm/thesis/experiments/2014_04_25_predict_distances/testfold_0-3_pfahringer_spearman_rank_perm.pkl', '--fold', '0', '--folds', '1', '--params', '-max_features', '0.117113693813', '-min_samples_leaf', '3', '-min_samples_split', '1', '-n_estimators', '64', '-n_jobs', '4', '-seed', '14']
0.68/0.88	Metafeatures (57, 8)
0.68/0.88	X (3192, 16)
0.68/0.88	Y (3192,)
0.68/0.88	Dataset Mae MSE Rho
1.10/1.25	vehicle 0.368907532066 0.171854645467 0.282808325073
1.59/1.65	anneal.ORIG 0.2834186819 0.108352857672 0.488369576212
2.16/2.14	segment 0.27039496988 0.0946214593928 0.7197875885
2.58/2.54	pendigits 0.333179103601 0.134598210092 0.6095731441
3.10/2.94	mushroom 0.202829061837 0.0514941914557 0.659347409313
3.60/3.44	labor 0.350911783659 0.15770672765 0.478026871752
4.12/3.84	abalone 0.312081008862 0.125413141255 0.57628256412
4.64/4.24	diabetes 0.440230633213 0.280760568305 -0.152231681268
5.15/4.64	car 0.325766335246 0.141695301366 0.474471567094
5.68/5.05	autos 0.270533781341 0.0955533221728 0.505822889988
6.20/5.45	mfeat-fourier 0.535631288054 0.370398722055 -0.42017236868
6.71/5.85	primary-tumor 0.235278576904 0.0691615757995 0.581130706836
7.20/6.25	waveform-5000 0.270768928906 0.0975156126577 0.509054985131
7.72/6.73	credit-a 0.371186365004 0.183012544233 0.371690941524
8.25/7.13	letter 0.246585286316 0.0849133156933 0.661609875913
8.78/7.53	postoperative-patient-data 0.439141668451 0.246964179091 -0.454755786717
9.25/8.02	vowel 0.455274760387 0.255925911191 0.160958338156
9.77/8.41	eucalyptus 0.370017662994 0.180554622623 0.234003688403
10.33/8.91	cylinder-bands 0.378717611254 0.190039668086 0.163544014271
10.87/9.30	ionosphere 0.423976724815 0.223968918932 -0.0242407135777
11.29/9.71	mfeat-karhunen 0.226131958185 0.0685980114689 0.789924053118
11.75/10.10	balance-scale 0.242621855084 0.0847412773972 0.491278461841
12.29/10.51	mfeat-morphological 0.49678358043 0.321508654333 -0.212995069969
12.91/11.00	liver-disorders 0.337910577523 0.14590421853 0.513903127847
13.45/11.40	dermatology 0.218256231794 0.0612149484732 0.494510556985
13.86/11.81	vote 0.103091669797 0.0163420374889 0.804791690779
14.38/12.20	breast-cancer 0.32097624156 0.128771966438 -0.189723984935
14.87/12.60	credit-g 0.542964107958 0.385623835384 -0.464128862634
15.42/13.01	soybean 0.171852264046 0.0444422066817 0.731099921503
15.92/13.52	arrhythmia 0.276729338454 0.104869086155 0.145444281466
16.42/13.92	nursery 0.305887009665 0.114316205218 0.501621166301
16.92/14.33	hepatitis 0.392887363274 0.224788363612 -0.464775281663
17.42/14.83	cmc 0.335641290897 0.133159873651 0.30995792428
17.93/15.22	heart-c 0.288394323965 0.111369036411 0.761481615853
18.44/15.61	glass 0.352702460287 0.156103797398 0.312543600395
18.94/16.01	braziltourism 0.581708591639 0.416072123326 -0.400456588303
19.52/16.51	iris 0.305860788278 0.125499367587 0.196188175222
19.97/16.92	heart-statlog 0.318749499881 0.137309013811 0.65320642854
20.48/17.31	page-blocks 0.310761888713 0.138163515291 0.377508712783
20.96/17.81	breast-w 0.243651611366 0.0823166356666 0.427929397025
21.50/18.22	heart-h 0.226748536732 0.0657573291627 0.454432577203
22.10/18.72	yeast 0.333398963216 0.140918073764 0.544931241226
22.55/19.13	tae 0.264657940413 0.0948778909565 0.178734861446
23.08/19.52	haberman 0.305499121143 0.1375835507 0.249194535579
23.57/19.91	mfeat-pixel 0.334486927635 0.14007361321 0.241760716748
24.08/20.31	optdigits 0.217669307932 0.0599424853965 0.751138911394
24.57/20.71	mfeat-factors 0.244221390775 0.0817814915617 0.70201106521
25.08/21.10	satimage 0.297047474303 0.114423720755 0.310281133794
25.61/21.49	lymph 0.196587125312 0.0546591636204 0.687789846577
26.10/21.89	audiology 0.311826748434 0.124499858478 0.4431202442
26.60/22.38	ecoli 0.409969597812 0.217462231634 0.0294120658076
27.14/22.78	tic-tac-toe 0.301804629423 0.137782542034 0.439241730028
27.68/23.18	spambase 0.25548904706 0.0892875020116 0.574989726063
28.17/23.67	zoo 0.156150435897 0.0340276371221 0.748876444793
28.71/24.07	sonar 0.482283830378 0.292343961468 -0.174209928245
29.22/24.57	mfeat-zernike 0.286637688637 0.110011939875 0.423404463823
29.73/24.96	kr-vs-kp 0.210783175427 0.055964067604 0.653852847569
29.89/25.00	MAE 0.317432567684 0.0967888976366
29.89/25.00	MSE 0.144158188226 0.144158188226
29.89/25.00	Mean tau 0.341462346417 0.350270548296
29.89/25.00	(0.07017543859649122, '0_landmark_lda')
29.89/25.00	(1.4385964912280702, '1_number_of_numeric_features')
29.89/25.00	(3.6140350877192984, '0_landmark_decision_tree')
29.89/25.00	(4.035087719298246, '1_number_of_categorical_features')
29.89/25.00	(4.508771929824562, '1_landmark_decision_tree')
29.89/25.00	(4.649122807017544, '1_number_of_classes')
29.89/25.00	(5.701754385964913, '1_landmark_naive_bayes')
29.89/25.00	(6.43859649122807, '0_landmark_naive_bayes')
29.89/25.00	(7.2631578947368425, '0_number_of_classes')
29.89/25.00	(8.68421052631579, '1_landmark_lda')
29.89/25.00	(9.385964912280702, '0_number_of_categorical_features')
29.89/25.00	(11.964912280701755, '0_number_of_numeric_features')
29.89/25.00	(12.052631578947368, '1_class_probability_max')
29.89/25.00	(12.43859649122807, '0_number_of_features')
29.89/25.00	(13.771929824561404, '1_number_of_features')
29.89/25.00	(13.982456140350877, '0_class_probability_max')
29.89/25.00	Result for ParamILS: SAT, 24.128684, 1, 0.317433, -1, /home/feurerm/thesis/Software/pyMetaLearn/optimizers/metalearn_optimizer/learn_distances.py
