0.71/1.00	['/home/feurerm/thesis/Software/pyMetaLearn/optimizers/metalearn_optimizer/learn_distances.py', '--input_file', '/home/feurerm/thesis/experiments/2014_04_25_predict_distances/testfold_0-3_pfahringer_spearman_rank_perm.pkl', '--fold', '0', '--folds', '1', '--params', '-max_features', '0.95925917602', '-min_samples_leaf', '2', '-min_samples_split', '2', '-n_estimators', '70', '-n_jobs', '4', '-seed', '13']
0.80/1.01	Metafeatures (57, 8)
0.80/1.01	X (3192, 16)
0.80/1.01	Y (3192,)
0.80/1.01	Dataset Mae MSE Rho
3.30/1.97	vehicle 0.341301822132 0.138536565691 0.391729931415
6.06/2.99	anneal.ORIG 0.509946818467 0.324154675285 -0.0539759888996
8.90/3.90	segment 0.126116300726 0.0204979233473 0.883654812285
11.48/4.81	pendigits 0.223787641765 0.0674710834529 0.763744082454
14.15/5.81	mushroom 0.172268606791 0.0379784760389 0.665165180572
16.91/6.83	labor 0.333885440106 0.154495398411 0.181643747075
19.62/7.74	abalone 0.165957549393 0.03375632466 0.824507471155
22.35/8.67	diabetes 0.514587877266 0.333288177906 0.206530879682
25.06/9.62	car 0.385893706897 0.207878083258 0.198450641823
27.79/10.65	autos 0.199560689717 0.053675715992 0.692314779779
30.57/11.73	mfeat-fourier 0.610448914785 0.486189181429 -0.488046366697
33.24/12.77	primary-tumor 0.207760051836 0.0532544952265 0.585978849551
35.91/13.79	waveform-5000 0.130528357423 0.0270476151942 0.787015167489
38.57/14.69	credit-a 0.337210110226 0.162198329832 0.511317451732
41.37/15.70	letter 0.232112633593 0.0707822348056 0.572404049948
43.98/16.72	postoperative-patient-data 0.446324081823 0.261393836966 0.102457416055
46.67/18.54	vowel 0.340040519789 0.145775130701 0.582100335379
49.40/19.45	eucalyptus 0.447358885249 0.261848861827 -0.122173196432
52.07/20.36	cylinder-bands 0.352349964004 0.154206191752 0.279576229929
54.76/21.37	ionosphere 0.399654147014 0.191082967859 0.141888976808
57.54/22.40	mfeat-karhunen 0.101223431965 0.0169380284683 0.867817546081
60.34/23.30	balance-scale 0.238309349009 0.0749212920178 0.465744910206
62.94/24.21	mfeat-morphological 0.474068252314 0.296612278965 -0.178088442417
65.64/25.24	liver-disorders 0.310769309629 0.117372808048 0.554627526657
68.30/28.14	dermatology 0.224069496952 0.0637403327116 0.429545444596
71.09/29.08	vote 0.0822161067554 0.0121345946728 0.756956682652
73.90/30.00	breast-cancer 0.174412373736 0.0436951915719 0.351651951634
76.51/31.01	credit-g 0.741308313197 0.72771562691 -0.736594483247
79.23/31.94	soybean 0.112755712522 0.0202515279083 0.796065033891
81.92/32.86	arrhythmia 0.248807330101 0.0840874541494 0.404335102476
84.63/33.87	nursery 0.224417440455 0.0645841542227 0.703627112781
87.52/34.90	hepatitis 0.227910898924 0.0740950275082 0.607957096528
90.09/35.80	cmc 0.268131452518 0.0956422919861 0.325148771455
92.83/36.74	heart-c 0.173912214999 0.0413627990853 0.903047383147
95.48/37.65	glass 0.339269786504 0.14001469286 0.435363215855
98.20/38.58	braziltourism 0.548515166493 0.389633443456 -0.219782469771
100.90/39.49	iris 0.267168438973 0.0896127296923 0.479966128838
103.71/40.40	heart-statlog 0.157608041723 0.0370515076366 0.848748184733
106.34/41.42	page-blocks 0.455586742226 0.286972862281 -0.140596138751
109.07/42.44	breast-w 0.208348676822 0.0579770465105 0.670659742316
111.79/43.45	heart-h 0.113752195883 0.0194322981025 0.76051198731
114.49/44.37	yeast 0.20860735308 0.0522411321269 0.826123518727
117.28/45.30	tae 0.38890721358 0.180010143327 0.173563509216
119.94/46.21	haberman 0.282757234246 0.103764096763 0.102134206541
122.69/47.21	mfeat-pixel 0.376794694342 0.175839751474 0.186815099305
125.34/48.13	optdigits 0.11626237551 0.0186205396495 0.844546461046
128.05/49.04	mfeat-factors 0.157842717297 0.0368671061094 0.789600843604
130.72/50.04	satimage 0.241590514362 0.0866219374923 0.48158217641
133.42/50.95	lymph 0.236205967922 0.0854315992186 0.394962026559
136.10/51.86	audiology 0.290560564696 0.103914535979 0.45055406303
138.93/52.89	ecoli 0.391107684646 0.199108728078 0.211379022397
141.64/53.81	tic-tac-toe 0.353216811852 0.190732604487 0.0720757217043
144.28/54.74	spambase 0.232070963839 0.0601125229263 0.864262241423
147.01/55.74	zoo 0.088980482123 0.0107800038185 0.895290354802
149.76/56.66	sonar 0.509441757378 0.321534153553 -0.155786985926
152.45/57.58	mfeat-zernike 0.235717733803 0.0822623186679 0.510024613674
155.17/58.59	kr-vs-kp 0.128743841834 0.0213168721488 0.810609462038
155.29/58.65	MAE 0.287867767741 0.14178595338
155.29/58.65	MSE 0.134535391302 0.134535391302
155.29/58.65	Mean tau 0.425451457414 0.373470008165
155.29/58.65	(0.38596491228070173, '1_class_probability_max')
155.29/58.65	(0.6140350877192983, '0_class_probability_max')
155.29/58.65	(2.6491228070175437, '1_landmark_naive_bayes')
155.29/58.65	(2.807017543859649, '0_landmark_naive_bayes')
155.29/58.65	(5.614035087719298, '1_number_of_numeric_features')
155.29/58.65	(6.035087719298246, '0_number_of_numeric_features')
155.29/58.65	(6.824561403508772, '0_number_of_categorical_features')
155.29/58.65	(7.052631578947368, '1_number_of_categorical_features')
155.29/58.65	(7.824561403508772, '1_landmark_decision_tree')
155.29/58.65	(8.56140350877193, '0_landmark_decision_tree')
155.29/58.65	(8.824561403508772, '0_number_of_features')
155.29/58.65	(9.192982456140351, '1_number_of_features')
155.29/58.65	(12.210526315789474, '1_landmark_lda')
155.29/58.65	(12.403508771929825, '0_landmark_lda')
155.29/58.65	(14.491228070175438, '1_number_of_classes')
155.29/58.65	(14.508771929824562, '0_number_of_classes')
155.29/58.65	Result for ParamILS: SAT, 57.651598, 1, 0.287868, -1, /home/feurerm/thesis/Software/pyMetaLearn/optimizers/metalearn_optimizer/learn_distances.py
