0.69/0.89	['/home/feurerm/thesis/Software/pyMetaLearn/optimizers/metalearn_optimizer/learn_distances.py', '--input_file', '/home/feurerm/thesis/experiments/2014_04_25_predict_distances/testfold_0-3_pfahringer_spearman_rank_perm.pkl', '--fold', '0', '--folds', '1', '--params', '-max_features', '0.122272003428', '-min_samples_leaf', '4', '-min_samples_split', '7', '-n_estimators', '18', '-n_jobs', '4', '-seed', '76']
0.78/0.90	Metafeatures (57, 8)
0.78/0.90	X (3192, 16)
0.78/0.90	Y (3192,)
0.78/0.90	Dataset Mae MSE Rho
0.91/1.14	vehicle 0.368002979488 0.176130622355 0.340986037659
1.10/1.39	anneal.ORIG 0.280302578441 0.105393899091 0.457987881861
1.27/1.64	segment 0.307694825329 0.122659151878 0.600200068183
1.43/1.89	pendigits 0.337101187464 0.137920514355 0.603432163327
1.61/2.15	mushroom 0.215969256376 0.0585138398143 0.624440781761
1.85/2.40	labor 0.315066327388 0.126673084304 0.559475669373
1.98/2.65	abalone 0.351973411638 0.159333321272 0.42760618751
2.20/2.90	diabetes 0.449699413353 0.285926251855 -0.188754356392
2.34/3.15	car 0.359452201078 0.176401768441 0.293474239047
2.56/3.40	autos 0.264308532402 0.0973211012626 0.45055406303
2.69/3.65	mfeat-fourier 0.538111060056 0.381492828889 -0.393669188502
2.90/3.90	primary-tumor 0.25168152552 0.0817102123535 0.533295698709
3.03/4.15	waveform-5000 0.265989162094 0.0946702432209 0.57628256412
3.22/4.40	credit-a 0.372553948018 0.182465969816 0.355207256292
3.42/4.66	letter 0.260206741493 0.0933471281247 0.538790260453
3.59/4.91	postoperative-patient-data 0.427305872984 0.228466695508 -0.243699973834
3.76/5.16	vowel 0.473397255826 0.274873567671 0.106982349256
3.94/5.41	eucalyptus 0.363410754368 0.17554931668 0.267940687412
4.12/5.66	cylinder-bands 0.353435717648 0.16583328615 0.266971058869
4.28/5.91	ionosphere 0.429610948977 0.220167634487 -0.0976092733395
4.47/6.16	mfeat-karhunen 0.240973163527 0.0790118956692 0.716232283842
4.65/6.42	balance-scale 0.240208497888 0.0814694860113 0.507438937559
4.81/6.67	mfeat-morphological 0.456073343613 0.28056516106 -0.0934075496527
5.01/6.91	liver-disorders 0.357094452449 0.170172494813 0.273435249156
5.18/7.16	dermatology 0.221533363108 0.0643906414442 0.514226337361
5.35/7.42	vote 0.115878697005 0.0214967906383 0.739503368876
5.53/7.67	breast-cancer 0.31764238174 0.128449346852 -0.0911450830521
5.70/7.92	credit-g 0.545421304899 0.389713164311 -0.439564939542
5.88/8.17	soybean 0.169423123295 0.0411210479314 0.689729103664
6.06/8.42	arrhythmia 0.266752849895 0.0997653513681 0.173563509216
6.25/8.67	nursery 0.306545070045 0.119839338314 0.490955252327
6.43/8.93	hepatitis 0.431893591652 0.265560089039 -0.37136773201
6.63/9.18	cmc 0.332069130688 0.133866444798 0.340986037659
6.81/9.43	heart-c 0.310475221415 0.128444926154 0.638338790879
7.01/9.69	glass 0.37438882453 0.175884682547 0.154817357383
7.19/9.94	braziltourism 0.588750042378 0.42480203516 -0.264385382754
7.43/10.20	iris 0.300441515786 0.125838985613 0.15384772884
7.55/10.46	heart-statlog 0.319786709586 0.139686834772 0.602785744298
7.74/10.71	page-blocks 0.314673898609 0.135441632235 0.4431202442
7.93/10.96	breast-w 0.238325230189 0.0803166845334 0.472209100493
8.11/11.21	heart-h 0.229575426517 0.0713043762171 0.445382710801
8.29/11.47	yeast 0.368504347906 0.174446928921 0.340016409116
8.48/11.72	tae 0.265006129731 0.098913464875 0.159342290584
8.69/11.98	haberman 0.38527429175 0.207881830902 -0.107628768285
8.85/12.23	mfeat-pixel 0.343721795218 0.148417827406 0.21234865094
9.03/12.48	optdigits 0.245770985966 0.0768698727447 0.709768093554
9.23/12.73	mfeat-factors 0.262387366209 0.0964111667872 0.6095731441
9.40/12.98	satimage 0.291707822392 0.113404056207 0.29735275322
9.57/13.24	lymph 0.216727060337 0.0669867897461 0.587594897123
9.75/13.49	audiology 0.314223163661 0.123370127216 0.397870912188
9.95/13.74	ecoli 0.394706813555 0.197132442811 0.100518158969
10.17/14.00	tic-tac-toe 0.302231847322 0.137034510168 0.350359113576
10.34/14.25	spambase 0.261748701011 0.0941733728356 0.536204584338
10.52/14.51	zoo 0.156158703242 0.0346965401473 0.698778970066
10.69/14.76	sonar 0.480509361975 0.296280926514 -0.146090700495
10.88/15.01	mfeat-zernike 0.288839319946 0.115005166799 0.326118399998
11.06/15.27	kr-vs-kp 0.213156156709 0.0588278779044 0.630904972048
11.06/15.28	MAE 0.323752165012 0.0952203585148
11.06/15.28	MSE 0.149856925421 0.149856925421
11.06/15.28	Mean tau 0.313677668866 0.31167967359
11.06/15.28	(1.4736842105263157, '0_number_of_categorical_features')
11.06/15.28	(2.175438596491228, '1_number_of_numeric_features')
11.06/15.28	(2.789473684210526, '0_landmark_decision_tree')
11.06/15.28	(3.6491228070175437, '0_class_probability_max')
11.06/15.28	(4.7368421052631575, '0_number_of_classes')
11.06/15.28	(5.578947368421052, '1_number_of_categorical_features')
11.06/15.28	(5.5964912280701755, '0_landmark_lda')
11.06/15.28	(6.56140350877193, '0_landmark_naive_bayes')
11.06/15.28	(7.701754385964913, '0_number_of_features')
11.06/15.28	(8.403508771929825, '1_number_of_features')
11.06/15.28	(10.526315789473685, '1_class_probability_max')
11.06/15.28	(10.596491228070175, '1_landmark_naive_bayes')
11.06/15.28	(10.929824561403509, '1_landmark_decision_tree')
11.06/15.28	(12.052631578947368, '0_number_of_numeric_features')
11.06/15.28	(13.368421052631579, '1_landmark_lda')
11.06/15.28	(13.859649122807017, '1_number_of_classes')
11.06/15.28	Result for ParamILS: SAT, 14.385116, 1, 0.323752, -1, /home/feurerm/thesis/Software/pyMetaLearn/optimizers/metalearn_optimizer/learn_distances.py
