0.69/0.87	['/home/feurerm/thesis/Software/pyMetaLearn/optimizers/metalearn_optimizer/learn_distances.py', '--input_file', '/home/feurerm/thesis/experiments/2014_04_25_predict_distances/testfold_0-3_pfahringer_spearman_rank_perm.pkl', '--fold', '0', '--folds', '1', '--params', '-max_features', '0.207327017601', '-min_samples_leaf', '5', '-min_samples_split', '5', '-n_estimators', '50', '-n_jobs', '4', '-seed', '4']
0.69/0.88	Metafeatures (57, 8)
0.69/0.88	X (3192, 16)
0.69/0.88	Y (3192,)
0.69/0.88	Dataset Mae MSE Rho
1.18/1.23	vehicle 0.358932075693 0.159515117407 0.347773437461
1.71/1.60	anneal.ORIG 0.258587687776 0.0892371620105 0.614421286816
2.24/1.98	segment 0.25961095563 0.0852579709153 0.735948064218
2.77/2.36	pendigits 0.320855407932 0.130564712861 0.618623010502
3.31/2.74	mushroom 0.196207519145 0.04815145343 0.653529638054
3.83/3.12	labor 0.320338931654 0.140586801692 0.328057657085
4.36/3.50	abalone 0.314674143186 0.127583838667 0.527801136965
4.93/3.87	diabetes 0.471177864356 0.309648893876 -0.0400779797818
5.47/4.26	car 0.339857192745 0.165231399914 0.473501938551
5.99/4.64	autos 0.245677608329 0.0792765281633 0.502914004358
6.57/5.01	mfeat-fourier 0.540019797718 0.374463277078 -0.406920778591
7.10/5.39	primary-tumor 0.228799569468 0.0635365735711 0.552041850542
7.64/5.76	waveform-5000 0.232133988907 0.0739575529156 0.688113056092
8.20/6.13	credit-a 0.381653229041 0.200655297176 0.357146513378
8.74/6.51	letter 0.237383705161 0.0808253746494 0.626056829333
9.24/6.89	postoperative-patient-data 0.406878302085 0.199429654656 -0.0694900455893
9.81/7.26	vowel 0.48018976316 0.292552507327 0.0940539686814
10.37/7.64	eucalyptus 0.379543357703 0.187271150226 0.0911450830521
10.87/8.01	cylinder-bands 0.353571797295 0.157919175173 0.290888562932
11.41/8.39	ionosphere 0.421903024555 0.220812544979 0.0775702834486
11.97/8.77	mfeat-karhunen 0.19613662153 0.0533340852458 0.778611720115
12.48/9.16	balance-scale 0.230674223862 0.0732207871414 0.524569041821
13.04/9.53	mfeat-morphological 0.493539435815 0.319375364547 -0.246285649949
13.60/9.92	liver-disorders 0.331717236468 0.14044103606 0.479319709809
14.13/10.29	dermatology 0.194043701088 0.0494712584477 0.533618908223
14.69/10.67	vote 0.0693839365281 0.00803346263397 0.826769937756
15.25/11.05	breast-cancer 0.253982346526 0.0840104204715 0.090175454509
15.79/11.44	credit-g 0.531063291123 0.374532004112 -0.393022769473
16.33/11.81	soybean 0.125850631988 0.0243371588703 0.776026044
16.91/12.19	arrhythmia 0.286150441371 0.113492217768 0.112476911
17.44/12.56	nursery 0.298501087947 0.112697692513 0.506792518531
18.00/12.94	hepatitis 0.386233418044 0.209221631684 -0.561091716945
18.56/13.32	cmc 0.330001774185 0.129604267309 0.201682736966
19.09/13.69	heart-c 0.290142497448 0.111638296191 0.745644349649
19.61/14.08	glass 0.364769570707 0.163650937019 0.276990553814
20.18/14.46	braziltourism 0.516694146089 0.342617829747 -0.101487787512
20.74/14.85	iris 0.31172465022 0.124941009764 0.277636972843
21.28/15.22	heart-statlog 0.299754750189 0.123415464135 0.751138911394
21.89/15.60	page-blocks 0.291420328023 0.11803216796 0.452493320117
22.34/15.97	breast-w 0.221504517151 0.0691653772861 0.491601671355
22.93/16.36	heart-h 0.195263152184 0.0496715685216 0.628319295933
23.47/16.74	yeast 0.33392757671 0.140599494548 0.542345565111
24.00/17.12	tae 0.292851134998 0.107182018413 0.218166422199
24.62/17.51	haberman 0.254851986074 0.0932509562503 0.307695457679
25.09/17.88	mfeat-pixel 0.3403539414 0.141330406407 0.212995069969
25.64/18.26	optdigits 0.202214644728 0.0529471242906 0.764713710997
26.26/18.64	mfeat-factors 0.218866397276 0.0645133645756 0.720757217043
26.77/19.01	satimage 0.288293575266 0.109506526267 0.363287494151
27.31/19.39	lymph 0.180186990357 0.0472099575475 0.704596741325
27.91/19.76	audiology 0.346203040197 0.168409033097 0.301231267392
28.40/20.14	ecoli 0.423703638355 0.228074423164 0.0365226751237
28.94/20.51	tic-tac-toe 0.30704431851 0.140989211282 0.47123947195
29.53/20.89	spambase 0.223393519806 0.0649689760733 0.806730947865
30.07/21.27	zoo 0.123719367651 0.020044438838 0.78119739623
30.59/21.65	sonar 0.497719940436 0.310363512466 -0.16128154767
31.19/22.02	mfeat-zernike 0.271049736989 0.100071398153 0.4431202442
31.72/22.40	kr-vs-kp 0.197829172579 0.0499740828215 0.666458018629
31.72/22.43	MAE 0.306469415112 0.104097183923
31.72/22.43	MSE 0.137207297339 0.137207297339
31.72/22.43	Mean tau 0.375348312345 0.334346846377
31.72/22.43	(0.017543859649122806, '1_landmark_decision_tree')
31.72/22.43	(3.1052631578947367, '1_landmark_naive_bayes')
31.72/22.43	(3.2982456140350878, '0_landmark_decision_tree')
31.72/22.43	(3.526315789473684, '0_class_probability_max')
31.72/22.43	(3.912280701754386, '0_landmark_lda')
31.72/22.43	(4.140350877192983, '1_class_probability_max')
31.72/22.43	(4.842105263157895, '1_landmark_lda')
31.72/22.43	(5.350877192982456, '0_landmark_naive_bayes')
31.72/22.43	(8.526315789473685, '0_number_of_features')
31.72/22.43	(9.596491228070175, '0_number_of_categorical_features')
31.72/22.43	(10.842105263157896, '1_number_of_categorical_features')
31.72/22.43	(10.842105263157896, '1_number_of_features')
31.72/22.43	(11.456140350877194, '0_number_of_numeric_features')
31.72/22.43	(13.105263157894736, '1_number_of_numeric_features')
31.72/22.43	(13.491228070175438, '0_number_of_classes')
31.72/22.43	(13.947368421052632, '1_number_of_classes')
31.72/22.43	Result for ParamILS: SAT, 21.556746, 1, 0.306469, -1, /home/feurerm/thesis/Software/pyMetaLearn/optimizers/metalearn_optimizer/learn_distances.py
