0.78/0.92	['/home/feurerm/thesis/Software/pyMetaLearn/optimizers/metalearn_optimizer/learn_distances.py', '--input_file', '/home/feurerm/thesis/experiments/2014_04_25_predict_distances/testfold_0-3_pfahringer_spearman_rank_perm.pkl', '--fold', '0', '--folds', '1', '--params', '-max_features', '0.192489589499', '-min_samples_leaf', '3', '-min_samples_split', '8', '-n_estimators', '73', '-n_jobs', '4', '-seed', '25']
0.78/0.92	Metafeatures (57, 8)
0.78/0.92	X (3192, 16)
0.78/0.92	Y (3192,)
0.78/0.92	Dataset Mae MSE Rho
1.43/1.38	vehicle 0.336213334596 0.1404827528 0.445059501286
2.23/1.77	anneal.ORIG 0.261213745974 0.0926246671519 0.581777125864
3.08/2.18	segment 0.237492298557 0.0702882051333 0.767299387112
3.88/2.67	pendigits 0.299761333311 0.111957427598 0.671629370859
4.70/3.17	mushroom 0.185581023094 0.0439791821094 0.654499266597
5.52/3.57	labor 0.318289806829 0.135860855832 0.3891442553
6.33/4.07	abalone 0.295900893007 0.111412398131 0.582100335379
7.14/4.46	diabetes 0.462146851156 0.290491256952 0.100841368483
7.95/4.96	car 0.3186582167 0.142084159883 0.482551804953
8.80/5.46	autos 0.243306855415 0.0743030724281 0.649651123882
9.60/5.97	mfeat-fourier 0.540249834935 0.37588302068 -0.376215874726
10.41/6.36	primary-tumor 0.237347651691 0.0707104376691 0.592443039838
11.21/6.76	waveform-5000 0.203241868739 0.0589743696823 0.715909074327
12.02/7.27	credit-a 0.371440382479 0.189827632194 0.421465206737
12.82/7.77	letter 0.247060303437 0.0870028569345 0.665488390086
13.63/8.27	postoperative-patient-data 0.412912218657 0.204397844726 -0.1102144444
14.46/8.77	vowel 0.467339610906 0.275288213483 0.140272929236
15.25/9.28	eucalyptus 0.380928103553 0.189101194257 0.0953468067389
16.09/9.79	cylinder-bands 0.358671189843 0.163426905186 0.245962440435
17.02/10.20	ionosphere 0.417803251463 0.214302018 0.0416940273536
17.72/10.69	mfeat-karhunen 0.159821270694 0.0375456304434 0.820305747469
18.51/11.18	balance-scale 0.221899528901 0.068684126265 0.515195965904
19.32/11.68	mfeat-morphological 0.504247310974 0.333209500188 -0.302200895935
20.13/12.18	liver-disorders 0.314448966649 0.123820626343 0.645126190681
20.96/12.69	dermatology 0.194647715682 0.0501560122851 0.536851003367
21.79/13.77	vote 0.066168708355 0.00736985553504 0.828709194842
22.62/15.43	breast-cancer 0.262683529083 0.0866928678751 0.107628768285
23.46/16.05	credit-g 0.509914908668 0.348366619669 -0.4431202442
24.27/16.54	soybean 0.126622466985 0.0254880216905 0.737240902276
25.09/17.02	arrhythmia 0.295284167373 0.119062265907 0.124435663032
25.95/17.56	nursery 0.28713027947 0.0997510304521 0.585009221008
26.74/18.07	hepatitis 0.385690375055 0.211631948022 -0.532002860651
27.58/18.52	cmc 0.335845358145 0.133203658433 0.209439765311
28.39/19.11	heart-c 0.249872667035 0.0823544727372 0.819012909411
29.33/19.60	glass 0.343554730485 0.145470466111 0.411122502277
30.06/20.19	braziltourism 0.481412604852 0.301782041764 -0.0378155131812
30.90/20.61	iris 0.295650149862 0.112807355094 0.324502352427
31.75/21.10	heart-statlog 0.277560602207 0.104431818244 0.778934929629
32.57/21.60	page-blocks 0.302412983732 0.127995380014 0.425666930424
33.51/22.20	breast-w 0.23440302096 0.0761011404527 0.434716796826
34.23/22.71	heart-h 0.189547871657 0.0464589377263 0.641894095537
35.16/23.20	yeast 0.306123176423 0.119178243614 0.603108953813
35.87/23.71	tae 0.300428314381 0.115265851163 0.150292424182
36.79/24.21	haberman 0.2341739387 0.0759646070742 0.415647435479
37.51/24.82	mfeat-pixel 0.323660994875 0.127599606891 0.265678220811
38.36/25.33	optdigits 0.174448369114 0.0398444598226 0.78636874846
39.15/25.82	mfeat-factors 0.207186553898 0.0616952589514 0.728837454902
40.08/26.41	satimage 0.268068752701 0.0974364268252 0.425020511395
40.83/26.91	lymph 0.181063595442 0.0462119304603 0.65837778077
41.70/27.41	audiology 0.341537426984 0.15744857476 0.277313763329
42.44/27.92	ecoli 0.403265794757 0.206098701176 0.157726243012
43.26/28.42	tic-tac-toe 0.312221371462 0.147024923839 0.574989726063
44.05/28.83	spambase 0.214356500071 0.0617536069036 0.794125776805
44.84/29.32	zoo 0.123802480995 0.0200474999511 0.75534063508
45.65/29.82	sonar 0.506932443793 0.323451262527 -0.187461518334
46.45/30.21	mfeat-zernike 0.268441934087 0.10087436739 0.483198223982
47.25/30.61	kr-vs-kp 0.178356424171 0.040340827979 0.705566369868
47.25/30.65	MAE 0.29786747479 0.104246429452
47.25/30.65	MSE 0.130263480621 0.130263480621
47.25/30.65	Mean tau 0.403184022977 0.340504484519
47.25/30.65	(0.38596491228070173, '0_landmark_decision_tree')
47.25/30.65	(1.456140350877193, '0_landmark_naive_bayes')
47.25/30.65	(1.631578947368421, '1_landmark_decision_tree')
47.25/30.65	(2.6842105263157894, '1_class_probability_max')
47.25/30.65	(4.7894736842105265, '0_class_probability_max')
47.25/30.65	(4.912280701754386, '1_landmark_naive_bayes')
47.25/30.65	(5.421052631578948, '1_landmark_lda')
47.25/30.65	(7.192982456140351, '0_landmark_lda')
47.25/30.65	(7.7368421052631575, '0_number_of_features')
47.25/30.65	(10.473684210526315, '0_number_of_numeric_features')
47.25/30.65	(10.508771929824562, '0_number_of_categorical_features')
47.25/30.65	(11.280701754385966, '1_number_of_features')
47.25/30.65	(12.070175438596491, '1_number_of_numeric_features')
47.25/30.65	(12.298245614035087, '1_number_of_categorical_features')
47.25/30.65	(13.105263157894736, '1_number_of_classes')
47.25/30.65	(14.052631578947368, '0_number_of_classes')
47.25/30.65	Result for ParamILS: SAT, 29.736064, 1, 0.297867, -1, /home/feurerm/thesis/Software/pyMetaLearn/optimizers/metalearn_optimizer/learn_distances.py
