0.80/1.00	['/home/feurerm/thesis/Software/pyMetaLearn/optimizers/metalearn_optimizer/learn_distances.py', '--input_file', '/home/feurerm/thesis/experiments/2014_04_25_predict_distances/testfold_0-3_pfahringer_spearman_rank_perm.pkl', '--fold', '0', '--folds', '1', '--params', '-max_features', '0.463179474535', '-min_samples_leaf', '8', '-min_samples_split', '9', '-n_estimators', '55', '-n_jobs', '4', '-seed', '10']
0.80/1.01	Metafeatures (57, 8)
0.80/1.01	X (3192, 16)
0.80/1.01	Y (3192,)
0.80/1.01	Dataset Mae MSE Rho
1.59/1.46	vehicle 0.370006953831 0.17212025551 0.27149599207
2.48/1.93	anneal.ORIG 0.416718543009 0.211708888627 0.511963870761
3.40/2.41	segment 0.237216469911 0.0712125052144 0.768269015655
4.28/2.89	pendigits 0.31152853297 0.121464408255 0.65320642854
5.18/3.37	mushroom 0.193124742804 0.0468850977512 0.653529638054
6.08/3.86	labor 0.303951929343 0.131453261279 0.227539498116
7.02/4.34	abalone 0.304378502015 0.117325376784 0.552688269571
7.91/4.82	diabetes 0.509367758912 0.334648985548 0.142535395837
8.80/5.29	car 0.355111341257 0.173130957087 0.345834180375
9.73/5.76	autos 0.237382725928 0.0728348200012 0.578868240235
10.62/6.23	mfeat-fourier 0.5542916637 0.401956469485 -0.465421700691
11.49/6.71	primary-tumor 0.227209552144 0.0639935014788 0.516812013476
12.38/7.19	waveform-5000 0.198539131531 0.055786146553 0.718494750442
13.35/7.67	credit-a 0.372580194023 0.193860610147 0.416617064022
14.23/8.15	letter 0.256994801005 0.0913343992323 0.627026457876
15.14/8.63	postoperative-patient-data 0.411642355059 0.215235878878 0.0336137894944
16.13/9.10	vowel 0.449219260983 0.248932582773 0.269879944498
16.96/9.58	eucalyptus 0.398041261618 0.209709034024 0.0219782469771
17.86/10.06	cylinder-bands 0.326110689006 0.132209278059 0.439241730028
18.81/10.56	ionosphere 0.423862534306 0.21082568886 -0.0161604757185
19.74/11.03	mfeat-karhunen 0.186864125785 0.0492207113771 0.781843815259
20.65/11.52	balance-scale 0.252393172036 0.086992455423 0.378478341326
21.54/12.00	mfeat-morphological 0.448343096312 0.262599252706 -0.210409393854
22.47/12.49	liver-disorders 0.30452329088 0.122533413026 0.362964284636
23.48/13.00	dermatology 0.192551134859 0.0487164845838 0.538467050939
24.36/13.49	vote 0.07597711781 0.00881220475355 0.817073652325
25.28/13.97	breast-cancer 0.150352095475 0.031227771221 0.347450227947
26.22/14.45	credit-g 0.587819014527 0.462998490171 -0.659347409313
27.13/14.94	soybean 0.12042826828 0.0224203723641 0.721726845586
28.03/15.42	arrhythmia 0.278254057397 0.108784765986 0.209116555797
28.93/15.92	nursery 0.290804699268 0.1092652583 0.549132964913
29.88/16.46	hepatitis 0.306944744845 0.130526830716 -0.0869433593653
30.77/16.94	cmc 0.274034520031 0.0943686608541 0.288949305846
31.66/17.41	heart-c 0.267358524392 0.0935332802501 0.753724587509
32.63/17.90	glass 0.34264967595 0.143458191002 0.406274359562
33.47/18.38	braziltourism 0.457965714371 0.272097266482 0.0730453502474
34.38/18.85	iris 0.302193945002 0.120361769194 0.287333258274
35.28/19.32	heart-statlog 0.283280138611 0.105657514031 0.716555493356
36.21/19.82	page-blocks 0.390062907227 0.201925470131 0.329027285628
37.17/20.30	breast-w 0.231989763594 0.0725539503201 0.437302472941
38.00/20.78	heart-h 0.195893458765 0.0494754795011 0.565616650146
38.94/21.28	yeast 0.317037769326 0.128302960005 0.556889993258
39.84/21.75	tae 0.346127908102 0.147701187388 0.157726243012
40.80/22.25	haberman 0.249168610186 0.081368546969 0.140596138751
41.72/22.72	mfeat-pixel 0.343056571757 0.144317813856 0.206207670167
42.70/23.20	optdigits 0.215881960397 0.060664535622 0.713323398212
43.52/23.67	mfeat-factors 0.220329852166 0.067307373869 0.709768093554
44.51/24.14	satimage 0.265332884289 0.0969368711183 0.447645177401
45.36/24.62	lymph 0.204063675166 0.0610090277649 0.529740394051
46.31/25.12	audiology 0.324550004312 0.138229530969 0.376862293754
47.24/25.59	ecoli 0.406498166281 0.212613194128 0.0862969403365
48.15/26.06	tic-tac-toe 0.289566010508 0.126651295745 0.552365060057
49.04/26.54	spambase 0.21967521613 0.0635425024628 0.826769937756
49.94/27.02	zoo 0.120369568425 0.020585197025 0.789600843604
50.91/27.50	sonar 0.520763814651 0.341151634743 -0.25371946878
51.73/27.99	mfeat-zernike 0.260706669576 0.0940113097048 0.484814271554
52.62/28.46	kr-vs-kp 0.200845086446 0.0511988436421 0.66064024737
52.62/28.49	MAE 0.303542739938 0.107827381613
52.62/28.49	MSE 0.135258764262 0.135258764262
52.62/28.49	Mean tau 0.383524946024 0.319134088812
52.62/28.49	(0.19298245614035087, '0_class_probability_max')
52.62/28.49	(0.8070175438596491, '1_class_probability_max')
52.62/28.49	(2.4210526315789473, '1_landmark_decision_tree')
52.62/28.49	(2.7719298245614037, '0_landmark_decision_tree')
52.62/28.49	(4.280701754385965, '0_landmark_naive_bayes')
52.62/28.49	(4.56140350877193, '1_landmark_naive_bayes')
52.62/28.49	(6.43859649122807, '1_landmark_lda')
52.62/28.49	(8.491228070175438, '1_number_of_categorical_features')
52.62/28.49	(8.947368421052632, '1_number_of_numeric_features')
52.62/28.49	(9.175438596491228, '0_landmark_lda')
52.62/28.49	(9.350877192982455, '0_number_of_numeric_features')
52.62/28.49	(10.614035087719298, '0_number_of_categorical_features')
52.62/28.49	(11.228070175438596, '0_number_of_features')
52.62/28.49	(11.719298245614034, '1_number_of_features')
52.62/28.49	(14.350877192982455, '1_number_of_classes')
52.62/28.49	(14.649122807017545, '0_number_of_classes')
52.62/28.49	Result for ParamILS: SAT, 27.486211, 1, 0.303543, -1, /home/feurerm/thesis/Software/pyMetaLearn/optimizers/metalearn_optimizer/learn_distances.py
