0.78/0.91	['/home/feurerm/thesis/Software/pyMetaLearn/optimizers/metalearn_optimizer/learn_distances.py', '--input_file', '/home/feurerm/thesis/experiments/2014_04_25_predict_distances/testfold_0-3_pfahringer_spearman_rank_perm.pkl', '--fold', '0', '--folds', '1', '--params', '-max_features', '0.558744215836', '-min_samples_leaf', '2', '-min_samples_split', '2', '-n_estimators', '62', '-n_jobs', '4', '-seed', '30']
0.78/0.92	Metafeatures (57, 8)
0.78/0.92	X (3192, 16)
0.78/0.92	Y (3192,)
0.78/0.92	Dataset Mae MSE Rho
2.10/1.58	vehicle 0.322948135495 0.128824971254 0.446352339344
3.62/2.18	anneal.ORIG 0.36214262905 0.165284907511 0.499035490186
5.04/2.77	segment 0.143818591133 0.0260346092242 0.871372850739
6.49/3.37	pendigits 0.241708218569 0.0758012169838 0.750492492365
7.99/3.99	mushroom 0.159530368654 0.0324211615266 0.711384141126
9.48/4.71	labor 0.334943207874 0.156389000604 0.190047194449
10.98/5.32	abalone 0.192149506803 0.0469860902115 0.772147529828
12.49/6.04	diabetes 0.505447177216 0.321845829445 0.202975575024
13.96/6.64	car 0.318150889617 0.133336112779 0.397870912188
15.41/7.24	autos 0.206943454304 0.0562055298473 0.692314779779
16.90/7.86	mfeat-fourier 0.593457057451 0.460236539421 -0.521013737163
18.37/8.49	primary-tumor 0.205054707095 0.0529150880102 0.590826992267
19.85/9.19	waveform-5000 0.154088916513 0.0363599783362 0.773440367885
21.38/9.90	credit-a 0.363593012077 0.187732094953 0.488692785726
22.90/10.50	letter 0.227566652558 0.0703916381002 0.615067705844
24.34/11.10	postoperative-patient-data 0.413594850074 0.217407078245 0.136717624578
25.84/11.70	vowel 0.403764938341 0.20710715914 0.413061759364
27.22/12.41	eucalyptus 0.445140630658 0.26099014911 -0.108921606342
28.66/13.00	cylinder-bands 0.321546973428 0.131405673865 0.47641082418
30.15/13.60	ionosphere 0.379768524038 0.176862517488 0.220105679285
31.61/14.31	mfeat-karhunen 0.125124748248 0.024872392757 0.853919536963
33.05/15.03	balance-scale 0.212116357501 0.062532007463 0.59405908741
34.57/15.65	mfeat-morphological 0.470881486036 0.293346380441 -0.195541756193
35.99/16.35	liver-disorders 0.24137220489 0.0734129241385 0.666781228143
37.45/17.05	dermatology 0.216074340164 0.0595763405317 0.472209100493
38.92/17.76	vote 0.0746824754599 0.00970657114351 0.787661586517
40.45/18.49	breast-cancer 0.197719652919 0.0473256562269 0.329673704656
41.96/19.13	credit-g 0.580077899077 0.451576344881 -0.56367739306
43.50/19.75	soybean 0.117818735282 0.0222113401754 0.718494750442
44.92/20.46	arrhythmia 0.272496883843 0.101396939619 0.196511384736
46.43/21.06	nursery 0.260057504903 0.0868986274984 0.617330172445
47.90/21.67	hepatitis 0.264058849736 0.0931802041443 0.319654209711
49.35/22.27	cmc 0.324548591004 0.139106152245 0.191986451535
50.82/22.87	heart-c 0.172847083058 0.0417696846842 0.893351097716
52.29/23.47	glass 0.336372357455 0.140073367977 0.430191863625
53.86/24.19	braziltourism 0.456759235629 0.26827992831 -0.0226246660058
55.27/24.90	iris 0.287474288155 0.108006289782 0.395285236073
56.76/25.50	heart-statlog 0.23237246168 0.0757099066604 0.805438109808
58.35/26.20	page-blocks 0.349158994565 0.168904431636 0.268587106441
59.75/26.81	breast-w 0.203305238336 0.056053762474 0.552688269571
61.32/27.50	heart-h 0.133401645485 0.0259601300097 0.727544616845
62.70/28.12	yeast 0.22736903963 0.0648369642627 0.772470739342
64.19/28.74	tae 0.388717672714 0.182465100113 0.132192691377
65.63/29.34	haberman 0.252330639151 0.0830971829881 0.190370403963
67.13/29.94	mfeat-pixel 0.356660794283 0.154852825815 0.215903955599
68.58/30.54	optdigits 0.121902671477 0.0199073631256 0.842283994446
70.04/31.25	mfeat-factors 0.169923884426 0.041606522314 0.767622596626
71.57/31.86	satimage 0.231941771489 0.0750989049394 0.606017839442
73.00/32.58	lymph 0.217140948539 0.0716455218621 0.460573557976
74.45/33.18	audiology 0.305322273882 0.122016592453 0.400133378789
75.91/33.89	ecoli 0.386328121999 0.191469816035 0.26115328761
77.45/34.50	tic-tac-toe 0.279096542306 0.116723203584 0.630904972048
78.90/35.20	spambase 0.220414176976 0.0586528363035 0.856182003564
80.28/36.51	zoo 0.085145715313 0.0103627675169 0.863939031908
81.79/37.11	sonar 0.493128205519 0.306856812077 -0.0672275789888
83.26/37.70	mfeat-zernike 0.251024968994 0.0888412940869 0.486107109611
84.73/38.31	kr-vs-kp 0.141967044037 0.025717664286 0.780874186716
84.73/38.35	MAE 0.279868314826 0.119604456554
84.73/38.35	MSE 0.121203300011 0.121203300011
84.73/38.35	Mean tau 0.453638729273 0.3326472588
84.73/38.35	(0.43859649122807015, '0_class_probability_max')
84.73/38.35	(0.5614035087719298, '1_class_probability_max')
84.73/38.35	(2.2982456140350878, '0_landmark_decision_tree')
84.73/38.35	(2.719298245614035, '1_landmark_decision_tree')
84.73/38.35	(4.4035087719298245, '1_landmark_naive_bayes')
84.73/38.35	(4.771929824561403, '0_landmark_naive_bayes')
84.73/38.35	(7.473684210526316, '0_landmark_lda')
84.73/38.35	(7.701754385964913, '0_number_of_numeric_features')
84.73/38.35	(7.947368421052632, '1_landmark_lda')
84.73/38.35	(9.56140350877193, '1_number_of_numeric_features')
84.73/38.35	(9.789473684210526, '0_number_of_features')
84.73/38.35	(10.596491228070175, '1_number_of_categorical_features')
84.73/38.35	(10.87719298245614, '0_number_of_categorical_features')
84.73/38.35	(11.859649122807017, '1_number_of_features')
84.73/38.35	(14.456140350877194, '1_number_of_classes')
84.73/38.35	(14.543859649122806, '0_number_of_classes')
84.73/38.35	Result for ParamILS: SAT, 37.437331, 1, 0.279868, -1, /home/feurerm/thesis/Software/pyMetaLearn/optimizers/metalearn_optimizer/learn_distances.py
