0.70/0.96	['/home/feurerm/thesis/Software/pyMetaLearn/optimizers/metalearn_optimizer/learn_distances.py', '--input_file', '/home/feurerm/thesis/experiments/2014_04_25_predict_distances/testfold_0-3_pfahringer_spearman_rank_perm.pkl', '--fold', '0', '--folds', '1', '--params', '-max_features', '0.311369820477', '-min_samples_leaf', '9', '-min_samples_split', '9', '-n_estimators', '83', '-n_jobs', '4', '-seed', '74']
0.70/0.97	Metafeatures (57, 8)
0.70/0.97	X (3192, 16)
0.70/0.97	Y (3192,)
0.70/0.97	Dataset Mae MSE Rho
1.49/1.42	vehicle 0.363128491223 0.164069826845 0.324825561941
2.41/1.92	anneal.ORIG 0.295064621036 0.115084230545 0.5555971552
3.32/2.42	segment 0.27144314563 0.0924490509896 0.735948064218
4.21/2.91	pendigits 0.352538560209 0.152695267259 0.549779383942
5.10/3.41	mushroom 0.212801481418 0.0565936030076 0.604725001384
6.03/3.90	labor 0.266974466309 0.0985120670166 0.46606811972
6.93/4.40	abalone 0.339598347527 0.145193205344 0.510347823189
7.88/4.93	diabetes 0.477004481836 0.310696566364 0.0374923036668
8.87/5.42	car 0.35711272121 0.178088031838 0.384619322099
9.71/6.11	autos 0.265397856685 0.091433234749 0.501944375815
10.60/6.93	mfeat-fourier 0.529296135861 0.365314025099 -0.440211358571
11.52/7.43	primary-tumor 0.231964133684 0.0654933394819 0.538467050939
12.42/7.93	waveform-5000 0.239314088829 0.076841635001 0.686820218034
13.33/8.53	credit-a 0.387817464315 0.207545723507 0.325148771455
14.23/9.12	letter 0.241534680006 0.0837418803874 0.665488390086
15.18/9.64	postoperative-patient-data 0.412270797119 0.205939392048 -0.0927611306239
16.07/10.24	vowel 0.47329742344 0.276350485076 0.106012720713
16.99/10.83	eucalyptus 0.374907554173 0.184639085431 0.121526777403
17.92/11.43	cylinder-bands 0.347738508064 0.156727711275 0.393992398016
18.84/11.93	ionosphere 0.41318185904 0.208129424923 0.0643186933594
19.75/12.44	mfeat-karhunen 0.214810764438 0.0633783551439 0.737240902276
20.67/13.07	balance-scale 0.221224662126 0.0686434156528 0.540729517539
21.60/13.67	mfeat-morphological 0.469069622297 0.293351552158 -0.193925708621
22.59/14.27	liver-disorders 0.285857778094 0.1097205254 0.585655640037
23.42/14.76	dermatology 0.189583787673 0.0461552726836 0.570788002376
24.41/15.35	vote 0.0862218602809 0.0115177749132 0.803175643207
25.26/15.95	breast-cancer 0.209029299609 0.0592885859116 0.231741221803
26.21/16.45	credit-g 0.529837092001 0.374494508864 -0.572727259462
27.06/17.04	soybean 0.133245460786 0.027495570484 0.772793948856
28.05/17.53	arrhythmia 0.282271204425 0.111340076105 0.161604757185
28.90/18.03	nursery 0.309993814553 0.118991714033 0.477380452723
29.82/18.53	hepatitis 0.381533019595 0.209409711813 -0.525861879878
30.72/19.13	cmc 0.295691837963 0.102449470418 0.279899439444
31.69/19.72	heart-c 0.286270233789 0.106594577856 0.734008807132
32.52/20.22	glass 0.36169709383 0.157825427075 0.37136773201
33.42/20.73	braziltourism 0.474824342472 0.289432343901 0.0549456174427
34.39/21.35	iris 0.316913432621 0.128079429146 0.256305144895
35.38/22.02	heart-statlog 0.322535283676 0.13888668767 0.704596741325
36.23/22.52	page-blocks 0.335911918344 0.153442657678 0.462512815062
37.21/23.01	breast-w 0.233831484614 0.0753108854062 0.427929397025
38.09/23.64	heart-h 0.2103547722 0.0563759051816 0.591150201781
39.10/24.16	yeast 0.351480246566 0.153338624507 0.529740394051
39.99/24.66	tae 0.323586889931 0.129308900807 0.145444281466
41.00/25.25	haberman 0.260822832117 0.0899707820376 0.158372662041
41.85/25.76	mfeat-pixel 0.331947585817 0.137373566981 0.213964698512
42.77/26.26	optdigits 0.240127242658 0.0730538153876 0.717525121899
43.69/26.76	mfeat-factors 0.247830575648 0.0854844418561 0.659670618827
44.59/27.26	satimage 0.279407694323 0.104773598576 0.396578074131
45.47/27.76	lymph 0.185169084345 0.0493056164493 0.670336532801
46.37/28.36	audiology 0.34185207612 0.157887445529 0.297675962734
47.28/28.87	ecoli 0.401754565867 0.207386303569 0.141888976808
48.20/29.41	tic-tac-toe 0.275734415039 0.116164873189 0.562384555002
49.10/30.01	spambase 0.221516736097 0.065061920948 0.750492492365
50.00/30.51	zoo 0.147817100526 0.0289363219359 0.714293026756
50.91/31.01	sonar 0.501524616584 0.313311577365 -0.171301042616
51.87/31.63	mfeat-zernike 0.270724201209 0.0984977128246 0.467037748263
52.79/32.14	kr-vs-kp 0.217890424208 0.0604225387364 0.623794362732
52.79/32.18	MAE 0.308811962633 0.0978412012245
52.79/32.18	MSE 0.136982460954 0.136982460954
52.79/32.18	Mean tau 0.375251916525 0.32450405517
52.79/32.18	(0.5263157894736842, '1_class_probability_max')
52.79/32.18	(1.456140350877193, '0_landmark_decision_tree')
52.79/32.18	(1.5087719298245614, '1_landmark_decision_tree')
52.79/32.18	(2.526315789473684, '0_class_probability_max')
52.79/32.18	(4.508771929824562, '0_landmark_naive_bayes')
52.79/32.18	(4.7894736842105265, '1_landmark_naive_bayes')
52.79/32.18	(6.421052631578948, '1_landmark_lda')
52.79/32.18	(6.649122807017544, '0_landmark_lda')
52.79/32.18	(8.947368421052632, '0_number_of_features')
52.79/32.18	(9.666666666666666, '1_number_of_features')
52.79/32.18	(10.105263157894736, '1_number_of_categorical_features')
52.79/32.18	(10.157894736842104, '1_number_of_numeric_features')
52.79/32.18	(11.508771929824562, '0_number_of_numeric_features')
52.79/32.18	(12.456140350877194, '0_number_of_categorical_features')
52.79/32.18	(13.912280701754385, '0_number_of_classes')
52.79/32.18	(14.859649122807017, '1_number_of_classes')
52.79/32.18	Result for ParamILS: SAT, 31.215272, 1, 0.308812, -1, /home/feurerm/thesis/Software/pyMetaLearn/optimizers/metalearn_optimizer/learn_distances.py
