0.72/1.33	['/home/feurerm/thesis/Software/pyMetaLearn/optimizers/metalearn_optimizer/learn_distances.py', '--input_file', '/home/feurerm/thesis/experiments/2014_04_25_predict_distances/testfold_0-3_pfahringer_spearman_rank_perm.pkl', '--fold', '0', '--folds', '1', '--params', '-max_features', '0.970543357746', '-min_samples_leaf', '4', '-min_samples_split', '4', '-n_estimators', '55', '-n_jobs', '4', '-seed', '47']
0.72/1.33	Metafeatures (57, 8)
0.72/1.33	X (3192, 16)
0.72/1.33	Y (3192,)
0.72/1.33	Dataset Mae MSE Rho
2.42/1.98	vehicle 0.359355764341 0.155681413628 0.334845056886
4.35/2.65	anneal.ORIG 0.506488144515 0.322499042529 -0.0846808927647
6.21/3.33	segment 0.160978907059 0.033033916834 0.853273117934
8.05/4.01	pendigits 0.248122739181 0.0822486690999 0.73756411179
9.88/4.68	mushroom 0.179956675785 0.0415749061985 0.640924466994
11.73/5.36	labor 0.321239942028 0.13840108723 0.201359527452
13.63/6.04	abalone 0.218646291433 0.0614820030558 0.730776711988
15.55/6.74	diabetes 0.529238365919 0.344424837389 0.223014564915
17.49/7.43	car 0.369687540879 0.183139683151 0.245962440435
19.39/8.12	autos 0.199153310929 0.0524335715666 0.75307816848
21.22/8.80	mfeat-fourier 0.578999714786 0.442127689806 -0.457018253318
23.08/9.49	primary-tumor 0.211072377166 0.0567050930063 0.576605773634
24.98/10.18	waveform-5000 0.139561692185 0.0307147483408 0.7737635774
26.83/10.86	credit-a 0.350769711774 0.175874659194 0.475441195637
28.69/11.54	letter 0.238696902215 0.0766862911211 0.603755372841
30.57/12.22	postoperative-patient-data 0.450438814989 0.267184076719 0.0504206842416
32.41/12.92	vowel 0.389007938182 0.186309152623 0.457341462832
34.35/13.60	eucalyptus 0.476407864485 0.298284396613 -0.19974347988
36.13/14.30	cylinder-bands 0.339898450297 0.13955951153 0.372014151039
38.10/15.00	ionosphere 0.41363509422 0.199999412005 0.0591473411295
39.92/15.68	mfeat-karhunen 0.135649940528 0.0312016483746 0.807700576408
41.76/16.36	balance-scale 0.24651245569 0.08041996332 0.38171043647
43.59/17.04	mfeat-morphological 0.446725209205 0.26026741178 -0.122173196432
45.41/17.72	liver-disorders 0.318984056735 0.131127306013 0.511963870761
47.28/18.51	dermatology 0.209501993544 0.0564214532021 0.467037748263
49.21/19.31	vote 0.0791734894474 0.0107479978541 0.769238644198
51.10/19.99	breast-cancer 0.1378083988 0.0276112112443 0.393992398016
53.01/20.66	credit-g 0.713864443491 0.670192703944 -0.644479771652
54.87/21.34	soybean 0.124975465552 0.0261108140615 0.705889579382
56.73/22.03	arrhythmia 0.250388121521 0.0840295618139 0.426636558967
58.58/22.72	nursery 0.237349129154 0.072624670721 0.676477513574
60.42/23.41	hepatitis 0.222440000846 0.0712796943234 0.562061345488
62.36/24.11	cmc 0.251750101739 0.0844053343554 0.36102502755
64.15/24.80	heart-c 0.179537492678 0.0456931668439 0.861353355794
66.02/25.49	glass 0.343305406039 0.143895565242 0.379771179384
67.89/26.19	braziltourism 0.461739456806 0.27877502586 0.0242407135777
69.83/27.55	iris 0.275615874233 0.0990484907604 0.376862293754
71.75/29.29	heart-statlog 0.192426441747 0.049956114999 0.8300020329
73.67/30.25	page-blocks 0.506715649793 0.348281677581 -0.174209928245
75.54/30.93	breast-w 0.231542061474 0.0708591131987 0.583716382951
77.43/31.60	heart-h 0.154835991953 0.0330469964247 0.68649700852
79.31/32.30	yeast 0.244144015949 0.0713480078422 0.760835196825
81.11/33.00	tae 0.383669449055 0.173555976161 0.209762974826
82.96/33.69	haberman 0.297171296144 0.114919279252 -0.0138980091179
84.82/34.37	mfeat-pixel 0.37081956394 0.172685829373 0.191340032506
86.75/35.15	optdigits 0.142484456714 0.0267731368208 0.802852433693
88.58/35.84	mfeat-factors 0.176188891556 0.0456847651466 0.751462120908
90.43/36.52	satimage 0.256557673813 0.0896263868867 0.48158217641
92.26/37.20	lymph 0.254377494977 0.0989031433919 0.346803808918
94.11/37.89	audiology 0.304100996347 0.115987756249 0.402719054904
95.98/38.57	ecoli 0.389487414242 0.19465637816 0.231094802774
97.92/39.26	tic-tac-toe 0.356352901091 0.199046686592 0.130899853319
99.77/39.94	spambase 0.227697807759 0.0583077186804 0.850041022791
101.71/40.63	zoo 0.0964972324898 0.0125915288117 0.868787174624
103.57/41.32	sonar 0.501785321827 0.312590528513 -0.179704489989
105.46/42.01	mfeat-zernike 0.24199814615 0.0819673115531 0.51713522299
107.44/42.70	kr-vs-kp 0.148205763646 0.0286316546639 0.771177901285
107.44/42.73	MAE 0.29462694472 0.133027001675
107.44/42.73	MSE 0.136169055643 0.136169055643
107.44/42.73	Mean tau 0.409404388543 0.351680839788
107.44/42.73	(0.12280701754385964, '1_class_probability_max')
107.44/42.73	(0.8771929824561403, '0_class_probability_max')
107.44/42.73	(2.508771929824561, '0_landmark_naive_bayes')
107.44/42.73	(2.9473684210526314, '1_landmark_naive_bayes')
107.44/42.73	(6.140350877192983, '0_landmark_decision_tree')
107.44/42.73	(6.175438596491228, '1_number_of_numeric_features')
107.44/42.73	(6.192982456140351, '0_number_of_numeric_features')
107.44/42.73	(6.947368421052632, '1_number_of_categorical_features')
107.44/42.73	(7.421052631578948, '0_number_of_categorical_features')
107.44/42.73	(8.789473684210526, '1_landmark_decision_tree')
107.44/42.73	(9.140350877192983, '0_number_of_features')
107.44/42.73	(9.228070175438596, '1_number_of_features')
107.44/42.73	(12.140350877192983, '1_landmark_lda')
107.44/42.73	(12.368421052631579, '0_landmark_lda')
107.44/42.73	(14.421052631578947, '0_number_of_classes')
107.44/42.73	(14.578947368421053, '1_number_of_classes')
107.44/42.73	Result for ParamILS: SAT, 41.402378, 1, 0.294627, -1, /home/feurerm/thesis/Software/pyMetaLearn/optimizers/metalearn_optimizer/learn_distances.py
