0.79/1.02	['/home/feurerm/thesis/Software/pyMetaLearn/optimizers/metalearn_optimizer/learn_distances.py', '--input_file', '/home/feurerm/thesis/experiments/2014_04_25_predict_distances/testfold_0-3_pfahringer_spearman_rank_perm.pkl', '--fold', '0', '--folds', '1', '--params', '-max_features', '0.178869648034', '-min_samples_leaf', '5', '-min_samples_split', '1', '-n_estimators', '94', '-n_jobs', '4', '-seed', '95']
0.79/1.03	Metafeatures (57, 8)
0.79/1.03	X (3192, 16)
0.79/1.03	Y (3192,)
0.79/1.03	Dataset Mae MSE Rho
1.44/1.59	vehicle 0.364621151126 0.168619540273 0.326764819027
2.31/2.19	anneal.ORIG 0.242278847941 0.0803281968959 0.633490648163
3.14/2.80	segment 0.278564637413 0.0981518102646 0.70944488404
3.91/3.41	pendigits 0.354302271819 0.151131573046 0.539113469968
4.61/4.01	mushroom 0.210739684824 0.0539692687307 0.615714124873
5.42/4.63	labor 0.296057972642 0.117994131403 0.461543186519
6.22/5.25	abalone 0.33624755973 0.145440356684 0.489985623783
7.03/5.88	diabetes 0.444247231566 0.281098516702 -0.0232710850346
7.89/6.50	car 0.342426884163 0.162189529178 0.446675548858
8.67/7.11	autos 0.270782508702 0.0950614738153 0.474794776608
9.57/7.75	mfeat-fourier 0.529506520802 0.363574581731 -0.400779797818
10.28/8.36	primary-tumor 0.22997936962 0.0649135542864 0.585009221008
11.15/8.88	waveform-5000 0.241328415358 0.079166746144 0.647388657281
11.92/9.48	credit-a 0.382881641226 0.199403484145 0.326118399998
12.70/10.09	letter 0.245326531319 0.0834505704874 0.682941703862
13.53/10.61	postoperative-patient-data 0.413514794776 0.208147537336 -0.295736705648
14.34/11.21	vowel 0.470645253368 0.273766758354 0.128314177205
15.14/11.72	eucalyptus 0.381561875928 0.193108160484 0.145444281466
15.95/12.33	cylinder-bands 0.354786483699 0.162166711398 0.287979677303
16.78/12.96	ionosphere 0.42320258289 0.215089213706 -0.00484814271554
17.56/13.57	mfeat-karhunen 0.209804527697 0.0600023211629 0.778288510601
18.39/14.08	balance-scale 0.226925477468 0.0729466639366 0.521013737163
19.21/14.72	mfeat-morphological 0.480536237949 0.304420116204 -0.236912574033
20.07/15.33	liver-disorders 0.333750113894 0.143089156589 0.459927138947
20.79/15.85	dermatology 0.193776524636 0.049226083662 0.567232697718
21.71/16.49	vote 0.0841983874886 0.0113517322702 0.820628956983
22.61/17.10	breast-cancer 0.293064768179 0.109206262826 -0.109568025371
23.34/17.70	credit-g 0.51428087029 0.34678157843 -0.524569041821
24.04/18.30	soybean 0.136153117262 0.0280073042934 0.79897391952
24.86/18.91	arrhythmia 0.281515491207 0.111356801849 0.155786985926
25.63/19.52	nursery 0.30931242345 0.11771126026 0.48675352864
26.44/20.02	hepatitis 0.397390728803 0.226867218757 -0.581777125864
27.22/20.64	cmc 0.333115135088 0.129223911907 0.27149599207
28.04/21.27	heart-c 0.311682690527 0.127647058592 0.744351511592
28.88/21.89	glass 0.358650798523 0.157457680875 0.352621580177
29.72/22.40	braziltourism 0.53375517852 0.358277764411 -0.314806066995
30.58/23.01	iris 0.301648546732 0.120864667099 0.246608859464
31.28/23.52	heart-statlog 0.297955310178 0.118485299296 0.723666102672
32.19/24.14	page-blocks 0.297729920291 0.123057030448 0.429868654111
32.92/24.67	breast-w 0.238492491358 0.0785173831482 0.450230853516
33.80/25.28	heart-h 0.220131948374 0.0607480897724 0.553657898114
34.52/25.89	yeast 0.33666695206 0.143462285632 0.546870498312
35.38/26.40	tae 0.274418269546 0.0959886469916 0.230448383745
36.11/27.01	haberman 0.281756081036 0.114123617813 0.28410116313
37.07/27.70	mfeat-pixel 0.327317292598 0.133511570034 0.24563923092
37.77/28.31	optdigits 0.227080149479 0.0648223529465 0.740796206934
38.58/28.93	mfeat-factors 0.240592901891 0.0785726077914 0.67615430406
39.38/29.54	satimage 0.290771070317 0.110542170817 0.360055399007
40.18/30.15	lymph 0.177303860208 0.044472541712 0.723989312187
41.01/30.77	audiology 0.326728554215 0.141881776593 0.411768921306
41.73/31.38	ecoli 0.403889322329 0.207127560331 0.0953468067389
42.65/31.99	tic-tac-toe 0.296352075732 0.133362062346 0.5533346886
43.37/32.61	spambase 0.231981368722 0.0713803928468 0.734978435675
44.18/33.24	zoo 0.143979174316 0.0268487521503 0.738856949848
44.99/33.84	sonar 0.480456721359 0.290351938563 -0.114739377601
45.79/34.46	mfeat-zernike 0.2689915024 0.0978597165461 0.489339204755
46.63/35.06	kr-vs-kp 0.207222490614 0.0552841946391 0.638338790879
46.81/35.11	MAE 0.310217205152 0.0975488683533
46.81/35.11	MSE 0.137922969976 0.137922969976
46.81/35.11	Mean tau 0.363593692638 0.348079735156
46.81/35.11	(0.5263157894736842, '1_landmark_naive_bayes')
46.81/35.11	(0.7543859649122807, '1_landmark_decision_tree')
46.81/35.11	(3.1228070175438596, '0_landmark_lda')
46.81/35.11	(3.1228070175438596, '0_landmark_naive_bayes')
46.81/35.11	(3.6666666666666665, '1_landmark_lda')
46.81/35.11	(4.754385964912281, '1_class_probability_max')
46.81/35.11	(5.052631578947368, '0_landmark_decision_tree')
46.81/35.11	(7.175438596491228, '0_class_probability_max')
46.81/35.11	(9.421052631578947, '1_number_of_categorical_features')
46.81/35.11	(9.807017543859649, '0_number_of_categorical_features')
46.81/35.11	(10.052631578947368, '1_number_of_features')
46.81/35.11	(11.175438596491228, '1_number_of_numeric_features')
46.81/35.11	(11.298245614035087, '0_number_of_numeric_features')
46.81/35.11	(12.403508771929825, '0_number_of_features')
46.81/35.11	(13.456140350877194, '1_number_of_classes')
46.81/35.11	(14.210526315789474, '0_number_of_classes')
46.81/35.11	Result for ParamILS: SAT, 34.091849, 1, 0.310217, -1, /home/feurerm/thesis/Software/pyMetaLearn/optimizers/metalearn_optimizer/learn_distances.py
