0.80/2.61	['/home/feurerm/thesis/Software/pyMetaLearn/optimizers/metalearn_optimizer/learn_distances.py', '--input_file', '/home/feurerm/thesis/experiments/2014_04_25_predict_distances/testfold_0-3_pfahringer_spearman_rank_perm.pkl', '--fold', '0', '--folds', '1', '--params', '-max_features', '0.726287402195', '-min_samples_leaf', '3', '-min_samples_split', '10', '-n_estimators', '34', '-n_jobs', '4', '-seed', '30']
0.80/2.62	Metafeatures (57, 8)
0.80/2.62	X (3192, 16)
0.80/2.62	Y (3192,)
0.80/2.62	Dataset Mae MSE Rho
1.62/3.08	vehicle 0.35986735571 0.15659380876 0.307372248165
2.54/3.68	anneal.ORIG 0.384048844777 0.188104122854 0.384296112585
3.43/4.26	segment 0.163872487903 0.0348162645893 0.82192179504
4.33/4.90	pendigits 0.253758669727 0.0837901246302 0.733685597618
5.22/5.39	mushroom 0.176565138967 0.0393871410255 0.678739980175
6.13/6.02	labor 0.307449095319 0.131535381996 0.230125174231
7.00/6.50	abalone 0.2294871238 0.0680334375594 0.666134809115
7.92/6.96	diabetes 0.517630235937 0.33430289804 0.193925708621
8.82/7.57	car 0.364713476459 0.189102126065 0.283131534587
9.70/8.04	autos 0.178471595055 0.0427481785321 0.744028302078
10.59/8.51	mfeat-fourier 0.597749837949 0.466328385503 -0.492571299898
11.48/9.24	primary-tumor 0.21346309354 0.0567712748168 0.566263069175
12.37/9.75	waveform-5000 0.177450631578 0.0476527109649 0.746937187707
13.26/10.25	credit-a 0.361875238543 0.186524232674 0.467684167292
14.18/11.02	letter 0.229442334942 0.0720606196667 0.580807497321
15.09/11.81	postoperative-patient-data 0.433225617446 0.246968557159 0.0959932257676
16.00/12.36	vowel 0.39979068905 0.201297762611 0.43277753974
16.91/12.86	eucalyptus 0.44157275052 0.260671636407 -0.14867637661
17.83/13.35	cylinder-bands 0.322221597349 0.124820224466 0.443766663229
18.72/13.85	ionosphere 0.370551065647 0.164286887511 0.220105679285
19.64/14.63	mfeat-karhunen 0.141096988521 0.0306647450071 0.826123518727
20.56/15.11	balance-scale 0.254120208497 0.0909856476835 0.391729931415
21.47/15.60	mfeat-morphological 0.508308799808 0.339611883507 -0.313513228938
22.37/21.17	liver-disorders 0.274437594332 0.0994676004348 0.417909902079
23.27/21.64	dermatology 0.219934235516 0.0621955385857 0.452816529631
24.18/22.11	vote 0.0721885776369 0.00941940251232 0.786691957974
25.10/22.59	breast-cancer 0.125559673206 0.023406231653 0.447645177401
26.03/23.07	credit-g 0.631429436664 0.527951981933 -0.60213932527
26.92/23.55	soybean 0.134156270011 0.0297669321886 0.649327914367
27.80/24.02	arrhythmia 0.248615037086 0.0854501113521 0.355207256292
28.69/24.51	nursery 0.255739722273 0.0833216884653 0.62217831516
29.58/25.18	hepatitis 0.266996858273 0.0946555408446 0.328704076113
30.51/25.64	cmc 0.271322521988 0.099280540623 0.245316021406
31.42/26.18	heart-c 0.203009744122 0.0576965628009 0.820952166497
32.42/27.10	glass 0.366368924878 0.165348233783 0.297675962734
33.27/27.56	braziltourism 0.509406775003 0.335230132383 0.0
34.17/28.05	iris 0.288109958922 0.109459921635 0.359408979978
35.11/28.57	heart-statlog 0.225992850097 0.0736997148267 0.768915434684
36.04/33.50	page-blocks 0.406163162499 0.226373681771 0.116355425173
36.94/33.97	breast-w 0.230516833375 0.0712748846438 0.461866396033
37.86/34.45	heart-h 0.155237612007 0.034337978121 0.661286666399
38.77/34.91	yeast 0.259496862788 0.0856151136482 0.700071808123
39.68/35.51	tae 0.388926778669 0.182035644348 0.157403033498
40.67/36.00	haberman 0.281888445478 0.103737693431 0.0307049038651
41.58/36.60	mfeat-pixel 0.365497531213 0.165346996109 0.176149185331
42.45/37.08	optdigits 0.157871962874 0.0344893590325 0.772470739342
43.35/37.59	mfeat-factors 0.191130417008 0.0516300955556 0.728191035873
44.28/38.06	satimage 0.271242850398 0.0995194982677 0.415324225964
45.18/38.70	lymph 0.211024682207 0.0667463433219 0.473178729036
46.06/39.21	audiology 0.320755597004 0.133724672973 0.36102502755
46.96/39.71	ecoli 0.358225801395 0.164645669967 0.382356855499
47.88/40.22	tic-tac-toe 0.295384114519 0.135596639523 0.471885890979
48.78/40.93	spambase 0.220670247518 0.0562785987602 0.846162508618
49.70/41.53	zoo 0.0822456832799 0.00998769726359 0.87072643171
50.61/42.17	sonar 0.485419759817 0.290254932757 0.0168068947472
51.49/42.63	mfeat-zernike 0.268412045863 0.101313089782 0.39431560753
52.42/43.10	kr-vs-kp 0.145291005583 0.028544293829 0.765360130026
52.42/43.12	MAE 0.29079653422 0.123005320333
52.42/43.12	MSE 0.130787036301 0.130787036301
52.42/43.12	Mean tau 0.414263871943 0.323769309056
52.42/43.12	(0.3333333333333333, '1_class_probability_max')
52.42/43.12	(0.6666666666666666, '0_class_probability_max')
52.42/43.12	(2.087719298245614, '0_landmark_decision_tree')
52.42/43.12	(3.5789473684210527, '1_landmark_naive_bayes')
52.42/43.12	(4.157894736842105, '0_landmark_naive_bayes')
52.42/43.12	(4.333333333333333, '1_landmark_decision_tree')
52.42/43.12	(7.842105263157895, '0_number_of_numeric_features')
52.42/43.12	(7.894736842105263, '1_number_of_numeric_features')
52.42/43.12	(9.192982456140351, '0_number_of_categorical_features')
52.42/43.12	(9.263157894736842, '1_number_of_features')
52.42/43.12	(9.333333333333334, '1_number_of_categorical_features')
52.42/43.12	(9.912280701754385, '1_landmark_lda')
52.42/43.12	(10.578947368421053, '0_number_of_features')
52.42/43.12	(11.87719298245614, '0_landmark_lda')
52.42/43.12	(14.421052631578947, '1_number_of_classes')
52.42/43.12	(14.526315789473685, '0_number_of_classes')
52.42/43.12	Result for ParamILS: SAT, 40.509829, 1, 0.290797, -1, /home/feurerm/thesis/Software/pyMetaLearn/optimizers/metalearn_optimizer/learn_distances.py
