0.67/0.88	['/home/feurerm/thesis/Software/pyMetaLearn/optimizers/metalearn_optimizer/learn_distances.py', '--input_file', '/home/feurerm/thesis/experiments/2014_04_25_predict_distances/testfold_0-3_pfahringer_spearman_rank_perm.pkl', '--fold', '0', '--folds', '1', '--params', '-max_features', '0.990606798893', '-min_samples_leaf', '3', '-min_samples_split', '6', '-n_estimators', '5', '-n_jobs', '4', '-seed', '8']
0.67/0.89	Metafeatures (57, 8)
0.67/0.89	X (3192, 16)
0.67/0.89	Y (3192,)
0.67/0.89	Dataset Mae MSE Rho
0.96/1.13	vehicle 0.422593467382 0.231392282327 0.0774149060096
1.18/1.37	anneal.ORIG 0.406064488696 0.23064526816 0.014074338953
1.41/1.61	segment 0.121346206994 0.0223889089569 0.826998066912
1.66/1.85	pendigits 0.259047032145 0.0974044949081 0.655574369257
1.90/2.09	mushroom 0.176002624392 0.0494785374444 0.615489940368
2.13/2.34	labor 0.330245899507 0.152340324632 0.24169633889
2.37/2.59	abalone 0.236045691555 0.0774332183745 0.645974831977
2.61/2.83	diabetes 0.476313675784 0.293803180918 0.18960814056
2.87/3.08	car 0.476417699597 0.32257947171 -0.00129346246614
3.10/3.32	autos 0.190516077629 0.0534081791106 0.747805365566
3.34/3.57	mfeat-fourier 0.578952104202 0.449288991383 -0.326358768789
3.58/3.81	primary-tumor 0.186681151773 0.0475845121563 0.615800237346
3.80/4.05	waveform-5000 0.127237848394 0.0247864710472 0.747482130051
4.05/4.30	credit-a 0.366252720912 0.191542607786 0.451721633187
4.30/4.54	letter 0.262202501126 0.0981925076346 0.327005343864
4.53/4.79	postoperative-patient-data 0.478337264442 0.31368876088 -0.0116430372314
4.78/5.04	vowel 0.412793326589 0.231200166981 0.321134484846
5.03/5.29	eucalyptus 0.47267988585 0.299000652404 -0.178616364295
5.27/5.53	cylinder-bands 0.325640436578 0.137349372551 0.344541342317
5.51/5.79	ionosphere 0.361416885676 0.161414225 0.278696286436
5.76/6.03	mfeat-karhunen 0.148799865812 0.0351326481499 0.757502431037
5.99/6.28	balance-scale 0.283774681135 0.104601387336 0.22610324323
6.23/6.52	mfeat-morphological 0.516049633345 0.369583044052 -0.213710261409
6.46/6.77	liver-disorders 0.339729698038 0.15328811365 0.141761585056
6.71/7.01	dermatology 0.221985665404 0.066164369495 0.42295367229
6.96/7.26	vote 0.101604641025 0.0175423758946 0.694148269961
7.20/7.50	breast-cancer 0.147811752361 0.0361230734708 0.406276187044
7.44/7.74	credit-g 0.650629260748 0.601125002101 -0.408602565454
7.67/7.99	soybean 0.153596508297 0.034592299208 0.573350447199
7.92/8.24	arrhythmia 0.242727261744 0.0802274747876 0.335734107368
8.17/8.49	nursery 0.220164535879 0.0684143323027 0.678632965207
8.40/8.74	hepatitis 0.241716162452 0.0843516811816 0.489575543433
8.64/8.98	cmc 0.25730247763 0.101898758055 0.338131553374
8.88/9.23	heart-c 0.191152684343 0.0555587042759 0.744369554371
9.11/9.47	glass 0.388905606382 0.194163667192 0.13512331674
9.36/9.72	braziltourism 0.435012140296 0.248356787903 0.0153561580163
9.60/9.96	iris 0.28329754665 0.113368343063 0.270753312393
9.85/10.21	heart-statlog 0.168446698312 0.0423900993022 0.746410857305
10.09/10.45	page-blocks 0.539417509418 0.394815470924 -0.133097104147
10.35/10.70	breast-w 0.22006096543 0.0662476587462 0.461294193753
10.58/10.95	heart-h 0.186036690497 0.054695297636 0.557158957289
10.84/11.20	yeast 0.218987749269 0.0696356399358 0.678418896785
11.07/11.44	tae 0.398030667918 0.200918770672 0.194780741155
11.31/11.69	haberman 0.338434639752 0.151713159909 -0.0554438126274
11.54/11.93	mfeat-pixel 0.429805454774 0.235096550486 0.0444520363631
11.80/12.18	optdigits 0.124524274364 0.0244950697418 0.799490079461
12.04/12.43	mfeat-factors 0.163544420189 0.040433794937 0.729380941172
12.27/12.67	satimage 0.295785348382 0.126431038441 0.284747582159
12.51/12.91	lymph 0.295835932118 0.15094371254 0.234221820691
12.75/13.16	audiology 0.287513658893 0.108437153916 0.397610040509
13.00/13.41	ecoli 0.348738327481 0.164646928328 0.306638229021
13.25/13.65	tic-tac-toe 0.290249021074 0.135661070383 0.456445270903
13.49/13.89	spambase 0.205654255259 0.0572745027532 0.731335266727
13.74/14.14	zoo 0.100973498647 0.0155572343725 0.814811185724
13.97/14.38	sonar 0.467892655512 0.274690900084 0.0355587675633
14.20/14.63	mfeat-zernike 0.349429978655 0.191226675985 0.0567278330049
14.44/14.87	kr-vs-kp 0.140994720182 0.0306795372242 0.747602429743
14.44/14.87	MAE 0.29932286977 0.131257066834
14.44/14.87	MSE 0.147112358996 0.147112358996
14.44/14.87	Mean tau 0.355773857126 0.317837747567
14.44/14.87	(0.14035087719298245, '0_class_probability_max')
14.44/14.87	(0.8771929824561403, '1_class_probability_max')
14.44/14.87	(4.192982456140351, '0_landmark_naive_bayes')
14.44/14.87	(4.315789473684211, '1_landmark_decision_tree')
14.44/14.87	(4.368421052631579, '1_landmark_naive_bayes')
14.44/14.87	(5.298245614035087, '0_number_of_numeric_features')
14.44/14.87	(7.140350877192983, '1_number_of_numeric_features')
14.44/14.87	(7.491228070175438, '1_number_of_categorical_features')
14.44/14.87	(8.350877192982455, '0_number_of_features')
14.44/14.87	(8.771929824561404, '0_number_of_categorical_features')
14.44/14.87	(9.12280701754386, '1_number_of_features')
14.44/14.87	(10.052631578947368, '0_landmark_decision_tree')
14.44/14.87	(10.771929824561404, '0_landmark_lda')
14.44/14.87	(10.771929824561404, '1_landmark_lda')
14.44/14.87	(14.105263157894736, '0_number_of_classes')
14.44/14.87	(14.228070175438596, '1_number_of_classes')
14.44/14.87	Result for ParamILS: SAT, 13.987074, 1, 0.299323, -1, /home/feurerm/thesis/Software/pyMetaLearn/optimizers/metalearn_optimizer/learn_distances.py
