0.71/1.00	['/home/feurerm/thesis/Software/pyMetaLearn/optimizers/metalearn_optimizer/learn_distances.py', '--input_file', '/home/feurerm/thesis/experiments/2014_04_25_predict_distances/testfold_0-3_pfahringer_spearman_rank_perm.pkl', '--fold', '0', '--folds', '1', '--params', '-max_features', '0.804775971845', '-min_samples_leaf', '7', '-min_samples_split', '5', '-n_estimators', '92', '-n_jobs', '4', '-seed', '12']
0.71/1.01	Metafeatures (57, 8)
0.71/1.01	X (3192, 16)
0.71/1.01	Y (3192,)
0.71/1.01	Dataset Mae MSE Rho
2.91/1.87	vehicle 0.354836862437 0.151804229036 0.353267999205
5.22/2.76	anneal.ORIG 0.467337673648 0.268060267491 0.158049452526
7.49/3.56	segment 0.19860473442 0.0496559783612 0.80414527175
9.84/4.48	pendigits 0.28828556139 0.106863227197 0.673245418431
12.03/5.27	mushroom 0.188704073197 0.0437743765021 0.666781228143
14.32/6.19	labor 0.311274525461 0.137037636504 0.206854089196
16.67/7.21	abalone 0.267634665014 0.0905536214932 0.653529638054
19.05/8.11	diabetes 0.523109713232 0.340377849381 0.228509126659
21.38/9.03	car 0.369252088266 0.179370669547 0.242407135777
23.75/10.05	autos 0.203385106573 0.0549228452053 0.709768093554
26.13/10.96	mfeat-fourier 0.552161985024 0.399548429104 -0.414354597421
28.35/11.89	primary-tumor 0.208642888067 0.0544157901907 0.572080840433
30.65/12.70	waveform-5000 0.169151800873 0.0415409951156 0.752754958966
32.93/13.61	credit-a 0.36785995576 0.19304229375 0.431484701683
35.22/14.53	letter 0.243422096489 0.0809965734757 0.636399533793
37.55/15.53	postoperative-patient-data 0.437598789391 0.249760847394 0.0294120658076
39.89/16.43	vowel 0.419511626301 0.218151952503 0.387851417243
42.15/17.35	eucalyptus 0.426073049039 0.239261092305 -0.121526777403
44.45/18.18	cylinder-bands 0.324667785507 0.126835927512 0.477380452723
46.73/19.09	ionosphere 0.423074223611 0.21009740254 -0.00743381883049
49.00/19.99	mfeat-karhunen 0.164457640667 0.0390161251252 0.785399119917
51.40/21.01	balance-scale 0.259420906663 0.0900827625783 0.342278875717
53.69/21.91	mfeat-morphological 0.474351907734 0.298069982875 -0.231418012288
55.92/22.81	liver-disorders 0.293125077153 0.112146858276 0.522629784735
58.24/23.74	dermatology 0.198098604566 0.0503898224163 0.509378194646
60.53/24.64	vote 0.0803664510046 0.0101405210139 0.778288510601
62.90/25.68	breast-cancer 0.122809623862 0.0215194917595 0.43794889197
65.22/26.57	credit-g 0.688156679741 0.627532634142 -0.721080426557
67.60/27.57	soybean 0.13176867715 0.0279331248335 0.70427353181
69.90/28.58	arrhythmia 0.259284659344 0.0920765381682 0.401103007332
72.10/29.38	nursery 0.274031720343 0.096653371634 0.588564525666
74.40/30.29	hepatitis 0.244590894248 0.0858180710006 0.435040006341
76.71/31.18	cmc 0.252021619676 0.0823538837437 0.378801550841
79.00/32.09	heart-c 0.239790057242 0.0777405349319 0.798004290977
81.28/33.29	glass 0.338732647089 0.137495206586 0.465421700691
83.72/34.19	braziltourism 0.435005577743 0.247409206006 0.134131948463
85.96/35.10	iris 0.291004178915 0.110916222512 0.320947047768
88.26/36.02	heart-statlog 0.233120507785 0.0728133709086 0.794448986319
90.62/36.92	page-blocks 0.420416124978 0.234041182814 0.110860863429
92.93/37.72	breast-w 0.21885502339 0.0634600781152 0.656761733198
95.18/38.62	heart-h 0.155637662477 0.0319785195601 0.69166836075
97.58/39.53	yeast 0.277065662356 0.0948401586656 0.682941703862
99.80/40.34	tae 0.371627517922 0.166538546439 0.164836852328
102.09/41.26	haberman 0.270841663476 0.0952188723952 0.027149599207
104.41/42.18	mfeat-pixel 0.368135170506 0.168051251139 0.169038576015
106.77/43.07	optdigits 0.193257235388 0.0480889122332 0.74790681625
109.16/43.97	mfeat-factors 0.201039016714 0.0548051351961 0.732715969075
111.37/44.88	satimage 0.269150317444 0.0990609758368 0.417909902079
113.67/45.79	lymph 0.224852564659 0.0738841922203 0.411445711792
115.98/46.72	audiology 0.315735507094 0.123261824932 0.370074893953
118.32/47.52	ecoli 0.391499380611 0.197013642385 0.200066689394
120.73/48.41	tic-tac-toe 0.330228031467 0.163932313824 0.433747168283
123.05/49.42	spambase 0.213368009061 0.0554429634369 0.865878288995
125.25/50.33	zoo 0.111254896521 0.0171124347718 0.819336118926
127.56/51.25	sonar 0.485035930298 0.291648983824 -0.0526831508422
129.91/52.28	mfeat-zernike 0.257886028256 0.0890309390181 0.446998758372
132.22/53.20	kr-vs-kp 0.18919479521 0.0454051647552 0.696193293951
132.22/53.25	MAE 0.298066792499 0.119742674004
132.22/53.25	MSE 0.133842032012 0.133842032012
132.22/53.25	Mean tau 0.411887998496 0.32706540596
132.22/53.25	(0.0, '1_class_probability_max')
132.22/53.25	(1.0, '0_class_probability_max')
132.22/53.25	(2.982456140350877, '0_landmark_naive_bayes')
132.22/53.25	(3.175438596491228, '1_landmark_naive_bayes')
132.22/53.25	(3.280701754385965, '0_landmark_decision_tree')
132.22/53.25	(5.2105263157894735, '1_landmark_decision_tree')
132.22/53.25	(6.842105263157895, '1_number_of_numeric_features')
132.22/53.25	(7.807017543859649, '0_number_of_numeric_features')
132.22/53.25	(8.157894736842104, '0_number_of_categorical_features')
132.22/53.25	(8.385964912280702, '1_number_of_categorical_features')
132.22/53.25	(10.403508771929825, '0_number_of_features')
132.22/53.25	(10.456140350877194, '0_landmark_lda')
132.22/53.25	(10.56140350877193, '1_number_of_features')
132.22/53.25	(12.736842105263158, '1_landmark_lda')
132.22/53.25	(14.473684210526315, '0_number_of_classes')
132.22/53.25	(14.526315789473685, '1_number_of_classes')
132.22/53.25	Result for ParamILS: SAT, 52.250461, 1, 0.298067, -1, /home/feurerm/thesis/Software/pyMetaLearn/optimizers/metalearn_optimizer/learn_distances.py
