0.70/1.00	['/home/feurerm/thesis/Software/pyMetaLearn/optimizers/metalearn_optimizer/learn_distances.py', '--input_file', '/home/feurerm/thesis/experiments/2014_04_25_predict_distances/testfold_0-3_pfahringer_spearman_rank_perm.pkl', '--fold', '0', '--folds', '1', '--params', '-max_features', '0.248200898686', '-min_samples_leaf', '9', '-min_samples_split', '6', '-n_estimators', '19', '-n_jobs', '4', '-seed', '77']
0.78/1.01	Metafeatures (57, 8)
0.78/1.01	X (3192, 16)
0.78/1.01	Y (3192,)
0.78/1.01	Dataset Mae MSE Rho
0.98/1.25	vehicle 0.372386797363 0.172652132416 0.285578578119
1.25/1.50	anneal.ORIG 0.260495200437 0.0906712486238 0.412092130821
1.46/1.75	segment 0.284934637048 0.102709660418 0.663872342514
1.69/2.03	pendigits 0.366389483027 0.16801182156 0.508731775617
1.93/2.28	mushroom 0.226136346634 0.0632902035063 0.563354183545
2.17/2.54	labor 0.285104619936 0.111419161444 0.452170110602
2.40/2.79	abalone 0.342842070275 0.148918156845 0.459927138947
2.64/3.04	diabetes 0.480627188913 0.318716416647 -0.0336137894944
2.86/3.30	car 0.329309258419 0.147016099041 0.435686425369
3.09/3.55	autos 0.269833495075 0.0944771480402 0.503237213873
3.32/3.81	mfeat-fourier 0.503254356491 0.328688322309 -0.322239885826
3.55/4.06	primary-tumor 0.247889426266 0.0763674539852 0.589534154209
3.76/4.31	waveform-5000 0.256979931935 0.0920794805251 0.572404049948
4.01/4.57	credit-a 0.397933459345 0.219591897788 0.286040420217
4.24/4.82	letter 0.253400099939 0.0933128955686 0.560445297916
4.49/5.08	postoperative-patient-data 0.415223869922 0.214627990195 -0.0736917692761
4.75/5.33	vowel 0.491540254289 0.300845979584 0.00161604757185
4.99/5.58	eucalyptus 0.358358289794 0.169021097373 0.17908688391
5.22/5.83	cylinder-bands 0.335113501859 0.148888743485 0.461219977005
5.46/6.08	ionosphere 0.435219215598 0.227308045745 -0.0950235972245
5.68/6.34	mfeat-karhunen 0.237828455514 0.0758323170986 0.689405894149
5.92/6.59	balance-scale 0.228036171906 0.0681546002727 0.461741934174
6.17/6.84	mfeat-morphological 0.468278312292 0.284059400603 -0.121526777403
6.40/7.09	liver-disorders 0.294591972485 0.115584913522 0.276204748164
6.66/7.35	dermatology 0.189759229131 0.0467435631624 0.592119830324
6.95/7.60	vote 0.0946404216212 0.0142356720083 0.758572730224
7.15/7.86	breast-cancer 0.271442455841 0.0980841116121 -0.0706269601799
7.39/8.11	credit-g 0.575765146909 0.441643456106 -0.497419442614
7.63/8.36	soybean 0.139827152031 0.0306953017976 0.699748598609
7.87/8.62	arrhythmia 0.289258984693 0.120700052944 0.170331414072
8.11/8.87	nursery 0.323528054571 0.130945999713 0.417909902079
8.35/9.13	hepatitis 0.396309832027 0.221808723858 -0.375246246182
8.58/9.38	cmc 0.298269478046 0.104451178873 0.29735275322
8.81/9.64	heart-c 0.307032829393 0.124562833946 0.642217305051
9.05/9.89	glass 0.363849252501 0.161231121381 0.28927251536
9.30/10.14	braziltourism 0.467946786661 0.279876222768 -0.0678739980175
9.56/10.40	iris 0.299651695495 0.119645444783 0.21234865094
9.75/10.65	heart-statlog 0.313777285902 0.129988841525 0.698778970066
10.03/10.90	page-blocks 0.304658913751 0.121410973269 0.414677806935
10.23/11.16	breast-w 0.232867623429 0.0765413172941 0.452493320117
10.49/11.41	heart-h 0.230492451893 0.0701909940445 0.513903127847
10.72/12.80	yeast 0.348427319004 0.151372810037 0.506146099502
10.97/13.05	tae 0.319462593492 0.12522906574 0.149969214667
11.19/13.30	haberman 0.267767579592 0.10130489948 0.204802654807
11.42/13.55	mfeat-pixel 0.341912248477 0.145686519645 0.210732603369
11.63/13.80	optdigits 0.268686042239 0.0914795507245 0.63025855302
11.88/14.06	mfeat-factors 0.263893222415 0.096318543149 0.616360543902
12.10/14.31	satimage 0.280045821157 0.108595775379 0.401103007332
12.33/14.56	lymph 0.187322841707 0.0507307891059 0.642217305051
12.58/14.82	audiology 0.368194432814 0.191475030337 0.227252850882
12.82/15.08	ecoli 0.404312011863 0.208613810877 0.151262052725
13.06/15.33	tic-tac-toe 0.313455781349 0.142259748167 0.440211358571
13.30/15.59	spambase 0.23035906734 0.0715956663164 0.663549133
13.53/15.84	zoo 0.152436186273 0.0309755142281 0.701364646181
13.80/16.10	sonar 0.478298823614 0.291573597351 -0.218992061885
14.00/16.35	mfeat-zernike 0.264092281202 0.0929172065865 0.446029129829
14.25/16.61	kr-vs-kp 0.223992295389 0.0641214771966 0.613774867787
14.25/16.62	MAE 0.314972676431 0.0954444081757
14.25/16.62	MSE 0.14191668421 0.14191668421
14.25/16.62	Mean tau 0.337734310948 0.300761503101
14.25/16.62	(1.087719298245614, '0_landmark_naive_bayes')
14.25/16.62	(2.1578947368421053, '1_class_probability_max')
14.25/16.62	(2.43859649122807, '1_landmark_naive_bayes')
14.25/16.62	(3.0350877192982457, '1_landmark_lda')
14.25/16.62	(3.6666666666666665, '0_landmark_lda')
14.25/16.62	(4.43859649122807, '1_landmark_decision_tree')
14.25/16.62	(5.052631578947368, '0_class_probability_max')
14.25/16.62	(6.771929824561403, '0_landmark_decision_tree')
14.25/16.62	(8.473684210526315, '0_number_of_features')
14.25/16.62	(10.087719298245615, '0_number_of_numeric_features')
14.25/16.62	(10.43859649122807, '1_number_of_features')
14.25/16.62	(11.210526315789474, '1_number_of_numeric_features')
14.25/16.62	(12.333333333333334, '1_number_of_classes')
14.25/16.62	(12.736842105263158, '0_number_of_classes')
14.25/16.62	(12.75438596491228, '1_number_of_categorical_features')
14.25/16.62	(13.31578947368421, '0_number_of_categorical_features')
14.25/16.62	Result for ParamILS: SAT, 15.617352, 1, 0.314973, -1, /home/feurerm/thesis/Software/pyMetaLearn/optimizers/metalearn_optimizer/learn_distances.py
