0.69/0.89	['/home/feurerm/thesis/Software/pyMetaLearn/optimizers/metalearn_optimizer/learn_distances.py', '--input_file', '/home/feurerm/thesis/experiments/2014_04_25_predict_distances/testfold_0-3_pfahringer_spearman_rank_perm.pkl', '--fold', '0', '--folds', '1', '--params', '-max_features', '0.954619902738', '-min_samples_leaf', '9', '-min_samples_split', '3', '-n_estimators', '15', '-n_jobs', '4', '-seed', '1']
0.76/0.90	Metafeatures (57, 8)
0.76/0.90	X (3192, 16)
0.76/0.90	Y (3192,)
0.76/0.90	Dataset Mae MSE Rho
1.22/1.24	vehicle 0.363513775977 0.160330482389 0.330185079285
1.70/1.59	anneal.ORIG 0.520631868267 0.33621219683 -0.147975516761
2.18/1.94	segment 0.18948260688 0.0463021085852 0.791442160186
2.68/2.29	pendigits 0.302664277086 0.120310601552 0.621420278929
3.19/2.63	mushroom 0.206936499015 0.0529528318966 0.623359692023
3.67/2.99	labor 0.269381457011 0.0993022720031 0.273618864038
4.17/3.34	abalone 0.278745924144 0.100741824519 0.597466083644
4.68/3.69	diabetes 0.527213120854 0.351467913427 0.15628437184
5.17/4.04	car 0.380349159194 0.184999433918 0.165441479395
5.66/4.39	autos 0.227052898688 0.0682698665446 0.629288924477
6.17/4.74	mfeat-fourier 0.546969594851 0.394904199642 -0.362964284636
6.73/5.10	primary-tumor 0.241621515958 0.0764301804305 0.41726348305
7.18/5.45	waveform-5000 0.179674871385 0.0463137166248 0.702552393369
7.72/5.80	credit-a 0.352306745085 0.17707413175 0.45863430089
8.18/6.15	letter 0.249723200357 0.085463559521 0.524976713843
8.74/6.50	postoperative-patient-data 0.461295207441 0.285821258153 -0.0456165942589
9.21/6.85	vowel 0.4110165854 0.208855035626 0.406339734791
9.71/7.20	eucalyptus 0.429233897892 0.245446268927 -0.0578545030721
10.21/7.55	cylinder-bands 0.336495621581 0.142317011403 0.372912174144
10.70/7.90	ionosphere 0.424599228878 0.212917944739 -0.0193956913981
11.21/8.25	mfeat-karhunen 0.185875702221 0.050661531003 0.725928569273
11.70/8.60	balance-scale 0.270299865521 0.0999321310885 0.320352169593
12.19/8.95	mfeat-morphological 0.437222317981 0.251327846965 -0.13706288588
12.69/9.31	liver-disorders 0.290137113326 0.109246876364 0.36102502755
13.22/9.66	dermatology 0.199430889004 0.0510290878437 0.51087373256
13.72/10.01	vote 0.0948612091665 0.0135979818508 0.757078487574
14.25/10.36	breast-cancer 0.126680096296 0.0242715624901 0.402525378902
14.73/10.71	credit-g 0.68715695508 0.61198171151 -0.660531776328
15.24/11.06	soybean 0.125625519914 0.0238685496567 0.736287365941
15.74/11.42	arrhythmia 0.265234757429 0.0936605288877 0.414872784398
16.23/11.77	nursery 0.292619152019 0.111222217113 0.522510211125
16.75/12.12	hepatitis 0.27808187537 0.116842852217 0.387267304916
17.26/12.48	cmc 0.263936801772 0.0941905053176 0.270849573041
17.79/12.83	heart-c 0.236322318864 0.0754022620269 0.748553235279
18.30/13.19	glass 0.385273425435 0.184941071418 0.109091986548
18.80/13.54	braziltourism 0.48996376017 0.309785752449 0.0674054515033
19.30/13.89	iris 0.295972529258 0.118327410516 0.288210839401
19.79/14.24	heart-statlog 0.217919035065 0.0653708837001 0.76332067032
20.32/14.60	page-blocks 0.536043758975 0.379715960503 -0.234305434097
20.81/14.95	breast-w 0.240769319345 0.0762337109532 0.615701114571
21.30/15.30	heart-h 0.133545017032 0.0273978185851 0.68218855588
21.78/15.65	yeast 0.314118957537 0.124812156301 0.530267863502
22.33/16.00	tae 0.37924173356 0.174968423739 0.153524519325
22.80/16.34	haberman 0.275500073353 0.101877243587 0.0297400601438
23.31/16.69	mfeat-pixel 0.363390640432 0.169707554296 0.175179556788
23.82/17.04	optdigits 0.231631757253 0.0689437264859 0.657731361741
24.32/17.39	mfeat-factors 0.222484857404 0.0691652634643 0.683481497943
24.83/17.74	satimage 0.278927165588 0.107691347638 0.340339618631
25.32/18.09	lymph 0.180328352799 0.048821666501 0.591473411295
25.81/18.44	audiology 0.326614865624 0.132223517067 0.270569895004
26.31/18.79	ecoli 0.358058524928 0.167890754259 0.272649157491
26.83/19.14	tic-tac-toe 0.276922334842 0.117387054732 0.498267547448
27.33/19.49	spambase 0.231907376173 0.0638355753976 0.785722329431
27.82/19.84	zoo 0.120237912784 0.020614164702 0.775702834486
28.31/20.26	sonar 0.511351718517 0.326922020686 -0.118960240575
28.81/20.61	mfeat-zernike 0.24700242668 0.0877522251912 0.505701964309
29.30/20.96	kr-vs-kp 0.221892225666 0.0646393766514 0.590712904937
29.30/20.96	MAE 0.306868252602 0.12304164707
29.30/20.96	MSE 0.142678827397 0.142678827397
29.30/20.96	Mean tau 0.365467119083 0.32153419622
29.30/20.96	(0.2982456140350877, '1_class_probability_max')
29.30/20.96	(0.7017543859649122, '0_class_probability_max')
29.30/20.96	(2.8596491228070176, '1_landmark_naive_bayes')
29.30/20.96	(2.912280701754386, '0_landmark_naive_bayes')
29.30/20.96	(5.7368421052631575, '1_number_of_numeric_features')
29.30/20.96	(6.228070175438597, '0_number_of_numeric_features')
29.30/20.96	(6.701754385964913, '0_number_of_categorical_features')
29.30/20.96	(7.842105263157895, '0_number_of_features')
29.30/20.96	(7.894736842105263, '1_number_of_categorical_features')
29.30/20.96	(8.192982456140351, '0_landmark_decision_tree')
29.30/20.96	(8.421052631578947, '1_number_of_features')
29.30/20.96	(10.192982456140351, '1_landmark_decision_tree')
29.30/20.96	(11.421052631578947, '1_landmark_lda')
29.30/20.96	(11.614035087719298, '0_landmark_lda')
29.30/20.96	(14.403508771929825, '0_number_of_classes')
29.30/20.96	(14.578947368421053, '1_number_of_classes')
29.30/20.96	Result for ParamILS: SAT, 20.072879, 1, 0.306868, -1, /home/feurerm/thesis/Software/pyMetaLearn/optimizers/metalearn_optimizer/learn_distances.py
