0.69/0.88	['/home/feurerm/thesis/Software/pyMetaLearn/optimizers/metalearn_optimizer/learn_distances.py', '--input_file', '/home/feurerm/thesis/experiments/2014_04_25_predict_distances/testfold_0-3_pfahringer_spearman_rank_perm.pkl', '--fold', '0', '--folds', '1', '--params', '-max_features', '0.102671765372', '-min_samples_leaf', '6', '-min_samples_split', '4', '-n_estimators', '13', '-n_jobs', '4', '-seed', '72']
0.69/0.89	Metafeatures (57, 8)
0.69/0.89	X (3192, 16)
0.69/0.89	Y (3192,)
0.69/0.89	Dataset Mae MSE Rho
0.87/1.13	vehicle 0.355020250039 0.163998562577 0.423081254309
0.99/1.38	anneal.ORIG 0.342182240374 0.152248176915 0.441827406142
1.14/1.62	segment 0.312506318123 0.129154564765 0.598260811097
1.28/1.87	pendigits 0.367300134426 0.168758222921 0.512287080275
1.42/2.12	mushroom 0.22484581445 0.0631261837155 0.598584020611
1.57/2.36	labor 0.328585069079 0.146338420326 0.380417598412
1.71/2.61	abalone 0.357384674153 0.167295985123 0.386558579185
1.86/2.86	diabetes 0.44506495236 0.286480895892 -0.193602499107
2.03/3.10	car 0.351344422921 0.17148145629 0.353267999205
2.16/3.35	autos 0.27813866218 0.103804316197 0.434716796826
2.32/3.60	mfeat-fourier 0.533180952325 0.376337565067 -0.39722449316
2.44/3.85	primary-tumor 0.237607809635 0.0736824873796 0.572611716058
2.59/4.10	waveform-5000 0.284841081197 0.109047810897 0.474794776608
2.70/4.34	credit-a 0.396738222508 0.205235755998 0.240144669176
2.84/4.59	letter 0.266870586878 0.098714615248 0.581777125864
2.98/4.84	postoperative-patient-data 0.440157499696 0.248575273509 -0.223984193458
3.14/5.09	vowel 0.477811507964 0.284278587356 0.0290888562932
3.28/5.34	eucalyptus 0.366289966019 0.183550893342 0.256628354409
3.41/5.59	cylinder-bands 0.35770425318 0.167284197075 0.263458141491
3.57/5.84	ionosphere 0.429366992721 0.224834535241 -0.0594705506439
3.71/6.08	mfeat-karhunen 0.268279022434 0.0990370850676 0.612158820215
3.85/6.33	balance-scale 0.273096539835 0.105064343385 0.372014151039
3.98/6.58	mfeat-morphological 0.464661162475 0.291668972129 0.0656115314169
4.15/6.83	liver-disorders 0.322140039242 0.13955602062 0.26632463984
4.27/7.07	dermatology 0.22425460788 0.0646347452825 0.508731775617
4.44/7.32	vote 0.129966937861 0.0264068311332 0.75534063508
4.57/7.58	breast-cancer 0.302799433853 0.127706545886 -0.119910729831
4.71/7.83	credit-g 0.60165395514 0.479574830916 -0.351328742119
4.87/8.07	soybean 0.181069391685 0.0482321021821 0.65320642854
5.01/8.32	arrhythmia 0.273950086021 0.109204309585 0.215580746084
5.14/8.57	nursery 0.332180054611 0.138987578016 0.335814685429
5.27/8.81	hepatitis 0.369684872223 0.19803660957 -0.310927552823
5.41/9.06	cmc 0.323001485898 0.126247343275 0.269556734984
5.54/9.31	heart-c 0.33555757065 0.14722692926 0.559152459858
5.69/9.56	glass 0.359074852684 0.160492372349 0.281515487015
5.86/9.81	braziltourism 0.556698888469 0.381295066484 -0.147060329038
5.96/10.05	iris 0.306059860632 0.129193039026 0.0885594069371
6.16/10.30	heart-statlog 0.328363757548 0.144341790785 0.510671032703
6.27/10.55	page-blocks 0.357766175026 0.177129224217 0.387528207728
6.41/10.79	breast-w 0.266221188768 0.094704799555 0.361671446579
6.56/11.04	heart-h 0.227576033071 0.0680775679627 0.42534372091
6.72/11.29	yeast 0.37668934998 0.181571077724 0.324502352427
6.85/11.54	tae 0.273706711453 0.105522679657 0.105366301684
7.03/11.79	haberman 0.329498151722 0.159795116136 0.084034473736
7.17/12.04	mfeat-pixel 0.341767667364 0.150411804767 0.176149185331
7.31/12.29	optdigits 0.280684370453 0.10029429132 0.639308419422
7.45/12.54	mfeat-factors 0.294090943991 0.120804603525 0.499681909215
7.60/12.79	satimage 0.302720682405 0.122650809759 0.307049038651
7.74/13.03	lymph 0.171838595587 0.0441756328673 0.706535998411
7.87/13.29	audiology 0.312578574195 0.130193724245 0.395285236073
8.01/13.53	ecoli 0.38763070525 0.195827581557 0.151585262239
8.18/13.78	tic-tac-toe 0.291347140156 0.126213358435 0.429545444596
8.33/14.03	spambase 0.276038421436 0.10437638251 0.56367739306
8.46/14.27	zoo 0.188895135335 0.0498543645304 0.633167438649
8.62/14.52	sonar 0.471915041913 0.288057330218 -0.129283805748
8.76/14.77	mfeat-zernike 0.273243516977 0.10273245209 0.444736291772
8.91/15.02	kr-vs-kp 0.234601097407 0.0706644252834 0.632197810106
8.91/15.03	MAE 0.32919725319 0.091607291365
8.91/15.03	MSE 0.154985828897 0.154985828897
8.91/15.03	Mean tau 0.304847662375 0.282717227922
8.91/15.03	(0.38596491228070173, '1_number_of_categorical_features')
8.91/15.03	(2.0350877192982457, '0_class_probability_max')
8.91/15.03	(2.1052631578947367, '1_landmark_naive_bayes')
8.91/15.03	(2.789473684210526, '0_number_of_categorical_features')
8.91/15.03	(4.912280701754386, '1_number_of_features')
8.91/15.03	(5.140350877192983, '1_class_probability_max')
8.91/15.03	(6.175438596491228, '0_landmark_lda')
8.91/15.03	(7.578947368421052, '1_landmark_decision_tree')
8.91/15.03	(7.719298245614035, '1_number_of_classes')
8.91/15.03	(8.912280701754385, '1_number_of_numeric_features')
8.91/15.03	(10.614035087719298, '0_number_of_features')
8.91/15.03	(10.859649122807017, '1_landmark_lda')
8.91/15.03	(12.31578947368421, '0_number_of_numeric_features')
8.91/15.03	(12.43859649122807, '0_landmark_decision_tree')
8.91/15.03	(12.43859649122807, '0_landmark_naive_bayes')
8.91/15.03	(13.578947368421053, '0_number_of_classes')
8.91/15.03	Result for ParamILS: SAT, 14.153828, 1, 0.329197, -1, /home/feurerm/thesis/Software/pyMetaLearn/optimizers/metalearn_optimizer/learn_distances.py
