0.74/0.92	['/home/feurerm/thesis/Software/pyMetaLearn/optimizers/metalearn_optimizer/learn_distances.py', '--input_file', '/home/feurerm/thesis/experiments/2014_04_25_predict_distances/testfold_0-3_pfahringer_spearman_rank_perm.pkl', '--fold', '0', '--folds', '1', '--params', '-max_features', '0.264761242244', '-min_samples_leaf', '6', '-min_samples_split', '5', '-n_estimators', '47', '-n_jobs', '4', '-seed', '14']
0.74/0.92	Metafeatures (57, 8)
0.74/0.92	X (3192, 16)
0.74/0.92	Y (3192,)
0.74/0.92	Dataset Mae MSE Rho
1.23/1.29	vehicle 0.35581862607 0.156997650139 0.351651951634
1.81/1.66	anneal.ORIG 0.273762562491 0.0992004089269 0.572727259462
2.39/2.04	segment 0.260700614846 0.0859700331096 0.746613978193
2.96/2.41	pendigits 0.334736890476 0.138900426298 0.574343307034
3.53/2.78	mushroom 0.200520532739 0.0500464375137 0.63025855302
4.09/3.16	labor 0.295289995829 0.126276801241 0.279253020415
4.66/3.54	abalone 0.316470648194 0.125783939208 0.554304317143
5.24/3.90	diabetes 0.502397656794 0.336758540208 0.0562384555002
5.81/4.28	car 0.367116273466 0.196903669696 0.376215874726
6.38/4.67	autos 0.249334130644 0.0804089754958 0.53264927968
6.97/5.03	mfeat-fourier 0.551054190803 0.395072769323 -0.429545444596
7.55/5.42	primary-tumor 0.243206750425 0.0738788734298 0.442473825171
8.10/5.79	waveform-5000 0.231198051949 0.0741662494881 0.651267171454
8.66/6.16	credit-a 0.386516938067 0.208143251552 0.324179142912
9.23/6.53	letter 0.245917965585 0.0835083651867 0.652236799997
9.80/6.91	postoperative-patient-data 0.411476251959 0.205890220576 -0.0407243988105
10.37/7.29	vowel 0.462794565608 0.26447280984 0.180674118532
10.96/7.66	eucalyptus 0.373338381432 0.181913310347 0.109891234885
11.57/8.04	cylinder-bands 0.348452369776 0.153856380283 0.330966542714
12.15/8.42	ionosphere 0.414964397534 0.207671927148 0.105366301684
12.79/8.81	mfeat-karhunen 0.192629048001 0.0514118749234 0.792832938747
13.34/9.19	balance-scale 0.235045402561 0.0792890466806 0.486430319125
13.92/9.56	mfeat-morphological 0.45753440915 0.275207909034 -0.146413910009
14.51/9.94	liver-disorders 0.312115647051 0.12814258746 0.429222235082
15.07/10.31	dermatology 0.185617357947 0.0452991660765 0.567879116746
15.64/10.69	vote 0.075762591375 0.00903375961648 0.802206014664
16.25/11.07	breast-cancer 0.214436419969 0.0620668756564 0.191986451535
16.81/11.44	credit-g 0.566084819431 0.428845538811 -0.526831508422
17.38/11.81	soybean 0.128056659453 0.0262423024196 0.756956682652
17.99/12.18	arrhythmia 0.287746174831 0.113012635768 0.186168680277
18.53/12.55	nursery 0.302522706705 0.115356240575 0.510671032703
19.11/12.93	hepatitis 0.382926601987 0.209197515254 -0.45863430089
19.75/13.30	cmc 0.304122135754 0.109459024618 0.293797448561
20.24/13.67	heart-c 0.275527378116 0.0988664687928 0.781520605744
20.83/14.04	glass 0.350418122097 0.150510156634 0.361671446579
21.40/14.41	braziltourism 0.470218194443 0.286962921422 0.0872665688796
21.98/14.79	iris 0.325247669576 0.135824871127 0.213641488998
22.55/15.17	heart-statlog 0.301277605481 0.120032369347 0.702657484238
23.15/15.54	page-blocks 0.340201614938 0.159935984442 0.396254864616
23.74/17.05	breast-w 0.226120253191 0.0716568421427 0.46606811972
24.40/17.60	heart-h 0.190001036652 0.0464639101214 0.614421286816
24.92/18.32	yeast 0.32695608108 0.135832523024 0.554950736172
25.52/18.69	tae 0.330407814779 0.134515867877 0.162251176213
26.13/19.06	haberman 0.253758715058 0.0850339995363 0.118617891773
26.76/19.45	mfeat-pixel 0.331837528106 0.134700308166 0.247578488007
27.40/19.82	optdigits 0.206730255485 0.0558812324049 0.744674721106
27.94/20.19	mfeat-factors 0.235488087962 0.074362445621 0.702657484238
28.52/20.57	satimage 0.274140646174 0.102383262098 0.405304731019
29.11/20.95	lymph 0.178267411492 0.0465661452305 0.642217305051
29.67/21.33	audiology 0.326194641505 0.145686187346 0.378155131812
30.25/21.71	ecoli 0.416093336182 0.217742036027 0.0778934929629
30.87/22.09	tic-tac-toe 0.289847019835 0.127843861995 0.524892251335
31.43/22.47	spambase 0.227064924487 0.067910131951 0.788954424575
32.03/22.85	zoo 0.13661970266 0.0243834903691 0.733362388103
32.62/23.22	sonar 0.504581929808 0.322011094352 -0.195864965708
33.27/23.60	mfeat-zernike 0.266095854668 0.0951825520044 0.459927138947
33.80/23.98	kr-vs-kp 0.201423967027 0.0513195560199 0.659993828342
33.88/24.01	MAE 0.306213816837 0.10317285588
33.88/24.01	MSE 0.136666556736 0.136666556736
33.88/24.01	Mean tau 0.377480361071 0.31875573016
33.88/24.01	(0.3333333333333333, '1_class_probability_max')
33.88/24.01	(0.7894736842105263, '0_landmark_decision_tree')
33.88/24.01	(1.9649122807017543, '1_landmark_decision_tree')
33.88/24.01	(3.210526315789474, '0_class_probability_max')
33.88/24.01	(3.912280701754386, '1_landmark_naive_bayes')
33.88/24.01	(5.526315789473684, '0_landmark_naive_bayes')
33.88/24.01	(6.368421052631579, '0_landmark_lda')
33.88/24.01	(6.87719298245614, '0_number_of_features')
33.88/24.01	(8.614035087719298, '1_landmark_lda')
33.88/24.01	(9.263157894736842, '1_number_of_categorical_features')
33.88/24.01	(9.736842105263158, '0_number_of_categorical_features')
33.88/24.01	(11.614035087719298, '1_number_of_features')
33.88/24.01	(11.982456140350877, '1_number_of_numeric_features')
33.88/24.01	(12.368421052631579, '0_number_of_numeric_features')
33.88/24.01	(12.771929824561404, '0_number_of_classes')
33.88/24.01	(14.666666666666666, '1_number_of_classes')
33.88/24.01	Result for ParamILS: SAT, 23.087424, 1, 0.306214, -1, /home/feurerm/thesis/Software/pyMetaLearn/optimizers/metalearn_optimizer/learn_distances.py
