0.67/0.86	['/home/feurerm/thesis/Software/pyMetaLearn/optimizers/metalearn_optimizer/learn_distances.py', '--input_file', '/home/feurerm/thesis/experiments/2014_04_25_predict_distances/testfold_0-3_pfahringer_spearman_rank_perm.pkl', '--fold', '0', '--folds', '1', '--params', '-max_features', '0.269314242562', '-min_samples_leaf', '6', '-min_samples_split', '2', '-n_estimators', '43', '-n_jobs', '4', '-seed', '16']
0.67/0.87	Metafeatures (57, 8)
0.67/0.87	X (3192, 16)
0.67/0.87	Y (3192,)
0.67/0.87	Dataset Mae MSE Rho
1.19/1.21	vehicle 0.362915375391 0.159528743695 0.322239885826
1.73/1.59	anneal.ORIG 0.269075998474 0.0936648013563 0.521983365706
2.26/1.96	segment 0.25017581568 0.0788310244301 0.749522863822
2.77/2.32	pendigits 0.32016418544 0.127330380208 0.607957096528
3.30/2.69	mushroom 0.194804589565 0.0472117775802 0.650297542911
3.82/3.07	labor 0.296006783098 0.125793036422 0.295413496133
4.35/3.45	abalone 0.317904189824 0.129510457665 0.531679651137
4.88/3.81	diabetes 0.465339159933 0.296228746162 0.06658115996
5.42/4.19	car 0.365512124958 0.187822691622 0.313513228938
5.96/4.56	autos 0.261461446024 0.0890815876504 0.4993586997
6.50/4.93	mfeat-fourier 0.540423697349 0.382105682666 -0.410152873734
7.05/5.31	primary-tumor 0.223785144575 0.0613619167525 0.534265327252
7.59/5.68	waveform-5000 0.209827511138 0.0598733431584 0.681648865804
8.13/6.05	credit-a 0.379906879338 0.202204116013 0.367166008323
8.67/6.43	letter 0.244447745885 0.0857867537753 0.624117572247
9.22/6.80	postoperative-patient-data 0.403249700967 0.203063914118 0.0294120658076
9.76/7.17	vowel 0.451816062266 0.252286185758 0.215903955599
10.32/7.55	eucalyptus 0.378490099251 0.186206351035 0.0953468067389
10.86/7.93	cylinder-bands 0.320994493958 0.134637069032 0.492248090384
11.41/8.31	ionosphere 0.40335572569 0.195981944113 0.148999586124
11.94/8.68	mfeat-karhunen 0.197413354207 0.0534424431892 0.757926311195
12.50/9.05	balance-scale 0.221293635257 0.0689553773553 0.540406308025
13.03/9.42	mfeat-morphological 0.479169969644 0.30342381558 -0.222044936372
13.56/9.79	liver-disorders 0.287711626675 0.108359352772 0.46380565312
14.10/10.16	dermatology 0.19563697378 0.0509011288591 0.521660156192
14.66/10.58	vote 0.074825881844 0.00891458464427 0.80414527175
15.25/10.95	breast-cancer 0.184674636459 0.045055134708 0.336784313973
15.78/11.32	credit-g 0.538704594263 0.386489989532 -0.445059501286
16.40/11.70	soybean 0.125058185742 0.0243850516083 0.778288510601
16.89/12.06	arrhythmia 0.288208508943 0.112922244749 0.0856505213078
17.46/12.45	nursery 0.283846952965 0.101752848572 0.551395431514
18.01/12.83	hepatitis 0.357908174656 0.181117103883 -0.379771179384
18.56/13.20	cmc 0.311798350071 0.117114461912 0.255658725866
19.09/13.58	heart-c 0.287722264281 0.108903274152 0.721080426557
19.64/13.94	glass 0.34454321211 0.1444114659 0.466714538749
20.17/14.32	braziltourism 0.48290999318 0.299013418581 -0.00711060931612
20.69/14.69	iris 0.310336150311 0.124641010093 0.293797448561
21.24/15.06	heart-statlog 0.282703325111 0.108330965222 0.713000188698
21.78/15.43	page-blocks 0.343449511552 0.165414755999 0.463482443605
22.32/15.81	breast-w 0.219472600167 0.067819928351 0.508085356588
22.87/16.21	heart-h 0.196381530188 0.0487161423846 0.617653381959
23.39/16.58	yeast 0.341583549825 0.14410804999 0.527801136965
23.91/16.95	tae 0.345486444755 0.147981139143 0.114739377601
24.44/17.31	haberman 0.232337221149 0.0731043770144 0.323532723883
24.98/17.68	mfeat-pixel 0.346326665599 0.147562182432 0.199097060851
25.55/18.07	optdigits 0.207181786094 0.0555603958166 0.728837454902
26.08/18.56	mfeat-factors 0.22024243249 0.0660169344394 0.712353769669
26.63/18.94	satimage 0.283010119338 0.104607876578 0.344218132803
27.17/19.31	lymph 0.194290502615 0.0567907807917 0.552365060057
27.68/19.67	audiology 0.328991166066 0.142017453146 0.370074893953
28.22/20.05	ecoli 0.421851496859 0.227004778221 0.0426636558967
28.74/20.42	tic-tac-toe 0.292531266379 0.130012313174 0.5533346886
29.28/20.80	spambase 0.20515882504 0.0568430298429 0.82192179504
29.82/21.17	zoo 0.126459134348 0.0215954453111 0.794448986319
30.34/21.54	sonar 0.496527879259 0.309873104762 -0.108598396828
30.89/21.91	mfeat-zernike 0.249784142037 0.0873681856888 0.547193707827
31.40/22.28	kr-vs-kp 0.203669323793 0.0519516941209 0.668397275715
31.50/22.30	MAE 0.30120803712 0.10235267777
31.50/22.30	MSE 0.132473557223 0.132473557223
31.50/22.30	Mean tau 0.392200569831 0.31151366316
31.50/22.30	(0.2982456140350877, '1_landmark_decision_tree')
31.50/22.30	(0.8771929824561403, '0_class_probability_max')
31.50/22.30	(2.0350877192982457, '1_class_probability_max')
31.50/22.30	(3.3157894736842106, '0_landmark_decision_tree')
31.50/22.30	(3.807017543859649, '1_landmark_naive_bayes')
31.50/22.30	(5.175438596491228, '0_landmark_naive_bayes')
31.50/22.30	(5.807017543859649, '0_landmark_lda')
31.50/22.30	(8.12280701754386, '0_number_of_categorical_features')
31.50/22.30	(9.192982456140351, '1_landmark_lda')
31.50/22.30	(9.543859649122806, '1_number_of_features')
31.50/22.30	(9.614035087719298, '0_number_of_features')
31.50/22.30	(10.052631578947368, '1_number_of_numeric_features')
31.50/22.30	(11.017543859649123, '0_number_of_numeric_features')
31.50/22.30	(12.421052631578947, '1_number_of_categorical_features')
31.50/22.30	(14.140350877192983, '1_number_of_classes')
31.50/22.30	(14.578947368421053, '0_number_of_classes')
31.50/22.30	Result for ParamILS: SAT, 21.437102, 1, 0.301208, -1, /home/feurerm/thesis/Software/pyMetaLearn/optimizers/metalearn_optimizer/learn_distances.py
