0.69/0.87	['/home/feurerm/thesis/Software/pyMetaLearn/optimizers/metalearn_optimizer/learn_distances.py', '--input_file', '/home/feurerm/thesis/experiments/2014_04_25_predict_distances/testfold_0-3_pfahringer_spearman_rank_perm.pkl', '--fold', '0', '--folds', '1', '--params', '-max_features', '0.748704566197', '-min_samples_leaf', '2', '-min_samples_split', '4', '-n_estimators', '71', '-n_jobs', '4', '-seed', '24']
0.69/0.87	Metafeatures (57, 8)
0.69/0.87	X (3192, 16)
0.69/0.87	Y (3192,)
0.69/0.87	Dataset Mae MSE Rho
2.62/1.62	vehicle 0.329521850033 0.129057607056 0.397547702674
4.75/2.43	anneal.ORIG 0.431318507439 0.230187761347 0.440534568085
6.92/3.23	segment 0.134634949162 0.0237049976301 0.885594069371
8.93/4.03	pendigits 0.224473285461 0.0686778731966 0.760188777796
11.03/4.82	mushroom 0.152735366497 0.0300811299679 0.718817959957
13.12/5.62	labor 0.334754655412 0.158600460274 0.192632870564
15.30/6.52	abalone 0.223921755363 0.0651321389889 0.720110798014
17.40/7.44	diabetes 0.513661663897 0.327660758687 0.229801964716
19.55/8.23	car 0.356085530329 0.171293259695 0.328057657085
21.68/9.17	autos 0.177482822437 0.0410142093038 0.75307816848
23.78/10.09	mfeat-fourier 0.609519341444 0.482672909251 -0.513579918332
25.96/11.00	primary-tumor 0.219378832377 0.059681117732 0.564647021603
28.10/11.80	waveform-5000 0.140305371784 0.0307456844699 0.79154010069
30.12/12.61	credit-a 0.359839663448 0.182753799542 0.446352339344
32.23/13.42	letter 0.221297312531 0.0662285621818 0.673245418431
34.41/14.24	postoperative-patient-data 0.428569460574 0.23744114251 0.144474652923
36.44/15.05	vowel 0.377936021727 0.181433681966 0.519397689591
38.59/15.97	eucalyptus 0.442956128365 0.256833645026 -0.0976092733395
40.70/16.89	cylinder-bands 0.305873221124 0.119502658039 0.539113469968
42.85/17.80	ionosphere 0.395258335868 0.184816203998 0.139949719722
45.08/18.71	mfeat-karhunen 0.116350159902 0.0216431566871 0.857798051135
47.14/19.44	balance-scale 0.221701298171 0.0663803237004 0.522952994249
49.25/20.27	mfeat-morphological 0.447037188498 0.263046928501 -0.123142824975
51.34/21.09	liver-disorders 0.27441271472 0.0950515694552 0.647711866796
53.52/22.00	dermatology 0.218681845148 0.061015442498 0.473501938551
55.61/22.82	vote 0.0800952013034 0.0116443649319 0.754371006537
57.75/23.64	breast-cancer 0.14443276513 0.0309030986658 0.410152873734
59.92/24.56	credit-g 0.63838962883 0.557177784721 -0.646419028738
62.07/25.46	soybean 0.11876231355 0.0231252230964 0.700718227152
64.18/26.28	arrhythmia 0.246819155031 0.0850775532215 0.338400361544
66.38/27.43	nursery 0.23491884222 0.0710843695263 0.69683971298
68.46/28.35	hepatitis 0.240140532569 0.0708109332203 0.453139739145
70.59/29.25	cmc 0.286405179506 0.108952324338 0.29735275322
72.70/30.06	heart-c 0.181183482485 0.0453817063 0.919854277894
74.81/30.98	glass 0.332489056958 0.133059682451 0.489662414269
76.94/31.79	braziltourism 0.472398957534 0.293579707451 -0.0436332844398
79.05/32.62	iris 0.29149270875 0.106528184829 0.381387226955
81.18/33.54	heart-statlog 0.219934846485 0.0692108294742 0.848101765704
83.32/34.45	page-blocks 0.394173653117 0.209427997488 0.100518158969
85.45/35.35	breast-w 0.210399154469 0.0604504526825 0.585655640037
87.55/36.15	heart-h 0.125603916337 0.0232967138828 0.743381883049
89.65/37.06	yeast 0.223413866057 0.0628463305023 0.777642091572
91.78/37.86	tae 0.395667512868 0.188495757908 0.151908471753
93.88/38.68	haberman 0.294407085641 0.112984341222 0.0488046366697
96.14/39.61	mfeat-pixel 0.357835085661 0.156804157581 0.222368145886
98.17/40.52	optdigits 0.119517878843 0.0192487872517 0.839375108816
100.32/41.32	mfeat-factors 0.166082020547 0.0404800020988 0.768269015655
102.41/42.12	satimage 0.238237152557 0.079194868848 0.5533346886
104.54/42.92	lymph 0.211301800417 0.0671636733465 0.452170110602
106.62/43.73	audiology 0.295556098008 0.114413571021 0.463159234091
108.79/44.65	ecoli 0.385446613493 0.195335254473 0.226569869573
110.99/45.55	tic-tac-toe 0.308421735501 0.142718507175 0.495803395042
113.21/46.49	spambase 0.225290361879 0.0583816505538 0.853273117934
115.48/47.40	zoo 0.0786718255909 0.00881465229245 0.870403222196
117.71/48.32	sonar 0.504101383868 0.315718628875 -0.126051710604
119.84/49.24	mfeat-zernike 0.25315517183 0.0902816162956 0.450230853516
122.09/50.19	kr-vs-kp 0.130017816511 0.0219934434727 0.807377366894
122.23/50.23	MAE 0.281797720794 0.127593586594
122.23/50.23	MSE 0.125074441946 0.125074441946
122.23/50.23	Mean tau 0.45433051104 0.341303631329
122.23/50.23	(0.24561403508771928, '0_class_probability_max')
122.23/50.23	(0.7543859649122807, '1_class_probability_max')
122.23/50.23	(2.3157894736842106, '1_landmark_decision_tree')
122.23/50.23	(3.3157894736842106, '0_landmark_decision_tree')
122.23/50.23	(4.0701754385964914, '0_landmark_naive_bayes')
122.23/50.23	(4.368421052631579, '1_landmark_naive_bayes')
122.23/50.23	(7.315789473684211, '0_number_of_numeric_features')
122.23/50.23	(7.701754385964913, '1_number_of_numeric_features')
122.23/50.23	(8.789473684210526, '0_number_of_categorical_features')
122.23/50.23	(9.140350877192983, '1_number_of_categorical_features')
122.23/50.23	(9.789473684210526, '0_number_of_features')
122.23/50.23	(10.771929824561404, '1_number_of_features')
122.23/50.23	(11.157894736842104, '0_landmark_lda')
122.23/50.23	(11.263157894736842, '1_landmark_lda')
122.23/50.23	(14.403508771929825, '0_number_of_classes')
122.23/50.23	(14.596491228070175, '1_number_of_classes')
122.23/50.23	Result for ParamILS: SAT, 49.368023, 1, 0.281798, -1, /home/feurerm/thesis/Software/pyMetaLearn/optimizers/metalearn_optimizer/learn_distances.py
