0.77/0.93	['/home/feurerm/thesis/Software/pyMetaLearn/optimizers/metalearn_optimizer/learn_distances.py', '--input_file', '/home/feurerm/thesis/experiments/2014_04_25_predict_distances/testfold_0-3_pfahringer_spearman_rank_perm.pkl', '--fold', '0', '--folds', '1', '--params', '-max_features', '0.451127501789', '-min_samples_leaf', '3', '-min_samples_split', '10', '-n_estimators', '84', '-n_jobs', '4', '-seed', '36']
0.77/0.93	Metafeatures (57, 8)
0.77/0.93	X (3192, 16)
0.77/0.93	Y (3192,)
0.77/0.93	Dataset Mae MSE Rho
2.10/1.59	vehicle 0.338552555116 0.138304277899 0.40982966422
3.61/2.18	anneal.ORIG 0.373710194843 0.164210111253 0.693607617836
5.06/2.79	segment 0.188313160603 0.0452575226059 0.828385985328
6.63/3.40	pendigits 0.269449515918 0.0933300289528 0.728837454902
8.00/4.00	mushroom 0.170082262038 0.0369783990402 0.696516503465
9.49/4.60	labor 0.294808280636 0.120630790802 0.276990553814
10.95/5.22	abalone 0.245494480361 0.078834155333 0.652236799997
12.46/5.81	diabetes 0.495716040565 0.319667922939 0.14867637661
13.91/6.43	car 0.327193986409 0.143010789282 0.504206842416
15.37/7.03	autos 0.218034612928 0.0605542725405 0.678416770661
16.93/7.75	mfeat-fourier 0.564284712946 0.409098169091 -0.454432577203
18.35/8.45	primary-tumor 0.224017127698 0.0617165992126 0.526185089393
19.84/9.16	waveform-5000 0.173942189611 0.0423979035044 0.769885063227
21.50/10.01	credit-a 0.365175597608 0.187312909172 0.438595310999
22.90/10.72	letter 0.229103794981 0.0726150678634 0.709121674526
24.43/11.35	postoperative-patient-data 0.413931244235 0.215309571557 0.084034473736
25.92/11.96	vowel 0.426554870708 0.227988966147 0.368782055895
27.42/12.76	eucalyptus 0.412796578568 0.222002451698 -0.00614098077301
28.90/13.38	cylinder-bands 0.329289354495 0.139366469796 0.467684167292
30.38/13.99	ionosphere 0.40384030526 0.19948241073 0.112800120515
31.89/14.59	mfeat-karhunen 0.147202079996 0.0319387070617 0.829678823385
33.37/15.21	balance-scale 0.223383163448 0.0675515832689 0.535234955795
34.84/15.82	mfeat-morphological 0.483690697113 0.312718889213 -0.29735275322
36.38/16.43	liver-disorders 0.265999504346 0.0914038013196 0.675184675517
37.79/17.06	dermatology 0.200930363338 0.0529879836796 0.53038681308
39.28/17.77	vote 0.066647183523 0.00754378228811 0.80188280515
40.92/22.70	breast-cancer 0.173540890505 0.0382011316434 0.359085770464
42.30/23.52	credit-g 0.566731890531 0.429889667284 -0.600846487212
43.91/24.21	soybean 0.133875456884 0.0294932030223 0.627996086419
45.35/24.90	arrhythmia 0.274706211984 0.102375025177 0.0795095405348
46.76/25.55	nursery 0.274457322822 0.0981034678642 0.597291182554
48.25/26.28	hepatitis 0.314719434207 0.139198582787 -0.176149185331
49.73/27.05	cmc 0.302451212695 0.116162032472 0.246285649949
51.22/27.79	heart-c 0.235004901372 0.0757523885437 0.831941289986
52.79/28.59	glass 0.356084972401 0.154793779738 0.355530465806
54.24/29.35	braziltourism 0.437778863878 0.245725666423 0.0555920364715
55.74/30.04	iris 0.294578778144 0.112421975258 0.348743066004
57.25/30.66	heart-statlog 0.258328818227 0.0922030646838 0.807700576408
58.75/31.32	page-blocks 0.32846299638 0.149803938741 0.364257122694
60.29/32.26	breast-w 0.229498742193 0.0707991208997 0.433423958769
61.83/32.96	heart-h 0.154697487582 0.0324538919929 0.721080426557
63.25/33.67	yeast 0.269302893895 0.091702074147 0.66872048523
64.79/34.39	tae 0.36637553215 0.165013174162 0.0972860638251
66.45/35.11	haberman 0.25817192379 0.0848488021539 0.111184072943
67.83/35.71	mfeat-pixel 0.344045345436 0.142915521773 0.223014564915
69.35/36.41	optdigits 0.158636121525 0.0327475557286 0.789600843604
70.82/37.04	mfeat-factors 0.182611555864 0.0477196096661 0.772147529828
72.33/37.67	satimage 0.261365597525 0.0937940845769 0.46089676749
73.79/38.27	lymph 0.187309329806 0.0520206271342 0.625733619818
75.25/38.88	audiology 0.326354206563 0.140953417033 0.390113883843
76.74/39.49	ecoli 0.410193524156 0.215264397749 0.116678634687
78.22/40.09	tic-tac-toe 0.298133631719 0.133286169454 0.609896353614
79.76/40.71	spambase 0.218115882176 0.0586329202317 0.912420459064
81.27/41.35	zoo 0.0948188227573 0.0124506215299 0.839375108816
82.82/42.06	sonar 0.504648973664 0.316391950073 -0.137687253121
84.30/42.68	mfeat-zernike 0.249023615126 0.0860492860563 0.511317451732
85.90/43.30	kr-vs-kp 0.161344759837 0.0336691816881 0.746937187707
85.90/43.35	MAE 0.289079185142 0.112023015439
85.90/43.35	MSE 0.125211401157 0.125211401157
85.90/43.35	Mean tau 0.42979493966 0.342365106091
85.90/43.35	(0.47368421052631576, '0_class_probability_max')
85.90/43.35	(0.543859649122807, '1_class_probability_max')
85.90/43.35	(2.210526315789474, '1_landmark_decision_tree')
85.90/43.35	(2.982456140350877, '0_landmark_decision_tree')
85.90/43.35	(3.9473684210526314, '0_landmark_naive_bayes')
85.90/43.35	(4.87719298245614, '1_landmark_naive_bayes')
85.90/43.35	(6.614035087719298, '1_landmark_lda')
85.90/43.35	(6.842105263157895, '0_landmark_lda')
85.90/43.35	(9.298245614035087, '0_number_of_numeric_features')
85.90/43.35	(9.298245614035087, '1_number_of_numeric_features')
85.90/43.35	(9.859649122807017, '0_number_of_features')
85.90/43.35	(10.842105263157896, '1_number_of_features')
85.90/43.35	(11.280701754385966, '0_number_of_categorical_features')
85.90/43.35	(11.929824561403509, '1_number_of_categorical_features')
85.90/43.35	(14.350877192982455, '1_number_of_classes')
85.90/43.35	(14.649122807017545, '0_number_of_classes')
85.90/43.35	Result for ParamILS: SAT, 42.417512, 1, 0.289079, -1, /home/feurerm/thesis/Software/pyMetaLearn/optimizers/metalearn_optimizer/learn_distances.py
