0.70/1.00	['/home/feurerm/thesis/Software/pyMetaLearn/optimizers/metalearn_optimizer/learn_distances.py', '--input_file', '/home/feurerm/thesis/experiments/2014_04_25_predict_distances/testfold_0-3_pfahringer_spearman_rank_perm.pkl', '--fold', '0', '--folds', '1', '--params', '-max_features', '0.915771413242', '-min_samples_leaf', '10', '-min_samples_split', '3', '-n_estimators', '76', '-n_jobs', '4', '-seed', '35']
0.77/1.00	Metafeatures (57, 8)
0.77/1.00	X (3192, 16)
0.77/1.00	Y (3192,)
0.77/1.00	Dataset Mae MSE Rho
2.66/1.67	vehicle 0.358715523862 0.155572744078 0.323855933398
4.77/2.56	anneal.ORIG 0.524849858854 0.32839200018 -0.0471885890979
6.86/3.36	segment 0.228953857013 0.0663079030518 0.755017425566
8.90/4.15	pendigits 0.299761143595 0.11246834678 0.664195552028
11.01/4.94	mushroom 0.20235230641 0.0508398559039 0.634783486221
13.06/5.74	labor 0.288210048007 0.113404388598 0.247255278492
15.21/6.63	abalone 0.297929375797 0.110263601035 0.592766249353
17.30/7.42	diabetes 0.532502661874 0.3553444697 0.203298784538
19.45/8.33	car 0.389641575267 0.201954097844 0.163544014271
21.50/9.22	autos 0.235416522301 0.0706962389212 0.671952580373
23.59/10.12	mfeat-fourier 0.554976144532 0.40013695303 -0.429868654111
25.68/10.83	primary-tumor 0.231610432301 0.0685902215134 0.474471567094
27.74/11.74	waveform-5000 0.171082428507 0.0422592879087 0.764067291968
29.84/12.44	credit-a 0.371087593092 0.194471588874 0.420818787709
31.92/13.35	letter 0.259485620943 0.0911005088729 0.565293440631
34.04/14.15	postoperative-patient-data 0.445534225433 0.266967126346 -0.0258567611495
36.08/14.94	vowel 0.439325656692 0.239094311899 0.280869067987
38.16/15.73	eucalyptus 0.423659412912 0.240024232243 -0.113769749058
40.21/16.52	cylinder-bands 0.350575447636 0.147299941005 0.336137894944
42.30/17.32	ionosphere 0.427568357507 0.217705837507 -0.0381387226955
44.36/18.10	mfeat-karhunen 0.178592039396 0.0452434992477 0.778288510601
46.40/18.89	balance-scale 0.271057342227 0.0953167064263 0.29444386759
48.43/19.68	mfeat-morphological 0.449876841737 0.266244323326 -0.178411651932
50.50/20.48	liver-disorders 0.300565823858 0.118610096317 0.280545858472
52.55/21.27	dermatology 0.195783979007 0.0496429180617 0.518104851534
54.62/22.06	vote 0.0854863826189 0.01088290857 0.776026044
56.70/22.85	breast-cancer 0.143854136098 0.0295702174033 0.32030062874
58.77/23.74	credit-g 0.698624326059 0.638201664565 -0.689405894149
60.87/24.65	soybean 0.120644551598 0.0215066631476 0.804468481265
62.94/25.45	arrhythmia 0.259599421407 0.0930754012862 0.383326484042
64.99/26.23	nursery 0.298357158622 0.113904772035 0.511963870761
67.08/27.03	hepatitis 0.268839740537 0.104035492143 0.32307389794
69.14/27.82	cmc 0.225861580583 0.0668758108251 0.419849159165
71.24/28.51	heart-c 0.251719096792 0.0835664086982 0.766652968083
73.28/29.42	glass 0.388418872632 0.183049369027 0.174856347274
75.38/30.22	braziltourism 0.42958153817 0.239175466982 0.139949719722
77.48/31.01	iris 0.295761279008 0.115562862039 0.304140153021
79.50/31.71	heart-statlog 0.24546254537 0.0808509621689 0.761481615853
81.61/32.51	page-blocks 0.467569825266 0.293145490491 -0.11538579663
83.66/33.29	breast-w 0.227874742493 0.070159631482 0.562061345488
85.71/34.08	heart-h 0.168510933605 0.037662525684 0.689729103664
87.72/34.88	yeast 0.303663463609 0.115075937478 0.574989726063
89.75/35.67	tae 0.355170811162 0.154190836462 0.200066689394
91.79/36.45	haberman 0.27365285103 0.0987691852891 0.024563923092
93.83/37.15	mfeat-pixel 0.378132375959 0.180364343316 0.130576643805
95.90/37.96	optdigits 0.216195764461 0.0597424021355 0.723989312187
97.98/38.74	mfeat-factors 0.220239927416 0.0638831438603 0.698455760552
100.09/39.53	satimage 0.270644349475 0.100653318797 0.42243483528
102.10/40.33	lymph 0.22275166479 0.0746584642444 0.400779797818
104.15/41.12	audiology 0.302124062735 0.113929047599 0.465744910206
106.24/42.02	ecoli 0.397058158704 0.200043595132 0.175179556788
108.45/42.83	tic-tac-toe 0.307360258228 0.140422517132 0.659024199798
110.51/43.98	spambase 0.209857530073 0.0547260882545 0.83517338513
112.54/44.77	zoo 0.131286800286 0.0241695596318 0.751785330422
114.62/45.56	sonar 0.496526139137 0.306395300568 -0.140596138751
116.66/46.35	mfeat-zernike 0.24891929742 0.0853877748074 0.513903127847
118.74/47.15	kr-vs-kp 0.203306149378 0.0532073968057 0.646742238252
118.74/47.19	MAE 0.307757367605 0.120305180772
118.74/47.19	MSE 0.141312206258 0.141312206258
118.74/47.19	Mean tau 0.37460311826 0.330913292035
118.74/47.19	(0.03508771929824561, '1_class_probability_max')
118.74/47.19	(0.9649122807017544, '0_class_probability_max')
118.74/47.19	(2.3684210526315788, '0_landmark_naive_bayes')
118.74/47.19	(3.1228070175438596, '1_landmark_naive_bayes')
118.74/47.19	(4.245614035087719, '0_landmark_decision_tree')
118.74/47.19	(6.385964912280702, '1_number_of_numeric_features')
118.74/47.19	(6.701754385964913, '0_number_of_numeric_features')
118.74/47.19	(7.4035087719298245, '1_landmark_decision_tree')
118.74/47.19	(7.649122807017544, '0_number_of_categorical_features')
118.74/47.19	(7.7368421052631575, '1_number_of_categorical_features')
118.74/47.19	(9.631578947368421, '0_number_of_features')
118.74/47.19	(10.12280701754386, '1_number_of_features')
118.74/47.19	(12.140350877192983, '0_landmark_lda')
118.74/47.19	(12.491228070175438, '1_landmark_lda')
118.74/47.19	(14.491228070175438, '1_number_of_classes')
118.74/47.19	(14.508771929824562, '0_number_of_classes')
118.74/47.19	Result for ParamILS: SAT, 46.189987, 1, 0.307757, -1, /home/feurerm/thesis/Software/pyMetaLearn/optimizers/metalearn_optimizer/learn_distances.py
