0.80/2.66	['/home/feurerm/thesis/Software/pyMetaLearn/optimizers/metalearn_optimizer/learn_distances.py', '--input_file', '/home/feurerm/thesis/experiments/2014_04_25_predict_distances/testfold_0-3_pfahringer_spearman_rank_perm.pkl', '--fold', '0', '--folds', '1', '--params', '-max_features', '0.799567641362', '-min_samples_leaf', '2', '-min_samples_split', '3', '-n_estimators', '14', '-n_jobs', '4', '-seed', '84']
0.80/2.66	Metafeatures (57, 8)
0.80/2.66	X (3192, 16)
0.80/2.66	Y (3192,)
0.80/2.66	Dataset Mae MSE Rho
1.25/3.05	vehicle 0.3153165491 0.123778446564 0.488046366697
1.77/3.67	anneal.ORIG 0.494637768026 0.296413250843 0.310927552823
2.28/4.04	segment 0.141707407947 0.0279524699002 0.846808927647
2.82/4.50	pendigits 0.233036271347 0.0707156480984 0.725605359759
3.30/4.99	mushroom 0.163250521827 0.0351663204364 0.681972075319
3.82/5.44	labor 0.313192194877 0.13557633884 0.245316021406
4.36/5.83	abalone 0.161210106457 0.0350634325342 0.776349253514
4.87/6.42	diabetes 0.561950858804 0.3776083165 0.25889082101
5.39/7.13	car 0.398050868108 0.228540870111 0.2226913554
5.89/7.59	autos 0.176665012685 0.0455811472845 0.705243160353
6.41/8.11	mfeat-fourier 0.541749246637 0.392914056086 -0.255658725866
6.93/8.60	primary-tumor 0.213886538329 0.0579823009104 0.545254450741
7.44/9.13	waveform-5000 0.156174218304 0.0391219439947 0.719141169471
7.94/9.49	credit-a 0.371748286795 0.199442467491 0.39205314093
8.46/9.86	letter 0.249979619412 0.0835041142736 0.501944375815
8.99/10.33	postoperative-patient-data 0.470737470962 0.290883653095 -0.0232710850346
9.49/10.77	vowel 0.35194630512 0.163264239043 0.492248090384
10.03/11.13	eucalyptus 0.424008404738 0.234893306159 -0.0345834180375
10.61/11.60	cylinder-bands 0.376631284865 0.174769159543 0.160958338156
11.07/11.97	ionosphere 0.396363285107 0.184891906948 0.157726243012
11.58/12.57	mfeat-karhunen 0.143202304135 0.036199179409 0.801236386121
12.10/13.09	balance-scale 0.242043629396 0.0842173219314 0.378478341326
12.61/13.70	mfeat-morphological 0.488642544688 0.314562126098 -0.254042678294
13.13/14.78	liver-disorders 0.300676486463 0.112498645202 0.427282977996
13.65/15.29	dermatology 0.221985658127 0.0634008507209 0.449907644002
14.17/15.72	vote 0.083629101698 0.0122103337281 0.754371006537
14.74/16.10	breast-cancer 0.162271646195 0.0403896990049 0.363610703665
15.21/16.46	credit-g 0.686587271514 0.632988873648 -0.607633887014
15.74/16.84	soybean 0.115486085931 0.0210137824477 0.739826578391
16.25/17.35	arrhythmia 0.278047375174 0.101401855293 0.249194535579
16.79/17.72	nursery 0.225829435743 0.0646078772635 0.697486132008
17.30/18.08	hepatitis 0.211707805836 0.0679429117604 0.597937601583
17.82/18.44	cmc 0.301421864719 0.120783694162 0.206530879682
18.35/23.46	heart-c 0.186997832679 0.0496233264748 0.847132137161
18.86/23.81	glass 0.330530389466 0.13100970314 0.485783900097
19.37/24.17	braziltourism 0.476756097342 0.29990530546 -0.00775702834486
19.90/24.53	iris 0.275265449147 0.100066018478 0.374923036668
20.42/24.89	heart-statlog 0.17511602029 0.0471151589048 0.782167024773
20.99/25.40	page-blocks 0.431050626683 0.254159390853 -0.0549456174427
21.47/25.77	breast-w 0.223483591674 0.0692264359386 0.572727259462
22.01/26.20	heart-h 0.111157361373 0.0196736881583 0.762128034882
22.49/26.59	yeast 0.213407143407 0.0601011440181 0.745644349649
23.04/26.95	tae 0.377993406554 0.171126960341 0.207823717739
23.55/27.45	haberman 0.267541747096 0.0927965986672 0.156433404955
24.07/28.01	mfeat-pixel 0.363999089834 0.16719030886 0.194895337165
24.60/28.52	optdigits 0.117545752646 0.0202842507875 0.837759061245
25.13/29.01	mfeat-factors 0.140954142163 0.0325029532954 0.776349253514
25.64/29.36	satimage 0.251462146145 0.0920177697713 0.4970962331
26.15/29.75	lymph 0.232312761816 0.0867711808591 0.427929397025
26.67/30.55	audiology 0.301876114497 0.122675380207 0.437302472941
27.18/31.04	ecoli 0.351557254658 0.165690391374 0.372983779582
27.71/31.47	tic-tac-toe 0.281039037 0.120613193211 0.498065861643
28.22/31.83	spambase 0.238824740871 0.066703865293 0.793479357776
28.74/36.53	zoo 0.0827247937002 0.0105004635174 0.861030146279
29.25/36.99	sonar 0.498633129999 0.317013978418 -0.09987173994
29.77/37.34	mfeat-zernike 0.256708341624 0.0965671443943 0.41726348305
30.28/37.69	kr-vs-kp 0.132370016129 0.0246530525795 0.782167024773
30.31/37.70	MAE 0.285843516068 0.132755710871
30.31/37.70	MSE 0.131373126357 0.131373126357
30.31/37.70	Mean tau 0.427901045313 0.325119140485
30.31/37.70	(0.24561403508771928, '1_class_probability_max')
30.31/37.70	(0.7543859649122807, '0_class_probability_max')
30.31/37.70	(2.56140350877193, '0_landmark_naive_bayes')
30.31/37.70	(3.8947368421052633, '1_landmark_naive_bayes')
30.31/37.70	(4.894736842105263, '0_landmark_decision_tree')
30.31/37.70	(6.245614035087719, '1_landmark_decision_tree')
30.31/37.70	(6.631578947368421, '0_number_of_numeric_features')
30.31/37.70	(6.754385964912281, '1_number_of_numeric_features')
30.31/37.70	(8.31578947368421, '1_number_of_categorical_features')
30.31/37.70	(8.68421052631579, '0_number_of_categorical_features')
30.31/37.70	(9.087719298245615, '0_number_of_features')
30.31/37.70	(9.771929824561404, '1_number_of_features')
30.31/37.70	(11.56140350877193, '0_landmark_lda')
30.31/37.70	(11.719298245614034, '1_landmark_lda')
30.31/37.70	(14.31578947368421, '0_number_of_classes')
30.31/37.70	(14.56140350877193, '1_number_of_classes')
30.31/37.70	Result for ParamILS: SAT, 35.048432, 1, 0.285844, -1, /home/feurerm/thesis/Software/pyMetaLearn/optimizers/metalearn_optimizer/learn_distances.py
