0.76/0.90	['/home/feurerm/thesis/Software/pyMetaLearn/optimizers/metalearn_optimizer/learn_distances.py', '--input_file', '/home/feurerm/thesis/experiments/2014_04_25_predict_distances/testfold_0-3_pfahringer_spearman_rank_perm.pkl', '--fold', '0', '--folds', '1', '--params', '-max_features', '0.162398883439', '-min_samples_leaf', '5', '-min_samples_split', '4', '-n_estimators', '72', '-n_jobs', '4', '-seed', '27']
0.76/0.90	Metafeatures (57, 8)
0.76/0.90	X (3192, 16)
0.76/0.90	Y (3192,)
0.76/0.90	Dataset Mae MSE Rho
1.26/1.27	vehicle 0.363922427594 0.165402622541 0.336461104458
1.88/1.67	anneal.ORIG 0.246011607678 0.0823971217186 0.559475669373
2.51/2.07	segment 0.273166302212 0.0946856911279 0.696516503465
3.14/2.46	pendigits 0.346781063413 0.145734647949 0.57111121189
3.77/2.87	mushroom 0.21297716828 0.0558612453028 0.615067705844
4.43/3.26	labor 0.303895480773 0.126345831828 0.384619322099
5.00/3.76	abalone 0.334259713021 0.144348056662 0.4970962331
5.66/4.15	diabetes 0.456939744397 0.293713605176 -0.0355530465806
6.26/4.54	car 0.33560619288 0.153701583553 0.465098491177
6.86/4.93	autos 0.254021901072 0.0856475682255 0.518104851534
7.46/5.31	mfeat-fourier 0.545804592818 0.383095697186 -0.445059501286
8.07/5.71	primary-tumor 0.234311183464 0.0660752688021 0.561414926459
8.79/6.10	waveform-5000 0.244781870104 0.0818447016988 0.589534154209
9.30/6.50	credit-a 0.36914837704 0.187349300253 0.410799292763
10.03/6.90	letter 0.240104446165 0.083192719956 0.657408152227
10.55/7.29	postoperative-patient-data 0.405197669099 0.197204186552 -0.0235942945489
11.29/7.79	vowel 0.469348983496 0.274594114927 0.109891234885
11.83/8.19	eucalyptus 0.391445246534 0.200429796325 0.0536527793853
12.46/8.58	cylinder-bands 0.361209710709 0.165028595454 0.241114297719
13.07/8.96	ionosphere 0.431466749072 0.224979341768 -0.0310281133794
13.68/9.36	mfeat-karhunen 0.204579151858 0.0574829381149 0.771177901285
14.32/9.76	balance-scale 0.242971992491 0.0814010496143 0.473178729036
14.91/10.14	mfeat-morphological 0.498847925981 0.330868184705 -0.202005946481
15.52/10.54	liver-disorders 0.330197493071 0.143890010153 0.349389485033
16.19/10.94	dermatology 0.195551646536 0.0497796736191 0.544931241226
16.75/11.34	vote 0.0879530057133 0.0124056439339 0.819012909411
17.36/11.72	breast-cancer 0.248169573284 0.0807342007279 0.0449261224973
17.99/12.12	credit-g 0.545985549884 0.394379864609 -0.600200068183
18.62/12.51	soybean 0.13498201296 0.0270222559486 0.807377366894
19.21/12.90	arrhythmia 0.276273234348 0.108084147106 0.15611019544
19.82/13.29	nursery 0.320793928194 0.123705005443 0.478996500295
20.43/13.68	hepatitis 0.391119724888 0.215548247843 -0.698132551037
21.09/14.09	cmc 0.333893429831 0.131744457439 0.291211772447
21.69/14.48	heart-c 0.296216090683 0.114629544984 0.736917692761
22.33/14.87	glass 0.365040472667 0.162347401486 0.311573971852
22.96/15.26	braziltourism 0.548791805899 0.374423529627 -0.36102502755
23.60/15.65	iris 0.303142349851 0.119856642607 0.270849573041
24.21/16.03	heart-statlog 0.300788040952 0.120470588497 0.698132551037
24.91/16.52	page-blocks 0.316433450924 0.137694422271 0.448938015459
25.47/16.92	breast-w 0.229874700675 0.0747441008177 0.460573557976
26.08/17.41	heart-h 0.229052015074 0.0637664056442 0.496449814071
26.71/17.80	yeast 0.345463087277 0.151459835042 0.509378194646
27.34/18.29	tae 0.298553707737 0.112521607891 0.128960596233
27.98/18.69	haberman 0.271264355088 0.104697441581 0.24563923092
28.74/19.30	mfeat-pixel 0.330319358444 0.135257213894 0.239498250147
29.29/19.71	optdigits 0.230064626636 0.0659189420989 0.714293026756
29.93/20.12	mfeat-factors 0.236621628126 0.0786427028855 0.7220500551
30.58/20.54	satimage 0.291525215411 0.111666198799 0.319654209711
31.24/20.94	lymph 0.193818855447 0.0533250984618 0.70427353181
31.86/21.33	audiology 0.332572483228 0.146538432859 0.364580332208
32.47/21.85	ecoli 0.403708559585 0.204832675013 0.12281961546
33.12/22.24	tic-tac-toe 0.295717928385 0.12969847833 0.564000602574
33.78/22.72	spambase 0.236411609362 0.0750418698518 0.706535998411
34.41/23.12	zoo 0.145783852032 0.0282713390846 0.726251778787
35.06/23.52	sonar 0.491861180857 0.304495752113 -0.234973316946
35.68/23.91	mfeat-zernike 0.27389386501 0.101061172789 0.452493320117
36.30/24.39	kr-vs-kp 0.212259374187 0.0580388306315 0.63769237185
36.43/24.43	MAE 0.312471889691 0.100695584208
36.43/24.43	MSE 0.140317150939 0.140317150939
36.43/24.43	Mean tau 0.350064255773 0.350732844453
36.43/24.43	(0.9473684210526315, '0_landmark_lda')
36.43/24.43	(2.3333333333333335, '1_landmark_decision_tree')
36.43/24.43	(2.3859649122807016, '1_class_probability_max')
36.43/24.43	(2.56140350877193, '1_landmark_lda')
36.43/24.43	(4.0, '0_landmark_decision_tree')
36.43/24.43	(4.5964912280701755, '0_class_probability_max')
36.43/24.43	(5.666666666666667, '0_landmark_naive_bayes')
36.43/24.43	(5.666666666666667, '1_landmark_naive_bayes')
36.43/24.43	(10.263157894736842, '1_number_of_categorical_features')
36.43/24.43	(10.596491228070175, '0_number_of_categorical_features')
36.43/24.43	(10.68421052631579, '0_number_of_features')
36.43/24.43	(10.807017543859649, '1_number_of_features')
36.43/24.43	(10.87719298245614, '0_number_of_classes')
36.43/24.43	(12.087719298245615, '1_number_of_classes')
36.43/24.43	(12.385964912280702, '1_number_of_numeric_features')
36.43/24.43	(14.140350877192983, '0_number_of_numeric_features')
36.43/24.43	Result for ParamILS: SAT, 23.536845, 1, 0.312472, -1, /home/feurerm/thesis/Software/pyMetaLearn/optimizers/metalearn_optimizer/learn_distances.py
