0.80/1.02	['/home/feurerm/thesis/Software/pyMetaLearn/optimizers/metalearn_optimizer/learn_distances.py', '--input_file', '/home/feurerm/thesis/experiments/2014_04_25_predict_distances/testfold_0-3_pfahringer_spearman_rank_perm.pkl', '--fold', '0', '--folds', '1', '--params', '-max_features', '0.227284167983', '-min_samples_leaf', '9', '-min_samples_split', '8', '-n_estimators', '79', '-n_jobs', '4', '-seed', '46']
0.80/1.02	Metafeatures (57, 8)
0.80/1.02	X (3192, 16)
0.80/1.02	Y (3192,)
0.80/1.02	Dataset Mae MSE Rho
1.42/1.58	vehicle 0.364202339939 0.166020972812 0.307049038651
2.18/1.98	anneal.ORIG 0.275887724246 0.102036413457 0.551072221999
2.96/2.57	segment 0.282588609539 0.098905088549 0.691991570264
3.73/2.95	pendigits 0.356281495031 0.152857315877 0.537174212881
4.46/3.44	mushroom 0.216028218013 0.0576946591309 0.610542772643
5.20/3.82	labor 0.279954020905 0.106259017922 0.482228595439
5.94/4.21	abalone 0.350975678209 0.156286116725 0.495803395042
6.79/4.70	diabetes 0.479414526191 0.318381471847 -0.0316745324082
7.43/5.08	car 0.346067892379 0.162091221274 0.398840540731
8.39/5.70	autos 0.262812302576 0.0890378722918 0.533942117738
9.02/6.08	mfeat-fourier 0.528477981429 0.364905767506 -0.371044522496
9.87/6.56	primary-tumor 0.240913749048 0.0703918123128 0.506792518531
10.54/6.95	waveform-5000 0.249914930879 0.0836468694727 0.668074066201
11.30/7.34	credit-a 0.384430129012 0.203568466665 0.34841985649
12.07/7.76	letter 0.242749318239 0.0830195804308 0.708475255497
12.82/8.15	postoperative-patient-data 0.411437216072 0.206602923753 -0.134455157978
13.56/8.54	vowel 0.477812633998 0.281792184133 0.0762774453911
14.29/9.02	eucalyptus 0.379167130173 0.187758187159 0.0833880547072
15.06/9.41	cylinder-bands 0.347734056105 0.152731146809 0.346480599404
15.83/10.02	ionosphere 0.425291518836 0.223251968805 -0.0180997328047
16.62/10.40	mfeat-karhunen 0.230584959111 0.0698132336061 0.75824952071
17.44/10.99	balance-scale 0.236535520383 0.0780888200049 0.4970962331
18.12/11.38	mfeat-morphological 0.479133523339 0.300027058422 -0.238851831119
18.83/11.86	liver-disorders 0.305663371359 0.123441476802 0.42017236868
19.60/12.25	dermatology 0.187487727069 0.0444976561718 0.590180573238
20.33/12.63	vote 0.0860475041647 0.0116410120496 0.817073652325
21.18/13.13	breast-cancer 0.230743174458 0.0690924870542 0.217196793656
21.85/13.52	credit-g 0.529467127912 0.372259072087 -0.60440179187
22.65/14.13	soybean 0.134860470106 0.0277208708795 0.785722329431
23.41/14.53	arrhythmia 0.275787548452 0.107114897166 0.174209928245
24.17/15.02	nursery 0.308916414164 0.118247183538 0.490955252327
24.99/15.52	hepatitis 0.362308450427 0.188256641343 -0.465744910206
25.82/16.00	cmc 0.304121650121 0.107091830411 0.314482857481
26.46/16.38	heart-c 0.310197900754 0.125598292146 0.676477513574
27.19/16.76	glass 0.365139902388 0.162580553627 0.316422114567
27.95/17.25	braziltourism 0.475562840389 0.29054738833 0.0261799706639
28.68/17.63	iris 0.312410778994 0.128653481195 0.206854089196
29.42/18.12	heart-statlog 0.319824102588 0.13598156418 0.640278047965
30.31/18.61	page-blocks 0.320090181217 0.14184153809 0.422758044795
31.08/19.20	breast-w 0.235015281535 0.0778293034686 0.450877272545
31.71/19.58	heart-h 0.223435483731 0.0612383169311 0.551072221999
32.44/19.97	yeast 0.353226508692 0.156184084907 0.493864137956
33.23/20.48	tae 0.314346982823 0.122838380381 0.11764826323
34.00/20.86	haberman 0.270041821864 0.0973404475582 0.104719882656
34.73/21.35	mfeat-pixel 0.323497677608 0.130674210126 0.259860449553
35.51/21.73	optdigits 0.257634063393 0.0832775354999 0.685850589491
36.27/22.24	mfeat-factors 0.253907450467 0.0884353113425 0.668397275715
37.02/22.62	satimage 0.290515258187 0.110988728899 0.311573971852
37.87/23.00	lymph 0.19221746275 0.0515106718996 0.722373264615
38.52/23.50	audiology 0.33004494506 0.144724488507 0.356823303863
39.23/23.89	ecoli 0.417306873178 0.218801213362 0.0565616650146
39.98/24.37	tic-tac-toe 0.298419477111 0.132895162727 0.513579918332
40.72/24.75	spambase 0.228711281565 0.0680271483237 0.782490234287
41.60/25.35	zoo 0.154166509862 0.0312961032151 0.698778970066
42.28/25.74	sonar 0.490710076574 0.303469183958 -0.136071205549
43.16/26.35	mfeat-zernike 0.269402829142 0.0982090291706 0.518104851534
43.87/26.75	kr-vs-kp 0.227682798288 0.0655921176534 0.592443039838
43.87/26.79	MAE 0.312408901755 0.0955678118026
43.87/26.79	MSE 0.138825711438 0.138825711438
43.87/26.79	Mean tau 0.361149775082 0.325338288025
43.87/26.79	(0.2631578947368421, '0_landmark_decision_tree')
43.87/26.79	(1.6842105263157894, '1_landmark_decision_tree')
43.87/26.79	(2.1403508771929824, '1_class_probability_max')
43.87/26.79	(2.6491228070175437, '1_landmark_naive_bayes')
43.87/26.79	(3.4035087719298245, '0_class_probability_max')
43.87/26.79	(5.228070175438597, '0_landmark_naive_bayes')
43.87/26.79	(6.298245614035087, '0_landmark_lda')
43.87/26.79	(6.456140350877193, '1_landmark_lda')
43.87/26.79	(8.403508771929825, '1_number_of_categorical_features')
43.87/26.79	(9.385964912280702, '0_number_of_features')
43.87/26.79	(10.947368421052632, '1_number_of_numeric_features')
43.87/26.79	(11.035087719298245, '0_number_of_categorical_features')
43.87/26.79	(11.263157894736842, '1_number_of_features')
43.87/26.79	(12.175438596491228, '0_number_of_numeric_features')
43.87/26.79	(14.298245614035087, '1_number_of_classes')
43.87/26.79	(14.368421052631579, '0_number_of_classes')
43.87/26.79	Result for ParamILS: SAT, 25.769974, 1, 0.312409, -1, /home/feurerm/thesis/Software/pyMetaLearn/optimizers/metalearn_optimizer/learn_distances.py
