0.67/0.87	['/home/feurerm/thesis/Software/pyMetaLearn/optimizers/metalearn_optimizer/learn_distances.py', '--input_file', '/home/feurerm/thesis/experiments/2014_04_25_predict_distances/testfold_0-3_pfahringer_spearman_rank_perm.pkl', '--fold', '0', '--folds', '1', '--params', '-max_features', '0.860794983408', '-min_samples_leaf', '2', '-min_samples_split', '5', '-n_estimators', '4', '-n_jobs', '4', '-seed', '80']
0.67/0.87	Metafeatures (57, 8)
0.67/0.87	X (3192, 16)
0.67/0.87	Y (3192,)
0.67/0.87	Dataset Mae MSE Rho
0.90/1.11	vehicle 0.37200623607 0.183107172438 0.24567875771
1.10/1.35	anneal.ORIG 0.546864701056 0.359240356899 0.111884503321
1.31/1.60	segment 0.165809180761 0.0428560023287 0.790016677387
1.48/1.84	pendigits 0.220241194378 0.0722008513523 0.707077690589
1.68/2.08	mushroom 0.197422212318 0.0630137232403 0.5618285275
1.87/2.32	labor 0.314403556917 0.147312644638 0.235011127441
2.07/2.56	abalone 0.175550701032 0.0564168305727 0.676802459099
2.26/2.80	diabetes 0.48709183744 0.300860884374 0.146287610577
2.45/3.04	car 0.313345228785 0.141441889819 0.2880723796
2.65/3.28	autos 0.198818427832 0.0561980695244 0.598453394656
2.84/3.53	mfeat-fourier 0.531824365359 0.383249109876 -0.216441006146
3.03/3.77	primary-tumor 0.199076713102 0.0600021369441 0.553746989417
3.22/6.01	waveform-5000 0.172389235254 0.0534024118822 0.636068229413
3.42/6.26	credit-a 0.318514552599 0.153470337998 0.50970140416
3.63/6.51	letter 0.28360551045 0.105648131189 0.475194439255
3.81/6.75	postoperative-patient-data 0.443560619068 0.264730883136 0.129560097774
4.00/6.99	vowel 0.417184009677 0.234886201372 0.308714754754
4.20/7.24	eucalyptus 0.295243443936 0.126770961648 0.387460113317
4.39/7.48	cylinder-bands 0.383817348765 0.207603091048 0.17050673453
4.59/7.72	ionosphere 0.361715093635 0.176871448362 0.226569869573
4.79/7.97	mfeat-karhunen 0.161927060695 0.0553641484541 0.674323537609
4.99/8.21	balance-scale 0.272851698816 0.106673481849 0.382287512722
5.16/8.45	mfeat-morphological 0.534594593453 0.408246123307 -0.189931428097
5.37/8.70	liver-disorders 0.241457926059 0.0967123952325 0.454307517313
5.54/8.94	dermatology 0.208823328542 0.0613610475619 0.498226191878
5.74/9.19	vote 0.106355346336 0.0180018531918 0.724752335244
5.95/9.44	breast-cancer 0.143064712906 0.0322780769529 0.408734139299
6.14/9.69	credit-g 0.679035899601 0.611348159655 -0.455475486333
6.35/9.94	soybean 0.179336833301 0.0520707478847 0.504934499398
6.56/10.19	arrhythmia 0.272252616724 0.101890773008 0.127406052915
6.75/10.44	nursery 0.229514002521 0.074669584831 0.652665015548
6.97/10.69	hepatitis 0.205515944161 0.0574557631086 0.486586903813
7.16/10.93	cmc 0.265469278842 0.100012233079 0.313513228938
7.36/11.18	heart-c 0.200117874153 0.061347062175 0.734994215792
7.54/11.42	glass 0.325396394794 0.150630959687 0.395089167083
7.73/11.67	braziltourism 0.554293907375 0.423575831487 -0.120938740584
7.95/11.92	iris 0.274888780182 0.111880418294 0.338912438209
8.15/12.17	heart-statlog 0.247501922364 0.100824044453 0.556773175789
8.35/12.41	page-blocks 0.591716448967 0.475594767324 -0.0842978506547
8.55/12.66	breast-w 0.220050741873 0.0756474501062 0.542109574578
8.75/12.90	heart-h 0.176404525288 0.0458829061342 0.566975960192
8.94/13.14	yeast 0.231705327972 0.0771083488415 0.648895297763
9.14/13.39	tae 0.377154288337 0.180656041201 0.168123049822
9.34/13.64	haberman 0.36317758888 0.182903865082 -0.032172288588
9.52/13.89	mfeat-pixel 0.37701260273 0.186973153081 0.189107991132
9.72/14.13	optdigits 0.131585365853 0.0296518925709 0.777866268526
9.91/14.38	mfeat-factors 0.198970881811 0.0603535735321 0.686607475494
10.12/14.62	satimage 0.246212934514 0.092474440424 0.433043656061
10.31/14.86	lymph 0.281442417194 0.132495884788 0.256387650979
10.51/15.10	audiology 0.282989897001 0.111052518456 0.442956219025
10.69/15.35	ecoli 0.490421967629 0.325772222391 -0.100227202779
10.90/15.59	tic-tac-toe 0.328636279671 0.184553025547 0.235980912011
11.09/15.83	spambase 0.25888293985 0.083898640504 0.72927799657
11.27/16.07	zoo 0.152559060931 0.0333686281951 0.73715491076
11.47/16.32	sonar 0.47158438853 0.292280855104 0.0134207537057
11.68/16.57	mfeat-zernike 0.245769544023 0.10324742765 0.446424163681
11.88/16.81	kr-vs-kp 0.1417690247 0.033538574843 0.750391249692
11.88/16.82	MAE 0.299454886228 0.1309165935
11.88/16.82	MSE 0.149492632607 0.149492632607
11.88/16.82	Mean tau 0.376094400323 0.287448009341
11.88/16.82	(0.47368421052631576, '1_class_probability_max')
11.88/16.82	(0.5263157894736842, '0_class_probability_max')
11.88/16.82	(4.543859649122807, '1_landmark_naive_bayes')
11.88/16.82	(4.859649122807017, '0_landmark_naive_bayes')
11.88/16.82	(4.9298245614035086, '1_landmark_decision_tree')
11.88/16.82	(5.771929824561403, '0_landmark_decision_tree')
11.88/16.82	(6.754385964912281, '0_number_of_numeric_features')
11.88/16.82	(7.631578947368421, '1_number_of_numeric_features')
11.88/16.82	(8.614035087719298, '0_number_of_features')
11.88/16.82	(8.771929824561404, '0_number_of_categorical_features')
11.88/16.82	(8.771929824561404, '1_number_of_categorical_features')
11.88/16.82	(9.631578947368421, '1_number_of_features')
11.88/16.82	(10.280701754385966, '1_landmark_lda')
11.88/16.82	(10.456140350877194, '0_landmark_lda')
11.88/16.82	(13.894736842105264, '1_number_of_classes')
11.88/16.82	(14.087719298245615, '0_number_of_classes')
11.88/16.82	Result for ParamILS: SAT, 15.950813, 1, 0.299455, -1, /home/feurerm/thesis/Software/pyMetaLearn/optimizers/metalearn_optimizer/learn_distances.py
