0.70/0.99	['/home/feurerm/thesis/Software/pyMetaLearn/optimizers/metalearn_optimizer/learn_distances.py', '--input_file', '/home/feurerm/thesis/experiments/2014_04_25_predict_distances/testfold_0-3_pfahringer_spearman_rank_perm.pkl', '--fold', '0', '--folds', '1', '--params', '-max_features', '0.606574424275', '-min_samples_leaf', '3', '-min_samples_split', '9', '-n_estimators', '10', '-n_jobs', '4', '-seed', '36']
0.70/0.99	Metafeatures (57, 8)
0.70/0.99	X (3192, 16)
0.70/0.99	Y (3192,)
0.70/0.99	Dataset Mae MSE Rho
1.00/1.24	vehicle 0.320303255031 0.128182686345 0.439888149056
1.29/1.49	anneal.ORIG 0.428733631598 0.23180016731 0.259480015999
1.55/1.73	segment 0.183594729113 0.0467371135501 0.799943548063
1.82/1.98	pendigits 0.272535000015 0.104340490234 0.626915282696
2.09/2.22	mushroom 0.179625488094 0.0426850237443 0.652774123951
2.35/2.47	labor 0.280487080606 0.108646109803 0.277313763329
2.62/2.71	abalone 0.213179959711 0.0646620626518 0.658375069479
2.90/2.96	diabetes 0.489444456653 0.298069433093 0.276711863947
3.20/3.22	car 0.32021571145 0.14039351668 0.387074530048
3.47/3.47	autos 0.205345586521 0.0552116927436 0.603432163327
3.74/3.72	mfeat-fourier 0.596136463711 0.459748670062 -0.421983965743
4.01/3.96	primary-tumor 0.206367669851 0.0541086511862 0.599100021771
4.28/4.21	waveform-5000 0.172590025788 0.045684162894 0.662902713971
4.55/4.46	credit-a 0.376794400136 0.199305037533 0.348743066004
4.82/4.71	letter 0.241579374754 0.088741120808 0.392569533815
5.09/4.96	postoperative-patient-data 0.391757037217 0.192191754659 0.214466764665
5.35/5.21	vowel 0.422725532041 0.229733110826 0.282485115559
5.64/5.46	eucalyptus 0.501179464001 0.337633790633 -0.161132904575
5.92/5.71	cylinder-bands 0.346667976346 0.151006513445 0.320164778298
6.19/5.95	ionosphere 0.395537668295 0.20364434894 0.134304356772
6.49/6.20	mfeat-karhunen 0.168395665811 0.0424091753467 0.754068180486
6.75/6.45	balance-scale 0.25057485833 0.0797851592349 0.32862178155
7.02/6.69	mfeat-morphological 0.535482754334 0.374526036568 -0.093730759167
7.29/6.94	liver-disorders 0.265922370832 0.0965939151002 0.504732257762
7.57/7.19	dermatology 0.19807403191 0.0527288935227 0.524569041821
7.84/7.44	vote 0.0870972619244 0.0117013592425 0.769885063227
8.11/7.69	breast-cancer 0.189759343651 0.0488677376584 0.349712694547
8.39/7.93	credit-g 0.624466626907 0.522995408356 -0.469499586551
8.66/8.18	soybean 0.150194910828 0.0382470704493 0.552894349601
8.93/8.42	arrhythmia 0.311239973132 0.119056915592 -0.0539759888996
9.20/8.67	nursery 0.267319863816 0.0946027059837 0.609460564848
9.47/8.91	hepatitis 0.384192955543 0.218365446855 -0.256487381706
9.72/9.16	cmc 0.250262919925 0.0835037820247 0.336649789599
9.98/9.40	heart-c 0.234635977867 0.0769621907626 0.780550977201
10.26/9.65	glass 0.292476534912 0.107925295775 0.5555971552
10.55/9.90	braziltourism 0.445015818478 0.257103209346 -0.0109908917923
10.84/10.15	iris 0.277370705929 0.105924880065 0.385912160157
11.11/10.40	heart-statlog 0.252594443951 0.0905718051272 0.702124028613
11.40/10.66	page-blocks 0.327680042248 0.146110793743 0.296891821168
11.71/10.91	breast-w 0.226143590022 0.069603662422 0.495156976013
11.94/11.15	heart-h 0.150655090198 0.0342387561956 0.662902713971
12.20/11.40	yeast 0.225533747131 0.073860818147 0.61991584856
12.49/11.65	tae 0.375092318792 0.177584844255 0.084034473736
12.77/11.91	haberman 0.251480961145 0.0868453311379 0.120880358374
13.08/12.17	mfeat-pixel 0.402690801235 0.199047228576 0.123314349239
13.35/12.42	optdigits 0.16331528506 0.0383964910063 0.7737635774
13.62/12.67	mfeat-factors 0.184206801352 0.0482571748633 0.733362388103
13.89/12.92	satimage 0.268816595954 0.104471395152 0.408150515697
14.16/13.16	lymph 0.221488863872 0.0822978733133 0.34847592212
14.42/13.41	audiology 0.365309113247 0.161689275328 0.128981347798
14.69/13.66	ecoli 0.366312432581 0.182557431305 0.282161906044
14.95/13.91	tic-tac-toe 0.306765349134 0.146082314116 0.330373276815
15.25/14.17	spambase 0.219811968184 0.0618314930131 0.706535998411
15.51/14.41	zoo 0.108398197365 0.0169555405061 0.792509729233
15.78/14.66	sonar 0.486745640783 0.308943925506 -0.00210103085203
16.06/14.91	mfeat-zernike 0.316175586813 0.147103464789 0.216729413275
16.33/15.16	kr-vs-kp 0.149947068602 0.031754296351 0.728411234625
16.33/15.17	MAE 0.295551701451 0.119006925093
16.33/15.17	MSE 0.135474185156 0.135474185156
16.33/15.17	Mean tau 0.37673810959 0.306472907442
16.33/15.17	(0.38596491228070173, '1_class_probability_max')
16.33/15.17	(1.0701754385964912, '0_landmark_decision_tree')
16.33/15.17	(2.245614035087719, '0_class_probability_max')
16.33/15.17	(2.7719298245614037, '1_landmark_decision_tree')
16.33/15.17	(4.368421052631579, '0_landmark_naive_bayes')
16.33/15.17	(5.052631578947368, '1_landmark_naive_bayes')
16.33/15.17	(7.754385964912281, '1_number_of_categorical_features')
16.33/15.17	(7.771929824561403, '1_number_of_numeric_features')
16.33/15.17	(8.070175438596491, '0_number_of_numeric_features')
16.33/15.17	(8.578947368421053, '1_number_of_features')
16.33/15.17	(10.75438596491228, '0_landmark_lda')
16.33/15.17	(10.964912280701755, '1_landmark_lda')
16.33/15.17	(10.982456140350877, '0_number_of_features')
16.33/15.17	(11.140350877192983, '0_number_of_categorical_features')
16.33/15.17	(13.929824561403509, '0_number_of_classes')
16.33/15.17	(14.157894736842104, '1_number_of_classes')
16.33/15.17	Result for ParamILS: SAT, 14.179613, 1, 0.295552, -1, /home/feurerm/thesis/Software/pyMetaLearn/optimizers/metalearn_optimizer/learn_distances.py
