0.71/1.00	['/home/feurerm/thesis/Software/pyMetaLearn/optimizers/metalearn_optimizer/learn_distances.py', '--input_file', '/home/feurerm/thesis/experiments/2014_04_25_predict_distances/testfold_0-3_pfahringer_spearman_rank_perm.pkl', '--fold', '0', '--folds', '1', '--params', '-max_features', '0.763275077346', '-min_samples_leaf', '8', '-min_samples_split', '4', '-n_estimators', '55', '-n_jobs', '4', '-seed', '57']
0.79/1.00	Metafeatures (57, 8)
0.79/1.00	X (3192, 16)
0.79/1.00	Y (3192,)
0.79/1.00	Dataset Mae MSE Rho
2.06/1.55	vehicle 0.351489595477 0.149460463033 0.364257122694
3.52/2.13	anneal.ORIG 0.516422310238 0.318330158097 0.102780625569
4.86/2.71	segment 0.207048699416 0.0547655604713 0.805761319322
6.23/3.29	pendigits 0.299952943537 0.113240273879 0.650943961939
7.60/3.86	mushroom 0.190799586268 0.0453050468822 0.667427647172
8.97/4.45	labor 0.30253735074 0.127357589208 0.216227165113
10.34/5.03	abalone 0.273832060927 0.0972753950452 0.594382296925
11.76/5.61	diabetes 0.519838266916 0.341037438781 0.202005946481
13.10/6.18	car 0.364636510139 0.174595982296 0.224630612486
14.45/6.75	autos 0.224929756131 0.0646287113893 0.708152045983
15.81/7.33	mfeat-fourier 0.565852693406 0.416459840195 -0.42243483528
17.19/7.91	primary-tumor 0.213192200713 0.0570017117135 0.562384555002
18.53/8.48	waveform-5000 0.155996279011 0.035405408064 0.778934929629
19.87/9.06	credit-a 0.384047984765 0.208493269736 0.341632456688
21.24/9.64	letter 0.236925563341 0.0761898949996 0.63252101962
22.65/10.23	postoperative-patient-data 0.437926395773 0.256843874219 -0.0109891234885
24.02/10.82	vowel 0.430568232674 0.229317588639 0.332582590286
25.39/11.38	eucalyptus 0.413928876744 0.223893154597 -0.0643186933594
26.74/11.96	cylinder-bands 0.33031920661 0.131078172466 0.454109367689
28.08/12.53	ionosphere 0.415119068071 0.198474792041 0.0197157803765
29.50/13.11	mfeat-karhunen 0.175942055232 0.0433276966444 0.761481615853
30.83/13.69	balance-scale 0.246503007545 0.0825207123397 0.424050882852
32.23/14.28	mfeat-morphological 0.462988939068 0.283021951167 -0.217196793656
33.56/14.85	liver-disorders 0.283454687718 0.108568917865 0.359408979978
34.92/15.42	dermatology 0.196028977161 0.0496875381745 0.496449814071
36.30/16.01	vote 0.0825252392225 0.0105795204689 0.76051198731
37.65/16.59	breast-cancer 0.146316532316 0.0298356260329 0.329027285628
39.05/17.17	credit-g 0.665302641989 0.59372344018 -0.674215046974
40.42/17.74	soybean 0.118490887595 0.0223910778232 0.782813443802
41.78/18.33	arrhythmia 0.25978057702 0.0933473695686 0.373953408125
43.17/18.91	nursery 0.280045212861 0.100453617042 0.567232697718
44.55/19.49	hepatitis 0.263865262339 0.0945806139663 0.293474239047
45.92/20.08	cmc 0.245061532301 0.0773363045682 0.357146513378
47.28/20.66	heart-c 0.238776855144 0.0785674060405 0.759865568282
48.66/21.25	glass 0.337845774163 0.136274916727 0.469946633893
50.06/21.82	braziltourism 0.481204054715 0.296882450131 0.0850041022791
51.46/22.41	iris 0.281016736487 0.102358660744 0.367812427352
52.82/22.99	heart-statlog 0.25068609254 0.0839578356735 0.771177901285
54.24/23.56	page-blocks 0.440031419723 0.261347323313 0.0334548758747
55.66/24.15	breast-w 0.225243201768 0.0675262516413 0.529740394051
56.98/25.08	heart-h 0.156446885654 0.0348600893356 0.689405894149
58.36/25.66	yeast 0.286145518929 0.103394045592 0.61991584856
59.72/26.25	tae 0.364536915267 0.160952897905 0.185522261248
61.11/26.83	haberman 0.27465668255 0.0986427709501 -0.000323209514369
62.53/27.41	mfeat-pixel 0.375447043406 0.175411528704 0.145121071952
63.86/27.99	optdigits 0.199289522055 0.0514166673837 0.741442625963
65.28/28.56	mfeat-factors 0.204736638963 0.0565702521219 0.725605359759
66.62/29.15	satimage 0.264634111676 0.098019915171 0.483521433496
68.00/29.73	lymph 0.231355490762 0.0812686766147 0.357469722892
69.37/30.32	audiology 0.304892975897 0.120176108172 0.403688683447
70.81/30.90	ecoli 0.401026749069 0.20677972735 0.131869481863
72.13/31.47	tic-tac-toe 0.303999954176 0.139233880345 0.50226758533
73.47/32.05	spambase 0.221448146338 0.06035377527 0.855535584535
74.85/32.63	zoo 0.125769102576 0.0218765402593 0.757279892167
76.23/33.20	sonar 0.501520439877 0.310506211259 -0.112153701486
77.59/33.79	mfeat-zernike 0.235849841441 0.0747867914698 0.526831508422
78.95/34.37	kr-vs-kp 0.190402897957 0.0469237649104 0.690698732207
79.05/34.40	MAE 0.301028634814 0.120494976386
79.05/34.40	MSE 0.136431880679 0.136431880679
79.05/34.40	Mean tau 0.394658710456 0.32453022973
79.05/34.40	(0.0, '1_class_probability_max')
79.05/34.40	(1.0, '0_class_probability_max')
79.05/34.40	(2.6315789473684212, '0_landmark_decision_tree')
79.05/34.40	(3.1403508771929824, '0_landmark_naive_bayes')
79.05/34.40	(3.807017543859649, '1_landmark_naive_bayes')
79.05/34.40	(5.754385964912281, '1_landmark_decision_tree')
79.05/34.40	(6.87719298245614, '0_number_of_numeric_features')
79.05/34.40	(6.982456140350878, '1_number_of_numeric_features')
79.05/34.40	(8.228070175438596, '1_number_of_categorical_features')
79.05/34.40	(8.842105263157896, '0_number_of_categorical_features')
79.05/34.40	(10.175438596491228, '1_number_of_features')
79.05/34.40	(10.263157894736842, '0_number_of_features')
79.05/34.40	(11.105263157894736, '0_landmark_lda')
79.05/34.40	(12.192982456140351, '1_landmark_lda')
79.05/34.40	(14.456140350877194, '0_number_of_classes')
79.05/34.40	(14.543859649122806, '1_number_of_classes')
79.05/34.40	Result for ParamILS: SAT, 33.398223, 1, 0.301029, -1, /home/feurerm/thesis/Software/pyMetaLearn/optimizers/metalearn_optimizer/learn_distances.py
