0.73/1.02	['/home/feurerm/thesis/Software/pyMetaLearn/optimizers/metalearn_optimizer/learn_distances.py', '--input_file', '/home/feurerm/thesis/experiments/2014_04_25_predict_distances/testfold_0-3_pfahringer_spearman_rank_perm.pkl', '--fold', '0', '--folds', '1', '--params', '-max_features', '0.918722723388', '-min_samples_leaf', '8', '-min_samples_split', '5', '-n_estimators', '54', '-n_jobs', '4', '-seed', '76']
0.73/1.03	Metafeatures (57, 8)
0.73/1.03	X (3192, 16)
0.73/1.03	Y (3192,)
0.73/1.03	Dataset Mae MSE Rho
2.16/1.57	vehicle 0.365848670169 0.161478666087 0.313513228938
3.79/2.14	anneal.ORIG 0.539204647789 0.347268083302 -0.154494147868
5.31/2.81	segment 0.199605641154 0.0504613429868 0.797357871948
6.83/3.37	pendigits 0.289813840245 0.107419132943 0.671306161345
8.37/3.94	mushroom 0.196940138395 0.0482079772138 0.640278047965
9.91/4.51	labor 0.306396901957 0.129823096993 0.21234865094
11.47/5.20	abalone 0.279987696837 0.0986998982437 0.615714124873
13.05/5.77	diabetes 0.513510803955 0.332394633968 0.214611117541
14.62/6.34	car 0.370626318222 0.187220913987 0.265537976146
16.13/6.91	autos 0.224468079808 0.0642308987225 0.721403636072
17.70/7.60	mfeat-fourier 0.587261184964 0.450460523502 -0.498389071157
19.26/8.18	primary-tumor 0.223064541026 0.0621972769607 0.533618908223
20.86/8.76	waveform-5000 0.146217146308 0.0330875351145 0.755017425566
22.38/9.34	credit-a 0.368637622479 0.193249760996 0.40982966422
23.97/10.03	letter 0.240313966317 0.0826037595196 0.619592639045
25.59/10.60	postoperative-patient-data 0.457315522381 0.277013991522 -0.0368458846381
27.04/11.18	vowel 0.426072555887 0.223260132955 0.356176884835
28.58/11.75	eucalyptus 0.421142813109 0.234494287423 -0.0449261224973
30.11/12.32	cylinder-bands 0.342061456357 0.144513157424 0.362964284636
31.77/12.90	ionosphere 0.44096598572 0.230784535712 -0.0746613978193
33.23/13.48	mfeat-karhunen 0.171581287423 0.042437746565 0.772147529828
34.75/14.05	balance-scale 0.286230072674 0.105622829376 0.20491483211
36.28/14.62	mfeat-morphological 0.455252430419 0.276549382253 -0.176149185331
37.81/15.21	liver-disorders 0.308731688541 0.125364263602 0.268263896926
39.35/15.79	dermatology 0.195820175139 0.0504933574369 0.514549546876
40.89/16.36	vote 0.0831959344042 0.0107063598292 0.7737635774
42.45/17.04	breast-cancer 0.12913253467 0.023905849545 0.401103007332
44.05/17.72	credit-g 0.707319463363 0.655944673692 -0.714939445784
45.62/18.30	soybean 0.126219243456 0.0243447984064 0.769238644198
47.15/18.87	arrhythmia 0.259949258336 0.0936410255364 0.363610703665
48.69/19.44	nursery 0.278515236413 0.0993843581738 0.585332430522
50.29/20.13	hepatitis 0.26033875063 0.100529462736 0.414031387907
51.93/20.70	cmc 0.247023348362 0.0807284508702 0.339046780573
53.41/21.28	heart-c 0.228896143986 0.0717206186869 0.788954424575
54.98/21.96	glass 0.356535897821 0.152842655921 0.369105265409
56.53/22.63	braziltourism 0.477020307465 0.293191002217 0.102134206541
58.10/23.21	iris 0.283842713712 0.106525252099 0.345834180375
59.63/23.79	heart-statlog 0.232236984087 0.0748723133145 0.772793948856
61.22/24.36	page-blocks 0.454352295749 0.274621927014 -0.130576643805
62.76/24.93	breast-w 0.224831356691 0.0661356835982 0.507115728045
64.29/25.51	heart-h 0.151390381885 0.0319912280443 0.679386399204
65.82/26.08	yeast 0.295525317099 0.111223936509 0.575959354606
67.38/26.66	tae 0.357324500296 0.154333259951 0.252426630722
68.92/27.23	haberman 0.279187700687 0.103394380615 0.012281961546
70.47/27.82	mfeat-pixel 0.390675200582 0.190274398627 0.0830648451928
72.03/28.39	optdigits 0.203608594072 0.0538298760705 0.733685597618
73.60/29.06	mfeat-factors 0.214503203424 0.0624468166965 0.724635731215
75.22/29.73	satimage 0.272436008873 0.100630471612 0.425020511395
76.77/30.30	lymph 0.214091772622 0.0686012546436 0.455078996232
78.31/30.87	audiology 0.311863925563 0.118583558267 0.367812427352
79.90/31.54	ecoli 0.387957195344 0.194541421498 0.208470136768
81.46/32.11	tic-tac-toe 0.300057630335 0.137703505629 0.5555971552
83.13/32.80	spambase 0.219161632142 0.0583098428724 0.851980279877
84.61/33.38	zoo 0.122506014321 0.0208836518531 0.796388243405
86.15/33.95	sonar 0.493198287302 0.301450195465 -0.0649651123882
87.73/34.53	mfeat-zernike 0.261819454157 0.0964556424839 0.442797034686
89.31/35.21	kr-vs-kp 0.1853286073 0.0444878750666 0.709121674526
89.31/35.24	MAE 0.30468624706 0.125388382619
89.31/35.24	MSE 0.141010051445 0.141010051445
89.31/35.24	Mean tau 0.381736327749 0.339033486554
89.31/35.24	(0.12280701754385964, '1_class_probability_max')
89.31/35.24	(0.8771929824561403, '0_class_probability_max')
89.31/35.24	(2.912280701754386, '0_landmark_naive_bayes')
89.31/35.24	(2.912280701754386, '1_landmark_naive_bayes')
89.31/35.24	(5.017543859649122, '0_landmark_decision_tree')
89.31/35.24	(6.140350877192983, '0_number_of_numeric_features')
89.31/35.24	(6.43859649122807, '1_number_of_numeric_features')
89.31/35.24	(7.2105263157894735, '1_number_of_categorical_features')
89.31/35.24	(7.912280701754386, '0_number_of_categorical_features')
89.31/35.24	(8.473684210526315, '1_landmark_decision_tree')
89.31/35.24	(9.192982456140351, '1_number_of_features')
89.31/35.24	(9.228070175438596, '0_number_of_features')
89.31/35.24	(12.24561403508772, '0_landmark_lda')
89.31/35.24	(12.31578947368421, '1_landmark_lda')
89.31/35.24	(14.385964912280702, '0_number_of_classes')
89.31/35.24	(14.614035087719298, '1_number_of_classes')
89.31/35.24	Result for ParamILS: SAT, 34.219970, 1, 0.304686, -1, /home/feurerm/thesis/Software/pyMetaLearn/optimizers/metalearn_optimizer/learn_distances.py
