0.71/0.98	['/home/feurerm/thesis/Software/pyMetaLearn/optimizers/metalearn_optimizer/learn_distances.py', '--input_file', '/home/feurerm/thesis/experiments/2014_04_25_predict_distances/testfold_0-3_pfahringer_spearman_rank_perm.pkl', '--fold', '0', '--folds', '1', '--params', '-max_features', '0.332279419471', '-min_samples_leaf', '5', '-min_samples_split', '4', '-n_estimators', '62', '-n_jobs', '4', '-seed', '61']
0.71/0.98	Metafeatures (57, 8)
0.71/0.98	X (3192, 16)
0.71/0.98	Y (3192,)
0.71/0.98	Dataset Mae MSE Rho
1.51/1.43	vehicle 0.335721842354 0.135559171318 0.430191863625
2.37/1.91	anneal.ORIG 0.269920698686 0.0955236062709 0.618623010502
3.22/2.38	segment 0.22374492842 0.0628730024896 0.808023785923
4.07/2.86	pendigits 0.298747982261 0.112785499378 0.668397275715
4.92/3.34	mushroom 0.187793607296 0.0438478073941 0.657408152227
5.80/3.82	labor 0.294724702469 0.118824782656 0.347773437461
6.75/4.30	abalone 0.271473452244 0.0940540876976 0.613451658272
7.56/4.79	diabetes 0.504950844388 0.333333664067 0.124758872546
8.44/5.29	car 0.336758698788 0.157078288878 0.437625682456
9.31/5.78	autos 0.231563584519 0.0702466221402 0.593735877896
10.15/6.27	mfeat-fourier 0.552485046052 0.392581966645 -0.446029129829
11.00/6.74	primary-tumor 0.235531012684 0.0676709753414 0.485783900097
11.86/7.24	waveform-5000 0.210340501548 0.0633235308741 0.701687855695
12.71/7.72	credit-a 0.368507883216 0.19164853146 0.449907644002
13.56/8.20	letter 0.225015366962 0.0739631123624 0.641247676508
14.52/8.70	postoperative-patient-data 0.412724340807 0.215775421733 -0.00743381883049
15.28/9.18	vowel 0.453851161706 0.254661505456 0.236589364518
16.14/9.66	eucalyptus 0.391166173947 0.200684976249 0.039431560753
17.04/10.16	cylinder-bands 0.332064965041 0.140154918184 0.417909902079
17.89/10.65	ionosphere 0.409422172353 0.202662738125 0.0959932257676
18.78/11.14	mfeat-karhunen 0.164035589673 0.0400527432749 0.812225509609
19.65/11.63	balance-scale 0.223136754236 0.0660075441061 0.503560423387
20.53/12.13	mfeat-morphological 0.500646962889 0.329763509713 -0.303493733993
21.40/12.61	liver-disorders 0.274774539653 0.100493049152 0.63769237185
22.25/13.10	dermatology 0.198402967486 0.0514986754624 0.524245832307
23.14/13.59	vote 0.0682966346997 0.00784584114863 0.812225509609
24.03/14.09	breast-cancer 0.215803379811 0.0571792337144 0.334845056886
24.89/14.57	credit-g 0.542651556423 0.385956401509 -0.470593052921
25.76/15.05	soybean 0.121855523626 0.0232853550483 0.753401377994
26.63/15.54	arrhythmia 0.275220234074 0.101892453492 0.169684995044
27.51/16.03	nursery 0.276793337319 0.0971535632606 0.603755372841
28.46/16.51	hepatitis 0.376105770176 0.202148316379 -0.47123947195
29.33/17.00	cmc 0.30837127985 0.117456464503 0.208146927254
30.13/17.48	heart-c 0.254051437582 0.0860453262184 0.80414527175
31.01/17.97	glass 0.364138456378 0.159639523096 0.298968800791
31.89/18.45	braziltourism 0.449079460583 0.26122067593 0.0681972075319
32.77/18.93	iris 0.303703962368 0.121835590657 0.258567611495
33.65/19.42	heart-statlog 0.293383639088 0.118792180507 0.660317037856
34.52/19.92	page-blocks 0.318097522557 0.138078179167 0.458957510404
35.44/20.40	breast-w 0.221090860067 0.0685963820185 0.488046366697
36.29/20.89	heart-h 0.180430186478 0.042902836589 0.669043694744
37.15/21.38	yeast 0.31681539909 0.125585351312 0.59923043964
38.02/21.87	tae 0.351310801364 0.149704459041 0.141888976808
38.89/22.35	haberman 0.240727930342 0.0748477143728 0.224307402972
39.77/22.85	mfeat-pixel 0.33767550245 0.137989099203 0.229801964716
40.61/23.33	optdigits 0.178196046296 0.0418064840605 0.771501110799
41.51/23.81	mfeat-factors 0.194447891172 0.0544095969625 0.731746340532
42.39/24.30	satimage 0.274999450875 0.102923848574 0.411445711792
43.22/24.79	lymph 0.180993590234 0.0469384835197 0.670013323287
44.13/25.27	audiology 0.344290430619 0.162867276272 0.278606601386
44.97/25.75	ecoli 0.421838049967 0.226366471862 0.0439564939542
45.83/26.24	tic-tac-toe 0.328652805603 0.160267054117 0.487399947669
46.70/26.72	spambase 0.206768674706 0.054723310235 0.843253622989
47.64/27.20	zoo 0.114990667114 0.0176564924111 0.787015167489
48.43/27.68	sonar 0.511029121675 0.327728530593 -0.202329155995
49.30/28.17	mfeat-zernike 0.292269391964 0.114076277324 0.336137894944
50.17/28.66	kr-vs-kp 0.178459901309 0.0408217482064 0.701364646181
50.17/28.69	MAE 0.297369204834 0.10800625817
50.17/28.69	MSE 0.130593162311 0.130593162311
50.17/28.69	Mean tau 0.399844191329 0.335006024635
50.17/28.69	(0.45614035087719296, '1_landmark_decision_tree')
50.17/28.69	(2.017543859649123, '0_landmark_decision_tree')
50.17/28.69	(2.3508771929824563, '1_class_probability_max')
50.17/28.69	(2.6140350877192984, '0_landmark_naive_bayes')
50.17/28.69	(2.824561403508772, '0_class_probability_max')
50.17/28.69	(4.912280701754386, '1_landmark_naive_bayes')
50.17/28.69	(6.087719298245614, '1_landmark_lda')
50.17/28.69	(7.12280701754386, '0_landmark_lda')
50.17/28.69	(9.947368421052632, '1_number_of_numeric_features')
50.17/28.69	(10.052631578947368, '0_number_of_features')
50.17/28.69	(10.052631578947368, '0_number_of_numeric_features')
50.17/28.69	(10.491228070175438, '1_number_of_features')
50.17/28.69	(10.842105263157896, '0_number_of_categorical_features')
50.17/28.69	(11.368421052631579, '1_number_of_categorical_features')
50.17/28.69	(14.210526315789474, '1_number_of_classes')
50.17/28.69	(14.649122807017545, '0_number_of_classes')
50.17/28.69	Result for ParamILS: SAT, 27.715839, 1, 0.297369, -1, /home/feurerm/thesis/Software/pyMetaLearn/optimizers/metalearn_optimizer/learn_distances.py
