0.72/0.95	['/home/feurerm/thesis/Software/pyMetaLearn/optimizers/metalearn_optimizer/learn_distances.py', '--input_file', '/home/feurerm/thesis/experiments/2014_04_25_predict_distances/testfold_0-3_pfahringer_spearman_rank_perm.pkl', '--fold', '0', '--folds', '1', '--params', '-max_features', '0.478167492173', '-min_samples_leaf', '9', '-min_samples_split', '3', '-n_estimators', '6', '-n_jobs', '4', '-seed', '56']
0.72/0.95	Metafeatures (57, 8)
0.72/0.95	X (3192, 16)
0.72/0.95	Y (3192,)
0.72/0.95	Dataset Mae MSE Rho
0.89/1.19	vehicle 0.354185265663 0.157759839015 0.319382385023
1.06/1.44	anneal.ORIG 0.426025295056 0.23137470866 0.211515176371
1.20/1.68	segment 0.27172502291 0.0983364852228 0.571826053949
1.35/1.92	pendigits 0.326986339376 0.135916835205 0.546282226829
1.50/2.16	mushroom 0.200379596928 0.0513911458457 0.619221002919
1.66/2.40	labor 0.284837045515 0.118852124352 0.238139603468
1.80/2.64	abalone 0.285113754154 0.110113325956 0.532464360876
1.95/2.88	diabetes 0.529820529294 0.359206982055 0.0920049260063
2.11/3.12	car 0.353860590619 0.155520886693 0.182966935244
2.26/3.36	autos 0.26015327916 0.0899230646169 0.43454668146
2.43/3.60	mfeat-fourier 0.53381653018 0.373140620349 -0.25394236046
2.57/3.84	primary-tumor 0.223830624219 0.0676472143653 0.442561480631
2.72/4.08	waveform-5000 0.215578807254 0.0713438303998 0.638331242174
2.87/4.33	credit-a 0.402210358529 0.23122353582 0.251861261176
3.06/4.59	letter 0.289156695014 0.116239139387 0.488273324484
3.22/4.84	postoperative-patient-data 0.438256298086 0.254444768113 -0.106643463243
3.39/5.09	vowel 0.481137039773 0.295408802066 0.0389561482309
3.56/5.34	eucalyptus 0.436146445563 0.254666481063 -0.0785651944362
3.73/5.58	cylinder-bands 0.349422919426 0.167090267069 0.353305383697
3.88/5.83	ionosphere 0.436289932121 0.240578054466 -0.0362169490518
4.04/6.07	mfeat-karhunen 0.246113130813 0.0930944274979 0.537196801151
4.20/6.32	balance-scale 0.271073471831 0.0959445316007 0.285762555318
4.35/6.56	mfeat-morphological 0.479752481634 0.313043859364 -0.187875423206
4.51/6.80	liver-disorders 0.284536821623 0.111363321185 0.360096608464
4.67/7.05	dermatology 0.200383065204 0.0512037625575 0.519445041374
4.82/7.30	vote 0.101947420132 0.0171324630982 0.723252427794
4.99/7.54	breast-cancer 0.211793766867 0.0672544556757 0.202007979456
5.14/7.79	credit-g 0.646687431973 0.547005621933 -0.4450769371
5.30/8.03	soybean 0.139290244865 0.0293235475764 0.73703627313
5.47/8.28	arrhythmia 0.298122434001 0.114352127492 0.179938478384
5.64/8.53	nursery 0.314940726172 0.126687789878 0.449999488709
5.80/8.78	hepatitis 0.293497873313 0.119022746614 0.0579010960595
5.94/9.02	cmc 0.229548613495 0.0689447144395 0.419721317133
6.10/9.27	heart-c 0.273902809133 0.101856209152 0.681547914089
6.24/9.52	glass 0.324328090839 0.130630148141 0.488605446583
6.42/9.76	braziltourism 0.402113550201 0.213634297227 0.144510793136
6.57/10.01	iris 0.276533276797 0.0954055191738 0.41850250493
6.74/10.25	heart-statlog 0.265292539441 0.0956163328359 0.641660718533
6.90/10.50	page-blocks 0.415915037415 0.242586729632 0.151530442738
7.05/10.74	breast-w 0.262699433354 0.0964300731471 0.400973364503
7.19/10.99	heart-h 0.148342593568 0.0338556096427 0.638749959225
7.36/11.24	yeast 0.336185288007 0.142843577669 0.490782790715
7.51/11.48	tae 0.366829955885 0.165092861543 0.0867038812865
7.68/11.73	haberman 0.283435639901 0.106862069403 -0.0745537849472
7.85/11.98	mfeat-pixel 0.374232862494 0.176391036459 0.120576548192
8.04/12.24	optdigits 0.214140646667 0.0614755735643 0.710700405191
8.20/12.49	mfeat-factors 0.2487289832 0.083434822234 0.607182860705
8.36/12.74	satimage 0.325308738576 0.135082701814 0.204156079733
8.53/12.99	lymph 0.275459968635 0.124213379214 0.270709744397
8.69/13.23	audiology 0.310150836144 0.121202381473 0.306775185614
8.84/13.48	ecoli 0.453449551093 0.287333536148 -0.0906967532557
8.99/13.72	tic-tac-toe 0.325931121778 0.164355977402 0.356445614189
9.15/13.97	spambase 0.23670294314 0.0716998690927 0.73024778114
9.31/14.21	zoo 0.129896251454 0.0239566813807 0.704710120799
9.48/14.45	sonar 0.548463411682 0.386588635695 -0.252608555518
9.66/14.70	mfeat-zernike 0.265645932302 0.0980971701492 0.376862293754
9.81/14.94	kr-vs-kp 0.18263035943 0.0436906608529 0.695658798147
9.81/14.94	MAE 0.316893678454 0.110335614581
9.81/14.94	MSE 0.149769953205 0.149769953205
9.81/14.94	Mean tau 0.318165089226 0.287305580872
9.81/14.95	(0.45614035087719296, '0_class_probability_max')
9.81/14.95	(0.543859649122807, '1_class_probability_max')
9.81/14.95	(3.5964912280701755, '1_landmark_decision_tree')
9.81/14.95	(4.350877192982456, '0_landmark_decision_tree')
9.81/14.95	(4.385964912280702, '1_landmark_naive_bayes')
9.81/14.95	(5.824561403508772, '0_landmark_naive_bayes')
9.81/14.95	(6.684210526315789, '0_number_of_features')
9.81/14.95	(7.614035087719298, '1_number_of_numeric_features')
9.81/14.95	(8.228070175438596, '0_number_of_categorical_features')
9.81/14.95	(8.333333333333334, '0_number_of_numeric_features')
9.81/14.95	(9.543859649122806, '1_landmark_lda')
9.81/14.95	(9.649122807017545, '1_number_of_features')
9.81/14.95	(10.807017543859649, '0_landmark_lda')
9.81/14.95	(11.87719298245614, '1_number_of_categorical_features')
9.81/14.95	(14.0, '0_number_of_classes')
9.81/14.95	(14.105263157894736, '1_number_of_classes')
9.81/14.95	Result for ParamILS: SAT, 13.998280, 1, 0.316894, -1, /home/feurerm/thesis/Software/pyMetaLearn/optimizers/metalearn_optimizer/learn_distances.py
