0.77/1.01	['/home/feurerm/thesis/Software/pyMetaLearn/optimizers/metalearn_optimizer/learn_distances.py', '--input_file', '/home/feurerm/thesis/experiments/2014_04_25_predict_distances/testfold_0-3_pfahringer_spearman_rank_perm.pkl', '--fold', '0', '--folds', '1', '--params', '-max_features', '0.424824486822', '-min_samples_leaf', '1', '-min_samples_split', '6', '-n_estimators', '93', '-n_jobs', '4', '-seed', '91']
0.77/1.01	Metafeatures (57, 8)
0.77/1.01	X (3192, 16)
0.77/1.01	Y (3192,)
0.77/1.01	Dataset Mae MSE Rho
2.20/1.77	vehicle 0.331929437828 0.132497967406 0.447645177401
3.82/2.58	anneal.ORIG 0.330625863572 0.134625957169 0.646095819224
5.55/3.31	segment 0.161853336882 0.033946682844 0.854565955992
7.06/4.03	pendigits 0.254683742533 0.0829840931815 0.718171540928
8.70/4.84	mushroom 0.156994092057 0.0310848196205 0.719141169471
10.39/5.68	labor 0.299405037064 0.123630006317 0.336784313973
12.03/6.50	abalone 0.209807237446 0.0569840109507 0.730776711988
13.76/7.30	diabetes 0.496935870075 0.316651778294 0.190047194449
15.39/8.12	car 0.336498462578 0.154628384743 0.379771179384
17.02/8.95	autos 0.194283935834 0.0492228606276 0.72722140733
18.66/9.77	mfeat-fourier 0.568902338656 0.42012399235 -0.459603929433
20.42/10.60	primary-tumor 0.212210472482 0.0547347817053 0.579191449749
21.89/11.41	waveform-5000 0.171793378892 0.0432683286474 0.761804825368
23.52/12.23	credit-a 0.355365637421 0.176500956921 0.480935757381
25.15/13.04	letter 0.237745039919 0.0759164790193 0.632197810106
26.78/13.78	postoperative-patient-data 0.417968734005 0.221705811304 0.0733685597618
28.42/14.59	vowel 0.403720407153 0.20665688157 0.416293854507
30.20/15.41	eucalyptus 0.415423744132 0.227328532763 -0.0161604757185
31.70/16.23	cylinder-bands 0.330018628891 0.138968887421 0.403688683447
33.35/16.98	ionosphere 0.390807028568 0.187298164019 0.185199051733
35.02/17.83	mfeat-karhunen 0.119068672871 0.0213067198537 0.862969403365
36.75/18.65	balance-scale 0.214066991872 0.0635249705558 0.583069963922
38.34/19.47	mfeat-morphological 0.494818117157 0.324183434359 -0.264385382754
40.02/20.30	liver-disorders 0.270892934156 0.0965978611409 0.572080840433
41.71/21.15	dermatology 0.218396206946 0.0614807258878 0.479642919324
43.49/21.99	vote 0.0723922608242 0.00911065973283 0.787015167489
45.07/22.82	breast-cancer 0.191036843153 0.0441875765464 0.35876256095
46.79/23.64	credit-g 0.558630301698 0.422442084449 -0.559475669373
48.45/24.47	soybean 0.139758603208 0.0306628299132 0.627026457876
50.21/25.31	arrhythmia 0.27591841002 0.107931269146 0.258567611495
51.75/26.05	nursery 0.262417852292 0.0870766354095 0.628642505448
53.40/26.87	hepatitis 0.2989487493 0.123359089347 0.0669043694744
55.06/27.70	cmc 0.331923032312 0.143658101098 0.167422528443
56.72/28.44	heart-c 0.209195062956 0.0596793568329 0.874281736368
58.36/29.27	glass 0.322880620557 0.124464474836 0.513903127847
60.05/30.11	braziltourism 0.453057094221 0.263770288093 -0.027149599207
61.81/30.85	iris 0.292469260811 0.111854654681 0.367166008323
63.38/31.57	heart-statlog 0.257554394048 0.0931841051604 0.8300020329
65.09/32.39	page-blocks 0.333877366968 0.156207999711 0.359732189493
66.77/33.24	breast-w 0.206652684948 0.0611334001573 0.549779383942
68.57/34.06	heart-h 0.151426452273 0.0319051570849 0.687143427549
70.13/34.91	yeast 0.232872782058 0.069256585792 0.759865568282
71.83/35.72	tae 0.351980457784 0.152820082755 0.119264310802
73.52/36.56	haberman 0.25940929149 0.0888657837115 0.166129690386
75.15/37.29	mfeat-pixel 0.325220038569 0.127544654923 0.2789298109
76.79/38.12	optdigits 0.124630499867 0.0207113838982 0.834526966101
78.42/38.93	mfeat-factors 0.164122266961 0.0417155496012 0.787015167489
80.07/39.77	satimage 0.245310322941 0.0832622167338 0.536204584338
81.85/40.61	lymph 0.197903630829 0.0585135219108 0.560122088402
83.41/41.34	audiology 0.320493161909 0.136609493277 0.383649693556
85.06/42.16	ecoli 0.397736782251 0.201047397722 0.184875842219
86.87/42.97	tic-tac-toe 0.314175008107 0.142831501267 0.69910217958
88.40/43.69	spambase 0.21064960309 0.0564641847754 0.839698318331
90.06/44.51	zoo 0.0904051388348 0.0107478927055 0.845839299104
91.73/45.35	sonar 0.494967761576 0.308754116483 -0.0749846073336
93.59/46.17	mfeat-zernike 0.253444767592 0.0897079273084 0.505176470959
95.16/46.98	kr-vs-kp 0.143153057444 0.0261834053772 0.785075910402
95.33/47.04	MAE 0.282084717717 0.114327594694
95.33/47.04	MSE 0.121430113493 0.121430113493
95.33/47.04	Mean tau 0.451591735682 0.331054718839
95.33/47.04	(0.03508771929824561, '1_class_probability_max')
95.33/47.04	(1.4736842105263157, '0_class_probability_max')
95.33/47.04	(1.6140350877192982, '1_landmark_decision_tree')
95.33/47.04	(3.175438596491228, '0_landmark_decision_tree')
95.33/47.04	(3.8771929824561404, '0_landmark_naive_bayes')
95.33/47.04	(4.912280701754386, '1_landmark_naive_bayes')
95.33/47.04	(6.157894736842105, '0_landmark_lda')
95.33/47.04	(7.2631578947368425, '1_landmark_lda')
95.33/47.04	(9.68421052631579, '1_number_of_numeric_features')
95.33/47.04	(10.0, '1_number_of_features')
95.33/47.04	(10.192982456140351, '0_number_of_features')
95.33/47.04	(10.228070175438596, '0_number_of_numeric_features')
95.33/47.04	(10.87719298245614, '0_number_of_categorical_features')
95.33/47.04	(11.543859649122806, '1_number_of_categorical_features')
95.33/47.04	(14.263157894736842, '1_number_of_classes')
95.33/47.04	(14.701754385964913, '0_number_of_classes')
95.33/47.04	Result for ParamILS: SAT, 46.032440, 1, 0.282085, -1, /home/feurerm/thesis/Software/pyMetaLearn/optimizers/metalearn_optimizer/learn_distances.py
