0.67/0.86	['/home/feurerm/thesis/Software/pyMetaLearn/optimizers/metalearn_optimizer/learn_distances.py', '--input_file', '/home/feurerm/thesis/experiments/2014_04_25_predict_distances/testfold_0-3_pfahringer_spearman_rank_perm.pkl', '--fold', '0', '--folds', '1', '--params', '-max_features', '0.271830138202', '-min_samples_leaf', '2', '-min_samples_split', '5', '-n_estimators', '9', '-n_jobs', '4', '-seed', '33']
0.67/0.87	Metafeatures (57, 8)
0.67/0.87	X (3192, 16)
0.67/0.87	Y (3192,)
0.67/0.87	Dataset Mae MSE Rho
0.88/1.11	vehicle 0.315495259939 0.132243416985 0.451075162156
1.04/1.35	anneal.ORIG 0.32505987473 0.135277922542 0.349579210227
1.21/1.59	segment 0.189103950737 0.0515462303294 0.758572730224
1.40/1.84	pendigits 0.244650346522 0.0826547171126 0.725605359759
1.58/2.08	mushroom 0.179942838081 0.0442689542193 0.633490648163
1.77/2.49	labor 0.293749793548 0.130215289208 0.295413496133
1.94/2.73	abalone 0.26187629422 0.0963295842763 0.532972489195
2.13/2.98	diabetes 0.521096719766 0.357070827239 0.0531722423323
2.32/3.22	car 0.365943397068 0.197160061357 0.341632456688
2.51/3.47	autos 0.208804182942 0.0651103302708 0.566586278689
2.68/3.71	mfeat-fourier 0.62387384448 0.510440817492 -0.523276203763
2.87/3.96	primary-tumor 0.261468370132 0.0889011585601 0.376215874726
3.05/4.21	waveform-5000 0.240733892429 0.0889316124323 0.48158217641
3.24/4.46	credit-a 0.349413319641 0.17647870819 0.470269843407
3.44/4.70	letter 0.270385165449 0.0980077229059 0.43794889197
3.62/4.95	postoperative-patient-data 0.45761383041 0.267046066707 -0.024563923092
3.81/5.20	vowel 0.469592510107 0.291199019512 0.0808023785923
3.98/5.45	eucalyptus 0.396461491739 0.216088195576 0.0326441609513
4.19/5.70	cylinder-bands 0.373595037093 0.184994236678 0.19830498888
4.36/5.94	ionosphere 0.394850925487 0.19634962712 0.147383538552
4.54/6.19	mfeat-karhunen 0.119669219702 0.0257474018931 0.784429491374
4.73/6.44	balance-scale 0.222615038229 0.0709865747185 0.580369368435
4.92/6.69	mfeat-morphological 0.529690038632 0.389256376747 -0.29218140099
5.10/6.94	liver-disorders 0.359247490874 0.169064205563 0.232710850346
5.30/7.20	dermatology 0.203459235716 0.0544211056856 0.511640661246
5.47/7.46	vote 0.0855298731861 0.0106873105912 0.771078322697
5.67/7.70	breast-cancer 0.218727542632 0.0608004079755 0.229478755202
5.85/7.95	credit-g 0.535460166978 0.388217960272 -0.264245034083
6.05/8.20	soybean 0.159404330916 0.0417598106568 0.570464792861
6.22/8.47	arrhythmia 0.311166148355 0.134842801401 0.00759603461889
6.40/8.79	nursery 0.283207982003 0.106174539915 0.517781642019
6.59/9.04	hepatitis 0.369504042813 0.184485333854 -0.17679560436
6.75/9.29	cmc 0.304727837156 0.11810045709 0.270203154013
6.93/9.53	heart-c 0.194277468757 0.0531096863551 0.797357871948
7.12/9.78	glass 0.32351469726 0.135799818424 0.406920778591
7.33/10.02	braziltourism 0.480389361742 0.300798052507 -0.014867637661
7.51/10.27	iris 0.274108635349 0.10316613455 0.36735716359
7.68/10.52	heart-statlog 0.264086284306 0.0973940459891 0.640924466994
7.86/10.77	page-blocks 0.347465631026 0.1684492992 0.269416802334
8.04/11.01	breast-w 0.236454810275 0.0809888669691 0.436979263427
8.23/11.26	heart-h 0.133158540657 0.0280309681018 0.679709608718
8.42/11.50	yeast 0.281459399183 0.106657055026 0.58145391635
8.59/11.76	tae 0.396091138455 0.20132497565 -0.0791990732091
8.79/12.00	haberman 0.267985513785 0.101161470891 0.124112453518
8.97/12.25	mfeat-pixel 0.362107991242 0.165914016045 0.156756614469
9.19/12.50	optdigits 0.125372318361 0.0238815638164 0.815134395239
9.35/12.75	mfeat-factors 0.21718861598 0.0721867222155 0.648358285824
9.53/13.00	satimage 0.282392288082 0.11249989308 0.376599674647
9.73/13.26	lymph 0.169297326056 0.0444578392185 0.654176057083
9.92/13.51	audiology 0.363855921128 0.177389206326 0.146090700495
10.11/13.76	ecoli 0.428569491399 0.2362907677 0.0439564939542
10.29/14.01	tic-tac-toe 0.317327553882 0.153189925049 0.265355011297
10.46/14.26	spambase 0.257657173319 0.0873220412133 0.656761733198
10.67/14.51	zoo 0.0925373120735 0.0124759175913 0.816427233296
10.85/14.75	sonar 0.52663184463 0.363069262406 -0.213641488998
11.04/15.01	mfeat-zernike 0.262430135007 0.0998108316783 0.39722449316
11.25/15.26	kr-vs-kp 0.144940351149 0.0294468461685 0.753946840365
11.25/15.27	MAE 0.301674031488 0.119453800026
11.25/15.27	MSE 0.142450420899 0.142450420899
11.25/15.27	Mean tau 0.348337798109 0.316159432764
11.25/15.27	(0.5964912280701754, '0_class_probability_max')
11.25/15.27	(0.8947368421052632, '1_class_probability_max')
11.25/15.27	(2.5789473684210527, '1_landmark_lda')
11.25/15.27	(2.9473684210526314, '0_landmark_naive_bayes')
11.25/15.27	(4.859649122807017, '1_landmark_decision_tree')
11.25/15.27	(5.649122807017544, '0_landmark_decision_tree')
11.25/15.27	(5.754385964912281, '1_landmark_naive_bayes')
11.25/15.27	(6.807017543859649, '1_number_of_categorical_features')
11.25/15.27	(9.491228070175438, '1_number_of_numeric_features')
11.25/15.27	(9.824561403508772, '0_landmark_lda')
11.25/15.27	(10.105263157894736, '0_number_of_features')
11.25/15.27	(10.578947368421053, '0_number_of_numeric_features')
11.25/15.27	(10.947368421052632, '1_number_of_features')
11.25/15.27	(12.421052631578947, '0_number_of_categorical_features')
11.25/15.27	(13.035087719298245, '0_number_of_classes')
11.25/15.27	(13.508771929824562, '1_number_of_classes')
11.25/15.27	Result for ParamILS: SAT, 14.405240, 1, 0.301674, -1, /home/feurerm/thesis/Software/pyMetaLearn/optimizers/metalearn_optimizer/learn_distances.py
