0.68/0.87	['/home/feurerm/thesis/Software/pyMetaLearn/optimizers/metalearn_optimizer/learn_distances.py', '--input_file', '/home/feurerm/thesis/experiments/2014_04_25_predict_distances/testfold_0-3_pfahringer_spearman_rank_perm.pkl', '--fold', '0', '--folds', '1', '--params', '-max_features', '0.67456991613', '-min_samples_leaf', '2', '-min_samples_split', '5', '-n_estimators', '93', '-n_jobs', '4', '-seed', '32']
0.68/0.88	Metafeatures (57, 8)
0.68/0.88	X (3192, 16)
0.68/0.88	Y (3192,)
0.68/0.88	Dataset Mae MSE Rho
2.92/1.76	vehicle 0.338059677695 0.134990459291 0.39722449316
5.37/2.69	anneal.ORIG 0.41165116001 0.208568487591 0.459927138947
7.91/3.70	segment 0.143591213353 0.0274422399231 0.866201498509
10.22/4.71	pendigits 0.244594729234 0.0798026996875 0.735948064218
12.67/5.73	mushroom 0.16412850609 0.0345298102675 0.69393082735
15.12/6.76	labor 0.334470528025 0.159322348633 0.20491483211
17.73/7.77	abalone 0.19127985083 0.0467425302754 0.780550977201
20.29/8.78	diabetes 0.514404540018 0.330819853462 0.216873584142
22.90/9.81	car 0.352192015425 0.171248792486 0.377831922297
25.27/10.83	autos 0.18968248069 0.0462848709643 0.769238644198
27.77/11.86	mfeat-fourier 0.574309924872 0.430614329968 -0.442473825171
30.25/12.91	primary-tumor 0.206323364828 0.0524182461851 0.595998344497
32.73/13.92	waveform-5000 0.153860355605 0.0354608869868 0.772470739342
35.15/14.93	credit-a 0.354787349555 0.178196750116 0.490308833298
37.63/15.96	letter 0.220436860092 0.0658687375034 0.670013323287
40.10/16.99	postoperative-patient-data 0.44822620283 0.262761241596 0.0549456174427
42.58/18.03	vowel 0.386494891095 0.189918811803 0.476087614666
45.11/19.06	eucalyptus 0.430947993433 0.241083883205 -0.0623794362732
47.55/20.16	cylinder-bands 0.298635096096 0.109866497093 0.576605773634
49.97/21.19	ionosphere 0.390802418795 0.183056953252 0.1664528999
52.42/22.22	mfeat-karhunen 0.112153113769 0.0210389159909 0.877513831512
54.84/23.24	balance-scale 0.220874671745 0.067845580348 0.553657898114
57.33/24.18	mfeat-morphological 0.465944085301 0.285907845704 -0.165160061843
59.76/25.10	liver-disorders 0.273139266133 0.0969005728827 0.658700990284
62.04/26.04	dermatology 0.216467405931 0.0607503431343 0.473178729036
64.46/27.06	vote 0.0757608568911 0.0100269169237 0.779904558173
66.89/27.99	breast-cancer 0.185032641605 0.04360581376 0.344218132803
69.34/29.03	credit-g 0.616317689239 0.510756328782 -0.625733619818
71.80/30.07	soybean 0.117168774618 0.0222605651739 0.744674721106
74.21/31.09	arrhythmia 0.268116612636 0.0964810998032 0.211702231912
76.68/32.02	nursery 0.242734675805 0.0765197345057 0.671952580373
79.21/32.95	hepatitis 0.24176941192 0.0744622251935 0.403688683447
81.54/33.99	cmc 0.307992378808 0.124040346131 0.24563923092
84.02/35.03	heart-c 0.18170150315 0.0454526901985 0.893997516745
86.53/36.15	glass 0.361832565884 0.15754429917 0.318361371654
89.09/37.19	braziltourism 0.441592875729 0.252548350183 0.0158372662041
91.59/38.20	iris 0.276919605932 0.0970560840697 0.403042264418
94.14/39.23	heart-statlog 0.206749561584 0.0603624712943 0.840667946874
96.63/40.26	page-blocks 0.443121883951 0.269672961146 0.0914682925664
99.13/41.29	breast-w 0.207410885237 0.0604246045411 0.567232697718
101.57/42.31	heart-h 0.126693035354 0.0227561190708 0.763744082454
104.01/43.34	yeast 0.205845010182 0.0522522756181 0.792509729233
106.45/44.36	tae 0.383698159229 0.176732065467 0.143181814865
108.92/45.39	haberman 0.263898929764 0.090754642578 0.177118813874
111.36/46.42	mfeat-pixel 0.350063190494 0.148760670283 0.231418012288
113.86/47.45	optdigits 0.116993888723 0.0185862505466 0.847455346676
116.39/48.50	mfeat-factors 0.162779890272 0.0399865494328 0.757603101681
118.83/49.53	satimage 0.247267615022 0.0844730715666 0.521336946677
121.27/50.54	lymph 0.221568482193 0.0724515368259 0.459603929433
123.58/51.56	audiology 0.316060163054 0.129307161895 0.361994656093
126.05/52.60	ecoli 0.383682823461 0.190709755828 0.262446125668
128.55/53.65	tic-tac-toe 0.299840815416 0.13871238913 0.515842384933
131.00/54.69	spambase 0.226755353375 0.0578397756147 0.879453088598
133.45/55.72	zoo 0.0880232253045 0.0105205744508 0.843576832503
135.91/56.75	sonar 0.492767935579 0.303041215296 -0.0904986640233
138.32/57.77	mfeat-zernike 0.228703811183 0.0753907042396 0.610865982158
140.76/58.79	kr-vs-kp 0.135433336255 0.023572754148 0.810286252523
140.90/58.86	MAE 0.281785180514 0.124248561745
140.90/58.86	MSE 0.123833398091 0.123833398091
140.90/58.86	Mean tau 0.456020273063 0.337381479337
140.90/58.86	(0.0, '1_class_probability_max')
140.90/58.86	(1.0, '0_class_probability_max')
140.90/58.86	(2.508771929824561, '0_landmark_decision_tree')
140.90/58.86	(3.4210526315789473, '1_landmark_decision_tree')
140.90/58.86	(3.807017543859649, '0_landmark_naive_bayes')
140.90/58.86	(4.298245614035087, '1_landmark_naive_bayes')
140.90/58.86	(7.614035087719298, '0_landmark_lda')
140.90/58.86	(7.912280701754386, '1_number_of_numeric_features')
140.90/58.86	(8.157894736842104, '0_number_of_numeric_features')
140.90/58.86	(9.789473684210526, '1_landmark_lda')
140.90/58.86	(9.842105263157896, '1_number_of_categorical_features')
140.90/58.86	(10.421052631578947, '0_number_of_categorical_features')
140.90/58.86	(10.982456140350877, '1_number_of_features')
140.90/58.86	(11.24561403508772, '0_number_of_features')
140.90/58.86	(14.350877192982455, '0_number_of_classes')
140.90/58.86	(14.649122807017545, '1_number_of_classes')
140.90/58.86	Result for ParamILS: SAT, 57.982938, 1, 0.281785, -1, /home/feurerm/thesis/Software/pyMetaLearn/optimizers/metalearn_optimizer/learn_distances.py
