0.75/1.97	['/home/feurerm/thesis/Software/pyMetaLearn/optimizers/metalearn_optimizer/learn_distances.py', '--input_file', '/home/feurerm/thesis/experiments/2014_04_25_predict_distances/testfold_0-3_pfahringer_spearman_rank_perm.pkl', '--fold', '0', '--folds', '1', '--params', '-max_features', '0.515596219818', '-min_samples_leaf', '9', '-min_samples_split', '9', '-n_estimators', '66', '-n_jobs', '4', '-seed', '19']
0.75/1.98	Metafeatures (57, 8)
0.75/1.98	X (3192, 16)
0.75/1.98	Y (3192,)
0.75/1.98	Dataset Mae MSE Rho
1.83/2.53	vehicle 0.368994364459 0.166687939302 0.263738963725
3.00/3.29	anneal.ORIG 0.415226922213 0.209800381106 0.482551804953
4.15/4.06	segment 0.255705068879 0.0812229028708 0.726898197816
5.34/4.66	pendigits 0.324448493248 0.132366292948 0.612482029729
6.51/5.25	mushroom 0.198453825541 0.0496433915143 0.657408152227
7.69/5.84	labor 0.286160644974 0.11774324162 0.291858191475
8.98/6.70	abalone 0.309251413022 0.119882217081 0.540406308025
10.09/7.35	diabetes 0.483772045178 0.310243532899 0.136071205549
11.29/7.85	car 0.359681347037 0.180231904187 0.335168266401
12.44/8.45	autos 0.234244240122 0.071000537055 0.595028715953
13.62/9.28	mfeat-fourier 0.538416692126 0.381962474155 -0.380740807927
14.85/9.87	primary-tumor 0.221260797669 0.0611437745935 0.530710022594
15.98/10.58	waveform-5000 0.202887486388 0.054915752795 0.731423131017
17.17/11.55	credit-a 0.386235715766 0.207913015386 0.352944789691
18.39/12.04	letter 0.246433164548 0.0862988576265 0.637369162336
19.52/12.66	postoperative-patient-data 0.418493702988 0.224533079204 -0.0168068947472
20.73/13.26	vowel 0.446681992108 0.248656381027 0.254689097323
21.86/13.85	eucalyptus 0.394072867584 0.202625634219 0.000969628543107
23.06/14.36	cylinder-bands 0.340414961022 0.147131243655 0.357146513378
24.21/14.87	ionosphere 0.415562942525 0.208541689981 0.0559152459858
25.40/15.47	mfeat-karhunen 0.194302168316 0.0510574204543 0.764390501483
26.57/16.04	balance-scale 0.243377440259 0.0791166864655 0.410799292763
27.74/16.55	mfeat-morphological 0.464647639485 0.285243578575 -0.22560024103
28.87/17.02	liver-disorders 0.25487005127 0.0897601012093 0.500651537758
30.13/17.60	dermatology 0.1886314538 0.0459423970892 0.541699146083
31.20/18.09	vote 0.076576467172 0.00883854746421 0.811255881066
32.38/18.64	breast-cancer 0.151293166052 0.0322780915854 0.364580332208
33.51/19.32	credit-g 0.618212508275 0.508750665453 -0.678093561146
34.67/19.79	soybean 0.130748692719 0.0266417920403 0.74273546402
35.79/20.27	arrhythmia 0.269162118687 0.0994599921109 0.216550374627
36.98/20.86	nursery 0.292230419238 0.108100563817 0.555920364715
38.11/21.38	hepatitis 0.297594476678 0.121885543459 -0.0371690941524
39.28/22.03	cmc 0.289313271641 0.102743885629 0.250164164122
40.44/22.79	heart-c 0.279710492323 0.10132744026 0.736594483247
41.64/23.30	glass 0.377459634673 0.173347767302 0.249194535579
42.77/23.88	braziltourism 0.454389383447 0.264761291604 0.104719882656
43.92/24.39	iris 0.281667706052 0.103985654894 0.349712694547
45.08/24.89	heart-statlog 0.295567507299 0.116584359396 0.722373264615
46.25/25.42	page-blocks 0.365910702654 0.182632416692 0.333229009314
47.38/25.95	breast-w 0.219652348954 0.0643782364672 0.495156976013
48.55/26.44	heart-h 0.179521963163 0.0408512989737 0.712353769669
49.70/26.93	yeast 0.311072123127 0.120554561436 0.59179662081
50.92/27.42	tae 0.342292787479 0.144477752451 0.170977833101
52.04/28.29	haberman 0.264683406932 0.0915164778291 0.0410476083249
53.21/28.77	mfeat-pixel 0.334335194855 0.138074056041 0.229478755202
54.35/29.51	optdigits 0.227249044764 0.0663443050549 0.702657484238
55.53/30.12	mfeat-factors 0.225579114605 0.0694341961227 0.708798465011
56.69/30.64	satimage 0.271775758808 0.101664683171 0.417909902079
57.85/31.13	lymph 0.202221332901 0.0596545942255 0.549779383942
58.98/31.64	audiology 0.325422192434 0.136477166906 0.35359120872
60.23/32.30	ecoli 0.391565043081 0.196084583077 0.21008618434
61.34/32.93	tic-tac-toe 0.304154071015 0.137498536827 0.623147943704
62.46/33.53	spambase 0.21326301951 0.0588346179921 0.870403222196
63.62/34.21	zoo 0.130623090591 0.023548892263 0.761804825368
64.78/34.72	sonar 0.50069066128 0.312041382059 -0.118617891773
65.91/35.20	mfeat-zernike 0.271104426769 0.101064363536 0.436009634884
67.14/35.80	kr-vs-kp 0.20763266015 0.0538513146826 0.659670618827
67.14/35.83	MAE 0.303419337331 0.106761997291
67.14/35.83	MSE 0.13476058698 0.13476058698
67.14/35.83	Mean tau 0.39114021581 0.313539499193
67.14/35.83	(0.10526315789473684, '1_class_probability_max')
67.14/35.83	(0.8947368421052632, '0_class_probability_max')
67.14/35.83	(2.43859649122807, '0_landmark_decision_tree')
67.14/35.83	(3.0701754385964914, '1_landmark_decision_tree')
67.14/35.83	(3.7017543859649122, '0_landmark_naive_bayes')
67.14/35.83	(4.807017543859649, '1_landmark_naive_bayes')
67.14/35.83	(8.508771929824562, '0_number_of_numeric_features')
67.14/35.83	(8.56140350877193, '0_number_of_features')
67.14/35.83	(8.666666666666666, '0_landmark_lda')
67.14/35.83	(8.666666666666666, '1_number_of_numeric_features')
67.14/35.83	(9.210526315789474, '1_landmark_lda')
67.14/35.83	(9.491228070175438, '1_number_of_categorical_features')
67.14/35.83	(11.280701754385966, '0_number_of_categorical_features')
67.14/35.83	(11.596491228070175, '1_number_of_features')
67.14/35.83	(14.350877192982455, '0_number_of_classes')
67.14/35.83	(14.649122807017545, '1_number_of_classes')
67.14/35.83	Result for ParamILS: SAT, 33.859032, 1, 0.303419, -1, /home/feurerm/thesis/Software/pyMetaLearn/optimizers/metalearn_optimizer/learn_distances.py
