0.69/0.88	['/home/feurerm/thesis/Software/pyMetaLearn/optimizers/metalearn_optimizer/learn_distances.py', '--input_file', '/home/feurerm/thesis/experiments/2014_04_25_predict_distances/testfold_0-3_pfahringer_spearman_rank_perm.pkl', '--fold', '0', '--folds', '1', '--params', '-max_features', '0.540600382362', '-min_samples_leaf', '5', '-min_samples_split', '3', '-n_estimators', '9', '-n_jobs', '4', '-seed', '51']
0.69/0.88	Metafeatures (57, 8)
0.69/0.88	X (3192, 16)
0.69/0.88	Y (3192,)
0.69/0.88	Dataset Mae MSE Rho
0.96/1.12	vehicle 0.355560065494 0.15307656638 0.376599674647
1.20/1.37	anneal.ORIG 0.312197891934 0.135081842075 0.23795877821
1.42/1.61	segment 0.210388329158 0.0627419255346 0.731966825297
1.66/1.86	pendigits 0.258874765482 0.0918017832643 0.688113056092
1.91/2.11	mushroom 0.161855032759 0.0341336332023 0.716232283842
2.11/2.35	labor 0.312631201159 0.143956427949 0.226426478746
2.37/2.60	abalone 0.268050946407 0.0994905652189 0.549661994444
2.59/2.85	diabetes 0.560810260167 0.375429884674 0.272693037616
2.83/3.10	car 0.399558962151 0.238870859567 0.087603872815
3.04/3.34	autos 0.238039328884 0.0810649596987 0.540611400004
3.28/3.59	mfeat-fourier 0.580487240146 0.438656951395 -0.388497836272
3.51/3.84	primary-tumor 0.199067566206 0.0532420526704 0.587271687609
3.76/4.08	waveform-5000 0.201542868019 0.0609863217388 0.632733521978
3.98/4.33	credit-a 0.387948397676 0.215664484246 0.35876256095
4.20/4.58	letter 0.253672328248 0.0931183133198 0.42069102368
4.44/4.83	postoperative-patient-data 0.41823983302 0.235026887884 0.0837247345353
4.68/5.08	vowel 0.432633510926 0.234521730479 0.233718081348
4.92/5.33	eucalyptus 0.471094702551 0.293386070585 -0.0943771781958
5.15/5.59	cylinder-bands 0.380266057949 0.202551211735 0.175179556788
5.38/5.83	ionosphere 0.38689053079 0.190088182148 0.173092618656
5.62/6.08	mfeat-karhunen 0.202006081947 0.0612144142754 0.689729103664
5.85/6.33	balance-scale 0.260772574028 0.0907534666672 0.295784293822
6.09/6.58	mfeat-morphological 0.473833107997 0.297179433524 -0.116849638925
6.32/6.82	liver-disorders 0.297066642196 0.116001520658 0.397547702674
6.56/7.07	dermatology 0.215565871572 0.0590921047497 0.468729208789
6.79/7.32	vote 0.0733200424896 0.00976546816351 0.793509260023
7.04/7.56	breast-cancer 0.179126308216 0.0459603121758 0.372528931842
7.28/7.81	credit-g 0.597765391728 0.491543155563 -0.526389037314
7.53/8.06	soybean 0.146694552273 0.0327767003239 0.594705506439
7.76/8.34	arrhythmia 0.291278885773 0.116663832286 0.139949719722
7.99/8.59	nursery 0.254488179832 0.0867721805655 0.627672876905
8.25/8.84	hepatitis 0.259646134248 0.0922961874748 0.330373276815
8.46/9.08	cmc 0.306666085089 0.125144682317 0.226893079087
8.68/9.33	heart-c 0.227940192299 0.0675331323855 0.774957148885
8.92/9.57	glass 0.399493487422 0.206468451343 0.116203167893
9.17/9.82	braziltourism 0.441901118266 0.246213676373 0.277636972843
9.40/10.07	iris 0.335677088173 0.154502809573 0.108921606342
9.65/10.31	heart-statlog 0.311476636562 0.145248965942 0.503964714828
9.90/10.56	page-blocks 0.369861884179 0.185812304487 0.192987129412
10.13/10.84	breast-w 0.215223497362 0.066411560941 0.538790260453
10.36/11.09	heart-h 0.183186574149 0.0459680499479 0.586073141747
10.59/11.33	yeast 0.295785211566 0.122014562161 0.524569041821
10.83/11.58	tae 0.351665272268 0.156164526329 0.172473901089
11.05/11.82	haberman 0.297493154982 0.116186397671 -0.0302225207177
11.29/12.07	mfeat-pixel 0.393823667775 0.193164794811 0.114263754799
11.53/12.31	optdigits 0.175884987984 0.0411567787408 0.759542358767
11.77/12.56	mfeat-factors 0.19212549348 0.0555823693374 0.702875628884
12.00/12.81	satimage 0.257274303967 0.0937058113355 0.462985014126
12.25/13.06	lymph 0.225668071348 0.0791095037976 0.416812197492
12.48/13.31	audiology 0.321096247171 0.142666266396 0.300633216671
12.70/15.33	ecoli 0.426728313717 0.225222516271 0.106012720713
12.94/15.60	tic-tac-toe 0.244276139519 0.103098995788 0.505339090139
13.17/15.91	spambase 0.206866525162 0.0547858334511 0.765036920512
13.42/16.25	zoo 0.125280493964 0.0221485812073 0.727118292562
13.66/16.55	sonar 0.519992335926 0.339268357692 -0.221075307828
13.91/16.80	mfeat-zernike 0.254095590427 0.0940750959932 0.408925826978
14.12/17.04	kr-vs-kp 0.172017264462 0.0407780672121 0.697380625118
14.12/17.05	MAE 0.303383740853 0.115623584678
14.12/17.05	MSE 0.141321781082 0.141321781082
14.12/17.05	Mean tau 0.358185181752 0.295459275746
14.12/17.05	(0.17543859649122806, '0_class_probability_max')
14.12/17.05	(1.6491228070175439, '1_class_probability_max')
14.12/17.05	(2.280701754385965, '1_landmark_decision_tree')
14.12/17.05	(3.3157894736842106, '0_landmark_decision_tree')
14.12/17.05	(3.912280701754386, '1_landmark_naive_bayes')
14.12/17.05	(6.912280701754386, '0_landmark_naive_bayes')
14.12/17.05	(7.087719298245614, '0_number_of_numeric_features')
14.12/17.05	(7.315789473684211, '1_number_of_numeric_features')
14.12/17.05	(8.403508771929825, '1_number_of_categorical_features')
14.12/17.05	(8.719298245614034, '1_landmark_lda')
14.12/17.05	(10.298245614035087, '1_number_of_features')
14.12/17.05	(10.649122807017545, '0_landmark_lda')
14.12/17.05	(10.68421052631579, '0_number_of_categorical_features')
14.12/17.05	(10.736842105263158, '0_number_of_features')
14.12/17.05	(13.526315789473685, '1_number_of_classes')
14.12/17.05	(14.333333333333334, '0_number_of_classes')
14.12/17.05	Result for ParamILS: SAT, 16.173595, 1, 0.303384, -1, /home/feurerm/thesis/Software/pyMetaLearn/optimizers/metalearn_optimizer/learn_distances.py
