0.77/2.58	['/home/feurerm/thesis/Software/pyMetaLearn/optimizers/metalearn_optimizer/learn_distances.py', '--input_file', '/home/feurerm/thesis/experiments/2014_04_25_predict_distances/testfold_0-3_pfahringer_spearman_rank_perm.pkl', '--fold', '0', '--folds', '1', '--params', '-max_features', '0.700146397556', '-min_samples_leaf', '7', '-min_samples_split', '6', '-n_estimators', '68', '-n_jobs', '4', '-seed', '34']
0.77/2.59	Metafeatures (57, 8)
0.77/2.59	X (3192, 16)
0.77/2.59	Y (3192,)
0.77/2.59	Dataset Mae MSE Rho
2.34/3.23	vehicle 0.345081623944 0.144904363738 0.390760302872
3.93/3.92	anneal.ORIG 0.465500586033 0.265806175978 0.202329155995
5.52/4.52	segment 0.205678745967 0.0540421073863 0.803175643207
7.11/5.21	pendigits 0.293249850106 0.109364702082 0.686173799005
8.70/5.94	mushroom 0.187344288311 0.0439761371392 0.657084942712
10.32/6.63	labor 0.31140758839 0.134560543768 0.239821459662
11.93/7.24	abalone 0.275927606966 0.0959929746352 0.626056829333
13.58/7.95	diabetes 0.507021701948 0.32219145163 0.241114297719
15.20/8.64	car 0.369479558924 0.185967595176 0.320623838254
16.77/9.22	autos 0.230074444893 0.0667560973464 0.68875947512
18.38/9.90	mfeat-fourier 0.554666500415 0.400735979436 -0.411445711792
19.98/10.65	primary-tumor 0.226700491632 0.0638009839253 0.523276203763
21.56/11.32	waveform-5000 0.159930052299 0.0386269699504 0.768269015655
23.14/11.91	credit-a 0.371545727402 0.195353981061 0.432454330226
24.71/12.49	letter 0.240911723262 0.081176366619 0.61474449633
26.31/13.20	postoperative-patient-data 0.426854507612 0.23818771127 0.0345834180375
27.87/13.79	vowel 0.434854785286 0.235009180192 0.314482857481
29.48/14.54	eucalyptus 0.425923415094 0.240648265788 -0.0743381883049
31.06/15.23	cylinder-bands 0.331873452576 0.135832480636 0.458311091375
32.66/15.81	ionosphere 0.404809427338 0.191906888102 0.0904986640233
34.25/16.55	mfeat-karhunen 0.173625895346 0.0432893689094 0.772147529828
35.85/17.29	balance-scale 0.243093821799 0.07984415615 0.423727673338
37.44/18.08	mfeat-morphological 0.473692505902 0.295881338266 -0.226893079087
39.05/18.67	liver-disorders 0.291651776965 0.110833075343 0.490955252327
40.61/19.36	dermatology 0.196041712424 0.0491808989321 0.524245832307
42.20/20.08	vote 0.0770589211951 0.00923623028033 0.788954424575
43.81/21.06	breast-cancer 0.14226555268 0.0271692510472 0.370721312981
45.43/21.68	credit-g 0.659253683197 0.579144377713 -0.700718227152
47.03/22.39	soybean 0.12545504272 0.0250200797616 0.713323398212
48.70/23.01	arrhythmia 0.263897339191 0.0940460625472 0.334845056886
50.18/23.63	nursery 0.279929815453 0.099827613765 0.581777125864
51.79/24.33	hepatitis 0.265955631441 0.0946320083128 0.306725829136
53.35/24.92	cmc 0.256911630783 0.0864989396626 0.336784313973
55.02/25.50	heart-c 0.235574407772 0.075006089132 0.800266757578
56.51/26.08	glass 0.345682527676 0.142124171553 0.447968386916
58.11/26.78	braziltourism 0.449806542558 0.261029408407 0.142535395837
59.79/27.51	iris 0.289901587394 0.107343653171 0.361994656093
61.29/28.23	heart-statlog 0.264802066153 0.093185235949 0.750492492365
62.92/28.84	page-blocks 0.404892577271 0.221638844287 0.172270671159
64.52/29.43	breast-w 0.210626342958 0.0588443352807 0.552688269571
66.13/30.19	heart-h 0.159348730007 0.0349202808935 0.69910217958
67.82/30.90	yeast 0.296323663138 0.106464753204 0.67615430406
69.34/31.59	tae 0.350722936224 0.149029175762 0.211055812883
70.97/35.74	haberman 0.271740032513 0.094722515391 0.0326441609513
72.64/36.53	mfeat-pixel 0.362279104641 0.160836168348 0.195864965708
74.42/37.35	optdigits 0.191074336028 0.0470442135153 0.758895939739
76.05/38.24	mfeat-factors 0.196467548029 0.0531112477499 0.730776711988
77.73/39.12	satimage 0.257546734793 0.0912580968719 0.492248090384
79.38/39.91	lymph 0.217288118146 0.0698475541162 0.431807911197
81.12/40.75	audiology 0.318252530589 0.131548534716 0.348096646975
82.85/45.80	ecoli 0.421989236091 0.228856887444 0.0785399119917
84.42/46.58	tic-tac-toe 0.3016072795 0.13790739674 0.545577660255
86.05/47.28	spambase 0.213183886856 0.055620419336 0.867171127052
87.62/47.91	zoo 0.118376062258 0.0195930801948 0.786691957974
89.27/48.73	sonar 0.510798770265 0.325627315293 -0.165806480871
90.88/49.32	mfeat-zernike 0.255359462246 0.092607645159 0.488692785726
92.49/50.02	kr-vs-kp 0.189681866573 0.0459308299257 0.687789846577
92.49/50.06	MAE 0.299140276442 0.117399090849
92.49/50.06	MSE 0.134097231737 0.134097231737
92.49/50.06	Mean tau 0.410821974132 0.321282863334
92.49/50.06	(0.0, '1_class_probability_max')
92.49/50.06	(1.0, '0_class_probability_max')
92.49/50.06	(3.0, '0_landmark_decision_tree')
92.49/50.06	(3.087719298245614, '0_landmark_naive_bayes')
92.49/50.06	(3.982456140350877, '1_landmark_decision_tree')
92.49/50.06	(4.035087719298246, '1_landmark_naive_bayes')
92.49/50.06	(7.859649122807017, '0_number_of_numeric_features')
92.49/50.06	(8.210526315789474, '1_number_of_numeric_features')
92.49/50.06	(8.736842105263158, '0_number_of_categorical_features')
92.49/50.06	(9.017543859649123, '0_landmark_lda')
92.49/50.06	(9.157894736842104, '1_number_of_categorical_features')
92.49/50.06	(9.701754385964913, '1_number_of_features')
92.49/50.06	(10.56140350877193, '0_number_of_features')
92.49/50.06	(12.649122807017545, '1_landmark_lda')
92.49/50.06	(14.456140350877194, '0_number_of_classes')
92.49/50.06	(14.543859649122806, '1_number_of_classes')
92.49/50.06	Result for ParamILS: SAT, 47.481684, 1, 0.299140, -1, /home/feurerm/thesis/Software/pyMetaLearn/optimizers/metalearn_optimizer/learn_distances.py
