0.77/1.01	['/home/feurerm/thesis/Software/pyMetaLearn/optimizers/metalearn_optimizer/learn_distances.py', '--input_file', '/home/feurerm/thesis/experiments/2014_04_25_predict_distances/testfold_0-3_pfahringer_spearman_rank_perm.pkl', '--fold', '0', '--folds', '1', '--params', '-max_features', '0.393757654899', '-min_samples_leaf', '9', '-min_samples_split', '4', '-n_estimators', '23', '-n_jobs', '4', '-seed', '9']
0.77/1.02	Metafeatures (57, 8)
0.77/1.02	X (3192, 16)
0.77/1.02	Y (3192,)
0.77/1.02	Dataset Mae MSE Rho
1.11/1.37	vehicle 0.364578377157 0.164666160133 0.302200895935
1.50/1.63	anneal.ORIG 0.361254163558 0.168861465776 0.430388089151
1.88/1.88	segment 0.25747132465 0.0812313019749 0.718171540928
2.24/2.14	pendigits 0.342509841831 0.146011432941 0.561091716945
2.62/2.40	mushroom 0.213670433897 0.0569352205022 0.601816115755
3.01/2.65	labor 0.27394745897 0.10534633923 0.342602085231
3.40/2.90	abalone 0.318990533931 0.128637569416 0.53038681308
3.77/3.16	diabetes 0.504074750044 0.336184322145 0.115062587115
4.14/3.41	car 0.346744224762 0.164184533518 0.269556734984
4.53/3.67	autos 0.275330740093 0.100737602606 0.400456588303
4.92/3.92	mfeat-fourier 0.495606346923 0.319374191643 -0.261799706639
5.33/4.18	primary-tumor 0.229065433473 0.0652166608764 0.551278172022
5.70/4.44	waveform-5000 0.212925942584 0.0666428201073 0.70201106521
6.08/4.71	credit-a 0.384799326333 0.208639071085 0.339046780573
6.46/4.97	letter 0.253920930189 0.0895730338185 0.638985209908
6.84/5.22	postoperative-patient-data 0.418756468808 0.22870914661 0.0172931000898
7.21/5.48	vowel 0.468999752148 0.269453701652 0.134131948463
7.58/5.73	eucalyptus 0.395296279722 0.207327537853 0.0168068947472
7.95/5.99	cylinder-bands 0.338439339936 0.149670577613 0.410799292763
8.33/6.24	ionosphere 0.410193539871 0.205742009889 0.0982556923682
8.72/6.53	mfeat-karhunen 0.205913789987 0.0594478909521 0.705889579382
9.09/6.78	balance-scale 0.251082614942 0.0828986069093 0.367812427352
9.51/7.14	mfeat-morphological 0.471473569177 0.294779237874 -0.0643186933594
9.90/7.40	liver-disorders 0.275968858679 0.10291649394 0.25371946878
10.28/7.66	dermatology 0.176568542815 0.0410919334916 0.58145391635
10.65/7.91	vote 0.0764875707149 0.0094334016351 0.797357871948
11.03/8.19	breast-cancer 0.164098820707 0.0398503816818 0.403882776864
11.45/8.55	credit-g 0.611658101441 0.487995393504 -0.609249934586
11.82/8.81	soybean 0.11283126924 0.0192448052971 0.810286252523
12.19/9.06	arrhythmia 0.269332590008 0.101482491698 0.205884460653
12.56/9.31	nursery 0.310358975354 0.121171235715 0.50453005193
12.94/9.61	hepatitis 0.33341664487 0.162104357611 -0.2789298109
13.31/9.86	cmc 0.287336354585 0.0970813476143 0.307372248165
13.68/10.11	heart-c 0.289398604277 0.109342179448 0.688113056092
14.04/10.36	glass 0.390756946649 0.183769621627 0.158372662041
14.43/10.61	braziltourism 0.511088292538 0.330710872734 0.00614098077301
14.80/10.87	iris 0.322798406406 0.13744648612 0.207032347804
15.17/11.18	heart-statlog 0.285054943329 0.109689795928 0.729807083445
15.54/11.43	page-blocks 0.351267788249 0.171026410546 0.315826508266
15.93/11.68	breast-w 0.206613575614 0.0608335299101 0.503237213873
16.31/11.93	heart-h 0.190366814822 0.0475043268839 0.616360543902
16.69/12.19	yeast 0.337730970021 0.143615813499 0.520690527649
17.08/12.44	tae 0.311633210182 0.119032129091 0.228509126659
17.46/12.69	haberman 0.263736103254 0.0925268354451 0.0703037246642
17.84/12.95	mfeat-pixel 0.346449104674 0.150538154242 0.205884460653
18.22/13.20	optdigits 0.22527171783 0.0657658846992 0.703950322296
18.59/13.45	mfeat-factors 0.245636408487 0.0845821675757 0.633167438649
18.98/13.70	satimage 0.274502626693 0.101550018834 0.435040006341
19.32/13.95	lymph 0.206783517781 0.061930166407 0.467037748263
19.74/14.20	audiology 0.336989244477 0.156408648251 0.343894923289
20.07/14.46	ecoli 0.409096834468 0.212264004629 0.0913140331846
20.44/14.71	tic-tac-toe 0.25572848424 0.0972929864616 0.592766249353
20.80/14.96	spambase 0.209314646744 0.0587069862623 0.762451244397
21.20/15.21	zoo 0.139795439638 0.0251571118157 0.716555493356
21.60/15.47	sonar 0.499034069277 0.317578188273 -0.135747996035
21.97/15.72	mfeat-zernike 0.265860869439 0.101169096439 0.472532310008
22.35/16.04	kr-vs-kp 0.21758430776 0.0605754311954 0.597937601583
22.35/16.05	MAE 0.30711571646 0.106222010957
22.35/16.05	MSE 0.138274721467 0.138274721467
22.35/16.05	Mean tau 0.365533506009 0.298336871547
22.35/16.05	(0.05263157894736842, '1_class_probability_max')
22.35/16.05	(1.3508771929824561, '0_class_probability_max')
22.35/16.05	(2.1578947368421053, '0_landmark_decision_tree')
22.35/16.05	(2.5964912280701755, '1_landmark_decision_tree')
22.35/16.05	(4.508771929824562, '1_landmark_naive_bayes')
22.35/16.05	(4.754385964912281, '0_landmark_naive_bayes')
22.35/16.05	(7.43859649122807, '0_landmark_lda')
22.35/16.05	(7.578947368421052, '1_landmark_lda')
22.35/16.05	(8.631578947368421, '1_number_of_categorical_features')
22.35/16.05	(8.859649122807017, '1_number_of_numeric_features')
22.35/16.05	(10.543859649122806, '0_number_of_numeric_features')
22.35/16.05	(10.894736842105264, '1_number_of_features')
22.35/16.05	(11.31578947368421, '0_number_of_features')
22.35/16.05	(11.75438596491228, '0_number_of_categorical_features')
22.35/16.05	(13.017543859649123, '0_number_of_classes')
22.35/16.05	(14.543859649122806, '1_number_of_classes')
22.35/16.05	Result for ParamILS: SAT, 15.036604, 1, 0.307116, -1, /home/feurerm/thesis/Software/pyMetaLearn/optimizers/metalearn_optimizer/learn_distances.py
