0.77/0.90	['/home/feurerm/thesis/Software/pyMetaLearn/optimizers/metalearn_optimizer/learn_distances.py', '--input_file', '/home/feurerm/thesis/experiments/2014_04_25_predict_distances/testfold_0-3_pfahringer_spearman_rank_perm.pkl', '--fold', '0', '--folds', '1', '--params', '-max_features', '0.385923866293', '-min_samples_leaf', '10', '-min_samples_split', '3', '-n_estimators', '89', '-n_jobs', '4', '-seed', '47']
0.77/0.90	Metafeatures (57, 8)
0.77/0.90	X (3192, 16)
0.77/0.90	Y (3192,)
0.77/0.90	Dataset Mae MSE Rho
1.85/1.46	vehicle 0.36391072995 0.165387839311 0.321270257283
3.07/1.97	anneal.ORIG 0.339437132911 0.146174281753 0.550749012485
4.30/2.57	segment 0.262904422315 0.0862760431729 0.757926311195
5.64/3.27	pendigits 0.336889698596 0.141175172527 0.592766249353
6.79/3.87	mushroom 0.210992379116 0.0546938307328 0.621855105646
8.02/4.47	labor 0.291272674792 0.118418542916 0.332582590286
9.23/5.18	abalone 0.320487235632 0.128084700865 0.540406308025
10.49/5.77	diabetes 0.491502606568 0.319272123715 0.131546272348
11.72/6.28	car 0.367074648666 0.183122654969 0.261476497125
12.94/6.99	autos 0.241499646619 0.0763606276718 0.595998344497
14.19/7.59	mfeat-fourier 0.533859671198 0.373969057222 -0.444413082257
15.55/8.20	primary-tumor 0.237011786834 0.0693821516962 0.466714538749
16.65/8.80	waveform-5000 0.221350799999 0.066065450046 0.708152045983
17.99/9.40	credit-a 0.38684943225 0.208689614897 0.36102502755
19.09/10.00	letter 0.236235043147 0.0795842714666 0.663872342514
20.34/10.51	postoperative-patient-data 0.408612185764 0.213091204217 -0.00258567611495
21.57/11.02	vowel 0.469844455376 0.272040954438 0.156433404955
22.78/11.73	eucalyptus 0.382084266458 0.191216923067 0.084034473736
24.03/13.52	cylinder-bands 0.332774358195 0.138415974578 0.405951150048
25.49/14.31	ionosphere 0.407461628156 0.197979086343 0.0921147115952
26.72/15.04	mfeat-karhunen 0.216101293699 0.0638447130454 0.714939445784
28.04/15.76	balance-scale 0.243990078213 0.078826876023 0.41726348305
29.47/16.48	mfeat-morphological 0.473660667692 0.296939808811 -0.235942945489
30.71/17.19	liver-disorders 0.296945911726 0.117193680965 0.378155131812
32.03/17.89	dermatology 0.184355252002 0.044389459073 0.56593985966
33.26/18.48	vote 0.0841638535053 0.0111017559718 0.794448986319
34.50/19.08	breast-cancer 0.1651792426 0.0386203746181 0.393669188502
35.78/19.67	credit-g 0.58693354619 0.454807633669 -0.658054571255
37.04/20.26	soybean 0.122865124524 0.0228852602877 0.810286252523
38.31/20.88	arrhythmia 0.273653696932 0.103477920159 0.2766673443
39.55/21.49	nursery 0.299333335385 0.113188702223 0.522952994249
40.91/22.10	hepatitis 0.321499926295 0.148993693753 -0.256305144895
42.04/22.79	cmc 0.285459141765 0.0979232429746 0.324502352427
43.28/23.39	heart-c 0.293030626625 0.109721940965 0.731746340532
44.51/23.98	glass 0.368789853022 0.164510927209 0.295090286619
45.77/24.68	braziltourism 0.441937481427 0.252176157276 0.107305558771
47.11/25.39	iris 0.314097045073 0.128013567963 0.274728087214
48.28/26.09	heart-statlog 0.299147258011 0.1190392683 0.761158406339
49.55/26.71	page-blocks 0.352562908215 0.167679116419 0.417909902079
50.94/27.44	breast-w 0.216464238139 0.0641506959211 0.511317451732
52.10/28.07	heart-h 0.204708198157 0.0521859592177 0.598260811097
53.39/28.78	yeast 0.325681302025 0.133619915013 0.540729517539
54.65/29.47	tae 0.326537650536 0.129750425217 0.203298784538
55.91/30.12	haberman 0.260277160544 0.0868381893511 0.0533295698709
57.35/30.83	mfeat-pixel 0.345083010096 0.147439393334 0.208470136768
58.57/31.52	optdigits 0.240560368483 0.0733746241601 0.686820218034
59.83/32.24	mfeat-factors 0.245518414332 0.0817736550325 0.677123932603
61.14/32.94	satimage 0.2668501444 0.0962343714767 0.446675548858
62.33/33.65	lymph 0.206272003122 0.0628498658801 0.514549546876
63.59/34.35	audiology 0.33270255138 0.150006282072 0.365549960751
64.83/34.96	ecoli 0.407656003057 0.210848858102 0.081448797621
66.07/35.58	tic-tac-toe 0.285239265403 0.122899538416 0.575636145091
67.46/36.32	spambase 0.221094470593 0.0634402206968 0.813841557181
68.66/37.03	zoo 0.143529224494 0.0280458551873 0.725605359759
69.95/37.73	sonar 0.503574964476 0.31917731057 -0.159342290584
71.23/38.34	mfeat-zernike 0.263649935298 0.0954887767039 0.534588536766
72.47/39.06	kr-vs-kp 0.214621471996 0.0584525820211 0.629612133991
72.62/39.11	MAE 0.306592656526 0.101555479909
72.62/39.11	MSE 0.135777388135 0.135777388135
72.62/39.11	Mean tau 0.383190395825 0.316563728189
72.62/39.11	(0.43859649122807015, '0_class_probability_max')
72.62/39.11	(0.5964912280701754, '1_class_probability_max')
72.62/39.11	(2.0, '1_landmark_decision_tree')
72.62/39.11	(3.245614035087719, '0_landmark_decision_tree')
72.62/39.11	(4.017543859649122, '1_landmark_naive_bayes')
72.62/39.11	(4.824561403508772, '0_landmark_naive_bayes')
72.62/39.11	(6.035087719298246, '0_landmark_lda')
72.62/39.11	(8.807017543859649, '1_landmark_lda')
72.62/39.11	(8.824561403508772, '1_number_of_numeric_features')
72.62/39.11	(9.175438596491228, '1_number_of_features')
72.62/39.11	(9.75438596491228, '0_number_of_numeric_features')
72.62/39.11	(10.614035087719298, '0_number_of_features')
72.62/39.11	(11.035087719298245, '1_number_of_categorical_features')
72.62/39.11	(11.649122807017545, '0_number_of_categorical_features')
72.62/39.11	(14.31578947368421, '0_number_of_classes')
72.62/39.11	(14.666666666666666, '1_number_of_classes')
72.62/39.11	Result for ParamILS: SAT, 38.211150, 1, 0.306593, -1, /home/feurerm/thesis/Software/pyMetaLearn/optimizers/metalearn_optimizer/learn_distances.py
