0.71/0.99	['/home/feurerm/thesis/Software/pyMetaLearn/optimizers/metalearn_optimizer/learn_distances.py', '--input_file', '/home/feurerm/thesis/experiments/2014_04_25_predict_distances/testfold_0-3_pfahringer_spearman_rank_perm.pkl', '--fold', '0', '--folds', '1', '--params', '-max_features', '0.746333287739', '-min_samples_leaf', '5', '-min_samples_split', '8', '-n_estimators', '68', '-n_jobs', '4', '-seed', '69']
0.71/0.99	Metafeatures (57, 8)
0.71/0.99	X (3192, 16)
0.71/0.99	Y (3192,)
0.71/0.99	Dataset Mae MSE Rho
2.33/1.65	vehicle 0.349196605714 0.146844113145 0.361671446579
4.02/2.33	anneal.ORIG 0.511059794059 0.306939613308 0.35585367532
5.73/3.03	segment 0.188332272487 0.0449140083121 0.814164766696
7.42/3.74	pendigits 0.259751279004 0.087049078005 0.727867826359
9.12/4.44	mushroom 0.178970089055 0.0405822377527 0.676477513574
10.79/5.13	labor 0.308271165037 0.134681812766 0.219136050742
12.48/5.82	abalone 0.234936730081 0.0711900276104 0.699748598609
14.24/6.52	diabetes 0.509732573676 0.326462450238 0.231741221803
15.87/7.21	car 0.355303326002 0.165771081535 0.284747582159
17.67/7.90	autos 0.195100154823 0.0496767227523 0.761158406339
19.26/8.60	mfeat-fourier 0.58045379203 0.440999736591 -0.479642919324
20.98/9.31	primary-tumor 0.218456906267 0.0603446115459 0.555273945686
22.69/10.01	waveform-5000 0.153520767583 0.0344611560522 0.775379624971
24.37/10.71	credit-a 0.383682666646 0.207166947067 0.382680065013
26.15/11.40	letter 0.230635765454 0.0742482792438 0.658700990284
27.79/12.08	postoperative-patient-data 0.444268471639 0.260932183214 0.0413708178392
29.48/12.77	vowel 0.410776275567 0.21232189367 0.430838282654
31.18/13.48	eucalyptus 0.441250036055 0.257037507618 -0.126374920118
32.87/14.19	cylinder-bands 0.331955437658 0.135087063784 0.390113883843
34.58/14.87	ionosphere 0.420950774267 0.211619343923 0.0468653795835
36.27/15.56	mfeat-karhunen 0.153780829574 0.0338004558078 0.819982537954
37.97/16.26	balance-scale 0.250057576863 0.0809286874804 0.408213616648
39.63/16.94	mfeat-morphological 0.47568690744 0.295729622212 -0.2204288888
41.30/17.63	liver-disorders 0.25927513062 0.0900279354958 0.514226337361
43.01/18.33	dermatology 0.206088714007 0.0546657649425 0.4993586997
44.72/19.03	vote 0.0741281726407 0.00934032537214 0.771824320313
46.49/19.71	breast-cancer 0.154743350334 0.0319404896307 0.332582590286
48.16/20.43	credit-g 0.649960013639 0.558033874869 -0.654176057083
50.50/21.12	soybean 0.115643286359 0.0211973779696 0.768915434684
52.17/21.81	arrhythmia 0.250977907478 0.0865832476859 0.315775695539
53.89/22.50	nursery 0.265948359676 0.0911663923931 0.625733619818
55.59/23.19	hepatitis 0.249359411917 0.0824545157689 0.39431560753
57.27/23.88	cmc 0.277105656331 0.103659656212 0.274728087214
58.95/24.57	heart-c 0.213779668763 0.0653878636157 0.834526966101
60.68/25.27	glass 0.350029121245 0.14549595661 0.406597569076
62.40/26.07	braziltourism 0.458097361537 0.271427774815 0.0368458846381
64.14/26.79	iris 0.276649208462 0.100866657162 0.402395845389
65.94/27.58	heart-statlog 0.241247934186 0.0791587981973 0.805438109808
67.62/28.26	page-blocks 0.390918741635 0.204550879193 0.192956080078
69.31/29.06	breast-w 0.20987247479 0.0588676905251 0.539113469968
71.04/29.76	heart-h 0.146591792861 0.0292373334133 0.732069550046
72.76/30.55	yeast 0.271922218433 0.0898696286518 0.725928569273
74.49/31.26	tae 0.364551085481 0.159695873282 0.192956080078
76.23/31.96	haberman 0.263324206421 0.0896732874503 0.081448797621
78.04/35.19	mfeat-pixel 0.365171681152 0.162350836229 0.192632870564
79.74/35.98	optdigits 0.161380961661 0.0353163373708 0.780874186716
81.53/36.68	mfeat-factors 0.181829769169 0.0462138464128 0.743705092563
83.22/37.53	satimage 0.255979114236 0.0901363909669 0.485783900097
84.94/38.26	lymph 0.217834772489 0.0694813179952 0.450230853516
86.63/39.01	audiology 0.311609850334 0.125613457549 0.416617064022
88.37/39.86	ecoli 0.405423565154 0.211558164091 0.127344548661
90.20/40.70	tic-tac-toe 0.314751611957 0.147083547067 0.564647021603
91.89/41.40	spambase 0.215620180455 0.0560367768252 0.86846396511
93.69/42.10	zoo 0.0979914310742 0.0140128353047 0.836143013673
95.33/42.79	sonar 0.510092704573 0.329240327743 -0.170977833101
97.01/43.58	mfeat-zernike 0.224745146698 0.0737303254768 0.597291182554
98.71/44.27	kr-vs-kp 0.163673716422 0.0342967711813 0.756310263624
98.84/44.31	MAE 0.293025412617 0.124396044221
98.84/44.31	MSE 0.13152913844 0.13152913844
98.84/44.31	Mean tau 0.425581875289 0.335853540724
98.84/44.31	(0.0, '1_class_probability_max')
98.84/44.31	(1.0, '0_class_probability_max')
98.84/44.31	(2.192982456140351, '0_landmark_decision_tree')
98.84/44.31	(3.526315789473684, '1_landmark_naive_bayes')
98.84/44.31	(3.719298245614035, '0_landmark_naive_bayes')
98.84/44.31	(5.052631578947368, '1_landmark_decision_tree')
98.84/44.31	(7.614035087719298, '0_number_of_numeric_features')
98.84/44.31	(8.192982456140351, '1_number_of_numeric_features')
98.84/44.31	(8.31578947368421, '0_number_of_categorical_features')
98.84/44.31	(8.333333333333334, '1_number_of_categorical_features')
98.84/44.31	(9.157894736842104, '1_landmark_lda')
98.84/44.31	(10.912280701754385, '1_number_of_features')
98.84/44.31	(11.298245614035087, '0_number_of_features')
98.84/44.31	(11.68421052631579, '0_landmark_lda')
98.84/44.31	(14.403508771929825, '0_number_of_classes')
98.84/44.31	(14.596491228070175, '1_number_of_classes')
98.84/44.31	Result for ParamILS: SAT, 43.323989, 1, 0.293025, -1, /home/feurerm/thesis/Software/pyMetaLearn/optimizers/metalearn_optimizer/learn_distances.py
