0.68/0.87	['/home/feurerm/thesis/Software/pyMetaLearn/optimizers/metalearn_optimizer/learn_distances.py', '--input_file', '/home/feurerm/thesis/experiments/2014_04_25_predict_distances/testfold_0-3_pfahringer_spearman_rank_perm.pkl', '--fold', '0', '--folds', '1', '--params', '-max_features', '0.827225417593', '-min_samples_leaf', '2', '-min_samples_split', '7', '-n_estimators', '39', '-n_jobs', '4', '-seed', '66']
0.68/0.88	Metafeatures (57, 8)
0.68/0.88	X (3192, 16)
0.68/0.88	Y (3192,)
0.68/0.88	Dataset Mae MSE Rho
1.89/1.43	vehicle 0.339757464905 0.138140553261 0.367812427352
3.19/2.00	anneal.ORIG 0.520777910837 0.328658818656 0.0507438937559
4.36/2.57	segment 0.143890558099 0.0263183937382 0.866201498509
5.60/3.14	pendigits 0.237959333976 0.0749764572817 0.732715969075
6.82/3.71	mushroom 0.171710121656 0.0378274993577 0.682618494347
8.08/4.31	labor 0.325629616846 0.146325130735 0.186168680277
9.32/4.88	abalone 0.195241313823 0.0477202860565 0.76859222517
10.63/5.45	diabetes 0.491203312101 0.300215617635 0.251133792665
11.82/5.92	car 0.378748500997 0.187367899262 0.181643747075
13.04/6.39	autos 0.200502692414 0.0539266926011 0.756633473138
14.26/6.95	mfeat-fourier 0.566010083646 0.422881932738 -0.398517331217
15.50/7.52	primary-tumor 0.228628408995 0.0695812569225 0.516812013476
16.74/8.09	waveform-5000 0.136592064186 0.0288407178876 0.781843815259
17.96/8.56	credit-a 0.348577022436 0.175596459363 0.492248090384
19.17/9.03	letter 0.218196345372 0.0653165921327 0.639954838451
20.47/9.60	postoperative-patient-data 0.449613777026 0.266051556167 0.0585009221008
21.65/10.17	vowel 0.353247591876 0.157304338799 0.5555971552
22.89/10.74	eucalyptus 0.462632187865 0.282334741697 -0.160635128641
24.12/11.21	cylinder-bands 0.345946140568 0.14968369967 0.329350495142
25.35/11.78	ionosphere 0.405924703968 0.196952153464 0.114092958572
26.59/12.35	mfeat-karhunen 0.107153163935 0.019226128681 0.851657070362
27.81/12.91	balance-scale 0.242742299985 0.079731577312 0.416940273536
29.14/13.50	mfeat-morphological 0.451581013791 0.270567904084 -0.160958338156
30.31/14.08	liver-disorders 0.301668180315 0.120190418156 0.401426216846
31.58/14.65	dermatology 0.214845732543 0.0595648783369 0.480289338352
32.84/15.23	vote 0.0806360464544 0.0112861254394 0.759219149253
34.17/15.80	breast-cancer 0.128686554669 0.0251233784521 0.413061759364
35.39/16.38	credit-g 0.699171953338 0.634891798826 -0.703627112781
36.67/16.96	soybean 0.132105583229 0.028025373583 0.660963456885
37.90/17.43	arrhythmia 0.244962460911 0.0832422620379 0.344541342317
39.16/18.00	nursery 0.241962281118 0.0747227521033 0.680356027747
40.41/18.58	hepatitis 0.218154177554 0.0659494339096 0.579514659264
41.67/19.14	cmc 0.289124265703 0.113870420999 0.233357269374
42.96/19.72	heart-c 0.178903127269 0.0455159802766 0.872665688796
44.17/20.29	glass 0.378606301563 0.178627998275 0.162251176213
45.45/20.87	braziltourism 0.458544354075 0.278963514994 0.0423404463823
46.70/21.45	iris 0.273796125801 0.0993496191426 0.391729931415
47.96/22.03	heart-statlog 0.186007247567 0.0521163917873 0.820952166497
49.24/22.60	page-blocks 0.418108440052 0.236893601683 -0.0300584848363
50.53/23.19	breast-w 0.217607472199 0.0655760150035 0.582746754407
51.82/23.76	heart-h 0.118371870473 0.0219946595586 0.731423131017
53.10/24.35	yeast 0.216526667239 0.0588892227691 0.773440367885
54.40/24.93	tae 0.393434004987 0.183925628827 0.180027699504
55.66/25.51	haberman 0.270504963115 0.0974481732761 0.128960596233
56.92/26.09	mfeat-pixel 0.346496835572 0.148184246484 0.23077159326
58.19/26.67	optdigits 0.12651853586 0.0218799987407 0.82709314727
59.51/27.25	mfeat-factors 0.156590626236 0.0354860049182 0.792832938747
60.77/27.84	satimage 0.26177200234 0.0962527553202 0.402395845389
62.04/28.42	lymph 0.23687426718 0.085182105225 0.365549960751
63.33/28.90	audiology 0.300979888195 0.116234737244 0.40465831199
64.57/29.49	ecoli 0.396942517171 0.209332030087 0.18713830882
65.83/29.97	tic-tac-toe 0.345886351677 0.184551494639 0.225923450544
67.11/30.45	spambase 0.220965942107 0.054815614412 0.861353355794
68.42/31.03	zoo 0.0923930201182 0.0121525879772 0.850687441819
69.70/31.61	sonar 0.4936540057 0.304863919861 -0.048158217641
70.96/32.18	mfeat-zernike 0.224414769859 0.0711019551085 0.530063603565
72.22/32.75	kr-vs-kp 0.142197469906 0.0268857408422 0.778934929629
72.22/32.77	MAE 0.28648560827 0.131895323653
72.22/32.77	MSE 0.130326969225 0.130326969225
72.22/32.77	Mean tau 0.417473285718 0.344727197987
72.22/32.77	(0.22807017543859648, '1_class_probability_max')
72.22/32.77	(0.7719298245614035, '0_class_probability_max')
72.22/32.77	(2.6842105263157894, '0_landmark_naive_bayes')
72.22/32.77	(3.1403508771929824, '1_landmark_naive_bayes')
72.22/32.77	(4.175438596491228, '0_landmark_decision_tree')
72.22/32.77	(5.982456140350878, '1_landmark_decision_tree')
72.22/32.77	(6.649122807017544, '1_number_of_numeric_features')
72.22/32.77	(7.280701754385965, '0_number_of_numeric_features')
72.22/32.77	(8.070175438596491, '0_number_of_categorical_features')
72.22/32.77	(9.491228070175438, '1_number_of_features')
72.22/32.77	(9.526315789473685, '0_number_of_features')
72.22/32.77	(9.789473684210526, '1_number_of_categorical_features')
72.22/32.77	(10.87719298245614, '1_landmark_lda')
72.22/32.77	(12.333333333333334, '0_landmark_lda')
72.22/32.77	(14.403508771929825, '0_number_of_classes')
72.22/32.77	(14.596491228070175, '1_number_of_classes')
72.22/32.77	Result for ParamILS: SAT, 31.897003, 1, 0.286486, -1, /home/feurerm/thesis/Software/pyMetaLearn/optimizers/metalearn_optimizer/learn_distances.py
