0.67/0.88	['/home/feurerm/thesis/Software/pyMetaLearn/optimizers/metalearn_optimizer/learn_distances.py', '--input_file', '/home/feurerm/thesis/experiments/2014_04_25_predict_distances/testfold_0-3_pfahringer_spearman_rank_perm.pkl', '--fold', '0', '--folds', '1', '--params', '-max_features', '0.111573710137', '-min_samples_leaf', '8', '-min_samples_split', '6', '-n_estimators', '41', '-n_jobs', '4', '-seed', '55']
0.67/0.89	Metafeatures (57, 8)
0.67/0.89	X (3192, 16)
0.67/0.89	Y (3192,)
0.67/0.89	Dataset Mae MSE Rho
0.96/1.13	vehicle 0.382265077466 0.188234213139 0.275374506242
1.23/1.39	anneal.ORIG 0.302830085971 0.122224847145 0.468653795835
1.53/1.65	segment 0.325469086992 0.13625774858 0.612482029729
1.82/1.92	pendigits 0.374898100268 0.169529598586 0.495480185528
2.12/2.18	mushroom 0.242500761685 0.0716222607756 0.566909488203
2.41/2.45	labor 0.34792598751 0.155078198465 0.476087614666
2.73/2.82	abalone 0.373175061342 0.177285750278 0.390113883843
3.03/3.08	diabetes 0.42550472654 0.263709230866 -0.191986451535
3.33/3.34	car 0.348222614688 0.167704061049 0.430838282654
3.64/3.61	autos 0.309203364129 0.127298125293 0.374599827154
3.95/3.87	mfeat-fourier 0.488222535003 0.312250743723 -0.313190019424
4.27/4.13	primary-tumor 0.258542214663 0.0813691269471 0.529093975022
4.58/4.40	waveform-5000 0.284125038406 0.107296245545 0.466391329235
4.91/4.76	credit-a 0.396977982149 0.204719677975 0.211702231912
5.23/5.03	letter 0.267974865029 0.0989358799965 0.653852847569
5.59/5.30	postoperative-patient-data 0.431428055138 0.241325521256 -0.441827406142
5.83/5.56	vowel 0.47339424636 0.27746081628 0.0310281133794
6.14/5.83	eucalyptus 0.361600114278 0.173690954992 0.259860449553
6.49/6.09	cylinder-bands 0.365055528476 0.178183346495 0.319977419225
6.79/6.35	ionosphere 0.404351714804 0.202441527951 -0.00161604757185
7.13/6.72	mfeat-karhunen 0.281944900436 0.107286860612 0.625410410304
7.43/6.99	balance-scale 0.245337855208 0.084424297179 0.469300214864
7.72/7.26	mfeat-morphological 0.473671776736 0.299165748988 -0.144151443409
8.01/7.52	liver-disorders 0.327150225901 0.141326575786 0.39722449316
8.31/7.79	dermatology 0.232003744283 0.0680831382474 0.52521546085
8.61/8.05	vote 0.137506987251 0.0293615082578 0.748876444793
8.92/8.31	breast-cancer 0.360501347996 0.158442318304 -0.361348237065
9.21/8.57	credit-g 0.555219878482 0.399949487437 -0.468653795835
9.51/8.84	soybean 0.194740835823 0.0558025534949 0.719464378986
9.82/9.20	arrhythmia 0.277302097518 0.104254512226 0.0853273117934
10.13/9.47	nursery 0.331050622312 0.135622894548 0.410799292763
10.43/9.74	hepatitis 0.401444116325 0.228635688201 -0.451200482059
10.77/10.00	cmc 0.320890093409 0.12747993144 0.513579918332
11.07/10.26	heart-c 0.343892390377 0.154632038021 0.546224079284
11.36/10.53	glass 0.375576036199 0.17662054638 0.188431146877
11.72/10.80	braziltourism 0.620030372083 0.460787409308 -0.438595310999
11.96/11.07	iris 0.295159764725 0.120315338229 0.168068947472
12.26/11.34	heart-statlog 0.347105365229 0.15907336272 0.537174212881
12.59/11.61	page-blocks 0.325849629327 0.148386556886 0.367812427352
12.89/11.88	breast-w 0.257747492486 0.0897031347033 0.428899025568
13.21/12.15	heart-h 0.250194075118 0.081480399561 0.402395845389
13.54/12.41	yeast 0.380572642412 0.182623505889 0.386558579185
13.83/12.68	tae 0.245984656716 0.0864001890911 0.179704489989
14.13/12.95	haberman 0.333877209426 0.161975595469 -0.00775702834486
14.43/13.21	mfeat-pixel 0.335219275844 0.146411452045 0.222368145886
14.76/13.49	optdigits 0.293366075756 0.108891771254 0.630904972048
15.04/13.75	mfeat-factors 0.302567366306 0.123472457626 0.576605773634
15.36/14.02	satimage 0.300946574941 0.118711489678 0.2766673443
15.66/14.28	lymph 0.221293439589 0.0682936932603 0.650943961939
15.96/14.54	audiology 0.32493027193 0.135263786723 0.424697301881
16.25/14.81	ecoli 0.396907388533 0.204208355493 0.102134206541
16.55/15.07	tic-tac-toe 0.312683809156 0.142873898515 0.380417598412
16.92/15.34	spambase 0.287222176157 0.110620300855 0.51487275639
17.18/15.61	zoo 0.192998770263 0.0530989477186 0.655145685626
17.51/15.97	sonar 0.460071366199 0.269376254323 -0.127344548661
17.83/16.26	mfeat-zernike 0.278282045785 0.104308451138 0.458311091375
18.14/16.67	kr-vs-kp 0.249409628784 0.0797249842733 0.561091716945
18.14/16.69	MAE 0.333935429227 0.0872219483048
18.14/16.69	MSE 0.155854514197 0.155854514197
18.14/16.69	Mean tau 0.294200042869 0.323753541391
18.14/16.69	(0.6842105263157895, '1_landmark_lda')
18.14/16.69	(0.7368421052631579, '0_number_of_classes')
18.14/16.69	(2.017543859649123, '0_landmark_lda')
18.14/16.69	(3.017543859649123, '0_landmark_naive_bayes')
18.14/16.69	(4.824561403508772, '1_number_of_classes')
18.14/16.69	(6.228070175438597, '0_landmark_decision_tree')
18.14/16.69	(6.280701754385965, '0_number_of_numeric_features')
18.14/16.69	(7.298245614035087, '1_number_of_numeric_features')
18.14/16.69	(8.157894736842104, '0_number_of_categorical_features')
18.14/16.69	(9.701754385964913, '1_number_of_categorical_features')
18.14/16.69	(10.035087719298245, '1_landmark_naive_bayes')
18.14/16.69	(10.385964912280702, '1_landmark_decision_tree')
18.14/16.69	(10.508771929824562, '1_number_of_features')
18.14/16.69	(12.333333333333334, '0_class_probability_max')
18.14/16.69	(13.368421052631579, '1_class_probability_max')
18.14/16.69	(14.421052631578947, '0_number_of_features')
18.14/16.69	Result for ParamILS: SAT, 15.809500, 1, 0.333935, -1, /home/feurerm/thesis/Software/pyMetaLearn/optimizers/metalearn_optimizer/learn_distances.py
