0.75/0.94	['/home/feurerm/thesis/Software/pyMetaLearn/optimizers/metalearn_optimizer/learn_distances.py', '--input_file', '/home/feurerm/thesis/experiments/2014_04_25_predict_distances/testfold_0-3_pfahringer_spearman_rank_perm.pkl', '--fold', '0', '--folds', '1', '--params', '-max_features', '0.603985965094', '-min_samples_leaf', '9', '-min_samples_split', '8', '-n_estimators', '86', '-n_jobs', '4', '-seed', '5']
0.75/0.94	Metafeatures (57, 8)
0.75/0.94	X (3192, 16)
0.75/0.94	Y (3192,)
0.75/0.94	Dataset Mae MSE Rho
2.29/1.63	vehicle 0.355704660332 0.15574597795 0.344218132803
3.97/2.34	anneal.ORIG 0.439028267417 0.234261634017 0.446998758372
5.61/3.03	segment 0.23847322918 0.0709403501754 0.779581348658
7.24/3.84	pendigits 0.311269512558 0.121468987857 0.648681495339
8.93/4.55	mushroom 0.197747645539 0.0486580683452 0.651267171454
10.58/5.26	labor 0.284695395109 0.115859161657 0.293151029533
12.21/5.87	abalone 0.295367811475 0.110186738242 0.574666516548
13.92/6.57	diabetes 0.501699497225 0.325125557005 0.168068947472
15.51/7.37	car 0.364879289843 0.179293077654 0.287979677303
17.13/8.06	autos 0.230312834926 0.0676806934133 0.705243160353
18.80/8.77	mfeat-fourier 0.551325408592 0.394763285769 -0.42243483528
20.38/9.37	primary-tumor 0.228439878841 0.0643986646366 0.510671032703
22.01/10.07	waveform-5000 0.194184215914 0.0503112205021 0.741765835477
23.60/10.75	credit-a 0.383909741091 0.207488364666 0.353914418234
25.21/11.45	letter 0.250374769824 0.0865854293623 0.643510143109
26.91/12.24	postoperative-patient-data 0.425957589175 0.236958124669 0.00161604757185
28.60/12.94	vowel 0.455902257241 0.261073128596 0.217196793656
30.29/13.75	eucalyptus 0.418016329766 0.233439402873 -0.0966396447963
31.99/14.56	cylinder-bands 0.327066566648 0.131464753323 0.436332844398
33.64/15.18	ionosphere 0.420256954276 0.209424586991 0.0248871326064
35.28/15.88	mfeat-karhunen 0.190017209547 0.0498922169042 0.759865568282
36.91/16.57	balance-scale 0.245030706682 0.0804562219578 0.446998758372
38.58/17.29	mfeat-morphological 0.465722275434 0.288250570651 -0.224630612486
40.27/18.11	liver-disorders 0.280252793714 0.103967813278 0.452493320117
41.93/18.82	dermatology 0.197544289186 0.0510597628266 0.523599413278
43.56/19.62	vote 0.0789878406592 0.00937309320901 0.787984796032
45.24/20.43	breast-cancer 0.150398022286 0.0315515122403 0.334521847372
46.94/21.04	credit-g 0.629517923899 0.524424807179 -0.696516503465
48.59/21.66	soybean 0.12041830867 0.0229693532013 0.789924053118
50.25/22.37	arrhythmia 0.261260091009 0.0938912962774 0.276990553814
52.02/23.17	nursery 0.290295646537 0.107308574724 0.567232697718
53.58/23.87	hepatitis 0.284140039177 0.109299994637 0.144474652923
55.21/24.67	cmc 0.252647884146 0.0803111181662 0.365226751237
57.00/27.52	heart-c 0.268702148997 0.0947684564121 0.761804825368
58.55/28.23	glass 0.358711388271 0.154386747849 0.369751684438
60.20/29.02	braziltourism 0.455202826923 0.269082160365 0.0643186933594
61.87/29.83	iris 0.304484201598 0.123869975494 0.241114297719
63.54/30.53	heart-statlog 0.273285747391 0.0994354930936 0.767622596626
65.19/31.23	page-blocks 0.38471410748 0.200228408188 0.254689097323
66.84/31.83	breast-w 0.216502610146 0.0620214451781 0.481258966896
68.41/32.53	heart-h 0.180006299333 0.0432203504682 0.669043694744
70.06/33.32	yeast 0.329515935104 0.134031678796 0.560445297916
71.85/34.03	tae 0.337868054686 0.137402315102 0.248871326064
73.42/34.84	haberman 0.261962843947 0.0876191858015 0.0397547702674
75.10/35.44	mfeat-pixel 0.346005883957 0.148028527223 0.2204288888
76.71/36.14	optdigits 0.215121885503 0.0591895253742 0.736917692761
78.35/36.83	mfeat-factors 0.228298818048 0.0702591303025 0.684880960948
80.01/37.54	satimage 0.266642607311 0.0969594563403 0.447321967887
81.70/38.34	lymph 0.20636398607 0.0616893629219 0.496773023585
83.36/39.05	audiology 0.326530766067 0.142000154492 0.345834180375
85.02/39.66	ecoli 0.39885368637 0.202881456412 0.147383538552
86.66/40.39	tic-tac-toe 0.291552977623 0.127793628077 0.632087050947
88.30/41.12	spambase 0.214556377458 0.0586693143865 0.846162508618
89.96/41.82	zoo 0.12953811108 0.0239191345128 0.769238644198
91.64/42.63	sonar 0.508217449034 0.325900623322 -0.178088442417
93.26/43.43	mfeat-zernike 0.253926663014 0.0901723432538 0.539436679482
94.89/44.03	kr-vs-kp 0.202440344492 0.0517335416271 0.660963456885
94.89/44.08	MAE 0.303155273786 0.110970304015
94.89/44.08	MSE 0.135493788736 0.135493788736
94.89/44.08	Mean tau 0.397313275494 0.321220816399
94.89/44.08	(0.0, '1_class_probability_max')
94.89/44.08	(1.0, '0_class_probability_max')
94.89/44.08	(2.175438596491228, '0_landmark_decision_tree')
94.89/44.08	(3.473684210526316, '1_landmark_decision_tree')
94.89/44.08	(3.9649122807017543, '0_landmark_naive_bayes')
94.89/44.08	(4.4035087719298245, '1_landmark_naive_bayes')
94.89/44.08	(7.280701754385965, '1_number_of_numeric_features')
94.89/44.08	(7.719298245614035, '0_number_of_numeric_features')
94.89/44.08	(7.771929824561403, '0_number_of_categorical_features')
94.89/44.08	(9.43859649122807, '1_number_of_categorical_features')
94.89/44.08	(10.298245614035087, '1_number_of_features')
94.89/44.08	(10.789473684210526, '1_landmark_lda')
94.89/44.08	(11.280701754385966, '0_number_of_features')
94.89/44.08	(11.403508771929825, '0_landmark_lda')
94.89/44.08	(14.368421052631579, '0_number_of_classes')
94.89/44.08	(14.631578947368421, '1_number_of_classes')
94.89/44.08	Result for ParamILS: SAT, 43.139893, 1, 0.303155, -1, /home/feurerm/thesis/Software/pyMetaLearn/optimizers/metalearn_optimizer/learn_distances.py
