0.68/0.88	['/home/feurerm/thesis/Software/pyMetaLearn/optimizers/metalearn_optimizer/learn_distances.py', '--input_file', '/home/feurerm/thesis/experiments/2014_04_25_predict_distances/testfold_0-3_pfahringer_spearman_rank_perm.pkl', '--fold', '0', '--folds', '1', '--params', '-max_features', '0.467024430612', '-min_samples_leaf', '8', '-min_samples_split', '5', '-n_estimators', '36', '-n_jobs', '4', '-seed', '13']
0.68/0.89	Metafeatures (57, 8)
0.68/0.89	X (3192, 16)
0.68/0.89	Y (3192,)
0.68/0.89	Dataset Mae MSE Rho
1.32/1.23	vehicle 0.341083224466 0.14479754539 0.45863430089
1.94/1.59	anneal.ORIG 0.374485027398 0.170967424774 0.566909488203
2.56/1.95	segment 0.245893176956 0.0753535391154 0.758895939739
3.16/2.31	pendigits 0.328078105655 0.134903611113 0.573373678491
3.75/2.67	mushroom 0.200089272942 0.0499599311664 0.634783486221
4.38/3.03	labor 0.285960974956 0.116635168653 0.286040420217
4.99/3.40	abalone 0.296396172582 0.112576857228 0.546224079284
5.63/3.75	diabetes 0.507581560349 0.331903388952 0.1664528999
6.27/4.11	car 0.369322815756 0.189723011657 0.239175040633
6.89/4.47	autos 0.235866712308 0.0732594277264 0.573696888005
7.52/4.84	mfeat-fourier 0.527419344351 0.35899350545 -0.401749426361
8.18/5.20	primary-tumor 0.225274377168 0.0634250008087 0.515195965904
8.75/5.57	waveform-5000 0.19535578676 0.052175765328 0.73756411179
9.36/5.93	credit-a 0.38637376795 0.210103885641 0.343894923289
10.04/6.30	letter 0.230213638714 0.0771352351368 0.595998344497
10.60/6.66	postoperative-patient-data 0.4135168446 0.221480198193 0.06658115996
11.20/7.03	vowel 0.471766906584 0.281824415497 0.140596138751
11.80/7.39	eucalyptus 0.370760492667 0.179294107983 0.115709006144
12.42/7.75	cylinder-bands 0.323593864227 0.131316276113 0.436009634884
13.06/8.11	ionosphere 0.414447169404 0.20611622716 0.0636722743307
13.67/8.47	mfeat-karhunen 0.205265423146 0.0566576391619 0.748876444793
14.26/8.84	balance-scale 0.243281527813 0.0790116683526 0.388821045786
14.98/9.20	mfeat-morphological 0.46865512749 0.292962101709 -0.135101577006
15.52/9.56	liver-disorders 0.267930377438 0.0981845714145 0.39948695976
16.13/9.92	dermatology 0.183079433999 0.0438441321946 0.572404049948
16.73/10.28	vote 0.077293822954 0.00957820633751 0.800589967092
17.39/10.64	breast-cancer 0.185082051297 0.0457067170024 0.313513228938
18.01/11.01	credit-g 0.534495342508 0.387210236247 -0.528770765508
18.63/11.38	soybean 0.137244340382 0.0302579568106 0.680356027747
19.27/11.75	arrhythmia 0.27563232814 0.103690033937 0.134455157978
19.89/12.12	nursery 0.285848353637 0.102878171483 0.561414926459
20.52/12.49	hepatitis 0.319164277073 0.146918073349 -0.184875842219
21.13/12.85	cmc 0.278990832902 0.0992372141745 0.267617477898
21.75/13.22	heart-c 0.283643827147 0.104178044759 0.705889579382
22.37/13.59	glass 0.367011085162 0.162057412426 0.333229009314
23.04/13.95	braziltourism 0.446265680497 0.256171191665 0.0408892927357
23.65/14.31	iris 0.317801763204 0.129024465562 0.281192277501
24.27/14.68	heart-statlog 0.277859723799 0.100818667006 0.716555493356
24.88/15.04	page-blocks 0.34417757774 0.161173001608 0.339369990088
25.51/15.40	breast-w 0.226624732557 0.0695913535775 0.471562681464
26.12/15.77	heart-h 0.208063477972 0.0558889942488 0.515842384933
26.76/16.13	yeast 0.313293232057 0.12365139555 0.59179662081
27.38/16.50	tae 0.3517500704 0.153035864134 0.12281961546
28.04/16.86	haberman 0.258875917217 0.0874064950218 0.112001106189
28.66/17.23	mfeat-pixel 0.336045228944 0.137130826733 0.257597982952
29.27/17.59	optdigits 0.216368362302 0.0604657217416 0.723666102672
29.90/17.96	mfeat-factors 0.227793674599 0.0711785531337 0.68875947512
30.52/18.32	satimage 0.266905984773 0.0971846171249 0.463159234091
31.14/18.68	lymph 0.186394511326 0.0511492487895 0.644479771652
31.74/19.04	audiology 0.335885934321 0.143067471084 0.305109781564
32.37/19.42	ecoli 0.409446831825 0.213315457569 0.0853273117934
32.99/19.78	tic-tac-toe 0.310987331033 0.140906352319 0.597937601583
33.60/20.14	spambase 0.202892449408 0.0554690491257 0.840021527845
34.29/20.50	zoo 0.128627643615 0.0222586387328 0.753724587509
34.87/20.86	sonar 0.513120688813 0.332684902554 -0.150292424182
35.47/21.22	mfeat-zernike 0.261101855037 0.0963633944467 0.55042580297
36.09/21.58	kr-vs-kp 0.203944629934 0.0521925087028 0.656761733198
36.18/21.60	MAE 0.30176008225 0.102510494837
36.18/21.60	MSE 0.132534120577 0.132534120577
36.18/21.60	Mean tau 0.387443368359 0.303758440505
36.18/21.60	(0.3684210526315789, '1_class_probability_max')
36.18/21.60	(1.1578947368421053, '0_class_probability_max')
36.18/21.60	(2.3859649122807016, '0_landmark_decision_tree')
36.18/21.60	(2.736842105263158, '1_landmark_decision_tree')
36.18/21.60	(3.719298245614035, '1_landmark_naive_bayes')
36.18/21.60	(4.631578947368421, '0_landmark_naive_bayes')
36.18/21.60	(7.719298245614035, '1_landmark_lda')
36.18/21.60	(7.7894736842105265, '0_landmark_lda')
36.18/21.60	(8.140350877192983, '0_number_of_numeric_features')
36.18/21.60	(9.263157894736842, '1_number_of_numeric_features')
36.18/21.60	(10.508771929824562, '0_number_of_features')
36.18/21.60	(10.508771929824562, '1_number_of_categorical_features')
36.18/21.60	(10.771929824561404, '1_number_of_features')
36.18/21.60	(11.456140350877194, '0_number_of_categorical_features')
36.18/21.60	(14.263157894736842, '0_number_of_classes')
36.18/21.60	(14.578947368421053, '1_number_of_classes')
36.18/21.60	Result for ParamILS: SAT, 20.717483, 1, 0.301760, -1, /home/feurerm/thesis/Software/pyMetaLearn/optimizers/metalearn_optimizer/learn_distances.py
