0.71/0.95	['/home/feurerm/thesis/Software/pyMetaLearn/optimizers/metalearn_optimizer/learn_distances.py', '--input_file', '/home/feurerm/thesis/experiments/2014_04_25_predict_distances/testfold_0-3_pfahringer_spearman_rank_perm.pkl', '--fold', '0', '--folds', '1', '--params', '-max_features', '0.118906571837', '-min_samples_leaf', '3', '-min_samples_split', '4', '-n_estimators', '98', '-n_jobs', '4', '-seed', '15']
0.71/0.95	Metafeatures (57, 8)
0.71/0.95	X (3192, 16)
0.71/0.95	Y (3192,)
0.71/0.95	Dataset Mae MSE Rho
1.29/1.52	vehicle 0.366077610054 0.169477004656 0.354237627748
2.01/2.05	anneal.ORIG 0.264441848262 0.0949843556114 0.550749012485
2.76/2.58	segment 0.270245150927 0.0930421134622 0.72722140733
3.49/3.11	pendigits 0.322816585982 0.127654796933 0.623471153218
4.21/3.64	mushroom 0.20045010245 0.0499844317084 0.656115314169
4.94/4.17	labor 0.306961998245 0.125877998811 0.495803395042
5.65/4.69	abalone 0.324198145471 0.132431360572 0.538143841424
6.40/5.22	diabetes 0.446329418286 0.284466527297 -0.100518158969
7.15/5.77	car 0.336775737276 0.16033528421 0.466391329235
7.92/6.31	autos 0.263053731642 0.0921148864375 0.529417184537
8.65/6.84	mfeat-fourier 0.542460087063 0.381776549452 -0.42243483528
9.38/7.38	primary-tumor 0.223903377815 0.0626587250496 0.654499266597
10.14/8.02	waveform-5000 0.266368569522 0.0928668597818 0.523599413278
10.89/8.56	credit-a 0.369497638987 0.183409059075 0.374599827154
11.63/9.09	letter 0.262550579704 0.0937002917431 0.659347409313
12.40/9.63	postoperative-patient-data 0.429657743151 0.232728212546 -0.476087614666
13.12/10.14	vowel 0.460300248045 0.262658113639 0.124758872546
13.89/10.69	eucalyptus 0.359554266016 0.17159716563 0.278606601386
14.63/11.23	cylinder-bands 0.362848830576 0.166842308165 0.249194535579
15.39/11.76	ionosphere 0.417499055894 0.217036286116 0.00775702834486
16.15/12.31	mfeat-karhunen 0.226463586067 0.0692531843228 0.789277634089
16.94/12.97	balance-scale 0.237909532761 0.0806577589161 0.528447555993
17.92/13.60	mfeat-morphological 0.486627733849 0.317975256777 -0.200713108423
18.51/14.14	liver-disorders 0.314549121168 0.127851701621 0.558182831315
19.30/14.68	dermatology 0.2192215421 0.0619969061176 0.503237213873
20.15/15.35	vote 0.0986414071217 0.0153931304653 0.819982537954
20.86/16.01	breast-cancer 0.321574099414 0.128423980278 -0.227216288601
21.73/16.56	credit-g 0.556947542207 0.40551327836 -0.606341048956
22.37/17.09	soybean 0.164197855292 0.0399039462584 0.752754958966
23.22/17.61	arrhythmia 0.27549582726 0.107781494952 0.201036317938
23.86/18.14	nursery 0.307572549659 0.115538078186 0.517458432505
24.72/18.66	hepatitis 0.403608444489 0.233261715255 -0.553657898114
25.37/19.19	cmc 0.324012352351 0.123533902526 0.365226751237
26.20/19.72	heart-c 0.295681133186 0.116515101899 0.772470739342
26.88/20.34	glass 0.36280919247 0.164874591244 0.265678220811
27.74/20.98	braziltourism 0.548775995456 0.373070563672 -0.219782469771
28.40/21.51	iris 0.302711392885 0.123825471133 0.220752098314
29.25/22.05	heart-statlog 0.319498162792 0.135992665198 0.66064024737
29.96/22.61	page-blocks 0.326339741004 0.148923636614 0.377508712783
30.83/23.13	breast-w 0.23478029701 0.0771788413879 0.447968386916
31.47/23.66	heart-h 0.216895145365 0.0614352553451 0.507115728045
32.32/24.21	yeast 0.350804188901 0.156875015121 0.489662414269
32.96/24.86	tae 0.256514585462 0.0899145711146 0.199097060851
33.75/25.54	haberman 0.305763624664 0.136356797612 0.220105679285
34.48/26.07	mfeat-pixel 0.340154259712 0.14709078964 0.195541756193
35.24/26.59	optdigits 0.222779763292 0.0632150711577 0.743058673534
35.97/27.13	mfeat-factors 0.253251272759 0.0868835838825 0.694254036865
36.71/27.67	satimage 0.294139261469 0.112953839758 0.351651951634
37.43/28.18	lymph 0.185090327466 0.0486083735535 0.721726845586
38.28/28.69	audiology 0.325737931944 0.137956499528 0.358116141921
38.94/29.23	ecoli 0.401610127018 0.20869413494 0.102780625569
39.79/29.77	tic-tac-toe 0.286301834287 0.122812613359 0.498065861643
40.42/30.49	spambase 0.247759167073 0.0823532754597 0.66064024737
41.22/31.03	zoo 0.144843948272 0.0294145385907 0.73530164519
41.99/31.56	sonar 0.480037989556 0.292536894027 -0.183259794647
42.74/32.21	mfeat-zernike 0.292755902487 0.114553460565 0.351005532605
43.49/32.86	kr-vs-kp 0.205480236626 0.0530621525253 0.679709608718
43.68/32.92	MAE 0.31461978597 0.0972001603952
43.68/32.92	MSE 0.142242533373 0.142242533373
43.68/32.92	Mean tau 0.352848393871 0.357967474219
43.68/32.92	(0.21052631578947367, '1_landmark_decision_tree')
43.68/32.92	(1.087719298245614, '0_landmark_lda')
43.68/32.92	(1.8245614035087718, '1_number_of_categorical_features')
43.68/32.92	(3.3859649122807016, '0_number_of_numeric_features')
43.68/32.92	(4.631578947368421, '0_number_of_categorical_features')
43.68/32.92	(5.280701754385965, '1_landmark_naive_bayes')
43.68/32.92	(5.754385964912281, '1_landmark_lda')
43.68/32.92	(7.578947368421052, '0_number_of_features')
43.68/32.92	(8.087719298245615, '0_landmark_naive_bayes')
43.68/32.92	(8.087719298245615, '1_class_probability_max')
43.68/32.92	(10.087719298245615, '0_class_probability_max')
43.68/32.92	(10.526315789473685, '1_number_of_classes')
43.68/32.92	(12.298245614035087, '0_landmark_decision_tree')
43.68/32.92	(12.578947368421053, '1_number_of_numeric_features')
43.68/32.92	(13.87719298245614, '0_number_of_classes')
43.68/32.92	(14.701754385964913, '1_number_of_features')
43.68/32.92	Result for ParamILS: SAT, 31.970088, 1, 0.314620, -1, /home/feurerm/thesis/Software/pyMetaLearn/optimizers/metalearn_optimizer/learn_distances.py
