0.77/2.29	['/home/feurerm/thesis/Software/pyMetaLearn/optimizers/metalearn_optimizer/learn_distances.py', '--input_file', '/home/feurerm/thesis/experiments/2014_04_25_predict_distances/testfold_0-3_pfahringer_spearman_rank_perm.pkl', '--fold', '0', '--folds', '1', '--params', '-max_features', '0.676324948259', '-min_samples_leaf', '2', '-min_samples_split', '10', '-n_estimators', '38', '-n_jobs', '4', '-seed', '98']
0.77/2.29	Metafeatures (57, 8)
0.77/2.29	X (3192, 16)
0.77/2.29	Y (3192,)
0.77/2.29	Dataset Mae MSE Rho
1.67/2.83	vehicle 0.326671831622 0.129033418945 0.475441195637
2.60/3.35	anneal.ORIG 0.447237953362 0.242429667219 0.400779797818
3.53/3.82	segment 0.163305434356 0.0343312928468 0.843900042018
4.52/4.33	pendigits 0.260011153427 0.0894647869769 0.702980693753
5.42/4.89	mushroom 0.170807595042 0.0375636946081 0.671306161345
6.36/5.69	labor 0.311602263018 0.136403322056 0.222368145886
7.29/6.18	abalone 0.239143623448 0.0756194102792 0.684234541919
8.25/6.68	diabetes 0.518086816841 0.333036269375 0.249840954607
9.17/7.17	car 0.329835028127 0.141492349629 0.348743066004
10.17/7.80	autos 0.201172301728 0.0551262045757 0.637045952821
11.05/8.60	mfeat-fourier 0.593672061916 0.458522267773 -0.464452072148
11.99/9.10	primary-tumor 0.228364182512 0.06609605409 0.498389071157
12.94/9.71	waveform-5000 0.144580041986 0.0315037186733 0.782490234287
13.86/10.19	credit-a 0.372028527062 0.193934737095 0.407890407134
14.81/10.66	letter 0.236299194765 0.074766909717 0.605694629928
15.75/11.13	postoperative-patient-data 0.437257946777 0.246249042673 0.0491278461841
16.68/11.71	vowel 0.385569544478 0.184904935751 0.48675352864
17.62/12.19	eucalyptus 0.440874610006 0.250695920556 -0.125082082061
18.56/12.69	cylinder-bands 0.317293227381 0.123603498904 0.470269843407
19.50/13.27	ionosphere 0.393860861872 0.192904440304 0.182290166104
20.42/14.10	mfeat-karhunen 0.143512840851 0.0317982767575 0.817396861839
21.37/14.82	balance-scale 0.238187507892 0.0790958234241 0.480612547867
22.29/15.42	mfeat-morphological 0.474206857932 0.306365583402 -0.165806480871
23.21/15.99	liver-disorders 0.244656772588 0.0776388467123 0.649327914367
24.19/16.48	dermatology 0.214562507888 0.0599689559047 0.467360957778
25.12/16.97	vote 0.0721967357647 0.00931862185124 0.763744082454
26.07/17.44	breast-cancer 0.149271169936 0.0319574406863 0.387851417243
27.04/17.95	credit-g 0.632790228779 0.54267125778 -0.595675134982
27.97/18.51	soybean 0.121991595716 0.0245812399201 0.754694216052
28.91/18.99	arrhythmia 0.263093617369 0.0974383768991 0.203298784538
29.87/19.74	nursery 0.262243452724 0.0887844952657 0.615390915359
30.82/20.21	hepatitis 0.269670948233 0.104544386295 0.183583004162
31.74/20.71	cmc 0.292252142664 0.113019782176 0.232064431317
32.68/21.21	heart-c 0.205358939615 0.0581681616389 0.834526966101
33.63/21.70	glass 0.31935462866 0.121858941922 0.500974747272
34.56/22.41	braziltourism 0.443689602807 0.25781599423 0.106982349256
35.52/23.08	iris 0.275820003209 0.100261091231 0.404011892961
36.44/23.56	heart-statlog 0.220501670951 0.0674774297331 0.80931662398
37.40/24.04	page-blocks 0.393757545706 0.213766680838 0.188754356392
38.38/25.97	breast-w 0.219758724199 0.0638834499608 0.493217718927
39.31/29.80	heart-h 0.141100770015 0.0287190670963 0.711060931612
40.25/30.28	yeast 0.234252852531 0.0699173474444 0.724635731215
41.18/30.75	tae 0.400057689282 0.192733137714 0.0895290354802
42.09/31.22	haberman 0.269067058503 0.0970124969487 0.0827416356785
43.03/31.78	mfeat-pixel 0.362728025645 0.159887210346 0.212025441426
43.99/32.28	optdigits 0.14545155815 0.0283936365156 0.813841557181
44.92/32.75	mfeat-factors 0.194519817402 0.0547622541673 0.749846073336
45.85/33.23	satimage 0.24373592675 0.0811601438626 0.557536412287
46.83/34.03	lymph 0.198182065353 0.0576609715548 0.509378194646
47.73/34.77	audiology 0.291281385452 0.112217961937 0.478673290781
48.67/35.25	ecoli 0.410666280211 0.218585043027 0.146090700495
49.59/35.93	tic-tac-toe 0.306421151333 0.140142555642 0.480289338352
50.53/36.69	spambase 0.212942793944 0.0536697988971 0.863939031908
51.46/37.15	zoo 0.103223438071 0.0139445675913 0.810609462038
52.42/37.66	sonar 0.499303472421 0.312899173935 -0.106659139742
53.35/38.31	mfeat-zernike 0.243450398467 0.0879680264651 0.508085356588
54.27/43.06	kr-vs-kp 0.150170725634 0.0296097345014 0.76568333954
54.27/43.08	MAE 0.287387843901 0.122205524391
54.27/43.08	MSE 0.127848770286 0.127848770286
54.27/43.08	Mean tau 0.432613099812 0.324891723995
54.27/43.08	(0.0, '1_class_probability_max')
54.27/43.08	(1.0175438596491229, '0_class_probability_max')
54.27/43.08	(2.0, '0_landmark_decision_tree')
54.27/43.08	(3.456140350877193, '0_landmark_naive_bayes')
54.27/43.08	(4.421052631578948, '1_landmark_decision_tree')
54.27/43.08	(4.508771929824562, '1_landmark_naive_bayes')
54.27/43.08	(7.315789473684211, '1_number_of_numeric_features')
54.27/43.08	(8.140350877192983, '0_landmark_lda')
54.27/43.08	(8.473684210526315, '0_number_of_numeric_features')
54.27/43.08	(9.0, '0_number_of_categorical_features')
54.27/43.08	(9.526315789473685, '1_number_of_categorical_features')
54.27/43.08	(10.140350877192983, '1_number_of_features')
54.27/43.08	(10.526315789473685, '0_number_of_features')
54.27/43.08	(12.508771929824562, '1_landmark_lda')
54.27/43.08	(14.333333333333334, '0_number_of_classes')
54.27/43.08	(14.631578947368421, '1_number_of_classes')
54.27/43.08	Result for ParamILS: SAT, 40.792283, 1, 0.287388, -1, /home/feurerm/thesis/Software/pyMetaLearn/optimizers/metalearn_optimizer/learn_distances.py
