0.68/0.88	['/home/feurerm/thesis/Software/pyMetaLearn/optimizers/metalearn_optimizer/learn_distances.py', '--input_file', '/home/feurerm/thesis/experiments/2014_04_25_predict_distances/testfold_0-3_pfahringer_spearman_rank_perm.pkl', '--fold', '0', '--folds', '1', '--params', '-max_features', '0.248915742822', '-min_samples_leaf', '6', '-min_samples_split', '5', '-n_estimators', '38', '-n_jobs', '4', '-seed', '45']
0.68/0.89	Metafeatures (57, 8)
0.68/0.89	X (3192, 16)
0.68/0.89	Y (3192,)
0.68/0.89	Dataset Mae MSE Rho
1.08/1.23	vehicle 0.368541197405 0.172351845558 0.319331000197
1.57/1.60	anneal.ORIG 0.272703442752 0.0990380574999 0.537497422396
1.92/1.86	segment 0.268553196929 0.0914541739605 0.738856949848
2.36/2.23	pendigits 0.330027527691 0.132880678616 0.595351925468
2.81/2.60	mushroom 0.200085878133 0.0495732198107 0.647065447767
3.22/2.97	labor 0.288764958426 0.115910797123 0.344218132803
3.65/3.24	abalone 0.323962114447 0.133881065181 0.530063603565
4.09/3.60	diabetes 0.515439242366 0.355046474127 0.0109891234885
4.48/3.96	car 0.346418924167 0.167931681147 0.430191863625
4.95/4.33	autos 0.26954139773 0.0942499600158 0.480289338352
5.41/4.70	mfeat-fourier 0.516505459025 0.347159719861 -0.356823303863
5.77/5.07	primary-tumor 0.231695150824 0.0661328265491 0.495480185528
6.19/5.34	waveform-5000 0.211366681912 0.0612399656418 0.713969817241
6.67/5.70	credit-a 0.393844582033 0.215596414281 0.275374506242
7.02/5.96	letter 0.252117484485 0.0890144980414 0.650943961939
7.44/6.32	postoperative-patient-data 0.40820149087 0.20412682156 -0.0843576832503
7.92/6.70	vowel 0.483451501249 0.292412002767 0.0859737308222
8.27/7.06	eucalyptus 0.378250357347 0.184841704993 0.120233939345
8.70/7.43	cylinder-bands 0.356188446469 0.163862673787 0.252103421208
9.12/7.70	ionosphere 0.425166521601 0.223166953273 0.0526831508422
9.52/8.06	mfeat-karhunen 0.204642253551 0.0570858526844 0.777642091572
9.96/8.43	balance-scale 0.22534654935 0.0707500606771 0.491601671355
10.46/8.81	mfeat-morphological 0.474595972941 0.299092371186 -0.177765232903
10.83/9.17	liver-disorders 0.304033834023 0.120934464573 0.524245832307
11.25/9.54	dermatology 0.191921280845 0.04818501956 0.556889993258
11.68/9.92	vote 0.0752270366198 0.00891611292564 0.822245004555
12.10/10.29	breast-cancer 0.23302309501 0.0724752977499 0.121203567888
12.53/10.67	credit-g 0.522578522406 0.363565729959 -0.511640661246
12.93/10.93	soybean 0.131597479767 0.0252658805356 0.774409996428
13.41/11.30	arrhythmia 0.280126084009 0.109106992894 0.0488046366697
13.76/11.67	nursery 0.305925989058 0.114528405653 0.487076738154
14.20/12.03	hepatitis 0.425466074357 0.253225451232 -0.603755372841
14.66/12.30	cmc 0.321554148155 0.121308654913 0.208793346282
15.04/12.67	heart-c 0.27991680533 0.101688151092 0.748230025764
15.46/13.03	glass 0.37635874801 0.170308744055 0.243699973834
15.89/13.40	braziltourism 0.49373085415 0.315590381671 -0.00193925708621
16.30/13.77	iris 0.321810932827 0.137614984406 0.0924379211095
16.73/14.14	heart-statlog 0.302769960799 0.125260011151 0.682941703862
17.17/14.53	page-blocks 0.304179926148 0.126304628581 0.403365473933
17.61/14.89	breast-w 0.225668865618 0.0713897384662 0.461543186519
18.03/15.16	heart-h 0.196549718178 0.0493327628173 0.595998344497
18.46/15.53	yeast 0.333440979423 0.138652393581 0.493217718927
18.90/15.90	tae 0.317159404193 0.126336369222 0.128960596233
19.32/16.27	haberman 0.254659016973 0.0885179159971 0.228509126659
19.75/16.65	mfeat-pixel 0.323895144496 0.131120746312 0.234003688403
20.21/17.03	optdigits 0.223034049996 0.0636060257395 0.728837454902
20.68/17.40	mfeat-factors 0.228244365692 0.0727225776262 0.711707350641
21.07/17.77	satimage 0.290630861116 0.110373485532 0.325148771455
21.52/18.14	lymph 0.168365320163 0.0413080171904 0.744674721106
21.97/18.51	audiology 0.336248609742 0.155127636745 0.316745324082
22.39/18.78	ecoli 0.408568648076 0.215047346738 0.102457416055
22.84/19.15	tic-tac-toe 0.324668542286 0.154298609001 0.476734033694
23.27/19.52	spambase 0.215793734132 0.0619789400134 0.756633473138
23.71/19.89	zoo 0.133045411082 0.023609792218 0.752108539937
24.12/20.16	sonar 0.477849705917 0.285546722421 -0.0969628543107
24.54/20.53	mfeat-zernike 0.261556806648 0.0939362808655 0.575312935577
25.08/20.91	kr-vs-kp 0.207866384031 0.055371896093 0.638015581365
25.08/20.93	MAE 0.307769766158 0.102131856675
25.08/20.93	MSE 0.137532561156 0.137532561156
25.08/20.93	Mean tau 0.363185427988 0.331420081722
25.08/20.93	(1.263157894736842, '0_landmark_decision_tree')
25.08/20.93	(1.7719298245614035, '0_landmark_naive_bayes')
25.08/20.93	(2.0526315789473686, '1_class_probability_max')
25.08/20.93	(2.807017543859649, '0_class_probability_max')
25.08/20.93	(4.368421052631579, '1_landmark_decision_tree')
25.08/20.93	(5.192982456140351, '1_landmark_naive_bayes')
25.08/20.93	(5.754385964912281, '1_landmark_lda')
25.08/20.93	(6.368421052631579, '0_landmark_lda')
25.08/20.93	(7.614035087719298, '1_number_of_categorical_features')
25.08/20.93	(8.052631578947368, '0_number_of_features')
25.08/20.93	(11.24561403508772, '0_number_of_categorical_features')
25.08/20.93	(11.421052631578947, '0_number_of_numeric_features')
25.08/20.93	(11.666666666666666, '1_number_of_features')
25.08/20.93	(12.87719298245614, '1_number_of_numeric_features')
25.08/20.93	(12.929824561403509, '1_number_of_classes')
25.08/20.93	(14.614035087719298, '0_number_of_classes')
25.08/20.93	Result for ParamILS: SAT, 20.044199, 1, 0.307770, -1, /home/feurerm/thesis/Software/pyMetaLearn/optimizers/metalearn_optimizer/learn_distances.py
