0.69/0.88	['/home/feurerm/thesis/Software/pyMetaLearn/optimizers/metalearn_optimizer/learn_distances.py', '--input_file', '/home/feurerm/thesis/experiments/2014_04_25_predict_distances/testfold_0-3_pfahringer_spearman_rank_perm.pkl', '--fold', '0', '--folds', '1', '--params', '-max_features', '0.964863449987', '-min_samples_leaf', '3', '-min_samples_split', '5', '-n_estimators', '2', '-n_jobs', '4', '-seed', '42']
0.69/0.88	Metafeatures (57, 8)
0.69/0.88	X (3192, 16)
0.69/0.88	Y (3192,)
0.69/0.88	Dataset Mae MSE Rho
0.85/1.12	vehicle 0.245262771613 0.0905502604463 0.581054345915
0.97/1.35	anneal.ORIG 0.406547028998 0.233395372373 0.122018511941
1.07/1.58	segment 0.20553453075 0.0767842757847 0.664187205762
1.20/1.82	pendigits 0.288375871798 0.125753883389 0.596364644811
1.31/2.06	mushroom 0.244705461234 0.0890718333788 0.482721483691
1.43/2.29	labor 0.423583511251 0.268004807648 0.0751419221027
1.54/2.53	abalone 0.215961273053 0.086859056482 0.573052963554
1.66/2.77	diabetes 0.511296949218 0.36919253045 0.105774935014
1.78/3.01	car 0.360283635351 0.187773582167 0.272181760238
1.90/3.24	autos 0.181151555311 0.0488911923702 0.610330949918
2.01/3.48	mfeat-fourier 0.626116213305 0.518907371533 -0.416317726892
2.13/3.72	primary-tumor 0.25538054948 0.102407102605 0.385438911616
2.26/3.95	waveform-5000 0.200829284976 0.0845323749981 0.540779530906
2.38/4.20	credit-a 0.291985600955 0.121860671076 0.552017423174
2.49/4.43	letter 0.279341236634 0.11443932563 0.482592516953
2.61/4.67	postoperative-patient-data 0.491722879028 0.336474421261 -0.0720194884063
2.72/4.90	vowel 0.311790222315 0.148126438882 0.461613636814
2.84/5.13	eucalyptus 0.551849750295 0.403269593757 -0.154544324559
2.95/5.47	cylinder-bands 0.354129805715 0.175182165302 0.214812679027
3.07/5.71	ionosphere 0.443116310673 0.276761022451 0.0494448066089
3.19/5.94	mfeat-karhunen 0.103782526467 0.0206415657178 0.795439915249
3.31/6.18	balance-scale 0.30430562105 0.136907628061 0.22855809082
3.43/6.42	mfeat-morphological 0.461806626898 0.306433855306 -0.130097768656
3.54/6.65	liver-disorders 0.213679765204 0.0754297429302 0.471228115031
3.65/6.95	dermatology 0.218626649101 0.0702955554076 0.465599950123
3.78/7.19	vote 0.143226275607 0.0306339360269 0.60401718147
3.89/8.33	breast-cancer 0.273464278402 0.1116380288 0.0975452190322
4.01/8.57	credit-g 0.695166085518 0.684917826066 -0.287426084576
4.14/8.81	soybean 0.137365137435 0.0285207141719 0.653292353739
4.26/9.05	arrhythmia 0.340639817013 0.154125314447 0.37614510337
4.36/9.29	nursery 0.248076034473 0.0997602944625 0.574830311397
4.50/9.52	hepatitis 0.273686778303 0.105413148961 0.605752558442
4.60/9.76	cmc 0.265897625754 0.0994120704527 0.37534596183
4.72/9.99	heart-c 0.213431624517 0.0853027358055 0.617267370917
4.83/10.23	glass 0.299078159346 0.131433818024 0.459748223179
4.95/10.46	braziltourism 0.292192755855 0.118961141927 0.290088209359
5.08/10.70	iris 0.380527154477 0.192012569512 0.198397178371
5.20/10.94	heart-statlog 0.252564397159 0.0965899806601 0.579226178779
5.31/11.17	page-blocks 0.753043910753 0.818107555876 -0.206650863661
5.42/11.41	breast-w 0.252483120439 0.0922652143241 0.395081482971
5.54/11.65	heart-h 0.199505893213 0.0633520925839 0.567869538829
5.66/11.88	yeast 0.384159312066 0.198576453974 0.247650244229
5.78/12.12	tae 0.466066692457 0.263039430457 0.0642553661367
5.89/12.35	haberman 0.343034008793 0.159249211744 -0.0162206054969
6.00/12.59	mfeat-pixel 0.370345217607 0.185252778472 0.164508324078
6.13/12.83	optdigits 0.14597076303 0.0356379039839 0.738872799847
6.25/13.06	mfeat-factors 0.179414800525 0.0556019533051 0.670122278136
6.38/13.30	satimage 0.343463988613 0.163482268144 0.165588271622
6.49/13.53	lymph 0.353536101965 0.203004580971 0.179109840185
6.60/13.77	audiology 0.343635402535 0.154569278689 0.239121263614
6.72/14.01	ecoli 0.443918683113 0.304657578661 -0.0124706797833
6.85/14.25	tic-tac-toe 0.466156320012 0.335611264383 0.0930761099025
6.96/14.48	spambase 0.20858853262 0.0654978150151 0.679403778354
7.07/14.72	zoo 0.12413608594 0.0250283517143 0.722540976522
7.20/14.96	sonar 0.526331114445 0.36493242509 -0.0626368430602
7.31/15.19	mfeat-zernike 0.18638557242 0.0635841519571 0.597510512126
7.44/15.43	kr-vs-kp 0.120399955639 0.0249507927985 0.786479260751
7.44/15.43	MAE 0.319597495276 0.140728871753
7.44/15.43	MSE 0.175141549313 0.175141549313
7.44/15.43	Mean tau 0.335347645813 0.294988629813
7.44/15.43	(0.17543859649122806, '1_class_probability_max')
7.44/15.43	(1.3508771929824561, '0_class_probability_max')
7.44/15.43	(4.228070175438597, '0_landmark_decision_tree')
7.44/15.43	(4.543859649122807, '0_landmark_naive_bayes')
7.44/15.43	(5.2631578947368425, '1_landmark_naive_bayes')
7.44/15.43	(6.807017543859649, '0_number_of_numeric_features')
7.44/15.43	(7.350877192982456, '1_number_of_numeric_features')
7.44/15.43	(7.7368421052631575, '1_number_of_features')
7.44/15.43	(8.087719298245615, '1_number_of_categorical_features')
7.44/15.43	(8.649122807017545, '0_number_of_features')
7.44/15.43	(8.701754385964913, '0_number_of_categorical_features')
7.44/15.43	(8.807017543859649, '1_landmark_decision_tree')
7.44/15.43	(10.0, '0_landmark_lda')
7.44/15.43	(10.403508771929825, '1_landmark_lda')
7.44/15.43	(13.807017543859649, '0_number_of_classes')
7.44/15.43	(14.087719298245615, '1_number_of_classes')
7.44/15.43	Result for ParamILS: SAT, 14.556092, 1, 0.319597, -1, /home/feurerm/thesis/Software/pyMetaLearn/optimizers/metalearn_optimizer/learn_distances.py
