0.78/1.00	['/home/feurerm/thesis/Software/pyMetaLearn/optimizers/metalearn_optimizer/learn_distances.py', '--input_file', '/home/feurerm/thesis/experiments/2014_04_25_predict_distances/testfold_0-3_pfahringer_spearman_rank_perm.pkl', '--fold', '0', '--folds', '1', '--params', '-max_features', '0.413214205489', '-min_samples_leaf', '7', '-min_samples_split', '3', '-n_estimators', '93', '-n_jobs', '4', '-seed', '62']
0.78/1.01	Metafeatures (57, 8)
0.78/1.01	X (3192, 16)
0.78/1.01	Y (3192,)
0.78/1.01	Dataset Mae MSE Rho
1.95/1.85	vehicle 0.353527368778 0.155545368737 0.353914418234
3.33/2.45	anneal.ORIG 0.337183700237 0.143827796968 0.567232697718
4.72/3.17	segment 0.245105054202 0.0745221042296 0.766652968083
6.12/3.88	pendigits 0.324068249647 0.131875124586 0.600523277698
7.46/4.58	mushroom 0.189161241829 0.0444021087892 0.67615430406
8.87/5.27	labor 0.302828619904 0.128067285421 0.290888562932
10.22/5.99	abalone 0.298412282307 0.111931055695 0.579191449749
11.71/6.70	diabetes 0.487661499705 0.313365590522 0.148999586124
12.99/7.41	car 0.349088722298 0.162959182952 0.396901283645
14.35/8.13	autos 0.249173402021 0.0797402241845 0.554950736172
15.78/8.83	mfeat-fourier 0.546818972562 0.385827532895 -0.422111625766
17.11/9.54	primary-tumor 0.225084641436 0.0629847902348 0.511640661246
18.44/10.25	waveform-5000 0.212208178075 0.0627729611404 0.689729103664
19.86/10.96	credit-a 0.389299119229 0.212502685876 0.286363629731
21.16/11.67	letter 0.239827893178 0.0817696704014 0.707505626954
22.53/12.37	postoperative-patient-data 0.411970185542 0.217630833073 0.0106659139742
23.87/13.06	vowel 0.452115216035 0.254511353436 0.243053554806
25.22/13.76	eucalyptus 0.398746356899 0.208559807741 0.0093730759167
26.59/14.45	cylinder-bands 0.327048260259 0.13672226853 0.503883632901
27.95/15.15	ionosphere 0.415960399304 0.214188632591 0.0866201498509
29.32/15.85	mfeat-karhunen 0.199314091602 0.053944903073 0.762774453911
30.78/16.54	balance-scale 0.234609199122 0.0763687178958 0.475441195637
32.07/17.25	mfeat-morphological 0.484940538279 0.311631533764 -0.232064431317
33.48/18.05	liver-disorders 0.290061107093 0.109184227961 0.571757630919
34.96/18.75	dermatology 0.19425190466 0.0493034277962 0.539759888996
36.21/19.45	vote 0.0749774153959 0.00865670536735 0.813195138153
37.61/20.18	breast-cancer 0.192837856301 0.0482860561895 0.298968800791
39.06/20.90	credit-g 0.573871532923 0.436896378586 -0.65837778077
40.41/21.60	soybean 0.122690111984 0.0241947814024 0.76568333954
41.70/22.31	arrhythmia 0.265972969475 0.100016879826 0.241114297719
43.15/23.01	nursery 0.296994255487 0.109937754104 0.540729517539
44.39/23.72	hepatitis 0.324115149496 0.149842870132 -0.310281133794
45.76/24.42	cmc 0.281223334078 0.0964074922715 0.323855933398
47.10/25.13	heart-c 0.269474200741 0.0958474794438 0.788954424575
48.51/25.85	glass 0.372624199064 0.167312942626 0.269233525469
49.90/26.84	braziltourism 0.439257651314 0.250134569618 0.0675507885031
51.36/27.54	iris 0.302957864641 0.121558884151 0.28183869653
52.63/28.26	heart-statlog 0.282302630738 0.108459577146 0.739503368876
54.04/28.99	page-blocks 0.33104242602 0.148341325822 0.375892665211
55.50/29.68	breast-w 0.207623601708 0.0601876368196 0.51713522299
56.75/30.29	heart-h 0.189720661424 0.0463997993783 0.637045952821
58.26/31.00	yeast 0.325829757826 0.132996471536 0.557536412287
59.48/31.71	tae 0.332095264729 0.138995552902 0.128637386719
60.86/32.41	haberman 0.252961758842 0.082381826228 0.117325053716
62.24/33.12	mfeat-pixel 0.336980201718 0.139796787534 0.221398517343
63.61/33.83	optdigits 0.214344328644 0.0591026048337 0.732069550046
64.97/34.54	mfeat-factors 0.223872721682 0.0694650143199 0.69683971298
66.43/35.25	satimage 0.268411844524 0.0980422526591 0.421465206737
67.68/35.86	lymph 0.195460276675 0.0548832442751 0.583393173436
69.04/36.56	audiology 0.34345324785 0.160657024072 0.265031801783
70.42/37.27	ecoli 0.403483756659 0.208108512245 0.158049452526
71.85/37.97	tic-tac-toe 0.289452787331 0.127843836388 0.597291182554
73.21/38.67	spambase 0.21020673186 0.058034392841 0.864262241423
74.56/39.37	zoo 0.126696312767 0.0216649927744 0.771824320313
75.94/40.08	sonar 0.516756491065 0.338237145031 -0.22786270763
77.41/40.78	mfeat-zernike 0.263523498606 0.094804243056 0.476087614666
78.70/41.48	kr-vs-kp 0.196537732738 0.0493076408713 0.669690113773
78.88/41.53	MAE 0.301512610149 0.104626072891
78.88/41.53	MSE 0.133174418648 0.133174418648
78.88/41.53	Mean tau 0.393068132212 0.328911471276
78.88/41.53	(0.5964912280701754, '1_class_probability_max')
78.88/41.53	(0.6842105263157895, '0_class_probability_max')
78.88/41.53	(1.8596491228070176, '0_landmark_decision_tree')
78.88/41.53	(2.8596491228070176, '1_landmark_decision_tree')
78.88/41.53	(4.43859649122807, '0_landmark_naive_bayes')
78.88/41.53	(4.684210526315789, '1_landmark_naive_bayes')
78.88/41.53	(6.12280701754386, '1_landmark_lda')
78.88/41.53	(6.947368421052632, '0_landmark_lda')
78.88/41.53	(9.192982456140351, '1_number_of_numeric_features')
78.88/41.53	(9.543859649122806, '1_number_of_features')
78.88/41.53	(10.12280701754386, '0_number_of_numeric_features')
78.88/41.53	(10.578947368421053, '0_number_of_features')
78.88/41.53	(11.473684210526315, '1_number_of_categorical_features')
78.88/41.53	(11.964912280701755, '0_number_of_categorical_features')
78.88/41.53	(14.228070175438596, '0_number_of_classes')
78.88/41.53	(14.701754385964913, '1_number_of_classes')
78.88/41.53	Result for ParamILS: SAT, 40.525292, 1, 0.301513, -1, /home/feurerm/thesis/Software/pyMetaLearn/optimizers/metalearn_optimizer/learn_distances.py
