0.75/0.93	['/home/feurerm/thesis/Software/pyMetaLearn/optimizers/metalearn_optimizer/learn_distances.py', '--input_file', '/home/feurerm/thesis/experiments/2014_04_25_predict_distances/testfold_0-3_pfahringer_spearman_rank_perm.pkl', '--fold', '0', '--folds', '1', '--params', '-max_features', '0.887082408675', '-min_samples_leaf', '3', '-min_samples_split', '7', '-n_estimators', '87', '-n_jobs', '4', '-seed', '70']
0.75/0.94	Metafeatures (57, 8)
0.75/0.94	X (3192, 16)
0.75/0.94	Y (3192,)
0.75/0.94	Dataset Mae MSE Rho
3.53/2.00	vehicle 0.356857920005 0.151950077791 0.326118399998
6.30/3.02	anneal.ORIG 0.533007663496 0.344746641117 -0.250164164122
9.10/4.04	segment 0.143391162237 0.0260077989442 0.862646193851
11.92/5.07	pendigits 0.241376911735 0.0768618421614 0.732715969075
14.74/6.18	mushroom 0.173629052953 0.0377843523775 0.669043694744
17.59/7.22	labor 0.335348750183 0.154543346401 0.180674118532
20.42/8.28	abalone 0.197294076162 0.0469945573498 0.789277634089
23.33/9.38	diabetes 0.527460211156 0.343651223534 0.237558993061
26.23/10.52	car 0.375239826332 0.181935676903 0.18422942319
29.08/11.54	autos 0.197192973549 0.0499970661602 0.78119739623
31.89/12.57	mfeat-fourier 0.603113560677 0.473950761436 -0.483521433496
34.75/13.62	primary-tumor 0.212213183577 0.0573095543079 0.557213202772
37.55/14.65	waveform-5000 0.130668958803 0.0266648173157 0.784106281859
40.33/15.67	credit-a 0.347905217356 0.172928499507 0.487076738154
43.11/16.68	letter 0.229956934259 0.0711849549881 0.633490648163
46.01/17.69	postoperative-patient-data 0.439912927907 0.253696730932 0.0914682925664
48.79/18.69	vowel 0.369564801428 0.167989689936 0.559798878887
51.61/19.79	eucalyptus 0.458845308792 0.274877937958 -0.139949719722
54.34/20.80	cylinder-bands 0.350186698625 0.153368246408 0.28701004876
57.28/21.91	ionosphere 0.411927269692 0.20159332311 0.103427044598
60.07/22.93	mfeat-karhunen 0.130394823489 0.0276427454708 0.83517338513
62.89/23.94	balance-scale 0.240165539699 0.0791786470878 0.440211358571
65.70/25.05	mfeat-morphological 0.456576594873 0.277517648546 -0.149322795639
68.53/26.15	liver-disorders 0.300001095784 0.117183409241 0.495803395042
71.36/27.26	dermatology 0.21902621074 0.0602090209251 0.451846901088
74.20/28.37	vote 0.0812191811028 0.0117316319653 0.754047797023
77.08/29.49	breast-cancer 0.156550692728 0.0355344254663 0.377185503269
79.94/30.60	credit-g 0.745867206665 0.735013248497 -0.740149787905
82.78/31.61	soybean 0.119669501278 0.0230054663475 0.719141169471
85.53/32.62	arrhythmia 0.249484851725 0.0834277918052 0.540083098511
88.35/33.62	nursery 0.242118225338 0.0740341731817 0.673568627945
91.18/34.63	hepatitis 0.23198304892 0.0796281396457 0.588241316152
94.00/35.75	cmc 0.249689721823 0.0843080257756 0.362964284636
96.82/36.77	heart-c 0.176851652508 0.0442112685833 0.879129879084
99.66/37.89	glass 0.354009380068 0.150121227947 0.364903541723
102.51/38.91	braziltourism 0.507672356872 0.336249547334 -0.0549456174427
105.34/39.94	iris 0.276647048082 0.0985521432159 0.379771179384
108.12/40.97	heart-statlog 0.192573683615 0.0510994265115 0.841960784931
110.98/41.97	page-blocks 0.454527943243 0.285314267587 -0.129930224776
113.92/42.98	breast-w 0.21010793639 0.0573420483564 0.603108953813
116.74/43.98	heart-h 0.132937601449 0.0251867398943 0.755987054109
119.53/45.01	yeast 0.236910813856 0.0682385015477 0.772147529828
122.31/46.01	tae 0.382251695155 0.173519357312 0.202652365509
125.19/47.12	haberman 0.279934535573 0.103072376766 0.0872665688796
128.04/48.22	mfeat-pixel 0.377974163344 0.175781869705 0.161927966699
130.91/49.32	optdigits 0.138946034448 0.0253776789458 0.819982537954
133.76/50.33	mfeat-factors 0.169590334207 0.0423561011589 0.766329758569
136.58/51.33	satimage 0.250997805855 0.0903110178656 0.532002860651
139.41/52.33	lymph 0.227179487252 0.0778566346993 0.42760618751
142.20/53.33	audiology 0.29719418465 0.109126744665 0.434393587312
145.07/54.47	ecoli 0.390904345204 0.198480277144 0.196511384736
147.96/55.48	tic-tac-toe 0.334110296333 0.17369131852 0.222368145886
150.80/56.61	spambase 0.232817749408 0.0605304383346 0.85812126065
153.64/57.63	zoo 0.0931640490753 0.0123910779324 0.855535584535
156.50/58.65	sonar 0.487051917337 0.291752160158 -0.0471885890979
159.32/59.67	mfeat-zernike 0.248377325784 0.0859779189014 0.478026871752
162.18/60.79	kr-vs-kp 0.152143608735 0.0301131208607 0.756310263624
162.31/60.85	MAE 0.292328351781 0.137109658148
162.31/60.85	MSE 0.135493065553 0.135493065553
162.31/60.85	Mean tau 0.419406872462 0.362273396123
162.31/60.85	(0.2807017543859649, '1_class_probability_max')
162.31/60.85	(0.7192982456140351, '0_class_probability_max')
162.31/60.85	(2.6491228070175437, '1_landmark_naive_bayes')
162.31/60.85	(2.824561403508772, '0_landmark_naive_bayes')
162.31/60.85	(5.473684210526316, '0_number_of_numeric_features')
162.31/60.85	(5.754385964912281, '1_number_of_numeric_features')
162.31/60.85	(6.052631578947368, '1_number_of_categorical_features')
162.31/60.85	(6.947368421052632, '0_number_of_categorical_features')
162.31/60.85	(8.12280701754386, '0_landmark_decision_tree')
162.31/60.85	(8.859649122807017, '1_number_of_features')
162.31/60.85	(9.31578947368421, '1_landmark_decision_tree')
162.31/60.85	(9.456140350877194, '0_number_of_features')
162.31/60.85	(12.105263157894736, '0_landmark_lda')
162.31/60.85	(12.43859649122807, '1_landmark_lda')
162.31/60.85	(14.43859649122807, '1_number_of_classes')
162.31/60.85	(14.56140350877193, '0_number_of_classes')
162.31/60.85	Result for ParamILS: SAT, 59.916436, 1, 0.292328, -1, /home/feurerm/thesis/Software/pyMetaLearn/optimizers/metalearn_optimizer/learn_distances.py
