0.76/0.92	['/home/feurerm/thesis/Software/pyMetaLearn/optimizers/metalearn_optimizer/learn_distances.py', '--input_file', '/home/feurerm/thesis/experiments/2014_04_25_predict_distances/testfold_0-3_pfahringer_spearman_rank_perm.pkl', '--fold', '0', '--folds', '1', '--params', '-max_features', '0.424743815005', '-min_samples_leaf', '2', '-min_samples_split', '5', '-n_estimators', '82', '-n_jobs', '4', '-seed', '14']
0.76/0.93	Metafeatures (57, 8)
0.76/0.93	X (3192, 16)
0.76/0.93	Y (3192,)
0.76/0.93	Dataset Mae MSE Rho
2.05/1.57	vehicle 0.320719721076 0.124663723657 0.472855519522
3.61/2.27	anneal.ORIG 0.344094907041 0.144504890147 0.623147943704
5.14/3.00	segment 0.156899451066 0.0321756325998 0.846485718133
6.48/3.70	pendigits 0.254650321876 0.085261353128 0.730453502474
8.04/4.42	mushroom 0.149758224086 0.0284867520195 0.743705092563
9.43/5.14	labor 0.298974765181 0.125063862654 0.294120658076
10.89/5.86	abalone 0.221443066292 0.0631235031008 0.721726845586
12.46/6.59	diabetes 0.508957190174 0.326583417354 0.19457212765
13.86/7.32	car 0.342502651628 0.161095200306 0.349389485033
15.33/8.04	autos 0.220445099954 0.0634329998917 0.662579504457
16.89/8.75	mfeat-fourier 0.562235703877 0.405867303629 -0.424697301881
18.31/9.50	primary-tumor 0.210313261645 0.0528550607776 0.607957096528
19.84/10.31	waveform-5000 0.172804366729 0.0438962623045 0.761804825368
21.39/11.03	credit-a 0.362454114373 0.184831477309 0.478026871752
22.81/11.75	letter 0.229545390913 0.0705060593596 0.691991570264
24.31/12.48	postoperative-patient-data 0.424637832612 0.229153326082 0.0979324828538
25.86/13.19	vowel 0.416464693673 0.219727781533 0.366842798809
27.25/13.89	eucalyptus 0.42257760905 0.237171464986 -0.0387851417243
28.71/14.61	cylinder-bands 0.319815944801 0.130881256687 0.455078996232
30.26/15.34	ionosphere 0.385937223417 0.181133761485 0.211379022397
31.70/16.06	mfeat-karhunen 0.127667234896 0.0260068619093 0.84777855619
33.22/16.79	balance-scale 0.217521532968 0.067695575258 0.561091716945
34.79/17.51	mfeat-morphological 0.46384110234 0.282662427398 -0.262446125668
36.19/18.23	liver-disorders 0.249209171545 0.0808657532229 0.663549133
37.67/18.95	dermatology 0.220491338375 0.0628002108729 0.468330586321
39.15/19.66	vote 0.0739973974381 0.00940728249366 0.773117158371
40.62/20.38	breast-cancer 0.204601641325 0.0506649270012 0.306079410107
42.09/21.09	credit-g 0.552795148517 0.411875530708 -0.546870498312
43.58/21.81	soybean 0.124061497138 0.0252216653377 0.701364646181
45.05/22.53	arrhythmia 0.280709990446 0.110039609563 0.21525753657
46.53/23.25	nursery 0.26035964583 0.0860967581795 0.621855105646
48.00/23.97	hepatitis 0.331595708676 0.156025002083 -0.228832336173
49.50/24.69	cmc 0.311786683364 0.127832975813 0.245962440435
51.02/25.42	heart-c 0.201335863898 0.054199952302 0.895936773831
52.49/26.14	glass 0.353535649738 0.152437905621 0.36619637978
53.98/26.86	braziltourism 0.435914032315 0.246828956766 0.0226246660058
55.58/27.60	iris 0.287690603252 0.105813448357 0.38171043647
56.96/28.34	heart-statlog 0.261185159344 0.0972323533598 0.788954424575
58.45/29.19	page-blocks 0.359015681829 0.18190838764 0.340016409116
60.03/29.90	breast-w 0.212013650646 0.0646445310852 0.533942117738
61.37/30.60	heart-h 0.142516549534 0.027542262806 0.733039178589
62.81/31.32	yeast 0.228862402827 0.0676282585962 0.744674721106
64.32/32.04	tae 0.365613767241 0.161701202639 0.122496405946
65.81/32.75	haberman 0.249487345195 0.0814976982613 0.180027699504
67.28/33.47	mfeat-pixel 0.329366249973 0.130342947759 0.286686839245
68.83/34.19	optdigits 0.125827617663 0.0215292289789 0.836789432701
70.24/34.91	mfeat-factors 0.164054432716 0.0392470134801 0.793156148262
71.71/35.63	satimage 0.253476507199 0.0871664561691 0.503883632901
73.23/36.34	lymph 0.186107882189 0.0501340549033 0.655145685626
74.60/37.05	audiology 0.322916897459 0.135653963327 0.357792932407
76.09/37.76	ecoli 0.417816613981 0.226018834829 0.118617891773
77.64/38.48	tic-tac-toe 0.271515144183 0.112078362622 0.632844229135
79.08/39.22	spambase 0.20048686405 0.051282526211 0.857798051135
80.57/39.95	zoo 0.0900248427075 0.0108769698617 0.833234128043
82.13/40.67	sonar 0.503237074704 0.319310521355 -0.110537653914
83.52/41.38	mfeat-zernike 0.255127055186 0.0906226006823 0.529093975022
85.00/42.09	kr-vs-kp 0.154040074482 0.0305772205907 0.76342087294
85.12/42.15	MAE 0.282719957801 0.114851152939
85.12/42.15	MSE 0.121997988194 0.121997988194
85.12/42.15	Mean tau 0.445269303953 0.338561454028
85.12/42.15	(0.10526315789473684, '1_class_probability_max')
85.12/42.15	(1.2105263157894737, '0_class_probability_max')
85.12/42.15	(1.7894736842105263, '0_landmark_decision_tree')
85.12/42.15	(2.9298245614035086, '1_landmark_decision_tree')
85.12/42.15	(4.2105263157894735, '1_landmark_naive_bayes')
85.12/42.15	(4.807017543859649, '0_landmark_naive_bayes')
85.12/42.15	(6.666666666666667, '0_landmark_lda')
85.12/42.15	(6.894736842105263, '1_landmark_lda')
85.12/42.15	(8.982456140350877, '0_number_of_features')
85.12/42.15	(9.596491228070175, '0_number_of_numeric_features')
85.12/42.15	(10.210526315789474, '1_number_of_numeric_features')
85.12/42.15	(10.771929824561404, '1_number_of_categorical_features')
85.12/42.15	(10.964912280701755, '0_number_of_categorical_features')
85.12/42.15	(11.894736842105264, '1_number_of_features')
85.12/42.15	(14.368421052631579, '0_number_of_classes')
85.12/42.15	(14.596491228070175, '1_number_of_classes')
85.12/42.15	Result for ParamILS: SAT, 41.225630, 1, 0.282720, -1, /home/feurerm/thesis/Software/pyMetaLearn/optimizers/metalearn_optimizer/learn_distances.py
