0.73/0.97	['/home/feurerm/thesis/Software/pyMetaLearn/optimizers/metalearn_optimizer/learn_distances.py', '--input_file', '/home/feurerm/thesis/experiments/2014_04_25_predict_distances/testfold_0-3_pfahringer_spearman_rank_perm.pkl', '--fold', '0', '--folds', '1', '--params', '-max_features', '0.257573336213', '-min_samples_leaf', '9', '-min_samples_split', '5', '-n_estimators', '8', '-n_jobs', '4', '-seed', '66']
0.73/0.97	Metafeatures (57, 8)
0.73/0.97	X (3192, 16)
0.73/0.97	Y (3192,)
0.73/0.97	Dataset Mae MSE Rho
0.91/1.22	vehicle 0.39270262228 0.191811534702 0.187051949228
1.07/1.47	anneal.ORIG 0.336314681275 0.150209018589 0.414164666966
1.23/1.72	segment 0.280789793497 0.102769200746 0.598907230126
1.37/1.96	pendigits 0.362587842801 0.162391823352 0.43794889197
1.53/2.21	mushroom 0.233944349417 0.0711436878553 0.521863740094
1.68/2.46	labor 0.25598390442 0.0946749423868 0.384165410407
1.84/2.71	abalone 0.298589564173 0.122310732664 0.517421703266
1.98/2.95	diabetes 0.481572584289 0.305178490638 0.0161604757185
2.16/3.20	car 0.46307432685 0.324788368504 0.0808544252183
2.31/3.45	autos 0.233651144146 0.0773900790938 0.471638562498
2.45/3.70	mfeat-fourier 0.531261327223 0.367822758951 -0.314397129913
2.61/3.95	primary-tumor 0.22909167249 0.0671916712075 0.50036800593
2.78/4.20	waveform-5000 0.235612651034 0.0772643520824 0.561182004453
2.90/4.45	credit-a 0.41049579563 0.236149382746 0.240144669176
3.07/4.69	letter 0.23807529755 0.0793646699872 0.507076502076
3.22/4.94	postoperative-patient-data 0.409701782043 0.218318179357 0.0292716595997
3.37/5.19	vowel 0.49126955667 0.301176641384 0.0305506722641
3.52/5.57	eucalyptus 0.355812596588 0.172139361267 0.231635520394
3.68/5.82	cylinder-bands 0.37073035474 0.200262426421 0.251578449664
3.83/6.07	ionosphere 0.423769979659 0.222289127447 0.0101819187445
3.98/6.32	mfeat-karhunen 0.221737597805 0.0719819551938 0.616782986461
4.14/6.56	balance-scale 0.281900826359 0.106798787437 0.319059123499
4.29/6.81	mfeat-morphological 0.474091023915 0.304434481384 -0.145191161824
4.45/7.06	liver-disorders 0.259045470745 0.096649605558 0.292551678589
4.61/7.30	dermatology 0.182187805911 0.0448924926352 0.556656343127
4.75/7.55	vote 0.0982416985206 0.0154023450563 0.729380941172
4.90/7.79	breast-cancer 0.217381394175 0.0680404486404 0.157130388872
5.06/8.04	credit-g 0.604547894615 0.473179982909 -0.477287650005
5.25/8.30	soybean 0.131821832931 0.0260158662071 0.726148586015
5.38/8.55	arrhythmia 0.291966046669 0.108070303109 0.0977036274198
5.54/8.79	nursery 0.319256626474 0.128691591773 0.407698395819
5.69/9.26	hepatitis 0.318477054993 0.149939687952 -0.15556391412
5.85/9.51	cmc 0.330000608082 0.13199190237 0.220464358892
6.01/9.76	heart-c 0.304815843201 0.124925796287 0.625622340633
6.15/10.00	glass 0.379531328625 0.181874689681 0.140445831571
6.31/10.25	braziltourism 0.443847709639 0.251838077645 0.0344412113169
6.50/10.50	iris 0.321280288412 0.134372656569 0.248406493814
6.62/10.74	heart-statlog 0.302858723318 0.130026496365 0.621955170834
6.76/10.99	page-blocks 0.391248233485 0.215341792405 0.322311699349
6.93/11.23	breast-w 0.231668055788 0.0794072507279 0.400973657223
7.07/11.48	heart-h 0.185067412747 0.0466406340616 0.566975960192
7.23/11.73	yeast 0.360238606709 0.16291184442 0.389076551003
7.39/11.97	tae 0.338116528568 0.143614521083 0.160984238605
7.54/12.22	haberman 0.330659759686 0.154218722379 0.0652988277071
7.69/12.47	mfeat-pixel 0.334155632126 0.144760998575 0.199129098354
7.84/12.72	optdigits 0.232907763588 0.0731319767772 0.64986500431
8.02/12.97	mfeat-factors 0.263739925375 0.0957511877619 0.583069963922
8.16/13.22	satimage 0.309876628534 0.124416238397 0.243415927047
8.30/13.46	lymph 0.208307172838 0.0645101681032 0.505378728793
8.46/13.71	audiology 0.348563551936 0.165711471578 0.203251655518
8.60/13.96	ecoli 0.40405106215 0.209851883969 0.146760731579
8.77/14.20	tic-tac-toe 0.316410692694 0.147560275627 0.274676976438
8.90/14.45	spambase 0.236225235136 0.0751270500101 0.708265997556
9.08/14.70	zoo 0.158319740243 0.0345757764949 0.683264913376
9.20/14.94	sonar 0.48829850515 0.301407049292 -0.144497900916
9.35/15.18	mfeat-zernike 0.235222866465 0.082360853016 0.521983365706
9.50/15.43	kr-vs-kp 0.242750948419 0.0756060607256 0.544931241226
9.50/15.43	MAE 0.318137717944 0.102149630903
9.50/15.43	MSE 0.14895928722 0.14895928722
9.50/15.43	Mean tau 0.31086474942 0.270305386735
9.50/15.43	(0.5614035087719298, '0_class_probability_max')
9.50/15.43	(1.3508771929824561, '0_landmark_decision_tree')
9.50/15.43	(1.8596491228070176, '1_class_probability_max')
9.50/15.43	(3.526315789473684, '1_number_of_features')
9.50/15.43	(5.649122807017544, '1_landmark_naive_bayes')
9.50/15.43	(6.017543859649122, '1_landmark_decision_tree')
9.50/15.43	(6.87719298245614, '0_landmark_naive_bayes')
9.50/15.43	(7.701754385964913, '1_landmark_lda')
9.50/15.43	(8.263157894736842, '0_number_of_features')
9.50/15.43	(8.56140350877193, '0_landmark_lda')
9.50/15.43	(10.491228070175438, '1_number_of_numeric_features')
9.50/15.43	(10.614035087719298, '0_number_of_numeric_features')
9.50/15.43	(10.719298245614034, '0_number_of_categorical_features')
9.50/15.43	(11.175438596491228, '1_number_of_categorical_features')
9.50/15.43	(13.017543859649123, '1_number_of_classes')
9.50/15.43	(13.614035087719298, '0_number_of_classes')
9.50/15.43	Result for ParamILS: SAT, 14.466931, 1, 0.318138, -1, /home/feurerm/thesis/Software/pyMetaLearn/optimizers/metalearn_optimizer/learn_distances.py
