0.77/1.04	['/home/feurerm/thesis/Software/pyMetaLearn/optimizers/metalearn_optimizer/learn_distances.py', '--input_file', '/home/feurerm/thesis/experiments/2014_04_25_predict_distances/testfold_0-3_pfahringer_spearman_rank_perm.pkl', '--fold', '0', '--folds', '1', '--params', '-max_features', '0.846010673795', '-min_samples_leaf', '4', '-min_samples_split', '7', '-n_estimators', '43', '-n_jobs', '4', '-seed', '57']
0.77/1.04	Metafeatures (57, 8)
0.77/1.04	X (3192, 16)
0.77/1.04	Y (3192,)
0.77/1.04	Dataset Mae MSE Rho
2.00/1.59	vehicle 0.325937372521 0.128044677496 0.462189605548
3.33/2.16	anneal.ORIG 0.456976566233 0.261808528452 0.141242557779
4.62/2.74	segment 0.16944446871 0.0375556084072 0.841637575417
5.92/3.32	pendigits 0.253174583701 0.0863904004808 0.707828836468
7.23/3.89	mushroom 0.194012448634 0.0471679587982 0.620885477103
8.56/4.46	labor 0.312046470108 0.13359052915 0.21008618434
9.87/5.03	abalone 0.228540775131 0.0663589933806 0.741442625963
11.21/5.61	diabetes 0.489829188004 0.303551284322 0.244992811892
12.58/6.20	car 0.373584711476 0.188123328037 0.260830078096
13.82/6.77	autos 0.207844498999 0.0591401065533 0.691021941721
15.11/7.35	mfeat-fourier 0.562211076569 0.418164755121 -0.384296112585
16.43/7.93	primary-tumor 0.215593228404 0.0602875979171 0.521660156192
17.72/8.51	waveform-5000 0.138386420234 0.0299103490457 0.784752700888
19.04/9.08	credit-a 0.372819840049 0.195179326051 0.405627940533
20.33/9.66	letter 0.230763120974 0.0726170488453 0.613451658272
21.62/10.27	postoperative-patient-data 0.429139865084 0.240857179354 0.125082082061
22.92/10.85	vowel 0.386800995309 0.187531769644 0.46606811972
24.25/11.44	eucalyptus 0.442174832354 0.254658009496 -0.115709006144
25.63/12.01	cylinder-bands 0.346890864456 0.147475937923 0.327411238056
26.88/12.58	ionosphere 0.409612939419 0.200815833932 0.0904986640233
28.25/13.17	mfeat-karhunen 0.133950238762 0.0273479251596 0.822568214069
29.52/13.74	balance-scale 0.234943014611 0.0738274329953 0.457664672347
30.81/14.31	mfeat-morphological 0.478505183751 0.301545811513 -0.232064431317
32.11/14.89	liver-disorders 0.295825160254 0.11593422626 0.48675352864
33.42/15.47	dermatology 0.215898985167 0.0597664919229 0.450230853516
34.71/16.05	vote 0.0769577929739 0.0102334367844 0.765036920512
36.02/16.68	breast-cancer 0.139033283505 0.0281937373647 0.380417598412
37.37/17.26	credit-g 0.686360764321 0.621672101416 -0.674538256488
38.70/17.95	soybean 0.11960861383 0.0229614005271 0.736594483247
40.03/18.52	arrhythmia 0.258992668739 0.0922449127541 0.248224907035
41.35/19.10	nursery 0.240350649693 0.073993568385 0.673245418431
42.69/19.69	hepatitis 0.22319102024 0.0703445727216 0.542668774626
44.02/20.27	cmc 0.253447396249 0.0891722238099 0.310927552823
45.38/20.84	heart-c 0.197016315607 0.05504347043 0.850687441819
46.67/21.42	glass 0.326575426882 0.12712087581 0.52230657522
48.03/22.00	braziltourism 0.438178649469 0.250564285527 0.0879129879084
49.38/22.58	iris 0.287188161485 0.106202740815 0.334845056886
50.73/23.15	heart-statlog 0.188131246939 0.0505466013209 0.807377366894
52.11/23.74	page-blocks 0.442421854032 0.265298082421 -0.0368458846381
53.46/24.33	breast-w 0.217755217762 0.0611853317615 0.60213932527
54.78/24.90	heart-h 0.139946914372 0.0286053508398 0.717201912385
56.07/25.48	yeast 0.236773328461 0.0681562660453 0.751785330422
57.42/26.07	tae 0.376895277381 0.17172196015 0.183259794647
58.74/26.64	haberman 0.269106263238 0.0927903329455 0.090175454509
60.03/27.22	mfeat-pixel 0.378278076532 0.176541342407 0.157403033498
61.36/27.80	optdigits 0.144423064208 0.0278905927045 0.800589967092
62.68/28.38	mfeat-factors 0.187357650096 0.0505770252219 0.743058673534
64.02/28.96	satimage 0.252425252668 0.0893878123013 0.474148357579
65.33/29.52	lymph 0.224668153994 0.0781472747414 0.414031387907
66.60/30.09	audiology 0.306451313195 0.123243502428 0.390113883843
67.88/30.67	ecoli 0.380501525962 0.187577475469 0.237235783547
69.18/31.24	tic-tac-toe 0.341698433993 0.175460556037 0.296706334191
70.50/31.82	spambase 0.2085104005 0.0499597880887 0.841637575417
71.78/32.39	zoo 0.102073484726 0.0140763843398 0.836466223187
73.13/32.96	sonar 0.518622278012 0.335709294086 -0.197481013279
74.41/33.54	mfeat-zernike 0.241837126608 0.0822541572235 0.503237213873
75.78/34.10	kr-vs-kp 0.148060641078 0.0289167950343 0.763097663425
75.78/34.13	MAE 0.288732370099 0.125911289031
75.78/34.13	MSE 0.12988498881 0.12988498881
75.78/34.13	Mean tau 0.419219751164 0.335300642595
75.78/34.13	(0.3508771929824561, '0_class_probability_max')
75.78/34.13	(0.6491228070175439, '1_class_probability_max')
75.78/34.13	(2.5964912280701755, '1_landmark_naive_bayes')
75.78/34.13	(2.789473684210526, '0_landmark_naive_bayes')
75.78/34.13	(4.807017543859649, '1_landmark_decision_tree')
75.78/34.13	(5.578947368421052, '0_landmark_decision_tree')
75.78/34.13	(6.543859649122807, '0_number_of_numeric_features')
75.78/34.13	(7.578947368421052, '1_number_of_numeric_features')
75.78/34.13	(8.0, '1_number_of_categorical_features')
75.78/34.13	(8.859649122807017, '0_number_of_categorical_features')
75.78/34.13	(9.526315789473685, '0_number_of_features')
75.78/34.13	(10.087719298245615, '1_number_of_features')
75.78/34.13	(11.56140350877193, '1_landmark_lda')
75.78/34.13	(12.087719298245615, '0_landmark_lda')
75.78/34.13	(14.350877192982455, '1_number_of_classes')
75.78/34.13	(14.631578947368421, '0_number_of_classes')
75.78/34.13	Result for ParamILS: SAT, 33.092659, 1, 0.288732, -1, /home/feurerm/thesis/Software/pyMetaLearn/optimizers/metalearn_optimizer/learn_distances.py
