0.71/1.00	['/home/feurerm/thesis/Software/pyMetaLearn/optimizers/metalearn_optimizer/learn_distances.py', '--input_file', '/home/feurerm/thesis/experiments/2014_04_25_predict_distances/testfold_0-3_pfahringer_spearman_rank_perm.pkl', '--fold', '0', '--folds', '1', '--params', '-max_features', '0.437238684908', '-min_samples_leaf', '1', '-min_samples_split', '10', '-n_estimators', '77', '-n_jobs', '4', '-seed', '98']
0.79/1.00	Metafeatures (57, 8)
0.79/1.00	X (3192, 16)
0.79/1.00	Y (3192,)
0.79/1.00	Dataset Mae MSE Rho
1.89/1.68	vehicle 0.341441828669 0.142358254343 0.387851417243
3.15/2.19	anneal.ORIG 0.356636321841 0.15142827512 0.692961198807
4.37/2.78	segment 0.188056901379 0.0447462224181 0.837759061245
5.66/3.39	pendigits 0.271335428708 0.0953590990474 0.714293026756
6.92/4.09	mushroom 0.172307238185 0.0379567649615 0.680356027747
8.33/4.80	labor 0.304715484327 0.131707293089 0.256305144895
9.45/5.40	abalone 0.234441357615 0.0706052071906 0.686173799005
10.83/5.90	diabetes 0.48350274742 0.307132813475 0.149969214667
11.96/6.49	car 0.345545572118 0.169248346587 0.466391329235
13.21/7.19	autos 0.209245157093 0.0581560505712 0.664841971057
14.46/7.90	mfeat-fourier 0.563831519718 0.410184449075 -0.413384968878
15.88/8.60	primary-tumor 0.215879552217 0.0584411406148 0.538790260453
17.11/9.20	waveform-5000 0.178370971941 0.0460167773578 0.762128034882
18.33/9.82	credit-a 0.377260058727 0.200152509995 0.390113883843
19.58/10.43	letter 0.234715403286 0.0749448677332 0.672598999402
20.84/11.12	postoperative-patient-data 0.419727033057 0.223198759424 0.0591473411295
22.11/11.82	vowel 0.439991193416 0.241429661927 0.280222648958
23.40/12.42	eucalyptus 0.411958535276 0.223401217688 -0.0106659139742
24.63/12.93	cylinder-bands 0.317708199172 0.127024892044 0.475117986123
25.91/13.54	ionosphere 0.406982932005 0.201467172235 0.0950235972245
27.27/14.27	mfeat-karhunen 0.148481609151 0.0329463191423 0.819982537954
28.43/14.96	balance-scale 0.230138368314 0.0717427699634 0.471885890979
29.71/15.68	mfeat-morphological 0.480078208043 0.304911862161 -0.265355011297
31.00/16.28	liver-disorders 0.303756359029 0.122240047771 0.478673290781
32.26/16.88	dermatology 0.200880234514 0.0523843931333 0.518104851534
33.53/17.50	vote 0.0685905606819 0.00800189447694 0.791863310204
34.84/18.12	breast-cancer 0.172795091534 0.0380228813081 0.379124760355
36.09/18.83	credit-g 0.590103511017 0.463502281857 -0.628642505448
37.35/19.55	soybean 0.124491675504 0.0241328992813 0.734978435675
38.60/20.05	arrhythmia 0.284279734002 0.110039154952 0.154494147868
39.84/20.65	nursery 0.259501554384 0.0860399190968 0.636399533793
41.12/21.26	hepatitis 0.294222781325 0.123897197201 0.0446029129829
42.37/21.85	cmc 0.290197912129 0.109309768737 0.255335516352
43.63/22.36	heart-c 0.221637572265 0.0649549077074 0.850041022791
44.86/22.96	glass 0.357370193695 0.157208015959 0.317714952625
46.18/23.57	braziltourism 0.435107052819 0.245969170545 0.0452493320117
47.48/24.17	iris 0.289960495986 0.11075901068 0.347773437461
48.68/24.87	heart-statlog 0.260806441281 0.0935274637075 0.799620338549
49.96/25.47	page-blocks 0.348264636356 0.165151288497 0.362317865608
51.21/26.07	breast-w 0.231073167129 0.0714470636377 0.440211358571
52.46/26.67	heart-h 0.154599595291 0.0327075931966 0.726574988302
53.75/27.38	yeast 0.264304453512 0.0888883778339 0.675507885031
55.00/28.08	tae 0.347247304343 0.14768966651 0.174209928245
56.29/28.59	haberman 0.248531262755 0.0810197327904 0.207500508225
57.53/29.18	mfeat-pixel 0.344121527949 0.142581067113 0.232710850346
58.80/29.88	optdigits 0.155679422232 0.0328016157231 0.80705415738
60.09/30.48	mfeat-factors 0.191811110876 0.0532647560119 0.766329758569
61.47/31.20	satimage 0.245476127162 0.0836098331492 0.52521546085
62.70/31.81	lymph 0.202044995391 0.059908647453 0.562384555002
63.87/32.42	audiology 0.322438295562 0.148379188662 0.425020511395
65.17/33.01	ecoli 0.391879252208 0.193460428401 0.21234865094
66.39/33.62	tic-tac-toe 0.298108802799 0.129672040828 0.637369162336
67.66/34.33	spambase 0.221548217198 0.0638369511491 0.86329261288
68.91/34.92	zoo 0.104481994292 0.0152115647956 0.811579090581
70.17/35.51	sonar 0.510873484207 0.328425668524 -0.137687253121
71.39/36.11	mfeat-zernike 0.240841850086 0.0829403335959 0.540729517539
72.64/36.72	kr-vs-kp 0.161533048069 0.0338995293538 0.734332016646
72.64/36.77	MAE 0.288963356829 0.112695417244
72.64/36.77	MSE 0.126130615435 0.126130615435
72.64/36.77	Mean tau 0.433418288427 0.329414732305
72.64/36.77	(0.08771929824561403, '1_class_probability_max')
72.64/36.77	(0.9473684210526315, '0_class_probability_max')
72.64/36.77	(2.4210526315789473, '1_landmark_decision_tree')
72.64/36.77	(2.5964912280701755, '0_landmark_decision_tree')
72.64/36.77	(4.4035087719298245, '1_landmark_naive_bayes')
72.64/36.77	(4.666666666666667, '0_landmark_naive_bayes')
72.64/36.77	(7.035087719298246, '0_landmark_lda')
72.64/36.77	(8.280701754385966, '1_landmark_lda')
72.64/36.77	(8.68421052631579, '0_number_of_numeric_features')
72.64/36.77	(9.31578947368421, '1_number_of_categorical_features')
72.64/36.77	(10.280701754385966, '0_number_of_categorical_features')
72.64/36.77	(10.421052631578947, '1_number_of_numeric_features')
72.64/36.77	(10.824561403508772, '0_number_of_features')
72.64/36.77	(11.192982456140351, '1_number_of_features')
72.64/36.77	(13.894736842105264, '0_number_of_classes')
72.64/36.77	(14.947368421052632, '1_number_of_classes')
72.64/36.77	Result for ParamILS: SAT, 35.767883, 1, 0.288963, -1, /home/feurerm/thesis/Software/pyMetaLearn/optimizers/metalearn_optimizer/learn_distances.py
