0.80/1.01	['/home/feurerm/thesis/Software/pyMetaLearn/optimizers/metalearn_optimizer/learn_distances.py', '--input_file', '/home/feurerm/thesis/experiments/2014_04_25_predict_distances/testfold_0-3_pfahringer_spearman_rank_perm.pkl', '--fold', '0', '--folds', '1', '--params', '-max_features', '0.274040170855', '-min_samples_leaf', '8', '-min_samples_split', '8', '-n_estimators', '51', '-n_jobs', '4', '-seed', '4']
0.80/1.01	Metafeatures (57, 8)
0.80/1.01	X (3192, 16)
0.80/1.01	Y (3192,)
0.80/1.01	Dataset Mae MSE Rho
1.28/1.37	vehicle 0.356045140744 0.159074490457 0.354560837263
1.90/1.74	anneal.ORIG 0.283706750892 0.108012464465 0.547516917341
2.51/2.10	segment 0.277425552063 0.0974620154008 0.716555493356
3.09/2.48	pendigits 0.341218732814 0.143577841084 0.584686011494
3.69/2.85	mushroom 0.20478885198 0.0524326180471 0.626056829333
4.35/3.22	labor 0.302011359065 0.125456898596 0.385912160157
4.88/3.58	abalone 0.337966744043 0.146164632089 0.495156976013
5.50/3.96	diabetes 0.462095399373 0.291222582842 0.0927611306239
6.16/4.33	car 0.345254623518 0.16722239219 0.401103007332
6.79/4.70	autos 0.268809012565 0.0935646064997 0.512287080275
7.30/5.07	mfeat-fourier 0.53663320455 0.373114995487 -0.433747168283
7.97/5.44	primary-tumor 0.22746559086 0.0631572927416 0.5555971552
8.53/5.81	waveform-5000 0.235979891043 0.0776483058884 0.698778970066
9.13/6.19	credit-a 0.381162759666 0.200950915714 0.360055399007
9.77/6.56	letter 0.236542699832 0.0837182569545 0.63252101962
10.36/6.96	postoperative-patient-data 0.405800897491 0.206816204212 -0.00323209514369
10.94/7.33	vowel 0.461757719862 0.266798489988 0.157079823983
11.60/7.70	eucalyptus 0.398001409896 0.209715767682 0.0200389898909
12.11/8.08	cylinder-bands 0.37423389525 0.188402412298 0.205884460653
12.69/8.45	ionosphere 0.419677375783 0.216445473525 0.0510671032703
13.28/8.82	mfeat-karhunen 0.214238707174 0.0629038042013 0.738533740333
13.97/9.20	balance-scale 0.23904205029 0.0794780491878 0.474794776608
14.49/9.57	mfeat-morphological 0.479937934389 0.305922805735 -0.201682736966
15.09/9.94	liver-disorders 0.273861088386 0.100586648576 0.242083926262
15.69/10.31	dermatology 0.183513984148 0.044126163499 0.578221821206
16.32/10.68	vote 0.0734309885795 0.00890450708653 0.815134395239
16.93/11.05	breast-cancer 0.246264090524 0.0803990516397 0.133485529434
17.58/11.42	credit-g 0.545061211963 0.397111927238 -0.601169696726
18.17/11.79	soybean 0.122725083909 0.0239464276794 0.80931662398
18.79/12.16	arrhythmia 0.271564845583 0.10189571429 0.19457212765
19.41/14.66	nursery 0.305931876022 0.117327292961 0.500005118729
20.04/15.12	hepatitis 0.367523707807 0.194070279605 -0.553011479085
20.64/15.49	cmc 0.294990110941 0.102903772978 0.303170524478
21.28/15.92	heart-c 0.302343789908 0.117496503763 0.734008807132
21.88/16.38	glass 0.375591121681 0.170464527146 0.242730345291
22.57/16.80	braziltourism 0.460904408864 0.273732932479 0.069166836075
23.07/17.17	iris 0.312926727968 0.129680722867 0.244346392863
23.72/17.54	heart-statlog 0.31366746543 0.132701164472 0.725605359759
24.31/17.91	page-blocks 0.324479063552 0.147240302331 0.353267999205
24.94/18.28	breast-w 0.228471767522 0.0705507108055 0.429545444596
25.59/18.65	heart-h 0.208144688922 0.0540500881655 0.582100335379
26.17/19.01	yeast 0.331469282746 0.139997083786 0.532972489195
26.77/19.49	tae 0.313435499615 0.12132746622 0.156756614469
27.41/19.86	haberman 0.253375459383 0.0855715828161 0.111830491972
28.02/20.23	mfeat-pixel 0.33437913531 0.137852278815 0.226569869573
28.73/20.60	optdigits 0.234076837582 0.0703586615505 0.720757217043
29.27/20.97	mfeat-factors 0.248044932111 0.0831564886048 0.65546889514
29.87/21.33	satimage 0.285322270197 0.107248373077 0.355530465806
30.55/21.70	lymph 0.195754455854 0.0569355679656 0.566586278689
31.09/22.07	audiology 0.338870084764 0.155226743458 0.257597982952
31.72/22.43	ecoli 0.400652299492 0.206926986724 0.154817357383
32.34/22.80	tic-tac-toe 0.272996308766 0.112404825296 0.65320642854
32.94/23.18	spambase 0.214218777029 0.0601668125577 0.829355613871
33.55/23.55	zoo 0.142245659427 0.0260568450553 0.706535998411
34.18/23.92	sonar 0.499225102388 0.314633228541 -0.172593880673
34.78/24.29	mfeat-zernike 0.272176573267 0.100803405321 0.548809755399
35.39/24.66	kr-vs-kp 0.212639590885 0.0569892174275 0.637369162336
35.39/24.68	MAE 0.307896045503 0.098670901365
35.39/24.68	MSE 0.137229958247 0.137229958247
35.39/24.68	Mean tau 0.363446263737 0.329545986713
35.39/24.68	(0.45614035087719296, '1_landmark_decision_tree')
35.39/24.68	(0.8245614035087719, '0_class_probability_max')
35.39/24.68	(2.192982456140351, '1_class_probability_max')
35.39/24.68	(3.754385964912281, '0_landmark_naive_bayes')
35.39/24.68	(3.789473684210526, '0_landmark_decision_tree')
35.39/24.68	(4.4035087719298245, '1_landmark_naive_bayes')
35.39/24.68	(5.7368421052631575, '0_landmark_lda')
35.39/24.68	(7.175438596491228, '1_landmark_lda')
35.39/24.68	(9.350877192982455, '0_number_of_numeric_features')
35.39/24.68	(9.526315789473685, '0_number_of_categorical_features')
35.39/24.68	(10.228070175438596, '1_number_of_features')
35.39/24.68	(10.43859649122807, '1_number_of_numeric_features')
35.39/24.68	(11.473684210526315, '0_number_of_features')
35.39/24.68	(12.614035087719298, '1_number_of_categorical_features')
35.39/24.68	(13.228070175438596, '1_number_of_classes')
35.39/24.68	(14.807017543859649, '0_number_of_classes')
35.39/24.68	Result for ParamILS: SAT, 23.677244, 1, 0.307896, -1, /home/feurerm/thesis/Software/pyMetaLearn/optimizers/metalearn_optimizer/learn_distances.py
