0.78/1.01	['/home/feurerm/thesis/Software/pyMetaLearn/optimizers/metalearn_optimizer/learn_distances.py', '--input_file', '/home/feurerm/thesis/experiments/2014_04_25_predict_distances/testfold_0-3_pfahringer_spearman_rank_perm.pkl', '--fold', '0', '--folds', '1', '--params', '-max_features', '0.764240371033', '-min_samples_leaf', '8', '-min_samples_split', '3', '-n_estimators', '10', '-n_jobs', '4', '-seed', '22']
0.78/1.02	Metafeatures (57, 8)
0.78/1.02	X (3192, 16)
0.78/1.02	Y (3192,)
0.78/1.02	Dataset Mae MSE Rho
1.08/1.26	vehicle 0.384816654194 0.189935358943 0.217375884307
1.39/1.51	anneal.ORIG 0.541487442069 0.353788502563 -0.00760092818334
1.69/1.75	segment 0.215270584002 0.0610405251905 0.741119416448
2.03/2.00	pendigits 0.308284529695 0.125367070861 0.561505265976
2.31/2.25	mushroom 0.19737524015 0.0500990915111 0.634996170588
2.64/2.50	labor 0.248430170811 0.0855066550308 0.385389760362
2.92/2.75	abalone 0.25690261957 0.0915311616103 0.581870741944
3.27/3.00	diabetes 0.50911830305 0.332669184425 0.102660317856
3.57/3.25	car 0.347991115833 0.154542562844 0.265849350118
3.86/3.49	autos 0.221452373956 0.0644716160317 0.65546889514
4.17/3.74	mfeat-fourier 0.540466361439 0.377981752759 -0.294814509252
4.47/3.99	primary-tumor 0.234635580752 0.0697942129151 0.486185331047
4.79/4.24	waveform-5000 0.156313838692 0.0403237432112 0.740370948705
5.10/4.49	credit-a 0.405458563036 0.234554336173 0.237558993061
5.42/4.74	letter 0.252770128922 0.0861109057487 0.434533421079
5.72/4.99	postoperative-patient-data 0.445280571412 0.263282946704 -0.0229941619756
6.04/5.24	vowel 0.438384357287 0.242640427189 0.285116663553
6.37/5.49	eucalyptus 0.426904682806 0.246441507578 -0.04251231114
6.67/5.73	cylinder-bands 0.298791803948 0.111316103749 0.549132964913
6.97/5.98	ionosphere 0.431239341508 0.230286545616 0.023925203244
7.29/6.24	mfeat-karhunen 0.191766218894 0.0524899178942 0.728837454902
7.60/6.49	balance-scale 0.255786218429 0.092138065425 0.395801888972
7.93/6.74	mfeat-morphological 0.474357308778 0.29594183804 -0.181672976096
8.23/6.99	liver-disorders 0.325780690956 0.142932038877 0.31722166982
8.56/7.24	dermatology 0.204439695722 0.0538240578897 0.501621166301
8.87/7.48	vote 0.0893134483468 0.0125537981584 0.747260397221
9.18/7.73	breast-cancer 0.121856546744 0.0228997740298 0.43201646369
9.50/7.98	credit-g 0.676963910673 0.613213666938 -0.646846308128
9.84/8.23	soybean 0.137813046446 0.0297572127029 0.634026464041
10.14/8.48	arrhythmia 0.292548451076 0.110769313388 0.474871177731
10.44/8.72	nursery 0.295631652058 0.108236653075 0.500732099595
10.76/8.97	hepatitis 0.279312721244 0.114625308571 0.177851089094
11.08/9.22	cmc 0.261933901897 0.0918825276191 0.255194439643
11.37/9.46	heart-c 0.255186271575 0.0864552191363 0.678956200723
11.69/9.71	glass 0.391877011499 0.200601170004 0.115233461346
12.02/9.96	braziltourism 0.484158025011 0.297375907264 0.124607291301
12.34/10.21	iris 0.298278769687 0.119577228877 0.303865831904
12.68/10.47	heart-statlog 0.241397284179 0.081296152847 0.683804733458
13.00/10.72	page-blocks 0.5017600721 0.330556790172 -0.169201977287
13.33/10.97	breast-w 0.2283682861 0.0728364627104 0.446549864936
13.64/11.22	heart-h 0.185419891444 0.0485860271716 0.566030927303
13.96/11.47	yeast 0.280958160183 0.104163719001 0.556862782803
14.27/11.72	tae 0.370706311871 0.165810771571 0.186022039284
14.57/11.97	haberman 0.260446035581 0.0943997055584 0.101997217982
14.89/12.22	mfeat-pixel 0.377355868358 0.176933408675 0.135274063319
15.23/12.47	optdigits 0.212101824362 0.0625507079242 0.681542084848
15.54/12.72	mfeat-factors 0.205002762692 0.060687833906 0.647492831175
15.86/12.98	satimage 0.253445583941 0.089855313861 0.535644344112
16.17/13.23	lymph 0.244989784428 0.0938008371155 0.316473031313
16.49/13.48	audiology 0.320355283806 0.128844758566 0.336838507281
16.80/13.73	ecoli 0.381791099826 0.188560877414 0.231424004901
17.11/13.98	tic-tac-toe 0.292586141899 0.130666363332 0.39541248064
17.42/14.23	spambase 0.208036735701 0.053896802011 0.803110876459
17.74/14.48	zoo 0.130095473542 0.0238831839738 0.759909198856
18.05/14.73	sonar 0.530246749344 0.35210639604 -0.200713108423
18.37/14.98	mfeat-zernike 0.255244583997 0.0921518059658 0.472484735597
18.71/15.23	kr-vs-kp 0.191667652165 0.0492565435968 0.659885305297
18.71/15.24	MAE 0.308251819959 0.122761827381
18.71/15.24	MSE 0.144873725789 0.144873725789
18.71/15.24	Mean tau 0.355115073223 0.305679777795
18.71/15.24	(0.0, '1_class_probability_max')
18.71/15.24	(1.0, '0_class_probability_max')
18.71/15.24	(2.175438596491228, '0_landmark_decision_tree')
18.71/15.24	(3.7719298245614037, '0_landmark_naive_bayes')
18.71/15.24	(4.368421052631579, '1_landmark_naive_bayes')
18.71/15.24	(6.421052631578948, '1_number_of_numeric_features')
18.71/15.24	(6.87719298245614, '0_number_of_numeric_features')
18.71/15.24	(7.701754385964913, '0_number_of_categorical_features')
18.71/15.24	(8.140350877192983, '1_number_of_categorical_features')
18.71/15.24	(8.385964912280702, '1_number_of_features')
18.71/15.24	(9.298245614035087, '0_number_of_features')
18.71/15.24	(10.473684210526315, '1_landmark_decision_tree')
18.71/15.24	(11.210526315789474, '1_landmark_lda')
18.71/15.24	(11.31578947368421, '0_landmark_lda')
18.71/15.24	(14.385964912280702, '0_number_of_classes')
18.71/15.24	(14.473684210526315, '1_number_of_classes')
18.71/15.24	Result for ParamILS: SAT, 14.223251, 1, 0.308252, -1, /home/feurerm/thesis/Software/pyMetaLearn/optimizers/metalearn_optimizer/learn_distances.py
