0.70/0.99	['/home/feurerm/thesis/Software/pyMetaLearn/optimizers/metalearn_optimizer/learn_distances.py', '--input_file', '/home/feurerm/thesis/experiments/2014_04_25_predict_distances/testfold_0-3_pfahringer_spearman_rank_perm.pkl', '--fold', '0', '--folds', '1', '--params', '-max_features', '0.757604505677', '-min_samples_leaf', '3', '-min_samples_split', '8', '-n_estimators', '92', '-n_jobs', '4', '-seed', '75']
0.70/1.00	Metafeatures (57, 8)
0.70/1.00	X (3192, 16)
0.70/1.00	Y (3192,)
0.70/1.00	Dataset Mae MSE Rho
3.14/2.72	vehicle 0.358967835572 0.154099930597 0.328057657085
5.76/3.74	anneal.ORIG 0.484027686068 0.282795676332 0.209439765311
8.35/4.76	segment 0.164300295 0.0346581112513 0.861030146279
10.91/5.78	pendigits 0.241872681817 0.0775139318406 0.746613978193
13.47/6.73	mushroom 0.170108091266 0.0370747947802 0.681648865804
16.16/7.74	labor 0.317967075515 0.14032789748 0.208793346282
18.75/8.75	abalone 0.210100132411 0.0552489944228 0.760835196825
21.32/9.76	diabetes 0.531151086943 0.348532793225 0.230448383745
24.05/10.80	car 0.379010789049 0.193323665246 0.15093884321
26.49/11.82	autos 0.189323337852 0.0458845557815 0.79897391952
29.07/12.82	mfeat-fourier 0.570557661818 0.427331927697 -0.410152873734
31.62/13.84	primary-tumor 0.205244513867 0.054059058703 0.573696888005
34.20/14.87	waveform-5000 0.15434824329 0.0347208907568 0.781520605744
36.76/15.78	credit-a 0.354211840904 0.180160092104 0.469300214864
39.31/16.79	letter 0.226823861792 0.0727681917873 0.610865982158
41.91/17.80	postoperative-patient-data 0.436239374237 0.250144845702 0.106659139742
44.51/18.81	vowel 0.389426233273 0.187880971718 0.486430319125
47.08/19.83	eucalyptus 0.470739346285 0.290177984646 -0.20491483211
49.71/20.88	cylinder-bands 0.314832689731 0.119675574027 0.511640661246
52.17/21.90	ionosphere 0.417601046823 0.206842281815 0.0649651123882
54.79/22.92	mfeat-karhunen 0.13613545658 0.0290576782249 0.831941289986
57.35/23.93	balance-scale 0.239429555327 0.0758178250462 0.477380452723
59.94/24.96	mfeat-morphological 0.495403296766 0.32481266111 -0.269556734984
62.49/25.98	liver-disorders 0.312504268899 0.126698973922 0.47123947195
65.03/26.99	dermatology 0.212560629537 0.0578549604504 0.481258966896
67.59/28.02	vote 0.0744101578324 0.0103794674144 0.766006549055
70.15/29.02	breast-cancer 0.145938345752 0.0308039671824 0.372660570068
72.70/30.02	credit-g 0.72424455565 0.693533837105 -0.711060931612
75.76/31.04	soybean 0.115020589334 0.021666372115 0.742089044991
78.33/32.08	arrhythmia 0.253115626154 0.0879442067547 0.312220390881
80.96/33.08	nursery 0.23525438163 0.0697374779928 0.683911332405
83.54/34.09	hepatitis 0.228419945389 0.0678983455883 0.522952994249
86.15/35.13	cmc 0.282801663644 0.106170778994 0.298968800791
88.67/36.14	heart-c 0.202980466964 0.0576014841004 0.850687441819
91.22/37.18	glass 0.353527704726 0.151517255846 0.348096646975
93.83/38.21	braziltourism 0.443036766539 0.253734946483 0.039431560753
96.42/39.23	iris 0.277565878931 0.100352569798 0.351328742119
99.04/40.23	heart-statlog 0.201706989467 0.0560577912213 0.831941289986
101.68/42.53	page-blocks 0.447133293329 0.270685522014 -0.0381387226955
104.29/43.63	breast-w 0.211535940115 0.0602808655349 0.594382296925
106.99/44.80	heart-h 0.144333727511 0.0289560411628 0.731746340532
109.40/45.92	yeast 0.240616500832 0.0725119190682 0.751462120908
112.06/46.93	tae 0.382007266721 0.173060428182 0.203621994053
114.67/47.95	haberman 0.286662477313 0.107433583321 0.00678739980175
117.28/49.12	mfeat-pixel 0.361008453301 0.160761306083 0.206207670167
119.87/50.33	optdigits 0.144121019965 0.0278516371291 0.800913176607
122.48/51.36	mfeat-factors 0.171217950948 0.0422937172358 0.771177901285
125.05/52.47	satimage 0.267935198698 0.0999804423668 0.392376350444
127.68/53.49	lymph 0.198944885568 0.0583351696729 0.529417184537
130.25/54.53	audiology 0.291255068433 0.105240267177 0.461866396033
132.87/55.54	ecoli 0.39697682067 0.205151515172 0.163867223785
135.48/56.59	tic-tac-toe 0.299635135424 0.140805794602 0.374599827154
138.06/57.61	spambase 0.226171140773 0.0572738032682 0.838405480273
140.62/58.63	zoo 0.0884708533349 0.0109395085884 0.879776298113
143.19/59.66	sonar 0.507004175228 0.318533414245 -0.116032215658
145.74/60.68	mfeat-zernike 0.243230380056 0.0840432812246 0.533942117738
148.42/61.70	kr-vs-kp 0.149052333013 0.0288048791707 0.778934929629
148.42/61.76	MAE 0.290846012699 0.132557008851
148.42/61.76	MSE 0.132768523938 0.132768523938
148.42/61.76	Mean tau 0.42515092927 0.350353646464
148.42/61.76	(0.0, '1_class_probability_max')
148.42/61.76	(1.0, '0_class_probability_max')
148.42/61.76	(2.6842105263157894, '0_landmark_naive_bayes')
148.42/61.76	(2.807017543859649, '1_landmark_naive_bayes')
148.42/61.76	(3.824561403508772, '0_landmark_decision_tree')
148.42/61.76	(6.43859649122807, '1_landmark_decision_tree')
148.42/61.76	(6.807017543859649, '1_number_of_numeric_features')
148.42/61.76	(7.0701754385964914, '0_number_of_numeric_features')
148.42/61.76	(8.368421052631579, '0_number_of_categorical_features')
148.42/61.76	(8.789473684210526, '1_number_of_categorical_features')
148.42/61.76	(9.719298245614034, '1_number_of_features')
148.42/61.76	(10.157894736842104, '0_number_of_features')
148.42/61.76	(11.0, '0_landmark_lda')
148.42/61.76	(12.333333333333334, '1_landmark_lda')
148.42/61.76	(14.333333333333334, '0_number_of_classes')
148.42/61.76	(14.666666666666666, '1_number_of_classes')
148.42/61.76	Result for ParamILS: SAT, 60.763919, 1, 0.290846, -1, /home/feurerm/thesis/Software/pyMetaLearn/optimizers/metalearn_optimizer/learn_distances.py
