0.83/6.80	['/home/feurerm/thesis/Software/pyMetaLearn/optimizers/metalearn_optimizer/learn_distances.py', '--input_file', '/home/feurerm/thesis/experiments/2014_04_25_predict_distances/testfold_0-3_pfahringer_spearman_rank_perm.pkl', '--fold', '0', '--folds', '1', '--params', '-max_features', '0.94460044739', '-min_samples_leaf', '7', '-min_samples_split', '8', '-n_estimators', '71', '-n_jobs', '4', '-seed', '43']
0.83/6.81	Metafeatures (57, 8)
0.83/6.81	X (3192, 16)
0.83/6.81	Y (3192,)
0.83/6.81	Dataset Mae MSE Rho
2.82/7.57	vehicle 0.375540593076 0.169969944633 0.254689097323
5.04/8.53	anneal.ORIG 0.505089530063 0.31430329498 -0.23077159326
7.25/9.37	segment 0.188609017941 0.0459307904099 0.815134395239
9.45/10.27	pendigits 0.282830699311 0.103599891971 0.692314779779
11.63/11.12	mushroom 0.188609034896 0.044503822778 0.646419028738
13.76/11.92	labor 0.3146911628 0.139650844056 0.210732603369
15.92/12.73	abalone 0.268802005319 0.0902065353358 0.684880960948
18.10/13.54	diabetes 0.527361619285 0.34290151874 0.250487373636
20.28/14.57	car 0.37431752347 0.183816022278 0.22560024103
22.58/15.48	autos 0.209288535919 0.0571140959468 0.751785330422
24.75/16.44	mfeat-fourier 0.585761762695 0.448186541663 -0.484167852525
26.86/17.34	primary-tumor 0.224668959623 0.0648179862545 0.516812013476
29.00/18.17	waveform-5000 0.14731023051 0.0325713260181 0.774733205943
31.15/19.34	credit-a 0.351902453787 0.175556735712 0.495803395042
33.33/20.29	letter 0.230474191304 0.0735923776564 0.627026457876
35.47/21.09	postoperative-patient-data 0.445365963419 0.259157123632 -0.00258567611495
37.67/21.90	vowel 0.416727410435 0.213968757683 0.404981521504
39.85/22.71	eucalyptus 0.451594025969 0.272302889102 -0.153524519325
42.02/23.52	cylinder-bands 0.327240437039 0.129321317913 0.453139739145
44.19/24.66	ionosphere 0.430213620065 0.216439150899 -0.0287656467788
46.42/25.48	mfeat-karhunen 0.155097523806 0.0347816828599 0.784429491374
48.61/26.93	balance-scale 0.264725616612 0.0934650265807 0.324502352427
50.80/27.93	mfeat-morphological 0.460213764978 0.277896990825 -0.207177298711
52.94/29.12	liver-disorders 0.29589137807 0.115239435205 0.408860035677
55.11/29.91	dermatology 0.215402688278 0.0593431095432 0.461866396033
57.36/30.70	vote 0.0794162726146 0.0100055690291 0.796388243405
59.43/35.48	breast-cancer 0.13043682925 0.0243269595721 0.376215874726
61.65/36.27	credit-g 0.744276841584 0.729749797503 -0.743381883049
63.81/37.26	soybean 0.124366873947 0.0234529321287 0.756310263624
65.90/38.19	arrhythmia 0.261385632497 0.095138133277 0.43277753974
68.07/39.12	nursery 0.274466409173 0.0964904657432 0.593089458867
70.35/40.03	hepatitis 0.256839335625 0.0967251838954 0.468007376806
72.53/40.93	cmc 0.237391331337 0.0766505440762 0.374599827154
74.73/42.01	heart-c 0.225707971733 0.0718102541794 0.80188280515
76.89/43.02	glass 0.371524074287 0.165791703551 0.264708592268
79.15/43.92	braziltourism 0.445523368726 0.257212845428 0.0872665688796
81.27/44.82	iris 0.300969537025 0.120284782821 0.226893079087
83.55/45.80	heart-statlog 0.206234070581 0.0576842553046 0.812225509609
85.66/46.87	page-blocks 0.424617282965 0.241471790287 0.00533338600901
87.92/47.86	breast-w 0.214787831633 0.0611452459921 0.598907230126
90.10/48.92	heart-h 0.155599690171 0.0328211597756 0.719464378986
92.32/49.71	yeast 0.290230688361 0.104595361122 0.618623010502
94.49/50.73	tae 0.374117916984 0.169010436514 0.163867223785
96.70/51.54	haberman 0.272806837851 0.0968610335281 0.0265031801783
98.84/52.44	mfeat-pixel 0.374093066968 0.175032179943 0.154817357383
101.06/53.29	optdigits 0.186443830837 0.0447246832451 0.760835196825
103.26/54.11	mfeat-factors 0.215156598905 0.0622502852013 0.707505626954
105.49/55.04	satimage 0.261463222524 0.0956007496176 0.496126604556
107.64/55.98	lymph 0.233070297052 0.0834328954512 0.370074893953
109.79/56.89	audiology 0.311748674646 0.120303919538 0.348743066004
111.97/57.94	ecoli 0.382878836555 0.188155251759 0.266971058869
114.15/58.76	tic-tac-toe 0.317292219464 0.153537050895 0.383649693556
116.28/59.55	spambase 0.218666714148 0.0547761856968 0.853273117934
118.42/60.35	zoo 0.108853037044 0.0168172604657 0.838082270759
120.60/61.18	sonar 0.506226806573 0.318657726753 -0.150292424182
122.76/62.13	mfeat-zernike 0.248308898317 0.0862878603367 0.473178729036
124.91/62.96	kr-vs-kp 0.17933422164 0.0418126929075 0.723019683644
125.07/63.00	MAE 0.301262543328 0.128009259685
125.07/63.00	MSE 0.139144814179 0.139144814179
125.07/63.00	Mean tau 0.390927585498 0.350014962477
125.07/63.00	(0.0, '1_class_probability_max')
125.07/63.00	(1.0, '0_class_probability_max')
125.07/63.00	(2.6491228070175437, '0_landmark_naive_bayes')
125.07/63.00	(2.982456140350877, '1_landmark_naive_bayes')
125.07/63.00	(4.175438596491228, '0_landmark_decision_tree')
125.07/63.00	(6.12280701754386, '1_number_of_numeric_features')
125.07/63.00	(6.43859649122807, '0_number_of_numeric_features')
125.07/63.00	(6.771929824561403, '0_number_of_categorical_features')
125.07/63.00	(7.684210526315789, '1_number_of_categorical_features')
125.07/63.00	(8.929824561403509, '1_number_of_features')
125.07/63.00	(9.298245614035087, '0_number_of_features')
125.07/63.00	(10.701754385964913, '1_landmark_decision_tree')
125.07/63.00	(12.052631578947368, '1_landmark_lda')
125.07/63.00	(12.192982456140351, '0_landmark_lda')
125.07/63.00	(14.385964912280702, '0_number_of_classes')
125.07/63.00	(14.614035087719298, '1_number_of_classes')
125.07/63.00	Result for ParamILS: SAT, 56.199041, 1, 0.301263, -1, /home/feurerm/thesis/Software/pyMetaLearn/optimizers/metalearn_optimizer/learn_distances.py
