0.67/0.88	['/home/feurerm/thesis/Software/pyMetaLearn/optimizers/metalearn_optimizer/learn_distances.py', '--input_file', '/home/feurerm/thesis/experiments/2014_04_25_predict_distances/testfold_0-3_pfahringer_spearman_rank_perm.pkl', '--fold', '0', '--folds', '1', '--params', '-max_features', '0.491271267404', '-min_samples_leaf', '7', '-min_samples_split', '4', '-n_estimators', '3', '-n_jobs', '4', '-seed', '17']
0.67/0.88	Metafeatures (57, 8)
0.67/0.88	X (3192, 16)
0.67/0.88	Y (3192,)
0.67/0.88	Dataset Mae MSE Rho
0.82/1.12	vehicle 0.458500320324 0.263316592565 0.0121389230737
0.94/1.36	anneal.ORIG 0.257419961161 0.0960847575638 0.399547623706
1.04/1.62	segment 0.241638502951 0.0836225024018 0.649579716182
1.14/1.86	pendigits 0.311201097401 0.139157287032 0.587839374244
1.25/2.10	mushroom 0.193790266979 0.0529719536175 0.605340434152
1.35/2.34	labor 0.217591681802 0.0663161781554 0.421062021768
1.44/2.58	abalone 0.313123252159 0.136976400323 0.457241214416
1.54/2.82	diabetes 0.492388094449 0.324527165562 0.127115613738
1.66/3.06	car 0.417833543277 0.246488739052 0.235685898559
1.76/3.30	autos 0.219945069584 0.0759643746103 0.515545771519
1.88/3.54	mfeat-fourier 0.602972281591 0.484041134338 -0.388221044493
1.97/3.77	primary-tumor 0.238394612824 0.0841437061946 0.41068176225
2.09/4.01	waveform-5000 0.256676315878 0.0988413509709 0.449014531259
2.17/4.25	credit-a 0.36993622907 0.199344491798 0.321192733325
2.27/4.49	letter 0.254863355182 0.0977959157189 0.400131640439
2.37/4.73	postoperative-patient-data 0.442744210146 0.264757915888 0.0654539626179
2.47/4.97	vowel 0.505177293505 0.345528486339 0.0100340335189
2.57/5.20	eucalyptus 0.441454851106 0.282375923674 -0.0432634632666
2.68/5.44	cylinder-bands 0.410539438519 0.234985890538 0.0725860088722
2.78/5.68	ionosphere 0.446029366037 0.262535155204 -0.0165062720043
2.88/5.92	mfeat-karhunen 0.177651293619 0.0504953378212 0.681352595433
3.00/6.25	balance-scale 0.246767807082 0.0840184086971 0.334198012694
3.09/6.49	mfeat-morphological 0.505719422743 0.349714037963 -0.0459154775093
3.19/6.73	liver-disorders 0.343198140981 0.1637282662 0.22265470473
3.29/6.97	dermatology 0.211807228598 0.0622621639207 0.472389600501
3.40/7.21	vote 0.116495978717 0.0226625772407 0.67961262002
3.51/7.45	breast-cancer 0.137822018998 0.0289922752238 0.362143791578
3.62/7.73	credit-g 0.528243031938 0.382172505502 -0.278453377681
3.75/7.97	soybean 0.147641808089 0.0350785898356 0.619956157338
3.86/8.21	arrhythmia 0.295311744376 0.131971498417 0.199173775115
3.94/8.45	nursery 0.311364055472 0.133266642044 0.378667934185
4.05/8.69	hepatitis 0.381394810535 0.217750239963 -0.182024828542
4.16/8.93	cmc 0.237829986247 0.082291904339 0.388858469606
4.27/9.17	heart-c 0.235531652044 0.0776911044885 0.694620350945
4.38/9.41	glass 0.364456932786 0.174170948047 0.299134357919
4.47/9.65	braziltourism 0.454103484559 0.268626346216 0.153421544462
4.58/9.89	iris 0.319043565958 0.147718482767 0.104171943054
4.70/10.13	heart-statlog 0.308520661966 0.136152358499 0.465348815601
4.81/10.37	page-blocks 0.321666349537 0.150330822648 0.354104718166
4.92/10.61	breast-w 0.237386942621 0.0844215696739 0.435530745365
5.02/10.85	heart-h 0.166492682799 0.04330086112 0.601184318588
5.14/11.10	yeast 0.291552360974 0.126264687739 0.483888067334
5.23/11.34	tae 0.3398121633 0.157105604019 0.0812826561881
5.34/11.58	haberman 0.278560933812 0.108853112545 0.107840812363
5.45/11.83	mfeat-pixel 0.359946605281 0.172256586271 0.164375645353
5.55/12.07	optdigits 0.217016589668 0.0687325408648 0.662353086486
5.67/12.31	mfeat-factors 0.262376332285 0.0962652013262 0.476671171212
5.78/12.56	satimage 0.278165464938 0.103488068477 0.405509134469
5.90/12.80	lymph 0.16328670993 0.0501502493196 0.530490489036
6.01/13.04	audiology 0.343964011189 0.166149298005 0.179165110179
6.12/13.28	ecoli 0.420278563841 0.247072522813 -0.0124606171013
6.21/13.52	tic-tac-toe 0.455832299801 0.286048410426 0.27798538883
6.33/13.76	spambase 0.25397471122 0.0842653896583 0.603531506974
6.41/14.05	zoo 0.136399877679 0.0282930775535 0.690825440192
6.52/14.29	sonar 0.540818073972 0.387998480774 -0.159023852768
6.62/14.53	mfeat-zernike 0.293448119326 0.117841292369 0.311939738119
6.73/14.77	kr-vs-kp 0.203104406409 0.0559054637335 0.65480841688
6.73/14.78	MAE 0.315424676618 0.11497108998
6.73/14.78	MSE 0.156548821896 0.156548821896
6.73/14.78	Mean tau 0.310377428933 0.264530942533
6.73/14.78	(1.3157894736842106, '0_landmark_naive_bayes')
6.73/14.78	(1.7543859649122806, '1_landmark_naive_bayes')
6.73/14.78	(1.8070175438596492, '1_class_probability_max')
6.73/14.78	(1.9298245614035088, '0_class_probability_max')
6.73/14.78	(7.2631578947368425, '0_number_of_numeric_features')
6.73/14.78	(7.526315789473684, '1_number_of_features')
6.73/14.78	(7.771929824561403, '1_landmark_lda')
6.73/14.78	(8.12280701754386, '0_landmark_decision_tree')
6.73/14.78	(8.24561403508772, '1_landmark_decision_tree')
6.73/14.78	(8.280701754385966, '0_number_of_features')
6.73/14.78	(8.578947368421053, '1_number_of_numeric_features')
6.73/14.78	(9.842105263157896, '0_landmark_lda')
6.73/14.78	(10.210526315789474, '1_number_of_categorical_features')
6.73/14.78	(11.24561403508772, '0_number_of_categorical_features')
6.73/14.78	(13.0, '0_number_of_classes')
6.73/14.78	(13.105263157894736, '1_number_of_classes')
6.73/14.78	Result for ParamILS: SAT, 13.898157, 1, 0.315425, -1, /home/feurerm/thesis/Software/pyMetaLearn/optimizers/metalearn_optimizer/learn_distances.py
