0.68/0.87	['/home/feurerm/thesis/Software/pyMetaLearn/optimizers/metalearn_optimizer/learn_distances.py', '--input_file', '/home/feurerm/thesis/experiments/2014_04_25_predict_distances/testfold_0-3_pfahringer_spearman_rank_perm.pkl', '--fold', '0', '--folds', '1', '--params', '-max_features', '0.230473452815', '-min_samples_leaf', '3', '-min_samples_split', '1', '-n_estimators', '62', '-n_jobs', '4', '-seed', '16']
0.68/0.87	Metafeatures (57, 8)
0.68/0.87	X (3192, 16)
0.68/0.87	Y (3192,)
0.68/0.87	Dataset Mae MSE Rho
1.32/1.32	vehicle 0.33169633951 0.135696623296 0.489339204755
2.15/1.70	anneal.ORIG 0.273164774257 0.0987470701909 0.591150201781
2.80/2.18	segment 0.206845753137 0.0542643614725 0.807377366894
3.52/2.58	pendigits 0.281353148938 0.0996690047001 0.693607617836
4.27/5.11	mushroom 0.165957495426 0.0346030835222 0.716878702871
5.03/5.50	labor 0.311526144975 0.133614346026 0.312543600395
5.74/5.88	abalone 0.280549455953 0.10374687903 0.590826992267
6.49/6.37	diabetes 0.497009777668 0.332433912963 0.0300584848363
7.24/6.75	car 0.328614919967 0.153529626917 0.58662526858
7.99/7.24	autos 0.234448154537 0.0705316261545 0.627996086419
8.79/7.65	mfeat-fourier 0.574795148057 0.426775423993 -0.482875014467
9.51/8.13	primary-tumor 0.226398606349 0.0623760884225 0.534265327252
10.26/8.52	waveform-5000 0.229843785174 0.0696762345374 0.65837778077
10.99/8.92	credit-a 0.369219038423 0.192050280368 0.412092130821
11.70/9.41	letter 0.236617184978 0.0767216479999 0.65546889514
12.46/9.80	postoperative-patient-data 0.41121581897 0.202813896531 -0.0798327500492
13.22/10.31	vowel 0.439505678892 0.242663188112 0.272788830127
13.93/10.69	eucalyptus 0.39146036288 0.201314821365 0.0733685597618
14.65/11.18	cylinder-bands 0.336852005479 0.147945634585 0.375246246182
15.40/11.56	ionosphere 0.412738180381 0.210747538946 0.107305558771
16.12/11.95	mfeat-karhunen 0.157623245897 0.0359899530586 0.828385985328
16.83/12.34	balance-scale 0.227452994797 0.0753143240699 0.522629784735
17.57/12.72	mfeat-morphological 0.493971413515 0.327115224225 -0.268263896926
18.39/13.21	liver-disorders 0.301153325782 0.115776305184 0.587271687609
19.10/13.60	dermatology 0.193823510922 0.0503350554363 0.551718641028
19.80/13.99	vote 0.0635850717881 0.00655370078213 0.82192179504
20.55/14.39	breast-cancer 0.255626002666 0.0823813737087 0.1664528999
21.28/14.78	credit-g 0.542303083282 0.394364297145 -0.471562681464
22.00/15.17	soybean 0.117297625269 0.021358594768 0.772793948856
22.71/15.55	arrhythmia 0.287452656825 0.112794447903 0.133485529434
23.46/15.95	nursery 0.279723357025 0.0934505418083 0.60440179187
24.18/16.34	hepatitis 0.363008054093 0.192488242609 -0.366842798809
24.91/16.73	cmc 0.340831788076 0.139170947469 0.169684995044
25.63/17.11	heart-c 0.249431396011 0.0823339728208 0.796388243405
26.33/17.49	glass 0.346090378353 0.145089168076 0.435686425369
27.04/17.88	braziltourism 0.49020243524 0.313203588758 -0.0623794362732
27.77/18.27	iris 0.296785866831 0.110953651788 0.328057657085
28.52/18.67	heart-statlog 0.26840331181 0.100027330379 0.790570472147
29.23/19.07	page-blocks 0.314902483703 0.138173290836 0.433423958769
29.96/19.45	breast-w 0.227030939684 0.0743886547999 0.468653795835
30.73/19.85	heart-h 0.195842688796 0.0495842426822 0.549456174427
31.45/20.25	yeast 0.302095163248 0.115966500792 0.622824734189
32.18/20.63	tae 0.330521370836 0.136344278791 0.0885594069371
32.94/21.02	haberman 0.244029990061 0.0826375226065 0.295736705648
33.67/21.42	mfeat-pixel 0.342050267995 0.141465757872 0.22786270763
34.46/21.80	optdigits 0.157924907705 0.0333480218488 0.800913176607
35.10/22.19	mfeat-factors 0.208541053892 0.0621401742123 0.734332016646
35.84/22.58	satimage 0.259888642067 0.0923334888301 0.474471567094
36.56/22.96	lymph 0.193178848905 0.0548680516091 0.611835610701
37.28/23.35	audiology 0.339092810452 0.152633026651 0.313190019424
38.02/23.73	ecoli 0.416098274091 0.221024094427 0.115062587115
38.78/24.12	tic-tac-toe 0.304043690185 0.133873327723 0.563354183545
39.46/24.51	spambase 0.227840362422 0.0716527601033 0.714293026756
40.19/24.89	zoo 0.104376178988 0.0146341571254 0.800589967092
40.96/25.33	sonar 0.499634224523 0.312825962135 -0.151262052725
41.65/25.72	mfeat-zernike 0.257244667608 0.0924202592272 0.519074480077
42.37/26.11	kr-vs-kp 0.172281298778 0.0373649168336 0.728191035873
42.37/26.15	MAE 0.296687634317 0.108757715196
42.37/26.15	MSE 0.130987728039 0.130987728039
42.37/26.15	Mean tau 0.407431109403 0.337368945311
42.37/26.15	(0.2807017543859649, '1_landmark_decision_tree')
42.37/26.15	(1.3508771929824561, '0_landmark_decision_tree')
42.37/26.15	(2.456140350877193, '0_class_probability_max')
42.37/26.15	(2.5789473684210527, '1_class_probability_max')
42.37/26.15	(4.12280701754386, '0_landmark_naive_bayes')
42.37/26.15	(5.105263157894737, '1_landmark_naive_bayes')
42.37/26.15	(5.280701754385965, '0_landmark_lda')
42.37/26.15	(7.649122807017544, '1_landmark_lda')
42.37/26.15	(8.736842105263158, '1_number_of_features')
42.37/26.15	(9.333333333333334, '0_number_of_categorical_features')
42.37/26.15	(10.631578947368421, '0_number_of_numeric_features')
42.37/26.15	(10.666666666666666, '1_number_of_numeric_features')
42.37/26.15	(11.68421052631579, '0_number_of_features')
42.37/26.15	(12.052631578947368, '1_number_of_classes')
42.37/26.15	(13.210526315789474, '1_number_of_categorical_features')
42.37/26.15	(14.859649122807017, '0_number_of_classes')
42.37/26.15	Result for ParamILS: SAT, 25.283875, 1, 0.296688, -1, /home/feurerm/thesis/Software/pyMetaLearn/optimizers/metalearn_optimizer/learn_distances.py
