0.70/0.97	['/home/feurerm/thesis/Software/pyMetaLearn/optimizers/metalearn_optimizer/learn_distances.py', '--input_file', '/home/feurerm/thesis/experiments/2014_04_25_predict_distances/testfold_0-3_pfahringer_spearman_rank_perm.pkl', '--fold', '0', '--folds', '1', '--params', '-max_features', '0.459823877569', '-min_samples_leaf', '3', '-min_samples_split', '2', '-n_estimators', '18', '-n_jobs', '4', '-seed', '40']
0.70/0.98	Metafeatures (57, 8)
0.70/0.98	X (3192, 16)
0.70/0.98	Y (3192,)
0.70/0.98	Dataset Mae MSE Rho
1.09/1.22	vehicle 0.340459600108 0.13704173497 0.394962026559
1.47/1.95	anneal.ORIG 0.367473670361 0.170126852797 0.564970231117
1.85/2.20	segment 0.185178940954 0.0460959942395 0.810286252523
2.24/2.45	pendigits 0.261870663861 0.0898194708597 0.733685597618
2.63/2.70	mushroom 0.173765804597 0.0396776333585 0.655792104655
3.02/2.96	labor 0.296931084905 0.121413767944 0.300908057878
3.42/3.22	abalone 0.21293696503 0.0652072500178 0.682618494347
3.82/3.47	diabetes 0.476924383095 0.29434516939 0.191663242021
4.21/3.73	car 0.356959369294 0.177156306612 0.326441609513
4.60/3.98	autos 0.201191932257 0.0563944814862 0.605371420413
5.00/4.24	mfeat-fourier 0.57990298771 0.443972617469 -0.476734033694
5.40/4.59	primary-tumor 0.220088161327 0.0613521052179 0.508085356588
5.82/4.85	waveform-5000 0.15160911103 0.0351433659936 0.743058673534
6.20/5.10	credit-a 0.383249298173 0.210227614409 0.348743066004
6.62/5.35	letter 0.25316277567 0.0889816827803 0.569495164318
7.02/5.62	postoperative-patient-data 0.413576899972 0.22361500649 0.0743381883049
7.44/5.87	vowel 0.409541234802 0.216207943073 0.430838282654
7.86/6.23	eucalyptus 0.432246418959 0.250235707188 -0.081448797621
8.26/6.49	cylinder-bands 0.352202830717 0.159056235863 0.259860449553
8.67/6.75	ionosphere 0.407067261381 0.199820614947 0.0743381883049
9.07/7.01	mfeat-karhunen 0.116255330937 0.020623233554 0.851010651334
9.47/7.26	balance-scale 0.259036417142 0.0907009742315 0.383326484042
9.89/7.52	mfeat-morphological 0.520484340513 0.358421119405 -0.292504610504
10.29/7.78	liver-disorders 0.280090245312 0.106648931691 0.356176884835
10.69/8.03	dermatology 0.204341229577 0.0544186103055 0.507438937559
11.08/8.28	vote 0.0777099580647 0.00949351944837 0.786045538946
11.47/8.54	breast-cancer 0.13753446175 0.028090148866 0.364257122694
11.85/8.80	credit-g 0.540828409861 0.401204802159 -0.403042264418
12.25/9.06	soybean 0.16173721558 0.0388629342382 0.512933499304
12.64/9.31	arrhythmia 0.304384012563 0.125450396094 0.0892058259659
13.03/9.57	nursery 0.255589493693 0.0866416837317 0.626056829333
13.44/9.82	hepatitis 0.315266776648 0.13887992043 -0.129607015262
13.84/10.08	cmc 0.295855789055 0.11270144402 0.224953822001
14.22/10.33	heart-c 0.203826735508 0.0568134398496 0.830648451928
14.61/10.59	glass 0.327536018183 0.134156710229 0.411445711792
15.02/10.94	braziltourism 0.464163029492 0.287513486196 0.0300584848363
15.43/11.30	iris 0.287025909933 0.111396744681 0.365873170266
15.84/11.66	heart-statlog 0.251984573449 0.0889478792724 0.76051198731
16.25/11.92	page-blocks 0.384254226579 0.20246407579 0.278606601386
16.63/12.17	breast-w 0.21538959414 0.0642996064725 0.533295698709
17.05/12.43	heart-h 0.155172916698 0.0339517559765 0.649651123882
17.47/12.78	yeast 0.213246922554 0.0618270744666 0.730453502474
17.88/13.04	tae 0.36371541517 0.162351824799 0.141565767294
18.29/13.30	haberman 0.262672871608 0.0935419282881 0.0934075496527
18.69/13.56	mfeat-pixel 0.324916613572 0.130054075433 0.315639481079
19.09/13.81	optdigits 0.146670138829 0.0292366766794 0.787015167489
19.50/14.08	mfeat-factors 0.169933401224 0.0423157718891 0.748876444793
19.93/14.34	satimage 0.261335230633 0.091567529958 0.488692785726
20.36/14.60	lymph 0.204329163598 0.0598408671989 0.56884874529
20.73/14.85	audiology 0.346954990339 0.170941139887 0.253578262065
21.13/15.11	ecoli 0.414794044536 0.232606143329 0.131546272348
21.53/15.36	tic-tac-toe 0.32231721086 0.156115093118 0.404011892961
21.93/15.62	spambase 0.222740529867 0.0594758784981 0.8300020329
22.31/15.88	zoo 0.0890496088399 0.0109503944107 0.826446728242
22.70/16.13	sonar 0.488463120583 0.298184696049 -0.0381387226955
23.10/16.38	mfeat-zernike 0.272050885242 0.105653870171 0.375892665211
23.48/16.84	kr-vs-kp 0.150896055025 0.0306923461798 0.745967559164
23.48/16.85	MAE 0.289278811954 0.116041935475
23.48/16.85	MSE 0.129349618984 0.129349618984
23.48/16.85	Mean tau 0.401007414816 0.319435971362
23.48/16.85	(0.7192982456140351, '1_landmark_decision_tree')
23.48/16.85	(0.8070175438596491, '0_class_probability_max')
23.48/16.85	(1.9298245614035088, '1_class_probability_max')
23.48/16.85	(2.912280701754386, '0_landmark_naive_bayes')
23.48/16.85	(4.4035087719298245, '0_landmark_decision_tree')
23.48/16.85	(4.43859649122807, '1_landmark_naive_bayes')
23.48/16.85	(8.456140350877194, '0_number_of_numeric_features')
23.48/16.85	(8.929824561403509, '0_landmark_lda')
23.48/16.85	(9.052631578947368, '1_number_of_categorical_features')
23.48/16.85	(9.070175438596491, '1_number_of_numeric_features')
23.48/16.85	(9.736842105263158, '0_number_of_features')
23.48/16.85	(9.842105263157896, '1_number_of_features')
23.48/16.85	(10.385964912280702, '0_number_of_categorical_features')
23.48/16.85	(11.017543859649123, '1_landmark_lda')
23.48/16.85	(13.789473684210526, '1_number_of_classes')
23.48/16.85	(14.508771929824562, '0_number_of_classes')
23.48/16.85	Result for ParamILS: SAT, 15.878313, 1, 0.289279, -1, /home/feurerm/thesis/Software/pyMetaLearn/optimizers/metalearn_optimizer/learn_distances.py
