0.76/1.20	['/home/feurerm/thesis/Software/pyMetaLearn/optimizers/metalearn_optimizer/learn_distances.py', '--input_file', '/home/feurerm/thesis/experiments/2014_04_25_predict_distances/testfold_0-3_pfahringer_spearman_rank_perm.pkl', '--fold', '0', '--folds', '1', '--params', '-max_features', '0.784751739806', '-min_samples_leaf', '2', '-min_samples_split', '7', '-n_estimators', '39', '-n_jobs', '4', '-seed', '67']
0.76/1.21	Metafeatures (57, 8)
0.76/1.21	X (3192, 16)
0.76/1.21	Y (3192,)
0.76/1.21	Dataset Mae MSE Rho
1.82/1.65	vehicle 0.317632665936 0.120551260828 0.458311091375
3.02/2.12	anneal.ORIG 0.453126923302 0.249349041967 0.384619322099
4.18/2.70	segment 0.154970980022 0.0313958094517 0.852626698906
5.36/3.62	pendigits 0.232266347345 0.0744333723796 0.761804825368
6.56/4.25	mushroom 0.171809822045 0.0371330952643 0.685850589491
7.71/4.72	labor 0.317209841341 0.139214550144 0.204591622596
8.87/5.26	abalone 0.197606861852 0.0492362070111 0.752108539937
10.06/5.73	diabetes 0.511333208785 0.328556647638 0.211379022397
11.23/6.21	car 0.348033226356 0.152749461338 0.251780211693
12.39/6.69	autos 0.202746450105 0.0514388911168 0.791863310204
13.55/7.29	mfeat-fourier 0.597714265085 0.465283270418 -0.449261224973
14.69/7.84	primary-tumor 0.212441010576 0.0576131183161 0.555273945686
15.82/8.32	waveform-5000 0.146796853776 0.0316573049136 0.746290768678
16.96/8.87	credit-a 0.368407868327 0.187717197767 0.418556321108
18.09/9.43	letter 0.235839821526 0.0740449062148 0.564970231117
19.23/10.02	postoperative-patient-data 0.452262191882 0.269551830398 0.0368458846381
20.38/10.49	vowel 0.387500860539 0.188429602888 0.436656053913
21.58/10.96	eucalyptus 0.458020245661 0.278170612273 -0.124435663032
22.75/11.54	cylinder-bands 0.326416898189 0.127358538602 0.427929397025
23.99/12.01	ionosphere 0.430842020634 0.215506965614 -0.0497742652128
25.10/12.47	mfeat-karhunen 0.11429205534 0.0209169747499 0.860706936765
26.29/12.94	balance-scale 0.233288825123 0.0748669940354 0.467037748263
27.44/13.41	mfeat-morphological 0.448950502055 0.269951470336 -0.128314177205
28.59/13.88	liver-disorders 0.282451503349 0.102482123229 0.541699146083
29.77/14.35	dermatology 0.213625785728 0.05860288179 0.457018253318
30.96/14.83	vote 0.0836901147743 0.0121486336281 0.744028302078
32.13/15.29	breast-cancer 0.138200004249 0.0275982711586 0.384942531614
33.31/15.76	credit-g 0.668600829727 0.581502894484 -0.669690113773
34.47/16.23	soybean 0.115974071584 0.02090723735 0.725928569273
35.64/16.70	arrhythmia 0.256261742335 0.0896753670199 0.432131120711
36.80/17.17	nursery 0.242067427518 0.0755490493093 0.657408152227
37.97/17.64	hepatitis 0.215795869159 0.0648336256751 0.587271687609
39.13/18.10	cmc 0.276629685592 0.103429412513 0.305432991079
40.30/18.57	heart-c 0.183703312258 0.0466286581619 0.861030146279
41.48/19.04	glass 0.363588553279 0.163987533501 0.251457002179
42.67/19.53	braziltourism 0.41434211893 0.22043804043 0.0633490648163
43.87/20.10	iris 0.274308970762 0.098587242696 0.41726348305
45.03/20.57	heart-statlog 0.202586415747 0.0577623130651 0.80414527175
46.22/21.04	page-blocks 0.450491501185 0.281022265274 -0.0155140566897
47.39/21.52	breast-w 0.208410067062 0.0581593842285 0.598584020611
48.55/21.99	heart-h 0.146261779969 0.0318323562085 0.705243160353
49.72/22.46	yeast 0.236276214671 0.0700214703976 0.758895939739
50.91/22.93	tae 0.378436193134 0.174121609187 0.229801964716
52.07/23.40	haberman 0.295779708983 0.115214024359 0.0135747996035
53.26/23.88	mfeat-pixel 0.358314143014 0.157193412817 0.218166422199
54.44/24.35	optdigits 0.134644439173 0.0246361019431 0.823214633098
55.63/24.82	mfeat-factors 0.170788404042 0.0429904836837 0.785399119917
56.79/25.29	satimage 0.267181598792 0.0990799948062 0.414354597421
57.97/25.76	lymph 0.216196332473 0.0711301274037 0.419525949651
59.13/26.22	audiology 0.297262981935 0.110005800632 0.417586692565
60.31/26.69	ecoli 0.40569307552 0.214444298224 0.152878100297
61.48/27.16	tic-tac-toe 0.311207687662 0.148731900468 0.403365473933
62.64/27.63	spambase 0.237976059963 0.0641022666376 0.835496594644
63.80/28.09	zoo 0.0982893532937 0.0130635666667 0.819012909411
65.02/28.56	sonar 0.50408158429 0.31782930172 -0.0720757217043
66.18/29.04	mfeat-zernike 0.22818489114 0.076522474267 0.544931241226
67.37/29.51	kr-vs-kp 0.129980240816 0.0220262877413 0.797357871948
67.37/29.53	MAE 0.286434954525 0.128555555632
67.37/29.53	MSE 0.128269956743 0.128269956743
67.37/29.53	Mean tau 0.430361973896 0.339224058671
67.37/29.53	(0.14035087719298245, '1_class_probability_max')
67.37/29.53	(0.8596491228070176, '0_class_probability_max')
67.37/29.53	(3.0350877192982457, '1_landmark_naive_bayes')
67.37/29.53	(3.2982456140350878, '0_landmark_decision_tree')
67.37/29.53	(3.3333333333333335, '0_landmark_naive_bayes')
67.37/29.53	(5.56140350877193, '1_landmark_decision_tree')
67.37/29.53	(7.2631578947368425, '1_number_of_numeric_features')
67.37/29.53	(7.701754385964913, '0_number_of_numeric_features')
67.37/29.53	(8.43859649122807, '1_number_of_categorical_features')
67.37/29.53	(9.228070175438596, '0_number_of_categorical_features')
67.37/29.53	(9.842105263157896, '1_number_of_features')
67.37/29.53	(10.31578947368421, '1_landmark_lda')
67.37/29.53	(10.543859649122806, '0_number_of_features')
67.37/29.53	(11.473684210526315, '0_landmark_lda')
67.37/29.53	(14.456140350877194, '1_number_of_classes')
67.37/29.53	(14.508771929824562, '0_number_of_classes')
67.37/29.53	Result for ParamILS: SAT, 28.331680, 1, 0.286435, -1, /home/feurerm/thesis/Software/pyMetaLearn/optimizers/metalearn_optimizer/learn_distances.py
