0.80/2.33	['/home/feurerm/thesis/Software/pyMetaLearn/optimizers/metalearn_optimizer/learn_distances.py', '--input_file', '/home/feurerm/thesis/experiments/2014_04_25_predict_distances/testfold_0-3_pfahringer_spearman_rank_perm.pkl', '--fold', '0', '--folds', '1', '--params', '-max_features', '0.930181404281', '-min_samples_leaf', '9', '-min_samples_split', '5', '-n_estimators', '86', '-n_jobs', '4', '-seed', '86']
0.80/2.33	Metafeatures (57, 8)
0.80/2.33	X (3192, 16)
0.80/2.33	Y (3192,)
0.80/2.33	Dataset Mae MSE Rho
3.00/3.11	vehicle 0.365472021628 0.16150278224 0.277960182357
5.40/3.94	anneal.ORIG 0.501636297856 0.306951787497 -0.0572080840433
7.74/10.19	segment 0.208000613858 0.0553411826902 0.797357871948
10.14/11.10	pendigits 0.299483141651 0.113279918007 0.660963456885
12.58/12.00	mushroom 0.19891649108 0.0490567498904 0.646419028738
14.94/13.20	labor 0.316791905224 0.136782810681 0.201682736966
17.49/18.20	abalone 0.27335394024 0.0949306993814 0.615714124873
19.83/19.10	diabetes 0.529268398125 0.346674926324 0.233680478889
22.27/20.17	car 0.389811117339 0.198588819118 0.109891234885
24.73/21.38	autos 0.222620707945 0.0646153838309 0.696193293951
27.18/22.29	mfeat-fourier 0.561730176124 0.411288578396 -0.443766663229
29.67/23.18	primary-tumor 0.228097258429 0.0644063687149 0.534265327252
31.99/24.09	waveform-5000 0.163613253591 0.0398281168419 0.764067291968
34.35/25.12	credit-a 0.373679640831 0.197454465852 0.404335102476
36.73/26.24	letter 0.246865833291 0.0824258653657 0.60440179187
39.13/27.18	postoperative-patient-data 0.443154945054 0.261144898853 0.00129283805748
41.47/28.48	vowel 0.423515597976 0.22139604414 0.368782055895
43.96/29.50	eucalyptus 0.427431878288 0.24458779562 -0.0601169696726
46.35/30.42	cylinder-bands 0.331424626146 0.131263463233 0.447968386916
48.72/31.37	ionosphere 0.42791985079 0.216401683908 -0.042017236868
51.19/32.51	mfeat-karhunen 0.187396926854 0.0487879617186 0.760188777796
53.53/33.43	balance-scale 0.268859500326 0.0941940813623 0.292827820018
55.91/34.32	mfeat-morphological 0.461242511043 0.27990596952 -0.191016822992
58.26/35.82	liver-disorders 0.316732527012 0.131299134544 0.279576229929
60.68/41.61	dermatology 0.199239105313 0.0510827383513 0.4993586997
63.08/42.50	vote 0.082120579921 0.00993163587555 0.787015167489
65.51/43.47	breast-cancer 0.132709089216 0.025394946162 0.358116141921
67.96/44.36	credit-g 0.722489054825 0.677597106848 -0.757926311195
70.40/45.27	soybean 0.124223963696 0.0236572220194 0.782490234287
72.77/46.22	arrhythmia 0.263914746188 0.0986319241046 0.379447969869
75.08/47.11	nursery 0.276017106209 0.0986424891609 0.587271687609
77.51/52.09	hepatitis 0.265908798618 0.103301565079 0.361671446579
79.94/52.99	cmc 0.234275368348 0.073026669346 0.384942531614
82.36/54.19	heart-c 0.248267901285 0.0809945858539 0.768269015655
84.77/56.82	glass 0.364397387903 0.159906022005 0.325795190484
87.23/61.28	braziltourism 0.448073039482 0.260564034819 0.0562384555002
89.63/62.28	iris 0.284130528784 0.105349520816 0.349066275519
92.11/63.10	heart-statlog 0.226357081289 0.068090693791 0.783136653316
94.44/64.12	page-blocks 0.458650325208 0.277431387066 -0.078863121506
96.84/65.29	breast-w 0.21499741788 0.061078853624 0.607310677499
99.23/66.12	heart-h 0.162825348021 0.0359275468807 0.685850589491
101.59/67.20	yeast 0.29829280062 0.109422090083 0.617330172445
103.95/68.05	tae 0.361124595916 0.159141638055 0.19230966105
106.35/69.01	haberman 0.270751768922 0.0960394613498 0.0171301042616
108.74/69.83	mfeat-pixel 0.371737922824 0.174177331085 0.157726243012
111.11/70.95	optdigits 0.200339500921 0.0514111453498 0.755987054109
113.54/72.35	mfeat-factors 0.212502935416 0.0601681694003 0.716878702871
115.97/73.28	satimage 0.255547815529 0.0916836735883 0.523922622792
118.36/74.24	lymph 0.240356494822 0.0868491226741 0.361994656093
120.73/75.17	audiology 0.309926200742 0.118813397784 0.390760302872
123.11/76.14	ecoli 0.394055237331 0.197846729105 0.196188175222
125.64/77.04	tic-tac-toe 0.317585016349 0.153238918312 0.444413082257
127.96/77.93	spambase 0.209383862198 0.0536998961512 0.827416356785
130.33/78.88	zoo 0.125360341018 0.0224747533249 0.787984796032
132.72/79.77	sonar 0.487994664887 0.295711393889 -0.0927611306239
135.08/80.57	mfeat-zernike 0.245813188497 0.0823664859473 0.498389071157
137.45/81.74	kr-vs-kp 0.202977148713 0.051853478009 0.669043694744
137.45/81.78	MAE 0.304901149081 0.122558844783
137.45/81.78	MSE 0.139782738836 0.139782738836
137.45/81.78	Mean tau 0.383286791645 0.33634973581
137.45/81.78	(0.03508771929824561, '1_class_probability_max')
137.45/81.78	(0.9649122807017544, '0_class_probability_max')
137.45/81.78	(2.736842105263158, '1_landmark_naive_bayes')
137.45/81.78	(2.8947368421052633, '0_landmark_naive_bayes')
137.45/81.78	(4.543859649122807, '0_landmark_decision_tree')
137.45/81.78	(6.192982456140351, '1_number_of_numeric_features')
137.45/81.78	(6.315789473684211, '0_number_of_numeric_features')
137.45/81.78	(6.947368421052632, '1_number_of_categorical_features')
137.45/81.78	(7.543859649122807, '0_number_of_categorical_features')
137.45/81.78	(9.087719298245615, '1_landmark_decision_tree')
137.45/81.78	(9.385964912280702, '1_number_of_features')
137.45/81.78	(9.75438596491228, '0_number_of_features')
137.45/81.78	(12.140350877192983, '0_landmark_lda')
137.45/81.78	(12.456140350877194, '1_landmark_lda')
137.45/81.78	(14.403508771929825, '0_number_of_classes')
137.45/81.78	(14.596491228070175, '1_number_of_classes')
137.45/81.78	Result for ParamILS: SAT, 79.453942, 1, 0.304901, -1, /home/feurerm/thesis/Software/pyMetaLearn/optimizers/metalearn_optimizer/learn_distances.py
