0.79/1.03	['/home/feurerm/thesis/Software/pyMetaLearn/optimizers/metalearn_optimizer/learn_distances.py', '--input_file', '/home/feurerm/thesis/experiments/2014_04_25_predict_distances/testfold_0-3_pfahringer_spearman_rank_perm.pkl', '--fold', '0', '--folds', '1', '--params', '-max_features', '0.652757317423', '-min_samples_leaf', '6', '-min_samples_split', '4', '-n_estimators', '56', '-n_jobs', '4', '-seed', '43']
0.79/1.03	Metafeatures (57, 8)
0.79/1.03	X (3192, 16)
0.79/1.03	Y (3192,)
0.79/1.03	Dataset Mae MSE Rho
2.02/1.60	vehicle 0.358799632521 0.156324128169 0.307049038651
3.29/2.39	anneal.ORIG 0.412362280515 0.212300964784 0.349389485033
4.59/2.97	segment 0.197777046267 0.0500868573037 0.812225509609
5.85/3.55	pendigits 0.292266821022 0.110659228409 0.674538256488
7.11/4.13	mushroom 0.182430078451 0.0415066290249 0.671952580373
8.38/4.71	labor 0.314244225544 0.141743132504 0.227539498116
9.63/5.29	abalone 0.268716825489 0.0924845670431 0.625410410304
10.94/5.88	diabetes 0.519709078593 0.336727513155 0.242083926262
12.18/6.46	car 0.363331527438 0.176941768953 0.198773851337
13.42/7.04	autos 0.242847559969 0.0757481663193 0.620562267589
14.73/7.63	mfeat-fourier 0.560112029175 0.408839613153 -0.424050882852
15.98/8.22	primary-tumor 0.225273565157 0.0628592034503 0.517781642019
17.35/8.81	waveform-5000 0.176718090031 0.0464036251968 0.736594483247
18.63/9.50	credit-a 0.36781253491 0.190139939896 0.461543186519
19.86/10.08	letter 0.228169108764 0.0732622959236 0.665488390086
21.16/10.67	postoperative-patient-data 0.436125958173 0.246880265748 -0.0113123330029
22.40/11.25	vowel 0.41380798624 0.213862606012 0.413061759364
23.70/11.85	eucalyptus 0.455757764118 0.276738419727 -0.15611019544
24.95/12.42	cylinder-bands 0.317553123621 0.127547005157 0.529740394051
26.22/13.00	ionosphere 0.419844457053 0.211229503488 0.03329057998
27.47/13.58	mfeat-karhunen 0.163713411327 0.039652617529 0.786045538946
28.72/14.16	balance-scale 0.243774559138 0.0812184518048 0.441827406142
29.96/14.73	mfeat-morphological 0.462730572443 0.278932449125 -0.234650107432
31.26/15.32	liver-disorders 0.285988019855 0.105838055649 0.369751684438
32.49/15.91	dermatology 0.208128620887 0.056557389542 0.48384464301
33.76/16.49	vote 0.0740265978249 0.00862279114802 0.78863121506
35.06/17.08	breast-cancer 0.155576686498 0.0334041370674 0.323855933398
36.34/17.66	credit-g 0.638093967315 0.542778248881 -0.676800723089
37.61/18.24	soybean 0.114236361045 0.0203030682161 0.794772195833
38.88/18.84	arrhythmia 0.272268864348 0.100379615982 0.193602499107
40.14/19.33	nursery 0.270431137272 0.0950577730778 0.610219563129
41.41/19.91	hepatitis 0.261786920152 0.0945082639875 0.232710850346
42.66/20.49	cmc 0.2648486671 0.0913493333686 0.331612961743
43.92/21.07	heart-c 0.247110137703 0.0819548476228 0.803498852721
45.18/21.65	glass 0.362057813669 0.158215108152 0.335168266401
46.45/22.23	braziltourism 0.430453986372 0.239983792853 0.129607015262
47.73/22.82	iris 0.2957377162 0.11522599662 0.308341876708
49.03/23.40	heart-statlog 0.256376451363 0.0884636060377 0.756956682652
50.24/23.98	page-blocks 0.429625661586 0.250379282093 0.186491889791
51.51/24.55	breast-w 0.222839174529 0.06572926361 0.524245832307
52.76/25.14	heart-h 0.164316391812 0.0369203000185 0.685850589491
54.02/25.72	yeast 0.267180326747 0.0888453700197 0.687789846577
55.28/26.30	tae 0.368354850014 0.164290543765 0.170008204558
56.54/26.87	haberman 0.276266479275 0.098410156424 0.024563923092
57.84/27.46	mfeat-pixel 0.359999498087 0.159282212207 0.196834594251
59.12/28.05	optdigits 0.180154773867 0.0426140212902 0.772470739342
60.38/28.64	mfeat-factors 0.201499780714 0.0554374633217 0.733039178589
61.65/29.23	satimage 0.25290802934 0.0879372757307 0.552688269571
62.91/29.81	lymph 0.203830690354 0.0634702043347 0.498389071157
64.16/30.39	audiology 0.310644334663 0.123910612287 0.376215874726
65.44/30.97	ecoli 0.414332508787 0.220009175808 0.122173196432
66.70/31.55	tic-tac-toe 0.305874139948 0.141194632678 0.518104851534
67.97/32.13	spambase 0.21095917757 0.0558681680085 0.862322984337
69.21/32.71	zoo 0.113179991921 0.0172544249921 0.802529224178
70.48/33.31	sonar 0.514974973698 0.334415892302 -0.169684995044
71.83/33.90	mfeat-zernike 0.242013745632 0.0839174726227 0.52521546085
73.02/34.48	kr-vs-kp 0.178066441879 0.0402843962713 0.726898197816
73.11/34.51	MAE 0.297860020245 0.116988554712
73.11/34.51	MSE 0.133594769261 0.133594769261
73.11/34.51	Mean tau 0.404749037468 0.330368893653
73.11/34.51	(0.017543859649122806, '1_class_probability_max')
73.11/34.51	(0.9824561403508771, '0_class_probability_max')
73.11/34.51	(2.3333333333333335, '0_landmark_decision_tree')
73.11/34.51	(2.8771929824561404, '0_landmark_naive_bayes')
73.11/34.51	(4.280701754385965, '1_landmark_naive_bayes')
73.11/34.51	(4.9298245614035086, '1_landmark_decision_tree')
73.11/34.51	(7.982456140350878, '1_number_of_numeric_features')
73.11/34.51	(8.017543859649123, '0_number_of_numeric_features')
73.11/34.51	(8.508771929824562, '0_number_of_categorical_features')
73.11/34.51	(8.929824561403509, '1_number_of_categorical_features')
73.11/34.51	(9.596491228070175, '0_landmark_lda')
73.11/34.51	(10.421052631578947, '0_number_of_features')
73.11/34.51	(11.0, '1_number_of_features')
73.11/34.51	(11.12280701754386, '1_landmark_lda')
73.11/34.51	(14.298245614035087, '0_number_of_classes')
73.11/34.51	(14.701754385964913, '1_number_of_classes')
73.11/34.51	Result for ParamILS: SAT, 33.485531, 1, 0.297860, -1, /home/feurerm/thesis/Software/pyMetaLearn/optimizers/metalearn_optimizer/learn_distances.py
