0.68/0.88	['/home/feurerm/thesis/Software/pyMetaLearn/optimizers/metalearn_optimizer/learn_distances.py', '--input_file', '/home/feurerm/thesis/experiments/2014_04_25_predict_distances/testfold_0-3_pfahringer_spearman_rank_perm.pkl', '--fold', '0', '--folds', '1', '--params', '-max_features', '0.373116718996', '-min_samples_leaf', '8', '-min_samples_split', '8', '-n_estimators', '90', '-n_jobs', '4', '-seed', '32']
0.68/0.88	Metafeatures (57, 8)
0.68/0.88	X (3192, 16)
0.68/0.88	Y (3192,)
0.68/0.88	Dataset Mae MSE Rho
1.69/1.33	vehicle 0.354361055954 0.15533984893 0.393345978987
2.80/1.82	anneal.ORIG 0.313680266599 0.124662461487 0.600523277698
3.92/2.31	segment 0.26354730788 0.086744127943 0.750492492365
5.15/2.90	pendigits 0.336615844374 0.13872675285 0.574666516548
6.19/3.59	mushroom 0.208012167149 0.0533624029289 0.626056829333
7.32/4.08	labor 0.288810631221 0.118335676139 0.336784313973
8.45/4.67	abalone 0.321901580867 0.130722909505 0.531356441623
9.61/5.26	diabetes 0.487440566066 0.32226702403 0.0158372662041
10.70/5.85	car 0.364099496379 0.189181230222 0.337430733001
11.83/6.34	autos 0.237339655041 0.0731506792811 0.6095731441
12.94/6.93	mfeat-fourier 0.528967988021 0.361612181139 -0.385912160157
14.07/7.42	primary-tumor 0.232331178602 0.0668081881165 0.499035490186
15.20/8.01	waveform-5000 0.220122760448 0.068052596935 0.697162922494
16.32/8.50	credit-a 0.37429772216 0.193963027908 0.430191863625
17.43/9.09	letter 0.239721451311 0.0804217675451 0.690375522692
18.60/9.70	postoperative-patient-data 0.404157502991 0.202134117851 -0.00904986640233
19.71/10.19	vowel 0.459029281431 0.261653457367 0.18196695659
20.82/10.68	eucalyptus 0.388937145316 0.198040256224 0.0400779797818
21.98/11.17	cylinder-bands 0.342299884214 0.152255557336 0.361348237065
23.11/11.76	ionosphere 0.418588806144 0.210962383721 0.0504206842416
24.24/12.35	mfeat-karhunen 0.204954241845 0.0567793426806 0.752108539937
25.40/12.94	balance-scale 0.225942945145 0.0692391761601 0.523599413278
26.54/13.54	mfeat-morphological 0.47203544909 0.294498905899 -0.214934327055
27.68/14.13	liver-disorders 0.29041886438 0.113671209269 0.427282977996
28.85/14.73	dermatology 0.182394295128 0.0440839215352 0.574020097519
30.15/15.33	vote 0.0758105919958 0.00936995611938 0.812871928638
31.23/15.93	breast-cancer 0.196449662058 0.0521563405636 0.287333258274
32.42/16.65	credit-g 0.536397201555 0.38224874559 -0.530063603565
33.61/17.36	soybean 0.127283062013 0.0256846656253 0.767622596626
34.84/18.08	arrhythmia 0.273411491533 0.104378481089 0.2204288888
36.15/18.78	nursery 0.305188365381 0.116945142255 0.509054985131
37.26/19.48	hepatitis 0.382589243555 0.207554041283 -0.59923043964
38.38/19.97	cmc 0.292999715305 0.101816466095 0.295413496133
39.52/20.47	heart-c 0.291291503452 0.109306128168 0.75534063508
40.63/21.06	glass 0.358800268183 0.156715011436 0.347127018432
41.79/21.66	braziltourism 0.42681347991 0.234653502947 0.0785399119917
42.94/22.26	iris 0.311546250902 0.12504898504 0.269233525469
44.06/22.85	heart-statlog 0.293015925175 0.113814556966 0.731746340532
45.21/23.49	page-blocks 0.314990970297 0.134989002616 0.429868654111
46.36/24.08	breast-w 0.22347959818 0.0712433402905 0.475117986123
47.48/24.68	heart-h 0.200790510768 0.0505017675881 0.617330172445
48.71/25.39	yeast 0.328530165357 0.135550821778 0.53782063191
49.76/25.88	tae 0.327766896366 0.132052209819 0.154170938354
50.88/26.37	haberman 0.248437567917 0.0804924143591 0.164836852328
51.99/26.96	mfeat-pixel 0.340975411949 0.141265421044 0.223014564915
53.25/27.56	optdigits 0.220014544269 0.0620180345306 0.737240902276
54.32/28.15	mfeat-factors 0.231182850399 0.0732947135103 0.697162922494
55.45/28.75	satimage 0.277872784362 0.102810929504 0.403688683447
56.69/29.49	lymph 0.18451174233 0.0492962993915 0.671306161345
57.90/30.20	audiology 0.332087269542 0.146564325499 0.334521847372
59.15/30.92	ecoli 0.409861579407 0.2152826718 0.112800120515
60.29/31.62	tic-tac-toe 0.303652933712 0.139094072305 0.604078582356
61.45/32.22	spambase 0.209521314265 0.058343227039 0.853919536963
62.61/32.82	zoo 0.131003001184 0.0229915452687 0.751138911394
63.81/33.41	sonar 0.503902899527 0.319179682235 -0.243699973834
65.08/34.12	mfeat-zernike 0.268887847913 0.0978903538579 0.53038681308
66.18/34.83	kr-vs-kp 0.20860524158 0.0550167899061 0.640601257479
66.18/34.88	MAE 0.303468069791 0.0999562588524
66.18/34.88	MSE 0.1332322605 0.1332322605
66.18/34.88	Mean tau 0.38656991987 0.33265337918
66.18/34.88	(0.8070175438596491, '1_class_probability_max')
66.18/34.88	(1.912280701754386, '1_landmark_naive_bayes')
66.18/34.88	(2.1578947368421053, '0_landmark_decision_tree')
66.18/34.88	(2.280701754385965, '0_class_probability_max')
66.18/34.88	(3.6491228070175437, '1_landmark_decision_tree')
66.18/34.88	(4.2631578947368425, '0_landmark_naive_bayes')
66.18/34.88	(6.456140350877193, '0_landmark_lda')
66.18/34.88	(6.754385964912281, '1_landmark_lda')
66.18/34.88	(9.210526315789474, '1_number_of_numeric_features')
66.18/34.88	(9.491228070175438, '1_number_of_features')
66.18/34.88	(10.491228070175438, '0_number_of_features')
66.18/34.88	(10.771929824561404, '0_number_of_categorical_features')
66.18/34.88	(11.31578947368421, '0_number_of_numeric_features')
66.18/34.88	(11.491228070175438, '1_number_of_categorical_features')
66.18/34.88	(14.210526315789474, '0_number_of_classes')
66.18/34.88	(14.736842105263158, '1_number_of_classes')
66.18/34.88	Result for ParamILS: SAT, 34.001003, 1, 0.303468, -1, /home/feurerm/thesis/Software/pyMetaLearn/optimizers/metalearn_optimizer/learn_distances.py
