0.78/3.52	['/home/feurerm/thesis/Software/pyMetaLearn/optimizers/metalearn_optimizer/learn_distances.py', '--input_file', '/home/feurerm/thesis/experiments/2014_04_25_predict_distances/testfold_0-3_pfahringer_spearman_rank_perm.pkl', '--fold', '0', '--folds', '1', '--params', '-max_features', '0.710519282561', '-min_samples_leaf', '2', '-min_samples_split', '5', '-n_estimators', '16', '-n_jobs', '4', '-seed', '73']
0.78/3.52	Metafeatures (57, 8)
0.78/3.52	X (3192, 16)
0.78/3.52	Y (3192,)
0.78/3.52	Dataset Mae MSE Rho
1.25/3.89	vehicle 0.334367390239 0.13786833789 0.367489217838
1.78/4.25	anneal.ORIG 0.335581200613 0.148649807397 0.431484701683
2.28/8.77	segment 0.130867712128 0.0251679145823 0.844546461046
2.80/10.15	pendigits 0.236013247109 0.0787439186681 0.743058673534
3.32/10.51	mushroom 0.154917237154 0.0324906376651 0.68875947512
3.82/10.86	labor 0.292986521237 0.120290121723 0.283454744102
4.35/11.22	abalone 0.178855881414 0.0429334436768 0.746613978193
4.89/11.61	diabetes 0.480179055251 0.286097724605 0.301877686421
5.40/11.97	car 0.320045206467 0.143478157072 0.374599827154
5.90/15.26	autos 0.200273306957 0.0551177134136 0.659670618827
6.43/17.44	mfeat-fourier 0.585265011349 0.442185762219 -0.381064017441
6.94/17.80	primary-tumor 0.207875220751 0.0528449847248 0.579191449749
7.46/18.15	waveform-5000 0.141512314149 0.0307548927175 0.742089044991
7.97/18.51	credit-a 0.351871859049 0.178175199716 0.482551804953
8.48/18.86	letter 0.233093319041 0.0783615487588 0.567555907232
9.01/19.33	postoperative-patient-data 0.441331719139 0.257980942976 0.0782167024773
9.55/19.81	vowel 0.351327993533 0.161615912008 0.491278461841
10.05/20.41	eucalyptus 0.430974041381 0.24632578388 -0.0300584848363
10.55/20.82	cylinder-bands 0.32979568167 0.1395365061 0.413708178392
11.06/21.19	ionosphere 0.36023122336 0.160953411374 0.248224907035
11.58/21.56	mfeat-karhunen 0.125207516748 0.0275878103485 0.806407738351
12.08/22.21	balance-scale 0.259239788508 0.0922341108787 0.296383124676
12.60/22.68	mfeat-morphological 0.484739079668 0.309520741492 -0.233357269374
13.11/26.91	liver-disorders 0.316250993284 0.127536041668 0.541257871036
13.64/27.27	dermatology 0.216964151227 0.0614076541906 0.459603929433
14.16/27.63	vote 0.0830938540032 0.0117231550667 0.74273546402
14.67/27.98	breast-cancer 0.173414047937 0.0416425066575 0.344864551832
15.19/28.34	credit-g 0.578727728057 0.449456627095 -0.500974747272
15.71/28.94	soybean 0.13134117719 0.0268425833097 0.651913590482
16.19/29.31	arrhythmia 0.269514932077 0.0982321965352 0.266001430326
16.70/29.68	nursery 0.232879262796 0.0720577920245 0.667750856686
17.22/30.08	hepatitis 0.264137151724 0.0941796914089 0.269233525469
17.73/30.57	cmc 0.320049323422 0.140287578633 0.153524519325
18.26/30.94	heart-c 0.193170024566 0.0522582805289 0.854889165506
18.77/31.41	glass 0.369989652447 0.172138911409 0.242407135777
19.30/31.78	braziltourism 0.379041359235 0.188137828044 0.0504206842416
19.80/32.14	iris 0.28675763927 0.101707151533 0.411445711792
20.31/32.58	heart-statlog 0.233774008671 0.0796149876015 0.752108539937
20.88/33.10	page-blocks 0.379680232403 0.194891939668 0.165806480871
21.35/33.48	breast-w 0.210573819819 0.0636077952459 0.510024613674
21.86/33.86	heart-h 0.149485040591 0.0320580025555 0.685744146553
22.37/34.56	yeast 0.220876195199 0.0615921067609 0.726251778787
22.88/35.10	tae 0.408405363639 0.206537183887 0.0610865982158
23.40/35.85	haberman 0.30353205665 0.121250949054 0.0336137894944
23.91/36.51	mfeat-pixel 0.361726241476 0.165118537619 0.200713108423
24.41/37.19	optdigits 0.11794254499 0.0191649323957 0.831941289986
24.94/37.56	mfeat-factors 0.139344323398 0.0335483693841 0.778288510601
25.44/42.13	satimage 0.239076040738 0.0818866016942 0.542668774626
25.94/42.58	lymph 0.222391445049 0.0743309888533 0.383326484042
26.44/42.94	audiology 0.295318927054 0.112739278096 0.412738549849
26.95/43.29	ecoli 0.356576066496 0.164862338047 0.372660570068
27.46/43.64	tic-tac-toe 0.390293167114 0.217886018098 0.338400361544
27.96/44.00	spambase 0.250924522784 0.0709449799996 0.791216891175
28.47/44.34	zoo 0.0850557998144 0.0104137536037 0.817073652325
28.99/49.77	sonar 0.505658969513 0.324922239939 0.035876256095
29.50/50.14	mfeat-zernike 0.22595216677 0.0766181369045 0.529093975022
30.00/52.61	kr-vs-kp 0.140755045271 0.0274856035441 0.78863121506
30.00/52.63	MAE 0.281039031607 0.118267286639
30.00/52.63	MSE 0.123263124999 0.123263124999
30.00/52.63	Mean tau 0.428333722929 0.309173999975
30.00/52.63	(0.0, '1_class_probability_max')
30.00/52.63	(1.4912280701754386, '0_class_probability_max')
30.00/52.63	(1.5263157894736843, '0_landmark_decision_tree')
30.00/52.63	(3.5964912280701755, '0_landmark_naive_bayes')
30.00/52.63	(4.666666666666667, '1_landmark_decision_tree')
30.00/52.63	(4.824561403508772, '1_landmark_naive_bayes')
30.00/52.63	(7.192982456140351, '1_number_of_numeric_features')
30.00/52.63	(8.087719298245615, '0_number_of_numeric_features')
30.00/52.63	(8.736842105263158, '1_landmark_lda')
30.00/52.63	(9.192982456140351, '1_number_of_categorical_features')
30.00/52.63	(10.070175438596491, '0_number_of_features')
30.00/52.63	(10.333333333333334, '1_number_of_features')
30.00/52.63	(10.43859649122807, '0_landmark_lda')
30.00/52.63	(11.105263157894736, '0_number_of_categorical_features')
30.00/52.63	(14.12280701754386, '0_number_of_classes')
30.00/52.63	(14.614035087719298, '1_number_of_classes')
30.00/52.63	Result for ParamILS: SAT, 49.109992, 1, 0.281039, -1, /home/feurerm/thesis/Software/pyMetaLearn/optimizers/metalearn_optimizer/learn_distances.py
