0.77/2.95	['/home/feurerm/thesis/Software/pyMetaLearn/optimizers/metalearn_optimizer/learn_distances.py', '--input_file', '/home/feurerm/thesis/experiments/2014_04_25_predict_distances/testfold_0-3_pfahringer_spearman_rank_perm.pkl', '--fold', '0', '--folds', '1', '--params', '-max_features', '0.795881772691', '-min_samples_leaf', '10', '-min_samples_split', '7', '-n_estimators', '3', '-n_jobs', '4', '-seed', '71']
0.77/2.96	Metafeatures (57, 8)
0.77/2.96	X (3192, 16)
0.77/2.96	Y (3192,)
0.77/2.96	Dataset Mae MSE Rho
0.91/3.20	vehicle 0.341496775692 0.153243395016 0.399030334439
1.04/3.44	anneal.ORIG 0.673861233354 0.532565067628 -0.0603216345241
1.15/3.71	segment 0.208164172821 0.0618829388751 0.701597205471
1.28/3.95	pendigits 0.333947937214 0.150754772269 0.523711813987
1.41/4.22	mushroom 0.211311899435 0.0603893428228 0.580176418717
1.54/4.49	labor 0.321871411546 0.147521262545 0.275012338667
1.66/4.79	abalone 0.277971609194 0.123160612199 0.455305688589
1.79/5.03	diabetes 0.526382277439 0.373932549392 0.0118228522621
1.93/5.47	car 0.388681843447 0.208076375177 0.203267454677
2.06/5.95	autos 0.294186214378 0.118006638815 0.299603534008
2.18/6.19	mfeat-fourier 0.519375383629 0.349904484715 -0.154120634772
2.32/6.64	primary-tumor 0.219209876294 0.0657901067281 0.504374474563
2.45/6.94	waveform-5000 0.154295002794 0.044137361458 0.705951841172
2.57/7.32	credit-a 0.432062246177 0.274318865129 0.139633483906
2.70/7.56	letter 0.273459059956 0.101458518615 0.40964819066
2.81/7.84	postoperative-patient-data 0.441733685571 0.269817586876 0.0259809470978
2.95/8.16	vowel 0.431239370692 0.239685310142 0.247866905011
3.07/8.62	eucalyptus 0.337055966152 0.150893576566 0.352008953293
3.19/8.94	cylinder-bands 0.339225476721 0.148404531151 0.342848037764
3.32/9.38	ionosphere 0.452203008517 0.257503988488 -0.0403142375932
3.46/9.63	mfeat-karhunen 0.219525122229 0.0710550361865 0.654997129555
3.58/9.89	balance-scale 0.292256798894 0.123152589499 0.308753193287
3.72/10.25	mfeat-morphological 0.405903591549 0.219860719049 0.168342603216
3.84/10.55	liver-disorders 0.336873228896 0.152094125976 0.206762203428
3.97/10.84	dermatology 0.22040299219 0.0662116159326 0.446604280461
4.11/11.27	vote 0.113323826019 0.0212169434506 0.662350132328
4.23/11.61	breast-cancer 0.173134889678 0.0441222794611 0.292167938248
4.37/11.97	credit-g 0.733938180673 0.717301621514 -0.593549672383
4.51/12.36	soybean 0.155561389263 0.0351214978212 0.575108881954
4.62/12.62	arrhythmia 0.305061931066 0.127239848113 0.221393324648
4.76/12.99	nursery 0.319736245097 0.133253090323 0.415162570355
4.89/13.49	hepatitis 0.288429766671 0.112844320124 0.23725113661
5.01/13.76	cmc 0.219660816037 0.0682633205404 0.426453216495
5.14/14.23	heart-c 0.304334438284 0.129540762599 0.472323144273
5.26/14.53	glass 0.332169464907 0.154652488345 0.297928460928
5.38/14.93	braziltourism 0.426898608586 0.255812462439 0.057860456413
5.53/15.26	iris 0.26085022956 0.0975303215265 0.399741437748
5.65/15.74	heart-statlog 0.201350437622 0.0618224858032 0.700131883182
5.80/16.06	page-blocks 0.365139179463 0.192966838923 0.109919422911
5.92/16.45	breast-w 0.282409054826 0.120571362746 0.368485394826
6.04/16.69	heart-h 0.211937608968 0.0649636671509 0.457101984551
6.18/17.11	yeast 0.320483149385 0.133433696891 0.515240381502
6.32/17.39	tae 0.36261788568 0.165654011754 0.0820404735515
6.45/17.64	haberman 0.281577706915 0.113400646939 0.0849785049702
6.57/18.44	mfeat-pixel 0.372667509866 0.182286519482 0.144350235243
6.71/18.80	optdigits 0.227452025449 0.0683395002302 0.645420587834
6.83/19.12	mfeat-factors 0.271770904956 0.10923129819 0.441958867204
6.97/19.38	satimage 0.30346509748 0.127699365122 0.314990006428
7.10/19.65	lymph 0.227660277605 0.0813307164504 0.369040106636
7.24/20.05	audiology 0.319163164753 0.124095426239 0.259277676542
7.36/20.43	ecoli 0.448573712111 0.261170441456 0.00437708124079
7.49/20.79	tic-tac-toe 0.332263497378 0.151685293311 0.167153530388
7.62/21.03	spambase 0.212775933513 0.0634328451514 0.703120113303
7.75/21.28	zoo 0.149740891658 0.0342612501224 0.722165729269
7.88/21.59	sonar 0.542044801669 0.384196783201 -0.167139500434
8.01/21.87	mfeat-zernike 0.258856127547 0.11169318194 0.402851858163
8.14/22.57	kr-vs-kp 0.261635869557 0.0885516615133 0.465325384491
8.14/22.57	MAE 0.319989136965 0.120209601055
8.14/22.57	MSE 0.157921181055 0.157921181055
8.14/22.57	Mean tau 0.315149546084 0.256045691318
8.14/22.57	(0.24561403508771928, '0_class_probability_max')
8.14/22.57	(0.7543859649122807, '1_class_probability_max')
8.14/22.57	(3.7719298245614037, '0_landmark_naive_bayes')
8.14/22.57	(4.052631578947368, '1_landmark_naive_bayes')
8.14/22.57	(5.052631578947368, '0_number_of_numeric_features')
8.14/22.57	(6.56140350877193, '1_number_of_numeric_features')
8.14/22.57	(7.982456140350878, '0_number_of_features')
8.14/22.57	(8.157894736842104, '1_number_of_features')
8.14/22.57	(8.192982456140351, '1_landmark_decision_tree')
8.14/22.57	(8.719298245614034, '1_number_of_categorical_features')
8.14/22.57	(9.596491228070175, '0_number_of_categorical_features')
8.14/22.57	(9.614035087719298, '0_landmark_lda')
8.14/22.57	(9.68421052631579, '0_landmark_decision_tree')
8.14/22.57	(10.210526315789474, '1_landmark_lda')
8.14/22.57	(13.68421052631579, '0_number_of_classes')
8.14/22.57	(13.719298245614034, '1_number_of_classes')
8.14/22.57	Result for ParamILS: SAT, 19.619694, 1, 0.319989, -1, /home/feurerm/thesis/Software/pyMetaLearn/optimizers/metalearn_optimizer/learn_distances.py
