0.77/2.93	['/home/feurerm/thesis/Software/pyMetaLearn/optimizers/metalearn_optimizer/learn_distances.py', '--input_file', '/home/feurerm/thesis/experiments/2014_04_25_predict_distances/testfold_0-3_pfahringer_spearman_rank_perm.pkl', '--fold', '0', '--folds', '1', '--params', '-max_features', '0.915634522702', '-min_samples_leaf', '7', '-min_samples_split', '7', '-n_estimators', '45', '-n_jobs', '4', '-seed', '47']
0.77/2.93	Metafeatures (57, 8)
0.77/2.93	X (3192, 16)
0.77/2.93	Y (3192,)
0.77/2.93	Dataset Mae MSE Rho
1.99/3.48	vehicle 0.359609108179 0.157078676174 0.311573971852
3.31/4.08	anneal.ORIG 0.534928175147 0.339992874726 -0.131223062834
4.64/4.66	segment 0.197462338227 0.0492185192019 0.808023785923
5.98/5.43	pendigits 0.285313076916 0.104075471621 0.689729103664
7.29/6.05	mushroom 0.19623520681 0.0479450598325 0.639631628936
8.60/6.73	labor 0.291537649938 0.117119249752 0.230448383745
9.91/7.31	abalone 0.276459767821 0.0952753189319 0.626056829333
11.25/7.90	diabetes 0.524487062977 0.341820996732 0.23077159326
12.60/8.55	car 0.376335267759 0.194520528802 0.222368145886
13.91/9.14	autos 0.210722450573 0.0586651142123 0.681002446776
15.25/9.72	mfeat-fourier 0.558451824559 0.406785308041 -0.366842798809
16.58/10.39	primary-tumor 0.216221892427 0.0586231835281 0.569171954804
17.91/11.10	waveform-5000 0.154097013554 0.0354377372654 0.775379624971
19.21/11.74	credit-a 0.354805452069 0.178208486678 0.490955252327
20.52/12.53	letter 0.252601770117 0.0846067107149 0.569495164318
21.82/13.10	postoperative-patient-data 0.445262950197 0.260012925292 0.000323209514369
23.13/13.96	vowel 0.429743282023 0.228778258267 0.374923036668
24.51/14.61	eucalyptus 0.476046709972 0.304311567891 -0.164190433299
25.81/15.29	cylinder-bands 0.341143334827 0.145575007223 0.35585367532
27.16/15.88	ionosphere 0.413626355049 0.200256919582 0.0387851417243
28.50/16.58	mfeat-karhunen 0.165847277757 0.041804467125 0.778288510601
29.84/17.19	balance-scale 0.247783332477 0.0808664490941 0.410476083249
31.16/17.85	mfeat-morphological 0.461663854051 0.285273237967 -0.15384772884
32.47/18.43	liver-disorders 0.30198391786 0.123372320356 0.456695043803
33.79/19.03	dermatology 0.204400942972 0.0544037290958 0.479642919324
35.18/19.60	vote 0.0846315123228 0.0106655352179 0.775702834486
36.46/22.65	breast-cancer 0.13044729237 0.0249457211357 0.402072635875
37.80/23.23	credit-g 0.698515582397 0.642007055683 -0.683588122891
39.12/23.81	soybean 0.134347752145 0.0275597352285 0.657731361741
40.41/24.39	arrhythmia 0.261776765997 0.0912406508797 0.435686425369
41.78/29.44	nursery 0.258238432855 0.0855400760784 0.651590380968
43.13/30.02	hepatitis 0.250624256513 0.0908282249612 0.400133378789
44.46/30.60	cmc 0.252336401552 0.0837862578963 0.372660570068
45.76/31.20	heart-c 0.229306178597 0.0711145962803 0.797034662434
47.08/31.77	glass 0.368805307517 0.165190261654 0.270849573041
48.44/32.36	braziltourism 0.461027864349 0.275234460901 0.120880358374
49.73/33.04	iris 0.282266570582 0.10476273582 0.325795190484
51.06/33.61	heart-statlog 0.225842418145 0.0670884338464 0.788954424575
52.40/34.18	page-blocks 0.478980055473 0.304802959165 -0.0930843401383
53.71/34.77	breast-w 0.218291125013 0.0627908716574 0.578221821206
55.02/35.34	heart-h 0.170044138381 0.0402561183231 0.658700990284
56.33/36.02	yeast 0.28986078208 0.10366946497 0.645126190681
57.67/36.76	tae 0.366696681697 0.162698902002 0.224307402972
58.96/37.41	haberman 0.277248743672 0.100389933493 0.0145444281466
60.28/38.05	mfeat-pixel 0.369184119274 0.17087836025 0.174209928245
61.57/38.68	optdigits 0.175475138051 0.0398099967454 0.775056415457
62.93/39.49	mfeat-factors 0.205550400788 0.0577932745941 0.728837454902
64.24/40.15	satimage 0.263020984002 0.0991269998272 0.461866396033
65.55/40.75	lymph 0.237120762454 0.0846274457451 0.39722449316
66.91/41.36	audiology 0.309188429501 0.121302489536 0.42243483528
68.25/46.33	ecoli 0.399143055734 0.204748182805 0.143828233894
69.63/46.91	tic-tac-toe 0.309855273568 0.146051588587 0.442797034686
70.93/47.48	spambase 0.213924650771 0.0536755800302 0.844223251532
72.32/48.82	zoo 0.106554549262 0.0166483574431 0.834526966101
73.72/49.40	sonar 0.499710028106 0.309319709324 -0.108921606342
74.99/54.39	mfeat-zernike 0.258617628931 0.0934670028481 0.462189605548
76.34/54.96	kr-vs-kp 0.179323986547 0.0416515901643 0.705566369868
76.34/54.98	MAE 0.302503980402 0.125765624731
76.34/54.98	MSE 0.13943334546 0.13943334546
76.34/54.98	Mean tau 0.395625456615 0.330665913589
76.34/54.98	(0.2982456140350877, '1_class_probability_max')
76.34/54.98	(0.7017543859649122, '0_class_probability_max')
76.34/54.98	(2.789473684210526, '0_landmark_naive_bayes')
76.34/54.98	(2.824561403508772, '1_landmark_naive_bayes')
76.34/54.98	(5.12280701754386, '0_landmark_decision_tree')
76.34/54.98	(6.385964912280702, '0_number_of_numeric_features')
76.34/54.98	(6.4035087719298245, '1_landmark_decision_tree')
76.34/54.98	(6.421052631578948, '1_number_of_numeric_features')
76.34/54.98	(8.035087719298245, '1_number_of_categorical_features')
76.34/54.98	(8.649122807017545, '0_number_of_categorical_features')
76.34/54.98	(9.508771929824562, '1_number_of_features')
76.34/54.98	(9.543859649122806, '0_number_of_features')
76.34/54.98	(12.12280701754386, '1_landmark_lda')
76.34/54.98	(12.192982456140351, '0_landmark_lda')
76.34/54.98	(14.491228070175438, '0_number_of_classes')
76.34/54.98	(14.508771929824562, '1_number_of_classes')
76.34/54.98	Result for ParamILS: SAT, 52.052986, 1, 0.302504, -1, /home/feurerm/thesis/Software/pyMetaLearn/optimizers/metalearn_optimizer/learn_distances.py
