0.74/1.89	['/home/feurerm/thesis/Software/pyMetaLearn/optimizers/metalearn_optimizer/learn_distances.py', '--input_file', '/home/feurerm/thesis/experiments/2014_04_25_predict_distances/testfold_0-3_pfahringer_spearman_rank_perm.pkl', '--fold', '0', '--folds', '1', '--params', '-max_features', '0.50523881277', '-min_samples_leaf', '3', '-min_samples_split', '3', '-n_estimators', '90', '-n_jobs', '4', '-seed', '47']
0.74/1.89	Metafeatures (57, 8)
0.74/1.89	X (3192, 16)
0.74/1.89	Y (3192,)
0.74/1.89	Dataset Mae MSE Rho
2.58/2.90	vehicle 0.348337335497 0.148978737923 0.360701818036
4.35/3.71	anneal.ORIG 0.353607916036 0.157664492813 0.546224079284
6.28/4.54	segment 0.160104612558 0.0325427582121 0.851657070362
8.09/5.36	pendigits 0.257581267443 0.0876090662433 0.733039178589
10.00/6.34	mushroom 0.166257593544 0.034736909896 0.711384141126
11.93/7.29	labor 0.314488253954 0.141245193628 0.230125174231
13.80/8.17	abalone 0.219922656433 0.0618100228636 0.738533740333
15.70/9.04	diabetes 0.507418153277 0.325313258297 0.227539498116
17.71/9.98	car 0.364839695564 0.180608716956 0.259860449553
19.55/10.83	autos 0.194983794246 0.049292207436 0.742412254506
21.43/11.69	mfeat-fourier 0.586834580594 0.448089410384 -0.475117986123
23.35/12.85	primary-tumor 0.222622569446 0.0604347969247 0.547840126856
25.29/13.68	waveform-5000 0.172832038548 0.0444646174659 0.771177901285
27.15/14.53	credit-a 0.369783350238 0.193423320267 0.43794889197
29.05/15.37	letter 0.223135672796 0.0687740922309 0.692637989293
30.98/16.18	postoperative-patient-data 0.420063613688 0.225702476496 0.0862969403365
32.85/16.99	vowel 0.406020376037 0.207516584337 0.403365473933
34.72/17.81	eucalyptus 0.41668012281 0.22705489399 -0.0639954838451
36.58/18.65	cylinder-bands 0.323508090872 0.128890152461 0.446675548858
38.45/19.47	ionosphere 0.374009095931 0.173866869958 0.256951563923
40.46/20.46	mfeat-karhunen 0.139384456507 0.0282018339348 0.850364232305
42.32/21.26	balance-scale 0.22831863386 0.0721682361049 0.510347823189
44.27/22.10	mfeat-morphological 0.475042318049 0.298115856552 -0.185522261248
46.08/22.96	liver-disorders 0.275920481357 0.0992282893465 0.617330172445
47.96/23.79	dermatology 0.203992108082 0.0534417489168 0.509378194646
49.97/24.60	vote 0.0691759561123 0.00840756604218 0.790247262632
51.81/25.45	breast-cancer 0.147850782392 0.0287844219411 0.400133378789
53.61/26.25	credit-g 0.57416416115 0.443160013422 -0.569818373833
55.48/27.09	soybean 0.118727526215 0.0223980510173 0.725282150244
57.33/27.97	arrhythmia 0.264594172691 0.0949342060437 0.327088028541
59.27/28.79	nursery 0.246933864414 0.080085058379 0.666134809115
61.08/29.66	hepatitis 0.288230925397 0.115271589903 0.115062587115
62.95/30.47	cmc 0.316460224122 0.132038705539 0.214287908027
64.84/31.29	heart-c 0.207436966062 0.0589006448213 0.836789432701
66.82/32.11	glass 0.332663211226 0.131026283433 0.52230657522
68.73/33.06	braziltourism 0.459791876339 0.27296077454 -0.0368458846381
70.54/33.97	iris 0.274593693014 0.0986155310704 0.412738549849
72.40/34.97	heart-statlog 0.217373215877 0.066080797979 0.851657070362
74.29/35.89	page-blocks 0.353457366895 0.170356088671 0.226893079087
76.18/36.71	breast-w 0.207604782134 0.0604448623026 0.568202326261
78.13/37.52	heart-h 0.141795555406 0.0272875894275 0.732069550046
80.00/38.52	yeast 0.23789112006 0.0719484882841 0.747260397221
81.81/39.37	tae 0.367924392961 0.162472907385 0.175502766302
83.74/40.21	haberman 0.257449698667 0.085921266963 0.17162425213
85.64/41.05	mfeat-pixel 0.334232223277 0.136883890615 0.269879944498
87.60/41.94	optdigits 0.135940991735 0.0245488996619 0.814164766696
89.48/42.91	mfeat-factors 0.160055350231 0.0366293299369 0.79380256729
91.27/43.74	satimage 0.250321852167 0.0869897091639 0.493864137956
93.13/44.72	lymph 0.205496113165 0.0622084401511 0.503560423387
95.00/45.54	audiology 0.328017351887 0.145406163156 0.373953408125
96.90/46.43	ecoli 0.426267667169 0.23218797901 0.0449261224973
98.80/47.25	tic-tac-toe 0.295387811209 0.134235864751 0.600846487212
100.71/48.11	spambase 0.216441887992 0.0550208071381 0.892381469173
102.67/48.94	zoo 0.0910730571248 0.0117412675414 0.851980279877
104.59/49.77	sonar 0.50544239552 0.320861834313 -0.14350502438
106.59/50.61	mfeat-zernike 0.24982946886 0.0896869351723 0.508408566103
108.42/51.43	kr-vs-kp 0.149728117912 0.0291749700296 0.770208272741
108.42/51.49	MAE 0.283474430996 0.118299312574
108.42/51.49	MSE 0.123611324236 0.123611324236
108.42/51.49	Mean tau 0.446635856462 0.334842944569
108.42/51.49	(0.17543859649122806, '0_class_probability_max')
108.42/51.49	(0.8421052631578947, '1_class_probability_max')
108.42/51.49	(2.017543859649123, '1_landmark_decision_tree')
108.42/51.49	(3.192982456140351, '0_landmark_decision_tree')
108.42/51.49	(4.140350877192983, '1_landmark_naive_bayes')
108.42/51.49	(4.631578947368421, '0_landmark_naive_bayes')
108.42/51.49	(6.842105263157895, '0_landmark_lda')
108.42/51.49	(8.719298245614034, '1_number_of_numeric_features')
108.42/51.49	(9.0, '0_number_of_numeric_features')
108.42/51.49	(9.596491228070175, '1_landmark_lda')
108.42/51.49	(9.807017543859649, '0_number_of_features')
108.42/51.49	(10.052631578947368, '0_number_of_categorical_features')
108.42/51.49	(10.87719298245614, '1_number_of_categorical_features')
108.42/51.49	(11.105263157894736, '1_number_of_features')
108.42/51.49	(14.263157894736842, '1_number_of_classes')
108.42/51.49	(14.736842105263158, '0_number_of_classes')
108.42/51.49	Result for ParamILS: SAT, 49.602983, 1, 0.283474, -1, /home/feurerm/thesis/Software/pyMetaLearn/optimizers/metalearn_optimizer/learn_distances.py
