0.67/0.86	['/home/feurerm/thesis/Software/pyMetaLearn/optimizers/metalearn_optimizer/learn_distances.py', '--input_file', '/home/feurerm/thesis/experiments/2014_04_25_predict_distances/testfold_0-3_pfahringer_spearman_rank_perm.pkl', '--fold', '0', '--folds', '1', '--params', '-max_features', '0.241178132774', '-min_samples_leaf', '5', '-min_samples_split', '8', '-n_estimators', '95', '-n_jobs', '4', '-seed', '9']
0.67/0.86	Metafeatures (57, 8)
0.67/0.86	X (3192, 16)
0.67/0.86	Y (3192,)
0.67/0.86	Dataset Mae MSE Rho
1.56/1.45	vehicle 0.352186814666 0.152707083929 0.368458846381
2.57/2.05	anneal.ORIG 0.275354837504 0.0998008917387 0.602785744298
3.58/2.65	segment 0.256498312579 0.0819602155646 0.726574988302
4.66/3.26	pendigits 0.320274202742 0.127149863055 0.638985209908
5.58/3.86	mushroom 0.187403045952 0.0436799605267 0.673891837459
6.63/4.46	labor 0.293814621779 0.117795569303 0.413708178392
7.48/5.06	abalone 0.311896641077 0.125879220847 0.529093975022
8.46/5.65	diabetes 0.502263580328 0.338477217479 0.0575312935577
9.40/6.25	car 0.344146935652 0.164760200739 0.462836024576
10.36/6.86	autos 0.255053772734 0.0856450838601 0.500328328243
11.34/7.46	mfeat-fourier 0.544362150488 0.380911256308 -0.405951150048
12.38/8.08	primary-tumor 0.233711842875 0.0675903649892 0.516812013476
13.36/8.69	waveform-5000 0.230351448931 0.0710906003222 0.697486132008
14.35/9.29	credit-a 0.387662254737 0.20708889244 0.3329057998
15.43/9.90	letter 0.229940079801 0.0748964292806 0.675831094546
16.34/10.50	postoperative-patient-data 0.405160377967 0.199027544144 -0.0174533137759
17.31/11.11	vowel 0.470051092685 0.276213503708 0.13316231992
18.30/11.73	eucalyptus 0.3867609566 0.19605780319 0.0769238644198
19.26/12.33	cylinder-bands 0.348215855873 0.156096098235 0.325148771455
20.19/12.93	ionosphere 0.411381551282 0.204615570392 0.0995485304257
21.15/13.53	mfeat-karhunen 0.182619207292 0.0464644531886 0.803822062236
22.13/14.15	balance-scale 0.233251486106 0.0749365089518 0.47123947195
23.12/14.76	mfeat-morphological 0.480849089552 0.305047770499 -0.277636972843
24.19/15.37	liver-disorders 0.306324282161 0.124385270855 0.477380452723
25.06/15.97	dermatology 0.19013268218 0.0477397335738 0.552365060057
26.10/16.57	vote 0.0715599957015 0.00861802788234 0.816104023782
27.02/17.19	breast-cancer 0.246798026782 0.0782677624201 0.157079823983
27.99/17.79	credit-g 0.533288279273 0.378244066443 -0.589534154209
28.97/18.39	soybean 0.123254445469 0.0240904905685 0.779581348658
30.10/19.00	arrhythmia 0.273147166401 0.10267043025 0.17679560436
30.96/19.61	nursery 0.298420812085 0.109754088018 0.528770765508
31.91/20.21	hepatitis 0.373452853905 0.20080728671 -0.511963870761
32.94/20.81	cmc 0.308834141106 0.112181674871 0.319331000197
33.84/21.41	heart-c 0.277301249595 0.101607284053 0.771501110799
34.91/22.02	glass 0.36106517043 0.158016604308 0.358439351435
35.82/22.62	braziltourism 0.50342251373 0.324214807743 -0.134778367492
36.83/23.23	iris 0.310141654537 0.126889753064 0.243053554806
37.89/23.85	heart-statlog 0.287593241264 0.11141265274 0.758572730224
38.88/24.46	page-blocks 0.308343926076 0.13045978411 0.459927138947
39.84/25.06	breast-w 0.224851610274 0.0727171764296 0.488692785726
40.81/25.67	heart-h 0.205050181832 0.0539043236494 0.597291182554
41.79/26.27	yeast 0.321102375231 0.131585619682 0.562061345488
42.73/26.88	tae 0.295421725299 0.108402452638 0.230448383745
43.76/27.48	haberman 0.255166717982 0.0895511094969 0.17679560436
44.64/28.08	mfeat-pixel 0.32528127137 0.130622990565 0.246932068978
45.71/28.68	optdigits 0.201068143634 0.0516806633318 0.764067291968
46.63/29.30	mfeat-factors 0.220457486948 0.0670139789958 0.716555493356
47.59/30.01	satimage 0.281825976824 0.105490232987 0.398194121703
48.54/30.61	lymph 0.172298664962 0.0432745258727 0.708475255497
49.50/31.21	audiology 0.341956418732 0.152519130543 0.277313763329
50.54/31.81	ecoli 0.412364207368 0.216405091851 0.0782167024773
51.45/32.41	tic-tac-toe 0.288993278236 0.125501138773 0.52521546085
52.53/33.03	spambase 0.223702125005 0.065969272658 0.816750442811
53.47/33.65	zoo 0.131553926052 0.0225949477031 0.754371006537
54.44/34.27	sonar 0.502219466894 0.317590861548 -0.225277031515
55.42/34.87	mfeat-zernike 0.266248557617 0.0959234995561 0.493217718927
56.40/35.48	kr-vs-kp 0.192989261148 0.0467541295088 0.682618494347
56.54/35.53	MAE 0.303137578865 0.103888354689
56.54/35.53	MSE 0.133943034493 0.133943034493
56.54/35.53	Mean tau 0.383519275682 0.340450613017
56.54/35.53	(0.08771929824561403, '1_landmark_decision_tree')
56.54/35.53	(1.719298245614035, '1_class_probability_max')
56.54/35.53	(2.017543859649123, '0_class_probability_max')
56.54/35.53	(3.456140350877193, '0_landmark_naive_bayes')
56.54/35.53	(3.473684210526316, '0_landmark_decision_tree')
56.54/35.53	(4.456140350877193, '1_landmark_naive_bayes')
56.54/35.53	(6.035087719298246, '0_landmark_lda')
56.54/35.53	(6.807017543859649, '1_landmark_lda')
56.54/35.53	(8.578947368421053, '1_number_of_categorical_features')
56.54/35.53	(9.017543859649123, '0_number_of_features')
56.54/35.53	(10.368421052631579, '1_number_of_features')
56.54/35.53	(11.491228070175438, '1_number_of_numeric_features')
56.54/35.53	(11.771929824561404, '0_number_of_numeric_features')
56.54/35.53	(12.421052631578947, '0_number_of_categorical_features')
56.54/35.53	(14.12280701754386, '1_number_of_classes')
56.54/35.53	(14.175438596491228, '0_number_of_classes')
56.54/35.53	Result for ParamILS: SAT, 34.678362, 1, 0.303138, -1, /home/feurerm/thesis/Software/pyMetaLearn/optimizers/metalearn_optimizer/learn_distances.py
