0.71/0.98	['/home/feurerm/thesis/Software/pyMetaLearn/optimizers/metalearn_optimizer/learn_distances.py', '--input_file', '/home/feurerm/thesis/experiments/2014_04_25_predict_distances/testfold_0-3_pfahringer_spearman_rank_perm.pkl', '--fold', '0', '--folds', '1', '--params', '-max_features', '0.422852530652', '-min_samples_leaf', '9', '-min_samples_split', '6', '-n_estimators', '53', '-n_jobs', '4', '-seed', '21']
0.71/0.98	Metafeatures (57, 8)
0.71/0.98	X (3192, 16)
0.71/0.99	Y (3192,)
0.71/0.99	Dataset Mae MSE Rho
1.42/1.33	vehicle 0.356693799565 0.155118198388 0.379447969869
2.30/1.80	anneal.ORIG 0.335250663308 0.144283305263 0.534588536766
2.99/2.16	segment 0.258114225311 0.0844375843457 0.731746340532
3.72/2.53	pendigits 0.333958928047 0.138348036319 0.604078582356
4.58/2.90	mushroom 0.200812310969 0.0504823170402 0.647388657281
5.27/3.26	labor 0.311656337228 0.133675155063 0.32773444757
6.03/3.63	abalone 0.320940464711 0.12771441728 0.528974921439
6.85/4.11	diabetes 0.513207895258 0.34424124277 0.0853273117934
7.65/4.48	car 0.364558219527 0.187056061963 0.326118399998
8.39/4.85	autos 0.251899324943 0.0824865621216 0.519074480077
9.21/5.34	mfeat-fourier 0.539250391859 0.378008132615 -0.442473825171
9.99/5.71	primary-tumor 0.22921658014 0.064559211602 0.537497422396
10.77/6.19	waveform-5000 0.218181472155 0.0646441916907 0.711384141126
11.54/6.56	credit-a 0.3822393098 0.204775433949 0.360701818036
12.30/6.93	letter 0.244828624544 0.0840650817381 0.674538256488
13.16/7.30	postoperative-patient-data 0.413153125768 0.217174438694 -0.0151908471753
13.86/7.67	vowel 0.46223162556 0.268601880392 0.184552632705
14.66/8.04	eucalyptus 0.395443077072 0.206923729877 0.0342602085231
15.43/8.41	cylinder-bands 0.339625275071 0.142039919007 0.348096646975
16.23/8.89	ionosphere 0.405708195685 0.200625436481 0.10504309217
16.98/9.26	mfeat-karhunen 0.204417560698 0.0565385437663 0.748553235279
17.80/9.74	balance-scale 0.238493712275 0.0765253983823 0.468330586321
18.56/10.11	mfeat-morphological 0.462545479926 0.283401099374 -0.227216288601
19.33/10.49	liver-disorders 0.276499166352 0.103232633211 0.339693199602
20.13/10.86	dermatology 0.18978690091 0.0465941968982 0.546870498312
20.90/11.23	vote 0.0801855604315 0.0098182500221 0.797034662434
21.71/11.61	breast-cancer 0.167415170664 0.0391670484718 0.303493733993
22.48/11.98	credit-g 0.591051672718 0.466483183764 -0.666134809115
23.27/12.35	soybean 0.116431172942 0.0211914372796 0.791216891175
24.04/12.72	arrhythmia 0.272333436851 0.103905478 0.199097060851
24.90/13.20	nursery 0.295970696891 0.111191400346 0.532002860651
25.61/13.58	hepatitis 0.320793033804 0.14378003329 -0.288626096332
26.39/14.05	cmc 0.288415605471 0.0997999822653 0.272788830127
27.15/14.43	heart-c 0.28593667106 0.107073605562 0.741765835477
27.91/14.80	glass 0.364325730701 0.160966108391 0.329350495142
28.71/15.17	braziltourism 0.445892167714 0.255898648004 0.0319977419225
29.47/15.55	iris 0.32186120148 0.129456428843 0.28701004876
30.25/15.92	heart-statlog 0.28434960487 0.10806689819 0.754694216052
31.03/16.29	page-blocks 0.348671630243 0.166164710738 0.357146513378
31.78/16.66	breast-w 0.217412920013 0.0659411975196 0.495480185528
32.56/17.03	heart-h 0.200891728352 0.0509890955562 0.643510143109
33.35/17.51	yeast 0.334866451298 0.138731288993 0.524892251335
34.11/17.88	tae 0.343292383066 0.145530194473 0.142535395837
34.89/18.26	haberman 0.24611046248 0.0805316425646 0.127667758176
35.68/18.62	mfeat-pixel 0.343762080751 0.146557191189 0.207500508225
36.43/18.99	optdigits 0.235751648159 0.070067956301 0.689082684635
37.22/19.37	mfeat-factors 0.230614595968 0.0730658770682 0.711707350641
37.98/19.73	satimage 0.287013770001 0.111417379789 0.321593466797
38.76/20.10	lymph 0.184771105357 0.0499241125514 0.621531896132
39.51/20.49	audiology 0.328310478505 0.140930333812 0.328380866599
40.32/20.96	ecoli 0.408864266112 0.215482897412 0.12055714886
41.05/21.35	tic-tac-toe 0.290282329195 0.123570005312 0.697162922494
41.83/21.82	spambase 0.218082177993 0.0635103408411 0.80705415738
42.58/22.19	zoo 0.140630219424 0.0262602054675 0.713969817241
43.35/22.56	sonar 0.51006787644 0.326776775447 -0.184875842219
44.12/22.92	mfeat-zernike 0.27332203801 0.101393760688 0.404335102476
44.88/23.29	kr-vs-kp 0.2095891945 0.0557716793143 0.640278047965
44.98/23.32	MAE 0.305894416634 0.104182814274
44.98/23.32	MSE 0.136052058872 0.136052058872
44.98/23.32	Mean tau 0.377444250358 0.323578588541
44.98/23.32	(0.0, '0_class_probability_max')
44.98/23.32	(1.1228070175438596, '1_class_probability_max')
44.98/23.32	(2.192982456140351, '1_landmark_decision_tree')
44.98/23.32	(3.0350877192982457, '0_landmark_decision_tree')
44.98/23.32	(3.824561403508772, '1_landmark_naive_bayes')
44.98/23.32	(5.508771929824562, '0_landmark_naive_bayes')
44.98/23.32	(5.807017543859649, '0_landmark_lda')
44.98/23.32	(7.649122807017544, '1_landmark_lda')
44.98/23.32	(9.824561403508772, '0_number_of_numeric_features')
44.98/23.32	(9.964912280701755, '0_number_of_features')
44.98/23.32	(10.017543859649123, '1_number_of_categorical_features')
44.98/23.32	(10.543859649122806, '1_number_of_features')
44.98/23.32	(10.666666666666666, '1_number_of_numeric_features')
44.98/23.32	(10.842105263157896, '0_number_of_categorical_features')
44.98/23.32	(14.43859649122807, '1_number_of_classes')
44.98/23.32	(14.56140350877193, '0_number_of_classes')
44.98/23.32	Result for ParamILS: SAT, 22.338934, 1, 0.305894, -1, /home/feurerm/thesis/Software/pyMetaLearn/optimizers/metalearn_optimizer/learn_distances.py
