0.72/0.93	['/home/feurerm/thesis/Software/pyMetaLearn/optimizers/metalearn_optimizer/learn_distances.py', '--input_file', '/home/feurerm/thesis/experiments/2014_04_25_predict_distances/testfold_0-3_pfahringer_spearman_rank_perm.pkl', '--fold', '0', '--folds', '1', '--params', '-max_features', '0.572520245977', '-min_samples_leaf', '2', '-min_samples_split', '8', '-n_estimators', '26', '-n_jobs', '4', '-seed', '85']
0.72/0.93	Metafeatures (57, 8)
0.72/0.93	X (3192, 16)
0.72/0.93	Y (3192,)
0.72/0.93	Dataset Mae MSE Rho
1.31/1.27	vehicle 0.328824231571 0.13065117843 0.42243483528
1.94/1.64	anneal.ORIG 0.356647905121 0.167202669546 0.359085770464
2.64/2.00	segment 0.17512456213 0.0384730468937 0.819982537954
3.23/2.36	pendigits 0.273556387402 0.0979021778009 0.691345151235
3.86/2.72	mushroom 0.175540638713 0.0404086881624 0.659347409313
4.50/3.08	labor 0.303552144483 0.13260724914 0.276020925271
5.12/3.44	abalone 0.195770224056 0.0492403990393 0.766006549055
5.82/3.80	diabetes 0.478733597061 0.300706368215 0.178411651932
6.39/4.16	car 0.346682454724 0.171683032157 0.359732189493
7.03/4.52	autos 0.21632088257 0.0627995682861 0.630581762534
7.66/4.88	mfeat-fourier 0.58198719658 0.4392259587 -0.413061759364
8.27/5.23	primary-tumor 0.22467326529 0.0632323327598 0.513579918332
8.92/5.59	waveform-5000 0.184640490583 0.048171636466 0.723019683644
9.54/5.95	credit-a 0.337451471172 0.162376704975 0.495803395042
10.19/6.31	letter 0.238886165752 0.0766824121441 0.581130706836
10.84/6.67	postoperative-patient-data 0.422461939866 0.230377601095 0.06658115996
11.48/7.03	vowel 0.424371987297 0.231164922469 0.320623838254
12.11/7.39	eucalyptus 0.441354844036 0.251780560736 -0.117001844202
12.74/7.75	cylinder-bands 0.319227858078 0.128420953136 0.449584434487
13.41/8.12	ionosphere 0.394398601346 0.189715390345 0.121849986917
14.03/8.48	mfeat-karhunen 0.164339809096 0.0414469886858 0.774086786914
14.67/8.84	balance-scale 0.235168316391 0.0791174194619 0.476087614666
15.32/9.21	mfeat-morphological 0.470484401855 0.296125888288 -0.170008204558
15.96/9.57	liver-disorders 0.225172377737 0.0672972756981 0.643186933594
16.59/9.93	dermatology 0.216355596228 0.0606601906472 0.455078996232
17.21/10.29	vote 0.0812480867589 0.0117991064199 0.748876444793
17.87/10.65	breast-cancer 0.135181485677 0.0259087431928 0.417909902079
18.52/11.01	credit-g 0.615359477037 0.521270933227 -0.521660156192
19.14/11.37	soybean 0.142011498943 0.0330078677453 0.577575402177
19.75/11.73	arrhythmia 0.272173709913 0.101523590116 0.0808023785923
20.38/12.09	nursery 0.249402221199 0.0810656016701 0.654176057083
21.02/12.44	hepatitis 0.254939827177 0.0838497735405 0.369428474924
21.65/12.80	cmc 0.302463931691 0.120730403923 0.245962440435
22.28/13.16	heart-c 0.215396246104 0.0616083645757 0.817396861839
22.91/13.52	glass 0.408260596113 0.207130236101 0.000323209514369
23.56/13.88	braziltourism 0.438518983649 0.249856571169 0.0976092733395
24.18/14.24	iris 0.281079759128 0.105772333785 0.355530465806
24.81/14.59	heart-statlog 0.203020869848 0.0586595310573 0.797681081463
25.45/14.95	page-blocks 0.410471187249 0.229916779526 0.0885594069371
26.08/15.31	breast-w 0.217086855599 0.0645063843262 0.45863430089
26.70/15.66	heart-h 0.141287145586 0.0278659183018 0.707182417439
27.31/16.02	yeast 0.232515185939 0.0708749969386 0.698778970066
27.95/16.38	tae 0.375207227284 0.171952482745 0.147383538552
28.60/16.74	haberman 0.253079155031 0.083288645118 0.158695871555
29.23/17.11	mfeat-pixel 0.364046087492 0.162575525774 0.19457212765
29.89/17.47	optdigits 0.141584564777 0.0273678669055 0.804468481265
30.55/17.83	mfeat-factors 0.186333815349 0.0504846154831 0.75824952071
31.18/18.19	satimage 0.27139827337 0.101090992947 0.393345978987
31.86/18.56	lymph 0.193864089013 0.0561428646381 0.574989726063
32.49/18.92	audiology 0.306907711085 0.132184873557 0.444736291772
33.14/19.28	ecoli 0.408775571768 0.21836898681 0.140596138751
33.77/19.64	tic-tac-toe 0.313253363253 0.154107212953 0.339369990088
34.42/19.99	spambase 0.22276726672 0.0562171363818 0.850041022791
35.06/20.35	zoo 0.0849673813801 0.0110410009813 0.83517338513
35.70/20.71	sonar 0.492292136489 0.302204231422 -0.0688436265606
36.33/21.07	mfeat-zernike 0.23641278707 0.0827903171698 0.542668774626
36.94/21.43	kr-vs-kp 0.146972724029 0.0284667517593 0.783136653316
36.94/21.44	MAE 0.286491343348 0.118266852455
36.94/21.44	MSE 0.127212302694 0.127212302694
36.94/21.44	Mean tau 0.413628793599 0.318810858026
36.94/21.44	(0.42105263157894735, '1_class_probability_max')
36.94/21.44	(0.5789473684210527, '0_class_probability_max')
36.94/21.44	(2.6491228070175437, '1_landmark_decision_tree')
36.94/21.44	(3.1052631578947367, '0_landmark_decision_tree')
36.94/21.44	(3.491228070175439, '0_landmark_naive_bayes')
36.94/21.44	(4.807017543859649, '1_landmark_naive_bayes')
36.94/21.44	(7.543859649122807, '1_number_of_numeric_features')
36.94/21.44	(7.807017543859649, '0_number_of_numeric_features')
36.94/21.44	(9.263157894736842, '1_number_of_categorical_features')
36.94/21.44	(9.421052631578947, '0_number_of_categorical_features')
36.94/21.44	(9.929824561403509, '0_number_of_features')
36.94/21.44	(10.175438596491228, '0_landmark_lda')
36.94/21.44	(10.912280701754385, '1_number_of_features')
36.94/21.44	(11.035087719298245, '1_landmark_lda')
36.94/21.44	(14.385964912280702, '1_number_of_classes')
36.94/21.44	(14.473684210526315, '0_number_of_classes')
36.94/21.44	Result for ParamILS: SAT, 20.516302, 1, 0.286491, -1, /home/feurerm/thesis/Software/pyMetaLearn/optimizers/metalearn_optimizer/learn_distances.py
