0.77/0.90	['/home/feurerm/thesis/Software/pyMetaLearn/optimizers/metalearn_optimizer/learn_distances.py', '--input_file', '/home/feurerm/thesis/experiments/2014_04_25_predict_distances/testfold_0-3_pfahringer_spearman_rank_perm.pkl', '--fold', '0', '--folds', '1', '--params', '-max_features', '0.282079880958', '-min_samples_leaf', '5', '-min_samples_split', '7', '-n_estimators', '82', '-n_jobs', '4', '-seed', '98']
0.77/0.91	Metafeatures (57, 8)
0.77/0.91	X (3192, 16)
0.77/0.91	Y (3192,)
0.77/0.91	Dataset Mae MSE Rho
1.61/1.37	vehicle 0.362920016363 0.161691365263 0.308665086222
2.60/1.98	anneal.ORIG 0.290107369915 0.110637082883 0.550102593456
3.60/2.48	segment 0.245808846061 0.0759442759356 0.750815701879
4.59/2.99	pendigits 0.315727364654 0.12420061153 0.626703248362
5.63/3.59	mushroom 0.182244130834 0.0414141987252 0.687143427549
6.71/4.10	labor 0.303948816205 0.128819132595 0.323209514369
7.63/4.71	abalone 0.290511711786 0.10912854005 0.588241316152
8.66/5.32	diabetes 0.499108550942 0.33274784722 0.0895290354802
9.67/5.83	car 0.351678407572 0.172901301266 0.356176884835
10.66/6.35	autos 0.243850828274 0.0763511822928 0.641570886023
11.65/6.84	mfeat-fourier 0.546735911091 0.386002960124 -0.409506454706
12.65/7.44	primary-tumor 0.222201166444 0.0607528782177 0.51713522299
13.63/8.06	waveform-5000 0.215152504553 0.0661719539154 0.70201106521
14.66/8.67	credit-a 0.383395264917 0.204340854147 0.369428474924
15.75/9.20	letter 0.244400931759 0.0841560035917 0.648681495339
16.68/9.71	postoperative-patient-data 0.414391929615 0.215421323943 -0.024563923092
17.67/10.22	vowel 0.469738257272 0.276330862346 0.158695871555
18.72/10.75	eucalyptus 0.38375267852 0.19425696922 0.0643186933594
19.70/11.25	cylinder-bands 0.33387915429 0.142324106526 0.405627940533
20.70/11.75	ionosphere 0.409013827131 0.20142329881 0.0959932257676
21.75/12.45	mfeat-karhunen 0.174144151081 0.0427074155427 0.806407738351
22.75/13.05	balance-scale 0.238453635929 0.077267680372 0.449907644002
23.73/13.65	mfeat-morphological 0.467909015243 0.288565622998 -0.239175040633
24.71/14.15	liver-disorders 0.315677883776 0.12790992782 0.52230657522
25.72/14.68	dermatology 0.194251451741 0.0496177220997 0.538467050939
26.71/15.28	vote 0.0692469835012 0.00783197175345 0.822568214069
27.76/15.89	breast-cancer 0.199217067514 0.0515412441705 0.319654209711
28.75/16.39	credit-g 0.563370829359 0.418524856252 -0.595028715953
29.74/16.89	soybean 0.11572102108 0.021017628421 0.78863121506
30.76/17.41	arrhythmia 0.275284890455 0.103344465485 0.197804222794
31.74/18.01	nursery 0.285117735654 0.099006393091 0.585978849551
32.87/18.61	hepatitis 0.344758800996 0.170275706704 -0.449907644002
33.78/19.21	cmc 0.305300535774 0.112998163512 0.2226913554
34.84/19.72	heart-c 0.262793988693 0.0915018344418 0.79380256729
35.74/20.22	glass 0.363141546001 0.160706716257 0.338400361544
36.74/20.72	braziltourism 0.477961856879 0.29467552697 -0.012281961546
37.80/21.34	iris 0.310700525155 0.121619033038 0.30995792428
38.90/21.94	heart-statlog 0.295743668504 0.116787525516 0.759219149253
39.84/22.55	page-blocks 0.339206772512 0.158341418353 0.387851417243
41.00/24.00	breast-w 0.212705222123 0.064527008796 0.556566783744
41.88/24.50	heart-h 0.190167275273 0.0456420106909 0.654176057083
42.87/25.12	yeast 0.32637475756 0.134892823707 0.545577660255
43.87/25.62	tae 0.330526079902 0.133909368887 0.14576749098
44.88/26.12	haberman 0.23548010138 0.0746417379305 0.359085770464
45.96/27.45	mfeat-pixel 0.338587384239 0.13901674051 0.229801964716
46.87/28.05	optdigits 0.192340076896 0.0484509493107 0.763744082454
48.00/28.66	mfeat-factors 0.22089906227 0.0649841644738 0.738210530819
48.88/29.17	satimage 0.274530162691 0.102851925943 0.414677806935
49.88/29.67	lymph 0.188377548942 0.049968254784 0.649974333396
50.83/30.18	audiology 0.338844757142 0.158246849869 0.32547198097
51.86/30.68	ecoli 0.415046637976 0.218779922905 0.0798327500492
52.84/31.18	tic-tac-toe 0.300466747813 0.133674151262 0.600200068183
53.81/31.68	spambase 0.211575672527 0.0588238346902 0.86555507948
54.78/32.18	zoo 0.119425069515 0.0188529302244 0.766976177598
55.76/32.68	sonar 0.511459499488 0.325998006272 -0.20491483211
56.72/33.17	mfeat-zernike 0.247706746331 0.084605641805 0.556889993258
57.69/33.67	kr-vs-kp 0.190577937026 0.0458048637841 0.685204170462
57.82/33.72	MAE 0.300906329248 0.107018404892
57.82/33.72	MSE 0.133033838373 0.133033838373
57.82/33.72	Mean tau 0.398772496623 0.336926677699
57.82/33.72	(0.42105263157894735, '1_class_probability_max')
57.82/33.72	(0.9298245614035088, '0_class_probability_max')
57.82/33.72	(1.8421052631578947, '1_landmark_decision_tree')
57.82/33.72	(3.3508771929824563, '0_landmark_decision_tree')
57.82/33.72	(4.280701754385965, '1_landmark_naive_bayes')
57.82/33.72	(4.964912280701754, '0_landmark_naive_bayes')
57.82/33.72	(5.385964912280702, '0_landmark_lda')
57.82/33.72	(7.157894736842105, '1_landmark_lda')
57.82/33.72	(9.456140350877194, '1_number_of_numeric_features')
57.82/33.72	(9.859649122807017, '1_number_of_features')
57.82/33.72	(10.491228070175438, '0_number_of_categorical_features')
57.82/33.72	(10.719298245614034, '0_number_of_features')
57.82/33.72	(10.807017543859649, '1_number_of_categorical_features')
57.82/33.72	(11.631578947368421, '0_number_of_numeric_features')
57.82/33.72	(13.982456140350877, '0_number_of_classes')
57.82/33.72	(14.719298245614034, '1_number_of_classes')
57.82/33.72	Result for ParamILS: SAT, 32.815754, 1, 0.300906, -1, /home/feurerm/thesis/Software/pyMetaLearn/optimizers/metalearn_optimizer/learn_distances.py
