0.78/1.00	['/home/feurerm/thesis/Software/pyMetaLearn/optimizers/metalearn_optimizer/learn_distances.py', '--input_file', '/home/feurerm/thesis/experiments/2014_04_25_predict_distances/testfold_0-3_pfahringer_spearman_rank_perm.pkl', '--fold', '0', '--folds', '1', '--params', '-max_features', '0.563968049985', '-min_samples_leaf', '6', '-min_samples_split', '3', '-n_estimators', '45', '-n_jobs', '4', '-seed', '2']
0.78/1.01	Metafeatures (57, 8)
0.78/1.01	X (3192, 16)
0.78/1.01	Y (3192,)
0.78/1.01	Dataset Mae MSE Rho
1.60/1.46	vehicle 0.339126973639 0.138401880946 0.399810169275
2.54/1.93	anneal.ORIG 0.484271448261 0.270991813456 0.618946220017
3.54/2.40	segment 0.219457608909 0.06157593918 0.782813443802
4.42/2.87	pendigits 0.279933129303 0.100764730453 0.70427353181
5.35/3.34	mushroom 0.186565101452 0.0442864893087 0.657408152227
6.26/3.81	labor 0.296784740281 0.125770497609 0.244992811892
7.22/4.27	abalone 0.270907870462 0.0939013069781 0.619269429531
8.18/4.74	diabetes 0.512145378638 0.331344929987 0.214934327055
9.12/5.21	car 0.366695554396 0.186501801324 0.2789298109
10.05/5.67	autos 0.226572093207 0.0670587036346 0.636722743307
11.01/6.14	mfeat-fourier 0.575043708495 0.42824532311 -0.454109367689
11.96/6.61	primary-tumor 0.224025166612 0.0626458273664 0.534911746281
12.87/7.08	waveform-5000 0.175894265392 0.0445465166229 0.760835196825
13.84/7.55	credit-a 0.372600958299 0.198456077458 0.424697301881
14.79/8.04	letter 0.235280930374 0.0789716300725 0.654176057083
15.74/8.51	postoperative-patient-data 0.418444235687 0.224902363441 0.104396673141
16.68/8.98	vowel 0.458880661132 0.264739585287 0.167099318929
17.64/9.45	eucalyptus 0.408577380792 0.222708728026 0.0126051710604
18.62/9.92	cylinder-bands 0.320532527181 0.129505198801 0.464128862634
19.54/10.40	ionosphere 0.406328776425 0.200462277785 0.118941101288
20.48/10.88	mfeat-karhunen 0.168152161464 0.040711718569 0.789600843604
21.42/11.36	balance-scale 0.248189660544 0.0821128963999 0.414677806935
22.35/11.84	mfeat-morphological 0.482156454546 0.309883015331 -0.238528621604
23.28/12.31	liver-disorders 0.295263737099 0.11425434955 0.480612547867
24.20/12.79	dermatology 0.200940728053 0.0523633313336 0.515842384933
25.14/13.26	vote 0.076390747308 0.00919787129614 0.783459862831
26.08/13.72	breast-cancer 0.143604664142 0.0278384913816 0.375569455697
27.03/14.20	credit-g 0.597657890596 0.476595091605 -0.642217305051
27.98/14.67	soybean 0.109527329742 0.0188718705733 0.783459862831
28.92/15.15	arrhythmia 0.272296262956 0.101805051129 0.220105679285
29.87/15.61	nursery 0.266789510019 0.0914081530224 0.626703248362
30.81/16.11	hepatitis 0.25425508764 0.0885074220684 0.396901283645
31.75/16.58	cmc 0.268497328381 0.0960536616886 0.294120658076
32.68/17.06	heart-c 0.244028438086 0.0784295105897 0.784106281859
33.65/17.53	glass 0.342849579264 0.140860240923 0.422758044795
34.63/18.00	braziltourism 0.389831623278 0.193198621653 0.131546272348
35.51/18.47	iris 0.289708815901 0.111701035708 0.337107523487
36.43/18.94	heart-statlog 0.227485309488 0.0690411578016 0.780227767687
37.36/19.42	page-blocks 0.367160873464 0.179701403375 0.259537240038
38.29/19.89	breast-w 0.217183727545 0.0648747668699 0.540729517539
39.29/20.30	heart-h 0.159792876681 0.0353783391583 0.65837778077
40.19/20.77	yeast 0.303016192073 0.115054641649 0.597937601583
41.13/21.25	tae 0.368457271051 0.165865722639 0.133485529434
42.10/21.72	haberman 0.256149648419 0.0859372049777 0.105689511199
43.09/22.20	mfeat-pixel 0.346581538425 0.146864434754 0.229478755202
44.02/24.85	optdigits 0.188218335776 0.0461590520745 0.744997930621
44.97/25.61	mfeat-factors 0.203985358041 0.0570020149167 0.725928569273
45.92/26.08	satimage 0.269227888658 0.100024026344 0.421465206737
46.86/26.55	lymph 0.19912910295 0.0595176881964 0.526508298907
47.80/27.35	audiology 0.322156803074 0.142792031612 0.39722449316
48.79/27.94	ecoli 0.402793674529 0.207051604203 0.161927966699
49.74/28.43	tic-tac-toe 0.280965615928 0.121615665346 0.560122088402
50.73/28.91	spambase 0.215892537915 0.0572697993966 0.867817546081
51.66/29.38	zoo 0.10120704819 0.0145945777629 0.837112642216
52.62/29.86	sonar 0.517780414975 0.337681082485 -0.180997328047
53.55/30.33	mfeat-zernike 0.257002530596 0.0915208417421 0.461543186519
54.49/30.80	kr-vs-kp 0.177653997877 0.040732810463 0.70944488404
54.56/30.83	MAE 0.294913145151 0.115411964671
54.56/30.83	MSE 0.130671102095 0.130671102095
54.56/30.83	Mean tau 0.420353819635 0.317670230017
54.56/30.83	(0.05263157894736842, '1_class_probability_max')
54.56/30.83	(0.9473684210526315, '0_class_probability_max')
54.56/30.83	(2.3333333333333335, '0_landmark_decision_tree')
54.56/30.83	(2.824561403508772, '1_landmark_decision_tree')
54.56/30.83	(4.245614035087719, '0_landmark_naive_bayes')
54.56/30.83	(4.649122807017544, '1_landmark_naive_bayes')
54.56/30.83	(7.614035087719298, '0_number_of_numeric_features')
54.56/30.83	(7.947368421052632, '1_number_of_numeric_features')
54.56/30.83	(8.701754385964913, '0_landmark_lda')
54.56/30.83	(9.403508771929825, '0_number_of_categorical_features')
54.56/30.83	(10.333333333333334, '1_number_of_categorical_features')
54.56/30.83	(10.526315789473685, '1_landmark_lda')
54.56/30.83	(10.631578947368421, '0_number_of_features')
54.56/30.83	(10.789473684210526, '1_number_of_features')
54.56/30.83	(14.403508771929825, '0_number_of_classes')
54.56/30.83	(14.596491228070175, '1_number_of_classes')
54.56/30.83	Result for ParamILS: SAT, 29.826068, 1, 0.294913, -1, /home/feurerm/thesis/Software/pyMetaLearn/optimizers/metalearn_optimizer/learn_distances.py
