0.74/1.23	['/home/feurerm/thesis/Software/pyMetaLearn/optimizers/metalearn_optimizer/learn_distances.py', '--input_file', '/home/feurerm/thesis/experiments/2014_04_25_predict_distances/testfold_0-3_pfahringer_spearman_rank_perm.pkl', '--fold', '0', '--folds', '1', '--params', '-max_features', '0.762674069949', '-min_samples_leaf', '3', '-min_samples_split', '10', '-n_estimators', '88', '-n_jobs', '4', '-seed', '32']
0.74/1.24	Metafeatures (57, 8)
0.74/1.24	X (3192, 16)
0.74/1.24	Y (3192,)
0.74/1.24	Dataset Mae MSE Rho
2.97/2.09	vehicle 0.347524226677 0.144134101141 0.38397290307
5.56/3.10	anneal.ORIG 0.466164656691 0.269520115123 0.240144669176
7.82/4.09	segment 0.160145391557 0.03323548828 0.847132137161
10.27/5.10	pendigits 0.253226960329 0.0836142424057 0.727867826359
12.70/6.11	mushroom 0.168686668031 0.0368946130991 0.687789846577
15.12/7.13	labor 0.313438090381 0.134754302387 0.208146927254
17.51/8.03	abalone 0.22054030511 0.0605803888455 0.740149787905
20.03/8.96	diabetes 0.520733752861 0.335898936942 0.233357269374
22.33/9.86	car 0.36308962132 0.173495890202 0.245962440435
24.69/10.75	autos 0.21518018454 0.0609476044641 0.706535998411
27.08/11.66	mfeat-fourier 0.577469913894 0.433041651875 -0.432131120711
29.45/12.66	primary-tumor 0.226008791716 0.0640484209798 0.548809755399
31.81/13.46	waveform-5000 0.142880650748 0.0316947848661 0.777642091572
34.16/14.26	credit-a 0.355366619154 0.178073401147 0.485460690582
36.52/15.16	letter 0.221019296554 0.0682647583737 0.669366904258
38.91/16.06	postoperative-patient-data 0.441899962379 0.255455912282 0.0672275789888
41.25/16.96	vowel 0.409058805194 0.210239474845 0.430191863625
43.62/17.85	eucalyptus 0.450825673696 0.266305218078 -0.140596138751
46.05/18.75	cylinder-bands 0.345913818511 0.148482539249 0.354560837263
48.38/19.76	ionosphere 0.420797243635 0.213124054636 0.0610865982158
50.77/20.67	mfeat-karhunen 0.134773632258 0.0274572485148 0.841637575417
53.14/21.58	balance-scale 0.226602026672 0.0713622593405 0.559475669373
55.51/22.58	mfeat-morphological 0.485616915403 0.309349926123 -0.22786270763
57.87/23.47	liver-disorders 0.273369215183 0.0990302984672 0.54816333637
60.34/24.39	dermatology 0.210110895494 0.05733051541 0.480935757381
62.67/25.30	vote 0.0749186404529 0.00960483858539 0.768915434684
65.12/26.32	breast-cancer 0.1610473609 0.0368395844383 0.347450227947
67.60/27.24	credit-g 0.669194843207 0.593896885993 -0.667427647172
70.03/28.17	soybean 0.122659673593 0.024379069481 0.722696474129
72.43/29.07	arrhythmia 0.243754678762 0.0831618688986 0.353267999205
74.98/30.10	nursery 0.24759895699 0.0797806506422 0.655792104655
77.45/31.10	hepatitis 0.240814662219 0.0771573465577 0.451200482059
79.82/32.01	cmc 0.259726055318 0.0909713066265 0.342925294746
82.18/32.95	heart-c 0.197746871622 0.0553758003952 0.848748184733
84.59/33.86	glass 0.342134850522 0.140340265182 0.44829159643
87.05/34.87	braziltourism 0.453196362547 0.266032512092 0.0384619322099
89.44/35.88	iris 0.28377132912 0.103824985521 0.370398103467
91.81/36.67	heart-statlog 0.207624689997 0.0592703682049 0.84034473736
94.21/37.58	page-blocks 0.408600132528 0.22775000811 0.0223014564915
96.69/38.58	breast-w 0.209500720566 0.0568445783408 0.573050468976
98.98/39.58	heart-h 0.141230703785 0.0279836970834 0.746937187707
101.38/40.59	yeast 0.242131428239 0.0724132137643 0.755017425566
103.81/41.53	tae 0.389324651114 0.182132078796 0.179381280475
106.26/42.48	haberman 0.268570520266 0.0935502811257 0.0681972075319
108.65/43.49	mfeat-pixel 0.371866601794 0.16940379352 0.173240299702
111.25/44.50	optdigits 0.14432882289 0.0284687581225 0.803498852721
113.55/45.41	mfeat-factors 0.176254719201 0.0431217329097 0.777318882058
116.00/46.42	satimage 0.257635349106 0.0927706674214 0.472209100493
118.45/47.56	lymph 0.239834147713 0.0876481932441 0.364903541723
120.91/48.48	audiology 0.295931075882 0.115936611267 0.485460690582
123.24/49.38	ecoli 0.385200612139 0.188727511585 0.23820541209
125.77/50.40	tic-tac-toe 0.305633584898 0.141830137332 0.502590794844
128.05/51.41	spambase 0.218167422934 0.0554547115228 0.880745926656
130.41/52.21	zoo 0.0905313167985 0.0116796961306 0.878160250541
132.80/53.21	sonar 0.509508637385 0.323417071526 -0.159988709613
135.24/54.23	mfeat-zernike 0.233400687503 0.0776562372507 0.551072221999
137.66/55.04	kr-vs-kp 0.145250291207 0.0273702574625 0.777642091572
137.66/55.09	MAE 0.28925497753 0.127291555809
137.66/55.09	MSE 0.130019839758 0.130019839758
137.66/55.09	Mean tau 0.432562066731 0.341907734694
137.66/55.09	(0.0, '1_class_probability_max')
137.66/55.09	(1.0, '0_class_probability_max')
137.66/55.09	(2.56140350877193, '0_landmark_decision_tree')
137.66/55.09	(3.56140350877193, '1_landmark_naive_bayes')
137.66/55.09	(3.5964912280701755, '0_landmark_naive_bayes')
137.66/55.09	(5.140350877192983, '1_landmark_decision_tree')
137.66/55.09	(6.56140350877193, '1_number_of_numeric_features')
137.66/55.09	(6.912280701754386, '0_number_of_numeric_features')
137.66/55.09	(8.87719298245614, '1_number_of_categorical_features')
137.66/55.09	(8.947368421052632, '0_number_of_categorical_features')
137.66/55.09	(9.666666666666666, '1_number_of_features')
137.66/55.09	(10.035087719298245, '0_number_of_features')
137.66/55.09	(11.508771929824562, '1_landmark_lda')
137.66/55.09	(12.631578947368421, '0_landmark_lda')
137.66/55.09	(14.473684210526315, '0_number_of_classes')
137.66/55.09	(14.526315789473685, '1_number_of_classes')
137.66/55.09	Result for ParamILS: SAT, 53.851732, 1, 0.289255, -1, /home/feurerm/thesis/Software/pyMetaLearn/optimizers/metalearn_optimizer/learn_distances.py
