0.72/1.76	['/home/feurerm/thesis/Software/pyMetaLearn/optimizers/metalearn_optimizer/learn_distances.py', '--input_file', '/home/feurerm/thesis/experiments/2014_04_25_predict_distances/testfold_0-3_pfahringer_spearman_rank_perm.pkl', '--fold', '0', '--folds', '1', '--params', '-max_features', '0.548321191746', '-min_samples_leaf', '4', '-min_samples_split', '5', '-n_estimators', '12', '-n_jobs', '4', '-seed', '90']
0.72/1.77	Metafeatures (57, 8)
0.72/1.77	X (3192, 16)
0.72/1.77	Y (3192,)
0.72/1.77	Dataset Mae MSE Rho
1.02/2.11	vehicle 0.350164626452 0.149894301066 0.325148771455
1.31/2.57	anneal.ORIG 0.357971679775 0.176552769819 0.260366207894
1.62/3.19	segment 0.18637301897 0.0457616758676 0.780227767687
1.91/3.46	pendigits 0.273722000866 0.0934756166047 0.686173799005
2.20/3.71	mushroom 0.176343857078 0.0401094564183 0.651267171454
2.49/4.22	labor 0.298153007464 0.129957178731 0.231275011482
2.79/4.65	abalone 0.252942163522 0.0841213504466 0.619269429531
3.11/4.90	diabetes 0.524615982175 0.351541187115 0.150615633696
3.42/5.24	car 0.344547213406 0.171876133446 0.441827406142
3.71/5.49	autos 0.207581430641 0.0576196557871 0.630904972048
4.02/5.92	mfeat-fourier 0.592287156412 0.45435094506 -0.414549548882
4.30/6.17	primary-tumor 0.223142280009 0.0627022368357 0.48901599524
4.61/6.55	waveform-5000 0.163109893739 0.042623210624 0.722373264615
4.90/6.95	credit-a 0.356732010586 0.178233535282 0.472855519522
5.19/7.25	letter 0.249419467486 0.0849824424904 0.627672876905
5.50/7.71	postoperative-patient-data 0.406931913277 0.212499217743 0.233214424576
5.81/8.03	vowel 0.464735585789 0.284327247635 0.185522261248
6.11/8.37	eucalyptus 0.387982990396 0.200057236732 0.0093730759167
6.41/12.79	cylinder-bands 0.316000194832 0.126008614292 0.400456588303
6.71/13.63	ionosphere 0.396299369515 0.193785690617 0.096316435282
7.03/13.88	mfeat-karhunen 0.148990489884 0.0328184785674 0.79897391952
7.33/14.13	balance-scale 0.211346083115 0.0641914076161 0.592329082516
7.64/14.38	mfeat-morphological 0.50056459058 0.32924465095 -0.184405861705
7.91/14.63	liver-disorders 0.289031113761 0.110953931042 0.279621217657
8.20/14.87	dermatology 0.208837348698 0.0570151219001 0.513579918332
8.51/15.12	vote 0.0841728228574 0.0115453831597 0.743381883049
8.80/15.40	breast-cancer 0.151638220454 0.0333243773692 0.371415316409
9.10/15.89	credit-g 0.653014956167 0.551686196431 -0.649651123882
9.41/16.21	soybean 0.124715144371 0.0245428681098 0.709121674526
9.71/16.46	arrhythmia 0.285481734267 0.107698878945 0.339693199602
10.00/16.79	nursery 0.239619646491 0.0747351904363 0.667750856686
10.31/20.50	hepatitis 0.270016584461 0.101388516854 0.277497690226
10.59/21.24	cmc 0.292811296345 0.111279376266 0.269600110434
10.91/21.49	heart-c 0.220515485953 0.0679350595277 0.769885063227
11.21/21.73	glass 0.301541729588 0.111011548338 0.573050468976
11.50/21.98	braziltourism 0.566026119174 0.40545340835 -0.179880564486
11.81/22.24	iris 0.297817181923 0.115719800904 0.352165094353
12.12/22.49	heart-statlog 0.219520415 0.0707514247128 0.705784748526
12.41/22.74	page-blocks 0.453596734145 0.279151129358 0.154344958746
12.74/23.01	breast-w 0.214909409612 0.0660311762763 0.563354183545
13.03/23.26	heart-h 0.154238023929 0.0332992369151 0.655792104655
13.32/23.98	yeast 0.211347944326 0.0607566019258 0.725605359759
13.63/24.23	tae 0.387818900936 0.186736735768 0.0772470739342
13.94/24.62	haberman 0.249722118559 0.0815325738626 0.2204288888
14.25/24.87	mfeat-pixel 0.346983068578 0.152919924804 0.197481013279
14.53/25.35	optdigits 0.144888994835 0.0292339333527 0.78636874846
14.83/25.62	mfeat-factors 0.180446876134 0.0452928766344 0.746290768678
15.12/26.26	satimage 0.26772217763 0.099422201738 0.421788416252
15.42/26.51	lymph 0.221166268509 0.0701910822492 0.472209100493
15.71/27.05	audiology 0.361585642836 0.163188345615 0.175355267266
16.03/27.30	ecoli 0.454717518649 0.264991436886 -0.154817357383
16.30/27.78	tic-tac-toe 0.282264438653 0.122918270494 0.404011892961
16.62/28.28	spambase 0.237127634512 0.0658132505263 0.823861052127
16.92/28.67	zoo 0.109202361403 0.0162874459126 0.779581348658
17.23/29.08	sonar 0.535480180735 0.359123988294 -0.22560024103
17.53/29.33	mfeat-zernike 0.238661040755 0.0840383073319 0.52747792745
17.82/29.58	kr-vs-kp 0.149294989489 0.0310092180656 0.744351511592
17.82/29.59	MAE 0.294664756661 0.127595745872
17.82/29.59	MSE 0.135679176458 0.135679176458
17.82/29.59	Mean tau 0.397269680269 0.328888102991
17.82/29.59	(0.0, '1_class_probability_max')
17.82/29.59	(1.0, '0_class_probability_max')
17.82/29.59	(4.298245614035087, '0_landmark_naive_bayes')
17.82/29.59	(4.350877192982456, '0_landmark_decision_tree')
17.82/29.59	(5.105263157894737, '1_landmark_decision_tree')
17.82/29.59	(5.578947368421052, '0_landmark_lda')
17.82/29.59	(5.87719298245614, '1_landmark_lda')
17.82/29.59	(6.421052631578948, '1_landmark_naive_bayes')
17.82/29.59	(7.982456140350878, '1_number_of_numeric_features')
17.82/29.59	(9.789473684210526, '0_number_of_categorical_features')
17.82/29.59	(9.964912280701755, '0_number_of_features')
17.82/29.59	(10.298245614035087, '0_number_of_numeric_features')
17.82/29.59	(10.56140350877193, '1_number_of_categorical_features')
17.82/29.59	(10.56140350877193, '1_number_of_features')
17.82/29.59	(13.578947368421053, '0_number_of_classes')
17.82/29.59	(14.631578947368421, '1_number_of_classes')
17.82/29.59	Result for ParamILS: SAT, 27.828062, 1, 0.294665, -1, /home/feurerm/thesis/Software/pyMetaLearn/optimizers/metalearn_optimizer/learn_distances.py
