0.75/1.77	['/home/feurerm/thesis/Software/pyMetaLearn/optimizers/metalearn_optimizer/learn_distances.py', '--input_file', '/home/feurerm/thesis/experiments/2014_04_25_predict_distances/testfold_0-3_pfahringer_spearman_rank_perm.pkl', '--fold', '0', '--folds', '1', '--params', '-max_features', '0.87763541738', '-min_samples_leaf', '9', '-min_samples_split', '3', '-n_estimators', '45', '-n_jobs', '4', '-seed', '97']
0.75/1.77	Metafeatures (57, 8)
0.75/1.77	X (3192, 16)
0.75/1.77	Y (3192,)
0.75/1.77	Dataset Mae MSE Rho
1.97/2.67	vehicle 0.365308651615 0.162104485107 0.306725829136
3.27/3.47	anneal.ORIG 0.547603099871 0.364684149736 -0.096316435282
4.54/4.04	segment 0.21138609449 0.0568669191254 0.779258139144
5.90/4.70	pendigits 0.292742660399 0.108751264067 0.668397275715
7.11/5.52	mushroom 0.19862039234 0.0501719632085 0.630904972048
8.39/6.21	labor 0.298268580096 0.122413652732 0.237882202576
9.65/6.79	abalone 0.270298287756 0.0943488645087 0.622824734189
10.97/7.46	diabetes 0.519885835103 0.337767601461 0.226893079087
12.24/8.32	car 0.38785413175 0.198820793831 0.155961136324
13.51/8.80	autos 0.223858299928 0.0640098044113 0.67615430406
14.76/9.47	mfeat-fourier 0.56024377809 0.404433331507 -0.397547702674
16.01/10.12	primary-tumor 0.218505043835 0.0611566970907 0.529093975022
17.28/14.80	waveform-5000 0.17823733154 0.0481547873941 0.723019683644
18.52/15.37	credit-a 0.35879763588 0.182178949137 0.499035490186
19.73/15.84	letter 0.25062068458 0.0849959956984 0.6095731441
20.99/16.51	postoperative-patient-data 0.425462518274 0.234619071364 0.0193925708621
22.40/17.30	vowel 0.433560968947 0.231167433915 0.342602085231
23.70/17.90	eucalyptus 0.432211552914 0.249179191774 -0.0904986640233
24.90/18.46	cylinder-bands 0.351448825605 0.15150790586 0.286686839245
26.22/19.06	ionosphere 0.418363485221 0.203756373366 0.0284424372645
27.51/19.77	mfeat-karhunen 0.178647721378 0.0452029592383 0.759219149253
28.78/20.27	balance-scale 0.268494696677 0.095695635602 0.310281133794
30.05/20.84	mfeat-morphological 0.459048074354 0.280869318622 -0.181643747075
31.29/21.42	liver-disorders 0.290744122001 0.112124753357 0.359732189493
32.54/26.35	dermatology 0.195695072157 0.0490496222027 0.528124346479
33.82/26.92	vote 0.0863885069057 0.0110737412617 0.758572730224
35.10/27.50	breast-cancer 0.125977511462 0.0233683451581 0.428575816053
36.43/28.20	credit-g 0.734904779483 0.711273644198 -0.737887321305
37.75/28.81	soybean 0.141429048125 0.0305371888994 0.725282150244
39.07/29.63	arrhythmia 0.283237346578 0.108754624198 0.404011892961
40.41/30.25	nursery 0.287469414253 0.105994486672 0.544284822197
41.68/30.82	hepatitis 0.263152326773 0.101009080801 0.39722449316
42.97/31.99	cmc 0.257755757626 0.085981162867 0.338400361544
44.29/32.88	heart-c 0.250639169137 0.0832597759335 0.764390501483
45.61/33.46	glass 0.369580518518 0.164698886465 0.305756200593
46.95/34.10	braziltourism 0.471617981938 0.286921104217 0.0972860638251
48.18/34.78	iris 0.292553053996 0.11247510312 0.306402619622
49.48/35.52	heart-statlog 0.23562618223 0.0729044232249 0.781520605744
50.80/36.14	page-blocks 0.453839731292 0.275663451489 -0.0232748296778
52.10/36.84	breast-w 0.220939591456 0.0649520691555 0.556889993258
53.41/37.42	heart-h 0.178620988564 0.0438883406357 0.623471153218
54.70/38.38	yeast 0.300471375525 0.111520408578 0.590826992267
55.98/39.03	tae 0.364902221063 0.159556354369 0.165806480871
57.32/39.81	haberman 0.281156086979 0.106998252334 0.000646419028738
58.64/45.22	mfeat-pixel 0.371296137306 0.175529490209 0.148029957581
59.96/45.79	optdigits 0.208399514079 0.0562257940417 0.718494750442
61.30/46.38	mfeat-factors 0.215566696799 0.0632753037479 0.696516503465
62.57/46.95	satimage 0.276373634323 0.104493974944 0.355530465806
63.84/47.64	lymph 0.231272872009 0.0790887640526 0.388821045786
65.13/48.22	audiology 0.314954351643 0.122465735526 0.347127018432
66.42/48.79	ecoli 0.38946456994 0.19583605897 0.221721726857
67.72/49.44	tic-tac-toe 0.330206971772 0.16190620016 0.399163750246
69.02/50.36	spambase 0.222247679192 0.0601079792179 0.843900042018
70.31/50.99	zoo 0.122260729609 0.0207410361349 0.812548719124
71.65/51.78	sonar 0.499527331304 0.311683452315 -0.156433404955
72.99/52.53	mfeat-zernike 0.260027808159 0.0917294007716 0.42534372091
74.31/53.10	kr-vs-kp 0.19672274255 0.0503848971707 0.674215046974
74.31/53.13	MAE 0.308324389042 0.123260378524
74.31/53.13	MSE 0.142953158862 0.142953158862
74.31/53.13	Mean tau 0.376094116768 0.326227357169
74.31/53.13	(0.0, '1_class_probability_max')
74.31/53.13	(1.0, '0_class_probability_max')
74.31/53.13	(2.719298245614035, '1_landmark_naive_bayes')
74.31/53.13	(2.8596491228070176, '0_landmark_naive_bayes')
74.31/53.13	(4.473684210526316, '0_landmark_decision_tree')
74.31/53.13	(5.701754385964913, '1_number_of_numeric_features')
74.31/53.13	(6.87719298245614, '0_number_of_numeric_features')
74.31/53.13	(7.43859649122807, '0_number_of_categorical_features')
74.31/53.13	(7.7368421052631575, '1_number_of_categorical_features')
74.31/53.13	(8.68421052631579, '1_number_of_features')
74.31/53.13	(9.350877192982455, '0_number_of_features')
74.31/53.13	(9.508771929824562, '1_landmark_decision_tree')
74.31/53.13	(12.210526315789474, '1_landmark_lda')
74.31/53.13	(12.43859649122807, '0_landmark_lda')
74.31/53.13	(14.473684210526315, '0_number_of_classes')
74.31/53.13	(14.526315789473685, '1_number_of_classes')
74.31/53.13	Result for ParamILS: SAT, 51.357976, 1, 0.308324, -1, /home/feurerm/thesis/Software/pyMetaLearn/optimizers/metalearn_optimizer/learn_distances.py
