0.68/0.87	['/home/feurerm/thesis/Software/pyMetaLearn/optimizers/metalearn_optimizer/learn_distances.py', '--input_file', '/home/feurerm/thesis/experiments/2014_04_25_predict_distances/testfold_0-3_pfahringer_spearman_rank_perm.pkl', '--fold', '0', '--folds', '1', '--params', '-max_features', '0.965159657203', '-min_samples_leaf', '8', '-min_samples_split', '9', '-n_estimators', '3', '-n_jobs', '4', '-seed', '17']
0.68/0.88	Metafeatures (57, 8)
0.68/0.88	X (3192, 16)
0.68/0.88	Y (3192,)
0.68/0.88	Dataset Mae MSE Rho
0.87/1.12	vehicle 0.383943131497 0.199347617604 0.228344873179
1.01/1.62	anneal.ORIG 0.528215109757 0.362216035174 -0.000328921031875
1.16/1.88	segment 0.20484517122 0.0628803170321 0.682669965891
1.31/2.12	pendigits 0.27481562606 0.10580061474 0.660844884567
1.44/2.35	mushroom 0.204455473774 0.0573745681889 0.586786003382
1.59/2.59	labor 0.339277503947 0.16215538177 0.161147095901
1.74/2.83	abalone 0.237221378976 0.0899669336726 0.572679568062
1.87/3.07	diabetes 0.560034304475 0.387428527437 0.160959133829
2.05/3.31	car 0.426808518066 0.261433329208 0.0908943365325
2.18/3.54	autos 0.267410222589 0.102269464818 0.455113742468
2.30/3.77	mfeat-fourier 0.581855663898 0.438473957452 -0.275577721827
2.45/4.01	primary-tumor 0.252449794084 0.0865571954903 0.412556983908
2.59/4.25	waveform-5000 0.160377103715 0.0416969644096 0.673467452128
2.75/4.49	credit-a 0.393269433173 0.231404865867 0.272485389034
2.90/4.73	letter 0.283465500362 0.109397017961 0.389322427098
3.04/4.97	postoperative-patient-data 0.410498182636 0.222011802339 0.189678739873
3.18/5.21	vowel 0.453959275289 0.267617973738 0.24734066188
3.34/5.45	eucalyptus 0.436834125557 0.287548025796 0.0375952630986
3.49/5.70	cylinder-bands 0.334965159227 0.143586357327 0.318160433369
3.64/5.95	ionosphere 0.453655102199 0.255738207881 -0.0300056886885
3.80/6.20	mfeat-karhunen 0.212909093809 0.0748186918051 0.592246912112
3.94/6.44	balance-scale 0.244257739201 0.0816412673056 0.363932088969
4.10/6.68	mfeat-morphological 0.464275229403 0.301847545824 -0.108572527052
4.25/6.93	liver-disorders 0.323105625106 0.147627956985 0.0991064502473
4.39/7.17	dermatology 0.19950215801 0.0578550820774 0.471419269243
4.53/7.42	vote 0.111267736017 0.0197091848472 0.68086068424
4.69/7.66	breast-cancer 0.167198651237 0.0434873901457 0.169308886698
4.88/7.90	credit-g 0.775772912598 0.816458376649 -0.474589259428
5.02/8.14	soybean 0.143182025671 0.0299947745615 0.616085095969
5.17/8.38	arrhythmia 0.344868061171 0.148279207632 0.443095278775
5.30/8.63	nursery 0.312951126583 0.136803498561 0.442216185797
5.44/8.87	hepatitis 0.280815421983 0.116273402802 0.480461642824
5.60/9.11	cmc 0.304101824006 0.133129748133 0.296543047834
5.74/9.35	heart-c 0.278374167911 0.109689561242 0.586422412715
5.89/9.59	glass 0.27221687877 0.0957753129 0.5523737934
6.04/9.83	braziltourism 0.478308471934 0.303090030315 0.0953308194849
6.18/10.07	iris 0.335175548329 0.153632488077 0.158138089034
6.35/10.31	heart-statlog 0.238573254545 0.0815825136825 0.594621992324
6.49/10.56	page-blocks 0.668024814143 0.596891754989 -0.41170644277
6.67/10.80	breast-w 0.23406377196 0.0799293638071 0.42065414758
6.80/11.04	heart-h 0.200053170716 0.062049180222 0.486029992141
6.97/11.28	yeast 0.304490827128 0.126280890095 0.485811890711
7.10/11.52	tae 0.366935657193 0.168953624933 0.251561206248
7.25/11.76	haberman 0.291405650464 0.116233501361 0.0330900352137
7.40/12.01	mfeat-pixel 0.380608118418 0.199059535361 0.132320475545
7.53/12.25	optdigits 0.184684627054 0.0509696817818 0.731896135189
7.69/12.49	mfeat-factors 0.243239256903 0.0840858699151 0.576453310077
7.85/12.73	satimage 0.258278126287 0.0950480033457 0.486165107916
8.02/12.97	lymph 0.221326516313 0.0725771688722 0.444734259838
8.15/13.21	audiology 0.32461005378 0.149184506309 0.297142867783
8.31/13.45	ecoli 0.456223481776 0.279989488587 -0.0615287038874
8.46/13.69	tic-tac-toe 0.285590671587 0.124396966318 0.317376106443
8.61/13.93	spambase 0.231092833326 0.0696968397798 0.655115580824
8.75/14.18	zoo 0.139672538074 0.030386490107 0.677349825366
8.89/14.42	sonar 0.440169768755 0.245344610626 0.186001647735
9.05/14.66	mfeat-zernike 0.235562017483 0.0823613926388 0.522191170839
9.22/14.90	kr-vs-kp 0.20642221988 0.0587463336023 0.640863375357
9.22/14.90	MAE 0.321888874176 0.132266327753
9.22/14.90	MSE 0.165241866563 0.165241866563
9.22/14.90	Mean tau 0.329204517087 0.278345609108
9.22/14.90	(0.49122807017543857, '0_class_probability_max')
9.22/14.90	(0.5087719298245614, '1_class_probability_max')
9.22/14.90	(3.912280701754386, '0_landmark_naive_bayes')
9.22/14.90	(4.052631578947368, '1_landmark_naive_bayes')
9.22/14.90	(5.894736842105263, '0_number_of_numeric_features')
9.22/14.90	(6.754385964912281, '1_number_of_numeric_features')
9.22/14.90	(7.192982456140351, '1_number_of_categorical_features')
9.22/14.90	(7.228070175438597, '0_number_of_categorical_features')
9.22/14.90	(8.052631578947368, '0_number_of_features')
9.22/14.90	(8.771929824561404, '1_number_of_features')
9.22/14.90	(9.56140350877193, '0_landmark_decision_tree')
9.22/14.90	(9.75438596491228, '1_landmark_lda')
9.22/14.90	(9.789473684210526, '1_landmark_decision_tree')
9.22/14.90	(10.24561403508772, '0_landmark_lda')
9.22/14.90	(13.526315789473685, '0_number_of_classes')
9.22/14.90	(14.263157894736842, '1_number_of_classes')
9.22/14.90	Result for ParamILS: SAT, 14.029469, 1, 0.321889, -1, /home/feurerm/thesis/Software/pyMetaLearn/optimizers/metalearn_optimizer/learn_distances.py
