0.68/0.86	['/home/feurerm/thesis/Software/pyMetaLearn/optimizers/metalearn_optimizer/learn_distances.py', '--input_file', '/home/feurerm/thesis/experiments/2014_04_25_predict_distances/testfold_0-3_pfahringer_spearman_rank_perm.pkl', '--fold', '0', '--folds', '1', '--params', '-max_features', '0.429988059674', '-min_samples_leaf', '10', '-min_samples_split', '4', '-n_estimators', '81', '-n_jobs', '4', '-seed', '41']
0.68/0.86	Metafeatures (57, 8)
0.68/0.86	X (3192, 16)
0.68/0.87	Y (3192,)
0.68/0.87	Dataset Mae MSE Rho
1.71/1.41	vehicle 0.365537445995 0.165662811711 0.31512927651
2.97/2.00	anneal.ORIG 0.338940917346 0.145849062391 0.52230657522
4.00/2.59	segment 0.261121028192 0.0846258009316 0.766329758569
5.19/3.19	pendigits 0.337441658231 0.140038222764 0.587271687609
6.32/3.67	mushroom 0.210041691076 0.0544590686038 0.625410410304
7.45/4.17	labor 0.286903736238 0.11406955103 0.375569455697
8.57/4.67	abalone 0.331589485535 0.136455298265 0.533295698709
9.72/5.16	diabetes 0.50435855937 0.336723972223 0.0717525121899
10.85/5.64	car 0.373120658815 0.191032959631 0.317068533596
11.99/6.23	autos 0.249706358438 0.0807296740195 0.537497422396
13.15/6.83	mfeat-fourier 0.527042475303 0.36144165502 -0.420495578194
14.32/7.55	primary-tumor 0.221434701662 0.0608439660375 0.558829250344
15.44/8.13	waveform-5000 0.217555380828 0.0652218505179 0.713646607727
16.59/8.62	credit-a 0.382145674431 0.202500096258 0.359732189493
17.73/9.21	letter 0.242800842193 0.0855822883956 0.642540514566
18.89/9.80	postoperative-patient-data 0.413095544963 0.219335020242 -0.0530063603565
20.04/10.28	vowel 0.45766546002 0.259601582896 0.217196793656
21.29/10.98	eucalyptus 0.390316055846 0.200710237911 0.0252103421208
22.39/11.66	cylinder-bands 0.327906980328 0.132602073552 0.455402205746
23.56/12.16	ionosphere 0.417513254919 0.210169242993 0.0349066275519
24.73/12.77	mfeat-karhunen 0.205979943435 0.0584509194186 0.757279892167
25.86/13.47	balance-scale 0.24581027466 0.0788849800615 0.39948695976
27.00/14.05	mfeat-morphological 0.466863561368 0.291126267918 -0.219459260257
28.13/14.64	liver-disorders 0.27387649582 0.0997765625855 0.388174626757
29.28/15.23	dermatology 0.18999727279 0.0467727653006 0.553011479085
30.44/15.81	vote 0.0801677491861 0.0102151393624 0.795095405348
31.58/16.40	breast-cancer 0.202071927358 0.0551561952362 0.259537240038
32.74/16.91	credit-g 0.571477888079 0.439641337965 -0.586948478094
33.92/17.42	soybean 0.123734724266 0.0240187422748 0.805438109808
35.06/18.11	arrhythmia 0.269559430174 0.100570693305 0.226246660058
36.26/18.69	nursery 0.313292163195 0.12333002225 0.484814271554
37.33/19.18	hepatitis 0.325956184824 0.150162707178 -0.369428474924
38.54/19.76	cmc 0.27624572566 0.0926719849993 0.309311505251
39.57/20.24	heart-c 0.291833090085 0.109659778254 0.734332016646
40.68/20.72	glass 0.372160882794 0.169468210316 0.269233525469
41.91/21.20	braziltourism 0.455983141423 0.268019177693 0.056884874529
42.91/21.68	iris 0.30033636431 0.119793825607 0.293474239047
44.02/22.16	heart-statlog 0.301452116131 0.11958553045 0.707182417439
45.13/22.64	page-blocks 0.346966554894 0.164802186391 0.338400361544
46.27/23.13	breast-w 0.225139657803 0.0699604039251 0.462189605548
47.36/23.61	heart-h 0.207227209739 0.053006763497 0.612482029729
48.56/24.19	yeast 0.332037199054 0.137672905498 0.545577660255
49.62/24.67	tae 0.335231757673 0.138476381855 0.170654623587
50.81/25.27	haberman 0.253421198126 0.0832432216707 0.104073463627
51.93/25.85	mfeat-pixel 0.339101927046 0.140098089718 0.23820541209
53.14/26.34	optdigits 0.244803494524 0.0769284376376 0.693607617836
54.23/26.82	mfeat-factors 0.244652083475 0.0803721491148 0.6658115996
55.46/27.51	satimage 0.27921140235 0.104505951424 0.411768921306
56.60/28.00	lymph 0.18658292718 0.0512461287866 0.60440179187
57.60/28.48	audiology 0.333997009504 0.142739420149 0.277313763329
58.88/29.10	ecoli 0.401183253699 0.201937415819 0.125405291575
60.00/29.68	tic-tac-toe 0.300186569719 0.135483815593 0.54816333637
61.06/30.17	spambase 0.216707540356 0.0614937562011 0.80705415738
62.27/30.77	zoo 0.137328626631 0.0254791534124 0.756633473138
63.37/31.46	sonar 0.509819207532 0.327277725877 -0.148353167095
64.52/32.05	mfeat-zernike 0.253181696693 0.087617901776 0.536204584338
65.64/32.54	kr-vs-kp 0.207889393139 0.055030206207 0.646419028738
65.64/32.58	MAE 0.306626413236 0.101598929715
65.64/32.58	MSE 0.135830373511 0.135830373511
65.64/32.58	Mean tau 0.376232885753 0.318940014682
65.64/32.58	(0.17543859649122806, '1_class_probability_max')
65.64/32.58	(0.8947368421052632, '0_class_probability_max')
65.64/32.58	(2.1578947368421053, '1_landmark_decision_tree')
65.64/32.58	(3.175438596491228, '0_landmark_decision_tree')
65.64/32.58	(4.333333333333333, '1_landmark_naive_bayes')
65.64/32.58	(4.421052631578948, '0_landmark_naive_bayes')
65.64/32.58	(6.2105263157894735, '0_landmark_lda')
65.64/32.58	(7.035087719298246, '1_landmark_lda')
65.64/32.58	(9.280701754385966, '1_number_of_categorical_features')
65.64/32.58	(9.526315789473685, '0_number_of_features')
65.64/32.58	(10.385964912280702, '1_number_of_numeric_features')
65.64/32.58	(10.842105263157896, '0_number_of_numeric_features')
65.64/32.58	(10.859649122807017, '1_number_of_features')
65.64/32.58	(11.736842105263158, '0_number_of_categorical_features')
65.64/32.58	(14.228070175438596, '0_number_of_classes')
65.64/32.58	(14.736842105263158, '1_number_of_classes')
65.64/32.58	Result for ParamILS: SAT, 31.720018, 1, 0.306626, -1, /home/feurerm/thesis/Software/pyMetaLearn/optimizers/metalearn_optimizer/learn_distances.py
