0.70/1.00	['/home/feurerm/thesis/Software/pyMetaLearn/optimizers/metalearn_optimizer/learn_distances.py', '--input_file', '/home/feurerm/thesis/experiments/2014_04_25_predict_distances/testfold_0-3_pfahringer_spearman_rank_perm.pkl', '--fold', '0', '--folds', '1', '--params', '-max_features', '0.652887120389', '-min_samples_leaf', '10', '-min_samples_split', '7', '-n_estimators', '62', '-n_jobs', '4', '-seed', '84']
0.78/1.01	Metafeatures (57, 8)
0.78/1.01	X (3192, 16)
0.78/1.01	Y (3192,)
0.78/1.01	Dataset Mae MSE Rho
1.94/1.56	vehicle 0.362683441759 0.159331009776 0.296059915162
3.28/2.15	anneal.ORIG 0.477954736787 0.27508227039 0.287979677303
4.51/2.73	segment 0.241634632487 0.0735438798647 0.759865568282
5.89/3.30	pendigits 0.31700433004 0.127318363767 0.6095731441
7.07/3.89	mushroom 0.202852107621 0.0509338260106 0.643833352623
8.38/4.46	labor 0.291208954103 0.121040244079 0.234003688403
9.65/5.05	abalone 0.304329277207 0.116408020218 0.527801136965
10.95/5.63	diabetes 0.519645979577 0.339201317896 0.217843212685
12.24/6.32	car 0.366664879689 0.179131455813 0.301231267392
14.31/6.92	autos 0.234076439488 0.0694455318257 0.640601257479
15.60/7.52	mfeat-fourier 0.533277552346 0.373635159477 -0.415324225964
16.90/8.09	primary-tumor 0.237080783908 0.0709491409473 0.475117986123
18.19/8.68	waveform-5000 0.183461391647 0.0484516791603 0.748230025764
19.48/9.26	credit-a 0.376643238399 0.199788221918 0.363610703665
20.82/9.95	letter 0.24280708483 0.082502026842 0.644156562138
22.05/10.53	postoperative-patient-data 0.427317804616 0.239861141273 0.00290888562932
23.32/11.12	vowel 0.463325462689 0.268708055034 0.191663242021
24.63/11.71	eucalyptus 0.396430941913 0.210320476219 0.03329057998
26.01/12.30	cylinder-bands 0.333666935948 0.135824167144 0.404981521504
27.32/12.90	ionosphere 0.423916983561 0.217731984201 0.045572541526
28.54/13.58	mfeat-karhunen 0.192647521288 0.0519275559805 0.752754958966
29.86/14.16	balance-scale 0.25704390775 0.0893409479674 0.360378608521
31.16/14.75	mfeat-morphological 0.469021777751 0.289054691392 -0.249840954607
32.46/15.34	liver-disorders 0.302289969588 0.12064469219 0.345510970861
33.75/15.93	dermatology 0.189632719966 0.0470724054429 0.5533346886
35.06/16.70	vote 0.0813403163894 0.00976383450029 0.798650710006
36.54/17.30	breast-cancer 0.13823464107 0.0283157095219 0.382033645984
37.73/17.88	credit-g 0.673334991951 0.598765989219 -0.614421286816
39.06/18.46	soybean 0.126685269042 0.0251742061681 0.774409996428
40.29/19.04	arrhythmia 0.268734228417 0.0983073617743 0.329673704656
41.59/19.62	nursery 0.29600007193 0.112717805487 0.543315193654
42.86/20.21	hepatitis 0.277556506146 0.10372032477 0.220105679285
44.12/20.79	cmc 0.271986236989 0.0933264200684 0.3329057998
45.52/21.40	heart-c 0.261623932084 0.0887519768312 0.750492492365
46.71/21.97	glass 0.363396369657 0.161325174578 0.299292010306
47.98/22.55	braziltourism 0.436420019297 0.247336494593 0.104396673141
49.26/23.14	iris 0.296741001717 0.116482146282 0.31739174311
50.54/23.72	heart-statlog 0.264168611297 0.0925157793187 0.764713710997
51.94/24.30	page-blocks 0.41382720071 0.226128864874 0.175825975817
53.17/24.89	breast-w 0.222007533883 0.0652892974137 0.522952994249
54.44/25.48	heart-h 0.176416444576 0.0402796314629 0.680356027747
55.73/26.07	yeast 0.315331905901 0.12600540221 0.531033232108
57.02/26.65	tae 0.35094392463 0.148848281509 0.194895337165
58.32/27.24	haberman 0.273506778615 0.0995410370986 0.00549456174427
59.60/27.83	mfeat-pixel 0.354789219047 0.156989239688 0.174856347274
60.92/28.41	optdigits 0.229366739678 0.0664518332422 0.704596741325
62.21/28.99	mfeat-factors 0.231167005711 0.0718189268299 0.683588122891
63.53/29.57	satimage 0.276301606247 0.10298192481 0.424697301881
64.85/30.25	lymph 0.212181774859 0.0665272114466 0.478673290781
66.15/30.84	audiology 0.323624952932 0.12740593643 0.310281133794
67.45/31.42	ecoli 0.392558804909 0.196442834945 0.186815099305
68.75/32.01	tic-tac-toe 0.296513073144 0.133416401757 0.531679651137
70.04/32.60	spambase 0.209254696514 0.0568450814892 0.849394603762
71.30/33.19	zoo 0.129447707332 0.024003537751 0.764067291968
72.60/33.88	sonar 0.500648961183 0.313295666147 -0.139303300693
73.93/34.47	mfeat-zernike 0.261915346022 0.0961645833042 0.466714538749
75.26/35.05	kr-vs-kp 0.206587334803 0.054740785744 0.646419028738
75.26/35.09	MAE 0.306653194064 0.113482232146
75.26/35.09	MSE 0.138718034493 0.138718034493
75.26/35.09	Mean tau 0.385458532768 0.307205887172
75.26/35.09	(0.22807017543859648, '1_class_probability_max')
75.26/35.09	(0.7719298245614035, '0_class_probability_max')
75.26/35.09	(2.7017543859649122, '1_landmark_naive_bayes')
75.26/35.09	(3.280701754385965, '0_landmark_naive_bayes')
75.26/35.09	(3.824561403508772, '1_landmark_decision_tree')
75.26/35.09	(4.491228070175438, '0_landmark_decision_tree')
75.26/35.09	(7.280701754385965, '1_number_of_numeric_features')
75.26/35.09	(7.7368421052631575, '0_number_of_categorical_features')
75.26/35.09	(8.368421052631579, '0_number_of_numeric_features')
75.26/35.09	(9.403508771929825, '0_landmark_lda')
75.26/35.09	(10.070175438596491, '1_number_of_categorical_features')
75.26/35.09	(10.473684210526315, '1_number_of_features')
75.26/35.09	(10.824561403508772, '0_number_of_features')
75.26/35.09	(11.543859649122806, '1_landmark_lda')
75.26/35.09	(14.473684210526315, '0_number_of_classes')
75.26/35.09	(14.526315789473685, '1_number_of_classes')
75.26/35.09	Result for ParamILS: SAT, 34.086848, 1, 0.306653, -1, /home/feurerm/thesis/Software/pyMetaLearn/optimizers/metalearn_optimizer/learn_distances.py
