0.68/0.88	['/home/feurerm/thesis/Software/pyMetaLearn/optimizers/metalearn_optimizer/learn_distances.py', '--input_file', '/home/feurerm/thesis/experiments/2014_04_25_predict_distances/testfold_0-3_pfahringer_spearman_rank_perm.pkl', '--fold', '0', '--folds', '1', '--params', '-max_features', '0.77609779559', '-min_samples_leaf', '7', '-min_samples_split', '10', '-n_estimators', '41', '-n_jobs', '4', '-seed', '18']
0.68/0.89	Metafeatures (57, 8)
0.68/0.89	X (3192, 16)
0.68/0.89	Y (3192,)
0.68/0.89	Dataset Mae MSE Rho
1.71/1.34	vehicle 0.360171835952 0.156306654287 0.293474239047
2.84/1.80	anneal.ORIG 0.449525545034 0.250679694143 0.216550374627
3.87/2.27	segment 0.204447587474 0.0539246813978 0.794125776805
4.90/2.73	pendigits 0.286164422715 0.105713633316 0.683588122891
6.01/3.20	mushroom 0.187700821374 0.0437549220441 0.673245418431
7.03/3.67	labor 0.300748770428 0.124709313367 0.223014564915
8.08/4.13	abalone 0.26151338302 0.090866425474 0.599876858669
9.14/4.59	diabetes 0.513766801429 0.324886070617 0.272465620613
10.23/5.06	car 0.363710267495 0.173662140348 0.232710850346
11.28/5.52	autos 0.213452829724 0.0595847865351 0.711060931612
12.33/5.99	mfeat-fourier 0.569281420055 0.425116784029 -0.46380565312
13.42/6.46	primary-tumor 0.226523375807 0.0658045340417 0.503560423387
14.46/6.93	waveform-5000 0.164972243004 0.0399529001707 0.751785330422
15.51/7.46	credit-a 0.375565994349 0.199541783206 0.388821045786
16.55/7.93	letter 0.239834626301 0.0806214339276 0.565616650146
17.60/8.39	postoperative-patient-data 0.436324400795 0.250760961977 0.0269901655608
18.67/8.86	vowel 0.424310401461 0.22745616417 0.356500094349
19.73/9.33	eucalyptus 0.41638408835 0.230384489205 -0.0407243988105
20.79/9.79	cylinder-bands 0.326762879337 0.130130024549 0.470916262436
21.87/10.26	ionosphere 0.401610336525 0.193518624973 0.109568025371
22.93/10.73	mfeat-karhunen 0.174367950029 0.0432609147681 0.778611720115
24.07/11.20	balance-scale 0.24159127533 0.0773619392315 0.465744910206
25.08/11.67	mfeat-morphological 0.477061991788 0.300198629996 -0.216550374627
26.14/12.14	liver-disorders 0.297195873901 0.115405479258 0.327411238056
27.22/12.60	dermatology 0.202854632339 0.0529911868112 0.497742652128
28.28/13.07	vote 0.0823085021029 0.0106097602618 0.759865568282
29.35/13.55	breast-cancer 0.152902226154 0.0326499864282 0.340016409116
30.42/14.01	credit-g 0.667803350051 0.587283016526 -0.701041436666
31.49/14.47	soybean 0.12313170277 0.0242630564984 0.712353769669
32.50/14.94	arrhythmia 0.257029781733 0.0895280665593 0.314806066995
33.63/15.41	nursery 0.273527443792 0.0939057390272 0.605371420413
34.64/15.87	hepatitis 0.255668265012 0.0915079482616 0.364257122694
35.67/16.33	cmc 0.267876911568 0.0946547105585 0.297999172248
36.73/16.79	heart-c 0.229370180411 0.072387019139 0.778288510601
37.78/17.25	glass 0.365879178115 0.163615071631 0.292827820018
38.84/17.71	braziltourism 0.431774774232 0.243645785526 0.111507282457
39.90/18.18	iris 0.293703414864 0.112963209405 0.306402619622
41.00/18.65	heart-statlog 0.266403347766 0.0955533924214 0.7220500551
42.05/19.11	page-blocks 0.491764530181 0.323339430285 -0.0484814271554
43.11/19.59	breast-w 0.222921720515 0.0649313876761 0.48158217641
44.17/20.05	heart-h 0.16611221418 0.0367309123023 0.636722743307
45.21/20.52	yeast 0.274422065824 0.0951942736452 0.637045952821
46.28/20.99	tae 0.356293188219 0.154489230665 0.241437507234
47.35/21.46	haberman 0.275354243884 0.101223402031 -0.00193925708621
48.49/21.93	mfeat-pixel 0.366967535562 0.165725199477 0.190370403963
49.61/22.40	optdigits 0.188694078912 0.0467396382465 0.749522863822
50.61/22.86	mfeat-factors 0.201928167829 0.0551717032476 0.712353769669
51.69/23.32	satimage 0.250675024707 0.0879914322937 0.529417184537
52.73/23.78	lymph 0.219748331508 0.0737635889064 0.44829159643
53.80/24.24	audiology 0.312298508782 0.125095720048 0.366842798809
54.87/24.71	ecoli 0.410150258994 0.216007689968 0.122173196432
55.93/25.17	tic-tac-toe 0.341554100124 0.173401390592 0.418556321108
57.03/25.64	spambase 0.225837711735 0.0624597271863 0.864908660452
58.08/26.11	zoo 0.111124069975 0.0173253723618 0.810932671552
59.20/26.57	sonar 0.504410381663 0.320751572149 -0.172917090187
60.26/27.04	mfeat-zernike 0.234697532333 0.0784821293517 0.546870498312
61.42/27.50	kr-vs-kp 0.186183850706 0.0449887658543 0.701041436666
61.42/27.53	MAE 0.30042737453 0.119526517381
61.42/27.53	MSE 0.136367956147 0.136367956147
61.42/27.53	Mean tau 0.392311179597 0.324110409563
61.42/27.53	(0.03508771929824561, '1_class_probability_max')
61.42/27.53	(0.9649122807017544, '0_class_probability_max')
61.42/27.53	(2.6491228070175437, '0_landmark_decision_tree')
61.42/27.53	(3.3859649122807016, '0_landmark_naive_bayes')
61.42/27.53	(3.508771929824561, '1_landmark_naive_bayes')
61.42/27.53	(5.7368421052631575, '1_landmark_decision_tree')
61.42/27.53	(7.280701754385965, '1_number_of_numeric_features')
61.42/27.53	(7.7894736842105265, '0_number_of_numeric_features')
61.42/27.53	(7.824561403508772, '1_number_of_categorical_features')
61.42/27.53	(8.912280701754385, '0_number_of_categorical_features')
61.42/27.53	(9.491228070175438, '1_number_of_features')
61.42/27.53	(9.842105263157896, '0_number_of_features')
61.42/27.53	(11.649122807017545, '0_landmark_lda')
61.42/27.53	(11.929824561403509, '1_landmark_lda')
61.42/27.53	(14.456140350877194, '0_number_of_classes')
61.42/27.53	(14.543859649122806, '1_number_of_classes')
61.42/27.53	Result for ParamILS: SAT, 26.642264, 1, 0.300427, -1, /home/feurerm/thesis/Software/pyMetaLearn/optimizers/metalearn_optimizer/learn_distances.py
