0.71/1.15	['/home/feurerm/thesis/Software/pyMetaLearn/optimizers/metalearn_optimizer/learn_distances.py', '--input_file', '/home/feurerm/thesis/experiments/2014_04_25_predict_distances/testfold_0-3_pfahringer_spearman_rank_perm.pkl', '--fold', '0', '--folds', '1', '--params', '-max_features', '0.101808855954', '-min_samples_leaf', '4', '-min_samples_split', '4', '-n_estimators', '93', '-n_jobs', '4', '-seed', '10']
0.71/1.15	Metafeatures (57, 8)
0.71/1.15	X (3192, 16)
0.71/1.15	Y (3192,)
0.71/1.15	Dataset Mae MSE Rho
1.22/1.62	vehicle 0.367100440514 0.171895524474 0.323855933398
2.01/2.12	anneal.ORIG 0.280908900069 0.106463611737 0.524892251335
2.56/2.62	segment 0.290148610727 0.109013928464 0.698455760552
3.22/3.13	pendigits 0.352825785683 0.150695859697 0.559475669373
3.87/3.63	mushroom 0.212706615872 0.0564423825924 0.626056829333
4.57/4.16	labor 0.325786911023 0.138584915976 0.503883632901
5.23/4.67	abalone 0.33343687937 0.142750810954 0.498712280671
5.91/5.19	diabetes 0.439097792496 0.278403458869 -0.151908471753
6.53/5.69	car 0.348225305969 0.167207547988 0.435040006341
7.20/6.20	autos 0.26550089284 0.0938145400014 0.498712280671
7.90/6.82	mfeat-fourier 0.526485690404 0.362384324423 -0.407567197619
8.55/7.33	primary-tumor 0.247059170953 0.0760930295713 0.53555816531
9.19/7.84	waveform-5000 0.267664835509 0.0964223672484 0.527801136965
9.92/8.36	credit-a 0.378343182055 0.188925314194 0.34841985649
10.68/8.89	letter 0.26109930382 0.0957133994182 0.661286666399
11.25/9.39	postoperative-patient-data 0.422941097883 0.224301607468 -0.381064017441
11.97/9.89	vowel 0.469694267786 0.270543258652 0.0510671032703
12.55/10.39	eucalyptus 0.358954148056 0.169613221228 0.300908057878
13.20/10.89	cylinder-bands 0.355928642045 0.164137609938 0.29735275322
13.87/11.39	ionosphere 0.421711404661 0.216638231924 -0.0113123330029
14.51/11.89	mfeat-karhunen 0.237007582633 0.0770300238084 0.757603101681
15.14/12.39	balance-scale 0.249702826146 0.0892185084695 0.507762147074
15.90/13.19	mfeat-morphological 0.482683736773 0.311349958326 -0.185199051733
16.47/13.72	liver-disorders 0.325498395783 0.138576003587 0.531679651137
17.26/14.23	dermatology 0.224237112185 0.0634145849572 0.514549546876
17.86/14.74	vote 0.106547997954 0.0171675038262 0.821598585526
18.55/15.24	breast-cancer 0.340140228704 0.141766576331 -0.26115328761
19.27/15.75	credit-g 0.586747350481 0.450787954824 -0.58145391635
19.99/16.38	soybean 0.173215652348 0.0441949743328 0.765360130026
20.62/16.88	arrhythmia 0.272962121619 0.10496887292 0.154170938354
21.30/17.39	nursery 0.306780385299 0.116814450098 0.502914004358
21.97/17.92	hepatitis 0.408699490014 0.235809463702 -0.630904972048
22.67/18.44	cmc 0.319843465264 0.119981486327 0.389790674329
23.34/18.94	heart-c 0.309168331313 0.126388091462 0.72495894073
23.99/19.45	glass 0.373928400023 0.176201900414 0.175502766302
24.64/19.97	braziltourism 0.564780837488 0.396229568438 -0.503237213873
25.33/20.49	iris 0.299603995042 0.120512873687 0.221075307828
26.07/21.00	heart-statlog 0.313692389812 0.13040979263 0.662579504457
26.71/21.53	page-blocks 0.313425400667 0.134495214756 0.395608445588
27.40/22.13	breast-w 0.243589089741 0.0821079722854 0.456371834289
28.06/22.65	heart-h 0.229570833433 0.0654449887268 0.478673290781
28.78/23.16	yeast 0.353376683061 0.158966536817 0.472209100493
29.37/23.69	tae 0.249445375255 0.0854029387681 0.257274773438
30.10/24.20	haberman 0.324806701896 0.153800387502 0.00549456174427
30.81/24.70	mfeat-pixel 0.339703014378 0.144688304906 0.217843212685
31.50/25.35	optdigits 0.24232481523 0.0741471346194 0.720110798014
32.06/25.85	mfeat-factors 0.267750229154 0.0970561604798 0.628319295933
32.84/26.35	satimage 0.296648960633 0.116146702192 0.322239885826
33.42/26.86	lymph 0.193905925433 0.0544079711608 0.725928569273
34.11/27.38	audiology 0.321919720523 0.132967946656 0.418556321108
34.82/28.03	ecoli 0.386511162874 0.193075728331 0.157403033498
35.62/28.53	tic-tac-toe 0.30858504255 0.141733149925 0.418879530622
36.24/29.06	spambase 0.267172252504 0.0965080951867 0.579514659264
37.08/29.67	zoo 0.160845200169 0.0363259194466 0.716232283842
37.63/30.17	sonar 0.472921114631 0.28482029511 -0.124758872546
38.30/30.67	mfeat-zernike 0.275236471179 0.100611722789 0.465744910206
38.94/31.18	kr-vs-kp 0.220059970126 0.0610041337464 0.640601257479
39.08/31.23	MAE 0.32085365158 0.0948426293138
39.08/31.23	MSE 0.146571558533 0.146571558533
39.08/31.23	Mean tau 0.332622282682 0.360171587005
39.08/31.23	(0.3333333333333333, '0_number_of_categorical_features')
39.08/31.23	(1.087719298245614, '1_number_of_categorical_features')
39.08/31.23	(3.43859649122807, '0_landmark_lda')
39.08/31.23	(4.43859649122807, '1_landmark_decision_tree')
39.08/31.23	(4.912280701754386, '0_class_probability_max')
39.08/31.23	(5.824561403508772, '1_number_of_classes')
39.08/31.23	(6.491228070175438, '1_landmark_lda')
39.08/31.23	(6.719298245614035, '0_number_of_numeric_features')
39.08/31.23	(8.157894736842104, '1_landmark_naive_bayes')
39.08/31.23	(8.87719298245614, '1_class_probability_max')
39.08/31.23	(9.368421052631579, '0_landmark_naive_bayes')
39.08/31.23	(10.421052631578947, '0_number_of_features')
39.08/31.23	(10.614035087719298, '0_landmark_decision_tree')
39.08/31.23	(10.631578947368421, '1_number_of_numeric_features')
39.08/31.23	(14.12280701754386, '0_number_of_classes')
39.08/31.23	(14.56140350877193, '1_number_of_features')
39.08/31.23	Result for ParamILS: SAT, 30.085974, 1, 0.320854, -1, /home/feurerm/thesis/Software/pyMetaLearn/optimizers/metalearn_optimizer/learn_distances.py
