0.76/0.92	['/home/feurerm/thesis/Software/pyMetaLearn/optimizers/metalearn_optimizer/learn_distances.py', '--input_file', '/home/feurerm/thesis/experiments/2014_04_25_predict_distances/testfold_0-3_pfahringer_spearman_rank_perm.pkl', '--fold', '0', '--folds', '1', '--params', '-max_features', '0.238420875654', '-min_samples_leaf', '4', '-min_samples_split', '5', '-n_estimators', '42', '-n_jobs', '4', '-seed', '55']
0.76/0.93	Metafeatures (57, 8)
0.76/0.93	X (3192, 16)
0.76/0.93	Y (3192,)
0.76/0.93	Dataset Mae MSE Rho
1.20/1.28	vehicle 0.349561231111 0.155847677299 0.406597569076
1.70/1.65	anneal.ORIG 0.261332996154 0.0935083650714 0.558182831315
2.19/2.03	segment 0.238423138221 0.0724344514847 0.750492492365
2.67/2.40	pendigits 0.309401491078 0.120224707705 0.633167438649
3.14/2.78	mushroom 0.184090394119 0.0428886089391 0.66064024737
3.64/3.15	labor 0.317172494383 0.131629982466 0.421465206737
4.10/3.52	abalone 0.282345983243 0.102638588966 0.594382296925
4.59/3.89	diabetes 0.440961714492 0.275076656943 -0.0300584848363
5.18/6.40	car 0.318545260515 0.138411517882 0.435686425369
5.60/6.78	autos 0.235706413479 0.0728345195998 0.542668774626
6.10/7.17	mfeat-fourier 0.56222074709 0.406817094611 -0.459927138947
6.61/7.55	primary-tumor 0.225424489751 0.0617450579784 0.570788002376
7.12/7.93	waveform-5000 0.238209727824 0.0794957963717 0.56367739306
7.63/8.31	credit-a 0.368026511265 0.187640518563 0.403042264418
8.22/8.70	letter 0.228727579504 0.0741613195548 0.673245418431
8.65/9.07	postoperative-patient-data 0.405897401264 0.200150672117 -0.0261799706639
9.15/9.44	vowel 0.449664748737 0.255344613295 0.220105679285
9.65/9.82	eucalyptus 0.371997239165 0.179081765529 0.0833880547072
10.21/10.20	cylinder-bands 0.349526864917 0.154557188901 0.316745324082
10.63/10.58	ionosphere 0.419211874569 0.214284904092 0.0862969403365
11.12/10.95	mfeat-karhunen 0.184250194923 0.0465780011623 0.80705415738
11.59/11.33	balance-scale 0.238382731015 0.0786373550397 0.459927138947
12.12/11.70	mfeat-morphological 0.495587128838 0.321287010604 -0.236589364518
12.56/12.08	liver-disorders 0.33347042559 0.143882665797 0.451846901088
13.10/12.47	dermatology 0.197732574997 0.0510799159577 0.508085356588
13.60/12.86	vote 0.0764945833451 0.00902292503438 0.808993414466
14.14/13.23	breast-cancer 0.247661399807 0.0786102334551 0.185522261248
14.67/13.60	credit-g 0.515307790662 0.353218098386 -0.424697301881
15.08/13.97	soybean 0.123331098931 0.0243709512551 0.736594483247
15.60/14.35	arrhythmia 0.28242410621 0.110441407874 0.0943771781958
16.07/14.72	nursery 0.303533124736 0.11232299396 0.51713522299
16.55/15.09	hepatitis 0.362756003322 0.192957531955 -0.333552218829
17.07/15.47	cmc 0.31558602514 0.119602348992 0.232387640831
17.51/15.84	heart-c 0.254759793363 0.086833662596 0.793479357776
18.00/16.21	glass 0.356095929063 0.154260853703 0.374276617639
18.48/16.59	braziltourism 0.519500759261 0.346933929863 -0.141565767294
19.00/16.97	iris 0.315977117333 0.129096292101 0.240144669176
19.49/17.35	heart-statlog 0.287050665355 0.112245158039 0.748876444793
19.97/17.73	page-blocks 0.297453629404 0.121056000752 0.467360957778
20.55/18.10	breast-w 0.219094113996 0.0677628008576 0.46606811972
20.96/18.47	heart-h 0.197961865637 0.0501551569575 0.564323812088
21.45/18.85	yeast 0.320218845004 0.130581976557 0.535234955795
21.96/19.23	tae 0.29809669032 0.111439069922 0.187784727848
22.45/19.60	haberman 0.261877937807 0.0931327226515 0.160635128641
22.97/19.98	mfeat-pixel 0.324925154923 0.130168350601 0.266001430326
23.45/20.35	optdigits 0.182083106707 0.0428953582494 0.763097663425
23.94/20.73	mfeat-factors 0.207800650612 0.0604761564385 0.736594483247
24.44/21.11	satimage 0.29495971713 0.11281330095 0.346157389889
24.92/21.48	lymph 0.187668236076 0.0521915813726 0.634137067192
25.39/21.85	audiology 0.32804067803 0.14593469611 0.344541342317
25.89/22.49	ecoli 0.407912020539 0.210608750182 0.0947003877101
26.35/22.87	tic-tac-toe 0.301815930554 0.136211461881 0.454755786717
26.85/23.26	spambase 0.213873376205 0.0607599555709 0.818689699897
27.40/23.63	zoo 0.127786491874 0.0213341500414 0.749522863822
27.93/24.00	sonar 0.492934463901 0.300929279481 -0.183583004162
28.37/24.38	mfeat-zernike 0.257471476355 0.0906784412756 0.435686425369
28.89/24.76	kr-vs-kp 0.185633082295 0.0437232807312 0.678739980175
28.89/24.78	MAE 0.299543109125 0.102702971515
28.89/24.78	MSE 0.131105400592 0.131105400592
28.89/24.78	Mean tau 0.381528985514 0.322921360979
28.89/24.78	(1.1578947368421053, '0_class_probability_max')
28.89/24.78	(1.719298245614035, '1_landmark_lda')
28.89/24.78	(2.7719298245614037, '1_landmark_decision_tree')
28.89/24.78	(3.4035087719298245, '0_landmark_decision_tree')
28.89/24.78	(3.6842105263157894, '1_class_probability_max')
28.89/24.78	(4.824561403508772, '0_landmark_lda')
28.89/24.78	(4.9298245614035086, '0_landmark_naive_bayes')
28.89/24.78	(5.842105263157895, '1_landmark_naive_bayes')
28.89/24.78	(9.385964912280702, '0_number_of_categorical_features')
28.89/24.78	(9.701754385964913, '1_number_of_features')
28.89/24.78	(10.12280701754386, '1_number_of_categorical_features')
28.89/24.78	(11.421052631578947, '0_number_of_numeric_features')
28.89/24.78	(11.578947368421053, '1_number_of_numeric_features')
28.89/24.78	(12.070175438596491, '0_number_of_features')
28.89/24.78	(12.578947368421053, '1_number_of_classes')
28.89/24.78	(14.807017543859649, '0_number_of_classes')
28.89/24.78	Result for ParamILS: SAT, 23.863489, 1, 0.299543, -1, /home/feurerm/thesis/Software/pyMetaLearn/optimizers/metalearn_optimizer/learn_distances.py
