0.67/0.89	['/home/feurerm/thesis/Software/pyMetaLearn/optimizers/metalearn_optimizer/learn_distances.py', '--input_file', '/home/feurerm/thesis/experiments/2014_04_25_predict_distances/testfold_0-3_pfahringer_spearman_rank_perm.pkl', '--fold', '0', '--folds', '1', '--params', '-max_features', '0.882232333388', '-min_samples_leaf', '5', '-min_samples_split', '3', '-n_estimators', '64', '-n_jobs', '4', '-seed', '14']
0.67/0.89	Metafeatures (57, 8)
0.67/0.89	X (3192, 16)
0.67/0.89	Y (3192,)
0.67/0.89	Dataset Mae MSE Rho
2.58/1.65	vehicle 0.352626014163 0.146837376411 0.329996914171
4.54/2.33	anneal.ORIG 0.54729737358 0.357927497398 -0.308988295737
6.46/3.02	segment 0.168726107389 0.0361034913054 0.836789432701
8.42/3.80	pendigits 0.264552155825 0.0942168455385 0.724635731215
10.39/4.59	mushroom 0.170016836006 0.0367320581779 0.68875947512
12.33/5.28	labor 0.311959668037 0.134940525137 0.206854089196
14.30/6.11	abalone 0.237549817897 0.0711758694019 0.714293026756
16.31/6.90	diabetes 0.532231109039 0.349055919111 0.262769335182
18.37/7.60	car 0.379323208337 0.185520492282 0.170977833101
20.24/8.41	autos 0.212590692636 0.0586482229468 0.733685597618
22.20/9.09	mfeat-fourier 0.557953329223 0.409313462335 -0.388821045786
24.15/9.77	primary-tumor 0.218942891636 0.059986020408 0.559475669373
26.09/10.45	waveform-5000 0.146939056059 0.0329161008195 0.77085469177
28.04/11.13	credit-a 0.353801872089 0.176679876534 0.479966128838
29.99/11.81	letter 0.236659126499 0.0751220266728 0.614421286816
31.94/12.49	postoperative-patient-data 0.445641154102 0.260085606203 0.0488046366697
33.96/13.28	vowel 0.382853548706 0.181102632358 0.500005118729
35.88/13.98	eucalyptus 0.46328052101 0.287151597232 -0.167422528443
37.83/14.76	cylinder-bands 0.337750453272 0.137512674249 0.421141997223
39.81/15.44	ionosphere 0.432550286573 0.219794636749 -0.0226246660058
41.74/16.12	mfeat-karhunen 0.148747297053 0.0331919246327 0.81965932844
43.71/16.90	balance-scale 0.2484559564 0.0855403775877 0.433100749255
45.63/17.59	mfeat-morphological 0.468503658083 0.294101168119 -0.198127432308
47.58/18.28	liver-disorders 0.30398748569 0.12074052687 0.417586692565
49.53/18.96	dermatology 0.212949159632 0.0586274214356 0.459603929433
51.46/19.65	vote 0.0775726203074 0.0104109845879 0.768915434684
53.44/20.32	breast-cancer 0.165925789412 0.0389490026234 0.318038162139
55.43/21.01	credit-g 0.716515694028 0.683438489859 -0.70201106521
57.36/21.69	soybean 0.122875444059 0.0244979170927 0.745644349649
59.28/22.47	arrhythmia 0.250578231412 0.0854837284341 0.414677806935
61.29/23.16	nursery 0.248211169523 0.0791529469381 0.65837778077
63.27/23.95	hepatitis 0.229953646047 0.0777129395855 0.544931241226
65.23/24.73	cmc 0.27029509685 0.0958300062261 0.296706334191
67.26/25.51	heart-c 0.214344636519 0.0644415785375 0.834526966101
69.19/26.29	glass 0.378248937432 0.173330372833 0.220752098314
71.20/26.97	braziltourism 0.464838356243 0.279460903988 0.0475117986123
73.18/27.92	iris 0.272310991199 0.0976271043301 0.397547702674
75.22/28.61	heart-statlog 0.211548318805 0.0627470176312 0.784106281859
77.26/29.30	page-blocks 0.489827683796 0.319514222699 -0.186815099305
79.12/29.98	breast-w 0.224229868665 0.0662477238983 0.593089458867
81.10/30.67	heart-h 0.134052627655 0.0264239595773 0.730776711988
83.04/31.35	yeast 0.245778389071 0.074964437962 0.734008807132
85.00/32.04	tae 0.377270440015 0.169021592202 0.206854089196
86.96/32.73	haberman 0.286300579486 0.106197447857 0.00452493320117
88.93/33.43	mfeat-pixel 0.37833674678 0.17707200613 0.163544014271
90.95/34.12	optdigits 0.159354546889 0.0336220672397 0.786691957974
92.85/34.81	mfeat-factors 0.176741616298 0.0435910383997 0.7737635774
94.89/35.50	satimage 0.242746369811 0.084231855046 0.577898611692
96.74/36.18	lymph 0.218553548906 0.0721159885662 0.449261224973
98.70/36.88	audiology 0.300757085747 0.111631758952 0.426959768482
100.69/37.56	ecoli 0.402768614473 0.211634630548 0.170977833101
102.67/38.25	tic-tac-toe 0.305751436649 0.14606701452 0.408536826162
104.63/38.93	spambase 0.229916894845 0.0593850478063 0.862969403365
106.62/39.62	zoo 0.0988490221398 0.0137949610705 0.837759061245
108.59/40.32	sonar 0.530266990283 0.348531984746 -0.230448383745
110.54/41.01	mfeat-zernike 0.24713541059 0.0852933828463 0.517458432505
112.50/41.70	kr-vs-kp 0.170885438142 0.0374538827144 0.734008807132
112.50/41.74	MAE 0.297870719667 0.132452620707
112.50/41.74	MSE 0.137945655182 0.137945655182
112.50/41.74	Mean tau 0.403490221464 0.361322855327
112.50/41.74	(0.07017543859649122, '1_class_probability_max')
112.50/41.74	(0.9298245614035088, '0_class_probability_max')
112.50/41.74	(2.5964912280701755, '1_landmark_naive_bayes')
112.50/41.74	(3.017543859649123, '0_landmark_naive_bayes')
112.50/41.74	(5.807017543859649, '1_number_of_numeric_features')
112.50/41.74	(6.087719298245614, '0_number_of_numeric_features')
112.50/41.74	(7.017543859649122, '0_landmark_decision_tree')
112.50/41.74	(7.105263157894737, '1_number_of_categorical_features')
112.50/41.74	(7.140350877192983, '0_number_of_categorical_features')
112.50/41.74	(8.24561403508772, '1_landmark_decision_tree')
112.50/41.74	(9.140350877192983, '0_number_of_features')
112.50/41.74	(9.175438596491228, '1_number_of_features')
112.50/41.74	(12.333333333333334, '0_landmark_lda')
112.50/41.74	(12.333333333333334, '1_landmark_lda')
112.50/41.74	(14.456140350877194, '1_number_of_classes')
112.50/41.74	(14.543859649122806, '0_number_of_classes')
112.50/41.74	Result for ParamILS: SAT, 40.850582, 1, 0.297871, -1, /home/feurerm/thesis/Software/pyMetaLearn/optimizers/metalearn_optimizer/learn_distances.py
