0.70/0.99	['/home/feurerm/thesis/Software/pyMetaLearn/optimizers/metalearn_optimizer/learn_distances.py', '--input_file', '/home/feurerm/thesis/experiments/2014_04_25_predict_distances/testfold_0-3_pfahringer_spearman_rank_perm.pkl', '--fold', '0', '--folds', '1', '--params', '-max_features', '0.716789521301', '-min_samples_leaf', '3', '-min_samples_split', '4', '-n_estimators', '22', '-n_jobs', '4', '-seed', '68']
0.70/1.00	Metafeatures (57, 8)
0.70/1.00	X (3192, 16)
0.70/1.00	Y (3192,)
0.70/1.00	Dataset Mae MSE Rho
1.37/1.34	vehicle 0.353728864921 0.15433315215 0.334521847372
2.06/1.70	anneal.ORIG 0.495690105963 0.301845660976 0.111507282457
2.69/2.06	segment 0.147701218606 0.0299368140557 0.830325242414
3.34/2.42	pendigits 0.246730680981 0.0834845235511 0.713000188698
4.00/2.77	mushroom 0.170840626639 0.0397632710887 0.655792104655
4.66/3.13	labor 0.327062620263 0.149176877255 0.197157803765
5.32/3.49	abalone 0.210799768984 0.0577021947289 0.732069550046
6.00/3.86	diabetes 0.512582135288 0.329958620976 0.219782469771
6.66/4.22	car 0.351484474663 0.16246723511 0.321270257283
7.29/4.58	autos 0.172013971269 0.0395094085521 0.733685597618
7.94/4.94	mfeat-fourier 0.567757786432 0.421337373978 -0.395285236073
8.60/5.29	primary-tumor 0.195505812435 0.0519720355976 0.583393173436
9.25/5.65	waveform-5000 0.168341489462 0.044716268247 0.73013029296
9.89/6.01	credit-a 0.347296323967 0.174989446652 0.485783900097
10.53/6.36	letter 0.245627085323 0.0812216954412 0.59696797304
11.20/6.72	postoperative-patient-data 0.425470142877 0.239368639116 0.128637386719
11.84/7.07	vowel 0.363446732458 0.164083846804 0.489985623783
12.47/7.43	eucalyptus 0.464116156811 0.286275393798 -0.100841368483
13.09/7.78	cylinder-bands 0.357733037399 0.164004162138 0.232387640831
13.73/8.14	ionosphere 0.399534220122 0.193216108758 0.132515900891
14.39/8.50	mfeat-karhunen 0.125809164 0.0267009508977 0.826446728242
15.03/8.86	balance-scale 0.23669882732 0.072683028066 0.412092130821
15.68/9.22	mfeat-morphological 0.484764397043 0.307209214951 -0.21752000317
16.34/9.57	liver-disorders 0.306361848761 0.119436297131 0.523922622792
16.98/9.92	dermatology 0.226746089286 0.0670856693154 0.449907644002
17.61/10.28	vote 0.0749619616962 0.00947580865919 0.777642091572
18.28/10.63	breast-cancer 0.189779227833 0.0471080955552 0.316745324082
18.92/10.99	credit-g 0.736758561648 0.710995397457 -0.731423131017
19.57/11.34	soybean 0.134975385405 0.0267620083928 0.667104437658
20.24/11.70	arrhythmia 0.261018177673 0.0933770590762 0.410476083249
20.83/12.05	nursery 0.236488578082 0.0727284239474 0.670336532801
21.48/12.40	hepatitis 0.219683209959 0.0710016796927 0.544284822197
22.12/12.76	cmc 0.281229846081 0.104787948548 0.291211772447
22.75/13.11	heart-c 0.190604431149 0.0485980927697 0.856505213078
23.41/13.46	glass 0.366138593977 0.168733087418 0.269556734984
24.05/13.81	braziltourism 0.448996054205 0.259018606529 0.0775702834486
24.68/14.17	iris 0.283320186165 0.100119124575 0.398840540731
25.35/14.53	heart-statlog 0.212220472102 0.0620145071123 0.804791690779
26.00/14.88	page-blocks 0.405166631167 0.217949160925 -0.0229478755202
26.66/15.24	breast-w 0.233221148667 0.0732751188125 0.459280719918
27.31/15.59	heart-h 0.12805299449 0.0234751741704 0.730776711988
27.96/15.95	yeast 0.235204534159 0.0701123954852 0.69166836075
28.59/16.30	tae 0.369677646217 0.168057907529 0.197804222794
29.25/16.66	haberman 0.273966832724 0.0989496095345 0.117971472745
29.90/17.02	mfeat-pixel 0.353713832576 0.155578901363 0.221075307828
30.58/17.38	optdigits 0.129171687333 0.0236369215474 0.818043280868
31.25/17.75	mfeat-factors 0.195076023214 0.0562998197253 0.704919950839
31.91/18.12	satimage 0.277403993966 0.105201363751 0.380094388898
32.61/18.49	lymph 0.245586804234 0.0932140148214 0.401103007332
33.26/18.85	audiology 0.325037634647 0.129197943564 0.282808325073
33.90/19.21	ecoli 0.434343609587 0.245356885044 0.0391083512387
34.58/19.57	tic-tac-toe 0.30062513822 0.135948212167 0.442797034686
35.23/19.93	spambase 0.23857746915 0.0684745280339 0.808346995437
35.88/20.28	zoo 0.101292861608 0.0148680154919 0.848101765704
36.51/20.64	sonar 0.507559455283 0.325054240218 -0.144474652923
37.16/21.00	mfeat-zernike 0.238721822477 0.0776702382735 0.51713522299
37.82/21.36	kr-vs-kp 0.160091605937 0.0338189423505 0.731746340532
37.82/21.37	MAE 0.292851052507 0.129928586218
37.82/21.37	MSE 0.134269072314 0.134269072314
37.82/21.37	Mean tau 0.408888387389 0.335051688498
37.82/21.37	(0.3157894736842105, '0_class_probability_max')
37.82/21.37	(0.6842105263157895, '1_class_probability_max')
37.82/21.37	(3.192982456140351, '1_landmark_naive_bayes')
37.82/21.37	(3.491228070175439, '1_landmark_decision_tree')
37.82/21.37	(4.0701754385964914, '0_landmark_naive_bayes')
37.82/21.37	(5.526315789473684, '0_landmark_decision_tree')
37.82/21.37	(7.0, '1_number_of_numeric_features')
37.82/21.37	(7.052631578947368, '0_number_of_numeric_features')
37.82/21.37	(7.543859649122807, '0_number_of_categorical_features')
37.82/21.37	(9.12280701754386, '1_number_of_categorical_features')
37.82/21.37	(9.614035087719298, '1_number_of_features')
37.82/21.37	(9.649122807017545, '0_number_of_features')
37.82/21.37	(11.824561403508772, '1_landmark_lda')
37.82/21.37	(11.929824561403509, '0_landmark_lda')
37.82/21.37	(14.43859649122807, '1_number_of_classes')
37.82/21.37	(14.543859649122806, '0_number_of_classes')
37.82/21.37	Result for ParamILS: SAT, 20.381612, 1, 0.292851, -1, /home/feurerm/thesis/Software/pyMetaLearn/optimizers/metalearn_optimizer/learn_distances.py
