0.70/0.95	['/home/feurerm/thesis/Software/pyMetaLearn/optimizers/metalearn_optimizer/learn_distances.py', '--input_file', '/home/feurerm/thesis/experiments/2014_04_25_predict_distances/testfold_0-3_pfahringer_spearman_rank_perm.pkl', '--fold', '0', '--folds', '1', '--params', '-max_features', '0.30843416136', '-min_samples_leaf', '7', '-min_samples_split', '4', '-n_estimators', '87', '-n_jobs', '4', '-seed', '5']
0.70/0.96	Metafeatures (57, 8)
0.70/0.96	X (3192, 16)
0.70/0.96	Y (3192,)
0.70/0.96	Dataset Mae MSE Rho
1.67/1.50	vehicle 0.350488298733 0.152295318811 0.3868817887
2.65/2.10	anneal.ORIG 0.282142526631 0.106063963021 0.580484287807
3.77/2.60	segment 0.256547268051 0.0822838116431 0.736271273733
4.63/3.09	pendigits 0.330703857179 0.136366039576 0.613451658272
5.57/3.59	mushroom 0.200627343775 0.0502454549179 0.634783486221
6.54/4.08	labor 0.287895489951 0.11651154955 0.330320123685
7.52/4.58	abalone 0.331190015513 0.136342028196 0.528124346479
8.50/5.09	diabetes 0.478826231867 0.317734670706 -0.0433100749255
9.46/5.59	car 0.360304082208 0.183812958818 0.410799292763
10.43/6.08	autos 0.25814950507 0.0869619910485 0.503237213873
11.40/6.60	mfeat-fourier 0.541149339411 0.378485749293 -0.423727673338
12.36/7.17	primary-tumor 0.223898458983 0.0601947467445 0.580161078292
13.36/7.66	waveform-5000 0.22721080078 0.0720738747003 0.651267171454
14.27/8.16	credit-a 0.381995698487 0.201168272933 0.363287494151
15.20/8.69	letter 0.243979413191 0.0840540759257 0.669366904258
16.24/9.20	postoperative-patient-data 0.407265863679 0.201020723854 -0.0610865982158
17.33/9.80	vowel 0.458655460979 0.260690036921 0.201682736966
18.22/10.41	eucalyptus 0.375385155152 0.184297885193 0.118294682259
19.34/11.01	cylinder-bands 0.34513272675 0.149302000896 0.335491475915
20.24/11.52	ionosphere 0.423242117676 0.213073955023 0.0281192277501
21.21/12.15	mfeat-karhunen 0.199506774991 0.0545712666292 0.772470739342
22.22/12.75	balance-scale 0.235600885856 0.077721851684 0.490632042812
23.18/13.35	mfeat-morphological 0.476448178105 0.301300747895 -0.197804222794
24.22/13.96	liver-disorders 0.299456681885 0.119408781031 0.404011892961
25.33/14.50	dermatology 0.188891909306 0.0463548799795 0.558829250344
26.25/15.12	vote 0.075610927163 0.00910538813099 0.801236386121
27.28/15.74	breast-cancer 0.230959391946 0.071929636314 0.154817357383
28.27/16.35	credit-g 0.556959960909 0.410597191179 -0.584362801979
29.27/17.05	soybean 0.119100325176 0.0221551241693 0.824507471155
30.39/17.65	arrhythmia 0.276757384247 0.107114355164 0.173240299702
31.31/18.56	nursery 0.299984764744 0.112516490406 0.52004410862
32.36/19.19	hepatitis 0.375551885431 0.199332055851 -0.62217831516
33.38/20.48	cmc 0.297654467821 0.104610994439 0.276020925271
34.39/21.09	heart-c 0.285179448394 0.10639418245 0.746937187707
35.38/21.62	glass 0.35989011254 0.156876112604 0.352944789691
36.39/22.21	braziltourism 0.483722585604 0.301482138289 -0.0119587520317
37.40/22.82	iris 0.305920978453 0.123015973186 0.279253020415
38.40/23.42	heart-statlog 0.293062313833 0.114709743925 0.701041436666
39.39/24.02	page-blocks 0.343534871312 0.159846606908 0.440534568085
40.40/24.64	breast-w 0.228067992163 0.0713615560822 0.457664672347
41.52/25.33	heart-h 0.201409216914 0.0508395431277 0.633813857678
42.45/25.94	yeast 0.322798811049 0.134243073163 0.532326070166
43.48/26.56	tae 0.322855712282 0.128339640256 0.172593880673
44.52/27.22	haberman 0.249994647531 0.0831440286638 0.28410116313
45.49/27.75	mfeat-pixel 0.346663545655 0.147952510549 0.191986451535
46.47/28.34	optdigits 0.224144217756 0.0633179509987 0.722696474129
47.44/29.13	mfeat-factors 0.240641186217 0.079523614075 0.703303903267
48.44/29.89	satimage 0.284692710247 0.107504920951 0.373306989096
49.46/30.68	lymph 0.187083887658 0.0510673711686 0.661286666399
50.47/31.21	audiology 0.336895168266 0.148856699259 0.29444386759
51.55/31.81	ecoli 0.419977966005 0.223064313156 0.0281192277501
52.47/32.43	tic-tac-toe 0.288081386493 0.125541513023 0.570464792861
53.55/33.07	spambase 0.202486710788 0.0547195887941 0.834203756587
54.45/33.59	zoo 0.137096015166 0.0249754107823 0.738533740333
55.52/34.11	sonar 0.493758992044 0.305153058126 -0.120233939345
56.38/34.68	mfeat-zernike 0.270021165854 0.0993860658793 0.409506454706
57.37/38.27	kr-vs-kp 0.205769366627 0.053160808458 0.64803507631
57.50/38.32	MAE 0.305807407026 0.101770120034
57.50/38.32	MSE 0.135511829728 0.135511829728
57.50/38.32	Mean tau 0.374741585713 0.336348711144
57.50/38.32	(0.2807017543859649, '0_class_probability_max')
57.50/38.32	(0.8596491228070176, '1_class_probability_max')
57.50/38.32	(2.245614035087719, '0_landmark_decision_tree')
57.50/38.32	(3.473684210526316, '1_landmark_naive_bayes')
57.50/38.32	(3.8596491228070176, '1_landmark_decision_tree')
57.50/38.32	(5.192982456140351, '0_landmark_naive_bayes')
57.50/38.32	(5.947368421052632, '0_landmark_lda')
57.50/38.32	(6.192982456140351, '1_landmark_lda')
57.50/38.32	(9.421052631578947, '0_number_of_categorical_features')
57.50/38.32	(9.473684210526315, '1_number_of_features')
57.50/38.32	(10.456140350877194, '0_number_of_numeric_features')
57.50/38.32	(11.157894736842104, '1_number_of_numeric_features')
57.50/38.32	(11.333333333333334, '0_number_of_features')
57.50/38.32	(11.649122807017545, '1_number_of_categorical_features')
57.50/38.32	(14.228070175438596, '0_number_of_classes')
57.50/38.32	(14.228070175438596, '1_number_of_classes')
57.50/38.32	Result for ParamILS: SAT, 37.368773, 1, 0.305807, -1, /home/feurerm/thesis/Software/pyMetaLearn/optimizers/metalearn_optimizer/learn_distances.py
