0.68/0.87	['/home/feurerm/thesis/Software/pyMetaLearn/optimizers/metalearn_optimizer/learn_distances.py', '--input_file', '/home/feurerm/thesis/experiments/2014_04_25_predict_distances/testfold_0-3_pfahringer_spearman_rank_perm.pkl', '--fold', '0', '--folds', '1', '--params', '-max_features', '0.270417006448', '-min_samples_leaf', '3', '-min_samples_split', '7', '-n_estimators', '46', '-n_jobs', '4', '-seed', '81']
0.68/0.88	Metafeatures (57, 8)
0.68/0.88	X (3192, 16)
0.68/0.88	Y (3192,)
0.68/0.88	Dataset Mae MSE Rho
1.25/1.22	vehicle 0.349678977278 0.151839607709 0.337430733001
1.90/1.59	anneal.ORIG 0.280031337498 0.104177957963 0.54299198414
2.53/1.97	segment 0.206687818137 0.0529010199798 0.815134395239
3.19/2.35	pendigits 0.269701982141 0.0924081743199 0.708152045983
3.85/2.73	mushroom 0.174255892929 0.0387088928041 0.680679237261
4.57/3.21	labor 0.308161288814 0.13090660607 0.324179142912
5.16/3.59	abalone 0.265141320669 0.0902497272226 0.631874600591
5.79/3.96	diabetes 0.51106568359 0.342752219093 0.0950235972245
6.44/4.34	car 0.332395516781 0.157408404986 0.505499680473
7.03/4.71	autos 0.220266689795 0.0627763387667 0.657408152227
7.66/5.08	mfeat-fourier 0.54879815628 0.39116194409 -0.45346294866
8.30/5.45	primary-tumor 0.231330554314 0.0668969059612 0.512610289789
8.94/5.83	waveform-5000 0.216468194175 0.0656839110545 0.656761733198
9.63/6.20	credit-a 0.361664718629 0.182180282466 0.461866396033
10.20/6.57	letter 0.23031346857 0.075478422205 0.692637989293
10.82/6.95	postoperative-patient-data 0.420822968559 0.22299003578 0.0158372662041
11.47/7.32	vowel 0.444597665733 0.247873865696 0.280545858472
12.10/7.70	eucalyptus 0.410764632777 0.225120255916 0.00323209514369
12.72/8.07	cylinder-bands 0.336416726153 0.144005674005 0.39431560753
13.34/8.44	ionosphere 0.421481766417 0.215880059959 0.024563923092
13.96/8.81	mfeat-karhunen 0.145159738869 0.0304704866907 0.834526966101
14.59/9.19	balance-scale 0.213670007884 0.0654748035068 0.616037334387
15.23/9.58	mfeat-morphological 0.45244763215 0.269436034857 -0.130253434291
15.88/9.96	liver-disorders 0.305995377313 0.11747471161 0.621855105646
16.53/10.34	dermatology 0.198896659507 0.0515584113984 0.505822889988
17.16/10.72	vote 0.0690193307466 0.00804068306686 0.799620338549
17.81/11.09	breast-cancer 0.183556321668 0.0437933593522 0.331936171257
18.43/11.47	credit-g 0.555089919579 0.414669029135 -0.522952994249
19.08/11.84	soybean 0.120512835609 0.0222775423959 0.766006549055
19.70/12.21	arrhythmia 0.282070784281 0.106318448652 0.123789244003
20.33/12.58	nursery 0.285500633731 0.102602805747 0.548809755399
20.95/12.96	hepatitis 0.346779687206 0.173301334339 -0.30478657205
21.60/13.33	cmc 0.311679854173 0.119881087629 0.230125174231
22.23/13.70	heart-c 0.240661983096 0.0762984343663 0.788954424575
22.85/14.08	glass 0.347396935215 0.146662478442 0.396578074131
23.51/14.46	braziltourism 0.458915921071 0.267393586521 0.0216550374627
24.13/14.83	iris 0.296586242631 0.111771459301 0.344541342317
24.77/15.21	heart-statlog 0.256334386725 0.0902198908392 0.761158406339
25.38/15.58	page-blocks 0.326285122494 0.147182359532 0.371044522496
26.04/15.95	breast-w 0.231365126755 0.0737537515072 0.438918520513
26.65/16.33	heart-h 0.178735705541 0.0425950539087 0.61991584856
27.36/16.70	yeast 0.286674126737 0.104770843158 0.629935343505
27.90/17.07	tae 0.324753113501 0.131155096089 0.111184072943
28.54/17.44	haberman 0.251643660181 0.0846693101423 0.160958338156
29.18/17.81	mfeat-pixel 0.323803133933 0.127167451305 0.268263896926
29.80/18.19	optdigits 0.161810775661 0.0344453080891 0.786691957974
30.44/18.56	mfeat-factors 0.191780301698 0.0505134598856 0.737887321305
31.07/18.93	satimage 0.269738558642 0.0966135094985 0.424050882852
31.77/19.30	lymph 0.182969806195 0.0512207391413 0.59696797304
32.33/19.67	audiology 0.319827310674 0.134216924616 0.384619322099
32.96/20.04	ecoli 0.410103221863 0.216863112521 0.100194949454
33.58/20.42	tic-tac-toe 0.275131508418 0.115385453421 0.537497422396
34.19/20.79	spambase 0.211068673371 0.061018955012 0.801236386121
34.84/21.16	zoo 0.116412898842 0.0174761928196 0.76051198731
35.49/21.55	sonar 0.505957992212 0.318201648041 -0.200066689394
36.17/21.94	mfeat-zernike 0.262891700046 0.0965371017891 0.518104851534
36.79/22.32	kr-vs-kp 0.176697696227 0.0400985429108 0.695223665408
36.79/22.35	MAE 0.2915433341 0.108536104585
36.79/22.35	MSE 0.12671806504 0.12671806504
36.79/22.35	Mean tau 0.409892037986 0.328644763211
36.79/22.35	(0.14035087719298245, '1_class_probability_max')
36.79/22.35	(1.7894736842105263, '0_landmark_naive_bayes')
36.79/22.35	(1.9824561403508771, '0_class_probability_max')
36.79/22.35	(2.4210526315789473, '0_landmark_decision_tree')
36.79/22.35	(4.508771929824562, '0_landmark_lda')
36.79/22.35	(4.824561403508772, '1_landmark_decision_tree')
36.79/22.35	(6.719298245614035, '1_landmark_naive_bayes')
36.79/22.35	(7.280701754385965, '1_landmark_lda')
36.79/22.35	(7.771929824561403, '1_number_of_features')
36.79/22.35	(9.912280701754385, '1_number_of_numeric_features')
36.79/22.35	(10.052631578947368, '0_number_of_features')
36.79/22.35	(10.526315789473685, '0_number_of_categorical_features')
36.79/22.35	(10.789473684210526, '0_number_of_numeric_features')
36.79/22.35	(13.087719298245615, '1_number_of_categorical_features')
36.79/22.35	(13.859649122807017, '0_number_of_classes')
36.79/22.35	(14.333333333333334, '1_number_of_classes')
36.79/22.35	Result for ParamILS: SAT, 21.475099, 1, 0.291543, -1, /home/feurerm/thesis/Software/pyMetaLearn/optimizers/metalearn_optimizer/learn_distances.py
