0.78/0.92	['/home/feurerm/thesis/Software/pyMetaLearn/optimizers/metalearn_optimizer/learn_distances.py', '--input_file', '/home/feurerm/thesis/experiments/2014_04_25_predict_distances/testfold_0-3_pfahringer_spearman_rank_perm.pkl', '--fold', '0', '--folds', '1', '--params', '-max_features', '0.608051644117', '-min_samples_leaf', '6', '-min_samples_split', '1', '-n_estimators', '62', '-n_jobs', '4', '-seed', '37']
0.78/0.93	Metafeatures (57, 8)
0.78/0.93	X (3192, 16)
0.78/0.93	Y (3192,)
0.78/0.93	Dataset Mae MSE Rho
1.94/1.49	vehicle 0.339089985436 0.137104320028 0.39948695976
3.22/2.08	anneal.ORIG 0.459604140302 0.249652652478 0.609896353614
4.51/2.68	segment 0.210736174932 0.0547506367258 0.80188280515
5.85/3.28	pendigits 0.282514238814 0.103052566231 0.677123932603
7.10/3.88	mushroom 0.17540550317 0.0388277781966 0.689405894149
8.42/4.47	labor 0.303014898654 0.128553715801 0.244023183349
9.71/5.06	abalone 0.276098396934 0.0986231945066 0.580161078292
11.03/5.64	diabetes 0.506107014791 0.32468753259 0.19457212765
12.33/6.23	car 0.359153299339 0.174084027884 0.348096646975
13.60/6.71	autos 0.219320985882 0.0625566601169 0.683911332405
14.98/7.30	mfeat-fourier 0.572424859558 0.422268982829 -0.474148357579
16.18/7.89	primary-tumor 0.227585923106 0.0666026886161 0.503883632901
17.47/8.48	waveform-5000 0.173584162845 0.0426030205347 0.755987054109
18.74/9.06	credit-a 0.375173624825 0.197418410662 0.411445711792
20.04/9.65	letter 0.240770514665 0.0808927482163 0.636722743307
21.34/10.34	postoperative-patient-data 0.413494871267 0.223483175401 0.109568025371
22.68/10.93	vowel 0.441385764107 0.24382203535 0.306079410107
23.92/11.52	eucalyptus 0.39236737423 0.201068989935 0.042017236868
25.26/12.21	cylinder-bands 0.295846878655 0.104662564256 0.59696797304
26.50/12.81	ionosphere 0.420961280394 0.208742395613 0.0646419028738
27.82/13.41	mfeat-karhunen 0.17212048414 0.0420142058928 0.791216891175
29.16/14.00	balance-scale 0.246071245001 0.0784805177106 0.388821045786
30.37/14.58	mfeat-morphological 0.487322777085 0.31793519617 -0.273758458671
31.66/15.26	liver-disorders 0.279655247179 0.102546722479 0.446029129829
32.98/15.86	dermatology 0.194010520761 0.0486316578846 0.537497422396
34.30/16.45	vote 0.0790776535185 0.00998713109955 0.776672463029
35.56/17.04	breast-cancer 0.151865282122 0.0308052435695 0.360701818036
36.86/17.63	credit-g 0.638870677904 0.545546302942 -0.655792104655
38.13/18.31	soybean 0.124182000398 0.0243220323018 0.743058673534
39.49/18.90	arrhythmia 0.266932097909 0.0992847189497 0.243053554806
40.72/19.59	nursery 0.267199922513 0.0924953971723 0.626703248362
42.04/20.08	hepatitis 0.270650306105 0.0992408356114 0.24854811655
43.32/20.68	cmc 0.264461416453 0.0911137783547 0.292827820018
44.60/21.27	heart-c 0.242472325721 0.0791580528097 0.795741824377
45.89/21.86	glass 0.376974003453 0.170297555247 0.246608859464
47.17/22.43	braziltourism 0.433439204574 0.242470291603 0.125082082061
48.53/23.01	iris 0.290459916178 0.108777430749 0.367489217838
49.87/23.70	heart-statlog 0.26300937713 0.0915582024445 0.766976177598
51.16/24.30	page-blocks 0.404616181794 0.220568635089 0.17905807096
52.36/24.88	breast-w 0.216208569618 0.0618003793012 0.531033232108
53.65/25.46	heart-h 0.161898656473 0.0354387000606 0.69166836075
54.92/26.04	yeast 0.300896425967 0.112047223021 0.608926725071
56.18/26.63	tae 0.363544599503 0.159326129391 0.159988709613
57.46/27.22	haberman 0.266789565621 0.0923806650701 0.0268263896926
58.74/27.81	mfeat-pixel 0.359251622976 0.157505903668 0.191016822992
60.11/28.40	optdigits 0.178061573213 0.041348075194 0.774409996428
61.35/28.99	mfeat-factors 0.206454303555 0.0565964822171 0.722373264615
62.64/29.58	satimage 0.25783886523 0.0916816022814 0.486430319125
63.90/30.17	lymph 0.191718747182 0.0528627463383 0.578868240235
65.24/30.77	audiology 0.321054967904 0.134199683011 0.37653908424
66.49/31.35	ecoli 0.401036451574 0.206315351832 0.178734861446
67.78/31.94	tic-tac-toe 0.307590659211 0.137884524788 0.652236799997
69.07/32.52	spambase 0.215066265327 0.056575175857 0.876220993454
70.37/33.12	zoo 0.113073758443 0.0172985558101 0.805761319322
71.76/33.70	sonar 0.518908141922 0.342357210022 -0.172270671159
73.06/34.20	mfeat-zernike 0.249813352734 0.0884858453755 0.507438937559
74.26/34.79	kr-vs-kp 0.183381611359 0.0429533851703 0.695870084437
74.36/34.82	MAE 0.297379274906 0.11691438133
74.36/34.82	MSE 0.132381572675 0.132381572675
74.36/34.82	Mean tau 0.418953245073 0.324825254544
74.36/34.82	(0.47368421052631576, '1_class_probability_max')
74.36/34.82	(0.5263157894736842, '0_class_probability_max')
74.36/34.82	(2.3508771929824563, '0_landmark_decision_tree')
74.36/34.82	(3.7017543859649122, '1_landmark_naive_bayes')
74.36/34.82	(3.8771929824561404, '1_landmark_decision_tree')
74.36/34.82	(4.0701754385964914, '0_landmark_naive_bayes')
74.36/34.82	(7.0701754385964914, '1_number_of_numeric_features')
74.36/34.82	(8.368421052631579, '1_number_of_categorical_features')
74.36/34.82	(8.596491228070175, '0_number_of_numeric_features')
74.36/34.82	(8.68421052631579, '0_number_of_categorical_features')
74.36/34.82	(10.403508771929825, '1_landmark_lda')
74.36/34.82	(10.701754385964913, '1_number_of_features')
74.36/34.82	(10.912280701754385, '0_number_of_features')
74.36/34.82	(11.263157894736842, '0_landmark_lda')
74.36/34.82	(14.473684210526315, '0_number_of_classes')
74.36/34.82	(14.526315789473685, '1_number_of_classes')
74.36/34.82	Result for ParamILS: SAT, 33.898217, 1, 0.297379, -1, /home/feurerm/thesis/Software/pyMetaLearn/optimizers/metalearn_optimizer/learn_distances.py
