0.76/2.61	['/home/feurerm/thesis/Software/pyMetaLearn/optimizers/metalearn_optimizer/learn_distances.py', '--input_file', '/home/feurerm/thesis/experiments/2014_04_25_predict_distances/testfold_0-3_pfahringer_spearman_rank_perm.pkl', '--fold', '0', '--folds', '1', '--params', '-max_features', '0.706426144885', '-min_samples_leaf', '2', '-min_samples_split', '10', '-n_estimators', '48', '-n_jobs', '4', '-seed', '60']
0.76/2.62	Metafeatures (57, 8)
0.76/2.62	X (3192, 16)
0.76/2.62	Y (3192,)
0.76/2.62	Dataset Mae MSE Rho
1.91/3.32	vehicle 0.365449733815 0.161747958244 0.295413496133
3.19/4.00	anneal.ORIG 0.468122164932 0.265719188198 0.369105265409
4.49/4.62	segment 0.180267082851 0.0424076135415 0.821598585526
5.75/5.21	pendigits 0.257456299212 0.0885430278735 0.71461623627
7.02/5.97	mushroom 0.176455837724 0.0400113444199 0.67615430406
8.28/6.57	labor 0.326319757326 0.148310918876 0.209439765311
9.53/7.56	abalone 0.219031445836 0.0628982439523 0.698132551037
10.80/8.16	diabetes 0.493277749478 0.300963810278 0.295736705648
12.14/8.74	car 0.360122291551 0.17642412602 0.314806066995
13.35/9.36	autos 0.199119063709 0.0506663785287 0.750815701879
14.62/10.14	mfeat-fourier 0.539201381286 0.381680239961 -0.321916676312
15.89/10.81	primary-tumor 0.209911887881 0.0558146161093 0.573373678491
17.14/11.41	waveform-5000 0.154324347912 0.0366337211246 0.768915434684
18.41/12.02	credit-a 0.364888173809 0.187406525372 0.425990139938
19.61/12.63	letter 0.229324611272 0.0725235152986 0.63252101962
20.87/13.23	postoperative-patient-data 0.438954031848 0.250698972125 0.0500974747272
22.12/13.81	vowel 0.415229430201 0.216706018859 0.404981521504
23.36/14.49	eucalyptus 0.448281045714 0.263884489706 -0.108275187314
24.62/15.20	cylinder-bands 0.330949155514 0.132693240318 0.355530465806
25.90/15.81	ionosphere 0.388816179099 0.182452451587 0.167745737958
27.14/16.39	mfeat-karhunen 0.134290913191 0.0277393825804 0.826769937756
28.40/17.08	balance-scale 0.240767184493 0.0804782954009 0.454432577203
29.65/17.84	mfeat-morphological 0.469575582158 0.28845687219 -0.210732603369
30.89/18.45	liver-disorders 0.28000284089 0.103274774722 0.470916262436
32.15/19.05	dermatology 0.217285843811 0.0605622046626 0.454755786717
33.39/19.69	vote 0.0757298708587 0.00980608325673 0.765360130026
34.67/20.96	breast-cancer 0.136747880752 0.0270022823088 0.394962026559
35.96/21.56	credit-g 0.644913054791 0.548942737064 -0.662902713971
37.23/22.23	soybean 0.119530974112 0.0232257049827 0.757926311195
38.56/23.04	arrhythmia 0.259039365531 0.0920887130348 0.282808325073
39.79/23.59	nursery 0.258911278395 0.0855502822851 0.634783486221
41.08/24.19	hepatitis 0.233577161279 0.0716437453002 0.513256708818
42.32/24.77	cmc 0.283444935291 0.105173369414 0.273435249156
43.55/29.82	heart-c 0.193499773549 0.0525324099603 0.858767679679
44.93/30.40	glass 0.340675507362 0.140319517201 0.413061759364
46.12/30.97	braziltourism 0.467486056383 0.286057339257 0.018422942319
47.37/31.57	iris 0.288367834675 0.107420966533 0.352621580177
48.70/36.90	heart-statlog 0.227158666204 0.0716239514677 0.789924053118
49.91/37.48	page-blocks 0.450284709056 0.272657766114 -0.0084034473736
51.17/38.06	breast-w 0.20830888095 0.0593610684368 0.578545030721
52.44/38.98	heart-h 0.141316120153 0.0294245532344 0.700071808123
53.74/39.67	yeast 0.257759675816 0.0821049747705 0.70427353181
55.01/40.26	tae 0.374746960822 0.167868934072 0.172917090187
56.33/40.85	haberman 0.284694494044 0.106526383105 0.0213318279484
57.62/41.78	mfeat-pixel 0.360694385894 0.158277028159 0.203945203567
58.86/42.38	optdigits 0.153440652038 0.0317979247689 0.787984796032
60.12/43.14	mfeat-factors 0.168278438877 0.0419475113662 0.774086786914
61.37/43.76	satimage 0.242554879094 0.0848571647575 0.554304317143
62.66/44.44	lymph 0.226031535645 0.079438310166 0.415970644993
63.96/45.03	audiology 0.295984173874 0.110435509432 0.454109367689
65.26/45.60	ecoli 0.396834316666 0.203213274121 0.184552632705
66.52/46.60	tic-tac-toe 0.319562009069 0.155747274614 0.440857777599
67.73/47.19	spambase 0.21330876094 0.0530541255586 0.872988898311
69.02/52.66	zoo 0.101820789686 0.0149418686193 0.839698318331
70.32/53.24	sonar 0.50440462446 0.317903458001 -0.126051710604
71.70/53.83	mfeat-zernike 0.250366837766 0.0906104072336 0.52230657522
72.91/54.41	kr-vs-kp 0.148024734893 0.029385794405 0.771501110799
72.91/54.44	MAE 0.29008637499 0.123181008186
72.91/54.44	MSE 0.129642778297 0.129642778297
72.91/54.44	Mean tau 0.427163900806 0.328759855571
72.91/54.44	(0.49122807017543857, '0_class_probability_max')
72.91/54.44	(0.5087719298245614, '1_class_probability_max')
72.91/54.44	(2.8596491228070176, '1_landmark_decision_tree')
72.91/54.44	(3.473684210526316, '0_landmark_naive_bayes')
72.91/54.44	(3.56140350877193, '0_landmark_decision_tree')
72.91/54.44	(4.280701754385965, '1_landmark_naive_bayes')
72.91/54.44	(7.701754385964913, '0_number_of_numeric_features')
72.91/54.44	(7.964912280701754, '1_number_of_numeric_features')
72.91/54.44	(8.421052631578947, '1_number_of_categorical_features')
72.91/54.44	(8.87719298245614, '0_number_of_categorical_features')
72.91/54.44	(9.982456140350877, '1_number_of_features')
72.91/54.44	(10.350877192982455, '0_landmark_lda')
72.91/54.44	(10.543859649122806, '0_number_of_features')
72.91/54.44	(11.982456140350877, '1_landmark_lda')
72.91/54.44	(14.421052631578947, '1_number_of_classes')
72.91/54.44	(14.578947368421053, '0_number_of_classes')
72.91/54.44	Result for ParamILS: SAT, 51.826235, 1, 0.290086, -1, /home/feurerm/thesis/Software/pyMetaLearn/optimizers/metalearn_optimizer/learn_distances.py
