0.68/0.89	['/home/feurerm/thesis/Software/pyMetaLearn/optimizers/metalearn_optimizer/learn_distances.py', '--input_file', '/home/feurerm/thesis/experiments/2014_04_25_predict_distances/testfold_0-3_pfahringer_spearman_rank_perm.pkl', '--fold', '0', '--folds', '1', '--params', '-max_features', '0.187840166824', '-min_samples_leaf', '6', '-min_samples_split', '6', '-n_estimators', '13', '-n_jobs', '4', '-seed', '77']
0.68/0.89	Metafeatures (57, 8)
0.68/0.89	X (3192, 16)
0.68/0.89	Y (3192,)
0.68/0.89	Dataset Mae MSE Rho
0.90/1.13	vehicle 0.355502148334 0.158332252442 0.373306989096
1.08/1.38	anneal.ORIG 0.252091908672 0.0870805211088 0.442473825171
1.26/1.63	segment 0.282444541267 0.100644927887 0.598907230126
1.43/1.87	pendigits 0.338694234293 0.143825125831 0.533942117738
1.61/2.12	mushroom 0.212473306626 0.0574015896821 0.598260811097
1.79/2.37	labor 0.35077248266 0.166310913931 0.33807715203
2.00/2.62	abalone 0.316957582507 0.131122692477 0.514549546876
2.20/2.88	diabetes 0.467157022062 0.299216059732 -0.0206854089196
2.38/3.13	car 0.333145365202 0.158215033492 0.491156366103
2.58/3.38	autos 0.251200023697 0.0802219925556 0.56593985966
2.78/3.63	mfeat-fourier 0.553865176091 0.40845095331 -0.365740986012
2.97/3.88	primary-tumor 0.241152876873 0.0704454369651 0.531679651137
3.17/4.14	waveform-5000 0.21928374099 0.0705949655591 0.684234541919
3.35/4.39	credit-a 0.380805233565 0.198203169365 0.349712694547
3.54/4.63	letter 0.266492484286 0.0989021867552 0.515842384933
3.71/4.88	postoperative-patient-data 0.397998653213 0.19999742142 0.0711175351265
3.92/5.13	vowel 0.480322545869 0.291586460012 0.0935766817945
4.11/5.39	eucalyptus 0.42058871044 0.240033876177 0.0712734312113
4.29/5.64	cylinder-bands 0.362267550812 0.176683009998 0.272788830127
4.50/5.89	ionosphere 0.435509025677 0.241945428964 0.0329673704656
4.68/6.14	mfeat-karhunen 0.198855034725 0.0536209441204 0.722696474129
4.86/6.39	balance-scale 0.231043142216 0.0690021310628 0.435236621887
5.05/6.64	mfeat-morphological 0.49284950368 0.320785395182 -0.190693613478
5.24/6.89	liver-disorders 0.298826003865 0.117030527781 0.335814685429
5.45/7.14	dermatology 0.179878474045 0.0425669347145 0.595998344497
5.67/7.50	vote 0.0829334190268 0.0111237600878 0.779904558173
5.83/7.75	breast-cancer 0.189966874771 0.0545409408867 0.198773851337
6.06/8.00	credit-g 0.503679638159 0.335015020349 -0.317068533596
6.23/8.26	soybean 0.124987196083 0.0239920930543 0.732290060813
6.43/8.55	arrhythmia 0.297514301443 0.128286136231 0.0927611306239
6.63/8.81	nursery 0.309335629128 0.121641969011 0.453786158174
6.82/9.06	hepatitis 0.413920755601 0.236186554782 -0.422111625766
7.00/9.32	cmc 0.324931686048 0.124106687793 0.202975575024
7.20/9.57	heart-c 0.298834286404 0.122397512153 0.649651123882
7.41/9.82	glass 0.370932413842 0.168802508969 0.208793346282
7.60/10.07	braziltourism 0.45043911575 0.264367008785 0.0129283805748
7.78/10.32	iris 0.301146410304 0.12118013833 0.262488356922
7.97/10.57	heart-statlog 0.276220400008 0.100195211339 0.598907230126
8.16/10.83	page-blocks 0.327257459368 0.148694659618 0.495480185528
8.36/11.08	breast-w 0.220862537212 0.070808791498 0.479966128838
8.56/11.34	heart-h 0.259964552584 0.0965248438681 0.278283391872
8.75/11.59	yeast 0.361513771278 0.171705916212 0.349389485033
8.95/11.84	tae 0.320206227132 0.131329150705 0.078863121506
9.14/12.10	haberman 0.258783330232 0.0905043217784 0.114092958572
9.35/12.35	mfeat-pixel 0.320388263585 0.128793286635 0.283777953616
9.54/12.60	optdigits 0.230108737497 0.0683088016577 0.693607617836
9.72/12.84	mfeat-factors 0.241452026034 0.0798955551248 0.646742238252
9.92/13.09	satimage 0.277631328941 0.108185629795 0.355207256292
10.12/13.34	lymph 0.213811278889 0.0643130337742 0.55850604083
10.31/13.59	audiology 0.353128721278 0.178775256575 0.278144161258
10.50/13.85	ecoli 0.434247537583 0.241975292982 -0.0541419488794
10.68/14.10	tic-tac-toe 0.350207423705 0.171535991451 0.279253020415
10.87/14.35	spambase 0.210924722827 0.0588202331585 0.740472997419
11.08/14.60	zoo 0.145664354186 0.0281557057265 0.697486132008
11.27/14.84	sonar 0.501710838526 0.327848090926 -0.195072633724
11.46/15.09	mfeat-zernike 0.250558623142 0.0934864136991 0.52004410862
11.66/15.35	kr-vs-kp 0.213118121433 0.0576104952862 0.607957096528
11.66/15.35	MAE 0.311518574626 0.100818900368
11.66/15.35	MSE 0.142303981803 0.142303981803
11.66/15.35	Mean tau 0.337799509844 0.294772809916
11.66/15.35	(0.8771929824561403, '0_landmark_naive_bayes')
11.66/15.35	(2.3333333333333335, '1_landmark_naive_bayes')
11.66/15.35	(2.3508771929824563, '1_landmark_lda')
11.66/15.35	(3.1052631578947367, '0_landmark_lda')
11.66/15.35	(4.035087719298246, '1_class_probability_max')
11.66/15.35	(4.12280701754386, '0_class_probability_max')
11.66/15.35	(4.842105263157895, '1_landmark_decision_tree')
11.66/15.35	(8.43859649122807, '0_landmark_decision_tree')
11.66/15.35	(9.298245614035087, '0_number_of_numeric_features')
11.66/15.35	(9.43859649122807, '1_number_of_features')
11.66/15.35	(9.929824561403509, '0_number_of_features')
11.66/15.35	(10.982456140350877, '1_number_of_numeric_features')
11.66/15.35	(11.578947368421053, '0_number_of_classes')
11.66/15.35	(12.298245614035087, '1_number_of_categorical_features')
11.66/15.35	(13.017543859649123, '0_number_of_categorical_features')
11.66/15.35	(13.350877192982455, '1_number_of_classes')
11.66/15.35	Result for ParamILS: SAT, 14.467756, 1, 0.311519, -1, /home/feurerm/thesis/Software/pyMetaLearn/optimizers/metalearn_optimizer/learn_distances.py
