0.78/0.90	['/home/feurerm/thesis/Software/pyMetaLearn/optimizers/metalearn_optimizer/learn_distances.py', '--input_file', '/home/feurerm/thesis/experiments/2014_04_25_predict_distances/testfold_0-3_pfahringer_spearman_rank_perm.pkl', '--fold', '0', '--folds', '1', '--params', '-max_features', '0.198510236575', '-min_samples_leaf', '8', '-min_samples_split', '6', '-n_estimators', '3', '-n_jobs', '4', '-seed', '57']
0.78/0.90	Metafeatures (57, 8)
0.78/0.90	X (3192, 16)
0.78/0.90	Y (3192,)
0.78/0.90	Dataset Mae MSE Rho
0.84/1.14	vehicle 0.423422154511 0.239528865291 0.141260640478
0.93/1.38	anneal.ORIG 0.283732230809 0.106681746462 0.292699829563
1.01/1.62	segment 0.318415770445 0.131925879498 0.429175289059
1.11/1.86	pendigits 0.338931017655 0.152173943052 0.507806691397
1.18/2.09	mushroom 0.218813865411 0.0668171010056 0.578528651131
1.25/2.33	labor 0.274841511671 0.119686310187 0.31410464667
1.34/2.57	abalone 0.362299983258 0.179647853419 0.327962682613
1.44/2.81	diabetes 0.517882463034 0.346490068249 0.0905715469086
1.52/3.05	car 0.416964348712 0.248751568093 0.0497480617064
1.63/3.30	autos 0.280348079966 0.116116323629 0.245813991907
1.69/3.54	mfeat-fourier 0.517668417374 0.353662970946 -0.182790258003
1.80/3.78	primary-tumor 0.21020293608 0.0620034461879 0.520571471177
1.89/4.02	waveform-5000 0.246243882104 0.0921815555272 0.484580373962
1.96/4.26	credit-a 0.421899787197 0.235854910582 0.179759908018
2.06/4.50	letter 0.253461898355 0.0903856277156 0.453515905195
2.15/4.74	postoperative-patient-data 0.462833131722 0.279987753976 -0.071301361049
2.24/4.99	vowel 0.497684265 0.325402721086 -0.0152079829362
2.32/5.23	eucalyptus 0.425725639412 0.262525854572 0.0844341227298
2.41/5.47	cylinder-bands 0.435321310494 0.259908893001 0.0271889940512
2.51/5.71	ionosphere 0.421163225094 0.229710513796 0.0576054796537
2.60/5.96	mfeat-karhunen 0.227155551197 0.0721894790292 0.613317413817
2.68/6.19	balance-scale 0.251415376176 0.0868073871047 0.322687134906
2.76/6.43	mfeat-morphological 0.469358003366 0.301159437887 -0.15013402804
2.84/6.68	liver-disorders 0.360697275494 0.184098418206 0.0739307230062
2.94/6.93	dermatology 0.208282966428 0.0583921570127 0.462238359044
3.02/7.17	vote 0.132757219922 0.0276974200782 0.632545214214
3.12/7.41	breast-cancer 0.204670187613 0.0589632188762 0.179972415991
3.21/7.66	credit-g 0.487189050109 0.330290770022 -0.15309614978
3.33/7.90	soybean 0.163511397889 0.0429886963865 0.607701859941
3.40/8.14	arrhythmia 0.284419200363 0.125100864135 0.143054161301
3.50/8.39	nursery 0.33579101319 0.152764725013 0.349291116943
3.58/8.63	hepatitis 0.482013282687 0.363979375889 -0.229907455539
3.67/8.87	cmc 0.30607754694 0.121724357292 0.235495107629
3.76/9.11	heart-c 0.296189078857 0.119666028307 0.53076602985
3.85/9.35	glass 0.423303353787 0.231720686326 -0.0090673879413
3.93/9.59	braziltourism 0.435545735616 0.248692335121 0.128357008534
4.03/9.83	iris 0.308277132023 0.125654451909 0.265544932567
4.13/10.07	heart-statlog 0.239750736687 0.0806644379063 0.622032445376
4.24/10.32	page-blocks 0.328877496406 0.158077923663 0.342673075796
4.32/10.56	breast-w 0.225764494753 0.0771974578843 0.456636695457
4.42/10.80	heart-h 0.261494317819 0.111288055348 0.301676927891
4.49/11.04	yeast 0.367857829968 0.179045020313 0.287800190384
4.57/11.28	tae 0.255700490634 0.0918796528388 0.18611853037
4.66/11.52	haberman 0.317808508228 0.153838118008 0.124248043987
4.75/11.76	mfeat-pixel 0.320396589889 0.142359551087 0.280309175334
4.84/12.00	optdigits 0.273767469534 0.101763003098 0.497052974593
4.93/12.24	mfeat-factors 0.24830358985 0.0904349930169 0.560701635285
5.02/12.49	satimage 0.32599508506 0.141508368104 0.275824688677
5.12/12.73	lymph 0.257906279252 0.0956451177536 0.451761988869
5.19/12.97	audiology 0.370074721935 0.184701139195 0.331168831169
5.29/13.22	ecoli 0.472749277362 0.307841243562 -0.116430372314
5.39/13.46	tic-tac-toe 0.339022261024 0.165826761012 0.438250170415
5.47/13.70	spambase 0.278334269714 0.102524877074 0.621197002703
5.55/13.94	zoo 0.157738956528 0.0382438028681 0.638198473215
5.65/14.19	sonar 0.538483673047 0.374461535187 -0.216689859585
5.73/14.43	mfeat-zernike 0.270444033584 0.114628871295 0.370168776149
5.82/14.67	kr-vs-kp 0.229657739638 0.0764130742276 0.520750541262
5.82/14.67	MAE 0.329555037033 0.101023288185
5.82/14.67	MSE 0.163853977514 0.163853977514
5.82/14.67	Mean tau 0.271792545188 0.241709558512
5.82/14.67	(0.6666666666666666, '0_landmark_decision_tree')
5.82/14.67	(2.245614035087719, '0_class_probability_max')
5.82/14.67	(2.3684210526315788, '1_landmark_lda')
5.82/14.67	(4.2631578947368425, '0_landmark_naive_bayes')
5.82/14.67	(5.614035087719298, '1_landmark_naive_bayes')
5.82/14.67	(5.7368421052631575, '1_class_probability_max')
5.82/14.67	(7.087719298245614, '1_number_of_classes')
5.82/14.67	(8.719298245614034, '1_number_of_numeric_features')
5.82/14.67	(8.87719298245614, '0_number_of_numeric_features')
5.82/14.67	(9.035087719298245, '1_landmark_decision_tree')
5.82/14.67	(9.894736842105264, '0_number_of_categorical_features')
5.82/14.67	(10.035087719298245, '0_landmark_lda')
5.82/14.67	(10.649122807017545, '1_number_of_features')
5.82/14.67	(10.807017543859649, '1_number_of_categorical_features')
5.82/14.67	(11.192982456140351, '0_number_of_features')
5.82/14.67	(12.807017543859649, '0_number_of_classes')
5.82/14.67	Result for ParamILS: SAT, 13.773575, 1, 0.329555, -1, /home/feurerm/thesis/Software/pyMetaLearn/optimizers/metalearn_optimizer/learn_distances.py
