0.71/0.99	['/home/feurerm/thesis/Software/pyMetaLearn/optimizers/metalearn_optimizer/learn_distances.py', '--input_file', '/home/feurerm/thesis/experiments/2014_04_25_predict_distances/testfold_0-3_pfahringer_spearman_rank_perm.pkl', '--fold', '0', '--folds', '1', '--params', '-max_features', '0.417424578784', '-min_samples_leaf', '5', '-min_samples_split', '6', '-n_estimators', '98', '-n_jobs', '4', '-seed', '82']
0.71/1.00	Metafeatures (57, 8)
0.71/1.00	X (3192, 16)
0.71/1.00	Y (3192,)
0.71/1.00	Dataset Mae MSE Rho
2.09/1.67	vehicle 0.335724838963 0.136622311154 0.457341462832
3.78/2.40	anneal.ORIG 0.348282985447 0.151637490964 0.590503782752
5.31/3.26	segment 0.21102635083 0.0555074758876 0.805761319322
6.74/3.98	pendigits 0.291530746617 0.108450677647 0.686820218034
8.30/4.81	mushroom 0.187597147105 0.0440169911523 0.656438523684
9.93/5.53	labor 0.314699684828 0.139685236812 0.268263896926
11.35/6.24	abalone 0.255595407522 0.0842356281783 0.649004704853
12.88/6.95	diabetes 0.510185718029 0.335188935449 0.177765232903
14.46/7.66	car 0.33738122458 0.154159303784 0.411445711792
15.86/8.37	autos 0.230295747223 0.0683928361006 0.613451658272
17.50/9.10	mfeat-fourier 0.550506799568 0.393555086531 -0.45572541526
18.96/9.81	primary-tumor 0.221981707106 0.0605142205297 0.530710022594
20.38/10.53	waveform-5000 0.190320197073 0.05216371181 0.759219149253
21.87/11.24	credit-a 0.373986902456 0.196483522066 0.40982966422
23.37/11.95	letter 0.230624910981 0.0751604232768 0.667427647172
24.87/12.66	postoperative-patient-data 0.410428325441 0.21446549715 0.054299198414
26.34/13.37	vowel 0.451613685934 0.254303972908 0.237235783547
27.84/14.08	eucalyptus 0.416887073248 0.229933926893 -0.0180997328047
29.47/14.80	cylinder-bands 0.322543687705 0.134190387873 0.468977005349
30.84/17.27	ionosphere 0.418565486932 0.212363252413 0.0620562267589
32.33/17.99	mfeat-karhunen 0.160057700099 0.0370740850979 0.819012909411
33.92/18.70	balance-scale 0.219243631065 0.0682592620012 0.55042580297
35.34/19.42	mfeat-morphological 0.483540567598 0.307709593672 -0.235619735975
36.87/20.14	liver-disorders 0.260907614401 0.0921405384326 0.549456174427
38.43/20.85	dermatology 0.198585871767 0.0517564910983 0.523922622792
39.84/21.56	vote 0.0711963194398 0.00803886399096 0.797681081463
41.35/22.29	breast-cancer 0.166071948805 0.0353743183422 0.375892665211
42.96/23.01	credit-g 0.569694862127 0.431662653626 -0.580161078292
44.37/23.71	soybean 0.125003085909 0.0249436446303 0.718817959957
46.33/24.44	arrhythmia 0.272943967262 0.101621766047 0.195864965708
47.83/25.15	nursery 0.285413763479 0.105265649202 0.569818373833
49.35/25.87	hepatitis 0.343317099567 0.168832191701 -0.485783900097
50.88/26.59	cmc 0.290269064049 0.105472681706 0.298322381763
52.40/27.31	heart-c 0.256778209491 0.0887162287563 0.809639833494
53.92/28.03	glass 0.360024979112 0.155961653646 0.35068232309
55.43/28.74	braziltourism 0.431794920677 0.240263093884 0.0827416356785
56.94/29.45	iris 0.28832722069 0.108599065787 0.359732189493
58.43/30.16	heart-statlog 0.277184820859 0.10340952552 0.72722140733
60.05/30.89	page-blocks 0.332563577227 0.151770684551 0.423727673338
61.51/31.62	breast-w 0.224906324614 0.0699123892991 0.46089676749
63.02/32.33	heart-h 0.164720788516 0.0358180636329 0.717201912385
64.60/33.03	yeast 0.295738413278 0.111275178857 0.609249934586
66.06/33.76	tae 0.348708725265 0.148725715094 0.156756614469
67.57/34.48	haberman 0.254451962164 0.0842495989886 0.104073463627
69.16/35.20	mfeat-pixel 0.335395222822 0.135895247976 0.255658725866
70.59/35.90	optdigits 0.174162566343 0.0399694216507 0.776026044
72.10/36.62	mfeat-factors 0.193749197222 0.0517507714645 0.745644349649
73.71/37.34	satimage 0.263728523908 0.0948608471588 0.444413082257
75.15/38.05	lymph 0.197956985504 0.0570780638479 0.517781642019
76.66/38.77	audiology 0.322028310344 0.139601666292 0.414031387907
78.16/39.47	ecoli 0.414322222748 0.219123321092 0.118617891773
79.66/40.18	tic-tac-toe 0.281670329516 0.118261685348 0.652560009511
81.14/40.89	spambase 0.20794148952 0.0542535857915 0.887856535972
82.65/41.60	zoo 0.106130442012 0.0155559343007 0.808346995437
84.17/42.30	sonar 0.51570602908 0.331869185721 -0.179704489989
85.75/43.01	mfeat-zernike 0.254067153641 0.0885893503742 0.552041850542
87.21/43.72	kr-vs-kp 0.172463812706 0.0370731393251 0.721080426557
87.21/43.77	MAE 0.293518357025 0.110431094848
87.21/43.77	MSE 0.128452035903 0.128452035903
87.21/43.77	Mean tau 0.414853587549 0.340615229828
87.21/43.77	(0.10526315789473684, '1_class_probability_max')
87.21/43.77	(1.280701754385965, '0_landmark_decision_tree')
87.21/43.77	(1.631578947368421, '0_class_probability_max')
87.21/43.77	(3.6491228070175437, '1_landmark_decision_tree')
87.21/43.77	(3.754385964912281, '0_landmark_naive_bayes')
87.21/43.77	(4.666666666666667, '1_landmark_naive_bayes')
87.21/43.77	(6.2631578947368425, '0_landmark_lda')
87.21/43.77	(6.807017543859649, '1_landmark_lda')
87.21/43.77	(8.75438596491228, '1_number_of_numeric_features')
87.21/43.77	(9.298245614035087, '0_number_of_numeric_features')
87.21/43.77	(10.105263157894736, '1_number_of_features')
87.21/43.77	(11.298245614035087, '0_number_of_features')
87.21/43.77	(11.31578947368421, '1_number_of_categorical_features')
87.21/43.77	(12.087719298245615, '0_number_of_categorical_features')
87.21/43.77	(14.280701754385966, '0_number_of_classes')
87.21/43.77	(14.701754385964913, '1_number_of_classes')
87.21/43.77	Result for ParamILS: SAT, 42.780831, 1, 0.293518, -1, /home/feurerm/thesis/Software/pyMetaLearn/optimizers/metalearn_optimizer/learn_distances.py
