0.69/0.89	['/home/feurerm/thesis/Software/pyMetaLearn/optimizers/metalearn_optimizer/learn_distances.py', '--input_file', '/home/feurerm/thesis/experiments/2014_04_25_predict_distances/testfold_0-3_pfahringer_spearman_rank_perm.pkl', '--fold', '0', '--folds', '1', '--params', '-max_features', '0.401340816915', '-min_samples_leaf', '9', '-min_samples_split', '7', '-n_estimators', '99', '-n_jobs', '4', '-seed', '44']
0.78/0.90	Metafeatures (57, 8)
0.78/0.90	X (3192, 16)
0.78/0.90	Y (3192,)
0.78/0.90	Dataset Mae MSE Rho
1.97/1.55	vehicle 0.361910606361 0.161322572093 0.313513228938
3.57/2.27	anneal.ORIG 0.349776091812 0.154538632999 0.539113469968
4.86/2.97	segment 0.259356986773 0.0843319838797 0.761804825368
6.30/3.68	pendigits 0.33503548012 0.139848468632 0.612482029729
7.79/4.38	mushroom 0.203559696923 0.0517555472994 0.63542990525
9.13/5.08	labor 0.296122503372 0.125065079251 0.278606601386
10.59/5.79	abalone 0.31613707312 0.12496414702 0.540083098511
12.09/6.51	diabetes 0.488225230222 0.320018292971 0.0704596741325
13.36/7.21	car 0.351843354473 0.171406402065 0.425666930424
14.81/7.93	autos 0.242475610516 0.0758614980827 0.601816115755
16.19/8.64	mfeat-fourier 0.534484395135 0.370991548336 -0.403365473933
17.61/9.35	primary-tumor 0.227276240323 0.0633301441222 0.523599413278
19.05/10.08	waveform-5000 0.204589675475 0.0580008287238 0.739180159362
20.45/10.78	credit-a 0.389912576003 0.213290944886 0.312543600395
21.86/11.49	letter 0.235235034108 0.0811303055076 0.653852847569
23.37/12.20	postoperative-patient-data 0.41207403011 0.21706709187 -0.0446029129829
24.67/12.90	vowel 0.467987745752 0.273443800417 0.147706748067
26.11/13.60	eucalyptus 0.398022983958 0.208245609218 0.00711060931612
27.51/14.31	cylinder-bands 0.337650615006 0.147214966232 0.439888149056
28.79/15.02	ionosphere 0.415652293843 0.209401997827 0.0614098077301
30.26/15.76	mfeat-karhunen 0.209010222918 0.0596230927476 0.742089044991
31.86/16.50	balance-scale 0.237846868887 0.0769340248394 0.462836024576
33.21/17.22	mfeat-morphological 0.456311630759 0.276340326809 -0.199420270366
34.60/17.93	liver-disorders 0.28543417746 0.107550184837 0.483198223982
36.07/18.63	dermatology 0.189990581137 0.0460625662154 0.558829250344
37.39/19.36	vote 0.0764288408481 0.00906807464243 0.815134395239
38.79/20.08	breast-cancer 0.169651300418 0.0389279374852 0.360378608521
40.17/20.78	credit-g 0.576347816173 0.439110757832 -0.643833352623
41.57/21.51	soybean 0.123096634025 0.0238171820617 0.788308005546
43.02/22.21	arrhythmia 0.280022235671 0.106302630596 0.138980091179
44.40/22.91	nursery 0.297205795579 0.111162410236 0.525861879878
45.81/23.64	hepatitis 0.334340230611 0.160295841038 -0.347773437461
47.17/24.34	cmc 0.26536691466 0.0854031037691 0.367166008323
48.61/25.04	heart-c 0.287198169229 0.106213171769 0.74790681625
50.07/25.76	glass 0.369627280354 0.16408309619 0.293151029533
51.65/26.47	braziltourism 0.455969889292 0.270453551512 0.056884874529
53.02/27.20	iris 0.318050052293 0.132213828382 0.237882202576
54.56/27.90	heart-statlog 0.291325826644 0.111544166351 0.723666102672
55.99/28.60	page-blocks 0.328701454046 0.148506270374 0.427929397025
57.25/29.32	breast-w 0.225921094628 0.0713655078314 0.462836024576
58.62/30.03	heart-h 0.195699051811 0.0487808867597 0.648358285824
60.17/30.74	yeast 0.336152060081 0.140447298551 0.543961612683
61.49/31.46	tae 0.34425776961 0.143747124231 0.140596138751
62.96/32.18	haberman 0.26246955528 0.0878093538452 0.0585009221008
64.37/32.90	mfeat-pixel 0.326332249266 0.133700620471 0.232710850346
65.80/33.62	optdigits 0.228339325002 0.0660344604791 0.725282150244
67.20/34.34	mfeat-factors 0.235747541132 0.0760207003387 0.681002446776
68.59/35.07	satimage 0.27782645243 0.105605987468 0.390760302872
69.99/35.77	lymph 0.189970310204 0.0524946053488 0.589210944695
71.37/36.47	audiology 0.325905058161 0.143672114483 0.402395845389
72.75/37.17	ecoli 0.399519204877 0.201303337304 0.16128154767
74.16/37.88	tic-tac-toe 0.278636258304 0.116070465282 0.622501524675
75.53/40.01	spambase 0.215020557655 0.059680803926 0.87589778394
77.09/40.75	zoo 0.135615742423 0.025251665152 0.748230025764
78.40/41.49	sonar 0.502664568771 0.316089928204 -0.142858605351
79.83/42.31	mfeat-zernike 0.249423611941 0.0871935331907 0.553011479085
81.43/43.10	kr-vs-kp 0.216166655411 0.0596313078086 0.630581762534
81.43/43.15	MAE 0.303945986165 0.102815286992
81.43/43.15	MSE 0.134381434733 0.134381434733
81.43/43.15	Mean tau 0.3873637678 0.32742038785
81.43/43.15	(0.43859649122807015, '0_class_probability_max')
81.43/43.15	(0.7017543859649122, '1_class_probability_max')
81.43/43.15	(1.9298245614035088, '0_landmark_decision_tree')
81.43/43.15	(3.3508771929824563, '1_landmark_decision_tree')
81.43/43.15	(4.035087719298246, '1_landmark_naive_bayes')
81.43/43.15	(4.684210526315789, '0_landmark_naive_bayes')
81.43/43.15	(6.2105263157894735, '1_landmark_lda')
81.43/43.15	(7.43859649122807, '0_landmark_lda')
81.43/43.15	(8.859649122807017, '0_number_of_features')
81.43/43.15	(9.385964912280702, '0_number_of_numeric_features')
81.43/43.15	(9.736842105263158, '1_number_of_features')
81.43/43.15	(9.842105263157896, '1_number_of_numeric_features')
81.43/43.15	(12.12280701754386, '0_number_of_categorical_features')
81.43/43.15	(12.280701754385966, '1_number_of_categorical_features')
81.43/43.15	(14.192982456140351, '1_number_of_classes')
81.43/43.15	(14.789473684210526, '0_number_of_classes')
81.43/43.15	Result for ParamILS: SAT, 42.259224, 1, 0.303946, -1, /home/feurerm/thesis/Software/pyMetaLearn/optimizers/metalearn_optimizer/learn_distances.py
