0.77/0.90	['/home/feurerm/thesis/Software/pyMetaLearn/optimizers/metalearn_optimizer/learn_distances.py', '--input_file', '/home/feurerm/thesis/experiments/2014_04_25_predict_distances/testfold_0-3_pfahringer_spearman_rank_perm.pkl', '--fold', '0', '--folds', '1', '--params', '-max_features', '0.423687892092', '-min_samples_leaf', '4', '-min_samples_split', '9', '-n_estimators', '87', '-n_jobs', '4', '-seed', '76']
0.77/0.91	Metafeatures (57, 8)
0.77/0.91	X (3192, 16)
0.77/0.91	Y (3192,)
0.77/0.91	Dataset Mae MSE Rho
1.96/1.56	vehicle 0.346277265652 0.148857954433 0.382033645984
3.47/2.26	anneal.ORIG 0.37074159629 0.164224909708 0.658054571255
4.78/2.98	segment 0.202271104868 0.0515330689733 0.831941289986
6.14/3.69	pendigits 0.286293069663 0.102217265149 0.690698732207
7.61/4.39	mushroom 0.174892787633 0.038887302992 0.678093561146
8.94/5.13	labor 0.303491929931 0.129279847602 0.268910315955
10.38/5.86	abalone 0.242717881322 0.0765567730674 0.674861466003
11.94/6.58	diabetes 0.486296352343 0.312398689041 0.139949719722
13.35/7.30	car 0.352783277123 0.1725911575 0.446352339344
14.62/8.01	autos 0.216744624222 0.060694558391 0.718817959957
16.10/8.73	mfeat-fourier 0.558003639041 0.401710097461 -0.428252606539
17.41/9.33	primary-tumor 0.211525466946 0.0547113544034 0.602785744298
18.78/10.02	waveform-5000 0.189953470031 0.0506053168718 0.752754958966
20.20/10.74	credit-a 0.370558403616 0.194008927391 0.417909902079
21.60/11.45	letter 0.233959068681 0.0773851335622 0.682618494347
23.05/12.06	postoperative-patient-data 0.406288882728 0.205709034288 0.0976092733395
24.38/12.76	vowel 0.443598202763 0.242908733577 0.268587106441
25.75/13.47	eucalyptus 0.398478465702 0.206294132026 0.042017236868
27.11/14.16	cylinder-bands 0.323573546636 0.131873065025 0.45346294866
28.50/14.76	ionosphere 0.411820681445 0.203106098979 0.048158217641
29.92/15.45	mfeat-karhunen 0.149779594626 0.0324105340944 0.827739566299
31.29/16.06	balance-scale 0.229242450549 0.0711101960046 0.489985623783
32.66/16.76	mfeat-morphological 0.479250653219 0.305432828072 -0.245316021406
34.04/17.48	liver-disorders 0.257818064418 0.087986705414 0.52747792745
35.45/18.19	dermatology 0.198415121635 0.0514787095419 0.516165594447
36.82/18.89	vote 0.0676129938703 0.00763111187269 0.794772195833
38.22/19.62	breast-cancer 0.180963406363 0.0426787252725 0.347127018432
39.62/20.32	credit-g 0.57941710602 0.443271318557 -0.595351925468
41.06/21.02	soybean 0.119928988097 0.0234078948493 0.775379624971
42.44/21.72	arrhythmia 0.28221884835 0.10635102759 0.158049452526
43.83/22.42	nursery 0.281291335188 0.100875824353 0.571757630919
45.29/23.13	hepatitis 0.319311254654 0.145149038664 -0.193602499107
46.60/23.84	cmc 0.295957509566 0.110794893387 0.236912574033
47.97/24.54	heart-c 0.233033780397 0.0733095135224 0.80931662398
49.42/25.27	glass 0.34043297675 0.138544382895 0.486107109611
50.72/25.97	braziltourism 0.466232965269 0.282411041604 0.0303816943507
52.11/26.68	iris 0.306692285828 0.120131137157 0.310927552823
53.62/27.41	heart-statlog 0.238244524697 0.0770873246653 0.820952166497
54.93/28.12	page-blocks 0.351666050131 0.168133683754 0.286686839245
56.35/28.84	breast-w 0.225377253069 0.0675973776059 0.451846901088
57.76/29.56	heart-h 0.177319369824 0.0410321586251 0.654176057083
59.16/30.27	yeast 0.270449005407 0.0945995775094 0.647711866796
60.53/30.97	tae 0.344572392399 0.143218686415 0.196511384736
61.90/31.68	haberman 0.243855176856 0.0770462481545 0.215903955599
63.26/32.37	mfeat-pixel 0.337614235774 0.138077231835 0.241437507234
64.72/33.08	optdigits 0.16154512361 0.0337731745607 0.79154010069
66.03/33.78	mfeat-factors 0.185934875036 0.0474335087808 0.75824952071
67.41/34.48	satimage 0.275361710635 0.101355563598 0.391083512387
68.87/35.20	lymph 0.195259425111 0.0549800429298 0.610542772643
70.29/35.90	audiology 0.331502249543 0.145115923287 0.342602085231
71.54/36.50	ecoli 0.401105592566 0.205221686181 0.159342290584
72.91/37.20	tic-tac-toe 0.285088240243 0.12170647274 0.633167438649
74.37/37.90	spambase 0.213638893086 0.0570193016688 0.886563697914
75.70/38.60	zoo 0.100114339735 0.0133643237517 0.816104023782
76.98/39.30	sonar 0.520974597735 0.343117587546 -0.220105679285
78.34/39.91	mfeat-zernike 0.24405940763 0.0843708877944 0.556889993258
79.79/40.61	kr-vs-kp 0.169238117683 0.0365295210793 0.727544616845
79.79/40.66	MAE 0.291066484776 0.112214323279
79.79/40.66	MSE 0.126654536593 0.126654536593
79.79/40.66	Mean tau 0.425332380225 0.336109776311
79.79/40.66	(0.03508771929824561, '1_class_probability_max')
79.79/40.66	(1.0350877192982457, '0_class_probability_max')
79.79/40.66	(1.9649122807017543, '0_landmark_decision_tree')
79.79/40.66	(3.56140350877193, '1_landmark_decision_tree')
79.79/40.66	(3.8421052631578947, '0_landmark_naive_bayes')
79.79/40.66	(4.649122807017544, '1_landmark_naive_bayes')
79.79/40.66	(6.245614035087719, '0_landmark_lda')
79.79/40.66	(7.087719298245614, '1_landmark_lda')
79.79/40.66	(9.701754385964913, '1_number_of_features')
79.79/40.66	(10.035087719298245, '1_number_of_numeric_features')
79.79/40.66	(10.368421052631579, '1_number_of_categorical_features')
79.79/40.66	(10.385964912280702, '0_number_of_features')
79.79/40.66	(10.666666666666666, '0_number_of_numeric_features')
79.79/40.66	(11.456140350877194, '0_number_of_categorical_features')
79.79/40.66	(14.12280701754386, '0_number_of_classes')
79.79/40.66	(14.842105263157896, '1_number_of_classes')
79.79/40.66	Result for ParamILS: SAT, 39.762621, 1, 0.291066, -1, /home/feurerm/thesis/Software/pyMetaLearn/optimizers/metalearn_optimizer/learn_distances.py
