0.83/4.30	['/home/feurerm/thesis/Software/pyMetaLearn/optimizers/metalearn_optimizer/learn_distances.py', '--input_file', '/home/feurerm/thesis/experiments/2014_04_25_predict_distances/testfold_0-3_pfahringer_spearman_rank_perm.pkl', '--fold', '0', '--folds', '1', '--params', '-max_features', '0.733194601295', '-min_samples_leaf', '2', '-min_samples_split', '10', '-n_estimators', '59', '-n_jobs', '4', '-seed', '43']
0.83/4.31	Metafeatures (57, 8)
0.83/4.31	X (3192, 16)
0.83/4.31	Y (3192,)
0.83/4.31	Dataset Mae MSE Rho
2.19/5.06	vehicle 0.371734245627 0.164470452441 0.280222648958
3.77/5.64	anneal.ORIG 0.51177764831 0.311927252212 0.18713830882
5.31/6.34	segment 0.161992171648 0.0346478564739 0.845192880075
6.84/6.92	pendigits 0.254269220121 0.085225261901 0.726251778787
8.48/7.70	mushroom 0.171441491877 0.0372349777723 0.68875947512
9.90/8.31	labor 0.307822326305 0.131794711537 0.235296526461
11.43/8.91	abalone 0.224317789857 0.0641699818714 0.72495894073
12.95/9.51	diabetes 0.503767446933 0.317166913749 0.246285649949
14.47/10.19	car 0.358266593602 0.162963875254 0.236589364518
16.00/10.84	autos 0.210762227516 0.0583164728703 0.700395017638
17.56/11.42	mfeat-fourier 0.580220640184 0.440345031048 -0.43277753974
19.07/12.12	primary-tumor 0.21703978677 0.0591381713893 0.546547288798
20.64/13.04	waveform-5000 0.156830906239 0.0363453352849 0.775056415457
22.17/13.64	credit-a 0.36066129599 0.181373662916 0.426313349453
23.69/14.24	letter 0.24166776507 0.0772617809505 0.597291182554
25.23/14.85	postoperative-patient-data 0.460653294953 0.275204616386 -0.0274728087214
26.75/15.48	vowel 0.382914350785 0.183954845408 0.485137481068
28.29/16.23	eucalyptus 0.462065606869 0.279935968776 -0.191340032506
29.78/17.05	cylinder-bands 0.327267568284 0.131755652119 0.425990139938
31.31/17.74	ionosphere 0.408597998298 0.199154211927 0.118617891773
32.85/18.32	mfeat-karhunen 0.131996291002 0.025841698353 0.842930413474
34.37/23.63	balance-scale 0.239723365286 0.080407521943 0.434393587312
35.92/24.23	mfeat-morphological 0.489318804246 0.316511531952 -0.225923450544
37.43/24.81	liver-disorders 0.278440392453 0.102296285574 0.570788002376
38.94/25.39	dermatology 0.219292092177 0.0620662423367 0.450230853516
40.50/26.18	vote 0.0735476009432 0.0100278918256 0.762774453911
42.06/26.79	breast-cancer 0.151161583162 0.0327396828962 0.371690941524
43.63/27.43	credit-g 0.67591618942 0.599917793274 -0.696516503465
45.16/28.05	soybean 0.129607499958 0.0269384212489 0.701687855695
46.69/28.64	arrhythmia 0.241442740389 0.0823490920531 0.353914418234
48.20/29.23	nursery 0.242873153197 0.0771643475924 0.6658115996
49.73/29.83	hepatitis 0.236693954807 0.0698347920267 0.501944375815
51.31/30.45	cmc 0.28363064363 0.106784882516 0.297029543705
52.85/31.14	heart-c 0.202706101504 0.059479408098 0.839051899302
54.42/31.95	glass 0.347900056015 0.14735822813 0.375892665211
55.96/32.62	braziltourism 0.483505450361 0.30608803772 0.00549456174427
57.52/33.24	iris 0.288831928012 0.108622020296 0.328380866599
58.98/33.91	heart-statlog 0.221736703762 0.0671757284998 0.829032404357
60.51/34.59	page-blocks 0.409614336159 0.234946663654 0.0562384555002
62.05/35.18	breast-w 0.22017856183 0.0649274764806 0.544931241226
63.57/35.79	heart-h 0.135643082842 0.0259591020918 0.733685597618
65.11/36.45	yeast 0.246516167262 0.076273522223 0.739503368876
66.64/37.06	tae 0.383323991706 0.17891604488 0.147706748067
68.18/37.83	haberman 0.274717906301 0.0995417042737 0.0539759888996
69.71/38.56	mfeat-pixel 0.364345807039 0.162199280888 0.175179556788
71.24/39.14	optdigits 0.149439162245 0.0298646336903 0.799297129035
72.75/39.72	mfeat-factors 0.192949614315 0.0525948339458 0.755663844595
74.25/40.51	satimage 0.255381528257 0.0892453805315 0.518428061048
75.79/41.09	lymph 0.214593207711 0.0694888284803 0.412415340335
77.45/41.90	audiology 0.29483936066 0.112828108402 0.469946633893
78.91/47.84	ecoli 0.428514888971 0.234475225127 0.0817720071354
80.45/48.42	tic-tac-toe 0.293753077605 0.132375041418 0.511640661246
82.04/49.00	spambase 0.212869813499 0.0533620975116 0.866201498509
83.49/49.68	zoo 0.0907117848035 0.0115234151435 0.845516089589
85.04/54.58	sonar 0.506070500629 0.318886713405 -0.138010462636
86.57/55.16	mfeat-zernike 0.263990070136 0.0965954273038 0.418879530622
88.08/55.75	kr-vs-kp 0.148146047887 0.0284803812735 0.787984796032
88.08/55.78	MAE 0.292947260271 0.128913838627
88.08/55.78	MSE 0.133096044199 0.133096044199
88.08/55.78	Mean tau 0.41726348305 0.344683188701
88.08/55.78	(0.22807017543859648, '1_class_probability_max')
88.08/55.78	(0.7719298245614035, '0_class_probability_max')
88.08/55.78	(2.3333333333333335, '0_landmark_decision_tree')
88.08/55.78	(3.5964912280701755, '1_landmark_naive_bayes')
88.08/55.78	(3.9649122807017543, '0_landmark_naive_bayes')
88.08/55.78	(4.456140350877193, '1_landmark_decision_tree')
88.08/55.78	(7.684210526315789, '1_number_of_numeric_features')
88.08/55.78	(7.859649122807017, '0_number_of_numeric_features')
88.08/55.78	(8.473684210526315, '1_number_of_categorical_features')
88.08/55.78	(8.543859649122806, '0_number_of_categorical_features')
88.08/55.78	(9.473684210526315, '1_landmark_lda')
88.08/55.78	(10.385964912280702, '1_number_of_features')
88.08/55.78	(10.736842105263158, '0_number_of_features')
88.08/55.78	(12.491228070175438, '0_landmark_lda')
88.08/55.78	(14.385964912280702, '0_number_of_classes')
88.08/55.78	(14.614035087719298, '1_number_of_classes')
88.08/55.78	Result for ParamILS: SAT, 51.474307, 1, 0.292947, -1, /home/feurerm/thesis/Software/pyMetaLearn/optimizers/metalearn_optimizer/learn_distances.py
