0.71/0.97	['/home/feurerm/thesis/Software/pyMetaLearn/optimizers/metalearn_optimizer/learn_distances.py', '--input_file', '/home/feurerm/thesis/experiments/2014_04_25_predict_distances/testfold_0-3_pfahringer_spearman_rank_perm.pkl', '--fold', '0', '--folds', '1', '--params', '-max_features', '0.927319344779', '-min_samples_leaf', '8', '-min_samples_split', '8', '-n_estimators', '98', '-n_jobs', '4', '-seed', '81']
0.71/0.98	Metafeatures (57, 8)
0.71/0.98	X (3192, 16)
0.71/0.98	Y (3192,)
0.71/0.98	Dataset Mae MSE Rho
3.28/1.94	vehicle 0.364194452767 0.158563349539 0.296383124676
6.05/2.93	anneal.ORIG 0.517413328235 0.324794274918 -0.155140566897
8.82/3.96	segment 0.204001782726 0.0530666411517 0.806084528836
11.53/4.96	pendigits 0.283331593387 0.102943467233 0.691991570264
14.26/5.97	mushroom 0.194911765091 0.0468289312873 0.65320642854
17.00/6.98	labor 0.300778909559 0.125618225246 0.221721726857
19.73/7.99	abalone 0.274584104115 0.0956929504946 0.62217831516
22.51/8.99	diabetes 0.530296819742 0.346881927112 0.238528621604
25.31/10.01	car 0.388037892536 0.202609268575 0.179381280475
28.06/11.03	autos 0.231598037628 0.0685079153637 0.70427353181
30.77/12.13	mfeat-fourier 0.564865167825 0.415139555552 -0.421788416252
33.51/13.14	primary-tumor 0.226741604562 0.0651885034598 0.504853261444
36.18/14.16	waveform-5000 0.151034051069 0.0351707516365 0.770531482256
38.90/15.18	credit-a 0.358575145509 0.180701030579 0.477703662237
41.67/16.22	letter 0.236874475971 0.0775742619114 0.616037334387
44.44/17.23	postoperative-patient-data 0.43945447215 0.254808751811 0.0168068947472
47.17/18.24	vowel 0.412752812704 0.208345974692 0.426313349453
49.90/19.34	eucalyptus 0.421956555089 0.235783846067 -0.0959932257676
52.62/20.35	cylinder-bands 0.347918184713 0.149209466287 0.332259380771
55.39/21.45	ionosphere 0.430767801681 0.220100222358 -0.0274728087214
58.12/22.45	mfeat-karhunen 0.182206079996 0.0459098105025 0.772470739342
60.93/23.49	balance-scale 0.256710690532 0.0873083849393 0.369428474924
63.61/24.50	mfeat-morphological 0.457755729764 0.276271896773 -0.206207670167
66.36/25.51	liver-disorders 0.318506346703 0.131828320696 0.323209514369
69.10/26.53	dermatology 0.195325913302 0.0497618877405 0.510671032703
71.91/27.54	vote 0.084954891001 0.0107522456663 0.770208272741
74.71/28.65	breast-cancer 0.139323918449 0.0269364174943 0.374276617639
77.45/29.65	credit-g 0.726989356358 0.691890168109 -0.762774453911
80.23/30.77	soybean 0.119171975842 0.0221636902781 0.771177901285
82.85/31.77	arrhythmia 0.259398339637 0.0907736170636 0.432454330226
85.60/32.78	nursery 0.266839713505 0.0904753369758 0.603432163327
88.37/33.89	hepatitis 0.255149155268 0.0984512147227 0.42017236868
91.20/35.04	cmc 0.241182106676 0.0771727056308 0.359408979978
93.91/36.06	heart-c 0.243519321807 0.0797094972047 0.792509729233
96.70/37.09	glass 0.369734319106 0.164766760209 0.282161906044
99.47/38.09	braziltourism 0.455531581601 0.269292608117 0.0701364646181
102.24/39.12	iris 0.282687163878 0.105823766224 0.335814685429
104.98/40.13	heart-statlog 0.229882453324 0.0690661756421 0.812871928638
107.79/41.14	page-blocks 0.467998091559 0.292316815467 -0.144151443409
110.62/42.28	breast-w 0.215020442974 0.0611966617028 0.649974333396
113.33/43.29	heart-h 0.162379449104 0.0358076037538 0.682941703862
116.14/44.42	yeast 0.290416479502 0.102840301214 0.667750856686
118.87/45.43	tae 0.365151693827 0.16255916388 0.175502766302
121.69/46.46	haberman 0.283790284469 0.106560392069 -0.0109891234885
124.41/47.47	mfeat-pixel 0.374065785295 0.17557329091 0.134131948463
127.24/48.49	optdigits 0.197678849163 0.0500166477445 0.758895939739
130.02/49.61	mfeat-factors 0.211622415372 0.0611533263111 0.715585864813
132.87/50.65	satimage 0.263365667774 0.0972636278892 0.446675548858
135.59/51.65	lymph 0.234610422783 0.0797763520123 0.387528207728
138.22/52.66	audiology 0.299988122807 0.112376131575 0.454755786717
140.95/53.68	ecoli 0.400580880484 0.203892619953 0.173886718731
143.70/54.70	tic-tac-toe 0.310989149726 0.14677938904 0.510024613674
146.45/55.72	spambase 0.211352003451 0.054164612438 0.863939031908
149.23/56.73	zoo 0.120787386787 0.0207402783189 0.804791690779
151.99/57.74	sonar 0.50066721549 0.313572910136 -0.143181814865
154.71/58.75	mfeat-zernike 0.254484673541 0.0895522022555 0.460250348462
157.47/59.75	kr-vs-kp 0.193981812646 0.0483030584161 0.681972075319
157.47/59.79	MAE 0.303927874396 0.124644783081
157.47/59.79	MSE 0.139830336918 0.139830336918
157.47/59.79	Mean tau 0.388764342362 0.346281387877
157.47/59.79	(0.45614035087719296, '1_class_probability_max')
157.47/59.79	(0.543859649122807, '0_class_probability_max')
157.47/59.79	(2.6315789473684212, '0_landmark_naive_bayes')
157.47/59.79	(2.6666666666666665, '1_landmark_naive_bayes')
157.47/59.79	(5.87719298245614, '0_number_of_numeric_features')
157.47/59.79	(6.017543859649122, '1_number_of_numeric_features')
157.47/59.79	(6.157894736842105, '1_landmark_decision_tree')
157.47/59.79	(7.245614035087719, '1_number_of_categorical_features')
157.47/59.79	(7.456140350877193, '0_number_of_categorical_features')
157.47/59.79	(8.24561403508772, '0_landmark_decision_tree')
157.47/59.79	(9.508771929824562, '1_number_of_features')
157.47/59.79	(9.56140350877193, '0_number_of_features')
157.47/59.79	(12.24561403508772, '0_landmark_lda')
157.47/59.79	(12.385964912280702, '1_landmark_lda')
157.47/59.79	(14.491228070175438, '1_number_of_classes')
157.47/59.79	(14.508771929824562, '0_number_of_classes')
157.47/59.79	Result for ParamILS: SAT, 58.821541, 1, 0.303928, -1, /home/feurerm/thesis/Software/pyMetaLearn/optimizers/metalearn_optimizer/learn_distances.py
