0.82/7.02	['/home/feurerm/thesis/Software/pyMetaLearn/optimizers/metalearn_optimizer/learn_distances.py', '--input_file', '/home/feurerm/thesis/experiments/2014_04_25_predict_distances/testfold_0-3_pfahringer_spearman_rank_perm.pkl', '--fold', '0', '--folds', '1', '--params', '-max_features', '0.8488686998', '-min_samples_leaf', '7', '-min_samples_split', '4', '-n_estimators', '55', '-n_jobs', '4', '-seed', '44']
0.82/7.03	Metafeatures (57, 8)
0.82/7.03	X (3192, 16)
0.82/7.03	Y (3192,)
0.82/7.03	Dataset Mae MSE Rho
2.21/7.59	vehicle 0.375072477673 0.169523208787 0.255335516352
3.84/8.20	anneal.ORIG 0.512555230112 0.317831037499 -0.0127678028701
5.26/9.01	segment 0.213076525711 0.0574368958535 0.782813443802
6.77/9.65	pendigits 0.278783653939 0.0995157172166 0.681648865804
8.27/10.51	mushroom 0.195705816737 0.0476076105372 0.640601257479
9.78/11.09	labor 0.315507900912 0.138494110159 0.209762974826
11.27/11.98	abalone 0.276582800111 0.0961679844045 0.617653381959
12.84/12.56	diabetes 0.518771252814 0.338456932467 0.238528621604
14.34/13.26	car 0.375015712189 0.187551619825 0.193279289593
15.85/13.92	autos 0.209544024264 0.0569908591725 0.729807083445
17.43/14.50	mfeat-fourier 0.556258930444 0.402331329952 -0.402395845389
18.84/15.25	primary-tumor 0.222563199626 0.0630839646468 0.523922622792
20.38/15.91	waveform-5000 0.16491790664 0.0392420084223 0.764390501483
21.86/16.50	credit-a 0.368676260321 0.191426036419 0.427282977996
23.32/17.09	letter 0.248039384024 0.0803347512708 0.554950736172
24.87/18.03	postoperative-patient-data 0.453599230873 0.269804478157 -0.024563923092
26.42/18.71	vowel 0.432770954077 0.231022144832 0.333552218829
27.86/19.34	eucalyptus 0.431901409603 0.248082356795 -0.087589778394
29.34/20.03	cylinder-bands 0.324423831587 0.125125758164 0.472855519522
30.82/20.69	ionosphere 0.431217256688 0.218156143755 -0.0688436265606
32.31/21.37	mfeat-karhunen 0.161807215561 0.038794665172 0.786045538946
33.80/22.49	balance-scale 0.2544850025 0.0897137470768 0.386558579185
35.30/23.15	mfeat-morphological 0.461912184604 0.282575497331 -0.172917090187
36.77/23.82	liver-disorders 0.314779289605 0.12719558576 0.481258966896
38.27/24.48	dermatology 0.208492993916 0.0553846774249 0.479642919324
39.75/25.06	vote 0.0827062268069 0.0108248349067 0.761481615853
41.26/25.65	breast-cancer 0.137291295297 0.0270998070817 0.39431560753
42.85/26.41	credit-g 0.706011016267 0.655727740873 -0.671629370859
44.27/27.26	soybean 0.125708504683 0.0251155241658 0.732069550046
45.72/29.23	arrhythmia 0.262463119738 0.0911333690275 0.354237627748
47.31/33.40	nursery 0.272889748779 0.0957160957372 0.584362801979
48.75/33.97	hepatitis 0.247046531519 0.0888179880447 0.409506454706
50.23/34.55	cmc 0.251212664333 0.0827242743811 0.344864551832
51.76/35.96	heart-c 0.234069890606 0.0737873554246 0.796065033891
53.25/40.07	glass 0.363020800732 0.158105825288 0.318684581168
54.80/40.65	braziltourism 0.485166954936 0.304243666906 0.0436332844398
56.28/41.22	iris 0.293591198998 0.113633921162 0.318038162139
57.78/41.80	heart-statlog 0.230133053558 0.0697431760791 0.787661586517
59.32/42.41	page-blocks 0.441429065912 0.258504165046 0.0155140566897
60.81/43.01	breast-w 0.230156094468 0.0693997694791 0.525538670364
62.29/43.82	heart-h 0.156777877667 0.0333814310812 0.712353769669
63.81/44.40	yeast 0.284804334182 0.100979041527 0.647388657281
65.32/44.98	tae 0.378732221152 0.173843541751 0.160958338156
66.84/45.73	haberman 0.276759305704 0.0989871756322 0.0277960182357
68.37/46.31	mfeat-pixel 0.36463291717 0.165344350168 0.186491889791
69.85/46.99	optdigits 0.188620618921 0.0465065228429 0.742089044991
71.39/47.57	mfeat-factors 0.196353851414 0.0526508402286 0.730776711988
72.88/48.18	satimage 0.272602792421 0.103140641231 0.366519589295
74.40/48.76	lymph 0.229933626018 0.0770031846246 0.369751684438
75.91/49.35	audiology 0.314443411453 0.122817891133 0.349389485033
77.41/49.95	ecoli 0.403118745619 0.212222251751 0.177118813874
78.95/50.54	tic-tac-toe 0.312300583067 0.144441136343 0.500328328243
80.41/51.25	spambase 0.229696739368 0.0638223140823 0.836789432701
81.91/51.85	zoo 0.114591780378 0.0187502412428 0.806730947865
83.41/52.53	sonar 0.512965312372 0.325996725441 -0.146413910009
84.90/53.17	mfeat-zernike 0.252337039828 0.0875536251164 0.461219977005
86.41/53.75	kr-vs-kp 0.181656413565 0.0427975526132 0.710414512583
86.41/53.78	MAE 0.30420498564 0.124389658788
86.41/53.78	MSE 0.139766054413 0.139766054413
86.41/53.78	Mean tau 0.388506323767 0.328971588741
86.41/53.78	(0.08771929824561403, '1_class_probability_max')
86.41/53.78	(0.9122807017543859, '0_class_probability_max')
86.41/53.78	(2.9473684210526314, '0_landmark_naive_bayes')
86.41/53.78	(3.4035087719298245, '1_landmark_naive_bayes')
86.41/53.78	(4.12280701754386, '0_landmark_decision_tree')
86.41/53.78	(5.666666666666667, '1_landmark_decision_tree')
86.41/53.78	(6.859649122807017, '1_number_of_numeric_features')
86.41/53.78	(7.508771929824562, '0_number_of_numeric_features')
86.41/53.78	(7.5964912280701755, '1_number_of_categorical_features')
86.41/53.78	(7.7368421052631575, '0_number_of_categorical_features')
86.41/53.78	(9.543859649122806, '0_number_of_features')
86.41/53.78	(10.157894736842104, '1_number_of_features')
86.41/53.78	(12.12280701754386, '0_landmark_lda')
86.41/53.78	(12.333333333333334, '1_landmark_lda')
86.41/53.78	(14.456140350877194, '0_number_of_classes')
86.41/53.78	(14.543859649122806, '1_number_of_classes')
86.41/53.78	Result for ParamILS: SAT, 46.753867, 1, 0.304205, -1, /home/feurerm/thesis/Software/pyMetaLearn/optimizers/metalearn_optimizer/learn_distances.py
