0.68/0.88	['/home/feurerm/thesis/Software/pyMetaLearn/optimizers/metalearn_optimizer/learn_distances.py', '--input_file', '/home/feurerm/thesis/experiments/2014_04_25_predict_distances/testfold_0-3_pfahringer_spearman_rank_perm.pkl', '--fold', '0', '--folds', '1', '--params', '-max_features', '0.109512031914', '-min_samples_leaf', '2', '-min_samples_split', '6', '-n_estimators', '55', '-n_jobs', '4', '-seed', '48']
0.68/0.88	Metafeatures (57, 8)
0.68/0.88	X (3192, 16)
0.68/0.88	Y (3192,)
0.68/0.88	Dataset Mae MSE Rho
1.10/1.23	vehicle 0.358016329737 0.162109927309 0.361671446579
1.55/1.52	anneal.ORIG 0.260831202189 0.0972823671469 0.424697301881
2.02/1.92	segment 0.256966908177 0.084459650777 0.754371006537
2.45/2.30	pendigits 0.326203557558 0.133118542124 0.631874600591
2.99/2.70	mushroom 0.206834627712 0.0521782628197 0.630904972048
3.40/3.10	labor 0.337958784837 0.149636190471 0.429868654111
3.84/3.60	abalone 0.306943120058 0.12031916245 0.54299198414
4.33/4.08	diabetes 0.446870846988 0.284244637578 -0.186491889791
4.80/4.47	car 0.33434005236 0.149017827777 0.435040006341
5.29/4.86	autos 0.260161668774 0.0889044331833 0.549132964913
5.73/5.15	mfeat-fourier 0.561135215954 0.409363636186 -0.475117986123
6.20/5.54	primary-tumor 0.218591639153 0.0591731293839 0.607957096528
6.63/5.93	waveform-5000 0.260402850885 0.0929158901767 0.511317451732
7.09/6.41	credit-a 0.368438065967 0.182433602471 0.372014151039
7.62/6.80	letter 0.245315285731 0.0850823092494 0.638338790879
8.15/7.20	postoperative-patient-data 0.434680720763 0.246286382056 -0.32773444757
8.60/7.70	vowel 0.452363871785 0.254279398178 0.177442023389
9.02/8.11	eucalyptus 0.372662069765 0.1853602903 0.17905807096
9.61/8.50	cylinder-bands 0.358733438031 0.16884142085 0.303493733993
9.99/8.99	ionosphere 0.414860060468 0.211380995862 0.0436332844398
10.46/9.28	mfeat-karhunen 0.21216501726 0.0618911078506 0.806084528836
10.98/9.70	balance-scale 0.239985052153 0.0822436962474 0.517458432505
11.41/10.11	mfeat-morphological 0.503815660758 0.340727603962 -0.248224907035
11.85/10.41	liver-disorders 0.323427147704 0.134144854121 0.521983365706
12.34/10.80	dermatology 0.21898282424 0.0632541474594 0.495156976013
12.76/11.09	vote 0.111568952797 0.0181683493172 0.805761319322
13.22/11.48	breast-cancer 0.321652878582 0.126838655259 -0.107628768285
13.70/11.88	credit-g 0.534737267068 0.376026974979 -0.485137481068
14.15/12.17	soybean 0.162838960046 0.0388157435494 0.765036920512
14.60/12.56	arrhythmia 0.270115575383 0.102082784153 0.131223062834
15.09/12.95	nursery 0.304031771422 0.111541090891 0.537174212881
15.55/13.44	hepatitis 0.424294810198 0.254426372104 -0.537174212881
15.98/13.84	cmc 0.337805490261 0.13400558953 0.320947047768
16.48/14.23	heart-c 0.284114273215 0.108544145162 0.756310263624
16.89/14.62	glass 0.365995370064 0.165565395346 0.252749840237
17.36/15.01	braziltourism 0.560082401702 0.390201875796 -0.28927251536
17.81/15.40	iris 0.307437503674 0.121771104324 0.229801964716
18.30/15.81	heart-statlog 0.307927147928 0.129247401552 0.644479771652
18.85/16.20	page-blocks 0.317120756761 0.141876897372 0.382033645984
19.20/16.59	breast-w 0.248418283248 0.0844863736309 0.415970644993
19.69/16.97	heart-h 0.21342188772 0.0601402873529 0.516488803962
20.13/17.35	yeast 0.328444177355 0.139284397429 0.50970140416
20.56/17.73	tae 0.267945081819 0.0955751589226 0.183906213676
21.03/18.12	haberman 0.307873519393 0.139671111527 0.198450641823
21.46/18.51	mfeat-pixel 0.341797430408 0.146599372918 0.200066689394
21.99/18.80	optdigits 0.200367447701 0.0519469775845 0.768269015655
22.38/19.76	mfeat-factors 0.249002120283 0.0821052543111 0.683911332405
22.80/20.16	satimage 0.295185141959 0.111595694144 0.334845056886
23.30/20.55	lymph 0.191715843081 0.0536374193845 0.680356027747
23.82/20.95	audiology 0.318886441286 0.134181909342 0.452170110602
24.25/21.34	ecoli 0.401773848908 0.208522730196 0.0772470739342
24.74/21.74	tic-tac-toe 0.297776998094 0.130884797748 0.479966128838
25.18/22.14	spambase 0.269442252529 0.0981908159275 0.531356441623
25.65/22.43	zoo 0.145072625065 0.0290192858139 0.762774453911
26.11/22.81	sonar 0.495580739585 0.31248596425 -0.219782469771
26.58/23.22	mfeat-zernike 0.280671033961 0.107830907781 0.436332844398
27.14/23.60	kr-vs-kp 0.192338353946 0.0470789035655 0.698455760552
27.14/23.63	MAE 0.314668814113 0.0992318680232
27.14/23.63	MSE 0.14299998609 0.14299998609
27.14/23.63	Mean tau 0.347608997533 0.349173339959
27.14/23.63	(0.7017543859649122, '1_landmark_decision_tree')
27.14/23.63	(1.105263157894737, '0_landmark_naive_bayes')
27.14/23.63	(2.9298245614035086, '1_number_of_categorical_features')
27.14/23.63	(3.473684210526316, '0_landmark_lda')
27.14/23.63	(3.5964912280701755, '0_number_of_classes')
27.14/23.63	(4.543859649122807, '0_number_of_categorical_features')
27.14/23.63	(5.228070175438597, '1_landmark_lda')
27.14/23.63	(8.31578947368421, '1_landmark_naive_bayes')
27.14/23.63	(8.473684210526315, '0_number_of_features')
27.14/23.63	(9.035087719298245, '1_class_probability_max')
27.14/23.63	(9.964912280701755, '0_landmark_decision_tree')
27.14/23.63	(10.789473684210526, '0_class_probability_max')
27.14/23.63	(11.771929824561404, '0_number_of_numeric_features')
27.14/23.63	(12.649122807017545, '1_number_of_classes')
27.14/23.63	(13.508771929824562, '1_number_of_features')
27.14/23.63	(13.912280701754385, '1_number_of_numeric_features')
27.14/23.63	Result for ParamILS: SAT, 22.752143, 1, 0.314669, -1, /home/feurerm/thesis/Software/pyMetaLearn/optimizers/metalearn_optimizer/learn_distances.py
