0.80/1.05	['/home/feurerm/thesis/Software/pyMetaLearn/optimizers/metalearn_optimizer/learn_distances.py', '--input_file', '/home/feurerm/thesis/experiments/2014_04_25_predict_distances/testfold_0-3_pfahringer_spearman_rank_perm.pkl', '--fold', '0', '--folds', '1', '--params', '-max_features', '0.965975838604', '-min_samples_leaf', '2', '-min_samples_split', '9', '-n_estimators', '61', '-n_jobs', '4', '-seed', '12']
0.80/1.06	Metafeatures (57, 8)
0.80/1.06	X (3192, 16)
0.80/1.06	Y (3192,)
0.80/1.06	Dataset Mae MSE Rho
2.76/1.82	vehicle 0.359486020446 0.152608102297 0.310927552823
4.86/2.61	anneal.ORIG 0.533413904164 0.341297200768 -0.0132515900891
7.06/3.80	segment 0.144977228103 0.0276537353782 0.865878288995
9.06/4.89	pendigits 0.249178916495 0.0825533804064 0.704919950839
11.14/5.78	mushroom 0.173934105905 0.039096031534 0.656438523684
13.22/6.46	labor 0.342626700933 0.158831121984 0.17679560436
15.27/7.15	abalone 0.197050287036 0.0489088817374 0.771824320313
17.38/7.94	diabetes 0.514637825791 0.330856301955 0.21752000317
19.55/8.73	car 0.372847899466 0.188855773595 0.235942945489
21.55/9.51	autos 0.191420016237 0.0466978785077 0.805438109808
23.58/10.29	mfeat-fourier 0.584042090829 0.448966808752 -0.458311091375
25.63/11.08	primary-tumor 0.225108658736 0.065128216145 0.519074480077
27.75/11.88	waveform-5000 0.13801243965 0.0292324726882 0.780550977201
29.82/12.58	credit-a 0.333914771849 0.15748296478 0.519074480077
31.90/13.37	letter 0.216424049505 0.0648253730455 0.623471153218
33.98/14.16	postoperative-patient-data 0.447364595259 0.261335915839 0.0820952166497
36.09/14.96	vowel 0.376615681824 0.174757617621 0.498389071157
38.21/15.76	eucalyptus 0.483242976212 0.309259461312 -0.163867223785
40.28/16.55	cylinder-bands 0.318063916523 0.124491834291 0.47123947195
42.35/17.33	ionosphere 0.418800172674 0.205565484812 0.0766006549055
44.47/18.12	mfeat-karhunen 0.133604022303 0.0284661419193 0.840021527845
46.57/18.90	balance-scale 0.239067720176 0.0781292231523 0.448938015459
48.73/19.79	mfeat-morphological 0.485034505219 0.310428954366 -0.206854089196
50.76/20.59	liver-disorders 0.320154398021 0.133390965897 0.463482443605
52.83/21.38	dermatology 0.212633372318 0.0576877612599 0.461543186519
54.90/22.17	vote 0.0798396546598 0.0117926170153 0.75307816848
57.04/22.97	breast-cancer 0.144329812801 0.0300069744639 0.373630198611
59.19/23.76	credit-g 0.715805467308 0.681294931994 -0.708798465011
61.26/24.55	soybean 0.12519410556 0.025599968342 0.696193293951
63.29/25.34	arrhythmia 0.238447191429 0.0759649258159 0.447645177401
65.39/26.13	nursery 0.236973154536 0.0728308007933 0.664841971057
67.50/26.94	hepatitis 0.234830014083 0.0779904377914 0.51487275639
69.58/27.72	cmc 0.264388474352 0.0938682339563 0.330966542714
71.74/28.51	heart-c 0.182819606373 0.0483587462275 0.870080012681
73.74/29.31	glass 0.348962126798 0.147986172532 0.361994656093
76.00/30.10	braziltourism 0.484541593097 0.305848131065 -0.000646419028738
78.00/30.91	iris 0.269089641982 0.0930069539008 0.430191863625
80.07/31.70	heart-statlog 0.185828552013 0.0489553348543 0.831941289986
82.15/32.49	page-blocks 0.44378521299 0.271357314918 -0.0898522449946
84.31/33.28	breast-w 0.221926863437 0.0649124315624 0.638015581365
86.40/34.07	heart-h 0.143722310375 0.030173707148 0.711384141126
88.47/34.86	yeast 0.214163728627 0.0562435567256 0.784106281859
90.55/35.64	tae 0.395386937719 0.185247044673 0.168392156986
92.66/36.54	haberman 0.279402537226 0.102279314033 0.0672275789888
94.83/37.33	mfeat-pixel 0.382718544224 0.181551532652 0.186491889791
96.88/38.12	optdigits 0.137141719483 0.0258512217594 0.814164766696
98.96/38.92	mfeat-factors 0.17007684255 0.0406776703774 0.778288510601
101.05/39.71	satimage 0.236470894062 0.079463884802 0.569818373833
103.12/40.51	lymph 0.241532406807 0.0903737050136 0.346157389889
105.26/41.20	audiology 0.287156592184 0.103713553742 0.503237213873
107.27/41.98	ecoli 0.390656593635 0.195691768419 0.246285649949
109.47/42.89	tic-tac-toe 0.372616687289 0.213580368296 0.0585009221008
111.47/43.69	spambase 0.221580452794 0.0565137264471 0.82483068067
113.61/44.49	zoo 0.0901787696804 0.0112145426372 0.866201498509
115.75/45.28	sonar 0.492349962061 0.301292080708 -0.0397547702674
117.86/46.08	mfeat-zernike 0.228028603834 0.0708325662107 0.512287080275
119.97/46.88	kr-vs-kp 0.137902596839 0.0256298235212 0.778288510601
120.08/46.91	MAE 0.291394805728 0.135950717566
120.08/46.91	MSE 0.134852835902 0.134852835902
120.08/46.91	Mean tau 0.420665688465 0.353222553677
120.08/46.91	(0.017543859649122806, '1_class_probability_max')
120.08/46.91	(0.9824561403508771, '0_class_probability_max')
120.08/46.91	(2.7017543859649122, '1_landmark_naive_bayes')
120.08/46.91	(2.982456140350877, '0_landmark_naive_bayes')
120.08/46.91	(5.175438596491228, '0_landmark_decision_tree')
120.08/46.91	(5.859649122807017, '1_number_of_numeric_features')
120.08/46.91	(6.368421052631579, '0_number_of_numeric_features')
120.08/46.91	(7.12280701754386, '0_number_of_categorical_features')
120.08/46.91	(7.2631578947368425, '1_number_of_categorical_features')
120.08/46.91	(8.789473684210526, '1_landmark_decision_tree')
120.08/46.91	(9.385964912280702, '1_number_of_features')
120.08/46.91	(9.701754385964913, '0_number_of_features')
120.08/46.91	(12.31578947368421, '1_landmark_lda')
120.08/46.91	(12.333333333333334, '0_landmark_lda')
120.08/46.91	(14.421052631578947, '0_number_of_classes')
120.08/46.91	(14.578947368421053, '1_number_of_classes')
120.08/46.91	Result for ParamILS: SAT, 45.857380, 1, 0.291395, -1, /home/feurerm/thesis/Software/pyMetaLearn/optimizers/metalearn_optimizer/learn_distances.py
