0.75/2.05	['/home/feurerm/thesis/Software/pyMetaLearn/optimizers/metalearn_optimizer/learn_distances.py', '--input_file', '/home/feurerm/thesis/experiments/2014_04_25_predict_distances/testfold_0-3_pfahringer_spearman_rank_perm.pkl', '--fold', '0', '--folds', '1', '--params', '-max_features', '0.138607638196', '-min_samples_leaf', '7', '-min_samples_split', '7', '-n_estimators', '96', '-n_jobs', '4', '-seed', '71']
0.75/2.05	Metafeatures (57, 8)
0.75/2.05	X (3192, 16)
0.75/2.05	Y (3192,)
0.75/2.05	Dataset Mae MSE Rho
1.35/2.84	vehicle 0.366675311432 0.168632920045 0.303170524478
2.17/3.54	anneal.ORIG 0.275035649234 0.100010754551 0.598260811097
2.93/4.15	segment 0.293010604063 0.108513164504 0.663549133
3.72/4.77	pendigits 0.360216397752 0.156503921961 0.531033232108
4.63/7.64	mushroom 0.219173683033 0.0589610658605 0.613128448758
5.32/8.35	labor 0.303944761867 0.122711898198 0.485137481068
6.11/9.14	abalone 0.34808716923 0.153635333605 0.484167852525
7.02/9.86	diabetes 0.467348376521 0.305553316969 -0.0439564939542
7.68/10.47	car 0.354697660601 0.180402287315 0.388821045786
8.56/11.07	autos 0.273495246316 0.0981513158151 0.447321967887
9.24/11.68	mfeat-fourier 0.516199297211 0.347995916147 -0.401749426361
10.01/12.29	primary-tumor 0.243881472548 0.0714686426197 0.524245832307
10.78/12.91	waveform-5000 0.250841447942 0.0849769394879 0.640601257479
11.54/13.42	credit-a 0.390770144351 0.207096872407 0.294767077105
12.33/14.03	letter 0.239949299249 0.0824294342645 0.669043694744
13.13/14.66	postoperative-patient-data 0.413688011526 0.208587354832 -0.21525753657
13.98/15.31	vowel 0.473562335434 0.277593609524 0.0723989312187
14.64/15.82	eucalyptus 0.368557259204 0.177799653541 0.177442023389
15.55/16.46	cylinder-bands 0.353512539635 0.16082373585 0.298322381763
16.22/17.26	ionosphere 0.415401736995 0.209510247601 0.0223014564915
17.15/18.00	mfeat-karhunen 0.226296263858 0.0684894540594 0.739826578391
17.91/18.64	balance-scale 0.238125632841 0.0768752389842 0.470269843407
18.58/19.31	mfeat-morphological 0.481216537113 0.305054876574 -0.195218546679
19.40/19.81	liver-disorders 0.331200297329 0.142536637566 0.356176884835
20.16/20.32	dermatology 0.194174884359 0.0479097903029 0.577898611692
21.06/20.83	vote 0.0894176196963 0.0134387398526 0.805761319322
21.76/21.44	breast-cancer 0.259553529574 0.0879506288282 -0.14350502438
22.53/22.15	credit-g 0.547706405176 0.394405226376 -0.610542772643
23.28/22.66	soybean 0.141149495139 0.0303032713182 0.791216891175
24.19/23.30	arrhythmia 0.280617062306 0.110150106214 0.124112453518
24.92/23.70	nursery 0.313141532067 0.117848581339 0.50970140416
25.65/26.39	hepatitis 0.412228538412 0.239063242842 -0.647711866796
26.56/27.01	cmc 0.317636473903 0.116826628482 0.311250762337
27.26/27.60	heart-c 0.315733774052 0.130086793927 0.702980693753
28.09/28.10	glass 0.367043185736 0.165426180446 0.307372248165
28.78/28.70	braziltourism 0.543716473123 0.368594348515 -0.422758044795
29.59/29.34	iris 0.315609377634 0.132109117109 0.181643747075
30.39/29.93	heart-statlog 0.317897578628 0.132624151028 0.691021941721
31.21/30.56	page-blocks 0.324261409104 0.147279087406 0.441827406142
31.98/31.15	breast-w 0.240525821277 0.0804828345707 0.426313349453
32.77/31.77	heart-h 0.231106888593 0.0663665699466 0.538790260453
33.54/32.37	yeast 0.363227558374 0.165792757643 0.463159234091
34.33/33.27	tae 0.2869945181 0.104845582585 0.171301042616
35.12/33.67	haberman 0.28571120536 0.115701682406 0.22560024103
35.97/34.48	mfeat-pixel 0.326209398843 0.133476348457 0.237882202576
36.78/34.98	optdigits 0.251847524699 0.078476076714 0.700071808123
37.55/35.65	mfeat-factors 0.254903870492 0.0890500018209 0.695223665408
38.34/36.17	satimage 0.304125044853 0.119518078383 0.26115328761
39.23/36.86	lymph 0.200890202459 0.0566883137273 0.677770351632
39.93/37.48	audiology 0.3333255258 0.145021935877 0.362641075122
40.79/38.00	ecoli 0.408399639614 0.213752581479 0.0888826164515
41.50/38.64	tic-tac-toe 0.283589564112 0.119469684817 0.515842384933
42.31/39.44	spambase 0.233602559451 0.0735836893477 0.68875947512
43.20/40.14	zoo 0.160918117055 0.0345319913069 0.692637989293
43.89/40.64	sonar 0.484926557892 0.294750996224 -0.171301042616
44.77/41.40	mfeat-zernike 0.262940152815 0.0935904957819 0.534265327252
45.42/41.91	kr-vs-kp 0.220860552332 0.0630078653373 0.612158820215
45.42/41.96	MAE 0.317173318883 0.0966473388723
45.42/41.96	MSE 0.14309540303 0.14309540303
45.42/41.96	Mean tau 0.337986426552 0.350129063581
45.42/41.96	(0.0, '0_landmark_lda')
45.42/41.96	(1.9298245614035088, '1_landmark_decision_tree')
45.42/41.96	(2.473684210526316, '1_class_probability_max')
45.42/41.96	(2.526315789473684, '1_landmark_lda')
45.42/41.96	(4.5964912280701755, '0_landmark_decision_tree')
45.42/41.96	(4.87719298245614, '0_landmark_naive_bayes')
45.42/41.96	(5.578947368421052, '1_landmark_naive_bayes')
45.42/41.96	(6.140350877192983, '0_class_probability_max')
45.42/41.96	(9.578947368421053, '0_number_of_features')
45.42/41.96	(9.631578947368421, '1_number_of_categorical_features')
45.42/41.96	(9.947368421052632, '0_number_of_categorical_features')
45.42/41.96	(10.824561403508772, '1_number_of_numeric_features')
45.42/41.96	(11.421052631578947, '1_number_of_features')
45.42/41.96	(12.789473684210526, '0_number_of_classes')
45.42/41.96	(12.87719298245614, '0_number_of_numeric_features')
45.42/41.96	(14.807017543859649, '1_number_of_classes')
45.42/41.96	Result for ParamILS: SAT, 39.913023, 1, 0.317173, -1, /home/feurerm/thesis/Software/pyMetaLearn/optimizers/metalearn_optimizer/learn_distances.py
