0.74/2.08	['/home/feurerm/thesis/Software/pyMetaLearn/optimizers/metalearn_optimizer/learn_distances.py', '--input_file', '/home/feurerm/thesis/experiments/2014_04_25_predict_distances/testfold_0-3_pfahringer_spearman_rank_perm.pkl', '--fold', '0', '--folds', '1', '--params', '-max_features', '0.986536176528', '-min_samples_leaf', '2', '-min_samples_split', '10', '-n_estimators', '55', '-n_jobs', '4', '-seed', '68']
0.74/2.09	Metafeatures (57, 8)
0.74/2.09	X (3192, 16)
0.74/2.09	Y (3192,)
0.74/2.09	Dataset Mae MSE Rho
2.52/2.81	vehicle 0.352554603597 0.149689940839 0.352944789691
4.40/3.62	anneal.ORIG 0.500493122314 0.313113441983 0.000323209514369
6.31/4.44	segment 0.148718854777 0.0292592848735 0.84777855619
8.09/5.12	pendigits 0.235333821206 0.0743660790854 0.746290768678
9.92/5.94	mushroom 0.17389141055 0.0380306424238 0.688113056092
11.77/6.66	labor 0.327502675387 0.145530250711 0.195218546679
13.60/7.34	abalone 0.212752644824 0.057244362359 0.756956682652
15.48/8.05	diabetes 0.530935583363 0.346580725059 0.243053554806
17.39/8.84	car 0.385248938773 0.201120072806 0.159988709613
19.18/9.70	autos 0.208682124708 0.0556608183079 0.762128034882
21.05/10.41	mfeat-fourier 0.577947316631 0.438955114485 -0.440534568085
22.98/11.11	primary-tumor 0.219478865123 0.0618834977099 0.539436679482
24.78/11.89	waveform-5000 0.146973722249 0.0330256666596 0.770531482256
26.69/12.60	credit-a 0.342843090115 0.168249169724 0.521013737163
28.54/13.50	letter 0.225846408673 0.0691084340319 0.587918106637
30.36/14.34	postoperative-patient-data 0.441771938559 0.253051635743 0.0720757217043
32.15/15.33	vowel 0.363662496479 0.164554456329 0.551718641028
34.01/16.26	eucalyptus 0.461938720463 0.279936653772 -0.129283805748
35.84/17.01	cylinder-bands 0.338656117971 0.140500379014 0.386235369671
37.71/17.72	ionosphere 0.421864058317 0.210460055081 0.0656115314169
39.58/18.51	mfeat-karhunen 0.138078655989 0.0306081229765 0.806407738351
41.45/19.41	balance-scale 0.233941199296 0.076693358822 0.48675352864
43.26/20.19	mfeat-morphological 0.457621739273 0.281370528376 -0.129930224776
45.01/26.11	liver-disorders 0.304215060576 0.118576375775 0.520690527649
46.92/26.79	dermatology 0.209481142027 0.0562953484266 0.470593052921
48.75/27.47	vote 0.0767495176086 0.0106724395938 0.76568333954
50.64/28.60	breast-cancer 0.138405354727 0.0285241546865 0.393669188502
52.57/29.40	credit-g 0.733141715596 0.706127881519 -0.753401377994
54.38/33.83	soybean 0.12189632839 0.0237633332684 0.702334274724
56.22/34.79	arrhythmia 0.254146654116 0.0874427453088 0.467037748263
58.06/35.57	nursery 0.234712208129 0.0725545946118 0.678416770661
59.93/36.25	hepatitis 0.231509217232 0.0785128404823 0.584362801979
61.75/36.94	cmc 0.261533822389 0.0910676745356 0.286686839245
63.61/37.82	heart-c 0.198217186543 0.0546244854855 0.86846396511
65.51/38.59	glass 0.384678371797 0.178502435586 0.19230966105
67.37/39.38	braziltourism 0.443899194745 0.258020979445 0.0704596741325
69.23/40.10	iris 0.276210451892 0.0997091103155 0.363287494151
71.08/41.08	heart-statlog 0.177337089571 0.0453116649663 0.813195138153
73.01/41.79	page-blocks 0.475152098671 0.306101985922 -0.173240299702
74.86/47.37	breast-w 0.2114808389 0.0621910500351 0.673568627945
76.73/48.05	heart-h 0.1286359864 0.0235110198496 0.744028302078
78.57/48.74	yeast 0.232416454238 0.0670449963268 0.757926311195
80.44/49.62	tae 0.384866620509 0.177931258796 0.159665500098
82.34/50.32	haberman 0.278358180872 0.0990665700627 0.0659347409313
84.20/51.01	mfeat-pixel 0.379953470624 0.177847369618 0.164513642814
86.07/51.79	optdigits 0.152687365852 0.0316837781102 0.792832938747
87.97/52.47	mfeat-factors 0.18199575536 0.0459402278524 0.75307816848
89.86/53.31	satimage 0.278038452929 0.104825252691 0.359085770464
91.82/54.10	lymph 0.230179378392 0.0819825814705 0.365873170266
93.58/54.90	audiology 0.278178248141 0.0975311883558 0.523922622792
95.46/55.58	ecoli 0.402090554745 0.210312266065 0.178734861446
97.32/56.56	tic-tac-toe 0.330912444977 0.167837411567 0.234326897918
99.18/57.58	spambase 0.228382310752 0.0585233165121 0.855212375021
101.06/58.35	zoo 0.100180726303 0.0133735207317 0.848424975219
102.90/59.07	sonar 0.518045470974 0.333383804607 -0.185522261248
104.73/59.75	mfeat-zernike 0.225593092226 0.0718858394121 0.541699146083
106.60/65.07	kr-vs-kp 0.138295615016 0.0261032538633 0.779904558173
106.74/65.10	MAE 0.292075692804 0.134413034344
106.74/65.10	MSE 0.134838165737 0.134838165737
106.74/65.10	Mean tau 0.415868578831 0.356252176954
106.74/65.10	(0.3157894736842105, '1_class_probability_max')
106.74/65.10	(0.6842105263157895, '0_class_probability_max')
106.74/65.10	(2.754385964912281, '1_landmark_naive_bayes')
106.74/65.10	(2.789473684210526, '0_landmark_naive_bayes')
106.74/65.10	(5.7368421052631575, '1_number_of_numeric_features')
106.74/65.10	(6.491228070175438, '0_landmark_decision_tree')
106.74/65.10	(6.7368421052631575, '1_landmark_decision_tree')
106.74/65.10	(6.87719298245614, '0_number_of_numeric_features')
106.74/65.10	(7.245614035087719, '0_number_of_categorical_features')
106.74/65.10	(7.824561403508772, '1_number_of_categorical_features')
106.74/65.10	(9.43859649122807, '0_number_of_features')
106.74/65.10	(9.456140350877194, '1_number_of_features')
106.74/65.10	(12.228070175438596, '1_landmark_lda')
106.74/65.10	(12.421052631578947, '0_landmark_lda')
106.74/65.10	(14.473684210526315, '0_number_of_classes')
106.74/65.10	(14.526315789473685, '1_number_of_classes')
106.74/65.10	Result for ParamILS: SAT, 63.016512, 1, 0.292076, -1, /home/feurerm/thesis/Software/pyMetaLearn/optimizers/metalearn_optimizer/learn_distances.py
