0.73/0.98	['/home/feurerm/thesis/Software/pyMetaLearn/optimizers/metalearn_optimizer/learn_distances.py', '--input_file', '/home/feurerm/thesis/experiments/2014_04_25_predict_distances/testfold_0-3_pfahringer_spearman_rank_perm.pkl', '--fold', '0', '--folds', '1', '--params', '-max_features', '0.806009996593', '-min_samples_leaf', '9', '-min_samples_split', '1', '-n_estimators', '13', '-n_jobs', '4', '-seed', '33']
0.73/0.99	Metafeatures (57, 8)
0.73/0.99	X (3192, 16)
0.73/0.99	Y (3192,)
0.73/0.99	Dataset Mae MSE Rho
1.14/1.23	vehicle 0.364654331868 0.163385394199 0.286040420217
1.53/1.48	anneal.ORIG 0.468151454081 0.27635572561 0.043344954592
1.89/1.73	segment 0.24194289556 0.073422844235 0.70180076709
2.25/1.98	pendigits 0.302392847774 0.121005475916 0.619592639045
2.63/2.23	mushroom 0.195831262778 0.0492842704541 0.63252101962
2.99/2.48	labor 0.288646314151 0.11678111966 0.247255278492
3.40/2.72	abalone 0.315957290337 0.123366335059 0.598357079633
3.80/2.98	diabetes 0.512857925197 0.335264257533 0.14867637661
4.18/3.23	car 0.441850385408 0.281885064316 0.0948848921641
4.54/3.48	autos 0.231268803422 0.0719524981039 0.534911746281
4.92/3.72	mfeat-fourier 0.533143339303 0.373233717961 -0.327787184629
5.29/3.98	primary-tumor 0.21403481149 0.0593513790961 0.552219555955
5.67/4.23	waveform-5000 0.17403607825 0.0453051813091 0.727441528078
6.05/4.48	credit-a 0.360259201873 0.181174993322 0.409054545115
6.41/4.72	letter 0.264828157355 0.0998859196586 0.56385884402
6.80/4.98	postoperative-patient-data 0.450593618217 0.276600967038 -0.0323339583799
7.19/5.23	vowel 0.454012974431 0.257622833234 0.236589364518
7.56/5.48	eucalyptus 0.419402871319 0.232704848799 -0.0250507524666
7.94/5.73	cylinder-bands 0.347112316358 0.148029360724 0.346402596095
8.33/5.98	ionosphere 0.422455291018 0.215480755183 0.0672383968469
8.70/6.23	mfeat-karhunen 0.15480611034 0.0352639499833 0.780775388168
9.07/6.48	balance-scale 0.30995758218 0.120409512429 0.118941101288
9.45/6.73	mfeat-morphological 0.490233376312 0.325675962481 -0.269320193273
9.83/6.98	liver-disorders 0.367779461022 0.173831004557 0.263598563051
10.21/7.23	dermatology 0.199368607503 0.0523101627386 0.477703662237
10.60/7.48	vote 0.102104956326 0.0151763568023 0.710737722098
10.99/7.73	breast-cancer 0.132344955375 0.0268876662697 0.379246802772
11.37/7.98	credit-g 0.701024109638 0.643204752358 -0.706431219557
11.74/8.23	soybean 0.126554069734 0.0235008761452 0.731643589782
12.11/8.48	arrhythmia 0.264524441318 0.0907353221846 0.305805401044
12.49/8.73	nursery 0.294881470637 0.112837386903 0.494669742747
12.88/8.98	hepatitis 0.28176840371 0.118631776612 0.422375167333
13.27/9.23	cmc 0.235888757252 0.0758857820509 0.385135116954
13.64/9.59	heart-c 0.250030264507 0.0832140593843 0.720330346732
14.01/9.84	glass 0.352247807008 0.152408933261 0.357336862604
14.42/10.09	braziltourism 0.539401523295 0.364502470289 -0.0219853218999
14.80/10.34	iris 0.313831336485 0.133431236218 0.159665500098
15.17/10.58	heart-statlog 0.242478625574 0.0818498978655 0.711175351265
15.54/10.84	page-blocks 0.475614634483 0.30606541885 -0.217231743659
15.93/11.09	breast-w 0.208266390256 0.059408466853 0.540729517539
16.31/11.34	heart-h 0.165276592374 0.0374193751609 0.632844229135
16.68/11.59	yeast 0.294977099167 0.112924399642 0.554510527179
17.05/11.84	tae 0.382799145574 0.18144096207 0.131395237131
17.44/12.10	haberman 0.289488813893 0.112357206468 -0.0218219087601
17.83/12.34	mfeat-pixel 0.362203590282 0.167038731284 0.163544014271
18.20/12.59	optdigits 0.194986998996 0.0499347850256 0.730453502474
18.58/12.84	mfeat-factors 0.243442790578 0.0779194163812 0.621420278929
18.96/13.09	satimage 0.275351244919 0.105157040532 0.40646866099
19.34/13.34	lymph 0.248038656585 0.0905653483545 0.356823303863
19.76/13.60	audiology 0.295823365611 0.116072684543 0.476487485348
20.10/13.85	ecoli 0.386826087766 0.186622923365 0.257921192467
20.50/14.20	tic-tac-toe 0.34064866977 0.181397388526 0.372840555864
20.87/14.46	spambase 0.218748759465 0.0605006775092 0.792509729233
21.24/14.71	zoo 0.12914525659 0.0237711986955 0.730776711988
21.62/14.96	sonar 0.50528344415 0.319601073552 -0.140791722444
22.00/15.21	mfeat-zernike 0.242740767167 0.0836374742186 0.491601671355
22.39/15.46	kr-vs-kp 0.197936990401 0.0516712958123 0.662256294942
22.39/15.47	MAE 0.312636093446 0.122627727478
22.39/15.47	MSE 0.148339577487 0.148339577487
22.39/15.47	Mean tau 0.350687004038 0.319409352299
22.39/15.47	(0.10526315789473684, '1_class_probability_max')
22.39/15.47	(0.8947368421052632, '0_class_probability_max')
22.39/15.47	(2.912280701754386, '1_landmark_naive_bayes')
22.39/15.47	(4.175438596491228, '0_landmark_naive_bayes')
22.39/15.47	(4.701754385964913, '0_landmark_decision_tree')
22.39/15.47	(6.0, '1_number_of_numeric_features')
22.39/15.47	(6.052631578947368, '1_number_of_categorical_features')
22.39/15.47	(7.0701754385964914, '0_number_of_numeric_features')
22.39/15.47	(8.0, '0_number_of_categorical_features')
22.39/15.47	(8.368421052631579, '1_number_of_features')
22.39/15.47	(9.31578947368421, '0_number_of_features')
22.39/15.47	(10.596491228070175, '1_landmark_decision_tree')
22.39/15.47	(11.105263157894736, '1_landmark_lda')
22.39/15.47	(11.824561403508772, '0_landmark_lda')
22.39/15.47	(14.350877192982455, '0_number_of_classes')
22.39/15.47	(14.526315789473685, '1_number_of_classes')
22.39/15.47	Result for ParamILS: SAT, 14.489795, 1, 0.312636, -1, /home/feurerm/thesis/Software/pyMetaLearn/optimizers/metalearn_optimizer/learn_distances.py
