0.68/0.88	['/home/feurerm/thesis/Software/pyMetaLearn/optimizers/metalearn_optimizer/learn_distances.py', '--input_file', '/home/feurerm/thesis/experiments/2014_04_25_predict_distances/testfold_0-3_pfahringer_spearman_rank_perm.pkl', '--fold', '0', '--folds', '1', '--params', '-max_features', '0.203417991265', '-min_samples_leaf', '6', '-min_samples_split', '7', '-n_estimators', '53', '-n_jobs', '4', '-seed', '57']
0.68/0.89	Metafeatures (57, 8)
0.68/0.89	X (3192, 16)
0.68/0.89	Y (3192,)
0.68/0.89	Dataset Mae MSE Rho
1.23/1.24	vehicle 0.353375314884 0.158511986872 0.376215874726
1.78/1.61	anneal.ORIG 0.278908857563 0.103444843428 0.621855105646
2.32/1.98	segment 0.260901058862 0.0846719009492 0.741442625963
2.88/2.36	pendigits 0.333993391747 0.136792244632 0.629288924477
3.44/2.73	mushroom 0.196431374006 0.0479788837877 0.650620752425
4.02/3.11	labor 0.305753583443 0.124760528316 0.475441195637
4.55/3.48	abalone 0.319292607167 0.12885777017 0.555273945686
5.16/3.86	diabetes 0.462420099197 0.294323152849 0.0407243988105
5.71/4.24	car 0.327644908639 0.145565777065 0.480289338352
6.25/4.61	autos 0.25255515312 0.0828493198235 0.554304317143
6.80/4.98	mfeat-fourier 0.540888045689 0.379462881142 -0.41726348305
7.36/5.36	primary-tumor 0.228691723991 0.0654563383859 0.553657898114
7.94/5.73	waveform-5000 0.230628944652 0.0722815979881 0.686173799005
8.51/6.11	credit-a 0.382520057091 0.204759492913 0.330320123685
9.14/6.51	letter 0.237595365463 0.0832449948676 0.635753114764
9.61/6.89	postoperative-patient-data 0.407486345715 0.198915233999 -0.0885594069371
10.16/7.26	vowel 0.472719575732 0.279806940727 0.147383538552
10.79/7.74	eucalyptus 0.382433020895 0.192833223922 0.0908218735377
11.31/8.12	cylinder-bands 0.345860472453 0.154970246478 0.390113883843
11.86/8.49	ionosphere 0.402897246227 0.19313255621 0.108275187314
12.43/8.86	mfeat-karhunen 0.203540667787 0.0561322254117 0.769885063227
12.99/9.23	balance-scale 0.245191023258 0.0851695428969 0.42243483528
13.57/9.62	mfeat-morphological 0.480804092851 0.309642586354 -0.210409393854
14.19/10.00	liver-disorders 0.329279286117 0.140896374012 0.461866396033
14.68/10.38	dermatology 0.191868859579 0.0481305041044 0.550102593456
15.26/10.76	vote 0.0799330962861 0.0101523905337 0.80414527175
15.82/11.46	breast-cancer 0.248512528571 0.0783989445276 0.21525753657
16.41/11.84	credit-g 0.538631514045 0.381354457883 -0.609896353614
16.97/12.21	soybean 0.129424123726 0.0253411682671 0.788308005546
17.51/12.59	arrhythmia 0.285701891833 0.1111219813 0.153524519325
18.06/12.96	nursery 0.303958414881 0.115598658105 0.48158217641
18.62/13.34	hepatitis 0.361460597816 0.190164499245 -0.360055399007
19.16/13.72	cmc 0.301461042889 0.106977316848 0.333875428343
19.73/14.10	heart-c 0.295198737842 0.11292647424 0.72495894073
20.29/14.48	glass 0.361353627836 0.158483149863 0.326764819027
20.90/14.87	braziltourism 0.499952791854 0.319852101629 -0.178411651932
21.45/15.25	iris 0.315175732348 0.127297179812 0.250164164122
22.04/15.63	heart-statlog 0.303851683514 0.123594251957 0.698132551037
22.60/16.01	page-blocks 0.32462211564 0.143499825272 0.446998758372
23.13/16.38	breast-w 0.22410667484 0.0690951675121 0.490955252327
23.71/16.75	heart-h 0.212717656267 0.0575803855821 0.555920364715
24.25/17.12	yeast 0.342074374737 0.147702672473 0.522952994249
24.88/17.50	tae 0.314643794793 0.12031866686 0.187461518334
25.35/17.88	haberman 0.259066513628 0.0938759152223 0.256628354409
25.94/18.25	mfeat-pixel 0.327125181646 0.130514801003 0.276990553814
26.53/18.63	optdigits 0.225784552439 0.0659159678048 0.712030560155
27.03/19.01	mfeat-factors 0.235027388845 0.0748825151994 0.702980693753
27.65/19.40	satimage 0.281079981668 0.1053055379 0.404011892961
28.13/19.77	lymph 0.178698072124 0.0464249207298 0.675184675517
28.66/20.16	audiology 0.326345474451 0.141442197518 0.372014151039
29.22/20.55	ecoli 0.421216981362 0.22575407971 0.0416940273536
29.76/20.93	tic-tac-toe 0.286993154316 0.119629967989 0.569495164318
30.33/21.30	spambase 0.223824359279 0.067783002335 0.766329758569
30.88/21.68	zoo 0.134896842269 0.0242840084248 0.750492492365
31.43/22.06	sonar 0.495062740795 0.306945409501 -0.129283805748
31.99/22.44	mfeat-zernike 0.261658432942 0.0930034532336 0.482228595439
32.53/22.82	kr-vs-kp 0.202795860148 0.0516076243666 0.666458018629
32.53/22.85	MAE 0.306597140557 0.0997343683858
32.53/22.85	MSE 0.135428418248 0.135428418248
32.53/22.85	Mean tau 0.384840465451 0.325904737695
32.53/22.85	(0.12280701754385964, '0_landmark_decision_tree')
32.53/22.85	(1.5087719298245614, '0_class_probability_max')
32.53/22.85	(2.807017543859649, '1_landmark_naive_bayes')
32.53/22.85	(3.43859649122807, '1_landmark_decision_tree')
32.53/22.85	(3.456140350877193, '1_class_probability_max')
32.53/22.85	(4.719298245614035, '1_landmark_lda')
32.53/22.85	(5.105263157894737, '0_landmark_naive_bayes')
32.53/22.85	(7.526315789473684, '0_landmark_lda')
32.53/22.85	(8.368421052631579, '1_number_of_features')
32.53/22.85	(10.56140350877193, '1_number_of_numeric_features')
32.53/22.85	(10.807017543859649, '1_number_of_categorical_features')
32.53/22.85	(11.070175438596491, '0_number_of_features')
32.53/22.85	(11.105263157894736, '0_number_of_numeric_features')
32.53/22.85	(11.333333333333334, '0_number_of_categorical_features')
32.53/22.85	(13.824561403508772, '0_number_of_classes')
32.53/22.85	(14.24561403508772, '1_number_of_classes')
32.53/22.85	Result for ParamILS: SAT, 21.966018, 1, 0.306597, -1, /home/feurerm/thesis/Software/pyMetaLearn/optimizers/metalearn_optimizer/learn_distances.py
