0.76/0.94	['/home/feurerm/thesis/Software/pyMetaLearn/optimizers/metalearn_optimizer/learn_distances.py', '--input_file', '/home/feurerm/thesis/experiments/2014_04_25_predict_distances/testfold_0-3_pfahringer_spearman_rank_perm.pkl', '--fold', '0', '--folds', '1', '--params', '-max_features', '0.722260536464', '-min_samples_leaf', '9', '-min_samples_split', '2', '-n_estimators', '75', '-n_jobs', '4', '-seed', '60']
0.76/0.95	Metafeatures (57, 8)
0.76/0.95	X (3192, 16)
0.76/0.95	Y (3192,)
0.76/0.95	Dataset Mae MSE Rho
2.36/1.61	vehicle 0.357420134447 0.156887402185 0.3306433332
4.08/2.29	anneal.ORIG 0.475858560406 0.267925038704 0.482551804953
5.77/3.08	segment 0.237441110485 0.0704051534571 0.779581348658
7.49/3.88	pendigits 0.310511702963 0.122130626943 0.639631628936
9.20/4.67	mushroom 0.198637732603 0.0486191047909 0.655145685626
10.95/5.46	labor 0.286408928089 0.114421873845 0.244669602377
12.64/6.24	abalone 0.29366127173 0.108380981096 0.589534154209
14.40/7.03	diabetes 0.510027287985 0.323137505211 0.239821459662
16.17/7.72	car 0.389996378891 0.213015606581 0.230125174231
17.78/8.40	autos 0.238255541772 0.0719989282761 0.685204170462
19.48/9.11	mfeat-fourier 0.55178572556 0.395091640538 -0.435040006341
21.16/9.89	primary-tumor 0.221860558485 0.0618650225828 0.530063603565
22.85/10.68	waveform-5000 0.189556601192 0.0514505067391 0.734008807132
24.56/11.38	credit-a 0.383556190992 0.205266639257 0.368458846381
26.27/11.97	letter 0.235439380704 0.0770139769319 0.675831094546
27.95/12.78	postoperative-patient-data 0.430224327203 0.241034072977 0.000323209514369
29.66/13.57	vowel 0.452185915023 0.25562657966 0.239821459662
31.47/14.37	eucalyptus 0.40414492618 0.218380417622 -0.00969628543107
33.11/15.18	cylinder-bands 0.322998253457 0.124423562416 0.457987881861
34.84/15.86	ionosphere 0.409480116693 0.199786878267 0.0562384555002
36.61/16.65	mfeat-karhunen 0.184339077956 0.0480843820867 0.773440367885
38.22/17.44	balance-scale 0.272539757066 0.0968267308756 0.297999172248
39.93/18.23	mfeat-morphological 0.453483733076 0.272489854262 -0.130253434291
41.64/18.82	liver-disorders 0.26746139252 0.09503786073 0.612482029729
43.31/19.52	dermatology 0.195699848825 0.0498724754091 0.52747792745
44.98/20.21	vote 0.0823702983464 0.0101687939946 0.774086786914
46.74/20.91	breast-cancer 0.141777458707 0.0285135215354 0.36102502755
48.32/21.60	credit-g 0.660085788867 0.574638638722 -0.70427353181
49.99/22.29	soybean 0.12240221375 0.0238276438087 0.744351511592
51.64/22.99	arrhythmia 0.264598585037 0.0948044262165 0.382033645984
53.45/23.70	nursery 0.291559386828 0.1085118718 0.542668774626
55.12/24.40	hepatitis 0.274067453181 0.100375390217 0.26406217324
56.69/25.08	cmc 0.248738882632 0.0789367016206 0.347773437461
58.36/25.77	heart-c 0.261613204851 0.0900510885932 0.766006549055
60.05/26.46	glass 0.366261447295 0.163209872149 0.305109781564
61.69/27.16	braziltourism 0.445449558264 0.258436720649 0.116678634687
63.37/27.84	iris 0.286612761388 0.111457194133 0.303816943507
65.02/28.53	heart-statlog 0.26931459787 0.0972937587332 0.759219149253
66.72/29.22	page-blocks 0.421011061184 0.235722797453 0.146413910009
68.44/30.02	breast-w 0.21734780119 0.0619989404828 0.544284822197
70.27/30.80	heart-h 0.17585888299 0.0422240990379 0.665488390086
71.86/31.49	yeast 0.316336637296 0.122403041227 0.600200068183
73.56/32.28	tae 0.35351642912 0.15177337409 0.184875842219
75.36/33.07	haberman 0.265877280898 0.0931895372257 0.0329673704656
76.97/33.87	mfeat-pixel 0.365105562334 0.166008449968 0.154494147868
78.70/34.56	optdigits 0.215080741051 0.0596075583369 0.722696474129
80.39/35.15	mfeat-factors 0.214361693337 0.0625858263004 0.723019683644
82.07/35.85	satimage 0.260282326545 0.0943543446951 0.474148357579
83.72/36.54	lymph 0.224253077822 0.0756605182616 0.39948695976
85.38/37.15	audiology 0.320230572226 0.135906416721 0.351651951634
87.08/37.86	ecoli 0.394564967959 0.197844961713 0.165806480871
88.81/38.56	tic-tac-toe 0.310814487691 0.143738300284 0.646419028738
90.49/39.25	spambase 0.206951195882 0.0547558463562 0.8322644995
92.21/40.04	zoo 0.122961320083 0.0216293275581 0.789924053118
94.11/40.85	sonar 0.518702744759 0.338516095303 -0.239175040633
95.73/41.65	mfeat-zernike 0.254891160139 0.0885718059218 0.477057243209
97.46/42.45	kr-vs-kp 0.199004206475 0.0502316403068 0.667104437658
97.46/42.49	MAE 0.304297863865 0.114925829134
97.46/42.49	MSE 0.13730037412 0.13730037412
97.46/42.49	Mean tau 0.40136384308 0.31955321659
97.46/42.49	(0.3684210526315789, '1_class_probability_max')
97.46/42.49	(0.631578947368421, '0_class_probability_max')
97.46/42.49	(2.473684210526316, '1_landmark_decision_tree')
97.46/42.49	(3.1052631578947367, '0_landmark_decision_tree')
97.46/42.49	(3.912280701754386, '0_landmark_naive_bayes')
97.46/42.49	(4.684210526315789, '1_landmark_naive_bayes')
97.46/42.49	(7.473684210526316, '1_number_of_numeric_features')
97.46/42.49	(7.7894736842105265, '0_number_of_numeric_features')
97.46/42.49	(8.087719298245615, '0_number_of_categorical_features')
97.46/42.49	(9.0, '1_number_of_categorical_features')
97.46/42.49	(10.052631578947368, '1_number_of_features')
97.46/42.49	(10.614035087719298, '0_number_of_features')
97.46/42.49	(10.719298245614034, '0_landmark_lda')
97.46/42.49	(12.087719298245615, '1_landmark_lda')
97.46/42.49	(14.350877192982455, '1_number_of_classes')
97.46/42.49	(14.649122807017545, '0_number_of_classes')
97.46/42.49	Result for ParamILS: SAT, 41.553161, 1, 0.304298, -1, /home/feurerm/thesis/Software/pyMetaLearn/optimizers/metalearn_optimizer/learn_distances.py
