0.77/1.02	['/home/feurerm/thesis/Software/pyMetaLearn/optimizers/metalearn_optimizer/learn_distances.py', '--input_file', '/home/feurerm/thesis/experiments/2014_04_25_predict_distances/testfold_0-3_pfahringer_spearman_rank_perm.pkl', '--fold', '0', '--folds', '1', '--params', '-max_features', '0.234807711962', '-min_samples_leaf', '8', '-min_samples_split', '4', '-n_estimators', '50', '-n_jobs', '4', '-seed', '18']
0.77/1.03	Metafeatures (57, 8)
0.77/1.03	X (3192, 16)
0.77/1.03	Y (3192,)
0.77/1.03	Dataset Mae MSE Rho
1.16/1.37	vehicle 0.372343198429 0.172287593484 0.283777953616
1.68/1.75	anneal.ORIG 0.2806205813 0.105002961444 0.46606811972
2.24/2.12	segment 0.289939030724 0.105685484236 0.663549133
2.77/2.50	pendigits 0.352890775008 0.150912797445 0.524569041821
3.24/2.89	mushroom 0.215504838713 0.0577658395982 0.607957096528
3.78/3.26	labor 0.31077628932 0.131960099923 0.403365473933
4.25/3.64	abalone 0.339548107149 0.145669517556 0.507762147074
4.81/4.01	diabetes 0.494831068192 0.335852714803 -0.106659139742
5.34/4.38	car 0.343308820015 0.158335896506 0.380740807927
5.83/4.76	autos 0.284700741469 0.102946547644 0.481905385924
6.33/5.13	mfeat-fourier 0.516363726392 0.348618100642 -0.422111625766
6.89/5.43	primary-tumor 0.233410723711 0.0666699678042 0.537174212881
7.39/5.82	waveform-5000 0.231547365436 0.0734621750809 0.679709608718
7.92/6.19	credit-a 0.382431323741 0.203237545684 0.395285236073
8.45/6.57	letter 0.268213187046 0.0996015180412 0.622824734189
8.93/6.94	postoperative-patient-data 0.40153100469 0.194823010705 0.0132515900891
9.43/7.31	vowel 0.478644812556 0.28692201136 0.0817720071354
9.95/7.70	eucalyptus 0.366611656031 0.177362867196 0.202975575024
10.47/8.08	cylinder-bands 0.363483065876 0.175172320862 0.253396259265
11.02/8.44	ionosphere 0.422417291249 0.215768424588 0.0349066275519
11.52/8.81	mfeat-karhunen 0.21968079372 0.0646009437315 0.763744082454
12.03/9.19	balance-scale 0.241782393569 0.0797754126691 0.390113883843
12.54/9.56	mfeat-morphological 0.470500071836 0.293695387878 -0.130899853319
13.05/9.93	liver-disorders 0.314450751643 0.129312297479 0.472855519522
13.62/10.30	dermatology 0.188471199923 0.0460309324363 0.573373678491
14.04/10.67	vote 0.0823146149907 0.0107841440702 0.823861052127
14.55/11.04	breast-cancer 0.247930302196 0.0807622938607 0.114092958572
15.05/11.48	credit-g 0.538494089818 0.385428992635 -0.566586278689
15.58/11.86	soybean 0.131714683671 0.0262073080165 0.779258139144
16.08/12.24	arrhythmia 0.288512721662 0.117043389646 0.209762974826
16.58/12.61	nursery 0.311819642393 0.116958921308 0.500651537758
17.09/12.98	hepatitis 0.403845152186 0.231737030487 -0.563030974031
17.62/13.35	cmc 0.294956603932 0.103458188665 0.31512927651
18.13/13.72	heart-c 0.305843355573 0.120560372012 0.706535998411
18.62/14.09	glass 0.371334615596 0.168429089841 0.226246660058
19.12/14.46	braziltourism 0.481323671827 0.298391336495 -0.0310281133794
19.65/14.83	iris 0.322000786595 0.134722642217 0.195541756193
20.19/15.20	heart-statlog 0.316659145678 0.130976826505 0.667104437658
20.68/15.58	page-blocks 0.327349403212 0.146220469377 0.434070377798
21.18/15.95	breast-w 0.23614098213 0.0792128569351 0.414354597421
21.68/16.32	heart-h 0.219475591199 0.060313792157 0.580484287807
22.22/16.70	yeast 0.359146500589 0.162543189669 0.44829159643
22.71/17.07	tae 0.2827677065 0.102127255241 0.188754356392
23.27/17.46	haberman 0.256312251351 0.0888021013751 0.234003688403
23.79/17.85	mfeat-pixel 0.332401739966 0.137074596433 0.245962440435
24.33/18.23	optdigits 0.240946385973 0.0727810225554 0.713000188698
24.95/18.61	mfeat-factors 0.251638291461 0.0883304002759 0.678416770661
25.38/18.98	satimage 0.274447821066 0.102374111083 0.435363215855
25.90/19.38	lymph 0.190266463036 0.0534925941855 0.635106695735
26.45/19.75	audiology 0.326713217106 0.1467072546 0.417586692565
26.95/20.13	ecoli 0.427476848727 0.232140642512 -0.0426636558967
27.46/20.49	tic-tac-toe 0.291188074443 0.126199692873 0.554304317143
28.00/20.86	spambase 0.225337859369 0.0680419586157 0.69393082735
28.50/21.37	zoo 0.147258938341 0.0293951674873 0.71461623627
28.99/21.84	sonar 0.487963422468 0.300262820377 -0.0979324828538
29.49/22.36	mfeat-zernike 0.27171555671 0.101336962038 0.476734033694
30.00/22.74	kr-vs-kp 0.220464502314 0.0614314059959 0.615067705844
30.00/22.77	MAE 0.313153750172 0.0972096673322
30.00/22.77	MSE 0.140451249094 0.140451249094
30.00/22.77	Mean tau 0.357866646857 0.320369063305
30.00/22.77	(1.263157894736842, '1_landmark_decision_tree')
30.00/22.77	(1.368421052631579, '0_landmark_decision_tree')
30.00/22.77	(1.7017543859649122, '0_class_probability_max')
30.00/22.77	(3.3333333333333335, '1_landmark_naive_bayes')
30.00/22.77	(3.3859649122807016, '1_class_probability_max')
30.00/22.77	(4.578947368421052, '0_landmark_naive_bayes')
30.00/22.77	(6.035087719298246, '1_landmark_lda')
30.00/22.77	(6.368421052631579, '0_landmark_lda')
30.00/22.77	(9.526315789473685, '1_number_of_features')
30.00/22.77	(9.596491228070175, '0_number_of_categorical_features')
30.00/22.77	(10.508771929824562, '1_number_of_numeric_features')
30.00/22.77	(10.894736842105264, '0_number_of_features')
30.00/22.77	(11.736842105263158, '0_number_of_numeric_features')
30.00/22.77	(11.982456140350877, '1_number_of_categorical_features')
30.00/22.77	(12.929824561403509, '1_number_of_classes')
30.00/22.77	(14.789473684210526, '0_number_of_classes')
30.00/22.77	Result for ParamILS: SAT, 21.745926, 1, 0.313154, -1, /home/feurerm/thesis/Software/pyMetaLearn/optimizers/metalearn_optimizer/learn_distances.py
