0.79/1.71	['/home/feurerm/thesis/Software/pyMetaLearn/optimizers/metalearn_optimizer/learn_distances.py', '--input_file', '/home/feurerm/thesis/experiments/2014_04_25_predict_distances/testfold_0-3_pfahringer_spearman_rank_perm.pkl', '--fold', '0', '--folds', '1', '--params', '-max_features', '0.301670588571', '-min_samples_leaf', '2', '-min_samples_split', '1', '-n_estimators', '7', '-n_jobs', '4', '-seed', '75']
0.79/1.72	Metafeatures (57, 8)
0.79/1.72	X (3192, 16)
0.79/1.72	Y (3192,)
0.79/1.72	Dataset Mae MSE Rho
0.92/2.04	vehicle 0.328140702291 0.134991815901 0.49192488087
1.08/2.38	anneal.ORIG 0.369330622315 0.186036426868 0.37653908424
1.24/2.66	segment 0.204661281457 0.0562647557178 0.719464378986
1.40/3.02	pendigits 0.259381043846 0.0941019206285 0.662256294942
1.57/3.28	mushroom 0.144523900325 0.0304636699626 0.710414512583
1.72/3.54	labor 0.317045368352 0.141090727145 0.282808325073
1.89/3.93	abalone 0.223517997168 0.074707653483 0.647279120184
2.06/4.19	diabetes 0.525698919556 0.365993769324 0.0307049038651
2.22/4.45	car 0.35423062262 0.171974628697 0.202005946481
2.42/4.70	autos 0.235895206791 0.0836099724429 0.483198223982
2.56/5.01	mfeat-fourier 0.581988329712 0.443180808066 -0.361538924308
2.73/5.42	primary-tumor 0.173581295298 0.0437908392043 0.653097359467
2.89/5.67	waveform-5000 0.196844430706 0.0619174651352 0.594705506439
3.07/10.14	credit-a 0.346623141619 0.179056608683 0.46380565312
3.23/10.41	letter 0.24368945223 0.0816658658492 0.51487275639
3.39/10.66	postoperative-patient-data 0.422087752683 0.224952358609 -0.120081994082
3.57/10.91	vowel 0.444065563418 0.260827466529 0.183906213676
3.73/11.16	eucalyptus 0.397516088021 0.20302982068 0.117971472745
3.91/11.41	cylinder-bands 0.339073015427 0.154606688388 0.313513228938
4.05/11.66	ionosphere 0.432516377213 0.229935538098 0.0161604757185
4.24/12.25	mfeat-karhunen 0.154841742443 0.0391968907602 0.76051198731
4.43/12.60	balance-scale 0.185325228968 0.0539341854887 0.573696888005
4.56/12.85	mfeat-morphological 0.560191351001 0.424496040277 -0.376215874726
4.72/13.12	liver-disorders 0.339605638974 0.152879199203 0.295736705648
4.90/13.38	dermatology 0.215946192997 0.0625645394182 0.483721949241
5.06/13.64	vote 0.0928299912323 0.0130539888784 0.734332016646
5.23/14.02	breast-cancer 0.249808860562 0.0845911350386 0.194895337165
5.40/14.28	credit-g 0.506482050642 0.346671799877 -0.106335930227
5.57/14.56	soybean 0.136010105103 0.0289643706385 0.65837778077
5.73/14.89	arrhythmia 0.320642959709 0.140405744874 0.0725663732741
5.89/15.14	nursery 0.278520243594 0.107603033584 0.497742652128
6.05/15.49	hepatitis 0.357583059357 0.193216290537 -0.162102611122
6.22/15.88	cmc 0.332546814543 0.141415203569 0.18422942319
6.38/16.13	heart-c 0.219802765114 0.065971254095 0.785722329431
6.55/16.39	glass 0.388091807712 0.2017008564 0.154170938354
6.71/16.92	braziltourism 0.590017599324 0.431279212086 -0.192163514082
6.88/17.30	iris 0.328559335027 0.13901671444 0.36393391318
7.05/17.64	heart-statlog 0.263118792744 0.11043172882 0.603755372841
7.22/18.23	page-blocks 0.375178860057 0.211978916602 0.295736705648
7.39/18.48	breast-w 0.251676972303 0.0860188024379 0.395285236073
7.55/18.74	heart-h 0.186915545656 0.0558134631663 0.505822889988
7.72/19.00	yeast 0.237580942908 0.0801352434971 0.640814409871
7.89/19.32	tae 0.332656950313 0.144013617883 0.189723984935
8.06/19.60	haberman 0.284925218155 0.110831406083 0.194926698551
8.22/20.03	mfeat-pixel 0.359834151848 0.167728657039 0.133808738949
8.38/20.28	optdigits 0.125542599081 0.0238017722724 0.803725109782
8.55/20.56	mfeat-factors 0.192751510687 0.0531442739747 0.699748598609
8.72/20.98	satimage 0.291938428329 0.117558291161 0.333552218829
8.88/21.31	lymph 0.149087156312 0.034748946421 0.711060931612
9.04/21.75	audiology 0.397804893128 0.206307489123 0.106335930227
9.21/22.00	ecoli 0.449073442798 0.272767701046 -0.0310281133794
9.38/22.64	tic-tac-toe 0.409036705371 0.244992549935 0.322239885826
9.54/22.95	spambase 0.241554489743 0.0777460892193 0.658054571255
9.70/23.21	zoo 0.107766265731 0.015827137911 0.81448797621
9.89/23.48	sonar 0.476608895126 0.298961576844 0.00290888562932
10.04/23.73	mfeat-zernike 0.328094241782 0.153319685402 0.190047194449
10.21/24.16	kr-vs-kp 0.151695466259 0.0310409186269 0.742412254506
10.21/24.16	MAE 0.305439620801 0.121561572775
10.21/24.16	MSE 0.146426798702 0.146426798702
10.21/24.16	Mean tau 0.354723636209 0.308750285637
10.21/24.16	(0.38596491228070173, '0_landmark_naive_bayes')
10.21/24.16	(1.0701754385964912, '1_landmark_decision_tree')
10.21/24.16	(2.5964912280701755, '1_class_probability_max')
10.21/24.16	(3.473684210526316, '0_class_probability_max')
10.21/24.16	(5.333333333333333, '1_landmark_naive_bayes')
10.21/24.16	(5.859649122807017, '0_landmark_lda')
10.21/24.16	(6.543859649122807, '1_number_of_numeric_features')
10.21/24.16	(8.421052631578947, '0_number_of_classes')
10.21/24.16	(9.035087719298245, '0_number_of_features')
10.21/24.16	(9.491228070175438, '0_number_of_numeric_features')
10.21/24.16	(9.649122807017545, '0_landmark_decision_tree')
10.21/24.16	(10.140350877192983, '0_number_of_categorical_features')
10.21/24.16	(10.333333333333334, '1_landmark_lda')
10.21/24.16	(11.736842105263158, '1_number_of_features')
10.21/24.16	(12.666666666666666, '1_number_of_classes')
10.21/24.16	(13.263157894736842, '1_number_of_categorical_features')
10.21/24.16	Result for ParamILS: SAT, 22.448192, 1, 0.305440, -1, /home/feurerm/thesis/Software/pyMetaLearn/optimizers/metalearn_optimizer/learn_distances.py
