0.69/0.86	['/home/feurerm/thesis/Software/pyMetaLearn/optimizers/metalearn_optimizer/learn_distances.py', '--input_file', '/home/feurerm/thesis/experiments/2014_04_25_predict_distances/testfold_0-3_pfahringer_spearman_rank_perm.pkl', '--fold', '0', '--folds', '1', '--params', '-max_features', '0.793873543317', '-min_samples_leaf', '5', '-min_samples_split', '4', '-n_estimators', '26', '-n_jobs', '4', '-seed', '1']
0.69/0.86	Metafeatures (57, 8)
0.69/0.86	X (3192, 16)
0.69/0.86	Y (3192,)
0.69/0.86	Dataset Mae MSE Rho
1.39/1.20	vehicle 0.344439091591 0.145378536059 0.377831922297
2.10/1.55	anneal.ORIG 0.378751751568 0.187123912366 0.287517991213
2.86/1.90	segment 0.162246234756 0.0345464999797 0.819336118926
3.52/2.25	pendigits 0.263610837026 0.0920581609823 0.689729103664
4.29/2.60	mushroom 0.178664443864 0.040341343697 0.675831094546
4.98/2.95	labor 0.313727960851 0.140127839234 0.214611117541
5.73/3.31	abalone 0.234066507461 0.0716042928947 0.680679237261
6.43/3.66	diabetes 0.525626856302 0.341446812052 0.244023183349
7.16/4.02	car 0.384325673432 0.198731578185 0.179234093454
7.90/4.38	autos 0.212452834208 0.0580193336659 0.683264913376
8.62/4.73	mfeat-fourier 0.566768048152 0.420912605455 -0.432454330226
9.38/5.09	primary-tumor 0.217489152454 0.0612348786935 0.535881374824
10.15/5.45	waveform-5000 0.161775641023 0.0382660646457 0.767945806141
10.89/5.81	credit-a 0.348564976427 0.171269653979 0.504206842416
11.63/6.17	letter 0.231673988208 0.0735812039817 0.619269429531
12.39/6.52	postoperative-patient-data 0.451048649664 0.26748939462 0.0287656467788
13.11/6.88	vowel 0.390074998197 0.190089513405 0.512287080275
13.87/7.24	eucalyptus 0.424142472641 0.23662357826 -0.0623794362732
14.59/7.59	cylinder-bands 0.316532594864 0.126041607922 0.453786158174
15.33/7.95	ionosphere 0.419047716385 0.204825277233 0.0433100749255
16.09/8.31	mfeat-karhunen 0.150506518987 0.0342586391743 0.795095405348
16.82/8.68	balance-scale 0.266527987634 0.0912515816264 0.313190019424
17.55/9.04	mfeat-morphological 0.446354736325 0.265263108504 -0.0985789018826
18.27/9.39	liver-disorders 0.275818466802 0.10487614228 0.391083512387
19.01/9.75	dermatology 0.212949620598 0.0582973461194 0.467037748263
19.75/10.11	vote 0.0809904867663 0.0102462615323 0.761158406339
20.49/10.47	breast-cancer 0.136809345776 0.0274600202981 0.399163750246
21.23/10.82	credit-g 0.620735063584 0.510406971378 -0.591473411295
22.04/11.20	soybean 0.127678515902 0.0257073492249 0.70944488404
22.75/11.56	arrhythmia 0.266702776902 0.0931428683152 0.293151029533
23.52/11.93	nursery 0.256429275727 0.0853848827289 0.645449400195
24.34/12.30	hepatitis 0.238288360479 0.0778889155387 0.434393587312
25.04/12.66	cmc 0.268147030217 0.098818372469 0.338400361544
25.78/13.02	heart-c 0.213268151094 0.0627087219023 0.802529224178
26.53/13.38	glass 0.366287129657 0.166908268625 0.270203154013
27.25/13.73	braziltourism 0.458477226593 0.272552393561 0.060440179187
27.99/14.09	iris 0.289940925436 0.106709685738 0.38171043647
28.72/14.45	heart-statlog 0.260324099431 0.0912639381314 0.71461623627
29.48/14.80	page-blocks 0.45605764278 0.279461482802 -0.00872665688796
30.20/15.16	breast-w 0.2112234043 0.0591571337057 0.579837868778
30.93/15.53	heart-h 0.154590837752 0.032544462925 0.659347409313
31.67/15.89	yeast 0.240229959809 0.0755927371111 0.681972075319
32.38/16.24	tae 0.380952884857 0.175827820324 0.15093884321
33.13/16.60	haberman 0.302109257099 0.119770111204 -0.0468653795835
33.88/16.95	mfeat-pixel 0.346474966179 0.149508901486 0.2226913554
34.62/17.32	optdigits 0.173381347687 0.0391429694307 0.767945806141
35.34/17.67	mfeat-factors 0.170659393941 0.0428115108467 0.752754958966
36.08/18.03	satimage 0.269697499114 0.0995214890709 0.434070377798
36.80/18.39	lymph 0.19679915581 0.0562290478859 0.572727259462
37.55/18.74	audiology 0.323179545337 0.131757232861 0.360701818036
38.34/19.10	ecoli 0.386441501434 0.197366172875 0.228185917145
39.04/19.46	tic-tac-toe 0.310788236246 0.149635156801 0.473501938551
39.78/19.81	spambase 0.23872007594 0.0680902083637 0.829678823385
40.53/20.18	zoo 0.0985616035212 0.0133688946702 0.821275376012
41.27/20.53	sonar 0.520362230898 0.336692806597 -0.244346392863
41.98/20.89	mfeat-zernike 0.267774590738 0.103051499563 0.429222235082
42.71/21.24	kr-vs-kp 0.163841522387 0.034449738498 0.747583606736
42.71/21.26	MAE 0.292510733383 0.119388625227
42.71/21.26	MSE 0.130646261956 0.130646261956
42.71/21.26	Mean tau 0.409161222522 0.323698021935
42.71/21.26	(0.0, '1_class_probability_max')
42.71/21.26	(1.0, '0_class_probability_max')
42.71/21.26	(2.263157894736842, '0_landmark_decision_tree')
42.71/21.26	(3.6666666666666665, '0_landmark_naive_bayes')
42.71/21.26	(3.7719298245614037, '1_landmark_naive_bayes')
42.71/21.26	(6.017543859649122, '1_landmark_decision_tree')
42.71/21.26	(6.43859649122807, '1_number_of_numeric_features')
42.71/21.26	(7.807017543859649, '0_number_of_numeric_features')
42.71/21.26	(8.526315789473685, '0_number_of_categorical_features')
42.71/21.26	(9.526315789473685, '0_landmark_lda')
42.71/21.26	(9.842105263157896, '1_number_of_categorical_features')
42.71/21.26	(10.035087719298245, '1_number_of_features')
42.71/21.26	(10.614035087719298, '0_number_of_features')
42.71/21.26	(11.491228070175438, '1_landmark_lda')
42.71/21.26	(14.350877192982455, '0_number_of_classes')
42.71/21.26	(14.649122807017545, '1_number_of_classes')
42.71/21.26	Result for ParamILS: SAT, 20.400529, 1, 0.292511, -1, /home/feurerm/thesis/Software/pyMetaLearn/optimizers/metalearn_optimizer/learn_distances.py
