0.77/2.74	['/home/feurerm/thesis/Software/pyMetaLearn/optimizers/metalearn_optimizer/learn_distances.py', '--input_file', '/home/feurerm/thesis/experiments/2014_04_25_predict_distances/testfold_0-3_pfahringer_spearman_rank_perm.pkl', '--fold', '0', '--folds', '1', '--params', '-max_features', '0.792018678219', '-min_samples_leaf', '7', '-min_samples_split', '4', '-n_estimators', '45', '-n_jobs', '4', '-seed', '55']
0.77/2.75	Metafeatures (57, 8)
0.77/2.75	X (3192, 16)
0.77/2.75	Y (3192,)
0.77/2.75	Dataset Mae MSE Rho
1.89/3.22	vehicle 0.355361991631 0.153313210745 0.339046780573
3.07/3.70	anneal.ORIG 0.46352716487 0.270756680751 -0.0200389898909
4.25/4.27	segment 0.219578938725 0.061184816043 0.776995672543
5.39/4.79	pendigits 0.282104405867 0.103017759161 0.691991570264
6.56/5.26	mushroom 0.187434983439 0.0444770047683 0.646095819224
7.74/5.74	labor 0.325469101472 0.149427877828 0.198450641823
8.89/6.40	abalone 0.271579652946 0.0937318375369 0.642540514566
10.09/6.99	diabetes 0.52538320158 0.344691811713 0.207823717739
11.25/7.51	car 0.370959509631 0.183910154827 0.25081058315
12.42/8.04	autos 0.234217735382 0.0705303242879 0.686820218034
13.57/8.52	mfeat-fourier 0.557204895581 0.407844626602 -0.452493320117
14.80/9.00	primary-tumor 0.211384423753 0.0572810250407 0.549456174427
15.91/9.59	waveform-5000 0.155977412758 0.035973316694 0.76051198731
17.08/10.08	credit-a 0.368664728225 0.190807752514 0.413061759364
18.23/10.58	letter 0.223485784617 0.0698602331175 0.638985209908
19.42/11.10	postoperative-patient-data 0.441958049464 0.255934632898 0.0103427044598
20.62/11.66	vowel 0.414722955712 0.21094086388 0.395285236073
21.81/12.26	eucalyptus 0.411448803818 0.23060328142 -0.0226246660058
23.00/12.76	cylinder-bands 0.348400661094 0.1483163707 0.30995792428
24.16/13.34	ionosphere 0.421798082684 0.206295350885 -0.0093730759167
25.35/13.83	mfeat-karhunen 0.169049529232 0.0410866514413 0.780874186716
26.51/14.42	balance-scale 0.258202363485 0.0888975016173 0.357469722892
27.73/15.00	mfeat-morphological 0.443702288943 0.258574401344 -0.121203567888
28.90/15.82	liver-disorders 0.305778117634 0.122044415934 0.354560837263
30.17/16.44	dermatology 0.214450376493 0.0589644660383 0.431484701683
31.30/17.15	vote 0.0791146723086 0.00996386291384 0.778288510601
32.51/17.73	breast-cancer 0.131340498536 0.0248196433311 0.408860035677
33.67/18.20	credit-g 0.688566485731 0.623366929124 -0.734655226161
34.88/18.70	soybean 0.125924714157 0.0251904245402 0.7220500551
36.04/19.17	arrhythmia 0.260241474713 0.0915680957006 0.36393391318
37.25/19.73	nursery 0.278662688177 0.0979361219905 0.577575402177
38.38/20.21	hepatitis 0.247413773086 0.0911149731823 0.434070377798
39.54/20.71	cmc 0.264566646294 0.0937352748696 0.336461104458
40.70/21.24	heart-c 0.238973722743 0.0766432434632 0.787661586517
41.86/21.84	glass 0.354775882828 0.151824503099 0.376862293754
43.02/22.32	braziltourism 0.463146666888 0.277456792409 0.103750254112
44.22/22.80	iris 0.29188508227 0.111933879563 0.336461104458
45.39/23.26	heart-statlog 0.236102720329 0.0754879143321 0.769561853713
46.59/24.07	page-blocks 0.42597274365 0.245175256592 0.0290888562932
47.84/24.60	breast-w 0.203857035055 0.0555186438249 0.633167438649
48.91/25.09	heart-h 0.157555321155 0.0347274535135 0.696193293951
50.08/25.67	yeast 0.301368989314 0.11171469606 0.623471153218
51.24/26.15	tae 0.381290715089 0.174892408246 0.160635128641
52.42/26.64	haberman 0.263196183218 0.0923037886993 0.0772470739342
53.63/27.41	mfeat-pixel 0.358752174782 0.161825994914 0.179704489989
54.77/28.23	optdigits 0.189376797481 0.0462994416345 0.753401377994
55.97/28.69	mfeat-factors 0.204504713492 0.0567255831523 0.742412254506
57.12/29.19	satimage 0.270801415011 0.100529415569 0.418556321108
58.34/29.67	lymph 0.218918997406 0.0723715009967 0.423727673338
59.48/30.45	audiology 0.310459047887 0.120869138925 0.38397290307
60.69/31.05	ecoli 0.409008717235 0.215212877191 0.132839110406
61.87/31.54	tic-tac-toe 0.307940644766 0.144238952169 0.479642919324
63.05/32.07	spambase 0.219905362237 0.0588646040983 0.857151632107
64.26/32.65	zoo 0.11590148068 0.0187780649122 0.798004290977
65.41/38.33	sonar 0.489054064876 0.297700980467 -0.0862969403365
66.60/38.84	mfeat-zernike 0.247378634273 0.0848563967981 0.483521433496
67.75/39.31	kr-vs-kp 0.180806960918 0.0420701492812 0.708475255497
67.75/39.33	MAE 0.299975617292 0.119850932626
67.75/39.33	MSE 0.135862866199 0.135862866199
67.75/39.33	Mean tau 0.396011039895 0.326877218191
67.75/39.33	(0.45614035087719296, '1_class_probability_max')
67.75/39.33	(0.543859649122807, '0_class_probability_max')
67.75/39.33	(2.754385964912281, '0_landmark_naive_bayes')
67.75/39.33	(3.192982456140351, '1_landmark_naive_bayes')
67.75/39.33	(5.368421052631579, '0_landmark_decision_tree')
67.75/39.33	(5.56140350877193, '1_landmark_decision_tree')
67.75/39.33	(6.456140350877193, '0_number_of_numeric_features')
67.75/39.33	(6.491228070175438, '1_number_of_numeric_features')
67.75/39.33	(7.754385964912281, '1_number_of_categorical_features')
67.75/39.33	(8.736842105263158, '0_number_of_categorical_features')
67.75/39.33	(9.75438596491228, '0_number_of_features')
67.75/39.33	(10.157894736842104, '1_number_of_features')
67.75/39.33	(11.543859649122806, '1_landmark_lda')
67.75/39.33	(12.24561403508772, '0_landmark_lda')
67.75/39.33	(14.421052631578947, '0_number_of_classes')
67.75/39.33	(14.56140350877193, '1_number_of_classes')
67.75/39.33	Result for ParamILS: SAT, 36.593006, 1, 0.299976, -1, /home/feurerm/thesis/Software/pyMetaLearn/optimizers/metalearn_optimizer/learn_distances.py
