0.79/1.07	['/home/feurerm/thesis/Software/pyMetaLearn/optimizers/metalearn_optimizer/learn_distances.py', '--input_file', '/home/feurerm/thesis/experiments/2014_04_25_predict_distances/testfold_0-3_pfahringer_spearman_rank_perm.pkl', '--fold', '0', '--folds', '1', '--params', '-max_features', '0.671156028095', '-min_samples_leaf', '4', '-min_samples_split', '7', '-n_estimators', '81', '-n_jobs', '4', '-seed', '31']
0.79/1.07	Metafeatures (57, 8)
0.79/1.07	X (3192, 16)
0.79/1.07	Y (3192,)
0.79/1.07	Dataset Mae MSE Rho
2.58/1.73	vehicle 0.333883221858 0.13354919934 0.433423958769
4.51/2.42	anneal.ORIG 0.481917157792 0.279414055388 0.24337676432
6.51/3.22	segment 0.168337488401 0.0359026503314 0.849717813276
8.36/4.02	pendigits 0.252939469265 0.0850656868814 0.733039178589
10.28/4.71	mushroom 0.173394100285 0.0381347091051 0.66872048523
12.18/5.40	labor 0.311112350227 0.135954343594 0.222044936372
14.07/6.11	abalone 0.224092558531 0.0647284382921 0.689082684635
16.04/6.89	diabetes 0.519884044927 0.334427123529 0.242083926262
18.05/7.61	car 0.359264750964 0.176129150635 0.305756200593
19.88/8.30	autos 0.195869470425 0.0502459250326 0.782167024773
21.79/9.01	mfeat-fourier 0.579695151409 0.436112747543 -0.472209100493
23.82/9.81	primary-tumor 0.208494441959 0.0555386144062 0.557859621801
25.74/10.50	waveform-5000 0.162711234009 0.0414950135547 0.748230025764
27.65/11.20	credit-a 0.351159860103 0.172246551288 0.480612547867
29.56/12.01	letter 0.230764473271 0.0743675046708 0.619592639045
31.42/12.71	postoperative-patient-data 0.444970102134 0.257942676146 0.0494510556985
33.33/13.41	vowel 0.420559553098 0.22342078196 0.376215874726
35.27/14.10	eucalyptus 0.423377534077 0.231772471731 -0.116678634687
37.28/14.80	cylinder-bands 0.324351602813 0.12915899813 0.436656053913
39.08/15.49	ionosphere 0.405359014051 0.197839431246 0.113123330029
41.01/16.19	mfeat-karhunen 0.134774354366 0.0283635503387 0.839051899302
42.94/16.89	balance-scale 0.225844018028 0.0733335542134 0.527154717936
44.89/17.59	mfeat-morphological 0.459684871995 0.282405694053 -0.175179556788
46.89/18.40	liver-disorders 0.254026448393 0.0859633344031 0.565293440631
48.69/19.09	dermatology 0.213007777846 0.0584528261712 0.472209100493
50.64/19.79	vote 0.0731038219071 0.00911881533108 0.785399119917
52.61/20.49	breast-cancer 0.162817822208 0.035501794859 0.355207256292
54.56/21.19	credit-g 0.652743454074 0.57350783197 -0.652236799997
56.58/21.92	soybean 0.122013294966 0.0242680365846 0.717848331414
58.41/22.64	arrhythmia 0.258626735398 0.0897062303226 0.271172782556
60.32/23.33	nursery 0.253089871188 0.0832640091498 0.656115314169
62.35/24.14	hepatitis 0.243952986541 0.0765629971903 0.45572541526
64.24/24.87	cmc 0.27465797236 0.101241117974 0.308988295737
66.19/25.66	heart-c 0.211919694786 0.061875475079 0.843576832503
68.11/28.10	glass 0.318870764257 0.121898007439 0.508731775617
70.04/28.79	braziltourism 0.465271161271 0.280786729786 0.0307049038651
72.08/29.50	iris 0.288084256041 0.106543870379 0.374923036668
74.03/30.30	heart-statlog 0.225953926977 0.0711074058951 0.825800309213
75.98/31.10	page-blocks 0.420471724973 0.236432479476 0.06658115996
77.94/31.91	breast-w 0.207806046563 0.0597224113981 0.592443039838
79.76/32.72	heart-h 0.151722744669 0.0316855347368 0.715262655299
81.74/33.52	yeast 0.255258429976 0.0822172321816 0.713646607727
83.65/34.23	tae 0.363052650909 0.157463702148 0.217843212685
85.57/35.04	haberman 0.262379863953 0.0884741093426 0.0972860638251
87.51/35.86	mfeat-pixel 0.350408013219 0.149658100817 0.225277031515
89.44/36.66	optdigits 0.158219817912 0.0332196641511 0.792509729233
91.40/37.46	mfeat-factors 0.186600426801 0.0485646230684 0.750169282851
93.30/38.15	satimage 0.249730728876 0.0861749468796 0.564000602574
95.21/38.96	lymph 0.22595468749 0.0745091408564 0.444736291772
97.19/39.87	audiology 0.298594898076 0.11452556452 0.472209100493
99.13/40.56	ecoli 0.409206047263 0.212247218795 0.112800120515
101.02/41.25	tic-tac-toe 0.283522613674 0.122190468876 0.617653381959
102.93/42.06	spambase 0.213614438332 0.0539392077345 0.872019269768
104.91/42.78	zoo 0.0956088543477 0.0130378553868 0.860706936765
106.85/43.57	sonar 0.488363776012 0.294512052357 -0.0623794362732
108.76/44.39	mfeat-zernike 0.254342770809 0.0912680157138 0.497419442614
110.74/45.09	kr-vs-kp 0.14569221466 0.0273373034775 0.782490234287
110.83/45.13	MAE 0.288265465977 0.123383888963
110.83/45.13	MSE 0.127974157647 0.127974157647
110.83/45.13	Mean tau 0.438691706819 0.333893687471
110.83/45.13	(0.017543859649122806, '1_class_probability_max')
110.83/45.13	(0.9824561403508771, '0_class_probability_max')
110.83/45.13	(3.0, '1_landmark_decision_tree')
110.83/45.13	(3.0701754385964914, '0_landmark_naive_bayes')
110.83/45.13	(3.473684210526316, '0_landmark_decision_tree')
110.83/45.13	(4.5964912280701755, '1_landmark_naive_bayes')
110.83/45.13	(7.0701754385964914, '0_number_of_numeric_features')
110.83/45.13	(7.5964912280701755, '1_number_of_numeric_features')
110.83/45.13	(8.350877192982455, '1_number_of_categorical_features')
110.83/45.13	(9.035087719298245, '0_number_of_categorical_features')
110.83/45.13	(10.105263157894736, '0_number_of_features')
110.83/45.13	(10.473684210526315, '1_number_of_features')
110.83/45.13	(11.543859649122806, '0_landmark_lda')
110.83/45.13	(11.68421052631579, '1_landmark_lda')
110.83/45.13	(14.385964912280702, '0_number_of_classes')
110.83/45.13	(14.614035087719298, '1_number_of_classes')
110.83/45.13	Result for ParamILS: SAT, 44.066697, 1, 0.288265, -1, /home/feurerm/thesis/Software/pyMetaLearn/optimizers/metalearn_optimizer/learn_distances.py
