0.69/0.88	['/home/feurerm/thesis/Software/pyMetaLearn/optimizers/metalearn_optimizer/learn_distances.py', '--input_file', '/home/feurerm/thesis/experiments/2014_04_25_predict_distances/testfold_0-3_pfahringer_spearman_rank_perm.pkl', '--fold', '0', '--folds', '1', '--params', '-max_features', '0.235060149256', '-min_samples_leaf', '10', '-min_samples_split', '9', '-n_estimators', '11', '-n_jobs', '4', '-seed', '36']
0.69/0.88	Metafeatures (57, 8)
0.69/0.88	X (3192, 16)
0.69/0.88	Y (3192,)
0.69/0.88	Dataset Mae MSE Rho
0.88/1.13	vehicle 0.357259601759 0.158423724065 0.394185711393
1.05/1.37	anneal.ORIG 0.298370157909 0.119670554811 0.511640661246
1.20/1.62	segment 0.319356157642 0.133723471644 0.57628256412
1.36/1.86	pendigits 0.373830517107 0.173032544782 0.482429007179
1.51/2.10	mushroom 0.223295925943 0.0645512237474 0.56194494404
1.66/2.34	labor 0.264046989917 0.102719646945 0.283131534587
1.81/2.59	abalone 0.365815789212 0.16909594764 0.424765641619
1.96/2.84	diabetes 0.474176548823 0.313803940322 -0.0182628066369
2.13/3.09	car 0.35222670247 0.170542644114 0.259156676415
2.28/3.33	autos 0.285934637531 0.103819339774 0.441701332201
2.44/3.57	mfeat-fourier 0.531851485031 0.369127655042 -0.364771279465
2.61/3.82	primary-tumor 0.235273871305 0.0707306762933 0.484892284954
2.78/4.07	waveform-5000 0.231590204423 0.0794856799278 0.620773807897
2.94/4.32	credit-a 0.379034914405 0.19824171763 0.326306253097
3.11/4.56	letter 0.264958487447 0.0988961450594 0.607085140762
3.25/4.82	postoperative-patient-data 0.413751232641 0.205805922225 -0.0551205250902
3.41/5.06	vowel 0.504100917384 0.31888963575 -0.0625460722875
3.57/5.31	eucalyptus 0.396009824125 0.207222879183 0.122021407176
3.73/5.56	cylinder-bands 0.384005418046 0.196311302417 0.201715190541
3.89/5.85	ionosphere 0.39543497683 0.186431980002 0.106182866907
4.05/6.10	mfeat-karhunen 0.251312649859 0.0820602520006 0.651913590482
4.22/6.35	balance-scale 0.255849154926 0.0931508687674 0.377246197694
4.39/6.60	mfeat-morphological 0.45753283676 0.270446816181 0.0496166516596
4.57/6.85	liver-disorders 0.27823650414 0.109473183019 0.353438618872
4.73/7.09	dermatology 0.19965861394 0.0499940272851 0.561414926459
4.87/7.34	vote 0.103476892754 0.0164898794566 0.743603303862
5.04/7.58	breast-cancer 0.249386479948 0.0841810944274 0.112513117958
5.19/7.83	credit-g 0.573657908662 0.439973719341 -0.442347803232
5.37/8.09	soybean 0.143253371548 0.0319431659109 0.687683559647
5.52/8.34	arrhythmia 0.280985934959 0.103904246477 0.113806372187
5.69/8.59	nursery 0.314187193043 0.124750380916 0.449907644002
5.86/8.84	hepatitis 0.442976218687 0.27200024203 -0.441772419565
6.04/9.09	cmc 0.339986510064 0.13853107028 0.181378905674
6.19/9.33	heart-c 0.315977568327 0.127741954736 0.601476462934
6.36/9.58	glass 0.358042581112 0.158530280819 0.34182155785
6.51/9.83	braziltourism 0.549938816282 0.373153268511 -0.136287634571
6.66/10.07	iris 0.338072861949 0.141212088776 0.254547968612
6.82/10.32	heart-statlog 0.34086030146 0.157110424277 0.45127308653
6.98/10.57	page-blocks 0.346113366194 0.166902614303 0.26881358717
7.14/10.82	breast-w 0.217728519543 0.0701825169643 0.468977005349
7.31/11.06	heart-h 0.216143081488 0.0607932532091 0.493540928442
7.45/11.31	yeast 0.357661092853 0.16154582653 0.456195429422
7.63/11.55	tae 0.30081725556 0.115399840062 0.2028302861
7.80/11.80	haberman 0.2857239602 0.110035301936 0.0779311135848
7.94/12.04	mfeat-pixel 0.317338618288 0.130645383593 0.287194755697
8.11/12.29	optdigits 0.277071038822 0.100196459119 0.589419962875
8.27/12.54	mfeat-factors 0.275319338772 0.103434207326 0.574343307034
8.43/12.79	satimage 0.280763955616 0.10715476029 0.361862159823
8.60/13.04	lymph 0.174789381961 0.0438533862409 0.688436265606
8.75/13.29	audiology 0.351126665012 0.161510409168 0.249598066275
8.94/13.54	ecoli 0.413870363764 0.226420054271 0.101487787512
9.08/13.79	tic-tac-toe 0.271790570022 0.111601406571 0.462711640721
9.24/14.04	spambase 0.240483485992 0.0798307841809 0.50226758533
9.42/14.29	zoo 0.147476231859 0.0306649432909 0.695764447539
9.56/14.54	sonar 0.526652478334 0.350368000418 -0.293151029533
9.73/14.79	mfeat-zernike 0.296752587004 0.114964589393 0.338320407665
9.90/15.04	kr-vs-kp 0.217811141093 0.0626692923959 0.593298789063
9.90/15.05	MAE 0.322090348961 0.101440095887
9.90/15.05	MSE 0.14953239691 0.14953239691
9.90/15.05	Mean tau 0.314641946375 0.286071744259
9.90/15.05	(0.017543859649122806, '1_landmark_decision_tree')
9.90/15.05	(1.5614035087719298, '0_class_probability_max')
9.90/15.05	(1.912280701754386, '0_landmark_naive_bayes')
9.90/15.05	(3.8421052631578947, '1_class_probability_max')
9.90/15.05	(5.4035087719298245, '0_landmark_lda')
9.90/15.05	(6.473684210526316, '0_number_of_numeric_features')
9.90/15.05	(6.7368421052631575, '1_landmark_naive_bayes')
9.90/15.05	(6.807017543859649, '0_landmark_decision_tree')
9.90/15.05	(9.24561403508772, '1_landmark_lda')
9.90/15.05	(9.385964912280702, '1_number_of_numeric_features')
9.90/15.05	(9.736842105263158, '0_number_of_classes')
9.90/15.05	(10.526315789473685, '0_number_of_features')
9.90/15.05	(11.491228070175438, '0_number_of_categorical_features')
9.90/15.05	(11.982456140350877, '1_number_of_categorical_features')
9.90/15.05	(12.0, '1_number_of_features')
9.90/15.05	(12.87719298245614, '1_number_of_classes')
9.90/15.05	Result for ParamILS: SAT, 14.170292, 1, 0.322090, -1, /home/feurerm/thesis/Software/pyMetaLearn/optimizers/metalearn_optimizer/learn_distances.py
