0.70/0.96	['/home/feurerm/thesis/Software/pyMetaLearn/optimizers/metalearn_optimizer/learn_distances.py', '--input_file', '/home/feurerm/thesis/experiments/2014_04_25_predict_distances/testfold_0-3_pfahringer_spearman_rank_perm.pkl', '--fold', '0', '--folds', '1', '--params', '-max_features', '0.2226177509', '-min_samples_leaf', '7', '-min_samples_split', '7', '-n_estimators', '39', '-n_jobs', '4', '-seed', '12']
0.70/0.97	Metafeatures (57, 8)
0.70/0.97	X (3192, 16)
0.70/0.97	Y (3192,)
0.70/0.97	Dataset Mae MSE Rho
1.08/1.31	vehicle 0.36831632404 0.170081986823 0.292827820018
1.48/1.57	anneal.ORIG 0.267032697798 0.0959135728204 0.558182831315
1.88/1.83	segment 0.279916919117 0.096632533146 0.663872342514
2.29/2.20	pendigits 0.337204610864 0.141069987778 0.607957096528
2.72/2.57	mushroom 0.206518970928 0.0527819421847 0.625410410304
3.13/2.84	labor 0.318646615414 0.140145448369 0.343571713774
3.56/3.11	abalone 0.331354537476 0.141889952469 0.499035490186
3.98/3.49	diabetes 0.457616849726 0.286217199474 0.0578545030721
4.39/3.76	car 0.343250865721 0.168824006515 0.418556321108
4.80/4.12	autos 0.254110313215 0.0841317148794 0.502590794844
5.21/4.49	mfeat-fourier 0.529727183857 0.361647370722 -0.366519589295
5.62/4.85	primary-tumor 0.238610635029 0.0701984436844 0.489985623783
6.04/5.22	waveform-5000 0.248225047959 0.0861547367579 0.638985209908
6.44/5.59	credit-a 0.387190756667 0.206036360522 0.326441609513
6.88/5.96	letter 0.244139336478 0.0839717806606 0.637045952821
7.30/6.33	postoperative-patient-data 0.402670286725 0.19769407157 -0.00678739980175
7.73/6.60	vowel 0.468718000863 0.273082184623 0.128314177205
8.14/6.97	eucalyptus 0.396199233045 0.208350462234 0.0494510556985
8.55/7.23	cylinder-bands 0.350261151247 0.162126329167 0.366519589295
8.96/7.50	ionosphere 0.412318210315 0.212558305187 0.0808023785923
9.36/7.87	mfeat-karhunen 0.198742472062 0.0549770188502 0.749199654307
9.79/8.25	balance-scale 0.242045000351 0.0853260369261 0.457018253318
10.19/8.51	mfeat-morphological 0.469491069902 0.292060882696 -0.198773851337
10.60/8.87	liver-disorders 0.302218767797 0.122252087951 0.398517331217
11.03/9.25	dermatology 0.190946340796 0.0467257846014 0.553657898114
11.47/9.62	vote 0.0773881344477 0.00959357204797 0.819336118926
11.95/10.00	breast-cancer 0.252030992407 0.0834820887596 0.0740149787905
12.31/10.37	credit-g 0.508119878863 0.344067147379 -0.468007376806
12.74/10.64	soybean 0.125256756664 0.0238102323727 0.777642091572
13.16/11.01	arrhythmia 0.281812738716 0.109235926103 0.158049452526
13.58/11.39	nursery 0.319271841931 0.123868951191 0.459927138947
14.00/11.65	hepatitis 0.415616070766 0.244182846845 -0.591150201781
14.42/12.02	cmc 0.321669816717 0.123197937958 0.269879944498
14.84/12.39	heart-c 0.290626011386 0.108503964062 0.737240902276
15.25/12.76	glass 0.36742360298 0.164004251454 0.28410116313
15.66/13.03	braziltourism 0.524433805216 0.350948988856 -0.210409393854
16.07/13.39	iris 0.314066637664 0.126126020034 0.262769335182
16.48/13.65	heart-statlog 0.2836063632 0.105951712359 0.709768093554
16.88/14.03	page-blocks 0.328457535716 0.152802932132 0.433100749255
17.29/14.39	breast-w 0.229564096174 0.0739228946719 0.493217718927
17.70/14.76	heart-h 0.204591577776 0.0535584401289 0.627996086419
18.12/15.13	yeast 0.339497029594 0.143501462418 0.547840126856
18.57/15.51	tae 0.310237431646 0.119156745899 0.150292424182
18.97/15.78	haberman 0.258461463336 0.0911116819541 0.171947461644
19.40/16.16	mfeat-pixel 0.330197907202 0.137130135783 0.226246660058
19.81/16.42	optdigits 0.236786912847 0.0702442265768 0.718494750442
20.24/16.79	mfeat-factors 0.236648870041 0.0757964813311 0.679709608718
20.71/17.20	satimage 0.290685811467 0.113433502597 0.359732189493
21.09/17.56	lymph 0.178872385036 0.046463054564 0.663549133
21.50/17.94	audiology 0.33418411276 0.141381314489 0.284747582159
21.93/18.23	ecoli 0.416659366939 0.222880648683 0.115062587115
22.37/18.60	tic-tac-toe 0.263400460461 0.105241038776 0.617976591474
22.78/18.97	spambase 0.221783330253 0.0671845726657 0.758572730224
23.21/19.34	zoo 0.149846773435 0.0288382549291 0.716555493356
23.62/19.61	sonar 0.504886467608 0.320278747492 -0.226246660058
24.07/19.98	mfeat-zernike 0.262738239356 0.0964729031354 0.48384464301
24.50/20.34	kr-vs-kp 0.208246858005 0.0551530690404 0.650297542911
24.50/20.36	MAE 0.309342832947 0.0994077101982
24.50/20.36	MSE 0.138111858725 0.138111858725
24.50/20.36	Mean tau 0.361926611985 0.327432576638
24.50/20.36	(0.6140350877192983, '1_landmark_decision_tree')
24.50/20.36	(0.6491228070175439, '1_class_probability_max')
24.50/20.36	(2.6140350877192984, '0_landmark_decision_tree')
24.50/20.36	(3.56140350877193, '0_landmark_naive_bayes')
24.50/20.36	(4.0701754385964914, '1_landmark_lda')
24.50/20.36	(4.368421052631579, '0_class_probability_max')
24.50/20.36	(5.228070175438597, '0_landmark_lda')
24.50/20.36	(7.350877192982456, '1_landmark_naive_bayes')
24.50/20.36	(8.736842105263158, '0_number_of_features')
24.50/20.36	(9.24561403508772, '1_number_of_categorical_features')
24.50/20.36	(10.68421052631579, '1_number_of_features')
24.50/20.36	(11.31578947368421, '0_number_of_categorical_features')
24.50/20.36	(11.87719298245614, '1_number_of_numeric_features')
24.50/20.36	(12.228070175438596, '0_number_of_numeric_features')
24.50/20.36	(13.105263157894736, '0_number_of_classes')
24.50/20.36	(14.350877192982455, '1_number_of_classes')
24.50/20.36	Result for ParamILS: SAT, 19.402042, 1, 0.309343, -1, /home/feurerm/thesis/Software/pyMetaLearn/optimizers/metalearn_optimizer/learn_distances.py
