0.69/1.79	['/home/feurerm/thesis/Software/pyMetaLearn/optimizers/metalearn_optimizer/learn_distances.py', '--input_file', '/home/feurerm/thesis/experiments/2014_04_25_predict_distances/testfold_0-3_pfahringer_spearman_rank_perm.pkl', '--fold', '0', '--folds', '1', '--params', '-max_features', '0.714009557667', '-min_samples_leaf', '6', '-min_samples_split', '4', '-n_estimators', '8', '-n_jobs', '4', '-seed', '77']
0.76/1.80	Metafeatures (57, 8)
0.76/1.80	X (3192, 16)
0.76/1.80	Y (3192,)
0.76/1.80	Dataset Mae MSE Rho
0.97/2.04	vehicle 0.339833875511 0.143493675421 0.407890407134
1.22/2.80	anneal.ORIG 0.407508259665 0.220810333269 0.154643489757
1.48/3.05	segment 0.193798393593 0.0513523804939 0.772495570106
1.72/3.38	pendigits 0.298118033174 0.114342301982 0.620562267589
1.97/3.74	mushroom 0.184745011337 0.04477881443 0.645553262035
2.22/4.27	labor 0.303451032537 0.127270386605 0.211481113213
2.47/4.51	abalone 0.263214189549 0.096908505032 0.60331909005
2.74/4.92	diabetes 0.527688932509 0.354881133941 0.142062009149
3.00/8.18	car 0.372494133779 0.199454810091 0.238101271137
3.25/10.70	autos 0.195213748223 0.0540719208306 0.647816092698
3.51/10.97	mfeat-fourier 0.625103561815 0.503723632446 -0.422570819457
3.75/11.22	primary-tumor 0.242084544307 0.0794514782097 0.44848927803
4.02/11.46	waveform-5000 0.183943907624 0.0537364868275 0.618933989943
4.25/11.71	credit-a 0.37935643739 0.206977512955 0.387851417243
4.50/11.96	letter 0.246973675963 0.0874965257809 0.504490201779
4.76/12.20	postoperative-patient-data 0.472403079901 0.306608132376 -0.079056528239
5.01/12.45	vowel 0.365220746465 0.167701818949 0.465496593555
5.30/12.70	eucalyptus 0.438639506143 0.251571244814 -0.0800007901352
5.53/13.12	cylinder-bands 0.343806694276 0.147673028253 0.31033106237
5.78/13.37	ionosphere 0.417981092213 0.209920436127 0.0468729208789
6.04/13.75	mfeat-karhunen 0.15190188414 0.0349460750243 0.778403714928
6.29/14.26	balance-scale 0.252748723928 0.0853052778207 0.384811881438
6.55/14.54	mfeat-morphological 0.482490210905 0.310480545061 -0.18408262619
6.79/14.79	liver-disorders 0.309234691553 0.130239617506 0.246325280756
7.05/15.04	dermatology 0.229576425976 0.0700196269703 0.405046688698
7.31/15.31	vote 0.0986348645872 0.0146682368215 0.715909074327
7.56/15.55	breast-cancer 0.161400645507 0.0421158810989 0.29393934543
7.82/15.82	credit-g 0.662060847823 0.570145493128 -0.551278172022
8.08/16.07	soybean 0.145516102933 0.0335383922532 0.646846308128
8.33/16.33	arrhythmia 0.284375953017 0.105758037077 0.434336806209
8.63/16.60	nursery 0.259888891014 0.0908664254877 0.595884673189
8.85/17.06	hepatitis 0.242419494754 0.0903083163482 0.472608347068
9.11/17.31	cmc 0.221594840232 0.0683171532293 0.368841398088
9.37/17.96	heart-c 0.208206058913 0.0597980068734 0.771749461396
9.61/18.21	glass 0.318595295999 0.127856966253 0.444610451842
9.88/22.28	braziltourism 0.430163315307 0.245311888601 0.138851997221
10.14/22.77	iris 0.315079336794 0.13152631392 0.224666758695
10.40/23.02	heart-statlog 0.261836232716 0.0944523303409 0.663009384293
10.65/23.26	page-blocks 0.485765869607 0.317388249821 -0.171882664929
10.91/23.51	breast-w 0.216739457183 0.0609829508429 0.521828081564
11.16/23.76	heart-h 0.13372335775 0.0284300086062 0.669690133281
11.42/24.01	yeast 0.26342286892 0.0936811534602 0.631098815822
11.68/24.28	tae 0.376486361697 0.172488359691 0.229658833903
11.92/25.07	haberman 0.30649949853 0.127618057011 -0.0438125136048
12.19/25.31	mfeat-pixel 0.384382026317 0.190000274872 0.114092958572
12.45/25.58	optdigits 0.187842631886 0.0512085431465 0.698139436553
12.71/25.85	mfeat-factors 0.199702707762 0.0589667480766 0.680032818232
12.97/26.10	satimage 0.286141916962 0.112818559349 0.368445455739
13.22/26.59	lymph 0.256717646363 0.1082376582 0.263275327536
13.48/26.87	audiology 0.264281547168 0.0967794791793 0.583163788038
13.75/27.13	ecoli 0.461722476944 0.281614131032 -0.16083554975
14.00/27.48	tic-tac-toe 0.293559204102 0.133167783048 0.41953310998
14.25/27.84	spambase 0.203273039003 0.0522017670702 0.776599164757
14.52/28.09	zoo 0.111512482253 0.0181940668881 0.792411866733
14.78/28.50	sonar 0.561083303292 0.404883892341 -0.310467712828
15.03/28.85	mfeat-zernike 0.218038758565 0.0737651709682 0.541021693481
15.29/29.17	kr-vs-kp 0.176342583752 0.0421194708827 0.690269443772
15.29/29.17	MAE 0.302184919476 0.125247350013
15.29/29.17	MSE 0.143025008195 0.143025008195
15.29/29.17	Mean tau 0.364693072968 0.323305229619
15.29/29.17	(0.05263157894736842, '1_class_probability_max')
15.29/29.17	(0.9473684210526315, '0_class_probability_max')
15.29/29.17	(3.7719298245614037, '0_landmark_decision_tree')
15.29/29.17	(4.421052631578948, '1_landmark_naive_bayes')
15.29/29.17	(4.578947368421052, '0_landmark_naive_bayes')
15.29/29.17	(5.526315789473684, '1_number_of_numeric_features')
15.29/29.17	(6.192982456140351, '0_number_of_numeric_features')
15.29/29.17	(7.105263157894737, '1_number_of_categorical_features')
15.29/29.17	(7.140350877192983, '0_number_of_categorical_features')
15.29/29.17	(9.350877192982455, '0_number_of_features')
15.29/29.17	(9.649122807017545, '1_number_of_features')
15.29/29.17	(10.456140350877194, '1_landmark_decision_tree')
15.29/29.17	(11.017543859649123, '0_landmark_lda')
15.29/29.17	(11.017543859649123, '1_landmark_lda')
15.29/29.17	(14.368421052631579, '0_number_of_classes')
15.29/29.17	(14.403508771929825, '1_number_of_classes')
15.29/29.17	Result for ParamILS: SAT, 27.381591, 1, 0.302185, -1, /home/feurerm/thesis/Software/pyMetaLearn/optimizers/metalearn_optimizer/learn_distances.py
