0.79/1.02	['/home/feurerm/thesis/Software/pyMetaLearn/optimizers/metalearn_optimizer/learn_distances.py', '--input_file', '/home/feurerm/thesis/experiments/2014_04_25_predict_distances/testfold_0-3_pfahringer_spearman_rank_perm.pkl', '--fold', '0', '--folds', '1', '--params', '-max_features', '0.799424857109', '-min_samples_leaf', '6', '-min_samples_split', '4', '-n_estimators', '1', '-n_jobs', '4', '-seed', '41']
0.79/1.03	Metafeatures (57, 8)
0.79/1.03	X (3192, 16)
0.79/1.03	Y (3192,)
0.79/1.03	Dataset Mae MSE Rho
0.79/1.07	vehicle 0.295703251704 0.130785706916 0.43210644785
0.89/1.11	anneal.ORIG 0.590668840268 0.488215928272 0.0565397744862
0.89/1.14	segment 0.284484784834 0.137977254101 0.416992531251
0.89/1.18	pendigits 0.245773339046 0.116490599516 0.622652925399
0.98/1.22	mushroom 0.254304683949 0.0993502749702 0.40844627058
0.98/1.26	labor 0.240918346002 0.0995691811177 0.42075015875
1.08/1.30	abalone 0.290275223841 0.144967924946 0.410833477168
1.08/1.34	diabetes 0.626499349264 0.498543097516 -0.0862054890807
1.08/1.38	car 0.606387996265 0.470332701972 0.0850804954027
1.17/1.41	autos 0.208530670154 0.0631478181318 0.569441477576
1.17/1.45	mfeat-fourier 0.568417116332 0.473869609048 -0.259448206338
1.17/1.49	primary-tumor 0.271147755448 0.119816394698 0.329033786359
1.28/1.53	waveform-5000 0.205661158421 0.0781174107433 0.526001620395
1.28/1.57	credit-a 0.382793650341 0.213162743386 0.405170779401
1.38/1.61	letter 0.319277046927 0.154938875386 0.384330300989
1.38/1.65	postoperative-patient-data 0.401507410658 0.214535395686 0.267138037196
1.38/1.68	vowel 0.505060397028 0.379598412642 0.0918880274569
1.47/1.72	eucalyptus 0.54741019328 0.459835272187 -0.172296438784
1.47/1.76	cylinder-bands 0.360258023338 0.193714529993 0.252236852081
1.57/1.80	ionosphere 0.369546057634 0.210556208419 0.187296545419
1.57/1.83	mfeat-karhunen 0.182762430682 0.076408156687 0.632249125372
1.57/1.87	balance-scale 0.276312161142 0.104037683708 0.387589978088
1.68/1.91	mfeat-morphological 0.287486679424 0.126961815304 0.496459588956
1.68/1.95	liver-disorders 0.453587858014 0.287538064562 0.0141624940009
1.68/1.99	dermatology 0.271539095521 0.102456545331 0.367194903403
1.78/2.02	vote 0.137087820445 0.0299434226607 0.653622327112
1.78/2.06	breast-cancer 0.221137934894 0.0746650410185 0.346737734301
1.88/2.10	credit-g 0.897598629779 1.04907401693 -0.526334495643
1.88/2.14	soybean 0.164095493913 0.0453002396293 0.611442289743
1.88/2.18	arrhythmia 0.320137816037 0.145560917749 0.473495019908
1.98/2.22	nursery 0.33783508809 0.190699075235 0.361046404006
1.98/2.26	hepatitis 0.290967324661 0.113760214557 0.433822500697
2.08/2.30	cmc 0.251573478223 0.0965067207797 0.310778620339
2.08/2.34	heart-c 0.236413241893 0.0964282963737 0.524573345904
2.08/2.37	glass 0.247165471359 0.107278256157 0.554566485689
2.17/2.41	braziltourism 0.755181357035 0.760523849835 -0.162821734593
2.17/2.45	iris 0.322439064938 0.141459438034 0.389795787398
2.17/2.49	heart-statlog 0.250359404374 0.138630848363 0.522355358247
2.27/2.53	page-blocks 0.53866689063 0.417490896672 -0.00580080462941
2.27/2.57	breast-w 0.375876679539 0.229410519759 0.28928905253
2.37/2.61	heart-h 0.282098384063 0.124485630328 0.432953045735
2.37/2.65	yeast 0.313806456259 0.151274873489 0.400384549964
2.37/2.69	tae 0.391764389357 0.193910188508 0.298440542394
2.47/2.73	haberman 0.310686772134 0.150060234097 0.0392294219725
2.47/2.77	mfeat-pixel 0.421530401531 0.236133973186 0.0715583876523
2.57/2.81	optdigits 0.162764863953 0.0440822820443 0.706290092003
2.57/2.85	mfeat-factors 0.208304664474 0.07692001458 0.62214244797
2.57/2.88	satimage 0.35961751249 0.193488786257 0.265144758058
2.67/2.93	lymph 0.403541178073 0.231989183485 0.172944870582
2.67/2.96	audiology 0.37793167841 0.219266384225 0.238669963712
2.77/3.01	ecoli 0.437454170748 0.348964573246 0.0688115745045
2.77/3.05	tic-tac-toe 0.426535629165 0.321606894103 0.201997273291
2.77/3.08	spambase 0.339487143705 0.189897522707 0.383372087711
2.87/3.12	zoo 0.181874042663 0.0560819474853 0.550609344968
2.87/3.16	sonar 0.541677934476 0.423443033351 -0.0947731386934
2.87/3.20	mfeat-zernike 0.350342383243 0.206146019988 0.272286358877
2.97/3.24	kr-vs-kp 0.18853844947 0.0573680798679 0.630792088414
2.97/3.24	MAE 0.352470267887 0.150011400392
2.97/3.24	MSE 0.215908403157 0.215908403157
2.97/3.24	Mean tau 0.303211702167 0.254266308974
2.97/3.24	(0.8421052631578947, '1_class_probability_max')
2.97/3.24	(1.9473684210526316, '0_class_probability_max')
2.97/3.24	(4.894736842105263, '0_landmark_decision_tree')
2.97/3.24	(5.0701754385964914, '0_landmark_naive_bayes')
2.97/3.24	(5.2105263157894735, '1_landmark_naive_bayes')
2.97/3.24	(6.614035087719298, '1_number_of_numeric_features')
2.97/3.24	(6.7368421052631575, '0_number_of_numeric_features')
2.97/3.24	(8.052631578947368, '1_number_of_categorical_features')
2.97/3.24	(8.456140350877194, '0_number_of_features')
2.97/3.24	(8.473684210526315, '1_landmark_decision_tree')
2.97/3.24	(8.614035087719298, '1_landmark_lda')
2.97/3.24	(9.526315789473685, '0_landmark_lda')
2.97/3.24	(9.596491228070175, '1_number_of_features')
2.97/3.24	(10.263157894736842, '0_number_of_categorical_features')
2.97/3.24	(12.719298245614034, '1_number_of_classes')
2.97/3.24	(12.982456140350877, '0_number_of_classes')
2.97/3.24	Result for ParamILS: SAT, 2.220115, 1, 0.352470, -1, /home/feurerm/thesis/Software/pyMetaLearn/optimizers/metalearn_optimizer/learn_distances.py
