0.70/1.00	['/home/feurerm/thesis/Software/pyMetaLearn/optimizers/metalearn_optimizer/learn_distances.py', '--input_file', '/home/feurerm/thesis/experiments/2014_04_25_predict_distances/testfold_0-3_pfahringer_spearman_rank_perm.pkl', '--fold', '0', '--folds', '1', '--params', '-max_features', '0.236687260232', '-min_samples_leaf', '3', '-min_samples_split', '3', '-n_estimators', '90', '-n_jobs', '4', '-seed', '36']
0.78/1.01	Metafeatures (57, 8)
0.78/1.01	X (3192, 16)
0.78/1.01	Y (3192,)
0.78/1.01	Dataset Mae MSE Rho
1.84/1.60	vehicle 0.347235678489 0.151223908193 0.390113883843
2.81/2.21	anneal.ORIG 0.282849735401 0.102989080732 0.634137067192
3.74/2.83	segment 0.216394142022 0.0601953765143 0.810932671552
4.78/3.44	pendigits 0.286032003547 0.102630762037 0.718171540928
5.80/4.06	mushroom 0.177523555738 0.0398321528997 0.675184675517
6.86/4.68	labor 0.333947620821 0.154721625677 0.250164164122
7.89/5.29	abalone 0.270477299271 0.0951723094711 0.600200068183
8.90/5.89	diabetes 0.482661292022 0.313298253203 0.0530063603565
9.91/6.48	car 0.337399741912 0.161350112487 0.526508298907
10.91/7.08	autos 0.234328237254 0.0720922792387 0.580484287807
12.01/7.68	mfeat-fourier 0.550697440668 0.392196070443 -0.409506454706
12.96/8.31	primary-tumor 0.235348214504 0.0670253920283 0.518751270562
14.03/8.94	waveform-5000 0.219178402392 0.0669327880477 0.665488390086
15.19/9.60	credit-a 0.361267208779 0.180434507605 0.43794889197
16.21/12.11	letter 0.227593392818 0.0742735395352 0.66872048523
17.17/12.85	postoperative-patient-data 0.399767732116 0.195958592218 0.0623794362732
18.21/13.47	vowel 0.456188753122 0.261915156114 0.18940077542
19.27/14.15	eucalyptus 0.393713540892 0.201385513136 0.0523599413278
20.30/14.76	cylinder-bands 0.350703665365 0.157812987245 0.314806066995
21.39/15.37	ionosphere 0.415187797148 0.210786687295 0.0601169696726
22.38/15.98	mfeat-karhunen 0.150585348505 0.0330453482317 0.835819804158
23.36/16.68	balance-scale 0.233833410599 0.0773997824372 0.536204584338
24.40/17.29	mfeat-morphological 0.47804852041 0.302286144084 -0.201036317938
25.43/17.91	liver-disorders 0.308423442602 0.123008769792 0.554950736172
26.48/18.52	dermatology 0.196641982446 0.0515713747255 0.532972489195
27.56/19.15	vote 0.0621046076692 0.00641426962748 0.844223251532
28.64/19.77	breast-cancer 0.259173216996 0.0854672728568 0.101164577998
29.55/20.38	credit-g 0.489762942656 0.32352137409 -0.383649693556
30.62/21.00	soybean 0.126002192283 0.0246811871677 0.758572730224
31.58/21.62	arrhythmia 0.283818636472 0.110582410956 0.135101577006
32.57/22.24	nursery 0.283941002816 0.0994185661454 0.574989726063
33.58/22.86	hepatitis 0.396244053514 0.227363047197 -0.452170110602
34.60/23.47	cmc 0.318864588399 0.12185078694 0.240791088205
35.62/25.14	heart-c 0.249057332689 0.0841984604069 0.829032404357
36.65/25.95	glass 0.339269126279 0.138272634306 0.482875014467
37.68/26.57	braziltourism 0.490896981186 0.312701393209 -0.0617330172445
38.74/27.18	iris 0.305379410499 0.119221976014 0.297999172248
39.74/27.79	heart-statlog 0.265899134777 0.0973091444951 0.812548719124
40.92/28.51	page-blocks 0.31996677907 0.145303274846 0.391729931415
41.85/29.13	breast-w 0.21635507688 0.0668171101557 0.502914004358
43.00/29.75	heart-h 0.183262613113 0.0449722909468 0.690698732207
43.96/30.36	yeast 0.301196275502 0.115298688475 0.621531896132
44.96/30.97	tae 0.310396877008 0.117848763978 0.182290166104
45.96/31.58	haberman 0.242445844 0.0806180340652 0.318361371654
46.96/32.18	mfeat-pixel 0.336966987505 0.13704085693 0.244992811892
48.01/32.82	optdigits 0.161537431797 0.0344270760557 0.800913176607
49.04/33.43	mfeat-factors 0.207577984605 0.0581634365585 0.748230025764
50.14/34.04	satimage 0.269713356379 0.0971500622629 0.440211358571
51.06/34.66	lymph 0.182638063195 0.0479058277741 0.680679237261
52.14/35.29	audiology 0.338462072957 0.151218969228 0.303816943507
53.14/35.91	ecoli 0.417614431498 0.221679677289 0.09987173994
54.18/36.55	tic-tac-toe 0.299982237034 0.135556099094 0.564000602574
55.22/37.18	spambase 0.205602009293 0.0579755926249 0.816750442811
56.23/37.80	zoo 0.111578042095 0.01654330776 0.786691957974
57.32/38.43	sonar 0.503749393355 0.318715835166 -0.149322795639
58.24/39.05	mfeat-zernike 0.263244951821 0.0948520057823 0.484491062039
59.31/39.77	kr-vs-kp 0.173643714916 0.0386079283545 0.716555493356
59.45/39.83	MAE 0.295831149598 0.105857798971
59.45/39.83	MSE 0.129495366213 0.129495366213
59.45/39.83	Mean tau 0.411990064658 0.334051385769
59.45/39.83	(0.8947368421052632, '0_landmark_decision_tree')
59.45/39.83	(0.9649122807017544, '1_class_probability_max')
59.45/39.83	(2.754385964912281, '0_landmark_naive_bayes')
59.45/39.83	(3.3157894736842106, '1_landmark_naive_bayes')
59.45/39.83	(3.807017543859649, '1_landmark_decision_tree')
59.45/39.83	(4.543859649122807, '0_class_probability_max')
59.45/39.83	(5.807017543859649, '0_landmark_lda')
59.45/39.83	(5.9298245614035086, '1_landmark_lda')
59.45/39.83	(8.631578947368421, '1_number_of_categorical_features')
59.45/39.83	(9.947368421052632, '0_number_of_features')
59.45/39.83	(10.543859649122806, '0_number_of_categorical_features')
59.45/39.83	(10.649122807017545, '0_number_of_numeric_features')
59.45/39.83	(11.508771929824562, '1_number_of_features')
59.45/39.83	(12.105263157894736, '1_number_of_numeric_features')
59.45/39.83	(14.087719298245615, '0_number_of_classes')
59.45/39.83	(14.508771929824562, '1_number_of_classes')
59.45/39.83	Result for ParamILS: SAT, 38.825429, 1, 0.295831, -1, /home/feurerm/thesis/Software/pyMetaLearn/optimizers/metalearn_optimizer/learn_distances.py
