0.71/0.98	['/home/feurerm/thesis/Software/pyMetaLearn/optimizers/metalearn_optimizer/learn_distances.py', '--input_file', '/home/feurerm/thesis/experiments/2014_04_25_predict_distances/testfold_0-3_pfahringer_spearman_rank_perm.pkl', '--fold', '0', '--folds', '1', '--params', '-max_features', '0.46667711937', '-min_samples_leaf', '10', '-min_samples_split', '8', '-n_estimators', '11', '-n_jobs', '4', '-seed', '32']
0.71/0.98	Metafeatures (57, 8)
0.71/0.98	X (3192, 16)
0.71/0.98	Y (3192,)
0.71/0.98	Dataset Mae MSE Rho
0.97/1.23	vehicle 0.359468632481 0.157638941652 0.365608782855
1.19/1.48	anneal.ORIG 0.335576019033 0.14667671851 0.447842806999
1.42/1.72	segment 0.259770635046 0.0860554382901 0.722916230858
1.65/1.97	pendigits 0.325774547992 0.139915088007 0.608603515557
1.88/3.09	mushroom 0.217047554664 0.0585960616171 0.597291182554
2.10/3.34	labor 0.270374899634 0.101909467022 0.302063589419
2.32/3.59	abalone 0.335529317328 0.146099111702 0.44908253116
2.56/3.84	diabetes 0.498918298397 0.320718965629 0.128011563228
2.79/4.09	car 0.394212300646 0.22458417106 0.186198637422
3.03/4.34	autos 0.254665877911 0.0811432985332 0.599973387249
3.26/4.59	mfeat-fourier 0.544075989173 0.389368090136 -0.397288412139
3.48/4.84	primary-tumor 0.245871171885 0.0778055444518 0.396188876821
3.70/5.08	waveform-5000 0.228340588725 0.0715635362569 0.662254519925
3.94/5.34	credit-a 0.364015870762 0.186757656612 0.426636558967
4.16/5.58	letter 0.25217288124 0.0916272092041 0.528209329076
4.38/5.84	postoperative-patient-data 0.400771492621 0.205672912581 0.136309582818
4.63/6.08	vowel 0.444737121786 0.248452908683 0.248526487296
4.85/6.33	eucalyptus 0.396230203033 0.207616372989 0.00307123160327
5.08/6.58	cylinder-bands 0.329291790193 0.139531063691 0.442939573571
5.32/6.82	ionosphere 0.439486086512 0.228649437345 -0.0730571042663
5.56/7.07	mfeat-karhunen 0.200242184863 0.0578953922789 0.70180076709
5.78/7.32	balance-scale 0.247483872189 0.0784103768912 0.392699559958
5.99/7.57	mfeat-morphological 0.461346482477 0.285665032947 -0.166385006785
6.22/7.82	liver-disorders 0.351172500775 0.157028619621 0.339991572365
6.45/8.07	dermatology 0.195272655491 0.049151333875 0.503883632901
6.70/8.33	vote 0.0838795049191 0.010776271325 0.780227767687
6.93/8.58	breast-cancer 0.169729779241 0.0426384350366 0.217301694311
7.15/8.83	credit-g 0.613509665625 0.51809694041 -0.383518939375
7.42/9.08	soybean 0.14069437889 0.0306798314431 0.678956200723
7.64/9.34	arrhythmia 0.271201737425 0.0946370092772 0.162251176213
7.87/9.59	nursery 0.311557680593 0.128703950218 0.474024883771
8.09/9.84	hepatitis 0.381613443437 0.214803225052 -0.274353636854
8.33/10.08	cmc 0.260193706131 0.0881769098592 0.292598769402
8.56/10.33	heart-c 0.290221060396 0.110715033664 0.703303903267
8.79/10.58	glass 0.360386296184 0.163847158245 0.269783449782
9.02/10.83	braziltourism 0.431886873606 0.244298402065 0.173795026292
9.26/11.08	iris 0.341050692081 0.151518780063 0.134153532171
9.49/11.33	heart-statlog 0.270285794736 0.0956191835614 0.62357147845
9.72/11.58	page-blocks 0.363902006707 0.187198715822 0.297736186974
9.96/11.83	breast-w 0.229038456248 0.0749067670771 0.498267547448
10.17/12.08	heart-h 0.21103567556 0.0619900219599 0.48844816171
10.41/12.32	yeast 0.343270295106 0.147348867934 0.45806157852
10.64/12.57	tae 0.346256531894 0.14755628844 0.154195746615
10.89/12.82	haberman 0.238252939773 0.0769375753049 0.206162180418
11.11/13.07	mfeat-pixel 0.337523731218 0.14428133108 0.206385876773
11.34/13.32	optdigits 0.248316719684 0.0809454725917 0.634460276706
11.59/13.57	mfeat-factors 0.24872487577 0.0860981736544 0.627238518211
11.81/13.82	satimage 0.27700894233 0.10280219062 0.391406721901
12.04/14.06	lymph 0.185465714091 0.0506091686029 0.533500218659
12.27/14.31	audiology 0.360724723514 0.186695779224 0.210221505568
12.49/14.56	ecoli 0.430194618254 0.239685893798 -0.0072727991032
12.73/14.81	tic-tac-toe 0.342179883271 0.166003987123 0.460273897538
12.98/15.06	spambase 0.235773406215 0.0740836099888 0.724105812197
13.20/15.31	zoo 0.139391290582 0.0279518277126 0.710091303069
13.43/15.55	sonar 0.478451858757 0.289327780479 -0.0295808096525
13.70/15.80	mfeat-zernike 0.249550956343 0.0879496069138 0.512813145654
13.90/16.05	kr-vs-kp 0.204364932141 0.0535598604215 0.666026780095
13.90/16.05	MAE 0.311359423607 0.103247769618
13.90/16.05	MSE 0.142438189448 0.142438189448
13.90/16.05	Mean tau 0.353473869327 0.281189629928
13.90/16.05	(0.14035087719298245, '0_class_probability_max')
13.90/16.05	(1.7719298245614035, '1_landmark_decision_tree')
13.90/16.05	(2.1403508771929824, '1_class_probability_max')
13.90/16.05	(2.9649122807017543, '1_landmark_naive_bayes')
13.90/16.05	(3.6842105263157894, '0_landmark_naive_bayes')
13.90/16.05	(5.649122807017544, '0_landmark_decision_tree')
13.90/16.05	(8.210526315789474, '0_number_of_numeric_features')
13.90/16.05	(8.421052631578947, '1_number_of_numeric_features')
13.90/16.05	(8.526315789473685, '1_landmark_lda')
13.90/16.05	(9.56140350877193, '0_number_of_features')
13.90/16.05	(9.596491228070175, '1_number_of_categorical_features')
13.90/16.05	(9.929824561403509, '0_landmark_lda')
13.90/16.05	(10.508771929824562, '1_number_of_features')
13.90/16.05	(11.649122807017545, '0_number_of_categorical_features')
13.90/16.05	(13.192982456140351, '1_number_of_classes')
13.90/16.05	(14.052631578947368, '0_number_of_classes')
13.90/16.05	Result for ParamILS: SAT, 15.075532, 1, 0.311359, -1, /home/feurerm/thesis/Software/pyMetaLearn/optimizers/metalearn_optimizer/learn_distances.py
