0.77/0.91	['/home/feurerm/thesis/Software/pyMetaLearn/optimizers/metalearn_optimizer/learn_distances.py', '--input_file', '/home/feurerm/thesis/experiments/2014_04_25_predict_distances/testfold_0-3_pfahringer_spearman_rank_perm.pkl', '--fold', '0', '--folds', '1', '--params', '-max_features', '0.571633065162', '-min_samples_leaf', '1', '-min_samples_split', '8', '-n_estimators', '65', '-n_jobs', '4', '-seed', '21']
0.77/0.91	Metafeatures (57, 8)
0.77/0.91	X (3192, 16)
0.77/0.91	Y (3192,)
0.77/0.91	Dataset Mae MSE Rho
2.11/1.56	vehicle 0.316327660916 0.121143513256 0.471562681464
3.72/2.25	anneal.ORIG 0.438054917971 0.229041996573 0.584039592465
5.17/2.83	segment 0.160797373175 0.0337189135076 0.859737308222
6.64/3.63	pendigits 0.256648540195 0.0876549203252 0.726251778787
8.15/4.68	mushroom 0.166282190736 0.0358674180821 0.697162922494
9.67/5.27	labor 0.31099506118 0.133060900419 0.234973316946
11.22/6.07	abalone 0.194200742868 0.047910573841 0.773117158371
12.76/6.76	diabetes 0.507080091661 0.326933498518 0.183259794647
14.32/7.47	car 0.340957429891 0.158716899436 0.339046780573
15.82/8.16	autos 0.21063485464 0.0584909980488 0.674861466003
17.39/8.75	mfeat-fourier 0.582482907009 0.443154889716 -0.470593052921
18.87/9.44	primary-tumor 0.227824859194 0.0636091909235 0.50453005193
20.37/10.03	waveform-5000 0.162545657667 0.0392435496565 0.767299387112
21.86/10.61	credit-a 0.354955649714 0.177758103625 0.482875014467
23.41/11.20	letter 0.22819554083 0.0735493993868 0.658054571255
24.80/11.78	postoperative-patient-data 0.434935285457 0.243896800575 0.0749846073336
26.25/12.37	vowel 0.411203308381 0.216473166849 0.402719054904
27.76/13.08	eucalyptus 0.432073981203 0.242743644177 -0.0846808927647
29.28/13.76	cylinder-bands 0.306600282838 0.117890877339 0.565293440631
30.81/14.45	ionosphere 0.39618489222 0.191038611348 0.192632870564
32.35/15.04	mfeat-karhunen 0.119207715327 0.0229040680232 0.844546461046
33.89/15.85	balance-scale 0.220116425529 0.0677338360404 0.546870498312
35.49/16.54	mfeat-morphological 0.488897319127 0.317652307235 -0.262122916153
36.94/17.25	liver-disorders 0.265717115701 0.0872908296951 0.634783486221
38.48/18.04	dermatology 0.213090672908 0.0575604803807 0.469300214864
40.06/18.73	vote 0.0746284916323 0.00972981479202 0.767622596626
41.55/19.42	breast-cancer 0.170370925948 0.0371352780413 0.364257122694
43.08/20.13	credit-g 0.578048636328 0.448638111843 -0.589210944695
44.60/20.72	soybean 0.130781279458 0.0278899244663 0.711384141126
46.08/21.40	arrhythmia 0.257584808246 0.0913333446404 0.208470136768
47.63/21.99	nursery 0.242183085215 0.0764278834933 0.661609875913
49.09/22.57	hepatitis 0.261844657708 0.0916366973253 0.334521847372
50.59/23.17	cmc 0.295148922534 0.11473362964 0.266971058869
52.06/23.85	heart-c 0.193499322648 0.0513472728467 0.860060517736
53.56/24.43	glass 0.360113448491 0.156785024992 0.329027285628
55.05/25.11	braziltourism 0.460620610509 0.273025538612 0.0488046366697
56.66/25.80	iris 0.28420109286 0.101107656576 0.386558579185
58.07/26.38	heart-statlog 0.232762667023 0.0733812018904 0.840021527845
59.56/27.08	page-blocks 0.362839130913 0.183134070969 0.228185917145
61.10/27.66	breast-w 0.210910392245 0.0605926328301 0.518428061048
62.58/28.34	heart-h 0.145686007509 0.0289325617403 0.734332016646
64.12/28.93	yeast 0.233917931033 0.068086709235 0.769885063227
65.67/29.61	tae 0.383578161694 0.176338469795 0.132839110406
67.16/30.31	haberman 0.281122870641 0.104107602307 0.0614098077301
68.67/30.91	mfeat-pixel 0.357649381467 0.154887209519 0.216873584142
70.26/31.50	optdigits 0.133855736661 0.0244150795713 0.815134395239
71.66/32.19	mfeat-factors 0.164124608424 0.0425686230483 0.766006549055
73.18/32.78	satimage 0.24168465333 0.081904302601 0.558182831315
74.73/33.49	lymph 0.201483997606 0.0600582682682 0.513579918332
76.23/34.07	audiology 0.31940993313 0.140208561471 0.398194121703
77.73/34.76	ecoli 0.391430988338 0.199013314218 0.191986451535
79.25/35.45	tic-tac-toe 0.353142530663 0.180842904782 0.489985623783
80.74/36.03	spambase 0.214281307985 0.0533355964407 0.855212375021
82.21/36.61	zoo 0.0871058734247 0.0103567640842 0.843900042018
83.67/37.19	sonar 0.494868293815 0.306550483039 -0.069166836075
85.24/37.99	mfeat-zernike 0.245812396613 0.0860397564028 0.498712280671
86.78/38.58	kr-vs-kp 0.14740640656 0.0281898737837 0.75534063508
86.90/38.62	MAE 0.28522998293 0.120435785992
86.90/38.62	MSE 0.125224097373 0.125224097373
86.90/38.62	Mean tau 0.444554840816 0.331683756189
86.90/38.62	(0.42105263157894735, '1_class_probability_max')
86.90/38.62	(0.5789473684210527, '0_class_probability_max')
86.90/38.62	(2.6140350877192984, '1_landmark_decision_tree')
86.90/38.62	(2.8771929824561404, '0_landmark_decision_tree')
86.90/38.62	(4.087719298245614, '0_landmark_naive_bayes')
86.90/38.62	(4.421052631578948, '1_landmark_naive_bayes')
86.90/38.62	(7.4035087719298245, '1_number_of_numeric_features')
86.90/38.62	(7.824561403508772, '0_number_of_numeric_features')
86.90/38.62	(8.070175438596491, '1_landmark_lda')
86.90/38.62	(9.473684210526315, '0_landmark_lda')
86.90/38.62	(10.157894736842104, '0_number_of_categorical_features')
86.90/38.62	(10.929824561403509, '0_number_of_features')
86.90/38.62	(10.982456140350877, '1_number_of_categorical_features')
86.90/38.62	(11.157894736842104, '1_number_of_features')
86.90/38.62	(14.491228070175438, '1_number_of_classes')
86.90/38.62	(14.508771929824562, '0_number_of_classes')
86.90/38.62	Result for ParamILS: SAT, 37.712494, 1, 0.285230, -1, /home/feurerm/thesis/Software/pyMetaLearn/optimizers/metalearn_optimizer/learn_distances.py
