0.68/0.89	['/home/feurerm/thesis/Software/pyMetaLearn/optimizers/metalearn_optimizer/learn_distances.py', '--input_file', '/home/feurerm/thesis/experiments/2014_04_25_predict_distances/testfold_0-3_pfahringer_spearman_rank_perm.pkl', '--fold', '0', '--folds', '1', '--params', '-max_features', '0.458005386084', '-min_samples_leaf', '5', '-min_samples_split', '2', '-n_estimators', '98', '-n_jobs', '4', '-seed', '10']
0.77/0.90	Metafeatures (57, 8)
0.77/0.90	X (3192, 16)
0.77/0.90	Y (3192,)
0.77/0.90	Dataset Mae MSE Rho
2.28/1.65	vehicle 0.349868547838 0.149366674908 0.371044522496
3.97/2.46	anneal.ORIG 0.385489271945 0.182080269353 0.508085356588
5.75/3.27	segment 0.203039725237 0.0523153770633 0.825800309213
7.40/4.09	pendigits 0.28547114896 0.102443438142 0.703950322296
9.09/4.90	mushroom 0.177468993508 0.0389769075508 0.698778970066
10.78/5.75	labor 0.297331323846 0.126565785188 0.259860449553
12.54/6.56	abalone 0.257489465847 0.0848724625834 0.654176057083
14.17/7.38	diabetes 0.512687424727 0.330494177806 0.223014564915
16.03/8.20	car 0.347405385809 0.16269163716 0.391406721901
17.67/9.00	autos 0.216743407838 0.0614816174001 0.650943961939
19.34/9.80	mfeat-fourier 0.543957668162 0.387275827949 -0.364580332208
20.94/10.62	primary-tumor 0.21655009998 0.0577281095104 0.570141583347
22.61/11.44	waveform-5000 0.186591708221 0.0487611343229 0.752108539937
24.36/12.24	credit-a 0.370388428296 0.193187720414 0.44829159643
26.05/13.04	letter 0.231672555088 0.077754997116 0.66872048523
27.73/13.86	postoperative-patient-data 0.42437350542 0.232096818118 0.0216550374627
29.38/14.67	vowel 0.430021105276 0.227554697309 0.347773437461
31.17/15.49	eucalyptus 0.422448466993 0.233317323507 -0.0701364646181
32.84/16.32	cylinder-bands 0.31540554659 0.123156157613 0.526508298907
34.56/17.13	ionosphere 0.406075103016 0.199541615827 0.119264310802
36.26/17.93	mfeat-karhunen 0.162353325047 0.0381034624829 0.815457604753
38.13/18.73	balance-scale 0.24214593857 0.0821504095819 0.434393587312
39.73/19.54	mfeat-morphological 0.481102804934 0.309091796283 -0.25081058315
41.37/20.34	liver-disorders 0.269101024356 0.0964322025343 0.548486545884
43.04/21.14	dermatology 0.200917313749 0.0524635021617 0.512287080275
44.81/21.95	vote 0.0705128434474 0.00808662139604 0.80188280515
46.42/22.77	breast-cancer 0.169981380755 0.0369619268029 0.347773437461
48.10/23.57	credit-g 0.589041708912 0.460090382884 -0.650620752425
49.79/24.40	soybean 0.124970117277 0.0245686932356 0.732069550046
51.61/25.24	arrhythmia 0.270576493326 0.100657212171 0.245316021406
53.21/26.04	nursery 0.267060397993 0.091263260399 0.610219563129
54.93/26.87	hepatitis 0.281579378217 0.105510685744 0.138010462636
56.61/27.68	cmc 0.295370177116 0.110107680347 0.252103421208
58.48/28.50	heart-c 0.240396007951 0.0775680237904 0.802852433693
60.04/29.32	glass 0.342824312933 0.140884251472 0.460250348462
61.72/30.13	braziltourism 0.447705550103 0.261472368457 0.0588241316152
63.42/30.97	iris 0.306470128299 0.121583147927 0.310604343309
65.10/31.78	heart-statlog 0.254265327851 0.0866402027587 0.805761319322
66.83/32.60	page-blocks 0.35691681942 0.17463592915 0.318038162139
68.48/33.43	breast-w 0.212537760587 0.0606555140407 0.492894509413
70.16/34.25	heart-h 0.176024403111 0.0404006293632 0.679063189689
71.84/35.07	yeast 0.276276464479 0.0957998265356 0.666458018629
73.52/35.88	tae 0.357010354785 0.15577122664 0.169038576015
75.31/36.70	haberman 0.261287688139 0.0861872817924 0.0659347409313
76.92/37.52	mfeat-pixel 0.338907859996 0.139778895138 0.251457002179
78.56/38.33	optdigits 0.170300085802 0.0376988911261 0.778288510601
80.26/39.15	mfeat-factors 0.197181615471 0.0531365916943 0.744674721106
81.95/39.97	satimage 0.261544086823 0.0941984011619 0.457664672347
83.71/40.79	lymph 0.198707962125 0.0592050252601 0.529740394051
85.34/41.60	audiology 0.323279279568 0.135632316229 0.368135636866
87.02/42.41	ecoli 0.399846700982 0.205049119491 0.160635128641
88.69/43.23	tic-tac-toe 0.274807637416 0.117097198109 0.604078582356
90.52/44.06	spambase 0.211020918575 0.0565931311313 0.8862404884
92.17/44.88	zoo 0.100056560045 0.0139633281168 0.831294870957
93.88/45.69	sonar 0.517393690082 0.335472422236 -0.195218546679
95.57/46.49	mfeat-zernike 0.257166759057 0.0904904059565 0.500974747272
97.33/47.31	kr-vs-kp 0.171860001142 0.0374921316895 0.731746340532
97.39/47.36	MAE 0.292262802825 0.111849999172
97.39/47.36	MSE 0.127448365686 0.127448365686
97.39/47.36	Mean tau 0.42671594376 0.325557946989
97.39/47.36	(0.14035087719298245, '0_class_probability_max')
97.39/47.36	(0.8596491228070176, '1_class_probability_max')
97.39/47.36	(2.43859649122807, '1_landmark_decision_tree')
97.39/47.36	(2.736842105263158, '0_landmark_decision_tree')
97.39/47.36	(4.052631578947368, '0_landmark_naive_bayes')
97.39/47.36	(4.842105263157895, '1_landmark_naive_bayes')
97.39/47.36	(6.0, '1_landmark_lda')
97.39/47.36	(8.666666666666666, '0_landmark_lda')
97.39/47.36	(8.807017543859649, '1_number_of_numeric_features')
97.39/47.36	(8.964912280701755, '0_number_of_numeric_features')
97.39/47.36	(9.210526315789474, '1_number_of_categorical_features')
97.39/47.36	(11.298245614035087, '1_number_of_features')
97.39/47.36	(11.43859649122807, '0_number_of_features')
97.39/47.36	(11.543859649122806, '0_number_of_categorical_features')
97.39/47.36	(14.403508771929825, '1_number_of_classes')
97.39/47.36	(14.596491228070175, '0_number_of_classes')
97.39/47.36	Result for ParamILS: SAT, 46.466407, 1, 0.292263, -1, /home/feurerm/thesis/Software/pyMetaLearn/optimizers/metalearn_optimizer/learn_distances.py
