0.67/0.87	['/home/feurerm/thesis/Software/pyMetaLearn/optimizers/metalearn_optimizer/learn_distances.py', '--input_file', '/home/feurerm/thesis/experiments/2014_04_25_predict_distances/testfold_0-3_pfahringer_spearman_rank_perm.pkl', '--fold', '0', '--folds', '1', '--params', '-max_features', '0.489939281651', '-min_samples_leaf', '9', '-min_samples_split', '7', '-n_estimators', '30', '-n_jobs', '4', '-seed', '39']
0.67/0.87	Metafeatures (57, 8)
0.67/0.87	X (3192, 16)
0.67/0.87	Y (3192,)
0.67/0.87	Dataset Mae MSE Rho
1.18/1.22	vehicle 0.339183150499 0.144917825458 0.438595310999
1.68/1.58	anneal.ORIG 0.39518232248 0.192440398203 0.529740394051
2.21/1.94	segment 0.255677883876 0.0814345484434 0.749522863822
2.73/2.31	pendigits 0.326857688096 0.133364506944 0.580484287807
3.24/2.66	mushroom 0.201272444827 0.0507204637134 0.640601257479
3.78/3.03	labor 0.300424163032 0.124732207153 0.306079410107
4.29/3.39	abalone 0.301971560928 0.114622723461 0.572727259462
4.82/3.75	diabetes 0.502145590524 0.3249772743 0.178734861446
5.33/4.11	car 0.36682674608 0.183360282735 0.261799706639
5.85/4.47	autos 0.224320813098 0.0651337433767 0.626380038847
6.37/4.83	mfeat-fourier 0.54982317165 0.397998814133 -0.448614805944
6.88/5.19	primary-tumor 0.228881062663 0.0657271292661 0.479966128838
7.40/5.55	waveform-5000 0.225162880136 0.0714267992342 0.695223665408
7.92/5.91	credit-a 0.38127786932 0.201527965585 0.362317865608
8.43/6.27	letter 0.265441889456 0.0951573962068 0.622824734189
8.96/6.64	postoperative-patient-data 0.412867995461 0.220850169294 0.0100211072224
9.51/7.00	vowel 0.463874887295 0.26604707252 0.186168680277
9.98/7.37	eucalyptus 0.41086217949 0.222381105521 -0.0287656467788
10.49/7.73	cylinder-bands 0.324705499895 0.127129645914 0.434070377798
10.99/8.09	ionosphere 0.408103558838 0.20577202582 0.14350502438
11.52/8.46	mfeat-karhunen 0.194396537349 0.0532114912145 0.741765835477
12.05/8.82	balance-scale 0.254948092631 0.0883164448876 0.37653908424
12.55/9.18	mfeat-morphological 0.452829429343 0.268057175352 -0.178411651932
13.07/9.55	liver-disorders 0.262380766376 0.0898680729082 0.569495164318
13.58/9.92	dermatology 0.183829096967 0.0438467649712 0.564647021603
14.10/10.28	vote 0.0810290376441 0.0103291777129 0.789924053118
14.60/10.64	breast-cancer 0.180839281917 0.0456726189759 0.177442023389
15.12/11.00	credit-g 0.60917841989 0.491331611846 -0.624440781761
15.64/11.36	soybean 0.118979629713 0.0221339400875 0.769885063227
16.14/11.72	arrhythmia 0.275264718539 0.106231174141 0.289595724875
16.67/12.09	nursery 0.301429165836 0.116201162786 0.502914004358
17.20/12.45	hepatitis 0.309526117848 0.136109681607 -0.144474652923
17.72/12.82	cmc 0.269519294192 0.0890938013665 0.31739174311
18.24/13.18	heart-c 0.267148953894 0.0948956264635 0.73756411179
18.75/13.55	glass 0.36560014523 0.161028217157 0.266971058869
19.28/13.91	braziltourism 0.437383638533 0.249509814839 0.113769749058
19.79/14.28	iris 0.326032991312 0.133998652141 0.299938429334
20.33/14.64	heart-statlog 0.280328321797 0.108362144417 0.736271273733
20.84/15.00	page-blocks 0.345491464486 0.161533914289 0.428252606539
21.38/15.37	breast-w 0.199730419993 0.0563482714367 0.546224079284
21.89/15.74	heart-h 0.204240576061 0.0524761421961 0.553981107629
22.46/16.10	yeast 0.335033823779 0.139657018799 0.55850604083
22.91/16.46	tae 0.3669497273 0.169680505509 0.0242407135777
23.42/16.82	haberman 0.266117095735 0.0905745403409 0.0745057863683
23.94/17.18	mfeat-pixel 0.335285397276 0.139623603894 0.237235783547
24.46/17.54	optdigits 0.225172703625 0.0661087919044 0.711707350641
24.97/17.89	mfeat-factors 0.227903038622 0.0727818808666 0.69166836075
25.48/18.25	satimage 0.279739357729 0.105113704415 0.366519589295
26.01/18.62	lymph 0.199170647059 0.0589994013245 0.533295698709
26.51/18.97	audiology 0.337022750167 0.15029694051 0.239175040633
27.03/19.33	ecoli 0.413110752889 0.221795803397 0.113123330029
27.55/19.70	tic-tac-toe 0.268768698334 0.106320888124 0.589210944695
28.07/20.06	spambase 0.202942806734 0.0535794248711 0.80705415738
28.60/20.42	zoo 0.135658002498 0.02526552378 0.741765835477
29.11/20.78	sonar 0.480778162223 0.288629064207 -0.0449261224973
29.63/21.15	mfeat-zernike 0.265526433036 0.0977502514521 0.493540928442
30.14/21.51	kr-vs-kp 0.202822150804 0.0528090942416 0.666781228143
30.14/21.52	MAE 0.304332824649 0.10535096409
30.14/21.52	MSE 0.135215165539 0.135215165539
30.14/21.52	Mean tau 0.385614600614 0.310600309147
30.14/21.52	(0.21052631578947367, '0_class_probability_max')
30.14/21.52	(0.8947368421052632, '1_class_probability_max')
30.14/21.52	(2.175438596491228, '1_landmark_decision_tree')
30.14/21.52	(2.8421052631578947, '0_landmark_decision_tree')
30.14/21.52	(4.473684210526316, '0_landmark_naive_bayes')
30.14/21.52	(4.666666666666667, '1_landmark_naive_bayes')
30.14/21.52	(7.245614035087719, '1_landmark_lda')
30.14/21.52	(7.719298245614035, '0_landmark_lda')
30.14/21.52	(8.68421052631579, '1_number_of_numeric_features')
30.14/21.52	(9.105263157894736, '0_number_of_numeric_features')
30.14/21.52	(9.578947368421053, '0_number_of_features')
30.14/21.52	(9.75438596491228, '1_number_of_categorical_features')
30.14/21.52	(11.807017543859649, '0_number_of_categorical_features')
30.14/21.52	(11.964912280701755, '1_number_of_features')
30.14/21.52	(14.350877192982455, '1_number_of_classes')
30.14/21.52	(14.526315789473685, '0_number_of_classes')
30.14/21.52	Result for ParamILS: SAT, 20.655405, 1, 0.304333, -1, /home/feurerm/thesis/Software/pyMetaLearn/optimizers/metalearn_optimizer/learn_distances.py
