0.68/0.89	['/home/feurerm/thesis/Software/pyMetaLearn/optimizers/metalearn_optimizer/learn_distances.py', '--input_file', '/home/feurerm/thesis/experiments/2014_04_25_predict_distances/testfold_0-3_pfahringer_spearman_rank_perm.pkl', '--fold', '0', '--folds', '1', '--params', '-max_features', '0.678889037453', '-min_samples_leaf', '4', '-min_samples_split', '5', '-n_estimators', '85', '-n_jobs', '4', '-seed', '75']
0.68/0.90	Metafeatures (57, 8)
0.68/0.90	X (3192, 16)
0.68/0.90	Y (3192,)
0.68/0.90	Dataset Mae MSE Rho
2.57/1.64	vehicle 0.341634174135 0.139075799983 0.36619637978
4.73/2.55	anneal.ORIG 0.493425724277 0.290998962424 0.293151029533
6.73/3.34	segment 0.177825222696 0.0415278637503 0.83517338513
8.72/4.14	pendigits 0.264308785777 0.0907381322106 0.714293026756
10.78/4.96	mushroom 0.1729072916 0.0374007741934 0.686820218034
12.79/5.77	labor 0.309267093577 0.135263100468 0.257274773438
14.82/6.57	abalone 0.232699757917 0.068509558637 0.705243160353
16.87/7.48	diabetes 0.538347833679 0.357169420346 0.221075307828
18.89/8.40	car 0.361158076803 0.181579949596 0.326118399998
21.05/9.20	autos 0.203658387671 0.0557704030271 0.685850589491
23.01/10.12	mfeat-fourier 0.573131268072 0.425144519001 -0.454432577203
25.09/10.93	primary-tumor 0.21733474748 0.0606197540188 0.549456174427
27.03/11.84	waveform-5000 0.156463058215 0.0360194023072 0.786691957974
29.09/12.74	credit-a 0.359357607996 0.181106592891 0.459927138947
31.10/13.56	letter 0.225756854563 0.0719687194573 0.661609875913
33.18/14.46	postoperative-patient-data 0.445504412034 0.2633065579 0.0197157803765
35.19/15.27	vowel 0.405159599489 0.201075246077 0.416617064022
37.20/15.97	eucalyptus 0.447833155597 0.263898083607 -0.126374920118
39.18/16.67	cylinder-bands 0.328594747801 0.129665837159 0.454109367689
41.19/17.47	ionosphere 0.415265816543 0.20956010423 0.0782167024773
43.23/18.39	mfeat-karhunen 0.144075962286 0.0320728592873 0.818689699897
45.31/19.30	balance-scale 0.240948331101 0.0791599898983 0.449261224973
47.30/20.22	mfeat-morphological 0.469006954657 0.289893098869 -0.186168680277
49.34/21.13	liver-disorders 0.270426935357 0.0959925758488 0.492571299898
51.43/22.04	dermatology 0.210285780966 0.0566821168422 0.474471567094
53.37/22.86	vote 0.0770111334421 0.00979918998708 0.766329758569
55.45/23.78	breast-cancer 0.137923952789 0.0263050800035 0.402719054904
57.53/24.58	credit-g 0.657191460715 0.579504350326 -0.683911332405
59.60/25.51	soybean 0.119046361446 0.0238575534297 0.72495894073
61.69/26.40	arrhythmia 0.270504128733 0.0991158429345 0.229155545688
63.60/27.31	nursery 0.244265592144 0.0765492479786 0.667427647172
65.69/28.23	hepatitis 0.232357546303 0.0718987314021 0.495480185528
67.76/29.04	cmc 0.279273141499 0.103410933288 0.286040420217
69.76/30.33	heart-c 0.203929557671 0.0584731423694 0.848424975219
71.82/31.16	glass 0.335717700057 0.13549360544 0.436656053913
73.88/31.97	braziltourism 0.439720655894 0.251610315102 0.0471885890979
75.89/32.87	iris 0.284268882221 0.103640358449 0.382033645984
77.89/33.77	heart-statlog 0.216862865549 0.0654553623434 0.8300020329
79.95/34.67	page-blocks 0.410941158362 0.229688690148 0.0433100749255
82.05/35.57	breast-w 0.209362116523 0.059264807876 0.553981107629
84.13/36.37	heart-h 0.141603472471 0.0287178466647 0.713969817241
86.08/37.09	yeast 0.265063363934 0.0876337003918 0.671952580373
88.08/37.88	tae 0.380164530765 0.172823375208 0.179381280475
90.22/38.60	haberman 0.276816309726 0.098269024229 0.0374923036668
92.14/39.49	mfeat-pixel 0.359118233819 0.156648422048 0.202005946481
94.20/40.31	optdigits 0.153147114536 0.0303400739735 0.813195138153
96.38/41.22	mfeat-factors 0.189225364575 0.0501051222107 0.748230025764
98.46/42.14	satimage 0.261633422211 0.0933404889795 0.473178729036
100.48/43.05	lymph 0.216131077835 0.0691987897077 0.471562681464
102.47/43.85	audiology 0.295387610317 0.115285667647 0.480289338352
104.50/44.65	ecoli 0.392659796555 0.197469747879 0.194248918136
106.51/45.45	tic-tac-toe 0.314269194887 0.148542797547 0.469300214864
108.57/46.36	spambase 0.226356310055 0.0611109193687 0.884624440828
110.68/47.27	zoo 0.0984183595817 0.0134239891859 0.84260720396
112.65/48.19	sonar 0.490207586625 0.300270013821 -0.0442797034686
114.71/49.11	mfeat-zernike 0.251353027398 0.0892765857451 0.457341462832
116.78/49.95	kr-vs-kp 0.163756735575 0.0341657844816 0.743705092563
116.94/50.00	MAE 0.291194128851 0.124264584249
116.94/50.00	MSE 0.13043664881 0.13043664881
116.94/50.00	Mean tau 0.427265966969 0.33269613712
116.94/50.00	(0.0, '1_class_probability_max')
116.94/50.00	(1.0, '0_class_probability_max')
116.94/50.00	(2.7719298245614037, '0_landmark_naive_bayes')
116.94/50.00	(3.263157894736842, '1_landmark_naive_bayes')
116.94/50.00	(3.3684210526315788, '0_landmark_decision_tree')
116.94/50.00	(5.035087719298246, '1_landmark_decision_tree')
116.94/50.00	(7.017543859649122, '0_number_of_numeric_features')
116.94/50.00	(7.12280701754386, '1_number_of_numeric_features')
116.94/50.00	(9.526315789473685, '0_number_of_categorical_features')
116.94/50.00	(9.824561403508772, '0_number_of_features')
116.94/50.00	(9.964912280701755, '1_number_of_categorical_features')
116.94/50.00	(10.052631578947368, '0_landmark_lda')
116.94/50.00	(10.175438596491228, '1_number_of_features')
116.94/50.00	(11.87719298245614, '1_landmark_lda')
116.94/50.00	(14.210526315789474, '0_number_of_classes')
116.94/50.00	(14.789473684210526, '1_number_of_classes')
116.94/50.00	Result for ParamILS: SAT, 49.111080, 1, 0.291194, -1, /home/feurerm/thesis/Software/pyMetaLearn/optimizers/metalearn_optimizer/learn_distances.py
