0.68/0.88	['/home/feurerm/thesis/Software/pyMetaLearn/optimizers/metalearn_optimizer/learn_distances.py', '--input_file', '/home/feurerm/thesis/experiments/2014_04_25_predict_distances/testfold_0-3_pfahringer_spearman_rank_perm.pkl', '--fold', '0', '--folds', '1', '--params', '-max_features', '0.803289646171', '-min_samples_leaf', '7', '-min_samples_split', '9', '-n_estimators', '48', '-n_jobs', '4', '-seed', '83']
0.68/0.88	Metafeatures (57, 8)
0.68/0.88	X (3192, 16)
0.68/0.88	Y (3192,)
0.68/0.88	Dataset Mae MSE Rho
1.86/1.43	vehicle 0.34462020649 0.143740355335 0.385912160157
3.16/2.02	anneal.ORIG 0.475677962556 0.279571819486 0.075307816848
4.50/2.50	segment 0.205649073586 0.0543225065611 0.812225509609
5.67/3.07	pendigits 0.275206004881 0.0978720824809 0.688113056092
6.91/3.65	mushroom 0.191012241863 0.0456668607833 0.644479771652
8.17/4.23	labor 0.321029836713 0.145111555261 0.209762974826
9.43/4.80	abalone 0.259715301441 0.0856675000201 0.651267171454
10.70/5.39	diabetes 0.507226149791 0.330338347547 0.15901908107
11.94/5.96	car 0.36985231279 0.180216991347 0.231741221803
13.23/6.53	autos 0.219278364743 0.0624218076854 0.709121674526
14.46/7.11	mfeat-fourier 0.559443362595 0.408253391471 -0.415647435479
15.71/7.68	primary-tumor 0.220756904503 0.0611565840402 0.541699146083
16.97/8.27	waveform-5000 0.174523862003 0.0450192125215 0.738533740333
18.20/8.84	credit-a 0.373818902874 0.198540790895 0.405627940533
19.44/9.42	letter 0.243687642127 0.0831707974057 0.599876858669
20.77/10.00	postoperative-patient-data 0.429554655092 0.239723338194 0.0555920364715
21.93/10.58	vowel 0.416068453063 0.215231764143 0.370074893953
23.19/11.23	eucalyptus 0.4423962857 0.260986973946 -0.137687253121
24.41/11.81	cylinder-bands 0.335705096145 0.139251504283 0.415324225964
25.66/12.39	ionosphere 0.415855399566 0.202095904552 0.0371690941524
26.91/12.97	mfeat-karhunen 0.169747169023 0.0405982366972 0.775379624971
28.17/13.54	balance-scale 0.249719623169 0.0871765577569 0.375246246182
29.40/14.12	mfeat-morphological 0.44953312277 0.265956854246 -0.134455157978
30.70/14.70	liver-disorders 0.286631719389 0.107283302978 0.42017236868
31.89/15.28	dermatology 0.202977400778 0.0529207002576 0.490955252327
33.17/15.87	vote 0.081024732064 0.010457614064 0.774409996428
34.47/16.45	breast-cancer 0.139394955983 0.0271286671632 0.365226751237
35.70/17.02	credit-g 0.6931148795 0.632307600563 -0.725282150244
36.94/17.60	soybean 0.131573607539 0.027997443237 0.667750856686
38.16/18.17	arrhythmia 0.257288880535 0.0891412834417 0.388174626757
39.40/18.75	nursery 0.261248083574 0.0858787588791 0.626056829333
40.67/19.33	hepatitis 0.241815995938 0.0826222724969 0.428899025568
41.89/19.80	cmc 0.260750326418 0.0888413851844 0.329996914171
43.13/20.38	heart-c 0.237019335495 0.0770337636387 0.783136653316
44.37/20.95	glass 0.365098031789 0.15986847444 0.318684581168
45.60/21.52	braziltourism 0.443812055679 0.25328937431 0.104396673141
46.91/22.10	iris 0.295817091646 0.112488677558 0.307695457679
48.06/22.67	heart-statlog 0.23033186484 0.0717708217073 0.797357871948
49.31/23.24	page-blocks 0.408477777018 0.223495700427 0.117001844202
50.55/23.83	breast-w 0.219191667441 0.0642530435386 0.533295698709
51.77/24.40	heart-h 0.156605012621 0.0340328824488 0.667750856686
53.03/24.97	yeast 0.269307294302 0.0946070788729 0.630581762534
54.27/25.55	tae 0.363410832506 0.158854158478 0.17905807096
55.52/26.13	haberman 0.283575740772 0.105666828855 0.000969628543107
56.78/26.69	mfeat-pixel 0.376973071961 0.177348740324 0.140596138751
58.01/27.26	optdigits 0.19496934626 0.0495293483744 0.746290768678
59.25/27.94	mfeat-factors 0.198520608765 0.0535243563632 0.739180159362
60.59/28.52	satimage 0.277852542189 0.106109818615 0.328380866599
61.87/29.00	lymph 0.216442965071 0.0711040183394 0.424697301881
63.05/29.58	audiology 0.315208882874 0.122392771246 0.360378608521
64.29/30.16	ecoli 0.376953058952 0.183741802632 0.277960182357
65.60/30.73	tic-tac-toe 0.28111745087 0.120331826317 0.679602671754
66.82/31.31	spambase 0.221074675079 0.0580645131404 0.849071394247
68.07/31.89	zoo 0.109295980297 0.0173316158984 0.844223251532
69.33/32.47	sonar 0.51312412148 0.328788145186 -0.165160061843
70.56/33.05	mfeat-zernike 0.228892869132 0.0764397577568 0.584362801979
71.79/33.72	kr-vs-kp 0.186129483613 0.0445343602718 0.712030560155
71.79/33.75	MAE 0.297808776769 0.119578223475
71.79/33.75	MSE 0.134057414801 0.134057414801
71.79/33.75	Mean tau 0.402133133554 0.3282675091
71.79/33.75	(0.3333333333333333, '1_class_probability_max')
71.79/33.75	(0.6666666666666666, '0_class_probability_max')
71.79/33.75	(2.719298245614035, '0_landmark_naive_bayes')
71.79/33.75	(3.3684210526315788, '1_landmark_naive_bayes')
71.79/33.75	(4.315789473684211, '1_landmark_decision_tree')
71.79/33.75	(4.473684210526316, '0_landmark_decision_tree')
71.79/33.75	(6.684210526315789, '1_number_of_numeric_features')
71.79/33.75	(7.333333333333333, '0_number_of_numeric_features')
71.79/33.75	(8.298245614035087, '0_number_of_categorical_features')
71.79/33.75	(9.526315789473685, '1_number_of_categorical_features')
71.79/33.75	(9.771929824561404, '0_number_of_features')
71.79/33.75	(9.912280701754385, '1_number_of_features')
71.79/33.75	(11.649122807017545, '0_landmark_lda')
71.79/33.75	(11.947368421052632, '1_landmark_lda')
71.79/33.75	(14.473684210526315, '0_number_of_classes')
71.79/33.75	(14.526315789473685, '1_number_of_classes')
71.79/33.75	Result for ParamILS: SAT, 32.868481, 1, 0.297809, -1, /home/feurerm/thesis/Software/pyMetaLearn/optimizers/metalearn_optimizer/learn_distances.py
