0.70/0.98	['/home/feurerm/thesis/Software/pyMetaLearn/optimizers/metalearn_optimizer/learn_distances.py', '--input_file', '/home/feurerm/thesis/experiments/2014_04_25_predict_distances/testfold_0-3_pfahringer_spearman_rank_perm.pkl', '--fold', '0', '--folds', '1', '--params', '-max_features', '0.189686627104', '-min_samples_leaf', '2', '-min_samples_split', '8', '-n_estimators', '67', '-n_jobs', '4', '-seed', '17']
0.70/0.98	Metafeatures (57, 8)
0.70/0.98	X (3192, 16)
0.70/0.98	Y (3192,)
0.70/0.98	Dataset Mae MSE Rho
1.40/1.44	vehicle 0.336960106887 0.138706485224 0.427929397025
2.20/2.04	anneal.ORIG 0.247391466803 0.0811257970457 0.650620752425
2.96/2.52	segment 0.216154474296 0.0584438870395 0.800266757578
3.72/2.91	pendigits 0.29150311662 0.107373454997 0.665165180572
4.51/3.59	mushroom 0.172239060944 0.0380041155748 0.68649700852
5.25/4.54	labor 0.320675113233 0.140790557934 0.358116141921
6.02/5.02	abalone 0.27712017464 0.0983409828815 0.610865982158
6.80/5.62	diabetes 0.486667087548 0.31576741144 0.0720757217043
7.61/6.00	car 0.314283316927 0.132847995146 0.548486545884
8.27/6.50	autos 0.208852141673 0.0592189942054 0.64286372408
9.02/6.99	mfeat-fourier 0.552865230856 0.39474881487 -0.45055406303
9.81/7.38	primary-tumor 0.221139840824 0.0598528906768 0.580161078292
10.56/7.77	waveform-5000 0.219939886668 0.0669343840071 0.664195552028
11.30/8.17	credit-a 0.387648168937 0.211592618255 0.352621580177
12.07/8.56	letter 0.232713994762 0.0754806175495 0.66872048523
12.80/9.05	postoperative-patient-data 0.411257646522 0.204996021844 -0.0885594069371
13.56/9.54	vowel 0.434029988191 0.236343439838 0.32256309534
14.32/9.93	eucalyptus 0.399897096714 0.207657962926 -0.0126051710604
15.10/10.43	cylinder-bands 0.350102860225 0.159253258761 0.35585367532
15.94/11.02	ionosphere 0.426287533109 0.220737090435 0.0452493320117
16.64/11.51	mfeat-karhunen 0.15149858835 0.0330342600633 0.828062775814
17.43/11.91	balance-scale 0.222905781482 0.0712446554471 0.533942117738
18.16/12.39	mfeat-morphological 0.4922948274 0.318249057137 -0.229155545688
18.92/12.88	liver-disorders 0.32165223706 0.132199862914 0.4970962331
19.69/13.27	dermatology 0.194442692076 0.0497172274613 0.538143841424
20.46/13.86	vote 0.0698568158038 0.0076192551947 0.810286252523
21.38/15.60	breast-cancer 0.240115167742 0.073156764948 0.159342290584
22.01/16.08	credit-g 0.502377116331 0.335544088241 -0.373953408125
22.78/16.48	soybean 0.125325146556 0.0238088015024 0.748876444793
23.51/16.99	arrhythmia 0.272217942643 0.105218975265 0.166776109414
24.27/17.48	nursery 0.291638106738 0.10305513718 0.553011479085
25.08/17.86	hepatitis 0.39951459374 0.231232801942 -0.529417184537
25.81/18.35	cmc 0.336898503935 0.134084876754 0.231094802774
26.59/18.84	heart-c 0.25296935713 0.0859255850697 0.816750442811
27.36/19.22	glass 0.342494216665 0.146525253264 0.383326484042
28.11/19.61	braziltourism 0.469427941449 0.286689619756 -0.0268263896926
28.96/20.00	iris 0.303213906236 0.118627105245 0.294120658076
29.65/20.50	heart-statlog 0.276826914856 0.101486297769 0.795418614862
30.36/20.89	page-blocks 0.284815096017 0.112250370986 0.466391329235
31.10/21.28	breast-w 0.203293443904 0.0626989353976 0.536204584338
31.87/21.68	heart-h 0.190204350819 0.048190466026 0.662256294942
32.59/22.07	yeast 0.290377494899 0.10739500818 0.624763991275
33.32/22.45	tae 0.321191413739 0.126156009829 0.170331414072
34.09/22.94	haberman 0.254730421555 0.0890398589688 0.286686839245
34.87/23.33	mfeat-pixel 0.327897562702 0.130532728233 0.270526363527
35.62/23.82	optdigits 0.163698620507 0.0356032866477 0.787338377003
36.35/24.30	mfeat-factors 0.193069182265 0.0535341819745 0.760188777796
37.09/24.69	satimage 0.284767261997 0.108299853327 0.378155131812
37.81/25.07	lymph 0.208275779399 0.0626382204278 0.568202326261
38.56/25.57	audiology 0.342713180085 0.154889251503 0.259214030524
39.32/26.06	ecoli 0.408825375358 0.212902132759 0.124112453518
40.07/26.54	tic-tac-toe 0.275039294288 0.115033178401 0.59179662081
40.83/26.93	spambase 0.209959690653 0.0568754491542 0.816750442811
41.71/27.80	zoo 0.123545708399 0.0194298383638 0.761481615853
42.35/28.29	sonar 0.49302503615 0.305020267005 -0.111184072943
43.12/28.68	mfeat-zernike 0.265002801402 0.0971820368924 0.492248090384
43.88/29.07	kr-vs-kp 0.1738188316 0.0380694226261 0.718817959957
44.01/29.11	MAE 0.294520152777 0.105904596181
44.01/29.11	MSE 0.128094331623 0.128094331623
44.01/29.11	Mean tau 0.408100209801 0.336602070857
44.01/29.11	(0.14035087719298245, '0_landmark_decision_tree')
44.01/29.11	(1.4912280701754386, '1_landmark_decision_tree')
44.01/29.11	(1.6140350877192982, '0_landmark_lda')
44.01/29.11	(3.719298245614035, '1_class_probability_max')
44.01/29.11	(4.385964912280702, '1_landmark_naive_bayes')
44.01/29.11	(4.771929824561403, '0_landmark_naive_bayes')
44.01/29.11	(5.614035087719298, '0_class_probability_max')
44.01/29.11	(6.385964912280702, '1_landmark_lda')
44.01/29.11	(9.456140350877194, '0_number_of_features')
44.01/29.11	(9.508771929824562, '1_number_of_features')
44.01/29.11	(9.771929824561404, '0_number_of_numeric_features')
44.01/29.11	(11.12280701754386, '0_number_of_categorical_features')
44.01/29.11	(11.666666666666666, '1_number_of_categorical_features')
44.01/29.11	(11.701754385964913, '1_number_of_numeric_features')
44.01/29.11	(14.052631578947368, '0_number_of_classes')
44.01/29.11	(14.596491228070175, '1_number_of_classes')
44.01/29.11	Result for ParamILS: SAT, 28.129011, 1, 0.294520, -1, /home/feurerm/thesis/Software/pyMetaLearn/optimizers/metalearn_optimizer/learn_distances.py
