0.67/0.87	['/home/feurerm/thesis/Software/pyMetaLearn/optimizers/metalearn_optimizer/learn_distances.py', '--input_file', '/home/feurerm/thesis/experiments/2014_04_25_predict_distances/testfold_0-3_pfahringer_spearman_rank_perm.pkl', '--fold', '0', '--folds', '1', '--params', '-max_features', '0.269601904386', '-min_samples_leaf', '3', '-min_samples_split', '7', '-n_estimators', '91', '-n_jobs', '4', '-seed', '25']
0.67/0.88	Metafeatures (57, 8)
0.67/0.88	X (3192, 16)
0.67/0.88	Y (3192,)
0.67/0.88	Dataset Mae MSE Rho
1.68/1.43	vehicle 0.340753467094 0.143415761284 0.395285236073
2.95/2.15	anneal.ORIG 0.300087474862 0.113550228116 0.657731361741
4.01/2.75	segment 0.208932282506 0.0563840869913 0.80931662398
5.26/3.35	pendigits 0.284187749254 0.102033404 0.715585864813
6.39/4.09	mushroom 0.173984143014 0.0388551844132 0.672275789888
7.52/4.71	labor 0.305223195097 0.130205371404 0.262122916153
8.85/5.43	abalone 0.268327259502 0.0924669521489 0.615714124873
9.98/6.15	diabetes 0.484546968689 0.310646231077 0.120233939345
11.19/6.86	car 0.33247689716 0.154922915626 0.598584020611
12.36/7.57	autos 0.216101919664 0.0608327603167 0.690375522692
13.58/8.28	mfeat-fourier 0.552490745409 0.393878375267 -0.406597569076
14.89/8.90	primary-tumor 0.216803065397 0.0574052928213 0.591473411295
16.05/9.50	waveform-5000 0.205459179035 0.0592782467401 0.702980693753
17.17/10.10	credit-a 0.366951507157 0.188439246604 0.444413082257
18.25/10.82	letter 0.242357173043 0.0793572888332 0.639954838451
19.49/11.56	postoperative-patient-data 0.401674769885 0.201760410601 0.0310281133794
20.72/12.16	vowel 0.444844116239 0.249103755575 0.253396259265
21.80/12.77	eucalyptus 0.378197234714 0.185447064534 0.0985789018826
22.98/13.38	cylinder-bands 0.341463036889 0.150119095486 0.344864551832
24.13/13.98	ionosphere 0.410356650837 0.207000497018 0.0992253209113
25.30/14.58	mfeat-karhunen 0.148891196086 0.0314902324884 0.831941289986
26.49/15.29	balance-scale 0.218870221518 0.0685442193433 0.550749012485
27.65/16.01	mfeat-morphological 0.478301880413 0.305110825149 -0.209116555797
28.82/16.72	liver-disorders 0.292502918245 0.111105900984 0.607310677499
30.02/17.42	dermatology 0.203724483142 0.0552563129933 0.508731775617
31.21/18.15	vote 0.062529370703 0.00687759028393 0.820628956983
32.42/18.75	breast-cancer 0.229375484456 0.0660627645334 0.241760716748
33.51/19.35	credit-g 0.530606441046 0.377066490173 -0.440211358571
34.70/19.95	soybean 0.118327813589 0.0220686372781 0.757926311195
35.90/20.55	arrhythmia 0.274767587718 0.104829642005 0.208470136768
37.04/23.40	nursery 0.286257892896 0.101441509384 0.557213202772
38.46/24.14	hepatitis 0.369357955189 0.193794671523 -0.411122502277
39.57/24.84	cmc 0.321862559921 0.123741553515 0.199097060851
40.82/25.59	heart-c 0.238149003209 0.0744968965443 0.834526966101
42.16/26.31	glass 0.343802300511 0.142299857576 0.438918520513
43.26/27.02	braziltourism 0.445903090157 0.259651244756 -0.0113123330029
44.47/27.74	iris 0.309150020241 0.123431964896 0.280545858472
45.70/28.47	heart-statlog 0.277755723688 0.106210064294 0.814164766696
46.93/29.21	page-blocks 0.311231060943 0.135424026837 0.447645177401
48.17/29.93	breast-w 0.213254453723 0.0642691184979 0.512287080275
49.37/30.64	heart-h 0.17339574432 0.0398107271307 0.669043694744
50.56/31.37	yeast 0.283578540645 0.101588403981 0.658054571255
51.78/32.09	tae 0.327735295674 0.132311027547 0.124758872546
52.98/32.81	haberman 0.24748246473 0.0827192520811 0.181643747075
54.14/33.51	mfeat-pixel 0.324749045527 0.126311186309 0.276020925271
55.44/34.12	optdigits 0.154629952038 0.0313790339963 0.808346995437
56.55/34.86	mfeat-factors 0.193771008832 0.0529456067988 0.730776711988
57.80/35.58	satimage 0.260597928146 0.0930916144391 0.460250348462
59.13/36.34	lymph 0.178057999673 0.0463397585772 0.664195552028
60.24/37.06	audiology 0.344776944388 0.161266095741 0.281192277501
61.39/37.67	ecoli 0.403923344279 0.207175815873 0.15384772884
62.75/38.30	tic-tac-toe 0.298929031671 0.129711945223 0.653529638054
63.96/38.90	spambase 0.219069478456 0.0624057671973 0.874604945883
65.13/39.61	zoo 0.109975791901 0.015842196397 0.794125776805
66.19/40.21	sonar 0.505666734259 0.319380240595 -0.140596138751
67.33/40.82	mfeat-zernike 0.270694156484 0.100036231386 0.462512815062
68.52/41.53	kr-vs-kp 0.166205758527 0.0354065091692 0.730453502474
68.52/41.58	MAE 0.291457535305 0.106715436677
68.52/41.58	MSE 0.126070124638 0.126070124638
68.52/41.58	Mean tau 0.425604556658 0.334082520653
68.52/41.58	(0.07017543859649122, '0_landmark_decision_tree')
68.52/41.58	(1.8596491228070176, '1_landmark_decision_tree')
68.52/41.58	(1.9473684210526316, '1_class_probability_max')
68.52/41.58	(2.56140350877193, '0_landmark_naive_bayes')
68.52/41.58	(3.6491228070175437, '0_class_probability_max')
68.52/41.58	(5.280701754385965, '1_landmark_naive_bayes')
68.52/41.58	(6.333333333333333, '0_landmark_lda')
68.52/41.58	(6.4035087719298245, '1_landmark_lda')
68.52/41.58	(9.157894736842104, '0_number_of_categorical_features')
68.52/41.58	(9.947368421052632, '1_number_of_categorical_features')
68.52/41.58	(10.333333333333334, '1_number_of_features')
68.52/41.58	(10.824561403508772, '0_number_of_features')
68.52/41.58	(11.491228070175438, '1_number_of_numeric_features')
68.52/41.58	(11.666666666666666, '0_number_of_numeric_features')
68.52/41.58	(13.543859649122806, '0_number_of_classes')
68.52/41.58	(14.929824561403509, '1_number_of_classes')
68.52/41.58	Result for ParamILS: SAT, 40.714961, 1, 0.291458, -1, /home/feurerm/thesis/Software/pyMetaLearn/optimizers/metalearn_optimizer/learn_distances.py
