0.76/1.22	['/home/feurerm/thesis/Software/pyMetaLearn/optimizers/metalearn_optimizer/learn_distances.py', '--input_file', '/home/feurerm/thesis/experiments/2014_04_25_predict_distances/testfold_0-3_pfahringer_spearman_rank_perm.pkl', '--fold', '0', '--folds', '1', '--params', '-max_features', '0.710876540422', '-min_samples_leaf', '4', '-min_samples_split', '2', '-n_estimators', '14', '-n_jobs', '4', '-seed', '92']
0.76/1.22	Metafeatures (57, 8)
0.76/1.22	X (3192, 16)
0.76/1.22	Y (3192,)
0.76/1.22	Dataset Mae MSE Rho
1.15/1.46	vehicle 0.34990524904 0.149872788594 0.340986037659
1.56/1.81	anneal.ORIG 0.462405405139 0.264605276831 0.241114297719
1.98/2.16	segment 0.171933947544 0.0409377161843 0.797357871948
2.40/2.41	pendigits 0.264776718953 0.0929226850211 0.645772609709
2.80/2.66	mushroom 0.181459819551 0.0429205132851 0.651590380968
3.24/2.91	labor 0.34666282807 0.173710562162 0.130597655414
3.66/3.26	abalone 0.224659530098 0.0708634693573 0.704919950839
4.09/3.61	diabetes 0.506868335595 0.331587951147 0.144151443409
4.52/3.97	car 0.361012869406 0.181081149072 0.345187761346
4.95/4.32	autos 0.222619438091 0.0617237192619 0.658700990284
5.37/4.68	mfeat-fourier 0.606451020638 0.479850909923 -0.476610767896
5.77/5.03	primary-tumor 0.207569574236 0.0596289898932 0.534265327252
6.19/5.38	waveform-5000 0.155203925166 0.0391635728728 0.741442625963
6.61/5.74	credit-a 0.35616030368 0.176198148442 0.485137481068
7.03/6.09	letter 0.224853899674 0.0755368053582 0.485137481068
7.44/6.44	postoperative-patient-data 0.438069704421 0.2509663277 0.126698129633
7.89/6.80	vowel 0.400931585548 0.204451604945 0.399163750246
8.29/7.15	eucalyptus 0.481714589851 0.316295401103 -0.179381280475
8.71/7.50	cylinder-bands 0.358847469552 0.161783818243 0.22560024103
9.12/7.75	ionosphere 0.414861505994 0.210746768102 0.0562384555002
9.55/8.11	mfeat-karhunen 0.142134027886 0.033874781648 0.764067291968
9.97/8.46	balance-scale 0.244609344233 0.0824691493889 0.416617064022
10.40/8.71	mfeat-morphological 0.499973721073 0.34152500163 -0.264385382754
10.81/9.07	liver-disorders 0.270762231728 0.0972391225546 0.430064853636
11.23/9.42	dermatology 0.208234040025 0.0581276712556 0.461219977005
11.68/9.77	vote 0.0842360999263 0.0118872828712 0.759865568282
12.10/10.03	breast-cancer 0.12593004208 0.0247612889884 0.396901283645
12.53/10.38	credit-g 0.674759683416 0.612504357398 -0.447968386916
12.94/10.73	soybean 0.108373892895 0.0183094935919 0.762774453911
13.35/11.08	arrhythmia 0.267404626194 0.0946308844188 0.415324225964
13.78/11.46	nursery 0.242295955942 0.0746748381434 0.653529638054
14.21/11.81	hepatitis 0.24277538248 0.0815226042313 0.410799292763
14.62/12.06	cmc 0.287921356993 0.115213639676 0.238528621604
15.04/12.41	heart-c 0.220903862344 0.0678117013416 0.787886569513
15.47/12.67	glass 0.361467348486 0.1682837982 0.249517745093
15.90/12.92	braziltourism 0.423835777809 0.236616246896 0.0782167024773
16.34/13.28	iris 0.28276477124 0.104482648758 0.350359113576
16.76/13.63	heart-statlog 0.214775249356 0.0652096578944 0.754047797023
17.19/13.98	page-blocks 0.484614039718 0.318064963569 -0.0321619338119
17.61/14.33	breast-w 0.25388212624 0.0882273977912 0.426636558967
18.03/14.59	heart-h 0.144408223505 0.0309976887436 0.658700990284
18.44/14.94	yeast 0.253856951774 0.0829283308446 0.664841971057
18.89/15.20	tae 0.383992444679 0.175719734661 0.165160061843
19.32/15.55	haberman 0.287440315647 0.109752302452 -0.0211719262782
19.74/15.90	mfeat-pixel 0.347820236664 0.1498334572 0.201682736966
20.17/16.16	optdigits 0.160753839232 0.035560672337 0.788308005546
20.58/16.51	mfeat-factors 0.192279549408 0.0521363948599 0.693284408322
21.02/16.77	satimage 0.252128275181 0.0868632921053 0.50970140416
21.44/17.02	lymph 0.249847973472 0.0932797713328 0.400456588303
21.86/17.38	audiology 0.315021830995 0.136328133928 0.329673704656
22.28/17.73	ecoli 0.432546457292 0.243357732412 0.0578545030721
22.71/17.98	tic-tac-toe 0.348107849645 0.184739117413 0.303816943507
23.13/18.33	spambase 0.214742703902 0.0573388954087 0.795095405348
23.55/18.68	zoo 0.0975230067575 0.0130997372747 0.83517338513
23.98/19.04	sonar 0.558646003729 0.391995503014 -0.273435249156
24.40/19.39	mfeat-zernike 0.245405401206 0.0836644946287 0.480489594085
24.81/19.64	kr-vs-kp 0.16385150008 0.0365846235155 0.715585864813
24.81/19.65	MAE 0.298719190587 0.130358946184
24.81/19.65	MSE 0.141130957717 0.141130957717
24.81/19.65	Mean tau 0.385528594533 0.324756896992
24.81/19.65	(0.2982456140350877, '0_class_probability_max')
24.81/19.65	(0.7017543859649122, '1_class_probability_max')
24.81/19.65	(3.3859649122807016, '1_landmark_decision_tree')
24.81/19.65	(3.789473684210526, '0_landmark_naive_bayes')
24.81/19.65	(4.2105263157894735, '1_landmark_naive_bayes')
24.81/19.65	(4.701754385964913, '0_landmark_decision_tree')
24.81/19.65	(6.982456140350878, '0_number_of_numeric_features')
24.81/19.65	(7.0, '1_number_of_categorical_features')
24.81/19.65	(7.385964912280702, '1_number_of_numeric_features')
24.81/19.65	(9.175438596491228, '0_number_of_features')
24.81/19.65	(9.824561403508772, '1_number_of_features')
24.81/19.65	(10.31578947368421, '0_number_of_categorical_features')
24.81/19.65	(11.333333333333334, '1_landmark_lda')
24.81/19.65	(12.0, '0_landmark_lda')
24.81/19.65	(14.403508771929825, '1_number_of_classes')
24.81/19.65	(14.491228070175438, '0_number_of_classes')
24.81/19.65	Result for ParamILS: SAT, 18.430746, 1, 0.298719, -1, /home/feurerm/thesis/Software/pyMetaLearn/optimizers/metalearn_optimizer/learn_distances.py
