0.68/0.87	['/home/feurerm/thesis/Software/pyMetaLearn/optimizers/metalearn_optimizer/learn_distances.py', '--input_file', '/home/feurerm/thesis/experiments/2014_04_25_predict_distances/testfold_0-3_pfahringer_spearman_rank_perm.pkl', '--fold', '0', '--folds', '1', '--params', '-max_features', '0.955083713579', '-min_samples_leaf', '2', '-min_samples_split', '8', '-n_estimators', '15', '-n_jobs', '4', '-seed', '33']
0.68/0.88	Metafeatures (57, 8)
0.68/0.88	X (3192, 16)
0.68/0.88	Y (3192,)
0.68/0.88	Dataset Mae MSE Rho
1.29/1.22	vehicle 0.349795150981 0.147900145264 0.3140233035
1.85/1.57	anneal.ORIG 0.424794836027 0.244071372353 0.0909907976689
2.44/1.92	segment 0.162548704308 0.0371137636908 0.817720071354
3.01/2.27	pendigits 0.247412153264 0.0893329752151 0.68875947512
3.56/2.63	mushroom 0.173299025593 0.0410899419199 0.634460276706
4.14/2.98	labor 0.294979594622 0.119925448538 0.260225526258
4.70/3.32	abalone 0.238664473211 0.0744569578395 0.705243160353
5.30/3.68	diabetes 0.538702260689 0.368744058969 0.110537653914
5.89/4.03	car 0.372158620334 0.173264511629 0.157079823983
6.47/4.39	autos 0.191532039364 0.0492751684318 0.70427353181
7.03/4.74	mfeat-fourier 0.549714422477 0.400019246396 -0.297029543705
7.65/5.10	primary-tumor 0.223762515277 0.0649550873399 0.530710022594
8.20/5.45	waveform-5000 0.116145925677 0.0229986100487 0.744997930621
8.77/5.81	credit-a 0.346096882847 0.171365766028 0.446998758372
9.34/6.16	letter 0.237940389588 0.0744681357562 0.554510527179
9.92/6.51	postoperative-patient-data 0.464451796648 0.281407973377 0.00597985704041
10.49/6.87	vowel 0.354133899459 0.159635530469 0.540083098511
11.07/7.23	eucalyptus 0.443384309891 0.255250706108 -0.0935766817945
11.64/7.58	cylinder-bands 0.34733004067 0.147929180302 0.286040420217
12.23/7.93	ionosphere 0.427655096647 0.222363233359 0.0326494138535
12.83/8.28	mfeat-karhunen 0.131068185083 0.0293943830646 0.79338157328
13.38/8.64	balance-scale 0.260682350625 0.0954214158571 0.295090286619
13.96/8.99	mfeat-morphological 0.54994091013 0.413127253544 -0.296059915162
14.53/9.35	liver-disorders 0.294147545092 0.108265751823 0.457341462832
15.14/9.70	dermatology 0.21389341409 0.0600705183136 0.45863430089
15.69/10.05	vote 0.0867637757737 0.0133272735443 0.751785330422
16.29/10.40	breast-cancer 0.200082141124 0.0576596317251 0.333552218829
16.85/10.75	credit-g 0.725332757935 0.7010328017 -0.691345151235
17.41/11.10	soybean 0.115541747304 0.0192841795466 0.78119739623
17.99/11.45	arrhythmia 0.245700997014 0.0817950900705 0.422111625766
18.58/11.81	nursery 0.232682563157 0.0705921225609 0.671845019378
19.16/12.17	hepatitis 0.264812758282 0.0943156173871 0.591150201781
19.73/12.52	cmc 0.283856938064 0.107597623988 0.222044936372
20.31/12.88	heart-c 0.194277522305 0.0506913840938 0.829032404357
20.92/13.23	glass 0.383798451437 0.184823910333 0.197335282333
21.50/13.58	braziltourism 0.458158413108 0.266079192828 0.0488046366697
22.08/13.93	iris 0.248327060201 0.0801321020533 0.446352339344
22.66/14.28	heart-statlog 0.169156006048 0.0429920858253 0.798327500492
23.25/16.57	page-blocks 0.437506249688 0.25431933276 -0.0637338231844
23.84/16.93	breast-w 0.259449338145 0.0905861526585 0.603108953813
24.41/17.28	heart-h 0.157847453797 0.037073707297 0.68445120449
24.99/17.63	yeast 0.224906703339 0.0615378007533 0.729807083445
25.55/17.98	tae 0.395555152199 0.187394726035 0.192809985114
26.15/18.33	haberman 0.327334181089 0.140755636116 -0.0302225207177
26.72/18.68	mfeat-pixel 0.381213386238 0.183184610818 0.146737119524
27.30/19.03	optdigits 0.130604300706 0.0240270069648 0.808315439018
27.88/19.38	mfeat-factors 0.187784179872 0.0514916328489 0.744573010409
28.46/19.74	satimage 0.262175877564 0.097605397752 0.481905385924
29.04/20.09	lymph 0.220126647889 0.0769820236873 0.417909902079
29.62/20.44	audiology 0.275886943509 0.0994626842644 0.556243574229
30.19/20.78	ecoli 0.390478822273 0.198134558579 0.201682736966
30.77/21.13	tic-tac-toe 0.365364999911 0.222360818893 0.0775827655926
31.36/21.49	spambase 0.238681853297 0.0651523486742 0.804791690779
31.93/21.84	zoo 0.101571116797 0.0144730073628 0.848101765704
32.52/22.19	sonar 0.491552724319 0.302524106726 -0.0798327500492
33.09/22.54	mfeat-zernike 0.251949606865 0.0855152544505 0.42243483528
33.67/22.89	kr-vs-kp 0.144454432719 0.0293107463896 0.76859222517
33.71/22.90	MAE 0.294862625343 0.13130439142
33.71/22.90	MSE 0.13761511762 0.13761511762
33.71/22.90	Mean tau 0.39755293783 0.342357718313
33.71/22.90	(0.2631578947368421, '1_class_probability_max')
33.71/22.90	(0.7368421052631579, '0_class_probability_max')
33.71/22.90	(2.8421052631578947, '1_landmark_naive_bayes')
33.71/22.90	(3.56140350877193, '0_landmark_naive_bayes')
33.71/22.90	(5.456140350877193, '1_number_of_numeric_features')
33.71/22.90	(5.666666666666667, '0_number_of_numeric_features')
33.71/22.90	(6.140350877192983, '1_number_of_categorical_features')
33.71/22.90	(7.280701754385965, '0_number_of_categorical_features')
33.71/22.90	(7.964912280701754, '1_number_of_features')
33.71/22.90	(8.649122807017545, '0_number_of_features')
33.71/22.90	(8.947368421052632, '0_landmark_decision_tree')
33.71/22.90	(10.649122807017545, '1_landmark_decision_tree')
33.71/22.90	(11.43859649122807, '0_landmark_lda')
33.71/22.90	(11.56140350877193, '1_landmark_lda')
33.71/22.90	(14.385964912280702, '0_number_of_classes')
33.71/22.90	(14.456140350877194, '1_number_of_classes')
33.71/22.90	Result for ParamILS: SAT, 22.028372, 1, 0.294863, -1, /home/feurerm/thesis/Software/pyMetaLearn/optimizers/metalearn_optimizer/learn_distances.py
