0.72/0.99	['/home/feurerm/thesis/Software/pyMetaLearn/optimizers/metalearn_optimizer/learn_distances.py', '--input_file', '/home/feurerm/thesis/experiments/2014_04_25_predict_distances/testfold_0-3_pfahringer_spearman_rank_perm.pkl', '--fold', '0', '--folds', '1', '--params', '-max_features', '0.120802196793', '-min_samples_leaf', '5', '-min_samples_split', '3', '-n_estimators', '27', '-n_jobs', '4', '-seed', '31']
0.72/1.00	Metafeatures (57, 8)
0.72/1.00	X (3192, 16)
0.72/1.00	Y (3192,)
0.72/1.00	Dataset Mae MSE Rho
0.94/1.24	vehicle 0.383220256963 0.182994604078 0.221075307828
1.22/1.50	anneal.ORIG 0.268969116046 0.0984263360533 0.572404049948
1.41/1.76	segment 0.299163284512 0.115802609426 0.610865982158
1.63/2.02	pendigits 0.355716435392 0.154280690597 0.548809755399
1.87/2.28	mushroom 0.223632576 0.0631174283612 0.580807497321
2.11/2.54	labor 0.33728300273 0.144999784268 0.493540928442
2.40/2.80	abalone 0.354726620449 0.158403136695 0.45055406303
2.62/3.06	diabetes 0.444258293643 0.284409788266 -0.180350909018
2.83/3.31	car 0.344939382039 0.166790528342 0.469300214864
3.08/3.58	autos 0.287501525068 0.109032183486 0.444413082257
3.31/3.84	mfeat-fourier 0.523662825676 0.353457009926 -0.350035904062
3.57/4.10	primary-tumor 0.263205146343 0.0875886953457 0.487723157183
3.78/4.35	waveform-5000 0.275860937686 0.100529160303 0.486430319125
4.03/4.62	credit-a 0.394609255476 0.204722155656 0.221398517343
4.28/4.87	letter 0.261494747563 0.0964181885385 0.588241316152
4.52/5.13	postoperative-patient-data 0.448870636763 0.264462934929 -0.385265741128
4.76/5.39	vowel 0.47647358218 0.278381234542 0.0284424372645
5.00/5.65	eucalyptus 0.371252597444 0.184188913977 0.188754356392
5.22/5.90	cylinder-bands 0.372546444419 0.1870698021 0.220752098314
5.43/6.16	ionosphere 0.415477742474 0.212944487956 -0.000969628543107
5.66/6.42	mfeat-karhunen 0.259111151581 0.0905943677236 0.657408152227
5.87/6.67	balance-scale 0.256074606231 0.0936176520393 0.437625682456
6.17/6.93	mfeat-morphological 0.529646140821 0.374468700779 -0.281515487015
6.39/7.19	liver-disorders 0.356866347246 0.166020296951 0.329673704656
6.64/7.45	dermatology 0.22018223898 0.0631028157416 0.528770765508
6.90/7.71	vote 0.125428056749 0.0241051797355 0.750492492365
7.10/7.96	breast-cancer 0.309156072151 0.11940825666 -0.168392156986
7.33/8.22	credit-g 0.558991639232 0.401071545309 -0.450230853516
7.57/8.48	soybean 0.189739002897 0.054225358756 0.645772609709
7.82/8.74	arrhythmia 0.276642031986 0.107891715013 0.054299198414
8.06/9.00	nursery 0.313754013572 0.124757579475 0.45346294866
8.26/9.26	hepatitis 0.431181425312 0.266419808051 -0.398194121703
8.47/9.52	cmc 0.360821374119 0.1553269744 0.240467878691
8.69/9.77	heart-c 0.323144156494 0.140339139166 0.629288924477
8.92/10.03	glass 0.372493530383 0.177329866604 0.173886718731
9.13/10.29	braziltourism 0.55301149473 0.378641771105 -0.176149185331
9.39/10.55	iris 0.294054065366 0.118091598928 0.180027699504
9.62/10.81	heart-statlog 0.319499467129 0.137537632434 0.596321554011
9.83/11.07	page-blocks 0.340223951635 0.156221879783 0.25081058315
10.08/11.33	breast-w 0.258198814354 0.0892846475417 0.410799292763
10.27/11.59	heart-h 0.242540774259 0.0786412112884 0.423404463823
10.50/11.85	yeast 0.364932543186 0.173252503909 0.364257122694
10.71/12.10	tae 0.257751976554 0.0918308922263 0.180997328047
10.95/12.36	haberman 0.341144937459 0.16587912654 0.0303816943507
11.19/12.61	mfeat-pixel 0.340128253905 0.148209311874 0.210409393854
11.40/12.87	optdigits 0.265989325901 0.0923213023401 0.661286666399
11.61/13.12	mfeat-factors 0.260797943857 0.0932613900483 0.658700990284
11.84/13.39	satimage 0.308144957048 0.124920830537 0.275697715757
12.09/13.65	lymph 0.185678718687 0.0515668432446 0.700718227152
12.35/13.90	audiology 0.335854843905 0.149382286088 0.35585367532
12.55/14.17	ecoli 0.380466693858 0.183811533369 0.215903955599
12.77/14.42	tic-tac-toe 0.28286361528 0.120760627931 0.524245832307
12.99/14.68	spambase 0.277252308125 0.102904244849 0.577252192663
13.20/14.93	zoo 0.187014830567 0.0482864385189 0.657731361741
13.40/15.19	sonar 0.478223125332 0.289774427484 -0.196511384736
13.63/15.45	mfeat-zernike 0.280424635357 0.106364858019 0.450230853516
13.85/15.71	kr-vs-kp 0.236728142983 0.0705037678359 0.612158820215
13.85/15.72	MAE 0.329421431861 0.092823191757
13.85/15.72	MSE 0.154002597459 0.154002597459
13.85/15.72	Mean tau 0.302881337018 0.317452919656
13.85/15.72	(0.10526315789473684, '0_landmark_decision_tree')
13.85/15.72	(1.8771929824561404, '1_landmark_naive_bayes')
13.85/15.72	(2.3157894736842106, '0_number_of_numeric_features')
13.85/15.72	(3.1228070175438596, '1_number_of_classes')
13.85/15.72	(4.87719298245614, '0_landmark_lda')
13.85/15.72	(5.964912280701754, '1_landmark_lda')
13.85/15.72	(6.56140350877193, '0_number_of_categorical_features')
13.85/15.72	(7.7894736842105265, '0_number_of_features')
13.85/15.72	(8.052631578947368, '1_number_of_numeric_features')
13.85/15.72	(8.43859649122807, '1_landmark_decision_tree')
13.85/15.72	(9.824561403508772, '0_landmark_naive_bayes')
13.85/15.72	(10.070175438596491, '1_number_of_categorical_features')
13.85/15.72	(11.24561403508772, '0_number_of_classes')
13.85/15.72	(12.24561403508772, '0_class_probability_max')
13.85/15.72	(13.175438596491228, '1_number_of_features')
13.85/15.72	(14.333333333333334, '1_class_probability_max')
13.85/15.72	Result for ParamILS: SAT, 14.730231, 1, 0.329421, -1, /home/feurerm/thesis/Software/pyMetaLearn/optimizers/metalearn_optimizer/learn_distances.py
