0.69/0.86	['/home/feurerm/thesis/Software/pyMetaLearn/optimizers/metalearn_optimizer/learn_distances.py', '--input_file', '/home/feurerm/thesis/experiments/2014_04_25_predict_distances/testfold_0-3_pfahringer_spearman_rank_perm.pkl', '--fold', '0', '--folds', '1', '--params', '-max_features', '0.766084426564', '-min_samples_leaf', '6', '-min_samples_split', '6', '-n_estimators', '47', '-n_jobs', '4', '-seed', '76']
0.69/0.87	Metafeatures (57, 8)
0.69/0.87	X (3192, 16)
0.69/0.87	Y (3192,)
0.69/0.87	Dataset Mae MSE Rho
1.85/1.31	vehicle 0.344900120452 0.142745389063 0.397547702674
3.11/1.88	anneal.ORIG 0.443688318598 0.242855882599 0.335814685429
4.34/2.44	segment 0.205175061522 0.0529528580309 0.799620338549
5.57/3.01	pendigits 0.280759474413 0.10232715599 0.710737722098
6.80/3.58	mushroom 0.178044351821 0.0401833267082 0.679386399204
8.03/4.05	labor 0.300541148607 0.125397175052 0.221721726857
9.24/4.52	abalone 0.245164068297 0.0798337504425 0.658054571255
10.61/5.10	diabetes 0.513462961628 0.331251723019 0.236589364518
11.79/5.69	car 0.3712839135 0.183313026051 0.159342290584
13.04/6.27	autos 0.19595338665 0.0501697565299 0.762128034882
14.31/6.85	mfeat-fourier 0.560818101904 0.4148567565 -0.434393587312
15.56/7.34	primary-tumor 0.216416835666 0.0586975439915 0.546547288798
16.83/7.92	waveform-5000 0.154689030296 0.0391346537394 0.750492492365
18.07/8.39	credit-a 0.363621841274 0.188269629181 0.438595310999
19.31/8.86	letter 0.237576972725 0.0763809685209 0.630904972048
20.58/9.45	postoperative-patient-data 0.436533042003 0.246586490806 0.0193925708621
21.83/10.02	vowel 0.429894364138 0.229277481643 0.347773437461
23.15/10.50	eucalyptus 0.438612016767 0.254398538204 -0.126698129633
24.32/11.07	cylinder-bands 0.334119794253 0.134745260386 0.441180987114
25.58/11.65	ionosphere 0.415028832277 0.207469300147 0.0723989312187
26.82/12.24	mfeat-karhunen 0.167056448058 0.0410639821184 0.789277634089
28.06/12.82	balance-scale 0.248399617778 0.087140201128 0.435040006341
29.33/13.29	mfeat-morphological 0.47871428174 0.309300748695 -0.215903955599
30.58/13.88	liver-disorders 0.326123538595 0.139638334159 0.367166008323
31.83/14.45	dermatology 0.195478956885 0.050730768124 0.515195965904
33.09/14.94	vote 0.0763780352327 0.00985437918253 0.783459862831
34.35/15.43	breast-cancer 0.119901085036 0.0211108971324 0.440534568085
35.58/15.90	credit-g 0.666305898058 0.587306745996 -0.670659742316
36.82/16.39	soybean 0.115803181086 0.0214493928411 0.766006549055
38.05/16.96	arrhythmia 0.261732008461 0.0942911600046 0.288626096332
39.28/17.44	nursery 0.257330429065 0.0839982176766 0.627996086419
40.53/18.02	hepatitis 0.239002306689 0.0765892518439 0.444736291772
41.80/18.59	cmc 0.259852560142 0.087955718698 0.318684581168
43.03/19.06	heart-c 0.231771408921 0.0726602476426 0.802852433693
44.25/19.64	glass 0.365918408613 0.162722962242 0.302524105449
45.49/20.11	braziltourism 0.479559533402 0.297881097531 0.0759542358767
46.72/20.69	iris 0.279711683725 0.102960882493 0.34324850426
47.95/21.15	heart-statlog 0.243218653375 0.0808056040939 0.764713710997
49.21/21.73	page-blocks 0.430067391814 0.244994898847 0.0575312935577
50.48/22.32	breast-w 0.210894142117 0.058899521698 0.574020097519
51.72/22.79	heart-h 0.154388116297 0.0329500202512 0.716232283842
52.98/23.36	yeast 0.260245430639 0.0878305650876 0.663225923485
54.21/23.94	tae 0.366287483641 0.160271898085 0.204591622596
55.50/24.52	haberman 0.282744788281 0.104079786371 -0.014867637661
56.81/25.10	mfeat-pixel 0.364223531157 0.165324062523 0.150615633696
58.00/25.67	optdigits 0.176205609621 0.0402291960247 0.775056415457
59.27/26.25	mfeat-factors 0.198706317895 0.0537120808508 0.734008807132
60.51/26.84	satimage 0.258483360786 0.09104637087 0.469300214864
61.81/27.43	lymph 0.229167869688 0.0791364260687 0.384296112585
63.02/28.00	audiology 0.30830041696 0.117994428009 0.379124760355
64.28/29.81	ecoli 0.396364088285 0.200635151441 0.172270671159
65.56/30.91	tic-tac-toe 0.30548795546 0.137784694961 0.553657898114
66.82/31.55	spambase 0.214923389811 0.058596358772 0.833557337558
68.05/32.12	zoo 0.110342831674 0.016622626243 0.814811185724
69.30/32.59	sonar 0.503759489327 0.316498542299 -0.120880358374
70.55/33.19	mfeat-zernike 0.258005542739 0.0914536254966 0.463482443605
71.82/33.77	kr-vs-kp 0.173650483426 0.0390016346305 0.7220500551
71.82/33.79	MAE 0.29615420897 0.122279571606
71.82/33.79	MSE 0.133778406083 0.133778406083
71.82/33.79	Mean tau 0.409801312508 0.32979347878
71.82/33.79	(0.2982456140350877, '1_class_probability_max')
71.82/33.79	(0.7017543859649122, '0_class_probability_max')
71.82/33.79	(3.1228070175438596, '0_landmark_decision_tree')
71.82/33.79	(3.491228070175439, '1_landmark_decision_tree')
71.82/33.79	(3.754385964912281, '1_landmark_naive_bayes')
71.82/33.79	(3.8421052631578947, '0_landmark_naive_bayes')
71.82/33.79	(6.964912280701754, '1_number_of_numeric_features')
71.82/33.79	(7.543859649122807, '0_number_of_numeric_features')
71.82/33.79	(8.526315789473685, '1_number_of_categorical_features')
71.82/33.79	(9.24561403508772, '0_number_of_categorical_features')
71.82/33.79	(9.31578947368421, '0_number_of_features')
71.82/33.79	(9.982456140350877, '1_number_of_features')
71.82/33.79	(11.824561403508772, '1_landmark_lda')
71.82/33.79	(12.385964912280702, '0_landmark_lda')
71.82/33.79	(14.421052631578947, '0_number_of_classes')
71.82/33.79	(14.578947368421053, '1_number_of_classes')
71.82/33.79	Result for ParamILS: SAT, 32.933598, 1, 0.296154, -1, /home/feurerm/thesis/Software/pyMetaLearn/optimizers/metalearn_optimizer/learn_distances.py
