0.78/0.92	['/home/feurerm/thesis/Software/pyMetaLearn/optimizers/metalearn_optimizer/learn_distances.py', '--input_file', '/home/feurerm/thesis/experiments/2014_04_25_predict_distances/testfold_0-3_pfahringer_spearman_rank_perm.pkl', '--fold', '0', '--folds', '1', '--params', '-max_features', '0.895087916683', '-min_samples_leaf', '4', '-min_samples_split', '9', '-n_estimators', '84', '-n_jobs', '4', '-seed', '39']
0.78/0.93	Metafeatures (57, 8)
0.78/0.93	X (3192, 16)
0.78/0.93	Y (3192,)
0.78/0.93	Dataset Mae MSE Rho
3.22/1.88	vehicle 0.367413781936 0.16056554764 0.262446125668
5.90/2.77	anneal.ORIG 0.548035864684 0.357185602733 -0.0588241316152
8.49/3.67	segment 0.151437723276 0.030064956666 0.859090889193
11.09/4.67	pendigits 0.252638181787 0.0834568004349 0.730453502474
13.75/5.61	mushroom 0.180744168373 0.0410012903741 0.661933085428
16.46/6.63	labor 0.318728226126 0.13981063206 0.196511384736
19.08/7.63	abalone 0.227839961324 0.0643819967394 0.748876444793
21.67/8.64	diabetes 0.525934308526 0.339532152227 0.257274773438
24.28/9.55	car 0.373041196301 0.187788503927 0.267940687412
26.92/10.59	autos 0.208456519847 0.055456888387 0.779904558173
29.54/11.60	mfeat-fourier 0.59087839869 0.457834331533 -0.485783900097
32.19/12.52	primary-tumor 0.21845977379 0.0604924713701 0.541375936568
34.77/13.53	waveform-5000 0.149671309029 0.0341428009385 0.774409996428
37.35/14.53	credit-a 0.361918276117 0.187261135094 0.425666930424
39.98/15.54	letter 0.238613011597 0.0756105505053 0.612482029729
42.66/16.45	postoperative-patient-data 0.43685038973 0.249987815057 0.0985789018826
45.21/17.46	vowel 0.405220776939 0.206038788733 0.436979263427
47.84/18.46	eucalyptus 0.465297556587 0.284702171018 -0.134455157978
50.47/19.48	cylinder-bands 0.326841231585 0.129009324363 0.460250348462
53.22/20.50	ionosphere 0.433794557739 0.220504408078 -0.00743381883049
55.76/21.53	mfeat-karhunen 0.153755641635 0.0358023106128 0.801559595635
58.40/22.53	balance-scale 0.235655308047 0.078983347075 0.510347823189
61.03/23.43	mfeat-morphological 0.492869583634 0.32408339146 -0.263738963725
63.62/24.45	liver-disorders 0.290365438237 0.110219576207 0.576928983149
66.23/25.36	dermatology 0.21081889142 0.0572930029842 0.469946633893
68.85/26.26	vote 0.0764452502517 0.0103602727154 0.769561853713
71.51/27.28	breast-cancer 0.149550393681 0.0323533347271 0.37136773201
74.27/28.30	credit-g 0.699566775245 0.65049257464 -0.677770351632
76.79/29.30	soybean 0.119531566631 0.0219662634287 0.763097663425
79.37/30.31	arrhythmia 0.244341991306 0.0817433797345 0.434393587312
82.02/31.24	nursery 0.248248965225 0.0781607074361 0.661286666399
84.62/32.24	hepatitis 0.226960777332 0.0748780251002 0.568525535775
87.29/33.25	cmc 0.260160752781 0.0904357649613 0.314482857481
89.90/34.26	heart-c 0.202463994784 0.0564774296235 0.84777855619
92.54/35.16	glass 0.356191089751 0.152600644378 0.360701818036
95.19/36.19	braziltourism 0.454429769787 0.26743185694 0.048158217641
97.84/37.21	iris 0.270198775162 0.0965799430671 0.391729931415
100.50/38.13	heart-statlog 0.208184780658 0.0606351686124 0.790570472147
103.14/39.13	page-blocks 0.487358565292 0.314705395127 -0.180674118532
105.79/40.05	breast-w 0.203774863793 0.0560653284457 0.58662526858
108.40/41.07	heart-h 0.136847546055 0.0261036538475 0.744674721106
111.11/42.18	yeast 0.257166316682 0.0813120116994 0.748876444793
113.76/43.19	tae 0.385523214844 0.177522275784 0.190693613478
116.38/44.19	haberman 0.276459483336 0.0997976825235 0.0588241316152
119.16/45.21	mfeat-pixel 0.374694699376 0.173222867623 0.171301042616
121.78/46.20	optdigits 0.148902177182 0.0301849976563 0.793156148262
124.34/47.11	mfeat-factors 0.186889747352 0.0477610182201 0.746613978193
126.98/48.13	satimage 0.254980695367 0.0906262572466 0.468977005349
129.60/49.16	lymph 0.228357714943 0.0809866796301 0.391406721901
132.27/50.06	audiology 0.288935076164 0.105106854832 0.497742652128
134.88/51.05	ecoli 0.398305095054 0.201796476238 0.150615633696
137.56/51.96	tic-tac-toe 0.317867099407 0.152336578898 0.412415340335
140.13/52.87	spambase 0.227937152838 0.0580084672039 0.850041022791
142.88/53.91	zoo 0.0979432547031 0.013072457169 0.851333860848
145.42/54.81	sonar 0.50260771901 0.314563225779 -0.147706748067
147.99/55.81	mfeat-zernike 0.243194592436 0.0828608083368 0.51487275639
150.60/56.83	kr-vs-kp 0.157030989088 0.0326724436518 0.742089044991
150.60/56.87	MAE 0.295725104605 0.133450561289
150.60/56.87	MSE 0.136561941079 0.136561941079
150.60/56.87	Mean tau 0.416815526004 0.354489810038
150.60/56.87	(0.21052631578947367, '1_class_probability_max')
150.60/56.87	(0.7894736842105263, '0_class_probability_max')
150.60/56.87	(2.508771929824561, '0_landmark_naive_bayes')
150.60/56.87	(2.9473684210526314, '1_landmark_naive_bayes')
150.60/56.87	(5.684210526315789, '1_number_of_numeric_features')
150.60/56.87	(6.017543859649122, '0_number_of_numeric_features')
150.60/56.87	(6.245614035087719, '0_landmark_decision_tree')
150.60/56.87	(6.754385964912281, '1_landmark_decision_tree')
150.60/56.87	(7.666666666666667, '1_number_of_categorical_features')
150.60/56.87	(8.24561403508772, '0_number_of_categorical_features')
150.60/56.87	(9.350877192982455, '1_number_of_features')
150.60/56.87	(9.964912280701755, '0_number_of_features')
150.60/56.87	(12.24561403508772, '1_landmark_lda')
150.60/56.87	(12.368421052631579, '0_landmark_lda')
150.60/56.87	(14.43859649122807, '0_number_of_classes')
150.60/56.87	(14.56140350877193, '1_number_of_classes')
150.60/56.87	Result for ParamILS: SAT, 55.948661, 1, 0.295725, -1, /home/feurerm/thesis/Software/pyMetaLearn/optimizers/metalearn_optimizer/learn_distances.py
