0.68/0.89	['/home/feurerm/thesis/Software/pyMetaLearn/optimizers/metalearn_optimizer/learn_distances.py', '--input_file', '/home/feurerm/thesis/experiments/2014_04_25_predict_distances/testfold_0-3_pfahringer_spearman_rank_perm.pkl', '--fold', '0', '--folds', '1', '--params', '-max_features', '0.28115944297', '-min_samples_leaf', '1', '-min_samples_split', '2', '-n_estimators', '50', '-n_jobs', '4', '-seed', '33']
0.76/0.90	Metafeatures (57, 8)
0.76/0.90	X (3192, 16)
0.76/0.90	Y (3192,)
0.76/0.90	Dataset Mae MSE Rho
1.59/1.35	vehicle 0.337495378455 0.144872004627 0.403365473933
2.59/1.86	anneal.ORIG 0.28365545638 0.107576994452 0.597614392068
3.57/2.37	segment 0.148909622247 0.0293316267985 0.870080012681
4.56/2.88	pendigits 0.239927673771 0.0759588437692 0.721080426557
5.57/3.38	mushroom 0.157984980602 0.0314339310791 0.708798465011
6.59/3.91	labor 0.303601238989 0.12895308655 0.337753942516
7.59/4.43	abalone 0.182335411317 0.0482654048117 0.706859207925
8.63/4.93	diabetes 0.510524357595 0.328295739037 0.205238041624
9.67/5.44	car 0.327414426037 0.146282937107 0.534911746281
10.63/5.95	autos 0.225551055388 0.0692249940491 0.610865982158
11.62/6.48	mfeat-fourier 0.575898110506 0.43374973807 -0.401103007332
12.65/7.00	primary-tumor 0.193666065432 0.0456329478113 0.654822476112
13.64/7.52	waveform-5000 0.185592709069 0.0483361536668 0.730453502474
14.66/8.05	credit-a 0.340615254376 0.165251696446 0.533618908223
15.64/8.57	letter 0.237917563269 0.0750741795286 0.63769237185
16.65/9.08	postoperative-patient-data 0.422270717245 0.222198903282 0.0197157803765
17.74/10.94	vowel 0.445265692035 0.251748311994 0.217196793656
18.70/11.45	eucalyptus 0.395586057938 0.203454694122 0.0345834180375
19.71/11.99	cylinder-bands 0.331043441491 0.138505544995 0.40465831199
20.81/12.50	ionosphere 0.395580608439 0.194273079019 0.167745737958
21.75/13.03	mfeat-karhunen 0.112654453091 0.0204341456086 0.851980279877
22.75/13.64	balance-scale 0.209115936439 0.0631278341557 0.537497422396
23.73/14.15	mfeat-morphological 0.487519123834 0.309752328277 -0.242730345291
24.73/14.66	liver-disorders 0.305095014435 0.117138909091 0.446352339344
25.74/15.18	dermatology 0.215217943094 0.0604473010524 0.495480185528
26.74/15.69	vote 0.0769084434818 0.0100672644833 0.774086786914
27.75/16.20	breast-cancer 0.226146156054 0.0599113019816 0.294767077105
28.75/17.15	credit-g 0.566482768487 0.428568523161 -0.58888773518
29.77/17.66	soybean 0.132510649407 0.0286413937901 0.669690113773
30.74/18.16	arrhythmia 0.297239932961 0.119637364103 0.0808023785923
31.87/18.70	nursery 0.254293654231 0.0836173163658 0.617006962931
32.82/19.26	hepatitis 0.352185897913 0.172687868215 -0.325795190484
33.90/19.88	cmc 0.324535133506 0.134052292416 0.212995069969
34.96/20.40	heart-c 0.171536618936 0.0395149133072 0.893351097716
35.88/21.04	glass 0.309665043794 0.116720332835 0.536527793853
36.92/21.56	braziltourism 0.471521718043 0.28416557931 -0.0572080840433
37.92/22.07	iris 0.295495137201 0.113314053741 0.323209514369
39.03/22.60	heart-statlog 0.218514481466 0.0677008140379 0.823861052127
39.97/23.14	page-blocks 0.298119389249 0.120497154953 0.403688683447
40.97/23.65	breast-w 0.221057255723 0.0685235244996 0.492571299898
41.98/24.16	heart-h 0.140237378414 0.0291433322616 0.705889579382
42.95/24.68	yeast 0.236471871321 0.0720716937111 0.724312521701
43.95/25.20	tae 0.34792662728 0.149870835035 0.0914682925664
44.98/25.72	haberman 0.234078284645 0.0758815058584 0.242730345291
46.04/26.34	mfeat-pixel 0.310674742283 0.118288302172 0.300908057878
47.03/26.87	optdigits 0.103494605724 0.0144079100543 0.877837041026
48.01/27.39	mfeat-factors 0.159025531607 0.0406322418328 0.766006549055
49.06/27.92	satimage 0.259344599806 0.0916291068393 0.460250348462
50.16/28.55	lymph 0.179953073273 0.0482991313955 0.649974333396
51.08/29.06	audiology 0.329611885325 0.14831644076 0.351328742119
52.09/29.60	ecoli 0.408687210132 0.214083160254 0.166129690386
53.11/30.12	tic-tac-toe 0.293299865773 0.122902057256 0.612805239244
54.14/30.66	spambase 0.222853077654 0.0656121594233 0.797681081463
55.16/31.19	zoo 0.0878995886742 0.0108592206844 0.849394603762
56.27/31.83	sonar 0.492156131747 0.307599158229 -0.140919348265
57.21/32.35	mfeat-zernike 0.275699194033 0.108901147765 0.405951150048
58.21/32.87	kr-vs-kp 0.146024357863 0.0274485669165 0.779904558173
58.37/32.92	MAE 0.280948922763 0.117987135287
58.37/32.92	MSE 0.121980473632 0.121980473632
58.37/32.92	Mean tau 0.431172832853 0.343842271221
58.37/32.92	(0.12280701754385964, '0_class_probability_max')
58.37/32.92	(1.1754385964912282, '0_landmark_naive_bayes')
58.37/32.92	(1.7719298245614035, '1_class_probability_max')
58.37/32.92	(3.5789473684210527, '1_landmark_decision_tree')
58.37/32.92	(4.105263157894737, '0_landmark_decision_tree')
58.37/32.92	(4.7894736842105265, '1_landmark_naive_bayes')
58.37/32.92	(5.526315789473684, '1_landmark_lda')
58.37/32.92	(8.473684210526315, '0_landmark_lda')
58.37/32.92	(8.666666666666666, '1_number_of_features')
58.37/32.92	(9.596491228070175, '0_number_of_numeric_features')
58.37/32.92	(10.157894736842104, '1_number_of_categorical_features')
58.37/32.92	(10.631578947368421, '0_number_of_features')
58.37/32.92	(10.807017543859649, '1_number_of_numeric_features')
58.37/32.92	(11.771929824561404, '0_number_of_categorical_features')
58.37/32.92	(14.368421052631579, '0_number_of_classes')
58.37/32.92	(14.456140350877194, '1_number_of_classes')
58.37/32.92	Result for ParamILS: SAT, 32.026298, 1, 0.280949, -1, /home/feurerm/thesis/Software/pyMetaLearn/optimizers/metalearn_optimizer/learn_distances.py
