0.73/7.45	['/home/feurerm/thesis/Software/pyMetaLearn/optimizers/metalearn_optimizer/learn_distances.py', '--input_file', '/home/feurerm/thesis/experiments/2014_04_25_predict_distances/testfold_0-3_spearman_rank_cv_perm.pkl', '--fold', '0', '--folds', '1', '--params', '-max_features', '0.658772968701', '-min_samples_leaf', '9', '-min_samples_split', '10', '-n_estimators', '9', '-n_jobs', '4', '-seed', '18']
1.51/8.28	Metafeatures (57, 46)
1.51/8.28	X (287280, 92)
1.51/8.28	Y (287280,)
1.51/8.28	Dataset Mae MSE Rho
307.76/112.42	vehicle 0.329371762284 0.156472325749 0.352549806463
618.24/221.07	anneal.ORIG 0.300058119013 0.125979732287 0.424043705195
918.49/322.74	segment 0.16984154846 0.0483113683942 0.75339371912
1221.67/427.24	pendigits 0.323171069975 0.134916495943 0.423128496684
1521.72/528.37	mushroom 0.146925734452 0.0357032075932 0.659459104984
1829.80/632.40	labor 0.311658230174 0.139625964936 0.275284911229
2130.11/732.49	abalone 0.27106750637 0.106020899648 0.487193608981
2429.12/832.40	diabetes 0.399903069694 0.219051146411 -0.0156026302066
2740.85/940.22	car 0.246672859343 0.08038727891 0.510389280377
3041.43/1041.88	autos 0.265475024429 0.114653823339 0.329713246917
3343.60/1146.35	mfeat-fourier 0.66937918769 0.621302938885 -0.555940353243
3650.64/1246.55	primary-tumor 0.175448104024 0.0529655139926 0.594596846424
3954.90/1349.90	waveform-5000 0.295541910397 0.124873013731 0.24908371359
4254.45/1451.04	credit-a 0.278687009133 0.109656555513 0.423063212888
4548.84/1550.21	letter 0.258310656358 0.0996854649567 0.464522237608
4854.23/1651.88	postoperative-patient-data 0.336194896204 0.194543617522 -0.122352871818
5161.07/1757.67	vowel 0.357107215527 0.166410904512 0.386474347998
5480.54/1861.28	eucalyptus 0.489083710953 0.334543766522 -0.327716233637
5786.99/1963.98	cylinder-bands 0.317327973358 0.155444294345 0.0745715005547
6093.37/2066.96	ionosphere 0.438846125925 0.262756991358 -0.247908995438
6398.68/2169.08	mfeat-karhunen 0.358650112808 0.188534154253 0.0969185637009
6706.30/2275.21	balance-scale 0.263944814488 0.11166988908 0.275845293207
7010.18/2375.11	mfeat-morphological 0.333272431353 0.18139472267 0.215418765401
7310.80/2476.33	liver-disorders 0.251871122698 0.0990071530192 0.169414213011
7611.54/2577.95	dermatology 0.22092868195 0.0644397986263 0.443620358775
7918.48/2680.73	vote 0.121509692533 0.0231104813947 0.694724264092
8220.09/2780.73	breast-cancer 0.430855770229 0.364603035436 -0.0364816033695
8539.11/2887.09	credit-g 0.33503987503 0.177173320165 0.0546915411883
8837.43/2987.18	soybean 0.156593625917 0.0375647093891 0.602451190124
9150.72/3091.73	arrhythmia 0.359111805407 0.168433186037 0.161466352115
9452.96/3192.93	nursery 0.146752327693 0.0303145364267 0.757831560634
9752.66/3294.50	hepatitis 0.41117760968 0.251731524283 -0.0707931286932
10062.06/3395.81	cmc 0.256847757077 0.0902041409918 0.264731941765
10360.78/3496.14	heart-c 0.208899067208 0.073221137483 0.520127288779
10667.30/3597.86	glass 0.317438206703 0.139170153575 0.145937728831
10978.94/3702.85	braziltourism 0.55870731546 0.426093357683 -0.0845096092142
11283.97/3803.81	iris 0.315320943549 0.143259057054 0.0550889846538
11590.76/3903.83	heart-statlog 0.38611775806 0.202477086905 -0.0709459537005
11910.20/4009.56	page-blocks 0.351554313983 0.17070038417 0.0683225064987
12213.03/4112.38	breast-w 0.2269420849 0.0762204240704 0.497349207622
12525.99/4216.86	heart-h 0.254517841601 0.0951870667575 0.336440007686
12832.68/4319.97	yeast 0.342503501947 0.170548471482 0.200837992861
13139.04/4421.82	tae 0.37734575085 0.215546680134 -0.0560987551783
13449.40/4523.31	haberman 0.322805504053 0.149237750963 -0.0804143516248
13759.32/4632.72	mfeat-pixel 0.311482515733 0.134412034848 0.290333317975
14063.39/4735.31	optdigits 0.124120856748 0.0249926038115 0.8037365087
14372.80/4837.86	mfeat-factors 0.402802571181 0.229358799281 -0.169499418821
14673.04/4937.95	satimage 0.441513837533 0.245109608089 -0.0160125114833
14972.94/5038.88	lymph 0.138595558089 0.0318137547693 0.660507477684
15280.11/5141.27	audiology 0.162922896886 0.0396643265773 0.684130176011
15602.28/5254.36	ecoli 0.430241758454 0.260838913456 -0.0948554676401
15931.74/5367.09	tic-tac-toe 0.297090111838 0.137404486812 0.414256612837
16239.96/5469.33	spambase 0.270177497985 0.109081159727 0.443975444007
16549.04/5571.41	zoo 0.14123215552 0.0299904945761 0.748258680098
16854.89/5674.02	sonar 0.473632661774 0.295965092033 -0.420652041834
17161.37/5777.92	mfeat-zernike 0.166555259314 0.0414007537967 0.691672897554
17470.58/5881.88	kr-vs-kp 0.169804399772 0.0404157545929 0.661189130124
17470.77/5882.07	MAE 0.302086872101 0.1118432297
17470.77/5882.07	MSE 0.150063075596 0.150063075596
17470.77/5882.07	Mean tau 0.263104593317 0.323883315495
17470.77/5882.07	(1.4385964912280702, '0_ratio_numerical_to_categorical')
17470.77/5882.07	(2.6666666666666665, '1_ratio_numerical_to_categorical')
17470.77/5882.07	(8.298245614035087, '0_class_entropy')
17470.77/5882.07	(9.631578947368421, '1_number_of_categorical_features')
17470.77/5882.07	(12.385964912280702, '0_number_of_categorical_features')
17470.77/5882.07	(13.0, '1_class_entropy')
17470.77/5882.07	(14.947368421052632, '0_landmark_decision_tree')
17470.77/5882.07	(15.807017543859649, '1_landmark_decision_tree')
17470.77/5882.07	(16.087719298245613, '1_landmark_random_node_learner')
17470.77/5882.07	(16.403508771929825, '1_class_probability_max')
17470.77/5882.07	(16.70175438596491, '0_landmark_random_node_learner')
17470.77/5882.07	(18.0, '0_class_probability_max')
17470.77/5882.07	(22.333333333333332, '1_log_number_of_instances')
17470.77/5882.07	(22.526315789473685, '0_log_number_of_features')
17470.77/5882.07	(23.403508771929825, '1_kurtosis_min')
17470.77/5882.07	(23.842105263157894, '0_landmark_naive_bayes')
17470.77/5882.07	(24.017543859649123, '0_kurtosis_min')
17470.77/5882.07	(24.859649122807017, '0_class_probability_min')
17470.77/5882.07	(26.12280701754386, '1_number_of_features')
17470.77/5882.07	(26.210526315789473, '0_number_of_features')
17470.77/5882.07	(27.57894736842105, '1_landmark_naive_bayes')
17470.77/5882.07	(27.982456140350877, '1_number_of_instances')
17470.77/5882.07	(28.666666666666668, '1_log_dataset_ratio')
17470.77/5882.07	(28.87719298245614, '1_class_probability_min')
17470.77/5882.07	(30.666666666666668, '1_percentage_of_features_with_missing_values')
17470.77/5882.07	(30.719298245614034, '0_number_of_instances')
17470.77/5882.07	(31.228070175438596, '0_log_number_of_instances')
17470.77/5882.07	(31.263157894736842, '0_percentage_of_features_with_missing_values')
17470.77/5882.07	(31.403508771929825, '1_symbols_sum')
17470.77/5882.07	(32.421052631578945, '0_pca_skewness_first_pc')
17470.77/5882.07	(34.29824561403509, '0_landmark_lda')
17470.77/5882.07	(34.70175438596491, '0_class_probability_std')
17470.77/5882.07	(34.771929824561404, '1_number_of_numeric_features')
17470.77/5882.07	(35.98245614035088, '1_class_probability_std')
17470.77/5882.07	(36.0, '0_number_of_numeric_features')
17470.77/5882.07	(36.12280701754386, '1_pca_skewness_first_pc')
17470.77/5882.07	(36.280701754385966, '0_symbols_sum')
17470.77/5882.07	(36.29824561403509, '1_landmark_lda')
17470.77/5882.07	(37.280701754385966, '1_inverse_dataset_ratio')
17470.77/5882.07	(37.31578947368421, '1_log_number_of_features')
17470.77/5882.07	(39.01754385964912, '0_inverse_dataset_ratio')
17470.77/5882.07	(39.24561403508772, '1_dataset_ratio')
17470.77/5882.07	(39.91228070175438, '0_log_inverse_dataset_ratio')
17470.77/5882.07	(40.421052631578945, '1_skewness_min')
17470.77/5882.07	(41.80701754385965, '0_dataset_ratio')
17470.77/5882.07	(42.19298245614035, '1_number_of_Instances_with_missing_values')
17470.77/5882.07	(42.666666666666664, '0_number_of_Instances_with_missing_values')
17470.77/5882.07	(43.08771929824562, '0_skewness_min')
17470.77/5882.07	(43.24561403508772, '0_landmark_decision_node_learner')
17470.77/5882.07	(43.89473684210526, '1_pca_kurtosis_first_pc')
17470.77/5882.07	(43.91228070175438, '0_log_dataset_ratio')
17470.77/5882.07	(46.36842105263158, '1_landmark_decision_node_learner')
17470.77/5882.07	(46.78947368421053, '0_pca_kurtosis_first_pc')
17470.77/5882.07	(47.26315789473684, '0_symbols_std')
17470.77/5882.07	(48.0, '1_log_inverse_dataset_ratio')
17470.77/5882.07	(48.80701754385965, '1_symbols_std')
17470.77/5882.07	(48.89473684210526, '1_landmark_1NN')
17470.77/5882.07	(51.6140350877193, '1_kurtosis_std')
17470.77/5882.07	(53.31578947368421, '0_kurtosis_std')
17470.77/5882.07	(54.64912280701754, '1_skewness_max')
17470.77/5882.07	(55.63157894736842, '0_landmark_1NN')
17470.77/5882.07	(55.64912280701754, '0_skewness_max')
17470.77/5882.07	(57.8421052631579, '1_kurtosis_max')
17470.77/5882.07	(60.49122807017544, '1_pca_95%')
17470.77/5882.07	(60.89473684210526, '0_kurtosis_max')
17470.77/5882.07	(61.03508771929825, '0_pca_95%')
17470.77/5882.07	(61.07017543859649, '1_number_of_missing_values')
17470.77/5882.07	(62.70175438596491, '1_skewness_mean')
17470.77/5882.07	(64.10526315789474, '0_skewness_mean')
17470.77/5882.07	(64.71929824561404, '1_symbols_mean')
17470.77/5882.07	(66.29824561403508, '1_skewness_std')
17470.77/5882.07	(66.33333333333333, '0_number_of_missing_values')
17470.77/5882.07	(66.63157894736842, '0_symbols_mean')
17470.77/5882.07	(69.82456140350877, '0_symbols_max')
17470.77/5882.07	(70.24561403508773, '0_skewness_std')
17470.77/5882.07	(70.50877192982456, '1_symbols_max')
17470.77/5882.07	(74.03508771929825, '0_percentage_of_Instances_with_missing_values')
17470.77/5882.07	(74.57894736842105, '1_symbols_min')
17470.77/5882.07	(74.59649122807018, '0_percentage_of_missing_values')
17470.77/5882.07	(74.87719298245614, '0_kurtosis_mean')
17470.77/5882.07	(75.0701754385965, '0_symbols_min')
17470.77/5882.07	(75.3859649122807, '1_kurtosis_mean')
17470.77/5882.07	(76.26315789473684, '1_percentage_of_missing_values')
17470.77/5882.07	(76.3859649122807, '1_percentage_of_Instances_with_missing_values')
17470.77/5882.07	(79.52631578947368, '0_number_of_classes')
17470.77/5882.07	(81.3157894736842, '0_ratio_categorical_to_numerical')
17470.77/5882.07	(81.57894736842105, '1_ratio_categorical_to_numerical')
17470.77/5882.07	(82.2280701754386, '1_number_of_classes')
17470.77/5882.07	(82.9298245614035, '1_class_probability_mean')
17470.77/5882.07	(83.84210526315789, '0_class_probability_mean')
17470.77/5882.07	(87.0, '1_number_of_features_with_missing_values')
17470.77/5882.07	(88.75438596491227, '0_number_of_features_with_missing_values')
17470.77/5882.07	Result for ParamILS: SAT, 5874.623454, 1, 0.302087, -1, /home/feurerm/thesis/Software/pyMetaLearn/optimizers/metalearn_optimizer/learn_distances.py
