0.94/5.94	['/home/feurerm/thesis/Software/pyMetaLearn/optimizers/metalearn_optimizer/learn_distances.py', '--input_file', '/home/feurerm/thesis/experiments/2014_04_25_predict_distances/testfold_0-3_pfahringer_spearman_rank_cv_perm.pkl', '--fold', '0', '--folds', '1', '--params', '-max_features', '0.438281360031', '-min_samples_leaf', '4', '-min_samples_split', '5', '-n_estimators', '57', '-n_jobs', '4', '-seed', '57']
1.32/7.34	Metafeatures (57, 8)
1.32/7.34	X (287280, 16)
1.32/7.34	Y (287280,)
1.32/7.34	Dataset Mae MSE Rho
218.88/65.94	vehicle 0.293767937351 0.107794094988 0.468673367494
449.36/131.14	anneal.ORIG 0.238486898382 0.0784232702014 0.624954247588
674.95/191.95	segment 0.180884324593 0.0468115161422 0.82533387731
900.43/254.20	pendigits 0.209274460359 0.05784578231 0.728063323963
1118.91/315.52	mushroom 0.11669021258 0.0219288694174 0.749532632087
1334.76/376.41	labor 0.437436695403 0.253343525168 -0.0106444933003
1549.46/436.42	abalone 0.118444413089 0.0216862219472 0.784441940587
1778.63/499.20	diabetes 0.43711484906 0.262561757016 -0.0163062577466
1994.55/560.40	car 0.28570695324 0.123328481316 0.746979423795
2221.74/623.80	autos 0.274322514156 0.111531119812 0.318868725445
2431.24/681.98	mfeat-fourier 0.649639036655 0.576369028551 -0.601985440542
2662.18/746.66	primary-tumor 0.160068336239 0.0425958407546 0.689451441774
2884.48/810.41	waveform-5000 0.199102058949 0.0575966629513 0.700762641752
3104.11/871.70	credit-a 0.289503049999 0.112565437421 0.426447232785
3324.63/933.39	letter 0.230110513524 0.0714225992389 0.64129995956
3569.43/1001.54	postoperative-patient-data 0.280642537196 0.134263462957 0.0250134918726
3786.96/1063.54	vowel 0.378821839521 0.192430984297 0.27064281884
4019.02/1127.78	eucalyptus 0.401082856836 0.223414378761 -0.0711918393129
4250.35/1191.79	cylinder-bands 0.418606342623 0.218955363848 -0.110322026954
4471.11/1253.84	ionosphere 0.303848514148 0.128152879818 0.279767983653
4703.42/1319.24	mfeat-karhunen 0.130536631828 0.0251014134661 0.841930968682
4924.53/1381.94	balance-scale 0.253705582182 0.0940453901641 0.390453928024
5138.10/1442.33	mfeat-morphological 0.469820575287 0.322185382258 -0.288719045549
5360.61/1504.57	liver-disorders 0.306148749839 0.131823456737 0.0982756326122
5590.21/1569.39	dermatology 0.201480249026 0.0545931931692 0.515100827903
5811.28/1631.00	vote 0.0986311021314 0.0151654872124 0.751617187116
6039.09/1694.32	breast-cancer 0.328479781396 0.168257977328 -0.0126502544015
6268.26/1758.03	credit-g 0.323844463465 0.157846118049 -0.0626052385082
6493.04/1820.57	soybean 0.0994596229976 0.0159243056713 0.817079730588
6724.10/1884.74	arrhythmia 0.261627970933 0.088508652061 -0.0564573521076
6940.35/1947.29	nursery 0.319395961178 0.152219770283 0.649367378009
7260.38/2007.36	hepatitis 0.406349459718 0.247702225153 -0.0814633807431
7488.49/2070.29	cmc 0.277198816141 0.103553866129 0.244577727814
7708.70/2133.12	heart-c 0.178010172962 0.0517460510431 0.590042722186
7932.65/2194.39	glass 0.325889864587 0.150420307349 0.168532447293
8145.77/2253.64	braziltourism 0.502521310188 0.347000018992 -0.0246076370931
8362.25/2313.40	iris 0.2567499797 0.100364588324 0.302405135681
8585.55/2374.79	heart-statlog 0.194280268796 0.0583606823988 0.58071588747
8811.20/2435.98	page-blocks 0.386431707877 0.203414105188 -0.0037204051325
9034.33/2498.20	breast-w 0.209393303091 0.0637466888734 0.548891753693
9255.00/2559.38	heart-h 0.306575165464 0.144724460184 0.108245293312
9473.05/2620.18	yeast 0.127354918549 0.0231816975261 0.812757582952
9701.11/2683.51	tae 0.303215519534 0.143936407864 0.168395013775
9953.49/2753.73	haberman 0.290153501034 0.11914820605 0.251157046375
10183.79/2818.15	mfeat-pixel 0.350289723045 0.154114159359 0.206689659986
10411.07/2879.89	optdigits 0.0576834367793 0.00631896997808 0.896033894462
10634.98/2942.70	mfeat-factors 0.368449846482 0.184822730091 -0.168925766961
10853.30/3004.17	satimage 0.279752727893 0.099534689073 0.343806067289
11067.15/3064.03	lymph 0.227237793109 0.0747319898581 0.465508526104
11281.86/3123.13	audiology 0.262721914149 0.0963832192305 0.593970720257
11501.81/3184.34	ecoli 0.418997149527 0.240193579271 0.00966529339048
11722.25/3247.09	tic-tac-toe 0.34552279179 0.173857040844 0.416000200408
11955.31/3313.09	spambase 0.257693474393 0.0902738052116 0.711856378466
12181.08/3375.37	zoo 0.147740541726 0.0289539058272 0.693190993937
12401.73/3437.80	sonar 0.421665172202 0.241426825485 -0.222033868783
12626.46/3500.86	mfeat-zernike 0.187726250215 0.0501800404862 0.649783851539
12848.36/3562.13	kr-vs-kp 0.122375459342 0.0213463024399 0.795550984806
12848.85/3562.69	MAE 0.279099391271 0.1145594225
12848.85/3562.69	MSE 0.127861912027 0.127861912027
12848.85/3562.69	Mean tau 0.353863209395 0.35682775144
12848.85/3562.69	(2.245614035087719, '1_class_probability_max')
12848.85/3562.69	(2.5789473684210527, '0_class_probability_max')
12848.85/3562.69	(3.9649122807017543, '1_landmark_lda')
12848.85/3562.69	(4.105263157894737, '0_landmark_decision_tree')
12848.85/3562.69	(4.350877192982456, '0_landmark_lda')
12848.85/3562.69	(4.56140350877193, '1_landmark_decision_tree')
12848.85/3562.69	(5.666666666666667, '1_number_of_features')
12848.85/3562.69	(6.0, '0_number_of_features')
12848.85/3562.69	(8.75438596491228, '1_number_of_categorical_features')
12848.85/3562.69	(9.631578947368421, '1_landmark_naive_bayes')
12848.85/3562.69	(9.789473684210526, '0_landmark_naive_bayes')
12848.85/3562.69	(9.964912280701755, '0_number_of_categorical_features')
12848.85/3562.69	(10.614035087719298, '0_number_of_numeric_features')
12848.85/3562.69	(11.087719298245615, '1_number_of_numeric_features')
12848.85/3562.69	(13.280701754385966, '1_number_of_classes')
12848.85/3562.69	(13.403508771929825, '0_number_of_classes')
12848.85/3562.69	Result for ParamILS: SAT, 3556.746137, 1, 0.279099, -1, /home/feurerm/thesis/Software/pyMetaLearn/optimizers/metalearn_optimizer/learn_distances.py
