0.86/7.77	['/home/feurerm/thesis/Software/pyMetaLearn/optimizers/metalearn_optimizer/learn_distances.py', '--input_file', '/home/feurerm/thesis/experiments/2014_04_25_predict_distances/testfold_0-3_pfahringer_spearman_rank_cv_perm.pkl', '--fold', '0', '--folds', '1', '--params', '-max_features', '0.782864871456', '-min_samples_leaf', '5', '-min_samples_split', '5', '-n_estimators', '81', '-n_jobs', '4', '-seed', '59']
1.32/8.23	Metafeatures (57, 8)
1.32/8.23	X (287280, 16)
1.32/8.23	Y (287280,)
1.32/8.23	Dataset Mae MSE Rho
597.31/169.01	vehicle 0.31060506181 0.122699738109 0.38825995022
1155.81/321.56	anneal.ORIG 0.231138382607 0.0744197487734 0.497391051012
1762.66/482.81	segment 0.196472611549 0.0559009059346 0.814929504902
2348.96/640.60	pendigits 0.211201877616 0.0591575109472 0.707741139627
2942.62/805.80	mushroom 0.129790252439 0.026998002455 0.711596812672
3510.82/962.44	labor 0.534958312558 0.371293814279 -0.298129563224
4072.38/1117.44	abalone 0.112341508003 0.0193841338112 0.783185104087
4666.44/1283.73	diabetes 0.44074444306 0.268508163065 0.00737338392058
5233.04/1441.71	car 0.267964671779 0.105318667853 0.661911981747
5847.34/1613.01	autos 0.288483205727 0.120172628706 0.289947532538
6378.58/1758.12	mfeat-fourier 0.649545568565 0.576636608172 -0.609211279864
7064.88/1943.70	primary-tumor 0.168771447391 0.045937820632 0.638740532274
7684.27/2115.34	waveform-5000 0.192567829074 0.0539589045789 0.718482582888
8293.61/2283.91	credit-a 0.322099804787 0.139936117293 0.314913014901
8871.40/2444.17	letter 0.282593822845 0.105871928644 0.549023542833
9508.73/2616.86	postoperative-patient-data 0.300577894627 0.150860557916 0.00247643870425
10002.40/2746.62	vowel 0.368671991949 0.183706460931 0.32437200728
10562.30/2895.83	eucalyptus 0.492143301536 0.340825140738 -0.274477258905
11079.32/3035.43	cylinder-bands 0.45947333782 0.259545721994 -0.110323901343
11585.29/3170.47	ionosphere 0.292442319015 0.119280072688 0.331712979821
12137.65/3316.58	mfeat-karhunen 0.114561742619 0.0206088744609 0.846218333687
12664.26/3459.71	balance-scale 0.256250910217 0.0952805341854 0.362936770984
13195.76/3601.34	mfeat-morphological 0.516210667409 0.400046960748 -0.355752868264
13736.49/3752.06	liver-disorders 0.302476943925 0.130368072166 0.067620728136
14281.85/3898.01	dermatology 0.218531300627 0.0631850168267 0.493371994339
14807.24/4039.40	vote 0.0994296411396 0.0156034853959 0.754054192775
15318.79/4182.37	breast-cancer 0.347566719801 0.201211978531 -0.0463060825708
15850.14/4328.31	credit-g 0.288957177859 0.126046889861 0.13190868219
16380.95/4469.50	soybean 0.0994188933301 0.0163347576379 0.786291202488
16930.38/4622.28	arrhythmia 0.194043322485 0.0581165025289 0.0361009864924
17437.07/4759.69	nursery 0.390891798067 0.242887670468 0.173323265846
17942.33/4895.00	hepatitis 0.404137828076 0.245399029869 -0.0967587857035
18516.34/5051.10	cmc 0.275379322104 0.106174009094 0.251623781546
19031.91/5190.43	heart-c 0.183065776331 0.0540604470141 0.583852146944
19540.92/5327.36	glass 0.32344448954 0.151505713143 0.192772655914
20038.71/5467.73	braziltourism 0.499392162617 0.34038912062 -0.0377722579428
20533.07/5599.10	iris 0.301016848033 0.139777642098 0.170125359863
21034.55/5732.19	heart-statlog 0.192013509115 0.0577958190857 0.576900991372
21529.75/5865.54	page-blocks 0.428937060958 0.232253060735 -0.00555870931973
22035.67/6000.11	breast-w 0.19831101338 0.0571357809606 0.580256789787
22534.52/6133.52	heart-h 0.300814676001 0.142415063932 0.146204442587
23028.05/6267.82	yeast 0.105864875879 0.0165697644229 0.825695173263
23544.13/6403.47	tae 0.321008632216 0.160163384593 0.11393797222
24126.54/6560.18	haberman 0.270657117263 0.104551613668 0.306550828721
24632.48/6693.43	mfeat-pixel 0.367745904443 0.171728364327 0.168017584732
25143.73/6830.38	optdigits 0.058535369654 0.00638929543385 0.895153691086
25646.34/6962.40	mfeat-factors 0.523814459593 0.376175111092 -0.49787631298
26140.71/7093.27	satimage 0.283696072938 0.106923922262 0.286851349369
26637.31/7223.72	lymph 0.242861340805 0.0853955120634 0.420503643161
27114.11/7353.56	audiology 0.255545025061 0.0909806783144 0.588980278494
27615.78/7490.17	ecoli 0.416710319855 0.241312729441 -0.0061871967216
28111.69/7625.42	tic-tac-toe 0.436508611723 0.270347826662 -0.0521730728588
28634.81/7768.90	spambase 0.285293539017 0.109139786504 0.664666152994
29141.00/7905.28	zoo 0.140094320821 0.026764631132 0.707248862188
29647.51/8042.93	sonar 0.413167954245 0.232877802336 -0.209464879416
30149.10/8176.01	mfeat-zernike 0.184794008486 0.0483378594335 0.65472633289
30642.18/8309.94	kr-vs-kp 0.135050950958 0.0269782863557 0.766408946599
30642.79/8310.52	MAE 0.291733121953 0.128669476236
30642.79/8310.52	MSE 0.143362204297 0.143362204297
30642.79/8310.52	Mean tau 0.310427518087 0.372493726802
30642.79/8310.52	(1.8070175438596492, '1_class_probability_max')
30642.79/8310.52	(2.43859649122807, '0_class_probability_max')
30642.79/8310.52	(4.157894736842105, '0_landmark_lda')
30642.79/8310.52	(4.315789473684211, '0_landmark_decision_tree')
30642.79/8310.52	(4.578947368421052, '1_landmark_lda')
30642.79/8310.52	(4.964912280701754, '1_number_of_features')
30642.79/8310.52	(5.0701754385964914, '0_number_of_features')
30642.79/8310.52	(5.350877192982456, '1_landmark_decision_tree')
30642.79/8310.52	(9.035087719298245, '1_number_of_numeric_features')
30642.79/8310.52	(9.350877192982455, '0_number_of_numeric_features')
30642.79/8310.52	(10.298245614035087, '0_number_of_categorical_features')
30642.79/8310.52	(10.75438596491228, '1_number_of_categorical_features')
30642.79/8310.52	(10.929824561403509, '1_landmark_naive_bayes')
30642.79/8310.52	(11.070175438596491, '0_landmark_naive_bayes')
30642.79/8310.52	(12.912280701754385, '1_number_of_classes')
30642.79/8310.52	(12.964912280701755, '0_number_of_classes')
30642.79/8310.52	Result for ParamILS: SAT, 8302.749417, 1, 0.291733, -1, /home/feurerm/thesis/Software/pyMetaLearn/optimizers/metalearn_optimizer/learn_distances.py
