0.71/0.98	['/home/feurerm/thesis/Software/pyMetaLearn/optimizers/metalearn_optimizer/learn_distances.py', '--input_file', '/home/feurerm/thesis/experiments/2014_04_25_predict_distances/testfold_0-3_pfahringer_spearman_rank_cv_perm.pkl', '--fold', '0', '--folds', '1', '--params', '-max_features', '0.706750631048', '-min_samples_leaf', '6', '-min_samples_split', '6', '-n_estimators', '30', '-n_jobs', '4', '-seed', '66']
1.09/1.38	Metafeatures (57, 8)
1.09/1.38	X (287280, 16)
1.09/1.38	Y (287280,)
1.09/1.38	Dataset Mae MSE Rho
177.25/51.51	vehicle 0.310643892595 0.121642212558 0.396043141514
350.16/102.19	anneal.ORIG 0.242432312171 0.0826092899883 0.453877664807
531.40/152.17	segment 0.195621246003 0.0546309851533 0.810492558737
709.94/203.14	pendigits 0.225494467454 0.0694970631872 0.689394187787
880.27/251.56	mushroom 0.128906178586 0.0269983991193 0.707395290061
1045.42/298.52	labor 0.494783069814 0.323891024696 -0.264818334913
1215.50/347.08	abalone 0.120284613928 0.0223876820376 0.760605329493
1388.87/398.23	diabetes 0.435223714396 0.264239142946 0.0256852372082
1563.19/447.53	car 0.263293681684 0.103182731558 0.722100888167
1738.12/497.12	autos 0.282880923494 0.119477271494 0.304239631646
1902.45/544.21	mfeat-fourier 0.652384863387 0.580144965654 -0.611253089116
2097.54/600.53	primary-tumor 0.163175240267 0.0440260360655 0.664216405337
2270.16/651.73	waveform-5000 0.180488366195 0.0492332874358 0.681172021517
2443.45/701.79	credit-a 0.319283722132 0.138117500944 0.345089818079
2615.16/749.75	letter 0.285453921568 0.106565653688 0.549230987099
2812.23/805.33	postoperative-patient-data 0.28654625953 0.139954714401 0.032506034768
2985.46/854.63	vowel 0.361017351461 0.178044788253 0.345493366014
3177.43/908.85	eucalyptus 0.50418991296 0.356786575365 -0.298729010174
3355.15/959.50	cylinder-bands 0.451949941237 0.252610346333 -0.111199996907
3525.69/1012.73	ionosphere 0.297698924602 0.123287862882 0.294773474459
3709.51/1063.53	mfeat-karhunen 0.119847947158 0.0228883084409 0.836509003559
3881.51/1113.20	balance-scale 0.259625254478 0.0963374074667 0.350720970491
4050.06/1162.74	mfeat-morphological 0.504437720772 0.383019221562 -0.312640568595
4226.25/1212.99	liver-disorders 0.287522851122 0.11721480143 0.138442179576
4404.76/1263.76	dermatology 0.205086711612 0.0552159957543 0.51259845535
4585.13/1316.41	vote 0.100245252041 0.0159057458145 0.749452678069
4756.46/1364.36	breast-cancer 0.346514315191 0.195884825242 -0.040997412308
4933.69/1415.81	credit-g 0.307787212644 0.146005874846 0.00981022358403
5109.89/1467.03	soybean 0.0984779356028 0.0161103649503 0.791651728097
5291.54/1521.14	arrhythmia 0.213932766829 0.0651938815492 -0.0306478490521
5459.21/1568.77	nursery 0.390793232189 0.237030538785 0.292780874389
5627.98/1616.09	hepatitis 0.405892286126 0.246231516158 -0.0871293156976
5815.74/1670.75	cmc 0.28053572521 0.109821325543 0.232863968976
5989.17/1721.50	heart-c 0.181735245465 0.0540940734159 0.58281304735
6159.97/1770.43	glass 0.316894198157 0.145684080734 0.190966643602
6331.07/1819.40	braziltourism 0.48805602427 0.329327827972 -0.0488092427369
6498.21/1868.89	iris 0.289767724472 0.130438290834 0.23658098954
6670.73/1919.01	heart-statlog 0.189973193545 0.0567120211961 0.585690216222
6839.45/1968.52	page-blocks 0.425245907308 0.232244525885 -0.0119956730485
7012.62/2017.38	breast-w 0.190031622966 0.0538736578444 0.58228845746
7189.73/2067.83	heart-h 0.296121207099 0.135911335398 0.0938557012895
7358.27/2116.93	yeast 0.105023561785 0.0165183539166 0.820025412172
7540.56/2167.96	tae 0.326929533943 0.165838011486 0.103790092432
7743.39/2224.65	haberman 0.277898309149 0.111263790081 0.249328290953
7919.82/2276.18	mfeat-pixel 0.375576731801 0.177865817364 0.13726621251
8096.88/2328.20	optdigits 0.0599569301831 0.00665626392225 0.891727113877
8270.57/2380.00	mfeat-factors 0.461229448707 0.294526936367 -0.385457759475
8437.75/2426.83	satimage 0.258166423287 0.0912249528501 0.390531590956
8610.63/2475.36	lymph 0.226492202794 0.0746453951746 0.462600767249
8775.57/2525.79	audiology 0.255246675113 0.0898989138255 0.560761955966
8943.85/2574.50	ecoli 0.43105074014 0.258061862644 -0.032328906398
9110.89/2622.43	tic-tac-toe 0.444121344721 0.289562110363 -0.198841284566
9294.06/2675.29	spambase 0.26830380775 0.0966596922584 0.705678266628
9468.05/2725.96	zoo 0.142509627797 0.0278614445303 0.696068328805
9639.52/2776.42	sonar 0.396666984443 0.216747705844 -0.131166264363
9813.88/2825.03	mfeat-zernike 0.181115316411 0.0460139432433 0.681574417113
9984.82/2874.81	kr-vs-kp 0.131015741669 0.0255011123413 0.771740754627
9985.02/2875.05	MAE 0.288448777499 0.125399412271
9985.02/2875.05	MSE 0.140198587031 0.140198587031
9985.02/2875.05	Mean tau 0.313586310003 0.370347810421
9985.02/2875.05	(1.9473684210526316, '0_class_probability_max')
9985.02/2875.05	(2.280701754385965, '1_class_probability_max')
9985.02/2875.05	(4.56140350877193, '1_landmark_decision_tree')
9985.02/2875.05	(4.754385964912281, '0_landmark_lda')
9985.02/2875.05	(4.859649122807017, '0_landmark_decision_tree')
9985.02/2875.05	(5.0, '1_landmark_lda')
9985.02/2875.05	(5.0, '1_number_of_features')
9985.02/2875.05	(5.456140350877193, '0_number_of_features')
9985.02/2875.05	(9.210526315789474, '0_number_of_numeric_features')
9985.02/2875.05	(9.368421052631579, '1_number_of_numeric_features')
9985.02/2875.05	(9.807017543859649, '1_number_of_categorical_features')
9985.02/2875.05	(10.43859649122807, '0_landmark_naive_bayes')
9985.02/2875.05	(10.649122807017545, '0_number_of_categorical_features')
9985.02/2875.05	(10.736842105263158, '1_landmark_naive_bayes')
9985.02/2875.05	(12.789473684210526, '1_number_of_classes')
9985.02/2875.05	(13.140350877192983, '0_number_of_classes')
9985.02/2875.05	Result for ParamILS: SAT, 2874.067964, 1, 0.288449, -1, /home/feurerm/thesis/Software/pyMetaLearn/optimizers/metalearn_optimizer/learn_distances.py
