0.72/1.54	['/home/feurerm/thesis/Software/pyMetaLearn/optimizers/metalearn_optimizer/learn_distances.py', '--input_file', '/home/feurerm/thesis/experiments/2014_04_25_predict_distances/testfold_0-3_pfahringer_spearman_rank_cv_perm.pkl', '--fold', '0', '--folds', '1', '--params', '-max_features', '0.862375615317', '-min_samples_leaf', '4', '-min_samples_split', '5', '-n_estimators', '45', '-n_jobs', '4', '-seed', '50']
1.12/1.94	Metafeatures (57, 8)
1.12/1.94	X (287280, 16)
1.12/1.94	Y (287280,)
1.12/1.94	Dataset Mae MSE Rho
303.22/85.29	vehicle 0.310169499308 0.120217631919 0.388820729151
610.90/169.36	anneal.ORIG 0.246971254396 0.0864055313541 0.407896831364
921.80/254.91	segment 0.201765638542 0.0592244761828 0.796063253493
1242.62/344.81	pendigits 0.218694080313 0.0639476654272 0.68951231051
1540.68/426.56	mushroom 0.13947334413 0.0317224122762 0.684132441276
1832.86/506.82	labor 0.579952603933 0.433138589261 -0.332993231404
2129.94/592.04	abalone 0.118106640353 0.0212850093061 0.775154293321
2438.42/679.46	diabetes 0.430802273106 0.261814597404 0.0678592447084
2741.31/766.74	car 0.250319815733 0.093062993275 0.762359266746
3062.37/852.62	autos 0.291897333038 0.122245759403 0.276066189697
3354.44/934.70	mfeat-fourier 0.652443710324 0.580449915614 -0.607277409198
3678.77/1022.85	primary-tumor 0.162249483931 0.0437464975426 0.65106463199
3991.39/1111.70	waveform-5000 0.181803920202 0.0489802480423 0.706768065274
4301.28/1201.77	credit-a 0.328501655758 0.147377619861 0.297112433716
4615.80/1293.92	letter 0.308968243263 0.127941291586 0.469212391536
5003.78/1399.83	postoperative-patient-data 0.313111072037 0.159905979562 -0.0155182831431
5345.02/1496.88	vowel 0.372986295577 0.188192609967 0.299550062004
5817.45/1630.45	eucalyptus 0.485955688202 0.333750338918 -0.23444633578
6240.83/1748.18	cylinder-bands 0.47428290406 0.279995150752 -0.0893602568685
6615.13/1855.74	ionosphere 0.277273332113 0.10856653876 0.377290194418
6993.41/1966.48	mfeat-karhunen 0.117671458916 0.0218747081175 0.844398291244
7360.42/2072.12	balance-scale 0.26461428444 0.102949763402 0.303959222574
7735.89/2181.18	mfeat-morphological 0.507427237537 0.389949384063 -0.314213927095
8106.93/2285.34	liver-disorders 0.289361702978 0.119880903315 0.105608558482
8504.13/2395.80	dermatology 0.218201129074 0.0629394452197 0.496689174585
8867.50/2497.22	vote 0.103235042512 0.0170016940583 0.743101037488
9226.20/2599.56	breast-cancer 0.343370438601 0.190749337749 -0.0524742519714
9572.20/2697.88	credit-g 0.288565330408 0.125562267795 0.16827664321
9957.74/2810.49	soybean 0.104623912465 0.0180651454739 0.752604856555
10364.21/2927.02	arrhythmia 0.199035103489 0.0596257869506 0.0304931818542
10713.00/3026.32	nursery 0.408720688504 0.262450242944 0.223680326702
11057.83/3123.73	hepatitis 0.410167832158 0.251583047877 -0.0808825207728
11458.88/3238.42	cmc 0.265604870646 0.0991537538648 0.281276010568
11826.37/3342.16	heart-c 0.183926640922 0.0542226266343 0.587429614819
12188.87/3444.83	glass 0.292440979515 0.124556000129 0.295096326689
12535.18/3546.05	braziltourism 0.48966764423 0.328371695276 -0.0489216237915
12865.41/3637.79	iris 0.300152122812 0.139444041484 0.147640930695
13213.48/3734.06	heart-statlog 0.194861570923 0.0602582652384 0.567010797512
13560.94/3833.65	page-blocks 0.425384106815 0.231907424895 -0.0129795673097
13913.35/3932.50	breast-w 0.182406633057 0.049224536637 0.590514284762
14247.76/4027.36	heart-h 0.302202604245 0.14368487618 0.140891355779
14603.87/4132.76	yeast 0.103227870579 0.0157882486204 0.827769159113
14998.25/4242.44	tae 0.327321243362 0.166814641131 0.113066176254
15396.05/4358.63	haberman 0.275682227895 0.108519262642 0.287955216904
15762.21/4464.66	mfeat-pixel 0.363639470103 0.169016031826 0.162906188803
16132.31/4567.15	optdigits 0.0581363458257 0.0062937501304 0.894742842198
16505.75/4675.63	mfeat-factors 0.527718801619 0.380439647044 -0.505455532189
16861.54/4774.59	satimage 0.270022474729 0.0986850845802 0.344892325286
17208.31/4873.22	lymph 0.254927400649 0.0948937431104 0.377187599036
17556.02/4971.45	audiology 0.253848849352 0.0886857196774 0.54986823898
17914.92/5072.24	ecoli 0.459150752737 0.294275343332 -0.112010810798
18246.94/5171.28	tic-tac-toe 0.416031497764 0.252903298747 -0.0943799005816
18605.32/5269.96	spambase 0.289000252905 0.114121108334 0.622158115952
18937.82/5362.46	zoo 0.146165269986 0.0298516092788 0.676785387173
19312.71/5468.41	sonar 0.407322826924 0.227545756424 -0.17311255148
19660.04/5569.68	mfeat-zernike 0.177502245066 0.0447976366568 0.672920553018
20008.38/5672.81	kr-vs-kp 0.139910440334 0.0299343738923 0.743724290063
20008.88/5673.33	MAE 0.293104878814 0.130133904996
20008.88/5673.33	MSE 0.145403351915 0.145403351915
20008.88/5673.33	Mean tau 0.307499699002 0.367521847526
20008.88/5673.33	(1.8245614035087718, '1_class_probability_max')
20008.88/5673.33	(2.3684210526315788, '0_class_probability_max')
20008.88/5673.33	(3.9473684210526314, '0_landmark_lda')
20008.88/5673.33	(4.56140350877193, '1_number_of_features')
20008.88/5673.33	(5.087719298245614, '0_landmark_decision_tree')
20008.88/5673.33	(5.087719298245614, '1_landmark_decision_tree')
20008.88/5673.33	(5.175438596491228, '1_landmark_lda')
20008.88/5673.33	(5.5964912280701755, '0_number_of_features')
20008.88/5673.33	(8.649122807017545, '1_number_of_numeric_features')
20008.88/5673.33	(8.929824561403509, '0_number_of_numeric_features')
20008.88/5673.33	(9.491228070175438, '0_number_of_categorical_features')
20008.88/5673.33	(10.596491228070175, '1_number_of_categorical_features')
20008.88/5673.33	(11.192982456140351, '1_landmark_naive_bayes')
20008.88/5673.33	(11.473684210526315, '0_landmark_naive_bayes')
20008.88/5673.33	(12.859649122807017, '0_number_of_classes')
20008.88/5673.33	(13.157894736842104, '1_number_of_classes')
20008.88/5673.33	Result for ParamILS: SAT, 5671.795967, 1, 0.293105, -1, /home/feurerm/thesis/Software/pyMetaLearn/optimizers/metalearn_optimizer/learn_distances.py
