0.71/1.00	['/home/feurerm/thesis/Software/pyMetaLearn/optimizers/metalearn_optimizer/learn_distances.py', '--input_file', '/home/feurerm/thesis/experiments/2014_04_25_predict_distances/testfold_0-3_pfahringer_spearman_rank_cv_perm.pkl', '--fold', '0', '--folds', '1', '--params', '-max_features', '0.658772968701', '-min_samples_leaf', '9', '-min_samples_split', '10', '-n_estimators', '9', '-n_jobs', '4', '-seed', '18']
1.19/1.44	Metafeatures (57, 8)
1.19/1.44	X (287280, 16)
1.19/1.44	Y (287280,)
1.19/1.44	Dataset Mae MSE Rho
51.58/19.62	vehicle 0.289733834139 0.11270299507 0.426144292831
100.02/37.44	anneal.ORIG 0.27613764567 0.109691607005 0.293915240176
151.14/56.23	segment 0.184806970638 0.0512406810623 0.761755970065
201.71/76.01	pendigits 0.232895680077 0.079143593521 0.638006502013
249.74/93.92	mushroom 0.14522280332 0.0344972716762 0.663586822162
297.78/111.51	labor 0.411819456217 0.232323528377 0.069457463244
344.34/128.77	abalone 0.123428857869 0.0231976844561 0.759720153293
393.95/146.76	diabetes 0.427844435509 0.251152094028 -0.0342256001096
441.50/164.79	car 0.203122868018 0.0618370879157 0.655116770679
489.68/182.79	autos 0.271513536472 0.114094598726 0.319184351944
536.38/199.41	mfeat-fourier 0.652801851205 0.583828702324 -0.605025058541
587.51/218.14	primary-tumor 0.159772092159 0.0436327649251 0.625979576871
635.85/235.41	waveform-5000 0.234284965514 0.0843201836838 0.488742094463
685.32/253.84	credit-a 0.334271300166 0.152953265908 0.284547873961
733.69/271.32	letter 0.278281877976 0.110943714628 0.45932916335
792.25/293.79	postoperative-patient-data 0.273512806126 0.126748376913 0.0574400196713
839.70/311.41	vowel 0.374067019244 0.194563227245 0.280438356694
892.52/330.13	eucalyptus 0.445876086473 0.277807055618 -0.149488066915
945.59/350.50	cylinder-bands 0.464913469135 0.269567082739 -0.114784177126
994.74/368.69	ionosphere 0.314340143221 0.139192659937 0.251949269631
1043.58/386.70	mfeat-karhunen 0.122323274644 0.022888472329 0.811063651365
1091.51/404.70	balance-scale 0.275342196625 0.114273981682 0.278943878704
1141.05/423.12	mfeat-morphological 0.483209471975 0.352786967388 -0.214947187475
1190.61/441.71	liver-disorders 0.311408093187 0.138904653236 0.0629681584827
1240.45/460.06	dermatology 0.213857514533 0.0631399722933 0.486159504672
1289.82/478.08	vote 0.100757440305 0.0165014256556 0.75291092159
1337.40/495.10	breast-cancer 0.352791183415 0.210323971745 -0.00688361560275
1387.83/513.35	credit-g 0.309406136988 0.145918000013 0.00331233316558
1436.82/531.61	soybean 0.104646884154 0.018483040643 0.763999566624
1489.89/551.04	arrhythmia 0.260149671529 0.0979164182726 -0.124380779185
1538.20/568.68	nursery 0.38595917761 0.228031896991 0.358713551176
1586.29/587.25	hepatitis 0.37938625001 0.224319549844 -0.102158352659
1639.72/606.73	cmc 0.272236217115 0.101797034003 0.257082518613
1687.41/623.91	heart-c 0.181580368813 0.0537681561992 0.586811558
1736.66/641.06	glass 0.316261234473 0.145108864613 0.202025221294
1784.09/658.46	braziltourism 0.474061761613 0.310219283337 -0.0300608695761
1831.71/676.08	iris 0.298402268605 0.137631557527 0.207152113075
1880.89/695.03	heart-statlog 0.191534915801 0.0580233924082 0.574534117867
1929.76/713.07	page-blocks 0.429702407014 0.240897504774 -0.0140013666172
1979.15/730.98	breast-w 0.197969240295 0.0609101934772 0.492200419736
2028.82/748.91	heart-h 0.324612623952 0.160954443213 0.000852663035647
2077.35/767.26	yeast 0.107146585637 0.018630312233 0.794611951824
2128.11/786.58	tae 0.341911301974 0.18289848971 0.0868735642672
2183.59/806.38	haberman 0.287185905538 0.122520907193 0.219813029549
2232.53/824.52	mfeat-pixel 0.363127004535 0.170610907532 0.171639500842
2282.61/842.83	optdigits 0.0651023435646 0.00799048080402 0.878931172586
2331.25/861.08	mfeat-factors 0.382554118844 0.201851728087 -0.146866319182
2380.50/879.20	satimage 0.286673260027 0.115225847676 0.293370488111
2436.90/897.14	lymph 0.246807303708 0.0898943218428 0.376142921652
2483.34/913.85	audiology 0.263148014251 0.0949120737654 0.506320630732
2531.08/931.39	ecoli 0.459389701969 0.292857676245 -0.0553643690592
2580.84/950.17	tic-tac-toe 0.379175471291 0.217379399334 0.183251939651
2635.27/970.23	spambase 0.257904374401 0.0914716764431 0.598510009459
2685.28/988.26	zoo 0.130688167087 0.0248754405991 0.727890663745
2734.05/1006.28	sonar 0.404288779607 0.225556341522 -0.152704022961
2782.76/1024.07	mfeat-zernike 0.184113673969 0.0477606377284 0.666874737958
2831.18/1042.68	kr-vs-kp 0.165856656031 0.0386822210718 0.714844605942
2831.29/1042.72	MAE 0.287882784109 0.116781504209
2831.29/1042.72	MSE 0.138585182758 0.138585182758
2831.29/1042.72	Mean tau 0.304249640873 0.332366039624
2831.29/1042.72	(2.175438596491228, '0_class_probability_max')
2831.29/1042.72	(2.5964912280701755, '1_class_probability_max')
2831.29/1042.72	(3.9649122807017543, '1_landmark_decision_tree')
2831.29/1042.72	(4.421052631578948, '1_number_of_features')
2831.29/1042.72	(4.771929824561403, '0_number_of_features')
2831.29/1042.72	(4.824561403508772, '0_landmark_lda')
2831.29/1042.72	(5.350877192982456, '1_landmark_lda')
2831.29/1042.72	(6.368421052631579, '0_landmark_decision_tree')
2831.29/1042.72	(9.56140350877193, '0_number_of_numeric_features')
2831.29/1042.72	(9.68421052631579, '1_number_of_numeric_features')
2831.29/1042.72	(10.350877192982455, '1_number_of_categorical_features')
2831.29/1042.72	(10.403508771929825, '0_landmark_naive_bayes')
2831.29/1042.72	(10.526315789473685, '1_landmark_naive_bayes')
2831.29/1042.72	(11.0, '0_number_of_categorical_features')
2831.29/1042.72	(11.771929824561404, '1_number_of_classes')
2831.29/1042.72	(12.228070175438596, '0_number_of_classes')
2831.29/1042.72	Result for ParamILS: SAT, 1041.720534, 1, 0.287883, -1, /home/feurerm/thesis/Software/pyMetaLearn/optimizers/metalearn_optimizer/learn_distances.py
