0.85/9.66	['/home/feurerm/thesis/Software/pyMetaLearn/optimizers/metalearn_optimizer/learn_distances.py', '--input_file', '/home/feurerm/thesis/experiments/2014_04_25_predict_distances/testfold_0-3_pfahringer_spearman_rank_cv_perm.pkl', '--fold', '0', '--folds', '1', '--params', '-max_features', '0.853205891256', '-min_samples_leaf', '8', '-min_samples_split', '2', '-n_estimators', '93', '-n_jobs', '4', '-seed', '19']
1.19/10.08	Metafeatures (57, 8)
1.19/10.08	X (287280, 16)
1.19/10.08	Y (287280,)
1.19/10.08	Dataset Mae MSE Rho
605.77/174.21	vehicle 0.309592882857 0.121248468379 0.390496516134
1203.11/337.09	anneal.ORIG 0.252380902888 0.0891145887633 0.431500715365
1833.92/504.67	segment 0.190202297145 0.0514880342467 0.831560577034
2447.01/671.10	pendigits 0.215979775929 0.0618117718105 0.69082651884
3053.47/832.96	mushroom 0.134743667624 0.0294769188785 0.697254410362
3631.37/985.83	labor 0.55233384841 0.39892222657 -0.337453231869
4235.34/1152.17	abalone 0.116535832178 0.0205384302467 0.78458979226
4856.21/1319.49	diabetes 0.435568983299 0.265093899264 0.0339312242506
5459.91/1478.23	car 0.259981961512 0.0993789906698 0.715052841204
6108.51/1650.08	autos 0.285566925616 0.121300418989 0.307768869461
6697.07/1803.69	mfeat-fourier 0.650256350479 0.577916674138 -0.611988996577
7405.92/1989.10	primary-tumor 0.189324227198 0.0532641005792 0.604123734328
8052.16/2157.78	waveform-5000 0.185258541941 0.0504505900351 0.731533355373
8672.06/2322.29	credit-a 0.321478831703 0.141290767919 0.315216840236
9277.97/2480.68	letter 0.318037203311 0.135067877163 0.446477286561
10033.12/2682.01	postoperative-patient-data 0.298597106063 0.145685413124 -0.00802525826889
10660.24/2847.17	vowel 0.363524048722 0.175725867278 0.341753354095
11390.53/3035.79	eucalyptus 0.523088989757 0.392293253831 -0.309494725772
12052.09/3208.89	cylinder-bands 0.467049271375 0.268484642557 -0.116599434301
12671.19/3370.37	ionosphere 0.276346953286 0.105772086508 0.370655420999
13324.71/3541.48	mfeat-karhunen 0.120201866079 0.0226300435042 0.844320956247
13943.14/3710.00	balance-scale 0.263171809853 0.101560729978 0.325161858169
14574.68/3886.17	mfeat-morphological 0.514202941049 0.398388642809 -0.337343812618
15230.61/4059.33	liver-disorders 0.290400754405 0.119847927149 0.116979973837
15885.08/4228.77	dermatology 0.221131275622 0.065742938199 0.483132888972
16523.19/4405.89	vote 0.0980128620971 0.0151872221283 0.755338231791
17138.95/4566.88	breast-cancer 0.345260618861 0.196744333174 -0.0468404609729
17793.31/4744.35	credit-g 0.289245073492 0.125816918356 0.14993743842
18427.58/4909.76	soybean 0.102255503765 0.0167840311788 0.786437367127
19101.15/5090.47	arrhythmia 0.197544060558 0.0596688296713 -0.0371534912065
19708.37/5250.13	nursery 0.403077099486 0.257549043111 0.232970215783
20302.52/5407.39	hepatitis 0.394801517072 0.235549480122 -0.0841945998
21019.11/5606.90	cmc 0.264252677588 0.0987593312971 0.284733270669
21639.77/5766.66	heart-c 0.182697573294 0.0543444518424 0.581635142897
22268.16/5930.03	glass 0.324347347684 0.151971015923 0.177431440084
22882.34/6092.95	braziltourism 0.496375936182 0.336746184311 -0.0418373513735
23496.03/6256.00	iris 0.300271236081 0.13855561395 0.179519064943
24127.97/6421.62	heart-statlog 0.192908813611 0.0573821550791 0.57333463596
24758.88/6592.97	page-blocks 0.421467271223 0.226152519087 -0.00254077794867
25403.16/6769.54	breast-w 0.200809566857 0.0591711578488 0.547685070654
26040.58/6940.62	heart-h 0.299161935153 0.139529770844 0.130546705426
26662.91/7102.67	yeast 0.101146181908 0.0154677313316 0.823950396913
