0.68/0.96	['/home/feurerm/thesis/Software/pyMetaLearn/optimizers/metalearn_optimizer/learn_distances.py', '--input_file', '/home/feurerm/thesis/experiments/2014_04_25_predict_distances/testfold_0-3_pfahringer_spearman_rank_cv_perm.pkl', '--fold', '0', '--folds', '1', '--params', '-max_features', '0.257573336213', '-min_samples_leaf', '9', '-min_samples_split', '5', '-n_estimators', '8', '-n_jobs', '4', '-seed', '66']
1.06/1.37	Metafeatures (57, 8)
1.06/1.37	X (287280, 16)
1.06/1.37	Y (287280,)
1.06/1.37	Dataset Mae MSE Rho
21.40/9.17	vehicle 0.299971399318 0.115507921537 0.437707135954
41.92/16.79	anneal.ORIG 0.260820895458 0.0969120166058 0.392922134256
62.85/24.27	segment 0.1960455276 0.056876074124 0.746409512189
84.04/31.74	pendigits 0.228416465689 0.0729433248235 0.65192087887
104.62/39.45	mushroom 0.122109644083 0.0242916618774 0.728260844861
124.25/47.19	labor 0.299341074927 0.125842812302 0.369268558061
144.22/54.61	abalone 0.147412116642 0.0339521466904 0.698824162868
164.75/62.20	diabetes 0.428664667206 0.25190814428 -0.0704356203252
185.62/69.69	car 0.230020856795 0.0787168454398 0.68309724459
206.27/77.46	autos 0.261328977725 0.108529059344 0.335302899926
225.70/84.74	mfeat-fourier 0.652723964891 0.58239392433 -0.588194614177
246.41/92.42	primary-tumor 0.202490629832 0.0626727478989 0.538808319794
266.55/99.85	waveform-5000 0.240957100592 0.0824349141385 0.448978935203
287.14/107.57	credit-a 0.284149775346 0.111242335455 0.424844820164
308.10/115.44	letter 0.267222890743 0.0999930111579 0.433542852705
330.50/123.69	postoperative-patient-data 0.298755188817 0.155533402137 0.0216360548404
351.07/131.36	vowel 0.356213152006 0.175317551297 0.341135887724
371.89/138.98	eucalyptus 0.380605488899 0.201178262605 -0.0289821909267
392.97/146.47	cylinder-bands 0.396953836448 0.20367111093 -0.0995610003989
412.91/153.54	ionosphere 0.311633560553 0.136096535957 0.237330483558
432.87/160.74	mfeat-karhunen 0.120489204748 0.0235854184648 0.807750503772
453.83/168.33	balance-scale 0.25318886694 0.0921885653166 0.347400783296
474.60/176.24	mfeat-morphological 0.410837229629 0.247986373525 -0.0599385643657
496.02/184.32	liver-disorders 0.328652229855 0.155343408697 0.00059394534086
517.79/192.64	dermatology 0.210204838602 0.0604067765039 0.482312060808
538.29/200.49	vote 0.117274519668 0.0210161377209 0.704684146993
560.20/209.04	breast-cancer 0.3312577327 0.17039498942 0.0407132307894
583.32/217.87	credit-g 0.328979802079 0.167275937354 -0.0712420682354
604.55/229.05	soybean 0.128816321058 0.0262804930962 0.689994291905
625.74/237.14	arrhythmia 0.33662562552 0.152112604948 -0.136239856119
646.17/244.97	nursery 0.323114569344 0.145575212113 0.370157070129
667.35/253.42	hepatitis 0.429770004887 0.271108328208 -0.077253371404
690.02/264.15	cmc 0.279601062895 0.110139186183 0.228733606497
711.29/272.15	heart-c 0.180772249768 0.0529097739711 0.586976844874
732.78/280.20	glass 0.359892923716 0.183280023978 0.022030235828
753.31/288.02	braziltourism 0.544385436039 0.410150232089 -0.076115201892
774.07/296.01	iris 0.25026253798 0.0985474690163 0.317912830337
798.13/305.02	heart-statlog 0.200705843331 0.0619657468297 0.558151067431
821.91/314.41	page-blocks 0.389187622764 0.213996173687 -0.0161662360974
843.18/322.37	breast-w 0.214613297654 0.0704901852132 0.469223656763
864.59/330.56	heart-h 0.319359732219 0.159033646886 0.12247370645
885.98/338.72	yeast 0.179482877445 0.0489072463822 0.691313963337
908.04/347.45	tae 0.302368779888 0.142428894368 0.151004916728
934.08/357.45	haberman 0.298986824353 0.130181524358 0.130072979176
957.09/366.13	mfeat-pixel 0.361936691672 0.167337261145 0.178517014686
979.51/374.34	optdigits 0.0695764396787 0.00867020660237 0.86960941029
1001.06/385.15	mfeat-factors 0.277221128457 0.11985206823 0.312428003632
1023.85/394.06	satimage 0.279336900905 0.108139457908 0.345355642522
1047.84/403.28	lymph 0.27078569593 0.107125581271 0.39361335731
1069.43/411.82	audiology 0.244297495893 0.0829662883141 0.520186084103
1090.58/420.04	ecoli 0.402069959307 0.218446573968 0.00134555238808
1111.68/428.12	tic-tac-toe 0.389242566974 0.215978770583 0.291387441532
1132.77/436.10	spambase 0.271760574581 0.105340651824 0.56722850336
1154.84/444.63	zoo 0.155526179195 0.0339583183411 0.658444574955
1178.86/453.91	sonar 0.38552471389 0.203692241785 -0.0634821127059
1200.75/462.35	mfeat-zernike 0.240234098388 0.0820797827925 0.490837383077
1223.07/470.92	kr-vs-kp 0.144748250704 0.0307769200304 0.733513897405
1223.07/470.96	MAE 0.28415663232 0.10555400075
1223.07/470.96	MSE 0.131152320597 0.131152320597
1223.07/470.96	Mean tau 0.320813098151 0.306758849961
1223.07/470.96	(2.2280701754385963, '0_class_probability_max')
1223.07/470.96	(2.6140350877192984, '1_class_probability_max')
1223.07/470.96	(3.473684210526316, '1_number_of_features')
1223.07/470.96	(3.754385964912281, '0_landmark_decision_tree')
1223.07/470.96	(5.280701754385965, '0_landmark_lda')
1223.07/470.96	(5.982456140350878, '0_number_of_features')
1223.07/470.96	(6.105263157894737, '1_landmark_decision_tree')
1223.07/470.96	(6.684210526315789, '1_landmark_lda')
1223.07/470.96	(7.280701754385965, '0_landmark_naive_bayes')
1223.07/470.96	(8.56140350877193, '1_landmark_naive_bayes')
1223.07/470.96	(9.31578947368421, '1_number_of_numeric_features')
1223.07/470.96	(11.140350877192983, '0_number_of_numeric_features')
1223.07/470.96	(11.192982456140351, '0_number_of_categorical_features')
1223.07/470.96	(11.491228070175438, '1_number_of_categorical_features')
1223.07/470.96	(12.24561403508772, '0_number_of_classes')
1223.07/470.96	(12.649122807017545, '1_number_of_classes')
1223.07/470.96	Result for ParamILS: SAT, 469.996484, 1, 0.284157, -1, /home/feurerm/thesis/Software/pyMetaLearn/optimizers/metalearn_optimizer/learn_distances.py
