0.85/3.22	['/home/feurerm/thesis/Software/pyMetaLearn/optimizers/metalearn_optimizer/learn_distances.py', '--input_file', '/home/feurerm/thesis/experiments/2014_04_25_predict_distances/testfold_0-3_pfahringer_spearman_rank_cv_perm.pkl', '--fold', '0', '--folds', '1', '--params', '-max_features', '0.580342281739', '-min_samples_leaf', '7', '-min_samples_split', '1', '-n_estimators', '80', '-n_jobs', '4', '-seed', '55']
1.24/3.65	Metafeatures (57, 8)
1.24/3.65	X (287280, 16)
1.24/3.65	Y (287280,)
1.24/3.65	Dataset Mae MSE Rho
369.97/101.42	vehicle 0.303874300125 0.115733612217 0.429159562081
738.00/201.39	anneal.ORIG 0.228089090555 0.0718254082294 0.600262180767
1120.50/305.78	segment 0.201613296314 0.0579778235761 0.820981433882
1493.94/407.49	pendigits 0.219351003945 0.0626232300832 0.714211109059
1855.71/503.97	mushroom 0.121461743222 0.0235791520798 0.731519645616
2210.63/599.37	labor 0.482672068517 0.306490133476 -0.233113213534
2567.20/693.04	abalone 0.11627922914 0.0208515730329 0.787385434587
2952.44/800.13	diabetes 0.4348158262 0.26180975423 0.0101655440216
3314.56/895.20	car 0.265546866199 0.105718845084 0.813080355252
3689.83/995.17	autos 0.276209739723 0.112935064821 0.3190756126
4041.57/1087.55	mfeat-fourier 0.643922548076 0.566765788651 -0.600241731392
4422.96/1189.52	primary-tumor 0.161880946406 0.0431739338931 0.69006424639
4801.38/1290.11	waveform-5000 0.201450104904 0.0595814291897 0.712937731111
5173.92/1391.65	credit-a 0.303146290221 0.12408609599 0.384642602926
5533.63/1486.45	letter 0.251167901298 0.0853253127816 0.620003599004
5956.03/1598.68	postoperative-patient-data 0.289983204403 0.143382806463 0.015874672522
6323.91/1697.86	vowel 0.3782552273 0.194195373984 0.280611530962
6725.91/1807.72	eucalyptus 0.466679099867 0.307624684598 -0.232289981652
7113.03/1911.78	cylinder-bands 0.431610933869 0.231463483476 -0.119529642762
7480.87/2010.61	ionosphere 0.307465211061 0.129108145423 0.287871359598
7861.93/2111.60	mfeat-karhunen 0.132457424894 0.0263182280854 0.847032181345
8226.81/2208.52	balance-scale 0.24952130546 0.089059995169 0.418700328254
8590.08/2308.43	mfeat-morphological 0.484581330448 0.350339112598 -0.294831275389
8967.77/2408.56	liver-disorders 0.293192122444 0.120259310838 0.109899739077
9349.83/2509.32	dermatology 0.202252011152 0.0546843122668 0.511508539576
9737.40/2614.34	vote 0.0999291480829 0.0155576586448 0.749002634313
10099.63/2714.65	breast-cancer 0.340639444216 0.190690259583 -0.0455047910462
10481.51/2817.09	credit-g 0.2906072326 0.127785680543 0.108359199295
10861.09/2917.99	soybean 0.0954129546178 0.0148667535251 0.821800609149
11255.89/3028.21	arrhythmia 0.231542042995 0.0707739177008 -0.0108366755215
11610.62/3123.48	nursery 0.352110565541 0.191806991693 0.478378946265
11972.28/3218.34	hepatitis 0.418932753863 0.259645494032 -0.0833791614509
12368.06/3324.09	cmc 0.282765401264 0.110481420858 0.217014476632
12742.73/3422.22	heart-c 0.17991721402 0.0531022353345 0.584227299612
13111.94/3523.53	glass 0.315991424607 0.141410393588 0.212640981191
13480.94/3624.87	braziltourism 0.488181387357 0.328569022237 -0.0243985960781
13847.44/3723.79	iris 0.29736647181 0.134368903065 0.152488748926
14227.46/3827.90	heart-statlog 0.192439325481 0.0572355331831 0.579539318805
14616.38/3934.03	page-blocks 0.405202153481 0.220253455774 -0.0281586712491
14992.44/4032.91	breast-w 0.185568146504 0.0506753124153 0.600402525869
15369.98/4136.94	heart-h 0.298057536929 0.139271077354 0.112118976222
15743.26/4235.76	yeast 0.114809776955 0.0191548261611 0.820890473931
16143.92/4342.46	tae 0.315840346138 0.155725137762 0.133856856851
16590.29/4460.76	haberman 0.27224249397 0.104010305759 0.304977755798
16979.88/4564.56	mfeat-pixel 0.339063574898 0.14407228231 0.248422317584
17368.98/4666.82	optdigits 0.0607475821079 0.00683329512441 0.890195070576
17762.00/4775.43	mfeat-factors 0.438490242581 0.265214865416 -0.350589173158
18145.28/4878.75	satimage 0.284014074597 0.105920883929 0.276353549588
18622.81/4980.52	lymph 0.232735745055 0.0784508467571 0.465585432435
18992.52/5077.49	audiology 0.248299729203 0.085952974079 0.652582601604
19363.87/5177.51	ecoli 0.430915870475 0.257192237245 -0.0645901965292
19752.53/5281.88	tic-tac-toe 0.387846686301 0.215461846791 0.256594853328
20169.36/5393.04	spambase 0.274239544595 0.100722726282 0.705159909826
20572.95/5504.07	zoo 0.146058456163 0.0286387215568 0.693296951729
20968.01/5608.45	sonar 0.419430321347 0.23950748175 -0.231308162309
21357.44/5712.07	mfeat-zernike 0.17786454478 0.0451107675566 0.673768369892
21759.16/5821.64	kr-vs-kp 0.128569447701 0.0231956547035 0.798148271672
21759.56/5822.07	MAE 0.28409316607 0.120001134245
21759.56/5822.07	MSE 0.134150378473 0.134150378473
21759.56/5822.07	Mean tau 0.338982846801 0.370832245903
21759.56/5822.07	(2.087719298245614, '1_class_probability_max')
21759.56/5822.07	(2.1578947368421053, '0_class_probability_max')
21759.56/5822.07	(3.736842105263158, '1_landmark_lda')
21759.56/5822.07	(4.421052631578948, '0_landmark_decision_tree')
21759.56/5822.07	(4.719298245614035, '1_landmark_decision_tree')
21759.56/5822.07	(4.7368421052631575, '0_landmark_lda')
21759.56/5822.07	(5.43859649122807, '1_number_of_features')
21759.56/5822.07	(5.859649122807017, '0_number_of_features')
21759.56/5822.07	(9.807017543859649, '0_landmark_naive_bayes')
21759.56/5822.07	(9.807017543859649, '1_number_of_numeric_features')
21759.56/5822.07	(9.824561403508772, '0_number_of_categorical_features')
21759.56/5822.07	(10.105263157894736, '0_number_of_numeric_features')
21759.56/5822.07	(10.368421052631579, '1_landmark_naive_bayes')
21759.56/5822.07	(10.403508771929825, '1_number_of_categorical_features')
21759.56/5822.07	(13.017543859649123, '1_number_of_classes')
21759.56/5822.07	(13.508771929824562, '0_number_of_classes')
21759.56/5822.07	Result for ParamILS: SAT, 5818.854060, 1, 0.284093, -1, /home/feurerm/thesis/Software/pyMetaLearn/optimizers/metalearn_optimizer/learn_distances.py
