0.71/0.96	['/home/feurerm/thesis/Software/pyMetaLearn/optimizers/metalearn_optimizer/learn_distances.py', '--input_file', '/home/feurerm/thesis/experiments/2014_04_25_predict_distances/testfold_0-3_pfahringer_spearman_rank_cv_perm.pkl', '--fold', '0', '--folds', '1', '--params', '-max_features', '0.264761242244', '-min_samples_leaf', '6', '-min_samples_split', '5', '-n_estimators', '47', '-n_jobs', '4', '-seed', '14']
1.09/1.39	Metafeatures (57, 8)
1.09/1.39	X (287280, 16)
1.09/1.39	Y (287280,)
1.09/1.39	Dataset Mae MSE Rho
109.56/32.39	vehicle 0.313705896378 0.123666845386 0.391472586424
219.15/63.37	anneal.ORIG 0.222678059817 0.0677356604714 0.713470597496
333.11/98.05	segment 0.18002510581 0.046096134745 0.824025554437
446.37/131.97	pendigits 0.224929960347 0.0653739131304 0.709399229992
556.37/163.46	mushroom 0.105690025892 0.0187132943056 0.776497784522
665.93/195.95	labor 0.336546974867 0.15578481048 0.321238463363
774.95/227.46	abalone 0.142361159932 0.0306805160748 0.755017042832
889.52/260.59	diabetes 0.426141360837 0.245249517029 -0.0402636369256
999.25/293.12	car 0.258970726663 0.1012896363 0.771138794223
1109.35/325.06	autos 0.265166627457 0.108133963056 0.341637348318
1214.88/355.05	mfeat-fourier 0.642736029736 0.568148040327 -0.589644457183
1324.81/387.15	primary-tumor 0.20601729735 0.0618719453529 0.55500549316
1433.93/418.94	waveform-5000 0.21128552602 0.0655889428856 0.667601363717
1541.95/449.97	credit-a 0.289329206063 0.112143387597 0.434921288425
1652.96/481.85	letter 0.23524230921 0.076608471118 0.63134366697
1771.57/515.82	postoperative-patient-data 0.283122662656 0.141951330241 -0.0330938848161
1879.83/547.16	vowel 0.39470039201 0.212024477072 0.203524365954
1994.17/579.84	eucalyptus 0.386438881791 0.207906023583 -0.0301332751899
2108.06/613.51	cylinder-bands 0.406114859833 0.210642551243 -0.143033624093
2216.44/644.23	ionosphere 0.302466568408 0.123355119325 0.280555647171
2330.54/676.88	mfeat-karhunen 0.148225757188 0.0316776944487 0.835525144695
2438.24/708.29	balance-scale 0.241810592543 0.0835490414113 0.414187166398
2544.93/738.84	mfeat-morphological 0.427873193307 0.260580391953 -0.170590661369
2655.57/771.15	liver-disorders 0.3009481057 0.126154363312 0.0220982693458
2766.91/803.55	dermatology 0.194922487536 0.0506272225445 0.528534737692
2879.69/836.51	vote 0.0971326668194 0.0147993130132 0.752659257293
2994.40/869.19	breast-cancer 0.317004460008 0.15614612565 0.0414994926176
3108.69/902.30	credit-g 0.305757274121 0.143444770635 -0.0403337311238
3222.50/935.25	soybean 0.104800724193 0.0170615629836 0.817597606125
3332.94/967.86	arrhythmia 0.310876966804 0.125892730994 -0.109471262032
3440.57/998.79	nursery 0.269507375677 0.104010004299 0.700998661588
3551.68/1030.92	hepatitis 0.386744316871 0.230124768513 -0.106434302007
3665.17/1065.47	cmc 0.259402309559 0.0917439208062 0.289823198094
3774.22/1096.85	heart-c 0.174247152671 0.0496692055385 0.594980067527
3884.70/1128.69	glass 0.358477712611 0.179211419428 0.0328127000218
3988.20/1158.32	braziltourism 0.496073272249 0.341680068878 -0.0394833061156
4095.58/1190.26	iris 0.243072916394 0.0902917599987 0.357245974411
4206.87/1222.86	heart-statlog 0.197360936085 0.0587400548964 0.58339532722
4320.93/1255.50	page-blocks 0.381453330344 0.203904471344 -0.0248106012449
4432.32/1287.42	breast-w 0.185907615759 0.0502623931025 0.612119685484
4543.23/1319.77	heart-h 0.308311395415 0.146151483831 0.122788654607
4652.02/1351.47	yeast 0.159678994385 0.0366538137264 0.764727841878
4765.84/1383.74	tae 0.300975866906 0.14166634396 0.180384500945
4891.34/1419.24	haberman 0.296581538669 0.124991737204 0.186603993801
5001.62/1451.68	mfeat-pixel 0.342216316187 0.145663294 0.257820396366
5112.38/1483.80	optdigits 0.0646490659372 0.00754606634571 0.88463941616
5222.72/1515.72	mfeat-factors 0.285710764887 0.110657081389 0.36485917791
5331.01/1546.41	satimage 0.283609048668 0.101763254811 0.339725291546
5436.09/1576.81	lymph 0.241704688527 0.0840177806737 0.470998832303
5540.47/1606.96	audiology 0.243881561132 0.0834427028667 0.653038733598
5649.28/1638.23	ecoli 0.402836778672 0.221194971625 0.0104147442974
5759.01/1669.62	tic-tac-toe 0.329066331406 0.158452716785 0.463501179083
5873.26/1702.40	spambase 0.274104475519 0.103555683095 0.64079704361
5982.41/1733.70	zoo 0.145865662194 0.028488962008 0.708494251044
6089.86/1764.37	sonar 0.421170285662 0.242144461176 -0.252086716933
6199.89/1796.71	mfeat-zernike 0.204758753219 0.0584565531412 0.612882416421
6314.30/1830.22	kr-vs-kp 0.122765568114 0.0210694497444 0.805146127567
6314.60/1830.57	MAE 0.274792208649 0.10669646967
6314.60/1830.57	MSE 0.122253547717 0.122253547717
6314.60/1830.57	Mean tau 0.36575034487 0.347523593555
6314.60/1830.57	(1.3508771929824561, '1_class_probability_max')
6314.60/1830.57	(3.017543859649123, '1_landmark_decision_tree')
6314.60/1830.57	(3.508771929824561, '0_landmark_decision_tree')
6314.60/1830.57	(3.6666666666666665, '0_landmark_lda')
6314.60/1830.57	(4.385964912280702, '0_class_probability_max')
6314.60/1830.57	(5.508771929824562, '0_number_of_features')
6314.60/1830.57	(5.912280701754386, '1_landmark_lda')
6314.60/1830.57	(5.912280701754386, '1_number_of_features')
6314.60/1830.57	(8.12280701754386, '1_number_of_categorical_features')
6314.60/1830.57	(8.666666666666666, '0_number_of_categorical_features')
6314.60/1830.57	(9.192982456140351, '1_landmark_naive_bayes')
6314.60/1830.57	(9.701754385964913, '0_landmark_naive_bayes')
6314.60/1830.57	(11.350877192982455, '1_number_of_numeric_features')
6314.60/1830.57	(12.280701754385966, '0_number_of_numeric_features')
6314.60/1830.57	(13.350877192982455, '0_number_of_classes')
6314.60/1830.57	(14.070175438596491, '1_number_of_classes')
6314.60/1830.57	Result for ParamILS: SAT, 1829.607170, 1, 0.274792, -1, /home/feurerm/thesis/Software/pyMetaLearn/optimizers/metalearn_optimizer/learn_distances.py
