0.74/2.00	['/home/feurerm/thesis/Software/pyMetaLearn/optimizers/metalearn_optimizer/learn_distances.py', '--input_file', '/home/feurerm/thesis/experiments/2014_04_25_predict_distances/testfold_0-3_pfahringer_spearman_rank_cv_perm.pkl', '--fold', '0', '--folds', '1', '--params', '-max_features', '0.90548029095', '-min_samples_leaf', '6', '-min_samples_split', '1', '-n_estimators', '44', '-n_jobs', '4', '-seed', '60']
1.14/2.40	Metafeatures (57, 8)
1.14/2.40	X (287280, 16)
1.14/2.40	Y (287280,)
1.14/2.40	Dataset Mae MSE Rho
315.34/85.18	vehicle 0.304266456273 0.117956194492 0.41739994892
628.17/168.89	anneal.ORIG 0.245131962331 0.0820710268107 0.394856787691
954.17/255.08	segment 0.183260275227 0.0471256693922 0.819526829547
1274.86/339.71	pendigits 0.207891914586 0.058625548735 0.70125490904
1589.45/426.21	mushroom 0.133895056597 0.0288800182956 0.699488767141
1892.70/507.38	labor 0.597548848349 0.46122368902 -0.35823202517
2198.59/588.22	abalone 0.114954001504 0.0202123715431 0.777449579901
2506.70/669.44	diabetes 0.426118630825 0.257592051312 0.0589449261502
2817.08/751.54	car 0.258260345063 0.0998187738613 0.609769541399
3141.46/838.97	autos 0.293580131708 0.126515114447 0.277540445222
3440.41/917.36	mfeat-fourier 0.652288233035 0.581966886094 -0.613897330918
3795.89/1011.12	primary-tumor 0.210140009726 0.0625148677323 0.571514673344
4126.53/1099.45	waveform-5000 0.182936178484 0.0499623707253 0.700973692489
4449.63/1183.75	credit-a 0.329114823125 0.148549108442 0.279666934355
4756.18/1264.87	letter 0.332642514218 0.14865879763 0.408021794903
5110.12/1358.47	postoperative-patient-data 0.325115033527 0.175244925769 -0.041063413052
5425.50/1441.88	vowel 0.372022799069 0.185318094305 0.306096099911
5779.62/1535.46	eucalyptus 0.515695298774 0.378831808071 -0.277184809645
6103.91/1626.17	cylinder-bands 0.477290558351 0.28160242418 -0.116039607474
6406.60/1706.26	ionosphere 0.28869690821 0.115380829435 0.328064228404
6734.33/1791.93	mfeat-karhunen 0.123109851521 0.0234690961839 0.83416899437
7047.85/1877.15	balance-scale 0.279191545801 0.115239419453 0.239151224853
7358.76/1959.34	mfeat-morphological 0.527205905038 0.415630419327 -0.348790791571
7691.92/2049.63	liver-disorders 0.287381762588 0.118383371318 0.0862699181041
8020.54/2139.40	dermatology 0.221552484651 0.065587654731 0.487582866907
8337.69/2225.46	vote 0.10300579553 0.0168410439061 0.746356609939
8641.91/2308.12	breast-cancer 0.350467377912 0.201138109819 -0.0457111271253
8956.75/2391.41	credit-g 0.279277809383 0.117741909075 0.191495420418
9276.14/2477.65	soybean 0.111496589047 0.0202548936412 0.732243558272
9606.54/2565.39	arrhythmia 0.195494452882 0.0607282457135 0.00732236398481
9919.70/2651.90	nursery 0.417502164123 0.278530215014 0.131511892532
10225.17/2733.20	hepatitis 0.401158628175 0.241819264426 -0.090718756789
10578.08/2826.68	cmc 0.297491129465 0.12392013168 0.205197485235
10890.19/2910.06	heart-c 0.185309764563 0.0557198275959 0.582712248335
11209.05/2994.86	glass 0.296747622806 0.128780519792 0.258471794505
11515.94/3075.45	braziltourism 0.507179042301 0.349576374648 -0.0456868562981
11823.96/3157.70	iris 0.313210321612 0.151377268876 0.128468963808
12142.69/3244.64	heart-statlog 0.196175641603 0.0605070765448 0.560518637598
12451.84/3327.22	page-blocks 0.448214531148 0.251739091213 -0.015786883654
12772.93/3415.29	breast-w 0.202152053864 0.0610171051602 0.53777479401
13093.03/3502.24	heart-h 0.293540605652 0.136941533516 0.142087382533
13398.19/3584.06	yeast 0.101750039167 0.0155752291246 0.824082672101
13720.83/3671.19	tae 0.320510721653 0.160515520794 0.125698786232
14081.82/3766.36	haberman 0.274008097223 0.108783970971 0.303550904687
14401.46/3852.35	mfeat-pixel 0.339113757959 0.149704143746 0.239031615637
14723.77/3939.57	optdigits 0.0565491594695 0.00608478757023 0.897244528846
15047.30/4026.07	mfeat-factors 0.536307074224 0.39715498143 -0.516320365545
15355.66/4107.71	satimage 0.258585556503 0.0925593755394 0.378273886831
15665.94/4189.76	lymph 0.241150574903 0.0844937685254 0.415960156063
15963.14/4269.87	audiology 0.260726463149 0.0960161416177 0.595703288022
16265.03/4350.14	ecoli 0.459667846914 0.302308105624 -0.146133960764
16573.05/4430.73	tic-tac-toe 0.435248139163 0.274510491132 -0.122210885974
16896.70/4515.29	spambase 0.291905777057 0.113445225158 0.629350337754
17212.76/4599.86	zoo 0.144195792621 0.0293017046167 0.681716289332
17525.36/4683.43	sonar 0.416332449517 0.235432818775 -0.191871626932
18079.75/4769.65	mfeat-zernike 0.18131403399 0.0470833493619 0.680841325274
18395.11/4853.64	kr-vs-kp 0.140465961463 0.0312280360657 0.738866111403
18395.41/4853.97	MAE 0.297290289537 0.133114214223
18395.41/4853.97	MSE 0.150301592842 0.150301592842
18395.41/4853.97	Mean tau 0.294782013598 0.371014622569
18395.41/4853.97	(1.912280701754386, '1_class_probability_max')
18395.41/4853.97	(2.0350877192982457, '0_class_probability_max')
18395.41/4853.97	(4.666666666666667, '0_landmark_lda')
18395.41/4853.97	(4.859649122807017, '1_landmark_decision_tree')
18395.41/4853.97	(4.894736842105263, '0_number_of_features')
18395.41/4853.97	(4.964912280701754, '1_landmark_lda')
18395.41/4853.97	(5.12280701754386, '1_number_of_features')
18395.41/4853.97	(5.491228070175438, '0_landmark_decision_tree')
18395.41/4853.97	(8.789473684210526, '1_number_of_numeric_features')
18395.41/4853.97	(8.87719298245614, '0_number_of_numeric_features')
18395.41/4853.97	(9.859649122807017, '1_number_of_categorical_features')
18395.41/4853.97	(10.491228070175438, '0_number_of_categorical_features')
18395.41/4853.97	(11.210526315789474, '1_landmark_naive_bayes')
18395.41/4853.97	(11.385964912280702, '0_landmark_naive_bayes')
18395.41/4853.97	(12.368421052631579, '0_number_of_classes')
18395.41/4853.97	(13.070175438596491, '1_number_of_classes')
18395.41/4853.97	Result for ParamILS: SAT, 4851.967777, 1, 0.297290, -1, /home/feurerm/thesis/Software/pyMetaLearn/optimizers/metalearn_optimizer/learn_distances.py
