0.75/1.01	['/home/feurerm/thesis/Software/pyMetaLearn/optimizers/metalearn_optimizer/learn_distances.py', '--input_file', '/home/feurerm/thesis/experiments/2014_04_25_predict_distances/testfold_0-3_pfahringer_spearman_rank_cv_perm.pkl', '--fold', '0', '--folds', '1', '--params', '-max_features', '0.766628890352', '-min_samples_leaf', '9', '-min_samples_split', '7', '-n_estimators', '23', '-n_jobs', '4', '-seed', '75']
1.13/1.42	Metafeatures (57, 8)
1.13/1.42	X (287280, 16)
1.13/1.42	Y (287280,)
1.13/1.42	Dataset Mae MSE Rho
155.61/46.04	vehicle 0.300455475669 0.115726238248 0.417837406144
309.07/90.96	anneal.ORIG 0.249208357388 0.0875855295489 0.455827180639
465.18/136.40	segment 0.205167571974 0.0607548532391 0.773612134168
622.47/183.50	pendigits 0.221976836259 0.0673270873223 0.672358623009
764.02/225.03	mushroom 0.127963511396 0.0267485264603 0.718134508663
905.23/265.81	labor 0.574394516712 0.430532884608 -0.364301653335
1047.12/306.35	abalone 0.120978859385 0.0225814070875 0.769622066149
1195.84/350.17	diabetes 0.430767338777 0.261167796155 0.0610010284336
1341.86/392.53	car 0.235948392707 0.0801678176666 0.706294798946
1487.60/434.46	autos 0.276159895283 0.116005861085 0.321176714448
1626.79/474.41	mfeat-fourier 0.653245141939 0.582255139531 -0.61078830849
1782.90/520.11	primary-tumor 0.160420079829 0.0422624704083 0.669666888238
1932.41/563.76	waveform-5000 0.193605626464 0.0563104949267 0.652002806651
2081.05/606.50	credit-a 0.308458784902 0.131462221873 0.368274474871
2223.57/647.13	letter 0.343201985808 0.158791964619 0.371812710731
2388.83/694.15	postoperative-patient-data 0.31270198655 0.165304821793 -0.00294803513105
2532.67/735.90	vowel 0.362173653389 0.179946063868 0.32825087121
2697.65/782.54	eucalyptus 0.480959040608 0.328473220079 -0.211424679489
2844.90/824.88	cylinder-bands 0.439247215998 0.242323724084 -0.12816535187
2988.26/869.02	ionosphere 0.305586546971 0.132965034288 0.289044625782
3143.91/914.15	mfeat-karhunen 0.128453954259 0.0255710990445 0.842937748292
3287.94/956.42	balance-scale 0.273451981913 0.112592806627 0.300866291911
3431.71/997.78	mfeat-morphological 0.508880846001 0.389037785029 -0.331389153139
3579.55/1040.81	liver-disorders 0.315658305497 0.139521168171 -0.00888898926674
3733.90/1084.99	dermatology 0.220829747639 0.0647134432511 0.485989795557
3878.81/1127.28	vote 0.0999408561189 0.0162874551064 0.751971792447
4019.41/1167.42	breast-cancer 0.350645938838 0.203865126898 -0.0474039466614
4171.51/1211.81	credit-g 0.299635831395 0.136918487587 0.055036455768
4324.56/1257.55	soybean 0.10134994504 0.017219699932 0.774266458145
4479.81/1302.60	arrhythmia 0.212657784121 0.0681050069424 -0.0718918090782
4621.74/1344.22	nursery 0.411611105192 0.27055868512 0.185541524504
4761.20/1384.30	hepatitis 0.390310675813 0.231745125259 -0.0857576540702
4920.72/1430.34	cmc 0.291181103453 0.118876352343 0.224390534914
5064.97/1472.47	heart-c 0.184524837328 0.0559019378842 0.57815545261
5212.77/1515.40	glass 0.329712535774 0.155630049118 0.160198543762
5355.59/1560.48	braziltourism 0.48701683592 0.324128691183 -0.0241961805887
5498.33/1601.37	iris 0.318412393342 0.153968394459 0.105727715748
5646.99/1644.05	heart-statlog 0.19365718659 0.0583860722187 0.574192961426
5789.55/1685.09	page-blocks 0.438340107036 0.247762037289 -0.0242722506869
5934.85/1727.13	breast-w 0.193316265785 0.0569891448579 0.532025459982
6078.06/1768.20	heart-h 0.295938904683 0.137409724107 0.126978566295
6218.56/1812.63	yeast 0.0975581896997 0.0148168827004 0.82227220362
6365.10/1854.56	tae 0.315828558105 0.155716983002 0.141062257122
6532.60/1902.09	haberman 0.272039216004 0.105448718064 0.299845358112
6680.96/1944.45	mfeat-pixel 0.379204429345 0.1847897492 0.148974438175
6830.00/1987.59	optdigits 0.0626993090619 0.00714484037441 0.884576492819
6976.19/2030.82	mfeat-factors 0.458017056528 0.291215263863 -0.373444252688
7119.12/2072.07	satimage 0.287792077793 0.110511993702 0.26979400554
7262.45/2113.40	lymph 0.20938863731 0.0640890249611 0.538629205512
7400.58/2152.93	audiology 0.281674543839 0.109273328141 0.513695907789
7543.20/2194.54	ecoli 0.449038103876 0.282061371614 -0.112851990675
7684.13/2236.17	tic-tac-toe 0.403742171654 0.238896551393 -0.0170262171594
7827.08/2276.68	spambase 0.2769930661 0.102525699585 0.670550293723
7966.20/2318.41	zoo 0.153186070113 0.0325458239964 0.66341159466
8104.28/2358.49	sonar 0.398675872422 0.218512125372 -0.145207093808
8245.54/2403.42	mfeat-zernike 0.175659847827 0.0449927104496 0.676300483167
8386.33/2444.35	kr-vs-kp 0.134352202016 0.0268548123977 0.753621676353
8386.43/2444.45	MAE 0.293052584411 0.126720992974
8386.43/2444.45	MSE 0.144969777687 0.144969777687
8386.43/2444.45	Mean tau 0.299929341928 0.366266308911
8386.64/2445.49	(1.894736842105263, '1_class_probability_max')
8386.64/2445.49	(2.508771929824561, '0_class_probability_max')
8386.64/2445.49	(4.4035087719298245, '0_landmark_lda')
8386.64/2445.49	(4.649122807017544, '0_number_of_features')
8386.64/2445.49	(4.771929824561403, '1_landmark_lda')
8386.64/2445.49	(5.315789473684211, '1_number_of_features')
8386.64/2445.49	(5.350877192982456, '1_landmark_decision_tree')
8386.64/2445.49	(5.456140350877193, '0_landmark_decision_tree')
8386.64/2445.49	(9.24561403508772, '1_number_of_numeric_features')
8386.64/2445.49	(9.385964912280702, '0_number_of_numeric_features')
8386.64/2445.49	(9.473684210526315, '0_number_of_categorical_features')
8386.64/2445.49	(10.087719298245615, '1_number_of_categorical_features')
8386.64/2445.49	(10.701754385964913, '1_landmark_naive_bayes')
8386.64/2445.49	(11.578947368421053, '0_landmark_naive_bayes')
8386.64/2445.49	(12.578947368421053, '1_number_of_classes')
8386.64/2445.49	(12.596491228070175, '0_number_of_classes')
8386.64/2445.49	Result for ParamILS: SAT, 2443.438371, 1, 0.293053, -1, /home/feurerm/thesis/Software/pyMetaLearn/optimizers/metalearn_optimizer/learn_distances.py
