0.77/1.25	['/home/feurerm/thesis/Software/pyMetaLearn/optimizers/metalearn_optimizer/learn_distances.py', '--input_file', '/home/feurerm/thesis/experiments/2014_04_25_predict_distances/testfold_0-3_pfahringer_spearman_rank_cv_perm.pkl', '--fold', '0', '--folds', '1', '--params', '-max_features', '0.413214205489', '-min_samples_leaf', '7', '-min_samples_split', '3', '-n_estimators', '93', '-n_jobs', '4', '-seed', '62']
1.12/1.69	Metafeatures (57, 8)
1.12/1.69	X (287280, 16)
1.12/1.69	Y (287280,)
1.12/1.69	Dataset Mae MSE Rho
317.16/86.03	vehicle 0.300814094904 0.114295478335 0.451499809719
635.91/175.24	anneal.ORIG 0.247677657271 0.0845573626395 0.630731141695
959.75/261.00	segment 0.187035706882 0.0497061149665 0.83422539082
1273.32/344.59	pendigits 0.216164154668 0.0605078103517 0.726525627906
1578.57/426.99	mushroom 0.119376319745 0.0232449801324 0.738505314239
1882.77/512.06	labor 0.393240171623 0.204560583415 0.221903762095
2181.87/593.10	abalone 0.12061300787 0.0223391074064 0.776300718275
2512.06/682.01	diabetes 0.429131346576 0.25162539035 -0.0257104812607
2811.67/763.59	car 0.265428318846 0.105559452892 0.757935865248
3133.83/854.20	autos 0.275790644485 0.111595555909 0.318070115858
3437.25/937.05	mfeat-fourier 0.640448988269 0.560607109238 -0.595441281381
3778.85/1030.35	primary-tumor 0.183701568807 0.0515409907426 0.641230665269
4101.38/1117.97	waveform-5000 0.202732693485 0.0596646381535 0.703581321001
4420.06/1207.26	credit-a 0.291243035466 0.114542321513 0.428366101183
4727.50/1292.61	letter 0.224565874948 0.0706548739317 0.670701706824
5076.30/1385.87	postoperative-patient-data 0.273200387985 0.126748051815 0.0567553630798
5374.83/1466.13	vowel 0.363516805937 0.178008285465 0.33774529372
5692.67/1550.28	eucalyptus 0.420569457479 0.246019151849 -0.118625620026
6025.92/1642.09	cylinder-bands 0.406893230502 0.210482681823 -0.136015592023
6334.30/1724.77	ionosphere 0.303438762979 0.12504040216 0.291566806955
6654.29/1809.33	mfeat-karhunen 0.142339473481 0.0297782329511 0.847168423734
6961.42/1891.81	balance-scale 0.236314075684 0.0800707314891 0.473387347486
7274.47/1978.75	mfeat-morphological 0.465704553998 0.319519526662 -0.261551137858
7818.16/2064.45	liver-disorders 0.295253504814 0.121699553551 0.105167133377
8138.40/2149.07	dermatology 0.192585944084 0.0496125769104 0.531401782614
8462.39/2237.95	vote 0.0972665057089 0.0148555636412 0.754601187998
8777.38/2323.82	breast-cancer 0.32983167451 0.171364740754 -0.00326070757904
9096.58/2410.66	credit-g 0.309681803556 0.144822199113 -0.021734042666
9408.01/2494.02	soybean 0.107228302759 0.0182853580887 0.790906676538
9730.76/2580.46	arrhythmia 0.27653153168 0.0976706358452 -0.129788981879
10030.42/2663.07	nursery 0.30488255514 0.139199026117 0.678912370411
10338.11/2750.79	hepatitis 0.39943869593 0.241152480725 -0.0906268138638
10658.81/2836.76	cmc 0.277054429055 0.103749474143 0.237123980003
10973.75/2920.62	heart-c 0.176413649448 0.0508908826609 0.592021279768
11279.02/3003.74	glass 0.32426347773 0.147351697178 0.17981727352
11582.15/3087.58	braziltourism 0.498313205886 0.340899166082 -0.00838996178017
11885.47/3172.03	iris 0.267045927315 0.110491239894 0.278904146342
12191.63/3254.42	heart-statlog 0.195307579122 0.0580092366969 0.590235030954
12504.76/3338.90	page-blocks 0.3768256317 0.194041780598 0.00189560349925
12819.97/3423.56	breast-w 0.188712466986 0.0517841900758 0.590109979857
13121.45/3504.91	heart-h 0.303095627259 0.142278234949 0.107260879799
13429.19/3591.48	yeast 0.135373235072 0.0261496177014 0.811642967721
13748.74/3675.95	tae 0.304304397706 0.144889745595 0.174403481784
14111.50/3779.03	haberman 0.287023533041 0.115354427426 0.261498816814
14426.11/3862.72	mfeat-pixel 0.345282516314 0.148334568687 0.230598868291
