0.68/0.89	['/home/feurerm/thesis/Software/pyMetaLearn/optimizers/metalearn_optimizer/learn_distances.py', '--input_file', '/home/feurerm/thesis/experiments/2014_04_25_predict_distances/testfold_0-3_pfahringer_spearman_rank_perm.pkl', '--fold', '0', '--folds', '1', '--params', '-max_features', '0.207730544377', '-min_samples_leaf', '5', '-min_samples_split', '6', '-n_estimators', '73', '-n_jobs', '4', '-seed', '25']
0.77/0.90	Metafeatures (57, 8)
0.77/0.90	X (3192, 16)
0.77/0.90	Y (3192,)
0.77/0.90	Dataset Mae MSE Rho
1.38/1.36	vehicle 0.347688594464 0.150389684993 0.397870912188
2.17/1.95	anneal.ORIG 0.257547680949 0.0898475387027 0.583069963922
2.96/2.44	segment 0.258251595683 0.0841294032536 0.733685597618
3.72/2.83	pendigits 0.329438681814 0.134029163865 0.64803507631
4.47/3.32	mushroom 0.196729581616 0.0487897900403 0.640601257479
5.22/3.91	labor 0.309442095311 0.12956998046 0.379771179384
5.97/4.30	abalone 0.313525525802 0.1244686455 0.547516917341
6.78/4.81	diabetes 0.466514593932 0.297265925393 0.081448797621
7.57/5.40	car 0.339547301367 0.16323075486 0.475117986123
8.35/5.79	autos 0.244430493689 0.0774386092634 0.603755372841
9.13/6.18	mfeat-fourier 0.536096306916 0.368640574311 -0.396254864616
9.92/6.78	primary-tumor 0.228911814873 0.0643184083095 0.601816115755
10.69/7.39	waveform-5000 0.22985071647 0.0738947061562 0.662579504457
11.45/7.87	credit-a 0.369393514383 0.189036275914 0.439241730028
12.25/8.37	letter 0.233457229151 0.0770795612849 0.680356027747
13.02/8.86	postoperative-patient-data 0.409369020652 0.202666895244 -0.227539498116
13.80/9.34	vowel 0.467409324892 0.272762668943 0.143828233894
14.60/9.83	eucalyptus 0.401936495722 0.210272693269 -0.000969628543107
15.29/10.31	cylinder-bands 0.342277563988 0.148510235692 0.382680065013
16.06/10.71	ionosphere 0.41968405781 0.21554912643 0.0620562267589
16.89/11.21	mfeat-karhunen 0.186859433799 0.0477426316492 0.803822062236
17.64/11.79	balance-scale 0.224855910443 0.0719941468574 0.509378194646
18.43/12.18	mfeat-morphological 0.509341331222 0.342430232621 -0.29444386759
19.19/12.56	liver-disorders 0.303995415966 0.118998920618 0.561091716945
20.04/13.15	dermatology 0.192767360936 0.0481750158628 0.540406308025
20.75/13.64	vote 0.0730384418035 0.00849394062525 0.834526966101
21.55/14.02	breast-cancer 0.258455666957 0.0873967108503 0.0578545030721
22.34/14.55	credit-g 0.511141422031 0.351204348341 -0.468653795835
23.10/15.03	soybean 0.129666544233 0.0255988169588 0.773117158371
23.85/15.52	arrhythmia 0.283855996549 0.108163431308 0.152878100297
24.63/16.01	nursery 0.29910577891 0.11042829209 0.517781642019
25.49/16.41	hepatitis 0.3983800912 0.222097560706 -0.528124346479
26.16/16.91	cmc 0.334783417272 0.130395003105 0.198773851337
26.89/17.29	heart-c 0.278958192706 0.101250374289 0.767945806141
27.67/17.78	glass 0.347302613906 0.147512700362 0.393669188502
28.47/18.27	braziltourism 0.457811360575 0.271702497931 0.0607633887014
29.24/18.65	iris 0.2972843779 0.116665790801 0.277313763329
29.97/19.05	heart-statlog 0.303794958301 0.125688192219 0.702334274724
30.73/19.54	page-blocks 0.301499191274 0.127002495157 0.418556321108
31.48/20.03	breast-w 0.225969070224 0.0725802956463 0.463482443605
32.21/20.41	heart-h 0.208369408218 0.0536980107192 0.59696797304
32.99/20.91	yeast 0.324353552495 0.136153590937 0.533942117738
33.75/21.30	tae 0.302990882086 0.115863300945 0.130253434291
34.58/21.70	haberman 0.257592235771 0.093537858968 0.205561251139
35.25/22.19	mfeat-pixel 0.330517380079 0.134215393814 0.254365887808
36.01/23.40	optdigits 0.21040374115 0.0572752738156 0.734655226161
36.82/23.81	mfeat-factors 0.232713294826 0.0741472516251 0.701041436666
37.58/24.19	satimage 0.286439969382 0.107377215185 0.360055399007
38.46/24.70	lymph 0.188634251231 0.0507719153545 0.645126190681
39.10/25.09	audiology 0.344063365958 0.160436040962 0.280545858472
39.87/25.47	ecoli 0.40243645985 0.205256849878 0.146737119524
40.62/25.86	tic-tac-toe 0.298666720597 0.131864652356 0.607633887014
41.38/26.26	spambase 0.208242719637 0.0582633035453 0.794125776805
42.13/26.64	zoo 0.13064771687 0.0228105047171 0.760188777796
42.87/27.02	sonar 0.490769202992 0.301334722164 -0.151262052725
43.69/27.42	mfeat-zernike 0.280925867208 0.106682586086 0.429545444596
44.40/27.81	kr-vs-kp 0.200072151223 0.0499087332249 0.659670618827
44.40/27.85	MAE 0.303828205005 0.0998789287368
44.40/27.85	MSE 0.133631741126 0.133631741126
44.40/27.85	Mean tau 0.383689385953 0.336412015486
44.40/27.85	(0.3508771929824561, '0_landmark_decision_tree')
44.40/27.85	(1.5263157894736843, '1_landmark_decision_tree')
44.40/27.85	(1.631578947368421, '0_landmark_naive_bayes')
44.40/27.85	(2.6140350877192984, '1_class_probability_max')
44.40/27.85	(4.912280701754386, '0_class_probability_max')
44.40/27.85	(5.0, '1_landmark_naive_bayes')
44.40/27.85	(5.298245614035087, '1_landmark_lda')
44.40/27.85	(7.087719298245614, '0_landmark_lda')
44.40/27.85	(7.912280701754386, '0_number_of_features')
44.40/27.85	(10.12280701754386, '0_number_of_numeric_features')
44.40/27.85	(10.473684210526315, '0_number_of_categorical_features')
44.40/27.85	(11.596491228070175, '1_number_of_features')
44.40/27.85	(11.842105263157896, '1_number_of_numeric_features')
44.40/27.85	(12.192982456140351, '1_number_of_categorical_features')
44.40/27.85	(13.508771929824562, '1_number_of_classes')
44.40/27.85	(13.929824561403509, '0_number_of_classes')
44.40/27.85	Result for ParamILS: SAT, 26.958410, 1, 0.303828, -1, /home/feurerm/thesis/Software/pyMetaLearn/optimizers/metalearn_optimizer/learn_distances.py
