0.68/0.88	['/home/feurerm/thesis/Software/pyMetaLearn/optimizers/metalearn_optimizer/learn_distances.py', '--input_file', '/home/feurerm/thesis/experiments/2014_04_25_predict_distances/testfold_0-3_pfahringer_spearman_rank_perm.pkl', '--fold', '0', '--folds', '1', '--params', '-max_features', '0.456478829535', '-min_samples_leaf', '10', '-min_samples_split', '4', '-n_estimators', '31', '-n_jobs', '4', '-seed', '19']
0.68/0.89	Metafeatures (57, 8)
0.68/0.89	X (3192, 16)
0.68/0.89	Y (3192,)
0.68/0.89	Dataset Mae MSE Rho
1.21/1.24	vehicle 0.373822537502 0.172864106675 0.257597982952
1.78/1.60	anneal.ORIG 0.425069096233 0.221078552073 0.455402205746
2.25/1.96	segment 0.254550106856 0.0812584631693 0.743058673534
2.77/2.33	pendigits 0.325858814017 0.131821403969 0.628642505448
3.31/2.69	mushroom 0.202672930342 0.0517520973026 0.637045952821
3.81/3.06	labor 0.280395534413 0.109784382195 0.327411238056
4.36/3.41	abalone 0.326099872918 0.134666688038 0.515195965904
4.88/3.78	diabetes 0.512767232461 0.342074034539 0.122496405946
5.42/4.14	car 0.357447023579 0.170965550287 0.291858191475
5.93/4.50	autos 0.254496317226 0.0844721612158 0.516488803962
6.45/4.87	mfeat-fourier 0.53912271023 0.378742919168 -0.355530465806
7.00/5.24	primary-tumor 0.246765239965 0.0767534954905 0.409506454706
7.61/5.60	waveform-5000 0.208370764368 0.0586395398993 0.714939445784
8.11/5.97	credit-a 0.384873108666 0.209175609015 0.407567197619
8.64/6.33	letter 0.250458176157 0.0884953551687 0.652883219025
9.18/6.70	postoperative-patient-data 0.410124671151 0.215015201023 -0.0072727991032
9.72/7.06	vowel 0.463180229072 0.267339764454 0.150292424182
10.26/7.42	eucalyptus 0.388363246551 0.198378352089 0.00323209514369
10.77/7.79	cylinder-bands 0.345571587025 0.151864033996 0.329350495142
11.34/8.15	ionosphere 0.421239779333 0.216140123813 0.0093730759167
11.86/8.51	mfeat-karhunen 0.200135033042 0.0557476386181 0.733039178589
12.39/8.88	balance-scale 0.249715952057 0.083687303776 0.36393391318
12.90/9.25	mfeat-morphological 0.456807371799 0.275348985459 -0.129283805748
13.42/9.61	liver-disorders 0.246432333732 0.0857859105253 0.331289752228
13.97/9.97	dermatology 0.186784891373 0.0458578433625 0.560445297916
14.49/10.33	vote 0.0782036806083 0.0100688067268 0.789277634089
15.02/10.68	breast-cancer 0.172147050191 0.0448628820084 0.265031801783
15.55/11.04	credit-g 0.574196788143 0.435317942047 -0.641247676508
16.14/11.40	soybean 0.125330504912 0.0252113329868 0.769885063227
16.61/11.76	arrhythmia 0.281311465378 0.109161990461 0.305432991079
17.14/12.13	nursery 0.303941543507 0.119110702026 0.505822889988
17.65/12.49	hepatitis 0.319069587881 0.148304037404 -0.096316435282
18.17/12.85	cmc 0.293288966662 0.103987461475 0.252749840237
18.70/13.21	heart-c 0.288605130964 0.109405825996 0.7220500551
19.22/13.57	glass 0.340909422552 0.141389682381 0.451200482059
19.75/13.93	braziltourism 0.455919984693 0.268538446138 0.0339369990088
20.30/14.31	iris 0.303170436433 0.121222677033 0.282161906044
20.80/14.67	heart-statlog 0.305852974527 0.128398293081 0.654176057083
21.38/15.03	page-blocks 0.352852094683 0.169752452016 0.366519589295
21.89/15.39	breast-w 0.227064527072 0.0698877268644 0.444736291772
22.42/15.75	heart-h 0.20189674452 0.0519112690232 0.57111121189
22.96/16.12	yeast 0.332434245695 0.138264657799 0.533942117738
23.47/16.48	tae 0.341506296151 0.143679126755 0.128314177205
23.99/16.84	haberman 0.245453162775 0.0789799745658 0.139626510207
24.56/17.20	mfeat-pixel 0.358845348873 0.160379941262 0.175502766302
25.03/17.56	optdigits 0.232424018073 0.0692220461121 0.69166836075
25.56/17.92	mfeat-factors 0.238633347885 0.0771324836301 0.666781228143
26.11/18.28	satimage 0.290880160673 0.114068312787 0.308018667194
26.64/18.65	lymph 0.204948227673 0.0634529481113 0.494833766499
27.18/19.01	audiology 0.32417311677 0.137955614027 0.316422114567
27.70/19.37	ecoli 0.421190044339 0.226749547217 0.0126051710604
28.22/19.73	tic-tac-toe 0.314130180327 0.147547879913 0.517458432505
28.72/20.09	spambase 0.223509509705 0.0675429067253 0.764067291968
29.22/20.46	zoo 0.133938262312 0.0245043162738 0.753724587509
29.75/20.81	sonar 0.503598193607 0.317113866943 -0.165160061843
30.27/21.17	mfeat-zernike 0.273050652807 0.103649383563 0.378801550841
30.82/21.55	kr-vs-kp 0.201813172525 0.0520142952427 0.652236799997
30.82/21.57	MAE 0.308340586017 0.104168143329
30.82/21.57	MSE 0.138359620069 0.138359620069
30.82/21.57	Mean tau 0.363409396248 0.302618978822
30.82/21.57	(0.12280701754385964, '0_class_probability_max')
30.82/21.57	(1.0175438596491229, '1_class_probability_max')
30.82/21.57	(2.1228070175438596, '1_landmark_decision_tree')
30.82/21.57	(2.9298245614035086, '0_landmark_decision_tree')
30.82/21.57	(4.280701754385965, '0_landmark_naive_bayes')
30.82/21.57	(4.7368421052631575, '1_landmark_naive_bayes')
30.82/21.57	(7.140350877192983, '0_landmark_lda')
30.82/21.57	(7.9298245614035086, '1_number_of_numeric_features')
30.82/21.57	(8.43859649122807, '1_landmark_lda')
30.82/21.57	(9.56140350877193, '0_number_of_numeric_features')
30.82/21.57	(10.263157894736842, '1_number_of_features')
30.82/21.57	(10.929824561403509, '0_number_of_categorical_features')
30.82/21.57	(11.31578947368421, '0_number_of_features')
30.82/21.57	(11.614035087719298, '1_number_of_categorical_features')
30.82/21.57	(13.087719298245615, '1_number_of_classes')
30.82/21.57	(14.508771929824562, '0_number_of_classes')
30.82/21.57	Result for ParamILS: SAT, 20.682726, 1, 0.308341, -1, /home/feurerm/thesis/Software/pyMetaLearn/optimizers/metalearn_optimizer/learn_distances.py
