0.81/2.52	['/home/feurerm/thesis/Software/pyMetaLearn/optimizers/metalearn_optimizer/learn_distances.py', '--input_file', '/home/feurerm/thesis/experiments/2014_04_25_predict_distances/testfold_0-3_pfahringer_spearman_rank_perm.pkl', '--fold', '0', '--folds', '1', '--params', '-max_features', '0.593703142014', '-min_samples_leaf', '2', '-min_samples_split', '7', '-n_estimators', '80', '-n_jobs', '4', '-seed', '10']
0.81/2.52	Metafeatures (57, 8)
0.81/2.52	X (3192, 16)
0.81/2.52	Y (3192,)
0.81/2.52	Dataset Mae MSE Rho
2.44/3.39	vehicle 0.3318869589 0.132232588276 0.42534372091
4.28/4.10	anneal.ORIG 0.446214106946 0.237764049585 0.523922622792
6.10/9.22	segment 0.149326567749 0.0294315729789 0.855535584535
7.92/9.91	pendigits 0.248596532683 0.0809063099573 0.742089044991
9.73/10.61	mushroom 0.160054744045 0.0328613826165 0.709121674526
11.53/11.46	labor 0.297701713594 0.123312003777 0.263415754211
13.43/12.30	abalone 0.217893369688 0.0604140278525 0.733685597618
15.16/13.01	diabetes 0.503255784346 0.3204589096 0.217843212685
16.99/13.95	car 0.364530447696 0.181259101081 0.308665086222
18.78/14.67	autos 0.193317393869 0.0480845048659 0.780874186716
20.72/15.41	mfeat-fourier 0.579919827831 0.438838103745 -0.431807911197
22.44/16.12	primary-tumor 0.219816872472 0.059465946026 0.556243574229
24.25/17.07	waveform-5000 0.172733102682 0.043103433326 0.755663844595
26.19/18.10	credit-a 0.363334123753 0.183877492526 0.442150615657
27.89/18.89	letter 0.23898748217 0.0774289725108 0.649327914367
29.79/19.74	postoperative-patient-data 0.440955266614 0.252528542969 0.0646419028738
31.55/20.46	vowel 0.385836702783 0.186323211538 0.478026871752
33.37/21.18	eucalyptus 0.482012780463 0.308800728703 -0.186491889791
35.18/21.90	cylinder-bands 0.330734261356 0.132873315322 0.395285236073
37.01/22.74	ionosphere 0.4109088988 0.200538634287 0.0659347409313
38.84/28.17	mfeat-karhunen 0.124337703637 0.0236781427603 0.853919536963
40.65/28.88	balance-scale 0.213782871475 0.0636216759099 0.574989726063
42.46/29.75	mfeat-morphological 0.475925031918 0.299249304229 -0.245316021406
44.27/30.93	liver-disorders 0.281400278663 0.10007287649 0.620562267589
46.08/35.97	dermatology 0.207021440203 0.0550769894 0.50226758533
48.03/36.70	vote 0.0735656730637 0.00983572058246 0.769238644198
49.86/37.40	breast-cancer 0.149363424588 0.0308460807553 0.39431560753
51.60/38.10	credit-g 0.636426508962 0.538103109344 -0.669366904258
53.40/38.81	soybean 0.130269744608 0.0277871880376 0.671629370859
55.34/40.00	arrhythmia 0.26501084289 0.096428594598 0.345510970861
57.06/40.72	nursery 0.252066977176 0.0816554201625 0.652883219025
58.92/41.44	hepatitis 0.239241713312 0.0709557402769 0.45863430089
60.74/42.17	cmc 0.290155260747 0.110500974772 0.262122916153
62.62/42.91	heart-c 0.204296508602 0.0580032881141 0.849071394247
64.41/44.10	glass 0.345744867259 0.146852832148 0.40465831199
66.26/45.07	braziltourism 0.458870645951 0.274701269158 0.0161604757185
68.09/45.79	iris 0.301778473258 0.119609017386 0.326441609513
69.91/46.54	heart-statlog 0.224251857966 0.0694783057148 0.830971661443
71.76/47.42	page-blocks 0.401061572028 0.22130512762 0.15093884321
73.59/52.09	breast-w 0.212528340966 0.0613881095236 0.544931241226
75.42/52.79	heart-h 0.148947020591 0.030251581801 0.728514245388
77.22/53.49	yeast 0.236741688908 0.0693535477159 0.754694216052
79.07/54.35	tae 0.369765267359 0.164312463734 0.175825975817
80.91/55.33	haberman 0.260583534007 0.0882265050253 0.120233939345
82.79/56.04	mfeat-pixel 0.351165081077 0.149458188248 0.229155545688
84.57/56.88	optdigits 0.127936542718 0.0223149425091 0.8322644995
86.42/57.61	mfeat-factors 0.17005109067 0.0437819860736 0.768915434684
88.22/58.34	satimage 0.249126978594 0.0861078503892 0.516812013476
90.02/59.12	lymph 0.205212602678 0.0621470387556 0.520690527649
91.81/59.83	audiology 0.307583956295 0.11859216671 0.393669188502
93.74/60.60	ecoli 0.392472586203 0.197985066308 0.220752098314
95.47/61.31	tic-tac-toe 0.313970843516 0.154022984983 0.388497836272
97.30/65.76	spambase 0.223160761209 0.0589462235812 0.878483460055
99.10/66.45	zoo 0.0882549929558 0.0108704457148 0.860060517736
100.92/67.15	sonar 0.50059835586 0.309494295039 -0.108921606342
102.76/67.96	mfeat-zernike 0.230802446086 0.0764946493277 0.553657898114
104.62/68.93	kr-vs-kp 0.144714412571 0.0262503646003 0.80414527175
104.62/68.98	MAE 0.286775523456 0.124779729043
104.62/68.98	MSE 0.127337945597 0.127337945597
104.62/68.98	Mean tau 0.443885740418 0.339342223886
104.62/68.98	(0.3684210526315789, '1_class_probability_max')
104.62/68.98	(0.631578947368421, '0_class_probability_max')
104.62/68.98	(2.7017543859649122, '1_landmark_decision_tree')
104.62/68.98	(2.8596491228070176, '0_landmark_decision_tree')
104.62/68.98	(4.052631578947368, '0_landmark_naive_bayes')
104.62/68.98	(4.385964912280702, '1_landmark_naive_bayes')
104.62/68.98	(7.824561403508772, '1_number_of_numeric_features')
104.62/68.98	(8.368421052631579, '0_number_of_numeric_features')
104.62/68.98	(8.385964912280702, '0_number_of_categorical_features')
104.62/68.98	(9.280701754385966, '1_landmark_lda')
104.62/68.98	(9.719298245614034, '0_landmark_lda')
104.62/68.98	(10.263157894736842, '1_number_of_categorical_features')
104.62/68.98	(11.070175438596491, '1_number_of_features')
104.62/68.98	(11.087719298245615, '0_number_of_features')
104.62/68.98	(14.491228070175438, '0_number_of_classes')
104.62/68.98	(14.508771929824562, '1_number_of_classes')
104.62/68.98	Result for ParamILS: SAT, 66.463902, 1, 0.286776, -1, /home/feurerm/thesis/Software/pyMetaLearn/optimizers/metalearn_optimizer/learn_distances.py
