0.69/0.88	['/home/feurerm/thesis/Software/pyMetaLearn/optimizers/metalearn_optimizer/learn_distances.py', '--input_file', '/home/feurerm/thesis/experiments/2014_04_25_predict_distances/testfold_0-3_pfahringer_spearman_rank_perm.pkl', '--fold', '0', '--folds', '1', '--params', '-max_features', '0.531360873712', '-min_samples_leaf', '2', '-min_samples_split', '10', '-n_estimators', '42', '-n_jobs', '4', '-seed', '23']
0.69/0.89	Metafeatures (57, 8)
0.69/0.89	X (3192, 16)
0.69/0.89	Y (3192,)
0.69/0.89	Dataset Mae MSE Rho
1.51/1.23	vehicle 0.332167034855 0.133121729827 0.429868654111
2.38/1.61	anneal.ORIG 0.405674652702 0.202746175308 0.451523691574
3.27/2.07	segment 0.186046887907 0.0445362203823 0.828709194842
4.13/2.54	pendigits 0.263683994891 0.0929680783817 0.715909074327
5.00/3.02	mushroom 0.177829442246 0.0401764734874 0.659024199798
5.88/3.49	labor 0.320278863034 0.144716675991 0.217843212685
6.73/3.96	abalone 0.227010129835 0.0651196195004 0.69910217958
7.62/4.43	diabetes 0.502275861756 0.329351644646 0.154494147868
8.46/4.90	car 0.366892563715 0.1983510597 0.406920778591
9.32/5.37	autos 0.209712744015 0.0590981917127 0.668074066201
10.22/5.85	mfeat-fourier 0.553037963675 0.404558028755 -0.387528207728
11.06/6.32	primary-tumor 0.216424555225 0.0592458460426 0.539113469968
11.92/6.70	waveform-5000 0.163845219873 0.0406043238884 0.745967559164
12.78/7.18	credit-a 0.363346883868 0.185324423293 0.437625682456
13.67/7.66	letter 0.228060251323 0.0714448357641 0.644802981166
14.57/8.14	postoperative-patient-data 0.434642481536 0.244521730302 0.0345834180375
15.41/8.52	vowel 0.385776085136 0.187697207969 0.50226758533
16.26/8.90	eucalyptus 0.40262238037 0.213072633399 0.0164836852328
17.11/9.37	cylinder-bands 0.336623957076 0.145954088907 0.361994656093
17.98/9.84	ionosphere 0.402393521294 0.193201354101 0.113446539544
18.83/10.32	mfeat-karhunen 0.171354403316 0.0419374569872 0.792832938747
19.70/10.69	balance-scale 0.223204279471 0.0717494322359 0.565616650146
20.57/11.16	mfeat-morphological 0.449100708261 0.269923002106 -0.123142824975
21.43/11.64	liver-disorders 0.306063253178 0.120497280465 0.483521433496
22.35/12.11	dermatology 0.207554954508 0.0560601096338 0.48901599524
23.17/12.59	vote 0.0728385831035 0.0091551684423 0.776995672543
24.05/13.05	breast-cancer 0.136733492703 0.0261968473682 0.423404463823
24.91/13.53	credit-g 0.637580544272 0.539196168193 -0.649004704853
25.76/13.91	soybean 0.125445284574 0.0242056473767 0.721403636072
26.66/14.38	arrhythmia 0.268142348217 0.0982746910921 0.304140153021
27.52/14.86	nursery 0.259252181765 0.0892265189579 0.635753114764
28.40/15.33	hepatitis 0.261765340807 0.089783848451 0.329350495142
29.28/15.82	cmc 0.267179813706 0.0956396330282 0.326118399998
30.14/16.29	heart-c 0.214156587795 0.0622388187938 0.825477099699
31.03/16.78	glass 0.333712081268 0.135335707932 0.456695043803
31.93/17.26	braziltourism 0.452983961058 0.266849506491 0.051713522299
32.80/17.73	iris 0.272707636439 0.0979808379028 0.380094388898
33.64/18.11	heart-statlog 0.215958254949 0.0644711585033 0.800913176607
34.59/18.50	page-blocks 0.368261762666 0.184779876118 0.287979677303
35.41/18.97	breast-w 0.213311714814 0.0611672047311 0.544284822197
36.28/19.46	heart-h 0.148369220769 0.0299009315844 0.715585864813
37.15/19.93	yeast 0.244976321701 0.0773651638821 0.712030560155
37.99/20.41	tae 0.356780404682 0.15405513062 0.151262052725
38.87/20.88	haberman 0.273468954109 0.0973553702586 0.0694900455893
39.75/21.36	mfeat-pixel 0.362239002927 0.158810575008 0.19230966105
40.64/21.84	optdigits 0.158313790795 0.0338119030847 0.790247262632
41.52/22.31	mfeat-factors 0.207598161926 0.061978539095 0.721403636072
42.50/22.80	satimage 0.250884781413 0.088665057794 0.510994242217
43.31/23.27	lymph 0.208262154543 0.0614266547398 0.516488803962
44.17/23.75	audiology 0.304493483066 0.126177733123 0.393669188502
45.07/24.23	ecoli 0.387847765585 0.191699772117 0.229478755202
45.93/24.71	tic-tac-toe 0.292356418818 0.127808209512 0.613451658272
46.80/25.18	spambase 0.216671098426 0.0570956003575 0.844869670561
47.70/25.66	zoo 0.0981826345078 0.0126780691329 0.816427233296
48.57/26.13	sonar 0.521958895979 0.342034723559 -0.154170938354
49.44/26.60	mfeat-zernike 0.247844844401 0.0857704346499 0.491278461841
50.29/27.08	kr-vs-kp 0.153907538293 0.030802528026 0.767622596626
50.37/27.11	MAE 0.287189616371 0.116457789427
50.37/27.11	MSE 0.126279221977 0.126279221977
50.37/27.11	Mean tau 0.439400499614 0.316145355095
50.37/27.11	(0.017543859649122806, '1_class_probability_max')
50.37/27.11	(0.9824561403508771, '0_class_probability_max')
50.37/27.11	(2.456140350877193, '0_landmark_decision_tree')
50.37/27.11	(3.017543859649123, '1_landmark_decision_tree')
50.37/27.11	(4.087719298245614, '1_landmark_naive_bayes')
50.37/27.11	(4.456140350877193, '0_landmark_naive_bayes')
50.37/27.11	(8.157894736842104, '1_number_of_categorical_features')
50.37/27.11	(8.298245614035087, '0_number_of_numeric_features')
50.37/27.11	(8.543859649122806, '0_landmark_lda')
50.37/27.11	(8.701754385964913, '1_number_of_numeric_features')
50.37/27.11	(9.929824561403509, '1_landmark_lda')
50.37/27.11	(10.192982456140351, '0_number_of_categorical_features')
50.37/27.11	(10.666666666666666, '0_number_of_features')
50.37/27.11	(11.526315789473685, '1_number_of_features')
50.37/27.11	(14.298245614035087, '0_number_of_classes')
50.37/27.11	(14.666666666666666, '1_number_of_classes')
50.37/27.11	Result for ParamILS: SAT, 26.224477, 1, 0.287190, -1, /home/feurerm/thesis/Software/pyMetaLearn/optimizers/metalearn_optimizer/learn_distances.py
