0.74/3.21	['/home/feurerm/thesis/Software/pyMetaLearn/optimizers/metalearn_optimizer/learn_distances.py', '--input_file', '/home/feurerm/thesis/experiments/2014_04_25_predict_distances/testfold_0-3_pfahringer_spearman_rank_perm.pkl', '--fold', '0', '--folds', '1', '--params', '-max_features', '0.924262870402', '-min_samples_leaf', '2', '-min_samples_split', '6', '-n_estimators', '60', '-n_jobs', '4', '-seed', '70']
0.81/3.21	Metafeatures (57, 8)
0.81/3.21	X (3192, 16)
0.81/3.21	Y (3192,)
0.81/3.21	Dataset Mae MSE Rho
2.70/4.05	vehicle 0.355366993034 0.1501824273 0.309634714766
4.78/5.04	anneal.ORIG 0.516971204265 0.328434468493 -0.164836852328
6.90/5.98	segment 0.139305704484 0.0248541621659 0.88106913617
8.98/11.96	pendigits 0.22833052243 0.0702582636226 0.763097663425
11.06/12.75	mushroom 0.174413720667 0.03887543282 0.657084942712
13.10/13.46	labor 0.341183664908 0.161610864451 0.1664528999
15.20/18.78	abalone 0.181644071285 0.0412069662227 0.805438109808
17.23/19.58	diabetes 0.519673952914 0.341571057217 0.171947461644
19.29/20.55	car 0.380748462202 0.185822319382 0.151262052725
21.33/21.44	autos 0.19438617707 0.0484594575271 0.768269015655
23.35/22.29	mfeat-fourier 0.601926359903 0.473164294262 -0.492571299898
25.41/22.99	primary-tumor 0.216726825324 0.059401525419 0.542022355597
27.46/23.82	waveform-5000 0.136978263204 0.0277788174866 0.777318882058
29.50/24.72	credit-a 0.346308023365 0.171923709509 0.500328328243
31.50/25.74	letter 0.220214906939 0.0677763575082 0.654822476112
33.54/26.71	postoperative-patient-data 0.443593771288 0.259773796862 0.0801559595635
35.70/27.50	vowel 0.347331780446 0.151743314813 0.561738135973
37.78/28.63	eucalyptus 0.453281475293 0.268546601339 -0.060440179187
39.78/29.44	cylinder-bands 0.332738664944 0.136975132102 0.411122502277
41.87/30.27	ionosphere 0.411709962799 0.199207532087 0.0989021113969
43.96/31.33	mfeat-karhunen 0.124291345489 0.0254449852657 0.855535584535
46.05/32.14	balance-scale 0.224683383785 0.071939317066 0.535234955795
48.12/32.95	mfeat-morphological 0.473295510579 0.294495518277 -0.232064431317
50.14/33.78	liver-disorders 0.307234505261 0.121481211028 0.495156976013
52.19/34.74	dermatology 0.2200873162 0.060847148716 0.446352339344
54.30/35.71	vote 0.0842725235601 0.011899437706 0.745967559164
56.39/36.77	breast-cancer 0.15946615643 0.0362610245668 0.38397290307
58.47/37.59	credit-g 0.755398967916 0.746802292591 -0.747583606736
60.61/38.52	soybean 0.121897942626 0.0254529249682 0.699748598609
62.67/39.83	arrhythmia 0.255355189254 0.084110627986 0.550749012485
64.77/40.63	nursery 0.220899813078 0.0619504733765 0.715909074327
66.78/41.54	hepatitis 0.221983819644 0.0743874383319 0.610865982158
68.85/42.43	cmc 0.254080954923 0.0860519672354 0.365226751237
70.89/43.23	heart-c 0.176472668604 0.0449936728274 0.882685183742
72.97/44.26	glass 0.359340394319 0.161561541182 0.261799706639
75.04/45.09	braziltourism 0.498156116071 0.319425504131 -0.0381387226955
77.21/46.13	iris 0.272658495781 0.0977343210969 0.398840540731
79.20/51.46	heart-statlog 0.171451117446 0.0417998934927 0.852626698906
81.34/52.37	page-blocks 0.49850927049 0.33810322004 -0.255012306837
83.44/53.33	breast-w 0.213610126507 0.0596032874722 0.672598999402
85.49/54.19	heart-h 0.13286638745 0.0264087004366 0.736594483247
87.56/55.02	yeast 0.205464998691 0.0534556719183 0.787661586517
89.64/55.83	tae 0.396619549226 0.188305275075 0.167099318929
91.70/56.54	haberman 0.266887423362 0.0936967104288 0.174856347274
93.78/57.88	mfeat-pixel 0.377159640817 0.175672030259 0.180027699504
95.98/58.90	optdigits 0.129162933531 0.0223854192401 0.821598585526
98.00/59.72	mfeat-factors 0.161901335951 0.0390624032987 0.785075910402
100.06/60.78	satimage 0.255846060987 0.0927852986454 0.45346294866
102.12/61.65	lymph 0.250648274593 0.0983715758556 0.367812427352
104.19/62.45	audiology 0.292259322896 0.104239613785 0.4431202442
106.26/63.36	ecoli 0.406061356023 0.217687231426 0.160311919127
108.32/64.23	tic-tac-toe 0.331707824974 0.17080030723 0.248871326064
110.37/65.19	spambase 0.239652012677 0.063545030438 0.842283994446
112.44/66.13	zoo 0.0907692866385 0.0113796601787 0.874928155397
114.51/66.97	sonar 0.473135383285 0.275675665065 0.0523599413278
116.58/67.78	mfeat-zernike 0.233406595809 0.0789861285802 0.528770765508
118.63/68.61	kr-vs-kp 0.131626268948 0.0224828657442 0.794772195833
118.63/68.65	MAE 0.290020259309 0.139633237978
118.63/68.65	MSE 0.135207927992 0.135207927992
118.63/68.65	Mean tau 0.424612246746 0.36713892608
118.63/68.65	(0.05263157894736842, '1_class_probability_max')
118.63/68.65	(0.9473684210526315, '0_class_probability_max')
118.63/68.65	(2.6315789473684212, '1_landmark_naive_bayes')
118.63/68.65	(2.8771929824561404, '0_landmark_naive_bayes')
118.63/68.65	(5.43859649122807, '0_number_of_numeric_features')
118.63/68.65	(5.614035087719298, '1_number_of_numeric_features')
118.63/68.65	(6.526315789473684, '1_number_of_categorical_features')
118.63/68.65	(6.947368421052632, '0_number_of_categorical_features')
118.63/68.65	(8.070175438596491, '0_landmark_decision_tree')
118.63/68.65	(8.859649122807017, '1_number_of_features')
118.63/68.65	(9.24561403508772, '0_number_of_features')
118.63/68.65	(9.280701754385966, '1_landmark_decision_tree')
118.63/68.65	(12.017543859649123, '0_landmark_lda')
118.63/68.65	(12.491228070175438, '1_landmark_lda')
118.63/68.65	(14.385964912280702, '1_number_of_classes')
118.63/68.65	(14.614035087719298, '0_number_of_classes')
118.63/68.65	Result for ParamILS: SAT, 65.444289, 1, 0.290020, -1, /home/feurerm/thesis/Software/pyMetaLearn/optimizers/metalearn_optimizer/learn_distances.py
