0.79/2.25	['/home/feurerm/thesis/Software/pyMetaLearn/optimizers/metalearn_optimizer/learn_distances.py', '--input_file', '/home/feurerm/thesis/experiments/2014_04_25_predict_distances/testfold_0-3_pfahringer_spearman_rank_perm.pkl', '--fold', '0', '--folds', '1', '--params', '-max_features', '0.249357822336', '-min_samples_leaf', '6', '-min_samples_split', '9', '-n_estimators', '93', '-n_jobs', '4', '-seed', '85']
0.79/2.26	Metafeatures (57, 8)
0.79/2.26	X (3192, 16)
0.79/2.26	Y (3192,)
0.79/2.26	Dataset Mae MSE Rho
1.56/3.06	vehicle 0.362352726657 0.163298261761 0.333875428343
2.48/3.86	anneal.ORIG 0.278021631962 0.103422256095 0.580807497321
3.47/4.49	segment 0.269354459697 0.0905814659369 0.719464378986
4.33/5.10	pendigits 0.34080179572 0.140923434428 0.575959354606
5.25/5.82	mushroom 0.204509558898 0.05165649411 0.633167438649
6.30/6.70	labor 0.294959588444 0.119762333026 0.359732189493
7.14/7.33	abalone 0.319067051605 0.127984804821 0.542022355597
8.06/7.94	diabetes 0.454805968005 0.288795595523 0.0365226751237
8.98/13.22	car 0.360972395742 0.184682172544 0.436332844398
9.91/13.83	autos 0.260105995825 0.087269784294 0.517458432505
10.83/14.45	mfeat-fourier 0.539552342324 0.373696415063 -0.420495578194
11.76/15.09	primary-tumor 0.231423245718 0.0650871634548 0.526831508422
12.68/15.74	waveform-5000 0.231614865104 0.0741497073758 0.684557751434
13.59/16.43	credit-a 0.376919680464 0.197128974964 0.381387226955
14.53/17.23	letter 0.240850045803 0.0818678870195 0.667104437658
15.59/17.88	postoperative-patient-data 0.412017370381 0.205036441252 -0.175502766302
16.43/18.50	vowel 0.457683639497 0.260137784493 0.178088442417
17.37/19.14	eucalyptus 0.382836426498 0.191981111967 0.112476911
18.33/20.00	cylinder-bands 0.348622211034 0.152932220098 0.319977419225
19.24/20.62	ionosphere 0.418058386964 0.211391270917 0.0601169696726
20.26/25.55	mfeat-karhunen 0.19706205437 0.0525855127333 0.777318882058
21.12/26.19	balance-scale 0.225185694743 0.0696538932117 0.506469309016
22.15/26.79	mfeat-morphological 0.50342681897 0.330183785459 -0.312220390881
23.00/27.56	liver-disorders 0.310801923631 0.127907257556 0.415324225964
23.93/28.15	dermatology 0.190829488264 0.0475928384642 0.547516917341
24.94/28.92	vote 0.0774267380882 0.00951895148122 0.814811185724
25.77/29.57	breast-cancer 0.231168608829 0.0707752155849 0.157726243012
26.72/30.19	credit-g 0.533550438599 0.377577733995 -0.599876858669
27.74/30.80	soybean 0.131385568998 0.0265018310557 0.741765835477
28.70/31.70	arrhythmia 0.280690740628 0.110285997916 0.181643747075
29.47/32.33	nursery 0.307755082577 0.114876754319 0.505499680473
30.37/32.98	hepatitis 0.374346392381 0.201141725665 -0.500005118729
31.43/33.60	cmc 0.322824797933 0.123741529579 0.26115328761
32.22/34.21	heart-c 0.283832668312 0.105308881607 0.768269015655
33.18/34.85	glass 0.356186109685 0.154876963188 0.368135636866
34.17/35.48	braziltourism 0.472459387247 0.289319770442 -0.0229478755202
35.01/36.30	iris 0.30845551062 0.123688810245 0.244346392863
35.91/37.03	heart-statlog 0.296747195103 0.118047913864 0.743705092563
36.91/37.66	page-blocks 0.31181892091 0.133969411479 0.469623424378
37.88/38.30	breast-w 0.228336337578 0.0744533252965 0.464128862634
38.69/38.91	heart-h 0.208981467476 0.0534844415883 0.598260811097
39.60/39.66	yeast 0.34899990786 0.155545647858 0.501621166301
40.53/40.37	tae 0.301324729505 0.112866928821 0.164190433299
41.44/41.33	haberman 0.256772197585 0.0920480024279 0.222368145886
42.52/42.13	mfeat-pixel 0.325934864785 0.129988939491 0.269879944498
43.38/42.73	optdigits 0.227542453301 0.0654492166695 0.7220500551
44.30/43.42	mfeat-factors 0.226506633212 0.0727841544186 0.703950322296
45.25/44.03	satimage 0.292265978161 0.111661626706 0.328380866599
46.17/44.65	lymph 0.18666980788 0.0508941338651 0.701364646181
47.28/45.30	audiology 0.336711347605 0.152287159465 0.349389485033
48.09/45.93	ecoli 0.409480747729 0.212774609588 0.0917915020808
49.01/46.72	tic-tac-toe 0.320916184318 0.150001966048 0.521336946677
49.96/51.69	spambase 0.209607897235 0.0590160914046 0.779904558173
51.04/52.39	zoo 0.142544439028 0.0265123121625 0.740796206934
51.88/53.01	sonar 0.48613903844 0.295371259249 -0.142858605351
52.82/53.64	mfeat-zernike 0.271552487289 0.0995231940603 0.546870498312
53.86/58.30	kr-vs-kp 0.207732433049 0.0541685580565 0.637369162336
53.86/58.35	MAE 0.306815832952 0.0990494488151
53.86/58.35	MSE 0.135581963582 0.135581963582
53.86/58.35	Mean tau 0.374367343117 0.334018184259
53.86/58.35	(0.2631578947368421, '1_class_probability_max')
53.86/58.35	(1.263157894736842, '0_landmark_naive_bayes')
53.86/58.35	(2.456140350877193, '1_landmark_decision_tree')
53.86/58.35	(3.1052631578947367, '0_landmark_decision_tree')
53.86/58.35	(4.087719298245614, '1_landmark_naive_bayes')
53.86/58.35	(5.473684210526316, '0_landmark_lda')
53.86/58.35	(5.56140350877193, '0_class_probability_max')
53.86/58.35	(6.035087719298246, '1_landmark_lda')
53.86/58.35	(8.175438596491228, '0_number_of_features')
53.86/58.35	(9.736842105263158, '1_number_of_features')
53.86/58.35	(10.350877192982455, '1_number_of_categorical_features')
53.86/58.35	(10.771929824561404, '0_number_of_categorical_features')
53.86/58.35	(12.0, '0_number_of_numeric_features')
53.86/58.35	(12.87719298245614, '0_number_of_classes')
53.86/58.35	(12.982456140350877, '1_number_of_numeric_features')
53.86/58.35	(14.859649122807017, '1_number_of_classes')
53.86/58.35	Result for ParamILS: SAT, 56.099904, 1, 0.306816, -1, /home/feurerm/thesis/Software/pyMetaLearn/optimizers/metalearn_optimizer/learn_distances.py
