0.69/0.89	['/home/feurerm/thesis/Software/pyMetaLearn/optimizers/metalearn_optimizer/learn_distances.py', '--input_file', '/home/feurerm/thesis/experiments/2014_04_25_predict_distances/testfold_0-3_pfahringer_spearman_rank_perm.pkl', '--fold', '0', '--folds', '1', '--params', '-max_features', '0.307355555', '-min_samples_leaf', '10', '-min_samples_split', '9', '-n_estimators', '77', '-n_jobs', '4', '-seed', '32']
0.69/0.89	Metafeatures (57, 8)
0.69/0.89	X (3192, 16)
0.69/0.89	Y (3192,)
0.69/0.89	Dataset Mae MSE Rho
1.46/1.35	vehicle 0.358225330517 0.158500204129 0.340662828145
2.29/1.83	anneal.ORIG 0.315193470313 0.129146442853 0.536851003367
3.16/2.32	segment 0.276794248743 0.0962080809503 0.697162922494
3.98/2.82	pendigits 0.35472716953 0.154592160081 0.516812013476
4.82/3.32	mushroom 0.219462206621 0.0597320132216 0.590503782752
5.68/3.81	labor 0.296089639493 0.117968530765 0.442797034686
6.62/4.41	abalone 0.337304063613 0.141678435386 0.515842384933
7.38/4.91	diabetes 0.484329000478 0.319050760457 0.0475117986123
8.32/5.40	car 0.353381912333 0.17271046857 0.372660570068
9.10/5.88	autos 0.2479457514 0.0810341029781 0.550749012485
9.94/6.29	mfeat-fourier 0.530316676192 0.366271783717 -0.427282977996
10.80/6.88	primary-tumor 0.231764176543 0.0648446592076 0.583716382951
11.66/7.37	waveform-5000 0.237425790357 0.0753051095753 0.654176057083
12.49/7.96	credit-a 0.3848978996 0.206027680199 0.363287494151
13.35/8.44	letter 0.250469007082 0.0868227697815 0.656761733198
14.19/8.93	postoperative-patient-data 0.410015699605 0.207294131237 -0.0811255881066
15.03/9.42	vowel 0.471904004871 0.277616886174 0.135747996035
15.90/9.81	eucalyptus 0.378039608382 0.185975385919 0.112153701486
16.66/10.42	cylinder-bands 0.353116418969 0.155186353639 0.311573971852
17.59/10.93	ionosphere 0.418740824239 0.214447105121 0.0374923036668
18.39/11.44	mfeat-karhunen 0.22105422444 0.0664227805485 0.72722140733
19.30/12.03	balance-scale 0.241271358608 0.0817350842918 0.473825148065
20.08/12.53	mfeat-morphological 0.467831466917 0.291899715116 -0.209762974826
20.92/13.03	liver-disorders 0.312604893832 0.130075038753 0.297675962734
21.76/13.62	dermatology 0.184124484097 0.0436452130441 0.584039592465
22.63/14.12	vote 0.0849698560191 0.0119970033341 0.79671145292
23.50/14.71	breast-cancer 0.232933040799 0.07188160575 0.149322795639
24.34/15.19	credit-g 0.583357754345 0.447849944189 -0.669690113773
25.19/15.68	soybean 0.132575192585 0.0270063207129 0.79671145292
26.02/16.18	arrhythmia 0.274054941327 0.102440504085 0.168715366501
26.85/16.67	nursery 0.304771597427 0.115693840546 0.501944375815
27.68/17.17	hepatitis 0.362850123216 0.187926243074 -0.61991584856
28.51/17.65	cmc 0.294554469413 0.101726839868 0.357792932407
29.37/18.14	heart-c 0.312922585602 0.126269316946 0.720434007529
30.19/18.54	glass 0.381699159358 0.176683483729 0.172270671159
31.04/19.02	braziltourism 0.460940221944 0.272254200488 0.114416168087
31.86/19.61	iris 0.322363176371 0.135789285346 0.194895337165
32.73/20.11	heart-statlog 0.321845024444 0.138896040751 0.665488390086
33.60/20.61	page-blocks 0.312428299529 0.13229782428 0.441504196628
34.40/21.22	breast-w 0.222832821556 0.0696015994535 0.472855519522
35.29/21.72	heart-h 0.21591179072 0.058331663647 0.585655640037
36.13/22.22	yeast 0.353518929933 0.156078673119 0.499681909215
36.96/22.62	tae 0.311329531338 0.119171028491 0.184875842219
37.87/23.11	haberman 0.262668077634 0.0933779092135 0.168392156986
38.66/23.71	mfeat-pixel 0.336426140336 0.14051601631 0.215903955599
39.49/24.10	optdigits 0.252753524856 0.0807921672059 0.67615430406
40.54/24.70	mfeat-factors 0.261822730189 0.0935920347435 0.649974333396
41.27/25.20	satimage 0.279558731782 0.10539587153 0.407243988105
42.14/25.69	lymph 0.196344985955 0.0553176790142 0.629935343505
42.97/26.09	audiology 0.337694349056 0.152083896386 0.296383124676
43.91/26.60	ecoli 0.415387535532 0.217765963524 0.0617330172445
44.63/26.99	tic-tac-toe 0.303319164378 0.137240200322 0.580807497321
45.47/27.48	spambase 0.221036093709 0.0651665954556 0.793479357776
46.32/28.08	zoo 0.146900332301 0.0296025628429 0.711384141126
47.21/28.58	sonar 0.486608250705 0.29813886282 -0.131546272348
48.04/29.08	mfeat-zernike 0.27176606956 0.0986345506329 0.470916262436
49.01/29.69	kr-vs-kp 0.22268372284 0.0631484926402 0.607957096528
49.06/29.73	MAE 0.312593992132 0.0982425520822
49.06/29.73	MSE 0.139769458178 0.139769458178
49.06/29.73	Mean tau 0.359709508123 0.330517632567
49.06/29.73	(0.10526315789473684, '1_class_probability_max')
49.06/29.73	(1.1929824561403508, '0_class_probability_max')
49.06/29.73	(2.543859649122807, '1_landmark_naive_bayes')
49.06/29.73	(2.8771929824561404, '1_landmark_decision_tree')
49.06/29.73	(4.105263157894737, '0_landmark_naive_bayes')
49.06/29.73	(5.175438596491228, '0_landmark_lda')
49.06/29.73	(5.526315789473684, '0_landmark_decision_tree')
49.06/29.73	(6.754385964912281, '1_landmark_lda')
49.06/29.73	(9.298245614035087, '0_number_of_features')
49.06/29.73	(9.929824561403509, '0_number_of_numeric_features')
49.06/29.73	(10.543859649122806, '1_number_of_numeric_features')
49.06/29.73	(10.719298245614034, '1_number_of_features')
49.06/29.73	(11.192982456140351, '1_number_of_categorical_features')
49.06/29.73	(11.298245614035087, '0_number_of_categorical_features')
49.06/29.73	(13.947368421052632, '1_number_of_classes')
49.06/29.73	(14.789473684210526, '0_number_of_classes')
49.06/29.73	Result for ParamILS: SAT, 28.846608, 1, 0.312594, -1, /home/feurerm/thesis/Software/pyMetaLearn/optimizers/metalearn_optimizer/learn_distances.py
