0.69/0.85	['/home/feurerm/thesis/Software/pyMetaLearn/optimizers/metalearn_optimizer/learn_distances.py', '--input_file', '/home/feurerm/thesis/experiments/2014_04_25_predict_distances/testfold_0-3_pfahringer_spearman_rank_perm.pkl', '--fold', '0', '--folds', '1', '--params', '-max_features', '0.887245030283', '-min_samples_leaf', '5', '-min_samples_split', '10', '-n_estimators', '89', '-n_jobs', '4', '-seed', '9']
0.69/0.86	Metafeatures (57, 8)
0.69/0.86	X (3192, 16)
0.69/0.86	Y (3192,)
0.69/0.86	Dataset Mae MSE Rho
3.20/1.80	vehicle 0.352515718852 0.149410454366 0.318038162139
5.92/2.71	anneal.ORIG 0.514541658405 0.320103944362 -0.105689511199
8.62/3.72	segment 0.163303277345 0.034751595333 0.836143013673
11.35/4.78	pendigits 0.265017783663 0.0907366687679 0.711384141126
14.02/5.79	mushroom 0.179975464685 0.0411262919918 0.665165180572
16.82/6.80	labor 0.318522486852 0.137984677575 0.199097060851
19.42/7.82	abalone 0.248845728819 0.0765934462579 0.725282150244
22.23/8.82	diabetes 0.523923679455 0.341330803517 0.240467878691
24.84/9.72	car 0.394086760075 0.211896739388 0.144797862437
27.51/10.72	autos 0.22021216609 0.0612672357417 0.730776711988
30.23/11.75	mfeat-fourier 0.582785173301 0.440551118001 -0.441180987114
32.98/12.75	primary-tumor 0.205278710005 0.0528545932944 0.601492906241
35.65/13.76	waveform-5000 0.146289289701 0.0323556512692 0.767299387112
38.41/14.89	credit-a 0.365800756707 0.191388012153 0.424697301881
41.16/16.01	letter 0.234672170512 0.0743053299943 0.616360543902
43.94/17.14	postoperative-patient-data 0.448362047927 0.264425133647 0.0433100749255
46.61/18.17	vowel 0.39046060464 0.187176544687 0.499035490186
49.36/19.18	eucalyptus 0.42829994291 0.240425324331 -0.0959932257676
52.08/20.18	cylinder-bands 0.350838640918 0.153339870945 0.303170524478
54.94/21.20	ionosphere 0.417098851533 0.203167844687 0.0507438937559
57.53/22.20	mfeat-karhunen 0.142389557559 0.0308928681204 0.811579090581
60.32/23.35	balance-scale 0.241609678501 0.0804046111562 0.440534568085
63.07/24.38	mfeat-morphological 0.472375761001 0.297213979394 -0.201359527452
65.80/25.41	liver-disorders 0.298056524455 0.116363499319 0.463482443605
68.58/26.44	dermatology 0.211330852462 0.0573246659697 0.468653795835
71.29/27.47	vote 0.0837796199069 0.0116435382288 0.746613978193
73.97/28.48	breast-cancer 0.134832290042 0.0261386792128 0.393669188502
76.67/29.49	credit-g 0.739805086664 0.721559600148 -0.708475255497
79.56/30.50	soybean 0.131759472828 0.0269109034889 0.718171540928
82.13/31.50	arrhythmia 0.267499995632 0.094196487761 0.512610289789
84.82/32.51	nursery 0.25240641001 0.0822797355694 0.636399533793
87.53/33.52	hepatitis 0.23254546881 0.0770392467754 0.514549546876
90.21/34.53	cmc 0.2600489683 0.090308385312 0.328704076113
92.92/35.54	heart-c 0.211198670431 0.0617742503479 0.842930413474
95.63/36.55	glass 0.359150410107 0.154188403039 0.345834180375
98.33/37.56	braziltourism 0.465392756811 0.281192628238 0.0601169696726
101.16/38.59	iris 0.279850986466 0.102787637928 0.360378608521
103.93/39.60	heart-statlog 0.187769044016 0.0483930296505 0.825477099699
106.63/40.62	page-blocks 0.4617509824 0.282274574828 -0.0694900455893
109.27/41.65	breast-w 0.210815599073 0.0584373094456 0.636399533793
111.97/42.66	heart-h 0.150427190917 0.031312885752 0.706212788896
114.67/43.69	yeast 0.24897648046 0.0746819241528 0.748553235279
117.36/44.69	tae 0.380251725779 0.173837613332 0.195864965708
120.10/45.72	haberman 0.276470356253 0.0999046689217 0.0316745324082
122.83/46.74	mfeat-pixel 0.386844459283 0.184354436532 0.131869481863
125.55/47.76	optdigits 0.157543467452 0.0329612467834 0.793479357776
128.27/48.78	mfeat-factors 0.178288193632 0.0448061841598 0.761158406339
130.97/49.80	satimage 0.253965869173 0.0926934862283 0.489339204755
133.66/50.82	lymph 0.232726098516 0.0833235862416 0.390113883843
136.36/51.85	audiology 0.301313210907 0.114417644159 0.43051507314
139.19/52.85	ecoli 0.387690442499 0.194366323232 0.223014564915
141.95/53.85	tic-tac-toe 0.334404465102 0.173908534982 0.22786270763
144.53/54.87	spambase 0.22393986373 0.0574910047131 0.864908660452
147.23/55.87	zoo 0.099190357513 0.0135991493202 0.857474841621
149.92/56.77	sonar 0.500294163258 0.309460865709 -0.132515900891
152.62/57.78	mfeat-zernike 0.232688577529 0.0744561271074 0.533295698709
155.26/58.67	kr-vs-kp 0.166740054955 0.0356017357003 0.740472997419
155.41/58.72	MAE 0.296613228506 0.131819922374
155.41/58.72	MSE 0.136801626864 0.136801626864
155.41/58.72	Mean tau 0.409727598058 0.348427110865
155.41/58.72	(0.0, '1_class_probability_max')
155.41/58.72	(1.0, '0_class_probability_max')
155.41/58.72	(2.4210526315789473, '0_landmark_naive_bayes')
155.41/58.72	(3.0, '1_landmark_naive_bayes')
155.41/58.72	(5.421052631578948, '1_number_of_numeric_features')
155.41/58.72	(5.456140350877193, '0_landmark_decision_tree')
155.41/58.72	(6.43859649122807, '0_number_of_numeric_features')
155.41/58.72	(7.368421052631579, '0_number_of_categorical_features')
155.41/58.72	(7.771929824561403, '1_number_of_categorical_features')
155.41/58.72	(8.736842105263158, '1_landmark_decision_tree')
155.41/58.72	(9.12280701754386, '1_number_of_features')
155.41/58.72	(9.701754385964913, '0_number_of_features')
155.41/58.72	(12.210526315789474, '0_landmark_lda')
155.41/58.72	(12.350877192982455, '1_landmark_lda')
155.41/58.72	(14.491228070175438, '1_number_of_classes')
155.41/58.72	(14.508771929824562, '0_number_of_classes')
155.41/58.72	Result for ParamILS: SAT, 57.870030, 1, 0.296613, -1, /home/feurerm/thesis/Software/pyMetaLearn/optimizers/metalearn_optimizer/learn_distances.py
