0.80/1.03	['/home/feurerm/thesis/Software/pyMetaLearn/optimizers/metalearn_optimizer/learn_distances.py', '--input_file', '/home/feurerm/thesis/experiments/2014_04_25_predict_distances/testfold_0-3_pfahringer_spearman_rank_perm.pkl', '--fold', '0', '--folds', '1', '--params', '-max_features', '0.282289379954', '-min_samples_leaf', '9', '-min_samples_split', '2', '-n_estimators', '9', '-n_jobs', '4', '-seed', '46']
0.80/1.03	Metafeatures (57, 8)
0.80/1.03	X (3192, 16)
0.80/1.03	Y (3192,)
0.80/1.03	Dataset Mae MSE Rho
0.93/1.28	vehicle 0.326481554226 0.133689151665 0.476687473581
1.11/1.53	anneal.ORIG 0.351711606961 0.164907166905 0.407438367537
1.27/1.78	segment 0.262705733119 0.0908928702158 0.630581762534
1.43/2.02	pendigits 0.316593854529 0.130574625687 0.622389985476
1.58/2.27	mushroom 0.219085083928 0.0599391131115 0.592652318032
1.74/2.52	labor 0.268176115871 0.102912352537 0.409377780631
1.91/2.76	abalone 0.341531802625 0.14805904679 0.459303878787
2.07/3.01	diabetes 0.497039490194 0.31628336669 0.172473901089
2.23/3.26	car 0.386814411409 0.212583804449 0.221469786785
2.39/3.51	autos 0.229872886814 0.07110184619 0.537465530572
2.55/3.75	mfeat-fourier 0.529860181741 0.366691911874 -0.342333953177
2.72/4.00	primary-tumor 0.217091251048 0.0603220764339 0.574112465385
2.89/4.25	waveform-5000 0.194550818974 0.0549944906491 0.711926223324
3.08/4.50	credit-a 0.380314457035 0.19853951412 0.360171302889
3.22/4.75	letter 0.249674781145 0.0926309819948 0.473825148065
3.40/5.00	postoperative-patient-data 0.400174032226 0.198479956325 0.0601556923624
3.55/5.25	vowel 0.498476692168 0.319618283279 0.0168095992117
3.74/5.50	eucalyptus 0.352548077566 0.159393690773 0.212850587087
3.88/5.75	cylinder-bands 0.314086533356 0.124960164251 0.445131117587
4.05/6.02	ionosphere 0.438356575071 0.231667545747 -0.00856574116599
4.22/6.27	mfeat-karhunen 0.215369535794 0.0632596591825 0.719141169471
4.39/6.52	balance-scale 0.236625502009 0.0829438952702 0.440211358571
4.56/6.77	mfeat-morphological 0.465704225053 0.287787265511 -0.0463842965026
4.72/7.02	liver-disorders 0.303043368549 0.122501115714 0.383257375334
4.89/7.26	dermatology 0.187565414599 0.0487991320271 0.545783168255
5.05/7.51	vote 0.0876756176696 0.0117419608748 0.805114900293
5.23/7.76	breast-cancer 0.239557533501 0.0775964357639 0.212272436764
5.39/8.01	credit-g 0.558283482943 0.429517818355 -0.320862880657
5.55/8.26	soybean 0.140980991909 0.0289859230019 0.746512423504
5.73/8.51	arrhythmia 0.304943710137 0.122283585094 0.063035997044
5.90/8.81	nursery 0.305978149127 0.124880316871 0.475117986123
6.06/9.05	hepatitis 0.329985068403 0.160990656487 -0.0910054417178
6.23/9.31	cmc 0.268016674473 0.0921194492002 0.282207309843
6.37/9.56	heart-c 0.285240573264 0.110365732711 0.672922208916
6.56/9.81	glass 0.390297064821 0.183811391253 0.169860263499
6.73/10.05	braziltourism 0.466401084234 0.279787718692 0.00969940672052
6.89/10.31	iris 0.339166782266 0.149521527939 0.179234093454
7.07/10.55	heart-statlog 0.293831197371 0.114481153542 0.649323018438
7.24/10.81	page-blocks 0.321636874469 0.137006983657 0.321237876505
7.39/11.05	breast-w 0.222388518091 0.0687965896717 0.470269843407
7.56/11.30	heart-h 0.225565771509 0.0641745017955 0.432073793449
7.71/11.55	yeast 0.352914952539 0.161228477625 0.429683717719
7.89/11.80	tae 0.320465632835 0.127804756285 0.147281180421
8.04/12.04	haberman 0.271558891515 0.103977870976 0.163972774343
8.21/12.29	mfeat-pixel 0.306160266056 0.120609312366 0.360113336959
8.38/12.54	optdigits 0.240280401644 0.0739794071286 0.667750856686
8.55/12.79	mfeat-factors 0.256050572232 0.0923015105807 0.600846487212
8.71/13.03	satimage 0.295639325966 0.115418709674 0.338320407665
8.86/13.28	lymph 0.197866775251 0.0585121926951 0.53264927968
9.05/13.53	audiology 0.335009930157 0.150774412905 0.306725829136
9.22/13.77	ecoli 0.419933022188 0.21909841489 0.0315154627805
9.36/14.01	tic-tac-toe 0.357976940144 0.187547962638 0.398968929771
9.53/14.26	spambase 0.241700365389 0.0794168826989 0.659236343438
9.71/14.51	zoo 0.142986222653 0.0283579165376 0.709768093554
9.86/14.75	sonar 0.524386855225 0.348396053596 -0.289595724875
10.05/15.00	mfeat-zernike 0.284452906365 0.11041043572 0.334063905473
10.20/15.24	kr-vs-kp 0.231951177803 0.0697376602034 0.574020097519
10.20/15.25	MAE 0.311276093301 0.100492288658
10.20/15.25	MSE 0.141178364014 0.141178364014
10.20/15.25	Mean tau 0.352952038856 0.274383050644
10.20/15.25	(0.0, '0_class_probability_max')
10.20/15.25	(1.3333333333333333, '1_landmark_naive_bayes')
10.20/15.25	(2.0526315789473686, '0_landmark_decision_tree')
10.20/15.25	(3.8947368421052633, '1_class_probability_max')
10.20/15.25	(5.087719298245614, '1_landmark_decision_tree')
10.20/15.25	(6.2105263157894735, '0_landmark_naive_bayes')
10.20/15.25	(7.842105263157895, '1_number_of_features')
10.20/15.25	(8.333333333333334, '1_number_of_classes')
10.20/15.25	(8.333333333333334, '1_number_of_numeric_features')
10.20/15.25	(8.508771929824562, '1_landmark_lda')
10.20/15.25	(9.43859649122807, '0_landmark_lda')
10.20/15.25	(10.0, '1_number_of_categorical_features')
10.20/15.25	(10.701754385964913, '0_number_of_features')
10.20/15.25	(11.052631578947368, '0_number_of_numeric_features')
10.20/15.25	(12.842105263157896, '0_number_of_categorical_features')
10.20/15.25	(14.368421052631579, '0_number_of_classes')
10.20/15.25	Result for ParamILS: SAT, 14.221626, 1, 0.311276, -1, /home/feurerm/thesis/Software/pyMetaLearn/optimizers/metalearn_optimizer/learn_distances.py
