0.74/1.11	['/home/feurerm/thesis/Software/pyMetaLearn/optimizers/metalearn_optimizer/learn_distances.py', '--input_file', '/home/feurerm/thesis/experiments/2014_04_25_predict_distances/testfold_0-3_pfahringer_spearman_rank_perm.pkl', '--fold', '0', '--folds', '1', '--params', '-max_features', '0.484460556739', '-min_samples_leaf', '7', '-min_samples_split', '1', '-n_estimators', '80', '-n_jobs', '4', '-seed', '54']
0.74/1.12	Metafeatures (57, 8)
0.74/1.12	X (3192, 16)
0.74/1.12	Y (3192,)
0.74/1.12	Dataset Mae MSE Rho
1.89/1.67	vehicle 0.345321467283 0.146140534993 0.400456588303
3.18/2.25	anneal.ORIG 0.351037806671 0.149470991397 0.653852847569
4.48/2.95	segment 0.233854920619 0.0688030816321 0.775379624971
5.81/3.55	pendigits 0.299691575685 0.111580463975 0.664195552028
7.13/4.13	mushroom 0.194366375408 0.0476386422196 0.652560009511
8.42/4.74	labor 0.304023476963 0.127816182613 0.314806066995
9.72/5.33	abalone 0.286633912289 0.104666670453 0.603755372841
11.06/6.04	diabetes 0.492296790296 0.321552074927 0.101810997026
12.39/6.65	car 0.339216048114 0.153878964233 0.46089676749
13.69/7.24	autos 0.253963751671 0.0824849423241 0.566263069175
14.99/7.95	mfeat-fourier 0.536182414862 0.374020035325 -0.389467464815
16.31/8.56	primary-tumor 0.228689143937 0.0649808539106 0.496126604556
17.61/9.15	waveform-5000 0.187012960468 0.0499945638455 0.749522863822
18.90/9.75	credit-a 0.391515085043 0.21595268077 0.320623838254
20.20/10.34	letter 0.236641457497 0.0799322597157 0.665488390086
21.62/11.03	postoperative-patient-data 0.408305515593 0.213236050102 0.0497742652128
22.85/11.63	vowel 0.44323732106 0.243978244909 0.269556734984
24.16/12.23	eucalyptus 0.413191480045 0.221616981349 -0.048158217641
25.45/12.93	cylinder-bands 0.333108190868 0.140556217493 0.425020511395
26.80/13.54	ionosphere 0.41223699393 0.204825854141 0.0898522449946
28.12/14.15	mfeat-karhunen 0.182055511958 0.0467340268681 0.774409996428
29.41/14.86	balance-scale 0.245037455822 0.079386530391 0.42017236868
30.71/15.46	mfeat-morphological 0.460061427139 0.277264306776 -0.193925708621
32.06/16.07	liver-disorders 0.269275239603 0.0960546067676 0.501944375815
33.36/16.79	dermatology 0.194444928369 0.0499083175522 0.536204584338
34.71/17.38	vote 0.0759871136281 0.009098944016 0.797034662434
36.08/17.97	breast-cancer 0.181034473286 0.0431552937932 0.305432991079
37.38/18.58	credit-g 0.568796705567 0.43039185075 -0.617653381959
38.71/19.19	soybean 0.124718687015 0.0241405689019 0.753724587509
40.10/19.89	arrhythmia 0.280726166416 0.109151533904 0.156433404955
41.35/20.49	nursery 0.296681265097 0.112163138042 0.509378194646
42.66/21.07	hepatitis 0.336558206564 0.1643639715 -0.394962026559
43.95/21.67	cmc 0.286754229107 0.102345920429 0.267617477898
45.21/22.26	heart-c 0.264242207443 0.0912201445249 0.774409996428
46.57/22.96	glass 0.34156615158 0.14256870723 0.425666930424
47.89/23.55	braziltourism 0.450682277138 0.263391517466 0.0766006549055
49.24/24.17	iris 0.302724032305 0.117276537696 0.322239885826
50.51/24.87	heart-statlog 0.289459704515 0.114611330042 0.731746340532
51.86/25.47	page-blocks 0.349693939302 0.167241957734 0.373630198611
53.19/26.07	breast-w 0.220897678372 0.0670156414158 0.477057243209
54.49/26.82	heart-h 0.184305974896 0.044321718091 0.618623010502
55.88/27.41	yeast 0.320530740153 0.129359508959 0.549132964913
57.11/28.02	tae 0.33587531606 0.138784312985 0.147706748067
58.45/28.73	haberman 0.248509127877 0.0790414076787 0.155463776412
59.79/29.33	mfeat-pixel 0.352113882396 0.150262657332 0.202005946481
61.07/29.92	optdigits 0.198661645983 0.0510575973316 0.74790681625
62.36/30.62	mfeat-factors 0.206268414136 0.0587080240671 0.740796206934
63.67/31.21	satimage 0.269457034505 0.10001044572 0.426636558967
65.08/31.83	lymph 0.193368997595 0.0540968147785 0.574989726063
66.31/32.43	audiology 0.340405558741 0.157247361937 0.260506868581
67.62/33.03	ecoli 0.409735432 0.213026747509 0.116678634687
68.93/33.62	tic-tac-toe 0.315828277252 0.145125574285 0.54299198414
70.22/34.21	spambase 0.204357888943 0.0542668488638 0.864262241423
71.53/34.81	zoo 0.116213779224 0.0183731940195 0.795418614862
72.85/35.41	sonar 0.499877406821 0.315394815844 -0.158695871555
74.16/36.01	mfeat-zernike 0.261834145578 0.0955046460655 0.507115728045
75.44/36.61	kr-vs-kp 0.191653553846 0.0466202975642 0.681648865804
75.44/36.65	MAE 0.29931440815 0.104795949482
75.44/36.65	MSE 0.131259879108 0.131259879108
75.44/36.65	Mean tau 0.396362601121 0.327423982551
75.44/36.65	(0.19298245614035087, '0_class_probability_max')
75.44/36.65	(1.280701754385965, '1_class_probability_max')
75.44/36.65	(2.263157894736842, '1_landmark_decision_tree')
75.44/36.65	(2.3684210526315788, '0_landmark_decision_tree')
75.44/36.65	(4.052631578947368, '1_landmark_naive_bayes')
75.44/36.65	(5.157894736842105, '0_landmark_naive_bayes')
75.44/36.65	(6.228070175438597, '0_landmark_lda')
75.44/36.65	(6.56140350877193, '1_landmark_lda')
75.44/36.65	(8.87719298245614, '0_number_of_numeric_features')
75.44/36.65	(9.333333333333334, '1_number_of_numeric_features')
75.44/36.65	(10.631578947368421, '1_number_of_features')
75.44/36.65	(10.719298245614034, '0_number_of_categorical_features')
75.44/36.65	(11.263157894736842, '1_number_of_categorical_features')
75.44/36.65	(12.105263157894736, '0_number_of_features')
75.44/36.65	(14.333333333333334, '0_number_of_classes')
75.44/36.65	(14.631578947368421, '1_number_of_classes')
75.44/36.65	Result for ParamILS: SAT, 35.536166, 1, 0.299314, -1, /home/feurerm/thesis/Software/pyMetaLearn/optimizers/metalearn_optimizer/learn_distances.py
