0.68/0.89	['/home/feurerm/thesis/Software/pyMetaLearn/optimizers/metalearn_optimizer/learn_distances.py', '--input_file', '/home/feurerm/thesis/experiments/2014_04_25_predict_distances/testfold_0-3_pfahringer_spearman_rank_perm.pkl', '--fold', '0', '--folds', '1', '--params', '-max_features', '0.963371349126', '-min_samples_leaf', '3', '-min_samples_split', '4', '-n_estimators', '10', '-n_jobs', '4', '-seed', '65']
0.77/0.90	Metafeatures (57, 8)
0.77/0.90	X (3192, 16)
0.77/0.90	Y (3192,)
0.77/0.90	Dataset Mae MSE Rho
1.14/1.24	vehicle 0.375881836305 0.174094722042 0.266647849354
1.57/1.59	anneal.ORIG 0.457165101558 0.279007481949 -0.145617599822
1.99/1.94	segment 0.140032149979 0.0274784673764 0.813098939737
2.39/2.29	pendigits 0.2435409111 0.0847192644546 0.683588122891
2.82/2.64	mushroom 0.159363483495 0.0366402098902 0.674215046974
3.21/2.99	labor 0.31842112006 0.141571582034 0.199420270366
3.63/3.34	abalone 0.183013047613 0.0463850107721 0.734008807132
4.05/3.68	diabetes 0.535272550917 0.355722134666 0.217196793656
4.46/4.04	car 0.382482421461 0.202551836342 0.127667758176
4.87/4.39	autos 0.220359698222 0.0696060625169 0.627996086419
5.32/4.75	mfeat-fourier 0.593787459809 0.469646041193 -0.445059501286
5.73/5.10	primary-tumor 0.192537541826 0.0521203742592 0.590066433906
6.16/5.46	waveform-5000 0.161586837933 0.0399613475887 0.729160664417
6.58/5.81	credit-a 0.33921617606 0.170485860749 0.457018253318
7.01/6.17	letter 0.233655454734 0.0727679838049 0.506792518531
7.44/6.52	postoperative-patient-data 0.45767934771 0.281332147177 0.0701364646181
7.87/6.88	vowel 0.409451964516 0.213933415974 0.381387226955
8.28/7.24	eucalyptus 0.430791517302 0.252917176276 -0.0656115314169
8.70/7.59	cylinder-bands 0.339226894774 0.151517655221 0.330320123685
9.14/7.94	ionosphere 0.389320862403 0.196778423504 0.162897595242
9.56/8.29	mfeat-karhunen 0.129366301544 0.0290946851184 0.785722329431
9.98/8.64	balance-scale 0.266095791849 0.0973235376151 0.323209514369
10.38/8.99	mfeat-morphological 0.53609367957 0.399619423739 -0.265678220811
10.80/9.35	liver-disorders 0.286189079238 0.105680826051 0.567879116746
11.19/9.69	dermatology 0.229599527915 0.0683506469174 0.432131120711
11.59/10.04	vote 0.0966729087265 0.016143479482 0.708152045983
12.04/10.39	breast-cancer 0.15756930832 0.0376264111305 0.350225681258
12.44/10.75	credit-g 0.778713996281 0.795919710371 -0.617330172445
12.86/11.09	soybean 0.134977922053 0.0279087113341 0.691021941721
13.27/11.44	arrhythmia 0.235275023674 0.0763479792009 0.265537976146
13.68/11.79	nursery 0.239098534397 0.0747610803056 0.646095819224
14.10/12.14	hepatitis 0.230694874003 0.0773286469163 0.55600982008
14.52/12.49	cmc 0.304465247198 0.125715866103 0.250164164122
14.93/12.84	heart-c 0.199763538661 0.0599292489884 0.782167024773
15.34/13.19	glass 0.307389837261 0.112864159289 0.566793476776
15.76/13.53	braziltourism 0.55973732977 0.408583468391 -0.171799676593
16.17/13.89	iris 0.308953075895 0.118722661485 0.342602085231
16.60/14.24	heart-statlog 0.161473805446 0.0371756238746 0.824507471155
17.02/14.59	page-blocks 0.546560579149 0.411151168004 -0.319007790682
17.43/14.93	breast-w 0.233040443109 0.0752724441148 0.573581422605
17.85/15.29	heart-h 0.128110791805 0.0253574147081 0.701687855695
18.28/15.64	yeast 0.250473873667 0.0806951376756 0.66064024737
18.69/15.99	tae 0.386085943388 0.18261322407 0.23303405986
19.10/16.34	haberman 0.316954353563 0.136627013675 0.0274728087214
19.52/16.69	mfeat-pixel 0.345203443653 0.157148765155 0.240791088205
19.95/17.03	optdigits 0.140186925766 0.0291640240691 0.795967457405
20.36/17.38	mfeat-factors 0.198564619907 0.0591038367031 0.677879414365
20.78/17.82	satimage 0.278141780804 0.107431987498 0.374923036668
21.17/18.17	lymph 0.242271326855 0.0936699820925 0.322886304855
21.59/18.52	audiology 0.299580381655 0.120155294899 0.382356855499
22.02/18.87	ecoli 0.388560315986 0.206682145464 0.250487373636
22.42/19.22	tic-tac-toe 0.26930323432 0.108183340975 0.548809755399
22.82/19.56	spambase 0.249076136767 0.0735771975789 0.771177901285
23.26/19.91	zoo 0.100576318705 0.0148905456371 0.808896878033
23.64/20.26	sonar 0.420097138547 0.224460111542 0.2584267948
24.05/20.61	mfeat-zernike 0.285254593823 0.113713053694 0.301554476906
24.45/20.96	kr-vs-kp 0.131981843622 0.024353981078 0.788308005546
24.45/20.97	MAE 0.297104214117 0.139352896874
24.45/20.97	MSE 0.14443129882 0.14443129882
24.45/20.97	Mean tau 0.392151154156 0.338538562139
24.45/20.97	(0.40350877192982454, '1_class_probability_max')
24.45/20.97	(0.5964912280701754, '0_class_probability_max')
24.45/20.97	(3.0350877192982457, '1_landmark_naive_bayes')
24.45/20.97	(3.8771929824561404, '0_landmark_naive_bayes')
24.45/20.97	(5.385964912280702, '1_number_of_categorical_features')
24.45/20.97	(5.456140350877193, '0_number_of_numeric_features')
24.45/20.97	(5.9298245614035086, '1_number_of_numeric_features')
24.45/20.97	(6.614035087719298, '0_number_of_categorical_features')
24.45/20.97	(8.859649122807017, '1_number_of_features')
24.45/20.97	(8.947368421052632, '0_number_of_features')
24.45/20.97	(9.75438596491228, '1_landmark_decision_tree')
24.45/20.97	(9.912280701754385, '0_landmark_decision_tree')
24.45/20.97	(11.12280701754386, '0_landmark_lda')
24.45/20.97	(11.263157894736842, '1_landmark_lda')
24.45/20.97	(14.333333333333334, '1_number_of_classes')
24.45/20.97	(14.508771929824562, '0_number_of_classes')
24.45/20.97	Result for ParamILS: SAT, 20.074727, 1, 0.297104, -1, /home/feurerm/thesis/Software/pyMetaLearn/optimizers/metalearn_optimizer/learn_distances.py
