0.68/0.88	['/home/feurerm/thesis/Software/pyMetaLearn/optimizers/metalearn_optimizer/learn_distances.py', '--input_file', '/home/feurerm/thesis/experiments/2014_04_25_predict_distances/testfold_0-3_pfahringer_spearman_rank_perm.pkl', '--fold', '0', '--folds', '1', '--params', '-max_features', '0.387075957291', '-min_samples_leaf', '5', '-min_samples_split', '10', '-n_estimators', '93', '-n_jobs', '4', '-seed', '62']
0.68/0.88	Metafeatures (57, 8)
0.68/0.88	X (3192, 16)
0.68/0.88	Y (3192,)
0.68/0.88	Dataset Mae MSE Rho
2.00/1.54	vehicle 0.333044826491 0.137462626111 0.459280719918
3.53/2.25	anneal.ORIG 0.372919789423 0.167869848888 0.619592639045
4.87/2.96	segment 0.223727061122 0.0634169630745 0.78119739623
6.29/3.67	pendigits 0.293330032271 0.109745035886 0.679386399204
7.91/4.40	mushroom 0.180909542315 0.0410636658853 0.673568627945
9.22/5.10	labor 0.30722506283 0.133315603209 0.279576229929
10.71/5.82	abalone 0.262771002015 0.0889080174481 0.627026457876
12.23/6.53	diabetes 0.491227293646 0.31281688364 0.16128154767
13.68/7.23	car 0.352845051083 0.17384012035 0.45055406303
15.15/7.95	autos 0.240919007061 0.0738443222497 0.635753114764
16.58/8.68	mfeat-fourier 0.557032967317 0.402813513176 -0.419202740137
18.09/9.40	primary-tumor 0.209588801579 0.0543491498205 0.583069963922
19.58/10.23	waveform-5000 0.196759176981 0.0551700974824 0.755987054109
21.05/10.94	credit-a 0.372961484062 0.194051318396 0.450877272545
22.55/11.66	letter 0.233917746478 0.075941099873 0.713969817241
23.96/12.37	postoperative-patient-data 0.404490066359 0.207969863785 0.111830491972
25.40/13.07	vowel 0.450853810862 0.252982549228 0.223014564915
26.85/13.78	eucalyptus 0.400791891607 0.20872667618 -0.00484814271554
28.36/14.48	cylinder-bands 0.330956440943 0.140977676259 0.48901599524
29.72/15.31	ionosphere 0.410464407817 0.206048828868 0.0979324828538
31.24/16.13	mfeat-karhunen 0.17613204289 0.0437836581459 0.796388243405
32.72/16.86	balance-scale 0.235194601454 0.0789591317821 0.468977005349
34.37/17.67	mfeat-morphological 0.487954194085 0.317231706906 -0.253396259265
35.77/18.39	liver-disorders 0.288815230901 0.110905048822 0.546870498312
37.24/19.09	dermatology 0.198805141422 0.0518209389266 0.511317451732
38.83/19.81	vote 0.0690199910726 0.00785872927602 0.805114900293
40.25/20.61	breast-cancer 0.172930496601 0.0390273379734 0.383649693556
41.72/21.31	credit-g 0.573451592086 0.439071380725 -0.639954838451
43.28/22.03	soybean 0.127325778945 0.0262963837711 0.729483873931
44.66/22.74	arrhythmia 0.281210847825 0.107712994549 0.170331414072
46.10/23.45	nursery 0.286135886727 0.102010581161 0.579837868778
47.78/24.31	hepatitis 0.32719223085 0.15496860739 -0.267940687412
49.15/25.02	cmc 0.283794590243 0.100778854779 0.300584848363
50.61/25.74	heart-c 0.247742698601 0.0806049687797 0.810286252523
52.14/26.47	glass 0.362413648104 0.157539411956 0.334521847372
53.51/27.16	braziltourism 0.467871999777 0.28432914355 0.0158372662041
55.01/27.88	iris 0.298398008787 0.113735347933 0.335491475915
56.46/28.59	heart-statlog 0.279045520881 0.10420893899 0.816427233296
57.90/29.29	page-blocks 0.33972122643 0.160507676136 0.341309247174
59.44/30.14	breast-w 0.209361054088 0.062042716681 0.545254450741
61.08/30.96	heart-h 0.173368046341 0.0406018971639 0.68132565629
62.54/31.82	yeast 0.297618032165 0.11150470685 0.624440781761
64.03/32.52	tae 0.363214428521 0.163230463581 0.0927611306239
65.47/33.24	haberman 0.247837737641 0.0786570148376 0.155140566897
66.90/33.95	mfeat-pixel 0.345344808546 0.143739659626 0.238528621604
68.31/34.66	optdigits 0.177071738662 0.041143250541 0.774086786914
69.83/35.38	mfeat-factors 0.203569471036 0.0570453496098 0.741442625963
71.21/36.10	satimage 0.26381584049 0.0957334343855 0.46380565312
72.62/36.82	lymph 0.197366138535 0.057111299698 0.584362801979
74.17/37.53	audiology 0.337887006306 0.15008866865 0.291858191475
75.57/38.26	ecoli 0.391981711917 0.198653692835 0.190047194449
77.02/38.96	tic-tac-toe 0.278436581993 0.116712159751 0.649004704853
78.50/39.67	spambase 0.205726257319 0.0547405933838 0.883008393256
79.87/40.38	zoo 0.108186855811 0.0159668886808 0.795418614862
81.34/41.11	sonar 0.50631049478 0.324337738833 -0.141242557779
82.84/41.83	mfeat-zernike 0.26507239571 0.0977409245494 0.509054985131
84.22/42.53	kr-vs-kp 0.170950355849 0.0374170590856 0.7220500551
84.22/42.58	MAE 0.296017721854 0.109615316603
84.22/42.58	MSE 0.130335652984 0.130335652984
84.22/42.58	Mean tau 0.420251753473 0.334528645034
84.22/42.58	(0.5789473684210527, '1_class_probability_max')
84.22/42.58	(0.7368421052631579, '0_class_probability_max')
84.22/42.58	(1.8421052631578947, '0_landmark_decision_tree')
84.22/42.58	(2.8421052631578947, '1_landmark_decision_tree')
84.22/42.58	(4.43859649122807, '0_landmark_naive_bayes')
84.22/42.58	(4.666666666666667, '1_landmark_naive_bayes')
84.22/42.58	(6.192982456140351, '1_landmark_lda')
84.22/42.58	(6.9298245614035086, '0_landmark_lda')
84.22/42.58	(9.192982456140351, '1_number_of_numeric_features')
84.22/42.58	(9.473684210526315, '1_number_of_features')
84.22/42.58	(10.350877192982455, '0_number_of_numeric_features')
84.22/42.58	(10.578947368421053, '0_number_of_features')
84.22/42.58	(11.543859649122806, '1_number_of_categorical_features')
84.22/42.58	(11.719298245614034, '0_number_of_categorical_features')
84.22/42.58	(14.403508771929825, '0_number_of_classes')
84.22/42.58	(14.508771929824562, '1_number_of_classes')
84.22/42.58	Result for ParamILS: SAT, 41.704824, 1, 0.296018, -1, /home/feurerm/thesis/Software/pyMetaLearn/optimizers/metalearn_optimizer/learn_distances.py
