0.79/1.00	['/home/feurerm/thesis/Software/pyMetaLearn/optimizers/metalearn_optimizer/learn_distances.py', '--input_file', '/home/feurerm/thesis/experiments/2014_04_25_predict_distances/testfold_0-3_pfahringer_spearman_rank_perm.pkl', '--fold', '0', '--folds', '1', '--params', '-max_features', '0.283980676286', '-min_samples_leaf', '6', '-min_samples_split', '2', '-n_estimators', '17', '-n_jobs', '4', '-seed', '21']
0.79/1.01	Metafeatures (57, 8)
0.79/1.01	X (3192, 16)
0.79/1.01	Y (3192,)
0.79/1.01	Dataset Mae MSE Rho
1.00/1.25	vehicle 0.366753616783 0.167957490759 0.275374506242
1.25/1.50	anneal.ORIG 0.313395893462 0.128285577344 0.513579918332
1.48/1.75	segment 0.260457861011 0.084246349753 0.715585864813
1.77/2.00	pendigits 0.301183404169 0.114017546262 0.647388657281
2.03/2.25	mushroom 0.197992293386 0.0486313450563 0.618946220017
2.30/2.51	labor 0.337317445924 0.146434121736 0.412415340335
2.54/2.76	abalone 0.302527016244 0.115866469973 0.518751270562
2.80/3.02	diabetes 0.531045354884 0.368347526798 0.0513903127847
3.04/3.28	car 0.396976299132 0.237800184751 0.330561506773
3.32/3.53	autos 0.257634948271 0.0855682374879 0.520367318134
3.57/3.78	mfeat-fourier 0.521190619175 0.353559772055 -0.315775695539
3.82/4.04	primary-tumor 0.23361135705 0.0711321316278 0.485137481068
4.07/4.29	waveform-5000 0.240605481581 0.0813799706929 0.647711866796
4.35/4.54	credit-a 0.37033712996 0.186935253468 0.391599827268
4.62/4.79	letter 0.264175856692 0.0951685965342 0.546547288798
4.87/5.05	postoperative-patient-data 0.423656494467 0.222907276543 -0.155463776412
5.15/5.30	vowel 0.470967564848 0.278338227263 0.0843576832503
5.38/5.55	eucalyptus 0.387626399105 0.203316480809 0.102457416055
5.63/5.81	cylinder-bands 0.348020552544 0.152965703659 0.314806066995
5.89/6.06	ionosphere 0.404154683843 0.205669806639 0.0717525121899
6.14/6.31	mfeat-karhunen 0.197709175918 0.0542518981337 0.7220500551
6.40/6.59	balance-scale 0.217750815477 0.0669399609519 0.570788002376
6.67/6.85	mfeat-morphological 0.488882112741 0.309785050763 -0.152554890782
6.98/7.10	liver-disorders 0.275972730842 0.103155508261 0.433100749255
7.20/7.35	dermatology 0.194573601369 0.0504809039934 0.541375936568
7.46/8.83	vote 0.081107393712 0.0103573529134 0.771501110799
7.73/9.65	breast-cancer 0.211487386383 0.062220888092 0.173092618656
8.03/9.90	credit-g 0.55587119052 0.408065743202 -0.559475669373
8.25/10.16	soybean 0.123888945948 0.0231795547603 0.744997930621
8.48/10.41	arrhythmia 0.297672775367 0.123848563409 0.090175454509
8.77/10.67	nursery 0.292883348145 0.108582365042 0.515195965904
9.01/10.93	hepatitis 0.348646258657 0.171741664621 -0.234973316946
9.30/11.18	cmc 0.298825893325 0.10830287979 0.285070791674
9.57/11.43	heart-c 0.294028316605 0.117664238455 0.717525121899
9.83/11.69	glass 0.370729277409 0.170726401297 0.242407135777
10.09/11.94	braziltourism 0.4922376221 0.306769482833 0.0573743040363
10.39/12.20	iris 0.315587497301 0.127983870804 0.232064431317
10.62/12.45	heart-statlog 0.282976154121 0.110650419401 0.683264913376
10.87/12.70	page-blocks 0.347653430396 0.164599718382 0.311114183859
11.12/12.95	breast-w 0.227441351005 0.0702213088347 0.487399947669
11.42/13.21	heart-h 0.217110971045 0.0597990775193 0.517781642019
11.66/13.46	yeast 0.305098111059 0.115828164765 0.618834394803
11.91/13.71	tae 0.346285519244 0.149660771197 0.0992253209113
12.18/13.97	haberman 0.250748135772 0.0866861157893 0.188754356392
12.43/14.22	mfeat-pixel 0.341879580023 0.142596279395 0.251457002179
12.69/14.47	optdigits 0.22414641713 0.0660439411005 0.714293026756
12.93/14.73	mfeat-factors 0.223579878484 0.0706394549924 0.683911332405
13.19/14.98	satimage 0.311843850988 0.124089863267 0.234973316946
13.44/15.23	lymph 0.174640965665 0.0443526854854 0.667104437658
13.70/15.48	audiology 0.322025134049 0.13072373803 0.343571713774
13.99/15.73	ecoli 0.411708852434 0.220414657657 0.0680410760544
14.25/15.99	tic-tac-toe 0.274734554097 0.110229295564 0.523156682157
14.49/16.24	spambase 0.240954184358 0.0767528946916 0.714293026756
14.74/16.50	zoo 0.137242523956 0.0253164674291 0.721403636072
14.99/17.87	sonar 0.514744251279 0.337191473599 -0.229155545688
15.26/18.12	mfeat-zernike 0.311373835468 0.131983893247 0.296383124676
15.50/18.64	kr-vs-kp 0.190847491426 0.0477847265525 0.668074066201
15.50/18.65	MAE 0.309552979059 0.104087534894
15.50/18.65	MSE 0.139616655148 0.139616655148
15.50/18.65	Mean tau 0.359492788984 0.307792628993
15.50/18.65	(0.45614035087719296, '1_class_probability_max')
15.50/18.65	(1.7543859649122806, '0_class_probability_max')
15.50/18.65	(1.7719298245614035, '1_landmark_decision_tree')
15.50/18.65	(3.912280701754386, '0_landmark_decision_tree')
15.50/18.65	(4.631578947368421, '1_landmark_naive_bayes')
15.50/18.65	(5.298245614035087, '0_landmark_naive_bayes')
15.50/18.65	(7.12280701754386, '1_number_of_categorical_features')
15.50/18.65	(7.754385964912281, '0_landmark_lda')
15.50/18.65	(8.0, '1_landmark_lda')
15.50/18.65	(8.087719298245615, '1_number_of_features')
15.50/18.65	(9.596491228070175, '0_number_of_features')
15.50/18.65	(11.017543859649123, '0_number_of_numeric_features')
15.50/18.65	(11.140350877192983, '0_number_of_categorical_features')
15.50/18.65	(12.31578947368421, '0_number_of_classes')
15.50/18.65	(12.421052631578947, '1_number_of_numeric_features')
15.50/18.65	(14.719298245614034, '1_number_of_classes')
15.50/18.65	Result for ParamILS: SAT, 17.649046, 1, 0.309553, -1, /home/feurerm/thesis/Software/pyMetaLearn/optimizers/metalearn_optimizer/learn_distances.py
