0.75/1.19	['/home/feurerm/thesis/Software/pyMetaLearn/optimizers/metalearn_optimizer/learn_distances.py', '--input_file', '/home/feurerm/thesis/experiments/2014_04_25_predict_distances/testfold_0-3_pfahringer_spearman_rank_perm.pkl', '--fold', '0', '--folds', '1', '--params', '-max_features', '0.192489230676', '-min_samples_leaf', '9', '-min_samples_split', '8', '-n_estimators', '65', '-n_jobs', '4', '-seed', '6']
0.75/1.19	Metafeatures (57, 8)
0.75/1.19	X (3192, 16)
0.75/1.19	Y (3192,)
0.75/1.19	Dataset Mae MSE Rho
1.31/1.55	vehicle 0.372355243909 0.173509787778 0.287656467788
1.96/1.93	anneal.ORIG 0.268350684123 0.0967358787768 0.556566783744
2.58/2.32	segment 0.286835950602 0.103723133088 0.6658115996
3.22/2.71	pendigits 0.361823027244 0.158152336207 0.519720899105
3.83/3.09	mushroom 0.220701672054 0.060559597539 0.593412668382
4.46/3.49	labor 0.302181063537 0.124189274747 0.372337360553
5.09/3.88	abalone 0.34788508509 0.153783334993 0.467684167292
5.74/4.27	diabetes 0.473878635629 0.308458734142 0.039431560753
6.40/4.66	car 0.344748746784 0.163526361801 0.380094388898
7.02/5.05	autos 0.278755128867 0.100150532674 0.468007376806
7.69/5.45	mfeat-fourier 0.507208573445 0.333138279753 -0.32256309534
8.29/5.84	primary-tumor 0.235851763408 0.0670855827197 0.611189191672
8.92/6.23	waveform-5000 0.246421065922 0.0816092348072 0.641894095537
9.57/6.62	credit-a 0.397633611308 0.218901610127 0.257274773438
10.29/7.00	letter 0.24841319871 0.0883461734731 0.624763991275
10.85/7.38	postoperative-patient-data 0.413295497981 0.208974998215 -0.139949719722
11.50/7.76	vowel 0.471147876969 0.273558629599 0.0820952166497
12.13/8.15	eucalyptus 0.391050573088 0.201445423117 0.0374923036668
12.76/8.54	cylinder-bands 0.350897579025 0.157462479133 0.331936171257
13.39/8.92	ionosphere 0.421849762629 0.217815376658 -0.00775702834486
14.04/9.32	mfeat-karhunen 0.220376045074 0.0655773490787 0.759865568282
14.66/9.72	balance-scale 0.241343527983 0.0785821816693 0.43277753974
15.29/10.09	mfeat-morphological 0.483400563162 0.3100456095 -0.216227165113
15.91/10.47	liver-disorders 0.303952528989 0.121846803808 0.435363215855
16.55/10.87	dermatology 0.194530005124 0.048022521029 0.549779383942
17.20/11.25	vote 0.084362510941 0.011490141316 0.796065033891
17.84/11.63	breast-cancer 0.241726021516 0.075846649175 0.165160061843
18.54/12.02	credit-g 0.549297286222 0.402492065426 -0.532326070166
19.12/12.47	soybean 0.131252259714 0.0267724874537 0.802852433693
19.75/12.85	arrhythmia 0.282507752846 0.110237559947 0.145121071952
20.38/13.23	nursery 0.311106338529 0.120349252334 0.468653795835
21.01/13.62	hepatitis 0.357707529318 0.184233628846 -0.542022355597
21.63/14.01	cmc 0.303821394297 0.107502762958 0.311573971852
22.24/14.45	heart-c 0.312487566141 0.127393196389 0.707505626954
22.94/14.94	glass 0.368849755627 0.165153525048 0.300908057878
23.62/15.44	braziltourism 0.494084139502 0.31156121184 -0.042017236868
24.27/15.83	iris 0.325686014338 0.134742276614 0.240791088205
24.97/16.31	heart-statlog 0.311084429459 0.128908996927 0.678416770661
25.62/16.70	page-blocks 0.318922158911 0.137924184085 0.382680065013
26.22/17.09	breast-w 0.234008085902 0.0756795490912 0.436656053913
26.97/17.59	heart-h 0.22652828437 0.0631407658533 0.50453005193
27.53/17.98	yeast 0.353376314341 0.155954019108 0.490955252327
28.21/18.38	tae 0.297359350925 0.108450216264 0.219782469771
28.85/18.88	haberman 0.262402597351 0.0964584082234 0.252749840237
29.52/19.28	mfeat-pixel 0.330786062776 0.13662872669 0.229801964716
30.13/19.66	optdigits 0.251877647159 0.0795564554617 0.703303903267
30.76/20.06	mfeat-factors 0.249378305503 0.0853729010177 0.678093561146
31.44/20.46	satimage 0.286182096983 0.110596988834 0.313513228938
32.15/20.95	lymph 0.189985222314 0.0528214084147 0.652883219025
32.72/21.34	audiology 0.324468273203 0.13979202168 0.38397290307
33.38/21.84	ecoli 0.415017110427 0.218822742536 0.0798327500492
34.05/22.23	tic-tac-toe 0.278436398493 0.115035366541 0.603755372841
34.73/22.73	spambase 0.221131169512 0.065230465695 0.748553235279
35.38/23.11	zoo 0.159334384782 0.0338733896155 0.684557751434
36.08/23.50	sonar 0.478903866096 0.287723225747 -0.141242557779
36.65/23.98	mfeat-zernike 0.263273852611 0.0954561016876 0.538143841424
37.31/24.36	kr-vs-kp 0.220978895245 0.0620119132747 0.623794362732
37.31/24.39	MAE 0.312652815544 0.096149457264
37.31/24.39	MSE 0.139340593483 0.139340593483
37.31/24.39	Mean tau 0.356415039214 0.318474810252
37.31/24.39	(0.3508771929824561, '1_landmark_decision_tree')
37.31/24.39	(1.7894736842105263, '0_class_probability_max')
37.31/24.39	(2.0526315789473686, '0_landmark_lda')
37.31/24.39	(2.824561403508772, '1_class_probability_max')
37.31/24.39	(3.6140350877192984, '0_landmark_naive_bayes')
37.31/24.39	(4.473684210526316, '0_landmark_decision_tree')
37.31/24.39	(6.4035087719298245, '1_landmark_lda')
37.31/24.39	(6.7368421052631575, '1_landmark_naive_bayes')
37.31/24.39	(9.052631578947368, '1_number_of_categorical_features')
37.31/24.39	(9.491228070175438, '0_number_of_categorical_features')
37.31/24.39	(9.842105263157896, '0_number_of_features')
37.31/24.39	(10.736842105263158, '1_number_of_numeric_features')
37.31/24.39	(12.140350877192983, '0_number_of_numeric_features')
37.31/24.39	(12.368421052631579, '1_number_of_classes')
37.31/24.39	(13.368421052631579, '1_number_of_features')
37.31/24.39	(14.75438596491228, '0_number_of_classes')
37.31/24.39	Result for ParamILS: SAT, 23.206349, 1, 0.312653, -1, /home/feurerm/thesis/Software/pyMetaLearn/optimizers/metalearn_optimizer/learn_distances.py
