0.69/0.89	['/home/feurerm/thesis/Software/pyMetaLearn/optimizers/metalearn_optimizer/learn_distances.py', '--input_file', '/home/feurerm/thesis/experiments/2014_04_25_predict_distances/testfold_0-3_pfahringer_spearman_rank_perm.pkl', '--fold', '0', '--folds', '1', '--params', '-max_features', '0.405994258378', '-min_samples_leaf', '5', '-min_samples_split', '6', '-n_estimators', '26', '-n_jobs', '4', '-seed', '40']
0.69/0.89	Metafeatures (57, 8)
0.69/0.89	X (3192, 16)
0.69/0.89	Y (3192,)
0.69/0.89	Dataset Mae MSE Rho
1.16/1.24	vehicle 0.335908034682 0.138844680359 0.436009634884
1.64/1.50	anneal.ORIG 0.282170469697 0.108406342254 0.435686425369
2.03/1.85	segment 0.208540365552 0.0565051161175 0.793156148262
2.48/2.21	pendigits 0.30759942428 0.119779425316 0.639954838451
2.91/2.57	mushroom 0.186461689375 0.0454757783107 0.65320642854
3.33/2.92	labor 0.301940095959 0.128928121705 0.278606601386
3.77/3.28	abalone 0.268181645824 0.0939834002602 0.628319295933
4.23/3.64	diabetes 0.435090656087 0.262028433447 0.171947461644
4.71/4.01	car 0.382760215582 0.208874756785 0.178088442417
5.16/4.28	autos 0.214587350645 0.0609533237823 0.634783486221
5.63/4.64	mfeat-fourier 0.573213031418 0.427404236373 -0.46089676749
6.09/5.00	primary-tumor 0.222776571478 0.0621697344346 0.509378194646
6.55/5.36	waveform-5000 0.207532068482 0.0609442411384 0.632844229135
7.03/5.73	credit-a 0.371837043113 0.195651479581 0.403365473933
7.47/6.10	letter 0.237751524656 0.0784006247615 0.620885477103
7.92/6.47	postoperative-patient-data 0.411806346872 0.218192853432 0.129779059553
8.37/6.83	vowel 0.449458632614 0.255326462509 0.205884460653
8.82/7.18	eucalyptus 0.4201447136 0.233150100634 -0.0620562267589
9.29/7.54	cylinder-bands 0.347364326763 0.152269501227 0.314159647967
9.77/7.90	ionosphere 0.4248046014 0.220791708674 0.045572541526
10.24/8.26	mfeat-karhunen 0.152754640383 0.0334069210624 0.792411866733
10.72/8.64	balance-scale 0.235034767644 0.0731047385874 0.459927138947
11.21/9.00	mfeat-morphological 0.464023488093 0.283497291203 -0.20491483211
11.61/9.36	liver-disorders 0.273141803412 0.0985893263083 0.372983779582
12.06/9.72	dermatology 0.196532584376 0.0516649717924 0.511963870761
12.51/10.08	vote 0.0741923760831 0.00890407137611 0.780227767687
12.97/10.44	breast-cancer 0.212939324132 0.057643805468 0.252103421208
13.48/10.80	credit-g 0.540857232453 0.394142002512 -0.421465206737
13.90/11.72	soybean 0.133628376709 0.0288863431734 0.686173799005
14.35/12.08	arrhythmia 0.299983533634 0.115032785472 -0.039431560753
14.81/12.44	nursery 0.276120076984 0.0992734690152 0.583393173436
15.25/12.80	hepatitis 0.322205466916 0.146525198805 -0.299292010306
15.69/13.06	cmc 0.293974740944 0.108228863497 0.254042678294
16.13/13.41	heart-c 0.24273153905 0.0784965516949 0.812548719124
16.57/13.77	glass 0.34815198776 0.147976133495 0.363287494151
17.01/14.13	braziltourism 0.44983090714 0.261810432201 0.0287656467788
17.46/14.39	iris 0.292473830987 0.113308068278 0.313513228938
17.89/14.75	heart-statlog 0.267387426906 0.0991568451869 0.76051198731
18.35/15.12	page-blocks 0.319153094354 0.138785404267 0.384942531614
18.81/15.49	breast-w 0.223135558164 0.0682715361816 0.478350081266
19.25/15.86	heart-h 0.166053792173 0.0371384413332 0.62734966739
19.71/16.22	yeast 0.293248829053 0.111567941959 0.603432163327
20.16/16.58	tae 0.336753627347 0.139224244493 0.140596138751
20.62/16.93	haberman 0.248670148246 0.0786456273313 0.143181814865
21.12/17.30	mfeat-pixel 0.319223932766 0.125643942281 0.283454744102
21.55/17.66	optdigits 0.178180246027 0.0426470112847 0.752431749451
21.98/18.02	mfeat-factors 0.191364776221 0.0515863486121 0.734008807132
22.43/18.38	satimage 0.272060166682 0.104029547361 0.422111625766
22.89/18.74	lymph 0.184480923738 0.0486194121239 0.620562267589
23.34/19.00	audiology 0.325968891343 0.143952821944 0.349712694547
23.76/19.36	ecoli 0.411030340503 0.214216747074 0.0591473411295
24.22/19.63	tic-tac-toe 0.302496420763 0.136371726969 0.529740394051
24.67/19.98	spambase 0.218686925102 0.0589655869978 0.820305747469
25.13/20.34	zoo 0.107578531943 0.0156688184282 0.81448797621
25.59/20.71	sonar 0.517349768871 0.338505686882 -0.21525753657
26.03/21.07	mfeat-zernike 0.251188088579 0.0878552998761 0.48158217641
26.47/21.42	kr-vs-kp 0.182395352919 0.0427239125876 0.688436265606
26.47/21.44	MAE 0.293244075903 0.106562045796
26.47/21.44	MSE 0.128283301723 0.128283301723
26.47/21.44	Mean tau 0.384456183606 0.322516020845
26.47/21.44	(0.10526315789473684, '1_class_probability_max')
26.47/21.44	(1.263157894736842, '0_class_probability_max')
26.47/21.44	(3.0526315789473686, '0_landmark_decision_tree')
26.47/21.44	(3.0526315789473686, '1_landmark_decision_tree')
26.47/21.44	(3.1403508771929824, '0_landmark_naive_bayes')
26.47/21.44	(4.684210526315789, '1_landmark_naive_bayes')
26.47/21.44	(5.912280701754386, '1_landmark_lda')
26.47/21.44	(8.368421052631579, '0_number_of_features')
26.47/21.44	(8.982456140350877, '0_number_of_numeric_features')
26.47/21.44	(9.157894736842104, '0_landmark_lda')
26.47/21.44	(10.75438596491228, '1_number_of_numeric_features')
26.47/21.44	(10.789473684210526, '1_number_of_categorical_features')
26.47/21.44	(10.789473684210526, '1_number_of_features')
26.47/21.44	(11.421052631578947, '0_number_of_categorical_features')
26.47/21.44	(14.087719298245615, '1_number_of_classes')
26.47/21.44	(14.43859649122807, '0_number_of_classes')
26.47/21.44	Result for ParamILS: SAT, 20.551112, 1, 0.293244, -1, /home/feurerm/thesis/Software/pyMetaLearn/optimizers/metalearn_optimizer/learn_distances.py
