0.78/1.01	['/home/feurerm/thesis/Software/pyMetaLearn/optimizers/metalearn_optimizer/learn_distances.py', '--input_file', '/home/feurerm/thesis/experiments/2014_04_25_predict_distances/testfold_0-3_pfahringer_spearman_rank_perm.pkl', '--fold', '0', '--folds', '1', '--params', '-max_features', '0.805989000355', '-min_samples_leaf', '3', '-min_samples_split', '5', '-n_estimators', '15', '-n_jobs', '4', '-seed', '21']
0.78/1.02	Metafeatures (57, 8)
0.78/1.02	X (3192, 16)
0.78/1.02	Y (3192,)
0.78/1.02	Dataset Mae MSE Rho
1.25/1.37	vehicle 0.358361502612 0.15526163954 0.304140153021
1.74/1.72	anneal.ORIG 0.429839111865 0.245214558919 0.168244085921
2.23/2.07	segment 0.145205942357 0.0304164980873 0.834526966101
2.73/2.42	pendigits 0.253547460332 0.0908732478878 0.712676979184
3.24/2.77	mushroom 0.158644385446 0.035369817651 0.667427647172
3.74/3.12	labor 0.31628178256 0.144133084531 0.229478755202
4.22/3.47	abalone 0.197281154772 0.0526818859438 0.70944488404
4.75/3.83	diabetes 0.5066080546 0.319314184466 0.242730345291
5.26/4.19	car 0.354237606236 0.16235097877 0.235942945489
5.75/4.55	autos 0.193348112942 0.0522720693044 0.694254036865
6.25/4.90	mfeat-fourier 0.586270994455 0.445419643779 -0.406597569076
6.76/5.26	primary-tumor 0.223861540261 0.0652743007959 0.480935757381
7.28/5.62	waveform-5000 0.157769490137 0.0407539982172 0.748876444793
7.77/5.97	credit-a 0.354781895727 0.188110870093 0.473501938551
8.27/6.32	letter 0.241380276946 0.079093269073 0.585978849551
8.76/6.67	postoperative-patient-data 0.474514508815 0.305311576214 -0.0562384555002
9.29/7.03	vowel 0.38240579409 0.183732255712 0.406920778591
9.80/7.38	eucalyptus 0.415812790629 0.233310315084 -0.0287656467788
10.28/7.74	cylinder-bands 0.364257735094 0.181091529804 0.213641488998
10.78/8.10	ionosphere 0.408676572547 0.204728154165 0.0736917692761
11.29/8.45	mfeat-karhunen 0.121076022851 0.0233471103708 0.814811185724
11.78/8.80	balance-scale 0.233210602527 0.0791160981377 0.438918520513
12.27/9.15	mfeat-morphological 0.487896708076 0.323571418524 -0.262769335182
12.76/9.51	liver-disorders 0.300188500562 0.112298477201 0.360378608521
13.26/9.86	dermatology 0.21441603889 0.0589844424858 0.445705920315
13.78/10.22	vote 0.0842438277007 0.0118129460378 0.749846073336
14.28/10.57	breast-cancer 0.155511166731 0.0390523008021 0.383326484042
14.79/10.95	credit-g 0.696909812837 0.652733668732 -0.636399533793
15.29/11.34	soybean 0.111124914258 0.0198872914866 0.765036920512
15.83/11.70	arrhythmia 0.259131744958 0.0877454543242 0.217196793656
16.29/12.05	nursery 0.225526478327 0.0678314314433 0.686820218034
16.79/12.40	hepatitis 0.217093057587 0.0642175607797 0.526508298907
17.29/12.76	cmc 0.264057765327 0.094133375504 0.360701818036
17.77/13.11	heart-c 0.174103338407 0.0424201444225 0.845839299104
18.28/13.46	glass 0.376431406199 0.177047856683 0.18940077542
18.77/13.91	braziltourism 0.492927575998 0.315503864298 0.0219782469771
19.27/14.26	iris 0.307717910836 0.127894777918 0.291534981961
19.75/14.62	heart-statlog 0.242475913343 0.0889046314243 0.762128034882
20.25/14.97	page-blocks 0.405066641641 0.220556958075 -0.00678739980175
20.76/17.84	breast-w 0.244111337371 0.0772844184222 0.519277855968
21.26/18.19	heart-h 0.167719518947 0.0418680408627 0.599553649155
21.75/18.54	yeast 0.214095220319 0.0623162814812 0.702980693753
22.28/18.90	tae 0.382269066047 0.175932448452 0.199420270366
22.77/19.25	haberman 0.274165936042 0.0979497059399 0.0995485304257
23.26/19.61	mfeat-pixel 0.371450572161 0.169579139674 0.201036317938
23.77/19.96	optdigits 0.138444960583 0.026601337587 0.795741824377
24.27/20.32	mfeat-factors 0.16398459448 0.0430712581053 0.739503368876
24.77/20.68	satimage 0.268258369053 0.0981448813992 0.400327186192
25.26/21.03	lymph 0.214281281544 0.0708903777986 0.49418734747
25.76/21.39	audiology 0.302317616642 0.119971175025 0.413708178392
26.26/21.74	ecoli 0.402473525771 0.220253249772 0.113446539544
26.80/22.10	tic-tac-toe 0.261062634214 0.107453250141 0.529093975022
27.26/22.45	spambase 0.237014611602 0.0641031485211 0.817720071354
27.76/22.81	zoo 0.0889323820816 0.0116269030026 0.855212375021
28.25/23.17	sonar 0.50872905888 0.325167972018 -0.130253434291
28.77/23.52	mfeat-zernike 0.228450268748 0.0724185323156 0.516488803962
29.27/23.88	kr-vs-kp 0.150200057337 0.0305789014217 0.754371006537
29.27/23.89	MAE 0.289651879847 0.129959719447
29.27/23.89	MSE 0.133982187871 0.133982187871
29.27/23.89	Mean tau 0.401164081146 0.332664690952
29.27/23.89	(0.2982456140350877, '1_class_probability_max')
29.27/23.89	(0.7017543859649122, '0_class_probability_max')
29.27/23.89	(3.0350877192982457, '0_landmark_decision_tree')
29.27/23.89	(3.8771929824561404, '0_landmark_naive_bayes')
29.27/23.89	(3.8947368421052633, '1_landmark_naive_bayes')
29.27/23.89	(4.982456140350878, '1_landmark_decision_tree')
29.27/23.89	(6.350877192982456, '0_number_of_numeric_features')
29.27/23.89	(7.421052631578948, '1_number_of_numeric_features')
29.27/23.89	(9.035087719298245, '1_number_of_categorical_features')
29.27/23.89	(9.12280701754386, '0_number_of_categorical_features')
29.27/23.89	(9.491228070175438, '1_number_of_features')
29.27/23.89	(9.807017543859649, '0_number_of_features')
29.27/23.89	(11.421052631578947, '1_landmark_lda')
29.27/23.89	(11.578947368421053, '0_landmark_lda')
29.27/23.89	(14.403508771929825, '0_number_of_classes')
29.27/23.89	(14.578947368421053, '1_number_of_classes')
29.27/23.89	Result for ParamILS: SAT, 22.877855, 1, 0.289652, -1, /home/feurerm/thesis/Software/pyMetaLearn/optimizers/metalearn_optimizer/learn_distances.py
