0.78/7.34	['/home/feurerm/thesis/Software/pyMetaLearn/optimizers/metalearn_optimizer/learn_distances.py', '--input_file', '/home/feurerm/thesis/experiments/2014_04_25_predict_distances/testfold_0-3_pfahringer_spearman_rank_perm.pkl', '--fold', '0', '--folds', '1', '--params', '-max_features', '0.426742612651', '-min_samples_leaf', '9', '-min_samples_split', '9', '-n_estimators', '97', '-n_jobs', '4', '-seed', '23']
0.78/7.34	Metafeatures (57, 8)
0.78/7.34	X (3192, 16)
0.78/7.34	Y (3192,)
0.78/7.34	Dataset Mae MSE Rho
1.97/7.99	vehicle 0.365764272151 0.164890361145 0.311897181366
3.50/8.81	anneal.ORIG 0.337519522342 0.143968677681 0.565616650146
4.73/11.91	segment 0.255008526235 0.0811775690466 0.751785330422
6.13/12.63	pendigits 0.337784740026 0.140411270628 0.602785744298
7.50/13.32	mushroom 0.199731377767 0.0494933343773 0.646742238252
8.94/14.06	labor 0.283417634036 0.111994480909 0.352621580177
10.28/14.78	abalone 0.31284146996 0.12453328404 0.541699146083
11.72/16.37	diabetes 0.479416019966 0.314462490579 0.0426636558967
13.16/20.11	car 0.353461902922 0.17322393102 0.422111625766
14.64/20.82	autos 0.248991073051 0.0802485407926 0.537497422396
15.94/21.52	mfeat-fourier 0.539313514613 0.377678598367 -0.43794889197
17.28/22.25	primary-tumor 0.240647651592 0.0701802802791 0.483198223982
18.69/23.29	waveform-5000 0.213046432093 0.0621224445498 0.729483873931
20.05/24.01	credit-a 0.375128018712 0.197142572954 0.406920778591
21.47/24.75	letter 0.242178418793 0.0832806126439 0.649974333396
22.84/25.45	postoperative-patient-data 0.411993938615 0.217086197627 -0.0216550374627
24.23/26.17	vowel 0.463398266965 0.268229028021 0.156756614469
25.57/30.70	eucalyptus 0.391434316051 0.202191005454 0.0636722743307
26.94/32.89	cylinder-bands 0.339544180899 0.148669037328 0.401103007332
28.34/33.59	ionosphere 0.408767334786 0.201253573167 0.0808023785923
29.73/34.64	mfeat-karhunen 0.206019038465 0.0576561631897 0.758895939739
31.08/35.36	balance-scale 0.239239893737 0.0768811197377 0.441504196628
32.52/36.33	mfeat-morphological 0.470569751707 0.295286231967 -0.244992811892
33.82/37.13	liver-disorders 0.296670968493 0.116376668859 0.339693199602
35.17/37.83	dermatology 0.19030975121 0.047283404036 0.551072221999
36.56/38.66	vote 0.0785273751198 0.00960549092911 0.802206014664
37.97/39.37	breast-cancer 0.18890614102 0.0483829032386 0.259214030524
39.37/40.13	credit-g 0.545479113143 0.392046704014 -0.622824734189
40.78/40.85	soybean 0.127262246964 0.0253088830155 0.772470739342
42.16/41.58	arrhythmia 0.270800088026 0.100607692208 0.203945203567
43.53/42.53	nursery 0.298537114751 0.11189606078 0.53264927968
45.03/48.46	hepatitis 0.342101589235 0.166399860108 -0.440211358571
46.32/49.15	cmc 0.271352485483 0.0895638306686 0.331612961743
47.66/49.85	heart-c 0.285407173198 0.104938426699 0.752754958966
49.06/50.55	glass 0.363709924829 0.160073082527 0.328380866599
50.35/51.40	braziltourism 0.450672343351 0.263520571088 0.106659139742
51.69/52.23	iris 0.294328805001 0.115199241943 0.305756200593
53.03/52.98	heart-statlog 0.288221597533 0.110847755266 0.726898197816
54.35/53.69	page-blocks 0.346800148023 0.164206498668 0.41500101645
55.70/54.40	breast-w 0.227164617242 0.0701795044774 0.444413082257
57.07/55.11	heart-h 0.196514542371 0.04871113137 0.639308419422
58.39/55.82	yeast 0.336492327329 0.141125834148 0.557536412287
59.73/56.59	tae 0.346878070005 0.145682732887 0.132839110406
61.08/57.37	haberman 0.257373357507 0.0848920788597 0.0843576832503
62.47/63.13	mfeat-pixel 0.333076066153 0.136047860779 0.231741221803
63.98/63.83	optdigits 0.232049552547 0.0682347493544 0.713646607727
65.30/64.80	mfeat-factors 0.233479955093 0.0747387188867 0.69910217958
66.67/65.52	satimage 0.281354650951 0.104688624201 0.37653908424
68.03/70.55	lymph 0.168676195368 0.0410760475253 0.703950322296
69.37/71.24	audiology 0.335414499458 0.147364551585 0.349066275519
70.75/71.95	ecoli 0.414218409433 0.218260944445 0.0811255881066
72.11/72.81	tic-tac-toe 0.279566295168 0.116469392332 0.666134809115
73.47/73.54	spambase 0.214571700793 0.0626707767423 0.821275376012
74.83/74.37	zoo 0.137561497402 0.0258920716809 0.741765835477
76.21/75.08	sonar 0.503175378638 0.316417341667 -0.194248918136
77.55/75.80	mfeat-zernike 0.256918261137 0.0909042926923 0.554304317143
78.88/76.81	kr-vs-kp 0.211711303511 0.0562304530594 0.646419028738
78.88/76.86	MAE 0.303868435806 0.100975211064
78.88/76.86	MSE 0.133647455899 0.133647455899
78.88/76.86	Mean tau 0.383468242601 0.331288183988
78.88/76.86	(0.05263157894736842, '1_class_probability_max')
78.88/76.86	(1.0175438596491229, '0_class_probability_max')
78.88/76.86	(2.087719298245614, '1_landmark_decision_tree')
78.88/76.86	(3.4035087719298245, '0_landmark_naive_bayes')
78.88/76.86	(3.8421052631578947, '0_landmark_decision_tree')
78.88/76.86	(4.631578947368421, '1_landmark_naive_bayes')
78.88/76.86	(6.350877192982456, '1_landmark_lda')
78.88/76.86	(7.087719298245614, '0_landmark_lda')
78.88/76.86	(8.649122807017545, '0_number_of_features')
78.88/76.86	(9.333333333333334, '0_number_of_numeric_features')
78.88/76.86	(9.68421052631579, '1_number_of_numeric_features')
78.88/76.86	(10.929824561403509, '1_number_of_features')
78.88/76.86	(11.578947368421053, '0_number_of_categorical_features')
78.88/76.86	(12.385964912280702, '1_number_of_categorical_features')
78.88/76.86	(14.263157894736842, '1_number_of_classes')
78.88/76.86	(14.701754385964913, '0_number_of_classes')
78.88/76.86	Result for ParamILS: SAT, 69.518790, 1, 0.303868, -1, /home/feurerm/thesis/Software/pyMetaLearn/optimizers/metalearn_optimizer/learn_distances.py
