0.69/0.89	['/home/feurerm/thesis/Software/pyMetaLearn/optimizers/metalearn_optimizer/learn_distances.py', '--input_file', '/home/feurerm/thesis/experiments/2014_04_25_predict_distances/testfold_0-3_pfahringer_spearman_rank_perm.pkl', '--fold', '0', '--folds', '1', '--params', '-max_features', '0.674583084267', '-min_samples_leaf', '1', '-min_samples_split', '9', '-n_estimators', '7', '-n_jobs', '4', '-seed', '91']
0.69/0.89	Metafeatures (57, 8)
0.69/0.89	X (3192, 16)
0.69/0.89	Y (3192,)
0.69/0.89	Dataset Mae MSE Rho
0.96/1.13	vehicle 0.368289804837 0.170763945761 0.285255342603
1.19/1.38	anneal.ORIG 0.485793310573 0.301451715378 0.128830083569
1.43/1.62	segment 0.144683706505 0.0300292087995 0.825381889334
1.65/1.87	pendigits 0.233920861523 0.0786455715684 0.694577246379
1.86/2.12	mushroom 0.190191094358 0.0509176075842 0.602446325546
2.10/2.36	labor 0.333261605058 0.149562737212 0.236665523981
2.32/2.61	abalone 0.233871848752 0.078950990522 0.627561753727
2.55/2.85	diabetes 0.46950338939 0.28029497077 0.247578488007
2.79/3.10	car 0.36797748141 0.179275317398 0.148550623337
3.02/3.35	autos 0.183750518643 0.0481523394309 0.716878702871
3.28/3.60	mfeat-fourier 0.582706484576 0.451110559057 -0.482306192767
3.49/3.85	primary-tumor 0.217119904848 0.0651494728291 0.523156682157
3.75/4.10	waveform-5000 0.15080621313 0.041122481714 0.713542400903
3.95/4.34	credit-a 0.352490337182 0.179020958428 0.423404463823
4.20/4.60	letter 0.240060026816 0.0813295262799 0.543843755161
4.42/4.85	postoperative-patient-data 0.451214806478 0.273074282518 -0.00711289826172
4.67/5.10	vowel 0.376196122714 0.185640543158 0.431103930837
4.89/5.35	eucalyptus 0.457493687987 0.298367634317 -0.152728781167
5.14/5.60	cylinder-bands 0.3342135366 0.143477726893 0.307147879483
5.36/5.84	ionosphere 0.383418268106 0.188086344812 0.112988994246
5.58/6.09	mfeat-karhunen 0.175055926077 0.0495430179135 0.729175040123
5.82/6.34	balance-scale 0.241793577016 0.0938792808645 0.373821873904
6.06/6.59	mfeat-morphological 0.478148899116 0.315250661408 -0.119758758566
6.29/6.84	liver-disorders 0.22889957872 0.0735317947382 0.504369149467
6.52/7.08	dermatology 0.232587295848 0.0696341383664 0.4431202442
6.74/7.33	vote 0.0966366569909 0.0143076345502 0.725178879468
6.99/7.58	breast-cancer 0.159068331068 0.0366755886019 0.320080421777
7.22/7.82	credit-g 0.617807723872 0.533448140455 -0.397288412139
7.45/8.07	soybean 0.152197990253 0.0353201381379 0.590598803074
7.68/8.31	arrhythmia 0.277503517796 0.11155851436 0.343437735429
7.91/8.56	nursery 0.240087817965 0.0806704246801 0.596854379736
8.15/8.88	hepatitis 0.233652261064 0.0795936382275 0.493376488517
8.36/9.12	cmc 0.294808908209 0.118100043899 0.239175040633
8.60/9.37	heart-c 0.217535008314 0.0680729825557 0.767969544585
8.82/9.61	glass 0.295239171603 0.111579463044 0.532002860651
9.06/9.86	braziltourism 0.410283673246 0.222168169626 0.163596660019
9.28/10.10	iris 0.292424513534 0.109684076209 0.397934935185
9.50/10.35	heart-statlog 0.200357289091 0.0578830131775 0.751380707283
9.78/10.60	page-blocks 0.425612881023 0.253916702131 0.0189245086637
9.99/10.84	breast-w 0.252563759453 0.0899690910147 0.483030454682
10.22/11.09	heart-h 0.162131774175 0.0420248986224 0.617006962931
10.46/11.34	yeast 0.235582323427 0.0774637313465 0.639954838451
10.69/11.58	tae 0.384280497788 0.182784713691 0.159044669465
10.93/11.83	haberman 0.260846231433 0.0942251282651 0.151634058398
11.17/12.07	mfeat-pixel 0.383591602781 0.180766299211 0.150191236675
11.41/12.32	optdigits 0.147197160911 0.0316733588811 0.770531482256
11.63/12.57	mfeat-factors 0.242907607122 0.0883781914245 0.586281948687
11.87/12.82	satimage 0.300571358667 0.123724170485 0.320028908069
12.10/13.06	lymph 0.295719158743 0.137274814304 0.258609218642
12.31/13.31	audiology 0.26964696397 0.0957495610175 0.50093403887
12.55/13.55	ecoli 0.424901233838 0.241743220505 0.0822766782138
12.80/13.80	tic-tac-toe 0.295953754217 0.133668858417 0.331478021348
13.00/14.04	spambase 0.237909352183 0.0749409576496 0.686177797677
13.25/14.34	zoo 0.101270849104 0.0141764113099 0.837341603415
13.48/14.58	sonar 0.549766979856 0.380630085432 -0.272325921975
13.71/14.83	mfeat-zernike 0.259969692246 0.104869239857 0.353781271931
13.95/15.08	kr-vs-kp 0.146626040932 0.0299194232069 0.76558331893
13.95/15.08	MAE 0.29435263809 0.119940949533
13.95/15.08	MSE 0.137424973895 0.137424973895
13.95/15.08	Mean tau 0.382846963201 0.305484203002
13.95/15.08	(0.10526315789473684, '1_class_probability_max')
13.95/15.08	(0.9122807017543859, '0_class_probability_max')
13.95/15.08	(3.9649122807017543, '0_landmark_decision_tree')
13.95/15.08	(4.754385964912281, '0_landmark_naive_bayes')
13.95/15.08	(4.807017543859649, '1_landmark_decision_tree')
13.95/15.08	(5.368421052631579, '1_landmark_naive_bayes')
13.95/15.08	(6.350877192982456, '0_number_of_numeric_features')
13.95/15.08	(7.350877192982456, '1_number_of_numeric_features')
13.95/15.08	(7.578947368421052, '0_number_of_categorical_features')
13.95/15.08	(8.964912280701755, '0_number_of_features')
13.95/15.08	(9.385964912280702, '1_number_of_categorical_features')
13.95/15.08	(9.578947368421053, '1_number_of_features')
13.95/15.08	(11.105263157894736, '0_landmark_lda')
13.95/15.08	(11.228070175438596, '1_landmark_lda')
13.95/15.08	(14.105263157894736, '0_number_of_classes')
13.95/15.08	(14.43859649122807, '1_number_of_classes')
13.95/15.08	Result for ParamILS: SAT, 14.195906, 1, 0.294353, -1, /home/feurerm/thesis/Software/pyMetaLearn/optimizers/metalearn_optimizer/learn_distances.py
