0.77/1.26	['/home/feurerm/thesis/Software/pyMetaLearn/optimizers/metalearn_optimizer/learn_distances.py', '--input_file', '/home/feurerm/thesis/experiments/2014_04_25_predict_distances/testfold_0-3_pfahringer_spearman_rank_perm.pkl', '--fold', '0', '--folds', '1', '--params', '-max_features', '0.653066593713', '-min_samples_leaf', '10', '-min_samples_split', '8', '-n_estimators', '19', '-n_jobs', '4', '-seed', '49']
0.77/1.27	Metafeatures (57, 8)
0.77/1.27	X (3192, 16)
0.77/1.27	Y (3192,)
0.77/1.27	Dataset Mae MSE Rho
1.20/1.65	vehicle 0.391681989788 0.188585283284 0.168890556952
1.65/2.00	anneal.ORIG 0.501000830337 0.307681765513 -0.122212524679
2.09/2.39	segment 0.221196509108 0.0623968673797 0.752431749451
2.54/2.88	pendigits 0.311703558655 0.123812999239 0.623471153218
2.98/3.25	mushroom 0.206773206026 0.053184396527 0.638662000393
3.43/3.61	labor 0.309987528183 0.14191731258 0.216873584142
3.88/3.97	abalone 0.289824369815 0.106611974285 0.576167306731
4.35/4.43	diabetes 0.524652410672 0.345660110799 0.22786270763
4.84/4.80	car 0.343810493294 0.148524817065 0.263275327536
5.23/5.15	autos 0.24113934536 0.0743801989628 0.642540514566
5.69/5.57	mfeat-fourier 0.563510211911 0.411034467583 -0.418105139555
6.13/5.92	primary-tumor 0.224288075014 0.064266825732 0.510671032703
6.58/6.28	waveform-5000 0.181817270976 0.046871492388 0.733685597618
7.03/6.65	credit-a 0.368182068185 0.192714603934 0.418556321108
7.48/7.01	letter 0.256718059191 0.0903300559076 0.576605773634
7.93/7.42	postoperative-patient-data 0.432093533591 0.247110988246 -0.00970096849603
8.39/7.80	vowel 0.436331677763 0.236583714698 0.300584848363
8.83/8.17	eucalyptus 0.37425982634 0.182447223817 0.104073463627
9.27/8.59	cylinder-bands 0.316199977476 0.12131480365 0.489339204755
9.71/9.15	ionosphere 0.417461820133 0.210316066025 -0.00905132265247
10.22/9.50	mfeat-karhunen 0.18531899485 0.048691599531 0.741119416448
10.63/9.97	balance-scale 0.231271394418 0.076630931348 0.510347823189
11.07/10.35	mfeat-morphological 0.462136764496 0.287105639494 -0.187991702874
11.53/10.71	liver-disorders 0.301809390725 0.122891480123 0.329644705683
11.96/11.08	dermatology 0.190755497927 0.0471075618316 0.53264927968
12.44/11.55	vote 0.0886599134235 0.0118778606233 0.771824320313
12.88/11.96	breast-cancer 0.139806733836 0.0287576069811 0.352165094353
13.33/12.32	credit-g 0.737997395665 0.698871689504 -0.671629370859
13.78/12.69	soybean 0.137349268253 0.0278411451511 0.72495894073
14.21/13.05	arrhythmia 0.264273674134 0.0956028860864 0.344407441976
14.64/13.41	nursery 0.288369739429 0.106674914771 0.538790260453
15.10/13.84	hepatitis 0.267391201183 0.10065284132 0.278512213286
15.54/14.20	cmc 0.243838803085 0.0794450586072 0.360436598482
15.99/14.46	heart-c 0.27449633501 0.0977325107824 0.708152045983
16.43/14.92	glass 0.363938252916 0.157321662432 0.315826508266
16.88/15.29	braziltourism 0.4021962106 0.212462293865 0.132881872071
17.33/15.75	iris 0.289238620634 0.110188120631 0.355074213994
17.80/16.10	heart-statlog 0.266159829634 0.0974221660039 0.723666102672
18.24/16.47	page-blocks 0.403064218575 0.214997535057 0.115422939974
18.69/16.84	breast-w 0.22878510761 0.0686986890598 0.500651537758
19.14/17.43	heart-h 0.176877703928 0.0435329554926 0.608603515557
19.59/17.74	yeast 0.311975729423 0.126297542194 0.516488803962
20.05/18.11	tae 0.347372238154 0.149302035199 0.176472394846
20.51/18.47	haberman 0.272163019187 0.0986379319868 0.0387913827963
20.97/18.82	mfeat-pixel 0.35214128413 0.158214455426 0.167745737958
21.42/19.17	optdigits 0.226047994454 0.0646146760556 0.700395017638
21.85/19.55	mfeat-factors 0.23815908607 0.0751494767441 0.68132565629
22.28/19.93	satimage 0.268913924881 0.0992559884186 0.413451488304
22.72/20.48	lymph 0.224380558871 0.0750955498437 0.378155131812
23.16/20.83	audiology 0.326935967675 0.133252445004 0.311573971852
23.67/21.20	ecoli 0.422841018047 0.229631695932 0.0843576832503
24.08/21.57	tic-tac-toe 0.302971111882 0.135088715317 0.569910065582
24.53/21.96	spambase 0.199255720342 0.0510155057656 0.802852433693
24.98/22.32	zoo 0.138431446472 0.0268503201351 0.717201912385
25.43/22.58	sonar 0.511481322782 0.331591356318 -0.170977833101
25.88/22.96	mfeat-zernike 0.27192198373 0.101004158109 0.418879530622
26.32/23.32	kr-vs-kp 0.228231043048 0.0660910681771 0.575636145091
26.32/23.33	MAE 0.307010373005 0.117773136943
26.32/23.33	MSE 0.140549930473 0.140549930473
26.32/23.33	Mean tau 0.371094639775 0.309658076183
26.32/23.33	(0.40350877192982454, '1_class_probability_max')
26.32/23.33	(0.5964912280701754, '0_class_probability_max')
26.32/23.33	(3.6666666666666665, '1_landmark_decision_tree')
26.32/23.33	(3.807017543859649, '0_landmark_naive_bayes')
26.32/23.33	(4.0, '1_landmark_naive_bayes')
26.32/23.33	(4.894736842105263, '0_landmark_decision_tree')
26.32/23.33	(6.87719298245614, '0_number_of_numeric_features')
26.32/23.33	(7.333333333333333, '1_number_of_numeric_features')
26.32/23.33	(8.280701754385966, '1_number_of_categorical_features')
26.32/23.33	(9.24561403508772, '0_number_of_categorical_features')
26.32/23.33	(9.543859649122806, '1_number_of_features')
26.32/23.33	(9.912280701754385, '0_number_of_features')
26.32/23.33	(10.473684210526315, '0_landmark_lda')
26.32/23.33	(11.982456140350877, '1_landmark_lda')
26.32/23.33	(14.385964912280702, '1_number_of_classes')
26.32/23.33	(14.596491228070175, '0_number_of_classes')
26.32/23.33	Result for ParamILS: SAT, 22.069501, 1, 0.307010, -1, /home/feurerm/thesis/Software/pyMetaLearn/optimizers/metalearn_optimizer/learn_distances.py
