0.68/0.87	['/home/feurerm/thesis/Software/pyMetaLearn/optimizers/metalearn_optimizer/learn_distances.py', '--input_file', '/home/feurerm/thesis/experiments/2014_04_25_predict_distances/testfold_0-3_pfahringer_spearman_rank_perm.pkl', '--fold', '0', '--folds', '1', '--params', '-max_features', '0.475377531899', '-min_samples_leaf', '7', '-min_samples_split', '5', '-n_estimators', '23', '-n_jobs', '4', '-seed', '93']
0.68/0.88	Metafeatures (57, 8)
0.68/0.88	X (3192, 16)
0.68/0.88	Y (3192,)
0.68/0.88	Dataset Mae MSE Rho
1.12/1.12	vehicle 0.365019956902 0.163539038968 0.327411238056
1.54/1.38	anneal.ORIG 0.320983186971 0.136185693283 0.426636558967
1.99/1.75	segment 0.234048928192 0.0685814490351 0.784752700888
2.47/2.11	pendigits 0.321009586543 0.1305654884 0.562061345488
2.86/2.36	mushroom 0.189374893977 0.0448272146279 0.651590380968
3.32/2.72	labor 0.260106020277 0.0976617934965 0.39431560753
3.74/2.97	abalone 0.287137300569 0.106132120226 0.590503782752
4.18/3.33	diabetes 0.514285375129 0.340529347508 0.140596138751
4.61/3.69	car 0.349737559625 0.164169555175 0.307695457679
5.04/3.94	autos 0.225971047201 0.0699274041905 0.579191449749
5.47/4.19	mfeat-fourier 0.552335738115 0.394402089443 -0.383649693556
5.90/4.44	primary-tumor 0.221517908318 0.0605699645625 0.562707764517
6.36/4.70	waveform-5000 0.197079105604 0.0570573662587 0.667427647172
6.75/5.06	credit-a 0.38433664738 0.206671555104 0.308341876708
7.20/5.41	letter 0.255150137448 0.0918994724071 0.604078582356
7.62/5.67	postoperative-patient-data 0.418030283977 0.225624370551 0.0494510556985
8.03/5.92	vowel 0.453181928414 0.255721527645 0.212671860455
8.44/6.17	eucalyptus 0.39917057026 0.209049977804 -0.0156769225113
8.87/6.42	cylinder-bands 0.309478147254 0.125454755756 0.590826992267
9.28/6.67	ionosphere 0.41028398261 0.206741211754 0.0429868654111
9.70/6.93	mfeat-karhunen 0.174877541578 0.0420227017779 0.794448986319
10.12/7.18	balance-scale 0.258203417419 0.0881795607605 0.35068232309
10.54/7.43	mfeat-morphological 0.475325881972 0.291119062506 -0.0694900455893
10.96/7.68	liver-disorders 0.256092259058 0.0881288240185 0.408860035677
11.38/7.94	dermatology 0.185534840271 0.0464803341592 0.536086102785
11.84/8.30	vote 0.0802232532301 0.0103153555596 0.773117158371
12.23/8.66	breast-cancer 0.13472293509 0.025727805709 0.412092130821
12.68/9.02	credit-g 0.626831219821 0.50805234849 -0.683911332405
13.12/9.28	soybean 0.126916143679 0.0257808146819 0.703303903267
13.54/9.64	arrhythmia 0.298843603717 0.124825360662 0.201359527452
13.99/10.01	nursery 0.289502564653 0.107277310268 0.559475669373
14.42/10.37	hepatitis 0.303146223487 0.133364834011 -0.0597937601583
14.85/10.62	cmc 0.280113790416 0.0977784419426 0.275051296728
15.27/10.88	heart-c 0.27064064203 0.0977992228246 0.750492492365
15.70/11.13	glass 0.318015396859 0.125115630858 0.499681909215
16.13/11.39	braziltourism 0.366233043637 0.175859257036 0.198450641823
16.56/11.74	iris 0.307465837434 0.125882680134 0.246932068978
16.98/12.00	heart-statlog 0.275975247168 0.104769135486 0.702657484238
17.43/12.36	page-blocks 0.348758905994 0.166502220026 0.355207256292
17.87/12.72	breast-w 0.227458567187 0.0700562040939 0.456048624775
18.29/13.08	heart-h 0.185157201089 0.0445977798474 0.600523277698
18.72/13.34	yeast 0.285168060134 0.104264200164 0.592766249353
19.15/13.69	tae 0.348030458553 0.149520576863 0.148353167095
19.59/14.10	haberman 0.255874283476 0.0844172163304 0.127667758176
20.02/14.36	mfeat-pixel 0.334889781609 0.139300638 0.241760716748
20.44/14.61	optdigits 0.194349041862 0.0496799080265 0.748876444793
20.86/14.87	mfeat-factors 0.211476510787 0.0613244207542 0.723666102672
21.32/15.14	satimage 0.271098266627 0.0977148855907 0.387851417243
21.74/15.40	lymph 0.197034807657 0.0603522193396 0.543638403169
22.18/15.76	audiology 0.339805577571 0.157523478441 0.249194535579
22.62/16.12	ecoli 0.408039435766 0.211718722361 0.0966396447963
23.04/16.48	tic-tac-toe 0.275199816997 0.116429808095 0.59405908741
23.49/16.84	spambase 0.211770335245 0.0584936083885 0.800589967092
23.96/17.20	zoo 0.11510828032 0.0193172221198 0.763097663425
24.34/17.56	sonar 0.489671586048 0.306439024713 -0.0677178405387
24.77/17.92	mfeat-zernike 0.243764250754 0.0866286017591 0.50453005193
25.19/18.28	kr-vs-kp 0.183282263643 0.0435430327871 0.687789846577
25.19/18.29	MAE 0.295137536449 0.108648712983
25.19/18.29	MSE 0.12985287447 0.12985287447
25.19/18.29	Mean tau 0.395753678175 0.304260271419
25.19/18.29	(0.6140350877192983, '1_class_probability_max')
25.19/18.29	(0.6666666666666666, '0_class_probability_max')
25.19/18.29	(1.9824561403508771, '0_landmark_decision_tree')
25.19/18.29	(3.175438596491228, '1_landmark_decision_tree')
25.19/18.29	(3.6666666666666665, '1_landmark_naive_bayes')
25.19/18.29	(5.421052631578948, '0_landmark_naive_bayes')
25.19/18.29	(6.456140350877193, '1_landmark_lda')
25.19/18.29	(7.298245614035087, '1_number_of_numeric_features')
25.19/18.29	(8.807017543859649, '0_number_of_numeric_features')
25.19/18.29	(10.017543859649123, '0_number_of_features')
25.19/18.29	(10.263157894736842, '1_number_of_categorical_features')
25.19/18.29	(10.614035087719298, '0_landmark_lda')
25.19/18.29	(10.87719298245614, '1_number_of_features')
25.19/18.29	(11.263157894736842, '0_number_of_categorical_features')
25.19/18.29	(14.333333333333334, '1_number_of_classes')
25.19/18.29	(14.543859649122806, '0_number_of_classes')
25.19/18.29	Result for ParamILS: SAT, 17.415955, 1, 0.295138, -1, /home/feurerm/thesis/Software/pyMetaLearn/optimizers/metalearn_optimizer/learn_distances.py
