0.70/0.98	['/home/feurerm/thesis/Software/pyMetaLearn/optimizers/metalearn_optimizer/learn_distances.py', '--input_file', '/home/feurerm/thesis/experiments/2014_04_25_predict_distances/testfold_0-3_pfahringer_spearman_rank_perm.pkl', '--fold', '0', '--folds', '1', '--params', '-max_features', '0.62289465577', '-min_samples_leaf', '8', '-min_samples_split', '7', '-n_estimators', '35', '-n_jobs', '4', '-seed', '33']
0.70/0.99	Metafeatures (57, 8)
0.70/0.99	X (3192, 16)
0.70/0.99	Y (3192,)
0.70/0.99	Dataset Mae MSE Rho
1.39/1.33	vehicle 0.351122381417 0.151643994574 0.384296112585
2.13/1.69	anneal.ORIG 0.344679010505 0.153515049375 0.465421700691
2.85/2.05	segment 0.238280497637 0.0714368662207 0.769561853713
3.55/2.40	pendigits 0.3148543024 0.126549090205 0.645126190681
4.25/2.76	mushroom 0.18979199635 0.046216779341 0.664841971057
4.96/3.12	labor 0.284136497132 0.115842550283 0.278283391872
5.66/3.48	abalone 0.297578123815 0.112968639157 0.556566783744
6.42/3.84	diabetes 0.528360502468 0.356264249175 0.131546272348
7.16/4.20	car 0.346519051494 0.156796961003 0.36102502755
7.87/4.56	autos 0.226851553345 0.06782305035 0.561414926459
8.59/4.93	mfeat-fourier 0.559350640412 0.407363039393 -0.391406721901
9.37/5.30	primary-tumor 0.222425491438 0.0631991783527 0.506792518531
10.02/5.67	waveform-5000 0.182128770578 0.0458281625508 0.738533740333
10.74/6.03	credit-a 0.378260056189 0.201878599267 0.379771179384
11.44/6.39	letter 0.243566156567 0.07982538654 0.654176057083
12.18/6.75	postoperative-patient-data 0.424128546335 0.232298880259 0.0361994656093
12.90/7.12	vowel 0.429808728121 0.226600913 0.32030062874
13.62/7.49	eucalyptus 0.412776855606 0.223460194666 -0.0594705506439
14.36/7.86	cylinder-bands 0.331160636226 0.134605068512 0.403042264418
15.08/8.22	ionosphere 0.428589246691 0.222176378181 -0.0462189605548
15.81/8.59	mfeat-karhunen 0.174678791529 0.0438114959082 0.766006549055
16.54/8.95	balance-scale 0.241200003289 0.0807264824432 0.462512815062
17.27/9.31	mfeat-morphological 0.493406514353 0.32314107482 -0.307558593186
18.00/9.68	liver-disorders 0.26243645281 0.0924472888577 0.46089676749
18.74/10.04	dermatology 0.191132969827 0.0481520105599 0.539436679482
19.52/10.40	vote 0.0819491344594 0.0102011052021 0.789277634089
20.19/10.76	breast-cancer 0.147423627104 0.0318338898029 0.357469722892
20.90/11.13	credit-g 0.583873723263 0.451499379362 -0.519397689591
21.63/11.49	soybean 0.123135031395 0.0243819141816 0.750492492365
22.37/11.86	arrhythmia 0.260812985683 0.0932340124961 0.326764819027
23.10/12.22	nursery 0.291738327759 0.108637156416 0.53782063191
23.82/12.58	hepatitis 0.285899734837 0.114493631894 0.0497742652128
24.55/12.98	cmc 0.268530621638 0.0936327697595 0.324502352427
25.28/13.34	heart-c 0.274327437595 0.101006883003 0.750492492365
26.02/13.71	glass 0.379177451368 0.176093409185 0.203945203567
26.78/14.07	braziltourism 0.451517796822 0.262005955969 0.0772470739342
27.53/14.44	iris 0.301579321882 0.11831774453 0.287979677303
28.28/14.80	heart-statlog 0.261306735022 0.0930530802174 0.774086786914
29.02/15.17	page-blocks 0.351092387389 0.167153195576 0.361671446579
29.76/15.54	breast-w 0.21330612057 0.0615303693812 0.475441195637
30.53/15.90	heart-h 0.169872145716 0.0381179452832 0.683264913376
31.19/16.26	yeast 0.314878555846 0.123231514633 0.576928983149
31.90/16.62	tae 0.360633636261 0.160571727477 0.0898522449946
32.62/16.99	haberman 0.265558323793 0.0904419032102 0.0484814271554
33.35/17.35	mfeat-pixel 0.350869603977 0.152028116148 0.19974347988
34.07/17.71	optdigits 0.208414622152 0.0568924195357 0.728191035873
34.78/18.08	mfeat-factors 0.207052950326 0.0596087194138 0.697486132008
35.52/18.44	satimage 0.285557719195 0.107962791281 0.319654209711
36.31/18.80	lymph 0.191308522956 0.052769093793 0.564323812088
36.95/19.16	audiology 0.344934974096 0.159627906905 0.232387640831
37.66/19.58	ecoli 0.416985588967 0.222820277019 0.0795095405348
38.40/19.95	tic-tac-toe 0.294207236015 0.129658375286 0.508085356588
39.12/20.31	spambase 0.212409011593 0.0570197121593 0.829032404357
39.84/20.67	zoo 0.118485260258 0.0198499964416 0.779258139144
40.56/21.04	sonar 0.528234346439 0.35268902202 -0.28183869653
41.30/21.40	mfeat-zernike 0.255401816139 0.0897439602229 0.523276203763
42.01/21.76	kr-vs-kp 0.186321825948 0.0451964643316 0.682618494347
42.01/21.78	MAE 0.299719655316 0.111882732169
42.01/21.78	MSE 0.133506593423 0.133506593423
42.01/21.78	Mean tau 0.387524938518 0.317890864722
42.01/21.78	(0.03508771929824561, '1_class_probability_max')
42.01/21.78	(0.9649122807017544, '0_class_probability_max')
42.01/21.78	(2.3157894736842106, '0_landmark_decision_tree')
42.01/21.78	(3.7719298245614037, '0_landmark_naive_bayes')
42.01/21.78	(3.824561403508772, '1_landmark_decision_tree')
42.01/21.78	(4.12280701754386, '1_landmark_naive_bayes')
42.01/21.78	(7.947368421052632, '1_number_of_numeric_features')
42.01/21.78	(8.035087719298245, '0_landmark_lda')
42.01/21.78	(8.473684210526315, '0_number_of_numeric_features')
42.01/21.78	(9.333333333333334, '1_number_of_categorical_features')
42.01/21.78	(10.298245614035087, '1_number_of_features')
42.01/21.78	(10.31578947368421, '1_landmark_lda')
42.01/21.78	(10.368421052631579, '0_number_of_categorical_features')
42.01/21.78	(11.24561403508772, '0_number_of_features')
42.01/21.78	(14.403508771929825, '0_number_of_classes')
42.01/21.78	(14.543859649122806, '1_number_of_classes')
42.01/21.78	Result for ParamILS: SAT, 20.802050, 1, 0.299720, -1, /home/feurerm/thesis/Software/pyMetaLearn/optimizers/metalearn_optimizer/learn_distances.py
