0.71/0.99	['/home/feurerm/thesis/Software/pyMetaLearn/optimizers/metalearn_optimizer/learn_distances.py', '--input_file', '/home/feurerm/thesis/experiments/2014_04_25_predict_distances/testfold_0-3_pfahringer_spearman_rank_perm.pkl', '--fold', '0', '--folds', '1', '--params', '-max_features', '0.455984250192', '-min_samples_leaf', '2', '-min_samples_split', '9', '-n_estimators', '30', '-n_jobs', '4', '-seed', '4']
0.71/0.99	Metafeatures (57, 8)
0.71/0.99	X (3192, 16)
0.71/0.99	Y (3192,)
0.71/0.99	Dataset Mae MSE Rho
1.31/1.34	vehicle 0.322508338406 0.12804850447 0.468977005349
1.95/1.70	anneal.ORIG 0.2896848562 0.109976471207 0.616360543902
2.48/2.06	segment 0.187745701615 0.0474662860534 0.797034662434
3.07/2.42	pendigits 0.272958920954 0.0935731141788 0.685204170462
3.68/2.79	mushroom 0.168666110334 0.0385337114729 0.666134809115
4.29/3.15	labor 0.308680822471 0.132903852131 0.319007790682
4.89/3.51	abalone 0.226955052514 0.0693423972215 0.686173799005
5.48/3.88	diabetes 0.483915964092 0.300872903285 0.193925708621
6.07/4.24	car 0.317717590561 0.132571474229 0.439241730028
6.71/4.60	autos 0.203980177979 0.0546372796113 0.689082684635
7.26/4.97	mfeat-fourier 0.550233764289 0.393737854778 -0.342925294746
7.86/5.33	primary-tumor 0.21801440092 0.060139347456 0.52521546085
8.46/5.69	waveform-5000 0.199979167811 0.0572159902066 0.638985209908
9.07/6.06	credit-a 0.37121735168 0.19294739626 0.446998758372
9.66/6.42	letter 0.245576774836 0.0803289192878 0.642540514566
10.26/6.78	postoperative-patient-data 0.424241089705 0.233216609161 0.0588241316152
10.86/7.15	vowel 0.434187397632 0.238164276746 0.274081668185
11.45/7.51	eucalyptus 0.390774188295 0.19799440585 0.0614098077301
12.05/7.88	cylinder-bands 0.319066244914 0.129722408078 0.507438937559
12.61/8.24	ionosphere 0.38079114687 0.178231747237 0.219782469771
13.21/8.61	mfeat-karhunen 0.142511073379 0.0318337529818 0.813518347667
13.83/8.97	balance-scale 0.237816063295 0.0758536546136 0.474148357579
14.42/9.34	mfeat-morphological 0.501164656193 0.332269123662 -0.235942945489
15.07/9.70	liver-disorders 0.265729226361 0.0908672091606 0.571434421404
15.62/10.06	dermatology 0.216506912674 0.0608466989968 0.465421700691
16.22/10.43	vote 0.0673733066972 0.00809230479069 0.787984796032
16.81/10.79	breast-cancer 0.181982497054 0.0424809624648 0.381064017441
17.43/11.15	credit-g 0.551587513891 0.409899362202 -0.393992398016
18.02/11.52	soybean 0.13217015777 0.027557914919 0.662902713971
18.66/11.89	arrhythmia 0.276636760715 0.106079329681 0.220752098314
19.25/12.25	nursery 0.265782904243 0.0908415721828 0.609249934586
19.87/12.63	hepatitis 0.323676962269 0.146713862412 -0.0381387226955
20.47/12.99	cmc 0.304140768146 0.124137986328 0.253073049751
21.07/13.35	heart-c 0.200861596545 0.0556836063134 0.841314365903
21.65/13.72	glass 0.342216283659 0.148430988179 0.347127018432
22.26/14.09	braziltourism 0.411496219334 0.221804572864 0.133808738949
22.85/14.45	iris 0.290555562523 0.107997447293 0.390437093358
23.47/14.81	heart-statlog 0.282539753841 0.110962422469 0.716555493356
24.06/15.17	page-blocks 0.309328689037 0.137775600986 0.440857777599
24.69/15.62	breast-w 0.214798821727 0.064194371758 0.504206842416
25.32/15.98	heart-h 0.149300724828 0.0309309550654 0.702980693753
25.91/16.35	yeast 0.236765748193 0.0732469895337 0.680356027747
26.51/16.71	tae 0.351509826011 0.155168178971 0.0520367318134
27.11/17.07	haberman 0.25437653142 0.083554284625 0.148029957581
27.73/17.43	mfeat-pixel 0.344815934409 0.142875890653 0.231418012288
28.38/17.80	optdigits 0.155097907183 0.033204693337 0.798230106015
28.96/18.16	mfeat-factors 0.186829820429 0.0474655899046 0.746290768678
29.56/18.53	satimage 0.24138806373 0.0849830676597 0.547193707827
30.19/18.95	lymph 0.186096698511 0.0508970587557 0.634783486221
30.80/19.31	audiology 0.358079673321 0.173464309515 0.205884460653
31.41/19.68	ecoli 0.368304967847 0.174982216449 0.280545858472
32.03/20.04	tic-tac-toe 0.260766296379 0.0989557225139 0.690375522692
32.63/20.40	spambase 0.206367184327 0.0525227072914 0.838082270759
33.25/20.77	zoo 0.0998857753789 0.0132898162293 0.834850175615
33.84/21.13	sonar 0.505374062193 0.326596284826 -0.106335930227
34.45/21.49	mfeat-zernike 0.280955008016 0.111431264501 0.328704076113
35.04/21.85	kr-vs-kp 0.156104896002 0.0317188388539 0.744351511592
35.04/21.87	MAE 0.283820875607 0.10899552563
35.04/21.87	MSE 0.121916413366 0.121916413366
35.04/21.87	Mean tau 0.436790433454 0.303449856166
35.04/21.87	(0.22807017543859648, '1_landmark_decision_tree')
35.04/21.87	(0.9122807017543859, '0_class_probability_max')
35.04/21.87	(2.56140350877193, '0_landmark_decision_tree')
35.04/21.87	(2.56140350877193, '1_class_probability_max')
35.04/21.87	(4.614035087719298, '0_landmark_naive_bayes')
35.04/21.87	(5.2105263157894735, '1_landmark_naive_bayes')
35.04/21.87	(5.245614035087719, '1_landmark_lda')
35.04/21.87	(8.087719298245615, '0_landmark_lda')
35.04/21.87	(8.631578947368421, '0_number_of_features')
35.04/21.87	(9.842105263157896, '0_number_of_numeric_features')
35.04/21.87	(9.87719298245614, '1_number_of_features')
35.04/21.87	(10.298245614035087, '1_number_of_numeric_features')
35.04/21.87	(11.087719298245615, '1_number_of_categorical_features')
35.04/21.87	(12.087719298245615, '0_number_of_categorical_features')
35.04/21.87	(14.175438596491228, '1_number_of_classes')
35.04/21.87	(14.578947368421053, '0_number_of_classes')
35.04/21.87	Result for ParamILS: SAT, 20.879212, 1, 0.283821, -1, /home/feurerm/thesis/Software/pyMetaLearn/optimizers/metalearn_optimizer/learn_distances.py
