0.80/1.07	['/home/feurerm/thesis/Software/pyMetaLearn/optimizers/metalearn_optimizer/learn_distances.py', '--input_file', '/home/feurerm/thesis/experiments/2014_04_25_predict_distances/testfold_0-3_pfahringer_spearman_rank_perm.pkl', '--fold', '0', '--folds', '1', '--params', '-max_features', '0.505056506979', '-min_samples_leaf', '7', '-min_samples_split', '9', '-n_estimators', '27', '-n_jobs', '4', '-seed', '15']
0.80/1.08	Metafeatures (57, 8)
0.80/1.08	X (3192, 16)
0.80/1.08	Y (3192,)
0.80/1.08	Dataset Mae MSE Rho
1.32/1.43	vehicle 0.342615367511 0.14327716115 0.402072635875
1.85/1.79	anneal.ORIG 0.38179199183 0.182673118793 0.434716796826
2.38/2.14	segment 0.214461114596 0.0570512084839 0.813518347667
2.96/2.50	pendigits 0.325730025374 0.13426529657 0.564647021603
3.46/3.01	mushroom 0.193190393935 0.0463428374894 0.650297542911
4.01/3.37	labor 0.302780760793 0.130845780363 0.238528621604
4.56/3.72	abalone 0.273696727075 0.0977242396462 0.598907230126
5.11/4.08	diabetes 0.505504343905 0.324517915615 0.17905807096
5.64/4.44	car 0.373112975577 0.198981353863 0.436009634884
6.22/4.80	autos 0.245496023015 0.0793999905757 0.492248090384
6.75/5.16	mfeat-fourier 0.562622138176 0.412736592147 -0.469946633893
7.27/5.51	primary-tumor 0.230212739476 0.0667444284827 0.489662414269
7.81/5.87	waveform-5000 0.195582291349 0.0572422180601 0.719141169471
8.32/6.23	credit-a 0.35115610762 0.175066951761 0.484491062039
8.85/6.59	letter 0.235025086949 0.0787281280268 0.631874600591
9.42/6.94	postoperative-patient-data 0.43410740297 0.248631290707 0.0
9.98/7.31	vowel 0.430590907634 0.229805986491 0.327088028541
10.52/7.68	eucalyptus 0.39467580292 0.204817068373 0.0284424372645
11.04/8.04	cylinder-bands 0.319503675242 0.128918347822 0.479966128838
11.62/8.40	ionosphere 0.398328571393 0.18778755137 0.127021339147
12.11/8.76	mfeat-karhunen 0.197910150563 0.0548417717954 0.721403636072
12.65/9.12	balance-scale 0.236671486778 0.0754654446221 0.463482443605
13.20/9.48	mfeat-morphological 0.482528311096 0.307183963033 -0.128637386719
13.77/9.84	liver-disorders 0.276111669875 0.100652720815 0.478026871752
14.32/10.20	dermatology 0.189980306021 0.0476985165143 0.538143841424
14.84/10.56	vote 0.0782037990708 0.00970378676494 0.787661586517
15.40/10.92	breast-cancer 0.155656372644 0.0326465972703 0.346480599404
15.93/11.28	credit-g 0.594884421517 0.469957833975 -0.578868240235
16.45/11.64	soybean 0.134692540798 0.0285765689889 0.712353769669
16.96/11.99	arrhythmia 0.268435275118 0.0987626351701 0.188107937363
17.48/12.36	nursery 0.283495363541 0.104424477499 0.563354183545
18.00/12.71	hepatitis 0.271234450888 0.102345190153 0.194895337165
18.55/13.07	cmc 0.269089757331 0.0925271649293 0.324502352427
19.10/13.42	heart-c 0.270097971891 0.0969108570564 0.735948064218
19.63/13.78	glass 0.37005783163 0.168399396044 0.244023183349
20.16/14.14	braziltourism 0.451202221021 0.256684487394 0.198773851337
20.67/14.50	iris 0.314981235923 0.127642942929 0.293474239047
21.20/14.86	heart-statlog 0.258634914931 0.0909098336878 0.739180159362
21.75/15.21	page-blocks 0.358283625272 0.1729540936 0.259719736863
22.31/15.57	breast-w 0.221971527488 0.0666589246378 0.491278461841
22.86/15.93	heart-h 0.161918341613 0.036104297687 0.666458018629
23.38/16.29	yeast 0.309656956153 0.120007944881 0.61474449633
23.93/16.65	tae 0.35486908867 0.151252462172 0.190370403963
24.49/17.00	haberman 0.272720473597 0.097826006225 0.0200389898909
25.04/17.36	mfeat-pixel 0.33479541415 0.136726229902 0.236589364518
25.58/17.73	optdigits 0.194552602565 0.0499453406419 0.741119416448
26.12/18.09	mfeat-factors 0.225565529135 0.0681964043298 0.695870084437
26.68/18.45	satimage 0.289558846302 0.113242909252 0.312866809909
27.23/18.81	lymph 0.196387947983 0.0594371039158 0.543961612683
27.79/19.17	audiology 0.321274493777 0.141152587284 0.411768921306
28.38/19.53	ecoli 0.420401174405 0.22798999877 0.0539759888996
28.97/19.90	tic-tac-toe 0.313540466681 0.142135003635 0.588564525666
29.47/20.26	spambase 0.227860778649 0.0676053677451 0.806407738351
30.01/20.62	zoo 0.119531055023 0.0197592392617 0.78636874846
30.56/20.98	sonar 0.506114681413 0.326069388952 -0.198127432308
31.09/21.34	mfeat-zernike 0.245158551301 0.084347912271 0.528447555993
31.66/21.70	kr-vs-kp 0.186673724318 0.0448715990164 0.694254036865
31.66/21.72	MAE 0.299559435201 0.10886217904
31.66/21.72	MSE 0.132932885414 0.132932885414
31.66/21.72	Mean tau 0.401661902582 0.303930580215
31.66/21.72	(0.12280701754385964, '1_class_probability_max')
31.66/21.72	(0.8771929824561403, '0_class_probability_max')
31.66/21.72	(2.456140350877193, '0_landmark_decision_tree')
31.66/21.72	(3.175438596491228, '1_landmark_decision_tree')
31.66/21.72	(3.9473684210526314, '1_landmark_naive_bayes')
31.66/21.72	(4.543859649122807, '0_landmark_naive_bayes')
31.66/21.72	(7.157894736842105, '1_number_of_numeric_features')
31.66/21.72	(8.350877192982455, '0_number_of_categorical_features')
31.66/21.72	(9.333333333333334, '0_number_of_numeric_features')
31.66/21.72	(9.666666666666666, '1_number_of_features')
31.66/21.72	(9.68421052631579, '0_number_of_features')
31.66/21.72	(9.982456140350877, '0_landmark_lda')
31.66/21.72	(10.43859649122807, '1_number_of_categorical_features')
31.66/21.72	(11.43859649122807, '1_landmark_lda')
31.66/21.72	(14.368421052631579, '0_number_of_classes')
31.66/21.72	(14.456140350877194, '1_number_of_classes')
31.66/21.72	Result for ParamILS: SAT, 20.645331, 1, 0.299559, -1, /home/feurerm/thesis/Software/pyMetaLearn/optimizers/metalearn_optimizer/learn_distances.py
