0.71/0.98	['/home/feurerm/thesis/Software/pyMetaLearn/optimizers/metalearn_optimizer/learn_distances.py', '--input_file', '/home/feurerm/thesis/experiments/2014_04_25_predict_distances/testfold_0-3_pfahringer_spearman_rank_perm.pkl', '--fold', '0', '--folds', '1', '--params', '-max_features', '0.851982247827', '-min_samples_leaf', '2', '-min_samples_split', '9', '-n_estimators', '50', '-n_jobs', '4', '-seed', '79']
0.71/0.99	Metafeatures (57, 8)
0.71/0.99	X (3192, 16)
0.71/0.99	Y (3192,)
0.71/0.99	Dataset Mae MSE Rho
2.20/1.54	vehicle 0.337256099382 0.135526846634 0.380094388898
3.82/2.11	anneal.ORIG 0.456797356408 0.259922244815 0.201359527452
5.29/2.69	segment 0.149224967804 0.0294403747119 0.859414098707
6.82/3.27	pendigits 0.244440085517 0.0794392310175 0.736917692761
8.31/3.85	mushroom 0.179016802141 0.0409062617559 0.656761733198
9.82/4.43	labor 0.32888647036 0.148862302602 0.191986451535
11.42/5.00	abalone 0.213683618979 0.0583370458934 0.752754958966
12.91/5.57	diabetes 0.512890284545 0.328768521653 0.233680478889
14.42/6.15	car 0.36755131578 0.175390785401 0.215903955599
15.94/6.73	autos 0.195950780988 0.0515991245235 0.718494750442
17.44/7.30	mfeat-fourier 0.57295420465 0.42933518558 -0.429545444596
18.96/7.88	primary-tumor 0.221681898055 0.0623354265356 0.536204584338
20.47/8.46	waveform-5000 0.149777708209 0.0337318103553 0.76342087294
22.01/9.04	credit-a 0.351101455677 0.174244230179 0.462512815062
23.55/9.62	letter 0.222288479362 0.0692675191867 0.623794362732
25.06/10.46	postoperative-patient-data 0.449166411847 0.263921586987 0.0426636558967
26.62/11.03	vowel 0.389280530447 0.188692615212 0.489662414269
28.17/11.61	eucalyptus 0.459956656794 0.277485113859 -0.148353167095
29.66/12.18	cylinder-bands 0.334953967822 0.135259080758 0.397870912188
31.17/12.91	ionosphere 0.403936595943 0.18962798146 0.136717624578
32.68/13.48	mfeat-karhunen 0.121564072747 0.0229014619425 0.839051899302
34.18/14.06	balance-scale 0.249995077089 0.0843416720809 0.407567197619
35.67/14.63	mfeat-morphological 0.486280496513 0.306520190461 -0.223014564915
37.17/15.20	liver-disorders 0.292832313376 0.109000699112 0.583069963922
38.68/15.77	dermatology 0.216794022101 0.0599938371784 0.468007376806
40.28/16.44	vote 0.0788944350841 0.0114239153799 0.757926311195
41.83/17.46	breast-cancer 0.142327852953 0.0288663945468 0.3868817887
43.37/18.03	credit-g 0.682549036894 0.60708580509 -0.659347409313
44.91/18.60	soybean 0.134110569402 0.0305907825246 0.629612133991
46.42/19.18	arrhythmia 0.253516035173 0.0903480378194 0.326441609513
47.97/19.76	nursery 0.241162289982 0.0749947063318 0.678416770661
49.48/20.33	hepatitis 0.230260563014 0.0730855676448 0.517458432505
50.99/20.91	cmc 0.273119163927 0.101316701373 0.275374506242
52.49/21.49	heart-c 0.202704719399 0.0568049359044 0.851980279877
54.02/22.07	glass 0.343801306403 0.143648823512 0.3868817887
55.58/22.65	braziltourism 0.479886638039 0.300411128296 -0.0294120658076
57.09/23.23	iris 0.256567337874 0.0846782290654 0.459603929433
58.65/23.80	heart-statlog 0.195974696471 0.0576019511426 0.795741824377
60.14/24.38	page-blocks 0.502109716247 0.340889994242 -0.211055812883
61.68/24.97	breast-w 0.199648306256 0.0546403505006 0.633813857678
63.19/25.54	heart-h 0.139982633563 0.0275733051865 0.736594483247
64.71/26.12	yeast 0.235651398019 0.0696380584743 0.75824952071
66.27/26.81	tae 0.380699852364 0.176933095618 0.13833367215
67.83/27.38	haberman 0.283154208835 0.105336384609 0.0633490648163
69.34/27.96	mfeat-pixel 0.38257751349 0.179375893787 0.148999586124
70.91/28.54	optdigits 0.146175031711 0.0283822958355 0.799620338549
72.40/29.12	mfeat-factors 0.167844767312 0.0422864201181 0.800266757578
73.92/29.72	satimage 0.256616366291 0.0913490512385 0.477703662237
75.54/30.30	lymph 0.22791907512 0.0780562712923 0.363610703665
76.98/30.87	audiology 0.298462839281 0.116409092157 0.474148357579
78.54/31.45	ecoli 0.388187944536 0.197552107415 0.220105679285
80.08/32.03	tic-tac-toe 0.339222975813 0.177201567686 0.259537240038
81.66/32.60	spambase 0.235415150235 0.0612100631965 0.842930413474
83.08/33.17	zoo 0.0913717260286 0.0114922058617 0.852303489391
84.61/33.75	sonar 0.510837437832 0.323842906397 -0.184552632705
86.12/34.32	mfeat-zernike 0.221710373008 0.0714251464403 0.574343307034
87.66/34.91	kr-vs-kp 0.145960398945 0.0279161525495 0.774086786914
87.66/34.93	MAE 0.290819018106 0.130814355509
87.66/34.93	MSE 0.132582780546 0.132582780546
87.66/34.93	Mean tau 0.417490296745 0.348880264796
87.66/34.93	(0.2631578947368421, '0_class_probability_max')
87.66/34.93	(0.7368421052631579, '1_class_probability_max')
87.66/34.93	(2.508771929824561, '1_landmark_naive_bayes')
87.66/34.93	(3.280701754385965, '1_landmark_decision_tree')
87.66/34.93	(3.6666666666666665, '0_landmark_naive_bayes')
87.66/34.93	(5.771929824561403, '0_landmark_decision_tree')
87.66/34.93	(7.105263157894737, '1_number_of_numeric_features')
87.66/34.93	(7.543859649122807, '0_number_of_numeric_features')
87.66/34.93	(8.175438596491228, '0_number_of_categorical_features')
87.66/34.93	(8.350877192982455, '1_number_of_categorical_features')
87.66/34.93	(9.631578947368421, '1_number_of_features')
87.66/34.93	(9.947368421052632, '0_number_of_features')
87.66/34.93	(11.701754385964913, '1_landmark_lda')
87.66/34.93	(12.31578947368421, '0_landmark_lda')
87.66/34.93	(14.421052631578947, '1_number_of_classes')
87.66/34.93	(14.578947368421053, '0_number_of_classes')
87.66/34.93	Result for ParamILS: SAT, 33.952981, 1, 0.290819, -1, /home/feurerm/thesis/Software/pyMetaLearn/optimizers/metalearn_optimizer/learn_distances.py
