0.75/1.05	['/home/feurerm/thesis/Software/pyMetaLearn/optimizers/metalearn_optimizer/learn_distances.py', '--input_file', '/home/feurerm/thesis/experiments/2014_04_25_predict_distances/testfold_0-3_pfahringer_spearman_rank_perm.pkl', '--fold', '0', '--folds', '1', '--params', '-max_features', '0.797458642522', '-min_samples_leaf', '2', '-min_samples_split', '8', '-n_estimators', '80', '-n_jobs', '4', '-seed', '88']
0.75/1.06	Metafeatures (57, 8)
0.75/1.06	X (3192, 16)
0.75/1.06	Y (3192,)
0.75/1.06	Dataset Mae MSE Rho
2.85/1.81	vehicle 0.370347937125 0.163084695763 0.27149599207
5.16/2.71	anneal.ORIG 0.513422449553 0.317681857543 0.0985789018826
7.43/3.51	segment 0.148575845144 0.0299203843662 0.856828422592
9.79/4.31	pendigits 0.247378649042 0.0827613471783 0.741119416448
11.98/5.13	mushroom 0.163909567805 0.0340386535132 0.703303903267
14.26/6.05	labor 0.334773577623 0.156629558016 0.18196695659
16.54/6.94	abalone 0.188300457026 0.0455466585131 0.779581348658
18.87/7.86	diabetes 0.523771798609 0.340465324861 0.232387640831
21.17/8.68	car 0.374749895758 0.183854419071 0.18196695659
23.45/9.59	autos 0.189695553421 0.0462556484399 0.79671145292
25.88/10.50	mfeat-fourier 0.59003265862 0.456368471633 -0.475764405151
28.15/11.40	primary-tumor 0.224355063273 0.0624286853469 0.544284822197
30.34/12.21	waveform-5000 0.158078151865 0.0364375421897 0.7737635774
32.58/13.01	credit-a 0.351324797925 0.174785468383 0.484167852525
34.84/13.92	letter 0.225224229286 0.0707719435568 0.629935343505
37.10/14.83	postoperative-patient-data 0.442281888707 0.25394932762 0.0888826164515
39.35/15.72	vowel 0.388678920946 0.187611778352 0.485137481068
41.66/16.54	eucalyptus 0.477230362412 0.300342742205 -0.178411651932
43.90/17.34	cylinder-bands 0.334838851473 0.13618585594 0.389790674329
46.14/18.25	ionosphere 0.408261255624 0.199286859947 0.0824184261641
48.44/19.16	mfeat-karhunen 0.132825217994 0.0264313259538 0.843900042018
50.72/19.95	balance-scale 0.213145869716 0.0648303850766 0.577575402177
52.96/20.77	mfeat-morphological 0.485104234998 0.311485104579 -0.256628354409
55.20/21.67	liver-disorders 0.277420182241 0.101671079588 0.529740394051
57.45/22.57	dermatology 0.220635181585 0.0618548489445 0.456695043803
59.72/23.47	vote 0.0780034642062 0.0108108234141 0.76051198731
62.06/24.36	breast-cancer 0.146811510577 0.031237507425 0.390113883843
64.34/25.17	credit-g 0.675785622263 0.611007884905 -0.698455760552
66.60/26.07	soybean 0.117642016787 0.0228491927763 0.758572730224
68.89/26.98	arrhythmia 0.2483642459 0.0841685350344 0.445705920315
71.22/27.90	nursery 0.242565547946 0.0761110108303 0.666134809115
73.52/28.72	hepatitis 0.209314392789 0.063412685408 0.602462534784
75.76/29.52	cmc 0.256153213412 0.0872473927139 0.34841985649
78.00/30.32	heart-c 0.191339578983 0.0504405258221 0.883978021799
80.26/31.11	glass 0.341787727539 0.139365352951 0.452816529631
82.57/31.92	braziltourism 0.467272180486 0.28191747816 0.0336137894944
84.89/32.75	iris 0.266258109637 0.0915663908861 0.425990139938
87.17/33.67	heart-statlog 0.205471123052 0.0597190192354 0.835496594644
89.48/34.58	page-blocks 0.445280190286 0.269975761171 -0.012281961546
91.76/35.38	breast-w 0.217713493983 0.0619992154699 0.593412668382
94.02/36.17	heart-h 0.145340212531 0.029184352082 0.728514245388
96.30/37.07	yeast 0.245715508662 0.0774577733623 0.726251778787
98.56/37.98	tae 0.389861459569 0.181713375702 0.17905807096
100.85/38.89	haberman 0.280256284738 0.101636691881 0.06658115996
103.13/39.79	mfeat-pixel 0.377309557408 0.174076345801 0.179381280475
105.53/40.71	optdigits 0.130530838366 0.0229877193319 0.829355613871
107.76/41.54	mfeat-factors 0.178131919598 0.0473762854683 0.769238644198
110.04/42.44	satimage 0.254547785626 0.0912702188545 0.459603929433
112.33/43.26	lymph 0.228604793777 0.0790681518247 0.429868654111
114.60/44.21	audiology 0.295474275697 0.110533320131 0.470916262436
116.99/45.13	ecoli 0.392852291497 0.197749512334 0.211379022397
119.29/45.95	tic-tac-toe 0.313691450614 0.151508662239 0.356823303863
121.57/46.76	spambase 0.224198747851 0.0572410629869 0.869110384138
123.85/47.66	zoo 0.0852747859727 0.0102251302985 0.868140755595
126.15/48.58	sonar 0.503028851864 0.314480594607 -0.109568025371
128.44/49.40	mfeat-zernike 0.250071406375 0.0872185609089 0.495803395042
130.83/50.20	kr-vs-kp 0.152353089314 0.0298806650955 0.771824320313
130.83/50.24	MAE 0.290199443422 0.13238925962
130.83/50.24	MSE 0.132458195889 0.132458195889
130.83/50.24	Mean tau 0.431722856062 0.352589396663
130.83/50.24	(0.08771929824561403, '1_class_probability_max')
130.83/50.24	(0.9122807017543859, '0_class_probability_max')
130.83/50.24	(2.4035087719298245, '0_landmark_naive_bayes')
130.83/50.24	(3.5789473684210527, '1_landmark_naive_bayes')
130.83/50.24	(3.9473684210526314, '0_landmark_decision_tree')
130.83/50.24	(5.140350877192983, '1_landmark_decision_tree')
130.83/50.24	(7.192982456140351, '0_number_of_numeric_features')
130.83/50.24	(7.2105263157894735, '1_number_of_numeric_features')
130.83/50.24	(8.333333333333334, '0_number_of_categorical_features')
130.83/50.24	(8.771929824561404, '1_number_of_categorical_features')
130.83/50.24	(9.947368421052632, '0_number_of_features')
130.83/50.24	(10.526315789473685, '1_number_of_features')
130.83/50.24	(10.912280701754385, '1_landmark_lda')
130.83/50.24	(12.035087719298245, '0_landmark_lda')
130.83/50.24	(14.403508771929825, '1_number_of_classes')
130.83/50.24	(14.596491228070175, '0_number_of_classes')
130.83/50.24	Result for ParamILS: SAT, 49.190914, 1, 0.290199, -1, /home/feurerm/thesis/Software/pyMetaLearn/optimizers/metalearn_optimizer/learn_distances.py
