0.77/0.90	['/home/feurerm/thesis/Software/pyMetaLearn/optimizers/metalearn_optimizer/learn_distances.py', '--input_file', '/home/feurerm/thesis/experiments/2014_04_25_predict_distances/testfold_0-3_pfahringer_spearman_rank_perm.pkl', '--fold', '0', '--folds', '1', '--params', '-max_features', '0.113476080495', '-min_samples_leaf', '4', '-min_samples_split', '3', '-n_estimators', '19', '-n_jobs', '4', '-seed', '59']
0.77/0.90	Metafeatures (57, 8)
0.77/0.90	X (3192, 16)
0.77/0.90	Y (3192,)
0.77/0.90	Dataset Mae MSE Rho
0.91/1.15	vehicle 0.385807325869 0.185795255673 0.25081058315
1.14/1.40	anneal.ORIG 0.324753140942 0.139250556831 0.410152873734
1.28/1.65	segment 0.282702654386 0.102510116567 0.710414512583
1.47/1.91	pendigits 0.352895098163 0.153091273876 0.51713522299
1.67/2.19	mushroom 0.229569910206 0.0653777459798 0.56884874529
1.89/2.84	labor 0.326372487039 0.1410344928 0.421141997223
2.09/4.59	abalone 0.324866358625 0.138952505267 0.477380452723
2.27/4.90	diabetes 0.433102992599 0.272506196808 -0.116355425173
2.48/5.23	car 0.344212690187 0.164493184585 0.310927552823
2.68/5.49	autos 0.281789532094 0.10740929553 0.40465831199
2.86/5.82	mfeat-fourier 0.511670566512 0.34099755837 -0.297029543705
3.11/6.20	primary-tumor 0.227330089323 0.0634772704123 0.595998344497
3.25/6.46	waveform-5000 0.278818521703 0.103664912342 0.464775281663
3.42/6.73	credit-a 0.37122547281 0.187233120102 0.347127018432
3.68/7.00	letter 0.255768629621 0.0930282642987 0.575959354606
3.82/7.25	postoperative-patient-data 0.431095027908 0.230063469277 -0.257597982952
4.01/7.51	vowel 0.477784013113 0.284043172538 0.0138980091179
4.20/7.84	eucalyptus 0.384053687579 0.196506786919 0.166776109414
4.39/8.09	cylinder-bands 0.387319975878 0.188268364871 0.17162425213
4.59/8.35	ionosphere 0.422701700865 0.216783739562 -0.0442797034686
4.80/8.60	mfeat-karhunen 0.243627183312 0.0817670085331 0.70201106521
4.95/8.85	balance-scale 0.25954769834 0.0933992939338 0.452170110602
5.13/9.11	mfeat-morphological 0.481148142748 0.303654773188 -0.104719882656
5.37/9.36	liver-disorders 0.301495321181 0.120728733232 0.428575816053
5.54/9.62	dermatology 0.229651865155 0.0668544887003 0.454109367689
5.75/9.87	vote 0.115933000864 0.0210583230527 0.752431749451
5.92/10.13	breast-cancer 0.317158898173 0.128500537287 -0.166776109414
6.12/10.39	credit-g 0.545600261854 0.397686820041 -0.260183659067
6.31/10.64	soybean 0.162456578223 0.0389618223135 0.706212788896
6.50/10.90	arrhythmia 0.281170585322 0.111449870615 0.211702231912
6.69/11.15	nursery 0.323445343881 0.131601950042 0.421788416252
6.88/11.41	hepatitis 0.386185626483 0.219673302872 -0.402719054904
7.08/11.66	cmc 0.335194534018 0.133328557767 0.368135636866
7.26/11.92	heart-c 0.321539082552 0.141627126034 0.601169696726
7.45/12.18	glass 0.379605565171 0.181796317383 0.145444281466
7.66/12.43	braziltourism 0.565388921127 0.402175484127 -0.294120658076
7.84/12.69	iris 0.301742860618 0.119111995686 0.255658725866
8.02/12.94	heart-statlog 0.302118434895 0.126891551816 0.557213202772
8.22/13.20	page-blocks 0.321436089453 0.140786333599 0.423404463823
8.42/13.46	breast-w 0.260993443757 0.0979615190915 0.335168266401
8.60/13.74	heart-h 0.221016859266 0.0629326239918 0.464452072148
8.86/14.00	yeast 0.369304207556 0.177530411673 0.353267999205
9.02/14.25	tae 0.25424858719 0.0916424859477 0.172593880673
9.20/14.51	haberman 0.341270374308 0.169516669302 -0.0976092733395
9.39/14.76	mfeat-pixel 0.336668742235 0.146497856386 0.209116555797
9.57/15.02	optdigits 0.253415970717 0.0826323014607 0.668397275715
9.77/15.27	mfeat-factors 0.257656436712 0.088473898497 0.661933085428
9.94/15.52	satimage 0.298147103351 0.118530102327 0.342925294746
10.15/15.77	lymph 0.184066893056 0.0512083930244 0.681648865804
10.34/16.03	audiology 0.310722389921 0.131464355626 0.446352339344
10.54/16.28	ecoli 0.422882731721 0.231525158659 -0.0426636558967
10.74/16.53	tic-tac-toe 0.304511848518 0.138305117566 0.453786158174
10.93/16.79	spambase 0.254998618359 0.0914160599657 0.577898611692
11.12/17.04	zoo 0.170256624055 0.040031410736 0.668074066201
11.35/17.30	sonar 0.484426075328 0.302431907107 -0.152554890782
11.49/17.55	mfeat-zernike 0.285271975449 0.110660010699 0.338400361544
11.69/17.80	kr-vs-kp 0.223195738192 0.0642930319009 0.618623010502
11.69/17.81	MAE 0.323532289272 0.093140487947
11.69/17.81	MSE 0.149694647137 0.149694647137
11.69/17.81	Mean tau 0.309538318945 0.304817065691
11.69/17.81	(1.087719298245614, '0_number_of_categorical_features')
11.69/17.81	(1.280701754385965, '1_number_of_categorical_features')
11.69/17.82	(2.087719298245614, '1_landmark_naive_bayes')
11.69/17.82	(3.5789473684210527, '1_landmark_lda')
11.69/17.82	(3.8596491228070176, '1_landmark_decision_tree')
11.69/17.82	(3.9649122807017543, '0_number_of_features')
11.69/17.82	(6.105263157894737, '0_class_probability_max')
11.69/17.82	(7.157894736842105, '1_class_probability_max')
11.69/17.82	(9.56140350877193, '0_number_of_numeric_features')
11.69/17.82	(9.842105263157896, '0_number_of_classes')
11.69/17.82	(10.736842105263158, '1_number_of_features')
11.69/17.82	(11.157894736842104, '0_landmark_lda')
11.69/17.82	(11.964912280701755, '1_number_of_classes')
11.69/17.82	(12.157894736842104, '0_landmark_decision_tree')
11.69/17.82	(12.649122807017545, '0_landmark_naive_bayes')
11.69/17.82	(12.807017543859649, '1_number_of_numeric_features')
11.69/17.82	Result for ParamILS: SAT, 16.917742, 1, 0.323532, -1, /home/feurerm/thesis/Software/pyMetaLearn/optimizers/metalearn_optimizer/learn_distances.py
