0.79/1.02	['/home/feurerm/thesis/Software/pyMetaLearn/optimizers/metalearn_optimizer/learn_distances.py', '--input_file', '/home/feurerm/thesis/experiments/2014_04_25_predict_distances/testfold_0-3_pfahringer_spearman_rank_perm.pkl', '--fold', '0', '--folds', '1', '--params', '-max_features', '0.763163627336', '-min_samples_leaf', '10', '-min_samples_split', '7', '-n_estimators', '80', '-n_jobs', '4', '-seed', '51']
0.79/1.03	Metafeatures (57, 8)
0.79/1.03	X (3192, 16)
0.79/1.03	Y (3192,)
0.79/1.03	Dataset Mae MSE Rho
2.55/1.68	vehicle 0.366801674314 0.16316767498 0.295090286619
4.49/2.36	anneal.ORIG 0.533799410288 0.3379626607 0.0572080840433
6.40/3.04	segment 0.230419096708 0.0666877819059 0.78119739623
8.29/3.83	pendigits 0.307449968204 0.120561267505 0.679386399204
10.18/5.04	mushroom 0.204728776104 0.0521982334607 0.624440781761
12.13/5.85	labor 0.285428019342 0.112226503333 0.239821459662
14.07/6.66	abalone 0.295962209982 0.111555787246 0.559475669373
16.00/7.35	diabetes 0.523195031614 0.340490660365 0.236912574033
17.91/8.14	car 0.375749686242 0.187719814874 0.205561251139
19.89/8.93	autos 0.230595116977 0.0675280340295 0.690375522692
21.84/9.71	mfeat-fourier 0.546314888474 0.391909427547 -0.419849159165
23.90/10.40	primary-tumor 0.22324738118 0.0629344053661 0.522952994249
25.68/11.08	waveform-5000 0.182911687612 0.0477007945793 0.753401377994
27.58/11.77	credit-a 0.374391425039 0.197281081277 0.402719054904
29.47/12.56	letter 0.245012584206 0.0811919532689 0.616360543902
31.47/13.34	postoperative-patient-data 0.43492613245 0.250579171998 -0.00387851417243
33.37/14.13	vowel 0.43552285575 0.234577397021 0.337107523487
35.27/14.82	eucalyptus 0.424168848107 0.24006674516 -0.121849986917
37.17/15.60	cylinder-bands 0.339046690919 0.143051237065 0.397547702674
39.28/16.51	ionosphere 0.414766600044 0.20548059849 0.0452493320117
41.22/17.20	mfeat-karhunen 0.19480784642 0.0519504540827 0.759219149253
43.14/17.90	balance-scale 0.261723152463 0.0914835689881 0.361994656093
44.92/18.59	mfeat-morphological 0.454078527206 0.273921535991 -0.192956080078
46.80/19.37	liver-disorders 0.299717460287 0.120215711499 0.2226913554
48.75/20.06	dermatology 0.198653524602 0.050690711851 0.513256708818
50.65/20.74	vote 0.0861415732927 0.0109986644688 0.783136653316
52.55/21.42	breast-cancer 0.134925657581 0.0272395674671 0.388497836272
54.46/22.11	credit-g 0.687386841856 0.624957857573 -0.738856949848
56.34/22.79	soybean 0.123698523859 0.0225276596968 0.825800309213
58.23/23.47	arrhythmia 0.268950710582 0.0999744464885 0.358439351435
60.20/24.16	nursery 0.290593428661 0.108541906304 0.547193707827
62.08/24.84	hepatitis 0.267775049724 0.100610579797 0.292827820018
63.99/25.53	cmc 0.245473411196 0.0790738506189 0.331936171257
65.88/26.21	heart-c 0.257644432091 0.0871311505115 0.766329758569
67.78/26.89	glass 0.352654607186 0.14983137029 0.400456588303
69.72/27.58	braziltourism 0.458798854399 0.27300613274 0.0930843401383
71.64/28.27	iris 0.287386306513 0.109863826429 0.319977419225
73.53/28.95	heart-statlog 0.257939323484 0.0879511639693 0.757279892167
75.51/29.65	page-blocks 0.402239406417 0.218484496328 0.147060329038
77.39/30.33	breast-w 0.232274995219 0.0705274750012 0.495156976013
79.29/31.02	heart-h 0.170455228065 0.039323540488 0.677770351632
81.29/31.70	yeast 0.313575441601 0.122226173612 0.573373678491
83.07/32.38	tae 0.361074704985 0.158116135937 0.164836852328
84.98/33.07	haberman 0.272245492783 0.0972920998336 0.0177765232903
86.87/33.75	mfeat-pixel 0.358199388226 0.162976610821 0.148353167095
88.81/34.44	optdigits 0.218458041914 0.0618221770647 0.725605359759
90.82/35.13	mfeat-factors 0.217436480353 0.0643276485997 0.714293026756
92.64/35.81	satimage 0.274712408727 0.104329804769 0.375892665211
94.53/36.51	lymph 0.222076254698 0.0715657992895 0.407890407134
96.41/37.19	audiology 0.311771617424 0.121282002455 0.407890407134
98.32/37.87	ecoli 0.396008011915 0.198642770669 0.19230966105
100.25/38.55	tic-tac-toe 0.307442113452 0.141143152153 0.560445297916
102.15/39.24	spambase 0.2125560508 0.0567543213606 0.84260720396
104.02/39.92	zoo 0.133903197511 0.024835632608 0.767945806141
105.91/40.60	sonar 0.508884838923 0.32507609875 -0.16128154767
107.82/41.28	mfeat-zernike 0.250762544876 0.0864676982439 0.513256708818
109.72/41.96	kr-vs-kp 0.201902038752 0.0522767291548 0.66872048523
109.85/42.00	MAE 0.306469571432 0.117329776068
109.85/42.00	MSE 0.139689679931 0.139689679931
109.85/42.00	Mean tau 0.384727058604 0.324908929724
109.85/42.00	(0.0, '1_class_probability_max')
109.85/42.00	(1.0, '0_class_probability_max')
109.85/42.00	(2.7017543859649122, '1_landmark_naive_bayes')
109.85/42.00	(3.087719298245614, '0_landmark_naive_bayes')
109.85/42.00	(3.6491228070175437, '0_landmark_decision_tree')
109.85/42.00	(5.7894736842105265, '1_landmark_decision_tree')
109.85/42.00	(6.807017543859649, '0_number_of_numeric_features')
109.85/42.00	(7.385964912280702, '1_number_of_numeric_features')
109.85/42.00	(7.824561403508772, '1_number_of_categorical_features')
109.85/42.00	(8.508771929824562, '0_number_of_categorical_features')
109.85/42.00	(9.842105263157896, '1_number_of_features')
109.85/42.00	(9.964912280701755, '0_number_of_features')
109.85/42.00	(12.175438596491228, '0_landmark_lda')
109.85/42.00	(12.263157894736842, '1_landmark_lda')
109.85/42.00	(14.403508771929825, '1_number_of_classes')
109.85/42.00	(14.596491228070175, '0_number_of_classes')
109.85/42.00	Result for ParamILS: SAT, 40.977862, 1, 0.306470, -1, /home/feurerm/thesis/Software/pyMetaLearn/optimizers/metalearn_optimizer/learn_distances.py
