0.71/0.98	['/home/feurerm/thesis/Software/pyMetaLearn/optimizers/metalearn_optimizer/learn_distances.py', '--input_file', '/home/feurerm/thesis/experiments/2014_04_25_predict_distances/testfold_0-3_pfahringer_spearman_rank_perm.pkl', '--fold', '0', '--folds', '1', '--params', '-max_features', '0.53938579816', '-min_samples_leaf', '9', '-min_samples_split', '5', '-n_estimators', '41', '-n_jobs', '4', '-seed', '5']
0.71/0.98	Metafeatures (57, 8)
0.71/0.98	X (3192, 16)
0.71/0.98	Y (3192,)
0.71/0.98	Dataset Mae MSE Rho
1.44/1.33	vehicle 0.349140040257 0.149745771804 0.368782055895
2.22/1.69	anneal.ORIG 0.41467113229 0.208708959724 0.550749012485
2.95/2.06	segment 0.238471961114 0.0722056236764 0.759542358767
3.70/2.43	pendigits 0.311727096799 0.123272087599 0.628319295933
4.54/2.80	mushroom 0.199812702396 0.0498513834533 0.652883219025
5.25/3.26	labor 0.312394273633 0.13938270426 0.258244401981
5.99/3.62	abalone 0.312624364065 0.124850068657 0.510024613674
6.75/3.99	diabetes 0.524828509399 0.350857058541 0.153524519325
7.52/4.46	car 0.345317420184 0.159163399725 0.335168266401
8.27/4.82	autos 0.227195705289 0.0670065341812 0.672598999402
9.02/5.19	mfeat-fourier 0.538650549407 0.379428957581 -0.404335102476
9.77/5.55	primary-tumor 0.225443377661 0.063555446612 0.524892251335
10.54/6.02	waveform-5000 0.201297129672 0.0567710273756 0.697162922494
11.32/6.39	credit-a 0.385471499516 0.208768249084 0.323209514369
12.08/6.76	letter 0.247058534625 0.0859580554353 0.639631628936
12.83/7.13	postoperative-patient-data 0.437462391655 0.253491025541 -0.0795095405348
13.66/7.50	vowel 0.458140091447 0.260586115684 0.196511384736
14.33/7.87	eucalyptus 0.39548062284 0.204966502808 0.0138980091179
15.09/8.33	cylinder-bands 0.330298003197 0.131453452556 0.381387226955
15.92/8.80	ionosphere 0.409047787157 0.198728029321 0.0546224079284
16.60/9.17	mfeat-karhunen 0.19937760395 0.0549747535828 0.73013029296
17.35/9.54	balance-scale 0.257853132617 0.0883590008279 0.340016409116
18.09/9.90	mfeat-morphological 0.473300013955 0.300324927081 -0.216873584142
18.85/10.27	liver-disorders 0.271305050883 0.0994575109925 0.339369990088
19.60/10.64	dermatology 0.198876933026 0.0522407726153 0.512287080275
20.35/11.00	vote 0.0813000227412 0.0101807624442 0.794448986319
21.11/11.37	breast-cancer 0.148972978307 0.0320554734858 0.32759919516
21.87/11.84	credit-g 0.617187944845 0.496864800277 -0.644802981166
22.65/12.31	soybean 0.121034825867 0.0217253536347 0.792832938747
23.40/12.68	arrhythmia 0.255564871536 0.0904080383577 0.357792932407
24.21/13.14	nursery 0.288689589247 0.107752909575 0.555273945686
24.93/13.51	hepatitis 0.289343267382 0.117040295464 0.054299198414
25.72/13.88	cmc 0.264255199484 0.0886601960016 0.357146513378
26.52/14.25	heart-c 0.265727183259 0.0924404373824 0.766329758569
27.27/14.72	glass 0.355309360598 0.153978064141 0.367489217838
28.06/15.09	braziltourism 0.409265676809 0.217964101485 0.187784727848
28.80/15.46	iris 0.295639477656 0.115325740351 0.335168266401
29.56/15.82	heart-statlog 0.287292244706 0.109089797814 0.721726845586
30.34/16.19	page-blocks 0.373111242665 0.187624516195 0.335168266401
31.08/16.55	breast-w 0.22078252505 0.0654869620392 0.498712280671
31.84/16.92	heart-h 0.179741957129 0.0436580952293 0.638015581365
32.60/17.28	yeast 0.338744579485 0.142929385327 0.516812013476
33.35/17.65	tae 0.351949913363 0.152448534151 0.165160061843
34.12/18.03	haberman 0.268377957378 0.0936465623754 0.0206854089196
34.89/18.39	mfeat-pixel 0.345610449799 0.147120996151 0.21752000317
35.64/18.75	optdigits 0.219467982203 0.0617319822534 0.710414512583
36.40/19.12	mfeat-factors 0.229000446587 0.0720383872618 0.699425389095
37.18/19.59	satimage 0.277508713943 0.104553484522 0.38397290307
37.94/20.07	lymph 0.200802504073 0.058848282504 0.494833766499
38.78/20.50	audiology 0.328048769956 0.148761205193 0.362641075122
39.46/23.28	ecoli 0.403252683143 0.209329146087 0.127344548661
40.24/23.69	tic-tac-toe 0.283079349394 0.120945732448 0.65320642854
41.02/24.17	spambase 0.20834675436 0.0557602740114 0.809963043009
41.73/24.54	zoo 0.130413928254 0.0231466674492 0.75534063508
42.53/25.35	sonar 0.508079077105 0.323870734899 -0.177765232903
43.30/25.72	mfeat-zernike 0.2588201151 0.0914452427139 0.482551804953
44.05/26.09	kr-vs-kp 0.21027216236 0.056384930465 0.637045952821
44.11/26.11	MAE 0.303162099663 0.108307722413
44.11/26.11	MSE 0.135040780884 0.135040780884
44.11/26.11	Mean tau 0.390287291607 0.310166956674
44.11/26.11	(0.43859649122807015, '0_class_probability_max')
44.11/26.11	(0.5614035087719298, '1_class_probability_max')
44.11/26.11	(2.1578947368421053, '1_landmark_decision_tree')
44.11/26.11	(3.0, '0_landmark_decision_tree')
44.11/26.11	(4.4035087719298245, '0_landmark_naive_bayes')
44.11/26.11	(4.508771929824562, '1_landmark_naive_bayes')
44.11/26.11	(6.912280701754386, '0_landmark_lda')
44.11/26.11	(7.859649122807017, '1_number_of_numeric_features')
44.11/26.11	(8.982456140350877, '0_number_of_categorical_features')
44.11/26.11	(9.263157894736842, '0_number_of_numeric_features')
44.11/26.11	(10.456140350877194, '1_landmark_lda')
44.11/26.11	(10.596491228070175, '1_number_of_categorical_features')
44.11/26.11	(10.666666666666666, '0_number_of_features')
44.11/26.11	(11.210526315789474, '1_number_of_features')
44.11/26.11	(14.403508771929825, '1_number_of_classes')
44.11/26.11	(14.578947368421053, '0_number_of_classes')
44.11/26.11	Result for ParamILS: SAT, 25.131764, 1, 0.303162, -1, /home/feurerm/thesis/Software/pyMetaLearn/optimizers/metalearn_optimizer/learn_distances.py
