0.73/6.78	['/home/feurerm/thesis/Software/pyMetaLearn/optimizers/metalearn_optimizer/learn_distances.py', '--input_file', '/home/feurerm/thesis/experiments/2014_04_25_predict_distances/testfold_0-3_pfahringer_spearman_rank_perm.pkl', '--fold', '0', '--folds', '1', '--params', '-max_features', '0.271255618702', '-min_samples_leaf', '8', '-min_samples_split', '8', '-n_estimators', '95', '-n_jobs', '4', '-seed', '18']
0.73/6.79	Metafeatures (57, 8)
0.73/6.79	X (3192, 16)
0.73/6.79	Y (3192,)
0.73/6.79	Dataset Mae MSE Rho
1.65/7.24	vehicle 0.362029403566 0.163605711741 0.311573971852
2.85/7.94	anneal.ORIG 0.303622553589 0.120998492902 0.557536412287
3.78/8.56	segment 0.273740769234 0.0930183589439 0.750492492365
4.85/9.38	pendigits 0.337668577337 0.139971461423 0.597291182554
6.04/10.01	mushroom 0.21361842617 0.0559950047209 0.615390915359
6.97/10.63	labor 0.292578391941 0.11806504429 0.37653908424
8.10/11.24	abalone 0.320884095099 0.129551392497 0.533618908223
9.11/11.94	diabetes 0.487695188677 0.321238043479 0.0391083512387
10.15/12.67	car 0.356515256577 0.177927048377 0.393022769473
11.20/13.30	autos 0.254996041967 0.0835423298925 0.54299198414
12.26/14.09	mfeat-fourier 0.533728605733 0.368867694143 -0.402395845389
13.34/14.88	primary-tumor 0.233862411398 0.0676200609612 0.480289338352
14.47/15.55	waveform-5000 0.225857986654 0.0698809611285 0.702980693753
15.43/16.22	credit-a 0.384764912402 0.206232124085 0.344541342317
16.47/16.92	letter 0.24038295797 0.0827220761232 0.634783486221
17.56/17.64	postoperative-patient-data 0.406280808082 0.201765902668 -0.0462189605548
18.64/18.51	vowel 0.469117179602 0.272666311136 0.150292424182
19.73/19.04	eucalyptus 0.377098838444 0.186654747265 0.100194949454
20.77/19.65	cylinder-bands 0.340500754011 0.142222924505 0.376215874726
21.81/20.24	ionosphere 0.416137781559 0.211132323031 0.072722140733
22.86/21.31	mfeat-karhunen 0.212703841094 0.061295543309 0.747583606736
23.95/21.92	balance-scale 0.242156934446 0.0799532342454 0.435040006341
24.99/22.77	mfeat-morphological 0.461613808624 0.283167615522 -0.199097060851
26.15/23.40	liver-disorders 0.305121757316 0.122557677829 0.431807911197
27.08/24.03	dermatology 0.186182611106 0.0446203239262 0.584362801979
28.14/24.83	vote 0.0795994865146 0.00960442752547 0.800589967092
29.31/25.52	breast-cancer 0.210795164837 0.0592238018705 0.286040420217
30.30/30.36	credit-g 0.55498651353 0.411110170659 -0.647711866796
31.40/30.96	soybean 0.124995408549 0.0243891526425 0.813518347667
32.37/31.56	arrhythmia 0.275826612718 0.103135213196 0.134131948463
33.53/32.19	nursery 0.308638274898 0.118565953726 0.48384464301
34.65/37.00	hepatitis 0.352628846864 0.178644229684 -0.416940273536
35.57/37.49	cmc 0.295155929578 0.10317779973 0.327088028541
36.65/38.10	heart-c 0.28862444996 0.108769426142 0.724635731215
37.66/42.23	glass 0.366956628915 0.162162235756 0.305109781564
38.75/42.83	braziltourism 0.462182638192 0.275062835144 0.0339369990088
39.79/43.43	iris 0.316889657225 0.130252863824 0.240791088205
40.83/44.52	heart-statlog 0.304285068977 0.120680206044 0.736594483247
41.88/45.11	page-blocks 0.331091812969 0.150770097796 0.384296112585
42.95/45.84	breast-w 0.229010801797 0.0720595625944 0.469300214864
44.01/46.64	heart-h 0.203289532195 0.0523315332263 0.621531896132
45.10/47.25	yeast 0.34266152516 0.146861158345 0.53782063191
46.15/48.13	tae 0.319141061327 0.125166606914 0.190693613478
47.23/49.23	haberman 0.253455020962 0.0859488028 0.167422528443
48.27/50.02	mfeat-pixel 0.334971876529 0.137992349331 0.228832336173
49.30/50.62	optdigits 0.236911650552 0.0712196628179 0.709121674526
50.38/51.41	mfeat-factors 0.246137023389 0.0818057866244 0.674538256488
51.48/52.01	satimage 0.281548502543 0.106122587256 0.369751684438
52.48/52.81	lymph 0.183372804039 0.0492676066246 0.657731361741
53.56/53.42	audiology 0.327793789102 0.139584664627 0.351651951634
54.76/54.06	ecoli 0.40767673288 0.212106955066 0.0959932257676
55.73/54.80	tic-tac-toe 0.281230986174 0.118970090707 0.612482029729
56.82/55.44	spambase 0.214705783838 0.0620575981503 0.806407738351
57.84/56.16	zoo 0.140839855324 0.0263981917902 0.733685597618
58.94/56.87	sonar 0.498474787724 0.31157082834 -0.170331414072
60.07/57.81	mfeat-zernike 0.263631802167 0.0942089845526 0.477703662237
61.21/58.42	kr-vs-kp 0.212063125659 0.0565209624672 0.638015581365
61.21/58.47	MAE 0.306814614872 0.0991526610634
61.21/58.47	MSE 0.135280960599 0.135280960599
61.21/58.47	Mean tau 0.377349943197 0.32386262299
61.21/58.47	(0.0, '0_class_probability_max')
61.21/58.47	(1.1228070175438596, '1_class_probability_max')
61.21/58.47	(2.6491228070175437, '1_landmark_naive_bayes')
61.21/58.47	(2.9298245614035086, '0_landmark_decision_tree')
61.21/58.47	(3.9649122807017543, '1_landmark_decision_tree')
61.21/58.47	(4.9298245614035086, '0_landmark_naive_bayes')
61.21/58.47	(5.5964912280701755, '1_landmark_lda')
61.21/58.47	(6.964912280701754, '0_landmark_lda')
61.21/58.47	(9.210526315789474, '0_number_of_features')
61.21/58.47	(10.473684210526315, '1_number_of_features')
61.21/58.47	(10.701754385964913, '1_number_of_categorical_features')
61.21/58.47	(10.701754385964913, '1_number_of_numeric_features')
61.21/58.47	(10.789473684210526, '0_number_of_numeric_features')
61.21/58.47	(12.24561403508772, '0_number_of_categorical_features')
61.21/58.47	(12.736842105263158, '1_number_of_classes')
61.21/58.47	(14.982456140350877, '0_number_of_classes')
61.21/58.47	Result for ParamILS: SAT, 51.692658, 1, 0.306815, -1, /home/feurerm/thesis/Software/pyMetaLearn/optimizers/metalearn_optimizer/learn_distances.py
