0.68/0.87	['/home/feurerm/thesis/Software/pyMetaLearn/optimizers/metalearn_optimizer/learn_distances.py', '--input_file', '/home/feurerm/thesis/experiments/2014_04_25_predict_distances/testfold_0-3_pfahringer_spearman_rank_perm.pkl', '--fold', '0', '--folds', '1', '--params', '-max_features', '0.800479774402', '-min_samples_leaf', '4', '-min_samples_split', '8', '-n_estimators', '97', '-n_jobs', '4', '-seed', '35']
0.68/0.88	Metafeatures (57, 8)
0.68/0.88	X (3192, 16)
0.68/0.88	Y (3192,)
0.68/0.88	Dataset Mae MSE Rho
3.19/1.84	vehicle 0.355593209213 0.151997525949 0.337107523487
5.93/2.86	anneal.ORIG 0.491767552907 0.291580812803 0.243699973834
8.57/3.87	segment 0.162147121899 0.0345231529577 0.843253622989
11.25/4.91	pendigits 0.250994192282 0.0817501065588 0.734008807132
13.93/5.94	mushroom 0.165664703664 0.0348890521941 0.69910217958
16.60/6.98	labor 0.307671378612 0.130414218173 0.211055812883
19.30/7.98	abalone 0.219824707486 0.061366137229 0.731746340532
22.04/9.02	diabetes 0.509723927561 0.326937399609 0.2226913554
24.70/10.06	car 0.362795145441 0.172121537119 0.238528621604
27.39/11.08	autos 0.202270325678 0.0522257013927 0.776672463029
30.11/12.14	mfeat-fourier 0.584526049198 0.445773632075 -0.463482443605
32.79/13.16	primary-tumor 0.21411803575 0.0577526557267 0.551395431514
35.36/14.19	waveform-5000 0.150664651858 0.0326941378843 0.780874186716
38.02/15.22	credit-a 0.361569744749 0.183412802703 0.419849159165
40.63/16.24	letter 0.232061130931 0.0734340079514 0.671306161345
43.36/17.29	postoperative-patient-data 0.433056472554 0.245807595507 0.115062587115
46.00/18.31	vowel 0.391383301537 0.188404392921 0.452816529631
48.71/19.38	eucalyptus 0.435676466308 0.249807399077 -0.116355425173
51.36/20.39	cylinder-bands 0.333282545262 0.136170061902 0.407243988105
54.02/21.40	ionosphere 0.406540332714 0.195084059975 0.0801559595635
56.70/22.42	mfeat-karhunen 0.133570937198 0.0259987893743 0.839051899302
59.34/23.44	balance-scale 0.234775282576 0.0767160208457 0.469300214864
61.97/24.44	mfeat-morphological 0.47501836814 0.297265056533 -0.182613375619
64.60/25.46	liver-disorders 0.267010871518 0.0929513111689 0.604725001384
67.38/26.48	dermatology 0.210741320524 0.0570884663276 0.485783900097
70.00/27.49	vote 0.0781640289241 0.0102927114221 0.771824320313
72.68/28.52	breast-cancer 0.157155129344 0.0338169568498 0.354560837263
75.28/29.53	credit-g 0.684606476055 0.622213661601 -0.730453502474
77.98/30.66	soybean 0.128126261495 0.0262607810543 0.689082684635
80.62/31.70	arrhythmia 0.25470088478 0.087802590413 0.35585367532
83.32/32.73	nursery 0.258614544322 0.0858970064852 0.63252101962
85.99/33.75	hepatitis 0.228647684857 0.0709295695295 0.475764405151
88.64/34.76	cmc 0.259418658658 0.0910015047163 0.34841985649
91.28/35.79	heart-c 0.205990867608 0.0585086576423 0.843900042018
93.97/36.82	glass 0.373795430965 0.16926820546 0.230125174231
96.64/37.84	braziltourism 0.48404450712 0.303262455197 0.0232710850346
99.37/38.87	iris 0.281529057153 0.105428349784 0.362317865608
102.20/39.90	heart-statlog 0.202787233073 0.0557532743569 0.830648451928
104.80/40.91	page-blocks 0.427286316542 0.249354122582 -0.0213318279484
107.46/41.92	breast-w 0.21084256365 0.0580617822789 0.536527793853
110.21/42.94	heart-h 0.141377450358 0.0279952118885 0.721080426557
112.92/43.96	yeast 0.249417193425 0.0778262671199 0.733685597618
115.53/45.00	tae 0.377727118897 0.170397816814 0.173563509216
118.26/46.02	haberman 0.275285545941 0.098875961067 0.0552688269571
120.95/47.05	mfeat-pixel 0.360500719815 0.159572505818 0.204591622596
123.62/48.06	optdigits 0.150353977834 0.0300321917824 0.800589967092
126.34/49.08	mfeat-factors 0.174728550626 0.0424583688981 0.758895939739
129.02/50.10	satimage 0.239715429153 0.0835479335168 0.575959354606
131.69/51.12	lymph 0.200536810437 0.0599716201348 0.509378194646
134.33/52.15	audiology 0.301587779364 0.112460615154 0.414354597421
137.05/53.29	ecoli 0.389390806566 0.197900244405 0.206207670167
139.73/54.31	tic-tac-toe 0.319303628561 0.157717311529 0.383326484042
142.42/55.33	spambase 0.218057670968 0.0557764774768 0.868140755595
145.05/56.33	zoo 0.0923753944399 0.0121888481309 0.861676565308
147.71/57.34	sonar 0.486171642448 0.290870935933 -0.0539759888996
150.48/58.37	mfeat-zernike 0.244670979295 0.0818108787086 0.542668774626
153.16/59.39	kr-vs-kp 0.151335254918 0.0298624424047 0.773440367885
153.22/59.45	MAE 0.289485848652 0.127864851092
153.22/59.45	MSE 0.130057601651 0.130057601651
153.22/59.45	Mean tau 0.427804649493 0.341874850278
153.22/59.45	(0.0, '1_class_probability_max')
153.22/59.45	(1.0, '0_class_probability_max')
153.22/59.45	(2.807017543859649, '0_landmark_decision_tree')
153.22/59.45	(3.2280701754385963, '0_landmark_naive_bayes')
153.22/59.45	(3.7017543859649122, '1_landmark_naive_bayes')
153.22/59.45	(4.543859649122807, '1_landmark_decision_tree')
153.22/59.45	(7.035087719298246, '1_number_of_numeric_features')
153.22/59.45	(7.543859649122807, '0_number_of_numeric_features')
153.22/59.45	(8.140350877192983, '1_number_of_categorical_features')
153.22/59.45	(8.508771929824562, '0_number_of_categorical_features')
153.22/59.45	(10.12280701754386, '0_number_of_features')
153.22/59.45	(10.228070175438596, '1_number_of_features')
153.22/59.45	(12.052631578947368, '1_landmark_lda')
153.22/59.45	(12.087719298245615, '0_landmark_lda')
153.22/59.45	(14.421052631578947, '0_number_of_classes')
153.22/59.45	(14.578947368421053, '1_number_of_classes')
153.22/59.45	Result for ParamILS: SAT, 58.582224, 1, 0.289486, -1, /home/feurerm/thesis/Software/pyMetaLearn/optimizers/metalearn_optimizer/learn_distances.py
