0.81/2.30	['/home/feurerm/thesis/Software/pyMetaLearn/optimizers/metalearn_optimizer/learn_distances.py', '--input_file', '/home/feurerm/thesis/experiments/2014_04_25_predict_distances/testfold_0-3_pfahringer_spearman_rank_perm.pkl', '--fold', '0', '--folds', '1', '--params', '-max_features', '0.81913527797', '-min_samples_leaf', '7', '-min_samples_split', '10', '-n_estimators', '13', '-n_jobs', '4', '-seed', '87']
0.81/2.31	Metafeatures (57, 8)
0.81/2.31	X (3192, 16)
0.81/2.31	Y (3192,)
0.81/2.31	Dataset Mae MSE Rho
1.17/2.55	vehicle 0.394325858149 0.192700622209 0.165186638408
1.59/3.01	anneal.ORIG 0.520217822393 0.328361213952 -0.00501176354889
2.02/3.30	segment 0.191169656674 0.0503551911931 0.788209805029
2.43/3.73	pendigits 0.321965127126 0.129652576237 0.609249934586
2.84/4.08	mushroom 0.185490257643 0.0438147010012 0.662902713971
3.24/4.49	labor 0.330858213688 0.157945981458 0.21044325167
3.67/4.77	abalone 0.247062360995 0.0813070463969 0.648572062247
4.09/5.14	diabetes 0.485225991144 0.302263067225 0.221075307828
4.49/5.50	car 0.392202251264 0.226954752394 0.138551011658
4.90/5.81	autos 0.1953281983 0.0519076866021 0.68218855588
5.30/6.28	mfeat-fourier 0.59065942562 0.451060879973 -0.360569217761
5.71/6.55	primary-tumor 0.248258342121 0.0790145714347 0.40465831199
6.10/6.92	waveform-5000 0.184913067207 0.0489205672737 0.678093561146
6.51/7.31	credit-a 0.351269841987 0.17662245606 0.450230853516
6.91/7.60	letter 0.235200745348 0.0832621205508 0.506146099502
7.31/7.86	postoperative-patient-data 0.446248458533 0.268884488416 -0.00161682808267
7.72/8.23	vowel 0.400329706814 0.198860841163 0.445059501286
8.14/8.58	eucalyptus 0.438019118204 0.258519187232 -0.107322825736
8.54/8.83	cylinder-bands 0.342445262724 0.144505176154 0.295090286619
8.97/9.27	ionosphere 0.409885030798 0.205082311682 0.0884049135433
9.39/9.77	mfeat-karhunen 0.160926232523 0.0383741299603 0.760957625854
9.83/10.30	balance-scale 0.232853015894 0.0748587989966 0.440211358571
10.22/10.56	mfeat-morphological 0.482517756793 0.309265318397 -0.176648209329
10.62/10.94	liver-disorders 0.321594007311 0.138726847594 0.251457002179
11.04/11.30	dermatology 0.209144748873 0.0576499632383 0.445382710801
11.46/11.66	vote 0.0950237458805 0.0139244860027 0.742633597315
11.87/12.04	breast-cancer 0.130698982183 0.0260173270757 0.375821761979
12.31/12.40	credit-g 0.662236145518 0.579168403305 -0.578545030721
12.69/12.69	soybean 0.140193871915 0.0297598322579 0.613985862068
13.09/12.95	arrhythmia 0.259869548626 0.0881250016331 0.293336230496
13.50/13.37	nursery 0.27461551479 0.0969844547059 0.577345080618
13.90/13.83	hepatitis 0.267446348606 0.101480145173 0.310977585417
14.32/14.18	cmc 0.250562912027 0.0820080761632 0.318038162139
14.70/14.54	heart-c 0.223711626694 0.0681963803219 0.746937187707
15.13/14.89	glass 0.336657542166 0.139645199705 0.427028472283
15.54/15.36	braziltourism 0.502847364385 0.327948299242 0.0916520167922
15.95/15.76	iris 0.261221784055 0.0925572255094 0.401749426361
16.35/16.11	heart-statlog 0.268151476292 0.103394281815 0.612158820215
16.78/16.54	page-blocks 0.441044953173 0.266508375749 0.0308689917491
17.22/16.90	breast-w 0.229465252555 0.0708450507749 0.542638131167
17.62/17.28	heart-h 0.17451815987 0.0431848210056 0.642967169849
18.04/17.71	yeast 0.296847795348 0.111691037156 0.566586278689
18.44/17.97	tae 0.394127443512 0.190074698833 0.106829337938
18.86/18.35	haberman 0.253706408454 0.0856599672059 0.0652883219025
19.30/18.78	mfeat-pixel 0.362646090594 0.163177252599 0.18860792341
19.71/19.14	optdigits 0.179576261956 0.0432990155871 0.77085469177
20.17/23.50	mfeat-factors 0.206720368318 0.05872771108 0.706003166892
20.56/23.85	satimage 0.265035092091 0.0990884816472 0.403042264418
20.98/24.21	lymph 0.21561771313 0.0667386101505 0.452816529631
21.38/24.56	audiology 0.336890767201 0.150053100249 0.299292010306
21.80/24.91	ecoli 0.397623909954 0.202044620128 0.175678502782
22.20/25.59	tic-tac-toe 0.302287262016 0.136638959647 0.429095147089
22.63/25.97	spambase 0.216051976056 0.0573113847192 0.796937163952
23.04/26.22	zoo 0.123888986649 0.0212950792937 0.754916546912
23.45/26.48	sonar 0.507102685764 0.31620046539 -0.111830491972
23.85/26.74	mfeat-zernike 0.216053007906 0.0633371521786 0.557859621801
24.26/27.00	kr-vs-kp 0.180213120655 0.0435910502953 0.691885621351
24.26/27.01	MAE 0.303346747657 0.122944455211
24.26/27.01	MSE 0.141009586726 0.141009586726
24.26/27.01	Mean tau 0.372708048494 0.304410357792
24.26/27.01	(0.2807017543859649, '0_class_probability_max')
24.26/27.01	(0.7192982456140351, '1_class_probability_max')
24.26/27.01	(3.6315789473684212, '1_landmark_decision_tree')
24.26/27.01	(3.8421052631578947, '1_landmark_naive_bayes')
24.26/27.01	(4.192982456140351, '0_landmark_naive_bayes')
24.26/27.01	(5.052631578947368, '0_landmark_decision_tree')
24.26/27.01	(6.421052631578948, '0_number_of_numeric_features')
24.26/27.01	(7.614035087719298, '1_number_of_numeric_features')
24.26/27.01	(8.631578947368421, '1_number_of_categorical_features')
24.26/27.01	(9.280701754385966, '0_number_of_features')
24.26/27.01	(9.771929824561404, '1_number_of_features')
24.26/27.01	(9.824561403508772, '0_number_of_categorical_features')
24.26/27.01	(10.298245614035087, '1_landmark_lda')
24.26/27.01	(11.649122807017545, '0_landmark_lda')
24.26/27.01	(14.333333333333334, '1_number_of_classes')
24.26/27.01	(14.456140350877194, '0_number_of_classes')
24.26/27.01	Result for ParamILS: SAT, 24.713653, 1, 0.303347, -1, /home/feurerm/thesis/Software/pyMetaLearn/optimizers/metalearn_optimizer/learn_distances.py
