0.77/0.90	['/home/feurerm/thesis/Software/pyMetaLearn/optimizers/metalearn_optimizer/learn_distances.py', '--input_file', '/home/feurerm/thesis/experiments/2014_04_25_predict_distances/testfold_0-3_pfahringer_spearman_rank_perm.pkl', '--fold', '0', '--folds', '1', '--params', '-max_features', '0.637093657086', '-min_samples_leaf', '8', '-min_samples_split', '3', '-n_estimators', '89', '-n_jobs', '4', '-seed', '96']
0.77/0.90	Metafeatures (57, 8)
0.77/0.90	X (3192, 16)
0.77/0.90	Y (3192,)
0.77/0.90	Dataset Mae MSE Rho
2.48/1.57	vehicle 0.356653901205 0.154437958589 0.328057657085
4.38/2.37	anneal.ORIG 0.518062489927 0.313749025404 0.357146513378
6.28/3.17	segment 0.210652077226 0.0555453766364 0.794772195833
8.22/3.91	pendigits 0.3005041031 0.115691044658 0.682295284833
10.12/4.61	mushroom 0.198761172203 0.0493967799315 0.639631628936
12.01/5.33	labor 0.302000615479 0.129821868033 0.234003688403
13.90/6.14	abalone 0.287596429785 0.105180288217 0.589534154209
15.85/6.95	diabetes 0.52140010408 0.343051950753 0.201682736966
17.80/7.68	car 0.364608329779 0.172947988919 0.256951563923
19.64/8.49	autos 0.212595506828 0.0582840217686 0.731423131017
21.52/9.21	mfeat-fourier 0.547274811796 0.391337231685 -0.433423958769
23.41/10.01	primary-tumor 0.226490118051 0.0643453040326 0.511640661246
25.32/10.83	waveform-5000 0.16632185493 0.0416502651794 0.767622596626
27.17/11.53	credit-a 0.383839262425 0.209163670179 0.363287494151
29.01/12.23	letter 0.24194971595 0.0817329808879 0.641894095537
30.89/12.93	postoperative-patient-data 0.434342542959 0.248249712384 -0.0307049038651
32.73/13.68	vowel 0.439013750709 0.238013391128 0.313190019424
34.61/14.39	eucalyptus 0.417388046775 0.229344797069 -0.0817720071354
36.46/15.09	cylinder-bands 0.338594240725 0.142658591974 0.404335102476
38.37/15.81	ionosphere 0.413608994201 0.205066956766 0.0694900455893
40.35/16.51	mfeat-karhunen 0.185525062184 0.0481488459115 0.76859222517
42.12/17.21	balance-scale 0.252924465481 0.0850497072359 0.375569455697
43.98/17.91	mfeat-morphological 0.469150067781 0.292491254324 -0.212671860455
45.89/18.61	liver-disorders 0.264004179589 0.0913250031608 0.478026871752
47.67/19.31	dermatology 0.200487049133 0.0516932455594 0.506146099502
49.53/20.01	vote 0.0818110778413 0.0101803999935 0.778288510601
51.39/20.80	breast-cancer 0.144312754585 0.0294710958651 0.344541342317
53.37/21.60	credit-g 0.659850180867 0.574148818007 -0.704596741325
55.19/22.50	soybean 0.115137943404 0.0205925212185 0.809963043009
57.07/23.30	arrhythmia 0.263760079049 0.0960136072899 0.365873170266
58.94/24.10	nursery 0.285780976765 0.10260457051 0.574989726063
60.89/24.90	hepatitis 0.257630985097 0.0929495771384 0.356823303863
62.77/25.61	cmc 0.25823904144 0.0870877172508 0.340339618631
64.74/26.32	heart-c 0.252129133988 0.0838481264852 0.781520605744
66.54/27.13	glass 0.361421606887 0.156858154878 0.355530465806
68.43/27.84	braziltourism 0.454807389922 0.2700362398 0.0921147115952
70.36/28.54	iris 0.289894571085 0.111330821269 0.327088028541
72.20/29.24	heart-statlog 0.249574659159 0.0824451861552 0.798004290977
74.08/29.94	page-blocks 0.418768717449 0.233718262662 0.142535395837
76.06/30.75	breast-w 0.223524046232 0.0676071199052 0.511963870761
77.85/31.57	heart-h 0.169211446716 0.0388952307844 0.66872048523
79.79/32.47	yeast 0.313223131983 0.121604904045 0.598907230126
81.73/33.29	tae 0.345336127384 0.145145091367 0.222368145886
83.79/34.11	haberman 0.271108528566 0.095429547541 0.0116355425173
85.59/34.93	mfeat-pixel 0.369135938583 0.16882817626 0.148999586124
87.50/35.63	optdigits 0.199034171484 0.0518548764553 0.744028302078
89.40/36.34	mfeat-factors 0.214613573867 0.0608180013196 0.729483873931
91.24/37.03	satimage 0.269108446878 0.0996343433997 0.42534372091
93.10/37.74	lymph 0.22403224294 0.0743006888889 0.413384968878
95.02/38.43	audiology 0.319955431696 0.128670090126 0.352944789691
96.85/39.22	ecoli 0.397239298576 0.20356011181 0.166129690386
98.77/39.93	tic-tac-toe 0.299004139093 0.135041877962 0.605048210899
100.66/40.62	spambase 0.212205444118 0.0567104658009 0.859737308222
102.48/41.41	zoo 0.11427591353 0.0186829863477 0.810286252523
104.39/42.11	sonar 0.509023848351 0.324806484217 -0.142535395837
106.31/42.92	mfeat-zernike 0.249399418674 0.0891155271333 0.537174212881
108.11/43.62	kr-vs-kp 0.199866822924 0.0505611856892 0.676800723089
108.11/43.67	MAE 0.302564315464 0.11815801793
108.11/43.67	MSE 0.136858404701 0.136858404701
108.11/43.67	Mean tau 0.402809780382 0.324660912455
108.11/43.67	(0.21052631578947367, '1_class_probability_max')
108.11/43.67	(0.7894736842105263, '0_class_probability_max')
108.11/43.67	(2.736842105263158, '0_landmark_decision_tree')
108.11/43.67	(3.2280701754385963, '1_landmark_naive_bayes')
108.11/43.67	(4.087719298245614, '0_landmark_naive_bayes')
108.11/43.67	(4.175438596491228, '1_landmark_decision_tree')
108.11/43.67	(6.666666666666667, '0_number_of_numeric_features')
108.11/43.67	(7.4035087719298245, '1_number_of_numeric_features')
108.11/43.67	(9.140350877192983, '0_number_of_categorical_features')
108.11/43.67	(9.56140350877193, '1_number_of_categorical_features')
108.11/43.67	(9.842105263157896, '1_landmark_lda')
108.11/43.67	(10.789473684210526, '0_number_of_features')
108.11/43.67	(10.842105263157896, '1_number_of_features')
108.11/43.67	(11.526315789473685, '0_landmark_lda')
108.11/43.67	(14.421052631578947, '0_number_of_classes')
108.11/43.67	(14.578947368421053, '1_number_of_classes')
108.11/43.67	Result for ParamILS: SAT, 42.772848, 1, 0.302564, -1, /home/feurerm/thesis/Software/pyMetaLearn/optimizers/metalearn_optimizer/learn_distances.py
