0.69/0.88	['/home/feurerm/thesis/Software/pyMetaLearn/optimizers/metalearn_optimizer/learn_distances.py', '--input_file', '/home/feurerm/thesis/experiments/2014_04_25_predict_distances/testfold_0-3_pfahringer_spearman_rank_perm.pkl', '--fold', '0', '--folds', '1', '--params', '-max_features', '0.922663726899', '-min_samples_leaf', '7', '-min_samples_split', '6', '-n_estimators', '62', '-n_jobs', '4', '-seed', '78']
0.69/0.89	Metafeatures (57, 8)
0.69/0.89	X (3192, 16)
0.69/0.89	Y (3192,)
0.69/0.89	Dataset Mae MSE Rho
2.43/1.55	vehicle 0.366962041605 0.161576811693 0.276020925271
4.23/2.22	anneal.ORIG 0.50763232633 0.31095345357 -0.00581777125864
6.11/2.90	segment 0.180381520232 0.0422961924548 0.814164766696
7.89/3.69	pendigits 0.282066376838 0.103788286236 0.683911332405
9.71/4.37	mushroom 0.192754584773 0.0461137092736 0.646742238252
11.49/5.05	labor 0.318303958416 0.140154580288 0.208793346282
13.25/5.73	abalone 0.263277348226 0.087063510509 0.666458018629
15.07/6.41	diabetes 0.519380141446 0.334854504601 0.223337774429
16.95/7.10	car 0.376434535003 0.183119684938 0.190693613478
18.64/7.78	autos 0.220404831442 0.0626793009911 0.684880960948
20.40/8.47	mfeat-fourier 0.551182908949 0.397258728667 -0.415970644993
22.24/9.16	primary-tumor 0.218210753024 0.059977208199 0.537174212881
24.08/9.85	waveform-5000 0.151086679689 0.0335530330029 0.777318882058
25.81/10.53	credit-a 0.349907874227 0.174425450848 0.485137481068
27.59/11.31	letter 0.245805209063 0.0814854656811 0.601492906241
29.41/11.99	postoperative-patient-data 0.445108842522 0.260373811709 -0.0161604757185
31.20/12.68	vowel 0.420894128444 0.219694662879 0.386235369671
32.97/13.37	eucalyptus 0.447686929165 0.267429964034 -0.135747996035
34.75/14.06	cylinder-bands 0.341147643564 0.142479032486 0.394638817045
36.58/14.75	ionosphere 0.415519151473 0.203922251094 0.0197157803765
38.42/15.44	mfeat-karhunen 0.154610066176 0.035440393698 0.788308005546
40.22/16.12	balance-scale 0.254387531059 0.0884948238752 0.385912160157
41.99/16.91	mfeat-morphological 0.454867882994 0.272486392409 -0.170008204558
43.82/17.60	liver-disorders 0.304312118968 0.121659922272 0.391406721901
45.65/18.29	dermatology 0.205772201085 0.0543936882559 0.477057243209
47.44/18.98	vote 0.0810371506075 0.0101737958501 0.773440367885
49.23/19.67	breast-cancer 0.132064364361 0.0248474417072 0.398840540731
51.04/20.35	credit-g 0.692785443053 0.637338509779 -0.704596741325
52.83/21.04	soybean 0.119762742175 0.0216854097809 0.770531482256
54.56/21.72	arrhythmia 0.260010492102 0.0943281007916 0.389467464815
56.36/22.41	nursery 0.269763320737 0.092173232174 0.612158820215
58.27/23.10	hepatitis 0.246617059721 0.0884877216137 0.441180987114
59.99/23.78	cmc 0.24525090336 0.0800921181094 0.356176884835
61.78/24.47	heart-c 0.228630330862 0.0709679491694 0.809639833494
63.56/25.16	glass 0.363865933197 0.159147229234 0.339046780573
65.40/25.85	braziltourism 0.466792998128 0.284185803269 0.108598396828
67.24/26.54	iris 0.295037787747 0.115345591871 0.286686839245
69.04/27.22	heart-statlog 0.23098741632 0.0701864855653 0.804468481265
70.88/27.91	page-blocks 0.45767301121 0.278344126095 -0.0610865982158
72.71/28.59	breast-w 0.214111577497 0.0610613174915 0.559475669373
74.50/29.37	heart-h 0.160096146887 0.0349310141909 0.692314779779
76.31/30.04	yeast 0.28323281099 0.0990564142297 0.665488390086
78.12/30.74	tae 0.368977053498 0.162384282389 0.200389898909
79.94/31.43	haberman 0.279044109617 0.101672759139 0.00743381883049
81.74/32.13	mfeat-pixel 0.371021333459 0.171314601128 0.147383538552
83.54/32.83	optdigits 0.181378633953 0.0428482503925 0.759542358767
85.35/33.61	mfeat-factors 0.196534432833 0.0535381802848 0.733362388103
87.28/34.30	satimage 0.268263219567 0.0964762387544 0.456695043803
89.11/35.00	lymph 0.234450669144 0.0812036680292 0.375569455697
90.82/35.69	audiology 0.301118669165 0.112401878031 0.445705920315
92.65/36.38	ecoli 0.395834541057 0.201331539273 0.181320537561
94.49/37.16	tic-tac-toe 0.353719434325 0.190517257623 0.252749840237
96.30/37.84	spambase 0.22594527588 0.0605802386766 0.852303489391
98.08/38.52	zoo 0.108966197999 0.016605616447 0.815457604753
99.88/39.21	sonar 0.509325393766 0.321615530137 -0.164513642814
101.74/39.90	mfeat-zernike 0.243127142706 0.0809527950996 0.493540928442
103.54/40.61	kr-vs-kp 0.181133368581 0.0428100110102 0.708475255497
103.54/40.64	MAE 0.300958886828 0.124419118743
103.54/40.64	MSE 0.13761894686 0.13761894686
103.54/40.64	Mean tau 0.393034110157 0.336692933776
103.54/40.64	(0.05263157894736842, '1_class_probability_max')
103.54/40.64	(0.9473684210526315, '0_class_probability_max')
103.54/40.64	(2.6491228070175437, '0_landmark_naive_bayes')
103.54/40.64	(2.9298245614035086, '1_landmark_naive_bayes')
103.54/40.64	(4.280701754385965, '0_landmark_decision_tree')
103.54/40.64	(6.666666666666667, '1_number_of_numeric_features')
103.54/40.64	(6.7368421052631575, '0_number_of_numeric_features')
103.54/40.64	(7.0701754385964914, '1_number_of_categorical_features')
103.54/40.64	(7.87719298245614, '1_landmark_decision_tree')
103.54/40.64	(7.894736842105263, '0_number_of_categorical_features')
103.54/40.64	(9.614035087719298, '1_number_of_features')
103.54/40.64	(9.912280701754385, '0_number_of_features')
103.54/40.64	(11.912280701754385, '0_landmark_lda')
103.54/40.64	(12.456140350877194, '1_landmark_lda')
103.54/40.64	(14.456140350877194, '0_number_of_classes')
103.54/40.64	(14.543859649122806, '1_number_of_classes')
103.54/40.64	Result for ParamILS: SAT, 39.758434, 1, 0.300959, -1, /home/feurerm/thesis/Software/pyMetaLearn/optimizers/metalearn_optimizer/learn_distances.py
