0.79/2.55	['/home/feurerm/thesis/Software/pyMetaLearn/optimizers/metalearn_optimizer/learn_distances.py', '--input_file', '/home/feurerm/thesis/experiments/2014_04_25_predict_distances/testfold_0-3_pfahringer_spearman_rank_perm.pkl', '--fold', '0', '--folds', '1', '--params', '-max_features', '0.835812090349', '-min_samples_leaf', '8', '-min_samples_split', '8', '-n_estimators', '38', '-n_jobs', '4', '-seed', '5']
0.79/2.56	Metafeatures (57, 8)
0.79/2.56	X (3192, 16)
0.79/2.56	Y (3192,)
0.79/2.56	Dataset Mae MSE Rho
1.76/3.01	vehicle 0.343399680133 0.143399078911 0.414677806935
2.82/3.59	anneal.ORIG 0.4943469338 0.301123204095 -0.132192691377
3.87/4.09	segment 0.205791348376 0.055941103881 0.797357871948
4.92/4.55	pendigits 0.273609049094 0.0977953676202 0.693607617836
5.97/5.03	mushroom 0.196924681989 0.0489693593914 0.632197810106
7.01/5.56	labor 0.317701877718 0.136039116404 0.191016822992
8.04/6.05	abalone 0.267909180613 0.0923008432219 0.617653381959
9.09/6.53	diabetes 0.531270247712 0.353239067978 0.194248918136
10.15/7.16	car 0.371684635297 0.181908713432 0.216550374627
11.17/7.62	autos 0.226120762678 0.0649305587422 0.724635731215
12.21/8.09	mfeat-fourier 0.579648625027 0.436392524167 -0.434070377798
13.30/8.70	primary-tumor 0.224419882515 0.0649415252173 0.536527793853
14.29/9.17	waveform-5000 0.172813403997 0.0456985486034 0.73530164519
15.33/10.02	credit-a 0.362205536971 0.185459436676 0.469623424378
16.39/10.50	letter 0.233147745922 0.0790955841433 0.621531896132
17.44/11.03	postoperative-patient-data 0.435205613332 0.250899535168 0.00985868322878
18.47/11.56	vowel 0.428976770074 0.235480002496 0.333229009314
19.63/12.11	eucalyptus 0.402932226238 0.218682552847 -0.0378155131812
20.62/12.71	cylinder-bands 0.33622183182 0.13603579376 0.399810169275
21.65/13.20	ionosphere 0.435615130093 0.224112719742 -0.0620562267589
22.70/13.79	mfeat-karhunen 0.198387985634 0.0564381063532 0.728837454902
23.78/14.29	balance-scale 0.263913426937 0.0956318040615 0.333229009314
24.83/14.87	mfeat-morphological 0.465943472829 0.290393089333 -0.184875842219
25.92/15.45	liver-disorders 0.312522119561 0.129980404561 0.159342290584
26.98/16.27	dermatology 0.195503805049 0.0500190381893 0.501621166301
28.08/16.86	vote 0.0848356661803 0.0107996706181 0.754371006537
29.19/17.61	breast-cancer 0.157234329591 0.0336177916784 0.316422114567
30.23/18.08	credit-g 0.72870538523 0.693370569115 -0.685204170462
31.32/18.66	soybean 0.12390368597 0.0232077052208 0.774733205943
32.32/19.16	arrhythmia 0.260033460557 0.0902949602701 0.40465831199
33.38/19.62	nursery 0.279403102886 0.0990655754638 0.586948478094
34.42/20.19	hepatitis 0.247314085033 0.091939704351 0.436009634884
35.49/20.66	cmc 0.251716742166 0.0836723174783 0.337107523487
36.54/21.15	heart-c 0.238344309805 0.0754845615058 0.756310263624
37.65/21.70	glass 0.37404017103 0.168630580081 0.271819201584
38.65/22.24	braziltourism 0.441080013797 0.254936447028 0.14576749098
39.69/22.78	iris 0.287344227741 0.11085727461 0.282485115559
40.74/23.25	heart-statlog 0.252182976596 0.0847838333285 0.737887321305
41.83/23.72	page-blocks 0.42644483304 0.242010319237 0.0150304514799
42.94/24.19	breast-w 0.227465926453 0.0695204807898 0.530063603565
43.99/24.65	heart-h 0.158456445875 0.0332322135215 0.674538256488
45.02/25.13	yeast 0.30476117512 0.116256451213 0.578545030721
46.07/25.59	tae 0.373940480728 0.168497984865 0.192956080078
47.13/26.13	haberman 0.266571169579 0.0932236889422 0.018422942319
48.24/26.60	mfeat-pixel 0.370199469659 0.173497839876 0.158049452526
49.23/27.08	optdigits 0.20396692614 0.0533923279695 0.734978435675
50.30/27.87	mfeat-factors 0.206144038218 0.0571830574148 0.700395017638
51.34/28.68	satimage 0.274149552857 0.102949487635 0.423727673338
52.40/29.14	lymph 0.23306271569 0.0811206580032 0.395285236073
53.50/29.63	audiology 0.311126328301 0.122147988272 0.363287494151
54.53/30.11	ecoli 0.407634459249 0.212558255115 0.147060329038
55.62/30.90	tic-tac-toe 0.308404473316 0.146735799218 0.3329057998
56.69/31.47	spambase 0.204125924763 0.0537698067126 0.841637575417
57.81/32.00	zoo 0.121048058088 0.0205790243193 0.787015167489
58.82/32.52	sonar 0.512462731409 0.327328340263 -0.164836852328
59.91/32.99	mfeat-zernike 0.250378747053 0.0874086623348 0.508085356588
60.94/38.79	kr-vs-kp 0.187884709484 0.0456038083131 0.69910217958
61.04/38.81	MAE 0.304396180614 0.122650982911
61.04/38.81	MSE 0.140396215154 0.140396215154
61.04/38.81	Mean tau 0.377463385169 0.329126547338
61.04/38.81	(0.45614035087719296, '1_class_probability_max')
61.04/38.81	(0.543859649122807, '0_class_probability_max')
61.04/38.81	(2.719298245614035, '0_landmark_naive_bayes')
61.04/38.81	(3.0526315789473686, '1_landmark_naive_bayes')
61.04/38.81	(6.087719298245614, '1_landmark_decision_tree')
61.04/38.81	(6.140350877192983, '1_number_of_numeric_features')
61.04/38.81	(6.473684210526316, '0_number_of_categorical_features')
61.04/38.81	(6.649122807017544, '0_number_of_numeric_features')
61.04/38.81	(7.192982456140351, '0_landmark_decision_tree')
61.04/38.81	(8.105263157894736, '1_number_of_categorical_features')
61.04/38.81	(9.368421052631579, '1_number_of_features')
61.04/38.81	(9.649122807017545, '0_number_of_features')
61.04/38.81	(12.24561403508772, '1_landmark_lda')
61.04/38.81	(12.31578947368421, '0_landmark_lda')
61.04/38.81	(14.473684210526315, '1_number_of_classes')
61.04/38.81	(14.526315789473685, '0_number_of_classes')
61.04/38.81	Result for ParamILS: SAT, 36.257000, 1, 0.304396, -1, /home/feurerm/thesis/Software/pyMetaLearn/optimizers/metalearn_optimizer/learn_distances.py
