0.75/3.69	['/home/feurerm/thesis/Software/pyMetaLearn/optimizers/metalearn_optimizer/learn_distances.py', '--input_file', '/home/feurerm/thesis/experiments/2014_04_25_predict_distances/testfold_0-3_pfahringer_spearman_rank_perm.pkl', '--fold', '0', '--folds', '1', '--params', '-max_features', '0.836091890833', '-min_samples_leaf', '9', '-min_samples_split', '2', '-n_estimators', '70', '-n_jobs', '4', '-seed', '29']
0.75/3.70	Metafeatures (57, 8)
0.75/3.70	X (3192, 16)
0.75/3.70	Y (3192,)
0.75/3.70	Dataset Mae MSE Rho
2.48/4.41	vehicle 0.365826603348 0.162300913922 0.296706334191
4.42/5.30	anneal.ORIG 0.503039704785 0.303606508382 0.0161604757185
6.15/6.21	segment 0.222896208752 0.0626367137886 0.78119739623
7.97/7.39	pendigits 0.305274991391 0.117594873386 0.63025855302
9.79/8.37	mushroom 0.202490804653 0.0510123385568 0.630904972048
11.71/9.50	labor 0.295178093423 0.118038815804 0.218166422199
13.46/10.62	abalone 0.297589685942 0.110724331468 0.585332430522
15.32/12.13	diabetes 0.527856050377 0.346463822162 0.244023183349
17.17/12.83	car 0.374064534834 0.18361337197 0.201359527452
18.99/16.48	autos 0.220976254474 0.0634818849903 0.712030560155
20.81/17.17	mfeat-fourier 0.558796778976 0.406495959136 -0.441180987114
22.63/17.88	primary-tumor 0.237001677573 0.0706354390095 0.487076738154
24.41/18.71	waveform-5000 0.165116922837 0.0401302941976 0.755663844595
26.20/19.41	credit-a 0.382793897943 0.208027321068 0.338400361544
27.98/20.10	letter 0.240712519061 0.0791307564556 0.632197810106
29.80/20.97	postoperative-patient-data 0.440664945433 0.257711186514 0.0161604757185
31.59/21.76	vowel 0.428262660365 0.224493259345 0.372660570068
33.44/22.46	eucalyptus 0.40782728921 0.221813793815 -0.0109891234885
35.22/23.35	cylinder-bands 0.320242205962 0.123732558115 0.480612547867
37.01/24.07	ionosphere 0.417326353067 0.203068297226 0.00808023785923
38.81/24.79	mfeat-karhunen 0.188007622899 0.0499546792687 0.740796206934
40.74/25.50	balance-scale 0.248196699568 0.0861031370927 0.413061759364
42.44/26.35	mfeat-morphological 0.452879616907 0.268680966038 -0.205561251139
44.26/27.16	liver-disorders 0.313437396812 0.131464912109 0.311897181366
46.08/28.03	dermatology 0.195814999388 0.0499318148827 0.512933499304
47.91/28.72	vote 0.0852836882412 0.0106451375948 0.773440367885
49.74/29.42	breast-cancer 0.131281329534 0.0250221932618 0.396254864616
51.63/30.14	credit-g 0.714499019941 0.669135817297 -0.740149787905
53.39/30.86	soybean 0.124091460026 0.0233844511355 0.789600843604
55.15/31.56	arrhythmia 0.275052343054 0.103866197868 0.345834180375
57.05/32.70	nursery 0.294770620452 0.110750591065 0.540406308025
58.83/33.43	hepatitis 0.261314581703 0.0978637600715 0.370721312981
60.58/34.27	cmc 0.246814870425 0.0785973497665 0.367166008323
62.41/34.97	heart-c 0.244702166827 0.079811564096 0.779581348658
64.25/35.69	glass 0.359205094242 0.154692299252 0.386235369671
66.15/36.50	braziltourism 0.490314841913 0.309076520389 0.09987173994
67.91/37.22	iris 0.278798345943 0.105864691199 0.335168266401
69.78/38.00	heart-statlog 0.228558075281 0.0686643023833 0.788954424575
71.55/38.75	page-blocks 0.440376675811 0.258841457861 0.0132515900891
73.40/39.75	breast-w 0.230696198083 0.0705160742322 0.630581762534
75.22/40.46	heart-h 0.160387150065 0.0358774198093 0.666134809115
77.04/41.35	yeast 0.296820863749 0.111489091903 0.578868240235
78.98/42.37	tae 0.360854260592 0.157087350641 0.197481013279
80.82/43.16	haberman 0.289416607072 0.113206353241 -0.0449261224973
82.72/44.00	mfeat-pixel 0.374702739597 0.176243459398 0.131869481863
84.49/44.96	optdigits 0.204238491366 0.0536557720129 0.739180159362
86.37/45.68	mfeat-factors 0.216336140681 0.0643822598777 0.711707350641
88.30/46.40	satimage 0.26734046739 0.0984237329965 0.461543186519
90.04/47.23	lymph 0.212139110607 0.0666219146406 0.446675548858
91.93/47.94	audiology 0.311815912249 0.120443135656 0.373953408125
93.88/48.91	ecoli 0.424702261733 0.231803394546 0.0452493320117
95.68/49.66	tic-tac-toe 0.313128990542 0.146650402235 0.517458432505
97.47/50.37	spambase 0.219619010713 0.058032238374 0.80931662398
99.33/51.10	zoo 0.122865369986 0.0215395043806 0.795418614862
101.19/51.81	sonar 0.506687686472 0.32133514496 -0.164513642814
103.01/52.50	mfeat-zernike 0.256654549002 0.0906812555282 0.480289338352
104.92/53.20	kr-vs-kp 0.196007458274 0.0489620438329 0.695546874922
104.92/53.24	MAE 0.306171068413 0.122247695373
104.92/53.24	MSE 0.140772190004 0.140772190004
104.92/53.24	Mean tau 0.386774052195 0.330474237452
104.92/53.24	(0.15789473684210525, '1_class_probability_max')
104.92/53.24	(0.8421052631578947, '0_class_probability_max')
104.92/53.24	(2.6491228070175437, '1_landmark_naive_bayes')
104.92/53.24	(2.824561403508772, '0_landmark_naive_bayes')
104.92/53.24	(5.315789473684211, '0_landmark_decision_tree')
104.92/53.24	(6.684210526315789, '1_landmark_decision_tree')
104.92/53.24	(6.701754385964913, '0_number_of_numeric_features')
104.92/53.24	(6.947368421052632, '1_number_of_categorical_features')
104.92/53.24	(7.017543859649122, '1_number_of_numeric_features')
104.92/53.24	(7.894736842105263, '0_number_of_categorical_features')
104.92/53.24	(9.789473684210526, '1_number_of_features')
104.92/53.24	(10.087719298245615, '0_number_of_features')
104.92/53.24	(11.368421052631579, '1_landmark_lda')
104.92/53.24	(12.719298245614034, '0_landmark_lda')
104.92/53.24	(14.473684210526315, '1_number_of_classes')
104.92/53.24	(14.526315789473685, '0_number_of_classes')
104.92/53.24	Result for ParamILS: SAT, 49.547958, 1, 0.306171, -1, /home/feurerm/thesis/Software/pyMetaLearn/optimizers/metalearn_optimizer/learn_distances.py
