0.76/6.87	['/home/feurerm/thesis/Software/pyMetaLearn/optimizers/metalearn_optimizer/learn_distances.py', '--input_file', '/home/feurerm/thesis/experiments/2014_04_25_predict_distances/testfold_0-3_pfahringer_spearman_rank_perm.pkl', '--fold', '0', '--folds', '1', '--params', '-max_features', '0.236307137711', '-min_samples_leaf', '4', '-min_samples_split', '5', '-n_estimators', '70', '-n_jobs', '4', '-seed', '65']
0.76/6.88	Metafeatures (57, 8)
0.76/6.88	X (3192, 16)
0.76/6.88	Y (3192,)
0.76/6.88	Dataset Mae MSE Rho
1.41/7.24	vehicle 0.341043895108 0.143075463492 0.413708178392
2.16/7.83	anneal.ORIG 0.263074428741 0.0921839518649 0.584686011494
2.99/8.62	segment 0.231934521932 0.0689172599881 0.771824320313
3.78/9.11	pendigits 0.315150565338 0.124166399993 0.656115314169
4.52/9.68	mushroom 0.190756661698 0.0456869142657 0.649974333396
5.29/10.07	labor 0.324147311517 0.143392367583 0.313190019424
6.07/10.73	abalone 0.28930783288 0.108426240368 0.577252192663
6.84/11.31	diabetes 0.485436157041 0.324905231796 -0.0126051710604
7.60/11.82	car 0.334351766331 0.156168770929 0.504206842416
8.34/12.20	autos 0.233695796527 0.0696154955546 0.668074066201
9.12/17.57	mfeat-fourier 0.567856811441 0.417380490275 -0.4431202442
9.86/18.06	primary-tumor 0.230032798301 0.0658996685601 0.54299198414
10.62/18.45	waveform-5000 0.224763236812 0.0690243926613 0.667427647172
11.39/18.86	credit-a 0.363638363885 0.182435160073 0.456695043803
12.17/19.53	letter 0.232588499906 0.0770073453872 0.66064024737
12.97/20.13	postoperative-patient-data 0.421557342155 0.215443030063 -0.227216288601
13.89/20.94	vowel 0.45137161487 0.255465473296 0.241114297719
14.61/21.46	eucalyptus 0.384108315011 0.192733327082 0.0736917692761
15.38/22.15	cylinder-bands 0.34858242041 0.157060619578 0.332582590286
16.17/23.31	ionosphere 0.412512157945 0.205071906172 0.104396673141
16.97/24.10	mfeat-karhunen 0.171758891626 0.0412816289705 0.818366490382
17.75/24.62	balance-scale 0.236550672839 0.0797957730624 0.466391329235
18.54/25.11	mfeat-morphological 0.487731384017 0.315258225404 -0.255012306837
19.31/25.51	liver-disorders 0.313519882844 0.127964907111 0.495156976013
20.08/26.10	dermatology 0.193966237593 0.0501895737142 0.526831508422
20.86/26.84	vote 0.0683402155267 0.00750494535217 0.834850175615
21.67/27.35	breast-cancer 0.275782250873 0.0969092592989 -0.00775702834486
22.42/28.14	credit-g 0.534439514374 0.377328453393 -0.615390915359
23.22/28.64	soybean 0.124542496232 0.0248888723431 0.746937187707
23.97/29.15	arrhythmia 0.288621647685 0.116350251812 0.145121071952
24.82/29.62	nursery 0.301001338182 0.111089194427 0.530063603565
25.52/30.35	hepatitis 0.398995322496 0.224623101562 -0.636076324278
26.33/31.13	cmc 0.336363080991 0.133986252188 0.221721726857
27.13/36.55	heart-c 0.267386437079 0.0946594023186 0.791863310204
27.96/37.15	glass 0.355750576882 0.152943935371 0.363287494151
28.77/37.65	braziltourism 0.517713816565 0.339688653576 -0.0572080840433
29.52/38.03	iris 0.31041689446 0.124060046586 0.27149599207
30.33/38.43	heart-statlog 0.278034471703 0.104130278683 0.790247262632
31.04/38.96	page-blocks 0.295462032524 0.119558619182 0.403688683447
31.83/39.46	breast-w 0.226802074133 0.0719332995514 0.467037748263
32.59/39.88	heart-h 0.19837845907 0.050033510082 0.653852847569
33.46/40.30	yeast 0.306621978369 0.118510214519 0.588564525666
34.11/40.74	tae 0.307811202977 0.121055550914 0.113446539544
34.92/41.69	haberman 0.273462513148 0.107001549035 0.308341876708
35.70/42.31	mfeat-pixel 0.320440018844 0.126368614105 0.267940687412
36.64/43.10	optdigits 0.190024259731 0.0467525241996 0.76342087294
37.33/43.75	mfeat-factors 0.200388718396 0.056009533145 0.755663844595
38.08/44.23	satimage 0.28559870913 0.10797457175 0.372983779582
38.87/44.63	lymph 0.188814289903 0.0508752931967 0.643833352623
39.61/45.49	audiology 0.338105756889 0.151995476445 0.308665086222
40.39/45.90	ecoli 0.403709191404 0.208736251305 0.132192691377
41.15/46.57	tic-tac-toe 0.296255748649 0.129217406911 0.563030974031
41.92/46.97	spambase 0.21431345159 0.0606925159247 0.822245004555
42.68/47.38	zoo 0.131047459595 0.0223607336843 0.748553235279
43.44/47.80	sonar 0.485609583075 0.29445314528 -0.0636722743307
44.21/48.44	mfeat-zernike 0.25270512904 0.0885302091323 0.55042580297
44.95/48.83	kr-vs-kp 0.188803271376 0.0455425634606 0.694577246379
44.95/48.87	MAE 0.301950517152 0.105148541459
44.95/48.87	MSE 0.133584453438 0.133584453438
44.95/48.87	Mean tau 0.387040558286 0.355316934545
44.95/48.87	(0.03508771929824561, '1_landmark_decision_tree')
44.95/48.87	(1.6491228070175439, '0_class_probability_max')
44.95/48.87	(3.210526315789474, '0_landmark_decision_tree')
44.95/48.87	(3.543859649122807, '1_class_probability_max')
44.95/48.87	(3.824561403508772, '0_landmark_naive_bayes')
44.95/48.87	(5.245614035087719, '1_landmark_lda')
44.95/48.87	(5.368421052631579, '0_landmark_lda')
44.95/48.87	(6.666666666666667, '1_landmark_naive_bayes')
44.95/48.87	(6.754385964912281, '0_number_of_features')
44.95/48.87	(9.666666666666666, '1_number_of_categorical_features')
44.95/48.87	(9.736842105263158, '1_number_of_features')
44.95/48.87	(11.771929824561404, '1_number_of_numeric_features')
44.95/48.87	(12.543859649122806, '1_number_of_classes')
44.95/48.87	(12.736842105263158, '0_number_of_numeric_features')
44.95/48.87	(13.596491228070175, '0_number_of_categorical_features')
44.95/48.87	(13.649122807017545, '0_number_of_classes')
44.95/48.87	Result for ParamILS: SAT, 42.000747, 1, 0.301951, -1, /home/feurerm/thesis/Software/pyMetaLearn/optimizers/metalearn_optimizer/learn_distances.py
