0.72/0.97	['/home/feurerm/thesis/Software/pyMetaLearn/optimizers/metalearn_optimizer/learn_distances.py', '--input_file', '/home/feurerm/thesis/experiments/2014_04_25_predict_distances/testfold_0-3_pfahringer_spearman_rank_perm.pkl', '--fold', '0', '--folds', '1', '--params', '-max_features', '0.473363673257', '-min_samples_leaf', '5', '-min_samples_split', '4', '-n_estimators', '94', '-n_jobs', '4', '-seed', '79']
0.72/0.98	Metafeatures (57, 8)
0.72/0.98	X (3192, 16)
0.72/0.98	Y (3192,)
0.72/0.98	Dataset Mae MSE Rho
2.18/1.74	vehicle 0.344462631916 0.147905912407 0.417909902079
3.81/2.56	anneal.ORIG 0.332167299064 0.141493377604 0.542022355597
5.52/3.27	segment 0.20080910376 0.0516549465211 0.817073652325
7.04/4.08	pendigits 0.280934098471 0.100875221745 0.699425389095
8.79/4.90	mushroom 0.181969198574 0.0413232283527 0.675831094546
10.43/5.70	labor 0.315613453484 0.140425757697 0.238851831119
11.93/6.42	abalone 0.254700072331 0.083800753933 0.645772609709
13.62/7.23	diabetes 0.503805993714 0.325595276611 0.181643747075
15.23/8.04	car 0.341500435454 0.155989389011 0.425020511395
16.95/9.31	autos 0.2190196413 0.0620171591757 0.688436265606
18.46/10.11	mfeat-fourier 0.56636441841 0.418132030052 -0.459927138947
20.12/10.91	primary-tumor 0.218758434652 0.0589688436173 0.549779383942
21.65/11.71	waveform-5000 0.192007520821 0.0513706580165 0.753724587509
23.25/12.50	credit-a 0.37614592313 0.19836520609 0.389467464815
24.99/13.30	letter 0.239160696632 0.0791702214129 0.663225923485
26.50/14.11	postoperative-patient-data 0.413769180825 0.216408697998 0.0866201498509
28.13/14.90	vowel 0.436823006185 0.236923804792 0.306402619622
29.74/15.72	eucalyptus 0.39420945373 0.204293671648 0.0042017236868
31.50/16.54	cylinder-bands 0.318022036257 0.124727883349 0.506469309016
33.08/17.37	ionosphere 0.404877602775 0.199298814497 0.120880358374
34.71/18.19	mfeat-karhunen 0.156882224302 0.03537395058 0.819336118926
36.35/18.90	balance-scale 0.253156243363 0.0839037492672 0.360378608521
38.03/19.73	mfeat-morphological 0.478731877987 0.301641805812 -0.214611117541
39.54/20.45	liver-disorders 0.275607518458 0.100919329662 0.563354183545
41.14/21.25	dermatology 0.2033337527 0.0536469727436 0.50453005193
42.88/22.07	vote 0.0714428384064 0.00811346958795 0.79671145292
44.56/22.90	breast-cancer 0.159392792677 0.0328032220378 0.350035904062
46.08/23.71	credit-g 0.554567169749 0.41697832552 -0.551395431514
47.68/24.43	soybean 0.119204849118 0.0220653918924 0.745967559164
49.37/25.24	arrhythmia 0.267992710031 0.0971401770026 0.232387640831
50.94/26.09	nursery 0.278093701291 0.0984853426266 0.588241316152
52.58/26.89	hepatitis 0.325298908462 0.148429699365 -0.324179142912
54.18/27.70	cmc 0.293466372693 0.107813446069 0.27149599207
55.95/28.51	heart-c 0.25010547797 0.0825853004721 0.799943548063
57.47/29.32	glass 0.344049514351 0.143082690603 0.438595310999
59.10/30.14	braziltourism 0.439802890324 0.250015216172 0.060440179187
60.82/30.87	iris 0.302448952279 0.117510926701 0.301231267392
62.38/31.68	heart-statlog 0.246563110984 0.0796507223847 0.804468481265
64.13/32.50	page-blocks 0.337802392196 0.152851446181 0.322886304855
65.64/33.32	breast-w 0.208384368421 0.0601565999691 0.544608031712
67.34/34.13	heart-h 0.163736297078 0.0350986757168 0.700395017638
68.86/34.84	yeast 0.291114456295 0.105851291237 0.648681495339
70.49/35.64	tae 0.341410785756 0.143650527358 0.178411651932
72.10/36.45	haberman 0.247932025956 0.0780730606621 0.155786985926
73.69/37.26	mfeat-pixel 0.345115202923 0.145055527897 0.229801964716
75.39/38.06	optdigits 0.178180681926 0.0412955225128 0.767622596626
77.05/38.86	mfeat-factors 0.189096249408 0.0497822031671 0.76342087294
78.76/39.66	satimage 0.257034295277 0.0897442963877 0.490955252327
80.28/40.47	lymph 0.194290511905 0.055139338394 0.568525535775
81.96/41.28	audiology 0.32081343194 0.13864415967 0.412092130821
83.60/42.00	ecoli 0.406763385046 0.211979666659 0.139303300693
85.18/42.72	tic-tac-toe 0.315427224425 0.146729546747 0.553981107629
86.84/43.56	spambase 0.208121703814 0.0540051736023 0.897876030917
88.47/44.37	zoo 0.103083572963 0.0142606231276 0.810609462038
90.17/45.20	sonar 0.506590234388 0.323815466666 -0.183583004162
91.70/46.01	mfeat-zernike 0.249848551337 0.0879324346308 0.571434421404
93.31/46.83	kr-vs-kp 0.174677357405 0.0391395661819 0.70427353181
93.31/46.88	MAE 0.291134804124 0.109521872297
93.31/46.88	MSE 0.12617729333 0.12617729333
93.31/46.88	Mean tau 0.422400813226 0.331984882848
93.31/46.88	(0.3157894736842105, '0_class_probability_max')
93.31/46.88	(0.6842105263157895, '1_class_probability_max')
93.31/46.88	(2.456140350877193, '0_landmark_decision_tree')
93.31/46.88	(2.5789473684210527, '1_landmark_decision_tree')
93.31/46.88	(4.2105263157894735, '1_landmark_naive_bayes')
93.31/46.88	(4.807017543859649, '0_landmark_naive_bayes')
93.31/46.88	(6.298245614035087, '1_landmark_lda')
93.31/46.88	(8.12280701754386, '0_landmark_lda')
93.31/46.88	(8.824561403508772, '1_number_of_numeric_features')
93.31/46.88	(8.842105263157896, '0_number_of_numeric_features')
93.31/46.88	(10.0, '1_number_of_categorical_features')
93.31/46.88	(10.105263157894736, '0_number_of_categorical_features')
93.31/46.88	(11.491228070175438, '1_number_of_features')
93.31/46.88	(12.263157894736842, '0_number_of_features')
93.31/46.88	(14.368421052631579, '0_number_of_classes')
93.31/46.88	(14.631578947368421, '1_number_of_classes')
93.31/46.88	Result for ParamILS: SAT, 45.906169, 1, 0.291135, -1, /home/feurerm/thesis/Software/pyMetaLearn/optimizers/metalearn_optimizer/learn_distances.py
