0.70/0.88	['/home/feurerm/thesis/Software/pyMetaLearn/optimizers/metalearn_optimizer/learn_distances.py', '--input_file', '/home/feurerm/thesis/experiments/2014_04_25_predict_distances/testfold_0-3_pfahringer_spearman_rank_perm.pkl', '--fold', '0', '--folds', '1', '--params', '-max_features', '0.8924491619', '-min_samples_leaf', '7', '-min_samples_split', '7', '-n_estimators', '40', '-n_jobs', '4', '-seed', '90']
0.70/0.89	Metafeatures (57, 8)
0.70/0.89	X (3192, 16)
0.70/0.89	Y (3192,)
0.70/0.89	Dataset Mae MSE Rho
1.87/1.44	vehicle 0.355291190683 0.151641559095 0.320623838254
3.10/1.90	anneal.ORIG 0.583997064907 0.3980327492 -0.111830491972
4.24/2.36	segment 0.202996418577 0.0526736380567 0.802852433693
5.41/2.82	pendigits 0.275104772698 0.0987648391487 0.693284408322
6.60/3.29	mushroom 0.191916081003 0.0470675256739 0.628319295933
7.76/3.76	labor 0.319945182394 0.139947977844 0.209116555797
8.93/4.22	abalone 0.274012210853 0.0962011485326 0.603432163327
10.14/4.68	diabetes 0.534247820664 0.348694081064 0.248224907035
11.31/5.15	car 0.373603175914 0.188974115515 0.228509126659
12.50/5.72	autos 0.254639685152 0.0828969651692 0.584039592465
13.68/6.18	mfeat-fourier 0.578238067735 0.435407555368 -0.468653795835
14.90/6.75	primary-tumor 0.222450709283 0.0624582669305 0.523276203763
16.06/7.22	waveform-5000 0.162151288931 0.0396653623087 0.752431749451
17.23/7.69	credit-a 0.354696441313 0.178520120543 0.463159234091
18.39/8.15	letter 0.24607129569 0.0806086225351 0.570141583347
19.59/8.72	postoperative-patient-data 0.430142191752 0.2439381204 0.0924379211095
20.74/9.18	vowel 0.441989836184 0.245858267045 0.307049038651
21.94/9.75	eucalyptus 0.470393993295 0.298589939907 -0.191663242021
23.10/10.21	cylinder-bands 0.335092113768 0.13394211804 0.431484701683
24.32/10.78	ionosphere 0.439806979221 0.226479848802 -0.0646419028738
25.49/11.24	mfeat-karhunen 0.162878115357 0.0382784149213 0.778934929629
26.66/11.71	balance-scale 0.245317908004 0.0812523000607 0.419202740137
27.85/12.17	mfeat-morphological 0.458250037633 0.279974489771 -0.137040834092
29.04/12.74	liver-disorders 0.288157622985 0.110968536936 0.415647435479
30.25/13.21	dermatology 0.204884606663 0.0537221406052 0.468330586321
31.39/13.68	vote 0.0805666951998 0.0103076426657 0.767945806141
32.63/14.14	breast-cancer 0.131597575983 0.0249389844116 0.391083512387
33.81/14.61	credit-g 0.700537800425 0.648371667904 -0.690698732207
34.99/15.07	soybean 0.129075118943 0.0258875479363 0.73239275956
36.14/15.53	arrhythmia 0.24121831464 0.0817207883276 0.423727673338
37.33/16.10	nursery 0.268479107606 0.092333033102 0.608280306043
38.52/16.56	hepatitis 0.249702714183 0.0912336763834 0.467360957778
39.68/17.02	cmc 0.251250438717 0.0847257768231 0.329027285628
40.87/17.49	heart-c 0.225396831524 0.0692829480363 0.801559595635
42.05/17.95	glass 0.347830247752 0.145740320393 0.409506454706
43.23/18.42	braziltourism 0.48139753365 0.297127672575 0.0633490648163
44.43/18.99	iris 0.288723831246 0.109074208345 0.338400361544
45.61/19.45	heart-statlog 0.222229095412 0.0653313176643 0.783136653316
46.78/19.91	page-blocks 0.472900475614 0.297425909729 -0.110860863429
48.01/20.37	breast-w 0.228234324282 0.0707022565177 0.549132964913
49.22/20.84	heart-h 0.155440223236 0.0334454900578 0.716232283842
50.39/21.41	yeast 0.267430332648 0.0892551538919 0.661286666399
51.57/21.88	tae 0.361355741032 0.158061988607 0.192956080078
52.77/22.35	haberman 0.291975504024 0.11311533544 -0.0429868654111
53.95/22.81	mfeat-pixel 0.375531501684 0.176156834498 0.142212186322
55.15/23.39	optdigits 0.187370684787 0.0452360857864 0.745644349649
56.34/23.86	mfeat-factors 0.211524817011 0.0603981121363 0.710091303069
57.53/24.43	satimage 0.263066512335 0.0969151200737 0.438272101484
58.71/24.89	lymph 0.238737324657 0.089756916689 0.363610703665
59.88/25.36	audiology 0.297811099383 0.112999490483 0.446352339344
61.10/25.83	ecoli 0.417260671303 0.227127173585 0.104396673141
62.29/26.29	tic-tac-toe 0.29452624704 0.133306858913 0.543961612683
63.47/26.76	spambase 0.233649915997 0.0636242293654 0.843576832503
64.63/27.22	zoo 0.118703690585 0.0196256175286 0.799620338549
65.86/27.69	sonar 0.539959064132 0.362767518277 -0.257274773438
67.06/28.27	mfeat-zernike 0.239323038175 0.0776350074171 0.495803395042
68.26/28.74	kr-vs-kp 0.177669413765 0.0411273566445 0.716232283842
68.26/28.76	MAE 0.30520615259 0.129808125666
68.26/28.76	MSE 0.142619591994 0.142619591994
68.26/28.76	Mean tau 0.386842096303 0.341695219361
68.26/28.76	(0.47368421052631576, '1_class_probability_max')
68.26/28.76	(0.5263157894736842, '0_class_probability_max')
68.26/28.76	(2.736842105263158, '1_landmark_naive_bayes')
68.26/28.76	(2.9473684210526314, '0_landmark_naive_bayes')
68.26/28.76	(5.719298245614035, '0_number_of_numeric_features')
68.26/28.76	(6.2631578947368425, '1_landmark_decision_tree')
68.26/28.76	(6.578947368421052, '0_landmark_decision_tree')
68.26/28.76	(6.614035087719298, '1_number_of_numeric_features')
68.26/28.76	(7.473684210526316, '1_number_of_categorical_features')
68.26/28.76	(8.736842105263158, '0_number_of_categorical_features')
68.26/28.76	(8.842105263157896, '0_number_of_features')
68.26/28.76	(9.614035087719298, '1_number_of_features')
68.26/28.76	(12.070175438596491, '1_landmark_lda')
68.26/28.76	(12.403508771929825, '0_landmark_lda')
68.26/28.76	(14.421052631578947, '0_number_of_classes')
68.26/28.76	(14.578947368421053, '1_number_of_classes')
68.26/28.76	Result for ParamILS: SAT, 27.875671, 1, 0.305206, -1, /home/feurerm/thesis/Software/pyMetaLearn/optimizers/metalearn_optimizer/learn_distances.py
