0.77/2.22	['/home/feurerm/thesis/Software/pyMetaLearn/optimizers/metalearn_optimizer/learn_distances.py', '--input_file', '/home/feurerm/thesis/experiments/2014_04_25_predict_distances/testfold_0-3_pfahringer_spearman_rank_perm.pkl', '--fold', '0', '--folds', '1', '--params', '-max_features', '0.998551940107', '-min_samples_leaf', '2', '-min_samples_split', '7', '-n_estimators', '6', '-n_jobs', '4', '-seed', '45']
0.77/2.23	Metafeatures (57, 8)
0.77/2.23	X (3192, 16)
0.77/2.23	Y (3192,)
0.77/2.23	Dataset Mae MSE Rho
1.02/2.61	vehicle 0.331463382139 0.14310689872 0.379185766834
1.29/2.86	anneal.ORIG 0.526689415408 0.349498399051 -0.0483470525059
1.56/3.10	segment 0.12666121369 0.027088146152 0.83983343754
1.82/3.76	pendigits 0.227655521815 0.0725748036469 0.712030560155
2.11/4.16	mushroom 0.176271317414 0.0441092409649 0.633269324149
2.38/4.68	labor 0.335103698439 0.153634223174 0.193518740904
2.65/4.98	abalone 0.192357087676 0.0519124605256 0.706440122811
2.92/5.25	diabetes 0.513216537856 0.34159800262 0.114434579249
3.23/5.49	car 0.411328739167 0.222425451493 0.122212524679
3.51/5.80	autos 0.164762958569 0.0399309201728 0.694689013577
3.78/6.23	mfeat-fourier 0.639152196436 0.53203703315 -0.496206438269
4.05/6.68	primary-tumor 0.240327957311 0.0807957561537 0.447645177401
4.34/6.94	waveform-5000 0.148509113726 0.0368969280482 0.690915914804
4.60/7.21	credit-a 0.361280715252 0.184078378242 0.419525949651
4.87/7.46	letter 0.22900372713 0.0748404865998 0.401426216846
5.16/7.71	postoperative-patient-data 0.504918267933 0.337802336114 -0.0944531846333
5.42/8.03	vowel 0.366882117432 0.180984005203 0.438216256656
5.72/8.35	eucalyptus 0.41263575717 0.264695527557 0.0740865254276
6.01/8.60	cylinder-bands 0.318243141084 0.121461807699 0.416165726461
6.26/8.85	ionosphere 0.401882295145 0.192384483787 0.0947308723038
6.54/9.49	mfeat-karhunen 0.131522675523 0.0294012279635 0.780676578775
6.81/9.76	balance-scale 0.240778744937 0.0865509752174 0.450949825007
7.09/10.02	mfeat-morphological 0.471678405045 0.310112291474 -0.00242465652889
7.38/10.30	liver-disorders 0.261233461795 0.0938533405969 0.515278868144
7.64/10.54	dermatology 0.239211504955 0.07586189221 0.420367788165
7.92/10.81	vote 0.0877892922852 0.0132862084915 0.741765835477
8.20/11.06	breast-cancer 0.212576792215 0.0706365160132 0.319724149329
8.47/11.31	credit-g 0.77354417589 0.819603306984 -0.594250318411
8.75/11.65	soybean 0.124556955451 0.0237509000287 0.726148586015
9.04/11.92	arrhythmia 0.277673141242 0.105336389191 0.436473302424
9.30/12.16	nursery 0.228819794918 0.0711487783876 0.683264913376
9.58/12.51	hepatitis 0.269230812517 0.0980411553227 0.581870741944
9.85/12.77	cmc 0.326735802025 0.143988844425 0.212059559286
10.12/13.03	heart-c 0.215957847814 0.0690755824185 0.766976177598
10.40/13.60	glass 0.36588694919 0.191250962195 0.155961136324
10.69/13.86	braziltourism 0.588425731604 0.442728006945 -0.114605431932
10.97/14.15	iris 0.286713249997 0.112797550348 0.295137770775
11.24/14.39	heart-statlog 0.194206352203 0.059493037356 0.697816149016
11.54/14.65	page-blocks 0.507548368144 0.360778110407 -0.273383618102
11.80/14.98	breast-w 0.259035726804 0.0996565461583 0.48747837714
12.08/15.36	heart-h 0.160874186049 0.0413022915465 0.60653623359
12.35/15.60	yeast 0.266663374597 0.0988377376758 0.537379044847
12.61/19.05	tae 0.381203365094 0.187180306869 0.184582329806
12.90/20.33	haberman 0.320401353897 0.144142133356 0.00646627114702
13.17/20.58	mfeat-pixel 0.379997812823 0.187991384069 0.171301042616
13.44/20.82	optdigits 0.158757876135 0.0355239821003 0.755785441481
13.72/21.07	mfeat-factors 0.185878586977 0.0558922151632 0.679279436239
13.99/21.31	satimage 0.307721988495 0.137260479075 0.231131989161
14.26/21.56	lymph 0.250492415557 0.102718744493 0.352621580177
14.56/21.80	audiology 0.336140522349 0.150085540435 0.291813974379
14.82/22.31	ecoli 0.365733141736 0.19619746293 0.192486749598
15.09/22.58	tic-tac-toe 0.293122313163 0.13096911028 0.498267547448
15.36/22.84	spambase 0.265680681979 0.085329160615 0.726588739825
15.64/23.21	zoo 0.112661194836 0.0193189458153 0.743603303862
15.91/23.45	sonar 0.551431803305 0.392083349656 -0.235334388964
16.21/24.00	mfeat-zernike 0.22761535964 0.0737229596314 0.482907668404
16.46/24.33	kr-vs-kp 0.145265292769 0.0324244519895 0.723019683644
16.46/24.33	MAE 0.305282670434 0.141820922763
16.46/24.33	MSE 0.154389248542 0.154389248542
16.46/24.33	Mean tau 0.367983200265 0.33171556503
16.46/24.33	(0.17543859649122806, '1_class_probability_max')
16.46/24.33	(0.8245614035087719, '0_class_probability_max')
16.46/24.33	(3.824561403508772, '0_landmark_naive_bayes')
16.46/24.33	(4.035087719298246, '1_landmark_naive_bayes')
16.46/24.33	(5.7894736842105265, '1_number_of_numeric_features')
16.46/24.33	(6.385964912280702, '1_number_of_categorical_features')
16.46/24.33	(6.842105263157895, '0_number_of_numeric_features')
16.46/24.33	(7.543859649122807, '0_number_of_categorical_features')
16.46/24.33	(7.701754385964913, '0_landmark_decision_tree')
16.46/24.33	(8.578947368421053, '0_number_of_features')
16.46/24.33	(8.596491228070175, '1_number_of_features')
16.46/24.33	(9.947368421052632, '1_landmark_decision_tree')
16.46/24.33	(10.491228070175438, '0_landmark_lda')
16.46/24.33	(10.982456140350877, '1_landmark_lda')
16.46/24.33	(14.087719298245615, '1_number_of_classes')
16.46/24.33	(14.192982456140351, '0_number_of_classes')
16.46/24.33	Result for ParamILS: SAT, 22.112686, 1, 0.305283, -1, /home/feurerm/thesis/Software/pyMetaLearn/optimizers/metalearn_optimizer/learn_distances.py
