0.68/0.87	['/home/feurerm/thesis/Software/pyMetaLearn/optimizers/metalearn_optimizer/learn_distances.py', '--input_file', '/home/feurerm/thesis/experiments/2014_04_25_predict_distances/testfold_0-3_pfahringer_spearman_rank_perm.pkl', '--fold', '0', '--folds', '1', '--params', '-max_features', '0.786331256762', '-min_samples_leaf', '4', '-min_samples_split', '7', '-n_estimators', '59', '-n_jobs', '4', '-seed', '100']
0.68/0.87	Metafeatures (57, 8)
0.68/0.87	X (3192, 16)
0.68/0.87	Y (3192,)
0.68/0.87	Dataset Mae MSE Rho
2.21/1.41	vehicle 0.332912732817 0.132669694863 0.397547702674
3.85/2.10	anneal.ORIG 0.433097613379 0.238272336402 0.152231681268
5.49/2.78	segment 0.164519325639 0.0356968206394 0.83517338513
7.12/3.35	pendigits 0.25101568603 0.0849721172201 0.723019683644
8.76/4.04	mushroom 0.17607899293 0.0393484669729 0.663225923485
10.39/4.72	labor 0.319724910247 0.144000869064 0.203621994053
12.02/5.29	abalone 0.208294654354 0.0560628846582 0.754047797023
13.67/5.97	diabetes 0.516925400229 0.327556639563 0.281515487015
15.32/6.55	car 0.38211716329 0.202914625316 0.21752000317
16.94/7.24	autos 0.212165737997 0.0583416905279 0.683264913376
18.57/7.82	mfeat-fourier 0.570322272946 0.424381376589 -0.423404463823
20.22/8.52	primary-tumor 0.206063755134 0.0545543307292 0.568525535775
21.82/9.09	waveform-5000 0.139311741658 0.0303448250408 0.784752700888
23.43/9.67	credit-a 0.352171890451 0.174079771186 0.457987881861
25.07/10.35	letter 0.232542568167 0.0733926851003 0.640278047965
26.70/11.04	postoperative-patient-data 0.454395086772 0.273199528166 0.00904986640233
28.33/11.72	vowel 0.395972916291 0.196674747466 0.436009634884
29.98/12.41	eucalyptus 0.433521693021 0.246456273597 -0.108921606342
31.61/13.09	cylinder-bands 0.32602975379 0.133245841862 0.436009634884
33.26/13.78	ionosphere 0.415647472876 0.20450945937 0.0678739980175
34.94/14.48	mfeat-karhunen 0.141965001286 0.0304262903624 0.813841557181
36.57/15.16	balance-scale 0.229587636292 0.0707050795316 0.514549546876
38.19/15.74	mfeat-morphological 0.473921841559 0.30174221543 -0.165806480871
39.83/16.33	liver-disorders 0.279357612622 0.101455145338 0.573373678491
41.50/17.03	dermatology 0.209805795571 0.0563017035051 0.483521433496
43.15/17.72	vote 0.0720951570626 0.00929763979087 0.780550977201
44.80/18.40	breast-cancer 0.128608212893 0.0240207197317 0.436009634884
46.57/19.10	credit-g 0.681155699265 0.61645910655 -0.675507885031
48.16/19.78	soybean 0.117025195013 0.021050671947 0.706859207925
49.77/20.46	arrhythmia 0.260204133301 0.0930032544866 0.366842798809
51.44/21.17	nursery 0.245361889926 0.0777666311933 0.649327914367
53.10/21.86	hepatitis 0.225643543467 0.0703881817009 0.521983365706
54.73/22.44	cmc 0.272114980548 0.0998837991642 0.289595724875
56.36/23.12	heart-c 0.203180223119 0.0589657459845 0.859737308222
58.09/23.80	glass 0.371423840746 0.167663244362 0.25371946878
59.65/24.48	braziltourism 0.458612089108 0.273767823451 0.0452493320117
61.27/25.17	iris 0.281786817479 0.105718301366 0.351328742119
62.92/25.86	heart-statlog 0.208160891765 0.0601572955129 0.798327500492
64.59/26.55	page-blocks 0.444258096709 0.266781673166 -0.0119587520317
66.27/27.23	breast-w 0.221659256196 0.0641124826771 0.650620752425
67.92/27.91	heart-h 0.142854355935 0.0296206916394 0.706859207925
69.66/28.71	yeast 0.249287241473 0.0759498048088 0.75307816848
71.29/29.51	tae 0.378689811792 0.170807282484 0.212995069969
73.00/30.21	haberman 0.282148842095 0.102855635099 0.0413708178392
74.70/30.90	mfeat-pixel 0.37259653096 0.168952584266 0.186168680277
76.37/31.60	optdigits 0.145279141462 0.028675367789 0.806084528836
77.93/32.18	mfeat-factors 0.182856086283 0.0475609784014 0.751785330422
79.56/32.87	satimage 0.267635901696 0.100576374705 0.413708178392
81.22/33.57	lymph 0.233461166862 0.0842756000413 0.396254864616
82.87/34.27	audiology 0.306941674519 0.120631070048 0.394638817045
84.59/34.96	ecoli 0.400200118607 0.209648338471 0.180674118532
86.24/35.66	tic-tac-toe 0.30724460682 0.144723108543 0.417909902079
87.92/36.36	spambase 0.225893404966 0.0604044356972 0.852303489391
89.54/36.95	zoo 0.0984305205385 0.0129524601278 0.839051899302
91.22/37.64	sonar 0.497938941307 0.308299640334 -0.0959932257676
92.85/38.22	mfeat-zernike 0.226100764826 0.0723239281957 0.56593985966
94.58/38.80	kr-vs-kp 0.154829059993 0.0309378269502 0.760835196825
94.58/38.83	MAE 0.289844692142 0.126938771304
94.58/38.83	MSE 0.131044510828 0.131044510828
94.58/38.83	Mean tau 0.424651939142 0.336887422445
94.58/38.83	(0.017543859649122806, '1_class_probability_max')
94.58/38.83	(0.9824561403508771, '0_class_probability_max')
94.58/38.83	(2.9298245614035086, '1_landmark_naive_bayes')
94.58/38.83	(3.0701754385964914, '0_landmark_decision_tree')
94.58/38.83	(3.3157894736842106, '0_landmark_naive_bayes')
94.58/38.83	(6.4035087719298245, '0_number_of_numeric_features')
94.58/38.83	(6.666666666666667, '1_landmark_decision_tree')
94.58/38.83	(6.684210526315789, '1_number_of_numeric_features')
94.58/38.83	(8.508771929824562, '0_number_of_categorical_features')
94.58/38.83	(8.982456140350877, '1_number_of_categorical_features')
94.58/38.83	(9.631578947368421, '1_number_of_features')
94.58/38.83	(9.982456140350877, '0_number_of_features')
94.58/38.83	(11.807017543859649, '0_landmark_lda')
94.58/38.83	(12.017543859649123, '1_landmark_lda')
94.58/38.83	(14.473684210526315, '1_number_of_classes')
94.58/38.83	(14.526315789473685, '0_number_of_classes')
94.58/38.83	Result for ParamILS: SAT, 37.967341, 1, 0.289845, -1, /home/feurerm/thesis/Software/pyMetaLearn/optimizers/metalearn_optimizer/learn_distances.py
