0.72/0.97	['/home/feurerm/thesis/Software/pyMetaLearn/optimizers/metalearn_optimizer/learn_distances.py', '--input_file', '/home/feurerm/thesis/experiments/2014_04_25_predict_distances/testfold_0-3_pfahringer_spearman_rank_perm.pkl', '--fold', '0', '--folds', '1', '--params', '-max_features', '0.683877806616', '-min_samples_leaf', '10', '-min_samples_split', '5', '-n_estimators', '83', '-n_jobs', '4', '-seed', '16']
0.72/0.98	Metafeatures (57, 8)
0.72/0.98	X (3192, 16)
0.72/0.98	Y (3192,)
0.72/0.98	Dataset Mae MSE Rho
2.28/1.73	vehicle 0.35995337757 0.157098454563 0.323855933398
4.04/2.44	anneal.ORIG 0.432898744448 0.230500507663 0.344864551832
5.72/3.12	segment 0.238765040747 0.0715829369541 0.759542358767
7.38/3.92	pendigits 0.306806958694 0.118687939751 0.67615430406
9.08/4.61	mushroom 0.203348430809 0.0518196645657 0.636399533793
10.79/5.30	labor 0.274788131772 0.105386124254 0.286363629731
12.62/6.00	abalone 0.31242124325 0.122142060756 0.547516917341
14.25/6.79	diabetes 0.503057388226 0.322700579906 0.191663242021
15.96/7.49	car 0.377942711282 0.189972206596 0.252103421208
17.69/8.19	autos 0.228144776941 0.0676198533711 0.647065447767
19.50/8.90	mfeat-fourier 0.565085342794 0.419283867872 -0.463159234091
21.21/9.70	primary-tumor 0.232391978066 0.0683213988583 0.498389071157
22.78/10.39	waveform-5000 0.192422478976 0.0509126701482 0.73013029296
24.61/11.10	credit-a 0.377295471477 0.201724357441 0.418879530622
26.26/11.70	letter 0.245915380371 0.08561242576 0.623147943704
27.87/12.41	postoperative-patient-data 0.425811442123 0.241458958049 0.00614098077301
29.65/13.22	vowel 0.456066984394 0.257865576168 0.219782469771
31.29/13.90	eucalyptus 0.379805658676 0.188232553919 0.0413708178392
32.98/14.60	cylinder-bands 0.320799892159 0.126695359711 0.507438937559
34.76/15.40	ionosphere 0.418732363542 0.207536162749 0.0226246660058
36.45/16.21	mfeat-karhunen 0.194018269293 0.0523882353886 0.751785330422
38.22/16.91	balance-scale 0.256435537886 0.0868988767276 0.364580332208
39.92/17.60	mfeat-morphological 0.468184601915 0.292279635272 -0.247901697521
41.61/18.29	liver-disorders 0.260580849681 0.0896496785519 0.339369990088
43.32/19.08	dermatology 0.194612468105 0.0489144844561 0.529093975022
45.13/19.88	vote 0.0823018150593 0.010151107848 0.80188280515
46.83/20.58	breast-cancer 0.135572360328 0.0267866510841 0.394638817045
48.52/21.28	credit-g 0.667595549707 0.58997796056 -0.691345151235
50.23/21.96	soybean 0.124373349308 0.0239722433785 0.785722329431
51.86/22.66	arrhythmia 0.268184139606 0.0982274183018 0.239821459662
53.55/23.35	nursery 0.293256467094 0.108988053664 0.543638403169
55.26/24.03	hepatitis 0.272508452147 0.100208567315 0.23820541209
56.95/24.73	cmc 0.253868434159 0.0815070097187 0.352944789691
58.62/25.34	heart-c 0.270915855063 0.0956737889136 0.742089044991
60.33/26.13	glass 0.372848565335 0.168059468632 0.290242143903
62.10/26.94	braziltourism 0.453489294359 0.267074674241 0.0681972075319
63.89/27.76	iris 0.31595561432 0.129293276813 0.258244401981
65.59/28.47	heart-statlog 0.271151869263 0.0956394933211 0.72722140733
67.31/29.17	page-blocks 0.405220462868 0.221890755212 0.191340032506
69.00/29.96	breast-w 0.212730838693 0.060573792997 0.572727259462
70.71/30.66	heart-h 0.18404424539 0.0452966881082 0.645449400195
72.38/31.36	yeast 0.320054119467 0.12757581468 0.556566783744
74.09/32.06	tae 0.354104638226 0.153473103879 0.1664528999
75.78/32.85	haberman 0.270858363124 0.0976908099711 0.0203621994053
77.50/33.56	mfeat-pixel 0.348006295244 0.150488739065 0.195218546679
79.21/34.26	optdigits 0.222144617575 0.0632939741302 0.710091303069
80.90/34.96	mfeat-factors 0.225058792289 0.0708267071898 0.696516503465
82.61/35.76	satimage 0.270425644117 0.101739952264 0.42534372091
84.33/36.48	lymph 0.202724551397 0.060926341324 0.50970140416
86.01/37.17	audiology 0.308781105099 0.1178892605 0.411122502277
87.70/37.96	ecoli 0.406764743586 0.209889185817 0.105689511199
89.43/38.65	tic-tac-toe 0.295885686259 0.12918905278 0.569171954804
91.15/39.37	spambase 0.215491507663 0.060892627033 0.866524708023
92.85/40.07	zoo 0.127004910463 0.0228469730948 0.782167024773
94.60/40.88	sonar 0.515473684629 0.33211444313 -0.202329155995
96.34/41.68	mfeat-zernike 0.267506510536 0.0989573609651 0.431161492168
98.07/42.38	kr-vs-kp 0.210217187834 0.0558029953271 0.646095819224
98.19/42.43	MAE 0.304750968305 0.113687891719
98.19/42.43	MSE 0.137407067732 0.137407067732
98.19/42.43	Mean tau 0.386983854862 0.319319597083
98.19/42.43	(0.08771929824561403, '1_class_probability_max')
98.19/42.43	(0.9122807017543859, '0_class_probability_max')
98.19/42.43	(2.2280701754385963, '0_landmark_decision_tree')
98.19/42.43	(3.4035087719298245, '1_landmark_naive_bayes')
98.19/42.43	(3.824561403508772, '0_landmark_naive_bayes')
98.19/42.43	(4.754385964912281, '1_landmark_decision_tree')
98.19/42.43	(7.0, '1_number_of_numeric_features')
98.19/42.43	(7.245614035087719, '0_number_of_numeric_features')
98.19/42.43	(8.105263157894736, '1_number_of_categorical_features')
98.19/42.43	(9.894736842105264, '0_number_of_features')
98.19/42.43	(10.24561403508772, '1_landmark_lda')
98.19/42.43	(10.631578947368421, '0_number_of_categorical_features')
98.19/42.43	(10.75438596491228, '1_number_of_features')
98.19/42.43	(11.912280701754385, '0_landmark_lda')
98.19/42.43	(14.333333333333334, '0_number_of_classes')
98.19/42.43	(14.666666666666666, '1_number_of_classes')
98.19/42.43	Result for ParamILS: SAT, 41.456008, 1, 0.304751, -1, /home/feurerm/thesis/Software/pyMetaLearn/optimizers/metalearn_optimizer/learn_distances.py
