0.77/1.24	['/home/feurerm/thesis/Software/pyMetaLearn/optimizers/metalearn_optimizer/learn_distances.py', '--input_file', '/home/feurerm/thesis/experiments/2014_04_25_predict_distances/testfold_0-3_pfahringer_spearman_rank_perm.pkl', '--fold', '0', '--folds', '1', '--params', '-max_features', '0.768751965288', '-min_samples_leaf', '2', '-min_samples_split', '10', '-n_estimators', '58', '-n_jobs', '4', '-seed', '96']
0.77/1.25	Metafeatures (57, 8)
0.77/1.25	X (3192, 16)
0.77/1.25	Y (3192,)
0.77/1.25	Dataset Mae MSE Rho
2.27/1.83	vehicle 0.36170631828 0.157625682637 0.331289752228
3.91/2.42	anneal.ORIG 0.496506257723 0.297299391914 0.230448383745
5.51/3.03	segment 0.154221210722 0.0317019330126 0.845839299104
7.12/3.61	pendigits 0.250933473034 0.0828588600586 0.727867826359
8.80/4.20	mushroom 0.1737487561 0.0382231733766 0.676477513574
10.35/5.09	labor 0.321944186332 0.143577350665 0.196188175222
12.04/5.70	abalone 0.224639487011 0.0631070202378 0.757279892167
13.62/6.41	diabetes 0.514622367083 0.333418557649 0.225277031515
15.21/10.93	car 0.36180380946 0.176874040348 0.25889082101
16.89/11.74	autos 0.204013278918 0.0546542377449 0.725282150244
18.61/12.57	mfeat-fourier 0.565715100399 0.416189852875 -0.397547702674
20.30/13.45	primary-tumor 0.214920671109 0.0598155959536 0.539113469968
22.05/14.32	waveform-5000 0.156234658591 0.0361276168814 0.754371006537
23.66/15.13	credit-a 0.36418906671 0.184267300797 0.447645177401
25.35/15.85	letter 0.233494756497 0.0739264395098 0.633167438649
27.05/16.55	postoperative-patient-data 0.450108030985 0.26454200917 0.0465421700691
28.73/21.01	vowel 0.390591065803 0.190289269917 0.476734033694
30.32/21.72	eucalyptus 0.442055858142 0.252294932917 -0.105366301684
31.92/22.30	cylinder-bands 0.33985353814 0.140326966943 0.407890407134
33.55/23.03	ionosphere 0.413320073657 0.20204918107 0.100841368483
35.18/23.74	mfeat-karhunen 0.142962984205 0.0313054233356 0.823861052127
36.81/24.38	balance-scale 0.24681685689 0.0866654523167 0.400779797818
38.43/25.13	mfeat-morphological 0.49937488684 0.333417327304 -0.26632463984
40.03/25.71	liver-disorders 0.281274083236 0.107423848071 0.398517331217
41.64/26.39	dermatology 0.213362836351 0.0587815151293 0.462512815062
43.27/27.13	vote 0.0819877678039 0.0119612322408 0.749199654307
44.90/27.71	breast-cancer 0.13615868197 0.0277273483193 0.404011892961
46.51/28.31	credit-g 0.690187939699 0.630977213241 -0.701041436666
48.13/29.04	soybean 0.12127298749 0.0225018418225 0.728837454902
49.72/29.63	arrhythmia 0.242561455158 0.0800405892632 0.417909902079
51.33/30.23	nursery 0.244474233706 0.0780453235173 0.656761733198
53.00/30.82	hepatitis 0.225161986378 0.069923379202 0.557213202772
54.55/31.54	cmc 0.266842334015 0.096849272878 0.337753942516
56.18/32.38	heart-c 0.200309580471 0.0551491300547 0.825800309213
57.80/33.08	glass 0.377352187709 0.174840182498 0.206854089196
59.42/33.93	braziltourism 0.464236308229 0.280234995547 0.0381387226955
61.02/34.61	iris 0.268265612077 0.0927414685675 0.412738549849
62.76/35.30	heart-statlog 0.195500758857 0.050059752521 0.819012909411
64.34/36.00	page-blocks 0.414310506077 0.230953927233 0.0439564939542
66.05/36.70	breast-w 0.212039415087 0.0591528216113 0.676800723089
67.67/37.40	heart-h 0.139181509569 0.0279544748617 0.690375522692
69.19/38.19	yeast 0.226490235642 0.0655085132377 0.75307816848
70.83/38.81	tae 0.379236373161 0.171335389783 0.169361785529
72.47/39.42	haberman 0.286930823624 0.108222149562 0.014867637661
74.11/40.11	mfeat-pixel 0.36197380075 0.162488777083 0.198450641823
75.72/41.04	optdigits 0.156690384272 0.0322911244592 0.800266757578
77.36/41.69	mfeat-factors 0.182909992161 0.0490827636588 0.761804825368
78.99/42.28	satimage 0.252022933907 0.0882512343306 0.536851003367
80.65/43.06	lymph 0.223396691577 0.0748052555501 0.418233111594
82.36/43.80	audiology 0.300855763983 0.115188804317 0.449261224973
83.93/44.49	ecoli 0.417247177205 0.22043422327 0.123142824975
85.58/45.17	tic-tac-toe 0.323448015248 0.163683974234 0.29444386759
87.15/45.75	spambase 0.234987030407 0.0633296172046 0.87072643171
88.74/46.42	zoo 0.0922059190564 0.011532967116 0.833557337558
90.38/47.13	sonar 0.502104447534 0.3146690741 -0.0979324828538
91.99/47.81	mfeat-zernike 0.231585064451 0.0742295698927 0.492248090384
93.74/48.52	kr-vs-kp 0.150591256116 0.0294815284016 0.772147529828
93.74/48.55	MAE 0.291595312028 0.129204623623
93.74/48.55	MSE 0.132463349112 0.132463349112
93.74/48.55	Mean tau 0.420217731419 0.339793788444
93.74/48.55	(0.017543859649122806, '1_class_probability_max')
93.74/48.55	(0.9824561403508771, '0_class_probability_max')
93.74/48.55	(2.9649122807017543, '0_landmark_naive_bayes')
93.74/48.55	(3.43859649122807, '1_landmark_naive_bayes')
93.74/48.55	(3.508771929824561, '1_landmark_decision_tree')
93.74/48.55	(5.0, '0_landmark_decision_tree')
93.74/48.55	(7.0, '0_number_of_numeric_features')
93.74/48.55	(7.157894736842105, '1_number_of_numeric_features')
93.74/48.55	(8.614035087719298, '0_number_of_categorical_features')
93.74/48.55	(8.929824561403509, '1_number_of_categorical_features')
93.74/48.55	(10.210526315789474, '1_number_of_features')
93.74/48.55	(10.263157894736842, '0_number_of_features')
93.74/48.55	(10.614035087719298, '0_landmark_lda')
93.74/48.55	(12.298245614035087, '1_landmark_lda')
93.74/48.55	(14.421052631578947, '1_number_of_classes')
93.74/48.55	(14.578947368421053, '0_number_of_classes')
93.74/48.55	Result for ParamILS: SAT, 47.304132, 1, 0.291595, -1, /home/feurerm/thesis/Software/pyMetaLearn/optimizers/metalearn_optimizer/learn_distances.py
