0.70/1.00	['/home/feurerm/thesis/Software/pyMetaLearn/optimizers/metalearn_optimizer/learn_distances.py', '--input_file', '/home/feurerm/thesis/experiments/2014_04_25_predict_distances/testfold_0-3_pfahringer_spearman_rank_perm.pkl', '--fold', '0', '--folds', '1', '--params', '-max_features', '0.253941321875', '-min_samples_leaf', '8', '-min_samples_split', '2', '-n_estimators', '28', '-n_jobs', '4', '-seed', '76']
0.78/1.00	Metafeatures (57, 8)
0.78/1.00	X (3192, 16)
0.78/1.00	Y (3192,)
0.78/1.00	Dataset Mae MSE Rho
1.07/1.24	vehicle 0.373335007741 0.176545279957 0.246285649949
1.49/1.50	anneal.ORIG 0.312895468151 0.122974134105 0.52218697561
1.81/1.75	segment 0.281296672827 0.0967182104917 0.692961198807
2.18/2.01	pendigits 0.338566565557 0.140970919927 0.573373678491
2.53/2.27	mushroom 0.216009891643 0.0579755909772 0.59405908741
2.90/2.52	labor 0.268175972681 0.103131663351 0.364580332208
3.26/2.78	abalone 0.324811313488 0.133685972046 0.51713522299
3.63/3.03	diabetes 0.483484642751 0.31905392814 0.0303816943507
4.00/3.29	car 0.388499763468 0.214534147186 0.252285320002
4.36/3.55	autos 0.224287737484 0.067755797645 0.543315193654
4.72/3.80	mfeat-fourier 0.532065618482 0.36882017804 -0.431161492168
5.05/4.05	primary-tumor 0.218471460829 0.0601228950904 0.536204584338
5.40/4.31	waveform-5000 0.224821025473 0.0687700672406 0.704919950839
5.75/4.57	credit-a 0.369887935873 0.191584136183 0.434716796826
6.11/4.83	letter 0.256778283603 0.0932294679512 0.583393173436
6.47/5.08	postoperative-patient-data 0.410694893634 0.206928860625 0.0189092776683
6.81/5.34	vowel 0.460864071575 0.264968070746 0.186491889791
7.23/5.60	eucalyptus 0.39938167055 0.214520766285 0.0594705506439
7.54/5.85	cylinder-bands 0.344035196506 0.155822795478 0.379771179384
7.89/6.11	ionosphere 0.430392266262 0.222037344611 -0.0365226751237
8.25/6.36	mfeat-karhunen 0.213849231289 0.061808769608 0.715262655299
8.65/6.73	balance-scale 0.211181369981 0.0610459495983 0.523599413278
9.01/6.98	mfeat-morphological 0.462537900842 0.285453353488 -0.190224100988
9.38/7.25	liver-disorders 0.316412618763 0.130286715482 0.326118399998
9.75/7.50	dermatology 0.182101055156 0.0426837584243 0.585655640037
10.09/7.76	vote 0.0794700602411 0.0101646428115 0.800589967092
10.47/8.02	breast-cancer 0.246055408879 0.0791543192678 0.140618762637
10.82/8.28	credit-g 0.525306261107 0.370847488302 -0.389660414173
11.20/8.65	soybean 0.137154060261 0.0305027080588 0.726251778787
11.59/9.01	arrhythmia 0.293954960504 0.118236038294 0.124435663032
11.94/9.37	nursery 0.293570100323 0.112249714008 0.509054985131
12.29/9.63	hepatitis 0.384066056656 0.210122191865 -0.307372248165
12.66/9.88	cmc 0.274229240706 0.0900994271926 0.344218132803
13.03/10.14	heart-c 0.28789437114 0.107562182909 0.735624854704
13.40/10.40	glass 0.376888014954 0.173925093045 0.202652365509
13.75/10.67	braziltourism 0.457964949188 0.269636353145 0.0908218735377
14.11/10.93	iris 0.29982418388 0.119605736307 0.246932068978
14.45/11.18	heart-statlog 0.30073214175 0.118851273521 0.651913590482
14.85/11.44	page-blocks 0.342916874605 0.161299936642 0.326118399998
15.25/11.70	breast-w 0.228783183689 0.0737583433307 0.438272101484
15.55/11.95	heart-h 0.200892982828 0.0519722611257 0.579514659264
15.90/12.20	yeast 0.355571309848 0.156142038523 0.485783900097
16.29/12.57	tae 0.322580981267 0.125369635735 0.218166422199
16.67/12.93	haberman 0.256789837324 0.0879728799754 0.0804791690779
17.04/13.18	mfeat-pixel 0.319248281026 0.125408496009 0.260830078096
17.40/13.45	optdigits 0.242454981808 0.0742367985276 0.699425389095
17.77/13.71	mfeat-factors 0.242399951825 0.0774931095445 0.671952580373
18.15/13.97	satimage 0.292141040463 0.110846388115 0.349066275519
18.51/14.24	lymph 0.19017886924 0.0520797548147 0.643510143109
18.92/14.50	audiology 0.33837889992 0.152897000489 0.283777953616
19.24/14.76	ecoli 0.420175885897 0.226322145251 -0.00129283805748
19.60/15.02	tic-tac-toe 0.291694612061 0.127310717932 0.484167852525
19.96/15.28	spambase 0.210073002987 0.0599844544002 0.783459862831
20.33/15.53	zoo 0.142788746237 0.0272883479926 0.714939445784
20.67/15.79	sonar 0.503436683722 0.317880951986 -0.181320537561
21.06/16.05	mfeat-zernike 0.269504317613 0.101185307525 0.471885890979
21.42/16.31	kr-vs-kp 0.205903166237 0.053950253502 0.656761733198
21.42/16.32	MAE 0.308383527242 0.0994695311094
21.42/16.32	MSE 0.13746990812 0.13746990812
21.42/16.32	Mean tau 0.360960516819 0.304459136382
21.42/16.32	(0.14035087719298245, '1_class_probability_max')
21.42/16.32	(1.7719298245614035, '0_landmark_naive_bayes')
21.42/16.32	(2.5964912280701755, '0_class_probability_max')
21.42/16.32	(2.6140350877192984, '0_landmark_decision_tree')
21.42/16.32	(3.2280701754385963, '1_landmark_naive_bayes')
21.42/16.32	(4.894736842105263, '1_landmark_decision_tree')
21.42/16.32	(7.017543859649122, '0_landmark_lda')
21.42/16.32	(7.315789473684211, '0_number_of_numeric_features')
21.42/16.32	(7.824561403508772, '0_number_of_features')
21.42/16.32	(9.982456140350877, '1_landmark_lda')
21.42/16.32	(10.140350877192983, '1_number_of_numeric_features')
21.42/16.32	(10.508771929824562, '1_number_of_features')
21.42/16.32	(11.403508771929825, '1_number_of_categorical_features')
21.42/16.32	(12.333333333333334, '0_number_of_categorical_features')
21.42/16.32	(13.859649122807017, '0_number_of_classes')
21.42/16.32	(14.368421052631579, '1_number_of_classes')
21.42/16.32	Result for ParamILS: SAT, 15.325674, 1, 0.308384, -1, /home/feurerm/thesis/Software/pyMetaLearn/optimizers/metalearn_optimizer/learn_distances.py
