0.74/2.13	['/home/feurerm/thesis/Software/pyMetaLearn/optimizers/metalearn_optimizer/learn_distances.py', '--input_file', '/home/feurerm/thesis/experiments/2014_04_25_predict_distances/testfold_0-3_pfahringer_spearman_rank_perm.pkl', '--fold', '0', '--folds', '1', '--params', '-max_features', '0.522754006477', '-min_samples_leaf', '8', '-min_samples_split', '4', '-n_estimators', '99', '-n_jobs', '4', '-seed', '68']
0.74/2.14	Metafeatures (57, 8)
0.74/2.14	X (3192, 16)
0.74/2.14	Y (3192,)
0.74/2.14	Dataset Mae MSE Rho
2.45/2.90	vehicle 0.347558247384 0.149579307525 0.380740807927
4.09/3.86	anneal.ORIG 0.436377478092 0.230049803837 0.500651537758
5.85/4.81	segment 0.224699034982 0.0628042799833 0.801559595635
7.66/5.62	pendigits 0.30719075643 0.119475943659 0.655792104655
9.32/6.49	mushroom 0.202201946078 0.0511516162304 0.639631628936
11.05/7.31	labor 0.29072355609 0.119927549715 0.261476497125
12.79/8.12	abalone 0.292543994603 0.108140731827 0.568202326261
14.68/8.93	diabetes 0.517636480447 0.338368914006 0.204268413081
16.35/9.78	car 0.362052867759 0.173433915702 0.304140153021
18.10/10.69	autos 0.234196650699 0.0708758807288 0.63542990525
19.87/11.48	mfeat-fourier 0.542449502739 0.384701785316 -0.426313349453
21.61/12.38	primary-tumor 0.22753572568 0.0639028758426 0.523276203763
23.41/13.22	waveform-5000 0.187391344476 0.0494154164999 0.756310263624
25.05/14.17	credit-a 0.378883349801 0.202730512261 0.41500101645
26.78/15.02	letter 0.231845028108 0.0763537668292 0.670659742316
28.56/15.97	postoperative-patient-data 0.419652188245 0.228850789116 0.0345834180375
30.26/16.78	vowel 0.443147601908 0.242597751458 0.292504610504
32.00/17.59	eucalyptus 0.386661907292 0.196550031038 0.0339369990088
33.76/18.41	cylinder-bands 0.331023821944 0.134491905039 0.438595310999
35.51/19.22	ionosphere 0.430964063482 0.224083341704 -0.0177765232903
37.30/20.03	mfeat-karhunen 0.193445642637 0.0513300180803 0.762451244397
39.05/20.85	balance-scale 0.245451496647 0.0806320162833 0.396578074131
40.86/21.69	mfeat-morphological 0.468339035192 0.290601912344 -0.251457002179
42.60/22.55	liver-disorders 0.296272511145 0.114266714779 0.280222648958
44.56/23.40	dermatology 0.190331432308 0.0476248825016 0.546224079284
46.30/24.20	vote 0.0777179310322 0.00944653249738 0.794772195833
47.94/25.09	breast-cancer 0.146915095009 0.0296598107866 0.350035904062
49.76/25.88	credit-g 0.637392585444 0.534761243532 -0.704596741325
51.50/26.72	soybean 0.120014116155 0.0223638809227 0.78636874846
53.30/27.52	arrhythmia 0.267342861943 0.096832515777 0.239175040633
54.98/28.43	nursery 0.288382391626 0.103608738765 0.559152459858
56.87/29.40	hepatitis 0.279854192609 0.105696146271 0.193279289593
58.49/30.24	cmc 0.261642701617 0.0863411691299 0.342602085231
60.28/31.03	heart-c 0.26824913519 0.096162751202 0.782813443802
62.13/31.99	glass 0.369270133843 0.162810554769 0.314482857481
63.85/32.79	braziltourism 0.43378351608 0.242903634272 0.102780625569
65.63/33.66	iris 0.307546104471 0.120379131004 0.317068533596
67.41/34.53	heart-statlog 0.258130250973 0.0896766264198 0.770208272741
69.31/35.36	page-blocks 0.379918001476 0.193906044641 0.312220390881
70.99/36.17	breast-w 0.224430091319 0.0673469098538 0.46089676749
72.92/37.00	heart-h 0.181675070247 0.0418492815951 0.672598999402
74.53/37.81	yeast 0.30630458126 0.115553946651 0.617653381959
76.27/38.83	tae 0.35572692987 0.155307604625 0.135101577006
78.21/39.75	haberman 0.259803061767 0.08692278814 0.0827416356785
79.97/40.74	mfeat-pixel 0.34651292913 0.145334764347 0.226569869573
81.62/41.56	optdigits 0.20158127394 0.0526663514761 0.750492492365
83.46/42.39	mfeat-factors 0.225200444297 0.0681150254919 0.710414512583
85.21/43.21	satimage 0.273829444196 0.102978719064 0.400133378789
87.02/44.02	lymph 0.203540216557 0.0606741002366 0.51713522299
88.71/44.84	audiology 0.31827315846 0.13206990938 0.409506454706
90.49/45.65	ecoli 0.421698674337 0.22735588199 0.0669043694744
92.29/46.48	tic-tac-toe 0.296302253249 0.132000231975 0.591473411295
94.16/47.37	spambase 0.209540532794 0.057153632411 0.882361974228
95.88/48.28	zoo 0.122773048372 0.0207705559438 0.786691957974
97.71/49.08	sonar 0.504357821136 0.321411498214 -0.164836852328
99.50/49.91	mfeat-zernike 0.258007955155 0.092007389673 0.4970962331
101.32/50.72	kr-vs-kp 0.202170654689 0.0510949186362 0.664195552028
101.32/50.77	MAE 0.301692330218 0.111465499772
101.32/50.77	MSE 0.13398427986 0.13398427986
101.32/50.77	Mean tau 0.401301469314 0.321623437032
101.32/50.77	(0.14035087719298245, '1_class_probability_max')
101.32/50.77	(0.8596491228070176, '0_class_probability_max')
101.32/50.77	(2.8947368421052633, '0_landmark_naive_bayes')
101.32/50.77	(3.192982456140351, '0_landmark_decision_tree')
101.32/50.77	(3.736842105263158, '1_landmark_decision_tree')
101.32/50.77	(4.192982456140351, '1_landmark_naive_bayes')
101.32/50.77	(7.543859649122807, '0_landmark_lda')
101.32/50.77	(7.947368421052632, '1_landmark_lda')
101.32/50.77	(8.31578947368421, '0_number_of_numeric_features')
101.32/50.77	(8.859649122807017, '1_number_of_numeric_features')
101.32/50.77	(10.087719298245615, '1_number_of_categorical_features')
101.32/50.77	(10.578947368421053, '0_number_of_features')
101.32/50.77	(11.175438596491228, '1_number_of_features')
101.32/50.77	(11.473684210526315, '0_number_of_categorical_features')
101.32/50.77	(14.192982456140351, '0_number_of_classes')
101.32/50.77	(14.807017543859649, '1_number_of_classes')
101.32/50.77	Result for ParamILS: SAT, 48.635727, 1, 0.301692, -1, /home/feurerm/thesis/Software/pyMetaLearn/optimizers/metalearn_optimizer/learn_distances.py
