0.76/1.72	['/home/feurerm/thesis/Software/pyMetaLearn/optimizers/metalearn_optimizer/learn_distances.py', '--input_file', '/home/feurerm/thesis/experiments/2014_04_25_predict_distances/testfold_0-3_pfahringer_spearman_rank_perm.pkl', '--fold', '0', '--folds', '1', '--params', '-max_features', '0.790211811817', '-min_samples_leaf', '9', '-min_samples_split', '7', '-n_estimators', '41', '-n_jobs', '4', '-seed', '55']
0.76/1.73	Metafeatures (57, 8)
0.76/1.73	X (3192, 16)
0.76/1.73	Y (3192,)
0.76/1.73	Dataset Mae MSE Rho
1.75/2.17	vehicle 0.371202704964 0.168940675891 0.270526363527
2.77/2.67	anneal.ORIG 0.572332749818 0.381294248964 -0.120919270449
3.83/3.14	segment 0.223301741138 0.064186160302 0.765360130026
4.85/3.62	pendigits 0.31404823506 0.124937008641 0.610865982158
5.90/4.20	mushroom 0.193282880463 0.0475057489833 0.639308419422
6.97/4.67	labor 0.298102157978 0.123377540343 0.209439765311
7.99/5.14	abalone 0.293771276616 0.110097022947 0.555920364715
9.04/5.61	diabetes 0.531965366477 0.3523890576 0.188754356392
10.08/6.12	car 0.363432970376 0.175963264617 0.312543600395
11.12/6.59	autos 0.237166087368 0.0725999193103 0.628642505448
12.15/7.08	mfeat-fourier 0.54805936663 0.392772404828 -0.442150615657
13.21/7.57	primary-tumor 0.2214636931 0.0632103236878 0.493217718927
14.26/8.15	waveform-5000 0.160906954216 0.0393154511408 0.75307816848
15.31/8.73	credit-a 0.374894584023 0.197582659553 0.392376350444
16.30/9.20	letter 0.239185571807 0.0792450789677 0.606017839442
17.38/9.69	postoperative-patient-data 0.442776103228 0.259638778256 -0.0349066275519
18.51/10.20	vowel 0.442424741496 0.242333793094 0.2766673443
19.47/10.68	eucalyptus 0.396081166874 0.210514590553 0.0287656467788
20.50/11.15	cylinder-bands 0.35081475085 0.151241589759 0.326118399998
21.51/11.63	ionosphere 0.4154840325 0.202814807528 0.00258567611495
22.56/12.13	mfeat-karhunen 0.175517405301 0.0436232933418 0.773117158371
23.60/12.61	balance-scale 0.268460011216 0.0976149795403 0.29735275322
24.66/13.19	mfeat-morphological 0.456483307148 0.275421615568 -0.162251176213
25.67/13.65	liver-disorders 0.313538984294 0.125745364231 0.344864551832
26.69/14.19	dermatology 0.201208396443 0.0520517195288 0.480289338352
27.72/14.69	vote 0.0853428331552 0.0113116500814 0.752431749451
28.80/15.18	breast-cancer 0.134181606895 0.0257837643993 0.403688683447
29.85/15.83	credit-g 0.684082711617 0.620988568327 -0.690698732207
30.94/16.47	soybean 0.123708009292 0.0220345531834 0.783459862831
31.95/17.07	arrhythmia 0.266633536892 0.0976070482634 0.36619637978
32.94/17.56	nursery 0.288683552759 0.106072484793 0.559152459858
33.96/18.03	hepatitis 0.264996867258 0.101823243518 0.366064221528
34.99/18.49	cmc 0.241774516145 0.0781664605385 0.380094388898
36.01/18.96	heart-c 0.257751917112 0.0884879950199 0.748553235279
37.01/19.57	glass 0.356511384998 0.15309488323 0.378801550841
38.03/20.06	braziltourism 0.438432802363 0.249520497554 0.127021339147
39.06/20.55	iris 0.283942593602 0.10524622845 0.343894923289
40.11/21.03	heart-statlog 0.243787508944 0.0786176710225 0.74790681625
41.14/21.52	page-blocks 0.447298335372 0.264061418734 -0.0169698645741
42.22/22.09	breast-w 0.227869509305 0.0691206209153 0.485137481068
43.30/22.60	heart-h 0.179147017126 0.0438281398643 0.640601257479
44.31/23.14	yeast 0.315456799363 0.125317586866 0.544931241226
45.32/23.64	tae 0.360063032977 0.155657851761 0.194895337165
46.37/24.13	haberman 0.256686761996 0.085326726348 0.108768751032
47.43/24.60	mfeat-pixel 0.371112549305 0.173896088335 0.144797862437
48.42/25.16	optdigits 0.219255071882 0.0601744727103 0.716232283842
49.44/25.81	mfeat-factors 0.209641235779 0.0601223436911 0.709121674526
50.50/26.37	satimage 0.265595067031 0.0986763430862 0.459603929433
51.51/26.85	lymph 0.218111229612 0.0721770663086 0.436979263427
52.53/27.57	audiology 0.307661685452 0.116465632794 0.417586692565
53.58/28.03	ecoli 0.392742768987 0.196295663137 0.222044936372
54.63/28.53	tic-tac-toe 0.29114050421 0.128115968874 0.522629784735
55.67/29.01	spambase 0.228958257329 0.065895784982 0.839698318331
56.70/29.48	zoo 0.121872964535 0.021001577422 0.792509729233
57.73/29.95	sonar 0.490165412787 0.297923359012 -0.0749846073336
58.73/30.44	mfeat-zernike 0.271863440377 0.102585019035 0.419849159165
59.75/30.94	kr-vs-kp 0.197685016132 0.0497383729196 0.672275789888
59.75/30.96	MAE 0.306106346315 0.120152054013
59.75/30.96	MSE 0.13999214355 0.13999214355
59.75/30.96	Mean tau 0.380664221793 0.315944973483
59.75/30.96	(0.43859649122807015, '1_class_probability_max')
59.75/30.96	(0.5614035087719298, '0_class_probability_max')
59.75/30.96	(2.824561403508772, '0_landmark_naive_bayes')
59.75/30.96	(3.175438596491228, '1_landmark_naive_bayes')
59.75/30.96	(5.140350877192983, '1_landmark_decision_tree')
59.75/30.96	(5.842105263157895, '0_landmark_decision_tree')
59.75/30.96	(6.491228070175438, '0_number_of_numeric_features')
59.75/30.96	(6.684210526315789, '1_number_of_numeric_features')
59.75/30.96	(7.754385964912281, '1_number_of_categorical_features')
59.75/30.96	(9.017543859649123, '0_number_of_categorical_features')
59.75/30.96	(9.526315789473685, '0_number_of_features')
59.75/30.96	(10.017543859649123, '1_number_of_features')
59.75/30.96	(11.421052631578947, '1_landmark_lda')
59.75/30.96	(12.105263157894736, '0_landmark_lda')
59.75/30.96	(14.421052631578947, '0_number_of_classes')
59.75/30.96	(14.578947368421053, '1_number_of_classes')
59.75/30.96	Result for ParamILS: SAT, 29.244364, 1, 0.306106, -1, /home/feurerm/thesis/Software/pyMetaLearn/optimizers/metalearn_optimizer/learn_distances.py
