0.75/1.82	['/home/feurerm/thesis/Software/pyMetaLearn/optimizers/metalearn_optimizer/learn_distances.py', '--input_file', '/home/feurerm/thesis/experiments/2014_04_25_predict_distances/testfold_0-3_pfahringer_spearman_rank_perm.pkl', '--fold', '0', '--folds', '1', '--params', '-max_features', '0.40950862151', '-min_samples_leaf', '4', '-min_samples_split', '6', '-n_estimators', '13', '-n_jobs', '4', '-seed', '12']
0.75/1.83	Metafeatures (57, 8)
0.75/1.83	X (3192, 16)
0.75/1.83	Y (3192,)
0.75/1.83	Dataset Mae MSE Rho
0.99/2.45	vehicle 0.309351353761 0.122506101463 0.507115728045
1.25/2.84	anneal.ORIG 0.308267180986 0.130082009825 0.478673290781
1.50/3.12	segment 0.196004065177 0.0509226942165 0.776026044
1.76/3.36	pendigits 0.279848181697 0.0982782102849 0.667750856686
2.02/3.91	mushroom 0.174951192778 0.0405166429662 0.672275789888
2.28/8.72	labor 0.336808423428 0.159680535124 0.246608859464
2.52/8.98	abalone 0.259376568481 0.0900997784277 0.590180573238
2.80/9.23	diabetes 0.520783837241 0.342544192394 0.161927966699
3.05/9.80	car 0.298634797992 0.120009873904 0.498389071157
3.31/10.05	autos 0.22654018313 0.0689504848061 0.563354183545
3.59/10.30	mfeat-fourier 0.58863193081 0.446697919825 -0.437302472941
3.83/10.55	primary-tumor 0.205042208305 0.0541309085081 0.600846487212
4.10/10.81	waveform-5000 0.186373273994 0.051274486592 0.664195552028
4.37/11.06	credit-a 0.363013045235 0.185992531351 0.432454330226
4.64/11.32	letter 0.260740726933 0.0962940162268 0.510671032703
4.90/11.66	postoperative-patient-data 0.400974978096 0.204328791892 0.173563509216
5.19/12.02	vowel 0.453246584669 0.268689843533 0.198127432308
5.46/12.27	eucalyptus 0.382324479175 0.197440433643 0.103427044598
5.73/12.53	cylinder-bands 0.326754657049 0.136946646983 0.408536826162
6.00/12.95	ionosphere 0.386761308596 0.184532238237 0.169361785529
6.25/13.20	mfeat-karhunen 0.152038644283 0.0327089914814 0.797260399468
6.52/13.46	balance-scale 0.2189312677 0.066667413057 0.54319728413
6.77/13.71	mfeat-morphological 0.447227546286 0.271542202116 0.0947003877101
7.03/14.21	liver-disorders 0.305198749406 0.127021318611 0.362317865608
7.30/14.46	dermatology 0.196463746987 0.0525717945245 0.519720899105
7.56/14.88	vote 0.0753975616909 0.0100922116643 0.785722329431
7.82/15.13	breast-cancer 0.254656590271 0.0894172391972 0.1664528999
8.09/15.63	credit-g 0.482243117501 0.321097582015 -0.200066689394
8.35/16.02	soybean 0.152099523928 0.0357055040688 0.600523277698
8.60/16.33	arrhythmia 0.275658830286 0.107552584861 0.258567611495
8.88/16.58	nursery 0.274263312528 0.0995152884568 0.554950736172
9.15/16.93	hepatitis 0.395179597508 0.234631491167 -0.23820541209
9.42/17.18	cmc 0.324088562413 0.129624236339 0.22560024103
9.68/17.66	heart-c 0.256738731698 0.0897277749991 0.772147529828
9.96/17.91	glass 0.368464644078 0.163551136251 0.252426630722
10.24/18.16	braziltourism 0.415473930749 0.226729901243 0.116678634687
10.51/18.62	iris 0.286496301683 0.109430798339 0.389790674329
10.77/18.88	heart-statlog 0.240701306564 0.0832369797899 0.739180159362
11.06/19.21	page-blocks 0.285199041658 0.106325912848 0.442473825171
11.32/19.49	breast-w 0.223604948053 0.071905676867 0.468007376806
11.59/19.81	heart-h 0.171458175277 0.0427560335792 0.614098077301
11.84/20.06	yeast 0.29540969411 0.114787183008 0.566586278689
12.09/20.44	tae 0.350219231398 0.152716709982 0.105366301684
12.37/20.71	haberman 0.268228395619 0.0937725742828 0.0882361974228
12.63/21.09	mfeat-pixel 0.371579128508 0.166117698923 0.173563509216
12.90/21.52	optdigits 0.160189662739 0.0353609051172 0.78119739623
13.15/21.77	mfeat-factors 0.183897403933 0.0494215816331 0.717848331414
13.43/22.13	satimage 0.255943618301 0.0935702956879 0.414872784398
13.70/22.54	lymph 0.171230122872 0.0441774693143 0.622501524675
13.97/23.04	audiology 0.314100871488 0.125452124816 0.335168266401
14.23/23.30	ecoli 0.389890501648 0.199136198822 0.197157803765
14.49/23.86	tic-tac-toe 0.277777419653 0.115084163437 0.56076850743
14.76/27.98	spambase 0.194877747572 0.0473184114011 0.815780814267
15.05/28.23	zoo 0.095936520684 0.0131475659813 0.811902300095
15.32/28.49	sonar 0.526239692491 0.356193243626 -0.26406217324
15.58/28.74	mfeat-zernike 0.270497369965 0.106391894454 0.373306989096
15.86/28.99	kr-vs-kp 0.170674985474 0.0389616390698 0.703303903267
15.88/29.00	MAE 0.290573780255 0.107161125927
15.88/29.00	MSE 0.12760245739 0.12760245739
15.88/29.00	Mean tau 0.407986444979 0.290155886892
15.88/29.00	(0.5263157894736842, '0_landmark_decision_tree')
15.88/29.00	(0.6140350877192983, '1_class_probability_max')
15.88/29.00	(2.9473684210526314, '1_landmark_decision_tree')
15.88/29.00	(2.9649122807017543, '0_landmark_naive_bayes')
15.88/29.00	(3.56140350877193, '0_class_probability_max')
15.88/29.00	(5.0, '1_landmark_naive_bayes')
15.88/29.00	(8.12280701754386, '0_landmark_lda')
15.88/29.00	(8.56140350877193, '1_number_of_numeric_features')
15.88/29.00	(9.070175438596491, '0_number_of_numeric_features')
15.88/29.00	(9.280701754385966, '1_landmark_lda')
15.88/29.00	(9.947368421052632, '1_number_of_features')
15.88/29.00	(10.140350877192983, '0_number_of_features')
15.88/29.00	(10.421052631578947, '1_number_of_categorical_features')
15.88/29.00	(11.43859649122807, '0_number_of_categorical_features')
15.88/29.00	(13.24561403508772, '0_number_of_classes')
15.88/29.00	(14.157894736842104, '1_number_of_classes')
15.88/29.00	Result for ParamILS: SAT, 27.179121, 1, 0.290574, -1, /home/feurerm/thesis/Software/pyMetaLearn/optimizers/metalearn_optimizer/learn_distances.py
