0.72/1.44	['/home/feurerm/thesis/Software/pyMetaLearn/optimizers/metalearn_optimizer/learn_distances.py', '--input_file', '/home/feurerm/thesis/experiments/2014_04_25_predict_distances/testfold_0-3_pfahringer_spearman_rank_perm.pkl', '--fold', '0', '--folds', '1', '--params', '-max_features', '0.151823506203', '-min_samples_leaf', '3', '-min_samples_split', '3', '-n_estimators', '96', '-n_jobs', '4', '-seed', '92']
0.72/1.45	Metafeatures (57, 8)
0.72/1.45	X (3192, 16)
0.72/1.45	Y (3192,)
0.72/1.45	Dataset Mae MSE Rho
1.45/2.01	vehicle 0.348716836921 0.151479110746 0.379447969869
2.33/2.63	anneal.ORIG 0.272574766602 0.0990605448114 0.574343307034
3.30/3.25	segment 0.247955720872 0.0780947884847 0.73756411179
4.12/3.87	pendigits 0.31092095432 0.118312581692 0.650943961939
5.15/4.50	mushroom 0.182919748715 0.0417938169459 0.677770351632
5.92/5.12	labor 0.313664061215 0.129621983528 0.43277753974
6.83/5.74	abalone 0.302057339035 0.118883512038 0.543315193654
7.72/6.36	diabetes 0.459709480762 0.296754207094 -0.0339369990088
8.62/6.98	car 0.324980410418 0.142127919961 0.510671032703
9.52/7.60	autos 0.249955379086 0.0816061314489 0.584686011494
10.44/8.23	mfeat-fourier 0.5567839078 0.398219460837 -0.473501938551
11.41/8.85	primary-tumor 0.211257030292 0.0548808469283 0.681648865804
12.20/9.46	waveform-5000 0.25018571395 0.0869109657382 0.57111121189
13.05/10.06	credit-a 0.376373338738 0.19562293446 0.377185503269
13.95/10.69	letter 0.249015946138 0.0845670438256 0.695870084437
14.85/11.31	postoperative-patient-data 0.4204509333 0.214072817072 -0.201036317938
15.71/11.91	vowel 0.462248339535 0.267867737179 0.173240299702
16.61/12.54	eucalyptus 0.377672874861 0.189234820588 0.163544014271
17.56/13.15	cylinder-bands 0.348863900193 0.152010714996 0.318038162139
18.38/13.78	ionosphere 0.418705707821 0.215046959115 0.081448797621
19.37/14.39	mfeat-karhunen 0.191069897663 0.0507672073487 0.797034662434
20.21/15.03	balance-scale 0.219716334547 0.0688282584388 0.567555907232
21.14/15.64	mfeat-morphological 0.496309981307 0.324485404542 -0.245962440435
22.02/16.25	liver-disorders 0.334408765658 0.143909512153 0.487399947669
22.90/16.86	dermatology 0.192783530389 0.0494930838681 0.559798878887
23.84/17.47	vote 0.0737020925226 0.00855756723037 0.816750442811
24.75/18.09	breast-cancer 0.2578208043 0.0842217810434 0.14350502438
25.78/18.72	credit-g 0.521735009817 0.361226608069 -0.419849159165
26.62/19.35	soybean 0.129272954128 0.0260857083435 0.771501110799
27.51/19.96	arrhythmia 0.286837091514 0.11256824688 0.0956700162532
28.42/20.59	nursery 0.29285343732 0.104448071381 0.559475669373
29.38/21.23	hepatitis 0.364025857566 0.194689080806 -0.375569455697
30.30/21.86	cmc 0.328027437456 0.124650809362 0.254689097323
31.24/22.48	heart-c 0.263334296489 0.090365481376 0.817073652325
32.19/23.09	glass 0.345727667817 0.146892902286 0.412738549849
33.00/23.71	braziltourism 0.504441664379 0.327174762173 -0.119910729831
33.91/24.33	iris 0.315337281938 0.124691868556 0.275697715757
34.80/24.95	heart-statlog 0.267637304602 0.0966807782554 0.767299387112
35.75/25.56	page-blocks 0.313373531389 0.13992731682 0.375246246182
36.66/26.17	breast-w 0.222326464727 0.0707478817296 0.481258966896
37.62/26.78	heart-h 0.201804802875 0.0506989673444 0.604725001384
38.66/27.41	yeast 0.332243272284 0.138486765919 0.52521546085
39.46/28.03	tae 0.303161579519 0.114612053177 0.168068947472
40.48/28.65	haberman 0.249562792355 0.0865135283239 0.257921192467
41.32/29.27	mfeat-pixel 0.326142258957 0.130422533694 0.269879944498
42.36/29.90	optdigits 0.185489915451 0.0436384148818 0.787984796032
43.16/30.52	mfeat-factors 0.213579352706 0.065009983442 0.740472997419
44.06/31.14	satimage 0.292497682145 0.113356770853 0.325148771455
44.96/31.76	lymph 0.189345883298 0.051981384999 0.657731361741
45.86/32.39	audiology 0.329728342703 0.147772742642 0.400456588303
46.90/33.03	ecoli 0.413371876005 0.219175904503 0.0972860638251
47.72/33.65	tic-tac-toe 0.291691880579 0.12638562077 0.527801136965
48.64/34.28	spambase 0.235772822481 0.0741484450566 0.719464378986
49.58/34.90	zoo 0.136112952682 0.0240662568994 0.755017425566
50.51/35.54	sonar 0.49132004087 0.301505714434 -0.132515900891
51.44/36.17	mfeat-zernike 0.27255194958 0.101003861578 0.487399947669
52.40/36.80	kr-vs-kp 0.190814956619 0.0463798457802 0.682295284833
52.40/36.86	MAE 0.302823616793 0.102224543976
52.40/36.86	MSE 0.133363860043 0.133363860043
52.40/36.86	Mean tau 0.391945404425 0.332357793706
52.40/36.86	(0.07017543859649122, '1_landmark_decision_tree')
52.40/36.86	(1.7894736842105263, '1_class_probability_max')
52.40/36.86	(1.9298245614035088, '0_landmark_decision_tree')
52.40/36.86	(2.263157894736842, '0_landmark_lda')
52.40/36.87	(4.982456140350878, '0_class_probability_max')
52.40/36.87	(5.298245614035087, '1_landmark_naive_bayes')
52.40/36.87	(5.807017543859649, '1_landmark_lda')
52.40/36.87	(5.894736842105263, '0_landmark_naive_bayes')
52.40/36.87	(8.929824561403509, '0_number_of_features')
52.40/36.87	(9.368421052631579, '0_number_of_classes')
52.40/36.87	(9.666666666666666, '1_number_of_categorical_features')
52.40/36.87	(10.982456140350877, '0_number_of_numeric_features')
52.40/36.87	(11.807017543859649, '1_number_of_numeric_features')
52.40/36.87	(13.175438596491228, '1_number_of_features')
52.40/36.87	(13.912280701754385, '0_number_of_categorical_features')
52.40/36.87	(14.12280701754386, '1_number_of_classes')
52.40/36.87	Result for ParamILS: SAT, 35.422031, 1, 0.302824, -1, /home/feurerm/thesis/Software/pyMetaLearn/optimizers/metalearn_optimizer/learn_distances.py
