0.68/0.89	['/home/feurerm/thesis/Software/pyMetaLearn/optimizers/metalearn_optimizer/learn_distances.py', '--input_file', '/home/feurerm/thesis/experiments/2014_04_25_predict_distances/testfold_0-3_pfahringer_spearman_rank_perm.pkl', '--fold', '0', '--folds', '1', '--params', '-max_features', '0.611657338989', '-min_samples_leaf', '3', '-min_samples_split', '10', '-n_estimators', '26', '-n_jobs', '4', '-seed', '60']
0.77/0.90	Metafeatures (57, 8)
0.77/0.90	X (3192, 16)
0.77/0.90	Y (3192,)
0.77/0.90	Dataset Mae MSE Rho
1.31/1.24	vehicle 0.33286853908 0.133994996829 0.403688683447
1.93/1.60	anneal.ORIG 0.438008700281 0.23456292145 0.387851417243
2.52/1.96	segment 0.169050131231 0.0368061933883 0.83743585173
3.12/2.31	pendigits 0.271985195366 0.0953449513005 0.698132551037
3.73/2.67	mushroom 0.166716830325 0.0353477905885 0.696516503465
4.34/3.03	labor 0.289862581207 0.118593539548 0.222368145886
4.95/3.39	abalone 0.24530777339 0.0789348546594 0.676800723089
5.59/3.75	diabetes 0.494512053762 0.313235491089 0.185845470762
6.18/4.11	car 0.356767286434 0.174831689539 0.242407135777
6.80/4.47	autos 0.221528985019 0.0668242016448 0.591473411295
7.43/4.82	mfeat-fourier 0.567005910741 0.421187246625 -0.436979263427
8.04/5.19	primary-tumor 0.226341532072 0.0639211437596 0.491278461841
8.67/5.55	waveform-5000 0.200149687396 0.0593976005692 0.721080426557
9.27/5.91	credit-a 0.383274971193 0.208945709152 0.343894923289
9.91/6.27	letter 0.239103066474 0.0770547958837 0.630904972048
10.54/6.67	postoperative-patient-data 0.427783586796 0.233139470978 -0.000969628543107
11.15/7.03	vowel 0.411567018441 0.209239257384 0.380094388898
11.75/7.39	eucalyptus 0.443686417072 0.25836730225 -0.11538579663
12.36/7.75	cylinder-bands 0.297299903707 0.110973715189 0.557213202772
12.99/8.11	ionosphere 0.404851710259 0.201820196238 0.11538579663
13.62/8.47	mfeat-karhunen 0.150271348685 0.0340169843024 0.810609462038
14.24/8.83	balance-scale 0.247412703693 0.0798521167787 0.429222235082
14.91/9.20	mfeat-morphological 0.491576301995 0.321524512574 -0.198450641823
15.47/9.55	liver-disorders 0.257131296302 0.0921446051188 0.385912160157
16.08/9.91	dermatology 0.222431894548 0.0637768081445 0.453139739145
16.68/10.27	vote 0.0782367116145 0.00992405724946 0.759865568282
17.31/10.63	breast-cancer 0.168321168397 0.0373289431433 0.337107523487
17.92/10.99	credit-g 0.622260636417 0.513195399992 -0.594382296925
18.52/11.34	soybean 0.123624111089 0.0262079929678 0.718171540928
19.12/11.71	arrhythmia 0.257330982996 0.0929722033195 0.334845056886
19.71/12.06	nursery 0.265390642954 0.0914119200099 0.607633887014
20.32/12.42	hepatitis 0.267960816622 0.0994280317618 0.178734861446
20.93/12.77	cmc 0.301211144772 0.11908683226 0.215580746084
21.51/13.12	heart-c 0.202408798694 0.0605175449023 0.802529224178
22.11/13.48	glass 0.365147336065 0.162262072049 0.258244401981
22.72/13.84	braziltourism 0.438662511558 0.249341407713 0.063025855302
23.32/14.20	iris 0.273230019728 0.101742257089 0.334845056886
23.96/14.56	heart-statlog 0.234631732006 0.0758177440749 0.749846073336
24.59/14.91	page-blocks 0.43125767911 0.251187731802 0.100841368483
25.19/15.27	breast-w 0.210186335662 0.0629706820797 0.529417184537
25.78/15.63	heart-h 0.14789067256 0.0322167920325 0.643833352623
26.39/15.98	yeast 0.266773254364 0.0865723529237 0.689729103664
27.00/16.34	tae 0.349124636333 0.144794067272 0.271172782556
27.68/16.70	haberman 0.260927532711 0.0886940950209 0.118941101288
28.25/17.06	mfeat-pixel 0.364484049779 0.16169909981 0.174856347274
28.86/17.42	optdigits 0.162707943596 0.0349318584289 0.766006549055
29.48/17.78	mfeat-factors 0.185423339166 0.0472571102077 0.724312521701
30.13/18.14	satimage 0.261741992992 0.0928034862091 0.468330586321
30.82/18.50	lymph 0.196564661513 0.0597939433882 0.533618908223
31.39/18.86	audiology 0.311035907564 0.114750228678 0.374599827154
32.01/19.22	ecoli 0.414924444849 0.227826244853 0.118294682259
32.60/19.58	tic-tac-toe 0.333207569364 0.168862098542 0.321916676312
33.22/19.94	spambase 0.229328698758 0.0633143700821 0.819982537954
33.91/20.30	zoo 0.0874773030328 0.0108834261774 0.853273117934
34.48/20.66	sonar 0.4949453544 0.306842308448 -0.103750254112
35.09/21.02	mfeat-zernike 0.282085001196 0.111687712329 0.32256309534
35.69/21.38	kr-vs-kp 0.165674975525 0.0361059789163 0.731099921503
35.69/21.40	MAE 0.293169708612 0.11826317124
35.69/21.40	MSE 0.130987159451 0.130987159451
35.69/21.40	Mean tau 0.398851881416 0.318614723433
35.69/21.40	(0.14035087719298245, '1_class_probability_max')
35.69/21.40	(0.8771929824561403, '0_class_probability_max')
35.69/21.40	(2.9298245614035086, '0_landmark_naive_bayes')
35.69/21.40	(3.1052631578947367, '1_landmark_decision_tree')
35.69/21.40	(3.456140350877193, '0_landmark_decision_tree')
35.69/21.40	(4.7368421052631575, '1_landmark_naive_bayes')
35.69/21.40	(7.824561403508772, '0_number_of_numeric_features')
35.69/21.40	(8.385964912280702, '1_number_of_categorical_features')
35.69/21.40	(8.68421052631579, '1_number_of_numeric_features')
35.77/21.40	(8.929824561403509, '0_landmark_lda')
35.77/21.40	(9.929824561403509, '0_number_of_categorical_features')
35.77/21.40	(9.964912280701755, '0_number_of_features')
35.77/21.40	(10.964912280701755, '1_landmark_lda')
35.77/21.40	(11.070175438596491, '1_number_of_features')
35.77/21.40	(14.456140350877194, '1_number_of_classes')
35.77/21.40	(14.543859649122806, '0_number_of_classes')
35.77/21.40	Result for ParamILS: SAT, 20.500547, 1, 0.293170, -1, /home/feurerm/thesis/Software/pyMetaLearn/optimizers/metalearn_optimizer/learn_distances.py
