0.68/0.88	['/home/feurerm/thesis/Software/pyMetaLearn/optimizers/metalearn_optimizer/learn_distances.py', '--input_file', '/home/feurerm/thesis/experiments/2014_04_25_predict_distances/testfold_0-3_pfahringer_spearman_rank_perm.pkl', '--fold', '0', '--folds', '1', '--params', '-max_features', '0.668349068415', '-min_samples_leaf', '6', '-min_samples_split', '5', '-n_estimators', '70', '-n_jobs', '4', '-seed', '54']
0.68/0.89	Metafeatures (57, 8)
0.68/0.89	X (3192, 16)
0.68/0.89	Y (3192,)
0.68/0.89	Dataset Mae MSE Rho
2.18/1.43	vehicle 0.345345488662 0.145542907357 0.383003274527
3.79/2.04	anneal.ORIG 0.475538450489 0.2669908285 0.500005118729
5.37/2.64	segment 0.204430290793 0.0530813195227 0.806084528836
7.00/3.23	pendigits 0.281847636679 0.103940350672 0.685204170462
8.53/4.03	mushroom 0.179745376462 0.0404352642012 0.667750856686
10.12/4.61	labor 0.295970974702 0.122587913092 0.241114297719
11.67/5.19	abalone 0.262918317906 0.0876310100642 0.660317037856
13.29/5.88	diabetes 0.518361308356 0.337128091242 0.226569869573
14.91/6.60	car 0.359803237529 0.167975560605 0.181320537561
16.49/7.28	autos 0.22159888171 0.0622793476069 0.74790681625
18.07/7.97	mfeat-fourier 0.557348072876 0.402715766631 -0.434716796826
19.71/8.67	primary-tumor 0.218405996774 0.0603241811063 0.54299198414
21.28/9.26	waveform-5000 0.169396806833 0.0409652543056 0.764713710997
22.85/9.84	credit-a 0.365574419873 0.186130379349 0.431484701683
24.35/10.42	letter 0.237562817649 0.0782052922707 0.652883219025
25.93/11.12	postoperative-patient-data 0.440198500691 0.255707225899 0.00678739980175
27.50/11.80	vowel 0.421437584647 0.219541034769 0.390437093358
29.04/12.39	eucalyptus 0.422801363187 0.232326256315 -0.0879129879084
30.62/12.98	cylinder-bands 0.324181653606 0.124143768085 0.462836024576
32.20/13.57	ionosphere 0.405264577872 0.196527949307 0.102457416055
33.78/14.15	mfeat-karhunen 0.156862841334 0.0357029947195 0.793156148262
35.33/14.74	balance-scale 0.239648431973 0.0779202880294 0.464452072148
36.89/15.43	mfeat-morphological 0.461044267035 0.276588670568 -0.174533137759
38.48/16.14	liver-disorders 0.280928948181 0.10393603111 0.334198637858
40.07/16.93	dermatology 0.201827883342 0.0531017753356 0.48901599524
41.79/17.62	vote 0.0780256833021 0.00954858056475 0.779904558173
43.38/18.20	breast-cancer 0.137445124352 0.0257630703498 0.378155131812
44.83/18.78	credit-g 0.615776759304 0.509266689781 -0.61991584856
46.41/19.36	soybean 0.119723379199 0.0228133316458 0.75824952071
47.97/19.95	arrhythmia 0.273268642542 0.101843148896 0.248871326064
49.56/20.53	nursery 0.264591068252 0.0895686690841 0.619269429531
51.15/21.22	hepatitis 0.26115585839 0.0959576949563 0.249194535579
52.86/22.01	cmc 0.259639434961 0.0888210916626 0.31739174311
54.35/22.74	heart-c 0.23169659177 0.0731265895959 0.797681081463
55.94/24.98	glass 0.372318580552 0.167488928772 0.260506868581
57.57/25.67	braziltourism 0.454084570862 0.264568702229 0.0827416356785
59.17/26.25	iris 0.287112864852 0.108414381531 0.336784313973
60.73/26.84	heart-statlog 0.272133427047 0.100180124778 0.744674721106
62.36/27.55	page-blocks 0.418094083393 0.237754410203 0.170977833101
63.96/28.34	breast-w 0.220173653995 0.0634867283772 0.535881374824
65.56/29.03	heart-h 0.16686636653 0.0378987507624 0.677447142118
67.19/29.61	yeast 0.283856966209 0.100433372072 0.639631628936
68.68/30.19	tae 0.364771370961 0.160285871138 0.193925708621
70.30/30.88	haberman 0.262724708044 0.0879692369941 0.0872665688796
71.86/31.67	mfeat-pixel 0.361139692385 0.159962332834 0.197481013279
73.48/32.36	optdigits 0.175724903005 0.0407768508841 0.777965301086
75.11/32.94	mfeat-factors 0.196804161159 0.0528197628403 0.734978435675
76.62/33.53	satimage 0.272638485155 0.0995454107401 0.441180987114
78.21/34.23	lymph 0.210417569008 0.064139432357 0.494833766499
79.78/35.02	audiology 0.320878966133 0.129172416534 0.372337360553
81.38/35.72	ecoli 0.392856793066 0.19840248328 0.203621994053
83.00/36.33	tic-tac-toe 0.306331633346 0.136846460187 0.651267171454
84.56/37.01	spambase 0.212656691564 0.0564636632566 0.85294990842
86.12/37.60	zoo 0.104065260584 0.015540302169 0.8322644995
87.74/38.39	sonar 0.49316013524 0.303110329145 -0.0678739980175
89.32/39.08	mfeat-zernike 0.233991879861 0.0776036864959 0.595351925468
90.89/39.67	kr-vs-kp 0.168412116243 0.0371516146448 0.729807083445
91.01/39.71	MAE 0.29544879913 0.116826359491
91.01/39.71	MSE 0.130669361043 0.130669361043
91.01/39.71	Mean tau 0.419514608966 0.319745922311
91.01/39.71	(0.0, '1_class_probability_max')
91.01/39.71	(1.0, '0_class_probability_max')
91.01/39.71	(2.0526315789473686, '0_landmark_decision_tree')
91.01/39.71	(3.2280701754385963, '0_landmark_naive_bayes')
91.01/39.71	(4.175438596491228, '1_landmark_naive_bayes')
91.01/39.71	(4.719298245614035, '1_landmark_decision_tree')
91.01/39.71	(7.087719298245614, '1_number_of_numeric_features')
91.01/39.71	(7.771929824561403, '0_number_of_numeric_features')
91.01/39.71	(8.350877192982455, '1_number_of_categorical_features')
91.01/39.71	(9.508771929824562, '0_number_of_categorical_features')
91.01/39.71	(10.210526315789474, '1_number_of_features')
91.01/39.71	(10.368421052631579, '0_landmark_lda')
91.01/39.71	(11.228070175438596, '1_landmark_lda')
91.01/39.71	(11.298245614035087, '0_number_of_features')
91.01/39.71	(14.368421052631579, '0_number_of_classes')
91.01/39.71	(14.631578947368421, '1_number_of_classes')
91.01/39.71	Result for ParamILS: SAT, 38.823306, 1, 0.295449, -1, /home/feurerm/thesis/Software/pyMetaLearn/optimizers/metalearn_optimizer/learn_distances.py
