0.71/1.00	['/home/feurerm/thesis/Software/pyMetaLearn/optimizers/metalearn_optimizer/learn_distances.py', '--input_file', '/home/feurerm/thesis/experiments/2014_04_25_predict_distances/testfold_0-3_pfahringer_spearman_rank_perm.pkl', '--fold', '0', '--folds', '1', '--params', '-max_features', '0.406713758398', '-min_samples_leaf', '2', '-min_samples_split', '5', '-n_estimators', '60', '-n_jobs', '4', '-seed', '90']
0.78/1.00	Metafeatures (57, 8)
0.78/1.00	X (3192, 16)
0.78/1.00	Y (3192,)
0.78/1.00	Dataset Mae MSE Rho
1.73/1.45	vehicle 0.325009189055 0.130926068616 0.421465206737
2.84/2.05	anneal.ORIG 0.33663693466 0.142870087647 0.618299800988
3.95/2.53	segment 0.158376289333 0.0325681318492 0.861999774822
5.05/3.02	pendigits 0.249966183252 0.0815340364883 0.748230025764
6.16/3.51	mushroom 0.159107349484 0.0319501568865 0.735624854704
7.25/4.10	labor 0.33061679683 0.154971228601 0.219782469771
8.37/4.59	abalone 0.196644699818 0.0527774036851 0.715585864813
9.51/5.19	diabetes 0.50345483294 0.327861335459 0.147706748067
10.62/5.67	car 0.340997843397 0.168272041008 0.542668774626
11.72/6.16	autos 0.210872955258 0.0582072275191 0.688436265606
12.81/6.64	mfeat-fourier 0.559655315955 0.406770303578 -0.443443453714
13.88/7.13	primary-tumor 0.225000524975 0.0621853491893 0.512610289789
15.00/7.68	waveform-5000 0.177304680467 0.0434991999763 0.753401377994
16.08/8.16	credit-a 0.366708917597 0.188471436834 0.461543186519
17.17/8.64	letter 0.237277287596 0.0785802666466 0.65320642854
18.26/9.13	postoperative-patient-data 0.410339838689 0.215080611799 0.15611019544
19.36/9.62	vowel 0.418183608868 0.225172426052 0.356823303863
20.55/10.10	eucalyptus 0.412679144518 0.222152813327 -0.0229478755202
21.54/10.58	cylinder-bands 0.309610715115 0.115936653743 0.513579918332
22.65/11.07	ionosphere 0.413745512195 0.20450036697 0.0714293026756
23.71/11.55	mfeat-karhunen 0.117422532334 0.0220487015486 0.851657070362
24.83/12.03	balance-scale 0.206222040416 0.060336889756 0.597937601583
25.89/12.51	mfeat-morphological 0.488121316193 0.314953863332 -0.256628354409
27.04/13.00	liver-disorders 0.250746275384 0.0792911898713 0.703950322296
28.04/13.49	dermatology 0.206827898456 0.0568248811927 0.515195965904
29.13/13.98	vote 0.0703403268814 0.00846320433368 0.781520605744
30.22/14.46	breast-cancer 0.193169970419 0.0468338471989 0.351328742119
31.34/14.95	credit-g 0.628096292759 0.526333125871 -0.705566369868
32.43/15.43	soybean 0.13313828708 0.0293352079028 0.621531896132
33.51/15.92	arrhythmia 0.27166226501 0.102587338676 0.156756614469
34.68/16.41	nursery 0.253637595119 0.0811081373193 0.65546889514
35.80/16.90	hepatitis 0.303664982012 0.132202303562 0.0093730759167
36.79/17.38	cmc 0.290856769368 0.107031176384 0.299938429334
37.89/17.96	heart-c 0.200272860848 0.0537542930635 0.90175454509
39.00/18.45	glass 0.368854631705 0.16632258637 0.261476497125
40.10/18.94	braziltourism 0.435286649151 0.246312079482 0.0100194949454
41.20/19.43	iris 0.303273892648 0.118759281172 0.315775695539
42.29/19.92	heart-statlog 0.229942380179 0.0741816583283 0.834203756587
43.43/20.41	page-blocks 0.343144800345 0.164309877776 0.309311505251
44.62/20.90	breast-w 0.214978949004 0.064953528457 0.486107109611
45.74/21.40	heart-h 0.144472893722 0.0279448707309 0.734008807132
46.75/21.89	yeast 0.246701080112 0.0773265117321 0.715909074327
47.87/22.39	tae 0.360004961387 0.157393036351 0.157403033498
48.98/22.88	haberman 0.2455491156 0.0807568614085 0.205238041624
50.10/23.37	mfeat-pixel 0.326120626848 0.128771445455 0.285394001188
51.21/23.86	optdigits 0.12201538854 0.0210809539134 0.841314365903
52.31/24.35	mfeat-factors 0.168742889111 0.0427758772452 0.79671145292
53.39/24.84	satimage 0.259306892843 0.0922433637275 0.477057243209
54.47/25.33	lymph 0.200802134357 0.0601738281904 0.521013737163
55.57/25.82	audiology 0.337209577172 0.154625700019 0.271172782556
56.65/26.30	ecoli 0.401756188661 0.207629289908 0.188754356392
57.73/26.79	tic-tac-toe 0.274345102262 0.11428619053 0.633813857678
58.84/27.27	spambase 0.206316203074 0.0527254492014 0.862969403365
59.91/27.76	zoo 0.086893081008 0.0105006951392 0.851010651334
61.02/28.25	sonar 0.502280608605 0.314490235384 -0.0992253209113
62.13/28.74	mfeat-zernike 0.266124220099 0.0979056526564 0.425020511395
63.22/29.22	kr-vs-kp 0.144581213013 0.0273293009099 0.782813443802
63.22/29.27	MAE 0.283246868627 0.118852709946
63.22/29.27	MSE 0.124003325964 0.124003325964
63.22/29.27	Mean tau 0.439712368443 0.343548351864
63.22/29.27	(0.10526315789473684, '1_class_probability_max')
63.22/29.27	(0.8947368421052632, '0_class_probability_max')
63.22/29.27	(2.754385964912281, '1_landmark_decision_tree')
63.22/29.27	(3.2982456140350878, '0_landmark_naive_bayes')
63.22/29.27	(3.491228070175439, '0_landmark_decision_tree')
63.22/29.27	(5.350877192982456, '1_landmark_naive_bayes')
63.22/29.27	(5.508771929824562, '1_landmark_lda')
63.22/29.27	(6.7368421052631575, '0_landmark_lda')
63.22/29.27	(9.368421052631579, '1_number_of_numeric_features')
63.22/29.27	(9.56140350877193, '0_number_of_features')
63.22/29.27	(9.56140350877193, '0_number_of_numeric_features')
63.22/29.27	(11.157894736842104, '1_number_of_categorical_features')
63.22/29.27	(11.403508771929825, '0_number_of_categorical_features')
63.22/29.27	(11.824561403508772, '1_number_of_features')
63.22/29.27	(14.456140350877194, '0_number_of_classes')
63.22/29.27	(14.526315789473685, '1_number_of_classes')
63.22/29.27	Result for ParamILS: SAT, 28.272283, 1, 0.283247, -1, /home/feurerm/thesis/Software/pyMetaLearn/optimizers/metalearn_optimizer/learn_distances.py
