0.84/4.13	['/home/feurerm/thesis/Software/pyMetaLearn/optimizers/metalearn_optimizer/learn_distances.py', '--input_file', '/home/feurerm/thesis/experiments/2014_04_25_predict_distances/testfold_0-3_pfahringer_spearman_rank_perm.pkl', '--fold', '0', '--folds', '1', '--params', '-max_features', '0.381468144396', '-min_samples_leaf', '4', '-min_samples_split', '10', '-n_estimators', '6', '-n_jobs', '4', '-seed', '5']
0.84/4.14	Metafeatures (57, 8)
0.84/4.14	X (3192, 16)
0.84/4.14	Y (3192,)
0.84/4.14	Dataset Mae MSE Rho
0.99/4.45	vehicle 0.347001409588 0.156282797254 0.350282046541
1.14/5.05	anneal.ORIG 0.373415045483 0.193921857309 0.247698062265
1.31/5.34	segment 0.214529178213 0.0619101631957 0.723459289151
1.46/5.67	pendigits 0.307371857688 0.120782547953 0.557509357877
1.64/5.94	mushroom 0.180001495394 0.0426583597754 0.649323018438
1.79/6.19	labor 0.313899918662 0.138922217526 0.29980094081
1.95/6.45	abalone 0.278234855881 0.107207403843 0.493742250228
2.11/6.86	diabetes 0.526806555609 0.355671235778 0.147131355523
2.29/7.11	car 0.492725494066 0.352670726691 -0.0365344319806
2.44/7.54	autos 0.201759695626 0.0625673528261 0.547810731762
2.61/8.04	mfeat-fourier 0.579505389138 0.449019822961 -0.293060152459
2.77/8.29	primary-tumor 0.204994677283 0.0589988976311 0.516571914237
2.93/8.83	waveform-5000 0.219414822671 0.074006554256 0.587251811298
3.09/9.09	credit-a 0.337536043628 0.174512014598 0.486430319125
3.24/9.34	letter 0.258538698349 0.0933906354138 0.515241626784
3.40/14.66	postoperative-patient-data 0.419041111068 0.231190210229 0.128568891612
3.54/14.92	vowel 0.431528613277 0.242052538897 0.256346387979
3.72/15.17	eucalyptus 0.451889808404 0.280729488735 -0.068698601652
3.88/15.53	cylinder-bands 0.299573739203 0.113230844283 0.445256922873
4.04/15.78	ionosphere 0.433323511743 0.239267391638 0.0103443687457
4.20/16.03	mfeat-karhunen 0.199242720758 0.0597141281529 0.681865320364
4.36/16.43	balance-scale 0.220218016006 0.0714949767963 0.476240869978
4.51/16.89	mfeat-morphological 0.492012305778 0.32608755608 -0.0604596352246
4.67/17.18	liver-disorders 0.291991325164 0.11786980263 0.15049034856
4.83/17.65	dermatology 0.214159427966 0.0624983282232 0.480689885151
4.99/17.90	vote 0.0872695046102 0.0128846157492 0.749320211015
5.15/18.16	breast-cancer 0.252088557432 0.085354255372 0.150340804168
5.32/18.63	credit-g 0.578846784608 0.448255527336 -0.287287220206
5.48/18.87	soybean 0.170944136284 0.0479440887037 0.507318141887
5.63/19.12	arrhythmia 0.306312120729 0.120875930483 0.216082942244
5.78/19.46	nursery 0.296951823151 0.111248666135 0.497377875961
5.95/19.71	hepatitis 0.299741309973 0.12517682125 0.00501095682638
6.12/19.97	cmc 0.297803713907 0.117995525926 0.258650845881
6.27/20.25	heart-c 0.267717761112 0.10218769686 0.66462569191
6.43/20.56	glass 0.360553464361 0.169870691999 0.241760716748
6.58/20.81	braziltourism 0.364021920966 0.175317906997 0.209864285131
6.75/21.36	iris 0.29633147137 0.110924591857 0.36192039788
6.93/21.85	heart-statlog 0.266860197663 0.102296618934 0.541226895005
7.07/22.09	page-blocks 0.370408965744 0.187887889809 0.212595776348
7.22/22.41	breast-w 0.218651237353 0.074350798548 0.493419014712
7.38/22.71	heart-h 0.175548117782 0.0511365923698 0.550279674611
7.55/23.11	yeast 0.315991843367 0.128498415241 0.516895175761
7.71/23.35	tae 0.367637001449 0.172484144526 0.123142824975
7.85/23.61	haberman 0.250457731 0.085887483969 0.194165420072
8.03/23.93	mfeat-pixel 0.33157988872 0.138280777549 0.264751187585
8.19/24.39	optdigits 0.169323871621 0.0413673271594 0.75018873004
8.34/24.71	mfeat-factors 0.198725565229 0.0581124782144 0.666026780095
8.51/25.15	satimage 0.280852254689 0.110375293208 0.425539556416
8.67/25.41	lymph 0.223504645564 0.0784146961824 0.505904283968
8.82/25.68	audiology 0.348751684772 0.172007856521 0.241980721584
9.00/26.02	ecoli 0.381210625678 0.205683089184 0.209150205577
9.15/26.34	tic-tac-toe 0.300375600364 0.131636079666 0.380417598412
9.30/26.61	spambase 0.196404091162 0.0520898710538 0.728837454902
9.48/27.05	zoo 0.112629416423 0.0194960440213 0.744267809021
9.65/27.40	sonar 0.543585453565 0.372950420195 -0.265861211661
9.80/27.75	mfeat-zernike 0.279544840945 0.114199479583 0.329350495142
9.97/28.13	kr-vs-kp 0.180165820027 0.044040928856 0.688440810438
9.97/28.13	MAE 0.304903634005 0.111335692583
9.97/28.13	MSE 0.143085797476 0.143085797476
9.97/28.13	Mean tau 0.353842241236 0.266803024057
9.97/28.13	(0.03508771929824561, '0_class_probability_max')
9.97/28.13	(1.5263157894736843, '1_class_probability_max')
9.97/28.13	(2.807017543859649, '1_landmark_naive_bayes')
9.97/28.13	(5.350877192982456, '0_landmark_naive_bayes')
9.97/28.13	(5.4035087719298245, '1_number_of_features')
9.97/28.13	(5.508771929824562, '0_landmark_decision_tree')
9.97/28.13	(6.421052631578948, '1_landmark_decision_tree')
9.97/28.13	(7.771929824561403, '0_landmark_lda')
9.97/28.13	(8.368421052631579, '1_landmark_lda')
9.97/28.13	(8.368421052631579, '1_number_of_numeric_features')
9.97/28.13	(9.12280701754386, '0_number_of_numeric_features')
9.97/28.13	(9.614035087719298, '0_number_of_features')
9.97/28.13	(10.929824561403509, '1_number_of_categorical_features')
9.97/28.13	(11.543859649122806, '0_number_of_categorical_features')
9.97/28.13	(13.228070175438596, '1_number_of_classes')
9.97/28.13	(14.0, '0_number_of_classes')
9.97/28.13	Result for ParamILS: SAT, 24.001273, 1, 0.304904, -1, /home/feurerm/thesis/Software/pyMetaLearn/optimizers/metalearn_optimizer/learn_distances.py
