0.77/0.90	['/home/feurerm/thesis/Software/pyMetaLearn/optimizers/metalearn_optimizer/learn_distances.py', '--input_file', '/home/feurerm/thesis/experiments/2014_04_25_predict_distances/testfold_0-3_pfahringer_spearman_rank_perm.pkl', '--fold', '0', '--folds', '1', '--params', '-max_features', '0.849014948749', '-min_samples_leaf', '7', '-min_samples_split', '8', '-n_estimators', '24', '-n_jobs', '4', '-seed', '66']
0.77/0.90	Metafeatures (57, 8)
0.77/0.90	X (3192, 16)
0.77/0.90	Y (3192,)
0.77/0.90	Dataset Mae MSE Rho
1.41/1.25	vehicle 0.335916313812 0.139009491729 0.47123947195
2.18/1.60	anneal.ORIG 0.496128104499 0.301766149661 -0.0806472611666
2.84/1.95	segment 0.185138986746 0.0441996094023 0.813195138153
3.51/2.30	pendigits 0.265273014259 0.092362369022 0.702334274724
4.20/2.66	mushroom 0.197314921015 0.0491598897735 0.629288924477
4.90/3.01	labor 0.285270393749 0.110239010969 0.234003688403
5.59/3.36	abalone 0.267239272703 0.091028346845 0.661609875913
6.28/3.71	diabetes 0.513031402415 0.325602824012 0.242407135777
6.97/4.07	car 0.379619145141 0.19620307705 0.198450641823
7.63/4.42	autos 0.239101179427 0.0723961833844 0.695546874922
8.32/4.77	mfeat-fourier 0.558647123345 0.412722867734 -0.407890407134
8.99/5.12	primary-tumor 0.233061200567 0.0697045510546 0.475764405151
9.67/5.47	waveform-5000 0.161397605874 0.0388296821544 0.749522863822
10.35/5.83	credit-a 0.369367285169 0.195399996682 0.390760302872
11.05/6.19	letter 0.242347360199 0.0802635945529 0.58662526858
11.75/6.54	postoperative-patient-data 0.44328831645 0.257101096606 -0.00905132265247
12.47/6.90	vowel 0.402611363412 0.19832927021 0.404981521504
13.11/7.25	eucalyptus 0.422769029277 0.234553648223 -0.069166836075
13.84/7.60	cylinder-bands 0.327285406753 0.132150925909 0.445382710801
14.48/7.96	ionosphere 0.390469498031 0.18252541386 0.159342290584
15.17/8.31	mfeat-karhunen 0.149348102934 0.0337941540931 0.779258139144
15.87/8.67	balance-scale 0.253358597343 0.0849933850722 0.355207256292
16.54/9.03	mfeat-morphological 0.470088766411 0.291848575497 -0.272465620613
17.21/9.38	liver-disorders 0.305346200105 0.127752608861 0.223840594621
17.92/9.73	dermatology 0.204772356106 0.0547756229485 0.487399947669
18.62/10.09	vote 0.0863179726304 0.0117496078372 0.758572730224
19.29/10.44	breast-cancer 0.13024874087 0.0252420799628 0.396578074131
19.99/10.79	credit-g 0.695025418562 0.642806832532 -0.679386399204
20.68/11.14	soybean 0.13275641983 0.0285682294123 0.675184675517
21.34/11.49	arrhythmia 0.262411698068 0.0946868055736 0.298968800791
22.03/11.84	nursery 0.277622636497 0.0966651353653 0.567232697718
22.71/12.19	hepatitis 0.253628308998 0.0952437222022 0.404335102476
23.39/12.55	cmc 0.242098035087 0.0790981654782 0.340662828145
24.07/12.90	heart-c 0.23425276804 0.0752919361732 0.775702834486
24.76/13.26	glass 0.363240567852 0.158977279603 0.325795190484
25.47/13.61	braziltourism 0.438350310599 0.248874110153 0.107799044485
26.15/13.96	iris 0.268051471342 0.09907528584 0.356823303863
26.84/14.31	heart-statlog 0.240506555083 0.0826676428513 0.739826578391
27.53/14.67	page-blocks 0.42397262118 0.240378585883 0.0987484500456
28.23/15.03	breast-w 0.206227724841 0.0573468316683 0.556566783744
28.92/15.38	heart-h 0.143824791665 0.0286922325364 0.70201106521
29.58/15.74	yeast 0.275196745653 0.0982362570961 0.612805239244
30.30/16.09	tae 0.394505578711 0.187306743358 0.15611019544
30.97/16.44	haberman 0.283635215309 0.109443990165 -0.0349066275519
31.69/16.80	mfeat-pixel 0.361830970896 0.16264380409 0.17162425213
32.35/17.16	optdigits 0.189085342894 0.0475603111074 0.751785330422
33.04/17.51	mfeat-factors 0.202123698439 0.0540543553105 0.681648865804
33.73/17.86	satimage 0.272885015491 0.102330189193 0.388821045786
34.42/18.23	lymph 0.222332181859 0.073232515177 0.417586692565
35.10/18.58	audiology 0.308166698578 0.117651262328 0.388690707626
35.80/18.94	ecoli 0.419377828313 0.226845181993 0.0795095405348
36.49/19.29	tic-tac-toe 0.356904601879 0.185964831449 0.380286584218
37.18/19.65	spambase 0.205818996052 0.0509510218959 0.826123518727
37.88/20.01	zoo 0.107896819482 0.016465035965 0.807700576408
38.56/20.36	sonar 0.478931657139 0.287301904717 -0.00161604757185
39.24/20.71	mfeat-zernike 0.220257784198 0.0658902978524 0.590066433906
39.96/21.07	kr-vs-kp 0.180080674366 0.0418035097057 0.691021941721
39.96/21.09	MAE 0.297820294669 0.121589705659
39.96/21.09	MSE 0.135258912979 0.135258912979
39.96/21.09	Mean tau 0.389467015604 0.322888474747
39.96/21.09	(0.017543859649122806, '1_class_probability_max')
39.96/21.09	(0.9824561403508771, '0_class_probability_max')
39.96/21.09	(2.824561403508772, '0_landmark_naive_bayes')
39.96/21.09	(2.982456140350877, '0_landmark_decision_tree')
39.96/21.09	(3.6842105263157894, '1_landmark_naive_bayes')
39.96/21.09	(6.140350877192983, '1_number_of_numeric_features')
39.96/21.09	(7.035087719298246, '0_number_of_numeric_features')
39.96/21.09	(7.771929824561403, '1_landmark_decision_tree')
39.96/21.09	(8.263157894736842, '0_number_of_categorical_features')
39.96/21.09	(9.24561403508772, '1_number_of_features')
39.96/21.09	(9.666666666666666, '1_number_of_categorical_features')
39.96/21.09	(9.929824561403509, '0_number_of_features')
39.96/21.09	(10.68421052631579, '1_landmark_lda')
39.96/21.09	(11.824561403508772, '0_landmark_lda')
39.96/21.09	(14.298245614035087, '0_number_of_classes')
39.96/21.09	(14.649122807017545, '1_number_of_classes')
39.96/21.09	Result for ParamILS: SAT, 20.189613, 1, 0.297820, -1, /home/feurerm/thesis/Software/pyMetaLearn/optimizers/metalearn_optimizer/learn_distances.py
