0.77/0.90	['/home/feurerm/thesis/Software/pyMetaLearn/optimizers/metalearn_optimizer/learn_distances.py', '--input_file', '/home/feurerm/thesis/experiments/2014_04_25_predict_distances/testfold_0-3_pfahringer_spearman_rank_perm.pkl', '--fold', '0', '--folds', '1', '--params', '-max_features', '0.448414819029', '-min_samples_leaf', '8', '-min_samples_split', '10', '-n_estimators', '100', '-n_jobs', '4', '-seed', '76']
0.77/0.91	Metafeatures (57, 8)
0.77/0.91	X (3192, 16)
0.77/0.91	Y (3192,)
0.77/0.91	Dataset Mae MSE Rho
2.21/1.67	vehicle 0.351276762337 0.151902743799 0.390113883843
3.79/2.47	anneal.ORIG 0.349176716661 0.152223412881 0.554304317143
5.39/3.17	segment 0.238453217169 0.0714134909666 0.773440367885
6.97/3.98	pendigits 0.309776583992 0.12111894033 0.667750856686
8.56/4.79	mushroom 0.193939033671 0.0468578342912 0.652560009511
10.19/5.62	labor 0.29421423316 0.123933162981 0.289595724875
11.77/6.44	abalone 0.297853233928 0.114118015904 0.560122088402
13.42/7.24	diabetes 0.504084823796 0.328921615298 0.185522261248
15.03/7.96	car 0.345009346717 0.16211565951 0.342602085231
16.70/8.76	autos 0.235088724784 0.0713954571407 0.569495164318
18.21/9.57	mfeat-fourier 0.538885321962 0.377065864135 -0.413384968878
19.93/10.40	primary-tumor 0.223682059059 0.0611743354558 0.556243574229
21.43/11.13	waveform-5000 0.196496614893 0.0526318765365 0.749199654307
23.03/11.95	credit-a 0.383090842066 0.205656640751 0.362317865608
24.59/12.76	letter 0.23580654128 0.0796084072923 0.666134809115
26.23/13.57	postoperative-patient-data 0.411145488455 0.219417944435 0.0326441609513
27.93/14.39	vowel 0.457390437922 0.259915720192 0.236912574033
29.44/15.21	eucalyptus 0.39914541505 0.207680994712 0.00129283805748
31.02/16.02	cylinder-bands 0.338286498325 0.14541734131 0.407243988105
32.58/16.82	ionosphere 0.414650948642 0.206414199259 0.0830648451928
34.24/17.64	mfeat-karhunen 0.193105862107 0.0510605806484 0.776349253514
35.72/18.45	balance-scale 0.247006603033 0.0762034130697 0.410476083249
37.28/19.25	mfeat-morphological 0.456001339246 0.274104736391 -0.191340032506
38.90/20.08	liver-disorders 0.271904591412 0.0983116983047 0.53264927968
40.46/20.78	dermatology 0.190330337423 0.0478402140488 0.53555816531
42.08/21.59	vote 0.0747377198679 0.0087026162407 0.797681081463
43.70/22.61	breast-cancer 0.142658116981 0.028726888964 0.428899025568
45.30/23.43	credit-g 0.577057204007 0.438516178634 -0.655792104655
46.96/24.23	soybean 0.128943419048 0.0259897301787 0.741442625963
48.47/24.95	arrhythmia 0.274043161926 0.104085310065 0.219459260257
50.05/25.76	nursery 0.286363858156 0.104763729033 0.569818373833
51.70/26.57	hepatitis 0.313074481377 0.14050545929 -0.226246660058
53.44/27.42	cmc 0.280530418495 0.0984120860813 0.289595724875
54.96/28.23	heart-c 0.264962927148 0.0917415423405 0.786045538946
56.59/29.04	glass 0.368187706043 0.164119156468 0.294120658076
58.16/29.86	braziltourism 0.445603530376 0.257341231596 0.0740149787905
59.77/30.67	iris 0.300203723766 0.118014299184 0.283131534587
61.38/31.49	heart-statlog 0.280469846131 0.106660676213 0.755663844595
63.00/32.31	page-blocks 0.343067069421 0.157936556994 0.407890407134
64.72/33.11	breast-w 0.21946266123 0.0664084200002 0.457987881861
66.22/33.92	heart-h 0.189406598683 0.0441837894038 0.688113056092
67.79/34.62	yeast 0.312546017382 0.124784211735 0.553011479085
69.45/35.45	tae 0.337646402642 0.138688512057 0.190047194449
71.11/36.27	haberman 0.258807268104 0.0857995145863 0.0837112642216
72.63/37.08	mfeat-pixel 0.34048470653 0.143079846981 0.223014564915
74.28/37.88	optdigits 0.216894183401 0.0600422087405 0.734655226161
75.86/38.69	mfeat-factors 0.219466472102 0.0668572874239 0.713646607727
77.68/39.51	satimage 0.27273674528 0.099580068203 0.427929397025
79.11/40.30	lymph 0.188590536832 0.0520494692599 0.574666516548
80.74/41.12	audiology 0.324252454546 0.135428862522 0.352944789691
82.33/41.93	ecoli 0.412311367625 0.214956227372 0.102134206541
83.93/42.75	tic-tac-toe 0.306030826547 0.136162425118 0.669043694744
85.60/43.58	spambase 0.21433321195 0.0584054172103 0.86038372725
87.23/44.39	zoo 0.12147116691 0.0203327953486 0.774086786914
88.90/45.21	sonar 0.505082856582 0.318401768941 -0.171947461644
90.48/45.92	mfeat-zernike 0.245848594941 0.0850890964328 0.561091716945
92.09/46.74	kr-vs-kp 0.200506602523 0.0506168645508 0.671952580373
92.09/46.79	MAE 0.298975147959 0.10558023538
92.09/46.79	MSE 0.130752395558 0.130752395558
92.09/46.79	Mean tau 0.402860813463 0.323760061094
92.09/46.79	(0.3157894736842105, '1_class_probability_max')
92.09/46.79	(0.7368421052631579, '0_class_probability_max')
92.09/46.79	(2.1052631578947367, '0_landmark_decision_tree')
92.09/46.79	(3.175438596491228, '1_landmark_decision_tree')
92.09/46.79	(4.2631578947368425, '0_landmark_naive_bayes')
92.09/46.79	(4.421052631578948, '1_landmark_naive_bayes')
92.09/46.79	(6.578947368421052, '0_landmark_lda')
92.09/46.79	(6.947368421052632, '1_landmark_lda')
92.09/46.79	(8.894736842105264, '0_number_of_numeric_features')
92.09/46.79	(9.017543859649123, '1_number_of_numeric_features')
92.09/46.79	(10.017543859649123, '1_number_of_categorical_features')
92.09/46.79	(11.403508771929825, '1_number_of_features')
92.09/46.79	(11.526315789473685, '0_number_of_categorical_features')
92.09/46.79	(11.596491228070175, '0_number_of_features')
92.09/46.79	(14.491228070175438, '0_number_of_classes')
92.09/46.79	(14.508771929824562, '1_number_of_classes')
92.09/46.79	Result for ParamILS: SAT, 45.882359, 1, 0.298975, -1, /home/feurerm/thesis/Software/pyMetaLearn/optimizers/metalearn_optimizer/learn_distances.py
