0.67/0.88	['/home/feurerm/thesis/Software/pyMetaLearn/optimizers/metalearn_optimizer/learn_distances.py', '--input_file', '/home/feurerm/thesis/experiments/2014_04_25_predict_distances/testfold_0-3_pfahringer_spearman_rank_perm.pkl', '--fold', '0', '--folds', '1', '--params', '-max_features', '0.210625281879', '-min_samples_leaf', '5', '-min_samples_split', '8', '-n_estimators', '35', '-n_jobs', '4', '-seed', '94']
0.67/0.89	Metafeatures (57, 8)
0.67/0.89	X (3192, 16)
0.67/0.89	Y (3192,)
0.67/0.89	Dataset Mae MSE Rho
1.07/1.13	vehicle 0.351091895139 0.154810562674 0.367489217838
1.46/1.39	anneal.ORIG 0.304226069484 0.120092821771 0.545900869769
1.84/1.65	segment 0.256381618962 0.0811912932691 0.731746340532
2.30/1.91	pendigits 0.318530712204 0.126095876522 0.619592639045
2.64/2.17	mushroom 0.189294303295 0.0461630300271 0.650943961939
3.03/2.43	labor 0.309668489383 0.134854542809 0.380417598412
3.41/2.69	abalone 0.313749457474 0.127284291926 0.52230657522
3.83/2.96	diabetes 0.465046944482 0.299942258372 0.0190693613478
4.23/3.24	car 0.328325734693 0.14823590929 0.464128862634
4.66/3.50	autos 0.256050292256 0.0881419452217 0.441504196628
5.02/3.87	mfeat-fourier 0.536766547586 0.374008243444 -0.383649693556
5.43/4.14	primary-tumor 0.231413242127 0.0649253834325 0.526831508422
5.91/4.41	waveform-5000 0.227817255121 0.0716204264885 0.631551391077
6.26/4.67	credit-a 0.3705005818 0.190314676009 0.455078996232
6.64/4.93	letter 0.221407973646 0.0720444558068 0.657731361741
7.04/5.29	postoperative-patient-data 0.404941730542 0.201597329086 0.0142212186322
7.46/5.56	vowel 0.447255951751 0.24833308982 0.256951563923
7.86/5.82	eucalyptus 0.377758050783 0.185772215559 0.0775702834486
8.25/6.08	cylinder-bands 0.36532312454 0.173509156894 0.203945203567
8.64/6.35	ionosphere 0.425899530441 0.224390488828 0.0109891234885
9.06/6.61	mfeat-karhunen 0.211669922902 0.0616359702209 0.755017425566
9.45/6.88	balance-scale 0.23876688536 0.0768389392303 0.436656053913
9.85/7.14	mfeat-morphological 0.483484527128 0.307240286054 -0.209762974826
10.24/7.40	liver-disorders 0.302204417176 0.121357604684 0.389790674329
10.66/7.66	dermatology 0.196928293676 0.0500643716584 0.539436679482
11.04/7.92	vote 0.0759270075446 0.00879322255548 0.805114900293
11.44/8.18	breast-cancer 0.230313739272 0.068350733932 0.234973316946
11.85/8.55	credit-g 0.541906442013 0.387980814351 -0.496773023585
12.32/8.81	soybean 0.141658923493 0.0311620724445 0.664841971057
12.67/9.07	arrhythmia 0.275384309625 0.107300385275 0.268263896926
13.05/9.33	nursery 0.300548480124 0.111866788633 0.516165594447
13.46/9.69	hepatitis 0.385142490157 0.207425785512 -0.324825561941
13.87/9.95	cmc 0.321587196495 0.123893230159 0.230125174231
14.26/10.21	heart-c 0.276106079876 0.101158702454 0.772793948856
14.65/10.47	glass 0.339858953669 0.143090661178 0.424374092367
15.03/10.73	braziltourism 0.462157890549 0.273832175907 0.0319977419225
15.46/11.00	iris 0.314632087256 0.126453244311 0.262769335182
15.85/11.26	heart-statlog 0.284665986509 0.110325659325 0.682295284833
16.26/11.52	page-blocks 0.354011181783 0.172536300278 0.367812427352
16.66/11.79	breast-w 0.225777421896 0.0729198366537 0.456371834289
17.07/12.06	heart-h 0.189294080307 0.0466038624202 0.593412668382
17.47/12.32	yeast 0.341940514031 0.14771178037 0.513256708818
17.87/12.58	tae 0.315390838701 0.121490772268 0.199097060851
18.28/12.95	haberman 0.256112832869 0.0895916784668 0.249840954607
18.70/13.21	mfeat-pixel 0.331304858626 0.135702806408 0.243053554806
19.10/13.47	optdigits 0.207093063259 0.0557461750043 0.754694216052
19.49/13.73	mfeat-factors 0.225148906642 0.0683283250984 0.694577246379
19.91/14.11	satimage 0.27900508266 0.102936679156 0.405627940533
20.33/14.37	lymph 0.184205882607 0.0488511778307 0.666134809115
20.72/14.63	audiology 0.32757763931 0.145917325962 0.301554476906
21.11/14.89	ecoli 0.420209330431 0.227128914779 0.0439564939542
21.51/15.15	tic-tac-toe 0.258398444451 0.101511425809 0.58888773518
21.91/15.41	spambase 0.225989118281 0.0689787244121 0.78863121506
22.32/15.68	zoo 0.125544135826 0.0216021247295 0.772793948856
22.72/15.94	sonar 0.515863383003 0.333614107729 -0.301554476906
23.14/16.31	mfeat-zernike 0.278178528181 0.106947474787 0.411445711792
23.56/16.58	kr-vs-kp 0.190107459002 0.0456303771796 0.683264913376
23.63/16.60	MAE 0.304132383165 0.100855422495
23.63/16.60	MSE 0.134488570429 0.134488570429
23.63/16.60	Mean tau 0.379130430697 0.313567405204
23.63/16.60	(0.631578947368421, '1_class_probability_max')
23.63/16.60	(1.368421052631579, '1_landmark_decision_tree')
23.63/16.60	(2.719298245614035, '0_class_probability_max')
23.63/16.60	(2.736842105263158, '0_landmark_decision_tree')
23.63/16.60	(4.035087719298246, '0_landmark_lda')
23.63/16.60	(4.421052631578948, '1_landmark_naive_bayes')
23.63/16.60	(5.543859649122807, '0_landmark_naive_bayes')
23.63/16.60	(7.2105263157894735, '1_landmark_lda')
23.63/16.60	(8.719298245614034, '0_number_of_categorical_features')
23.63/16.60	(9.543859649122806, '1_number_of_numeric_features')
23.63/16.60	(10.157894736842104, '0_number_of_numeric_features')
23.63/16.60	(11.017543859649123, '0_number_of_features')
23.63/16.60	(11.543859649122806, '0_number_of_classes')
23.63/16.60	(12.578947368421053, '1_number_of_categorical_features')
23.63/16.60	(13.578947368421053, '1_number_of_features')
23.63/16.60	(14.192982456140351, '1_number_of_classes')
23.63/16.60	Result for ParamILS: SAT, 15.720468, 1, 0.304132, -1, /home/feurerm/thesis/Software/pyMetaLearn/optimizers/metalearn_optimizer/learn_distances.py
