0.75/1.73	['/home/feurerm/thesis/Software/pyMetaLearn/optimizers/metalearn_optimizer/learn_distances.py', '--input_file', '/home/feurerm/thesis/experiments/2014_04_25_predict_distances/testfold_0-3_pfahringer_spearman_rank_perm.pkl', '--fold', '0', '--folds', '1', '--params', '-max_features', '0.748543401543', '-min_samples_leaf', '4', '-min_samples_split', '5', '-n_estimators', '25', '-n_jobs', '4', '-seed', '34']
0.75/1.73	Metafeatures (57, 8)
0.75/1.73	X (3192, 16)
0.75/1.73	Y (3192,)
0.75/1.73	Dataset Mae MSE Rho
1.42/2.15	vehicle 0.33151218473 0.132035969616 0.432131120711
2.10/2.61	anneal.ORIG 0.50676315115 0.307066786209 0.194102927176
2.80/3.12	segment 0.16554015685 0.0367563209005 0.845192880075
3.47/3.62	pendigits 0.246893312982 0.0793269842124 0.704596741325
4.16/4.14	mushroom 0.166358871274 0.0367980737786 0.687143427549
4.91/4.50	labor 0.323788500907 0.148570830749 0.207823717739
5.56/4.88	abalone 0.217100618841 0.0619800206687 0.708798465011
6.28/5.35	diabetes 0.533919437941 0.346950938559 0.237235783547
6.98/5.78	car 0.339612163817 0.151071566589 0.342925294746
7.67/6.15	autos 0.206040702604 0.0567988897277 0.677123932603
8.43/6.61	mfeat-fourier 0.562578609144 0.417829531613 -0.392376350444
9.08/6.98	primary-tumor 0.217947071871 0.0631812232708 0.510994242217
9.76/7.59	waveform-5000 0.162047911084 0.0393625362571 0.739180159362
10.46/8.10	credit-a 0.351940878205 0.17507528935 0.471562681464
11.14/8.72	letter 0.248597550767 0.0798954887085 0.598584020611
11.83/9.80	postoperative-patient-data 0.432250828864 0.251085511072 0.0711060931612
12.50/10.30	vowel 0.369462292923 0.170582428832 0.498389071157
13.20/10.74	eucalyptus 0.428794400166 0.238527564159 -0.0685204170462
13.89/11.11	cylinder-bands 0.295442759478 0.106701129817 0.520690527649
14.57/11.47	ionosphere 0.397662426216 0.191100840799 0.15611019544
15.30/11.85	mfeat-karhunen 0.139734854546 0.0310522771434 0.80188280515
15.98/12.36	balance-scale 0.219650042369 0.0714040141933 0.542345565111
16.69/12.73	mfeat-morphological 0.460370346209 0.282412206411 -0.168392156986
17.37/13.09	liver-disorders 0.295739249544 0.109406688407 0.480935757381
18.08/13.46	dermatology 0.218171615112 0.0617134556385 0.461543186519
18.76/18.47	vote 0.0743601620873 0.00942422934019 0.779904558173
19.47/18.82	breast-cancer 0.135625493657 0.0264796337766 0.378155131812
20.16/19.18	credit-g 0.678605734772 0.626932508123 -0.633813857678
20.85/19.54	soybean 0.130193213042 0.0260273024471 0.675507885031
21.55/19.91	arrhythmia 0.266965321674 0.0937608578957 0.264708592268
22.24/20.41	nursery 0.252724231409 0.0837264286347 0.643833352623
22.95/20.81	hepatitis 0.238046747094 0.0792509912536 0.461543186519
23.63/21.21	cmc 0.306255321881 0.125570138915 0.261799706639
24.32/21.61	heart-c 0.234509287537 0.0730528050308 0.786691957974
24.99/21.99	glass 0.344422088057 0.14371598106 0.383326484042
25.69/22.46	braziltourism 0.479216100141 0.2999453126 -0.00808023785923
26.38/23.03	iris 0.287924824175 0.109632775797 0.343571713774
27.06/23.52	heart-statlog 0.245247725678 0.079788460388 0.805761319322
27.80/24.02	page-blocks 0.486058952922 0.313360263263 -0.0817720071354
28.49/24.76	breast-w 0.215059942993 0.0612317476467 0.488046366697
29.18/25.56	heart-h 0.149709281834 0.0337000042482 0.671629370859
29.88/26.05	yeast 0.251303029812 0.0779368519104 0.717848331414
30.56/26.49	tae 0.368614374168 0.163315206343 0.165160061843
31.26/26.85	haberman 0.289977008469 0.109386592493 0.0180997328047
31.95/31.54	mfeat-pixel 0.361939323856 0.161864987533 0.185845470762
32.69/32.00	optdigits 0.146081593592 0.0291515147647 0.808993414466
33.34/32.36	mfeat-factors 0.165987887762 0.0410211343579 0.747260397221
34.03/32.71	satimage 0.255237798662 0.0914061168577 0.506792518531
34.70/33.07	lymph 0.198250571427 0.0578476544257 0.539436679482
35.38/33.45	audiology 0.306995785486 0.125588018441 0.420818787709
36.07/34.13	ecoli 0.42706130302 0.235741506435 -0.0656115314169
36.76/34.49	tic-tac-toe 0.339946312036 0.173295342169 0.329350495142
37.43/35.01	spambase 0.215554279765 0.0546554327348 0.848424975219
38.10/35.68	zoo 0.108369846448 0.015405605398 0.808023785923
38.79/36.05	sonar 0.506134622085 0.321079944997 -0.130253434291
39.47/36.68	mfeat-zernike 0.261227885539 0.097960868661 0.435363215855
40.14/37.03	kr-vs-kp 0.163769792564 0.0352039819192 0.73756411179
40.14/37.05	MAE 0.293496417215 0.126920989988
40.14/37.05	MSE 0.133739416957 0.133739416957
40.14/37.05	Mean tau 0.413246319417 0.330144674338
40.14/37.05	(0.07017543859649122, '1_class_probability_max')
40.14/37.05	(0.9298245614035088, '0_class_probability_max')
40.14/37.05	(2.7017543859649122, '0_landmark_naive_bayes')
40.14/37.05	(3.543859649122807, '1_landmark_decision_tree')
40.14/37.05	(3.719298245614035, '1_landmark_naive_bayes')
40.14/37.05	(4.631578947368421, '0_landmark_decision_tree')
40.14/37.05	(7.526315789473684, '0_number_of_numeric_features')
40.14/37.05	(8.228070175438596, '0_landmark_lda')
40.14/37.05	(8.456140350877194, '1_number_of_categorical_features')
40.14/37.05	(9.31578947368421, '1_number_of_numeric_features')
40.14/37.05	(9.736842105263158, '0_number_of_features')
40.14/37.05	(9.842105263157896, '0_number_of_categorical_features')
40.14/37.05	(10.0, '1_number_of_features')
40.14/37.05	(12.333333333333334, '1_landmark_lda')
40.14/37.05	(14.456140350877194, '0_number_of_classes')
40.14/37.05	(14.508771929824562, '1_number_of_classes')
40.14/37.05	Result for ParamILS: SAT, 35.320952, 1, 0.293496, -1, /home/feurerm/thesis/Software/pyMetaLearn/optimizers/metalearn_optimizer/learn_distances.py
