0.78/0.90	['/home/feurerm/thesis/Software/pyMetaLearn/optimizers/metalearn_optimizer/learn_distances.py', '--input_file', '/home/feurerm/thesis/experiments/2014_04_25_predict_distances/testfold_0-3_pfahringer_spearman_rank_perm.pkl', '--fold', '0', '--folds', '1', '--params', '-max_features', '0.952954072709', '-min_samples_leaf', '3', '-min_samples_split', '9', '-n_estimators', '44', '-n_jobs', '4', '-seed', '93']
0.78/0.90	Metafeatures (57, 8)
0.78/0.90	X (3192, 16)
0.78/0.90	Y (3192,)
0.78/0.90	Dataset Mae MSE Rho
2.18/1.44	vehicle 0.367306869675 0.161544551428 0.278606601386
3.69/2.01	anneal.ORIG 0.511993771462 0.323235717953 -0.158049452526
5.20/2.58	segment 0.153240098298 0.0314594634392 0.855858794049
6.70/3.16	pendigits 0.251173803448 0.0824031404407 0.737887321305
8.25/3.85	mushroom 0.171238500376 0.038728468309 0.654176057083
9.76/4.53	labor 0.32879083026 0.147434185929 0.188107937363
11.28/5.10	abalone 0.211422762812 0.0576705474784 0.743381883049
12.79/7.57	diabetes 0.525438219992 0.339224609596 0.268263896926
14.31/8.17	car 0.370726043546 0.176853841419 0.228509126659
15.84/8.74	autos 0.175989153135 0.0406298593604 0.782490234287
17.30/9.32	mfeat-fourier 0.581415516707 0.443279442304 -0.429222235082
18.81/9.99	primary-tumor 0.210062153687 0.0571280019183 0.559152459858
20.32/10.56	waveform-5000 0.145140043537 0.0315683965297 0.76051198731
21.81/11.14	credit-a 0.370298774525 0.194434664756 0.393992398016
23.31/11.71	letter 0.223227004913 0.0717090277832 0.620885477103
24.83/12.29	postoperative-patient-data 0.450318905703 0.269046177997 0.0526831508422
26.33/12.86	vowel 0.404527546091 0.203230307868 0.429222235082
27.86/13.43	eucalyptus 0.420896077377 0.233790521578 -0.0458957510404
29.41/14.00	cylinder-bands 0.328101216182 0.132318805895 0.413061759364
30.85/14.57	ionosphere 0.431474715082 0.215936637006 -0.0242407135777
32.37/15.14	mfeat-karhunen 0.121881761184 0.0234663803605 0.841637575417
33.87/15.72	balance-scale 0.253380040494 0.0852339237198 0.381064017441
35.38/16.29	mfeat-morphological 0.474171403561 0.300818970772 -0.160958338156
36.85/16.85	liver-disorders 0.314902153671 0.127453981435 0.401103007332
38.36/17.43	dermatology 0.214829003157 0.0592097364421 0.459603929433
39.86/17.99	vote 0.0849195600363 0.012377538407 0.756956682652
41.43/18.68	breast-cancer 0.141256938471 0.0298632637566 0.398387773097
42.97/19.35	credit-g 0.744326322132 0.729798510039 -0.713000188698
44.47/19.92	soybean 0.128413880683 0.026318416054 0.712353769669
45.91/20.49	arrhythmia 0.252998351988 0.0856140311546 0.525538670364
47.42/21.06	nursery 0.236099161947 0.0718269946612 0.673568627945
48.93/21.63	hepatitis 0.222624528182 0.0716677030616 0.577898611692
50.46/22.22	cmc 0.254025670885 0.0871193815431 0.358439351435
52.03/22.80	heart-c 0.201734486519 0.0584478428156 0.846485718133
53.46/23.37	glass 0.3513027078 0.14785328224 0.377831922297
54.94/23.94	braziltourism 0.475430620786 0.294419012358 0.0142212186322
56.47/24.51	iris 0.27772600638 0.101229296489 0.36102502755
57.97/25.09	heart-statlog 0.193649078855 0.0516463345698 0.802852433693
59.51/25.66	page-blocks 0.459788506597 0.287810649632 -0.0979324828538
61.02/26.23	breast-w 0.210128896749 0.0582487748589 0.689405894149
62.53/26.81	heart-h 0.12704358313 0.0233471890121 0.728514245388
64.04/27.38	yeast 0.233785307853 0.0693835259814 0.728837454902
65.53/27.96	tae 0.368451185736 0.161052704893 0.205238041624
67.09/28.53	haberman 0.300776682702 0.117591927344 -0.0349066275519
68.56/29.11	mfeat-pixel 0.381633415889 0.180086740006 0.172593880673
70.08/29.68	optdigits 0.145997965537 0.0284868132665 0.79897391952
71.56/30.25	mfeat-factors 0.176995762339 0.0452598264003 0.774733205943
73.04/30.82	satimage 0.256765633707 0.0915006000104 0.473501938551
74.52/31.39	lymph 0.247466035096 0.0952889836614 0.366842798809
76.06/31.96	audiology 0.29544346015 0.110714924511 0.457341462832
77.54/32.54	ecoli 0.377126712125 0.186140908799 0.264708592268
79.07/33.12	tic-tac-toe 0.339993382802 0.176099539283 0.297029543705
80.58/33.69	spambase 0.211310142895 0.0528608329325 0.812548719124
82.07/34.26	zoo 0.0963426322693 0.0124694477199 0.835496594644
83.59/34.83	sonar 0.514764727262 0.330052061926 -0.151908471753
85.13/35.40	mfeat-zernike 0.264416600014 0.0985137672674 0.386235369671
86.60/36.28	kr-vs-kp 0.142220210615 0.027693907459 0.769561853713
86.60/36.30	MAE 0.293454465386 0.135527182858
86.60/36.30	MSE 0.136291124453 0.136291124453
86.60/36.30	Mean tau 0.41054752475 0.351297220066
86.60/36.30	(0.05263157894736842, '1_class_probability_max')
86.60/36.30	(0.9473684210526315, '0_class_probability_max')
86.60/36.30	(2.719298245614035, '0_landmark_naive_bayes')
86.60/36.30	(2.982456140350877, '1_landmark_naive_bayes')
86.60/36.30	(5.2631578947368425, '0_landmark_decision_tree')
86.60/36.30	(5.754385964912281, '1_number_of_numeric_features')
86.60/36.30	(6.192982456140351, '0_number_of_numeric_features')
86.60/36.30	(7.017543859649122, '1_number_of_categorical_features')
86.60/36.30	(7.12280701754386, '0_number_of_categorical_features')
86.60/36.30	(9.368421052631579, '1_landmark_decision_tree')
86.60/36.30	(9.543859649122806, '1_number_of_features')
86.60/36.30	(9.56140350877193, '0_number_of_features')
86.60/36.30	(12.157894736842104, '1_landmark_lda')
86.60/36.30	(12.31578947368421, '0_landmark_lda')
86.60/36.30	(14.350877192982455, '0_number_of_classes')
86.60/36.30	(14.649122807017545, '1_number_of_classes')
86.60/36.30	Result for ParamILS: SAT, 35.406202, 1, 0.293454, -1, /home/feurerm/thesis/Software/pyMetaLearn/optimizers/metalearn_optimizer/learn_distances.py
