0.74/0.90	['/home/feurerm/thesis/Software/pyMetaLearn/optimizers/metalearn_optimizer/learn_distances.py', '--input_file', '/home/feurerm/thesis/experiments/2014_04_25_predict_distances/testfold_0-3_pfahringer_spearman_rank_perm.pkl', '--fold', '0', '--folds', '1', '--params', '-max_features', '0.242789492604', '-min_samples_leaf', '4', '-min_samples_split', '7', '-n_estimators', '14', '-n_jobs', '4', '-seed', '24']
0.74/0.91	Metafeatures (57, 8)
0.74/0.91	X (3192, 16)
0.74/0.91	Y (3192,)
0.74/0.91	Dataset Mae MSE Rho
0.92/1.15	vehicle 0.318523717443 0.130576273534 0.520367318134
1.12/1.40	anneal.ORIG 0.308066104338 0.128321181417 0.52230657522
1.34/1.65	segment 0.229333536442 0.0727799229649 0.721403636072
1.56/1.91	pendigits 0.337322702972 0.144186352735 0.537497422396
1.77/2.16	mushroom 0.190416257422 0.0479032749068 0.625410410304
1.99/2.41	labor 0.306666089988 0.126270442951 0.436656053913
2.20/2.66	abalone 0.28918818574 0.11221371767 0.552247878569
2.41/2.91	diabetes 0.460242881573 0.295697269058 0.0193925708621
2.61/3.16	car 0.412470981082 0.252478220604 0.227216288601
2.82/3.41	autos 0.288057303221 0.113292054831 0.449261224973
3.03/3.66	mfeat-fourier 0.531748107416 0.365904974754 -0.313190019424
3.23/3.91	primary-tumor 0.215570908537 0.0595900232169 0.538467050939
3.42/4.15	waveform-5000 0.210015201289 0.0637036688629 0.613128448758
3.67/4.40	credit-a 0.375396288855 0.191637020112 0.312543600395
3.84/4.65	letter 0.246063932838 0.0848607485024 0.529093975022
4.04/4.90	postoperative-patient-data 0.412813716634 0.212151072598 -0.0126051710604
4.27/5.15	vowel 0.464690692686 0.269579921782 0.138980091179
4.46/5.41	eucalyptus 0.370515785761 0.18336391827 0.144151443409
4.68/5.66	cylinder-bands 0.344669106664 0.156290853594 0.32773444757
4.88/5.91	ionosphere 0.416337788283 0.216887680335 0.0313513228938
5.08/6.16	mfeat-karhunen 0.159476907686 0.0388836072652 0.783459862831
5.29/6.41	balance-scale 0.256952535235 0.0948374458076 0.364903541723
5.49/6.67	mfeat-morphological 0.510343861078 0.340096225807 -0.111184072943
5.69/7.11	liver-disorders 0.320585588905 0.129096879295 0.496773023585
5.92/7.37	dermatology 0.190634583906 0.0491964446787 0.53038681308
6.15/7.62	vote 0.0763092053956 0.00912370333869 0.798650710006
6.38/7.87	breast-cancer 0.183723559021 0.0444416235225 0.363801572918
6.59/8.13	credit-g 0.518498189861 0.372436197891 -0.313513228938
6.81/8.38	soybean 0.129111827249 0.0274851382295 0.672275789888
7.02/8.63	arrhythmia 0.294626175139 0.118230420272 0.205561251139
7.22/8.88	nursery 0.276458322643 0.0944127129842 0.606017839442
7.44/9.13	hepatitis 0.387964180965 0.220474768642 -0.331936171257
7.64/9.37	cmc 0.337681259736 0.136173898564 0.207500508225
7.85/9.62	heart-c 0.267732247342 0.0945762728306 0.730776711988
8.07/9.87	glass 0.350498778417 0.151427509425 0.365873170266
8.27/10.12	braziltourism 0.539251978985 0.374619627372 -0.205238041624
8.47/10.37	iris 0.32416017204 0.137155404028 0.165806480871
8.68/10.61	heart-statlog 0.289630605789 0.119191770271 0.630581762534
8.88/10.87	page-blocks 0.323115920966 0.145837956549 0.3891442553
9.09/11.12	breast-w 0.240813929958 0.0806324930412 0.417909902079
9.31/11.37	heart-h 0.191313826149 0.0502755985566 0.541699146083
9.50/11.61	yeast 0.296018357117 0.113487272773 0.555920364715
9.70/11.86	tae 0.29764509647 0.112476001929 0.113446539544
9.92/12.12	haberman 0.274847973401 0.104152130929 0.134131948463
10.14/12.37	mfeat-pixel 0.346758867075 0.146328038286 0.234003688403
10.34/12.62	optdigits 0.193594661572 0.0498220891251 0.740796206934
10.55/12.87	mfeat-factors 0.211472512739 0.0631838318037 0.720110798014
10.76/13.13	satimage 0.296041943641 0.121438025621 0.330966542714
10.96/13.38	lymph 0.201066255312 0.0617350795176 0.592119830324
11.16/13.63	audiology 0.375825001538 0.206689071233 0.251780211693
11.37/13.89	ecoli 0.416858805042 0.225276929498 0.0462189605548
11.57/14.14	tic-tac-toe 0.290904523456 0.124796386024 0.54299198414
11.79/14.39	spambase 0.197137096465 0.0538479663009 0.731423131017
11.99/14.64	zoo 0.155442684543 0.0320863199237 0.684234541919
12.19/14.88	sonar 0.522142239079 0.341251059297 -0.200066689394
12.39/15.13	mfeat-zernike 0.294358330032 0.118323334421 0.292827820018
12.59/15.38	kr-vs-kp 0.19399433284 0.0468481186062 0.67992590727
12.59/15.39	MAE 0.306335116245 0.106149253063
12.59/15.39	MSE 0.139965542919 0.139965542919
12.59/15.39	Mean tau 0.362833283899 0.298500909368
12.59/15.39	(1.6842105263157894, '0_landmark_decision_tree')
12.59/15.39	(2.736842105263158, '0_landmark_naive_bayes')
12.59/15.39	(3.0526315789473686, '1_landmark_decision_tree')
12.59/15.39	(3.0701754385964914, '0_class_probability_max')
12.59/15.39	(4.456140350877193, '1_class_probability_max')
12.59/15.39	(4.7894736842105265, '1_landmark_naive_bayes')
12.59/15.39	(5.754385964912281, '0_landmark_lda')
12.59/15.39	(6.052631578947368, '0_number_of_features')
12.59/15.39	(6.140350877192983, '1_number_of_features')
12.59/15.39	(10.807017543859649, '1_number_of_classes')
12.59/15.39	(11.052631578947368, '1_number_of_categorical_features')
12.59/15.39	(11.157894736842104, '0_number_of_categorical_features')
12.59/15.39	(11.210526315789474, '1_landmark_lda')
12.59/15.39	(11.719298245614034, '1_number_of_numeric_features')
12.59/15.39	(12.175438596491228, '0_number_of_numeric_features')
12.59/15.39	(14.140350877192983, '0_number_of_classes')
12.59/15.39	Result for ParamILS: SAT, 14.491715, 1, 0.306335, -1, /home/feurerm/thesis/Software/pyMetaLearn/optimizers/metalearn_optimizer/learn_distances.py
