0.77/0.90	['/home/feurerm/thesis/Software/pyMetaLearn/optimizers/metalearn_optimizer/learn_distances.py', '--input_file', '/home/feurerm/thesis/experiments/2014_04_25_predict_distances/testfold_0-3_pfahringer_spearman_rank_perm.pkl', '--fold', '0', '--folds', '1', '--params', '-max_features', '0.513343404567', '-min_samples_leaf', '10', '-min_samples_split', '2', '-n_estimators', '94', '-n_jobs', '4', '-seed', '38']
0.77/0.90	Metafeatures (57, 8)
0.77/0.90	X (3192, 16)
0.77/0.90	Y (3192,)
0.77/0.90	Dataset Mae MSE Rho
2.20/1.66	vehicle 0.348906973811 0.149757460624 0.370074893953
3.81/2.46	anneal.ORIG 0.383327466762 0.185478301487 0.388821045786
5.47/3.28	segment 0.243914183564 0.0744582647539 0.757603101681
7.00/4.09	pendigits 0.318757259451 0.126371357901 0.654822476112
8.62/4.89	mushroom 0.206343766613 0.0529457755555 0.628965714962
10.21/5.69	labor 0.280089953081 0.111021406384 0.31739174311
11.84/6.50	abalone 0.313652680053 0.122192920505 0.573373678491
13.52/7.29	diabetes 0.511469636185 0.339075678678 0.146737119524
15.15/8.11	car 0.361974840112 0.174837812717 0.322239885826
16.85/8.82	autos 0.244098784955 0.0779595219123 0.568525535775
18.35/9.52	mfeat-fourier 0.548342579988 0.390107410828 -0.434716796826
19.96/10.32	primary-tumor 0.235174987803 0.0688096784335 0.474148357579
21.56/11.14	waveform-5000 0.198935713864 0.0560127238573 0.748553235279
23.16/11.96	credit-a 0.387174965057 0.210278802032 0.354560837263
24.75/12.75	letter 0.2401356365 0.0832592025195 0.692961198807
26.38/13.55	postoperative-patient-data 0.417392103816 0.228930039 0.0307049038651
28.03/14.36	vowel 0.466816896895 0.269934706097 0.152878100297
29.57/15.16	eucalyptus 0.389026252226 0.200379689184 0.0206854089196
31.14/15.85	cylinder-bands 0.330516016445 0.13460449252 0.440211358571
32.73/16.65	ionosphere 0.413744370928 0.205960422955 0.0675507885031
34.32/17.35	mfeat-karhunen 0.2065231154 0.0588428981647 0.7220500551
35.90/18.14	balance-scale 0.243159259999 0.0796628213656 0.414031387907
37.48/18.94	mfeat-morphological 0.475887143341 0.303531421858 -0.285717210702
39.06/21.47	liver-disorders 0.286568810664 0.109600503398 0.395608445588
40.66/22.29	dermatology 0.195853176388 0.04908442944 0.530710022594
42.25/22.99	vote 0.0801305720777 0.00990484599466 0.790893681661
43.98/23.80	breast-cancer 0.152988632428 0.0325770620106 0.343894923289
45.48/24.61	credit-g 0.614379221474 0.502409375582 -0.67615430406
47.12/25.42	soybean 0.122466697708 0.0235838538655 0.785075910402
48.72/26.24	arrhythmia 0.263808903479 0.0961576920914 0.215903955599
50.31/27.04	nursery 0.297781452213 0.111221287747 0.538467050939
51.91/27.74	hepatitis 0.288290989066 0.113171077999 0.0675507885031
53.58/28.54	cmc 0.264657378444 0.0875030602861 0.333552218829
55.06/29.33	heart-c 0.2690255846 0.0954192604718 0.759865568282
56.66/30.14	glass 0.379047931723 0.174001964529 0.25081058315
58.28/30.94	braziltourism 0.445056793328 0.255944908805 0.127344548661
59.87/31.74	iris 0.30578824618 0.123436060883 0.2766673443
61.48/32.55	heart-statlog 0.277247803855 0.102376963643 0.744997930621
63.09/33.25	page-blocks 0.383050064906 0.196550130115 0.342278875717
64.77/34.05	breast-w 0.229842483999 0.0702193148572 0.492571299898
66.28/34.78	heart-h 0.19527053335 0.0490118279915 0.651267171454
67.87/35.58	yeast 0.331767103479 0.136575627198 0.52747792745
69.46/36.17	tae 0.346170711026 0.144558404339 0.165806480871
71.02/36.87	haberman 0.25565014531 0.0834347628464 0.0989021113969
72.61/37.67	mfeat-pixel 0.360799258634 0.160633531005 0.164513642814
74.30/38.47	optdigits 0.230418279216 0.0684216561748 0.710737722098
75.87/39.28	mfeat-factors 0.23870180202 0.0768951313183 0.674538256488
77.48/39.98	satimage 0.279345105918 0.105710642459 0.374599827154
79.16/40.79	lymph 0.191893745342 0.0533532804497 0.551395431514
80.78/41.60	audiology 0.316966631432 0.132448206064 0.404981521504
82.39/42.40	ecoli 0.411763098419 0.21551602322 0.104073463627
83.89/43.11	tic-tac-toe 0.294866360464 0.13056961424 0.635753114764
85.55/43.92	spambase 0.210342599953 0.0569321353101 0.834526966101
87.08/44.72	zoo 0.135443760303 0.0252425226804 0.750169282851
88.70/45.53	sonar 0.509119595964 0.325569711008 -0.185845470762
90.40/46.25	mfeat-zernike 0.257882983168 0.0910710623043 0.467037748263
91.94/46.96	kr-vs-kp 0.2123893491 0.0569259455896 0.640601257479
92.08/47.01	MAE 0.305265620921 0.107777982677
92.08/47.01	MSE 0.136323590969 0.136323590969
92.08/47.01	Mean tau 0.386263721383 0.315281145657
92.08/47.01	(0.0, '1_class_probability_max')
92.08/47.01	(1.0, '0_class_probability_max')
92.08/47.01	(2.5789473684210527, '0_landmark_decision_tree')
92.08/47.01	(3.3684210526315788, '1_landmark_decision_tree')
92.08/47.01	(3.3859649122807016, '0_landmark_naive_bayes')
92.08/47.01	(4.701754385964913, '1_landmark_naive_bayes')
92.08/47.01	(6.894736842105263, '0_landmark_lda')
92.08/47.01	(8.298245614035087, '0_number_of_numeric_features')
92.08/47.01	(8.403508771929825, '1_number_of_numeric_features')
92.08/47.01	(9.403508771929825, '1_landmark_lda')
92.08/47.01	(10.24561403508772, '0_number_of_features')
92.08/47.01	(10.666666666666666, '1_number_of_features')
92.08/47.01	(10.75438596491228, '1_number_of_categorical_features')
92.08/47.01	(11.298245614035087, '0_number_of_categorical_features')
92.08/47.01	(14.491228070175438, '0_number_of_classes')
92.08/47.01	(14.508771929824562, '1_number_of_classes')
92.08/47.01	Result for ParamILS: SAT, 46.107047, 1, 0.305266, -1, /home/feurerm/thesis/Software/pyMetaLearn/optimizers/metalearn_optimizer/learn_distances.py
