0.70/0.99	['/home/feurerm/thesis/Software/pyMetaLearn/optimizers/metalearn_optimizer/learn_distances.py', '--input_file', '/home/feurerm/thesis/experiments/2014_04_25_predict_distances/testfold_0-3_pfahringer_spearman_rank_perm.pkl', '--fold', '0', '--folds', '1', '--params', '-max_features', '0.961753241437', '-min_samples_leaf', '9', '-min_samples_split', '3', '-n_estimators', '90', '-n_jobs', '4', '-seed', '79']
0.70/1.00	Metafeatures (57, 8)
0.70/1.00	X (3192, 16)
0.70/1.00	Y (3192,)
0.70/1.00	Dataset Mae MSE Rho
3.19/1.85	vehicle 0.364230462255 0.160655047574 0.291858191475
5.82/2.84	anneal.ORIG 0.55466597662 0.364909226333 -0.156756614469
8.42/3.74	segment 0.210333935292 0.0556521673151 0.794772195833
11.01/4.74	pendigits 0.288709199903 0.106334645317 0.679709608718
13.60/5.74	mushroom 0.207108435069 0.0526999104499 0.620239058074
16.19/6.73	labor 0.308848604766 0.129126975509 0.21008618434
18.89/7.62	abalone 0.277680603884 0.0972020902132 0.613128448758
21.53/8.62	diabetes 0.528494391574 0.344470807014 0.252426630722
24.13/9.62	car 0.395494320037 0.207831223289 0.132041708162
26.77/10.63	autos 0.23551029609 0.0710161222718 0.663549133
29.43/11.53	mfeat-fourier 0.556485806387 0.400714013284 -0.403042264418
32.02/12.55	primary-tumor 0.232865766245 0.0673015525145 0.516488803962
34.65/13.56	waveform-5000 0.159519572908 0.0378058437342 0.770531482256
37.28/14.57	credit-a 0.372223818086 0.195587419102 0.400133378789
39.86/15.48	letter 0.239878736487 0.0777970937429 0.621855105646
42.56/16.48	postoperative-patient-data 0.445845156807 0.262210936503 -0.00614098077301
45.10/17.40	vowel 0.428449558605 0.226147554921 0.349066275519
47.73/18.32	eucalyptus 0.42208153696 0.240709771311 -0.0859737308222
50.37/19.22	cylinder-bands 0.338079491559 0.138628598044 0.381064017441
52.99/20.22	ionosphere 0.417611817436 0.204823085843 0.00581777125864
55.62/21.23	mfeat-karhunen 0.180445709603 0.0457873712046 0.768915434684
58.25/22.22	balance-scale 0.27962480226 0.100835250162 0.209116555797
60.92/23.25	mfeat-morphological 0.436970850614 0.252657495724 -0.087589778394
63.70/24.24	liver-disorders 0.323414876648 0.13419831233 0.276344134786
66.39/25.24	dermatology 0.200333791062 0.0520121715585 0.490955252327
68.96/26.25	vote 0.0871674419745 0.011068180803 0.766652968083
71.67/27.27	breast-cancer 0.142757115137 0.0286730954739 0.319977419225
74.35/28.29	credit-g 0.736143541541 0.703833721494 -0.742412254506
77.05/29.29	soybean 0.125906181588 0.0247429066731 0.782167024773
79.63/30.20	arrhythmia 0.266873617518 0.0974377151013 0.45572541526
82.24/31.23	nursery 0.276367855053 0.0975908496992 0.597291182554
84.90/32.24	hepatitis 0.266060711386 0.10535614488 0.384811881438
87.53/33.26	cmc 0.24744500297 0.0795944994182 0.385912160157
90.17/34.26	heart-c 0.250642065132 0.0827685304524 0.762774453911
92.91/35.28	glass 0.366391840747 0.161957126518 0.310604343309
95.47/36.19	braziltourism 0.483181992809 0.300988763511 0.100841368483
98.08/37.09	iris 0.288573663752 0.111205252797 0.295090286619
100.66/37.99	heart-statlog 0.215938513348 0.0625561326023 0.779581348658
103.30/38.88	page-blocks 0.450213324658 0.272400033188 -0.158049452526
105.95/39.87	breast-w 0.209232996811 0.0582421979641 0.580161078292
108.56/40.88	heart-h 0.167269013199 0.0387132255275 0.702980693753
111.18/41.79	yeast 0.29532399599 0.109430177553 0.594705506439
113.74/42.78	tae 0.371553803146 0.165600774438 0.167422528443
116.37/43.69	haberman 0.273414460471 0.0966234201668 0.0151908471753
119.01/44.71	mfeat-pixel 0.377286032984 0.179620013917 0.142212186322
121.70/45.73	optdigits 0.209315950695 0.0553043935565 0.743705092563
124.38/46.74	mfeat-factors 0.217118097881 0.0637692720582 0.724312521701
126.98/47.74	satimage 0.26733520491 0.0993188611205 0.403365473933
129.58/48.65	lymph 0.228127499265 0.0777541754908 0.414677806935
132.21/49.56	audiology 0.313002379116 0.123157368362 0.37653908424
134.96/50.57	ecoli 0.397183483902 0.203398733415 0.183906213676
137.59/51.59	tic-tac-toe 0.331832697947 0.167626545402 0.392376350444
140.27/52.62	spambase 0.213849715479 0.0549949428339 0.83743585173
142.98/53.63	zoo 0.120925338049 0.0207306290843 0.798004290977
145.76/54.76	sonar 0.520877735546 0.340364188772 -0.221075307828
148.39/55.77	mfeat-zernike 0.264768713241 0.0961355673595 0.421141997223
151.03/56.77	kr-vs-kp 0.204249880312 0.053445981187 0.644156562138
151.19/56.81	MAE 0.308618199714 0.125164606345
151.19/56.81	MSE 0.143359966773 0.143359966773
151.19/56.81	Mean tau 0.373171630285 0.336995436078
151.19/56.81	(0.0, '1_class_probability_max')
151.19/56.81	(1.0, '0_class_probability_max')
151.19/56.81	(2.6140350877192984, '1_landmark_naive_bayes')
151.19/56.81	(2.9473684210526314, '0_landmark_naive_bayes')
151.19/56.81	(5.0701754385964914, '0_landmark_decision_tree')
151.19/56.81	(5.614035087719298, '1_number_of_numeric_features')
151.19/56.81	(6.543859649122807, '0_number_of_numeric_features')
151.19/56.81	(7.228070175438597, '1_number_of_categorical_features')
151.19/56.81	(7.526315789473684, '0_number_of_categorical_features')
151.19/56.81	(8.859649122807017, '1_number_of_features')
151.19/56.81	(9.43859649122807, '1_landmark_decision_tree')
151.19/56.81	(9.456140350877194, '0_number_of_features')
151.19/56.81	(12.350877192982455, '0_landmark_lda')
151.19/56.81	(12.350877192982455, '1_landmark_lda')
151.19/56.81	(14.385964912280702, '0_number_of_classes')
151.19/56.81	(14.614035087719298, '1_number_of_classes')
151.19/56.81	Result for ParamILS: SAT, 55.818775, 1, 0.308618, -1, /home/feurerm/thesis/Software/pyMetaLearn/optimizers/metalearn_optimizer/learn_distances.py
