0.70/1.00	['/home/feurerm/thesis/Software/pyMetaLearn/optimizers/metalearn_optimizer/learn_distances.py', '--input_file', '/home/feurerm/thesis/experiments/2014_04_25_predict_distances/testfold_0-3_pfahringer_spearman_rank_perm.pkl', '--fold', '0', '--folds', '1', '--params', '-max_features', '0.248588574121', '-min_samples_leaf', '6', '-min_samples_split', '7', '-n_estimators', '69', '-n_jobs', '4', '-seed', '65']
0.70/1.00	Metafeatures (57, 8)
0.70/1.00	X (3192, 16)
0.70/1.00	Y (3192,)
0.70/1.00	Dataset Mae MSE Rho
1.33/1.44	vehicle 0.355757300865 0.158266283341 0.360701818036
2.08/1.83	anneal.ORIG 0.278873618604 0.102633399674 0.615067705844
2.80/2.41	segment 0.269919586538 0.0921714409914 0.721403636072
3.52/2.89	pendigits 0.340740029754 0.142822301677 0.600200068183
4.34/3.37	mushroom 0.201396763053 0.0499476293185 0.640924466994
5.01/3.86	labor 0.321423733734 0.140692018425 0.319977419225
5.70/4.25	abalone 0.316707300524 0.127733124529 0.542022355597
6.47/4.85	diabetes 0.466704563459 0.304784162211 -0.0168068947472
7.20/5.33	car 0.346809600683 0.164768543498 0.405627940533
7.96/5.83	autos 0.251229634019 0.083557664024 0.501621166301
8.65/6.21	mfeat-fourier 0.544847684986 0.383093261814 -0.440211358571
9.36/6.59	primary-tumor 0.234184356083 0.0671826815458 0.544284822197
10.03/6.97	waveform-5000 0.233619767198 0.0739456683444 0.67615430406
10.75/7.36	credit-a 0.385661631972 0.206949474112 0.352621580177
11.44/7.84	letter 0.246364445555 0.0842576987122 0.645126190681
12.18/8.22	postoperative-patient-data 0.40793070837 0.197902811688 -0.0924379211095
12.89/8.61	vowel 0.482335497599 0.290621612768 0.0746613978193
13.63/9.09	eucalyptus 0.387799796124 0.196907656383 0.0572080840433
14.34/9.48	cylinder-bands 0.345598458054 0.155054193494 0.342278875717
15.10/9.87	ionosphere 0.427881201109 0.223252106909 0.0106659139742
15.78/10.36	mfeat-karhunen 0.204147102304 0.0572871702667 0.785075910402
16.61/10.95	balance-scale 0.235237697798 0.080634523651 0.479642919324
17.26/11.34	mfeat-morphological 0.483948575677 0.307922850929 -0.226569869573
17.99/11.72	liver-disorders 0.336364255364 0.146019690475 0.52521546085
18.78/12.20	dermatology 0.192416510551 0.0476473968176 0.554627526657
19.44/12.59	vote 0.0761321910662 0.00931101427599 0.814811185724
20.15/12.97	breast-cancer 0.25196887694 0.0824633890631 0.0895290354802
20.88/13.35	credit-g 0.514359402994 0.35346592024 -0.45346294866
21.58/13.73	soybean 0.132665636419 0.027356568494 0.769885063227
22.30/14.13	arrhythmia 0.278578833521 0.109225961775 0.173563509216
23.00/14.61	nursery 0.302913251355 0.113599944639 0.490955252327
23.86/15.10	hepatitis 0.374614428402 0.200657546708 -0.543961612683
24.49/15.49	cmc 0.315572741787 0.116108726482 0.249194535579
25.19/15.87	heart-c 0.296963481265 0.11509112434 0.733039178589
25.91/16.27	glass 0.361116465026 0.158198918207 0.313513228938
26.62/16.65	braziltourism 0.500106087391 0.315809947236 -0.0339369990088
27.30/17.04	iris 0.319148132795 0.131563167718 0.235296526461
27.99/17.42	heart-statlog 0.29844917048 0.120131133748 0.736594483247
28.71/17.81	page-blocks 0.310574144302 0.131372180787 0.406920778591
29.41/18.19	breast-w 0.234472430268 0.0749410424804 0.472209100493
30.17/18.68	heart-h 0.200732243502 0.0498483211175 0.658700990284
30.87/19.07	yeast 0.340797562935 0.146340439064 0.517781642019
31.58/19.46	tae 0.299603166458 0.110826350491 0.191986451535
32.27/19.96	haberman 0.270609797078 0.0980925923212 0.140596138751
33.08/20.97	mfeat-pixel 0.341985706798 0.142894956044 0.202329155995
33.74/21.37	optdigits 0.226237769771 0.0659010005534 0.724312521701
34.44/21.76	mfeat-factors 0.239439689132 0.0790884588567 0.691991570264
35.19/22.35	satimage 0.298321469791 0.116711081017 0.313513228938
35.88/22.73	lymph 0.200210497146 0.0573799277448 0.649327914367
36.62/23.12	audiology 0.331737045915 0.146790912358 0.348096646975
37.30/23.60	ecoli 0.407092934447 0.210528298625 0.0817720071354
38.13/24.00	tic-tac-toe 0.300818385129 0.134030287071 0.451846901088
38.77/24.49	spambase 0.226638006823 0.0699323618738 0.745967559164
39.48/24.88	zoo 0.146106058232 0.0273291358676 0.719141169471
40.21/25.27	sonar 0.490139892983 0.304249623095 -0.123142824975
40.92/25.77	mfeat-zernike 0.263991562564 0.0938912069152 0.52004410862
41.63/26.15	kr-vs-kp 0.205740537492 0.0539597564131 0.646742238252
41.63/26.19	MAE 0.309749779301 0.0987538494808
41.63/26.19	MSE 0.137774502828 0.137774502828
41.63/26.19	Mean tau 0.36691651326 0.329739818764
41.63/26.19	(0.14035087719298245, '1_landmark_decision_tree')
41.63/26.19	(1.4736842105263157, '0_class_probability_max')
41.63/26.19	(3.263157894736842, '0_landmark_decision_tree')
41.63/26.19	(3.3859649122807016, '1_class_probability_max')
41.63/26.19	(3.4210526315789473, '0_landmark_naive_bayes')
41.63/26.19	(5.175438596491228, '1_landmark_lda')
41.63/26.19	(5.5964912280701755, '0_landmark_lda')
41.63/26.19	(6.614035087719298, '1_landmark_naive_bayes')
41.63/26.19	(7.333333333333333, '0_number_of_features')
41.63/26.19	(9.719298245614034, '1_number_of_features')
41.63/26.19	(9.842105263157896, '1_number_of_categorical_features')
41.63/26.19	(11.666666666666666, '1_number_of_numeric_features')
41.63/26.19	(12.631578947368421, '1_number_of_classes')
41.63/26.19	(12.75438596491228, '0_number_of_numeric_features')
41.63/26.19	(13.070175438596491, '0_number_of_categorical_features')
41.63/26.19	(13.912280701754385, '0_number_of_classes')
41.63/26.19	Result for ParamILS: SAT, 25.192145, 1, 0.309750, -1, /home/feurerm/thesis/Software/pyMetaLearn/optimizers/metalearn_optimizer/learn_distances.py
