0.79/1.00	['/home/feurerm/thesis/Software/pyMetaLearn/optimizers/metalearn_optimizer/learn_distances.py', '--input_file', '/home/feurerm/thesis/experiments/2014_04_25_predict_distances/testfold_0-3_pfahringer_spearman_rank_perm.pkl', '--fold', '0', '--folds', '1', '--params', '-max_features', '0.316365383461', '-min_samples_leaf', '4', '-min_samples_split', '2', '-n_estimators', '99', '-n_jobs', '4', '-seed', '40']
0.79/1.01	Metafeatures (57, 8)
0.79/1.01	X (3192, 16)
0.79/1.01	Y (3192,)
0.79/1.01	Dataset Mae MSE Rho
1.98/1.66	vehicle 0.338164033571 0.141885686656 0.428252606539
3.37/2.37	anneal.ORIG 0.326396973863 0.135079817217 0.571434421404
4.75/3.08	segment 0.208220084419 0.0551955522097 0.805438109808
6.29/3.80	pendigits 0.279512226955 0.0994885798208 0.700071808123
7.54/4.52	mushroom 0.175251549113 0.0386761244537 0.688436265606
8.93/5.26	labor 0.300246694716 0.126768823791 0.26406217324
10.34/5.97	abalone 0.264794911226 0.0894066090679 0.652883219025
11.84/6.69	diabetes 0.504331634464 0.332256224972 0.131223062834
13.16/7.41	car 0.346900198333 0.172131708746 0.465098491177
14.56/8.14	autos 0.224818159995 0.0649218580914 0.635106695735
16.13/8.90	mfeat-fourier 0.549884501899 0.391037480355 -0.410799292763
17.49/9.65	primary-tumor 0.227764891446 0.0644342404498 0.531033232108
18.89/10.40	waveform-5000 0.204131921165 0.0573472277859 0.738856949848
20.27/11.13	credit-a 0.364191893014 0.18520104927 0.440211358571
21.66/11.84	letter 0.231344211516 0.0759628506668 0.69910217958
23.08/12.57	postoperative-patient-data 0.405829705676 0.208229649626 0.0361994656093
24.54/13.28	vowel 0.43298821356 0.232286161655 0.328704076113
25.86/13.99	eucalyptus 0.406155804536 0.216311264058 -0.0100194949454
27.27/14.71	cylinder-bands 0.328391621242 0.13437712926 0.39205314093
28.76/15.43	ionosphere 0.403937184032 0.198921549661 0.12572850109
30.10/16.14	mfeat-karhunen 0.158723831056 0.0364489243229 0.821598585526
31.54/16.86	balance-scale 0.227195955323 0.0713102668588 0.502590794844
33.01/17.60	mfeat-morphological 0.475282545194 0.29907886925 -0.257274773438
34.32/18.31	liver-disorders 0.281089257272 0.104351500094 0.531679651137
35.71/19.02	dermatology 0.193581812268 0.0490766194214 0.551395431514
37.18/19.74	vote 0.0674370821832 0.00743589644435 0.814811185724
38.52/20.47	breast-cancer 0.167302250426 0.0353472185597 0.38397290307
39.95/21.18	credit-g 0.572396462693 0.43440686267 -0.581130706836
41.36/21.90	soybean 0.124465238512 0.0247307385782 0.732715969075
42.75/22.62	arrhythmia 0.270531733779 0.0999327332168 0.188107937363
44.16/23.35	nursery 0.27748498064 0.0977075862373 0.573696888005
45.59/24.09	hepatitis 0.332795414725 0.157458985419 -0.298968800791
47.03/24.81	cmc 0.304894548952 0.113551697485 0.249840954607
48.41/25.53	heart-c 0.242189806618 0.0783957175248 0.820305747469
49.84/26.26	glass 0.35972282021 0.156126838113 0.371044522496
51.27/26.99	braziltourism 0.443836422781 0.253724049172 0.0313513228938
52.69/27.71	iris 0.293027291547 0.110685160747 0.355207256292
54.07/28.42	heart-statlog 0.269203805491 0.0989446065324 0.821598585526
55.47/29.15	page-blocks 0.349984347545 0.169409236827 0.322886304855
56.87/29.88	breast-w 0.212518767813 0.0623422286496 0.519074480077
58.33/30.60	heart-h 0.169758931689 0.0377928883347 0.681002446776
59.72/31.33	yeast 0.286986380347 0.104765002693 0.641247676508
61.14/32.06	tae 0.331222758915 0.135239067369 0.161927966699
62.54/32.77	haberman 0.245374459671 0.0788440554806 0.205884460653
63.93/33.49	mfeat-pixel 0.329180466685 0.129669894283 0.290888562932
65.35/34.22	optdigits 0.163357933395 0.0350320385542 0.793156148262
66.76/34.95	mfeat-factors 0.18161095165 0.0456674339131 0.775056415457
68.15/35.67	satimage 0.277364841509 0.104159922081 0.390760302872
69.62/36.39	lymph 0.187186968307 0.0506445828803 0.615390915359
70.93/37.10	audiology 0.334307552288 0.156915051184 0.329350495142
72.36/37.84	ecoli 0.413794754772 0.216919516214 0.0989021113969
73.87/38.57	tic-tac-toe 0.28116868292 0.118086799636 0.669043694744
75.20/39.30	spambase 0.204513532621 0.0538150549772 0.916298973236
76.62/40.02	zoo 0.10382059738 0.0148897649439 0.829678823385
78.10/40.74	sonar 0.500699065436 0.313387459608 -0.159988709613
79.42/41.47	mfeat-zernike 0.259437855855 0.0923581166664 0.510024613674
80.83/42.18	kr-vs-kp 0.165513568794 0.0347102423568 0.744674721106
80.97/42.24	MAE 0.290916141965 0.109681021793
80.97/42.24	MSE 0.126373372195 0.126373372195
80.97/42.24	Mean tau 0.423875102239 0.336788199768
80.97/42.24	(0.017543859649122806, '1_class_probability_max')
80.97/42.24	(1.1929824561403508, '0_class_probability_max')
80.97/42.24	(1.8771929824561404, '0_landmark_decision_tree')
80.97/42.24	(3.6140350877192984, '1_landmark_decision_tree')
80.97/42.24	(4.087719298245614, '1_landmark_naive_bayes')
80.97/42.24	(4.2105263157894735, '0_landmark_naive_bayes')
80.97/42.24	(6.385964912280702, '0_landmark_lda')
80.97/42.24	(6.894736842105263, '1_landmark_lda')
80.97/42.24	(9.526315789473685, '1_number_of_numeric_features')
80.97/42.24	(9.701754385964913, '1_number_of_features')
80.97/42.24	(10.175438596491228, '1_number_of_categorical_features')
80.97/42.24	(10.824561403508772, '0_number_of_categorical_features')
80.97/42.24	(11.228070175438596, '0_number_of_features')
80.97/42.24	(11.263157894736842, '0_number_of_numeric_features')
80.97/42.24	(14.403508771929825, '1_number_of_classes')
80.97/42.24	(14.596491228070175, '0_number_of_classes')
80.97/42.24	Result for ParamILS: SAT, 41.234091, 1, 0.290916, -1, /home/feurerm/thesis/Software/pyMetaLearn/optimizers/metalearn_optimizer/learn_distances.py
