0.76/0.91	['/home/feurerm/thesis/Software/pyMetaLearn/optimizers/metalearn_optimizer/learn_distances.py', '--input_file', '/home/feurerm/thesis/experiments/2014_04_25_predict_distances/testfold_0-3_pfahringer_spearman_rank_perm.pkl', '--fold', '0', '--folds', '1', '--params', '-max_features', '0.343263483281', '-min_samples_leaf', '7', '-min_samples_split', '2', '-n_estimators', '90', '-n_jobs', '4', '-seed', '58']
0.76/0.92	Metafeatures (57, 8)
0.76/0.92	X (3192, 16)
0.76/0.92	Y (3192,)
0.76/0.92	Dataset Mae MSE Rho
1.75/1.47	vehicle 0.348471427406 0.148807250465 0.396578074131
3.11/2.17	anneal.ORIG 0.358414751023 0.162899516681 0.496449814071
4.18/2.77	segment 0.252949670339 0.0803179474367 0.744351511592
5.45/3.38	pendigits 0.325113426856 0.131667712779 0.626703248362
6.68/3.90	mushroom 0.194718448788 0.0472641845065 0.654822476112
7.85/4.60	labor 0.278791237044 0.107906809147 0.364580332208
9.02/5.20	abalone 0.316039093141 0.125330121251 0.553657898114
10.21/5.90	diabetes 0.503470204182 0.334324324088 0.0898522449946
11.37/6.51	car 0.353355214584 0.177266600697 0.454432577203
12.45/7.13	autos 0.241443156148 0.0757556272595 0.571757630919
13.63/7.72	mfeat-fourier 0.542048251716 0.382637752687 -0.449261224973
14.80/8.23	primary-tumor 0.221631967735 0.0605195351845 0.559475669373
16.00/8.83	waveform-5000 0.214512395401 0.0645537053315 0.751462120908
17.17/9.42	credit-a 0.383274006085 0.204737004331 0.372983779582
18.34/10.02	letter 0.240420225621 0.0791612438072 0.712676979184
19.53/10.72	postoperative-patient-data 0.410444657711 0.214122318249 -0.00549456174427
20.68/11.23	vowel 0.450495079684 0.253952129625 0.288626096332
21.84/11.85	eucalyptus 0.399439833978 0.208345386133 0.00193925708621
23.09/12.54	cylinder-bands 0.342453978057 0.149456143494 0.383649693556
24.34/13.14	ionosphere 0.414071367283 0.208827421793 0.0749846073336
25.43/13.73	mfeat-karhunen 0.188066317021 0.0482058069019 0.782490234287
26.65/14.32	balance-scale 0.237826134369 0.076745223878 0.476087614666
27.75/14.92	mfeat-morphological 0.481169722622 0.309280840415 -0.258244401981
28.90/15.51	liver-disorders 0.305535575918 0.122529365598 0.42017236868
30.07/16.23	dermatology 0.19012518693 0.0473067949589 0.569818373833
31.24/16.82	vote 0.070865735853 0.00798040944005 0.82192179504
32.39/17.41	breast-cancer 0.194196795991 0.0496493059188 0.380094388898
33.54/18.00	credit-g 0.562896173499 0.419625597669 -0.602785744298
34.68/18.49	soybean 0.123392218149 0.0236401992814 0.777318882058
35.86/19.10	arrhythmia 0.271266360742 0.101760598997 0.146413910009
37.14/19.71	nursery 0.282433020126 0.100929286115 0.579837868778
38.24/20.41	hepatitis 0.329871514089 0.156905219801 -0.362317865608
39.41/20.92	cmc 0.286578303355 0.0995152850797 0.290888562932
40.57/21.62	heart-c 0.271597840262 0.0961311011614 0.780550977201
41.71/22.11	glass 0.366003537534 0.162180215298 0.28410116313
42.88/22.82	braziltourism 0.459978715468 0.27141187269 0.0704596741325
44.07/23.51	iris 0.296878548492 0.116494637214 0.311897181366
45.34/24.22	heart-statlog 0.294539677883 0.115616342617 0.739503368876
46.45/24.92	page-blocks 0.322155671539 0.139903624494 0.411445711792
47.66/25.63	breast-w 0.224902067 0.069111931531 0.476087614666
48.85/26.25	heart-h 0.199061785651 0.0503974423215 0.626380038847
50.00/26.85	yeast 0.323980386274 0.131633078551 0.568202326261
51.20/27.45	tae 0.333601659161 0.134470618151 0.181320537561
52.34/28.05	haberman 0.253482647435 0.0837780634306 0.0843576832503
53.55/28.54	mfeat-pixel 0.333934723999 0.13561729988 0.246932068978
54.71/29.16	optdigits 0.216412972859 0.0600089995483 0.732715969075
55.96/29.76	mfeat-factors 0.218267476502 0.0659808381683 0.724635731215
57.06/30.36	satimage 0.277471224265 0.103741468259 0.428575816053
58.21/30.95	lymph 0.188652447044 0.0515769890702 0.639954838451
59.33/31.59	audiology 0.326382612036 0.139771171807 0.360701818036
60.49/32.08	ecoli 0.410156653629 0.215239808244 0.11538579663
61.66/32.68	tic-tac-toe 0.317847890785 0.150627513554 0.506792518531
62.79/33.17	spambase 0.217828407593 0.0620482381281 0.850687441819
63.94/33.66	zoo 0.125366769942 0.0209263849689 0.762451244397
65.13/34.26	sonar 0.497769623839 0.311082862565 -0.140272929236
66.28/34.85	mfeat-zernike 0.24950919693 0.0863948954044 0.5555971552
67.48/35.45	kr-vs-kp 0.19523840849 0.0479724633755 0.681972075319
67.62/35.50	MAE 0.302400042036 0.10421696434
67.62/35.50	MSE 0.13340428999 0.13340428999
67.62/35.50	Mean tau 0.397655439179 0.32934626508
67.62/35.50	(0.631578947368421, '0_class_probability_max')
67.62/35.50	(0.7894736842105263, '1_class_probability_max')
67.62/35.50	(1.6491228070175439, '0_landmark_decision_tree')
67.62/35.50	(3.175438596491228, '1_landmark_decision_tree')
67.62/35.50	(4.0701754385964914, '1_landmark_naive_bayes')
67.62/35.50	(4.964912280701754, '0_landmark_naive_bayes')
67.62/35.50	(5.771929824561403, '1_landmark_lda')
67.62/35.50	(7.4035087719298245, '0_landmark_lda')
67.62/35.50	(9.035087719298245, '1_number_of_numeric_features')
67.62/35.50	(9.87719298245614, '1_number_of_features')
67.62/35.50	(10.210526315789474, '0_number_of_numeric_features')
67.62/35.50	(10.666666666666666, '0_number_of_features')
67.62/35.50	(11.333333333333334, '1_number_of_categorical_features')
67.62/35.50	(11.456140350877194, '0_number_of_categorical_features')
67.62/35.50	(14.368421052631579, '0_number_of_classes')
67.62/35.50	(14.596491228070175, '1_number_of_classes')
67.62/35.50	Result for ParamILS: SAT, 34.584661, 1, 0.302400, -1, /home/feurerm/thesis/Software/pyMetaLearn/optimizers/metalearn_optimizer/learn_distances.py
