0.73/0.95	['/home/feurerm/thesis/Software/pyMetaLearn/optimizers/metalearn_optimizer/learn_distances.py', '--input_file', '/home/feurerm/thesis/experiments/2014_04_25_predict_distances/testfold_0-3_pfahringer_spearman_rank_perm.pkl', '--fold', '0', '--folds', '1', '--params', '-max_features', '0.782864871456', '-min_samples_leaf', '5', '-min_samples_split', '5', '-n_estimators', '81', '-n_jobs', '4', '-seed', '59']
0.73/0.96	Metafeatures (57, 8)
0.73/0.96	X (3192, 16)
0.73/0.96	Y (3192,)
0.73/0.96	Dataset Mae MSE Rho
2.75/1.71	vehicle 0.345374089555 0.142970094408 0.360055399007
4.97/2.63	anneal.ORIG 0.457671150184 0.263332711819 0.0869433593653
7.22/3.42	segment 0.186742019925 0.045047198124 0.832587709015
9.43/4.23	pendigits 0.257112131391 0.0872727993169 0.739826578391
11.62/5.05	mushroom 0.182874695402 0.0422933576195 0.649651123882
13.79/5.85	labor 0.321162136345 0.146013964052 0.211379022397
15.91/6.65	abalone 0.254017416392 0.0817592153862 0.684880960948
18.11/7.56	diabetes 0.51926208003 0.330480985398 0.263415754211
20.39/8.49	car 0.381318366488 0.19614348257 0.213641488998
22.64/9.30	autos 0.20386296161 0.054226851062 0.745644349649
24.72/10.12	mfeat-fourier 0.550981627314 0.396132613433 -0.400456588303
26.99/10.93	primary-tumor 0.222973711789 0.063093001859 0.522952994249
29.10/11.74	waveform-5000 0.155252513198 0.0346716322208 0.772470739342
31.20/12.64	credit-a 0.375416661577 0.19816019038 0.390760302872
33.44/13.53	letter 0.242450964101 0.0804914025612 0.639954838451
35.63/14.32	postoperative-patient-data 0.441851511554 0.254841652078 0.0339369990088
37.77/15.13	vowel 0.414304593131 0.212861156281 0.408536826162
39.91/17.91	eucalyptus 0.4510540655 0.264273895673 -0.142212186322
42.15/18.71	cylinder-bands 0.324862540627 0.12743141706 0.429545444596
44.30/19.52	ionosphere 0.425673528682 0.210138310542 0.00387851417243
46.56/20.43	mfeat-karhunen 0.147245600372 0.0319180736787 0.81448797621
48.67/21.23	balance-scale 0.248236475749 0.0818539080976 0.387528207728
50.80/22.02	mfeat-morphological 0.483083017641 0.310269941992 -0.222044936372
52.94/22.81	liver-disorders 0.286319608547 0.106405902509 0.492894509413
55.10/23.71	dermatology 0.216398435601 0.0607350553022 0.455078996232
57.33/24.51	vote 0.0774425723425 0.00983331493353 0.766976177598
59.53/25.33	breast-cancer 0.132373521477 0.0250421717114 0.398194121703
61.68/26.13	credit-g 0.683778935612 0.620589504749 -0.707182417439
63.80/26.93	soybean 0.116189517894 0.0210432347643 0.749522863822
65.94/27.84	arrhythmia 0.253810058121 0.0869912673585 0.302524105449
68.17/28.73	nursery 0.254076957029 0.0821816948824 0.644802981166
70.40/29.54	hepatitis 0.231568900308 0.0755863178637 0.508731775617
72.54/30.35	cmc 0.272106945516 0.0980491063425 0.297675962734
74.67/31.15	heart-c 0.212582775826 0.0627872360095 0.832910918529
76.81/32.06	glass 0.338652207151 0.136859340724 0.465098491177
79.12/32.98	braziltourism 0.457061696181 0.267866901801 0.0837112642216
81.22/33.87	iris 0.271316354001 0.095890053218 0.388497836272
83.38/34.67	heart-statlog 0.219195392059 0.0648154256457 0.835819804158
85.54/35.47	page-blocks 0.435221910735 0.254092752384 0.0235942945489
87.75/36.27	breast-w 0.215100404883 0.06083425561 0.557536412287
89.86/37.07	heart-h 0.142656084423 0.0283300699451 0.717201912385
92.02/37.88	yeast 0.274020613975 0.092104919755 0.703303903267
94.18/38.68	tae 0.374708625758 0.16859417291 0.180350909018
96.41/39.57	haberman 0.278016823921 0.101130366001 0.0135747996035
98.49/40.51	mfeat-pixel 0.367540500869 0.165202817053 0.17162425213
100.67/41.31	optdigits 0.156773175238 0.0322975943689 0.795741824377
102.83/42.11	mfeat-factors 0.188044178296 0.047717078103 0.743058673534
105.09/43.00	satimage 0.26781539234 0.0984175419914 0.400779797818
107.26/43.80	lymph 0.220697004435 0.072087315982 0.455402205746
109.31/44.61	audiology 0.288400016944 0.104407827544 0.500005118729
111.47/45.41	ecoli 0.390815087659 0.196774516171 0.21008618434
113.66/46.22	tic-tac-toe 0.316564599923 0.151253647468 0.331612961743
115.82/47.01	spambase 0.22228105041 0.0566117830485 0.858444470164
117.97/47.81	zoo 0.103600541289 0.0150111269224 0.837112642216
120.16/48.61	sonar 0.519428208902 0.335587083111 -0.212995069969
122.40/49.41	mfeat-zernike 0.249916102762 0.085288650483 0.46606811972
124.46/50.20	kr-vs-kp 0.162280981675 0.0342241324092 0.746290768678
124.46/50.24	MAE 0.294553316503 0.125130664018
124.46/50.24	MSE 0.132812667275 0.132812667275
124.46/50.24	Mean tau 0.411252920152 0.341564574066
124.46/50.24	(0.10526315789473684, '1_class_probability_max')
124.46/50.24	(0.8947368421052632, '0_class_probability_max')
124.46/50.24	(2.56140350877193, '1_landmark_naive_bayes')
124.46/50.24	(2.824561403508772, '0_landmark_naive_bayes')
124.46/50.24	(4.754385964912281, '1_landmark_decision_tree')
124.46/50.24	(5.175438596491228, '0_landmark_decision_tree')
124.46/50.24	(6.649122807017544, '0_number_of_numeric_features')
124.46/50.24	(6.824561403508772, '1_number_of_numeric_features')
124.46/50.24	(8.43859649122807, '1_number_of_categorical_features')
124.46/50.24	(9.473684210526315, '0_number_of_categorical_features')
124.46/50.24	(9.75438596491228, '1_number_of_features')
124.46/50.24	(9.789473684210526, '0_number_of_features')
124.46/50.24	(11.350877192982455, '0_landmark_lda')
124.46/50.24	(12.403508771929825, '1_landmark_lda')
124.46/50.24	(14.473684210526315, '0_number_of_classes')
124.46/50.24	(14.526315789473685, '1_number_of_classes')
124.46/50.25	Result for ParamILS: SAT, 49.290442, 1, 0.294553, -1, /home/feurerm/thesis/Software/pyMetaLearn/optimizers/metalearn_optimizer/learn_distances.py
