0.80/1.72	['/home/feurerm/thesis/Software/pyMetaLearn/optimizers/metalearn_optimizer/learn_distances.py', '--input_file', '/home/feurerm/thesis/experiments/2014_04_25_predict_distances/testfold_0-3_pfahringer_spearman_rank_perm.pkl', '--fold', '0', '--folds', '1', '--params', '-max_features', '0.537350599053', '-min_samples_leaf', '2', '-min_samples_split', '2', '-n_estimators', '16', '-n_jobs', '4', '-seed', '21']
0.80/1.73	Metafeatures (57, 8)
0.80/1.73	X (3192, 16)
0.80/1.73	Y (3192,)
0.80/1.73	Dataset Mae MSE Rho
1.20/2.04	vehicle 0.29505846315 0.106077244521 0.508085356588
1.62/2.53	anneal.ORIG 0.375810919706 0.191843061044 0.239498250147
2.04/2.78	segment 0.15182069308 0.0301866035446 0.854889165506
2.48/3.04	pendigits 0.228430880879 0.0745296194263 0.721726845586
2.90/3.30	mushroom 0.15233268409 0.0306975510349 0.718494750442
3.32/3.84	labor 0.343064733112 0.172641194071 0.210409393854
3.77/4.14	abalone 0.190230467589 0.0479001538353 0.785399119917
4.20/4.47	diabetes 0.526722174512 0.341328994394 0.234003688403
4.63/4.76	car 0.366799121151 0.195037901063 0.246608859464
5.05/5.04	autos 0.186934269636 0.0475404004588 0.692314779779
5.52/5.30	mfeat-fourier 0.596155948825 0.467635313386 -0.419202740137
5.92/5.83	primary-tumor 0.234145593259 0.0710010547873 0.489985623783
6.34/6.08	waveform-5000 0.194808357622 0.0567936793901 0.647711866796
6.77/10.52	credit-a 0.34386115706 0.167914005744 0.497742652128
7.18/10.81	letter 0.22958822273 0.0735358741127 0.572080840433
7.64/11.08	postoperative-patient-data 0.462528140593 0.282723278791 -0.0226246660058
8.07/11.34	vowel 0.370842799949 0.174645743579 0.461219977005
8.50/11.59	eucalyptus 0.455963286096 0.272334004976 -0.108275187314
8.92/11.85	cylinder-bands 0.317930603381 0.129586889486 0.398517331217
9.35/12.10	ionosphere 0.36374446674 0.169374742811 0.2789298109
9.77/12.83	mfeat-karhunen 0.120888412971 0.0256019933247 0.829032404357
10.21/13.17	balance-scale 0.213764475162 0.0666751591027 0.567555907232
10.64/13.42	mfeat-morphological 0.464838152232 0.292202867434 -0.0581777125864
11.09/13.70	liver-disorders 0.232124077284 0.0677021663284 0.656761733198
11.50/14.06	dermatology 0.228230210188 0.0667922621821 0.45055406303
11.95/14.62	vote 0.0946344160207 0.0142002076344 0.726251778787
12.37/15.15	breast-cancer 0.175539272084 0.0464831744994 0.352621580177
12.79/15.57	credit-g 0.618894566111 0.514153472756 -0.561738135973
13.23/15.82	soybean 0.125039316565 0.0252541777949 0.66872048523
13.65/16.08	arrhythmia 0.281111112533 0.104059104347 0.344218132803
14.09/16.34	nursery 0.244912802668 0.0781059902535 0.673891837459
14.51/16.72	hepatitis 0.259784014541 0.0883831986216 0.336784313973
14.94/16.97	cmc 0.30738016461 0.126504701106 0.276344134786
15.39/17.33	heart-c 0.197792286475 0.0560530951733 0.829355613871
15.81/17.80	glass 0.323865793747 0.132900899485 0.466714538749
16.25/19.71	braziltourism 0.426261728184 0.232772339537 0.0772470739342
16.67/23.29	iris 0.294335950307 0.120613663209 0.329350495142
17.11/23.56	heart-statlog 0.16415901612 0.0399934956375 0.820305747469
17.53/23.81	page-blocks 0.420440250761 0.243819564549 0.0698132551037
17.95/24.07	breast-w 0.231424649615 0.0735365516399 0.438595310999
18.36/24.32	heart-h 0.125637647108 0.0234794910789 0.750815701879
18.79/24.57	yeast 0.229884790548 0.0695280248513 0.70944488404
19.22/24.92	tae 0.347697395771 0.144803202444 0.254365887808
19.64/25.53	haberman 0.311779415674 0.128092345704 -0.000969628543107
20.05/25.78	mfeat-pixel 0.347758983345 0.146356242735 0.258244401981
20.49/26.59	optdigits 0.129886273489 0.0230289463614 0.821275376012
20.92/26.97	mfeat-factors 0.197464033653 0.059290241119 0.693607617836
21.38/27.30	satimage 0.277036786176 0.105294080788 0.306402619622
21.76/27.55	lymph 0.242312094373 0.0887718147187 0.375892665211
22.19/27.91	audiology 0.315555771201 0.135259225782 0.349712694547
22.62/28.19	ecoli 0.403889221317 0.209645348812 0.182290166104
23.07/28.49	tic-tac-toe 0.291931839114 0.135269927878 0.473825148065
23.50/28.74	spambase 0.237387388282 0.0674475411761 0.815134395239
23.92/29.06	zoo 0.103030101725 0.0155483837279 0.814164766696
24.34/29.32	sonar 0.48481262568 0.301580353719 -0.069166836075
24.77/29.75	mfeat-zernike 0.250920350595 0.08976464434 0.483521433496
25.20/30.14	kr-vs-kp 0.151010068284 0.0313282451661 0.745321140135
25.20/30.15	MAE 0.285266463819 0.12045268455
25.20/30.15	MSE 0.127958306236 0.127958306236
25.20/30.15	Mean tau 0.425712293163 0.315843772579
25.20/30.15	(0.43859649122807015, '0_class_probability_max')
25.20/30.15	(0.7368421052631579, '1_class_probability_max')
25.20/30.15	(2.245614035087719, '1_landmark_decision_tree')
25.20/30.15	(3.8421052631578947, '0_landmark_decision_tree')
25.20/30.15	(4.56140350877193, '0_landmark_naive_bayes')
25.20/30.15	(4.824561403508772, '1_landmark_naive_bayes')
25.20/30.15	(6.43859649122807, '0_number_of_numeric_features')
25.20/30.15	(7.2631578947368425, '0_number_of_features')
25.20/30.15	(8.982456140350877, '1_number_of_numeric_features')
25.20/30.15	(9.491228070175438, '0_landmark_lda')
25.20/30.15	(10.140350877192983, '1_number_of_categorical_features')
25.20/30.15	(10.456140350877194, '1_landmark_lda')
25.20/30.15	(10.736842105263158, '1_number_of_features')
25.20/30.15	(11.43859649122807, '0_number_of_categorical_features')
25.20/30.15	(14.087719298245615, '1_number_of_classes')
25.20/30.15	(14.31578947368421, '0_number_of_classes')
25.20/30.15	Result for ParamILS: SAT, 28.425897, 1, 0.285266, -1, /home/feurerm/thesis/Software/pyMetaLearn/optimizers/metalearn_optimizer/learn_distances.py
