0.71/0.95	['/home/feurerm/thesis/Software/pyMetaLearn/optimizers/metalearn_optimizer/learn_distances.py', '--input_file', '/home/feurerm/thesis/experiments/2014_04_25_predict_distances/testfold_0-3_pfahringer_spearman_rank_perm.pkl', '--fold', '0', '--folds', '1', '--params', '-max_features', '0.645904619433', '-min_samples_leaf', '6', '-min_samples_split', '4', '-n_estimators', '58', '-n_jobs', '4', '-seed', '76']
0.71/0.96	Metafeatures (57, 8)
0.71/0.96	X (3192, 16)
0.71/0.96	Y (3192,)
0.71/0.96	Dataset Mae MSE Rho
1.97/1.52	vehicle 0.362769240785 0.159646390675 0.318361371654
3.41/2.10	anneal.ORIG 0.461422787367 0.257059293911 0.351005532605
4.61/2.68	segment 0.196202721368 0.0489024151045 0.810286252523
5.90/3.26	pendigits 0.294063537376 0.110227924942 0.684880960948
7.19/3.85	mushroom 0.18410761452 0.0428329201185 0.663872342514
8.54/4.43	labor 0.293462569893 0.12010245848 0.246932068978
9.88/5.00	abalone 0.269402434596 0.0932515935081 0.64286372408
11.23/5.58	diabetes 0.497863714947 0.311283931408 0.225277031515
12.49/6.15	car 0.372209032471 0.191784680383 0.303170524478
13.77/6.73	autos 0.224321992361 0.0647657909397 0.677447142118
15.06/7.32	mfeat-fourier 0.571943085492 0.426463442619 -0.456371834289
16.40/7.90	primary-tumor 0.212403846812 0.055560691443 0.588564525666
17.67/8.47	waveform-5000 0.17374499389 0.0423187099726 0.752754958966
18.96/9.05	credit-a 0.37443028124 0.197760358445 0.3868817887
20.25/9.63	letter 0.238673310942 0.076795744871 0.633813857678
21.56/10.21	postoperative-patient-data 0.440731276844 0.25794221551 0.0
22.83/10.78	vowel 0.440873617292 0.245025606021 0.276990553814
24.12/11.38	eucalyptus 0.425831233218 0.240683715916 -0.101810997026
25.44/11.97	cylinder-bands 0.324004589973 0.12709814806 0.459280719918
26.76/12.65	ionosphere 0.419706091257 0.214681515221 0.0471885890979
28.14/13.23	mfeat-karhunen 0.170126261238 0.0401708462527 0.795418614862
29.41/13.82	balance-scale 0.242832441485 0.0803123372516 0.410799292763
30.73/14.40	mfeat-morphological 0.472192811687 0.297889053014 -0.19974347988
32.07/14.99	liver-disorders 0.289595386054 0.111664522519 0.472532310008
33.38/15.67	dermatology 0.204769912835 0.053999520768 0.483198223982
34.73/16.25	vote 0.0817626202372 0.0103553172873 0.756310263624
36.09/16.92	breast-cancer 0.132843269947 0.0249279592992 0.411122502277
37.40/17.51	credit-g 0.660385123393 0.579610296874 -0.631874600591
38.77/18.10	soybean 0.117283591497 0.0221818575991 0.76342087294
39.98/18.69	arrhythmia 0.266617714464 0.0999045890477 0.283131534587
41.32/19.28	nursery 0.264290251295 0.0905773907099 0.620239058074
42.76/19.98	hepatitis 0.250388842821 0.0840408409544 0.401749426361
44.02/20.56	cmc 0.248738829692 0.0818511647162 0.365226751237
45.33/21.31	heart-c 0.238256908329 0.076917847594 0.789924053118
46.65/23.18	glass 0.350285122808 0.147133822707 0.419525949651
48.01/23.77	braziltourism 0.441973279963 0.259645275337 0.138010462636
49.30/24.36	iris 0.287714456158 0.109526428965 0.311250762337
50.65/24.95	heart-statlog 0.248920707977 0.0841044115936 0.78119739623
51.98/25.58	page-blocks 0.414683321521 0.230744136968 0.11717287444
53.29/26.22	breast-w 0.216315675663 0.0616739743807 0.546870498312
54.62/26.99	heart-h 0.16297633029 0.0363652802288 0.712353769669
55.98/27.58	yeast 0.290296361165 0.107332922054 0.613774867787
57.30/28.21	tae 0.35995322894 0.155327837084 0.19457212765
58.66/28.82	haberman 0.264608458288 0.0908416635534 0.0749846073336
59.95/29.53	mfeat-pixel 0.370857339679 0.169134573745 0.183259794647
61.31/30.98	optdigits 0.180414319035 0.0415560636986 0.77085469177
62.66/31.57	mfeat-factors 0.199360826158 0.0538666324354 0.751138911394
63.98/32.16	satimage 0.258794651061 0.0924061359269 0.496449814071
65.28/32.76	lymph 0.2291278573 0.0792808976117 0.416940273536
66.59/33.36	audiology 0.305049012378 0.122381741906 0.443443453714
67.92/33.93	ecoli 0.401052513036 0.205378615502 0.138980091179
69.27/34.53	tic-tac-toe 0.313925952769 0.145805839601 0.564323812088
70.60/35.12	spambase 0.216466330335 0.0579658158265 0.845839299104
71.91/35.75	zoo 0.10610887204 0.0160457013644 0.826446728242
73.27/36.36	sonar 0.517129828489 0.335292083465 -0.163220804756
74.66/37.00	mfeat-zernike 0.256912105942 0.0918683217764 0.452816529631
75.89/37.58	kr-vs-kp 0.179757997891 0.0416383022623 0.715909074327
75.99/37.61	MAE 0.298086605026 0.119603995231
75.99/37.61	MSE 0.134629957358 0.134629957358
75.99/37.61	Mean tau 0.413784893374 0.322196378587
75.99/37.61	(0.017543859649122806, '1_class_probability_max')
75.99/37.61	(0.9824561403508771, '0_class_probability_max')
75.99/37.61	(2.543859649122807, '0_landmark_decision_tree')
75.99/37.61	(3.2982456140350878, '0_landmark_naive_bayes')
75.99/37.61	(3.56140350877193, '1_landmark_naive_bayes')
75.99/37.61	(4.964912280701754, '1_landmark_decision_tree')
75.99/37.61	(6.491228070175438, '1_number_of_numeric_features')
75.99/37.61	(8.210526315789474, '0_number_of_numeric_features')
75.99/37.61	(9.43859649122807, '0_number_of_categorical_features')
75.99/37.61	(9.508771929824562, '1_number_of_categorical_features')
75.99/37.61	(9.526315789473685, '1_number_of_features')
75.99/37.61	(9.87719298245614, '0_number_of_features')
75.99/37.61	(10.894736842105264, '0_landmark_lda')
75.99/37.61	(11.68421052631579, '1_landmark_lda')
75.99/37.61	(14.333333333333334, '0_number_of_classes')
75.99/37.61	(14.666666666666666, '1_number_of_classes')
75.99/37.61	Result for ParamILS: SAT, 36.659388, 1, 0.298087, -1, /home/feurerm/thesis/Software/pyMetaLearn/optimizers/metalearn_optimizer/learn_distances.py
