0.76/0.92	['/home/feurerm/thesis/Software/pyMetaLearn/optimizers/metalearn_optimizer/learn_distances.py', '--input_file', '/home/feurerm/thesis/experiments/2014_04_25_predict_distances/testfold_0-3_pfahringer_spearman_rank_perm.pkl', '--fold', '0', '--folds', '1', '--params', '-max_features', '0.865760624255', '-min_samples_leaf', '1', '-min_samples_split', '2', '-n_estimators', '2', '-n_jobs', '4', '-seed', '28']
0.76/0.92	Metafeatures (57, 8)
0.76/0.92	X (3192, 16)
0.76/0.92	Y (3192,)
0.76/0.92	Dataset Mae MSE Rho
0.89/1.16	vehicle 0.389449740181 0.214927443249 0.238624612844
1.03/1.40	anneal.ORIG 0.781247625209 0.698606861726 0.125121929583
1.15/1.64	segment 0.197690928027 0.0732902754055 0.716624499868
1.29/1.89	pendigits 0.224300498126 0.0891292310431 0.674324702014
1.42/2.12	mushroom 0.237145843338 0.0884113287096 0.481659669721
1.56/2.35	labor 0.361946771748 0.202295428149 0.175235948084
1.68/2.59	abalone 0.118692030487 0.0346172033167 0.74200461412
1.82/2.83	diabetes 0.559360364198 0.395989000449 0.00339451914045
1.94/3.06	car 0.345995434859 0.178085737371 0.275507505287
2.07/3.30	autos 0.243045269 0.118252502904 0.423634226288
2.21/3.54	mfeat-fourier 0.581735689276 0.472568256242 -0.248001460774
2.34/3.77	primary-tumor 0.207260076156 0.0643871302011 0.535698277432
2.47/4.01	waveform-5000 0.212998621847 0.0744121877126 0.535525805349
2.60/4.25	credit-a 0.396631679742 0.237826456782 0.265355011297
2.73/4.49	letter 0.351361010975 0.180541791721 0.283500355936
2.86/4.72	postoperative-patient-data 0.49165435891 0.316860886326 -0.0176305251653
2.99/4.96	vowel 0.527790295517 0.390370762442 -0.000161643768593
3.12/5.20	eucalyptus 0.263968030824 0.153379182335 0.388721981771
3.25/5.44	cylinder-bands 0.332171472438 0.164722743471 0.313664648038
3.39/5.68	ionosphere 0.418880960977 0.248188464912 0.12932542294
3.52/5.92	mfeat-karhunen 0.116794536849 0.0285919816107 0.789110254262
3.65/6.16	balance-scale 0.259892168698 0.0993210935405 0.407180653086
3.78/6.39	mfeat-morphological 0.479446518545 0.33674911115 -0.0473692490266
3.90/6.63	liver-disorders 0.468580802792 0.294007762775 0.0457415055473
4.06/6.87	dermatology 0.252247849979 0.0886220054546 0.410641271425
4.18/7.11	vote 0.147472095706 0.0337946022675 0.616894981709
4.30/7.34	breast-cancer 0.262883956255 0.115307943419 0.239814225198
4.44/7.58	credit-g 0.651904467184 0.568153045226 -0.359305183151
4.57/9.99	soybean 0.226128013427 0.0881060706802 0.416751175425
4.71/10.23	arrhythmia 0.320653622348 0.128275689304 0.54725224558
4.84/10.46	nursery 0.235714849146 0.0859988817444 0.592053479928
4.97/10.70	hepatitis 0.273287148657 0.105601620783 0.589970727015
5.10/10.94	cmc 0.317537967419 0.144827236669 0.270709744397
5.24/11.18	heart-c 0.182238274574 0.0564511405446 0.707619474509
5.37/11.41	glass 0.337920892107 0.164987610632 0.345510970861
5.49/11.65	braziltourism 0.431860341811 0.263530512578 -0.046083310917
5.64/11.89	iris 0.411109900859 0.239357273701 0.0103443687457
5.77/12.13	heart-statlog 0.145703024183 0.0406491105863 0.752229564725
5.91/12.37	page-blocks 0.517380867363 0.362394467706 -0.0669151353236
6.05/12.61	breast-w 0.308004687793 0.143993428234 0.252325922774
6.17/12.85	heart-h 0.243962417057 0.0955033352283 0.486425247034
6.31/13.09	yeast 0.179978610517 0.0659833337595 0.6676420729
6.44/13.33	tae 0.415088473337 0.213752853999 0.183142389816
6.57/13.56	haberman 0.292780018718 0.138513612582 0.126567070808
6.71/13.80	mfeat-pixel 0.33884776781 0.166308292026 0.251497465129
6.83/14.04	optdigits 0.121022774022 0.0297034092567 0.790859316759
6.98/14.28	mfeat-factors 0.160893171071 0.0551544697188 0.717571674229
7.11/14.52	satimage 0.362347136755 0.172130600031 0.161456140091
7.24/14.76	lymph 0.165746278915 0.0594479001856 0.604758009025
7.39/15.00	audiology 0.350109304776 0.172725511114 0.469251860225
7.53/15.23	ecoli 0.510524151114 0.395263322573 -0.0932834699261
7.65/15.47	tic-tac-toe 0.344302460703 0.207124056312 0.0971713677686
7.77/15.71	spambase 0.208802457032 0.0610268313304 0.691891012731
7.91/15.95	zoo 0.150143208738 0.0362367910661 0.648999730901
8.04/16.19	sonar 0.438608968757 0.294247015749 0.180100148176
8.17/16.42	mfeat-zernike 0.299158969224 0.148208512367 0.350956866504
8.31/16.66	kr-vs-kp 0.137828734837 0.0344446363609 0.743663134357
8.31/16.67	MAE 0.321232168262 0.142685927641
8.31/16.67	MSE 0.177743121873 0.177743121873
8.31/16.67	Mean tau 0.343776803918 0.285002956775
8.31/16.67	(0.38596491228070173, '1_class_probability_max')
8.31/16.67	(0.9649122807017544, '0_class_probability_max')
8.31/16.67	(3.5789473684210527, '0_landmark_naive_bayes')
8.31/16.67	(3.982456140350877, '1_landmark_naive_bayes')
8.31/16.67	(6.543859649122807, '0_number_of_numeric_features')
8.31/16.67	(6.5964912280701755, '1_number_of_numeric_features')
8.31/16.67	(7.754385964912281, '1_number_of_features')
8.31/16.67	(7.982456140350878, '0_number_of_features')
8.31/16.67	(8.68421052631579, '0_landmark_lda')
8.31/16.67	(8.736842105263158, '1_number_of_categorical_features')
8.31/16.67	(8.964912280701755, '0_landmark_decision_tree')
8.31/16.67	(9.192982456140351, '1_landmark_decision_tree')
8.31/16.67	(9.842105263157896, '0_number_of_categorical_features')
8.31/16.67	(9.87719298245614, '1_landmark_lda')
8.31/16.67	(13.052631578947368, '1_number_of_classes')
8.31/16.67	(13.859649122807017, '0_number_of_classes')
8.31/16.67	Result for ParamILS: SAT, 15.751105, 1, 0.321232, -1, /home/feurerm/thesis/Software/pyMetaLearn/optimizers/metalearn_optimizer/learn_distances.py
