0.74/1.12	['/home/feurerm/thesis/Software/pyMetaLearn/optimizers/metalearn_optimizer/learn_distances.py', '--input_file', '/home/feurerm/thesis/experiments/2014_04_25_predict_distances/testfold_0-3_pfahringer_spearman_rank_perm.pkl', '--fold', '0', '--folds', '1', '--params', '-max_features', '0.669367731121', '-min_samples_leaf', '6', '-min_samples_split', '6', '-n_estimators', '94', '-n_jobs', '4', '-seed', '46']
0.74/1.12	Metafeatures (57, 8)
0.74/1.12	X (3192, 16)
0.74/1.12	Y (3192,)
0.74/1.12	Dataset Mae MSE Rho
2.70/1.97	vehicle 0.35230902147 0.148661325302 0.334845056886
4.80/2.88	anneal.ORIG 0.461468565938 0.257925782423 0.335491475915
6.87/3.77	segment 0.200136700647 0.0503504910112 0.80705415738
8.96/4.67	pendigits 0.278431716853 0.0989527585517 0.700395017638
11.12/5.57	mushroom 0.177424433208 0.0388614876662 0.689082684635
13.24/6.52	labor 0.299955426257 0.127910820771 0.252426630722
15.24/7.43	abalone 0.261101122092 0.0876734333998 0.640278047965
17.39/8.35	diabetes 0.52301721735 0.343068111955 0.2226913554
19.49/9.28	car 0.368349080984 0.183046945383 0.291211772447
21.60/10.19	autos 0.214146458315 0.06009788122 0.725605359759
23.77/11.10	mfeat-fourier 0.564373151541 0.414298710458 -0.46089676749
25.80/12.04	primary-tumor 0.219186998858 0.0594856084768 0.549779383942
27.81/12.94	waveform-5000 0.174107118952 0.0439378850903 0.756310263624
29.93/13.87	credit-a 0.365295915508 0.187345161381 0.444089872743
31.99/14.78	letter 0.237522979655 0.0787577542884 0.652883219025
34.18/15.70	postoperative-patient-data 0.432804683156 0.241866900852 0.0436332844398
36.13/17.81	vowel 0.418195113342 0.216789423261 0.382680065013
38.30/18.72	eucalyptus 0.400588742351 0.211641455161 -0.0174533137759
40.29/19.65	cylinder-bands 0.329005567613 0.134172448236 0.45572541526
42.38/20.56	ionosphere 0.420013361609 0.206118686546 0.0277960182357
44.51/21.49	mfeat-karhunen 0.161215504651 0.0376973502523 0.803822062236
46.56/22.40	balance-scale 0.240800536859 0.0788017453778 0.437302472941
48.72/23.33	mfeat-morphological 0.475139575845 0.298455177024 -0.236589364518
50.88/24.15	liver-disorders 0.296797706796 0.113757953948 0.342602085231
52.91/25.06	dermatology 0.207515531587 0.0554863646943 0.492894509413
55.01/25.96	vote 0.0763967363181 0.0093879209164 0.778611720115
57.14/26.88	breast-cancer 0.142070914398 0.0271319300923 0.371044522496
59.25/27.71	credit-g 0.666348244846 0.58914299804 -0.701041436666
61.45/28.61	soybean 0.120816198232 0.0228860119662 0.781520605744
63.42/29.43	arrhythmia 0.267637301906 0.0982088703101 0.251133792665
65.49/30.34	nursery 0.266755372567 0.0920279752169 0.612805239244
67.55/31.24	hepatitis 0.258130670749 0.0878827034501 0.337107523487
69.72/32.15	cmc 0.255630474311 0.0846592192955 0.357146513378
71.87/33.06	heart-c 0.236138214071 0.0750498402634 0.806084528836
73.87/33.97	glass 0.369906441575 0.165372557203 0.295090286619
75.94/34.87	braziltourism 0.417666455127 0.225610924186 0.115062587115
78.06/35.78	iris 0.287414804742 0.1082306186 0.348096646975
80.27/36.70	heart-statlog 0.243771769626 0.079995664418 0.798327500492
82.29/37.60	page-blocks 0.403579734722 0.220405916582 0.167099318929
84.42/38.50	breast-w 0.216115919772 0.0607379749639 0.510671032703
86.42/39.41	heart-h 0.150306527623 0.0313188107489 0.696193293951
88.48/40.33	yeast 0.284830658464 0.0997842279846 0.680032818232
90.56/41.14	tae 0.362144097986 0.157984435982 0.194248918136
92.63/42.19	haberman 0.269581305277 0.0964610038398 0.0187461518334
94.82/43.00	mfeat-pixel 0.373117888306 0.170995700844 0.144797862437
96.92/43.90	optdigits 0.177689312961 0.0414073063798 0.763744082454
98.86/44.82	mfeat-factors 0.189769757623 0.049553879534 0.753724587509
100.89/45.63	satimage 0.263408627334 0.0950419285486 0.458957510404
102.95/46.55	lymph 0.205665252669 0.0630837799195 0.484491062039
105.12/47.36	audiology 0.301285402082 0.115435018001 0.462512815062
107.17/48.28	ecoli 0.401596818106 0.206433198112 0.140596138751
109.25/49.19	tic-tac-toe 0.297505826786 0.136341179762 0.524569041821
111.40/50.12	spambase 0.219634774126 0.0582146132462 0.877513831512
113.46/51.03	zoo 0.103692828464 0.0152740597257 0.833880547072
115.54/51.94	sonar 0.498841799854 0.313376980546 -0.162574385728
117.66/52.86	mfeat-zernike 0.249654491613 0.0858408743882 0.509054985131
119.68/53.77	kr-vs-kp 0.179874185259 0.0416627635517 0.70944488404
119.87/53.82	MAE 0.295366334016 0.119114300035
119.87/53.82	MSE 0.13158074648 0.13158074648
119.87/53.82	Mean tau 0.413900970033 0.330372544447
119.87/53.82	(0.0, '1_class_probability_max')
119.87/53.82	(1.0, '0_class_probability_max')
119.87/53.82	(2.982456140350877, '0_landmark_naive_bayes')
119.87/53.82	(3.087719298245614, '1_landmark_decision_tree')
119.87/53.82	(3.1578947368421053, '0_landmark_decision_tree')
119.87/53.82	(4.87719298245614, '1_landmark_naive_bayes')
119.87/53.82	(7.4035087719298245, '0_number_of_numeric_features')
119.87/53.82	(8.140350877192983, '1_number_of_numeric_features')
119.87/53.82	(8.596491228070175, '0_landmark_lda')
119.87/53.82	(8.859649122807017, '0_number_of_categorical_features')
119.87/53.82	(8.87719298245614, '1_number_of_categorical_features')
119.87/53.82	(10.666666666666666, '0_number_of_features')
119.87/53.82	(10.666666666666666, '1_number_of_features')
119.87/53.82	(12.68421052631579, '1_landmark_lda')
119.87/53.82	(14.368421052631579, '0_number_of_classes')
119.87/53.82	(14.631578947368421, '1_number_of_classes')
119.87/53.82	Result for ParamILS: SAT, 52.701765, 1, 0.295366, -1, /home/feurerm/thesis/Software/pyMetaLearn/optimizers/metalearn_optimizer/learn_distances.py
