0.71/0.97	['/home/feurerm/thesis/Software/pyMetaLearn/optimizers/metalearn_optimizer/learn_distances.py', '--input_file', '/home/feurerm/thesis/experiments/2014_04_25_predict_distances/testfold_0-3_pfahringer_spearman_rank_perm.pkl', '--fold', '0', '--folds', '1', '--params', '-max_features', '0.640275497554', '-min_samples_leaf', '9', '-min_samples_split', '1', '-n_estimators', '22', '-n_jobs', '4', '-seed', '38']
0.71/0.98	Metafeatures (57, 8)
0.71/0.98	X (3192, 16)
0.71/0.98	Y (3192,)
0.71/0.98	Dataset Mae MSE Rho
1.21/1.32	vehicle 0.350399148252 0.152052930164 0.374276617639
1.74/1.69	anneal.ORIG 0.533429869325 0.33378172653 0.0400844288895
2.26/2.04	segment 0.234371317332 0.0682838094105 0.745967559164
2.78/2.39	pendigits 0.30702558984 0.119808526272 0.653852847569
3.28/2.74	mushroom 0.195967521082 0.0481822159176 0.639308419422
3.85/3.10	labor 0.297025312281 0.125808648086 0.300261638849
4.32/3.46	abalone 0.292643410507 0.111282534184 0.559475669373
4.87/3.82	diabetes 0.54399864396 0.363021087795 0.260506868581
5.37/4.18	car 0.384906965491 0.208629169316 0.31517998522
5.88/4.53	autos 0.22897700294 0.0690785601874 0.534588536766
6.39/4.88	mfeat-fourier 0.559377378863 0.405045133827 -0.448938015459
6.92/5.23	primary-tumor 0.217190930926 0.06083371416 0.513579918332
7.44/5.59	waveform-5000 0.196885602115 0.0588373973703 0.726898197816
7.96/5.95	credit-a 0.357082785111 0.179927767728 0.48384464301
8.47/6.36	letter 0.22919359536 0.0754825170432 0.613451658272
9.01/6.71	postoperative-patient-data 0.437524251074 0.25430094894 -0.0168123049822
9.52/7.07	vowel 0.432221803519 0.233884413096 0.344541342317
10.02/7.42	eucalyptus 0.401993002951 0.215511533518 -0.0559152459858
10.54/7.78	cylinder-bands 0.33351990225 0.139898351626 0.384296112585
11.08/8.14	ionosphere 0.408281799474 0.208091448275 0.132839110406
11.65/8.50	mfeat-karhunen 0.19363126422 0.0540957314098 0.719464378986
12.14/8.86	balance-scale 0.25594983449 0.0894898135692 0.335491475915
12.66/9.24	mfeat-morphological 0.460380101671 0.28421951298 -0.207177298711
13.20/9.60	liver-disorders 0.287356514881 0.109663290047 0.32030062874
13.69/9.95	dermatology 0.192962167943 0.0476864431037 0.523922622792
14.21/10.31	vote 0.0820381479374 0.0104558529773 0.775379624971
14.72/10.66	breast-cancer 0.13667016432 0.0279685870588 0.400003950676
15.25/11.02	credit-g 0.682899529723 0.615313701189 -0.709017103683
15.78/11.37	soybean 0.119624540516 0.0223735844324 0.808670204951
16.26/11.73	arrhythmia 0.262823126454 0.0951095444343 0.336461104458
16.80/12.08	nursery 0.292925156311 0.109346175313 0.529740394051
17.31/12.44	hepatitis 0.271368530929 0.106154188562 0.260366207894
17.87/12.80	cmc 0.256704656434 0.0845029273386 0.319654209711
18.35/13.16	heart-c 0.273785227077 0.0996523378138 0.713000188698
18.88/13.52	glass 0.371523651228 0.169196139825 0.232064431317
19.43/13.90	braziltourism 0.463471228243 0.276033438722 0.0471885890979
19.91/14.26	iris 0.291894935761 0.10954947724 0.352621580177
20.41/14.61	heart-statlog 0.266956036018 0.0943533989785 0.7197875885
20.95/14.96	page-blocks 0.425167573463 0.241071589364 0.094069103281
21.49/15.32	breast-w 0.203044754629 0.0557612333366 0.546870498312
22.00/15.67	heart-h 0.171133264195 0.039219643153 0.6658115996
22.50/16.03	yeast 0.293469912679 0.111193513925 0.588241316152
23.03/16.38	tae 0.350029799916 0.147722030371 0.232064431317
23.55/16.74	haberman 0.267871274096 0.0949290580515 0.0429868654111
24.06/17.09	mfeat-pixel 0.35633341265 0.156373310277 0.205561251139
24.57/17.45	optdigits 0.215380803076 0.0599567048788 0.715262655299
25.13/17.80	mfeat-factors 0.210217780227 0.0617095108756 0.690375522692
25.61/18.16	satimage 0.261336504176 0.0949333592465 0.483521433496
26.13/18.51	lymph 0.246267848529 0.0909879858985 0.328568901707
26.65/18.87	audiology 0.327907400777 0.136460206611 0.338912438209
27.16/19.23	ecoli 0.389888783233 0.190544814562 0.202005946481
27.67/19.59	tic-tac-toe 0.266467051823 0.104936506209 0.537174212881
28.20/19.95	spambase 0.232134758125 0.0687986481889 0.791863310204
28.71/20.31	zoo 0.120282950946 0.0208748721335 0.797681081463
29.22/20.66	sonar 0.510355670007 0.326442083412 -0.148353167095
29.73/21.01	mfeat-zernike 0.273956060778 0.107784691216 0.401103007332
30.25/21.36	kr-vs-kp 0.197148682155 0.0495601660484 0.688113056092
30.25/21.38	MAE 0.305673244426 0.118991930566
30.25/21.38	MSE 0.140283622916 0.140283622916
30.25/21.38	Mean tau 0.382123582988 0.313076233702
30.25/21.38	(0.14035087719298245, '1_class_probability_max')
30.25/21.38	(0.8596491228070176, '0_class_probability_max')
30.25/21.38	(2.491228070175439, '1_landmark_decision_tree')
30.25/21.38	(3.263157894736842, '0_landmark_decision_tree')
30.25/21.38	(4.298245614035087, '0_landmark_naive_bayes')
30.25/21.38	(4.631578947368421, '1_landmark_naive_bayes')
30.25/21.38	(6.298245614035087, '1_number_of_numeric_features')
30.25/21.38	(8.210526315789474, '0_number_of_categorical_features')
30.25/21.38	(8.421052631578947, '0_number_of_numeric_features')
30.25/21.38	(9.526315789473685, '1_number_of_categorical_features')
30.25/21.38	(9.719298245614034, '0_number_of_features')
30.25/21.38	(9.771929824561404, '1_number_of_features')
30.25/21.38	(11.385964912280702, '0_landmark_lda')
30.25/21.38	(12.087719298245615, '1_landmark_lda')
30.25/21.38	(14.298245614035087, '1_number_of_classes')
30.25/21.38	(14.596491228070175, '0_number_of_classes')
30.25/21.38	Result for ParamILS: SAT, 20.405833, 1, 0.305673, -1, /home/feurerm/thesis/Software/pyMetaLearn/optimizers/metalearn_optimizer/learn_distances.py
