0.71/1.00	['/home/feurerm/thesis/Software/pyMetaLearn/optimizers/metalearn_optimizer/learn_distances.py', '--input_file', '/home/feurerm/thesis/experiments/2014_04_25_predict_distances/testfold_0-3_pfahringer_spearman_rank_perm.pkl', '--fold', '0', '--folds', '1', '--params', '-max_features', '0.29018248091', '-min_samples_leaf', '1', '-min_samples_split', '2', '-n_estimators', '72', '-n_jobs', '4', '-seed', '76']
0.79/1.01	Metafeatures (57, 8)
0.79/1.01	X (3192, 16)
0.79/1.01	Y (3192,)
0.79/1.01	Dataset Mae MSE Rho
1.96/1.66	vehicle 0.306151699406 0.116939094505 0.50226758533
3.37/2.41	anneal.ORIG 0.270094491514 0.0954255420968 0.643510143109
4.83/3.18	segment 0.150229125225 0.0288812132334 0.868140755595
6.29/3.93	pendigits 0.246770824209 0.0777116331369 0.733039178589
7.69/4.67	mushroom 0.153811443564 0.0306235846566 0.718171540928
9.26/5.43	labor 0.29613299885 0.124047670992 0.28183869653
10.63/6.21	abalone 0.20902399057 0.0565048281888 0.743705092563
12.06/6.96	diabetes 0.505939983453 0.332361892997 0.096316435282
13.65/7.72	car 0.346568621714 0.171653101727 0.411122502277
14.99/8.46	autos 0.193696398215 0.0506770449695 0.689729103664
16.41/9.21	mfeat-fourier 0.560497715147 0.404989335315 -0.385588950642
17.93/9.97	primary-tumor 0.208795216417 0.0544323747819 0.607957096528
19.28/10.72	waveform-5000 0.201136881838 0.0568701842514 0.713646607727
20.70/11.48	credit-a 0.33159071192 0.157174475018 0.555273945686
22.13/12.25	letter 0.234160776596 0.0727564292009 0.694577246379
23.60/13.00	postoperative-patient-data 0.411211444627 0.211687198541 0.0581777125864
25.06/13.76	vowel 0.422823797291 0.229505417314 0.345834180375
26.52/14.53	eucalyptus 0.386657966173 0.196617700781 0.0979324828538
28.10/15.31	cylinder-bands 0.322755201241 0.13438172081 0.467360957778
29.45/16.05	ionosphere 0.404899592283 0.206068308874 0.0917915020808
30.88/16.82	mfeat-karhunen 0.108921623824 0.0175143493264 0.887856535972
32.41/17.55	balance-scale 0.199584979121 0.0564085605523 0.59405908741
33.73/18.28	mfeat-morphological 0.498944072355 0.332365104035 -0.286363629731
35.16/19.03	liver-disorders 0.28062056866 0.102667896529 0.621531896132
36.65/19.79	dermatology 0.218573106265 0.0618560941594 0.473825148065
38.07/20.56	vote 0.0767296739915 0.00969465496077 0.774086786914
39.54/21.32	breast-cancer 0.227302623314 0.0611861616129 0.24854811655
41.00/22.07	credit-g 0.53584846195 0.387100022049 -0.362317865608
42.37/22.83	soybean 0.13364673518 0.0282710652256 0.649651123882
43.80/23.60	arrhythmia 0.294575947162 0.119522393695 0.048158217641
45.20/24.35	nursery 0.256876232863 0.0846013226407 0.624117572247
46.65/25.11	hepatitis 0.355051328609 0.180898749043 -0.427929397025
48.25/25.90	cmc 0.318894711313 0.129081533276 0.229478755202
49.61/26.69	heart-c 0.186162952585 0.0467025563134 0.896259983345
51.09/27.42	glass 0.339098710956 0.139239387866 0.422758044795
52.47/28.19	braziltourism 0.480273260856 0.299714468484 -0.0669043694744
53.92/28.93	iris 0.292756166151 0.112140258059 0.34324850426
55.43/29.68	heart-statlog 0.221079565211 0.0675524716809 0.831941289986
56.91/30.56	page-blocks 0.325793333001 0.150524289998 0.342278875717
58.33/31.34	breast-w 0.212883631019 0.0639820480371 0.495156976013
59.78/32.09	heart-h 0.131610298622 0.0249638294814 0.782490234287
61.21/32.85	yeast 0.250392289261 0.082063412669 0.703627112781
62.71/33.63	tae 0.340597079876 0.145674147837 0.0866201498509
64.29/34.40	haberman 0.219896627828 0.0709089710705 0.373306989096
65.66/35.16	mfeat-pixel 0.330406891236 0.131370573915 0.284424372645
67.04/35.95	optdigits 0.102313836942 0.0141263663987 0.878806669569
68.54/36.71	mfeat-factors 0.164455873738 0.0417467156255 0.75534063508
70.15/37.51	satimage 0.263728198307 0.0916734637003 0.478350081266
71.51/38.29	lymph 0.179074181204 0.0486988184623 0.649327914367
72.94/39.05	audiology 0.324069047527 0.130316484362 0.312220390881
74.36/39.82	ecoli 0.419363448087 0.224394211935 0.0934075496527
75.86/40.58	tic-tac-toe 0.320838560026 0.148130930949 0.632197810106
77.35/41.34	spambase 0.209442745283 0.0567684073599 0.833557337558
78.81/42.11	zoo 0.092618247461 0.0110272597347 0.821598585526
80.31/42.87	sonar 0.481266252473 0.289254992274 -0.0135747996035
81.65/43.63	mfeat-zernike 0.249439477632 0.0909669673242 0.482551804953
83.33/44.40	kr-vs-kp 0.13688863916 0.0236779898109 0.802206014664
83.33/44.47	MAE 0.279701197532 0.115933752269
83.33/44.47	MSE 0.120808696173 0.120808696173
83.33/44.47	Mean tau 0.442643935442 0.342455288767
83.33/44.47	(0.2631578947368421, '1_class_probability_max')
83.33/44.47	(1.8070175438596492, '0_landmark_naive_bayes')
83.33/44.47	(2.6842105263157894, '0_class_probability_max')
83.33/44.47	(3.017543859649123, '0_landmark_decision_tree')
83.33/44.47	(3.4210526315789473, '1_landmark_decision_tree')
83.33/44.47	(3.8771929824561404, '1_landmark_naive_bayes')
83.33/44.47	(5.964912280701754, '0_landmark_lda')
83.33/44.47	(8.543859649122806, '1_landmark_lda')
83.33/44.47	(9.175438596491228, '0_number_of_numeric_features')
83.33/44.47	(9.578947368421053, '0_number_of_features')
83.33/44.47	(10.280701754385966, '1_number_of_numeric_features')
83.33/44.47	(10.333333333333334, '0_number_of_categorical_features')
83.33/44.47	(10.649122807017545, '1_number_of_categorical_features')
83.33/44.47	(11.491228070175438, '1_number_of_features')
83.33/44.47	(14.421052631578947, '1_number_of_classes')
83.33/44.47	(14.491228070175438, '0_number_of_classes')
83.33/44.47	Result for ParamILS: SAT, 43.466360, 1, 0.279701, -1, /home/feurerm/thesis/Software/pyMetaLearn/optimizers/metalearn_optimizer/learn_distances.py
