0.69/0.88	['/home/feurerm/thesis/Software/pyMetaLearn/optimizers/metalearn_optimizer/learn_distances.py', '--input_file', '/home/feurerm/thesis/experiments/2014_04_25_predict_distances/testfold_0-3_pfahringer_spearman_rank_perm.pkl', '--fold', '0', '--folds', '1', '--params', '-max_features', '0.530176158901', '-min_samples_leaf', '1', '-min_samples_split', '3', '-n_estimators', '51', '-n_jobs', '4', '-seed', '52']
0.69/0.88	Metafeatures (57, 8)
0.69/0.88	X (3192, 16)
0.69/0.88	Y (3192,)
0.69/0.88	Dataset Mae MSE Rho
1.94/1.43	vehicle 0.298217423913 0.106547415743 0.5533346886
3.26/2.03	anneal.ORIG 0.393852332462 0.186912193143 0.650297542911
4.57/2.63	segment 0.134349691476 0.023505590297 0.87363531734
5.94/3.21	pendigits 0.23523373586 0.0731516048467 0.757603101681
7.18/3.79	mushroom 0.165722050789 0.0362122783505 0.679063189689
8.51/4.38	labor 0.315530544386 0.138820115402 0.213964698512
9.83/4.99	abalone 0.167225638788 0.0352703366872 0.819336118926
11.17/5.59	diabetes 0.50663385823 0.325543807981 0.181320537561
12.47/6.17	car 0.328629854334 0.140722931919 0.423727673338
13.79/6.86	autos 0.183052950116 0.0444144301831 0.783136653316
15.16/7.47	mfeat-fourier 0.586517655286 0.448925581222 -0.418556321108
16.47/8.06	primary-tumor 0.215447346358 0.0587753737965 0.556889993258
17.80/8.65	waveform-5000 0.173637135857 0.0445577751991 0.775702834486
19.16/9.27	credit-a 0.352456801715 0.174234158219 0.458957510404
20.50/9.86	letter 0.238716680458 0.0789351555824 0.652560009511
21.84/10.47	postoperative-patient-data 0.415079767705 0.222960884543 0.163544014271
23.21/11.09	vowel 0.386378152482 0.187449498851 0.45863430089
24.54/11.68	eucalyptus 0.432627255983 0.244168696747 -0.0478350081266
25.87/12.99	cylinder-bands 0.326659727608 0.130771822076 0.413708178392
27.25/13.69	ionosphere 0.383163502673 0.181707407537 0.227216288601
28.63/14.30	mfeat-karhunen 0.117117958233 0.0208263047468 0.874604945883
29.98/14.90	balance-scale 0.217503844312 0.0657110916424 0.547193707827
31.30/15.51	mfeat-morphological 0.462307020911 0.28823300547 -0.169038576015
32.74/16.10	liver-disorders 0.280352557666 0.0977768687402 0.650620752425
34.09/16.70	dermatology 0.224117775022 0.0645655711797 0.454755786717
35.41/17.30	vote 0.0851921545773 0.0126834493326 0.746613978193
36.70/17.92	breast-cancer 0.182068075001 0.0420336275673 0.36619637978
38.03/18.52	credit-g 0.600456833413 0.486702341086 -0.573050468976
39.39/19.13	soybean 0.121942131369 0.025027912516 0.714293026756
40.77/19.74	arrhythmia 0.279737206232 0.106378969493 0.170654623587
42.06/20.33	nursery 0.249119929444 0.080097772165 0.644479771652
43.43/20.93	hepatitis 0.239355247825 0.0733348591548 0.411768921306
44.78/21.54	cmc 0.314725730751 0.128485068271 0.211055812883
46.09/22.13	heart-c 0.179658290547 0.0460506321209 0.887533326457
47.44/22.73	glass 0.343028085719 0.148457069849 0.359085770464
48.82/23.33	braziltourism 0.4457132264 0.257326156056 -0.000323209514369
50.17/23.93	iris 0.287470698355 0.104715231509 0.390760302872
51.51/24.53	heart-statlog 0.218673623171 0.0662414918872 0.83517338513
52.86/25.13	page-blocks 0.419280667311 0.244442062957 0.0892058259659
54.22/25.75	breast-w 0.199039585957 0.0573253694723 0.634783486221
55.59/26.36	heart-h 0.107849374243 0.0183050248238 0.766006549055
56.92/27.06	yeast 0.190527540986 0.0461562994291 0.800589967092
58.29/27.68	tae 0.392016894406 0.183418500298 0.115062587115
59.63/28.29	haberman 0.260409409477 0.0902739560185 0.178411651932
61.02/28.90	mfeat-pixel 0.348756091981 0.147703081626 0.236266155004
62.39/29.51	optdigits 0.100224565593 0.013914825764 0.863939031908
63.77/30.12	mfeat-factors 0.143628230114 0.0349500866075 0.787984796032
65.16/30.72	satimage 0.236686999827 0.0793484446718 0.566586278689
66.45/31.31	lymph 0.197944321366 0.0590983453075 0.559798878887
67.85/31.91	audiology 0.292884615431 0.116094579889 0.515519175419
69.10/32.51	ecoli 0.385848156944 0.192947832935 0.252749840237
70.54/33.10	tic-tac-toe 0.31010016363 0.148805227223 0.40982966422
71.81/33.72	spambase 0.203696705495 0.0485981229656 0.864585450937
73.12/34.31	zoo 0.0838363067887 0.00957029319275 0.859090889193
74.48/34.93	sonar 0.511900290392 0.328770414227 -0.139303300693
75.84/35.52	mfeat-zernike 0.247030159828 0.086475430692 0.440857777599
77.16/36.13	kr-vs-kp 0.129579786145 0.0213799311971 0.793479357776
77.16/36.17	MAE 0.278051094059 0.123864457049
77.16/36.17	MSE 0.12150547913 0.12150547913
77.16/36.17	Mean tau 0.461299361798 0.334370175327
77.16/36.17	(0.22807017543859648, '0_class_probability_max')
77.16/36.17	(0.7719298245614035, '1_class_probability_max')
77.16/36.17	(2.3859649122807016, '1_landmark_decision_tree')
77.16/36.17	(2.8596491228070176, '0_landmark_decision_tree')
77.16/36.17	(3.8596491228070176, '0_landmark_naive_bayes')
77.16/36.17	(4.964912280701754, '1_landmark_naive_bayes')
77.16/36.17	(7.526315789473684, '0_number_of_numeric_features')
77.16/36.17	(8.017543859649123, '1_number_of_numeric_features')
77.16/36.17	(9.070175438596491, '1_landmark_lda')
77.16/36.17	(9.228070175438596, '0_number_of_features')
77.16/36.17	(9.649122807017545, '1_number_of_categorical_features')
77.16/36.17	(10.052631578947368, '0_landmark_lda')
77.16/36.17	(11.017543859649123, '1_number_of_features')
77.16/36.17	(11.385964912280702, '0_number_of_categorical_features')
77.16/36.17	(14.473684210526315, '1_number_of_classes')
77.16/36.17	(14.508771929824562, '0_number_of_classes')
77.16/36.17	Result for ParamILS: SAT, 35.292635, 1, 0.278051, -1, /home/feurerm/thesis/Software/pyMetaLearn/optimizers/metalearn_optimizer/learn_distances.py
