0.77/0.91	['/home/feurerm/thesis/Software/pyMetaLearn/optimizers/metalearn_optimizer/learn_distances.py', '--input_file', '/home/feurerm/thesis/experiments/2014_04_25_predict_distances/testfold_0-3_pfahringer_spearman_rank_perm.pkl', '--fold', '0', '--folds', '1', '--params', '-max_features', '0.996791214521', '-min_samples_leaf', '7', '-min_samples_split', '9', '-n_estimators', '68', '-n_jobs', '4', '-seed', '37']
0.77/0.91	Metafeatures (57, 8)
0.77/0.91	X (3192, 16)
0.77/0.91	Y (3192,)
0.77/0.91	Dataset Mae MSE Rho
2.70/1.66	vehicle 0.367995258962 0.162817994231 0.287979677303
4.80/2.45	anneal.ORIG 0.483875875655 0.28978120621 -0.0591473411295
6.98/3.34	segment 0.200322676313 0.0523100365895 0.801236386121
9.06/4.25	pendigits 0.283244514907 0.103874722935 0.681972075319
11.20/5.04	mushroom 0.19383716593 0.0469782127822 0.628642505448
13.30/5.82	labor 0.310504172781 0.131343500567 0.229155545688
15.43/6.60	abalone 0.25811498854 0.0845812735788 0.649327914367
17.50/7.55	diabetes 0.52842508386 0.343104260554 0.228832336173
19.60/8.34	car 0.380659892715 0.19641550406 0.197658517849
21.72/9.15	autos 0.217117956655 0.0606326085366 0.72722140733
23.84/9.93	mfeat-fourier 0.572637967896 0.427010927932 -0.463159234091
25.87/10.79	primary-tumor 0.224045363113 0.0638235515523 0.522952994249
27.97/11.69	waveform-5000 0.146815003948 0.0334580096383 0.768269015655
30.06/12.58	credit-a 0.353897316422 0.176487784814 0.475441195637
32.18/13.38	letter 0.245075536023 0.0806452138243 0.597937601583
34.30/14.18	postoperative-patient-data 0.434781095452 0.248456226696 0.0378155131812
36.36/15.07	vowel 0.416455856335 0.213164394672 0.421788416252
38.49/15.96	eucalyptus 0.410836651937 0.222858275279 -0.0778934929629
40.61/16.76	cylinder-bands 0.360905662241 0.161660542198 0.204591622596
42.71/17.56	ionosphere 0.420528666668 0.21019940179 0.0177765232903
44.82/18.35	mfeat-karhunen 0.159466110523 0.036724250807 0.795418614862
46.89/19.13	balance-scale 0.246525582686 0.084868806583 0.43051507314
48.99/19.91	mfeat-morphological 0.455393016874 0.275750199146 -0.153201309811
51.08/20.70	liver-disorders 0.303018863774 0.12091771936 0.372983779582
53.28/21.50	dermatology 0.19848103429 0.0502479441609 0.502914004358
55.28/22.29	vote 0.0841206822802 0.010853179578 0.759219149253
57.40/23.08	breast-cancer 0.124736466028 0.0223229754002 0.413061759364
59.64/23.90	credit-g 0.708648323869 0.665598293495 -0.689082684635
61.62/24.69	soybean 0.122082321075 0.0219197138143 0.780550977201
63.66/25.38	arrhythmia 0.258547080256 0.0909086676409 0.464128862634
65.74/26.17	nursery 0.264504304678 0.0891868641871 0.625733619818
67.82/26.96	hepatitis 0.243369597687 0.0877748715299 0.489662414269
69.90/27.76	cmc 0.235289853465 0.0753752684787 0.36619637978
72.01/28.56	heart-c 0.230791010634 0.0728015778395 0.802529224178
74.10/29.35	glass 0.341570094666 0.137290499407 0.451846901088
76.20/30.15	braziltourism 0.452913556653 0.264705202938 0.140272929236
78.38/31.07	iris 0.286116635616 0.105711384392 0.36619637978
80.50/31.85	heart-statlog 0.216020493897 0.0621750237207 0.789277634089
82.63/32.64	page-blocks 0.442809747456 0.261006069484 -0.0500974747272
84.77/33.54	breast-w 0.218470723616 0.0619061850223 0.598260811097
86.88/34.33	heart-h 0.157728666916 0.0351085321948 0.703303903267
89.03/35.22	yeast 0.284431570124 0.0989700511728 0.667104437658
91.07/36.11	tae 0.379029867143 0.172065651531 0.173563509216
93.21/36.91	haberman 0.270373241071 0.0969808501264 0.00904986640233
95.33/37.80	mfeat-pixel 0.380521312193 0.181617294515 0.141565767294
97.61/38.60	optdigits 0.178823772651 0.0413079757968 0.773117158371
99.64/39.39	mfeat-factors 0.195552591148 0.05330730037 0.745321140135
101.77/40.19	satimage 0.269235474515 0.0980032159218 0.409183245191
103.87/41.13	lymph 0.245344055697 0.0934271602262 0.35359120872
105.99/41.92	audiology 0.305111455634 0.116511734315 0.41726348305
108.10/42.71	ecoli 0.379149302329 0.185235901561 0.248871326064
110.24/43.59	tic-tac-toe 0.310232186983 0.147165877605 0.435040006341
112.32/44.37	spambase 0.214547589319 0.0544487801559 0.823214633098
114.44/45.16	zoo 0.110631934594 0.0172098225403 0.820952166497
116.56/46.04	sonar 0.524811169427 0.340394522578 -0.215580746084
118.68/46.83	mfeat-zernike 0.255437769659 0.0914557906497 0.436979263427
120.74/47.61	kr-vs-kp 0.171116813281 0.0383321945442 0.731746340532
120.74/47.64	MAE 0.298860192615 0.124879920174
120.74/47.64	MSE 0.136301596513 0.136301596513
120.74/47.64	Mean tau 0.400159174274 0.336689949003
120.74/47.64	(0.3333333333333333, '1_class_probability_max')
120.74/47.64	(0.6666666666666666, '0_class_probability_max')
120.74/47.64	(2.8947368421052633, '0_landmark_naive_bayes')
120.74/47.64	(2.9473684210526314, '1_landmark_naive_bayes')
120.74/47.64	(5.508771929824562, '1_number_of_numeric_features')
120.74/47.64	(6.192982456140351, '0_number_of_numeric_features')
120.74/47.64	(6.43859649122807, '1_number_of_categorical_features')
120.74/47.64	(6.859649122807017, '0_landmark_decision_tree')
120.74/47.64	(7.228070175438597, '0_number_of_categorical_features')
120.74/47.64	(8.543859649122806, '1_landmark_decision_tree')
120.74/47.64	(9.368421052631579, '1_number_of_features')
120.74/47.64	(9.421052631578947, '0_number_of_features')
120.74/47.64	(12.24561403508772, '0_landmark_lda')
120.74/47.64	(12.350877192982455, '1_landmark_lda')
120.74/47.64	(14.421052631578947, '1_number_of_classes')
120.74/47.64	(14.578947368421053, '0_number_of_classes')
120.74/47.64	Result for ParamILS: SAT, 46.738332, 1, 0.298860, -1, /home/feurerm/thesis/Software/pyMetaLearn/optimizers/metalearn_optimizer/learn_distances.py
