0.69/0.88	['/home/feurerm/thesis/Software/pyMetaLearn/optimizers/metalearn_optimizer/learn_distances.py', '--input_file', '/home/feurerm/thesis/experiments/2014_04_25_predict_distances/testfold_0-3_pfahringer_spearman_rank_perm.pkl', '--fold', '0', '--folds', '1', '--params', '-max_features', '0.625646392702', '-min_samples_leaf', '7', '-min_samples_split', '8', '-n_estimators', '40', '-n_jobs', '4', '-seed', '16']
0.69/0.89	Metafeatures (57, 8)
0.69/0.89	X (3192, 16)
0.69/0.89	Y (3192,)
0.69/0.89	Dataset Mae MSE Rho
1.57/1.33	vehicle 0.357765038542 0.154197711269 0.329350495142
2.47/1.81	anneal.ORIG 0.476198661049 0.270031626245 0.44848927803
3.37/2.27	segment 0.207051900971 0.056004166478 0.791863310204
4.27/2.75	pendigits 0.309208680391 0.12197751703 0.612482029729
5.18/3.22	mushroom 0.181247688914 0.041912991945 0.684880960948
6.08/3.69	labor 0.286650203669 0.11672303155 0.248224907035
6.97/4.19	abalone 0.289295099713 0.106857068096 0.610219563129
7.91/4.66	diabetes 0.510454176794 0.328146629698 0.229155545688
8.80/5.12	car 0.362002192271 0.167578497665 0.212995069969
9.68/5.59	autos 0.239751445581 0.0716650076652 0.694254036865
10.57/6.06	mfeat-fourier 0.571186608977 0.426212150506 -0.455402205746
11.48/6.53	primary-tumor 0.235126453893 0.0718027566209 0.477380452723
12.42/7.00	waveform-5000 0.196543978264 0.0531957774294 0.716232283842
13.28/7.47	credit-a 0.36328909266 0.187242907746 0.436656053913
14.15/7.94	letter 0.237310373991 0.080446814445 0.678739980175
15.05/8.41	postoperative-patient-data 0.422097901379 0.232191894763 0.0736917692761
15.92/8.87	vowel 0.440105139237 0.243234770993 0.274404877699
16.84/9.35	eucalyptus 0.434890872291 0.25285022761 -0.120233939345
17.75/9.82	cylinder-bands 0.335589956933 0.142126870245 0.400133378789
18.63/10.29	ionosphere 0.417644396695 0.206252015123 0.0681972075319
19.53/10.75	mfeat-karhunen 0.163838126799 0.0380302856483 0.803175643207
20.44/11.23	balance-scale 0.250959527359 0.0863123422841 0.408860035677
21.38/11.70	mfeat-morphological 0.483574711955 0.313426551424 -0.241114297719
22.22/12.17	liver-disorders 0.253143411526 0.0854157614723 0.585332430522
23.11/12.64	dermatology 0.190138912102 0.0475121252643 0.520367318134
24.06/13.11	vote 0.0776315196783 0.00932892877872 0.794772195833
24.95/13.59	breast-cancer 0.148468452123 0.0306104030219 0.349712694547
25.87/14.06	credit-g 0.671093897695 0.587953210632 -0.726251778787
26.77/14.53	soybean 0.12401417346 0.0253209082068 0.682295284833
27.68/15.00	arrhythmia 0.26692293377 0.0961044652309 0.200066689394
28.58/15.47	nursery 0.280510627055 0.101478751576 0.582746754407
29.48/15.94	hepatitis 0.261326794849 0.0921426325302 0.293151029533
30.39/16.41	cmc 0.242740122212 0.0773827474302 0.373306989096
31.30/16.88	heart-c 0.256234050708 0.0884892786747 0.762451244397
32.19/17.35	glass 0.348513976819 0.14692595851 0.423727673338
33.09/17.82	braziltourism 0.450590049926 0.266445630182 0.121849986917
33.99/18.28	iris 0.288435804165 0.107116287116 0.366519589295
34.90/18.76	heart-statlog 0.266046357761 0.0948295185942 0.746290768678
35.81/19.23	page-blocks 0.38521877845 0.201045484776 0.218166422199
36.74/19.71	breast-w 0.206427527583 0.0569060739391 0.602785744298
37.69/20.20	heart-h 0.163935506482 0.037441037097 0.661609875913
38.52/20.67	yeast 0.297345945229 0.110438679961 0.652236799997
39.41/21.13	tae 0.361831365813 0.158950701639 0.170654623587
40.38/21.60	haberman 0.266673989403 0.0932983953335 0.0530063603565
41.24/22.08	mfeat-pixel 0.350345054568 0.153505589609 0.222368145886
42.14/22.55	optdigits 0.192671617067 0.0482604987892 0.751462120908
43.08/23.03	mfeat-factors 0.206695767126 0.0593394992671 0.719141169471
43.97/23.50	satimage 0.275520224997 0.101877814109 0.379447969869
44.86/23.97	lymph 0.210632171306 0.0681430911764 0.498065861643
45.75/24.44	audiology 0.312056597881 0.122943156526 0.392699559958
46.66/24.91	ecoli 0.407157260928 0.211212684371 0.118294682259
47.55/25.38	tic-tac-toe 0.288471278844 0.122555599366 0.576928983149
48.45/25.85	spambase 0.216813285012 0.0569207209867 0.84034473736
49.41/26.33	zoo 0.115452271497 0.0188957295545 0.799943548063
50.29/26.81	sonar 0.495086056122 0.306940522644 -0.107305558771
51.20/27.27	mfeat-zernike 0.23644990367 0.078774106376 0.576605773634
52.09/27.74	kr-vs-kp 0.190442722898 0.0463543111389 0.680356027747
52.09/27.76	MAE 0.29959334451 0.118145437098
52.09/27.76	MSE 0.134724209059 0.134724209059
52.09/27.76	Mean tau 0.408171722008 0.32292207342
52.09/27.76	(0.22807017543859648, '0_class_probability_max')
52.09/27.76	(0.7719298245614035, '1_class_probability_max')
52.09/27.76	(2.43859649122807, '0_landmark_decision_tree')
52.09/27.76	(3.210526315789474, '1_landmark_naive_bayes')
52.09/27.76	(4.140350877192983, '1_landmark_decision_tree')
52.09/27.76	(4.614035087719298, '0_landmark_naive_bayes')
52.09/27.76	(6.912280701754386, '1_number_of_numeric_features')
52.09/27.76	(7.859649122807017, '0_number_of_numeric_features')
52.09/27.76	(8.719298245614034, '1_number_of_categorical_features')
52.09/27.76	(9.210526315789474, '0_number_of_features')
52.09/27.76	(9.596491228070175, '0_number_of_categorical_features')
52.09/27.76	(10.350877192982455, '1_number_of_features')
52.09/27.76	(10.543859649122806, '1_landmark_lda')
52.09/27.76	(12.403508771929825, '0_landmark_lda')
52.09/27.76	(14.333333333333334, '0_number_of_classes')
52.09/27.76	(14.666666666666666, '1_number_of_classes')
52.09/27.76	Result for ParamILS: SAT, 26.883196, 1, 0.299593, -1, /home/feurerm/thesis/Software/pyMetaLearn/optimizers/metalearn_optimizer/learn_distances.py
