0.68/0.88	['/home/feurerm/thesis/Software/pyMetaLearn/optimizers/metalearn_optimizer/learn_distances.py', '--input_file', '/home/feurerm/thesis/experiments/2014_04_25_predict_distances/testfold_0-3_pfahringer_spearman_rank_perm.pkl', '--fold', '0', '--folds', '1', '--params', '-max_features', '0.824577606427', '-min_samples_leaf', '4', '-min_samples_split', '5', '-n_estimators', '57', '-n_jobs', '4', '-seed', '4']
0.68/0.88	Metafeatures (57, 8)
0.68/0.88	X (3192, 16)
0.68/0.88	Y (3192,)
0.68/0.88	Dataset Mae MSE Rho
2.31/1.53	vehicle 0.348049701764 0.144743916355 0.354884046777
4.11/2.21	anneal.ORIG 0.490329689131 0.292324723198 0.142535395837
5.72/2.89	segment 0.162316557921 0.0345577820094 0.843900042018
7.41/3.57	pendigits 0.253255350808 0.0844592949076 0.726251778787
9.10/4.26	mushroom 0.176800642095 0.0405519599102 0.65546889514
10.79/4.94	labor 0.318973629822 0.141071314205 0.203945203567
12.47/5.62	abalone 0.20552893894 0.055114649788 0.744674721106
14.21/6.30	diabetes 0.519732284995 0.32898089978 0.258244401981
15.87/6.98	car 0.385179399496 0.198313154391 0.147706748067
17.57/7.67	autos 0.194568653104 0.0478591309368 0.794772195833
19.23/8.34	mfeat-fourier 0.589877589182 0.455761811321 -0.472209100493
20.90/9.02	primary-tumor 0.212307339288 0.0567857997338 0.575312935577
22.59/9.70	waveform-5000 0.159665809857 0.0376220830263 0.759219149253
24.27/10.39	credit-a 0.355505016764 0.17932410479 0.442797034686
25.96/11.08	letter 0.221240991708 0.0670592570907 0.617330172445
27.68/11.75	postoperative-patient-data 0.45070773501 0.270240766735 0.0303816943507
29.37/12.43	vowel 0.396986634021 0.195622519636 0.458311091375
31.12/13.11	eucalyptus 0.46998820777 0.289903794562 -0.178088442417
32.75/13.79	cylinder-bands 0.34573575265 0.145834451889 0.327088028541
34.45/14.48	ionosphere 0.406799620013 0.196539806113 0.0956700162532
36.19/15.16	mfeat-karhunen 0.132603722303 0.0276906126598 0.832587709015
37.88/15.83	balance-scale 0.270752965704 0.0932961039457 0.296706334191
39.55/16.51	mfeat-morphological 0.451523402298 0.267356242468 -0.119264310802
41.22/17.20	liver-disorders 0.290498174086 0.107214252434 0.604725001384
42.92/17.90	dermatology 0.204948329486 0.0540577920619 0.500651537758
44.62/18.58	vote 0.073525228222 0.0100958888071 0.773440367885
46.34/19.26	breast-cancer 0.131314808943 0.0253863450084 0.408860035677
48.05/19.95	credit-g 0.691089246293 0.631719080234 -0.751785330422
49.74/20.63	soybean 0.120356429588 0.0226592705575 0.729807083445
51.42/21.31	arrhythmia 0.260952423662 0.09435227974 0.262122916153
53.14/22.00	nursery 0.252496798378 0.082765748134 0.646742238252
54.85/22.68	hepatitis 0.22222699083 0.0673006697813 0.540083098511
56.55/23.37	cmc 0.268242689946 0.0991507981151 0.30478657205
58.25/24.24	heart-c 0.201901024281 0.0580265508206 0.846162508618
59.96/24.93	glass 0.361034639584 0.156790185128 0.351651951634
61.68/25.64	braziltourism 0.445023776408 0.262652875903 0.0685204170462
63.43/26.33	iris 0.28389927589 0.10470416915 0.361348237065
65.08/27.02	heart-statlog 0.214102699313 0.0632635067899 0.808670204951
66.81/28.69	page-blocks 0.41390270461 0.233271279108 0.00290888562932
68.55/29.38	breast-w 0.204405087286 0.0558379926434 0.572404049948
70.24/30.07	heart-h 0.1342007821 0.0259061429739 0.734332016646
71.95/30.77	yeast 0.229792862863 0.0645659856707 0.766329758569
73.66/31.45	tae 0.390393191243 0.181500811129 0.183583004162
75.39/32.13	haberman 0.282655459569 0.1054212726 0.0197157803765
77.09/32.81	mfeat-pixel 0.366702037127 0.164320845782 0.197481013279
78.82/33.49	optdigits 0.149504283396 0.0295006916016 0.805114900293
80.53/34.90	mfeat-factors 0.175971543852 0.0425367435565 0.766329758569
82.23/35.59	satimage 0.26318365665 0.0963957064981 0.422111625766
83.94/36.27	lymph 0.214820033987 0.0697710084285 0.472532310008
85.62/36.95	audiology 0.305503767213 0.117029295482 0.408860035677
87.36/37.64	ecoli 0.390365026328 0.19573009478 0.220752098314
89.09/38.33	tic-tac-toe 0.333399722601 0.171834350838 0.292827820018
90.79/39.02	spambase 0.213868728786 0.0528887604045 0.873312107825
92.48/39.70	zoo 0.0912345600479 0.0114021485548 0.867494336567
94.21/40.39	sonar 0.480008571461 0.285252656743 -0.0478350081266
95.93/41.08	mfeat-zernike 0.239025178979 0.0800295608446 0.523276203763
97.65/41.77	kr-vs-kp 0.150116805136 0.0294040255716 0.766329758569
97.65/41.80	MAE 0.290685897768 0.129292071475
97.65/41.80	MSE 0.131644788865 0.131644788865
97.65/41.80	Mean tau 0.418278474332 0.346548840113
97.65/41.80	(0.017543859649122806, '1_class_probability_max')
97.65/41.80	(0.9824561403508771, '0_class_probability_max')
97.65/41.80	(2.736842105263158, '0_landmark_naive_bayes')
97.65/41.80	(3.1578947368421053, '0_landmark_decision_tree')
97.65/41.80	(3.8771929824561404, '1_landmark_naive_bayes')
97.65/41.80	(5.105263157894737, '1_landmark_decision_tree')
97.65/41.80	(6.947368421052632, '1_number_of_numeric_features')
97.65/41.80	(7.456140350877193, '0_number_of_numeric_features')
97.65/41.80	(7.982456140350878, '0_number_of_categorical_features')
97.65/41.80	(8.736842105263158, '1_number_of_categorical_features')
97.65/41.80	(9.736842105263158, '0_number_of_features')
97.65/41.80	(10.0, '1_number_of_features')
97.65/41.80	(11.842105263157896, '0_landmark_lda')
97.65/41.80	(12.421052631578947, '1_landmark_lda')
97.65/41.80	(14.31578947368421, '0_number_of_classes')
97.65/41.80	(14.68421052631579, '1_number_of_classes')
97.65/41.80	Result for ParamILS: SAT, 40.921437, 1, 0.290686, -1, /home/feurerm/thesis/Software/pyMetaLearn/optimizers/metalearn_optimizer/learn_distances.py
