0.76/0.91	['/home/feurerm/thesis/Software/pyMetaLearn/optimizers/metalearn_optimizer/learn_distances.py', '--input_file', '/home/feurerm/thesis/experiments/2014_04_25_predict_distances/testfold_0-3_pfahringer_spearman_rank_perm.pkl', '--fold', '0', '--folds', '1', '--params', '-max_features', '0.395957791531', '-min_samples_leaf', '9', '-min_samples_split', '2', '-n_estimators', '84', '-n_jobs', '4', '-seed', '91']
0.76/0.92	Metafeatures (57, 8)
0.76/0.92	X (3192, 16)
0.76/0.92	Y (3192,)
0.76/0.92	Dataset Mae MSE Rho
1.80/1.36	vehicle 0.352844255637 0.152075305149 0.359085770464
2.98/1.97	anneal.ORIG 0.353590305801 0.156220854999 0.539759888996
4.20/2.56	segment 0.260246856327 0.0841164580602 0.756633473138
5.49/3.25	pendigits 0.337236642502 0.140813762693 0.582423544893
6.66/3.99	mushroom 0.200115206082 0.0497175126855 0.654176057083
7.97/4.68	labor 0.285421681283 0.114862379744 0.311250762337
9.23/5.29	abalone 0.317973906542 0.127469607153 0.556889993258
10.44/5.99	diabetes 0.491230761567 0.321053004754 0.108598396828
11.73/6.58	car 0.362766253577 0.183321013481 0.313190019424
12.84/7.31	autos 0.249314833398 0.080423627634 0.512933499304
14.11/7.90	mfeat-fourier 0.531910374616 0.369521959938 -0.416293854507
15.31/8.40	primary-tumor 0.231214575839 0.0654716125536 0.53264927968
16.39/8.99	waveform-5000 0.212257502506 0.0622647960537 0.729160664417
17.61/9.69	credit-a 0.380624492694 0.203210259281 0.391083512387
18.83/10.29	letter 0.235441001976 0.0808040912988 0.647065447767
20.10/10.98	postoperative-patient-data 0.404161506805 0.208120072385 0.0539759888996
21.21/11.47	vowel 0.469150800561 0.275910396942 0.14576749098
22.43/12.06	eucalyptus 0.397101515865 0.209670324127 0.0355530465806
23.63/12.68	cylinder-bands 0.33120860957 0.139756943306 0.484491062039
24.90/13.28	ionosphere 0.416419018427 0.20868619733 0.0491278461841
26.10/13.97	mfeat-karhunen 0.208426056481 0.0585243188897 0.751785330422
27.37/14.67	balance-scale 0.247336608883 0.0811917769598 0.383003274527
28.61/15.28	mfeat-morphological 0.470826292737 0.294770498931 -0.229801964716
29.79/15.97	liver-disorders 0.288003030048 0.108249684434 0.484814271554
31.02/16.66	dermatology 0.180021934927 0.0422634529123 0.580161078292
32.24/17.15	vote 0.0798940222023 0.0102354125238 0.787661586517
33.41/17.64	breast-cancer 0.166363427745 0.0387350241312 0.295090286619
34.60/18.23	credit-g 0.558345352418 0.415315708703 -0.610542772643
35.82/18.93	soybean 0.120859189503 0.023028891245 0.791216891175
37.03/19.64	arrhythmia 0.276142221313 0.104962176393 0.187784727848
38.30/20.26	nursery 0.307514254386 0.118752306653 0.484167852525
39.59/20.95	hepatitis 0.328709142404 0.150681159299 -0.415970644993
40.71/21.64	cmc 0.28774529751 0.100115821513 0.282485115559
41.91/22.33	heart-c 0.28657762838 0.106205588873 0.757926311195
43.21/23.03	glass 0.348640491683 0.147276684153 0.429868654111
44.33/23.53	braziltourism 0.466021904246 0.28060866888 0.0555920364715
45.59/24.12	iris 0.310772184625 0.126653774192 0.271172782556
46.74/24.85	heart-statlog 0.29750442311 0.117904986766 0.742089044991
47.95/25.46	page-blocks 0.333896552359 0.152317249804 0.339369990088
49.13/28.19	breast-w 0.221234442496 0.0676697629448 0.478350081266
50.41/28.92	heart-h 0.200727947573 0.0500224820526 0.607633887014
51.71/29.66	yeast 0.33771626847 0.142337394205 0.529417184537
52.88/30.49	tae 0.334874725357 0.138279100973 0.109891234885
54.13/31.11	haberman 0.255359779072 0.0853105937333 0.0917915020808
55.33/31.75	mfeat-pixel 0.341036782825 0.142384903701 0.231094802774
56.52/32.35	optdigits 0.232242351495 0.0692075053297 0.697809341523
57.69/32.84	mfeat-factors 0.233074267144 0.0740865083592 0.688113056092
58.86/33.53	satimage 0.279765570704 0.104527004271 0.379124760355
60.05/34.20	lymph 0.195010561656 0.0551035534284 0.588241316152
61.36/35.10	audiology 0.342947726469 0.153148259139 0.261476497125
62.43/35.71	ecoli 0.407103263239 0.208770812354 0.096316435282
63.62/36.43	tic-tac-toe 0.304765093897 0.139458996633 0.585655640037
64.86/36.93	spambase 0.21279808618 0.0602338234493 0.822568214069
66.04/37.54	zoo 0.138324672982 0.0260673777878 0.741119416448
67.22/38.25	sonar 0.501195960986 0.315836616337 -0.220752098314
68.41/38.77	mfeat-zernike 0.261750708426 0.0935611432462 0.493864137956
69.60/39.38	kr-vs-kp 0.215539042894 0.0580076033159 0.62734966739
69.71/39.43	MAE 0.305250831025 0.101996091956
69.71/39.43	MSE 0.135005207124 0.135005207124
69.71/39.43	Mean tau 0.37762211963 0.325433406792
69.71/39.43	(0.017543859649122806, '1_class_probability_max')
69.71/39.43	(1.7719298245614035, '1_landmark_decision_tree')
69.71/39.43	(1.8245614035087718, '0_class_probability_max')
69.71/39.43	(2.6140350877192984, '0_landmark_decision_tree')
69.71/39.43	(3.9473684210526314, '0_landmark_naive_bayes')
69.71/39.43	(4.9298245614035086, '1_landmark_naive_bayes')
69.71/39.43	(6.2105263157894735, '0_landmark_lda')
69.71/39.43	(7.385964912280702, '1_landmark_lda')
69.71/39.43	(9.859649122807017, '1_number_of_numeric_features')
69.71/39.43	(9.929824561403509, '1_number_of_features')
69.71/39.43	(9.964912280701755, '0_number_of_features')
69.71/39.43	(10.12280701754386, '0_number_of_numeric_features')
69.71/39.43	(10.789473684210526, '0_number_of_categorical_features')
69.71/39.43	(11.824561403508772, '1_number_of_categorical_features')
69.71/39.43	(14.24561403508772, '1_number_of_classes')
69.71/39.43	(14.56140350877193, '0_number_of_classes')
69.71/39.43	Result for ParamILS: SAT, 38.515033, 1, 0.305251, -1, /home/feurerm/thesis/Software/pyMetaLearn/optimizers/metalearn_optimizer/learn_distances.py
