0.68/0.89	['/home/feurerm/thesis/Software/pyMetaLearn/optimizers/metalearn_optimizer/learn_distances.py', '--input_file', '/home/feurerm/thesis/experiments/2014_04_25_predict_distances/testfold_0-3_pfahringer_spearman_rank_perm.pkl', '--fold', '0', '--folds', '1', '--params', '-max_features', '0.16263431473', '-min_samples_leaf', '10', '-min_samples_split', '10', '-n_estimators', '75', '-n_jobs', '4', '-seed', '88']
0.68/0.89	Metafeatures (57, 8)
0.68/0.89	X (3192, 16)
0.68/0.89	Y (3192,)
0.68/0.89	Dataset Mae MSE Rho
1.20/1.24	vehicle 0.373029227081 0.17471934245 0.272142411099
1.78/1.62	anneal.ORIG 0.263248675642 0.0944333356395 0.554627526657
2.48/2.11	segment 0.313660519871 0.124593481759 0.563354183545
2.96/2.49	pendigits 0.377316745551 0.172223452218 0.465098491177
3.59/2.88	mushroom 0.230026299963 0.0654935644112 0.56076850743
4.21/3.26	labor 0.301434392129 0.11929865049 0.547193707827
4.79/3.64	abalone 0.36630792893 0.17153972786 0.421788416252
5.37/4.03	diabetes 0.462509257782 0.305405525512 -0.128314177205
5.98/4.43	car 0.347444624187 0.16410360232 0.414031387907
6.60/5.02	autos 0.299015566489 0.116579906532 0.408860035677
7.21/5.40	mfeat-fourier 0.495201140064 0.318862925017 -0.324502352427
7.87/5.80	primary-tumor 0.248841805842 0.075189587722 0.58662526858
8.42/6.29	waveform-5000 0.276252374722 0.0997366447431 0.507438937559
9.03/6.68	credit-a 0.388695155266 0.201747777074 0.277960182357
9.65/7.18	letter 0.259891332188 0.0957148611782 0.637045952821
10.26/7.57	postoperative-patient-data 0.413075362319 0.207112420248 -0.324825561941
10.85/7.97	vowel 0.477106513207 0.283409498999 0.0762774453911
11.42/8.45	eucalyptus 0.373718614701 0.184368489403 0.22560024103
12.04/8.83	cylinder-bands 0.362746321158 0.166531153127 0.261799706639
12.67/9.34	ionosphere 0.409710181821 0.201667591377 0.0504206842416
13.36/9.82	mfeat-karhunen 0.265292078324 0.0937110442779 0.664518761543
13.87/10.21	balance-scale 0.247050983414 0.0884723317828 0.472209100493
14.48/10.63	mfeat-morphological 0.47569876808 0.296950857976 -0.165160061843
15.06/11.12	liver-disorders 0.312012158559 0.130522810879 0.431807911197
15.75/11.50	dermatology 0.204805040362 0.0528212713208 0.579191449749
16.26/11.89	vote 0.108730430095 0.0180801209842 0.774409996428
16.85/12.27	breast-cancer 0.296321270762 0.112720566511 -0.3306433332
17.44/12.65	credit-g 0.515699372464 0.354195435861 -0.561414926459
18.04/13.03	soybean 0.151382485757 0.0336763891491 0.776026044
18.60/13.41	arrhythmia 0.284136945575 0.115769376028 0.0992253209113
19.27/13.80	nursery 0.323862080017 0.128244878696 0.4431202442
19.85/14.28	hepatitis 0.453764580948 0.287920463829 -0.582746754407
20.38/14.66	cmc 0.31167780159 0.115409938956 0.430191863625
20.97/15.05	heart-c 0.338995839661 0.148368846677 0.594705506439
21.54/15.53	glass 0.372753066264 0.170015256707 0.276990553814
22.15/15.92	braziltourism 0.529669028112 0.348451998179 -0.23303405986
22.76/16.32	iris 0.318812858938 0.133338609962 0.18422942319
23.46/16.80	heart-statlog 0.345093910677 0.159147689502 0.592443039838
23.94/17.19	page-blocks 0.325982583623 0.148291544557 0.383649693556
24.58/17.58	breast-w 0.23914990309 0.080545665798 0.430838282654
25.13/18.06	heart-h 0.237366530314 0.0675001013447 0.479319709809
25.74/18.44	yeast 0.381299042632 0.182828892819 0.373306989096
26.37/18.84	tae 0.272817157552 0.0979705552714 0.161604757185
26.95/19.32	haberman 0.289841304493 0.118211320735 0.14867637661
27.63/19.71	mfeat-pixel 0.332375764577 0.139353286421 0.233680478889
28.19/20.21	optdigits 0.285419009064 0.0997586917056 0.648681495339
28.80/20.61	mfeat-factors 0.284902636404 0.108852226996 0.6095731441
29.39/21.00	satimage 0.287096223005 0.111472354966 0.337753942516
30.02/21.39	lymph 0.19712174498 0.0548346127 0.68132565629
30.60/21.77	audiology 0.332560745842 0.147544173373 0.395285236073
31.19/22.17	ecoli 0.409878353184 0.21455761392 0.0824184261641
31.83/22.67	tic-tac-toe 0.306188221425 0.136954901201 0.538790260453
32.50/23.05	spambase 0.24624198858 0.078678498566 0.706212788896
33.03/23.44	zoo 0.169149203307 0.0385488903118 0.678416770661
33.61/23.93	sonar 0.471908365191 0.283068039086 -0.0620562267589
34.22/24.32	mfeat-zernike 0.278283176736 0.10530573798 0.473178729036
34.83/24.71	kr-vs-kp 0.235872177594 0.0705230865399 0.576605773634
34.83/24.75	MAE 0.324183243335 0.0903159587134
34.83/24.75	MSE 0.147637712625 0.147637712625
34.83/24.75	Mean tau 0.322398655412 0.328460633063
34.83/24.75	(0.0, '0_landmark_decision_tree')
34.83/24.75	(2.192982456140351, '0_landmark_naive_bayes')
34.83/24.75	(2.3684210526315788, '1_landmark_decision_tree')
34.83/24.75	(3.2280701754385963, '0_landmark_lda')
34.83/24.75	(3.9649122807017543, '0_class_probability_max')
34.83/24.75	(4.912280701754386, '1_landmark_naive_bayes')
34.83/24.75	(5.859649122807017, '1_landmark_lda')
34.83/24.75	(6.140350877192983, '1_class_probability_max')
34.83/24.75	(7.982456140350878, '0_number_of_categorical_features')
34.83/24.75	(9.859649122807017, '1_number_of_categorical_features')
34.83/24.75	(10.543859649122806, '1_number_of_features')
34.83/24.75	(10.982456140350877, '0_number_of_features')
34.83/24.75	(11.12280701754386, '1_number_of_numeric_features')
34.83/24.75	(12.263157894736842, '0_number_of_numeric_features')
34.83/24.75	(13.771929824561404, '1_number_of_classes')
34.83/24.75	(14.807017543859649, '0_number_of_classes')
34.83/24.75	Result for ParamILS: SAT, 23.864468, 1, 0.324183, -1, /home/feurerm/thesis/Software/pyMetaLearn/optimizers/metalearn_optimizer/learn_distances.py
