0.76/1.85	['/home/feurerm/thesis/Software/pyMetaLearn/optimizers/metalearn_optimizer/learn_distances.py', '--input_file', '/home/feurerm/thesis/experiments/2014_04_25_predict_distances/testfold_0-3_pfahringer_spearman_rank_perm.pkl', '--fold', '0', '--folds', '1', '--params', '-max_features', '0.665944358529', '-min_samples_leaf', '10', '-min_samples_split', '10', '-n_estimators', '81', '-n_jobs', '4', '-seed', '49']
0.76/1.86	Metafeatures (57, 8)
0.76/1.86	X (3192, 16)
0.76/1.86	Y (3192,)
0.76/1.86	Dataset Mae MSE Rho
2.30/2.43	vehicle 0.368995082235 0.165151673735 0.293474239047
3.96/8.28	anneal.ORIG 0.465712856298 0.260673215883 0.421141997223
5.61/8.88	segment 0.235210271146 0.0683848449036 0.766006549055
7.27/9.59	pendigits 0.31084713145 0.121997626798 0.650297542911
8.94/10.39	mushroom 0.21035264921 0.0543078502446 0.613128448758
10.65/11.11	labor 0.29542202382 0.123854863486 0.233357269374
12.29/11.92	abalone 0.303000385299 0.114766002208 0.564000602574
14.02/12.73	diabetes 0.517679895786 0.340337930611 0.211379022397
15.67/13.45	car 0.363857069671 0.174478501572 0.260830078096
17.33/14.16	autos 0.244396480541 0.0764289762003 0.603432163327
18.97/14.87	mfeat-fourier 0.547137928412 0.389105577908 -0.412415340335
20.64/15.58	primary-tumor 0.230173809845 0.0675352874081 0.484491062039
22.31/16.49	waveform-5000 0.179599591848 0.045278981501 0.753724587509
24.09/17.20	credit-a 0.368240864459 0.191165297214 0.464775281663
25.65/17.99	letter 0.24282630758 0.0830823307467 0.66872048523
27.36/18.74	postoperative-patient-data 0.433105061455 0.249293017905 -0.0391083512387
29.00/19.41	vowel 0.45173916319 0.251856351771 0.255335516352
30.65/20.11	eucalyptus 0.401552596294 0.213163249466 0.00775702834486
32.36/20.83	cylinder-bands 0.323419051399 0.127479499127 0.467360957778
33.97/21.83	ionosphere 0.412209805177 0.20518884802 0.0643186933594
35.80/22.70	mfeat-karhunen 0.197968681401 0.0544323510378 0.727544616845
37.32/23.48	balance-scale 0.24609003457 0.0814961505839 0.413061759364
39.08/24.28	mfeat-morphological 0.456603550067 0.276934487517 -0.247578488007
40.66/25.12	liver-disorders 0.280954756613 0.106282983431 0.415970644993
42.29/25.91	dermatology 0.193033168932 0.0479657717143 0.529093975022
43.99/27.16	vote 0.0840586547444 0.0107749921572 0.781843815259
45.73/27.85	breast-cancer 0.136266495828 0.0279421435203 0.388497836272
47.48/28.67	credit-g 0.665804060297 0.579425569199 -0.743058673534
49.12/29.48	soybean 0.128034010343 0.0252982496667 0.775379624971
50.76/30.20	arrhythmia 0.264178767651 0.0959277796816 0.283131534587
52.40/30.93	nursery 0.29182988381 0.108731943866 0.547193707827
54.07/31.75	hepatitis 0.269165707 0.100035124708 0.265678220811
55.73/32.65	cmc 0.250555489779 0.0802549426952 0.363610703665
57.38/37.98	heart-c 0.260121895563 0.0879005337723 0.757926311195
59.05/38.68	glass 0.339648543626 0.138535100444 0.480612547867
60.70/39.48	braziltourism 0.426389985024 0.236332609629 0.119587520317
62.39/40.28	iris 0.287856739729 0.108538649831 0.344864551832
64.06/41.00	heart-statlog 0.25737392584 0.0870179970112 0.787338377003
65.85/41.75	page-blocks 0.417860764684 0.232276064817 0.151262052725
67.49/42.56	breast-w 0.217517142248 0.0632013413395 0.564970231117
69.18/43.37	heart-h 0.17825062161 0.0422546845951 0.662256294942
70.87/44.50	yeast 0.322153014266 0.130208839326 0.538143841424
72.54/45.21	tae 0.356577889527 0.153023461769 0.161927966699
74.22/46.42	haberman 0.26558274523 0.0929618925043 0.0368458846381
76.00/47.27	mfeat-pixel 0.356920211172 0.158598617852 0.1664528999
77.62/47.98	optdigits 0.226341907963 0.064544647088 0.714939445784
79.30/48.76	mfeat-factors 0.234682249884 0.0744301322936 0.68875947512
81.02/49.56	satimage 0.275411336709 0.103925064649 0.385588950642
82.67/50.38	lymph 0.219788620049 0.0722220868237 0.403042264418
84.38/51.43	audiology 0.324584086167 0.131579775829 0.333552218829
86.10/52.15	ecoli 0.411732106828 0.215936605782 0.113123330029
87.78/53.22	tic-tac-toe 0.289016479386 0.122135973655 0.678416770661
89.46/54.08	spambase 0.209852343209 0.0566542261524 0.853596327449
91.12/54.90	zoo 0.130764717275 0.0240248906535 0.755987054109
92.95/55.70	sonar 0.510767148062 0.328850034797 -0.17679560436
94.51/56.51	mfeat-zernike 0.253474190914 0.0878672764738 0.495480185528
96.21/57.33	kr-vs-kp 0.212846943082 0.0569713564762 0.638985209908
96.21/57.37	MAE 0.304483103407 0.112967986356
96.21/57.37	MSE 0.136649548773 0.136649548773
96.21/57.37	Mean tau 0.394548091567 0.319354253231
96.21/57.37	(0.43859649122807015, '0_class_probability_max')
96.21/57.37	(0.5614035087719298, '1_class_probability_max')
96.21/57.37	(2.7719298245614037, '1_landmark_decision_tree')
96.21/57.37	(3.43859649122807, '0_landmark_naive_bayes')
96.21/57.37	(3.473684210526316, '1_landmark_naive_bayes')
96.21/57.37	(4.4035087719298245, '0_landmark_decision_tree')
96.21/57.37	(7.192982456140351, '1_number_of_numeric_features')
96.21/57.37	(7.385964912280702, '0_number_of_numeric_features')
96.21/57.37	(9.263157894736842, '0_number_of_categorical_features')
96.21/57.37	(9.964912280701755, '1_number_of_categorical_features')
96.21/57.37	(10.017543859649123, '0_number_of_features')
96.21/57.37	(10.280701754385966, '1_number_of_features')
96.21/57.37	(10.631578947368421, '0_landmark_lda')
96.21/57.37	(11.175438596491228, '1_landmark_lda')
96.21/57.37	(14.298245614035087, '1_number_of_classes')
96.21/57.37	(14.701754385964913, '0_number_of_classes')
96.21/57.37	Result for ParamILS: SAT, 55.512785, 1, 0.304483, -1, /home/feurerm/thesis/Software/pyMetaLearn/optimizers/metalearn_optimizer/learn_distances.py
