0.73/0.98	['/home/feurerm/thesis/Software/pyMetaLearn/optimizers/metalearn_optimizer/learn_distances.py', '--input_file', '/home/feurerm/thesis/experiments/2014_04_25_predict_distances/testfold_0-3_pfahringer_spearman_rank_perm.pkl', '--fold', '0', '--folds', '1', '--params', '-max_features', '0.853205891256', '-min_samples_leaf', '8', '-min_samples_split', '2', '-n_estimators', '93', '-n_jobs', '4', '-seed', '19']
0.73/0.99	Metafeatures (57, 8)
0.73/0.99	X (3192, 16)
0.73/0.99	Y (3192,)
0.73/0.99	Dataset Mae MSE Rho
3.01/1.84	vehicle 0.356728350646 0.154401548424 0.310927552823
5.47/2.84	anneal.ORIG 0.498675094968 0.299749194782 0.084034473736
7.93/3.76	segment 0.212527476392 0.0574494651798 0.798327500492
10.41/4.78	pendigits 0.288456716601 0.105970642494 0.677447142118
12.93/5.70	mushroom 0.194871062858 0.047269280369 0.652236799997
15.29/6.59	labor 0.294176829907 0.121649739766 0.223660983943
17.70/7.60	abalone 0.282442164183 0.100528999667 0.629612133991
20.28/8.60	diabetes 0.520744139378 0.340982908215 0.22786270763
22.75/9.60	car 0.374267238204 0.187941833598 0.267294268383
25.06/10.62	autos 0.221995571558 0.0634342059571 0.703303903267
27.50/11.54	mfeat-fourier 0.559880221384 0.408585800847 -0.425020511395
29.92/12.46	primary-tumor 0.232943321291 0.0670114108314 0.495480185528
32.33/13.37	waveform-5000 0.157624116656 0.0369490353514 0.775702834486
34.80/14.37	credit-a 0.368187033729 0.192359447191 0.442473825171
37.13/15.28	letter 0.237879274987 0.0797395774577 0.633813857678
39.61/16.28	postoperative-patient-data 0.442891488838 0.258978334457 0.0177765232903
41.99/17.28	vowel 0.433349868513 0.234298471661 0.354237627748
44.43/18.31	eucalyptus 0.407074059906 0.218815472652 -0.029735275322
46.85/19.32	cylinder-bands 0.336321455752 0.136255331392 0.402719054904
49.30/20.33	ionosphere 0.419017077295 0.20769495673 0.0336137894944
51.77/21.35	mfeat-karhunen 0.175910073267 0.0429366776855 0.794772195833
54.17/22.25	balance-scale 0.267043001652 0.0918219566952 0.303493733993
56.65/23.15	mfeat-morphological 0.457130624688 0.277816318076 -0.17679560436
59.10/24.19	liver-disorders 0.304840789018 0.1210520113 0.312220390881
61.44/25.18	dermatology 0.195175657119 0.0493486261008 0.519720899105
63.86/26.19	vote 0.0831621634292 0.0102815130791 0.769885063227
66.32/27.10	breast-cancer 0.126140963624 0.0229282105073 0.401749426361
68.77/28.01	credit-g 0.695571714444 0.640821398771 -0.729483873931
71.22/29.04	soybean 0.126853552702 0.0248416718248 0.760188777796
73.63/29.94	arrhythmia 0.261275921665 0.0934316347923 0.369428474924
76.04/30.85	nursery 0.271826023107 0.0949972217008 0.599553649155
78.48/31.76	hepatitis 0.254962272364 0.092656649786 0.368135636866
80.87/32.76	cmc 0.261180732551 0.0887295592102 0.303816943507
83.31/33.76	heart-c 0.248174858969 0.0823544480777 0.784752700888
85.78/34.77	glass 0.363727576851 0.159726885043 0.30995792428
88.23/35.77	braziltourism 0.453635406535 0.264893719496 0.100518158969
90.73/36.80	iris 0.288164185172 0.109733607324 0.332259380771
93.15/37.82	heart-statlog 0.22616052605 0.0682209775382 0.804791690779
95.65/38.85	page-blocks 0.422956843289 0.239816469397 0.0636722743307
98.08/39.87	breast-w 0.220178634675 0.0654118754604 0.594382296925
100.64/40.77	heart-h 0.158648037293 0.0353173416618 0.686820218034
103.10/41.78	yeast 0.297576370132 0.110295929129 0.61474449633
105.44/42.59	tae 0.359773080744 0.156765580396 0.200389898909
107.93/43.62	haberman 0.273218849697 0.0994957504865 -0.00290888562932
110.42/44.65	mfeat-pixel 0.359284693278 0.160682542269 0.180350909018
112.88/45.57	optdigits 0.195981654901 0.0490355292447 0.761158406339
115.37/46.59	mfeat-factors 0.202662528718 0.0550316757008 0.74273546402
117.85/47.59	satimage 0.268418680999 0.0991741003031 0.460250348462
120.28/48.60	lymph 0.217170443787 0.0692297796863 0.423727673338
122.74/49.62	audiology 0.313374321408 0.126497144449 0.394962026559
125.26/50.52	ecoli 0.392116578854 0.194290491992 0.197804222794
127.63/51.51	tic-tac-toe 0.322547721952 0.157219726874 0.532002860651
130.06/52.31	spambase 0.218221473002 0.0582346034954 0.867171127052
132.45/53.31	zoo 0.118554812331 0.019646847128 0.820628956983
134.88/54.31	sonar 0.499069226642 0.307627620207 -0.12799096769
137.30/55.32	mfeat-zernike 0.252575202502 0.0893754653009 0.489985623783
139.80/56.35	kr-vs-kp 0.191440313402 0.0470401710233 0.676800723089
139.80/56.39	MAE 0.301486983752 0.120348428609
139.80/56.39	MSE 0.136786796285 0.136786796285
139.80/56.39	Mean tau 0.399674081058 0.327426711889
139.80/56.39	(0.2631578947368421, '1_class_probability_max')
139.80/56.39	(0.7368421052631579, '0_class_probability_max')
139.80/56.39	(2.508771929824561, '0_landmark_naive_bayes')
139.80/56.39	(3.6842105263157894, '1_landmark_naive_bayes')
139.80/56.39	(3.7719298245614037, '1_landmark_decision_tree')
139.80/56.39	(4.456140350877193, '0_landmark_decision_tree')
139.80/56.39	(7.087719298245614, '0_number_of_numeric_features')
139.80/56.39	(7.43859649122807, '1_number_of_numeric_features')
139.80/56.39	(8.350877192982455, '1_number_of_categorical_features')
139.80/56.39	(8.68421052631579, '0_number_of_categorical_features')
139.80/56.39	(9.649122807017545, '0_number_of_features')
139.80/56.39	(10.12280701754386, '1_number_of_features')
139.80/56.39	(11.491228070175438, '0_landmark_lda')
139.80/56.39	(12.75438596491228, '1_landmark_lda')
139.80/56.39	(14.456140350877194, '0_number_of_classes')
139.80/56.39	(14.543859649122806, '1_number_of_classes')
139.80/56.39	Result for ParamILS: SAT, 55.408773, 1, 0.301487, -1, /home/feurerm/thesis/Software/pyMetaLearn/optimizers/metalearn_optimizer/learn_distances.py
