0.68/0.86	['/home/feurerm/thesis/Software/pyMetaLearn/optimizers/metalearn_optimizer/learn_distances.py', '--input_file', '/home/feurerm/thesis/experiments/2014_04_25_predict_distances/testfold_0-3_pfahringer_spearman_rank_perm.pkl', '--fold', '0', '--folds', '1', '--params', '-max_features', '0.49176687547', '-min_samples_leaf', '10', '-min_samples_split', '8', '-n_estimators', '74', '-n_jobs', '4', '-seed', '69']
0.68/0.87	Metafeatures (57, 8)
0.68/0.87	X (3192, 16)
0.68/0.87	Y (3192,)
0.68/0.87	Dataset Mae MSE Rho
1.73/1.31	vehicle 0.346003034244 0.147180240095 0.440857777599
2.86/1.78	anneal.ORIG 0.34187421235 0.150839447628 0.539436679482
3.99/2.26	segment 0.246885429533 0.0764976898496 0.776026044
5.13/2.74	pendigits 0.331345471633 0.13710383671 0.600200068183
6.33/3.22	mushroom 0.207135041794 0.0535679345126 0.638338790879
7.49/3.80	labor 0.275238394955 0.108423684672 0.315452486024
8.64/4.49	abalone 0.323759194955 0.131645018951 0.507762147074
9.77/5.19	diabetes 0.494890339541 0.316380449786 0.190693613478
10.95/5.68	car 0.356556529997 0.173833672558 0.297029543705
12.12/6.18	autos 0.251263511012 0.0816552253594 0.543961612683
13.26/6.76	mfeat-fourier 0.552936390849 0.398513439263 -0.46606811972
14.49/7.36	primary-tumor 0.230725632974 0.0661034227804 0.488692785726
15.64/7.94	waveform-5000 0.20931551251 0.0615848718563 0.751785330422
16.84/8.63	credit-a 0.39181283873 0.216968024724 0.344541342317
18.00/9.11	letter 0.241142783479 0.0839078186891 0.665488390086
19.18/9.69	postoperative-patient-data 0.420327231548 0.228093490082 -0.0416940273536
20.33/10.28	vowel 0.456217053627 0.255873567227 0.245962440435
21.56/10.87	eucalyptus 0.404962598464 0.219440234157 0.00258567611495
22.79/11.57	cylinder-bands 0.338227537444 0.14470534372 0.392376350444
24.08/12.16	ionosphere 0.415976983501 0.211620591295 0.0620562267589
25.15/12.75	mfeat-karhunen 0.205950929784 0.0587489233966 0.734008807132
26.35/13.23	balance-scale 0.244072241344 0.0786938646802 0.414354597421
27.53/13.92	mfeat-morphological 0.468640981414 0.292539072466 -0.207823717739
28.69/14.50	liver-disorders 0.274296034104 0.100063959866 0.399810169275
29.87/15.09	dermatology 0.18491874427 0.0448774638282 0.556243574229
31.01/15.57	vote 0.0794707377778 0.0099849572752 0.800589967092
32.22/16.15	breast-cancer 0.165704981215 0.0379712714552 0.374923036668
33.41/16.97	credit-g 0.576424910833 0.434758165294 -0.64803507631
34.58/17.45	soybean 0.121102004807 0.0223368259079 0.79380256729
35.75/17.94	arrhythmia 0.266147100659 0.100302450032 0.232064431317
36.91/18.42	nursery 0.302266698295 0.116487329982 0.521660156192
38.10/19.01	hepatitis 0.330446484341 0.156515290552 -0.384619322099
39.37/19.50	cmc 0.282085698509 0.0966379979762 0.298645591277
40.41/20.08	heart-c 0.289604908469 0.109243632995 0.734008807132
41.58/20.56	glass 0.368293808018 0.163051726118 0.307049038651
42.75/21.24	braziltourism 0.427020356234 0.234286866266 0.158049452526
43.90/21.72	iris 0.308673560125 0.121053339854 0.333229009314
45.05/22.94	heart-statlog 0.292322315187 0.114918816093 0.735624854704
46.24/23.63	page-blocks 0.324935836668 0.143584826548 0.468977005349
47.46/24.22	breast-w 0.215437401097 0.0644574886952 0.478996500295
48.62/24.81	heart-h 0.200955904596 0.0505736033786 0.613451658272
49.93/25.40	yeast 0.339008209868 0.142620859315 0.547840126856
51.06/26.11	tae 0.345679143509 0.145892510077 0.149646005153
52.22/26.69	haberman 0.251571944217 0.0812680073539 0.128637386719
53.37/27.17	mfeat-pixel 0.344702274745 0.146044456873 0.209762974826
54.51/27.66	optdigits 0.238371035272 0.072469731909 0.69393082735
55.65/28.14	mfeat-factors 0.239840758332 0.0777724825384 0.67615430406
56.80/28.63	satimage 0.27734853479 0.103762631173 0.385265741128
57.95/29.11	lymph 0.202625888605 0.0586727363904 0.539759888996
59.20/29.71	audiology 0.336705952074 0.146839679491 0.301877686421
60.27/30.19	ecoli 0.400538960805 0.202351055932 0.119910729831
61.47/30.78	tic-tac-toe 0.294299206815 0.130852094381 0.556889993258
62.60/31.27	spambase 0.215261404481 0.0606606877471 0.848748184733
63.81/31.86	zoo 0.140407778193 0.0264197031679 0.726251778787
64.93/32.34	sonar 0.510780907425 0.329680579784 -0.159665500098
66.14/32.93	mfeat-zernike 0.250985602944 0.0861821121897 0.537497422396
67.23/33.42	kr-vs-kp 0.20776215345 0.0541513060865 0.654822476112
67.23/33.45	MAE 0.304583458183 0.103347652213
67.23/33.45	MSE 0.13474853528 0.13474853528
67.23/33.45	Mean tau 0.384698706892 0.322328698225
67.23/33.45	(0.7543859649122807, '0_class_probability_max')
67.23/33.45	(0.9824561403508771, '1_class_probability_max')
67.23/33.45	(1.2982456140350878, '0_landmark_decision_tree')
67.23/33.45	(3.1228070175438596, '1_landmark_decision_tree')
67.23/33.45	(4.12280701754386, '1_landmark_naive_bayes')
67.23/33.45	(4.87719298245614, '0_landmark_naive_bayes')
67.23/33.45	(6.245614035087719, '1_landmark_lda')
67.23/33.45	(6.912280701754386, '0_landmark_lda')
67.23/33.45	(8.87719298245614, '1_number_of_numeric_features')
67.23/33.45	(8.964912280701755, '1_number_of_features')
67.23/33.45	(9.666666666666666, '0_number_of_numeric_features')
67.23/33.45	(11.43859649122807, '1_number_of_categorical_features')
67.23/33.45	(11.771929824561404, '0_number_of_features')
67.23/33.45	(12.0, '0_number_of_categorical_features')
67.23/33.45	(14.298245614035087, '1_number_of_classes')
67.23/33.45	(14.666666666666666, '0_number_of_classes')
67.23/33.45	Result for ParamILS: SAT, 32.593108, 1, 0.304583, -1, /home/feurerm/thesis/Software/pyMetaLearn/optimizers/metalearn_optimizer/learn_distances.py
