0.72/0.94	['/home/feurerm/thesis/Software/pyMetaLearn/optimizers/metalearn_optimizer/learn_distances.py', '--input_file', '/home/feurerm/thesis/experiments/2014_04_25_predict_distances/testfold_0-3_pfahringer_spearman_rank_perm.pkl', '--fold', '0', '--folds', '1', '--params', '-max_features', '0.668638621882', '-min_samples_leaf', '6', '-min_samples_split', '3', '-n_estimators', '96', '-n_jobs', '4', '-seed', '68']
0.72/0.95	Metafeatures (57, 8)
0.72/0.95	X (3192, 16)
0.72/0.95	Y (3192,)
0.72/0.95	Dataset Mae MSE Rho
2.80/1.80	vehicle 0.354204909832 0.151812166178 0.349066275519
4.81/2.71	anneal.ORIG 0.45247400801 0.248969090255 0.365226751237
6.98/3.62	segment 0.210099342853 0.0556031376608 0.80188280515
9.15/4.53	pendigits 0.275539936583 0.0987314164313 0.717201912385
11.44/5.43	mushroom 0.185124529235 0.043044836909 0.660317037856
13.52/6.38	labor 0.300361156202 0.12581980348 0.230448383745
15.72/7.29	abalone 0.256844009312 0.0840236121862 0.670013323287
18.00/8.22	diabetes 0.513102871598 0.32933729335 0.245962440435
20.25/9.14	car 0.35495295505 0.165030897745 0.331612961743
22.38/10.05	autos 0.23988582166 0.0742452244442 0.663549133
24.56/10.97	mfeat-fourier 0.570152443646 0.424402717376 -0.456048624775
26.75/11.90	primary-tumor 0.217295306782 0.0596904942785 0.543961612683
28.75/12.82	waveform-5000 0.1740116236 0.0442240745556 0.754694216052
30.86/13.74	credit-a 0.358974285482 0.18112657841 0.459603929433
32.97/14.64	letter 0.235157773024 0.0771219693055 0.676800723089
35.14/18.00	postoperative-patient-data 0.445558935103 0.262487211546 -0.0132515900891
37.18/18.92	vowel 0.434355148935 0.235417924855 0.336784313973
39.40/19.82	eucalyptus 0.424653162228 0.237228424406 -0.0704596741325
41.44/20.73	cylinder-bands 0.312759803004 0.120855947172 0.54299198414
43.55/21.65	ionosphere 0.415431704709 0.205076887776 0.0465421700691
45.66/22.56	mfeat-karhunen 0.154352597247 0.0347320001458 0.813841557181
47.78/23.47	balance-scale 0.228216882456 0.0743289008161 0.500005118729
49.92/24.39	mfeat-morphological 0.462435093227 0.282573615814 -0.192632870564
52.10/25.32	liver-disorders 0.289105461067 0.108042492435 0.472209100493
54.15/26.22	dermatology 0.199697160114 0.0512978260588 0.513903127847
56.27/27.13	vote 0.0745682890195 0.00878944250441 0.784429491374
58.44/28.04	breast-cancer 0.13920189205 0.0267287605735 0.381387226955
60.59/28.95	credit-g 0.658953602184 0.56822813066 -0.732715969075
62.72/29.86	soybean 0.113821876981 0.0202653575337 0.785075910402
64.87/30.77	arrhythmia 0.276389273538 0.10313753365 0.260830078096
66.92/31.68	nursery 0.266826208724 0.0901993042156 0.621855105646
69.06/32.59	hepatitis 0.242603777116 0.0820429230156 0.42243483528
71.31/33.50	cmc 0.270647870532 0.0934766265781 0.303170524478
73.31/34.42	heart-c 0.238828705632 0.0763814889418 0.809639833494
75.42/35.34	glass 0.365813837718 0.160726539523 0.319977419225
77.62/36.27	braziltourism 0.43704153239 0.244639668837 0.110537653914
79.64/37.18	iris 0.2912253774 0.111222706536 0.334521847372
81.74/38.09	heart-statlog 0.230769300613 0.0719244456252 0.799620338549
83.88/39.02	page-blocks 0.38683746157 0.19985515786 0.152554890782
85.99/39.94	breast-w 0.217008143136 0.0638522286516 0.637045952821
88.13/40.86	heart-h 0.165644228092 0.036537637499 0.688113056092
90.39/41.77	yeast 0.276557637485 0.0968995229198 0.633490648163
92.44/42.69	tae 0.366969275892 0.165274084286 0.136394415064
94.54/43.62	haberman 0.272977135142 0.0973675727516 0.0190693613478
96.74/44.55	mfeat-pixel 0.36138715471 0.159245923763 0.203298784538
98.92/45.48	optdigits 0.181270412577 0.0426653417704 0.765360130026
101.04/46.38	mfeat-factors 0.202198125939 0.0544895236143 0.730453502474
103.20/47.29	satimage 0.271550759207 0.0996936572078 0.434393587312
105.33/48.21	lymph 0.210036129159 0.0660943764508 0.491601671355
107.47/49.12	audiology 0.315715664708 0.125565911228 0.375892665211
109.58/50.02	ecoli 0.400357705181 0.203363445094 0.17162425213
111.74/50.96	tic-tac-toe 0.304346502428 0.139046027336 0.523922622792
113.88/51.87	spambase 0.21494991124 0.0573319986279 0.858767679679
116.07/52.78	zoo 0.113713833865 0.0182231872601 0.809639833494
118.11/53.69	sonar 0.518159111503 0.336415464241 -0.185522261248
120.24/54.61	mfeat-zernike 0.247861587244 0.0840396863753 0.524892251335
122.37/55.54	kr-vs-kp 0.179800994363 0.0411701204745 0.714939445784
122.37/55.59	MAE 0.296118951549 0.118840922926
122.37/55.59	MSE 0.131931900688 0.131931900688
122.37/55.59	Mean tau 0.418437243918 0.332716211217
122.37/55.59	(0.12280701754385964, '1_class_probability_max')
122.37/55.59	(0.8771929824561403, '0_class_probability_max')
122.37/55.59	(2.508771929824561, '0_landmark_decision_tree')
122.37/55.59	(3.263157894736842, '0_landmark_naive_bayes')
122.37/55.59	(3.8947368421052633, '1_landmark_naive_bayes')
122.37/55.59	(4.456140350877193, '1_landmark_decision_tree')
122.37/55.59	(7.315789473684211, '0_number_of_numeric_features')
122.37/55.59	(7.614035087719298, '1_number_of_numeric_features')
122.37/55.59	(9.263157894736842, '0_number_of_categorical_features')
122.37/55.59	(9.789473684210526, '1_number_of_features')
122.37/55.59	(9.842105263157896, '1_number_of_categorical_features')
122.37/55.59	(10.31578947368421, '0_number_of_features')
122.37/55.59	(10.491228070175438, '0_landmark_lda')
122.37/55.59	(11.24561403508772, '1_landmark_lda')
122.37/55.59	(14.456140350877194, '0_number_of_classes')
122.37/55.59	(14.543859649122806, '1_number_of_classes')
122.37/55.59	Result for ParamILS: SAT, 54.646951, 1, 0.296119, -1, /home/feurerm/thesis/Software/pyMetaLearn/optimizers/metalearn_optimizer/learn_distances.py
