0.75/2.35	['/home/feurerm/thesis/Software/pyMetaLearn/optimizers/metalearn_optimizer/learn_distances.py', '--input_file', '/home/feurerm/thesis/experiments/2014_04_25_predict_distances/testfold_0-3_pfahringer_spearman_rank_perm.pkl', '--fold', '0', '--folds', '1', '--params', '-max_features', '0.85098171412', '-min_samples_leaf', '2', '-min_samples_split', '8', '-n_estimators', '18', '-n_jobs', '4', '-seed', '95']
0.75/2.36	Metafeatures (57, 8)
0.75/2.36	X (3192, 16)
0.75/2.36	Y (3192,)
0.75/2.36	Dataset Mae MSE Rho
1.34/2.81	vehicle 0.339571888718 0.136643358945 0.403365473933
1.95/3.44	anneal.ORIG 0.539672328245 0.348156012964 -0.0307049038651
2.55/3.80	segment 0.139326957466 0.0269136484909 0.836466223187
3.15/4.15	pendigits 0.246275571353 0.085337967458 0.719464378986
3.76/4.55	mushroom 0.176577454002 0.041699444346 0.653529638054
4.36/4.91	labor 0.317226947465 0.134287092249 0.211702231912
4.95/5.37	abalone 0.221246082035 0.0606033747946 0.732715969075
5.60/5.77	diabetes 0.532565945674 0.357269810902 0.175179556788
6.22/6.16	car 0.388915619558 0.200987104786 0.194895337165
6.84/6.62	autos 0.169887214706 0.0413286849819 0.743058673534
7.45/6.97	mfeat-fourier 0.57288249273 0.437426215621 -0.420495578194
8.04/7.34	primary-tumor 0.220669000463 0.0640021453348 0.507762147074
8.65/7.72	waveform-5000 0.126900835134 0.0262880569953 0.767299387112
9.24/8.11	credit-a 0.34279466097 0.167217087315 0.518751270562
9.85/8.70	letter 0.248212156998 0.0832054570744 0.553657898114
10.45/9.16	postoperative-patient-data 0.431948403304 0.240476627581 0.122496405946
11.04/9.53	vowel 0.386301177589 0.194696219264 0.407890407134
11.64/9.89	eucalyptus 0.432386810868 0.270845130507 -0.0051713522299
12.23/10.26	cylinder-bands 0.329242447585 0.135282567263 0.38397290307
12.83/10.93	ionosphere 0.406804853847 0.197238551439 0.0746613978193
13.44/11.37	mfeat-karhunen 0.122354500598 0.0242949283177 0.834526966101
14.03/11.77	balance-scale 0.252185134194 0.0854528945606 0.375246246182
14.64/12.17	mfeat-morphological 0.505753233432 0.348118927407 -0.207823717739
15.25/12.76	liver-disorders 0.275270027975 0.101175008571 0.398517331217
15.85/13.62	dermatology 0.221755672912 0.0633968389821 0.448614805944
16.44/14.32	vote 0.0810548871818 0.0110133526314 0.751785330422
17.04/14.93	breast-cancer 0.148344413491 0.030804251054 0.387204998214
17.68/15.33	credit-g 0.678302324576 0.608794868816 -0.603755372841
18.27/15.82	soybean 0.128396076929 0.0281438063372 0.675184675517
18.89/16.26	arrhythmia 0.256746644714 0.0882279473605 0.351651951634
19.50/16.63	nursery 0.23708144776 0.074998460587 0.678093561146
20.14/16.99	hepatitis 0.228549518088 0.078005682243 0.604078582356
20.75/17.35	cmc 0.231259505313 0.0738878196968 0.349712694547
21.36/18.49	heart-c 0.191273709171 0.0542604108086 0.839604252025
21.96/18.95	glass 0.297478088477 0.111994379327 0.504853261444
22.58/19.49	braziltourism 0.521899442713 0.349525615729 -0.113446539544
23.18/19.89	iris 0.290411838696 0.113257272563 0.26406217324
23.79/20.40	heart-statlog 0.216217525594 0.0672368329358 0.740796206934
24.41/20.87	page-blocks 0.504025499759 0.345886337447 -0.195541756193
25.03/21.57	breast-w 0.238238902222 0.0767650959521 0.564000602574
25.67/22.19	heart-h 0.128972981814 0.0254969928467 0.713323398212
26.27/22.55	yeast 0.222508446494 0.0634241096164 0.682295284833
26.90/23.05	tae 0.386092875687 0.176843071651 0.187784727848
27.55/23.40	haberman 0.253673874322 0.0862653259188 0.17905807096
28.12/23.78	mfeat-pixel 0.392231613414 0.189211655572 0.157403033498
28.79/24.30	optdigits 0.135571422943 0.0246210551477 0.794772195833
29.38/24.66	mfeat-factors 0.174976371633 0.0465615683991 0.754694216052
29.99/25.05	satimage 0.249612288469 0.0884241495023 0.496773023585
30.61/25.48	lymph 0.233211493751 0.0862228683041 0.395285236073
31.22/25.86	audiology 0.307083440768 0.127633166353 0.336137894944
31.84/26.22	ecoli 0.371487615719 0.1763188818 0.257921192467
32.45/26.58	tic-tac-toe 0.338568672223 0.167341683106 0.400650421707
33.06/26.98	spambase 0.225542323735 0.0594091594539 0.807700576408
33.67/27.34	zoo 0.101179267387 0.0141793834144 0.803498852721
34.29/28.17	sonar 0.526622825547 0.351919476613 -0.196188175222
34.90/28.76	mfeat-zernike 0.249120469838 0.0890908035864 0.462512815062
35.51/29.21	kr-vs-kp 0.143165530942 0.0285800939194 0.771824320313
35.51/29.22	MAE 0.291853136091 0.135297292067
35.51/29.22	MSE 0.136608574295 0.136608574295
35.51/29.22	Mean tau 0.407075628134 0.336378234188
35.51/29.22	(0.2631578947368421, '1_class_probability_max')
35.51/29.22	(0.7368421052631579, '0_class_probability_max')
35.51/29.22	(2.9473684210526314, '0_landmark_naive_bayes')
35.51/29.22	(3.491228070175439, '1_landmark_naive_bayes')
35.51/29.22	(5.105263157894737, '0_landmark_decision_tree')
35.51/29.22	(6.385964912280702, '1_landmark_decision_tree')
35.51/29.22	(6.543859649122807, '1_number_of_numeric_features')
35.51/29.22	(7.087719298245614, '0_number_of_numeric_features')
35.51/29.22	(8.087719298245615, '1_number_of_categorical_features')
35.51/29.22	(8.31578947368421, '0_number_of_categorical_features')
35.51/29.22	(9.087719298245615, '0_number_of_features')
35.51/29.22	(9.368421052631579, '1_number_of_features')
35.51/29.22	(11.842105263157896, '0_landmark_lda')
35.51/29.22	(11.842105263157896, '1_landmark_lda')
35.51/29.22	(14.368421052631579, '0_number_of_classes')
35.51/29.22	(14.526315789473685, '1_number_of_classes')
35.51/29.22	Result for ParamILS: SAT, 26.863937, 1, 0.291853, -1, /home/feurerm/thesis/Software/pyMetaLearn/optimizers/metalearn_optimizer/learn_distances.py
