0.68/0.88	['/home/feurerm/thesis/Software/pyMetaLearn/optimizers/metalearn_optimizer/learn_distances.py', '--input_file', '/home/feurerm/thesis/experiments/2014_04_25_predict_distances/testfold_0-3_pfahringer_spearman_rank_perm.pkl', '--fold', '0', '--folds', '1', '--params', '-max_features', '0.106785781468', '-min_samples_leaf', '8', '-min_samples_split', '9', '-n_estimators', '80', '-n_jobs', '4', '-seed', '37']
0.68/0.89	Metafeatures (57, 8)
0.68/0.89	X (3192, 16)
0.68/0.89	Y (3192,)
0.68/0.89	Dataset Mae MSE Rho
1.12/1.25	vehicle 0.383424190961 0.186875351343 0.236266155004
1.64/1.66	anneal.ORIG 0.300956738356 0.122900318986 0.469946633893
2.16/2.05	segment 0.327294379665 0.137679220786 0.57628256412
2.67/2.46	pendigits 0.379433316669 0.173565401982 0.467037748263
3.16/2.95	mushroom 0.246715874819 0.0757965002453 0.557536412287
3.69/3.34	labor 0.331657974041 0.140145997478 0.557213202772
4.16/3.74	abalone 0.3746076067 0.178057137276 0.395608445588
4.67/4.13	diabetes 0.433961029887 0.275166282249 -0.137040834092
5.18/4.53	car 0.348337888114 0.165794802593 0.434716796826
5.71/4.92	autos 0.292702469465 0.113351035474 0.408536826162
6.22/5.32	mfeat-fourier 0.497215264983 0.324695613199 -0.358439351435
6.75/5.72	primary-tumor 0.251323207323 0.075837062598 0.574020097519
7.25/6.22	waveform-5000 0.285394207752 0.107628886688 0.484167852525
7.83/6.64	credit-a 0.393292891805 0.201484021434 0.253396259265
8.32/7.13	letter 0.266591139388 0.0982862926657 0.652560009511
8.95/7.63	postoperative-patient-data 0.43255139185 0.235561421756 -0.484814271554
9.38/8.03	vowel 0.474246168723 0.278684191455 0.0193925708621
9.89/8.44	eucalyptus 0.365356282453 0.178649909337 0.305109781564
10.41/8.83	cylinder-bands 0.360803726584 0.169829913557 0.329350495142
10.92/9.22	ionosphere 0.403536758332 0.197935722895 0.0138980091179
11.47/9.74	mfeat-karhunen 0.271793182011 0.0992752477488 0.665488390086
12.03/10.15	balance-scale 0.253044284122 0.0903110067678 0.521983365706
12.55/10.55	mfeat-morphological 0.471039840352 0.295113669276 -0.152231681268
13.12/10.94	liver-disorders 0.329618131878 0.144729019155 0.410152873734
13.58/11.44	dermatology 0.234504155893 0.0699144836137 0.54299198414
14.11/11.84	vote 0.130689370988 0.0270366572651 0.78636874846
14.66/12.26	breast-cancer 0.334792796519 0.138215834207 -0.341309247174
15.21/12.76	credit-g 0.577027942104 0.432009124446 -0.506146099502
15.83/13.27	soybean 0.196818270558 0.0561590603414 0.724635731215
16.29/13.67	arrhythmia 0.266559378038 0.09826439195 0.154817357383
16.80/14.07	nursery 0.327700169745 0.130199963311 0.45346294866
17.28/14.46	hepatitis 0.435660864366 0.266970438396 -0.500328328243
17.78/14.86	cmc 0.32713461256 0.130377142775 0.476087614666
18.30/15.26	heart-c 0.34308595204 0.154640112232 0.578221821206
18.81/15.66	glass 0.375078352335 0.176743522312 0.208793346282
19.31/16.06	braziltourism 0.600114402888 0.432100455589 -0.333229009314
19.90/16.46	iris 0.293639769303 0.118666123058 0.161927966699
20.36/16.87	heart-statlog 0.343576389444 0.15429752476 0.572727259462
20.88/17.27	page-blocks 0.324933612983 0.142126005335 0.402395845389
21.40/17.77	breast-w 0.262411432257 0.0934365230409 0.396901283645
21.94/20.23	heart-h 0.246788551621 0.0774718479406 0.43277753974
22.50/20.73	yeast 0.382047670189 0.184027739603 0.333875428343
23.05/21.18	tae 0.245463868002 0.0857414349739 0.180674118532
23.66/21.70	haberman 0.325455849865 0.152863964638 -0.035876256095
24.11/22.27	mfeat-pixel 0.332479965718 0.140539229008 0.259214030524
24.66/22.68	optdigits 0.298876020161 0.112701092246 0.59405908741
25.20/23.07	mfeat-factors 0.299637712997 0.116962732195 0.600200068183
25.69/23.47	satimage 0.300373261256 0.119490101206 0.284424372645
26.18/23.96	lymph 0.210570365818 0.0626711693283 0.708798465011
26.71/24.34	audiology 0.328231430576 0.138935724338 0.400779797818
27.21/24.84	ecoli 0.398128921071 0.203830486201 0.0662579504457
27.80/25.24	tic-tac-toe 0.300007151106 0.132715023254 0.456048624775
28.27/25.63	spambase 0.275924963795 0.103720724457 0.578545030721
28.78/26.12	zoo 0.199240664044 0.0562820526691 0.659024199798
29.33/26.61	sonar 0.461115147719 0.272761475209 -0.195864965708
29.88/27.11	mfeat-zernike 0.29215671115 0.113278903303 0.411445711792
30.46/27.51	kr-vs-kp 0.24706652805 0.0776573145089 0.575312935577
30.46/27.56	MAE 0.333196319323 0.0886874487977
30.46/27.56	MSE 0.155090568503 0.155090568503
30.46/27.56	Mean tau 0.303300942352 0.332968392622
30.46/27.56	(1.1403508771929824, '1_landmark_lda')
30.46/27.56	(1.3333333333333333, '1_number_of_classes')
30.46/27.56	(2.1228070175438596, '1_number_of_categorical_features')
30.46/27.56	(3.6140350877192984, '0_number_of_numeric_features')
30.46/27.56	(3.912280701754386, '1_landmark_naive_bayes')
30.46/27.56	(4.0, '0_landmark_lda')
30.46/27.56	(6.543859649122807, '0_landmark_decision_tree')
30.46/27.56	(8.035087719298245, '0_number_of_categorical_features')
30.46/27.56	(8.385964912280702, '1_class_probability_max')
30.46/27.56	(9.175438596491228, '0_number_of_features')
30.46/27.56	(9.228070175438596, '0_landmark_naive_bayes')
30.46/27.56	(9.614035087719298, '1_number_of_numeric_features')
30.46/27.56	(11.894736842105264, '1_landmark_decision_tree')
30.46/27.56	(12.87719298245614, '0_number_of_classes')
30.46/27.56	(13.280701754385966, '0_class_probability_max')
30.46/27.56	(14.842105263157896, '1_number_of_features')
30.46/27.56	Result for ParamILS: SAT, 26.676729, 1, 0.333196, -1, /home/feurerm/thesis/Software/pyMetaLearn/optimizers/metalearn_optimizer/learn_distances.py
