0.68/0.88	['/home/feurerm/thesis/Software/pyMetaLearn/optimizers/metalearn_optimizer/learn_distances.py', '--input_file', '/home/feurerm/thesis/experiments/2014_04_25_predict_distances/testfold_0-3_pfahringer_spearman_rank_perm.pkl', '--fold', '0', '--folds', '1', '--params', '-max_features', '0.716866834819', '-min_samples_leaf', '1', '-min_samples_split', '2', '-n_estimators', '50', '-n_jobs', '4', '-seed', '2']
0.68/0.89	Metafeatures (57, 8)
0.68/0.89	X (3192, 16)
0.68/0.89	Y (3192,)
0.68/0.89	Dataset Mae MSE Rho
2.46/1.55	vehicle 0.333178695684 0.134496652592 0.384619322099
4.37/2.26	anneal.ORIG 0.435107135179 0.238977879205 0.274404877699
6.27/2.97	segment 0.127377686617 0.021793488446 0.883008393256
8.34/3.70	pendigits 0.233695231869 0.0738168170505 0.752108539937
10.20/4.42	mushroom 0.160863704814 0.0341505979806 0.68132565629
12.10/5.14	labor 0.358563858621 0.186479134246 0.153201309811
14.03/5.87	abalone 0.152838455677 0.029781880832 0.829678823385
16.00/6.58	diabetes 0.532365616797 0.347180776325 0.227539498116
17.91/7.28	car 0.3830673791 0.204699217086 0.148029957581
19.95/8.00	autos 0.173195396422 0.0387795802543 0.811579090581
21.88/8.70	mfeat-fourier 0.56910981007 0.423680645004 -0.393345978987
23.69/9.42	primary-tumor 0.220597013211 0.0621161988155 0.561091716945
25.62/10.13	waveform-5000 0.13501945077 0.028886259866 0.787661586517
27.54/10.83	credit-a 0.346253857195 0.168884004037 0.484814271554
29.43/11.54	letter 0.223925031361 0.0674633569094 0.618946220017
31.32/12.24	postoperative-patient-data 0.452482858474 0.26638713515 0.072722140733
33.23/13.05	vowel 0.370694559181 0.176736576499 0.492571299898
35.16/13.76	eucalyptus 0.427759313098 0.237541469363 -0.054299198414
37.06/14.47	cylinder-bands 0.30310489909 0.114783534811 0.500974747272
38.98/15.19	ionosphere 0.399045880555 0.191196371014 0.157726243012
40.96/15.92	mfeat-karhunen 0.123024312547 0.0240759270776 0.884947650342
42.93/16.66	balance-scale 0.225858913248 0.0721454816288 0.452493320117
44.84/17.38	mfeat-morphological 0.488325898605 0.318123186331 -0.188107937363
46.74/18.08	liver-disorders 0.271544883703 0.0931768287414 0.601492906241
48.68/18.81	dermatology 0.217596234097 0.0590938106386 0.485460690582
50.57/19.51	vote 0.0853478468283 0.0119825330809 0.749522863822
52.51/20.23	breast-cancer 0.151615147882 0.0372461420973 0.38171043647
54.42/20.93	credit-g 0.668213451795 0.598311246775 -0.674215046974
56.35/21.76	soybean 0.128708527314 0.026903962033 0.646742238252
58.25/22.47	arrhythmia 0.270256301221 0.0967969375375 0.205561251139
60.15/23.19	nursery 0.232589057711 0.0701413532889 0.68132565629
62.12/23.92	hepatitis 0.203101993996 0.0538499420079 0.583069963922
64.07/24.67	cmc 0.295661645765 0.115058021852 0.274404877699
66.06/25.41	heart-c 0.157737031767 0.0347360045475 0.913713297121
67.99/26.14	glass 0.307435542227 0.113101844146 0.521983365706
69.93/26.86	braziltourism 0.485718684346 0.296184077625 -0.105366301684
71.84/27.68	iris 0.282428540332 0.102320411112 0.38397290307
73.78/28.40	heart-statlog 0.171759316811 0.0435361994799 0.816427233296
75.75/29.22	page-blocks 0.432241889347 0.259404525045 -0.0290888562932
77.69/29.93	breast-w 0.202497121547 0.0562152913362 0.597291182554
79.69/30.77	heart-h 0.118593924272 0.0215280744122 0.755663844595
81.56/31.51	yeast 0.185095017705 0.0445729887555 0.818043280868
83.52/32.22	tae 0.391972329111 0.18502260886 0.134778367492
85.53/32.95	haberman 0.295567909919 0.113427020631 0.081448797621
87.40/33.68	mfeat-pixel 0.353667552127 0.151818830476 0.246608859464
89.44/34.40	optdigits 0.0958326109567 0.0129695313555 0.869110384138
91.32/35.12	mfeat-factors 0.172996143699 0.0450527573475 0.756633473138
93.25/35.86	satimage 0.218604593452 0.0686071505256 0.672598999402
95.29/36.60	lymph 0.213225345653 0.0668982609208 0.451200482059
97.14/37.32	audiology 0.28894301015 0.108815569538 0.462512815062
99.05/38.05	ecoli 0.420883885796 0.222948260978 0.106335930227
100.96/38.76	tic-tac-toe 0.336996371292 0.176733250527 0.206207670167
102.87/39.47	spambase 0.213064007128 0.0527841297219 0.839375108816
104.81/40.29	zoo 0.0726623435418 0.00757646925374 0.894643935774
106.76/41.00	sonar 0.490895913191 0.304159682294 -0.0756310263624
108.74/41.73	mfeat-zernike 0.248324160697 0.0881938716105 0.504206842416
110.65/42.55	kr-vs-kp 0.132963497083 0.0230228706446 0.816750442811
110.81/42.61	MAE 0.280529768257 0.133750800857
110.81/42.61	MSE 0.126743274206 0.126743274206
110.81/42.61	Mean tau 0.440319095075 0.352504353692
110.81/42.61	(0.03508771929824561, '1_class_probability_max')
110.81/42.61	(0.9649122807017544, '0_class_probability_max')
110.81/42.61	(3.0, '1_landmark_naive_bayes')
110.81/42.61	(3.2280701754385963, '0_landmark_decision_tree')
110.81/42.61	(3.3333333333333335, '0_landmark_naive_bayes')
110.81/42.61	(5.017543859649122, '1_landmark_decision_tree')
110.81/42.61	(7.2631578947368425, '0_number_of_numeric_features')
110.81/42.61	(7.4035087719298245, '1_number_of_numeric_features')
110.81/42.61	(8.280701754385966, '0_number_of_categorical_features')
110.81/42.61	(9.614035087719298, '1_number_of_categorical_features')
110.81/42.61	(10.263157894736842, '1_number_of_features')
110.81/42.61	(10.403508771929825, '0_number_of_features')
110.81/42.61	(10.947368421052632, '1_landmark_lda')
110.81/42.61	(11.24561403508772, '0_landmark_lda')
110.81/42.61	(14.43859649122807, '0_number_of_classes')
110.81/42.61	(14.56140350877193, '1_number_of_classes')
110.81/42.61	Result for ParamILS: SAT, 41.726815, 1, 0.280530, -1, /home/feurerm/thesis/Software/pyMetaLearn/optimizers/metalearn_optimizer/learn_distances.py
