0.72/7.38	['/home/feurerm/thesis/Software/pyMetaLearn/optimizers/metalearn_optimizer/learn_distances.py', '--input_file', '/home/feurerm/thesis/experiments/2014_04_25_predict_distances/testfold_0-3_pfahringer_spearman_rank_perm.pkl', '--fold', '0', '--folds', '1', '--params', '-max_features', '0.900585210966', '-min_samples_leaf', '5', '-min_samples_split', '8', '-n_estimators', '92', '-n_jobs', '4', '-seed', '7']
0.72/7.39	Metafeatures (57, 8)
0.72/7.39	X (3192, 16)
0.72/7.39	Y (3192,)
0.72/7.39	Dataset Mae MSE Rho
3.34/8.43	vehicle 0.351995058551 0.147744838162 0.333552218829
6.18/9.66	anneal.ORIG 0.535339964506 0.344804683791 -0.183259794647
9.00/14.37	segment 0.164714352531 0.0354212704891 0.841960784931
11.80/16.07	pendigits 0.259468706072 0.0886661995254 0.726898197816
14.64/17.19	mushroom 0.174708044441 0.0384067497271 0.673245418431
17.43/18.47	labor 0.327038386592 0.148808805668 0.193925708621
20.23/19.58	abalone 0.236708590317 0.0691618788611 0.724635731215
23.11/20.72	diabetes 0.531182078862 0.347024230226 0.239175040633
25.97/22.19	car 0.385675299151 0.204059126703 0.156756614469
28.85/27.92	autos 0.20677632379 0.0553452413645 0.754694216052
31.62/29.02	mfeat-fourier 0.562038330022 0.41392428023 -0.405304731019
34.46/30.17	primary-tumor 0.210983855562 0.0550464479965 0.583716382951
37.20/31.27	waveform-5000 0.146098875282 0.0327063776553 0.757603101681
40.02/32.43	credit-a 0.349463650415 0.170949695693 0.496126604556
42.78/33.59	letter 0.240573813002 0.0786126952111 0.608926725071
45.55/34.72	postoperative-patient-data 0.445699985589 0.260267438475 0.0290888562932
48.31/35.96	vowel 0.39362814769 0.191668097117 0.468007376806
51.09/37.21	eucalyptus 0.466984362828 0.287241764455 -0.172593880673
53.91/38.31	cylinder-bands 0.349360989468 0.150699295164 0.32030062874
56.66/39.44	ionosphere 0.421484575704 0.207376128589 0.0384619322099
59.51/45.71	mfeat-karhunen 0.151899600995 0.0344266052617 0.807377366894
62.26/46.86	balance-scale 0.253730396132 0.0865971984709 0.378155131812
65.18/47.90	mfeat-morphological 0.477835415042 0.304254799222 -0.197804222794
67.84/49.04	liver-disorders 0.300395297478 0.118292860164 0.445059501286
70.65/50.15	dermatology 0.208256378218 0.0560190104216 0.486430319125
73.46/51.46	vote 0.0791156860231 0.0108397855823 0.764713710997
76.32/52.49	breast-cancer 0.140046486333 0.0278865737774 0.403042264418
79.15/53.53	credit-g 0.72085132278 0.687512613323 -0.708798465011
81.93/54.97	soybean 0.123422143166 0.0244178316026 0.747260397221
84.68/56.26	arrhythmia 0.244752721344 0.0823845517434 0.468330586321
87.50/57.33	nursery 0.246651128987 0.0773682299721 0.657084942712
90.32/58.57	hepatitis 0.23828747435 0.0832502469797 0.5555971552
93.09/59.76	cmc 0.246470023964 0.0826632335034 0.33807715203
95.90/61.29	heart-c 0.221954276176 0.0686435135485 0.81965932844
98.67/62.61	glass 0.346475229603 0.143810967768 0.436009634884
101.51/63.73	braziltourism 0.434573520257 0.244923606087 0.0711060931612
104.36/64.94	iris 0.288096410427 0.106394938155 0.345187761346
107.17/66.12	heart-statlog 0.197569825742 0.0536083126289 0.8322644995
110.04/67.26	page-blocks 0.482657285941 0.308611545917 -0.130576643805
112.88/68.41	breast-w 0.21418738958 0.0606289636078 0.620885477103
115.80/69.60	heart-h 0.146741512498 0.0296176407959 0.72722140733
118.47/70.69	yeast 0.249694122168 0.0760111129965 0.757603101681
121.36/75.23	tae 0.388122394855 0.178783211465 0.166776109414
124.13/77.84	haberman 0.256226720834 0.0847694493387 0.135424786521
126.92/78.97	mfeat-pixel 0.380297614922 0.178858818192 0.151262052725
129.76/80.09	optdigits 0.169005156352 0.0375590479009 0.778288510601
132.60/81.23	mfeat-factors 0.184426211501 0.0479156650144 0.749199654307
135.40/82.33	satimage 0.254596822024 0.0882393108096 0.515519175419
138.19/83.44	lymph 0.226370918766 0.0778668105026 0.388821045786
140.99/84.78	audiology 0.295811141528 0.107545682872 0.444736291772
143.80/90.25	ecoli 0.392074656067 0.198674400114 0.199420270366
146.65/91.36	tic-tac-toe 0.31755320173 0.154222873306 0.375569455697
149.51/92.40	spambase 0.217570203306 0.0546855670468 0.861999774822
152.17/93.54	zoo 0.107913369603 0.0165288342297 0.818689699897
154.97/94.55	sonar 0.492442594145 0.301191464379 -0.0914682925664
157.76/95.67	mfeat-zernike 0.242172638729 0.0825011616155 0.493864137956
160.55/96.79	kr-vs-kp 0.158788341654 0.0324601341355 0.756956682652
160.68/96.84	MAE 0.295736123221 0.131006728847
160.68/96.84	MSE 0.135752663466 0.135752663466
160.68/96.84	Mean tau 0.413243210319 0.349694089971
160.68/96.84	(0.24561403508771928, '1_class_probability_max')
160.68/96.84	(0.7543859649122807, '0_class_probability_max')
160.68/96.84	(2.543859649122807, '1_landmark_naive_bayes')
160.68/96.84	(2.807017543859649, '0_landmark_naive_bayes')
160.68/96.84	(5.508771929824562, '0_number_of_numeric_features')
160.68/96.84	(5.807017543859649, '1_number_of_numeric_features')
160.68/96.84	(6.771929824561403, '0_number_of_categorical_features')
160.68/96.84	(6.87719298245614, '1_number_of_categorical_features')
160.68/96.84	(7.315789473684211, '1_landmark_decision_tree')
160.68/96.84	(9.210526315789474, '1_number_of_features')
160.68/96.84	(9.228070175438596, '0_number_of_features')
160.68/96.84	(9.526315789473685, '0_landmark_decision_tree')
160.68/96.84	(12.017543859649123, '0_landmark_lda')
160.68/96.84	(12.385964912280702, '1_landmark_lda')
160.68/96.84	(14.473684210526315, '0_number_of_classes')
160.68/96.84	(14.526315789473685, '1_number_of_classes')
160.68/96.84	Result for ParamILS: SAT, 89.456185, 1, 0.295736, -1, /home/feurerm/thesis/Software/pyMetaLearn/optimizers/metalearn_optimizer/learn_distances.py
