0.68/0.88	['/home/feurerm/thesis/Software/pyMetaLearn/optimizers/metalearn_optimizer/learn_distances.py', '--input_file', '/home/feurerm/thesis/experiments/2014_04_25_predict_distances/testfold_0-3_pfahringer_spearman_rank_perm.pkl', '--fold', '0', '--folds', '1', '--params', '-max_features', '0.567505840687', '-min_samples_leaf', '4', '-min_samples_split', '5', '-n_estimators', '47', '-n_jobs', '4', '-seed', '86']
0.68/0.88	Metafeatures (57, 8)
0.68/0.88	X (3192, 16)
0.68/0.88	Y (3192,)
0.68/0.88	Dataset Mae MSE Rho
1.68/1.33	vehicle 0.324839840616 0.126528924826 0.454109367689
2.79/1.80	anneal.ORIG 0.375650861153 0.175262605693 0.476087614666
3.80/2.27	segment 0.179709643057 0.0408367386239 0.835819804158
4.84/2.74	pendigits 0.259869373741 0.0862744758643 0.72495894073
5.88/3.21	mushroom 0.160514608076 0.0333505274518 0.721726845586
6.90/3.68	labor 0.319598597426 0.146527529833 0.202975575024
7.94/4.15	abalone 0.242432993753 0.07512974348 0.691021941721
9.01/4.62	diabetes 0.495084995916 0.314613875419 0.195218546679
10.04/5.09	car 0.373502901455 0.193777583075 0.25371946878
11.09/5.56	autos 0.216493079468 0.0616780149942 0.628642505448
12.12/6.04	mfeat-fourier 0.568057080384 0.41907227876 -0.464128862634
13.16/6.51	primary-tumor 0.220580106626 0.0601982670254 0.517781642019
14.22/6.99	waveform-5000 0.17914387186 0.048757424539 0.738210530819
15.26/7.47	credit-a 0.372707093684 0.193223838455 0.412415340335
16.32/7.94	letter 0.225632449863 0.0735032412782 0.639308419422
17.39/8.42	postoperative-patient-data 0.444885403739 0.262627817983 0.029735275322
18.43/8.89	vowel 0.41473923437 0.220936503018 0.372014151039
19.48/9.36	eucalyptus 0.387498554613 0.199636889408 0.069166836075
20.51/9.83	cylinder-bands 0.315687498359 0.126102565319 0.479966128838
21.57/10.30	ionosphere 0.398342863282 0.192671578898 0.140919348265
22.61/10.78	mfeat-karhunen 0.135145994235 0.0281845094619 0.8322644995
23.67/11.25	balance-scale 0.234512584965 0.0756209480192 0.474471567094
24.71/11.72	mfeat-morphological 0.469589606573 0.293261532855 -0.178411651932
25.77/12.19	liver-disorders 0.271993678054 0.097096805093 0.540083098511
26.82/12.67	dermatology 0.20875086188 0.0565661608371 0.474794776608
27.86/13.14	vote 0.0708877640022 0.00890231263608 0.776026044
28.92/13.61	breast-cancer 0.143202820949 0.0276634623327 0.412738549849
29.96/14.08	credit-g 0.585123341501 0.458295632952 -0.565616650146
31.01/14.55	soybean 0.126154889123 0.0259624182787 0.678093561146
32.05/15.02	arrhythmia 0.26223814352 0.093340871928 0.197804222794
33.08/15.49	nursery 0.258228048546 0.08630062923 0.626056829333
34.13/15.96	hepatitis 0.264701379954 0.0914839341861 0.347127018432
35.17/16.44	cmc 0.289227642439 0.111057108079 0.279899439444
36.23/16.91	heart-c 0.215469289676 0.0618902073884 0.838082270759
37.27/17.38	glass 0.334618675386 0.136483833098 0.434070377798
38.35/17.86	braziltourism 0.415665228024 0.222268691895 0.0947003877101
39.39/18.33	iris 0.28895943926 0.110629286208 0.33807715203
40.45/18.80	heart-statlog 0.252167816068 0.0905249312668 0.790570472147
41.55/19.28	page-blocks 0.416314863402 0.23606184941 0.137364043607
42.63/19.75	breast-w 0.22027186983 0.0639533263368 0.53782063191
43.69/20.22	heart-h 0.148103256676 0.031065576438 0.69910217958
44.77/20.69	yeast 0.269173031934 0.091078933279 0.6658115996
45.84/21.17	tae 0.361791648588 0.159853754019 0.136717624578
46.93/21.64	haberman 0.258748511784 0.0871976499843 0.137040834092
48.02/22.11	mfeat-pixel 0.344378671227 0.144591291276 0.224953822001
49.04/22.59	optdigits 0.143010421805 0.0275781091269 0.806407738351
50.14/23.06	mfeat-factors 0.162002934807 0.0367339291748 0.777642091572
51.19/23.54	satimage 0.276372832211 0.102544160707 0.408536826162
52.25/24.01	lymph 0.208937477775 0.0642004944642 0.508085356588
53.28/24.48	audiology 0.321733769156 0.136039193282 0.291858191475
54.36/24.95	ecoli 0.409389874793 0.217342759794 0.135747996035
55.45/25.43	tic-tac-toe 0.314090502438 0.151953499516 0.464775281663
56.54/25.91	spambase 0.20493286586 0.0498316795968 0.873312107825
57.61/26.38	zoo 0.0930995663819 0.0123684261908 0.819336118926
58.66/26.85	sonar 0.509065100822 0.32512519192 -0.152554890782
59.68/27.33	mfeat-zernike 0.263197320325 0.0949006960611 0.429868654111
60.80/27.80	kr-vs-kp 0.152732565276 0.0303078529512 0.757926311195
60.80/27.83	MAE 0.287350093696 0.115771302439
60.80/27.83	MSE 0.126122317074 0.126122317074
60.80/27.83	Mean tau 0.424039542167 0.318416777676
60.80/27.83	(0.19298245614035087, '1_class_probability_max')
60.80/27.83	(0.8070175438596491, '0_class_probability_max')
60.80/27.83	(2.491228070175439, '1_landmark_decision_tree')
60.80/27.83	(2.9298245614035086, '0_landmark_decision_tree')
60.80/27.83	(4.2105263157894735, '1_landmark_naive_bayes')
60.80/27.83	(4.4035087719298245, '0_landmark_naive_bayes')
60.80/27.83	(7.035087719298246, '0_landmark_lda')
60.80/27.83	(8.473684210526315, '0_number_of_categorical_features')
60.80/27.83	(8.68421052631579, '1_number_of_numeric_features')
60.80/27.83	(9.017543859649123, '0_number_of_numeric_features')
60.80/27.83	(9.578947368421053, '1_number_of_categorical_features')
60.80/27.83	(10.491228070175438, '1_landmark_lda')
60.80/27.83	(11.298245614035087, '1_number_of_features')
60.80/27.83	(11.385964912280702, '0_number_of_features')
60.80/27.83	(14.421052631578947, '1_number_of_classes')
60.80/27.83	(14.578947368421053, '0_number_of_classes')
60.80/27.83	Result for ParamILS: SAT, 26.954323, 1, 0.287350, -1, /home/feurerm/thesis/Software/pyMetaLearn/optimizers/metalearn_optimizer/learn_distances.py
