0.77/0.91	['/home/feurerm/thesis/Software/pyMetaLearn/optimizers/metalearn_optimizer/learn_distances.py', '--input_file', '/home/feurerm/thesis/experiments/2014_04_25_predict_distances/testfold_0-3_pfahringer_spearman_rank_perm.pkl', '--fold', '0', '--folds', '1', '--params', '-max_features', '0.929328728325', '-min_samples_leaf', '4', '-min_samples_split', '7', '-n_estimators', '97', '-n_jobs', '4', '-seed', '83']
0.77/0.91	Metafeatures (57, 8)
0.77/0.91	X (3192, 16)
0.77/0.91	Y (3192,)
0.77/0.91	Dataset Mae MSE Rho
3.62/1.99	vehicle 0.355086099319 0.150287974619 0.328057657085
6.71/3.09	anneal.ORIG 0.500769881052 0.307354768232 -0.100841368483
9.75/4.19	segment 0.16233045638 0.0345258609533 0.856828422592
12.87/5.30	pendigits 0.252377208497 0.0840229290286 0.734332016646
15.79/6.42	mushroom 0.175953120122 0.0390029389626 0.675184675517
18.85/7.53	labor 0.333119893009 0.153463882768 0.18940077542
21.87/8.66	abalone 0.214316264105 0.0582589540053 0.755017425566
24.96/9.75	diabetes 0.521604265182 0.335538167641 0.251457002179
27.98/10.87	car 0.393316802051 0.208768851232 0.135101577006
31.03/11.98	autos 0.191611547314 0.0477264739483 0.789924053118
34.06/13.09	mfeat-fourier 0.565758522334 0.421563279444 -0.429222235082
37.19/14.22	primary-tumor 0.198544223909 0.0500365676689 0.597937601583
40.28/15.33	waveform-5000 0.151501918352 0.0345582066222 0.775702834486
43.30/16.49	credit-a 0.355197551429 0.181094530844 0.459927138947
46.31/17.62	letter 0.21896713284 0.0664458744902 0.634783486221
49.35/18.74	postoperative-patient-data 0.44826472219 0.26571322343 0.0559152459858
52.38/19.86	vowel 0.390503476351 0.189366894795 0.480289338352
55.46/20.99	eucalyptus 0.444325439242 0.259606506712 -0.114092958572
58.52/22.10	cylinder-bands 0.348750933386 0.148882608849 0.328380866599
61.42/23.22	ionosphere 0.431892282966 0.218454845658 0.00904986640233
64.46/24.34	mfeat-karhunen 0.131156907806 0.0263659295041 0.832587709015
67.47/25.44	balance-scale 0.245397716463 0.0832171805421 0.418879530622
70.45/26.55	mfeat-morphological 0.46979273022 0.292706669299 -0.180027699504
73.43/27.65	liver-disorders 0.31024464643 0.124472145443 0.493864137956
76.45/28.76	dermatology 0.214867478896 0.0589854002641 0.457018253318
79.48/29.90	vote 0.0800326020032 0.0114958718893 0.756633473138
82.54/31.01	breast-cancer 0.14438087734 0.0302998273285 0.377831922297
85.61/32.12	credit-g 0.724757395452 0.693424876725 -0.73239275956
88.62/33.22	soybean 0.120520223731 0.0227323487491 0.736917692761
91.58/34.33	arrhythmia 0.249174565395 0.0838884684149 0.359732189493
94.56/35.44	nursery 0.232935177984 0.069169984495 0.690698732207
97.59/36.55	hepatitis 0.232518856702 0.0797903241429 0.574666516548
100.59/37.65	cmc 0.254946802359 0.0876384544047 0.344541342317
103.64/38.78	heart-c 0.195469836238 0.0536612355176 0.862646193851
106.67/39.89	glass 0.368087913304 0.164277703221 0.279253020415
109.71/41.01	braziltourism 0.472628208451 0.291430162696 0.00808023785923
112.73/42.12	iris 0.269021230847 0.0923471009216 0.405951150048
115.75/43.25	heart-statlog 0.194019433257 0.0521938379818 0.865878288995
118.84/44.36	page-blocks 0.477128314788 0.307087885571 -0.163220804756
121.90/45.49	breast-w 0.207245951559 0.0577840529896 0.632844229135
124.97/46.63	heart-h 0.129573606681 0.0237843326577 0.726251778787
128.01/47.76	yeast 0.23819024874 0.0696310438509 0.754047797023
131.07/48.88	tae 0.374486223405 0.168267972116 0.206854089196
134.14/49.99	haberman 0.279490585065 0.100672677964 0.0526831508422
137.20/51.11	mfeat-pixel 0.378400956466 0.175944233757 0.164190433299
140.28/52.23	optdigits 0.147943890299 0.0292076503015 0.80414527175
143.39/53.34	mfeat-factors 0.177080193709 0.0433959407112 0.764713710997
146.44/54.45	satimage 0.260935723243 0.0940553721266 0.443766663229
149.50/55.57	lymph 0.226925564139 0.0786824150271 0.41726348305
152.50/56.68	audiology 0.298973055037 0.110739453436 0.440857777599
155.56/57.79	ecoli 0.388245637409 0.192380292054 0.230448383745
158.69/58.90	tic-tac-toe 0.327115943645 0.162427559685 0.389467464815
161.74/60.01	spambase 0.215154670846 0.0532099114154 0.865231869966
164.83/61.13	zoo 0.09932529418 0.0135761766186 0.861999774822
167.91/62.27	sonar 0.493683711842 0.303201133762 -0.0879129879084
171.14/63.40	mfeat-zernike 0.246883507636 0.0863102396163 0.481905385924
174.03/64.52	kr-vs-kp 0.155839684871 0.0316895506034 0.7737635774
174.03/64.57	MAE 0.292750300113 0.133088142724
174.03/64.57	MSE 0.134645943083 0.134645943083
174.03/64.57	Mean tau 0.416231480741 0.356993535002
174.03/64.57	(0.2807017543859649, '1_class_probability_max')
174.03/64.57	(0.7192982456140351, '0_class_probability_max')
174.03/64.57	(2.6842105263157894, '1_landmark_naive_bayes')
174.03/64.57	(2.736842105263158, '0_landmark_naive_bayes')
174.03/64.57	(5.9298245614035086, '1_number_of_numeric_features')
174.03/64.57	(6.017543859649122, '0_number_of_numeric_features')
174.03/64.57	(6.859649122807017, '0_landmark_decision_tree')
174.03/64.57	(6.912280701754386, '1_landmark_decision_tree')
174.03/64.57	(7.473684210526316, '0_number_of_categorical_features')
174.03/64.57	(7.491228070175438, '1_number_of_categorical_features')
174.03/64.57	(9.56140350877193, '0_number_of_features')
174.03/64.57	(9.666666666666666, '1_number_of_features')
174.03/64.57	(12.263157894736842, '1_landmark_lda')
174.03/64.57	(12.403508771929825, '0_landmark_lda')
174.03/64.57	(14.473684210526315, '0_number_of_classes')
174.03/64.57	(14.526315789473685, '1_number_of_classes')
174.03/64.57	Result for ParamILS: SAT, 63.661199, 1, 0.292750, -1, /home/feurerm/thesis/Software/pyMetaLearn/optimizers/metalearn_optimizer/learn_distances.py
