0.77/0.91	['/home/feurerm/thesis/Software/pyMetaLearn/optimizers/metalearn_optimizer/learn_distances.py', '--input_file', '/home/feurerm/thesis/experiments/2014_04_25_predict_distances/testfold_0-3_pfahringer_spearman_rank_perm.pkl', '--fold', '0', '--folds', '1', '--params', '-max_features', '0.578063579411', '-min_samples_leaf', '5', '-min_samples_split', '3', '-n_estimators', '24', '-n_jobs', '4', '-seed', '56']
0.77/0.91	Metafeatures (57, 8)
0.77/0.91	X (3192, 16)
0.77/0.91	Y (3192,)
0.77/0.91	Dataset Mae MSE Rho
1.27/1.26	vehicle 0.331881317869 0.133155388755 0.445059501286
1.80/1.62	anneal.ORIG 0.401355867692 0.193807587318 0.539759888996
2.35/1.98	segment 0.209363042823 0.0571643202241 0.768915434684
2.89/2.34	pendigits 0.300182905332 0.114611888557 0.626056829333
3.46/2.69	mushroom 0.167648061711 0.0377323719592 0.68649700852
4.00/3.05	labor 0.313719043137 0.13869200765 0.22786270763
4.53/3.41	abalone 0.271527139803 0.0953438943267 0.593412668382
5.08/3.76	diabetes 0.521886030293 0.341504911876 0.218812841228
5.62/4.12	car 0.354507335912 0.17760962525 0.357146513378
6.16/4.47	autos 0.21724470738 0.0604804302655 0.73239275956
6.71/4.83	mfeat-fourier 0.542642382017 0.38404066656 -0.393669188502
7.28/5.19	primary-tumor 0.206680808534 0.0529236514217 0.58662526858
7.80/5.55	waveform-5000 0.171249273614 0.0465928326782 0.740472997419
8.39/5.91	credit-a 0.371966384251 0.193567005314 0.405951150048
8.94/6.27	letter 0.227701523855 0.0757299346049 0.657084942712
9.49/6.63	postoperative-patient-data 0.435997799733 0.248923535462 0.051713522299
10.04/6.99	vowel 0.433239053487 0.240986230725 0.302847314964
10.59/7.35	eucalyptus 0.425257075798 0.238579195745 -0.0880816780276
11.19/7.71	cylinder-bands 0.303322104628 0.119635176369 0.559152459858
11.71/8.07	ionosphere 0.40516174101 0.20308361497 0.124112453518
12.25/8.43	mfeat-karhunen 0.154550661607 0.0345679995778 0.80188280515
12.79/8.79	balance-scale 0.227694990351 0.0690275994097 0.49192488087
13.35/9.14	mfeat-morphological 0.489400588109 0.315867561996 -0.24563923092
13.89/9.50	liver-disorders 0.290960345263 0.111420045513 0.43277753974
14.45/9.86	dermatology 0.199289460618 0.0516972899586 0.50453005193
15.00/10.22	vote 0.0779222177597 0.00986415764256 0.769238644198
15.57/10.57	breast-cancer 0.12969176251 0.0243117629778 0.403365473933
16.12/10.93	credit-g 0.532445757564 0.383575601771 -0.464128862634
16.68/11.29	soybean 0.121460272043 0.0234419083874 0.74273546402
17.24/11.66	arrhythmia 0.269594708734 0.0996494882618 0.177765232903
17.79/12.03	nursery 0.27352588832 0.0997234634303 0.583716382951
18.34/12.38	hepatitis 0.337116889413 0.157800213727 -0.305432991079
18.90/12.75	cmc 0.297045949175 0.112109314498 0.250164164122
19.45/13.11	heart-c 0.225521165474 0.0676926138897 0.811902300095
19.99/13.47	glass 0.335624720237 0.138868669726 0.432454330226
20.54/13.82	braziltourism 0.424539266876 0.237090070088 0.143181814865
21.08/14.18	iris 0.286183934094 0.10566203854 0.390760302872
21.62/14.54	heart-statlog 0.261547787808 0.0920944197411 0.745644349649
22.20/14.90	page-blocks 0.373027380671 0.194382757485 0.230448383745
22.72/15.26	breast-w 0.224077079625 0.0680633917065 0.473178729036
23.29/15.62	heart-h 0.157271962699 0.0336021172025 0.671952580373
23.83/15.98	yeast 0.275786535216 0.0958473624049 0.639308419422
24.39/16.34	tae 0.381239969019 0.175056917578 0.148353167095
24.95/16.70	haberman 0.244892598516 0.0771943202173 0.187784727848
25.52/17.06	mfeat-pixel 0.358847344129 0.158401645996 0.181320537561
26.07/17.43	optdigits 0.170925342761 0.0398674235487 0.760835196825
26.63/17.79	mfeat-factors 0.201394008726 0.0557201244219 0.702657484238
27.17/18.15	satimage 0.250446328503 0.0869496640582 0.4970962331
27.73/18.51	lymph 0.2177921494 0.0690405176814 0.47641082418
28.27/18.87	audiology 0.328956704019 0.146899623946 0.300584848363
28.81/19.23	ecoli 0.397935286017 0.206402854628 0.176149185331
29.36/19.59	tic-tac-toe 0.335027451666 0.165222662022 0.408860035677
29.90/19.95	spambase 0.212109859496 0.0541040861962 0.829355613871
30.47/20.31	zoo 0.0984832034461 0.0135413428007 0.816427233296
31.00/20.66	sonar 0.495883259708 0.306327919043 -0.0842028518392
31.57/21.02	mfeat-zernike 0.210720066763 0.0684413797066 0.627996086419
32.12/21.38	kr-vs-kp 0.173653997671 0.0400825991526 0.710414512583
32.12/21.39	MAE 0.292195096366 0.112229460536
32.12/21.39	MSE 0.128838196473 0.128838196473
32.12/21.39	Mean tau 0.41340173677 0.317003447733
32.12/21.39	(0.15789473684210525, '0_class_probability_max')
32.12/21.39	(1.0175438596491229, '1_class_probability_max')
32.12/21.39	(2.3508771929824563, '1_landmark_decision_tree')
32.12/21.39	(2.719298245614035, '0_landmark_decision_tree')
32.12/21.39	(4.245614035087719, '0_landmark_naive_bayes')
32.12/21.39	(4.684210526315789, '1_landmark_naive_bayes')
32.12/21.39	(6.719298245614035, '1_landmark_lda')
32.12/21.39	(7.473684210526316, '0_number_of_numeric_features')
32.12/21.39	(9.0, '1_number_of_numeric_features')
32.12/21.39	(10.385964912280702, '1_number_of_categorical_features')
32.12/21.39	(10.473684210526315, '0_number_of_features')
32.12/21.39	(10.473684210526315, '1_number_of_features')
32.12/21.39	(10.666666666666666, '0_number_of_categorical_features')
32.12/21.39	(10.719298245614034, '0_landmark_lda')
32.12/21.39	(14.368421052631579, '1_number_of_classes')
32.12/21.39	(14.543859649122806, '0_number_of_classes')
32.12/21.39	Result for ParamILS: SAT, 20.485205, 1, 0.292195, -1, /home/feurerm/thesis/Software/pyMetaLearn/optimizers/metalearn_optimizer/learn_distances.py
