0.77/1.03	['/home/feurerm/thesis/Software/pyMetaLearn/optimizers/metalearn_optimizer/learn_distances.py', '--input_file', '/home/feurerm/thesis/experiments/2014_04_25_predict_distances/testfold_0-3_pfahringer_spearman_rank_perm.pkl', '--fold', '0', '--folds', '1', '--params', '-max_features', '0.460518176922', '-min_samples_leaf', '3', '-min_samples_split', '2', '-n_estimators', '27', '-n_jobs', '4', '-seed', '2']
0.77/1.04	Metafeatures (57, 8)
0.77/1.04	X (3192, 16)
0.77/1.04	Y (3192,)
0.77/1.04	Dataset Mae MSE Rho
1.30/1.38	vehicle 0.338142862438 0.143298535761 0.397547702674
1.86/1.74	anneal.ORIG 0.303292659595 0.119586253973 0.564970231117
2.47/2.10	segment 0.183821538427 0.0463132883889 0.821275376012
3.00/2.46	pendigits 0.274737994184 0.099813440902 0.690698732207
3.55/2.82	mushroom 0.178739728768 0.0413012813448 0.677447142118
4.11/3.18	labor 0.30241178389 0.131542865831 0.281192277501
4.67/3.54	abalone 0.254247717079 0.0851785188062 0.667750856686
5.28/3.90	diabetes 0.446155297593 0.265956446803 0.207500508225
5.80/4.26	car 0.342625033597 0.15904310663 0.290242143903
6.33/4.62	autos 0.229197168468 0.070862608018 0.568525535775
6.91/4.99	mfeat-fourier 0.579674059617 0.43953449939 -0.385912160157
7.46/5.35	primary-tumor 0.228105221598 0.0661234904159 0.477380452723
8.02/5.71	waveform-5000 0.172139727752 0.0432143554871 0.748553235279
8.62/6.08	credit-a 0.377934457871 0.205645737721 0.346803808918
9.18/6.43	letter 0.247343907802 0.0834661738979 0.597291182554
9.74/6.79	postoperative-patient-data 0.437096204749 0.244257844845 -0.0368458846381
10.28/7.16	vowel 0.449281387781 0.264692460753 0.184875842219
10.83/7.52	eucalyptus 0.402624202015 0.212639775963 0.0591473411295
11.40/7.88	cylinder-bands 0.330132068569 0.137212482887 0.371044522496
11.97/8.24	ionosphere 0.35738558052 0.157366247061 0.297675962734
12.54/8.60	mfeat-karhunen 0.137714767933 0.0295781907443 0.811255881066
13.09/8.96	balance-scale 0.222878252249 0.0710319839749 0.528447555993
13.67/9.33	mfeat-morphological 0.482207352283 0.315859108518 -0.136394415064
14.29/9.70	liver-disorders 0.269549896403 0.0946763407726 0.530710022594
14.80/10.06	dermatology 0.215318198458 0.0621853652238 0.469623424378
15.37/10.42	vote 0.0703730184233 0.00818874685782 0.787984796032
15.93/10.78	breast-cancer 0.179954673653 0.0422541516071 0.351328742119
16.51/11.14	credit-g 0.603873313148 0.49214233332 -0.613451658272
17.07/11.51	soybean 0.123643969022 0.0255970939753 0.684880960948
17.63/11.86	arrhythmia 0.268447968011 0.101135989462 0.218812841228
18.20/12.23	nursery 0.27704686718 0.100097155248 0.533295698709
18.75/12.59	hepatitis 0.329909850419 0.149023834698 -0.0197157803765
19.29/12.95	cmc 0.323908728101 0.12933932195 0.220105679285
19.86/13.32	heart-c 0.212422849062 0.0604464074232 0.821275376012
20.41/13.68	glass 0.352537535867 0.149222076664 0.373306989096
20.97/14.04	braziltourism 0.430738401121 0.241982187042 0.0239175040633
21.53/14.41	iris 0.296667222678 0.113590359444 0.361671446579
22.10/14.76	heart-statlog 0.235861733097 0.0756948758465 0.76051198731
22.66/15.12	page-blocks 0.336340648549 0.156353952131 0.334845056886
23.22/15.48	breast-w 0.19460795325 0.0579593589781 0.663225923485
23.78/15.84	heart-h 0.156655250322 0.0366077934009 0.635106695735
24.34/16.21	yeast 0.242446365173 0.0782902022729 0.677770351632
24.90/16.57	tae 0.35402745155 0.155461566996 0.0904986640233
25.47/16.94	haberman 0.244305247783 0.0810468012661 0.185522261248
26.06/17.30	mfeat-pixel 0.332707950336 0.132465786149 0.274081668185
26.59/17.66	optdigits 0.138733952608 0.0256632836038 0.808023785923
27.18/18.02	mfeat-factors 0.140994544105 0.0317834903896 0.776349253514
27.73/18.39	satimage 0.242776672551 0.0854912799991 0.559475669373
28.31/18.75	lymph 0.197460110261 0.0587278512902 0.52521546085
28.87/19.12	audiology 0.331766511783 0.149653972696 0.327088028541
29.41/19.48	ecoli 0.381998036997 0.189189329651 0.221398517343
29.98/19.85	tic-tac-toe 0.280493888235 0.117872292941 0.610865982158
30.54/20.21	spambase 0.199938929573 0.0489241014527 0.858767679679
31.09/20.57	zoo 0.102586170557 0.0146836093715 0.816427233296
31.66/20.94	sonar 0.512501097187 0.331925839711 -0.154817357383
32.20/21.30	mfeat-zernike 0.250204407452 0.0895985989861 0.493540928442
32.75/21.66	kr-vs-kp 0.148539255801 0.0281876985537 0.779258139144
32.75/21.68	MAE 0.285214520061 0.114513364364
32.75/21.68	MSE 0.125420732412 0.125420732412
32.75/21.68	Mean tau 0.421357470232 0.317898668402
32.75/21.68	(0.40350877192982454, '0_landmark_decision_tree')
32.75/21.68	(0.6666666666666666, '1_class_probability_max')
32.75/21.68	(2.0701754385964914, '0_class_probability_max')
32.75/21.68	(2.9473684210526314, '1_landmark_decision_tree')
32.75/21.68	(4.350877192982456, '0_landmark_naive_bayes')
32.75/21.68	(4.894736842105263, '1_landmark_naive_bayes')
32.75/21.68	(7.157894736842105, '1_number_of_features')
32.75/21.68	(7.947368421052632, '0_landmark_lda')
32.75/21.68	(8.824561403508772, '0_number_of_categorical_features')
32.75/21.68	(9.070175438596491, '1_landmark_lda')
32.75/21.68	(9.75438596491228, '1_number_of_numeric_features')
32.75/21.68	(10.824561403508772, '1_number_of_categorical_features')
32.75/21.68	(11.157894736842104, '0_number_of_features')
32.75/21.68	(11.157894736842104, '0_number_of_numeric_features')
32.75/21.68	(14.298245614035087, '1_number_of_classes')
32.75/21.68	(14.473684210526315, '0_number_of_classes')
32.75/21.68	Result for ParamILS: SAT, 20.646863, 1, 0.285215, -1, /home/feurerm/thesis/Software/pyMetaLearn/optimizers/metalearn_optimizer/learn_distances.py
