0.72/0.97	['/home/feurerm/thesis/Software/pyMetaLearn/optimizers/metalearn_optimizer/learn_distances.py', '--input_file', '/home/feurerm/thesis/experiments/2014_04_25_predict_distances/testfold_0-3_pfahringer_spearman_rank_perm.pkl', '--fold', '0', '--folds', '1', '--params', '-max_features', '0.478866329934', '-min_samples_leaf', '2', '-min_samples_split', '2', '-n_estimators', '53', '-n_jobs', '4', '-seed', '52']
0.72/0.98	Metafeatures (57, 8)
0.72/0.98	X (3192, 16)
0.72/0.98	Y (3192,)
0.72/0.98	Dataset Mae MSE Rho
1.77/1.42	vehicle 0.320030435908 0.124257232981 0.408860035677
2.90/1.90	anneal.ORIG 0.34527250106 0.148323408165 0.613128448758
4.00/2.38	segment 0.150566252617 0.0302563391642 0.850364232305
5.15/2.88	pendigits 0.253817689055 0.0860240379497 0.724312521701
6.27/3.36	mushroom 0.158209594576 0.0323440109655 0.706212788896
7.40/3.84	labor 0.314141216487 0.139803496269 0.290242143903
8.56/4.32	abalone 0.186398170392 0.0447948362106 0.772470739342
9.69/4.81	diabetes 0.505332757088 0.322356804423 0.208146927254
10.82/5.29	car 0.330803377899 0.155611623514 0.508085356588
11.97/5.77	autos 0.194780344305 0.0504274116266 0.718817959957
13.11/6.91	mfeat-fourier 0.566075303468 0.419367683172 -0.424697301881
14.27/8.20	primary-tumor 0.20639856804 0.0536087062653 0.57628256412
15.41/8.70	waveform-5000 0.174814316962 0.0460699214161 0.723989312187
16.56/9.19	credit-a 0.361633580054 0.185785963298 0.460250348462
17.70/9.68	letter 0.243440402524 0.0790316765084 0.629288924477
18.82/10.16	postoperative-patient-data 0.430381868087 0.236027608784 0.0585009221008
19.92/10.64	vowel 0.404612466283 0.207411504932 0.393345978987
21.06/11.13	eucalyptus 0.418284902224 0.229448142852 -0.0142212186322
22.28/12.05	cylinder-bands 0.314098331105 0.120421478941 0.474148357579
23.37/12.59	ionosphere 0.371687646482 0.16841819024 0.247578488007
24.49/13.07	mfeat-karhunen 0.136112348787 0.0289235087309 0.862646193851
25.65/13.63	balance-scale 0.215569287242 0.0669674253513 0.537174212881
26.76/14.11	mfeat-morphological 0.496927686085 0.331131405961 -0.277960182357
27.90/14.59	liver-disorders 0.235143608715 0.0714169774586 0.680679237261
29.04/15.07	dermatology 0.211478186494 0.0574669497649 0.489339204755
30.20/15.57	vote 0.0723039709948 0.00965129376962 0.784752700888
31.36/16.06	breast-cancer 0.202255615995 0.0496761374953 0.321593466797
32.54/16.56	credit-g 0.595357321812 0.46985585511 -0.542022355597
33.69/17.06	soybean 0.127247265148 0.0258455313326 0.686820218034
34.86/17.55	arrhythmia 0.276520300429 0.105545790266 0.25081058315
35.97/18.04	nursery 0.253190006299 0.0849635145533 0.652236799997
37.18/18.64	hepatitis 0.28884216689 0.111398811154 0.129930224776
38.30/19.13	cmc 0.306162326631 0.123987040681 0.237235783547
39.47/19.62	heart-c 0.192236354062 0.0506554949459 0.880422717141
40.61/20.12	glass 0.332078050832 0.137502214082 0.436332844398
41.76/20.62	braziltourism 0.476551790414 0.299703687004 -0.0500974747272
43.00/21.10	iris 0.300862120087 0.115300428712 0.344864551832
44.03/21.68	heart-statlog 0.228078422092 0.0713855699146 0.847455346676
45.18/22.27	page-blocks 0.35911393279 0.181392604979 0.272788830127
46.37/22.87	breast-w 0.198889455367 0.0560017787238 0.603755372841
47.55/23.47	heart-h 0.137276593328 0.0272561166018 0.721080426557
48.69/24.06	yeast 0.244023733523 0.077455829861 0.723019683644
49.86/24.55	tae 0.388969352493 0.183695724615 0.112800120515
51.00/25.04	haberman 0.263199536375 0.090267877862 0.162897595242
52.13/25.52	mfeat-pixel 0.342860778334 0.143803443697 0.238851831119
53.30/26.02	optdigits 0.117410414961 0.0190663555684 0.833557337558
54.47/26.51	mfeat-factors 0.15732283664 0.0358522442876 0.798327500492
55.69/27.00	satimage 0.247273895976 0.0844013155501 0.489339204755
56.72/27.48	lymph 0.199428621602 0.0597485193211 0.560445297916
57.86/27.96	audiology 0.323315499981 0.133907011741 0.318684581168
59.04/28.55	ecoli 0.414260913836 0.222453024472 0.109891234885
60.15/29.03	tic-tac-toe 0.31338074648 0.153033797954 0.432454330226
61.28/29.51	spambase 0.230471579782 0.0653988552935 0.832587709015
62.41/29.99	zoo 0.0882796756923 0.0106767682995 0.845192880075
63.55/30.48	sonar 0.502325973364 0.314572577103 -0.0950235972245
64.65/30.96	mfeat-zernike 0.279242496063 0.114529746576 0.369105265409
65.84/31.56	kr-vs-kp 0.142499619185 0.0262132920451 0.765360130026
65.97/31.60	MAE 0.283284951042 0.119479698934
65.97/31.60	MSE 0.124401659623 0.124401659623
65.97/31.60	Mean tau 0.443726970832 0.330383928683
65.97/31.60	(0.0, '0_class_probability_max')
65.97/31.60	(1.368421052631579, '1_class_probability_max')
65.97/31.60	(1.6491228070175439, '1_landmark_decision_tree')
65.97/31.60	(3.2280701754385963, '0_landmark_decision_tree')
65.97/31.60	(4.368421052631579, '1_landmark_naive_bayes')
65.97/31.60	(4.508771929824562, '0_landmark_naive_bayes')
65.97/31.60	(6.368421052631579, '1_landmark_lda')
65.97/31.60	(8.842105263157896, '1_number_of_numeric_features')
65.97/31.60	(9.24561403508772, '0_number_of_numeric_features')
65.97/31.60	(9.456140350877194, '1_number_of_features')
65.97/31.60	(10.052631578947368, '0_number_of_features')
65.97/31.60	(10.543859649122806, '0_number_of_categorical_features')
65.97/31.60	(10.649122807017545, '0_landmark_lda')
65.97/31.60	(10.75438596491228, '1_number_of_categorical_features')
65.97/31.60	(14.175438596491228, '1_number_of_classes')
65.97/31.60	(14.789473684210526, '0_number_of_classes')
65.97/31.60	Result for ParamILS: SAT, 30.627634, 1, 0.283285, -1, /home/feurerm/thesis/Software/pyMetaLearn/optimizers/metalearn_optimizer/learn_distances.py
