0.78/1.01	['/home/feurerm/thesis/Software/pyMetaLearn/optimizers/metalearn_optimizer/learn_distances.py', '--input_file', '/home/feurerm/thesis/experiments/2014_04_25_predict_distances/testfold_0-3_pfahringer_spearman_rank_perm.pkl', '--fold', '0', '--folds', '1', '--params', '-max_features', '0.326536264798', '-min_samples_leaf', '3', '-min_samples_split', '10', '-n_estimators', '83', '-n_jobs', '4', '-seed', '73']
0.78/1.02	Metafeatures (57, 8)
0.78/1.02	X (3192, 16)
0.78/1.02	Y (3192,)
0.78/1.02	Dataset Mae MSE Rho
1.78/1.47	vehicle 0.326012873767 0.131374107736 0.523599413278
2.93/2.06	anneal.ORIG 0.282617256432 0.103922229472 0.635753114764
4.07/2.55	segment 0.209391884026 0.0557267525822 0.808670204951
5.25/3.53	pendigits 0.278891980196 0.0984085083993 0.702334274724
6.41/4.78	mushroom 0.172717834242 0.0377411386174 0.681648865804
7.76/5.57	labor 0.3137197614 0.136894883595 0.251780211693
8.96/6.29	abalone 0.254715837735 0.0826086890024 0.651913590482
10.25/7.02	diabetes 0.50302087245 0.324102053878 0.183583004162
11.59/7.73	car 0.341930113871 0.166159637112 0.523599413278
12.76/8.43	autos 0.224191768528 0.0659241462996 0.582423544893
13.99/9.12	mfeat-fourier 0.565839946859 0.414483730232 -0.451523691574
15.19/9.62	primary-tumor 0.223512137757 0.060837553962 0.538790260453
16.33/10.21	waveform-5000 0.182112714889 0.0471678176543 0.752431749451
17.50/10.80	credit-a 0.367790060764 0.190068472579 0.436332844398
18.87/11.40	letter 0.23097317596 0.0738928443045 0.682941703862
19.92/11.99	postoperative-patient-data 0.407148768577 0.206961940618 0.0475117986123
21.11/12.58	vowel 0.440298807963 0.243079526492 0.272788830127
22.39/13.17	eucalyptus 0.411052793612 0.222633602193 -0.00678739980175
23.48/13.76	cylinder-bands 0.332870586928 0.139659638162 0.399163750246
24.69/14.47	ionosphere 0.404974321263 0.202169622859 0.15611019544
25.89/15.06	mfeat-karhunen 0.159074421402 0.0368433689979 0.803822062236
27.04/15.65	balance-scale 0.225958686209 0.0686205584084 0.501944375815
28.21/16.14	mfeat-morphological 0.478170544041 0.300187201383 -0.201036317938
29.39/16.84	liver-disorders 0.276700591879 0.0998521900766 0.555273945686
30.57/17.45	dermatology 0.201872891452 0.0540703027703 0.514226337361
31.78/18.05	vote 0.0650080224712 0.00694567285968 0.812871928638
33.04/18.76	breast-cancer 0.198889358243 0.0495250007749 0.319007790682
34.18/19.36	credit-g 0.548140659993 0.401013343417 -0.587271687609
35.39/20.08	soybean 0.130276997568 0.0272507529912 0.694900455893
36.59/20.79	arrhythmia 0.275155665643 0.10386417681 0.221398517343
37.78/21.39	nursery 0.268397342503 0.0909709892368 0.60440179187
39.05/22.12	hepatitis 0.311578662825 0.141115735019 -0.0620562267589
40.29/22.83	cmc 0.327874680735 0.131433139617 0.201359527452
41.47/23.56	heart-c 0.253621760616 0.0858984004092 0.807700576408
42.74/24.27	glass 0.357202230644 0.154864599327 0.343571713774
43.85/24.97	braziltourism 0.446415795951 0.256370767003 0.0769238644198
45.05/25.68	iris 0.308036600931 0.123479268775 0.288302886817
46.22/26.29	heart-statlog 0.2536384051 0.0857458161598 0.796065033891
47.42/26.89	page-blocks 0.305661268884 0.128680037149 0.403365473933
48.76/27.60	breast-w 0.219290278048 0.0640532515189 0.500651537758
49.86/28.23	heart-h 0.164870791766 0.0366804975747 0.681648865804
51.07/28.93	yeast 0.275915846844 0.0981419299618 0.644802981166
52.27/29.52	tae 0.342869845301 0.145622840948 0.1102144444
53.45/30.12	haberman 0.246762190516 0.0805134647012 0.161604757185
54.74/30.72	mfeat-pixel 0.324472458734 0.126443376238 0.268587106441
55.82/31.21	optdigits 0.169620794344 0.0381446083569 0.78636874846
56.97/31.71	mfeat-factors 0.193454182501 0.0524189269178 0.750492492365
58.12/32.20	satimage 0.273733633436 0.102013950297 0.396254864616
59.32/32.81	lymph 0.188114394884 0.0516832822698 0.65546889514
60.52/33.43	audiology 0.330561221719 0.142050466096 0.301231267392
61.83/34.03	ecoli 0.402357805555 0.207230886232 0.133808738949
62.93/34.53	tic-tac-toe 0.305912971869 0.139726123636 0.55042580297
64.14/35.13	spambase 0.213248106296 0.0579962938957 0.867171127052
65.31/35.84	zoo 0.106241998889 0.0151225255793 0.798004290977
66.47/36.43	sonar 0.502748287575 0.319350162115 -0.131223062834
67.66/36.93	mfeat-zernike 0.255439048735 0.0915675761829 0.537497422396
68.82/37.43	kr-vs-kp 0.172385177876 0.0379965918651 0.7197875885
68.82/37.48	MAE 0.290411528407 0.108395396696
68.82/37.48	MSE 0.125566753883 0.125566753883
68.82/37.48	Mean tau 0.424572554349 0.323869043702
68.82/37.48	(0.08771929824561403, '1_class_probability_max')
68.82/37.48	(1.456140350877193, '1_landmark_decision_tree')
68.82/37.48	(2.0701754385964914, '0_landmark_decision_tree')
68.82/37.48	(2.43859649122807, '0_class_probability_max')
68.82/37.48	(4.0, '0_landmark_naive_bayes')
68.82/37.48	(5.052631578947368, '1_landmark_naive_bayes')
68.82/37.48	(6.456140350877193, '0_landmark_lda')
68.82/37.48	(6.947368421052632, '1_landmark_lda')
68.82/37.48	(8.596491228070175, '0_number_of_categorical_features')
68.82/37.48	(9.614035087719298, '1_number_of_features')
68.82/37.48	(10.017543859649123, '0_number_of_numeric_features')
68.82/37.48	(11.017543859649123, '0_number_of_features')
68.82/37.48	(11.456140350877194, '1_number_of_numeric_features')
68.82/37.48	(11.912280701754385, '1_number_of_categorical_features')
68.82/37.48	(14.298245614035087, '0_number_of_classes')
68.82/37.48	(14.578947368421053, '1_number_of_classes')
68.82/37.48	Result for ParamILS: SAT, 36.463057, 1, 0.290412, -1, /home/feurerm/thesis/Software/pyMetaLearn/optimizers/metalearn_optimizer/learn_distances.py
