0.67/0.87	['/home/feurerm/thesis/Software/pyMetaLearn/optimizers/metalearn_optimizer/learn_distances.py', '--input_file', '/home/feurerm/thesis/experiments/2014_04_25_predict_distances/testfold_0-3_pfahringer_spearman_rank_perm.pkl', '--fold', '0', '--folds', '1', '--params', '-max_features', '0.197170663967', '-min_samples_leaf', '5', '-min_samples_split', '1', '-n_estimators', '15', '-n_jobs', '4', '-seed', '93']
0.67/0.87	Metafeatures (57, 8)
0.67/0.87	X (3192, 16)
0.67/0.87	Y (3192,)
0.67/0.87	Dataset Mae MSE Rho
0.90/1.12	vehicle 0.342755603586 0.145824120558 0.428252606539
1.12/1.36	anneal.ORIG 0.286006395002 0.108468229178 0.435040006341
1.33/1.61	segment 0.251947093368 0.0816135745166 0.683588122891
1.55/1.86	pendigits 0.329243498849 0.1334673316 0.593412668382
1.76/2.11	mushroom 0.183068576652 0.0438035255451 0.663872342514
1.98/2.36	labor 0.300173280032 0.125433845329 0.331612961743
2.19/2.61	abalone 0.320061741609 0.130407275453 0.514226337361
2.43/2.86	diabetes 0.50408110101 0.333911577061 0.105689511199
2.65/3.11	car 0.351090678626 0.156940752225 0.261012678926
2.86/3.36	autos 0.254800364094 0.0833357182066 0.508731775617
3.08/3.61	mfeat-fourier 0.546041251407 0.38584171186 -0.37136773201
3.31/3.87	primary-tumor 0.228523788762 0.067519321074 0.534588536766
3.53/4.12	waveform-5000 0.241786962825 0.0782576346296 0.539436679482
3.73/4.37	credit-a 0.363048394856 0.184185014576 0.433747168283
3.96/4.62	letter 0.234758746422 0.0802411716097 0.597614392068
4.16/4.88	postoperative-patient-data 0.38444137274 0.180101392339 0.175179556788
4.39/5.13	vowel 0.481308425719 0.28735580106 0.0520367318134
4.61/5.38	eucalyptus 0.386938318147 0.193138792978 0.0733685597618
4.84/5.63	cylinder-bands 0.335398008439 0.143452887179 0.390760302872
5.05/5.88	ionosphere 0.410203731192 0.206345507791 0.111830491972
5.27/6.13	mfeat-karhunen 0.219436923848 0.0658079830752 0.685850589491
5.48/6.38	balance-scale 0.231044693588 0.0722066164219 0.465744910206
5.71/6.63	mfeat-morphological 0.460362219943 0.289506227736 -0.0536527793853
5.92/6.88	liver-disorders 0.291661490063 0.118546961496 0.224630612486
6.14/7.13	dermatology 0.190883669178 0.0476921696348 0.534588536766
6.38/7.38	vote 0.0768303655254 0.00947988036771 0.790247262632
6.60/7.64	breast-cancer 0.258518279595 0.0878505971353 0.0685204170462
6.83/7.90	credit-g 0.612104213273 0.498613799177 -0.501621166301
7.06/8.15	soybean 0.145109186999 0.034306818488 0.663872342514
7.27/8.40	arrhythmia 0.30418484951 0.129621669869 0.0969628543107
7.51/8.66	nursery 0.294868142234 0.108713592705 0.480935757381
7.73/8.91	hepatitis 0.341102968174 0.168538632123 -0.134455157978
7.93/9.16	cmc 0.324463461907 0.125272407693 0.190370403963
8.16/9.41	heart-c 0.290209199404 0.110138187708 0.718171540928
8.39/9.66	glass 0.371346293297 0.170500355864 0.209439765311
8.61/9.92	braziltourism 0.487836512682 0.306281772392 -0.0413708178392
8.82/10.17	iris 0.31086105914 0.132080256764 0.164513642814
9.05/10.42	heart-statlog 0.290150350268 0.112500287037 0.639631628936
9.26/10.67	page-blocks 0.331270431864 0.156791484389 0.350035904062
9.49/10.93	breast-w 0.213341467084 0.0661782975188 0.497742652128
9.71/11.18	heart-h 0.189561166091 0.0481228483271 0.568202326261
9.93/11.43	yeast 0.335793004071 0.139255815021 0.501944375815
10.13/11.68	tae 0.310830544317 0.124091183037 0.12281961546
10.37/11.94	haberman 0.262379966886 0.0942058751312 0.121374936144
10.59/12.19	mfeat-pixel 0.312298268316 0.122457368452 0.324179142912
10.80/12.44	optdigits 0.207124756403 0.0558928050939 0.713323398212
11.05/12.70	mfeat-factors 0.225728338551 0.0678765975298 0.653529638054
11.25/12.95	satimage 0.30431590936 0.120083607445 0.261476497125
11.50/13.21	lymph 0.15619747083 0.0356420424532 0.707182417439
11.69/13.46	audiology 0.32121132744 0.145389808985 0.406920778591
11.90/13.71	ecoli 0.412006793213 0.217481253771 0.0639954838451
12.13/13.96	tic-tac-toe 0.332379370484 0.156020674772 0.416293854507
12.37/14.22	spambase 0.218001302617 0.0620818686257 0.767945806141
12.56/14.47	zoo 0.113717151614 0.0177381762101 0.798650710006
12.78/14.72	sonar 0.476292648527 0.289297713973 -0.0200389898909
13.01/14.97	mfeat-zernike 0.256532233348 0.0909712192931 0.553540820632
13.22/15.23	kr-vs-kp 0.19275889729 0.0471106157964 0.677447142118
13.22/15.24	MAE 0.305410390531 0.104749293361
13.22/15.24	MSE 0.136736713268 0.136736713268
13.22/15.24	Mean tau 0.364062816704 0.290662201689
13.22/15.24	(0.42105263157894735, '0_class_probability_max')
13.22/15.24	(1.6491228070175439, '1_class_probability_max')
13.22/15.24	(2.2982456140350878, '1_landmark_naive_bayes')
13.22/15.24	(3.087719298245614, '0_landmark_decision_tree')
13.22/15.24	(4.157894736842105, '1_landmark_decision_tree')
13.22/15.24	(4.842105263157895, '0_landmark_naive_bayes')
13.22/15.24	(7.0701754385964914, '1_number_of_features')
13.22/15.24	(8.175438596491228, '0_number_of_features')
13.22/15.24	(8.75438596491228, '0_landmark_lda')
13.22/15.24	(9.017543859649123, '1_number_of_categorical_features')
13.22/15.24	(9.350877192982455, '1_landmark_lda')
13.22/15.24	(10.385964912280702, '0_number_of_categorical_features')
13.22/15.24	(10.964912280701755, '1_number_of_numeric_features')
13.22/15.24	(11.842105263157896, '0_number_of_numeric_features')
13.22/15.24	(13.701754385964913, '1_number_of_classes')
13.22/15.24	(14.280701754385966, '0_number_of_classes')
13.22/15.24	Result for ParamILS: SAT, 14.372776, 1, 0.305410, -1, /home/feurerm/thesis/Software/pyMetaLearn/optimizers/metalearn_optimizer/learn_distances.py
