0.78/1.99	['/home/feurerm/thesis/Software/pyMetaLearn/optimizers/metalearn_optimizer/learn_distances.py', '--input_file', '/home/feurerm/thesis/experiments/2014_04_25_predict_distances/testfold_0-3_pfahringer_spearman_rank_perm.pkl', '--fold', '0', '--folds', '1', '--params', '-max_features', '0.484044043937', '-min_samples_leaf', '3', '-min_samples_split', '7', '-n_estimators', '52', '-n_jobs', '4', '-seed', '7']
0.78/1.99	Metafeatures (57, 8)
0.78/1.99	X (3192, 16)
0.78/1.99	Y (3192,)
0.78/1.99	Dataset Mae MSE Rho
1.68/2.75	vehicle 0.32287436873 0.125298481161 0.482875014467
2.70/3.28	anneal.ORIG 0.321143534226 0.134173696894 0.536204584338
3.72/3.79	segment 0.171573378943 0.038157871684 0.848101765704
4.74/4.40	pendigits 0.264181757357 0.0896010669833 0.708152045983
5.77/5.08	mushroom 0.159106704959 0.0320943344743 0.723019683644
6.79/5.86	labor 0.32811069427 0.146095994447 0.274728087214
7.81/6.34	abalone 0.231983635641 0.0697581804628 0.678093561146
8.82/6.87	diabetes 0.515764506804 0.336654848716 0.18422942319
9.82/7.60	car 0.331703778026 0.151493800655 0.467037748263
10.84/8.11	autos 0.199695398033 0.0521374089791 0.711384141126
11.85/8.77	mfeat-fourier 0.570512643362 0.421088635103 -0.423727673338
12.96/9.30	primary-tumor 0.225348308448 0.065234040241 0.506146099502
13.88/9.82	waveform-5000 0.182344461963 0.0485042311917 0.734978435675
14.91/10.32	credit-a 0.367777949641 0.188942463139 0.446029129829
15.92/10.80	letter 0.220417452636 0.0692122898589 0.704596741325
16.96/11.28	postoperative-patient-data 0.418101378715 0.224935315365 0.0772470739342
17.96/11.82	vowel 0.41938576896 0.220158260379 0.345187761346
18.98/12.59	eucalyptus 0.421519450117 0.232964860784 -0.0720757217043
19.99/13.29	cylinder-bands 0.311921483598 0.127404791059 0.543638403169
21.00/13.78	ionosphere 0.395743996208 0.192085434768 0.138656881664
22.01/14.27	mfeat-karhunen 0.139485718479 0.0286926781428 0.840021527845
22.97/14.75	balance-scale 0.224704677194 0.0697841127903 0.492571299898
23.98/15.29	mfeat-morphological 0.482017572473 0.305854399004 -0.220105679285
24.97/15.91	liver-disorders 0.278424588737 0.103380935258 0.616360543902
25.97/16.43	dermatology 0.205796851452 0.0554461149689 0.506146099502
26.95/16.97	vote 0.0742467074988 0.00997733995396 0.771501110799
28.00/17.47	breast-cancer 0.175925560661 0.0412530665518 0.336461104458
29.03/17.96	credit-g 0.611194081258 0.502879922504 -0.578868240235
30.00/18.47	soybean 0.121640544575 0.0242154817135 0.696193293951
31.02/19.11	arrhythmia 0.277567162612 0.103667829992 0.269233525469
32.05/19.71	nursery 0.265512129987 0.0905299140509 0.593412668382
33.05/20.21	hepatitis 0.313441589078 0.137220016277 -0.0759542358767
34.09/20.70	cmc 0.28998966232 0.108903799134 0.247578488007
35.03/21.31	heart-c 0.222651081086 0.0670745427828 0.849394603762
36.05/21.84	glass 0.336667544299 0.138211944973 0.438918520513
37.05/22.33	braziltourism 0.468254178176 0.285652052062 -0.0190693613478
38.04/22.95	iris 0.29412422075 0.108831959751 0.387204998214
39.01/23.45	heart-statlog 0.252139189254 0.0864185196538 0.785399119917
40.05/26.20	page-blocks 0.363694735315 0.184685435158 0.296059915162
41.06/26.69	breast-w 0.193445405219 0.0541086896903 0.573696888005
42.09/27.32	heart-h 0.143852146178 0.0287703951031 0.719464378986
43.11/27.81	yeast 0.249409645174 0.0786142962388 0.716878702871
44.09/28.55	tae 0.370832815452 0.166378576767 0.116678634687
45.13/29.04	haberman 0.244983167946 0.0775210880379 0.214611117541
46.10/29.59	mfeat-pixel 0.336898094086 0.137760921304 0.246285649949
47.09/30.08	optdigits 0.147641228631 0.0288698315073 0.807700576408
48.15/30.60	mfeat-factors 0.165901763273 0.0402673652493 0.76051198731
49.12/31.20	satimage 0.248090173356 0.0843493446306 0.519720899105
50.17/31.69	lymph 0.180813530736 0.0491926823466 0.607957096528
51.19/32.17	audiology 0.348575849806 0.163827009446 0.213318279484
52.19/32.70	ecoli 0.397945944081 0.20223361478 0.157726243012
53.17/33.22	tic-tac-toe 0.321875042584 0.152793185224 0.52521546085
54.21/33.70	spambase 0.227865085469 0.0605024666224 0.879453088598
55.12/34.18	zoo 0.0929652892385 0.0118616521968 0.849071394247
56.12/34.71	sonar 0.500223149294 0.315829940899 -0.130899853319
57.17/35.20	mfeat-zernike 0.251959720584 0.0889922272422 0.489662414269
58.08/35.68	kr-vs-kp 0.154799332559 0.0310214568321 0.769238644198
58.19/35.71	MAE 0.286925716307 0.117754809969
58.19/35.71	MSE 0.126167909038 0.126167909038
58.19/35.71	Mean tau 0.436548317408 0.331757072816
58.19/35.71	(0.0, '0_class_probability_max')
58.19/35.71	(1.105263157894737, '1_class_probability_max')
58.19/35.71	(2.1403508771929824, '1_landmark_decision_tree')
58.19/35.71	(3.263157894736842, '0_landmark_decision_tree')
58.19/35.71	(3.6842105263157894, '1_landmark_naive_bayes')
58.19/35.71	(5.228070175438597, '0_landmark_naive_bayes')
58.19/35.71	(5.719298245614035, '1_landmark_lda')
58.19/35.71	(8.087719298245615, '0_landmark_lda')
58.19/35.71	(8.508771929824562, '0_number_of_numeric_features')
58.19/35.71	(8.701754385964913, '1_number_of_numeric_features')
58.19/35.71	(10.263157894736842, '1_number_of_categorical_features')
58.19/35.71	(11.263157894736842, '1_number_of_features')
58.19/35.71	(11.31578947368421, '0_number_of_features')
58.19/35.71	(11.736842105263158, '0_number_of_categorical_features')
58.19/35.71	(14.368421052631579, '1_number_of_classes')
58.19/35.71	(14.614035087719298, '0_number_of_classes')
58.19/35.71	Result for ParamILS: SAT, 33.729498, 1, 0.286926, -1, /home/feurerm/thesis/Software/pyMetaLearn/optimizers/metalearn_optimizer/learn_distances.py
