0.68/0.89	['/home/feurerm/thesis/Software/pyMetaLearn/optimizers/metalearn_optimizer/learn_distances.py', '--input_file', '/home/feurerm/thesis/experiments/2014_04_25_predict_distances/testfold_0-3_pfahringer_spearman_rank_perm.pkl', '--fold', '0', '--folds', '1', '--params', '-max_features', '0.755614845452', '-min_samples_leaf', '7', '-min_samples_split', '6', '-n_estimators', '16', '-n_jobs', '4', '-seed', '10']
0.68/0.90	Metafeatures (57, 8)
0.68/0.90	X (3192, 16)
0.68/0.90	Y (3192,)
0.68/0.90	Dataset Mae MSE Rho
1.16/1.24	vehicle 0.343252685093 0.142344273846 0.395285236073
1.63/1.59	anneal.ORIG 0.451047407136 0.256324867619 0.139821859833
2.08/1.94	segment 0.226523737392 0.0667615605494 0.727867826359
2.56/2.30	pendigits 0.273726150526 0.0957822379373 0.673245418431
2.99/2.65	mushroom 0.188410869116 0.0469532695584 0.655792104655
3.44/3.00	labor 0.293494096404 0.122897138191 0.266001430326
3.91/3.36	abalone 0.278805540284 0.0986877961435 0.624006163054
4.40/3.73	diabetes 0.497237491123 0.322594495416 0.160635128641
4.88/4.08	car 0.365249417252 0.172694143188 0.223696974125
5.36/4.44	autos 0.171439142469 0.0440537426897 0.672922208916
5.83/4.79	mfeat-fourier 0.568191253 0.425985328576 -0.400650421707
6.32/5.15	primary-tumor 0.222722507606 0.0631737274117 0.515075794264
6.82/5.50	waveform-5000 0.187161104825 0.0495151927505 0.687143427549
7.23/5.86	credit-a 0.345739307717 0.176979854403 0.451523691574
7.70/6.21	letter 0.266947184442 0.0947129841605 0.523564166473
8.16/6.56	postoperative-patient-data 0.455890273361 0.273583838521 -0.028610947041
8.62/6.92	vowel 0.411039873081 0.213906300571 0.36619637978
9.07/7.27	eucalyptus 0.454107781245 0.274505802869 -0.108768751032
9.52/7.62	cylinder-bands 0.335963962475 0.141599365722 0.359408979978
10.01/7.97	ionosphere 0.454802564266 0.245819517285 -0.0656115314169
10.46/8.32	mfeat-karhunen 0.165704863219 0.0412810924039 0.761158406339
10.92/8.68	balance-scale 0.238499473577 0.0747375607797 0.438272101484
11.39/9.04	mfeat-morphological 0.448585136822 0.272451330702 -0.0911450830521
11.85/9.39	liver-disorders 0.321779425057 0.136171230966 0.165186638408
12.33/9.75	dermatology 0.196870097972 0.0501638558403 0.515195965904
12.82/10.11	vote 0.0809117447167 0.0102472635976 0.782167024773
13.29/10.46	breast-cancer 0.15340975123 0.0329890306984 0.33955890924
13.75/10.81	credit-g 0.754686243786 0.764610521031 -0.67766325866
14.22/11.16	soybean 0.123638100912 0.026083111925 0.692637989293
14.66/11.51	arrhythmia 0.268379879405 0.0961004287841 0.19974347988
15.12/11.86	nursery 0.279794121619 0.100085657107 0.572934951574
15.58/12.21	hepatitis 0.243741263282 0.0899275396579 0.493742250228
16.04/12.47	cmc 0.255231286893 0.0887724921808 0.34556656841
16.47/12.82	heart-c 0.229348109922 0.0720623090832 0.755563017943
16.94/13.17	glass 0.321718846157 0.128290010715 0.458384840043
17.38/13.52	braziltourism 0.482632210283 0.300744932506 0.0987484500456
17.83/13.87	iris 0.292968973211 0.118014921327 0.247578488007
18.29/14.23	heart-statlog 0.24612503179 0.0831864191897 0.755017425566
18.77/14.58	page-blocks 0.464692675231 0.284035663508 0.00355587675633
19.24/14.94	breast-w 0.221586638325 0.0675939910519 0.503116080183
19.72/15.35	heart-h 0.163837740111 0.0374769142156 0.681972075319
20.21/16.00	yeast 0.272195810363 0.0965096933511 0.615390915359
20.63/16.35	tae 0.363083085044 0.162250078521 0.215580746084
21.14/16.70	haberman 0.279188064587 0.101070090202 0.0286063431392
21.57/17.05	mfeat-pixel 0.346559031299 0.150341037992 0.194895337165
22.05/17.41	optdigits 0.200529168395 0.0528336145729 0.712030560155
22.53/17.77	mfeat-factors 0.210825754181 0.0618503815212 0.684880960948
22.99/18.12	satimage 0.262673757252 0.0957378538013 0.407503940623
23.46/18.47	lymph 0.252111232563 0.0967627853585 0.318684581168
23.93/18.82	audiology 0.310804484475 0.120789552114 0.352678321923
24.39/19.19	ecoli 0.416824669604 0.218610455141 0.0631925433189
24.88/19.54	tic-tac-toe 0.385069344001 0.224567368573 0.158398146418
25.39/19.90	spambase 0.202821868326 0.051635447806 0.800266757578
25.83/20.25	zoo 0.122772914404 0.0213169864089 0.785075910402
26.29/20.60	sonar 0.510128665405 0.322420783066 -0.226569869573
26.74/20.96	mfeat-zernike 0.242321160222 0.0789330381303 0.478996500295
27.22/21.32	kr-vs-kp 0.182320740873 0.0432607387568 0.708693868167
27.22/21.32	MAE 0.303616205497 0.12542432312
27.22/21.32	MSE 0.142154238947 0.142154238947
27.22/21.32	Mean tau 0.371546366661 0.321082872863
27.22/21.32	(0.2807017543859649, '0_class_probability_max')
27.22/21.32	(0.7192982456140351, '1_class_probability_max')
27.22/21.32	(3.1403508771929824, '0_landmark_naive_bayes')
27.22/21.32	(3.6491228070175437, '1_landmark_naive_bayes')
27.22/21.32	(3.6666666666666665, '1_landmark_decision_tree')
27.22/21.32	(5.7368421052631575, '1_number_of_numeric_features')
27.22/21.32	(7.2105263157894735, '0_number_of_numeric_features')
27.22/21.32	(7.964912280701754, '0_number_of_categorical_features')
27.22/21.32	(8.105263157894736, '0_landmark_lda')
27.22/21.32	(8.666666666666666, '0_number_of_features')
27.22/21.32	(9.526315789473685, '1_number_of_categorical_features')
27.22/21.32	(9.631578947368421, '1_number_of_features')
27.22/21.32	(11.105263157894736, '0_landmark_decision_tree')
27.22/21.32	(11.701754385964913, '1_landmark_lda')
27.22/21.32	(14.31578947368421, '1_number_of_classes')
27.22/21.32	(14.578947368421053, '0_number_of_classes')
27.22/21.32	Result for ParamILS: SAT, 20.435312, 1, 0.303616, -1, /home/feurerm/thesis/Software/pyMetaLearn/optimizers/metalearn_optimizer/learn_distances.py
