0.72/1.12	['/home/feurerm/thesis/Software/pyMetaLearn/optimizers/metalearn_optimizer/learn_distances.py', '--input_file', '/home/feurerm/thesis/experiments/2014_04_25_predict_distances/testfold_0-3_pfahringer_spearman_rank_perm.pkl', '--fold', '0', '--folds', '1', '--params', '-max_features', '0.576873826701', '-min_samples_leaf', '3', '-min_samples_split', '6', '-n_estimators', '73', '-n_jobs', '4', '-seed', '98']
0.72/1.13	Metafeatures (57, 8)
0.72/1.13	X (3192, 16)
0.72/1.13	Y (3192,)
0.72/1.13	Dataset Mae MSE Rho
2.25/1.78	vehicle 0.349018283547 0.146568617407 0.365549960751
3.97/2.47	anneal.ORIG 0.39231536034 0.188333607583 0.531033232108
5.62/3.18	segment 0.170091869538 0.0371211009395 0.847132137161
7.28/3.86	pendigits 0.250081060258 0.0808395183413 0.727867826359
8.96/4.56	mushroom 0.15906540371 0.032067669552 0.713000188698
10.63/5.26	labor 0.299900706818 0.126602819791 0.259860449553
12.32/6.05	abalone 0.204850701724 0.0534444327473 0.751138911394
14.08/6.77	diabetes 0.505724674446 0.322801746495 0.219136050742
15.81/7.49	car 0.348872148638 0.159786701355 0.344864551832
17.48/8.68	autos 0.198443467075 0.0510807673516 0.754371006537
19.20/10.09	mfeat-fourier 0.572426673875 0.425611696699 -0.427282977996
20.89/10.89	primary-tumor 0.204950535552 0.0522116630584 0.578545030721
22.60/11.59	waveform-5000 0.163042810707 0.0411200025959 0.751138911394
24.44/12.30	credit-a 0.355784009173 0.175933283668 0.477380452723
26.05/13.10	letter 0.218137031436 0.0657208008208 0.675184675517
27.80/13.91	postoperative-patient-data 0.437218026128 0.247756463913 0.0326441609513
29.51/14.61	vowel 0.411817400922 0.212640550589 0.379771179384
31.30/15.32	eucalyptus 0.426827567867 0.236472129003 -0.054299198414
32.90/16.02	cylinder-bands 0.329287638188 0.137393016853 0.410476083249
34.87/16.72	ionosphere 0.389690004695 0.181791272884 0.179704489989
36.67/17.52	mfeat-karhunen 0.128466014662 0.0266141270964 0.848101765704
38.37/18.23	balance-scale 0.238002876097 0.0752124526621 0.445059501286
40.03/18.93	mfeat-morphological 0.478437404937 0.303330160398 -0.211702231912
41.76/19.72	liver-disorders 0.264280496473 0.0913906375456 0.680679237261
43.43/20.42	dermatology 0.210014526094 0.0572081888539 0.496126604556
45.11/21.12	vote 0.0724069949575 0.00934391826678 0.778611720115
46.89/21.92	breast-cancer 0.168326482046 0.0361969398284 0.360378608521
48.52/22.61	credit-g 0.646893350798 0.550138271441 -0.674861466003
50.21/23.33	soybean 0.119782829016 0.0234034547036 0.69910217958
51.96/24.12	arrhythmia 0.25313687482 0.0896209600488 0.329673704656
53.60/24.82	nursery 0.251651482547 0.0808041671165 0.663225923485
55.29/25.53	hepatitis 0.26932037968 0.0939887804247 0.293797448561
57.01/26.24	cmc 0.301822494831 0.11944654723 0.259860449553
58.71/27.05	heart-c 0.201958088263 0.0573319253669 0.860060517736
60.48/27.76	glass 0.36742083965 0.162507090767 0.305756200593
62.33/28.57	braziltourism 0.448000709537 0.259514181552 0.0174533137759
64.00/29.28	iris 0.282107861192 0.103223636332 0.391083512387
65.66/29.98	heart-statlog 0.216008883772 0.0647298633724 0.823214633098
67.43/30.78	page-blocks 0.36329230188 0.180473328774 0.196834594251
69.09/31.49	breast-w 0.204176865658 0.0577873239873 0.56884874529
70.80/32.20	heart-h 0.13413434499 0.0266436370217 0.738210530819
72.58/32.91	yeast 0.24209153792 0.0729753196307 0.755663844595
74.21/33.64	tae 0.377458957053 0.169226778386 0.182936585133
75.96/34.46	haberman 0.261182413753 0.0887275650641 0.161927966699
77.66/35.18	mfeat-pixel 0.349281710237 0.147525050319 0.239175040633
79.50/35.90	optdigits 0.133159588649 0.0235965406857 0.825153890184
81.07/36.59	mfeat-factors 0.162021679843 0.0385907242853 0.785722329431
82.81/37.38	satimage 0.24782810795 0.0858296062682 0.518751270562
84.47/38.07	lymph 0.19127115853 0.0546674166349 0.560122088402
86.33/38.90	audiology 0.321002789491 0.138050985693 0.364257122694
87.94/39.60	ecoli 0.411178843977 0.21548023626 0.150292424182
89.62/40.29	tic-tac-toe 0.302552864116 0.136980113094 0.587271687609
91.28/40.90	spambase 0.224553643528 0.0602344222455 0.871049641225
92.94/41.59	zoo 0.0885400131428 0.0110877089262 0.865231869966
94.65/42.39	sonar 0.504356855323 0.318374209931 -0.100841368483
96.34/43.18	mfeat-zernike 0.226709878654 0.0705328622014 0.577252192663
98.05/43.88	kr-vs-kp 0.143568678586 0.0262635751353 0.780227767687
98.18/43.92	MAE 0.284104319251 0.123084831649
98.18/43.92	MSE 0.124602641565 0.124602641565
98.18/43.92	Mean tau 0.447560122266 0.334826132549
98.18/43.92	(0.05263157894736842, '1_class_probability_max')
98.18/43.92	(0.9473684210526315, '0_class_probability_max')
98.18/43.92	(2.4210526315789473, '1_landmark_decision_tree')
98.18/43.92	(3.1052631578947367, '0_landmark_decision_tree')
98.18/43.92	(3.8947368421052633, '0_landmark_naive_bayes')
98.18/43.92	(4.578947368421052, '1_landmark_naive_bayes')
98.18/43.92	(7.491228070175438, '0_number_of_numeric_features')
98.18/43.92	(7.912280701754386, '1_number_of_numeric_features')
98.18/43.92	(8.280701754385966, '0_landmark_lda')
98.18/43.92	(8.614035087719298, '0_number_of_categorical_features')
98.18/43.92	(10.280701754385966, '1_number_of_categorical_features')
98.18/43.92	(10.508771929824562, '0_number_of_features')
98.18/43.92	(10.824561403508772, '1_number_of_features')
98.18/43.92	(12.087719298245615, '1_landmark_lda')
98.18/43.92	(14.473684210526315, '0_number_of_classes')
98.18/43.92	(14.526315789473685, '1_number_of_classes')
98.18/43.92	Result for ParamILS: SAT, 42.805047, 1, 0.284104, -1, /home/feurerm/thesis/Software/pyMetaLearn/optimizers/metalearn_optimizer/learn_distances.py
