0.68/0.87	['/home/feurerm/thesis/Software/pyMetaLearn/optimizers/metalearn_optimizer/learn_distances.py', '--input_file', '/home/feurerm/thesis/experiments/2014_04_25_predict_distances/testfold_0-3_pfahringer_spearman_rank_perm.pkl', '--fold', '0', '--folds', '1', '--params', '-max_features', '0.234452253319', '-min_samples_leaf', '5', '-min_samples_split', '3', '-n_estimators', '85', '-n_jobs', '4', '-seed', '12']
0.68/0.87	Metafeatures (57, 8)
0.68/0.87	X (3192, 16)
0.68/0.87	Y (3192,)
0.68/0.87	Dataset Mae MSE Rho
1.45/1.42	vehicle 0.35341850841 0.156429015225 0.364903541723
2.31/2.01	anneal.ORIG 0.264796692296 0.094719946521 0.643186933594
3.18/2.52	segment 0.25649733262 0.0829167165781 0.745321140135
4.04/3.02	pendigits 0.320692045615 0.125451524984 0.638015581365
4.92/3.62	mushroom 0.198039740026 0.0481860162294 0.651590380968
5.81/4.23	labor 0.308474995605 0.128076275618 0.36102502755
6.71/4.73	abalone 0.318321489698 0.128964770618 0.543638403169
7.60/5.22	diabetes 0.479815959376 0.312104127458 0.035876256095
8.48/5.73	car 0.343201315189 0.163811821516 0.420495578194
9.34/6.33	autos 0.238597801679 0.0750894136729 0.584039592465
10.22/6.94	mfeat-fourier 0.544028720653 0.381964956134 -0.452170110602
11.15/7.56	primary-tumor 0.237089481783 0.0690067795949 0.53555816531
12.06/8.18	waveform-5000 0.236276200157 0.0770298949944 0.627996086419
13.06/8.78	credit-a 0.378822753663 0.198419336103 0.370398103467
13.84/9.38	letter 0.232470418877 0.0778981579984 0.675184675517
14.84/9.98	postoperative-patient-data 0.407353637906 0.200763217892 -0.0261799706639
15.65/10.58	vowel 0.463059153489 0.266234296475 0.172917090187
16.56/11.12	eucalyptus 0.394313873581 0.207462294514 0.0546224079284
17.42/11.62	cylinder-bands 0.349290169166 0.156494002413 0.327088028541
18.30/12.12	ionosphere 0.425904020036 0.22616072358 0.0310281133794
19.17/12.72	mfeat-karhunen 0.19849277957 0.0540765838894 0.784106281859
20.04/13.23	balance-scale 0.228736686057 0.0749635080134 0.501621166301
20.91/13.83	mfeat-morphological 0.483033646583 0.312073944177 -0.224630612486
21.79/14.43	liver-disorders 0.305378069703 0.125179528436 0.351328742119
22.69/15.04	dermatology 0.189795997101 0.0474728018585 0.568202326261
23.60/15.55	vote 0.0712754491533 0.00841121840027 0.826446728242
24.50/16.05	breast-cancer 0.210758500933 0.0588026086688 0.318038162139
25.38/16.56	credit-g 0.546773237624 0.39613783652 -0.568525535775
26.27/17.07	soybean 0.121562002802 0.0234449277108 0.773117158371
27.20/17.66	arrhythmia 0.274640327182 0.104455879204 0.1102144444
28.04/18.15	nursery 0.302373913035 0.113061092698 0.521013737163
28.97/18.76	hepatitis 0.371685133946 0.199424970295 -0.511963870761
29.81/19.26	cmc 0.313705375487 0.116001972112 0.251133792665
30.71/19.78	heart-c 0.269927596926 0.0933725184271 0.781843815259
31.58/20.29	glass 0.350239905149 0.146824752558 0.424697301881
32.46/20.80	braziltourism 0.502200207479 0.325949141975 -0.0591473411295
33.44/21.40	iris 0.3026850185 0.119790036691 0.288302886817
34.28/22.00	heart-statlog 0.285970105334 0.108787690306 0.772470739342
35.08/22.59	page-blocks 0.321522171675 0.14504701271 0.401103007332
36.09/23.18	breast-w 0.222953768875 0.0694992200418 0.493864137956
36.86/23.68	heart-h 0.2020934575 0.0508475721236 0.604078582356
37.75/24.17	yeast 0.323065014566 0.131065479108 0.544931241226
38.60/24.68	tae 0.304994108033 0.115700213763 0.169038576015
39.49/25.19	haberman 0.252497467282 0.0883691348669 0.292827820018
40.37/25.79	mfeat-pixel 0.339223133689 0.14110135208 0.214287908027
41.33/26.40	optdigits 0.203996517112 0.0534090125634 0.764390501483
42.14/26.91	mfeat-factors 0.216437001261 0.0644544365448 0.734008807132
43.11/27.41	satimage 0.293653653856 0.111921684579 0.311897181366
43.88/28.01	lymph 0.180503883203 0.0488023406861 0.654176057083
44.80/28.62	audiology 0.334777677486 0.145245457801 0.297999172248
45.63/29.12	ecoli 0.419821196081 0.224787640379 0.0536527793853
46.56/29.72	tic-tac-toe 0.287221735254 0.12218779873 0.590826992267
47.42/30.24	spambase 0.213454527305 0.0603517572078 0.799943548063
48.38/30.75	zoo 0.124647457569 0.0205813652547 0.76342087294
49.19/31.24	sonar 0.503753816612 0.319072270387 -0.192956080078
50.05/31.75	mfeat-zernike 0.27259226507 0.101161080029 0.496126604556
50.94/32.36	kr-vs-kp 0.193974323685 0.047698334934 0.676800723089
51.13/32.41	MAE 0.303348797167 0.104384423338
51.13/32.41	MSE 0.134503815155 0.134503815155
51.13/32.41	Mean tau 0.383916199647 0.33847229534
51.13/32.41	(0.05263157894736842, '1_landmark_decision_tree')
51.13/32.41	(1.543859649122807, '1_class_probability_max')
51.13/32.41	(2.2280701754385963, '0_landmark_decision_tree')
51.13/32.41	(2.3508771929824563, '0_class_probability_max')
51.13/32.41	(4.140350877192983, '0_landmark_naive_bayes')
51.13/32.41	(5.333333333333333, '0_landmark_lda')
51.13/32.41	(6.087719298245614, '1_landmark_naive_bayes')
51.13/32.41	(6.280701754385965, '1_landmark_lda')
51.13/32.41	(9.298245614035087, '0_number_of_features')
51.13/32.41	(9.631578947368421, '0_number_of_categorical_features')
51.13/32.41	(10.035087719298245, '1_number_of_features')
51.13/32.41	(10.771929824561404, '1_number_of_categorical_features')
51.13/32.41	(12.0, '1_number_of_numeric_features')
51.13/32.41	(12.12280701754386, '0_number_of_numeric_features')
51.13/32.41	(13.719298245614034, '0_number_of_classes')
51.13/32.41	(14.403508771929825, '1_number_of_classes')
51.13/32.41	Result for ParamILS: SAT, 31.541183, 1, 0.303349, -1, /home/feurerm/thesis/Software/pyMetaLearn/optimizers/metalearn_optimizer/learn_distances.py
