0.69/0.89	['/home/feurerm/thesis/Software/pyMetaLearn/optimizers/metalearn_optimizer/learn_distances.py', '--input_file', '/home/feurerm/thesis/experiments/2014_04_25_predict_distances/testfold_0-3_pfahringer_spearman_rank_perm.pkl', '--fold', '0', '--folds', '1', '--params', '-max_features', '0.656578843528', '-min_samples_leaf', '1', '-min_samples_split', '10', '-n_estimators', '36', '-n_jobs', '4', '-seed', '2']
0.77/0.90	Metafeatures (57, 8)
0.77/0.90	X (3192, 16)
0.77/0.90	Y (3192,)
0.77/0.90	Dataset Mae MSE Rho
1.56/1.34	vehicle 0.353352674073 0.156539704787 0.340662828145
2.49/1.81	anneal.ORIG 0.415865621089 0.210329305339 0.455078996232
3.38/2.27	segment 0.168507716105 0.0374239076436 0.837759061245
4.27/2.74	pendigits 0.261927833907 0.0897212423783 0.70944488404
5.19/3.21	mushroom 0.164704811151 0.0354958361208 0.691991570264
6.08/3.68	labor 0.307273542381 0.130279888429 0.252426630722
6.99/4.15	abalone 0.216630319259 0.0609910378704 0.717201912385
7.90/4.65	diabetes 0.505444369511 0.319614001052 0.240467878691
8.80/5.12	car 0.358915580897 0.180312145493 0.388821045786
9.68/5.59	autos 0.18273339104 0.043505303825 0.762128034882
10.58/6.05	mfeat-fourier 0.559658316617 0.406356184926 -0.384296112585
11.46/6.51	primary-tumor 0.217930288921 0.0584326596272 0.552365060057
12.32/6.99	waveform-5000 0.179268620289 0.0477027248219 0.726251778787
13.22/7.45	credit-a 0.37102660642 0.193276254312 0.429222235082
14.12/7.93	letter 0.238981875215 0.0792969550782 0.585978849551
15.07/8.40	postoperative-patient-data 0.436818682118 0.247242015518 0.0778934929629
15.90/8.87	vowel 0.384479650092 0.180807510578 0.472209100493
16.80/9.33	eucalyptus 0.439787806483 0.25099740121 -0.048158217641
17.70/9.80	cylinder-bands 0.3269644531 0.127069031731 0.401103007332
18.61/10.27	ionosphere 0.409735029491 0.200906257763 0.0943771781958
19.50/10.74	mfeat-karhunen 0.143695390958 0.0301407940249 0.826769937756
20.38/11.20	balance-scale 0.224702776307 0.0722245205689 0.526508298907
21.29/11.67	mfeat-morphological 0.496325173369 0.326157616237 -0.257921192467
22.16/12.14	liver-disorders 0.306432391559 0.113881209408 0.623794362732
23.03/12.70	dermatology 0.210893770864 0.0578676735972 0.469300214864
23.96/13.17	vote 0.0662415006704 0.00791208257614 0.795095405348
24.86/13.64	breast-cancer 0.156339012487 0.0318660437839 0.344218132803
25.77/14.12	credit-g 0.633726473496 0.53526645436 -0.687789846577
26.66/14.59	soybean 0.134462531232 0.0293798162714 0.656115314169
27.57/15.06	arrhythmia 0.256052089211 0.0907174535398 0.165806480871
28.48/15.53	nursery 0.257440319104 0.0861006910462 0.631228181563
29.40/16.01	hepatitis 0.255092173056 0.0844850758977 0.370721312981
30.30/16.48	cmc 0.281795339766 0.104859310567 0.293151029533
31.19/16.95	heart-c 0.205633458239 0.0596875737164 0.841960784931
32.10/17.42	glass 0.322222156809 0.127225280633 0.475441195637
33.00/17.89	braziltourism 0.424641079516 0.233206448912 0.087589778394
33.92/18.37	iris 0.287863459249 0.108852373259 0.367489217838
34.81/18.84	heart-statlog 0.209517486394 0.063701033833 0.839051899302
35.73/19.30	page-blocks 0.426951184579 0.25370301559 0.139303300693
36.61/19.77	breast-w 0.207677930225 0.058426519899 0.581777125864
37.51/20.24	heart-h 0.135686997063 0.0269286556278 0.700718227152
38.40/20.71	yeast 0.234208854405 0.0722789620848 0.695546874922
39.33/21.18	tae 0.380814829966 0.175588597878 0.140596138751
40.22/21.64	haberman 0.28107651849 0.103363897427 0.0452493320117
41.13/22.11	mfeat-pixel 0.360276372814 0.155769705641 0.215903955599
42.05/22.58	optdigits 0.145093981641 0.0272794642375 0.80705415738
42.98/23.06	mfeat-factors 0.178870081238 0.0494397123021 0.758572730224
43.86/23.53	satimage 0.260785012158 0.0937172287842 0.476087614666
44.83/24.00	lymph 0.182946096085 0.0484967650671 0.649651123882
45.67/24.47	audiology 0.294803313088 0.114123609881 0.467684167292
46.57/24.94	ecoli 0.407976180069 0.215861515217 0.152231681268
47.51/25.41	tic-tac-toe 0.298393786304 0.134488062836 0.616360543902
48.35/25.89	spambase 0.212692113697 0.0555335301324 0.889795793058
49.25/26.36	zoo 0.0986942822157 0.0136268672542 0.811902300095
50.18/26.83	sonar 0.51681502507 0.335649713282 -0.17162425213
51.09/27.30	mfeat-zernike 0.254246759416 0.0882856448662 0.469946633893
51.97/27.77	kr-vs-kp 0.149693454022 0.0298206813013 0.756633473138
51.97/27.79	MAE 0.287733097245 0.122030258404
51.97/27.79	MSE 0.127582683685 0.127582683685
51.97/27.79	Mean tau 0.436400888507 0.333050927482
51.97/27.79	(0.12280701754385964, '1_class_probability_max')
51.97/27.79	(0.8771929824561403, '0_class_probability_max')
51.97/27.79	(2.5789473684210527, '1_landmark_decision_tree')
51.97/27.79	(2.719298245614035, '0_landmark_decision_tree')
51.97/27.79	(4.245614035087719, '1_landmark_naive_bayes')
51.97/27.79	(4.684210526315789, '0_landmark_naive_bayes')
51.97/27.79	(6.842105263157895, '0_landmark_lda')
51.97/27.79	(8.280701754385966, '0_number_of_numeric_features')
51.97/27.79	(9.12280701754386, '1_number_of_numeric_features')
51.97/27.79	(9.280701754385966, '0_number_of_categorical_features')
51.97/27.79	(9.43859649122807, '1_number_of_categorical_features')
51.97/27.79	(10.263157894736842, '0_number_of_features')
51.97/27.79	(10.824561403508772, '1_number_of_features')
51.97/27.79	(11.736842105263158, '1_landmark_lda')
51.97/27.79	(14.456140350877194, '0_number_of_classes')
51.97/27.79	(14.526315789473685, '1_number_of_classes')
51.97/27.79	Result for ParamILS: SAT, 26.900630, 1, 0.287733, -1, /home/feurerm/thesis/Software/pyMetaLearn/optimizers/metalearn_optimizer/learn_distances.py
