0.94/5.94	['/home/feurerm/thesis/Software/pyMetaLearn/optimizers/metalearn_optimizer/learn_distances.py', '--input_file', '/home/feurerm/thesis/experiments/2014_04_25_predict_distances/testfold_0-3_pfahringer_spearman_rank_perm.pkl', '--fold', '0', '--folds', '1', '--params', '-max_features', '0.438281360031', '-min_samples_leaf', '4', '-min_samples_split', '5', '-n_estimators', '57', '-n_jobs', '4', '-seed', '57']
0.94/5.96	Metafeatures (57, 8)
0.94/5.96	X (3192, 16)
0.94/5.96	Y (3192,)
0.94/5.96	Dataset Mae MSE Rho
1.86/6.83	vehicle 0.338962595091 0.139175412284 0.402719054904
2.96/7.30	anneal.ORIG 0.296861968748 0.114886031866 0.553657898114
3.93/7.77	segment 0.195180348513 0.0478318079552 0.828062775814
4.92/8.26	pendigits 0.27766455056 0.100206776473 0.691991570264
5.97/8.74	mushroom 0.168656301375 0.0356306290189 0.703627112781
7.04/9.23	labor 0.288076050835 0.117343399435 0.281192277501
8.11/9.72	abalone 0.237263217651 0.0722279565811 0.668074066201
9.28/10.20	diabetes 0.489993206065 0.308782599227 0.173240299702
10.26/10.68	car 0.349673755118 0.176725281382 0.381064017441
11.29/11.16	autos 0.19984933175 0.0537446352351 0.675831094546
12.33/11.64	mfeat-fourier 0.551581115911 0.395414426371 -0.34324850426
13.34/12.12	primary-tumor 0.224221475033 0.0621994224157 0.534265327252
14.42/12.59	waveform-5000 0.190714229783 0.0518070680139 0.741765835477
15.49/13.07	credit-a 0.371115587608 0.195087882682 0.416293854507
16.53/13.56	letter 0.247663498158 0.0837407660317 0.653852847569
17.58/14.04	postoperative-patient-data 0.431176245969 0.245320029517 0.0193925708621
18.60/14.52	vowel 0.423206305797 0.220987224875 0.345187761346
19.71/15.00	eucalyptus 0.399186878919 0.209374516422 0.0242407135777
20.66/15.48	cylinder-bands 0.313320897748 0.120760982147 0.517458432505
21.70/15.99	ionosphere 0.393310631092 0.185485690874 0.140272929236
22.75/16.47	mfeat-karhunen 0.138223483874 0.0288586705415 0.831294870957
23.83/16.96	balance-scale 0.230285274829 0.0713407493201 0.481258966896
24.90/17.44	mfeat-morphological 0.471861421303 0.294333645757 -0.240144669176
25.92/17.92	liver-disorders 0.264536936779 0.0920810894422 0.577898611692
27.05/18.40	dermatology 0.200387674683 0.0522148855032 0.506469309016
28.02/18.88	vote 0.0708530889338 0.00839196852236 0.79154010069
29.06/19.35	breast-cancer 0.155868064673 0.0309844331104 0.413708178392
30.17/19.83	credit-g 0.587479445028 0.459338386149 -0.626380038847
31.16/20.31	soybean 0.127610283572 0.0259476722831 0.670336532801
32.20/20.79	arrhythmia 0.272381241265 0.102503848261 0.246285649949
33.25/22.41	nursery 0.27038081203 0.0953477570846 0.598907230126
34.29/22.89	hepatitis 0.310533005303 0.133184675351 -0.139626510207
35.35/23.88	cmc 0.289583415361 0.109491198349 0.23820541209
36.40/24.37	heart-c 0.221287619928 0.0666788900456 0.848748184733
37.47/24.85	glass 0.341796290943 0.142257579995 0.435040006341
38.57/25.33	braziltourism 0.436509813262 0.244416754863 0.0452493320117
39.56/25.80	iris 0.295593361992 0.111757861503 0.35068232309
40.58/26.28	heart-statlog 0.24157647616 0.0781122773723 0.821598585526
41.66/26.77	page-blocks 0.339533270408 0.159958073187 0.332582590286
42.72/27.24	breast-w 0.210087235568 0.0616123922354 0.52521546085
43.75/27.74	heart-h 0.166195102493 0.0378924985735 0.642217305051
44.78/28.21	yeast 0.26226955382 0.0860186892459 0.673568627945
45.88/28.69	tae 0.367622692783 0.166171855303 0.123789244003
46.94/29.17	haberman 0.236191860795 0.0730732286758 0.201359527452
48.01/29.65	mfeat-pixel 0.331153680452 0.133152701558 0.274404877699
49.07/30.13	optdigits 0.152211105035 0.031162733872 0.798004290977
50.20/30.60	mfeat-factors 0.177446942407 0.0442699487502 0.760835196825
51.14/31.09	satimage 0.242609397229 0.081981488062 0.52230657522
52.16/31.59	lymph 0.174052472348 0.0439890710219 0.678416770661
53.24/32.16	audiology 0.320311879762 0.145735197837 0.398194121703
54.31/32.64	ecoli 0.391521251644 0.19720228041 0.193279289593
55.34/33.12	tic-tac-toe 0.308992750792 0.142313447877 0.616360543902
56.40/33.59	spambase 0.211205712075 0.0581672951868 0.851657070362
57.46/34.07	zoo 0.094297659417 0.0126483320077 0.851333860848
58.49/34.56	sonar 0.500451817828 0.314186321049 -0.109568025371
59.52/35.04	mfeat-zernike 0.257630572442 0.0931654448898 0.484491062039
60.56/35.52	kr-vs-kp 0.158891065309 0.0324744480801 0.74790681625
60.56/35.55	MAE 0.284510560075 0.111918864979
60.56/35.55	MSE 0.122792111054 0.122792111054
60.56/35.55	Mean tau 0.435550337153 0.32483232931
60.56/35.55	(0.45614035087719296, '1_class_probability_max')
60.56/35.55	(0.543859649122807, '0_class_probability_max')
60.56/35.55	(2.2280701754385963, '0_landmark_decision_tree')
60.56/35.55	(3.6491228070175437, '1_landmark_decision_tree')
60.56/35.55	(4.175438596491228, '1_landmark_naive_bayes')
60.56/35.55	(4.2105263157894735, '0_landmark_naive_bayes')
60.56/35.55	(5.842105263157895, '1_landmark_lda')
60.56/35.55	(8.508771929824562, '0_number_of_numeric_features')
60.56/35.55	(9.105263157894736, '1_number_of_categorical_features')
60.56/35.55	(9.508771929824562, '0_landmark_lda')
60.56/35.55	(10.43859649122807, '0_number_of_categorical_features')
60.56/35.55	(10.68421052631579, '1_number_of_numeric_features')
60.56/35.55	(10.736842105263158, '1_number_of_features')
60.56/35.55	(10.912280701754385, '0_number_of_features')
60.56/35.55	(14.368421052631579, '1_number_of_classes')
60.56/35.55	(14.631578947368421, '0_number_of_classes')
60.56/35.55	Result for ParamILS: SAT, 29.603790, 1, 0.284511, -1, /home/feurerm/thesis/Software/pyMetaLearn/optimizers/metalearn_optimizer/learn_distances.py
