0.76/0.91	['/home/feurerm/thesis/Software/pyMetaLearn/optimizers/metalearn_optimizer/learn_distances.py', '--input_file', '/home/feurerm/thesis/experiments/2014_04_25_predict_distances/testfold_0-3_pfahringer_spearman_rank_perm.pkl', '--fold', '0', '--folds', '1', '--params', '-max_features', '0.606021763649', '-min_samples_leaf', '1', '-min_samples_split', '6', '-n_estimators', '90', '-n_jobs', '4', '-seed', '74']
0.76/0.91	Metafeatures (57, 8)
0.76/0.91	X (3192, 16)
0.76/0.91	Y (3192,)
0.76/0.91	Dataset Mae MSE Rho
2.70/1.78	vehicle 0.327706553165 0.127440635299 0.425666930424
4.95/2.70	anneal.ORIG 0.388965700468 0.186222324902 0.557859621801
6.99/3.65	segment 0.151788480072 0.028923374549 0.871696060253
9.20/4.56	pendigits 0.234147962747 0.0722569437252 0.762774453911
11.28/5.47	mushroom 0.156169057846 0.0313707883045 0.720434007529
13.41/6.39	labor 0.324336961093 0.147038006322 0.200389898909
15.55/7.30	abalone 0.187623839938 0.0451544998063 0.772793948856
17.73/8.23	diabetes 0.50479589603 0.324395511342 0.193602499107
19.89/9.17	car 0.333619229937 0.146839371551 0.383326484042
22.11/10.08	autos 0.215267070585 0.059327697236 0.713000188698
24.25/12.25	mfeat-fourier 0.573059976557 0.428278733676 -0.454109367689
26.36/13.17	primary-tumor 0.20615114095 0.0525082733835 0.591473411295
28.50/14.24	waveform-5000 0.158987337229 0.0383517350509 0.771824320313
30.64/15.22	credit-a 0.358147097844 0.180965543625 0.446998758372
32.75/16.16	letter 0.235477929004 0.0743147958044 0.659024199798
34.91/17.12	postoperative-patient-data 0.421026147015 0.227232382324 0.128314177205
37.06/18.13	vowel 0.401922095429 0.204502655918 0.449261224973
39.20/19.16	eucalyptus 0.431556969021 0.240472859123 -0.051713522299
41.38/20.15	cylinder-bands 0.320594689111 0.131013046584 0.511317451732
43.55/21.12	ionosphere 0.383751482579 0.18231441585 0.195541756193
45.76/22.06	mfeat-karhunen 0.104563727631 0.0184203037122 0.861353355794
47.82/23.04	balance-scale 0.209961667596 0.0623878582877 0.584039592465
49.94/23.95	mfeat-morphological 0.470650220806 0.296623404157 -0.207177298711
52.04/24.88	liver-disorders 0.267208574222 0.0922421690842 0.592443039838
54.16/25.79	dermatology 0.214963791201 0.059245757505 0.488046366697
56.32/26.73	vote 0.0722219551677 0.00936355883171 0.768915434684
58.61/27.67	breast-cancer 0.178155769192 0.0397839153647 0.36393391318
60.69/28.60	credit-g 0.617719309387 0.505364999799 -0.652560009511
62.86/29.53	soybean 0.11456898407 0.0216133079858 0.71461623627
65.01/30.45	arrhythmia 0.258467145771 0.0934619093067 0.38397290307
67.15/31.38	nursery 0.247444702704 0.0798489280003 0.662579504457
69.43/32.30	hepatitis 0.253947946428 0.0821296733679 0.445059501286
71.52/33.21	cmc 0.294195813229 0.113062147676 0.249840954607
73.76/34.14	heart-c 0.183202454952 0.0467265365452 0.891088631115
75.86/35.07	glass 0.358111578838 0.15680492586 0.311250762337
78.19/36.00	braziltourism 0.449985001092 0.261167724494 -0.0252103421208
80.25/36.93	iris 0.276737961502 0.0975415170985 0.392699559958
82.41/37.86	heart-statlog 0.209409456677 0.060059839216 0.842283994446
84.76/38.80	page-blocks 0.366827243303 0.187669842333 0.248224907035
86.89/39.74	breast-w 0.201842561188 0.0579351299586 0.575959354606
88.98/40.69	heart-h 0.129248616549 0.0244871992682 0.727867826359
91.13/41.61	yeast 0.229293162335 0.0654608074639 0.767299387112
93.28/42.52	tae 0.370775326248 0.164250561671 0.171947461644
95.44/43.46	haberman 0.271655639126 0.0958413387353 0.127667758176
97.60/44.39	mfeat-pixel 0.350628989471 0.149785239521 0.233357269374
99.77/45.32	optdigits 0.118255554936 0.019421256049 0.831941289986
102.01/46.25	mfeat-factors 0.184849164983 0.051494058464 0.741442625963
104.11/47.17	satimage 0.232048600748 0.0751035602602 0.573696888005
106.41/48.10	lymph 0.207692047712 0.0645169236814 0.486107109611
108.44/49.04	audiology 0.313178682743 0.124414198737 0.413061759364
110.59/49.97	ecoli 0.381316297158 0.184852086531 0.289595724875
112.89/50.90	tic-tac-toe 0.313121366177 0.143318986393 0.647065447767
115.00/51.82	spambase 0.21104368318 0.0534174023966 0.86329261288
117.07/52.73	zoo 0.0863009420163 0.0103625910253 0.860706936765
119.25/53.66	sonar 0.475736362084 0.281932814347 0.012281961546
121.42/54.57	mfeat-zernike 0.228183863855 0.0750970329809 0.584686011494
123.70/55.50	kr-vs-kp 0.135137967524 0.0238311835982 0.797357871948
123.70/55.56	MAE 0.279013118393 0.121043077986
123.70/55.56	MSE 0.120666040072 0.120666040072
123.70/55.56	Mean tau 0.464389698382 0.330638460652
123.70/55.56	(0.3508771929824561, '1_class_probability_max')
123.70/55.56	(0.6491228070175439, '0_class_probability_max')
123.70/55.56	(2.280701754385965, '0_landmark_decision_tree')
123.70/55.56	(2.8596491228070176, '1_landmark_decision_tree')
123.70/55.56	(4.192982456140351, '0_landmark_naive_bayes')
123.70/55.56	(4.666666666666667, '1_landmark_naive_bayes')
123.70/55.56	(6.368421052631579, '1_landmark_lda')
123.70/55.56	(7.719298245614035, '0_number_of_numeric_features')
123.70/55.56	(8.56140350877193, '1_number_of_numeric_features')
123.70/55.56	(10.0, '0_landmark_lda')
123.70/55.56	(10.333333333333334, '1_number_of_categorical_features')
123.70/55.56	(10.368421052631579, '0_number_of_categorical_features')
123.70/55.56	(11.157894736842104, '1_number_of_features')
123.70/55.56	(11.491228070175438, '0_number_of_features')
123.70/55.56	(14.473684210526315, '0_number_of_classes')
123.70/55.56	(14.526315789473685, '1_number_of_classes')
123.70/55.56	Result for ParamILS: SAT, 54.649455, 1, 0.279013, -1, /home/feurerm/thesis/Software/pyMetaLearn/optimizers/metalearn_optimizer/learn_distances.py
