0.71/0.98	['/home/feurerm/thesis/Software/pyMetaLearn/optimizers/metalearn_optimizer/learn_distances.py', '--input_file', '/home/feurerm/thesis/experiments/2014_04_25_predict_distances/testfold_0-3_pfahringer_spearman_rank_perm.pkl', '--fold', '0', '--folds', '1', '--params', '-max_features', '0.91890649835', '-min_samples_leaf', '7', '-min_samples_split', '5', '-n_estimators', '88', '-n_jobs', '4', '-seed', '97']
0.71/0.98	Metafeatures (57, 8)
0.71/0.98	X (3192, 16)
0.71/0.98	Y (3192,)
0.71/0.98	Dataset Mae MSE Rho
3.12/2.04	vehicle 0.365067878086 0.159543579087 0.288302886817
5.65/3.03	anneal.ORIG 0.525882200011 0.333747498328 -0.156433404955
8.19/3.94	segment 0.202122199836 0.0518073849929 0.79380256729
10.72/4.96	pendigits 0.282978731994 0.103225189003 0.692961198807
13.23/5.96	mushroom 0.192413813365 0.0461222834127 0.637369162336
15.78/6.87	labor 0.311408573698 0.131819216814 0.218812841228
18.32/7.87	abalone 0.276675616131 0.0957649493508 0.658054571255
20.98/8.88	diabetes 0.526229258942 0.34226268199 0.235942945489
23.41/9.78	car 0.364831637194 0.176095926376 0.237558993061
26.03/10.70	autos 0.210682412758 0.0582148615381 0.685850589491
28.41/11.69	mfeat-fourier 0.567678473765 0.421580254013 -0.45572541526
30.94/12.58	primary-tumor 0.218537971866 0.0602640048533 0.552365060057
33.43/13.57	waveform-5000 0.159360918654 0.0381397329245 0.763097663425
35.95/14.47	credit-a 0.349913532297 0.172965900806 0.495480185528
38.45/15.37	letter 0.232502696861 0.0736945318448 0.581130706836
40.97/16.36	postoperative-patient-data 0.445431809838 0.260765165416 0.00549456174427
43.46/17.36	vowel 0.415657167873 0.213382057564 0.415970644993
46.03/18.25	eucalyptus 0.44139513128 0.259522763183 -0.114092958572
48.55/19.28	cylinder-bands 0.346421546447 0.145489543644 0.334198637858
51.10/20.29	ionosphere 0.429075358891 0.216525405845 -0.0313513228938
53.62/21.19	mfeat-karhunen 0.160192797883 0.0372518287525 0.811255881066
56.13/22.32	balance-scale 0.260670867218 0.0879316863443 0.331612961743
58.63/23.32	mfeat-morphological 0.467077881642 0.28857319581 -0.192956080078
61.18/24.24	liver-disorders 0.300913545564 0.119514192559 0.361994656093
63.71/25.17	dermatology 0.200345219672 0.0516899327843 0.489662414269
66.29/26.19	vote 0.0816563025903 0.0100680148044 0.779581348658
68.96/27.10	breast-cancer 0.138964849694 0.0268475569641 0.375246246182
71.41/28.11	credit-g 0.737459894096 0.715241515062 -0.760835196825
73.93/29.02	soybean 0.126005864041 0.0254163829792 0.744997930621
76.40/29.92	arrhythmia 0.266056236858 0.097055538655 0.34841985649
78.88/30.82	nursery 0.269693138759 0.0926780323582 0.602462534784
81.39/31.74	hepatitis 0.250898089059 0.0927125813054 0.454432577203
83.87/32.65	cmc 0.258424998241 0.0879994269647 0.351005532605
86.38/33.64	heart-c 0.230961907281 0.0708363898813 0.788308005546
88.89/34.55	glass 0.357383528281 0.153200019765 0.355530465806
91.41/35.55	braziltourism 0.463403243103 0.276992927542 0.09987173994
93.91/36.45	iris 0.274506608941 0.0983037047826 0.385912160157
96.46/37.38	heart-statlog 0.230558443434 0.0717774427796 0.796065033891
99.01/38.39	page-blocks 0.441031140427 0.25803494881 0.00323209514369
101.54/39.29	breast-w 0.217216704364 0.0622977752844 0.633813857678
104.11/40.33	heart-h 0.153555218184 0.0320844137884 0.717848331414
106.64/41.23	yeast 0.280853545229 0.0964048265809 0.672275789888
109.20/42.24	tae 0.368516025847 0.164382483945 0.188107937363
111.79/43.25	haberman 0.278708654144 0.102371990708 -0.000646419028738
114.35/44.25	mfeat-pixel 0.381209755373 0.182103814743 0.12572850109
116.91/45.26	optdigits 0.189468250783 0.0462660449545 0.744674721106
119.47/46.17	mfeat-factors 0.194329280826 0.0519385599313 0.743381883049
121.95/47.20	satimage 0.269817612527 0.101128068663 0.40982966422
124.47/48.22	lymph 0.240297708471 0.0872367756766 0.35585367532
126.99/49.12	audiology 0.299911424008 0.113514099397 0.445382710801
129.52/50.02	ecoli 0.409403163126 0.214831484112 0.129930224776
132.13/51.01	tic-tac-toe 0.326117259189 0.161102364802 0.42243483528
134.67/52.03	spambase 0.221118894899 0.0579881582691 0.851657070362
137.19/52.94	zoo 0.11412272791 0.0184869955591 0.831294870957
139.76/53.86	sonar 0.503528195311 0.316247719684 -0.156756614469
142.27/54.87	mfeat-zernike 0.236908797195 0.0783675965998 0.559152459858
144.79/55.87	kr-vs-kp 0.175887726144 0.0401486270791 0.718494750442
144.93/55.91	MAE 0.302481446142 0.127172794183
144.93/55.91	MSE 0.139472983327 0.139472983327
144.93/55.91	Mean tau 0.392228921543 0.345246690022
144.93/55.91	(0.0, '1_class_probability_max')
144.93/55.91	(1.0, '0_class_probability_max')
144.93/55.91	(2.4035087719298245, '1_landmark_naive_bayes')
144.93/55.91	(2.9298245614035086, '0_landmark_naive_bayes')
144.93/55.91	(4.842105263157895, '0_landmark_decision_tree')
144.93/55.91	(5.719298245614035, '1_number_of_numeric_features')
144.93/55.91	(6.56140350877193, '0_number_of_numeric_features')
144.93/55.91	(7.5964912280701755, '0_number_of_categorical_features')
144.93/55.91	(8.052631578947368, '1_landmark_decision_tree')
144.93/55.91	(8.263157894736842, '1_number_of_categorical_features')
144.93/55.91	(9.157894736842104, '1_number_of_features')
144.93/55.91	(9.649122807017545, '0_number_of_features')
144.93/55.91	(12.263157894736842, '1_landmark_lda')
144.93/55.91	(12.56140350877193, '0_landmark_lda')
144.93/55.91	(14.43859649122807, '0_number_of_classes')
144.93/55.91	(14.56140350877193, '1_number_of_classes')
144.93/55.91	Result for ParamILS: SAT, 54.933566, 1, 0.302481, -1, /home/feurerm/thesis/Software/pyMetaLearn/optimizers/metalearn_optimizer/learn_distances.py
