0.67/0.88	['/home/feurerm/thesis/Software/pyMetaLearn/optimizers/metalearn_optimizer/learn_distances.py', '--input_file', '/home/feurerm/thesis/experiments/2014_04_25_predict_distances/testfold_0-3_pfahringer_spearman_rank_perm.pkl', '--fold', '0', '--folds', '1', '--params', '-max_features', '0.361057944879', '-min_samples_leaf', '3', '-min_samples_split', '2', '-n_estimators', '81', '-n_jobs', '4', '-seed', '47']
0.67/0.89	Metafeatures (57, 8)
0.67/0.89	X (3192, 16)
0.67/0.89	Y (3192,)
0.67/0.89	Dataset Mae MSE Rho
1.77/1.53	vehicle 0.325773588845 0.131752769296 0.479319709809
3.09/2.23	anneal.ORIG 0.31752987628 0.123344335573 0.713000188698
4.22/2.93	segment 0.184571222834 0.0442048042339 0.825153890184
5.48/3.64	pendigits 0.26747591955 0.0930186715607 0.711060931612
6.87/4.35	mushroom 0.164197962074 0.0337856897515 0.71461623627
7.99/4.85	labor 0.32258170648 0.14783977116 0.228509126659
9.17/5.34	abalone 0.236406650634 0.0716605407581 0.68132565629
10.46/5.96	diabetes 0.501983739509 0.326457603118 0.134131948463
11.82/6.66	car 0.355335781769 0.183918127369 0.441180987114
13.04/9.88	autos 0.223287723503 0.064454888736 0.653529638054
14.33/10.59	mfeat-fourier 0.563176648125 0.408270404783 -0.416293854507
15.61/11.29	primary-tumor 0.215165348471 0.0593654682642 0.556889993258
17.03/12.03	waveform-5000 0.189513500554 0.052361615611 0.747583606736
18.27/12.73	credit-a 0.360085887525 0.181785754952 0.477703662237
19.52/13.44	letter 0.224093100091 0.0704694529721 0.710414512583
20.81/14.16	postoperative-patient-data 0.393667286972 0.193179441579 0.111507282457
22.11/14.89	vowel 0.43520920801 0.240367193241 0.277636972843
23.42/15.63	eucalyptus 0.42832136017 0.242665146557 -0.0766006549055
24.69/16.34	cylinder-bands 0.327358662009 0.136639437918 0.440211358571
25.98/17.04	ionosphere 0.402242334027 0.194777032142 0.144797862437
27.25/17.78	mfeat-karhunen 0.126192896532 0.0240913539847 0.851980279877
28.67/18.50	balance-scale 0.228631959481 0.0720059390234 0.510024613674
29.80/19.21	mfeat-morphological 0.500396489731 0.328861437455 -0.266971058869
31.02/19.92	liver-disorders 0.258256958413 0.0892205164043 0.645772609709
32.24/20.63	dermatology 0.204379949367 0.0541545077299 0.506146099502
33.54/21.33	vote 0.064919336466 0.00712873232408 0.80931662398
34.98/22.03	breast-cancer 0.218733914158 0.0568973006506 0.301554476906
36.19/22.74	credit-g 0.549442559753 0.400988996854 -0.603432163327
37.43/23.46	soybean 0.123682412666 0.0246053709662 0.731746340532
38.77/24.19	arrhythmia 0.2775786092 0.106822230684 0.168392156986
39.98/24.89	nursery 0.267779707825 0.0891100180485 0.602785744298
41.25/25.58	hepatitis 0.332651536813 0.158911263795 -0.27149599207
42.59/26.31	cmc 0.303641257007 0.115696544005 0.234326897918
43.74/27.02	heart-c 0.228264559723 0.0692671817561 0.851657070362
44.95/27.73	glass 0.322800847332 0.126411216673 0.52004410862
46.20/28.43	braziltourism 0.442438286036 0.25522367062 0.012281961546
47.43/29.14	iris 0.283811278092 0.10291827926 0.3868817887
48.67/29.65	heart-statlog 0.249063765642 0.0818811534603 0.850041022791
49.90/30.35	page-blocks 0.327400214697 0.148823244023 0.348743066004
51.13/30.99	breast-w 0.217443857195 0.0661326711812 0.478996500295
52.41/31.72	heart-h 0.159126741825 0.0327256352152 0.729807083445
53.61/32.44	yeast 0.254450843206 0.0821202872498 0.710091303069
54.85/33.03	tae 0.352783652505 0.155757901583 0.0313513228938
56.09/33.74	haberman 0.237272915869 0.0741291647855 0.253396259265
57.31/34.44	mfeat-pixel 0.330235088253 0.130309195939 0.273112039642
58.66/35.14	optdigits 0.137847322484 0.0255909029663 0.821598585526
59.79/35.75	mfeat-factors 0.159105553944 0.0373491517774 0.790247262632
61.05/36.46	satimage 0.258925275144 0.0918432392793 0.476087614666
62.31/37.17	lymph 0.179966410029 0.0464767831475 0.673891837459
63.52/37.88	audiology 0.324251838933 0.142008141251 0.342925294746
64.82/38.58	ecoli 0.407522131039 0.213715638091 0.119587520317
65.97/39.09	tic-tac-toe 0.302744833341 0.134409725694 0.582423544893
67.21/39.79	spambase 0.206584983541 0.0546014379057 0.871696060253
68.44/40.49	zoo 0.0963325024157 0.0123340770306 0.821275376012
69.73/41.81	sonar 0.489283739324 0.300794984925 -0.117971472745
70.87/42.52	mfeat-zernike 0.253718534272 0.0911917166911 0.510671032703
72.07/43.03	kr-vs-kp 0.165862397115 0.0349804067707 0.735624854704
72.07/43.07	MAE 0.285640397663 0.112370369475
72.07/43.07	MSE 0.12350540647 0.12350540647
72.07/43.07	Mean tau 0.435969942487 0.34632330199
72.07/43.07	(0.8070175438596491, '1_class_probability_max')
72.07/43.07	(1.9298245614035088, '0_class_probability_max')
72.07/43.07	(2.087719298245614, '1_landmark_decision_tree')
72.07/43.07	(2.3157894736842106, '0_landmark_decision_tree')
72.07/43.07	(3.0, '1_landmark_naive_bayes')
72.07/43.07	(5.052631578947368, '0_landmark_naive_bayes')
72.07/43.07	(5.9298245614035086, '0_landmark_lda')
72.07/43.07	(7.280701754385965, '1_landmark_lda')
72.07/43.07	(9.631578947368421, '0_number_of_features')
72.07/43.07	(9.859649122807017, '1_number_of_features')
72.07/43.07	(9.982456140350877, '0_number_of_categorical_features')
72.07/43.07	(10.350877192982455, '1_number_of_numeric_features')
72.07/43.07	(11.368421052631579, '0_number_of_numeric_features')
72.07/43.07	(11.421052631578947, '1_number_of_categorical_features')
72.07/43.07	(14.210526315789474, '1_number_of_classes')
72.07/43.07	(14.771929824561404, '0_number_of_classes')
72.07/43.07	Result for ParamILS: SAT, 42.194696, 1, 0.285640, -1, /home/feurerm/thesis/Software/pyMetaLearn/optimizers/metalearn_optimizer/learn_distances.py
