0.71/0.99	['/home/feurerm/thesis/Software/pyMetaLearn/optimizers/metalearn_optimizer/learn_distances.py', '--input_file', '/home/feurerm/thesis/experiments/2014_04_25_predict_distances/testfold_0-3_pfahringer_spearman_rank_perm.pkl', '--fold', '0', '--folds', '1', '--params', '-max_features', '0.539992344755', '-min_samples_leaf', '4', '-min_samples_split', '2', '-n_estimators', '3', '-n_jobs', '4', '-seed', '85']
0.71/1.00	Metafeatures (57, 8)
0.71/1.00	X (3192, 16)
0.71/1.00	Y (3192,)
0.71/1.00	Dataset Mae MSE Rho
0.88/1.24	vehicle 0.346882090865 0.163494842634 0.382864889977
0.98/1.47	anneal.ORIG 0.398291412768 0.186733983361 0.312114339293
1.11/1.71	segment 0.196022916645 0.0535886044124 0.712583080401
1.22/1.95	pendigits 0.247527998815 0.100053883171 0.67788350103
1.33/2.19	mushroom 0.228060587735 0.0830056735446 0.471495237219
1.44/2.43	labor 0.274212931154 0.108058414237 0.320752371727
1.56/2.66	abalone 0.241901744457 0.0808036457664 0.627815231772
1.66/2.90	diabetes 0.421765353451 0.245250793823 0.232649781513
1.80/3.14	car 0.363987003156 0.172750199139 0.147645046771
1.90/3.38	autos 0.256360780139 0.105132433588 0.415463500064
2.02/3.62	mfeat-fourier 0.573051743789 0.443559823533 -0.376145049516
2.13/3.86	primary-tumor 0.248809685181 0.0872025761309 0.45723898178
2.27/4.10	waveform-5000 0.238482161217 0.0909429022455 0.484647022469
2.38/4.34	credit-a 0.319621342882 0.149030000798 0.53108526639
2.48/4.58	letter 0.347840540698 0.162287762487 0.340937180149
2.60/4.82	postoperative-patient-data 0.40754667368 0.215656560775 0.181200473596
2.72/5.11	vowel 0.502744283702 0.362061472832 0.0501459014903
2.84/5.35	eucalyptus 0.376390838434 0.198312642303 0.123585383028
2.95/5.59	cylinder-bands 0.317157203431 0.138885136308 0.325620571614
3.06/5.83	ionosphere 0.368345826118 0.188761967784 0.189699760831
3.18/6.07	mfeat-karhunen 0.183145250493 0.056666761643 0.641440633999
3.29/6.31	balance-scale 0.285126337958 0.117811122061 0.420255006683
3.41/6.55	mfeat-morphological 0.60647953766 0.484345938531 -0.187647395062
3.53/6.79	liver-disorders 0.286224663043 0.107514229235 0.311702396087
3.62/7.03	dermatology 0.23523633724 0.0753535116246 0.432523918179
3.76/7.27	vote 0.131240562586 0.026221945449 0.657505365109
3.89/7.52	breast-cancer 0.142209027827 0.0317979133877 0.344393924649
4.01/7.76	credit-g 0.6548107271 0.596576912513 -0.408296299906
4.14/8.00	soybean 0.137233008488 0.0311205173338 0.635311140194
4.24/8.25	arrhythmia 0.345336299306 0.158979719689 0.117380812269
4.37/8.49	nursery 0.261052744898 0.0956752553419 0.567781013648
4.48/8.73	hepatitis 0.294624223583 0.118570682894 0.0966726387282
4.60/8.97	cmc 0.358769908805 0.176573900473 0.229057981027
4.71/9.21	heart-c 0.245617889054 0.0931089094413 0.584024742656
4.83/9.46	glass 0.41275832801 0.230469461165 0.120026641632
4.96/9.70	braziltourism 0.444526093784 0.275897354714 0.108637965562
5.06/9.94	iris 0.289041096996 0.112150696555 0.411843436111
5.18/10.18	heart-statlog 0.312519150076 0.146180431687 0.375143382207
5.31/10.42	page-blocks 0.362825925865 0.177794871633 0.122386254413
5.42/10.66	breast-w 0.260649893424 0.0980169251726 0.383958664931
5.53/10.90	heart-h 0.184039228971 0.0542410930586 0.52042699324
5.64/11.14	yeast 0.272834527325 0.11672480798 0.539989344769
5.77/11.39	tae 0.368677575672 0.172522356998 0.252752132638
5.88/11.63	haberman 0.266331404155 0.101991429297 0.123573099671
6.00/11.87	mfeat-pixel 0.345732200995 0.150316789153 0.248344793498
6.12/12.11	optdigits 0.190346627167 0.0545763889705 0.680416043294
6.25/12.44	mfeat-factors 0.199481767302 0.058481788606 0.634528819955
6.37/12.69	satimage 0.274777422743 0.108232544568 0.426225910985
6.50/12.93	lymph 0.249530749783 0.108686729349 0.34455087153
6.61/13.17	audiology 0.27050901307 0.101929370754 0.51488097979
6.72/13.41	ecoli 0.44136246903 0.278606496612 0.0155265508986
6.85/13.65	tic-tac-toe 0.30397986721 0.131128260612 0.330586146217
6.96/13.89	spambase 0.194824615288 0.0529043811428 0.701485227053
7.09/14.13	zoo 0.122555150987 0.0224255231207 0.723912220967
7.20/14.36	sonar 0.503261455095 0.32817592138 0.0291075930786
7.31/14.61	mfeat-zernike 0.279764659043 0.119365931054 0.370062153658
7.43/14.85	kr-vs-kp 0.188266290616 0.0550694537465 0.636281080866
7.43/14.85	MAE 0.308433423666 0.113239544769
7.43/14.85	MSE 0.150206660453 0.150206660453
7.43/14.85	Mean tau 0.345018151874 0.252698121864
7.43/14.85	(0.543859649122807, '1_class_probability_max')
7.43/14.85	(0.7017543859649122, '0_class_probability_max')
7.43/14.85	(4.333333333333333, '1_landmark_decision_tree')
7.43/14.85	(4.456140350877193, '1_landmark_naive_bayes')
7.43/14.85	(4.807017543859649, '0_landmark_decision_tree')
7.43/14.85	(5.140350877192983, '0_number_of_numeric_features')
7.43/14.85	(6.5964912280701755, '0_landmark_naive_bayes')
7.43/14.85	(7.368421052631579, '1_number_of_numeric_features')
7.43/14.85	(8.771929824561404, '0_number_of_categorical_features')
7.43/14.85	(9.649122807017545, '0_number_of_features')
7.43/14.85	(9.789473684210526, '1_number_of_features')
7.43/14.85	(9.824561403508772, '0_landmark_lda')
7.43/14.85	(10.035087719298245, '1_landmark_lda')
7.43/14.85	(10.964912280701755, '1_number_of_categorical_features')
7.43/14.85	(13.280701754385966, '1_number_of_classes')
7.43/14.85	(13.736842105263158, '0_number_of_classes')
7.43/14.85	Result for ParamILS: SAT, 13.858933, 1, 0.308433, -1, /home/feurerm/thesis/Software/pyMetaLearn/optimizers/metalearn_optimizer/learn_distances.py
