0.74/1.85	['/home/feurerm/thesis/Software/pyMetaLearn/optimizers/metalearn_optimizer/learn_distances.py', '--input_file', '/home/feurerm/thesis/experiments/2014_04_25_predict_distances/testfold_0-3_pfahringer_spearman_rank_perm.pkl', '--fold', '0', '--folds', '1', '--params', '-max_features', '0.432252550941', '-min_samples_leaf', '7', '-min_samples_split', '6', '-n_estimators', '2', '-n_jobs', '4', '-seed', '32']
0.74/1.86	Metafeatures (57, 8)
0.74/1.86	X (3192, 16)
0.74/1.86	Y (3192,)
0.74/1.86	Dataset Mae MSE Rho
0.84/2.43	vehicle 0.361470897946 0.194830411035 0.364668226122
0.91/2.67	anneal.ORIG 0.311552517688 0.157837093982 0.314882498419
0.99/2.94	segment 0.254530772541 0.0948978193878 0.613277716071
1.08/3.21	pendigits 0.339644831416 0.158814819808 0.478529361768
1.14/3.53	mushroom 0.211540888038 0.0663033007376 0.561517861309
1.22/3.77	labor 0.555285741882 0.414461748432 0.0273796096964
1.31/4.03	abalone 0.348979989195 0.164118254464 0.340885127568
1.38/4.51	diabetes 0.451828917088 0.303984787633 -0.062987012987
1.46/4.75	car 0.366767782178 0.191560969431 0.206886072125
1.54/5.01	autos 0.282827202393 0.11694461068 0.277412548597
1.62/5.27	mfeat-fourier 0.51937802924 0.374846355349 -0.211543145433
1.70/5.59	primary-tumor 0.280993933686 0.113746383159 0.309412641413
1.77/5.89	waveform-5000 0.183029837017 0.0512566774265 0.618253211037
1.84/6.39	credit-a 0.39749438995 0.235002705725 0.324942469275
1.94/6.63	letter 0.290208928933 0.117179401238 0.309402175301
2.02/6.96	postoperative-patient-data 0.437550274198 0.271016958237 -0.0133290099694
2.10/7.20	vowel 0.496701706201 0.342160626136 -0.00210612015505
2.17/7.43	eucalyptus 0.446366839115 0.286537803269 0.0076243024613
2.24/7.89	cylinder-bands 0.317318659792 0.142003141862 0.440402751386
2.32/8.22	ionosphere 0.362941971901 0.192129179872 0.227383492966
2.41/8.46	mfeat-karhunen 0.218644028057 0.0790673323999 0.589809012324
2.49/8.72	balance-scale 0.27444451279 0.105610735455 0.428004833262
2.58/9.15	mfeat-morphological 0.477049237989 0.314588322329 0.0373437251229
2.65/9.41	liver-disorders 0.402859797022 0.207289823978 0.0809473814508
2.73/9.76	dermatology 0.209686303416 0.0633726167507 0.468989237952
2.81/10.03	vote 0.110156026931 0.0205043236597 0.699725629567
2.90/10.28	breast-cancer 0.247664525872 0.0876945384816 0.169276992183
2.98/10.66	credit-g 0.509481422153 0.376449695902 -0.217303624144
3.05/10.91	soybean 0.19369445651 0.0630560870206 0.58833140481
3.14/11.26	arrhythmia 0.33943562959 0.15889253554 0.21228185405
3.22/11.61	nursery 0.282815918553 0.118012179542 0.453965135488
3.29/11.94	hepatitis 0.369080951593 0.20302794462 -0.0495149335697
3.37/12.20	cmc 0.210572339112 0.0712689437698 0.436977547876
3.45/12.58	heart-c 0.334342317437 0.161574683413 0.314541127342
3.52/12.83	glass 0.421440684215 0.244563732096 -0.0242573227036
3.60/13.17	braziltourism 0.530928001134 0.370456015806 0.00049065059506
3.68/13.45	iris 0.330447527799 0.157797599409 0.229822019841
3.75/13.85	heart-statlog 0.207277231941 0.0618997280323 0.685559295419
3.84/14.31	page-blocks 0.306312423219 0.131984621559 0.32773447456
3.91/14.65	breast-w 0.295057094193 0.125388613388 0.349891115113
3.99/14.89	heart-h 0.223513824799 0.079356013309 0.46586515332
4.07/15.18	yeast 0.365916078405 0.18030933683 0.27086717895
4.14/15.44	tae 0.36743182169 0.187451406336 0.0170330161369
4.23/15.72	haberman 0.280585759959 0.111192694561 0.0633940718056
4.29/15.96	mfeat-pixel 0.343620462726 0.171685954343 0.177893201499
4.38/16.41	optdigits 0.239579595906 0.0803215780751 0.593152220539
4.44/16.66	mfeat-factors 0.251139652665 0.095283070048 0.529416553869
4.53/16.91	satimage 0.279999306826 0.115608669739 0.359931813833
4.60/17.26	lymph 0.342796277556 0.181308950595 0.151078131276
4.69/17.63	audiology 0.373027344199 0.175852828427 0.132382956887
4.77/17.96	ecoli 0.421487045118 0.237590226189 0.0863369683961
4.84/18.22	tic-tac-toe 0.260102606 0.102496527238 0.491159934447
4.92/18.54	spambase 0.237201316 0.0822820181692 0.581283988604
5.00/18.78	zoo 0.193625129618 0.0561695344982 0.483932755687
5.08/19.02	sonar 0.502039571505 0.323497389856 -0.0538262450153
5.15/19.37	mfeat-zernike 0.258287875473 0.102703408361 0.382565680796
5.24/19.61	kr-vs-kp 0.194516742709 0.0555818693228 0.613208919406
5.24/19.61	MAE 0.326713595633 0.101380413227
5.24/19.61	MSE 0.165803940297 0.165803940297
5.24/19.61	Mean tau 0.285283976034 0.235670799835
5.24/19.61	(1.1929824561403508, '0_class_probability_max')
5.24/19.61	(2.0350877192982457, '1_class_probability_max')
5.24/19.61	(2.1578947368421053, '0_landmark_decision_tree')
5.24/19.61	(4.0, '1_landmark_lda')
5.24/19.61	(6.035087719298246, '0_landmark_naive_bayes')
5.24/19.61	(6.578947368421052, '1_landmark_naive_bayes')
5.24/19.61	(7.12280701754386, '1_landmark_decision_tree')
5.24/19.61	(8.157894736842104, '1_number_of_features')
5.24/19.61	(8.385964912280702, '0_number_of_numeric_features')
5.24/19.61	(8.736842105263158, '1_number_of_numeric_features')
5.24/19.61	(8.75438596491228, '0_number_of_features')
5.24/19.61	(10.333333333333334, '0_landmark_lda')
5.24/19.61	(10.68421052631579, '1_number_of_categorical_features')
5.24/19.61	(11.596491228070175, '0_number_of_categorical_features')
5.24/19.61	(11.929824561403509, '0_number_of_classes')
5.24/19.61	(12.298245614035087, '1_number_of_classes')
5.24/19.61	Result for ParamILS: SAT, 17.754861, 1, 0.326714, -1, /home/feurerm/thesis/Software/pyMetaLearn/optimizers/metalearn_optimizer/learn_distances.py
