0.70/0.88	['/home/feurerm/thesis/Software/pyMetaLearn/optimizers/metalearn_optimizer/learn_distances.py', '--input_file', '/home/feurerm/thesis/experiments/2014_04_25_predict_distances/testfold_0-3_pfahringer_spearman_rank_perm.pkl', '--fold', '0', '--folds', '1', '--params', '-max_features', '0.823279521527', '-min_samples_leaf', '9', '-min_samples_split', '6', '-n_estimators', '80', '-n_jobs', '4', '-seed', '36']
0.70/0.89	Metafeatures (57, 8)
0.70/0.89	X (3192, 16)
0.70/0.89	Y (3192,)
0.70/0.89	Dataset Mae MSE Rho
2.68/1.74	vehicle 0.365018292484 0.161592681395 0.28183869653
4.85/2.54	anneal.ORIG 0.555397372361 0.363589160729 -0.0669043694744
6.93/3.43	segment 0.210104645405 0.0557440775059 0.799943548063
9.02/4.23	pendigits 0.296320904302 0.11252195767 0.672275789888
11.07/5.12	mushroom 0.195483518749 0.0476058201462 0.656115314169
13.19/6.01	labor 0.287375667687 0.112337889025 0.236266155004
15.33/6.90	abalone 0.282626045967 0.100798207096 0.613128448758
17.43/7.70	diabetes 0.522876385753 0.345307360048 0.196188175222
19.52/8.59	car 0.378831757321 0.193561179885 0.247901697521
21.62/9.48	autos 0.224133402632 0.0640243416785 0.72722140733
23.74/10.41	mfeat-fourier 0.557768264135 0.40702494002 -0.463482443605
25.83/11.21	primary-tumor 0.217435960231 0.0602682209175 0.536851003367
27.98/12.10	waveform-5000 0.166310641278 0.0392381684987 0.759542358767
30.00/12.99	credit-a 0.365558449736 0.190740678721 0.426959768482
32.09/13.78	letter 0.236160861206 0.0801299240277 0.64803507631
34.22/14.57	postoperative-patient-data 0.435178755796 0.248011067686 0.0232710850346
36.36/15.46	vowel 0.447600210865 0.249015240174 0.271819201584
38.38/16.26	eucalyptus 0.439621783175 0.259153830827 -0.12572850109
40.48/17.15	cylinder-bands 0.335544591611 0.138646320142 0.414677806935
42.59/17.94	ionosphere 0.416620835915 0.205150191488 0.035876256095
44.68/18.83	mfeat-karhunen 0.185152262197 0.0479984380016 0.761481615853
46.85/19.74	balance-scale 0.256270605452 0.0870091801696 0.384619322099
48.89/20.54	mfeat-morphological 0.454624531642 0.273469487972 -0.124758872546
50.97/21.34	liver-disorders 0.297942232373 0.116410101895 0.365549960751
53.02/22.22	dermatology 0.196597649123 0.0499156099975 0.520690527649
55.21/23.03	vote 0.0815269859891 0.0100157731118 0.794125776805
57.24/23.93	breast-cancer 0.131108950315 0.0247294988109 0.398840540731
59.38/24.84	credit-g 0.681590028173 0.617916532619 -0.698455760552
61.44/25.63	soybean 0.122741099456 0.0230719420496 0.779581348658
63.58/26.41	arrhythmia 0.253872240137 0.0903773281531 0.370721312981
65.55/27.31	nursery 0.286647225947 0.10454429052 0.551072221999
67.67/28.25	hepatitis 0.258674713536 0.0967250957878 0.372337360553
69.75/29.15	cmc 0.2477657018 0.0817380233962 0.350359113576
71.81/30.04	heart-c 0.251698659309 0.084115024686 0.774409996428
73.91/30.97	glass 0.360936342075 0.155729795919 0.361348237065
76.10/31.87	braziltourism 0.439604032097 0.249775235396 0.112800120515
78.12/32.76	iris 0.293351029096 0.108867175374 0.360701818036
80.20/33.54	heart-statlog 0.250016288985 0.0824704667916 0.766006549055
82.33/34.45	page-blocks 0.428218068678 0.246664360962 0.0452493320117
84.46/35.36	breast-w 0.221049149326 0.0626237002555 0.507762147074
86.52/36.15	heart-h 0.163285593805 0.0361950905002 0.674861466003
88.61/37.04	yeast 0.311509658528 0.118256139155 0.606987467985
90.72/37.84	tae 0.353942260112 0.152671401079 0.21234865094
92.81/38.64	haberman 0.276037087942 0.100956735255 0.00872665688796
94.89/39.43	mfeat-pixel 0.359274205715 0.16318729221 0.17905807096
96.99/40.23	optdigits 0.204835665875 0.0545898913669 0.734008807132
99.10/41.13	mfeat-factors 0.217502477914 0.0637434244134 0.70201106521
101.16/42.02	satimage 0.283466322697 0.106669645769 0.355530465806
103.23/43.06	lymph 0.229168993068 0.0779443189499 0.381387226955
105.31/43.85	audiology 0.31444794976 0.125003636668 0.375892665211
107.41/44.65	ecoli 0.392589009485 0.196211066711 0.202652365509
109.51/45.44	tic-tac-toe 0.318905594042 0.153615663196 0.496126604556
111.61/46.25	spambase 0.215661999656 0.0579918599618 0.842283994446
113.71/47.15	zoo 0.121570942304 0.021298888129 0.796388243405
115.79/48.04	sonar 0.509635403354 0.32186432575 -0.170331414072
117.87/48.83	mfeat-zernike 0.249706203591 0.086686098819 0.51713522299
119.99/49.62	kr-vs-kp 0.200271886151 0.0513731944662 0.670336532801
119.99/49.66	MAE 0.304511708707 0.121056352894
119.99/49.66	MSE 0.139243631438 0.139243631438
119.99/49.66	Mean tau 0.390028828708 0.32766165626
119.99/49.66	(0.03508771929824561, '1_class_probability_max')
119.99/49.66	(0.9649122807017544, '0_class_probability_max')
119.99/49.66	(2.7017543859649122, '1_landmark_naive_bayes')
119.99/49.66	(3.0701754385964914, '0_landmark_naive_bayes')
119.99/49.66	(3.8947368421052633, '0_landmark_decision_tree')
119.99/49.66	(5.526315789473684, '1_landmark_decision_tree')
119.99/49.66	(6.666666666666667, '1_number_of_numeric_features')
119.99/49.66	(6.912280701754386, '0_number_of_numeric_features')
119.99/49.66	(7.7368421052631575, '0_number_of_categorical_features')
119.99/49.66	(9.280701754385966, '1_number_of_categorical_features')
119.99/49.66	(9.68421052631579, '1_number_of_features')
119.99/49.66	(10.12280701754386, '0_number_of_features')
119.99/49.66	(12.017543859649123, '0_landmark_lda')
119.99/49.66	(12.385964912280702, '1_landmark_lda')
119.99/49.66	(14.473684210526315, '0_number_of_classes')
119.99/49.66	(14.526315789473685, '1_number_of_classes')
119.99/49.66	Result for ParamILS: SAT, 48.778792, 1, 0.304512, -1, /home/feurerm/thesis/Software/pyMetaLearn/optimizers/metalearn_optimizer/learn_distances.py
