0.81/8.25	['/home/feurerm/thesis/Software/pyMetaLearn/optimizers/metalearn_optimizer/learn_distances.py', '--input_file', '/home/feurerm/thesis/experiments/2014_04_25_predict_distances/testfold_0-3_pfahringer_spearman_rank_perm.pkl', '--fold', '0', '--folds', '1', '--params', '-max_features', '0.831418622879', '-min_samples_leaf', '7', '-min_samples_split', '2', '-n_estimators', '32', '-n_jobs', '4', '-seed', '23']
0.81/8.26	Metafeatures (57, 8)
0.81/8.26	X (3192, 16)
0.81/8.26	Y (3192,)
0.81/8.26	Dataset Mae MSE Rho
1.66/8.70	vehicle 0.362443451499 0.161773205829 0.27149599207
2.52/9.17	anneal.ORIG 0.480680369731 0.281606543379 0.134131948463
3.43/14.75	segment 0.211011290109 0.0572921498225 0.775702834486
4.31/17.44	pendigits 0.285994821024 0.103855374782 0.673245418431
5.24/17.90	mushroom 0.178221514705 0.039621207202 0.681648865804
6.15/18.37	labor 0.307376596518 0.13012504496 0.211379022397
7.04/18.84	abalone 0.267828785967 0.0952651900751 0.585978849551
8.00/19.40	diabetes 0.528911250725 0.350920087053 0.209116555797
8.84/19.97	car 0.386971403865 0.200442211403 0.158695871555
9.75/20.50	autos 0.2377274824 0.072253999768 0.610542772643
10.63/20.97	mfeat-fourier 0.565490960262 0.417078271136 -0.445382710801
11.52/21.47	primary-tumor 0.237321795779 0.0703516770532 0.462189605548
12.44/22.02	waveform-5000 0.141038637349 0.0303616821451 0.774409996428
13.34/22.51	credit-a 0.36324904218 0.188979409434 0.440534568085
14.25/23.13	letter 0.23256043672 0.0733299532795 0.581777125864
15.17/23.64	postoperative-patient-data 0.448419207655 0.264615368328 -0.0216550374627
16.07/24.22	vowel 0.429261631256 0.229506361519 0.328057657085
16.97/24.69	eucalyptus 0.443034119844 0.261780824302 -0.140596138751
17.86/25.41	cylinder-bands 0.333985314714 0.139327752493 0.387204998214
18.76/25.88	ionosphere 0.415987936726 0.201864406084 -0.0197157803765
19.67/26.37	mfeat-karhunen 0.171863501862 0.0436357020718 0.749199654307
20.58/26.97	balance-scale 0.293033344887 0.109997878128 0.209116555797
21.46/27.51	mfeat-morphological 0.453847192798 0.271352585314 -0.179704489989
22.35/27.98	liver-disorders 0.307747024004 0.125411529239 0.336784313973
23.26/28.46	dermatology 0.188699925069 0.0465335334936 0.528447555993
24.15/29.18	vote 0.0864460788528 0.0112749890124 0.746613978193
25.08/29.65	breast-cancer 0.120003213799 0.021092141633 0.441504196628
25.98/30.15	credit-g 0.675050891367 0.600729594136 -0.670013323287
26.88/30.88	soybean 0.114210463271 0.0206209308817 0.749199654307
27.77/31.49	arrhythmia 0.274224354428 0.102619946654 0.308018667194
28.67/31.96	nursery 0.275072472385 0.0972395613777 0.602462534784
29.58/32.74	hepatitis 0.249002855053 0.0884634665636 0.42017236868
30.50/33.24	cmc 0.263391697238 0.0892374908961 0.277313763329
31.41/33.73	heart-c 0.244988170652 0.0804622610101 0.793156148262
32.30/34.28	glass 0.375713579605 0.169398499744 0.22560024103
33.21/34.78	braziltourism 0.436757066225 0.24725590765 0.0809704966823
34.14/35.38	iris 0.277083056454 0.101342904585 0.359732189493
35.07/35.96	heart-statlog 0.237651439286 0.0763337805203 0.751138911394
35.99/36.53	page-blocks 0.411203718504 0.232036266121 0.0767684349782
36.89/37.09	breast-w 0.20935214011 0.0578732815396 0.554304317143
37.81/37.69	heart-h 0.158069400166 0.0342879825246 0.681972075319
38.72/38.21	yeast 0.295974555727 0.107758395445 0.628642505448
39.61/41.44	tae 0.363199302992 0.16397847367 0.153201309811
40.53/41.91	haberman 0.262753600282 0.0906017070242 0.0746613978193
41.44/42.37	mfeat-pixel 0.376422793815 0.179886337121 0.123142824975
42.33/42.85	optdigits 0.181768638237 0.0433152888969 0.771824320313
43.27/43.32	mfeat-factors 0.208741072759 0.0586125888312 0.717201912385
44.19/48.23	satimage 0.257251142272 0.092264678019 0.525861879878
45.10/48.69	lymph 0.216127941213 0.0689085205712 0.453139739145
46.00/49.16	audiology 0.320800843483 0.127442540935 0.332582590286
46.90/49.95	ecoli 0.383147959081 0.186478717572 0.276344134786
47.79/50.45	tic-tac-toe 0.275599591621 0.111410693079 0.64803507631
48.68/51.03	spambase 0.223204643536 0.0591571738564 0.837759061245
49.57/51.52	zoo 0.117819695485 0.019443134053 0.795418614862
50.55/52.20	sonar 0.513583420357 0.330219332483 -0.178734861446
51.38/52.70	mfeat-zernike 0.223862215688 0.0737539431825 0.572727259462
52.27/53.18	kr-vs-kp 0.184422915725 0.0436841671725 0.689405894149
52.27/53.20	MAE 0.299747508199 0.12170274231
52.27/53.20	MSE 0.136043274475 0.136043274475
52.27/53.20	Mean tau 0.388118145942 0.328407709308
52.27/53.20	(0.10526315789473684, '1_class_probability_max')
52.27/53.20	(0.8947368421052632, '0_class_probability_max')
52.27/53.20	(2.6842105263157894, '0_landmark_naive_bayes')
52.27/53.20	(3.9473684210526314, '1_landmark_naive_bayes')
52.27/53.20	(4.12280701754386, '1_landmark_decision_tree')
52.27/53.20	(4.824561403508772, '0_landmark_decision_tree')
52.27/53.20	(6.9298245614035086, '0_number_of_numeric_features')
52.27/53.20	(6.947368421052632, '1_number_of_numeric_features')
52.27/53.20	(8.68421052631579, '1_number_of_categorical_features')
52.27/53.20	(8.789473684210526, '0_number_of_categorical_features')
52.27/53.20	(9.842105263157896, '0_number_of_features')
52.27/53.20	(9.842105263157896, '1_number_of_features')
52.27/53.20	(11.0, '0_landmark_lda')
52.35/53.20	(12.385964912280702, '1_landmark_lda')
52.35/53.20	(14.403508771929825, '1_number_of_classes')
52.35/53.20	(14.596491228070175, '0_number_of_classes')
52.35/53.20	Result for ParamILS: SAT, 44.946506, 1, 0.299748, -1, /home/feurerm/thesis/Software/pyMetaLearn/optimizers/metalearn_optimizer/learn_distances.py
