0.80/1.01	['/home/feurerm/thesis/Software/pyMetaLearn/optimizers/metalearn_optimizer/learn_distances.py', '--input_file', '/home/feurerm/thesis/experiments/2014_04_25_predict_distances/testfold_0-3_pfahringer_spearman_rank_perm.pkl', '--fold', '0', '--folds', '1', '--params', '-max_features', '0.551049811577', '-min_samples_leaf', '9', '-min_samples_split', '2', '-n_estimators', '76', '-n_jobs', '4', '-seed', '60']
0.80/1.02	Metafeatures (57, 8)
0.80/1.02	X (3192, 16)
0.80/1.02	Y (3192,)
0.80/1.02	Dataset Mae MSE Rho
1.98/1.69	vehicle 0.372539763884 0.170108741015 0.245316021406
3.30/2.29	anneal.ORIG 0.47036436077 0.263688522727 0.43051507314
4.64/2.98	segment 0.248006886186 0.0765610171169 0.766006549055
5.97/3.56	pendigits 0.330405125482 0.136745205898 0.613451658272
7.32/4.16	mushroom 0.200061259541 0.0499195207671 0.648358285824
8.65/4.74	labor 0.277560058529 0.110613054745 0.276020925271
10.00/5.33	abalone 0.302747611552 0.115782105186 0.560445297916
11.36/6.04	diabetes 0.488593311915 0.314029202679 0.134131948463
12.80/6.73	car 0.362986037042 0.173689081696 0.205884460653
14.19/7.33	autos 0.245875559524 0.0789927675396 0.583716382951
15.54/8.03	mfeat-fourier 0.542332913656 0.380209989763 -0.388821045786
16.94/9.27	primary-tumor 0.228314490022 0.0651217507353 0.4970962331
18.34/9.86	waveform-5000 0.206558786453 0.0586308939194 0.734978435675
19.61/10.45	credit-a 0.388293354157 0.210194831588 0.3329057998
20.93/11.16	letter 0.23575639932 0.0776980063377 0.660963456885
22.33/11.75	postoperative-patient-data 0.41572688589 0.222286297257 0.0255335516352
23.66/12.35	vowel 0.449093470541 0.249589148458 0.261476497125
25.03/13.05	eucalyptus 0.422757287179 0.238811908289 -0.0827416356785
26.35/13.74	cylinder-bands 0.334117319755 0.139381271745 0.396578074131
27.73/14.34	ionosphere 0.39923156736 0.191217673907 0.142212186322
29.05/15.03	mfeat-karhunen 0.211343604888 0.0609980944136 0.718494750442
30.46/15.74	balance-scale 0.251130109243 0.0858807287158 0.361348237065
31.93/16.42	mfeat-morphological 0.44918645547 0.263501458308 -0.206854089196
33.19/17.11	liver-disorders 0.293206285099 0.11458701276 0.3891442553
34.58/17.73	dermatology 0.19193226911 0.0479838005667 0.539113469968
35.89/18.42	vote 0.0807968782954 0.00989255908345 0.783136653316
37.30/20.32	breast-cancer 0.146515671123 0.0299778731956 0.394638817045
38.74/20.91	credit-g 0.631507426019 0.522689216139 -0.713000188698
40.02/21.69	soybean 0.128582041804 0.026108543922 0.766652968083
41.42/22.39	arrhythmia 0.262008061751 0.0949712911441 0.269556734984
42.86/23.09	nursery 0.301977683468 0.11458825633 0.508731775617
44.16/23.71	hepatitis 0.290840264077 0.116429553614 0.0494510556985
45.50/24.39	cmc 0.264624450705 0.0898604863909 0.311250762337
46.82/24.98	heart-c 0.280883599261 0.103976020783 0.746613978193
48.17/25.68	glass 0.364383782415 0.158984802739 0.332259380771
49.64/26.38	braziltourism 0.427806541627 0.235010181284 0.114092958572
50.92/26.98	iris 0.303309248796 0.1200123856 0.301231267392
52.25/27.68	heart-statlog 0.278386622671 0.10372295076 0.733362388103
53.64/28.27	page-blocks 0.366456019877 0.181626702746 0.298322381763
54.98/28.86	breast-w 0.216202573123 0.0622114183782 0.516488803962
56.29/29.46	heart-h 0.178663570941 0.0425314375298 0.677447142118
57.61/30.14	yeast 0.31688028242 0.124781762286 0.575312935577
59.05/30.74	tae 0.34678554839 0.147546070371 0.172270671159
60.34/31.33	haberman 0.249209720633 0.0800760721522 0.129607015262
61.65/32.53	mfeat-pixel 0.354136697353 0.153960190553 0.183259794647
63.06/33.12	optdigits 0.217268020735 0.0605448273041 0.72722140733
64.43/33.81	mfeat-factors 0.226133347061 0.0695141764088 0.707505626954
65.75/34.41	satimage 0.272673318791 0.101639453979 0.424374092367
67.06/34.99	lymph 0.20386533064 0.0620502393054 0.472209100493
68.37/35.60	audiology 0.325388237725 0.136066801392 0.351975161148
69.70/36.19	ecoli 0.404284101413 0.207933165481 0.126698129633
71.02/36.79	tic-tac-toe 0.278655985331 0.117337859574 0.615067705844
72.39/37.39	spambase 0.21785800339 0.0621675035019 0.862969403365
73.84/38.00	zoo 0.128422826451 0.0235792752445 0.775702834486
75.07/38.59	sonar 0.505281759111 0.320762368558 -0.187461518334
76.39/39.18	mfeat-zernike 0.266846419099 0.0962210825765 0.47123947195
77.74/39.77	kr-vs-kp 0.20341704011 0.0532714665792 0.662579504457
77.86/39.81	MAE 0.30452933767 0.108604857611
77.86/39.81	MSE 0.135548562825 0.135548562825
77.86/39.81	Mean tau 0.386070929743 0.314006004338
77.86/39.81	(0.49122807017543857, '1_class_probability_max')
77.86/39.81	(0.5087719298245614, '0_class_probability_max')
77.86/39.81	(2.280701754385965, '1_landmark_decision_tree')
77.86/39.81	(2.8947368421052633, '0_landmark_decision_tree')
77.86/39.81	(4.2105263157894735, '1_landmark_naive_bayes')
77.86/39.81	(4.666666666666667, '0_landmark_naive_bayes')
77.86/39.81	(6.912280701754386, '0_landmark_lda')
77.86/39.81	(8.421052631578947, '0_number_of_numeric_features')
77.86/39.81	(8.543859649122806, '1_number_of_numeric_features')
77.86/39.81	(8.859649122807017, '0_number_of_features')
77.86/39.81	(10.017543859649123, '1_number_of_categorical_features')
77.86/39.81	(10.456140350877194, '0_number_of_categorical_features')
77.86/39.81	(11.280701754385966, '1_landmark_lda')
77.86/39.81	(11.456140350877194, '1_number_of_features')
77.86/39.81	(14.368421052631579, '1_number_of_classes')
77.86/39.81	(14.631578947368421, '0_number_of_classes')
77.86/39.81	Result for ParamILS: SAT, 38.798648, 1, 0.304529, -1, /home/feurerm/thesis/Software/pyMetaLearn/optimizers/metalearn_optimizer/learn_distances.py
