0.75/1.11	['/home/feurerm/thesis/Software/pyMetaLearn/optimizers/metalearn_optimizer/learn_distances.py', '--input_file', '/home/feurerm/thesis/experiments/2014_04_25_predict_distances/testfold_0-3_pfahringer_spearman_rank_perm.pkl', '--fold', '0', '--folds', '1', '--params', '-max_features', '0.717026844927', '-min_samples_leaf', '3', '-min_samples_split', '4', '-n_estimators', '8', '-n_jobs', '4', '-seed', '28']
0.75/1.12	Metafeatures (57, 8)
0.75/1.12	X (3192, 16)
0.75/1.12	Y (3192,)
0.75/1.12	Dataset Mae MSE Rho
1.00/1.36	vehicle 0.3035656607 0.122618790168 0.52230657522
1.28/1.60	anneal.ORIG 0.379433366859 0.19746219096 0.141588547206
1.55/1.85	segment 0.174911886909 0.0428319836669 0.778934929629
1.86/2.10	pendigits 0.258367503401 0.0905438221092 0.695117976508
2.10/2.35	mushroom 0.158819930225 0.0337687839342 0.715158578481
2.40/2.60	labor 0.285312741473 0.114829658974 0.270569895004
2.66/2.85	abalone 0.235796178699 0.0776807385718 0.662579504457
2.94/3.09	diabetes 0.532582168407 0.365398540595 0.132515900891
3.21/3.34	car 0.399364465744 0.224508815447 0.224666758695
3.50/3.59	autos 0.209874677576 0.0631447039261 0.574343307034
3.76/3.84	mfeat-fourier 0.609389083143 0.489188776643 -0.454630752829
4.04/4.09	primary-tumor 0.228636321769 0.0724538540246 0.492894509413
4.32/4.34	waveform-5000 0.162810507108 0.0414691965212 0.725282150244
4.60/4.59	credit-a 0.373976242722 0.203481828653 0.341955666202
4.88/4.84	letter 0.1907027209 0.0551575462091 0.564970231117
5.16/5.09	postoperative-patient-data 0.449335806107 0.265824954211 -0.0454145899555
5.43/5.34	vowel 0.439168790604 0.252004475976 0.219315297401
5.74/5.70	eucalyptus 0.41715770285 0.238413746822 0.0374923036668
6.01/5.95	cylinder-bands 0.267347319157 0.09293124411 0.547193707827
6.32/6.20	ionosphere 0.391312488893 0.192570779912 0.161779375607
6.58/6.44	mfeat-karhunen 0.127043990501 0.0305588405874 0.769623762876
6.85/6.69	balance-scale 0.251670123062 0.0847422679504 0.398517331217
7.13/6.94	mfeat-morphological 0.496469134329 0.322909832807 -0.220752098314
7.40/7.18	liver-disorders 0.29897799671 0.123007470149 0.186668510315
7.67/7.43	dermatology 0.19994079637 0.0526696299081 0.507115728045
7.95/7.67	vote 0.0918618423776 0.0128899891963 0.734655226161
8.24/7.92	breast-cancer 0.155848262129 0.0363023373296 0.356823303863
8.51/8.17	credit-g 0.649842421186 0.576853973659 -0.56076850743
8.79/8.41	soybean 0.130913937435 0.0305454204152 0.655145685626
9.05/8.66	arrhythmia 0.284299483086 0.112511727167 0.203476757132
9.33/8.90	nursery 0.261645359501 0.091886376984 0.602462534784
9.59/9.15	hepatitis 0.227616126042 0.0694461432109 0.395348842999
9.87/9.39	cmc 0.280963918894 0.102732984172 0.32773444757
10.15/9.64	heart-c 0.213959029443 0.0638125526818 0.783136653316
10.41/9.89	glass 0.321208665944 0.129695843881 0.454755786717
10.70/10.13	braziltourism 0.472259994422 0.296517326582 -0.0176163356055
10.98/10.38	iris 0.26582971956 0.099046263895 0.400456588303
11.24/10.62	heart-statlog 0.278472830163 0.113466758826 0.514549546876
11.52/10.87	page-blocks 0.441640568245 0.276813483994 0.0864655004491
11.81/11.12	breast-w 0.252759125802 0.0875752050901 0.374276617639
12.07/11.37	heart-h 0.143051842848 0.0310429256245 0.660317037856
12.35/11.61	yeast 0.234628477437 0.0749015402423 0.650620752425
12.62/11.86	tae 0.411467166173 0.211536366313 0.0365226751237
12.91/12.11	haberman 0.276783132306 0.102546456781 0.0882361974228
13.18/12.35	mfeat-pixel 0.345774458187 0.153076382046 0.214934327055
13.45/12.59	optdigits 0.154117905445 0.033548607131 0.770755087181
13.74/12.84	mfeat-factors 0.178378664409 0.0475191043268 0.710310045746
14.01/13.08	satimage 0.264969809331 0.0977178697436 0.402331340028
14.26/13.33	lymph 0.203102628274 0.0626039614144 0.508408566103
14.53/13.57	audiology 0.315322141639 0.138783723217 0.415196019914
14.83/13.82	ecoli 0.385494513337 0.197885917162 0.161307500128
15.09/14.07	tic-tac-toe 0.308381752901 0.147846339433 0.344407441976
15.37/14.32	spambase 0.220805922377 0.0668015149783 0.685097675521
15.65/14.56	zoo 0.0912052988974 0.0119868424713 0.843576832503
15.93/14.81	sonar 0.490663496594 0.298129895444 -0.0313513228938
16.22/15.06	mfeat-zernike 0.285566365591 0.120245948798 0.318225365204
16.51/15.31	kr-vs-kp 0.137565371263 0.0260753196393 0.785399119917
16.51/15.32	MAE 0.291550312903 0.125211556369
16.51/15.32	MSE 0.136359957451 0.136359957451
16.51/15.32	Mean tau 0.382894568694 0.309246935345
16.51/15.32	(0.3684210526315789, '0_class_probability_max')
16.51/15.32	(0.6491228070175439, '1_class_probability_max')
16.51/15.32	(2.473684210526316, '1_landmark_decision_tree')
16.51/15.32	(3.6140350877192984, '0_landmark_decision_tree')
16.51/15.32	(4.578947368421052, '1_landmark_naive_bayes')
16.51/15.32	(4.7368421052631575, '0_landmark_naive_bayes')
16.51/15.32	(6.842105263157895, '1_number_of_numeric_features')
16.51/15.32	(8.263157894736842, '0_number_of_numeric_features')
16.51/15.32	(8.68421052631579, '0_number_of_categorical_features')
16.51/15.32	(9.333333333333334, '0_number_of_features')
16.51/15.32	(9.631578947368421, '1_number_of_features')
16.51/15.32	(9.964912280701755, '1_number_of_categorical_features')
16.51/15.32	(10.87719298245614, '0_landmark_lda')
16.51/15.32	(11.350877192982455, '1_landmark_lda')
16.51/15.32	(14.263157894736842, '1_number_of_classes')
16.51/15.32	(14.368421052631579, '0_number_of_classes')
16.51/15.32	Result for ParamILS: SAT, 14.207732, 1, 0.291550, -1, /home/feurerm/thesis/Software/pyMetaLearn/optimizers/metalearn_optimizer/learn_distances.py
