0.76/0.91	['/home/feurerm/thesis/Software/pyMetaLearn/optimizers/metalearn_optimizer/learn_distances.py', '--input_file', '/home/feurerm/thesis/experiments/2014_04_25_predict_distances/testfold_0-3_pfahringer_spearman_rank_perm.pkl', '--fold', '0', '--folds', '1', '--params', '-max_features', '0.607252376293', '-min_samples_leaf', '8', '-min_samples_split', '2', '-n_estimators', '2', '-n_jobs', '4', '-seed', '21']
0.76/0.91	Metafeatures (57, 8)
0.76/0.91	X (3192, 16)
0.76/0.91	Y (3192,)
0.76/0.91	Dataset Mae MSE Rho
0.84/1.15	vehicle 0.335932012361 0.156321314138 0.396096792805
0.92/1.38	anneal.ORIG 0.515829534987 0.342494316916 0.249229300986
1.00/1.61	segment 0.225372794626 0.0821787356435 0.638581680651
1.08/1.85	pendigits 0.292273582482 0.128900016019 0.594577049565
1.16/2.08	mushroom 0.1888430069 0.0512018728387 0.633441558442
1.24/2.31	labor 0.311959618925 0.166360128142 0.260686683012
1.32/2.55	abalone 0.321993654493 0.143878680452 0.407428659036
1.41/2.79	diabetes 0.571161032675 0.402435976921 0.15798869754
1.49/3.02	car 0.405388876517 0.216745289106 0.104732543763
1.58/3.26	autos 0.348661116614 0.173545554664 0.0718398193638
1.67/3.49	mfeat-fourier 0.604195356971 0.479505858983 -0.382667985103
1.75/3.73	primary-tumor 0.238412803147 0.0848158948388 0.466923122852
1.84/3.97	waveform-5000 0.254083962617 0.102282030793 0.437887793206
1.94/4.20	credit-a 0.409568442427 0.235802807435 0.219224953701
2.01/4.44	letter 0.25863631162 0.101072987952 0.350227494337
2.09/4.67	postoperative-patient-data 0.394568779805 0.216623170298 0.166125947295
2.19/4.91	vowel 0.49487277485 0.326338493253 0.10353522524
2.27/5.15	eucalyptus 0.507597412291 0.348596377863 -0.148394491274
2.35/5.38	cylinder-bands 0.536464101635 0.415011170025 -0.0213691887059
2.44/5.62	ionosphere 0.392558889657 0.209348267696 0.123693073582
2.53/5.86	mfeat-karhunen 0.228791917735 0.0825093112122 0.541050814898
2.63/6.10	balance-scale 0.290667039974 0.114344415629 0.179837636113
2.70/6.34	mfeat-morphological 0.559252321641 0.429823610276 -0.195320209831
2.79/6.58	liver-disorders 0.297063739121 0.130350443847 0.190680746656
2.87/6.81	dermatology 0.182709030553 0.0473619935832 0.516631571836
2.95/7.05	vote 0.12571897818 0.0260780740488 0.660187663988
3.04/7.29	breast-cancer 0.215735314255 0.0751491403682 0.25946232943
3.13/7.53	credit-g 0.590819251733 0.485699405053 -0.184353608884
3.22/7.77	soybean 0.198768288078 0.0631136000039 0.46138953438
3.31/8.00	arrhythmia 0.264013113679 0.0980795565847 0.218239862358
3.40/8.24	nursery 0.341116509808 0.158767821015 0.340176915055
3.47/8.48	hepatitis 0.501257072075 0.373254223309 -0.388564084626
3.56/8.72	cmc 0.336523805041 0.147719118221 0.163654911294
3.65/8.95	heart-c 0.317463489429 0.141857320124 0.481700898799
3.74/9.19	glass 0.32718549896 0.152254436533 0.368638910394
3.81/9.42	braziltourism 0.412336212914 0.243530396914 0.16865300396
3.90/9.66	iris 0.335414179833 0.176142629366 0.147433356853
3.99/9.90	heart-statlog 0.439032919264 0.285173542534 -0.0537111196262
4.06/10.13	page-blocks 0.284330539601 0.12502093849 0.351133532744
4.16/10.37	breast-w 0.271109703668 0.106993112555 0.343684321723
4.24/10.61	heart-h 0.271241172578 0.106681694625 0.331464187034
4.35/11.55	yeast 0.428764412433 0.287798722066 0.0669422951017
4.42/13.51	tae 0.406066709517 0.216194010878 -0.0578721189721
4.51/13.74	haberman 0.266657137652 0.109698808045 0.117584141105
4.60/14.01	mfeat-pixel 0.350932168408 0.160656823752 0.23045683693
4.69/14.24	optdigits 0.188229048622 0.0553080315744 0.681155041916
4.78/14.48	mfeat-factors 0.249302709243 0.0907547358243 0.498864978317
4.85/14.72	satimage 0.281264316842 0.115164509201 0.335415849102
4.95/14.95	lymph 0.189513471509 0.0589158647708 0.550110328802
5.04/15.19	audiology 0.49648532803 0.353387484508 -0.0853541177747
5.11/15.43	ecoli 0.43656250497 0.270197775932 0.0331599760214
5.21/15.66	tic-tac-toe 0.235258046621 0.0803589970276 0.608738094025
5.29/15.90	spambase 0.223899641695 0.0671551747755 0.63424988071
5.38/16.14	zoo 0.13694463787 0.0315251291506 0.675699852762
5.46/16.37	sonar 0.463270311517 0.280004298849 0.0122001065546
5.56/17.53	mfeat-zernike 0.193220532996 0.0604197818956 0.607876623387
5.63/17.77	kr-vs-kp 0.194241931137 0.0566596061675 0.621942326605
5.63/17.77	MAE 0.335781352154 0.12202962563
5.63/17.77	MSE 0.179781815486 0.179781815486
5.63/17.77	Mean tau 0.26777245613 0.268181675483
5.63/17.77	(0.7543859649122807, '1_landmark_decision_tree')
5.63/17.77	(2.1052631578947367, '0_class_probability_max')
5.63/17.77	(3.526315789473684, '0_landmark_decision_tree')
5.63/17.77	(3.543859649122807, '1_class_probability_max')
5.63/17.77	(3.8421052631578947, '0_landmark_naive_bayes')
5.63/17.77	(4.964912280701754, '1_landmark_naive_bayes')
5.63/17.77	(7.894736842105263, '1_number_of_numeric_features')
5.63/17.77	(7.9298245614035086, '0_number_of_features')
5.63/17.77	(8.210526315789474, '0_number_of_numeric_features')
5.63/17.77	(9.736842105263158, '1_number_of_features')
5.63/17.77	(9.75438596491228, '1_landmark_lda')
5.63/17.77	(10.403508771929825, '0_landmark_lda')
5.63/17.77	(10.807017543859649, '1_number_of_categorical_features')
5.63/17.77	(11.333333333333334, '0_number_of_categorical_features')
5.63/17.77	(12.140350877192983, '1_number_of_classes')
5.63/17.77	(13.052631578947368, '0_number_of_classes')
5.63/17.77	Result for ParamILS: SAT, 16.861544, 1, 0.335781, -1, /home/feurerm/thesis/Software/pyMetaLearn/optimizers/metalearn_optimizer/learn_distances.py
