0.77/0.94	['/home/feurerm/thesis/Software/pyMetaLearn/optimizers/metalearn_optimizer/learn_distances.py', '--input_file', '/home/feurerm/thesis/experiments/2014_04_25_predict_distances/testfold_0-3_pfahringer_spearman_rank_perm.pkl', '--fold', '0', '--folds', '1', '--params', '-max_features', '0.284517057155', '-min_samples_leaf', '1', '-min_samples_split', '3', '-n_estimators', '70', '-n_jobs', '4', '-seed', '59']
0.77/0.95	Metafeatures (57, 8)
0.77/0.95	X (3192, 16)
0.77/0.95	Y (3192,)
0.77/0.95	Dataset Mae MSE Rho
1.86/1.50	vehicle 0.304186192519 0.114142120099 0.562384555002
3.05/2.10	anneal.ORIG 0.319560347778 0.130967565444 0.564000602574
4.08/2.71	segment 0.150998699453 0.0289862744405 0.873958526854
5.30/3.32	pendigits 0.238337291043 0.0727515043741 0.741765835477
6.37/4.03	mushroom 0.151790105054 0.0292763689211 0.738210530819
7.55/4.63	labor 0.319153863834 0.145063042323 0.249840954607
8.72/5.27	abalone 0.209642005999 0.0579531678809 0.715909074327
9.91/5.99	diabetes 0.486650835586 0.309085573267 0.17162425213
11.15/6.60	car 0.349372367132 0.173366975029 0.455402205746
12.33/7.20	autos 0.245259738081 0.0821130108582 0.570788002376
13.39/7.82	mfeat-fourier 0.584628200025 0.437369591229 -0.469623424378
14.56/8.45	primary-tumor 0.193346497391 0.0448807437655 0.653852847569
15.73/9.05	waveform-5000 0.216391053388 0.0672859891106 0.667750856686
16.89/9.66	credit-a 0.358148973184 0.182271313481 0.510024613674
18.04/10.27	letter 0.234703458 0.0752659924303 0.661286666399
19.21/10.78	postoperative-patient-data 0.418217991327 0.216320991952 -0.012281961546
20.37/11.38	vowel 0.430539484037 0.236517818765 0.291211772447
21.53/12.00	eucalyptus 0.394924295245 0.203542042668 0.0371690941524
22.73/12.61	cylinder-bands 0.352085543444 0.162225859494 0.32030062874
23.99/13.25	ionosphere 0.385197341851 0.188258392668 0.212995069969
25.11/13.87	mfeat-karhunen 0.111715783701 0.0188513378065 0.884624440828
26.30/14.59	balance-scale 0.211444579532 0.0632955348691 0.592119830324
27.61/15.30	mfeat-morphological 0.492607105459 0.323187518054 -0.283777953616
28.65/15.92	liver-disorders 0.291869165353 0.103734783909 0.718494750442
29.94/16.55	dermatology 0.221118721376 0.0633365604282 0.488369576212
31.02/17.17	vote 0.0782406916555 0.00933732317972 0.777318882058
32.36/17.90	breast-cancer 0.232745135112 0.0671921609198 0.249840954607
33.54/18.65	credit-g 0.55853786131 0.422339630358 -0.628319295933
34.66/19.39	soybean 0.124742243007 0.0244951410853 0.70427353181
35.85/20.02	arrhythmia 0.290649775915 0.112807359936 0.179704489989
37.04/20.64	nursery 0.254429549282 0.0837899065294 0.629288924477
38.24/21.36	hepatitis 0.303666236437 0.132444654657 0.0921147115952
39.49/21.97	cmc 0.334993195563 0.140592606412 0.193602499107
40.59/22.61	heart-c 0.181795171608 0.0450576411622 0.903370592661
41.81/23.26	glass 0.33918975712 0.138114542116 0.45572541526
42.99/23.87	braziltourism 0.519252003999 0.346942825222 -0.106982349256
44.21/24.59	iris 0.278701317204 0.101199307624 0.375892665211
45.47/25.22	heart-statlog 0.234112359798 0.0777315875467 0.850687441819
46.61/25.85	page-blocks 0.32756351055 0.150629610409 0.370074893953
47.86/26.48	breast-w 0.204810599166 0.0614612984292 0.51713522299
49.08/27.10	heart-h 0.151647211262 0.0315406009786 0.69166836075
50.18/27.74	yeast 0.222597711474 0.0632646018037 0.771824320313
51.35/28.37	tae 0.366108947555 0.162633742602 0.108598396828
52.56/29.10	haberman 0.247163912842 0.0822713512862 0.239175040633
53.79/29.73	mfeat-pixel 0.338466767061 0.137623178807 0.255335516352
54.94/30.45	optdigits 0.111191134765 0.016852092586 0.863939031908
56.12/31.07	mfeat-factors 0.165325277293 0.041409084107 0.759865568282
57.32/31.71	satimage 0.255764371818 0.0880478724863 0.487723157183
58.52/32.33	lymph 0.181847321761 0.0491654852482 0.655792104655
59.77/32.94	audiology 0.331867849882 0.150281429785 0.328380866599
60.88/33.66	ecoli 0.410574378019 0.217287659466 0.137040834092
62.21/34.30	tic-tac-toe 0.308864398372 0.142955929532 0.480289338352
63.26/34.91	spambase 0.221876163887 0.0649268274322 0.82709314727
64.44/35.52	zoo 0.101059611279 0.0139158803981 0.823861052127
65.68/36.24	sonar 0.482905195195 0.289590294926 -0.0714293026756
66.83/36.88	mfeat-zernike 0.281485251911 0.108963888563 0.404981521504
68.13/37.50	kr-vs-kp 0.146087650191 0.0271313811725 0.780874186716
68.13/37.57	MAE 0.285265828107 0.117293074697
68.13/37.57	MSE 0.125123631053 0.125123631053
68.13/37.57	Mean tau 0.439037597703 0.342164625924
68.13/37.57	(0.49122807017543857, '0_class_probability_max')
68.13/37.57	(0.5087719298245614, '1_class_probability_max')
68.13/37.57	(2.9649122807017543, '0_landmark_decision_tree')
68.13/37.57	(3.3859649122807016, '1_landmark_decision_tree')
68.13/37.57	(4.333333333333333, '1_landmark_naive_bayes')
68.13/37.57	(4.508771929824562, '0_landmark_naive_bayes')
68.13/37.57	(4.964912280701754, '0_landmark_lda')
68.13/37.57	(7.5964912280701755, '1_landmark_lda')
68.13/37.57	(9.456140350877194, '0_number_of_numeric_features')
68.13/37.57	(9.736842105263158, '0_number_of_features')
68.13/37.57	(9.859649122807017, '1_number_of_numeric_features')
68.13/37.57	(10.403508771929825, '1_number_of_features')
68.13/37.57	(11.263157894736842, '1_number_of_categorical_features')
68.13/37.57	(12.578947368421053, '1_number_of_classes')
68.13/37.57	(13.210526315789474, '0_number_of_categorical_features')
68.13/37.57	(14.736842105263158, '0_number_of_classes')
68.13/37.57	Result for ParamILS: SAT, 36.624875, 1, 0.285266, -1, /home/feurerm/thesis/Software/pyMetaLearn/optimizers/metalearn_optimizer/learn_distances.py
