0.67/0.88	['/home/feurerm/thesis/Software/pyMetaLearn/optimizers/metalearn_optimizer/learn_distances.py', '--input_file', '/home/feurerm/thesis/experiments/2014_04_25_predict_distances/testfold_0-3_pfahringer_spearman_rank_perm.pkl', '--fold', '0', '--folds', '1', '--params', '-max_features', '0.81042663873', '-min_samples_leaf', '6', '-min_samples_split', '5', '-n_estimators', '76', '-n_jobs', '4', '-seed', '87']
0.67/0.88	Metafeatures (57, 8)
0.67/0.88	X (3192, 16)
0.67/0.88	Y (3192,)
0.67/0.88	Dataset Mae MSE Rho
2.54/1.62	vehicle 0.35630032593 0.1513981303 0.316422114567
4.51/2.41	anneal.ORIG 0.494434029383 0.294136445009 0.0471885890979
6.64/3.22	segment 0.182776713884 0.0426645094092 0.833880547072
8.51/3.91	pendigits 0.287523361618 0.105345469812 0.679386399204
10.50/4.81	mushroom 0.17828739978 0.0393417333253 0.692961198807
12.45/5.50	labor 0.300852477914 0.126591297965 0.244669602377
14.41/6.29	abalone 0.245699976253 0.0770596209105 0.654822476112
16.58/7.10	diabetes 0.535207123888 0.351000988094 0.241114297719
18.59/7.90	car 0.363452636497 0.177706104209 0.340986037659
20.44/8.69	autos 0.211325641282 0.0595871119079 0.735948064218
22.44/9.48	mfeat-fourier 0.562697377138 0.413580638624 -0.474794776608
24.41/10.17	primary-tumor 0.201880264964 0.0513295122078 0.608926725071
26.37/10.86	waveform-5000 0.164534854328 0.0400066877112 0.776026044
28.29/11.54	credit-a 0.36656792953 0.189007290584 0.435040006341
30.25/12.43	letter 0.239742511026 0.0784372472224 0.633490648163
32.23/13.22	postoperative-patient-data 0.438521495113 0.250188867242 0.0274728087214
34.18/14.01	vowel 0.419085254725 0.218056870115 0.367812427352
36.31/14.80	eucalyptus 0.422921621533 0.232618595323 -0.087589778394
38.17/15.60	cylinder-bands 0.341100031516 0.143876530133 0.362964284636
40.12/16.28	ionosphere 0.425170580381 0.208512441642 -0.00581777125864
42.06/16.96	mfeat-karhunen 0.15173638092 0.0337499820642 0.808023785923
44.06/17.86	balance-scale 0.253988084201 0.0878071911356 0.401426216846
46.08/18.64	mfeat-morphological 0.475398629168 0.300634814915 -0.244669602377
47.98/19.45	liver-disorders 0.299070013652 0.115027782421 0.351328742119
49.93/20.13	dermatology 0.208194532285 0.0557859339639 0.477380452723
51.91/21.03	vote 0.0787823812781 0.0100051224399 0.765360130026
53.98/21.83	breast-cancer 0.149502608779 0.0304317124919 0.373953408125
56.03/22.63	credit-g 0.660003115623 0.5769079995 -0.671952580373
58.00/23.32	soybean 0.115459857597 0.0207751091144 0.798327500492
60.02/24.11	arrhythmia 0.260779566651 0.0890774024247 0.271172782556
61.92/24.91	nursery 0.262998868077 0.0899665617299 0.629612133991
63.89/25.71	hepatitis 0.246039772061 0.0818709893219 0.413384968878
65.89/26.51	cmc 0.267547711892 0.0949093065562 0.313190019424
67.96/27.20	heart-c 0.222090184168 0.0677916954142 0.825153890184
69.82/27.89	glass 0.367127976949 0.162039616742 0.301877686421
71.98/28.70	braziltourism 0.455720991276 0.265600869125 0.0785399119917
73.85/29.39	iris 0.281402485037 0.101512915305 0.377831922297
75.94/30.30	heart-statlog 0.210707972787 0.0605080870564 0.794125776805
77.82/31.08	page-blocks 0.40107524098 0.215400992974 0.0947003877101
79.86/31.87	breast-w 0.21034751936 0.0583340768317 0.637045952821
81.78/32.68	heart-h 0.158607220506 0.0344283537774 0.710091303069
83.73/33.36	yeast 0.269947912617 0.0922329133138 0.652560009511
85.83/34.15	tae 0.368912242585 0.162552566215 0.202975575024
87.73/34.95	haberman 0.265180394731 0.0906738564653 0.0659347409313
89.72/35.74	mfeat-pixel 0.364445836606 0.163334939413 0.199420270366
91.72/36.52	optdigits 0.176435460583 0.0399992731615 0.77085469177
93.70/37.23	mfeat-factors 0.189955234703 0.0502467572557 0.747583606736
95.70/38.11	satimage 0.246721691638 0.0847581618144 0.529417184537
97.71/38.93	lymph 0.244264271568 0.090565469024 0.377508712783
99.66/39.76	audiology 0.308771491629 0.120242066853 0.408536826162
101.67/40.45	ecoli 0.390918506253 0.193460727861 0.187461518334
103.70/41.25	tic-tac-toe 0.302839195507 0.141384914738 0.475764405151
105.68/42.05	spambase 0.216425352153 0.0551541159031 0.872019269768
107.63/42.74	zoo 0.104028779292 0.0150692285985 0.8322644995
109.61/43.44	sonar 0.506874201486 0.323538003144 -0.116032215658
111.55/44.23	mfeat-zernike 0.250669677505 0.0886920227982 0.510994242217
113.59/45.03	kr-vs-kp 0.171391471816 0.0375540591524 0.726898197816
113.59/45.07	MAE 0.295656920011 0.122568173122
113.59/45.07	MSE 0.132499503206 0.132499503206
113.59/45.07	Mean tau 0.410192566131 0.33609314026
113.59/45.07	(0.0, '1_class_probability_max')
113.59/45.07	(1.0, '0_class_probability_max')
113.59/45.07	(2.6491228070175437, '0_landmark_decision_tree')
113.59/45.07	(3.2280701754385963, '0_landmark_naive_bayes')
113.59/45.07	(3.5789473684210527, '1_landmark_naive_bayes')
113.59/45.07	(5.2631578947368425, '1_landmark_decision_tree')
113.59/45.07	(6.982456140350878, '0_number_of_numeric_features')
113.59/45.07	(7.0701754385964914, '1_number_of_numeric_features')
113.59/45.07	(8.210526315789474, '1_number_of_categorical_features')
113.59/45.07	(9.035087719298245, '0_number_of_categorical_features')
113.59/45.07	(9.719298245614034, '1_number_of_features')
113.59/45.07	(10.228070175438596, '0_number_of_features')
113.59/45.07	(11.859649122807017, '1_landmark_lda')
113.59/45.07	(12.175438596491228, '0_landmark_lda')
113.59/45.07	(14.473684210526315, '1_number_of_classes')
113.59/45.07	(14.526315789473685, '0_number_of_classes')
113.59/45.07	Result for ParamILS: SAT, 44.195283, 1, 0.295657, -1, /home/feurerm/thesis/Software/pyMetaLearn/optimizers/metalearn_optimizer/learn_distances.py
