0.78/2.13	['/home/feurerm/thesis/Software/pyMetaLearn/optimizers/metalearn_optimizer/learn_distances.py', '--input_file', '/home/feurerm/thesis/experiments/2014_04_25_predict_distances/testfold_0-3_pfahringer_spearman_rank_perm.pkl', '--fold', '0', '--folds', '1', '--params', '-max_features', '0.167671342432', '-min_samples_leaf', '8', '-min_samples_split', '2', '-n_estimators', '15', '-n_jobs', '4', '-seed', '10']
0.78/2.13	Metafeatures (57, 8)
0.78/2.13	X (3192, 16)
0.78/2.13	Y (3192,)
0.78/2.13	Dataset Mae MSE Rho
0.95/2.67	vehicle 0.365181087633 0.171839351141 0.321916676312
1.12/3.16	anneal.ORIG 0.279529169097 0.105197988769 0.416617064022
1.30/3.80	segment 0.301331450072 0.116091217251 0.593735877896
1.49/4.17	pendigits 0.37049944793 0.168377135983 0.43277753974
1.66/4.55	mushroom 0.237202192651 0.0733558071545 0.530710022594
1.85/5.06	labor 0.278388751062 0.103448605472 0.487723157183
2.03/5.63	abalone 0.354517940613 0.161229105817 0.434070377798
2.22/5.88	diabetes 0.470664479765 0.309246526019 -0.0223014564915
2.40/6.26	car 0.383523297249 0.196788724645 0.196511384736
2.57/6.55	autos 0.264041207426 0.0921624167942 0.50226758533
2.76/6.94	mfeat-fourier 0.497119184705 0.325601669741 -0.314482857481
2.93/7.47	primary-tumor 0.265322451661 0.0883215089353 0.405304731019
3.11/11.37	waveform-5000 0.281752102621 0.106708774407 0.544284822197
3.28/12.62	credit-a 0.393459983631 0.207795458044 0.263738963725
3.45/12.87	letter 0.261300340066 0.0961172161929 0.579837868778
3.64/13.12	postoperative-patient-data 0.428721866213 0.221613448326 -0.141588547206
3.81/13.57	vowel 0.488503138733 0.296956731767 0.0678739980175
3.99/13.82	eucalyptus 0.400521787435 0.210697996647 0.0643186933594
4.16/14.32	cylinder-bands 0.36902977663 0.174666618459 0.224630612486
4.34/14.59	ionosphere 0.41585974099 0.206610277936 0.0093730759167
4.51/15.02	mfeat-karhunen 0.250863499948 0.0847457607608 0.615714124873
4.69/15.34	balance-scale 0.269327618406 0.104853956104 0.407890407134
4.87/15.59	mfeat-morphological 0.452539984703 0.274498832233 0.0581777125864
5.03/15.93	liver-disorders 0.316418104192 0.133734227294 0.358116141921
5.25/16.32	dermatology 0.199274216524 0.0533263093448 0.548809755399
5.45/16.73	vote 0.109532374439 0.0189070207966 0.766652968083
5.64/17.13	breast-cancer 0.257254424001 0.0895723724224 0.125900233364
5.82/17.39	credit-g 0.489322712618 0.315540447327 -0.182143213096
6.00/17.64	soybean 0.140959527938 0.0295588677946 0.734008807132
6.16/17.94	arrhythmia 0.281415207143 0.108620063661 0.0585009221008
6.38/18.20	nursery 0.336246471175 0.13943897268 0.363610703665
6.52/18.63	hepatitis 0.430791274969 0.265503058376 -0.407890407134
6.71/18.95	cmc 0.330751328205 0.130820124662 0.23289118906
6.88/19.20	heart-c 0.327875793953 0.143082225601 0.577460248794
7.05/19.57	glass 0.359024639827 0.160639712774 0.296383124676
7.24/19.86	braziltourism 0.558001720758 0.390717159832 -0.311437419375
7.41/20.34	iris 0.312790206084 0.125699142761 0.226246660058
7.58/20.72	heart-statlog 0.328484868899 0.142223314283 0.593735877896
7.75/20.97	page-blocks 0.345796223674 0.165463077255 0.32547198097
7.94/21.54	breast-w 0.241909107263 0.0841042186712 0.440857777599
8.11/21.78	heart-h 0.232303887344 0.0686729081936 0.399163750246
8.28/22.39	yeast 0.376179179355 0.182391793236 0.357469722892
8.47/22.99	tae 0.276075872858 0.100526741891 0.208793346282
8.71/23.50	haberman 0.282317940344 0.116794604289 0.192809985114
8.88/23.75	mfeat-pixel 0.331217550028 0.138349607456 0.242083926262
9.07/24.19	optdigits 0.279596314207 0.0999987967164 0.623471153218
9.26/24.58	mfeat-factors 0.279863383563 0.104953861907 0.557536412287
9.46/24.85	satimage 0.293200448814 0.116072460866 0.333552218829
9.63/25.24	lymph 0.224065835011 0.0701590656538 0.599876858669
9.81/25.78	audiology 0.365050196136 0.185715798587 0.323209514369
9.98/26.19	ecoli 0.414332709941 0.22369906142 0.0811255881066
10.19/26.61	tic-tac-toe 0.32572183983 0.157682491843 0.35585367532
10.36/27.03	spambase 0.236114018576 0.0741509162074 0.641247676508
10.54/27.55	zoo 0.174438755915 0.0408460033155 0.646095819224
10.71/28.02	sonar 0.495408845152 0.306735963851 -0.181643747075
10.90/28.27	mfeat-zernike 0.266350397381 0.0990209701494 0.427282977996
11.08/28.77	kr-vs-kp 0.22949484886 0.0686555790162 0.58145391635
11.08/28.78	MAE 0.325031240776 0.0921448332618
11.08/28.78	MSE 0.149970211732 0.149970211732
11.08/28.78	Mean tau 0.31255543825 0.272803008221
11.08/28.78	(1.7017543859649122, '0_landmark_naive_bayes')
11.08/28.78	(1.9298245614035088, '1_landmark_decision_tree')
11.08/28.78	(2.1403508771929824, '0_class_probability_max')
11.08/28.78	(4.052631578947368, '1_landmark_lda')
11.08/28.78	(4.754385964912281, '0_landmark_decision_tree')
11.08/28.78	(4.807017543859649, '0_landmark_lda')
11.08/28.78	(5.157894736842105, '1_class_probability_max')
11.08/28.78	(5.491228070175438, '0_number_of_features')
11.08/28.78	(8.070175438596491, '1_landmark_naive_bayes')
11.08/28.78	(10.368421052631579, '0_number_of_categorical_features')
11.08/28.78	(10.649122807017545, '1_number_of_categorical_features')
11.08/28.78	(11.228070175438596, '1_number_of_numeric_features')
11.08/28.78	(11.491228070175438, '1_number_of_features')
11.08/28.78	(11.56140350877193, '0_number_of_classes')
11.08/28.78	(13.105263157894736, '0_number_of_numeric_features')
11.08/28.78	(13.491228070175438, '1_number_of_classes')
11.08/28.78	Result for ParamILS: SAT, 26.650666, 1, 0.325031, -1, /home/feurerm/thesis/Software/pyMetaLearn/optimizers/metalearn_optimizer/learn_distances.py
