0.70/0.98	['/home/feurerm/thesis/Software/pyMetaLearn/optimizers/metalearn_optimizer/learn_distances.py', '--input_file', '/home/feurerm/thesis/experiments/2014_04_25_predict_distances/testfold_0-3_pfahringer_spearman_rank_perm.pkl', '--fold', '0', '--folds', '1', '--params', '-max_features', '0.83271812266', '-min_samples_leaf', '2', '-min_samples_split', '1', '-n_estimators', '59', '-n_jobs', '4', '-seed', '23']
0.70/0.99	Metafeatures (57, 8)
0.70/0.99	X (3192, 16)
0.70/0.99	Y (3192,)
0.70/0.99	Dataset Mae MSE Rho
2.64/1.64	vehicle 0.363037075135 0.1596220475 0.28410116313
4.69/2.32	anneal.ORIG 0.425285346016 0.237122192659 0.155786985926
6.75/3.01	segment 0.13874601771 0.0254696982543 0.870403222196
8.82/3.70	pendigits 0.228944396048 0.0706668792087 0.754371006537
10.72/4.38	mushroom 0.16301439917 0.0338878924532 0.698455760552
12.72/5.07	labor 0.331114037147 0.151517486617 0.192632870564
14.72/5.76	abalone 0.185883760034 0.0433765289361 0.788308005546
16.80/6.45	diabetes 0.52931723639 0.348156326921 0.21234865094
18.83/7.15	car 0.370184825346 0.187079430991 0.193279289593
20.85/7.83	autos 0.193603413552 0.048609658344 0.741119416448
22.86/8.62	mfeat-fourier 0.578766954377 0.439059463741 -0.396578074131
24.95/9.43	primary-tumor 0.204582845771 0.0542717662436 0.569818373833
27.01/10.25	waveform-5000 0.131599053208 0.0271090719149 0.772147529828
29.08/11.04	credit-a 0.347523670707 0.171997002959 0.505176470959
31.10/11.84	letter 0.226717629118 0.0711941735511 0.662256294942
33.11/12.53	postoperative-patient-data 0.445746151514 0.25846532751 0.0581777125864
35.19/13.22	vowel 0.368727302847 0.172426992059 0.502590794844
37.21/14.03	eucalyptus 0.447970465595 0.265956404958 -0.119910729831
39.23/14.84	cylinder-bands 0.315674050744 0.120957879887 0.496449814071
41.26/15.53	ionosphere 0.413725134638 0.202000139405 0.060440179187
43.31/16.23	mfeat-karhunen 0.124789996127 0.0254651808166 0.850041022791
45.29/16.92	balance-scale 0.253907064575 0.084563803551 0.365226751237
47.37/17.62	mfeat-morphological 0.489117393341 0.318381894286 -0.231418012288
49.33/18.40	liver-disorders 0.302787500624 0.114831750057 0.581777125864
51.48/19.20	dermatology 0.216021107405 0.0594891435479 0.478350081266
53.42/20.09	vote 0.0861688723248 0.0126056399876 0.746613978193
55.48/20.89	breast-cancer 0.148818312667 0.0315265410135 0.420495578194
57.53/21.79	credit-g 0.681524618383 0.622771884767 -0.671952580373
59.56/22.48	soybean 0.11910661507 0.0235283681064 0.698455760552
61.60/23.17	arrhythmia 0.243771063472 0.0813603566094 0.415647435479
63.61/23.86	nursery 0.226164699821 0.0662328723282 0.706212788896
65.62/24.54	hepatitis 0.212949096934 0.0646332310693 0.584686011494
67.61/25.23	cmc 0.272280219454 0.0999308059207 0.302200895935
69.67/26.12	heart-c 0.173042399153 0.0431652917303 0.894967145288
71.72/26.82	glass 0.32716874608 0.128631733709 0.477057243209
73.82/27.50	braziltourism 0.510559161895 0.335199980777 -0.0908218735377
75.80/28.40	iris 0.281353442869 0.0991914220121 0.391406721901
77.88/29.31	heart-statlog 0.161677474761 0.0377430230459 0.852303489391
79.96/30.12	page-blocks 0.461411885433 0.294263767923 -0.133808738949
82.09/30.80	breast-w 0.205388629835 0.0577559959789 0.618623010502
84.05/31.61	heart-h 0.116838874033 0.0207052992132 0.748553235279
86.09/32.40	yeast 0.210001508785 0.054737100922 0.79154010069
88.15/33.22	tae 0.402487576343 0.195099158826 0.138010462636
90.19/34.03	haberman 0.284299666059 0.105879354821 0.101164577998
92.22/34.84	mfeat-pixel 0.375677764988 0.176177025959 0.168392156986
94.26/35.53	optdigits 0.118308386022 0.019416631898 0.846808927647
96.40/36.43	mfeat-factors 0.154349325382 0.0361088363976 0.783136653316
98.37/37.12	satimage 0.282844589151 0.106986574931 0.34324850426
100.41/37.81	lymph 0.228352431624 0.0814617947859 0.414354597421
102.40/38.50	audiology 0.291744093453 0.10932165066 0.490632042812
104.54/39.20	ecoli 0.390589951727 0.196880208772 0.214287908027
106.60/40.00	tic-tac-toe 0.306958336475 0.144015782846 0.372983779582
108.52/40.69	spambase 0.227601449527 0.0584195201252 0.852626698906
110.55/41.48	zoo 0.0833349991301 0.00984804405999 0.904663430719
112.59/42.26	sonar 0.514489375673 0.333262649943 -0.170654623587
114.65/42.96	mfeat-zernike 0.252217091484 0.0888907972321 0.474471567094
116.70/43.87	kr-vs-kp 0.130586420733 0.0224469814668 0.793156148262
116.85/43.91	MAE 0.285593928173 0.134734906281
116.85/43.91	MSE 0.130699587091 0.130699587091
116.85/43.91	Mean tau 0.430259907733 0.356423257489
116.85/43.91	(0.17543859649122806, '1_class_probability_max')
116.85/43.91	(0.8245614035087719, '0_class_probability_max')
116.85/43.91	(2.3157894736842106, '0_landmark_naive_bayes')
116.85/43.91	(3.43859649122807, '1_landmark_naive_bayes')
116.85/43.91	(5.192982456140351, '0_landmark_decision_tree')
116.85/43.91	(5.9298245614035086, '1_landmark_decision_tree')
116.85/43.91	(6.298245614035087, '0_number_of_numeric_features')
116.85/43.91	(6.631578947368421, '1_number_of_numeric_features')
116.85/43.91	(8.105263157894736, '0_number_of_categorical_features')
116.85/43.91	(8.24561403508772, '1_number_of_categorical_features')
116.85/43.91	(10.017543859649123, '0_number_of_features')
116.85/43.91	(10.157894736842104, '1_number_of_features')
116.85/43.91	(11.578947368421053, '0_landmark_lda')
116.85/43.91	(12.087719298245615, '1_landmark_lda')
116.85/43.91	(14.473684210526315, '0_number_of_classes')
116.85/43.91	(14.526315789473685, '1_number_of_classes')
116.85/43.91	Result for ParamILS: SAT, 42.924067, 1, 0.285594, -1, /home/feurerm/thesis/Software/pyMetaLearn/optimizers/metalearn_optimizer/learn_distances.py
