0.69/0.88	['/home/feurerm/thesis/Software/pyMetaLearn/optimizers/metalearn_optimizer/learn_distances.py', '--input_file', '/home/feurerm/thesis/experiments/2014_04_25_predict_distances/testfold_0-3_pfahringer_spearman_rank_perm.pkl', '--fold', '0', '--folds', '1', '--params', '-max_features', '0.329285365064', '-min_samples_leaf', '2', '-min_samples_split', '10', '-n_estimators', '53', '-n_jobs', '4', '-seed', '11']
0.69/0.89	Metafeatures (57, 8)
0.69/0.89	X (3192, 16)
0.69/0.89	Y (3192,)
0.69/0.89	Dataset Mae MSE Rho
1.41/1.23	vehicle 0.331973582649 0.134463983181 0.445705920315
2.19/1.71	anneal.ORIG 0.295320133019 0.111257251138 0.633490648163
2.97/2.19	segment 0.19808093757 0.0506816008729 0.80414527175
3.73/2.56	pendigits 0.288518467106 0.106785670137 0.698455760552
4.53/3.14	mushroom 0.163052303254 0.0338613125661 0.717201912385
5.32/3.52	labor 0.313905950928 0.138507641624 0.306725829136
6.08/3.89	abalone 0.2606544649 0.0864509330152 0.655792104655
6.89/4.26	diabetes 0.504325209646 0.325285908683 0.184552632705
7.64/4.63	car 0.32875903185 0.146385309631 0.592766249353
8.41/5.00	autos 0.2194930212 0.0633225694951 0.583716382951
9.20/5.48	mfeat-fourier 0.582619899164 0.438397210942 -0.46606811972
9.99/5.86	primary-tumor 0.224456797041 0.0607927988714 0.55850604083
10.76/6.34	waveform-5000 0.191302210225 0.0519601310713 0.739180159362
11.52/6.71	credit-a 0.362424167951 0.185236420356 0.469300214864
12.30/7.19	letter 0.214020764019 0.0658648801075 0.69910217958
13.09/7.56	postoperative-patient-data 0.412274434647 0.215718301048 0.000646419028738
13.92/8.04	vowel 0.438266055732 0.23979921916 0.273435249156
14.71/8.42	eucalyptus 0.390669381657 0.200133079915 0.072722140733
15.57/8.90	cylinder-bands 0.318519995051 0.132834664458 0.503560423387
16.31/9.39	ionosphere 0.395945128088 0.192054460592 0.12572850109
17.08/9.76	mfeat-karhunen 0.155920768591 0.0347850707699 0.814164766696
17.87/10.16	balance-scale 0.215112533977 0.0653883970639 0.574989726063
18.65/10.53	mfeat-morphological 0.50924501697 0.346773225651 -0.23077159326
19.41/11.02	liver-disorders 0.266294071124 0.0931855038423 0.617006962931
20.25/11.40	dermatology 0.193482076117 0.0494325591745 0.541375936568
20.99/11.88	vote 0.0658833534461 0.0072489762536 0.8322644995
21.76/12.25	breast-cancer 0.191933283562 0.0467213676662 0.33807715203
22.54/12.82	credit-g 0.569914613604 0.436560280611 -0.520367318134
23.33/13.20	soybean 0.12737838197 0.0262134440297 0.700071808123
24.13/13.68	arrhythmia 0.277757824887 0.105009280426 0.0733685597618
24.90/14.05	nursery 0.266736285868 0.0930648247691 0.602785744298
25.69/14.43	hepatitis 0.345627171402 0.167969454915 -0.203945203567
26.47/14.80	cmc 0.328067420671 0.135195926754 0.163544014271
27.27/15.29	heart-c 0.233350068605 0.074116734575 0.810286252523
28.06/15.76	glass 0.349028138581 0.146359941407 0.456048624775
28.87/16.14	braziltourism 0.426620671248 0.235126201445 0.0526831508422
29.67/16.51	iris 0.293709445026 0.111015201392 0.36393391318
30.40/16.88	heart-statlog 0.280838310537 0.107322973306 0.789277634089
31.18/17.37	page-blocks 0.315593089243 0.138319206458 0.393992398016
31.96/17.75	breast-w 0.215831632278 0.0641609721362 0.497742652128
32.74/18.22	heart-h 0.167611557393 0.0382587931847 0.674215046974
33.52/18.60	yeast 0.290181629216 0.105973651378 0.605048210899
34.32/19.09	tae 0.354629133958 0.152534797595 0.137687253121
35.15/19.47	haberman 0.238530743985 0.0767483917821 0.211379022397
35.92/19.86	mfeat-pixel 0.34463679883 0.143587922405 0.217843212685
36.73/20.24	optdigits 0.1596936593 0.0334659441602 0.790570472147
37.61/20.83	mfeat-factors 0.17516400398 0.0462578343876 0.751138911394
38.34/21.22	satimage 0.251247969494 0.0890571687802 0.514549546876
39.12/21.60	lymph 0.184029561709 0.0501777101209 0.635106695735
39.90/21.98	audiology 0.322687639647 0.139034860388 0.337107523487
40.68/22.48	ecoli 0.386758475913 0.190496035921 0.234003688403
41.44/22.86	tic-tac-toe 0.283054780143 0.12094206546 0.621208686617
42.25/23.34	spambase 0.227354413018 0.0694592906208 0.830648451928
43.00/23.72	zoo 0.105329967349 0.0148652070317 0.801559595635
43.80/24.09	sonar 0.519376815136 0.337811367666 -0.174209928245
44.57/24.57	mfeat-zernike 0.25955313263 0.0953072704589 0.524569041821
45.35/24.95	kr-vs-kp 0.157515452837 0.032325409732 0.751138911394
45.35/24.98	MAE 0.289302839087 0.112411225932
45.35/24.98	MSE 0.12631695808 0.12631695808
45.35/24.98	Mean tau 0.433837893761 0.329846886763
45.35/24.98	(0.0, '0_landmark_decision_tree')
45.35/24.98	(1.0175438596491229, '1_class_probability_max')
45.35/24.98	(2.263157894736842, '1_landmark_decision_tree')
45.35/24.98	(3.0526315789473686, '0_class_probability_max')
45.35/24.98	(4.228070175438597, '0_landmark_naive_bayes')
45.35/24.98	(4.491228070175438, '1_landmark_naive_bayes')
45.35/24.98	(6.578947368421052, '1_landmark_lda')
45.35/24.98	(7.245614035087719, '0_landmark_lda')
45.35/24.98	(9.736842105263158, '0_number_of_features')
45.35/24.98	(9.964912280701755, '0_number_of_numeric_features')
45.35/24.98	(10.017543859649123, '1_number_of_numeric_features')
45.35/24.98	(10.087719298245615, '0_number_of_categorical_features')
45.35/24.98	(10.68421052631579, '1_number_of_features')
45.35/24.98	(11.75438596491228, '1_number_of_categorical_features')
45.35/24.98	(14.263157894736842, '0_number_of_classes')
45.35/24.98	(14.614035087719298, '1_number_of_classes')
45.35/24.98	Result for ParamILS: SAT, 24.101303, 1, 0.289303, -1, /home/feurerm/thesis/Software/pyMetaLearn/optimizers/metalearn_optimizer/learn_distances.py
