0.75/1.09	['/home/feurerm/thesis/Software/pyMetaLearn/optimizers/metalearn_optimizer/learn_distances.py', '--input_file', '/home/feurerm/thesis/experiments/2014_04_25_predict_distances/testfold_0-3_pfahringer_spearman_rank_perm.pkl', '--fold', '0', '--folds', '1', '--params', '-max_features', '0.737696479936', '-min_samples_leaf', '9', '-min_samples_split', '8', '-n_estimators', '3', '-n_jobs', '4', '-seed', '93']
0.75/1.09	Metafeatures (57, 8)
0.75/1.09	X (3192, 16)
0.75/1.09	Y (3192,)
0.75/1.09	Dataset Mae MSE Rho
0.90/1.33	vehicle 0.316375175107 0.14073661355 0.454423196771
1.06/1.60	anneal.ORIG 0.389301227863 0.19651649595 0.134708887656
1.18/1.88	segment 0.238938623177 0.0884842888337 0.610809432346
1.31/2.24	pendigits 0.325037304382 0.141591830811 0.547502183782
1.45/2.60	mushroom 0.181324902549 0.0467548366534 0.635858480194
1.55/2.84	labor 0.284673115742 0.117143573806 0.226574950427
1.70/3.31	abalone 0.280632812529 0.112443385356 0.51431457762
1.80/3.55	diabetes 0.522421684045 0.365434883497 -0.0657651203917
1.94/3.79	car 0.358744113317 0.170976260887 0.195945387453
2.07/4.03	autos 0.242440902356 0.0823793180858 0.493923973812
2.20/4.27	mfeat-fourier 0.537214043717 0.367140664095 -0.224061040425
2.31/4.51	primary-tumor 0.224914218269 0.0710958558718 0.504901182909
2.45/4.75	waveform-5000 0.171054340479 0.0500603004617 0.654031312766
2.56/4.99	credit-a 0.404823877463 0.24262691255 0.237256340947
2.69/5.23	letter 0.317498219146 0.13798263147 0.42206015503
2.82/5.47	postoperative-patient-data 0.478610051027 0.325042802095 -0.207604947433
2.94/5.71	vowel 0.455508059688 0.260597877616 0.200745458328
3.07/5.95	eucalyptus 0.525206590208 0.377268857577 -0.231442767512
3.19/6.19	cylinder-bands 0.330065253718 0.149443967034 0.281503801153
3.32/6.52	ionosphere 0.448530058535 0.252932634851 -0.0731727221085
3.44/6.76	mfeat-karhunen 0.201359812117 0.0629867507074 0.648203804497
3.58/7.00	balance-scale 0.296863445409 0.125102348789 0.26365740916
3.70/7.24	mfeat-morphological 0.395474235469 0.206915286684 0.192535623866
3.82/7.48	liver-disorders 0.275628557966 0.111478903012 0.214193535109
3.96/7.72	dermatology 0.202959579786 0.0558806058767 0.464926661455
4.09/7.96	vote 0.107368300628 0.0173705955854 0.708636912812
4.23/8.20	breast-cancer 0.15014047283 0.0355556435277 0.303078298954
4.35/8.44	credit-g 0.708872895265 0.679811204592 -0.438794691213
4.47/8.68	soybean 0.13155671292 0.0272867508178 0.688681569047
4.60/8.93	arrhythmia 0.335155965794 0.141255695713 0.244819474415
4.73/9.17	nursery 0.314295379176 0.132066045307 0.455562677206
4.86/9.41	hepatitis 0.28536043216 0.114651559803 0.233392913851
4.99/9.65	cmc 0.24970892428 0.0899127180156 0.285993027616
5.11/9.89	heart-c 0.254772117534 0.0943545182746 0.664401736519
5.24/10.13	glass 0.333994997212 0.147224338178 0.371139309683
5.37/10.37	braziltourism 0.540541898438 0.39589255898 -0.0247235344081
5.50/10.61	iris 0.30966766092 0.143284631407 0.214835991843
5.63/10.85	heart-statlog 0.248692182246 0.0928442143028 0.596119626529
5.75/11.09	page-blocks 0.363967913568 0.179212625875 0.174386265964
5.87/11.33	breast-w 0.256304980951 0.0966811896954 0.328015686683
6.01/12.99	heart-h 0.203252289392 0.0591029169687 0.490233098968
6.14/13.25	yeast 0.341280352469 0.158244157046 0.403757397638
6.26/13.50	tae 0.354602523339 0.161069097038 0.168275875916
6.39/13.84	haberman 0.27538676017 0.110047057099 0.0777283188688
6.52/14.09	mfeat-pixel 0.418982938039 0.227645599572 0.042574027569
6.64/14.40	optdigits 0.210799965291 0.0635954251401 0.658998146462
6.76/14.67	mfeat-factors 0.249908329849 0.0900261558638 0.52725484452
6.90/14.97	satimage 0.337361193497 0.154407691606 0.102469047343
7.02/15.36	lymph 0.277137737824 0.124490310983 0.357560101243
7.14/15.81	audiology 0.323722746723 0.149167162428 0.289463719557
7.27/16.05	ecoli 0.403026187229 0.230490128948 0.18173030201
7.41/16.29	tic-tac-toe 0.430620327291 0.287627462725 0.0178978661549
7.53/16.54	spambase 0.220172898664 0.0653131611244 0.662566990282
7.66/16.77	zoo 0.165201414723 0.0406179216848 0.5916262832
7.79/17.02	sonar 0.471821302475 0.297308312166 -0.0414576121946
7.91/17.25	mfeat-zernike 0.389541505837 0.215207533825 -0.0450422108627
8.03/17.49	kr-vs-kp 0.185830375552 0.0522787482944 0.63749238307
8.03/17.50	MAE 0.32025701555 0.117147196727
8.03/17.50	MSE 0.160229140679 0.160229140679
8.03/17.50	Mean tau 0.298679010573 0.271041383398
8.03/17.50	(0.49122807017543857, '1_class_probability_max')
8.03/17.50	(0.543859649122807, '0_class_probability_max')
8.03/17.50	(4.2631578947368425, '0_landmark_naive_bayes')
8.03/17.50	(4.719298245614035, '1_landmark_naive_bayes')
8.03/17.50	(4.859649122807017, '1_landmark_decision_tree')
8.03/17.50	(6.9298245614035086, '0_number_of_numeric_features')
8.03/17.50	(6.964912280701754, '1_number_of_numeric_features')
8.03/17.50	(7.2631578947368425, '0_landmark_decision_tree')
8.03/17.50	(8.157894736842104, '0_number_of_categorical_features')
8.03/17.50	(8.526315789473685, '1_number_of_features')
8.03/17.50	(8.736842105263158, '0_number_of_features')
8.03/17.50	(10.157894736842104, '0_landmark_lda')
8.03/17.50	(10.508771929824562, '1_landmark_lda')
8.03/17.50	(10.56140350877193, '1_number_of_categorical_features')
8.03/17.50	(13.56140350877193, '1_number_of_classes')
8.03/17.50	(13.75438596491228, '0_number_of_classes')
8.03/17.50	Result for ParamILS: SAT, 16.414706, 1, 0.320257, -1, /home/feurerm/thesis/Software/pyMetaLearn/optimizers/metalearn_optimizer/learn_distances.py
