0.82/3.63	['/home/feurerm/thesis/Software/pyMetaLearn/optimizers/metalearn_optimizer/learn_distances.py', '--input_file', '/home/feurerm/thesis/experiments/2014_04_25_predict_distances/testfold_0-3_pfahringer_spearman_rank_perm.pkl', '--fold', '0', '--folds', '1', '--params', '-max_features', '0.828803552374', '-min_samples_leaf', '1', '-min_samples_split', '7', '-n_estimators', '75', '-n_jobs', '4', '-seed', '87']
0.82/3.64	Metafeatures (57, 8)
0.82/3.64	X (3192, 16)
0.82/3.64	Y (3192,)
0.82/3.64	Dataset Mae MSE Rho
3.01/4.85	vehicle 0.347153862007 0.143446789444 0.356823303863
5.42/5.77	anneal.ORIG 0.454780041001 0.262744731823 0.123466034489
7.83/6.78	segment 0.144000308439 0.0259644952066 0.887210116943
10.25/7.97	pendigits 0.240036747895 0.0775091189187 0.749846073336
12.62/9.08	mushroom 0.172170408384 0.0383387525809 0.669366904258
15.13/10.30	labor 0.331382072721 0.149200550367 0.19230966105
17.37/11.18	abalone 0.192355193421 0.0470062709114 0.788308005546
19.78/11.99	diabetes 0.505706275562 0.31913635361 0.244992811892
22.12/13.06	car 0.351346762135 0.159935333185 0.293797448561
24.47/13.87	autos 0.196504707336 0.0515889981201 0.779904558173
26.82/14.69	mfeat-fourier 0.583058724561 0.444676177835 -0.447645177401
29.16/15.63	primary-tumor 0.205705853862 0.0540112888993 0.592443039838
31.54/16.74	waveform-5000 0.1376424849 0.0296836966536 0.789600843604
33.86/17.87	credit-a 0.349308754467 0.172634210148 0.476087614666
36.29/18.88	letter 0.217890670148 0.0662459213282 0.665488390086
38.73/20.08	postoperative-patient-data 0.453295276241 0.270482377687 0.0610865982158
41.14/20.89	vowel 0.361416143849 0.164645425957 0.54816333637
43.52/26.32	eucalyptus 0.461922346301 0.276359921754 -0.134455157978
45.98/27.33	cylinder-bands 0.335722000414 0.136786907685 0.378155131812
48.43/28.48	ionosphere 0.413168939226 0.201648894332 0.0927611306239
50.92/29.62	mfeat-karhunen 0.1122341253 0.0206872661264 0.864585450937
53.35/30.57	balance-scale 0.233512558086 0.0755174452001 0.468977005349
55.80/31.67	mfeat-morphological 0.493341171214 0.322397974838 -0.219782469771
58.23/32.85	liver-disorders 0.280119908117 0.102282367935 0.572080840433
60.67/33.67	dermatology 0.212714863734 0.0575010620004 0.472532310008
63.06/34.65	vote 0.0848490076938 0.0130498136745 0.744028302078
65.42/35.47	breast-cancer 0.139337473057 0.0308552701556 0.396578074131
67.80/36.27	credit-g 0.683510542294 0.624534050905 -0.661286666399
70.22/37.35	soybean 0.130898647235 0.0276905154363 0.663549133
72.55/38.24	arrhythmia 0.245423347754 0.0830399858113 0.443443453714
74.96/39.05	nursery 0.225627088107 0.0642243038058 0.693284408322
77.27/40.09	hepatitis 0.213453054831 0.0630869452597 0.575959354606
79.61/41.06	cmc 0.263688397907 0.0936888582419 0.343571713774
82.00/42.16	heart-c 0.181367328518 0.0453412438791 0.883008393256
84.38/42.99	glass 0.333739005918 0.135066146887 0.441827406142
86.80/43.97	braziltourism 0.526288055743 0.360639338657 -0.112476911
89.22/45.08	iris 0.275486559116 0.0971214921343 0.392699559958
91.58/45.90	heart-statlog 0.180605787294 0.0453780897001 0.841314365903
93.95/46.87	page-blocks 0.457118854059 0.288964597765 -0.0885594069371
96.33/47.74	breast-w 0.215613434119 0.0612990176316 0.631228181563
98.65/48.53	heart-h 0.132036506941 0.0256311936959 0.753401377994
101.01/49.46	yeast 0.193631343251 0.046705776069 0.813518347667
103.42/55.41	tae 0.371193247004 0.165844999518 0.201359527452
105.80/56.22	haberman 0.280189938495 0.101590957791 0.0730453502474
108.26/62.21	mfeat-pixel 0.373907426706 0.170691093523 0.182613375619
110.54/63.01	optdigits 0.125213965045 0.0217877796097 0.837112642216
112.94/64.13	mfeat-factors 0.165542859547 0.0416142245497 0.787015167489
115.34/64.95	satimage 0.251267057315 0.0880946361169 0.492571299898
117.70/65.83	lymph 0.225246165686 0.0760079366657 0.427282977996
120.06/66.64	audiology 0.299838593272 0.115314863152 0.429222235082
122.45/67.93	ecoli 0.384720459128 0.191501845861 0.195541756193
124.91/68.75	tic-tac-toe 0.363160200404 0.201868112305 0.153524519325
127.31/69.86	spambase 0.229110409512 0.0588785743312 0.851980279877
129.58/70.86	zoo 0.0855846937827 0.00991907883359 0.897229611888
132.00/71.79	sonar 0.48891577698 0.296583182877 -0.0429868654111
134.34/72.72	mfeat-zernike 0.239071145073 0.0808917509537 0.508085356588
136.73/73.99	kr-vs-kp 0.132705212063 0.0228829504424 0.795418614862
136.85/74.03	MAE 0.285698803214 0.133705351037
136.85/74.03	MSE 0.130179315066 0.130179315066
136.85/74.03	Mean tau 0.435266820035 0.353765992257
136.85/74.03	(0.19298245614035087, '1_class_probability_max')
136.85/74.03	(0.8070175438596491, '0_class_probability_max')
136.85/74.03	(2.43859649122807, '1_landmark_naive_bayes')
136.85/74.03	(3.017543859649123, '0_landmark_naive_bayes')
136.85/74.03	(5.0, '1_landmark_decision_tree')
136.85/74.03	(5.368421052631579, '0_landmark_decision_tree')
136.85/74.03	(6.701754385964913, '1_number_of_numeric_features')
136.85/74.03	(6.771929824561403, '0_number_of_numeric_features')
136.85/74.03	(8.333333333333334, '0_number_of_categorical_features')
136.85/74.03	(8.526315789473685, '1_number_of_categorical_features')
136.85/74.03	(9.789473684210526, '0_number_of_features')
136.85/74.03	(9.824561403508772, '1_number_of_features')
136.85/74.03	(11.68421052631579, '1_landmark_lda')
136.85/74.03	(12.543859649122806, '0_landmark_lda')
136.85/74.03	(14.421052631578947, '1_number_of_classes')
136.85/74.03	(14.578947368421053, '0_number_of_classes')
136.85/74.03	Result for ParamILS: SAT, 70.401168, 1, 0.285699, -1, /home/feurerm/thesis/Software/pyMetaLearn/optimizers/metalearn_optimizer/learn_distances.py
