0.76/1.20	['/home/feurerm/thesis/Software/pyMetaLearn/optimizers/metalearn_optimizer/learn_distances.py', '--input_file', '/home/feurerm/thesis/experiments/2014_04_25_predict_distances/testfold_0-3_pfahringer_spearman_rank_perm.pkl', '--fold', '0', '--folds', '1', '--params', '-max_features', '0.665068249451', '-min_samples_leaf', '10', '-min_samples_split', '8', '-n_estimators', '46', '-n_jobs', '4', '-seed', '80']
0.82/1.20	Metafeatures (57, 8)
0.82/1.20	X (3192, 16)
0.82/1.20	Y (3192,)
0.82/1.20	Dataset Mae MSE Rho
1.70/1.66	vehicle 0.360477159624 0.158493897323 0.320947047768
2.70/2.14	anneal.ORIG 0.504764255897 0.298390982157 0.363610703665
3.66/2.61	segment 0.237435934903 0.071090484902 0.762128034882
4.63/3.07	pendigits 0.309268440413 0.120021965113 0.642217305051
5.60/3.55	mushroom 0.201174622638 0.0508617160042 0.625733619818
6.58/4.03	labor 0.295728499881 0.12443483123 0.243699973834
7.58/4.50	abalone 0.316516399846 0.123455485136 0.578221821206
8.57/4.97	diabetes 0.506230046136 0.330812933099 0.156433404955
9.57/5.44	car 0.368440746431 0.177073246526 0.187461518334
10.51/5.91	autos 0.222099010215 0.0639005448514 0.675507885031
11.49/6.39	mfeat-fourier 0.533368203129 0.367863736231 -0.378801550841
12.47/6.86	primary-tumor 0.242008433525 0.0728158113667 0.464775281663
13.41/7.33	waveform-5000 0.191720281023 0.0522393296209 0.727544616845
14.39/7.81	credit-a 0.364552259772 0.188963597856 0.454109367689
15.35/8.29	letter 0.246113272857 0.0835862739376 0.603755372841
16.38/8.76	postoperative-patient-data 0.434498735005 0.254114265878 -0.0426636558967
17.32/9.23	vowel 0.451389347827 0.25078043047 0.220105679285
18.30/9.71	eucalyptus 0.379803090707 0.188929125878 0.0766006549055
19.27/10.18	cylinder-bands 0.345819256801 0.150068918383 0.345834180375
20.27/10.65	ionosphere 0.421370173147 0.208688366568 -0.0103427044598
21.28/11.13	mfeat-karhunen 0.200219138503 0.055595704624 0.753724587509
22.29/11.60	balance-scale 0.239027216844 0.0792298261035 0.484814271554
23.27/12.08	mfeat-morphological 0.431444913466 0.244614215304 -0.14576749098
24.24/12.55	liver-disorders 0.273569157278 0.101835986825 0.381064017441
25.23/13.02	dermatology 0.196818058552 0.0508131007187 0.518751270562
26.30/13.50	vote 0.0836268769971 0.0107672010993 0.783459862831
27.22/13.97	breast-cancer 0.144339858249 0.0297681913827 0.36102502755
28.20/14.45	credit-g 0.655951389443 0.564786379448 -0.70427353181
29.17/14.93	soybean 0.133235345349 0.0257973505218 0.773440367885
30.14/15.40	arrhythmia 0.263952470275 0.094004702462 0.235296526461
31.16/15.88	nursery 0.296585845566 0.112223673074 0.544284822197
32.17/16.35	hepatitis 0.283236361471 0.107120266493 0.182613375619
33.16/16.82	cmc 0.243280974687 0.0760070472906 0.363287494151
34.15/17.30	heart-c 0.268945841717 0.094727829739 0.73756411179
35.11/17.78	glass 0.37600604322 0.167791985953 0.265678220811
36.13/18.25	braziltourism 0.493196606749 0.31420606637 0.0559152459858
37.14/18.73	iris 0.296219558228 0.114105973211 0.340339618631
38.17/19.20	heart-statlog 0.270189170712 0.0972990452262 0.724635731215
39.08/19.69	page-blocks 0.438996460978 0.261323919514 0.234973316946
40.10/20.16	breast-w 0.234432991912 0.0734930110676 0.507762147074
41.05/20.63	heart-h 0.175917177035 0.0413681014537 0.661286666399
42.04/21.10	yeast 0.307560210627 0.117823381712 0.580161078292
43.04/21.57	tae 0.357190166369 0.15590970944 0.170654623587
44.01/22.05	haberman 0.267205303382 0.0929033270993 0.0404011892961
45.02/22.54	mfeat-pixel 0.357171620512 0.159331975733 0.162251176213
46.06/23.01	optdigits 0.228100811329 0.0666025836261 0.700718227152
47.01/23.49	mfeat-factors 0.234195870471 0.0738585377401 0.707182417439
47.98/23.97	satimage 0.267844029503 0.0980644773818 0.426959768482
48.98/24.44	lymph 0.216017430244 0.0679981942768 0.447968386916
50.00/24.92	audiology 0.318572177864 0.138093096215 0.426636558967
50.98/25.41	ecoli 0.414609555717 0.220732398233 0.0824184261641
51.95/25.88	tic-tac-toe 0.32789904729 0.15912676414 0.53782063191
53.00/26.37	spambase 0.218517866575 0.0613496535535 0.828062775814
53.97/26.85	zoo 0.132269899018 0.0242750841373 0.735948064218
54.94/27.32	sonar 0.506416495331 0.324411523246 -0.110537653914
55.92/27.79	mfeat-zernike 0.259038349101 0.0927901039289 0.500005118729
56.91/28.26	kr-vs-kp 0.205519944783 0.054200696639 0.661933085428
56.91/28.28	MAE 0.307896463248 0.113504875108
56.91/28.28	MSE 0.139665561886 0.139665561886
56.91/28.28	Mean tau 0.385532247219 0.30976450835
56.91/28.28	(0.07017543859649122, '0_class_probability_max')
56.91/28.28	(0.9298245614035088, '1_class_probability_max')
56.91/28.28	(2.56140350877193, '1_landmark_decision_tree')
56.91/28.28	(3.473684210526316, '1_landmark_naive_bayes')
56.91/28.28	(3.807017543859649, '0_landmark_naive_bayes')
56.91/28.28	(4.7368421052631575, '0_landmark_decision_tree')
56.91/28.28	(6.982456140350878, '0_number_of_numeric_features')
56.91/28.28	(7.5964912280701755, '1_number_of_numeric_features')
56.91/28.28	(9.350877192982455, '0_number_of_categorical_features')
56.91/28.28	(9.456140350877194, '1_number_of_categorical_features')
56.91/28.28	(9.929824561403509, '1_number_of_features')
56.91/28.28	(10.12280701754386, '0_number_of_features')
56.91/28.28	(10.842105263157896, '0_landmark_lda')
56.91/28.28	(11.175438596491228, '1_landmark_lda')
56.91/28.28	(14.403508771929825, '1_number_of_classes')
56.91/28.28	(14.56140350877193, '0_number_of_classes')
56.91/28.28	Result for ParamILS: SAT, 27.086297, 1, 0.307896, -1, /home/feurerm/thesis/Software/pyMetaLearn/optimizers/metalearn_optimizer/learn_distances.py
