0.69/0.87	['/home/feurerm/thesis/Software/pyMetaLearn/optimizers/metalearn_optimizer/learn_distances.py', '--input_file', '/home/feurerm/thesis/experiments/2014_04_25_predict_distances/testfold_0-3_pfahringer_spearman_rank_perm.pkl', '--fold', '0', '--folds', '1', '--params', '-max_features', '0.251381579999', '-min_samples_leaf', '3', '-min_samples_split', '5', '-n_estimators', '9', '-n_jobs', '4', '-seed', '92']
0.69/0.87	Metafeatures (57, 8)
0.69/0.87	X (3192, 16)
0.69/0.87	Y (3192,)
0.69/0.87	Dataset Mae MSE Rho
0.89/1.11	vehicle 0.378213321353 0.191990935749 0.238062957311
1.09/1.36	anneal.ORIG 0.23425846106 0.0733395615735 0.544608031712
1.27/1.62	segment 0.203265638196 0.055790801444 0.758895939739
1.45/1.87	pendigits 0.264133820896 0.0983308788572 0.68875947512
1.64/2.12	mushroom 0.179683899434 0.0432670309667 0.669366904258
1.82/2.37	labor 0.380381349736 0.19701628683 0.178910857939
2.01/2.63	abalone 0.287635404123 0.109687632693 0.528328450408
2.20/2.88	diabetes 0.515278466675 0.345758354025 0.0539759888996
2.38/3.12	car 0.29790787583 0.122948608251 0.445382710801
2.57/3.37	autos 0.292224727515 0.114494481273 0.302524105449
2.75/3.62	mfeat-fourier 0.550238974378 0.397541797202 -0.369296576685
2.93/3.87	primary-tumor 0.193019398333 0.0509918570084 0.624440781761
3.11/4.12	waveform-5000 0.204659901034 0.0622849572639 0.674538256488
3.30/4.37	credit-a 0.381374273392 0.206534235566 0.37653908424
3.47/4.62	letter 0.241562671317 0.0821203760295 0.600846487212
3.66/4.87	postoperative-patient-data 0.41875247111 0.223739686468 0.0274728087214
3.85/5.12	vowel 0.480991040072 0.30222090756 0.06658115996
4.03/5.36	eucalyptus 0.402509152665 0.215398242673 0.0339369990088
4.21/5.61	cylinder-bands 0.373604620687 0.187847328258 0.174062325203
4.40/5.87	ionosphere 0.385797858669 0.198676354663 0.178411651932
4.58/6.12	mfeat-karhunen 0.160393781319 0.0392806780568 0.759865568282
4.78/6.36	balance-scale 0.220635690217 0.0748038304716 0.501621166301
4.96/6.61	mfeat-morphological 0.501242868469 0.338610109312 -0.168890556952
5.14/6.86	liver-disorders 0.398876838721 0.206675479731 0.200389898909
5.33/7.11	dermatology 0.206792139639 0.0583928697542 0.501944375815
5.50/7.36	vote 0.0943163741005 0.014228582658 0.722373264615
5.72/7.61	breast-cancer 0.264969860222 0.0896274205598 0.133830270647
5.90/7.85	credit-g 0.480035609982 0.3185124744 -0.138980091179
6.08/8.10	soybean 0.138711143637 0.0288550445183 0.604078582356
6.26/8.35	arrhythmia 0.282604253043 0.109908481058 0.12572850109
6.46/8.60	nursery 0.293546772903 0.111073354014 0.482228595439
6.62/8.85	hepatitis 0.44178956161 0.288563243968 -0.410799292763
6.82/9.09	cmc 0.319478055878 0.133242620303 0.196219744645
6.99/9.34	heart-c 0.235284048741 0.0782060413956 0.735948064218
7.18/9.60	glass 0.347446950687 0.154686579349 0.3329057998
7.38/9.84	braziltourism 0.434788932814 0.251990245134 0.161132904575
7.57/10.09	iris 0.291500196029 0.111020572547 0.280869067987
7.76/10.34	heart-statlog 0.29908751919 0.127781367836 0.59923043964
7.95/10.59	page-blocks 0.307764913938 0.141654203603 0.439115448075
8.13/10.84	breast-w 0.247592554239 0.093923345897 0.386235369671
8.32/11.09	heart-h 0.194891936379 0.0565831861384 0.502914004358
8.50/11.35	yeast 0.275408517372 0.0999904230042 0.552247878569
8.68/11.59	tae 0.309469120475 0.117727476564 0.292043288433
8.86/11.84	haberman 0.249547687672 0.0936275411668 0.380155551404
9.06/12.09	mfeat-pixel 0.366667117182 0.176735455598 0.132364943678
9.25/12.33	optdigits 0.147631035516 0.0314369720947 0.780874186716
9.43/12.58	mfeat-factors 0.158689351176 0.0387272891515 0.751462120908
9.62/12.83	satimage 0.290804364832 0.116586489781 0.36619637978
9.80/13.08	lymph 0.219265367257 0.0712496945925 0.452170110602
9.98/13.33	audiology 0.354066197766 0.158097932076 0.145121071952
10.18/13.58	ecoli 0.41250712062 0.225694556674 0.119112287535
10.35/13.83	tic-tac-toe 0.300375544164 0.136718808832 0.511963870761
10.53/14.08	spambase 0.233740419409 0.0718281576872 0.697809341523
10.74/14.33	zoo 0.127492920637 0.0230899124058 0.703627112781
10.91/14.58	sonar 0.509361670342 0.346907121704 -0.163867223785
11.10/14.82	mfeat-zernike 0.30266517813 0.126854996132 0.284424372645
11.28/15.07	kr-vs-kp 0.160820244823 0.036742353108 0.706212788896
11.28/15.07	MAE 0.302557108519 0.108258531692
11.28/15.07	MSE 0.139993249572 0.139993249572
11.28/15.07	Mean tau 0.358881186095 0.291953607759
11.28/15.07	(0.38596491228070173, '0_landmark_lda')
11.28/15.07	(0.9122807017543859, '0_landmark_decision_tree')
11.28/15.07	(2.087719298245614, '1_landmark_decision_tree')
11.28/15.07	(2.8771929824561404, '1_class_probability_max')
11.28/15.07	(4.56140350877193, '1_landmark_naive_bayes')
11.28/15.07	(6.754385964912281, '1_number_of_categorical_features')
11.28/15.07	(6.9298245614035086, '0_landmark_naive_bayes')
11.28/15.07	(7.105263157894737, '0_class_probability_max')
11.28/15.07	(8.403508771929825, '1_number_of_features')
11.28/15.07	(9.596491228070175, '0_number_of_numeric_features')
11.28/15.07	(9.912280701754385, '1_landmark_lda')
11.28/15.07	(10.508771929824562, '1_number_of_numeric_features')
11.28/15.07	(11.43859649122807, '0_number_of_features')
11.28/15.07	(12.456140350877194, '0_number_of_categorical_features')
11.28/15.07	(12.666666666666666, '0_number_of_classes')
11.28/15.07	(13.403508771929825, '1_number_of_classes')
11.28/15.07	Result for ParamILS: SAT, 14.207256, 1, 0.302557, -1, /home/feurerm/thesis/Software/pyMetaLearn/optimizers/metalearn_optimizer/learn_distances.py
