0.68/0.88	['/home/feurerm/thesis/Software/pyMetaLearn/optimizers/metalearn_optimizer/learn_distances.py', '--input_file', '/home/feurerm/thesis/experiments/2014_04_25_predict_distances/testfold_0-3_pfahringer_spearman_rank_perm.pkl', '--fold', '0', '--folds', '1', '--params', '-max_features', '0.457763650732', '-min_samples_leaf', '4', '-min_samples_split', '4', '-n_estimators', '72', '-n_jobs', '4', '-seed', '51']
0.68/0.89	Metafeatures (57, 8)
0.68/0.89	X (3192, 16)
0.68/0.89	Y (3192,)
0.68/0.89	Dataset Mae MSE Rho
1.88/1.43	vehicle 0.3323064231 0.13526914622 0.461866396033
3.15/2.03	anneal.ORIG 0.333590527526 0.138406632468 0.600200068183
4.46/2.63	segment 0.196550342902 0.0496069030329 0.8322644995
5.84/3.32	pendigits 0.28211009238 0.102424445534 0.70201106521
7.07/3.93	mushroom 0.169979921676 0.0365760931154 0.691345151235
8.41/4.54	labor 0.307182808934 0.133664244146 0.25889082101
9.71/5.13	abalone 0.254869059669 0.0826734071954 0.659993828342
11.05/5.74	diabetes 0.51363909498 0.335700319636 0.186168680277
12.35/6.36	car 0.349319892591 0.165240885802 0.396578074131
13.67/6.95	autos 0.217585425467 0.0617477243216 0.631874600591
15.05/7.66	mfeat-fourier 0.559388539333 0.406371925096 -0.441180987114
16.29/8.25	primary-tumor 0.212582801263 0.055041054444 0.583393173436
17.66/8.87	waveform-5000 0.169880162081 0.0423067635148 0.767945806141
18.99/9.57	credit-a 0.362033047966 0.183412672011 0.458957510404
20.33/10.17	letter 0.225846189049 0.0726908181922 0.666781228143
21.65/10.77	postoperative-patient-data 0.433057496785 0.246864673337 0.0397547702674
22.96/11.37	vowel 0.416755455468 0.219622897069 0.375246246182
24.34/12.07	eucalyptus 0.432373196168 0.244213355353 -0.0639954838451
25.57/12.69	cylinder-bands 0.323873662869 0.134364064008 0.437625682456
27.00/13.30	ionosphere 0.405352130252 0.19891300231 0.111507282457
28.23/13.99	mfeat-karhunen 0.136841043913 0.0281034581121 0.832910918529
29.55/14.72	balance-scale 0.222048219519 0.0665303012225 0.516165594447
30.93/15.33	mfeat-morphological 0.477507721832 0.30171517991 -0.250487373636
32.15/15.93	liver-disorders 0.28083014423 0.102900524568 0.613128448758
33.51/16.54	dermatology 0.202867241604 0.0532572000433 0.51487275639
34.79/17.15	vote 0.0710759548773 0.00926857496939 0.788954424575
36.15/17.76	breast-cancer 0.166597478722 0.0357924406868 0.351328742119
37.49/18.37	credit-g 0.562705878106 0.424130224906 -0.590180573238
38.77/19.06	soybean 0.121657292189 0.0237420378625 0.710737722098
40.12/19.66	arrhythmia 0.279560697867 0.107976953856 0.146090700495
41.44/20.27	nursery 0.268969724715 0.092429564873 0.612805239244
42.83/20.97	hepatitis 0.303808567104 0.131137153392 -0.0526831508422
44.09/21.58	cmc 0.295583309976 0.112215535404 0.245316021406
45.43/22.27	heart-c 0.217303251205 0.0633399317488 0.841314365903
46.72/22.87	glass 0.341594636829 0.140349105285 0.42760618751
48.02/23.48	braziltourism 0.439014078475 0.251293532473 0.0552688269571
49.34/24.08	iris 0.288512842966 0.110066643386 0.361671446579
50.67/24.78	heart-statlog 0.264146936125 0.0958278564087 0.755987054109
52.00/25.39	page-blocks 0.336760696334 0.158091430705 0.344541342317
53.30/25.99	breast-w 0.215465701083 0.0653058680752 0.490955252327
54.60/26.58	heart-h 0.158285515083 0.0332328712851 0.710737722098
55.89/27.28	yeast 0.256567649633 0.0830946422352 0.695546874922
57.21/27.88	tae 0.359615885764 0.157622549413 0.147383538552
58.51/28.47	haberman 0.27347073143 0.0977467042428 0.021008618434
59.85/29.18	mfeat-pixel 0.332827365252 0.133203031493 0.255335516352
61.18/29.77	optdigits 0.156394411818 0.0322487999804 0.800589967092
62.48/30.36	mfeat-factors 0.168145109928 0.0411676423597 0.765036920512
63.80/30.96	satimage 0.256285338081 0.0896851925801 0.508731775617
65.10/31.66	lymph 0.186647744506 0.0527318103445 0.58145391635
66.39/32.34	audiology 0.320453421441 0.134709582665 0.410799292763
67.80/33.04	ecoli 0.409108171404 0.211652000802 0.139303300693
69.05/33.76	tic-tac-toe 0.311391266375 0.140807308785 0.649327914367
70.38/34.34	spambase 0.214397558131 0.057543278331 0.887856535972
71.71/34.95	zoo 0.105932317808 0.0155043969128 0.804791690779
73.04/35.56	sonar 0.506006887941 0.320566275483 -0.106335930227
74.33/36.17	mfeat-zernike 0.257690118191 0.0917211134578 0.504853261444
75.63/36.76	kr-vs-kp 0.167493108234 0.0362776925309 0.7197875885
75.76/36.81	MAE 0.28827789981 0.112741670008
75.76/36.81	MSE 0.125405253291 0.125405253291
75.76/36.81	Mean tau 0.431048085321 0.331895797241
75.76/36.81	(0.10526315789473684, '1_class_probability_max')
75.76/36.81	(0.9649122807017544, '0_class_probability_max')
75.76/36.81	(2.0, '0_landmark_decision_tree')
75.76/36.81	(3.56140350877193, '1_landmark_naive_bayes')
75.76/36.81	(3.7017543859649122, '1_landmark_decision_tree')
75.76/36.81	(4.701754385964913, '0_landmark_naive_bayes')
75.76/36.81	(6.456140350877193, '1_landmark_lda')
75.76/36.81	(7.4035087719298245, '0_landmark_lda')
75.76/36.81	(9.0, '0_number_of_numeric_features')
75.76/36.81	(9.035087719298245, '1_number_of_numeric_features')
75.76/36.81	(10.368421052631579, '1_number_of_features')
75.76/36.81	(11.035087719298245, '0_number_of_categorical_features')
75.76/36.81	(11.070175438596491, '1_number_of_categorical_features')
75.76/36.81	(11.596491228070175, '0_number_of_features')
75.76/36.81	(14.31578947368421, '0_number_of_classes')
75.76/36.81	(14.68421052631579, '1_number_of_classes')
75.76/36.81	Result for ParamILS: SAT, 35.923818, 1, 0.288278, -1, /home/feurerm/thesis/Software/pyMetaLearn/optimizers/metalearn_optimizer/learn_distances.py
