0.69/0.85	['/home/feurerm/thesis/Software/pyMetaLearn/optimizers/metalearn_optimizer/learn_distances.py', '--input_file', '/home/feurerm/thesis/experiments/2014_04_25_predict_distances/testfold_0-3_pfahringer_spearman_rank_perm.pkl', '--fold', '0', '--folds', '1', '--params', '-max_features', '0.354696939729', '-min_samples_leaf', '5', '-min_samples_split', '9', '-n_estimators', '79', '-n_jobs', '4', '-seed', '22']
0.69/0.85	Metafeatures (57, 8)
0.69/0.85	X (3192, 16)
0.69/0.85	Y (3192,)
0.69/0.85	Dataset Mae MSE Rho
1.77/1.30	vehicle 0.354720963848 0.152853417384 0.372660570068
2.75/1.78	anneal.ORIG 0.317302075982 0.130206827809 0.553011479085
3.81/2.28	segment 0.230153838246 0.0666830728123 0.782813443802
4.94/2.89	pendigits 0.292467475001 0.108193193559 0.692637989293
6.07/3.49	mushroom 0.188812234476 0.0447129696757 0.65320642854
7.19/4.01	labor 0.283643256745 0.113350694119 0.306079410107
8.32/4.61	abalone 0.268273431802 0.0915152606697 0.630581762534
9.51/5.24	diabetes 0.50760288902 0.337349970821 0.10504309217
10.66/5.83	car 0.375092469984 0.205822563904 0.419202740137
11.74/6.32	autos 0.233524432844 0.0718873167354 0.616037334387
12.86/7.02	mfeat-fourier 0.550050572908 0.391901663384 -0.405951150048
14.16/7.73	primary-tumor 0.232574723232 0.067156960303 0.483521433496
15.23/8.45	waveform-5000 0.19354912234 0.0518142000547 0.74273546402
16.39/9.15	credit-a 0.37276655342 0.193457417729 0.41726348305
17.56/9.66	letter 0.233916155678 0.0784290361591 0.653529638054
18.66/10.14	postoperative-patient-data 0.411943481834 0.218550439676 0.0349066275519
19.73/10.63	vowel 0.448212596925 0.250082152412 0.275697715757
20.82/11.12	eucalyptus 0.398403456707 0.209069721955 0.00775702834486
21.88/11.62	cylinder-bands 0.338195933312 0.144567786809 0.378478341326
23.02/12.23	ionosphere 0.423903325771 0.213281363919 0.0
24.10/12.73	mfeat-karhunen 0.159485707207 0.0358871967447 0.810609462038
25.20/13.24	balance-scale 0.228763414213 0.0709421034703 0.484814271554
26.28/13.74	mfeat-morphological 0.479979945922 0.307252280096 -0.248871326064
27.46/14.35	liver-disorders 0.308672957539 0.124060933027 0.428252606539
28.47/14.95	dermatology 0.197292129371 0.0513891229491 0.534265327252
29.54/15.54	vote 0.071629123258 0.00811994244941 0.802529224178
30.66/16.02	breast-cancer 0.200783196182 0.0510894603313 0.306079410107
31.73/16.52	credit-g 0.589994994093 0.456602549636 -0.621208686617
32.81/17.02	soybean 0.122108194357 0.0238600859434 0.761804825368
33.95/17.52	arrhythmia 0.273984215779 0.103498700946 0.212025441426
35.03/18.05	nursery 0.281665269843 0.100936096439 0.589534154209
36.18/18.64	hepatitis 0.328608626806 0.151281383457 -0.302847314964
37.23/19.13	cmc 0.301973906213 0.112137194631 0.260183659067
38.47/19.86	heart-c 0.252937524187 0.0858542475774 0.815134395239
39.57/20.58	glass 0.327371450177 0.129811576654 0.51713522299
40.77/21.10	braziltourism 0.455229144155 0.265939851741 0.0588241316152
41.86/21.60	iris 0.296005844962 0.115508181992 0.306402619622
42.97/22.11	heart-statlog 0.279420626747 0.105958625025 0.723342893158
44.09/22.72	page-blocks 0.326404599437 0.144681639331 0.380417598412
45.24/23.35	breast-w 0.226538694472 0.0711432225134 0.46380565312
46.35/23.84	heart-h 0.172994527182 0.0383028645463 0.707182417439
47.47/24.45	yeast 0.308770155332 0.120405329559 0.567555907232
48.58/24.96	tae 0.339363609782 0.141767924431 0.157726243012
49.71/25.45	haberman 0.244397835838 0.0769625742933 0.210409393854
50.81/25.95	mfeat-pixel 0.326212025519 0.129105262594 0.283131534587
51.91/26.43	optdigits 0.180374146357 0.0427901771016 0.7737635774
52.99/26.94	mfeat-factors 0.20079383974 0.0547061685487 0.744674721106
54.18/27.44	satimage 0.275255533571 0.102166789543 0.412738549849
55.21/28.02	lymph 0.170835818014 0.040637132492 0.722696474129
56.37/28.52	audiology 0.323415043863 0.144989160078 0.456371834289
57.41/29.11	ecoli 0.416540977092 0.222094548362 0.060440179187
58.61/29.62	tic-tac-toe 0.318484374382 0.148674760183 0.577898611692
59.64/30.21	spambase 0.211701306337 0.0569659969504 0.901108126061
60.73/30.70	zoo 0.104641678959 0.0148795607979 0.819336118926
61.84/31.32	sonar 0.515806625059 0.333997762621 -0.202652365509
63.04/31.85	mfeat-zernike 0.276006423924 0.105585870763 0.412092130821
64.10/32.45	kr-vs-kp 0.185406036314 0.0438754949618 0.69683971298
64.10/32.49	MAE 0.297104535303 0.109888583835
64.10/32.49	MSE 0.131135926363 0.131135926363
64.10/32.49	Mean tau 0.40882034328 0.335110533134
64.10/32.49	(0.12280701754385964, '0_class_probability_max')
64.10/32.49	(0.9298245614035088, '1_class_probability_max')
64.10/32.49	(2.6140350877192984, '1_landmark_naive_bayes')
64.10/32.49	(3.1228070175438596, '0_landmark_decision_tree')
64.10/32.49	(3.8421052631578947, '1_landmark_decision_tree')
64.10/32.49	(4.385964912280702, '0_landmark_naive_bayes')
64.10/32.49	(6.491228070175438, '1_landmark_lda')
64.10/32.49	(7.350877192982456, '0_landmark_lda')
64.10/32.49	(9.140350877192983, '0_number_of_features')
64.10/32.49	(9.631578947368421, '1_number_of_numeric_features')
64.10/32.49	(9.789473684210526, '0_number_of_numeric_features')
64.10/32.49	(10.473684210526315, '0_number_of_categorical_features')
64.10/32.49	(11.31578947368421, '1_number_of_features')
64.10/32.49	(11.842105263157896, '1_number_of_categorical_features')
64.10/32.49	(14.403508771929825, '1_number_of_classes')
64.10/32.49	(14.543859649122806, '0_number_of_classes')
64.10/32.49	Result for ParamILS: SAT, 31.640082, 1, 0.297105, -1, /home/feurerm/thesis/Software/pyMetaLearn/optimizers/metalearn_optimizer/learn_distances.py
