0.72/1.00	['/home/feurerm/thesis/Software/pyMetaLearn/optimizers/metalearn_optimizer/learn_distances.py', '--input_file', '/home/feurerm/thesis/experiments/2014_04_25_predict_distances/testfold_0-3_pfahringer_spearman_rank_perm.pkl', '--fold', '0', '--folds', '1', '--params', '-max_features', '0.950208476044', '-min_samples_leaf', '5', '-min_samples_split', '9', '-n_estimators', '52', '-n_jobs', '4', '-seed', '74']
0.81/1.00	Metafeatures (57, 8)
0.81/1.00	X (3192, 16)
0.81/1.00	Y (3192,)
0.81/1.00	Dataset Mae MSE Rho
2.36/1.65	vehicle 0.343893045419 0.141787052455 0.362641075122
4.06/2.32	anneal.ORIG 0.566119084791 0.384140888519 -0.263738963725
5.75/3.00	segment 0.161871519355 0.0345225512072 0.844223251532
7.45/3.68	pendigits 0.256095268331 0.0872104527279 0.710737722098
9.19/4.35	mushroom 0.177562547533 0.0402940445333 0.669366904258
10.88/5.05	labor 0.319956642365 0.138405992646 0.195541756193
12.57/5.73	abalone 0.234684520992 0.0691858339575 0.707828836468
14.45/6.52	diabetes 0.535664413559 0.350758071898 0.262769335182
16.20/7.20	car 0.389369594044 0.203020614982 0.158049452526
17.81/7.88	autos 0.203220947896 0.0544168148184 0.736271273733
19.51/8.58	mfeat-fourier 0.591216596487 0.454692535008 -0.470593052921
21.22/9.26	primary-tumor 0.212704515255 0.0586820279344 0.562384555002
22.96/9.95	waveform-5000 0.161153553648 0.0393309005588 0.750815701879
24.64/10.62	credit-a 0.355989218617 0.180755884061 0.454755786717
26.32/11.31	letter 0.24654682806 0.0814712526113 0.59696797304
28.04/12.00	postoperative-patient-data 0.446062984841 0.261100689467 0.0701364646181
29.73/12.69	vowel 0.41294921305 0.21186423292 0.404981521504
31.45/13.37	eucalyptus 0.472312573165 0.295416358284 -0.192956080078
33.14/14.06	cylinder-bands 0.3574281643 0.159989830868 0.233357269374
34.86/14.75	ionosphere 0.414590292438 0.200262326993 0.0504206842416
36.61/15.43	mfeat-karhunen 0.133590852077 0.0267422435747 0.816104023782
38.30/16.12	balance-scale 0.239326502371 0.0803268770421 0.449584434487
40.05/16.80	mfeat-morphological 0.434185329415 0.250582945166 -0.0294120658076
41.67/17.48	liver-disorders 0.309803897263 0.123421913154 0.391729931415
43.38/18.16	dermatology 0.205565578959 0.0547028604055 0.478026871752
45.12/18.84	vote 0.0783017691955 0.0101236054962 0.765360130026
46.84/19.53	breast-cancer 0.153454875813 0.032776933147 0.341955666202
48.58/20.22	credit-g 0.73381872856 0.704969262323 -0.695223665408
50.32/20.91	soybean 0.121709123117 0.0228397588883 0.776349253514
52.06/21.60	arrhythmia 0.259651850454 0.0892556990461 0.473825148065
53.67/22.28	nursery 0.250634784673 0.0797954017109 0.657408152227
55.42/22.98	hepatitis 0.236448751878 0.0815610165594 0.530063603565
57.12/23.67	cmc 0.23740162916 0.0792232960157 0.332259380771
58.81/25.03	heart-c 0.192717605085 0.0533759060258 0.831618080472
60.53/25.81	glass 0.36550956561 0.162475863165 0.295413496133
62.29/26.50	braziltourism 0.483890398004 0.303489466615 0.0349066275519
63.99/27.18	iris 0.285767279998 0.107095785337 0.322239885826
65.68/27.86	heart-statlog 0.215447991686 0.0612535561341 0.796065033891
67.46/28.54	page-blocks 0.482483263327 0.312692695913 -0.136394415064
69.15/29.21	breast-w 0.20363610756 0.0570963357773 0.681648865804
70.91/29.90	heart-h 0.133061608477 0.0247502096934 0.708798465011
72.52/30.66	yeast 0.255907646508 0.0772905052534 0.729483873931
74.25/31.35	tae 0.367277034201 0.159787245293 0.247901697521
75.98/32.05	haberman 0.281787271894 0.104316970465 0.0223014564915
77.68/32.75	mfeat-pixel 0.3813426286 0.177707607093 0.159342290584
79.41/33.42	optdigits 0.155930075188 0.032573439988 0.79380256729
81.24/34.11	mfeat-factors 0.174044098148 0.0433692363297 0.766006549055
82.93/34.80	satimage 0.271514147125 0.101946245532 0.363610703665
84.58/35.48	lymph 0.233576192426 0.0859609326062 0.400456588303
86.29/36.16	audiology 0.29631123102 0.10760366801 0.432131120711
88.00/36.84	ecoli 0.409310746459 0.220697538788 0.124435663032
89.71/37.53	tic-tac-toe 0.342470671809 0.178100839303 0.270849573041
91.42/38.22	spambase 0.215476975585 0.0533707921423 0.829355613871
93.10/38.89	zoo 0.103833174458 0.0153444077566 0.818043280868
94.89/39.57	sonar 0.503060782419 0.316830311805 -0.165160061843
96.59/40.26	mfeat-zernike 0.248972297319 0.085815257423 0.461219977005
98.28/40.96	kr-vs-kp 0.161969792967 0.0344179615747 0.739503368876
98.28/40.99	MAE 0.298571645315 0.135729878043
98.28/40.99	MSE 0.13966654293 0.13966654293
98.28/40.99	Mean tau 0.397536361989 0.352973783915
98.28/40.99	(0.19298245614035087, '1_class_probability_max')
98.28/40.99	(0.8070175438596491, '0_class_probability_max')
98.28/40.99	(2.6666666666666665, '0_landmark_naive_bayes')
98.28/40.99	(2.824561403508772, '1_landmark_naive_bayes')
98.28/40.99	(5.4035087719298245, '0_number_of_numeric_features')
98.28/40.99	(5.719298245614035, '1_number_of_numeric_features')
98.28/40.99	(6.473684210526316, '1_number_of_categorical_features')
98.28/40.99	(6.824561403508772, '0_number_of_categorical_features')
98.28/40.99	(8.210526315789474, '0_landmark_decision_tree')
98.28/40.99	(8.508771929824562, '1_number_of_features')
98.28/40.99	(8.894736842105264, '0_number_of_features')
98.28/40.99	(10.31578947368421, '1_landmark_decision_tree')
98.28/40.99	(12.035087719298245, '0_landmark_lda')
98.28/40.99	(12.12280701754386, '1_landmark_lda')
98.28/40.99	(14.403508771929825, '0_number_of_classes')
98.28/40.99	(14.596491228070175, '1_number_of_classes')
98.28/40.99	Result for ParamILS: SAT, 39.989025, 1, 0.298572, -1, /home/feurerm/thesis/Software/pyMetaLearn/optimizers/metalearn_optimizer/learn_distances.py
