0.71/0.99	['/home/feurerm/thesis/Software/pyMetaLearn/optimizers/metalearn_optimizer/learn_distances.py', '--input_file', '/home/feurerm/thesis/experiments/2014_04_25_predict_distances/testfold_0-3_pfahringer_spearman_rank_perm.pkl', '--fold', '0', '--folds', '1', '--params', '-max_features', '0.585469440162', '-min_samples_leaf', '5', '-min_samples_split', '4', '-n_estimators', '70', '-n_jobs', '4', '-seed', '35']
0.71/1.00	Metafeatures (57, 8)
0.71/1.00	X (3192, 16)
0.71/1.00	Y (3192,)
0.71/1.00	Dataset Mae MSE Rho
2.09/1.66	vehicle 0.334980478404 0.138157550693 0.426636558967
3.58/2.24	anneal.ORIG 0.376883454132 0.1754142566 0.541699146083
5.02/2.83	segment 0.203826448954 0.052227393214 0.821598585526
6.48/3.41	pendigits 0.268642521507 0.0937993424132 0.711707350641
7.94/4.03	mushroom 0.171934963418 0.0372970904329 0.698455760552
9.42/4.62	labor 0.298933591399 0.126820142553 0.233357269374
10.86/5.21	abalone 0.241129700408 0.0746174525519 0.670013323287
12.33/5.79	diabetes 0.50493278774 0.324159670258 0.188431146877
13.79/6.37	car 0.34718852293 0.168076279531 0.4431202442
15.22/6.95	autos 0.211782632883 0.057099859482 0.734008807132
16.68/7.53	mfeat-fourier 0.562976778289 0.414198430717 -0.468653795835
18.13/8.12	primary-tumor 0.227117912222 0.0634456380961 0.501297956786
19.66/8.73	waveform-5000 0.170927712607 0.0431671411608 0.760835196825
21.07/9.32	credit-a 0.381536012835 0.204991241454 0.352298370662
22.60/10.00	letter 0.243320252905 0.0821289908644 0.624117572247
24.03/10.69	postoperative-patient-data 0.43440823619 0.247141911781 0.000969628543107
25.51/11.39	vowel 0.422096215019 0.221810674233 0.353267999205
27.08/12.12	eucalyptus 0.417204703898 0.231053649079 -0.0533295698709
28.57/12.70	cylinder-bands 0.3211546585 0.126949560658 0.49418734747
29.99/13.28	ionosphere 0.397180114706 0.189079177651 0.153524519325
31.44/13.87	mfeat-karhunen 0.15235780348 0.033452493213 0.82192179504
32.90/14.47	balance-scale 0.260112940227 0.0911130499506 0.343894923289
34.39/15.18	mfeat-morphological 0.476415753427 0.301944203369 -0.241760716748
35.88/15.76	liver-disorders 0.271322111956 0.0957564449086 0.506146099502
37.37/16.34	dermatology 0.197826036822 0.0506466050737 0.523922622792
38.85/16.96	vote 0.0742585595455 0.00910532525017 0.785722329431
40.40/17.54	breast-cancer 0.160710965308 0.0336490499165 0.345187761346
41.86/18.13	credit-g 0.605891139627 0.479107164139 -0.618946220017
43.36/18.83	soybean 0.124143104905 0.0241715656317 0.724635731215
44.86/19.42	arrhythmia 0.274687722659 0.101521807312 0.165160061843
46.34/20.02	nursery 0.273490247242 0.0986823409117 0.596644763525
47.83/20.64	hepatitis 0.288562279906 0.115522321614 0.0513903127847
49.30/21.32	cmc 0.285237548791 0.107286228685 0.289595724875
50.88/21.94	heart-c 0.231209303417 0.0729611087715 0.816104023782
52.28/22.52	glass 0.349463519783 0.146913909157 0.409506454706
53.75/23.12	braziltourism 0.404773277562 0.211670692286 0.146090700495
55.20/23.71	iris 0.290027299874 0.105748643189 0.388174626757
56.69/24.52	heart-statlog 0.247513302159 0.0826738970146 0.796065033891
58.29/25.10	page-blocks 0.376631620158 0.193450714871 0.279576229929
59.70/25.71	breast-w 0.201054132491 0.056837245117 0.59179662081
61.23/26.32	heart-h 0.153742243457 0.0317870745447 0.700718227152
62.63/26.90	yeast 0.269783661447 0.092014269405 0.677123932603
64.12/27.50	tae 0.357267292243 0.153916315036 0.165160061843
65.75/28.20	haberman 0.279506822756 0.10288450404 0.0174533137759
67.12/28.79	mfeat-pixel 0.351087724561 0.149379116649 0.213641488998
68.64/29.57	optdigits 0.167485498681 0.0373382626059 0.785399119917
70.15/30.18	mfeat-factors 0.192525537502 0.0498599598027 0.766976177598
71.74/30.89	satimage 0.23458965375 0.0765089672606 0.645126190681
73.16/31.49	lymph 0.20543778161 0.06068029661 0.521336946677
74.67/32.18	audiology 0.32136910371 0.136003590875 0.377831922297
76.17/32.77	ecoli 0.406190928465 0.21101429513 0.114092958572
77.66/33.37	tic-tac-toe 0.299462746245 0.131733190564 0.646095819224
79.15/33.95	spambase 0.211614766049 0.0549393950915 0.867494336567
80.62/34.61	zoo 0.104752868692 0.0153154409942 0.826769937756
82.07/35.30	sonar 0.5088426468 0.326560301647 -0.112800120515
83.55/35.89	mfeat-zernike 0.261915621245 0.0957747814852 0.478996500295
85.00/36.47	kr-vs-kp 0.167027426018 0.0361557679734 0.744028302078
85.12/36.51	MAE 0.290814889325 0.113352201904
85.12/36.51	MSE 0.127117820939 0.127117820939
85.12/36.51	Mean tau 0.427084516013 0.331582960375
85.12/36.51	(0.0, '1_class_probability_max')
85.12/36.51	(1.0526315789473684, '0_class_probability_max')
85.12/36.51	(2.017543859649123, '0_landmark_decision_tree')
85.12/36.51	(3.0526315789473686, '1_landmark_decision_tree')
85.12/36.51	(4.140350877192983, '0_landmark_naive_bayes')
85.12/36.51	(4.7368421052631575, '1_landmark_naive_bayes')
85.12/36.51	(7.912280701754386, '1_number_of_numeric_features')
85.12/36.51	(8.052631578947368, '0_number_of_numeric_features')
85.12/36.51	(8.912280701754385, '1_landmark_lda')
85.12/36.51	(9.105263157894736, '0_number_of_categorical_features')
85.12/36.51	(9.807017543859649, '0_landmark_lda')
85.12/36.51	(10.24561403508772, '1_number_of_categorical_features')
85.12/36.51	(10.280701754385966, '0_number_of_features')
85.12/36.51	(11.68421052631579, '1_number_of_features')
85.12/36.51	(14.421052631578947, '0_number_of_classes')
85.12/36.51	(14.578947368421053, '1_number_of_classes')
85.12/36.51	Result for ParamILS: SAT, 35.515620, 1, 0.290815, -1, /home/feurerm/thesis/Software/pyMetaLearn/optimizers/metalearn_optimizer/learn_distances.py
