0.71/0.96	['/home/feurerm/thesis/Software/pyMetaLearn/optimizers/metalearn_optimizer/learn_distances.py', '--input_file', '/home/feurerm/thesis/experiments/2014_04_25_predict_distances/testfold_0-3_pfahringer_spearman_rank_perm.pkl', '--fold', '0', '--folds', '1', '--params', '-max_features', '0.488944585302', '-min_samples_leaf', '2', '-min_samples_split', '5', '-n_estimators', '85', '-n_jobs', '4', '-seed', '27']
0.71/0.97	Metafeatures (57, 8)
0.71/0.97	X (3192, 16)
0.71/0.97	Y (3192,)
0.71/0.97	Dataset Mae MSE Rho
2.22/1.74	vehicle 0.322683821348 0.125945947025 0.4970962331
3.93/2.57	anneal.ORIG 0.364402238127 0.159531046761 0.679063189689
5.70/3.38	segment 0.163571811966 0.0337178684369 0.855212375021
7.29/4.21	pendigits 0.252465147162 0.0824534119123 0.734655226161
8.99/5.02	mushroom 0.153441406236 0.0299828857418 0.723989312187
10.69/5.84	labor 0.309995988923 0.135416297751 0.310281133794
12.49/6.66	abalone 0.225282472355 0.0652922971021 0.730776711988
14.15/7.49	diabetes 0.479767922769 0.294456444286 0.204268413081
15.91/8.31	car 0.333548207842 0.156066684146 0.56367739306
17.66/9.16	autos 0.21112722465 0.0579506876971 0.69683971298
19.57/10.00	mfeat-fourier 0.561370273817 0.410444027032 -0.426636558967
21.17/10.81	primary-tumor 0.216101411829 0.0573038413716 0.562707764517
22.90/11.63	waveform-5000 0.191399734518 0.0539750936142 0.732069550046
24.58/12.43	credit-a 0.366179540514 0.188775653426 0.444736291772
26.37/13.24	letter 0.235363634343 0.0747214102593 0.667427647172
27.98/14.05	postoperative-patient-data 0.409144045346 0.210815521152 0.126698129633
29.66/14.89	vowel 0.423480393576 0.226059683855 0.340016409116
31.37/15.71	eucalyptus 0.409456775951 0.218316458483 0.000969628543107
33.17/16.53	cylinder-bands 0.299755245797 0.115549172076 0.539759888996
34.82/17.35	ionosphere 0.391580478423 0.185589126836 0.171947461644
36.53/18.18	mfeat-karhunen 0.116050197207 0.0214868866676 0.864585450937
38.27/19.01	balance-scale 0.234755142017 0.0733757046858 0.455078996232
40.10/19.82	mfeat-morphological 0.481801580049 0.308522094264 -0.224630612486
41.73/20.64	liver-disorders 0.278485852294 0.100123333251 0.58662526858
43.46/21.46	dermatology 0.214283113805 0.0593097033751 0.472209100493
45.33/22.30	vote 0.0720530755367 0.0090999548211 0.796388243405
47.02/23.14	breast-cancer 0.187697210179 0.0439061035914 0.35876256095
48.67/23.96	credit-g 0.547734619616 0.403799176579 -0.492894509413
50.42/24.78	soybean 0.128968547711 0.0258714167285 0.678093561146
52.10/25.60	arrhythmia 0.271976316286 0.103631442777 0.193602499107
53.84/26.41	nursery 0.25104258247 0.0822703905289 0.660963456885
55.48/27.24	hepatitis 0.299240727864 0.128140256185 0.00581777125864
57.15/28.06	cmc 0.300483942348 0.117847589719 0.241760716748
58.85/28.85	heart-c 0.207905633379 0.0572484893359 0.880422717141
60.64/29.67	glass 0.342666373921 0.142220827168 0.439241730028
62.40/30.50	braziltourism 0.452349993255 0.263869014624 -0.0229478755202
63.99/31.32	iris 0.28428064279 0.101298477771 0.383326484042
65.71/32.13	heart-statlog 0.211933101943 0.061537425795 0.875574574426
67.48/32.94	page-blocks 0.335450330639 0.152872992798 0.346157389889
69.09/33.76	breast-w 0.205422712301 0.0586098522063 0.531033232108
70.77/34.57	heart-h 0.132147989803 0.0241259760939 0.759542358767
72.48/35.37	yeast 0.237134062259 0.0706742039508 0.76342087294
74.21/36.18	tae 0.358510113936 0.154896790509 0.160311919127
75.94/37.01	haberman 0.257883036005 0.0875542576829 0.191340032506
77.69/37.85	mfeat-pixel 0.341867832489 0.140068760759 0.264708592268
79.41/38.69	optdigits 0.117922428501 0.0188171375648 0.837112642216
81.21/39.51	mfeat-factors 0.14595549162 0.0322544672741 0.79897391952
82.82/40.34	satimage 0.248878901087 0.0840055171191 0.521336946677
84.52/41.16	lymph 0.189923003277 0.0526645159903 0.608280306043
86.19/41.98	audiology 0.326229445807 0.14011142079 0.353914418234
87.90/42.81	ecoli 0.401770282017 0.209529403039 0.166776109414
89.59/43.63	tic-tac-toe 0.298842929738 0.132856783846 0.628965714962
91.34/44.46	spambase 0.213612999667 0.0546626772366 0.883654812285
93.05/45.28	zoo 0.0894615967175 0.0107016106133 0.832587709015
94.86/46.11	sonar 0.504960397641 0.315326013372 -0.103750254112
96.45/46.94	mfeat-zernike 0.256485922808 0.0924085331686 0.468007376806
98.14/47.76	kr-vs-kp 0.142252490253 0.0257380724483 0.789277634089
98.34/47.81	MAE 0.280851550785 0.114534363824
98.34/47.81	MSE 0.120066681286 0.120066681286
98.34/47.81	Mean tau 0.458055925969 0.328552839088
98.34/47.81	(0.05263157894736842, '0_class_probability_max')
98.34/47.81	(1.1754385964912282, '1_class_probability_max')
98.34/47.81	(1.9298245614035088, '1_landmark_decision_tree')
98.34/47.81	(3.1403508771929824, '0_landmark_decision_tree')
98.34/47.81	(4.105263157894737, '1_landmark_naive_bayes')
98.34/47.81	(4.631578947368421, '0_landmark_naive_bayes')
98.34/47.81	(6.175438596491228, '1_landmark_lda')
98.34/47.81	(8.12280701754386, '0_number_of_numeric_features')
98.34/47.81	(8.210526315789474, '0_landmark_lda')
98.34/47.81	(8.894736842105264, '1_number_of_numeric_features')
98.34/47.81	(10.12280701754386, '0_number_of_categorical_features')
98.34/47.81	(11.456140350877194, '1_number_of_features')
98.34/47.81	(11.491228070175438, '0_number_of_features')
98.34/47.81	(11.491228070175438, '1_number_of_categorical_features')
98.34/47.81	(14.333333333333334, '1_number_of_classes')
98.34/47.81	(14.666666666666666, '0_number_of_classes')
98.34/47.81	Result for ParamILS: SAT, 46.850336, 1, 0.280852, -1, /home/feurerm/thesis/Software/pyMetaLearn/optimizers/metalearn_optimizer/learn_distances.py
