0.78/0.91	['/home/feurerm/thesis/Software/pyMetaLearn/optimizers/metalearn_optimizer/learn_distances.py', '--input_file', '/home/feurerm/thesis/experiments/2014_04_25_predict_distances/testfold_0-3_pfahringer_spearman_rank_perm.pkl', '--fold', '0', '--folds', '1', '--params', '-max_features', '0.403226854971', '-min_samples_leaf', '3', '-min_samples_split', '6', '-n_estimators', '87', '-n_jobs', '4', '-seed', '99']
0.78/0.91	Metafeatures (57, 8)
0.78/0.91	X (3192, 16)
0.78/0.91	Y (3192,)
0.78/0.91	Dataset Mae MSE Rho
2.08/1.58	vehicle 0.345352392116 0.144216529614 0.355530465806
3.70/2.30	anneal.ORIG 0.360652954851 0.162289709406 0.562384555002
5.10/3.12	segment 0.173524778792 0.0396346284621 0.840021527845
6.62/3.83	pendigits 0.259269469187 0.0852227010828 0.739826578391
8.09/4.55	mushroom 0.164546892013 0.0344698158756 0.69166836075
9.62/5.26	labor 0.319937267299 0.144497709523 0.211379022397
11.13/5.96	abalone 0.228396370325 0.066229000537 0.735948064218
12.72/6.67	diabetes 0.505633915668 0.328249459425 0.185199051733
14.19/7.41	car 0.352621899941 0.174457192385 0.418233111594
15.81/8.12	autos 0.199042033188 0.0518505739066 0.726251778787
17.33/8.84	mfeat-fourier 0.577040815052 0.431152300468 -0.460573557976
18.80/9.57	primary-tumor 0.213072826242 0.0560194998435 0.569171954804
20.35/10.33	waveform-5000 0.184591216362 0.0479347111745 0.756633473138
21.99/11.08	credit-a 0.367907528329 0.190078085013 0.45055406303
23.41/11.81	letter 0.220987186465 0.0693411396449 0.681648865804
24.99/12.54	postoperative-patient-data 0.421049663845 0.22528510432 0.0429868654111
26.68/13.27	vowel 0.42213027765 0.224685551132 0.365226751237
28.15/14.10	eucalyptus 0.430014068111 0.242599377902 -0.0791863310204
29.63/14.82	cylinder-bands 0.316483844781 0.12640383151 0.469946633893
31.17/15.54	ionosphere 0.395691746826 0.189100252975 0.153201309811
32.66/16.25	mfeat-karhunen 0.135585155904 0.0278348350379 0.841314365903
34.20/16.98	balance-scale 0.224619073002 0.0706097337326 0.501621166301
35.85/17.70	mfeat-morphological 0.491029367267 0.317966814025 -0.292827820018
37.28/18.55	liver-disorders 0.290298631973 0.108114037416 0.595351925468
38.80/19.28	dermatology 0.211798425125 0.0584807668551 0.4970962331
40.32/19.99	vote 0.0674075923858 0.00805328594717 0.792186519719
41.84/20.71	breast-cancer 0.168046956861 0.0358958692103 0.367489217838
43.35/21.43	credit-g 0.600761764218 0.47612303515 -0.63542990525
44.92/22.18	soybean 0.129056438262 0.0270303074778 0.667427647172
46.42/22.92	arrhythmia 0.283529045923 0.108786468679 0.165160061843
47.92/23.63	nursery 0.261005700498 0.0877087271889 0.61991584856
49.43/24.35	hepatitis 0.292508374852 0.118721097731 0.134778367492
50.93/25.07	cmc 0.313528092127 0.126839069981 0.200389898909
52.44/25.78	heart-c 0.206157077201 0.0584731624795 0.860706936765
54.01/26.51	glass 0.344487969454 0.142145100832 0.448938015459
55.51/27.25	braziltourism 0.461196038159 0.274506801835 -0.0371690941524
57.10/27.99	iris 0.302428888271 0.117375328295 0.311573971852
58.66/28.71	heart-statlog 0.245009636072 0.0833031137416 0.834850175615
60.11/29.43	page-blocks 0.338469387095 0.158912807743 0.315775695539
61.62/30.13	breast-w 0.21311354793 0.0616319404197 0.498065861643
63.18/30.85	heart-h 0.162913016303 0.03529951142 0.690052313178
64.58/31.55	yeast 0.241406066261 0.0741625821921 0.718494750442
66.06/32.27	tae 0.343642670489 0.14293588282 0.204268413081
67.62/32.97	haberman 0.259598554765 0.0856453448453 0.170008204558
69.02/33.68	mfeat-pixel 0.334447253333 0.134062701551 0.265355011297
70.69/34.40	optdigits 0.135843656803 0.0246017587488 0.818689699897
72.17/35.12	mfeat-factors 0.174240676498 0.0421771716435 0.780550977201
73.59/35.83	satimage 0.259650990897 0.0925735988953 0.462512815062
75.10/36.64	lymph 0.2051042017 0.0599447539396 0.555273945686
76.67/37.46	audiology 0.328353166578 0.138843468307 0.336461104458
78.14/38.28	ecoli 0.394603913326 0.19841022729 0.211055812883
79.62/38.99	tic-tac-toe 0.292273112246 0.126621218866 0.569818373833
81.26/39.70	spambase 0.20822333758 0.0515661451914 0.890765421601
82.68/40.44	zoo 0.100500189688 0.0132020502418 0.816750442811
84.20/41.26	sonar 0.505682531978 0.320499149367 -0.146737119524
85.72/41.99	mfeat-zernike 0.237074350963 0.0786418049669 0.585009221008
87.27/42.73	kr-vs-kp 0.149805957494 0.0288264414143 0.776349253514
87.27/42.78	MAE 0.287216630816 0.117272622298
87.27/42.78	MSE 0.125442864731 0.125442864731
87.27/42.78	Mean tau 0.435227127639 0.338228368617
87.27/42.78	(0.43859649122807015, '1_class_probability_max')
87.27/42.78	(0.5614035087719298, '0_class_probability_max')
87.27/42.78	(2.8771929824561404, '1_landmark_decision_tree')
87.27/42.78	(2.9298245614035086, '0_landmark_decision_tree')
87.27/42.78	(3.8771929824561404, '1_landmark_naive_bayes')
87.27/42.78	(4.368421052631579, '0_landmark_naive_bayes')
87.27/42.78	(6.649122807017544, '1_landmark_lda')
87.27/42.78	(6.684210526315789, '0_landmark_lda')
87.27/42.78	(9.736842105263158, '1_number_of_numeric_features')
87.27/42.78	(10.087719298245615, '0_number_of_features')
87.27/42.78	(10.140350877192983, '0_number_of_categorical_features')
87.27/42.78	(10.649122807017545, '0_number_of_numeric_features')
87.27/42.78	(10.807017543859649, '1_number_of_features')
87.27/42.78	(11.192982456140351, '1_number_of_categorical_features')
87.27/42.78	(14.421052631578947, '1_number_of_classes')
87.27/42.78	(14.578947368421053, '0_number_of_classes')
87.27/42.78	Result for ParamILS: SAT, 41.875722, 1, 0.287217, -1, /home/feurerm/thesis/Software/pyMetaLearn/optimizers/metalearn_optimizer/learn_distances.py
