0.70/1.06	['/home/feurerm/thesis/Software/pyMetaLearn/optimizers/metalearn_optimizer/learn_distances.py', '--input_file', '/home/feurerm/thesis/experiments/2014_04_25_predict_distances/testfold_0-3_pfahringer_spearman_rank_perm.pkl', '--fold', '0', '--folds', '1', '--params', '-max_features', '0.235086176256', '-min_samples_leaf', '6', '-min_samples_split', '3', '-n_estimators', '49', '-n_jobs', '4', '-seed', '34']
0.70/1.07	Metafeatures (57, 8)
0.70/1.07	X (3192, 16)
0.70/1.07	Y (3192,)
0.70/1.07	Dataset Mae MSE Rho
1.15/1.42	vehicle 0.351596753321 0.153116271532 0.3891442553
1.69/1.82	anneal.ORIG 0.281916021278 0.106232931294 0.4970962331
2.25/2.21	segment 0.275608165357 0.0955615970863 0.704919950839
2.79/2.60	pendigits 0.334844327332 0.139329147357 0.596321554011
3.39/3.00	mushroom 0.215044835793 0.0568405914691 0.601169696726
3.87/3.37	labor 0.296679917353 0.121286820601 0.370398103467
4.38/3.74	abalone 0.317712287889 0.125603299481 0.591473411295
4.90/4.16	diabetes 0.482316593221 0.317062992769 0.042017236868
5.43/4.55	car 0.363078604294 0.191607828569 0.410476083249
5.96/4.92	autos 0.262551023967 0.0906392708114 0.439564939542
6.47/5.32	mfeat-fourier 0.532194632238 0.36838247547 -0.399163750246
7.01/5.75	primary-tumor 0.230154762496 0.0663294774597 0.579514659264
7.54/6.14	waveform-5000 0.228668992175 0.0735785450839 0.684557751434
8.11/6.52	credit-a 0.378260425088 0.201936987356 0.372660570068
8.59/6.98	letter 0.234494009421 0.0812785819218 0.644479771652
9.16/7.36	postoperative-patient-data 0.420480319919 0.218450542012 -0.0921147115952
9.69/7.75	vowel 0.457017322278 0.256668080398 0.207500508225
10.24/8.14	eucalyptus 0.374741990668 0.182405121501 0.15384772884
10.76/8.67	cylinder-bands 0.346863319263 0.150486177491 0.331289752228
11.31/9.26	ionosphere 0.441830825072 0.233931385991 -0.0601169696726
11.86/9.64	mfeat-karhunen 0.203630510035 0.0575164203156 0.779904558173
12.40/10.07	balance-scale 0.233262736353 0.0758198716069 0.474148357579
12.95/10.78	mfeat-morphological 0.483892764891 0.312470371355 -0.200066689394
13.50/11.19	liver-disorders 0.336712499993 0.150010106931 0.267617477898
14.05/11.86	dermatology 0.187662986552 0.0455309303039 0.572404049948
14.59/12.69	vote 0.078205526176 0.00965533544684 0.814164766696
15.15/13.07	breast-cancer 0.229741316022 0.0697927110572 0.212025441426
15.70/13.46	credit-g 0.503113342222 0.339075050246 -0.501944375815
16.20/13.88	soybean 0.127672200148 0.0252889976551 0.761158406339
16.74/14.26	arrhythmia 0.284490428663 0.110942532566 0.151262052725
17.26/14.64	nursery 0.300890269899 0.110627984981 0.527801136965
17.79/15.03	hepatitis 0.371849597104 0.199676724759 -0.416617064022
18.32/15.40	cmc 0.311918286361 0.115206742279 0.240144669176
18.85/15.92	heart-c 0.287709828394 0.10898009015 0.723989312187
19.36/16.29	glass 0.341160844941 0.141973136494 0.460250348462
19.90/16.67	braziltourism 0.478382198931 0.291103972534 -0.0397547702674
20.55/17.20	iris 0.305695789641 0.12328776694 0.251780211693
21.02/17.61	heart-statlog 0.307009950388 0.128091729105 0.744028302078
21.53/17.99	page-blocks 0.316341689806 0.139194652095 0.433100749255
22.12/18.38	breast-w 0.228434829235 0.0733178064156 0.472532310008
22.64/18.79	heart-h 0.210580283153 0.0554060684536 0.562061345488
23.20/19.19	yeast 0.3421284267 0.148115712107 0.525538670364
23.75/19.58	tae 0.29531332944 0.109370307094 0.220105679285
24.28/19.96	haberman 0.274221414354 0.105372731467 0.187461518334
24.79/20.35	mfeat-pixel 0.311774500073 0.120301707453 0.300908057878
25.30/20.74	optdigits 0.223373974025 0.062668286061 0.726574988302
25.81/21.35	mfeat-factors 0.229274719761 0.0728789386818 0.69393082735
26.36/21.73	satimage 0.292840678927 0.112636207014 0.303816943507
26.86/22.13	lymph 0.17869185843 0.0465703095532 0.680032818232
27.40/22.54	audiology 0.335523079582 0.15430569001 0.319977419225
27.95/22.95	ecoli 0.418835545454 0.226614578755 0.045572541526
28.50/23.44	tic-tac-toe 0.27712382889 0.117155334062 0.549779383942
29.03/23.83	spambase 0.223316082878 0.0671344599858 0.787015167489
29.55/24.23	zoo 0.134303754853 0.0244051481695 0.722373264615
30.10/24.62	sonar 0.488004196847 0.295885476473 -0.167099318929
30.64/25.03	mfeat-zernike 0.263677832068 0.0950642287662 0.472532310008
31.17/25.41	kr-vs-kp 0.211462586726 0.0563809794403 0.631228181563
31.17/25.43	MAE 0.306215417831 0.0983543851967
31.17/25.43	MSE 0.135588723201 0.135588723201
31.17/25.43	Mean tau 0.374645189893 0.31917426652
31.17/25.43	(0.5614035087719298, '1_landmark_naive_bayes')
31.17/25.43	(2.1403508771929824, '1_landmark_decision_tree')
31.17/25.43	(2.8771929824561404, '0_landmark_lda')
31.17/25.43	(2.9298245614035086, '0_class_probability_max')
31.17/25.43	(3.0701754385964914, '1_class_probability_max')
31.17/25.43	(4.807017543859649, '0_landmark_decision_tree')
31.17/25.43	(6.421052631578948, '1_landmark_lda')
31.17/25.43	(6.473684210526316, '0_number_of_features')
31.17/25.43	(6.754385964912281, '0_landmark_naive_bayes')
31.17/25.43	(9.824561403508772, '1_number_of_categorical_features')
31.17/25.43	(10.736842105263158, '1_number_of_numeric_features')
31.17/25.43	(11.456140350877194, '1_number_of_features')
31.17/25.43	(11.771929824561404, '0_number_of_numeric_features')
31.17/25.43	(11.807017543859649, '0_number_of_categorical_features')
31.17/25.43	(14.017543859649123, '1_number_of_classes')
31.17/25.43	(14.350877192982455, '0_number_of_classes')
31.17/25.43	Result for ParamILS: SAT, 24.369101, 1, 0.306215, -1, /home/feurerm/thesis/Software/pyMetaLearn/optimizers/metalearn_optimizer/learn_distances.py
