0.74/1.98	['/home/feurerm/thesis/Software/pyMetaLearn/optimizers/metalearn_optimizer/learn_distances.py', '--input_file', '/home/feurerm/thesis/experiments/2014_04_25_predict_distances/testfold_0-3_pfahringer_spearman_rank_perm.pkl', '--fold', '0', '--folds', '1', '--params', '-max_features', '0.681036820791', '-min_samples_leaf', '1', '-min_samples_split', '8', '-n_estimators', '8', '-n_jobs', '4', '-seed', '70']
0.74/1.99	Metafeatures (57, 8)
0.74/1.99	X (3192, 16)
0.74/1.99	Y (3192,)
0.74/1.99	Dataset Mae MSE Rho
1.03/2.26	vehicle 0.337556765734 0.145278162945 0.380994362574
1.29/2.53	anneal.ORIG 0.406531221683 0.222011166057 0.17132860735
1.54/2.79	segment 0.199010059358 0.0544734334083 0.729380941172
1.80/3.12	pendigits 0.264829743267 0.0972807936947 0.653743830498
2.06/3.41	mushroom 0.16924798927 0.0408898858336 0.647279120184
2.33/3.82	labor 0.33707098138 0.16464953627 0.242304009121
2.58/4.10	abalone 0.154176450669 0.0369908166489 0.753401377994
2.83/4.42	diabetes 0.426457787836 0.249019206938 0.145121071952
3.09/4.73	car 0.356665285872 0.175179347952 0.281560786796
3.35/4.97	autos 0.271796375068 0.112415941012 0.335168266401
3.61/5.22	mfeat-fourier 0.585199605334 0.445840492085 -0.380094388898
3.87/5.70	primary-tumor 0.250456383637 0.0864636632974 0.384296112585
4.14/6.03	waveform-5000 0.157396198122 0.0383739996425 0.699966509243
4.40/6.39	credit-a 0.358945177191 0.188348191005 0.457341462832
4.64/6.66	letter 0.276409893888 0.0953554557403 0.550837635707
4.90/6.91	postoperative-patient-data 0.446285857663 0.263054842427 0.0444448834084
5.17/7.23	vowel 0.343201560114 0.162612570362 0.51980452947
5.43/7.48	eucalyptus 0.427858426781 0.23981237238 -0.0344245824218
5.69/7.74	cylinder-bands 0.328230498549 0.150418267328 0.311573971852
5.96/8.06	ionosphere 0.402837717451 0.203118707022 0.102304040718
6.22/8.33	mfeat-karhunen 0.147704757673 0.0337557622184 0.783684507809
6.48/8.58	balance-scale 0.228044229561 0.0736271477736 0.498267547448
6.74/8.88	mfeat-morphological 0.467959688839 0.289038473131 -0.0979482415606
7.01/9.13	liver-disorders 0.310618730808 0.120008707658 0.413061759364
7.27/9.39	dermatology 0.237472090852 0.0726239291026 0.407567197619
7.52/9.64	vote 0.0936586119262 0.0147036373832 0.730027412203
7.78/9.91	breast-cancer 0.18682947861 0.0467800276388 0.323334126655
8.05/10.19	credit-g 0.677181594621 0.583750307387 -0.520127790994
8.32/10.47	soybean 0.117734055109 0.0203299461385 0.719683875701
8.58/10.82	arrhythmia 0.273688301968 0.101626314209 0.221828812943
8.85/11.09	nursery 0.23156375555 0.0731205037766 0.631551391077
9.10/11.34	hepatitis 0.248646279128 0.087011266635 0.379447969869
9.35/11.59	cmc 0.322234868522 0.135632076326 0.210911173993
9.62/11.87	heart-c 0.212992058586 0.0644877974495 0.775056415457
9.86/12.13	glass 0.352884860591 0.160250805508 0.266507682693
10.14/12.40	braziltourism 0.493348557525 0.317405252617 -0.0675616583702
10.40/12.66	iris 0.289853970145 0.108757629515 0.393862475878
10.66/12.94	heart-statlog 0.295479945725 0.136757794426 0.609896353614
10.91/13.26	page-blocks 0.481242325595 0.328407552468 0.0463842965026
11.16/13.53	breast-w 0.267485876159 0.0965171015566 0.342657214701
11.41/13.82	heart-h 0.165607852984 0.0413330530835 0.621631909311
11.68/14.06	yeast 0.204089433132 0.0527968169 0.743603303862
11.93/14.36	tae 0.379040792753 0.175994143655 0.176001738297
12.17/14.74	haberman 0.283668489201 0.11197621457 0.0536700505202
12.45/14.99	mfeat-pixel 0.36856482568 0.172011156696 0.1664528999
12.71/15.26	optdigits 0.123810559666 0.022061515757 0.815684823863
12.97/15.53	mfeat-factors 0.16884765365 0.0443936921561 0.742956832831
13.22/15.89	satimage 0.275454031395 0.11399687538 0.34634685507
13.49/16.17	lymph 0.186051789453 0.0521371660459 0.545783168255
13.74/16.42	audiology 0.295753898717 0.126510920137 0.519241573105
14.00/16.75	ecoli 0.414153071628 0.241780980925 0.123466034489
14.30/17.00	tic-tac-toe 0.300150285101 0.146034605859 0.457936796424
14.54/17.26	spambase 0.221981263598 0.0615205017092 0.79564422189
14.82/17.53	zoo 0.102126871553 0.0146367655035 0.769785380634
15.11/17.80	sonar 0.483609543511 0.296201214092 -0.011798096323
15.35/18.05	mfeat-zernike 0.289357230739 0.121880294497 0.293198201635
15.61/18.31	kr-vs-kp 0.14797990851 0.0322188290557 0.723239466373
15.61/18.31	MAE 0.295562026625 0.12134093378
15.61/18.31	MSE 0.13795901107 0.13795901107
15.61/18.31	Mean tau 0.385039828619 0.301358183298
15.61/18.31	(0.14035087719298245, '1_class_probability_max')
15.61/18.31	(0.8596491228070176, '0_class_probability_max')
15.61/18.31	(2.2982456140350878, '1_landmark_decision_tree')
15.61/18.31	(3.8596491228070176, '0_landmark_decision_tree')
15.61/18.31	(4.824561403508772, '1_landmark_naive_bayes')
15.61/18.31	(4.947368421052632, '0_landmark_naive_bayes')
15.61/18.31	(7.4035087719298245, '1_number_of_categorical_features')
15.61/18.31	(7.508771929824562, '1_number_of_numeric_features')
15.61/18.31	(8.385964912280702, '0_number_of_numeric_features')
15.61/18.31	(8.807017543859649, '0_number_of_categorical_features')
15.61/18.31	(9.701754385964913, '0_number_of_features')
15.61/18.31	(10.526315789473685, '1_number_of_features')
15.61/18.31	(10.947368421052632, '1_landmark_lda')
15.61/18.31	(11.087719298245615, '0_landmark_lda')
15.61/18.31	(14.298245614035087, '0_number_of_classes')
15.61/18.31	(14.403508771929825, '1_number_of_classes')
15.61/18.31	Result for ParamILS: SAT, 16.330641, 1, 0.295562, -1, /home/feurerm/thesis/Software/pyMetaLearn/optimizers/metalearn_optimizer/learn_distances.py
