0.83/2.67	['/home/feurerm/thesis/Software/pyMetaLearn/optimizers/metalearn_optimizer/learn_distances.py', '--input_file', '/home/feurerm/thesis/experiments/2014_04_25_predict_distances/testfold_0-3_pfahringer_spearman_rank_perm.pkl', '--fold', '0', '--folds', '1', '--params', '-max_features', '0.448436831908', '-min_samples_leaf', '6', '-min_samples_split', '4', '-n_estimators', '80', '-n_jobs', '4', '-seed', '77']
0.83/2.68	Metafeatures (57, 8)
0.83/2.68	X (3192, 16)
0.83/2.68	Y (3192,)
0.83/2.68	Dataset Mae MSE Rho
2.05/3.26	vehicle 0.341927993131 0.14288232131 0.409506454706
3.37/3.87	anneal.ORIG 0.404449339328 0.198157130376 0.577252192663
4.71/4.48	segment 0.212006155727 0.0567059591984 0.806084528836
6.04/5.23	pendigits 0.300873549573 0.114591233081 0.672275789888
7.37/5.98	mushroom 0.181803803151 0.0412359074705 0.681002446776
8.71/6.88	labor 0.293802611094 0.122704829861 0.268910315955
10.17/11.20	abalone 0.273617669366 0.0948198407784 0.623471153218
11.50/12.03	diabetes 0.488952136705 0.310236202303 0.172270671159
12.77/12.62	car 0.33471128203 0.151480450409 0.452493320117
14.11/13.22	autos 0.24513032918 0.0784927209439 0.50453005193
15.45/13.99	mfeat-fourier 0.541931724784 0.382581386571 -0.404335102476
16.79/14.71	primary-tumor 0.22204474888 0.0611368844869 0.533295698709
18.12/15.52	waveform-5000 0.188171017208 0.0499561271223 0.755987054109
19.48/16.24	credit-a 0.384545879595 0.208570536203 0.381064017441
20.82/16.85	letter 0.230573650651 0.0766228077006 0.664518761543
22.16/17.45	postoperative-patient-data 0.410480089009 0.21699185747 0.087589778394
23.48/18.09	vowel 0.433620348586 0.231462263072 0.310604343309
24.83/18.70	eucalyptus 0.415957280561 0.22623683021 -0.0232710850346
26.18/19.47	cylinder-bands 0.322337875235 0.129225412068 0.459603929433
27.51/20.09	ionosphere 0.408757206158 0.198326737183 0.101164577998
28.87/20.72	mfeat-karhunen 0.172147504606 0.042044852778 0.790893681661
30.19/21.58	balance-scale 0.246030863403 0.082298610639 0.415647435479
31.65/22.40	mfeat-morphological 0.47460972963 0.300577645528 -0.244346392863
32.95/23.02	liver-disorders 0.254548129941 0.0865677443612 0.619269429531
34.29/24.14	dermatology 0.207531556548 0.0562420154482 0.499035490186
35.58/24.76	vote 0.073290972857 0.00842528252989 0.793479357776
36.94/25.47	breast-cancer 0.141930610168 0.0274003900417 0.378155131812
38.32/26.30	credit-g 0.596099064526 0.474119367872 -0.621208686617
39.71/27.02	soybean 0.117390660707 0.0208980546974 0.806084528836
41.07/28.26	arrhythmia 0.273404868895 0.105671613519 0.247901697521
42.54/28.90	nursery 0.276225042423 0.0986719007856 0.584686011494
43.77/29.49	hepatitis 0.300146427588 0.129313445028 -0.0484814271554
45.11/30.22	cmc 0.278570137498 0.0970429437906 0.301231267392
46.42/30.82	heart-c 0.251434518826 0.0831293776869 0.802852433693
47.76/31.42	glass 0.350724854084 0.150378313382 0.354560837263
49.13/32.26	braziltourism 0.433108081064 0.241910336655 0.114092958572
50.53/33.20	iris 0.310318488768 0.121979448105 0.306079410107
51.91/34.31	heart-statlog 0.264878079686 0.0930146384489 0.789277634089
53.31/35.02	page-blocks 0.351665401186 0.169554624044 0.307372248165
54.67/35.75	breast-w 0.214585981755 0.0652612462162 0.526508298907
56.00/36.66	heart-h 0.172767633108 0.0387118637547 0.673245418431
57.39/37.29	yeast 0.309505946907 0.120279033992 0.582423544893
58.74/38.19	tae 0.353614375399 0.151487883349 0.15384772884
60.21/38.80	haberman 0.250988191943 0.0814273345244 0.116678634687
61.54/39.69	mfeat-pixel 0.344871225269 0.145026923012 0.223014564915
62.85/40.54	optdigits 0.188934069103 0.0466639596669 0.76568333954
64.24/41.31	mfeat-factors 0.197299090144 0.0542921327426 0.737240902276
65.60/41.91	satimage 0.252392928482 0.0882452050173 0.543315193654
66.92/42.52	lymph 0.215553552545 0.0682873405954 0.512287080275
68.26/43.29	audiology 0.331980434366 0.140348516493 0.268910315955
69.77/44.00	ecoli 0.402660597945 0.208156984055 0.164513642814
71.04/48.75	tic-tac-toe 0.301868918814 0.134789933894 0.65546889514
72.53/49.45	spambase 0.218350645281 0.0600338642979 0.898522449946
73.81/50.15	zoo 0.116545916127 0.0180612157358 0.786045538946
75.17/50.77	sonar 0.494882979233 0.306861244724 -0.113769749058
76.52/51.35	mfeat-zernike 0.253706096264 0.0888577319162 0.518104851534
77.87/52.17	kr-vs-kp 0.179234885184 0.0406532388955 0.708475255497
78.00/52.22	MAE 0.2949033886 0.108770332142
78.00/52.22	MSE 0.128756205194 0.128756205194
78.00/52.22	Mean tau 0.420195050049 0.320523916394
78.00/52.22	(0.42105263157894735, '1_class_probability_max')
78.00/52.22	(0.5789473684210527, '0_class_probability_max')
78.00/52.22	(2.245614035087719, '1_landmark_decision_tree')
78.00/52.22	(3.017543859649123, '0_landmark_decision_tree')
78.00/52.22	(4.2631578947368425, '0_landmark_naive_bayes')
78.00/52.22	(4.701754385964913, '1_landmark_naive_bayes')
78.00/52.22	(6.4035087719298245, '1_landmark_lda')
78.00/52.22	(6.859649122807017, '0_landmark_lda')
78.00/52.22	(9.526315789473685, '0_number_of_numeric_features')
78.00/52.22	(9.719298245614034, '1_number_of_categorical_features')
78.00/52.22	(9.929824561403509, '1_number_of_numeric_features')
78.00/52.22	(10.666666666666666, '1_number_of_features')
78.00/52.22	(10.947368421052632, '0_number_of_categorical_features')
78.00/52.22	(11.719298245614034, '0_number_of_features')
78.00/52.22	(14.491228070175438, '0_number_of_classes')
78.00/52.22	(14.508771929824562, '1_number_of_classes')
78.00/52.22	Result for ParamILS: SAT, 49.544580, 1, 0.294903, -1, /home/feurerm/thesis/Software/pyMetaLearn/optimizers/metalearn_optimizer/learn_distances.py
