0.71/0.98	['/home/feurerm/thesis/Software/pyMetaLearn/optimizers/metalearn_optimizer/learn_distances.py', '--input_file', '/home/feurerm/thesis/experiments/2014_04_25_predict_distances/testfold_0-3_pfahringer_spearman_rank_perm.pkl', '--fold', '0', '--folds', '1', '--params', '-max_features', '0.997518953206', '-min_samples_leaf', '4', '-min_samples_split', '2', '-n_estimators', '74', '-n_jobs', '4', '-seed', '61']
0.71/0.99	Metafeatures (57, 8)
0.71/0.99	X (3192, 16)
0.71/0.99	Y (3192,)
0.71/0.99	Dataset Mae MSE Rho
3.08/1.94	vehicle 0.351093527252 0.14662565265 0.340339618631
5.63/2.86	anneal.ORIG 0.585735791896 0.401631991759 -0.168068947472
8.12/3.77	segment 0.14751030714 0.0300075322282 0.858767679679
10.60/4.65	pendigits 0.254408683691 0.0850332509041 0.730776711988
13.08/5.65	mushroom 0.170652124927 0.0374929553067 0.679063189689
15.63/6.54	labor 0.313179571996 0.133227838623 0.21525753657
18.07/7.44	abalone 0.210945301973 0.0543942734613 0.774733205943
20.67/8.34	diabetes 0.531390140282 0.342255258181 0.28183869653
23.19/9.24	car 0.378476683186 0.188643497179 0.183583004162
25.67/10.13	autos 0.191099416761 0.0477757851997 0.764067291968
28.17/11.04	mfeat-fourier 0.574693054283 0.434554236324 -0.446998758372
30.66/11.93	primary-tumor 0.213144399019 0.0577293795803 0.546224079284
33.10/12.73	waveform-5000 0.134653009114 0.028144999173 0.769885063227
35.56/13.62	credit-a 0.337554466727 0.160175987954 0.515519175419
38.01/14.51	letter 0.222782763825 0.0688202362216 0.649974333396
40.48/15.40	postoperative-patient-data 0.449794634307 0.267938150342 0.0436332844398
43.02/16.30	vowel 0.363401878629 0.162573117607 0.549456174427
45.42/17.19	eucalyptus 0.455785866153 0.272646743214 -0.138980091179
47.89/18.09	cylinder-bands 0.339843142184 0.139628489151 0.372014151039
50.49/21.97	ionosphere 0.433680084308 0.219776034744 -0.021008618434
52.94/22.88	mfeat-karhunen 0.139219565881 0.0292397681186 0.82709314727
55.40/23.78	balance-scale 0.26351301409 0.0903026987017 0.335814685429
57.87/24.68	mfeat-morphological 0.479021896162 0.303314316181 -0.214611117541
60.35/25.60	liver-disorders 0.289143784673 0.108893673083 0.467360957778
62.90/26.52	dermatology 0.221410637716 0.0622431654436 0.432454330226
65.42/27.43	vote 0.077310246253 0.0104188572856 0.766976177598
67.86/28.33	breast-cancer 0.148315480517 0.0324966345392 0.343571713774
70.36/29.23	credit-g 0.731462485301 0.695486407666 -0.71461623627
72.82/30.13	soybean 0.11472462694 0.0204626330332 0.783459862831
75.26/31.02	arrhythmia 0.241943803519 0.0799215543709 0.402719054904
77.76/32.02	nursery 0.254228165204 0.0826938157145 0.643510143109
80.30/32.91	hepatitis 0.231213787321 0.0773355937694 0.551718641028
82.72/33.81	cmc 0.25735859577 0.0898782424938 0.34841985649
85.22/34.73	heart-c 0.186850589159 0.0494382273555 0.864262241423
87.67/35.72	glass 0.343396594702 0.142114132099 0.451200482059
90.23/36.62	braziltourism 0.520873487812 0.352979598799 -0.0714293026756
92.72/37.51	iris 0.275972419671 0.0992702736288 0.367812427352
95.25/38.41	heart-statlog 0.180392629324 0.0461705025938 0.848748184733
97.71/39.30	page-blocks 0.508133338836 0.342361835135 -0.290242143903
100.24/40.31	breast-w 0.206667397905 0.0573121013365 0.624763991275
102.74/41.22	heart-h 0.138673798044 0.0282127162223 0.729160664417
105.22/42.11	yeast 0.224766707056 0.0617971011179 0.77085469177
107.70/43.02	tae 0.375654647523 0.168009264834 0.213964698512
110.24/43.92	haberman 0.287249455749 0.10655520006 0.0180997328047
112.66/44.82	mfeat-pixel 0.363990188021 0.163237703506 0.201036317938
115.12/45.73	optdigits 0.142533019448 0.0272116772102 0.805114900293
117.60/46.64	mfeat-factors 0.179162880399 0.0449413367322 0.762128034882
120.05/47.53	satimage 0.249358196734 0.0858617325891 0.508085356588
122.60/48.33	lymph 0.226275189712 0.0803798869541 0.400133378789
124.98/49.23	audiology 0.301078824712 0.113236725145 0.439241730028
127.50/50.16	ecoli 0.41969253767 0.228120573801 0.069166836075
130.01/51.16	tic-tac-toe 0.348189355049 0.184346502465 0.173563509216
132.50/52.18	spambase 0.218532352217 0.0535707590647 0.845192880075
135.00/53.17	zoo 0.0912844633761 0.0117231118831 0.886886907429
137.57/54.07	sonar 0.514227035916 0.328411484953 -0.149322795639
140.06/55.00	mfeat-zernike 0.248009100751 0.0864980024402 0.475117986123
142.62/55.90	kr-vs-kp 0.155240289265 0.0316572643425 0.74273546402
142.62/55.95	MAE 0.294998165545 0.140108315951
142.62/55.95	MSE 0.137810183938 0.137810183938
142.62/55.95	Mean tau 0.406319722301 0.370065756608
142.62/55.95	(0.12280701754385964, '1_class_probability_max')
142.62/55.95	(0.8771929824561403, '0_class_probability_max')
142.62/55.95	(2.6842105263157894, '1_landmark_naive_bayes')
142.62/55.95	(2.736842105263158, '0_landmark_naive_bayes')
142.62/55.95	(6.035087719298246, '0_number_of_numeric_features')
142.62/55.95	(6.245614035087719, '0_landmark_decision_tree')
142.62/55.95	(6.456140350877193, '1_number_of_numeric_features')
142.62/55.95	(6.578947368421052, '1_landmark_decision_tree')
142.62/55.95	(7.56140350877193, '0_number_of_categorical_features')
142.62/55.95	(7.859649122807017, '1_number_of_categorical_features')
142.62/55.95	(9.596491228070175, '0_number_of_features')
142.62/55.95	(9.596491228070175, '1_number_of_features')
142.62/55.95	(12.31578947368421, '1_landmark_lda')
142.62/55.95	(12.333333333333334, '0_landmark_lda')
142.62/55.95	(14.491228070175438, '0_number_of_classes')
142.62/55.95	(14.508771929824562, '1_number_of_classes')
142.62/55.95	Result for ParamILS: SAT, 54.963221, 1, 0.294998, -1, /home/feurerm/thesis/Software/pyMetaLearn/optimizers/metalearn_optimizer/learn_distances.py
