0.67/0.87	['/home/feurerm/thesis/Software/pyMetaLearn/optimizers/metalearn_optimizer/learn_distances.py', '--input_file', '/home/feurerm/thesis/experiments/2014_04_25_predict_distances/testfold_0-3_pfahringer_spearman_rank_perm.pkl', '--fold', '0', '--folds', '1', '--params', '-max_features', '0.769905339193', '-min_samples_leaf', '7', '-min_samples_split', '7', '-n_estimators', '64', '-n_jobs', '4', '-seed', '35']
0.67/0.88	Metafeatures (57, 8)
0.67/0.88	X (3192, 16)
0.67/0.88	Y (3192,)
0.67/0.88	Dataset Mae MSE Rho
2.22/1.53	vehicle 0.348166826948 0.145413219241 0.359085770464
3.88/2.21	anneal.ORIG 0.473102425965 0.271938839954 0.277636972843
5.61/2.90	segment 0.201210389505 0.0513614059701 0.80188280515
7.14/3.58	pendigits 0.281411114614 0.10143590265 0.685850589491
8.78/4.27	mushroom 0.178265624478 0.039895432607 0.69166836075
10.40/4.96	labor 0.29861812285 0.123207153019 0.232387640831
12.04/5.65	abalone 0.253466072771 0.0811316298278 0.67098295183
13.72/6.35	diabetes 0.509006498346 0.326478026504 0.203298784538
15.35/7.04	car 0.367602096939 0.181235706779 0.242083926262
16.96/7.73	autos 0.228437962723 0.0662177513122 0.732069550046
18.57/8.42	mfeat-fourier 0.56873782483 0.422370658328 -0.454109367689
20.22/9.11	primary-tumor 0.225205001866 0.0647041182508 0.538467050939
21.82/9.70	waveform-5000 0.156964805542 0.036858393088 0.761158406339
23.45/10.29	credit-a 0.379614153786 0.204913955602 0.333229009314
25.10/10.98	letter 0.244433448023 0.0830012132279 0.613451658272
26.74/11.65	postoperative-patient-data 0.440299467804 0.254666195876 0.00743381883049
28.38/12.35	vowel 0.408307815298 0.203976258436 0.415324225964
30.11/13.13	eucalyptus 0.405331007706 0.215297835053 -0.00323209514369
31.69/13.93	cylinder-bands 0.336483015908 0.136193550644 0.384942531614
33.32/14.71	ionosphere 0.416010359505 0.204017676722 0.042017236868
34.98/15.39	mfeat-karhunen 0.164927626912 0.0380653872375 0.793156148262
36.63/16.31	balance-scale 0.237759818272 0.0777583554407 0.453786158174
38.31/16.92	mfeat-morphological 0.464981738575 0.286578677602 -0.174856347274
39.97/17.53	liver-disorders 0.279092353981 0.101278649393 0.479642919324
41.58/18.22	dermatology 0.20920704129 0.056617109253 0.479319709809
43.19/18.81	vote 0.0806776482034 0.00998487825429 0.777642091572
44.83/19.49	breast-cancer 0.132358175121 0.0240868926531 0.364903541723
46.46/20.18	credit-g 0.703903847131 0.656431447554 -0.739826578391
48.09/20.78	soybean 0.119558899439 0.0224498774802 0.759542358767
49.70/21.38	arrhythmia 0.260548409564 0.0935560218148 0.302200895935
51.32/22.06	nursery 0.276128287305 0.0973864990776 0.598584020611
52.97/22.75	hepatitis 0.253234450512 0.0892238288197 0.357146513378
54.61/23.44	cmc 0.255555935929 0.0863349027841 0.359732189493
56.29/24.13	heart-c 0.228552403357 0.0707017223271 0.797681081463
57.88/24.81	glass 0.369957381644 0.16360943045 0.312220390881
59.62/25.50	braziltourism 0.441727747982 0.252658299151 0.110860863429
61.20/26.18	iris 0.297077789592 0.116983539461 0.284747582159
62.84/26.88	heart-statlog 0.244765932441 0.0785456870337 0.726898197816
64.52/27.57	page-blocks 0.415859527191 0.229715954295 0.0956700162532
66.15/28.26	breast-w 0.220239149002 0.0640355843213 0.529417184537
67.79/28.96	heart-h 0.158472521437 0.0349044372435 0.720757217043
69.42/29.73	yeast 0.282864988021 0.100397941547 0.638662000393
71.06/30.43	tae 0.365190579452 0.159162759682 0.196834594251
72.69/31.14	haberman 0.278792441907 0.102540646696 0.00193925708621
74.36/31.83	mfeat-pixel 0.368524604315 0.16647757755 0.175502766302
75.95/32.53	optdigits 0.19248684184 0.048521474244 0.749846073336
77.62/33.23	mfeat-factors 0.206168610338 0.0569637161986 0.729483873931
79.24/33.92	satimage 0.258410290285 0.093019233471 0.487076738154
80.88/34.60	lymph 0.215049685533 0.0675284641648 0.440534568085
82.62/35.20	audiology 0.313178592486 0.121999883803 0.382356855499
84.17/35.91	ecoli 0.375041082803 0.179768114573 0.285394001188
85.90/36.60	tic-tac-toe 0.308784261852 0.143147232975 0.580161078292
87.45/37.29	spambase 0.209842936246 0.0537352962055 0.852303489391
89.08/37.98	zoo 0.107783921093 0.0166506617014 0.828709194842
90.73/38.58	sonar 0.495783217152 0.306861332294 -0.120233939345
92.37/39.28	mfeat-zernike 0.254533919424 0.0895604263623 0.489662414269
94.02/39.97	kr-vs-kp 0.17898538535 0.0416250008709 0.731746340532
94.14/40.01	MAE 0.297310211901 0.120779994198
94.14/40.01	MSE 0.133564594159 0.133564594159
94.14/40.01	Mean tau 0.410084829626 0.326235350137
94.14/40.01	(0.0, '1_class_probability_max')
94.14/40.01	(1.0, '0_class_probability_max')
94.14/40.01	(2.43859649122807, '0_landmark_decision_tree')
94.14/40.01	(3.456140350877193, '0_landmark_naive_bayes')
94.14/40.01	(3.719298245614035, '1_landmark_naive_bayes')
94.14/40.01	(5.2105263157894735, '1_landmark_decision_tree')
94.14/40.01	(7.087719298245614, '0_number_of_numeric_features')
94.14/40.01	(7.315789473684211, '1_number_of_numeric_features')
94.14/40.01	(7.807017543859649, '1_number_of_categorical_features')
94.14/40.01	(8.43859649122807, '0_number_of_categorical_features')
94.14/40.01	(10.052631578947368, '1_number_of_features')
94.14/40.01	(10.368421052631579, '0_number_of_features')
94.14/40.01	(12.035087719298245, '0_landmark_lda')
94.14/40.01	(12.070175438596491, '1_landmark_lda')
94.14/40.01	(14.298245614035087, '0_number_of_classes')
94.14/40.01	(14.701754385964913, '1_number_of_classes')
94.14/40.01	Result for ParamILS: SAT, 39.137007, 1, 0.297310, -1, /home/feurerm/thesis/Software/pyMetaLearn/optimizers/metalearn_optimizer/learn_distances.py
