0.69/0.88	['/home/feurerm/thesis/Software/pyMetaLearn/optimizers/metalearn_optimizer/learn_distances.py', '--input_file', '/home/feurerm/thesis/experiments/2014_04_25_predict_distances/testfold_0-3_pfahringer_spearman_rank_perm.pkl', '--fold', '0', '--folds', '1', '--params', '-max_features', '0.623093310883', '-min_samples_leaf', '6', '-min_samples_split', '5', '-n_estimators', '38', '-n_jobs', '4', '-seed', '77']
0.69/0.88	Metafeatures (57, 8)
0.69/0.88	X (3192, 16)
0.69/0.88	Y (3192,)
0.69/0.88	Dataset Mae MSE Rho
1.48/1.23	vehicle 0.343348144432 0.145831480859 0.419525949651
2.27/1.58	anneal.ORIG 0.381924108305 0.182776079372 0.42017236868
3.06/1.95	segment 0.221111045787 0.0623971910893 0.780550977201
3.89/2.41	pendigits 0.292457943704 0.109753524281 0.677123932603
4.68/2.77	mushroom 0.175954009092 0.0398589628117 0.681002446776
5.46/3.13	labor 0.30590839191 0.135328060273 0.226569869573
6.28/3.49	abalone 0.265691107784 0.0887692454292 0.650297542911
7.08/3.85	diabetes 0.50822686155 0.326548673735 0.181320537561
7.89/4.21	car 0.358656439414 0.176204068633 0.331289752228
8.69/4.57	autos 0.213328141911 0.0597040287314 0.674215046974
9.49/5.04	mfeat-fourier 0.556001763776 0.40100195232 -0.390760302872
10.33/5.41	primary-tumor 0.216317977365 0.0608800248102 0.511963870761
11.10/5.88	waveform-5000 0.168987169317 0.043820118457 0.753724587509
11.90/6.24	credit-a 0.360703035917 0.185131917166 0.444089872743
12.68/6.60	letter 0.238053032257 0.0785488034457 0.626703248362
13.51/6.96	postoperative-patient-data 0.433437737994 0.242672469264 0.0129283805748
14.29/7.32	vowel 0.427935543185 0.22660316368 0.346480599404
15.12/7.68	eucalyptus 0.404901320465 0.215912979214 -0.0730453502474
15.91/8.04	cylinder-bands 0.304460207659 0.114686402647 0.567555907232
16.75/8.40	ionosphere 0.417508710163 0.212425416155 0.0497742652128
17.47/8.75	mfeat-karhunen 0.181822627103 0.0460711078901 0.787984796032
18.28/9.11	balance-scale 0.252533915228 0.0879869187868 0.404011892961
19.09/9.47	mfeat-morphological 0.485977541659 0.313902720006 -0.25081058315
19.93/9.83	liver-disorders 0.265636202583 0.0927795526773 0.372983779582
20.72/10.20	dermatology 0.206577317193 0.0556148019281 0.482228595439
21.52/10.57	vote 0.0806924525227 0.0100381231644 0.775379624971
22.35/10.93	breast-cancer 0.153031184006 0.0317565837722 0.323209514369
23.14/11.30	credit-g 0.61179932763 0.490309255593 -0.724635731215
23.95/11.77	soybean 0.124656921946 0.0245635440664 0.731423131017
24.73/12.13	arrhythmia 0.264494178716 0.0953683821059 0.299938429334
25.60/12.50	nursery 0.266671030009 0.0897272192509 0.631551391077
26.37/12.87	hepatitis 0.286111604649 0.111475801205 0.114416168087
27.18/13.25	cmc 0.265457646791 0.0924911384308 0.316745324082
28.04/13.72	heart-c 0.232255937238 0.0735705565836 0.808993414466
28.85/14.08	glass 0.365164421779 0.15864196722 0.324179142912
29.68/14.57	braziltourism 0.457486062387 0.273834609061 0.0601169696726
30.49/15.04	iris 0.285570567463 0.11003009038 0.3306433332
31.31/15.51	heart-statlog 0.245107152456 0.0827844418383 0.760188777796
32.12/15.98	page-blocks 0.383791475187 0.200272859405 0.21234865094
32.94/16.35	breast-w 0.217140047708 0.0620221649421 0.475764405151
33.71/16.71	heart-h 0.161206705831 0.0347493886958 0.676477513574
34.55/17.19	yeast 0.295364317982 0.109520244461 0.615067705844
35.39/17.56	tae 0.373212318836 0.172549881813 0.102134206541
36.18/17.92	haberman 0.268938631884 0.0955164180413 0.0539759888996
37.02/18.39	mfeat-pixel 0.351418681078 0.149746063488 0.209439765311
37.87/18.87	optdigits 0.183395692539 0.0440451568832 0.761158406339
38.70/19.25	mfeat-factors 0.19440479783 0.0525759895345 0.734332016646
39.60/19.80	satimage 0.264524945456 0.097075779423 0.422758044795
40.35/20.17	lymph 0.20425013115 0.0594087051827 0.495480185528
41.14/20.64	audiology 0.32192659708 0.142599551123 0.400133378789
41.96/21.38	ecoli 0.420853120504 0.227529287268 0.0513903127847
42.79/21.75	tic-tac-toe 0.278033101692 0.11770463347 0.569495164318
43.57/22.11	spambase 0.222481147646 0.0602847196154 0.843253622989
44.42/22.59	zoo 0.114406371933 0.0185119924278 0.804791690779
45.21/22.96	sonar 0.504723049941 0.319029614433 -0.18196695659
46.04/23.42	mfeat-zernike 0.250073677823 0.0910649706162 0.492571299898
46.83/23.79	kr-vs-kp 0.169624166484 0.0372082640507 0.737240902276
46.90/23.81	MAE 0.294837329157 0.113495064816
46.90/23.81	MSE 0.130547667741 0.130547667741
46.90/23.81	Mean tau 0.402032943479 0.329145099987
46.90/23.81	(0.24561403508771928, '0_class_probability_max')
46.90/23.81	(0.7543859649122807, '1_class_probability_max')
46.90/23.81	(2.8596491228070176, '1_landmark_decision_tree')
46.90/23.81	(3.3333333333333335, '0_landmark_decision_tree')
46.90/23.81	(3.5789473684210527, '1_landmark_naive_bayes')
46.90/23.81	(4.333333333333333, '0_landmark_naive_bayes')
46.90/23.81	(7.807017543859649, '1_landmark_lda')
46.90/23.81	(8.087719298245615, '1_number_of_numeric_features')
46.90/23.81	(8.491228070175438, '0_number_of_numeric_features')
46.90/23.81	(9.228070175438596, '0_number_of_categorical_features')
46.90/23.81	(9.666666666666666, '1_number_of_categorical_features')
46.90/23.81	(10.614035087719298, '1_number_of_features')
46.90/23.81	(10.807017543859649, '0_number_of_features')
46.90/23.81	(11.228070175438596, '0_landmark_lda')
46.90/23.81	(14.43859649122807, '0_number_of_classes')
46.90/23.81	(14.526315789473685, '1_number_of_classes')
46.90/23.81	Result for ParamILS: SAT, 22.932028, 1, 0.294837, -1, /home/feurerm/thesis/Software/pyMetaLearn/optimizers/metalearn_optimizer/learn_distances.py
