0.67/0.87	['/home/feurerm/thesis/Software/pyMetaLearn/optimizers/metalearn_optimizer/learn_distances.py', '--input_file', '/home/feurerm/thesis/experiments/2014_04_25_predict_distances/testfold_0-3_pfahringer_spearman_rank_perm.pkl', '--fold', '0', '--folds', '1', '--params', '-max_features', '0.386779542672', '-min_samples_leaf', '10', '-min_samples_split', '4', '-n_estimators', '20', '-n_jobs', '4', '-seed', '65']
0.67/0.87	Metafeatures (57, 8)
0.67/0.87	X (3192, 16)
0.67/0.87	Y (3192,)
0.67/0.87	Dataset Mae MSE Rho
1.02/1.12	vehicle 0.356530998302 0.157210152378 0.381125335974
1.35/1.37	anneal.ORIG 0.320377279889 0.135077950121 0.49438872126
1.68/1.62	segment 0.260035998727 0.0863535467783 0.70944488404
1.99/1.87	pendigits 0.342288016147 0.145566427005 0.578545030721
2.32/2.12	mushroom 0.21117744123 0.0568321713698 0.604078582356
2.65/2.37	labor 0.274891650502 0.107239869365 0.316932423142
3.00/2.62	abalone 0.332520243534 0.143056054101 0.449135749062
3.33/2.87	diabetes 0.501182345053 0.332965184697 0.0473540030497
3.65/3.13	car 0.391342667086 0.213284695054 0.166776109414
4.00/3.37	autos 0.278292050312 0.100832285984 0.391729931415
4.33/3.63	mfeat-fourier 0.558783215059 0.409784730034 -0.414677806935
4.67/3.92	primary-tumor 0.233428555181 0.0696860706384 0.495035192291
5.01/4.17	waveform-5000 0.218708902771 0.0718600423153 0.720110798014
5.35/4.42	credit-a 0.409680938005 0.234888557724 0.298322381763
5.68/4.67	letter 0.25092712119 0.0861507251544 0.646419028738
6.02/4.93	postoperative-patient-data 0.42834454622 0.241819183495 -0.0845260873549
6.35/5.18	vowel 0.481583073106 0.288873411107 0.0835563808078
6.69/5.44	eucalyptus 0.395778370288 0.209947634 0.0185860421526
7.03/5.69	cylinder-bands 0.341441101184 0.154198268621 0.410799292763
7.37/5.95	ionosphere 0.434856202295 0.233258621554 -0.0478350081266
7.72/6.21	mfeat-karhunen 0.197249066324 0.0546307273154 0.72647182153
8.04/6.46	balance-scale 0.244227408342 0.078214189596 0.391729931415
8.36/6.72	mfeat-morphological 0.483889760242 0.31513238993 -0.17162425213
8.70/6.97	liver-disorders 0.267478729547 0.0956239772293 0.42974161812
9.05/7.22	dermatology 0.190881216552 0.0477560457513 0.545577660255
9.39/7.48	vote 0.0881312423161 0.0117023470195 0.780874186716
9.70/7.73	breast-cancer 0.180369727398 0.0467536907712 0.290612109449
10.04/7.99	credit-g 0.572247580845 0.434718426141 -0.634026464041
10.35/8.23	soybean 0.128568185426 0.0257681375288 0.76568333954
10.69/8.49	arrhythmia 0.262300869128 0.0931782660576 0.191016822992
11.02/8.75	nursery 0.304851121262 0.116389816008 0.495803395042
11.38/9.00	hepatitis 0.299799389789 0.125073738742 -0.00824250565029
11.68/9.25	cmc 0.285973272359 0.100687127904 0.312220390881
12.03/9.55	heart-c 0.282185634551 0.104304862662 0.723342893158
12.36/9.81	glass 0.368820252773 0.164472694774 0.275051296728
12.69/10.07	braziltourism 0.403519584142 0.214371507563 0.170682084304
13.02/10.32	iris 0.306473147477 0.125633873962 0.229801964716
13.35/10.58	heart-statlog 0.294405814961 0.118739051669 0.640601257479
13.68/10.84	page-blocks 0.385894604723 0.198547594886 0.439186119267
14.06/11.10	breast-w 0.220350944495 0.0705242264155 0.484491062039
14.34/11.35	heart-h 0.213229618414 0.0596807061649 0.449010255867
14.70/11.61	yeast 0.35082922494 0.153981104517 0.472085470676
15.03/11.86	tae 0.314737690914 0.120454878542 0.234003688403
15.36/12.12	haberman 0.255062217758 0.0848455852256 0.0890513845747
15.69/12.37	mfeat-pixel 0.343611575883 0.147880304834 0.205884460653
16.03/12.62	optdigits 0.250306865938 0.0804269797953 0.664518761543
16.35/12.88	mfeat-factors 0.248438390759 0.0834260346427 0.642217305051
16.68/13.14	satimage 0.279628181906 0.106107624518 0.35068232309
17.03/13.39	lymph 0.19645888701 0.0567565047561 0.480289338352
17.35/13.64	audiology 0.32278145436 0.148179432666 0.45863430089
17.74/13.90	ecoli 0.402829717707 0.210022584784 0.160958338156
18.03/14.15	tic-tac-toe 0.266484198539 0.105319037877 0.607633887014
18.37/14.41	spambase 0.218149274897 0.062932754279 0.787338377003
18.70/14.66	zoo 0.155364459265 0.0326119375548 0.685527379977
19.03/14.91	sonar 0.523954265301 0.342559267741 -0.202005946481
19.35/15.16	mfeat-zernike 0.278921158836 0.105974366559 0.401620128254
19.69/15.42	kr-vs-kp 0.212397081516 0.0582907573485 0.621855105646
19.69/15.43	MAE 0.309174956714 0.103874065035
19.69/15.43	MSE 0.140009791846 0.140009791846
19.69/15.43	Mean tau 0.358835092544 0.300942393419
19.69/15.43	(0.8421052631578947, '1_class_probability_max')
19.69/15.43	(1.0, '0_class_probability_max')
19.69/15.43	(1.4210526315789473, '1_landmark_decision_tree')
19.69/15.43	(3.7719298245614037, '0_landmark_decision_tree')
19.69/15.43	(3.7719298245614037, '1_landmark_naive_bayes')
19.69/15.43	(4.87719298245614, '0_landmark_naive_bayes')
19.69/15.43	(5.824561403508772, '0_landmark_lda')
19.69/15.43	(7.508771929824562, '1_landmark_lda')
19.69/15.43	(8.807017543859649, '0_number_of_numeric_features')
19.69/15.43	(9.24561403508772, '0_number_of_features')
19.69/15.43	(10.894736842105264, '1_number_of_numeric_features')
19.69/15.43	(11.070175438596491, '1_number_of_features')
19.69/15.43	(11.140350877192983, '0_number_of_categorical_features')
19.69/15.43	(11.157894736842104, '1_number_of_categorical_features')
19.69/15.43	(14.31578947368421, '1_number_of_classes')
19.69/15.43	(14.350877192982455, '0_number_of_classes')
19.69/15.43	Result for ParamILS: SAT, 14.558689, 1, 0.309175, -1, /home/feurerm/thesis/Software/pyMetaLearn/optimizers/metalearn_optimizer/learn_distances.py
