0.73/1.68	['/home/feurerm/thesis/Software/pyMetaLearn/optimizers/metalearn_optimizer/learn_distances.py', '--input_file', '/home/feurerm/thesis/experiments/2014_04_25_predict_distances/testfold_0-3_pfahringer_spearman_rank_perm.pkl', '--fold', '0', '--folds', '1', '--params', '-max_features', '0.852965126873', '-min_samples_leaf', '4', '-min_samples_split', '9', '-n_estimators', '59', '-n_jobs', '4', '-seed', '62']
0.73/1.69	Metafeatures (57, 8)
0.73/1.69	X (3192, 16)
0.73/1.69	Y (3192,)
0.73/1.69	Dataset Mae MSE Rho
2.37/2.51	vehicle 0.341200434561 0.138035192345 0.362641075122
4.14/3.72	anneal.ORIG 0.528741421244 0.328360777126 0.111184072943
5.90/4.56	segment 0.161864110557 0.0348001334519 0.845516089589
7.67/5.48	pendigits 0.260157443915 0.0866698992957 0.72495894073
9.40/6.18	mushroom 0.172374560184 0.0381241561882 0.675831094546
11.13/6.88	labor 0.316461787515 0.139240244196 0.217196793656
12.88/7.58	abalone 0.247987041847 0.0768854925014 0.707828836468
14.65/8.53	diabetes 0.522874614676 0.340791120133 0.214287908027
16.39/9.24	car 0.364860715057 0.178215163872 0.235296526461
18.12/10.18	autos 0.20944359826 0.0554687829917 0.767299387112
19.86/11.08	mfeat-fourier 0.580765111392 0.44223192436 -0.446675548858
21.61/11.77	primary-tumor 0.205549342181 0.0539508399362 0.585332430522
23.36/12.72	waveform-5000 0.141635360704 0.0313786724549 0.772793948856
25.11/13.41	credit-a 0.362345137621 0.186347374878 0.422111625766
26.83/19.66	letter 0.238815176024 0.0754742684857 0.595351925468
28.57/20.35	postoperative-patient-data 0.443681279148 0.257944983394 0.0610865982158
30.28/21.03	vowel 0.389357572014 0.188187653791 0.464775281663
32.01/21.71	eucalyptus 0.440888130719 0.255328634458 -0.122173196432
33.72/22.76	cylinder-bands 0.343480610447 0.14257783547 0.361348237065
35.44/23.45	ionosphere 0.41010295836 0.201620868209 0.0759542358767
37.20/24.43	mfeat-karhunen 0.13925302118 0.0297495046092 0.822245004555
38.93/25.14	balance-scale 0.237697821157 0.0758426867717 0.49418734747
40.66/26.09	mfeat-morphological 0.497860494883 0.334770626754 -0.234650107432
42.38/31.46	liver-disorders 0.318528074411 0.13071605958 0.345834180375
44.10/32.15	dermatology 0.206180169649 0.0547437651059 0.505176470959
45.84/32.84	vote 0.0771440655459 0.0103141147371 0.750492492365
47.59/33.54	breast-cancer 0.128670940774 0.0246104675715 0.425666930424
49.45/34.50	credit-g 0.690784689896 0.63002075099 -0.68649700852
51.11/35.18	soybean 0.130359354003 0.0279189098145 0.669366904258
52.80/35.88	arrhythmia 0.255754426114 0.0930622260949 0.374923036668
54.51/36.56	nursery 0.246305864696 0.076872877815 0.67098295183
56.27/37.35	hepatitis 0.231660277969 0.0708726676328 0.498712280671
57.97/38.22	cmc 0.263236531896 0.0928060033976 0.322886304855
59.69/38.92	heart-c 0.198357815599 0.0562583937813 0.844869670561
61.43/39.77	glass 0.369041209432 0.165281771762 0.25081058315
63.18/40.47	braziltourism 0.47692848195 0.297667738459 0.0268263896926
64.93/41.18	iris 0.278780611157 0.101237669923 0.3891442553
66.67/41.86	heart-statlog 0.198181366443 0.0537841107246 0.835819804158
68.41/42.75	page-blocks 0.432099638355 0.254236854569 -0.0349066275519
70.14/43.46	breast-w 0.206474674845 0.0574150434221 0.60213932527
71.88/48.85	heart-h 0.132411342102 0.025642087634 0.75307816848
73.60/49.65	yeast 0.252983648027 0.0802350197499 0.716878702871
75.33/50.33	tae 0.382038444004 0.176217373686 0.162574385728
77.10/51.02	haberman 0.274637493014 0.099286090177 0.0607633887014
78.92/52.00	mfeat-pixel 0.367700046226 0.165813394358 0.189077565906
80.66/52.70	optdigits 0.161575380007 0.0340073651909 0.788954424575
82.31/53.41	mfeat-factors 0.167221584211 0.0380227779914 0.782490234287
84.13/54.10	satimage 0.25374301921 0.0896177371905 0.501621166301
85.79/54.81	lymph 0.204510321961 0.0632220993086 0.503237213873
87.53/55.62	audiology 0.292035212445 0.107144341659 0.506792518531
89.26/56.37	ecoli 0.404008027843 0.21196265048 0.152231681268
91.02/57.08	tic-tac-toe 0.294543534565 0.132606870373 0.562061345488
92.75/57.89	spambase 0.232285790623 0.0620350278483 0.853596327449
94.49/58.64	zoo 0.0931829899752 0.0123253896792 0.848748184733
96.26/59.32	sonar 0.507476259186 0.320388457024 -0.157726243012
97.96/60.05	mfeat-zernike 0.25417863558 0.0885889230934 0.457018253318
99.68/60.76	kr-vs-kp 0.152546404161 0.0302285274829 0.764390501483
99.80/60.80	MAE 0.292859018763 0.131412233134
99.80/60.80	MSE 0.133809831473 0.133809831473
99.80/60.80	Mean tau 0.420206390734 0.344277350491
99.80/60.80	(0.3157894736842105, '0_class_probability_max')
99.80/60.80	(0.6842105263157895, '1_class_probability_max')
99.80/60.80	(3.3333333333333335, '0_landmark_naive_bayes')
99.80/60.80	(3.3333333333333335, '1_landmark_naive_bayes')
99.80/60.80	(3.824561403508772, '1_landmark_decision_tree')
99.80/60.80	(4.140350877192983, '0_landmark_decision_tree')
99.80/60.80	(6.912280701754386, '0_number_of_numeric_features')
99.80/60.80	(7.228070175438597, '1_number_of_numeric_features')
99.80/60.80	(8.631578947368421, '0_number_of_categorical_features')
99.80/60.80	(9.105263157894736, '1_number_of_categorical_features')
99.80/60.80	(9.421052631578947, '1_number_of_features')
99.80/60.80	(9.596491228070175, '0_number_of_features')
99.80/60.80	(12.105263157894736, '1_landmark_lda')
99.80/60.80	(12.368421052631579, '0_landmark_lda')
99.80/60.80	(14.456140350877194, '1_number_of_classes')
99.80/60.80	(14.543859649122806, '0_number_of_classes')
99.80/60.80	Result for ParamILS: SAT, 59.113876, 1, 0.292859, -1, /home/feurerm/thesis/Software/pyMetaLearn/optimizers/metalearn_optimizer/learn_distances.py
