0.80/1.02	['/home/feurerm/thesis/Software/pyMetaLearn/optimizers/metalearn_optimizer/learn_distances.py', '--input_file', '/home/feurerm/thesis/experiments/2014_04_25_predict_distances/testfold_0-3_pfahringer_spearman_rank_perm.pkl', '--fold', '0', '--folds', '1', '--params', '-max_features', '0.97662027699', '-min_samples_leaf', '10', '-min_samples_split', '8', '-n_estimators', '36', '-n_jobs', '4', '-seed', '29']
0.80/1.03	Metafeatures (57, 8)
0.80/1.03	X (3192, 16)
0.80/1.03	Y (3192,)
0.80/1.03	Dataset Mae MSE Rho
1.77/1.48	vehicle 0.375118521484 0.171614566486 0.262446125668
2.85/1.94	anneal.ORIG 0.514179265913 0.319389536437 -0.110061693095
3.90/2.40	segment 0.207604315271 0.0552394640154 0.79154010069
4.96/2.86	pendigits 0.286496935634 0.105752599407 0.677770351632
6.02/3.33	mushroom 0.20427844334 0.052489300022 0.597937601583
7.10/3.79	labor 0.284389161178 0.108273604122 0.22560024103
8.17/4.26	abalone 0.317325257427 0.128195975983 0.520690527649
9.25/4.72	diabetes 0.508905648789 0.328253134826 0.2204288888
10.33/5.18	car 0.386937917084 0.200993632315 0.201359527452
11.38/5.64	autos 0.227339279007 0.0672787454962 0.643186933594
12.49/6.10	mfeat-fourier 0.549303178701 0.393228697883 -0.402266599286
13.52/6.56	primary-tumor 0.244887077297 0.0775828892742 0.441827406142
14.57/7.02	waveform-5000 0.172295321396 0.0419833335565 0.754047797023
15.62/7.48	credit-a 0.380569827104 0.205972825886 0.355530465806
16.71/7.95	letter 0.249573808974 0.0835362147177 0.597614392068
17.81/8.41	postoperative-patient-data 0.430707575209 0.246843705497 0.0166466290584
18.88/9.04	vowel 0.436746441261 0.240439596469 0.302200895935
20.00/9.50	eucalyptus 0.422330099805 0.238336569437 -0.035876256095
21.02/9.96	cylinder-bands 0.327954538969 0.12927417088 0.45572541526
22.10/10.43	ionosphere 0.424028407916 0.208535976093 -0.0410476083249
23.15/10.89	mfeat-karhunen 0.195305905397 0.0536952266975 0.722696474129
24.22/11.36	balance-scale 0.251776822181 0.0853932861694 0.377185503269
25.31/12.62	mfeat-morphological 0.453361915898 0.272850626129 -0.185199051733
26.36/13.09	liver-disorders 0.294982467799 0.116395031783 0.328704076113
27.44/13.56	dermatology 0.192985167101 0.048140739264 0.539113469968
28.53/14.02	vote 0.0891412169751 0.0118087959548 0.751785330422
29.62/14.48	breast-cancer 0.138724449681 0.0276704773018 0.353914418234
30.72/14.95	credit-g 0.731821007379 0.701907193027 -0.701364646181
31.82/15.41	soybean 0.129369870413 0.0267896438081 0.730453502474
32.86/15.87	arrhythmia 0.269911202578 0.10058405349 0.335491475915
33.91/16.34	nursery 0.292922530213 0.109911464459 0.548486545884
35.01/16.81	hepatitis 0.264348668227 0.0990994045217 0.338400361544
36.08/17.28	cmc 0.256999854462 0.0840666322437 0.314806066995
37.15/17.74	heart-c 0.243387300738 0.0792712580921 0.759542358767
38.25/18.20	glass 0.335366090126 0.135592848232 0.468330586321
39.37/18.67	braziltourism 0.447772900251 0.264413244405 0.116355425173
40.41/19.14	iris 0.280944445258 0.104316513903 0.345187761346
41.55/19.60	heart-statlog 0.221903982584 0.0651856426581 0.767299387112
42.58/20.07	page-blocks 0.391871955263 0.211355018243 0.134153532171
43.65/20.53	breast-w 0.224205043978 0.0671198305645 0.591473411295
44.79/21.00	heart-h 0.161408838693 0.0355752849532 0.702657484238
45.80/21.46	yeast 0.313814303102 0.122862663853 0.55850604083
46.88/21.92	tae 0.368117670441 0.164771173908 0.159342290584
47.95/22.39	haberman 0.280621771368 0.105470264978 -0.00921221219738
49.05/22.85	mfeat-pixel 0.364901242723 0.16804088149 0.172593880673
50.12/23.31	optdigits 0.218272179953 0.0608282211444 0.719464378986
51.20/23.77	mfeat-factors 0.208624600923 0.0592491113234 0.748876444793
52.29/24.38	satimage 0.277875887876 0.10467346223 0.370074893953
53.35/24.83	lymph 0.231461565518 0.0801434013265 0.387204998214
54.41/25.29	audiology 0.320217958324 0.129798220837 0.29961521982
55.52/25.76	ecoli 0.385822527192 0.191534132618 0.261476497125
56.62/26.22	tic-tac-toe 0.333899727291 0.166976938947 0.375953151601
57.69/26.68	spambase 0.217382702879 0.0576081712369 0.825153890184
58.76/27.14	zoo 0.126588685203 0.0223315642323 0.767299387112
59.90/27.60	sonar 0.501240868925 0.312569618959 -0.151585262239
60.92/28.06	mfeat-zernike 0.248161931597 0.0834329833192 0.48675352864
61.98/28.52	kr-vs-kp 0.202778028887 0.0530823495796 0.666781228143
61.98/28.54	MAE 0.305601128231 0.11955560419
61.98/28.54	MSE 0.140135612538 0.140135612538
61.98/28.54	Mean tau 0.376369701268 0.319326304523
61.98/28.54	(0.10526315789473684, '1_class_probability_max')
61.98/28.54	(0.8947368421052632, '0_class_probability_max')
61.98/28.54	(3.0350877192982457, '1_landmark_naive_bayes')
61.98/28.54	(3.192982456140351, '0_landmark_decision_tree')
61.98/28.54	(3.43859649122807, '0_landmark_naive_bayes')
61.98/28.54	(6.5964912280701755, '1_landmark_decision_tree')
61.98/28.54	(6.859649122807017, '1_number_of_numeric_features')
61.98/28.54	(7.2631578947368425, '0_number_of_numeric_features')
61.98/28.54	(7.666666666666667, '0_number_of_categorical_features')
61.98/28.54	(8.175438596491228, '1_number_of_categorical_features')
61.98/28.54	(8.947368421052632, '1_number_of_features')
61.98/28.54	(10.421052631578947, '0_number_of_features')
61.98/28.54	(12.175438596491228, '0_landmark_lda')
61.98/28.54	(12.228070175438596, '1_landmark_lda')
61.98/28.54	(14.491228070175438, '0_number_of_classes')
61.98/28.54	(14.508771929824562, '1_number_of_classes')
61.98/28.54	Result for ParamILS: SAT, 27.515953, 1, 0.305601, -1, /home/feurerm/thesis/Software/pyMetaLearn/optimizers/metalearn_optimizer/learn_distances.py
