0.75/1.48	['/home/feurerm/thesis/Software/pyMetaLearn/optimizers/metalearn_optimizer/learn_distances.py', '--input_file', '/home/feurerm/thesis/experiments/2014_04_25_predict_distances/testfold_0-3_pfahringer_spearman_rank_perm.pkl', '--fold', '0', '--folds', '1', '--params', '-max_features', '0.666103532448', '-min_samples_leaf', '6', '-min_samples_split', '9', '-n_estimators', '16', '-n_jobs', '4', '-seed', '2']
0.75/1.49	Metafeatures (57, 8)
0.75/1.49	X (3192, 16)
0.75/1.49	Y (3192,)
0.75/1.49	Dataset Mae MSE Rho
1.14/2.08	vehicle 0.325964768356 0.134805239615 0.45075192664
1.53/2.37	anneal.ORIG 0.372106820041 0.172130647374 0.421465206737
1.95/2.73	segment 0.202946436825 0.0542214781659 0.768815674087
2.33/3.05	pendigits 0.306339295727 0.124432504655 0.590180573238
2.76/3.32	mushroom 0.172084882223 0.0383212935933 0.715262655299
3.12/3.58	labor 0.301727611615 0.124211174155 0.199097060851
3.52/3.97	abalone 0.295349495579 0.110372522943 0.600846487212
3.94/4.36	diabetes 0.470207899417 0.285600101148 0.21234865094
4.36/4.72	car 0.316716440592 0.128352408398 0.350035904062
4.76/4.97	autos 0.227053025612 0.0658519762118 0.646419028738
5.15/5.25	mfeat-fourier 0.552533475733 0.396072099544 -0.410670722694
5.55/5.51	primary-tumor 0.223062658341 0.0626067042502 0.492571299898
5.97/5.79	waveform-5000 0.185511915038 0.0503192646877 0.718171540928
6.37/6.49	credit-a 0.359012574569 0.185424911105 0.473178729036
6.77/6.74	letter 0.262566854594 0.0940411586917 0.587271687609
7.18/7.16	postoperative-patient-data 0.419493867619 0.22693333142 0.0229478755202
7.59/11.96	vowel 0.442049155679 0.244157938424 0.26115328761
7.99/12.23	eucalyptus 0.447335758718 0.264848970026 -0.154170938354
8.40/12.47	cylinder-bands 0.331933654705 0.140807166471 0.387851417243
8.81/12.88	ionosphere 0.395478010077 0.18484569613 0.146413910009
9.21/13.13	mfeat-karhunen 0.143510312312 0.0313534075592 0.802108932204
9.62/13.38	balance-scale 0.246198227483 0.0804765521088 0.340662828145
10.00/13.66	mfeat-morphological 0.464006352166 0.281756706466 -0.155463776412
10.40/13.96	liver-disorders 0.288425769522 0.109004771883 0.400133378789
10.80/14.44	dermatology 0.199563178441 0.0527907520289 0.515195965904
11.28/14.90	vote 0.0822149263589 0.0103008229766 0.778288510601
11.64/15.28	breast-cancer 0.155801270246 0.0323373991389 0.339693199602
12.06/15.61	credit-g 0.603847724904 0.482005757844 -0.541581106551
12.44/16.13	soybean 0.137589941771 0.0308147315601 0.623147943704
12.88/16.40	arrhythmia 0.276873332142 0.103813456254 0.261335914442
13.27/16.75	nursery 0.28455609191 0.10413189565 0.529093975022
13.70/17.07	hepatitis 0.302747195167 0.127285988854 -0.0244042814352
14.11/17.32	cmc 0.304771014865 0.121605277298 0.23077159326
14.54/17.70	heart-c 0.248649826868 0.08531948683 0.719464378986
14.95/18.02	glass 0.380675837222 0.178992226496 0.181320537561
15.38/18.28	braziltourism 0.403887378783 0.207589063976 0.144797862437
15.79/18.58	iris 0.298311014409 0.118950499007 0.296754078392
16.19/19.04	heart-statlog 0.224232967307 0.0649621824801 0.772793948856
16.63/19.60	page-blocks 0.373092941317 0.194065211187 0.334063905473
17.02/19.86	breast-w 0.188490510654 0.0518083533844 0.569171954804
17.44/20.62	heart-h 0.164207795171 0.0375725322982 0.638662000393
17.87/21.14	yeast 0.289070067056 0.108467595899 0.584362801979
18.26/21.44	tae 0.340914566036 0.142039390042 0.202005946481
18.72/21.81	haberman 0.266252298269 0.0920807247161 0.063526001057
19.14/22.07	mfeat-pixel 0.350276455828 0.151135218366 0.229478755202
19.54/22.45	optdigits 0.180455847967 0.0424013457489 0.75534063508
19.96/22.72	mfeat-factors 0.191126485948 0.0511548780781 0.733039178589
20.37/22.97	satimage 0.272104001074 0.100256432468 0.376084522514
20.78/23.24	lymph 0.19551676332 0.0565540772431 0.58888773518
21.24/23.50	audiology 0.31785155788 0.131918957727 0.336649789599
21.63/23.87	ecoli 0.377388727974 0.183918732576 0.297029543705
22.03/24.24	tic-tac-toe 0.312058310548 0.145233357858 0.522833446641
22.51/24.50	spambase 0.200231265318 0.0534530604435 0.803498852721
22.88/24.75	zoo 0.104311253361 0.0147221486825 0.787240098482
23.27/25.03	sonar 0.501074959639 0.320706000384 -0.0633490648163
23.66/25.69	mfeat-zernike 0.26573914037 0.0948431377596 0.39431560753
24.10/26.20	kr-vs-kp 0.188013729417 0.0483094417378 0.669366904258
24.10/26.21	MAE 0.293570414738 0.109560073583
24.10/26.21	MSE 0.128640143193 0.128640143193
24.10/26.21	Mean tau 0.395022171105 0.301481191248
24.10/26.21	(0.2807017543859649, '1_class_probability_max')
24.10/26.21	(1.5789473684210527, '0_landmark_decision_tree')
24.10/26.21	(1.6666666666666667, '0_class_probability_max')
24.10/26.21	(2.9473684210526314, '1_landmark_decision_tree')
24.10/26.21	(4.333333333333333, '1_landmark_naive_bayes')
24.10/26.21	(5.035087719298246, '0_landmark_naive_bayes')
24.10/26.21	(6.894736842105263, '0_landmark_lda')
24.10/26.21	(8.192982456140351, '1_number_of_numeric_features')
24.10/26.21	(9.24561403508772, '0_number_of_numeric_features')
24.10/26.21	(9.649122807017545, '0_number_of_categorical_features')
24.10/26.21	(9.947368421052632, '1_number_of_categorical_features')
24.10/26.21	(10.43859649122807, '1_landmark_lda')
24.10/26.21	(10.508771929824562, '1_number_of_features')
24.10/26.21	(10.526315789473685, '0_number_of_features')
24.10/26.21	(14.280701754385966, '0_number_of_classes')
24.10/26.21	(14.473684210526315, '1_number_of_classes')
24.10/26.21	Result for ParamILS: SAT, 24.727019, 1, 0.293570, -1, /home/feurerm/thesis/Software/pyMetaLearn/optimizers/metalearn_optimizer/learn_distances.py
