0.80/7.61	['/home/feurerm/thesis/Software/pyMetaLearn/optimizers/metalearn_optimizer/learn_distances.py', '--input_file', '/home/feurerm/thesis/experiments/2014_04_25_predict_distances/testfold_0-3_pfahringer_spearman_rank_perm.pkl', '--fold', '0', '--folds', '1', '--params', '-max_features', '0.842654497728', '-min_samples_leaf', '3', '-min_samples_split', '9', '-n_estimators', '85', '-n_jobs', '4', '-seed', '31']
0.80/7.61	Metafeatures (57, 8)
0.80/7.61	X (3192, 16)
0.80/7.61	Y (3192,)
0.80/7.61	Dataset Mae MSE Rho
3.11/8.79	vehicle 0.352662231311 0.148481107813 0.33807715203
5.64/9.89	anneal.ORIG 0.49911702894 0.303708614374 0.0627026457876
8.24/10.80	segment 0.152084145369 0.0296159645375 0.864262241423
10.61/11.80	pendigits 0.253402625649 0.0851566477154 0.72722140733
13.24/12.80	mushroom 0.180722705834 0.0413242412812 0.648358285824
15.65/13.93	labor 0.328703805051 0.147146081355 0.189723984935
18.14/14.86	abalone 0.203851051163 0.0527870933901 0.753724587509
20.69/15.83	diabetes 0.517148357698 0.334141255005 0.228185917145
23.18/16.87	car 0.374425403987 0.183895069254 0.194248918136
25.67/17.92	autos 0.183347269226 0.0441182084111 0.786045538946
28.20/19.07	mfeat-fourier 0.576282293759 0.43431361388 -0.41726348305
30.71/23.91	primary-tumor 0.207247068588 0.0544589589753 0.578868240235
33.19/24.81	waveform-5000 0.137305889248 0.0299496189631 0.777642091572
35.65/25.73	credit-a 0.357996361014 0.178577198478 0.451523691574
38.13/26.85	letter 0.240865370437 0.0790015745632 0.615067705844
40.63/27.86	postoperative-patient-data 0.443029408438 0.257215399423 0.0924379211095
43.07/28.72	vowel 0.391950672215 0.190319852561 0.487723157183
45.64/29.80	eucalyptus 0.440598780179 0.25168499725 -0.131223062834
47.98/35.27	cylinder-bands 0.314172796024 0.119605293599 0.524892251335
50.48/36.17	ionosphere 0.400610422202 0.189323273363 0.148353167095
52.99/41.46	mfeat-karhunen 0.129952975255 0.0274659981687 0.819982537954
55.47/42.36	balance-scale 0.247456801684 0.0822711073106 0.418556321108
57.97/43.26	mfeat-morphological 0.47522517553 0.30156807478 -0.205238041624
60.45/44.16	liver-disorders 0.300143733612 0.118792698538 0.505822889988
62.99/45.06	dermatology 0.220942825515 0.0620240052463 0.442473825171
65.48/46.40	vote 0.0793116258855 0.0106965821823 0.762774453911
68.00/47.34	breast-cancer 0.13397846496 0.02600351318 0.41500101645
70.51/52.12	credit-g 0.711786299041 0.66606037548 -0.728837454902
73.00/53.03	soybean 0.124114499876 0.0238993660382 0.69910217958
75.47/54.07	arrhythmia 0.243212438452 0.0811259309233 0.447968386916
77.97/54.99	nursery 0.241777215338 0.0765859897426 0.681002446776
80.49/55.92	hepatitis 0.223492231811 0.0749262678739 0.55850604083
82.96/56.84	cmc 0.258487880577 0.0897232714805 0.319977419225
85.45/57.75	heart-c 0.196625573892 0.0549910550104 0.84777855619
87.96/58.65	glass 0.354666178252 0.152449570639 0.353914418234
90.47/59.96	braziltourism 0.472305170675 0.290136665717 0.0093730759167
93.01/61.07	iris 0.270613124295 0.0941481831258 0.415647435479
95.53/62.03	heart-statlog 0.19246534735 0.0520580014518 0.843576832503
98.05/63.29	page-blocks 0.486500036796 0.320180147802 -0.108598396828
100.54/64.19	breast-w 0.209953890594 0.0603746483976 0.656438523684
103.05/67.74	heart-h 0.139705363281 0.0274951962656 0.736594483247
105.54/70.86	yeast 0.242732559456 0.07437336219 0.738856949848
108.05/71.76	tae 0.372778661967 0.164889324258 0.20491483211
110.56/72.67	haberman 0.271924026237 0.0965646232132 0.0698132551037
113.04/73.59	mfeat-pixel 0.367644712922 0.164962754013 0.198127432308
115.54/74.54	optdigits 0.145550021749 0.0278890510004 0.805438109808
118.06/75.49	mfeat-factors 0.161072107988 0.038776384877 0.774409996428
120.54/76.55	satimage 0.258805372791 0.0934052057123 0.459927138947
123.03/77.73	lymph 0.216224586598 0.0719837868751 0.432131120711
125.50/78.63	audiology 0.277736307237 0.0985442843967 0.557536412287
128.01/79.72	ecoli 0.38270686663 0.188206102917 0.229801964716
130.54/80.63	tic-tac-toe 0.335622839066 0.175466802354 0.254365887808
133.01/81.55	spambase 0.229772864908 0.0593154884934 0.865231869966
135.61/82.55	zoo 0.096284916123 0.0129593622616 0.872665688796
138.11/83.56	sonar 0.496579736372 0.30767907586 -0.0879129879084
140.63/84.40	mfeat-zernike 0.252143545372 0.0897841052082 0.470593052921
143.00/85.31	kr-vs-kp 0.151139128137 0.0296171753756 0.765360130026
143.00/85.35	MAE 0.289946645483 0.132220226502
143.00/85.35	MSE 0.132319607062 0.132319607062
143.00/85.35	Mean tau 0.428485090576 0.346873194995
143.00/85.35	(0.08771929824561403, '1_class_probability_max')
143.00/85.35	(0.9122807017543859, '0_class_probability_max')
143.00/85.35	(2.7017543859649122, '1_landmark_naive_bayes')
143.00/85.35	(3.017543859649123, '0_landmark_naive_bayes')
143.00/85.35	(5.035087719298246, '1_landmark_decision_tree')
143.00/85.35	(5.157894736842105, '0_landmark_decision_tree')
143.00/85.35	(6.298245614035087, '0_number_of_numeric_features')
143.00/85.35	(6.771929824561403, '1_number_of_numeric_features')
143.00/85.35	(8.421052631578947, '1_number_of_categorical_features')
143.00/85.35	(8.491228070175438, '0_number_of_categorical_features')
143.00/85.35	(9.473684210526315, '1_number_of_features')
143.00/85.35	(9.912280701754385, '0_number_of_features')
143.00/85.35	(12.298245614035087, '0_landmark_lda')
143.00/85.35	(12.421052631578947, '1_landmark_lda')
143.00/85.35	(14.421052631578947, '1_number_of_classes')
143.00/85.35	(14.578947368421053, '0_number_of_classes')
143.00/85.35	Result for ParamILS: SAT, 77.748270, 1, 0.289947, -1, /home/feurerm/thesis/Software/pyMetaLearn/optimizers/metalearn_optimizer/learn_distances.py
