0.75/0.91	['/home/feurerm/thesis/Software/pyMetaLearn/optimizers/metalearn_optimizer/learn_distances.py', '--input_file', '/home/feurerm/thesis/experiments/2014_04_25_predict_distances/testfold_0-3_pfahringer_spearman_rank_perm.pkl', '--fold', '0', '--folds', '1', '--params', '-max_features', '0.477434405576', '-min_samples_leaf', '4', '-min_samples_split', '5', '-n_estimators', '62', '-n_jobs', '4', '-seed', '36']
0.75/0.92	Metafeatures (57, 8)
0.75/0.92	X (3192, 16)
0.75/0.92	Y (3192,)
0.75/0.92	Dataset Mae MSE Rho
1.75/1.37	vehicle 0.323605217569 0.127029088624 0.493540928442
2.90/1.95	anneal.ORIG 0.397168394497 0.183524217838 0.708152045983
4.06/2.75	segment 0.195240483514 0.049350134174 0.808670204951
5.20/3.33	pendigits 0.26720618356 0.0928094759684 0.70201106521
6.31/3.82	mushroom 0.169072640703 0.0363430327937 0.695546874922
7.45/4.30	labor 0.29527596517 0.121142147509 0.296383124676
8.56/4.79	abalone 0.246928299038 0.07957474208 0.657408152227
9.73/5.27	diabetes 0.513410822588 0.332426918071 0.195541756193
10.88/5.77	car 0.33124391947 0.148362909832 0.421141997223
12.00/6.36	autos 0.206172216019 0.0555033973273 0.696193293951
13.18/6.85	mfeat-fourier 0.565415476376 0.413266048308 -0.4431202442
14.31/7.34	primary-tumor 0.220663364408 0.0593380936761 0.554950736172
15.44/7.83	waveform-5000 0.167917982903 0.0402267966507 0.759542358767
16.56/8.31	credit-a 0.374374185257 0.196919706497 0.402395845389
17.70/8.79	letter 0.235880472049 0.0747247835193 0.649004704853
18.85/9.39	postoperative-patient-data 0.433180906235 0.244994187052 0.00129283805748
20.01/9.87	vowel 0.44058912374 0.2409834255 0.286686839245
21.10/10.44	eucalyptus 0.420528416183 0.232716207269 -0.0494510556985
22.30/11.02	cylinder-bands 0.316356440129 0.127066258583 0.480935757381
23.38/11.51	ionosphere 0.392936803518 0.19017925141 0.171947461644
24.50/11.99	mfeat-karhunen 0.145830185377 0.0313641679035 0.830971661443
25.62/12.57	balance-scale 0.239716929227 0.0764331843312 0.405951150048
26.80/13.07	mfeat-morphological 0.481015950865 0.308624124699 -0.170331414072
27.94/13.65	liver-disorders 0.25949173232 0.0867497868117 0.614421286816
29.10/14.14	dermatology 0.200473990737 0.0521406407958 0.508731775617
30.22/14.63	vote 0.0680359788882 0.00806354938399 0.800913176607
31.36/15.57	breast-cancer 0.152922301855 0.0305611003904 0.396901283645
32.51/16.05	credit-g 0.55105314787 0.404932938355 -0.518751270562
33.63/16.53	soybean 0.131735029191 0.0290097961323 0.641247676508
34.73/17.01	arrhythmia 0.272949455356 0.099682620044 0.110537653914
35.86/17.49	nursery 0.263087756345 0.0900784660137 0.628965714962
36.99/17.98	hepatitis 0.307988020388 0.133119800748 -0.0762774453911
38.12/18.46	cmc 0.311926868348 0.124569759844 0.201359527452
39.26/18.95	heart-c 0.218859717699 0.0645651380053 0.840021527845
40.39/19.44	glass 0.35323960855 0.150712612219 0.388174626757
41.54/19.93	braziltourism 0.411933781624 0.218274718574 0.110537653914
42.69/20.42	iris 0.294640388609 0.113566423425 0.312220390881
43.80/20.90	heart-statlog 0.258987087387 0.0930043693148 0.757926311195
44.93/21.39	page-blocks 0.351120914799 0.16888050299 0.371044522496
46.05/21.87	breast-w 0.223619366476 0.0688876857671 0.459603929433
47.21/22.46	heart-h 0.155379900034 0.0323984989765 0.725282150244
48.42/23.05	yeast 0.270837559603 0.0922623780319 0.715262655299
49.54/23.66	tae 0.355341898681 0.154778177094 0.147706748067
50.73/24.24	haberman 0.261272640763 0.0871681726893 0.11764826323
51.89/24.83	mfeat-pixel 0.351812364057 0.149430736043 0.216550374627
53.06/25.31	optdigits 0.146738382436 0.0292664948586 0.809963043009
54.26/25.80	mfeat-factors 0.173925443618 0.0436103971726 0.766006549055
55.29/26.29	satimage 0.257981271656 0.0915977576726 0.474794776608
56.43/26.77	lymph 0.182573247587 0.0493954609294 0.61474449633
57.55/27.27	audiology 0.323733903103 0.146496752731 0.406920778591
58.69/27.76	ecoli 0.39221914437 0.195575613805 0.1664528999
59.81/28.24	tic-tac-toe 0.315505501953 0.146550719231 0.582423544893
60.94/28.71	spambase 0.204136375425 0.0518878333149 0.871372850739
62.04/29.21	zoo 0.0869045432619 0.0111010912708 0.854242746477
63.25/29.79	sonar 0.495580464091 0.306347274211 -0.114739377601
64.31/30.27	mfeat-zernike 0.281670987072 0.110053349998 0.382356855499
65.47/30.86	kr-vs-kp 0.154095266219 0.0304791795052 0.755663844595
65.62/30.90	MAE 0.28809656875 0.113529933106
65.62/30.90	MSE 0.125054422736 0.125054422736
65.62/30.90	Mean tau 0.43150171271 0.325912881827
65.62/30.90	(0.17543859649122806, '1_class_probability_max')
65.62/30.90	(0.9649122807017544, '0_class_probability_max')
65.62/30.90	(2.526315789473684, '0_landmark_decision_tree')
65.62/30.90	(2.6140350877192984, '1_landmark_decision_tree')
65.62/30.90	(3.8947368421052633, '0_landmark_naive_bayes')
65.62/30.90	(4.859649122807017, '1_landmark_naive_bayes')
65.62/30.90	(6.631578947368421, '0_landmark_lda')
65.62/30.90	(6.807017543859649, '1_landmark_lda')
65.62/30.90	(8.789473684210526, '1_number_of_numeric_features')
65.62/30.90	(9.771929824561404, '0_number_of_numeric_features')
65.62/30.90	(10.263157894736842, '0_number_of_features')
65.62/30.90	(10.701754385964913, '1_number_of_features')
65.62/30.90	(11.263157894736842, '0_number_of_categorical_features')
65.62/30.90	(11.771929824561404, '1_number_of_categorical_features')
65.62/30.90	(14.31578947368421, '0_number_of_classes')
65.62/30.90	(14.649122807017545, '1_number_of_classes')
65.62/30.90	Result for ParamILS: SAT, 29.983562, 1, 0.288097, -1, /home/feurerm/thesis/Software/pyMetaLearn/optimizers/metalearn_optimizer/learn_distances.py
