0.68/0.87	['/home/feurerm/thesis/Software/pyMetaLearn/optimizers/metalearn_optimizer/learn_distances.py', '--input_file', '/home/feurerm/thesis/experiments/2014_04_25_predict_distances/testfold_0-3_pfahringer_spearman_rank_perm.pkl', '--fold', '0', '--folds', '1', '--params', '-max_features', '0.23837925711', '-min_samples_leaf', '7', '-min_samples_split', '7', '-n_estimators', '32', '-n_jobs', '4', '-seed', '46']
0.68/0.87	Metafeatures (57, 8)
0.68/0.87	X (3192, 16)
0.68/0.87	Y (3192,)
0.68/0.87	Dataset Mae MSE Rho
1.03/1.11	vehicle 0.366611225935 0.167098528637 0.297675962734
1.38/1.37	anneal.ORIG 0.314987881333 0.125847734889 0.518428061048
1.72/1.62	segment 0.282967406458 0.100778516613 0.665165180572
2.06/1.88	pendigits 0.346059868264 0.147046678727 0.564000602574
2.46/2.24	mushroom 0.209294413626 0.0541717971692 0.615067705844
2.83/2.50	labor 0.314162217449 0.13373881874 0.402072635875
3.17/2.76	abalone 0.342297914382 0.150647111297 0.487399947669
3.53/3.01	diabetes 0.491596572022 0.330130485965 0.012281961546
3.87/3.27	car 0.331402682286 0.147650534747 0.501621166301
4.20/3.53	autos 0.25200276431 0.0825681071695 0.565616650146
4.54/3.78	mfeat-fourier 0.542327445661 0.386385605229 -0.403365473933
4.88/4.04	primary-tumor 0.235157745332 0.0695221141247 0.502914004358
5.30/4.31	waveform-5000 0.236841786893 0.0777948108192 0.674861466003
5.62/4.56	credit-a 0.390576044899 0.209558756344 0.321270257283
5.96/4.82	letter 0.236479969661 0.0804393618705 0.631874600591
6.33/5.08	postoperative-patient-data 0.407902920509 0.202028273726 -0.0190693613478
6.68/5.35	vowel 0.48031373343 0.285437418975 0.0914682925664
7.06/5.61	eucalyptus 0.379932379423 0.189598976344 0.136071205549
7.40/5.87	cylinder-bands 0.335292243209 0.141582146702 0.359408979978
7.77/6.14	ionosphere 0.42466695278 0.219450616503 -0.00355530465806
8.18/6.40	mfeat-karhunen 0.209556171469 0.0589015343016 0.731099921503
8.49/6.67	balance-scale 0.249197122322 0.0885630452402 0.391083512387
8.85/6.93	mfeat-morphological 0.476191618549 0.299838994266 -0.185522261248
9.20/7.28	liver-disorders 0.280906295045 0.10293040726 0.377508712783
9.56/7.54	dermatology 0.191359491794 0.0477050521457 0.552365060057
9.98/7.80	vote 0.0831340031277 0.0108771249817 0.806084528836
10.31/8.06	breast-cancer 0.253490278544 0.0872821398276 0.0103427044598
10.69/8.32	credit-g 0.586318397508 0.455110971959 -0.608926725071
11.04/8.59	soybean 0.129992433413 0.0261627382196 0.804791690779
11.41/8.85	arrhythmia 0.274727766667 0.10179729743 0.203298784538
11.78/9.21	nursery 0.308257099632 0.116259885128 0.500974747272
12.14/9.47	hepatitis 0.356034505051 0.179248350688 -0.384942531614
12.50/9.73	cmc 0.294164553958 0.103575683624 0.321916676312
12.90/10.00	heart-c 0.290225967717 0.109749523423 0.703627112781
13.23/10.26	glass 0.378150342112 0.177082577906 0.240467878691
13.60/10.52	braziltourism 0.465285026359 0.277162576527 -0.0126051710604
13.96/10.78	iris 0.318396169453 0.134204937153 0.238851831119
14.33/11.04	heart-statlog 0.329042555531 0.144592770739 0.576605773634
14.68/11.30	page-blocks 0.330967237826 0.149533361333 0.376862293754
15.06/11.57	breast-w 0.225992257335 0.0689117813249 0.482228595439
15.41/11.83	heart-h 0.211756759654 0.0559704130568 0.551072221999
15.76/12.09	yeast 0.346067591414 0.150476057633 0.497419442614
16.14/12.35	tae 0.300219526944 0.112809398029 0.186168680277
16.52/12.61	haberman 0.263027101758 0.0920041214752 0.135747996035
16.87/12.88	mfeat-pixel 0.338340310753 0.141707967511 0.19974347988
17.27/13.14	optdigits 0.240071874277 0.0732613071008 0.702657484238
17.64/13.50	mfeat-factors 0.251330974441 0.0873045164439 0.640601257479
17.99/13.77	satimage 0.276682610153 0.105408406108 0.425990139938
18.35/14.03	lymph 0.183155222412 0.0490158108429 0.671629370859
18.80/14.40	audiology 0.337128195078 0.146856620369 0.248224907035
19.11/14.66	ecoli 0.4274909926 0.235724746013 0.0639954838451
19.46/14.92	tic-tac-toe 0.281605574608 0.119860696822 0.60440179187
19.83/15.18	spambase 0.242644192652 0.07695326423 0.732069550046
20.19/15.44	zoo 0.148024878537 0.0286378455309 0.718817959957
20.55/15.71	sonar 0.495213780457 0.30839971203 -0.150615633696
20.90/15.97	mfeat-zernike 0.246245908751 0.0852980132979 0.542022355597
21.24/16.23	kr-vs-kp 0.207458341157 0.0548611143589 0.638985209908
21.24/16.24	MAE 0.311381180648 0.101071699485
21.24/16.24	MSE 0.139745915069 0.139745915069
21.24/16.24	Mean tau 0.358881638139 0.317447134586
21.24/16.24	(0.7894736842105263, '1_landmark_decision_tree')
21.24/16.24	(1.5789473684210527, '0_class_probability_max')
21.24/16.24	(1.7894736842105263, '1_class_probability_max')
21.24/16.24	(2.280701754385965, '0_landmark_decision_tree')
21.24/16.24	(4.43859649122807, '0_landmark_naive_bayes')
21.24/16.24	(5.087719298245614, '0_landmark_lda')
21.24/16.24	(6.035087719298246, '1_landmark_naive_bayes')
21.24/16.24	(7.491228070175438, '1_landmark_lda')
21.24/16.24	(8.701754385964913, '0_number_of_features')
21.24/16.24	(8.771929824561404, '0_number_of_categorical_features')
21.24/16.25	(10.456140350877194, '0_number_of_numeric_features')
21.24/16.25	(10.771929824561404, '1_number_of_features')
21.24/16.25	(11.035087719298245, '1_number_of_numeric_features')
21.24/16.25	(12.807017543859649, '1_number_of_categorical_features')
21.24/16.25	(13.526315789473685, '0_number_of_classes')
21.24/16.25	(14.43859649122807, '1_number_of_classes')
21.24/16.25	Result for ParamILS: SAT, 15.377684, 1, 0.311381, -1, /home/feurerm/thesis/Software/pyMetaLearn/optimizers/metalearn_optimizer/learn_distances.py
