0.69/0.98	['/home/feurerm/thesis/Software/pyMetaLearn/optimizers/metalearn_optimizer/learn_distances.py', '--input_file', '/home/feurerm/thesis/experiments/2014_04_25_predict_distances/testfold_0-3_pfahringer_spearman_rank_perm.pkl', '--fold', '0', '--folds', '1', '--params', '-max_features', '0.192718338684', '-min_samples_leaf', '2', '-min_samples_split', '3', '-n_estimators', '55', '-n_jobs', '4', '-seed', '9']
0.69/0.98	Metafeatures (57, 8)
0.69/0.98	X (3192, 16)
0.69/0.98	Y (3192,)
0.69/0.98	Dataset Mae MSE Rho
1.33/1.33	vehicle 0.323614601082 0.128905005623 0.523276203763
2.08/1.82	anneal.ORIG 0.258865292602 0.0916067680381 0.607957096528
2.89/2.20	segment 0.185353509511 0.0435713091355 0.820952166497
3.51/2.59	pendigits 0.264012349178 0.0872780467883 0.707505626954
4.22/3.01	mushroom 0.16059486767 0.0332837612511 0.72722140733
4.92/3.39	labor 0.315094387444 0.138957696111 0.306725829136
5.63/3.83	abalone 0.259804854046 0.0887329419222 0.631551391077
6.35/4.22	diabetes 0.458038512559 0.289899829657 0.0274728087214
7.14/4.60	car 0.358855810256 0.18434681416 0.439564939542
7.74/4.98	autos 0.217522430812 0.0638095445354 0.63769237185
8.47/5.36	mfeat-fourier 0.566865237726 0.415480337337 -0.446675548858
9.18/5.74	primary-tumor 0.216223431754 0.0587275353896 0.535881374824
9.89/6.12	waveform-5000 0.223824590458 0.0709924165434 0.62734966739
10.65/6.51	credit-a 0.35216720524 0.173271953458 0.522952994249
11.26/6.89	letter 0.221281221042 0.0700176462789 0.699425389095
11.98/7.29	postoperative-patient-data 0.416168235555 0.211893545072 -0.0714293026756
12.71/7.67	vowel 0.443777411571 0.24817444152 0.246285649949
13.43/8.06	eucalyptus 0.386285911423 0.195617183759 0.0795095405348
14.15/8.47	cylinder-bands 0.354427089221 0.161821523494 0.29961521982
14.87/8.85	ionosphere 0.414937973128 0.208549165486 0.0759542358767
15.58/9.25	mfeat-karhunen 0.142532329189 0.0310849154215 0.837759061245
16.28/9.63	balance-scale 0.212810927616 0.0657531296121 0.608926725071
16.99/10.02	mfeat-morphological 0.485567606729 0.309735749868 -0.251133792665
17.77/10.40	liver-disorders 0.299847863941 0.117907793792 0.478350081266
18.39/10.78	dermatology 0.204553992919 0.0546994908194 0.525861879878
19.10/11.16	vote 0.0724500850906 0.00871837034818 0.793479357776
19.82/11.56	breast-cancer 0.243286236425 0.0745536834684 0.142535395837
20.53/11.95	credit-g 0.520180868898 0.362966512854 -0.471562681464
21.24/12.34	soybean 0.123361908373 0.0251704482872 0.705889579382
21.94/12.74	arrhythmia 0.294400162959 0.118875137922 0.107951977799
22.67/13.11	nursery 0.26806796598 0.0887426291368 0.619269429531
23.34/13.49	hepatitis 0.372429033123 0.203253308101 -0.415970644993
24.04/13.87	cmc 0.320977434903 0.123662498976 0.199420270366
24.78/14.25	heart-c 0.22155472534 0.0663841140079 0.851333860848
25.44/14.63	glass 0.350297207727 0.153900390948 0.303493733993
26.17/15.03	braziltourism 0.479150507767 0.295432407894 -0.0866201498509
26.88/15.42	iris 0.297470926817 0.114608809889 0.314806066995
27.60/15.81	heart-statlog 0.251664177996 0.0860786501702 0.785075910402
28.30/16.19	page-blocks 0.313189353291 0.13547677846 0.415970644993
29.04/16.58	breast-w 0.214169074204 0.0674200381223 0.507438937559
29.75/16.96	heart-h 0.164173057448 0.0366982253173 0.64803507631
30.47/17.35	yeast 0.281161492805 0.101493766459 0.623471153218
31.16/17.73	tae 0.323271131348 0.129453468775 0.150615633696
31.86/18.11	haberman 0.236279119222 0.0805460066676 0.339046780573
32.66/18.50	mfeat-pixel 0.322839453593 0.12761994754 0.266647849354
33.27/18.88	optdigits 0.124287359241 0.0206409901293 0.8322644995
33.98/19.26	mfeat-factors 0.179825999881 0.0460699871609 0.779258139144
34.67/19.64	satimage 0.257712420529 0.0909238016339 0.483521433496
35.38/20.03	lymph 0.196803269004 0.0570409838579 0.56884874529
36.09/20.41	audiology 0.338432069522 0.153243891591 0.236589364518
36.89/20.89	ecoli 0.429284450495 0.23473672135 0.000323209514369
37.53/21.27	tic-tac-toe 0.306670638159 0.140113376279 0.508408566103
38.27/21.66	spambase 0.227557328753 0.0699610871222 0.784752700888
39.00/22.05	zoo 0.10871432743 0.01586428579 0.782813443802
39.72/22.53	sonar 0.500601059912 0.31724820644 -0.132192691377
40.52/22.93	mfeat-zernike 0.281564217586 0.107780450267 0.388821045786
41.25/23.33	kr-vs-kp 0.155203423937 0.0305054488564 0.765036920512
41.25/23.36	MAE 0.289825581236 0.109973751382
41.25/23.36	MSE 0.126829876647 0.126829876647
41.25/23.36	Mean tau 0.403461869753 0.343716106278
41.25/23.36	(0.8771929824561403, '1_landmark_decision_tree')
41.25/23.36	(1.1754385964912282, '1_class_probability_max')
41.25/23.36	(2.0350877192982457, '0_landmark_naive_bayes')
41.25/23.36	(2.6140350877192984, '0_class_probability_max')
41.25/23.36	(4.12280701754386, '0_landmark_decision_tree')
41.25/23.36	(5.087719298245614, '0_landmark_lda')
41.25/23.36	(5.333333333333333, '1_landmark_naive_bayes')
41.25/23.36	(7.12280701754386, '1_landmark_lda')
41.25/23.36	(8.368421052631579, '0_number_of_features')
41.25/23.36	(9.526315789473685, '1_number_of_features')
41.25/23.36	(10.333333333333334, '1_number_of_categorical_features')
41.25/23.36	(11.596491228070175, '0_number_of_numeric_features')
41.25/23.36	(11.649122807017545, '1_number_of_numeric_features')
41.25/23.36	(12.017543859649123, '0_number_of_categorical_features')
41.25/23.36	(14.070175438596491, '0_number_of_classes')
41.25/23.36	(14.070175438596491, '1_number_of_classes')
41.25/23.36	Result for ParamILS: SAT, 22.386813, 1, 0.289826, -1, /home/feurerm/thesis/Software/pyMetaLearn/optimizers/metalearn_optimizer/learn_distances.py
