0.69/0.88	['/home/feurerm/thesis/Software/pyMetaLearn/optimizers/metalearn_optimizer/learn_distances.py', '--input_file', '/home/feurerm/thesis/experiments/2014_04_25_predict_distances/testfold_0-3_pfahringer_spearman_rank_perm.pkl', '--fold', '0', '--folds', '1', '--params', '-max_features', '0.454914092828', '-min_samples_leaf', '8', '-min_samples_split', '3', '-n_estimators', '81', '-n_jobs', '4', '-seed', '79']
0.69/0.88	Metafeatures (57, 8)
0.69/0.88	X (3192, 16)
0.69/0.88	Y (3192,)
0.69/0.88	Dataset Mae MSE Rho
1.88/1.45	vehicle 0.355701018638 0.15616566244 0.359408979978
3.22/2.07	anneal.ORIG 0.337209343204 0.1446224771 0.546224079284
4.54/2.67	segment 0.245069670897 0.0755975081346 0.759865568282
5.86/3.28	pendigits 0.314807608053 0.123700678972 0.631874600591
7.16/3.89	mushroom 0.198112345459 0.0488143291592 0.651267171454
8.46/4.59	labor 0.298387370775 0.124824445155 0.285070791674
9.77/5.29	abalone 0.30736058574 0.119788700592 0.572727259462
11.12/5.97	diabetes 0.5034150773 0.327140657067 0.175825975817
12.56/6.67	car 0.358286342473 0.178611032949 0.362641075122
13.79/7.27	autos 0.233808557572 0.0690304503661 0.583393173436
15.11/7.88	mfeat-fourier 0.527757369498 0.363302628915 -0.396901283645
16.42/8.48	primary-tumor 0.223256843874 0.060136195064 0.554304317143
17.72/9.18	waveform-5000 0.218461693666 0.0645915398416 0.681002446776
19.14/9.89	credit-a 0.388476897478 0.21018720895 0.341309247174
20.48/10.60	letter 0.24235684675 0.0838505462106 0.671952580373
21.70/11.31	postoperative-patient-data 0.422496180772 0.228573180723 -0.0565616650146
23.10/12.01	vowel 0.458292391345 0.261954854216 0.196834594251
24.38/12.61	eucalyptus 0.401900366783 0.213391705286 -0.0158372662041
25.71/13.31	cylinder-bands 0.323306151685 0.130701545519 0.487076738154
27.00/14.02	ionosphere 0.411024960869 0.201208213049 0.090175454509
28.35/14.73	mfeat-karhunen 0.184574312102 0.0472937527503 0.789924053118
29.75/15.42	balance-scale 0.247640330023 0.082169713088 0.420495578194
30.99/16.13	mfeat-morphological 0.463510594624 0.285249864403 -0.233680478889
32.35/16.75	liver-disorders 0.278590816849 0.103057485598 0.390437093358
33.64/17.45	dermatology 0.195355467712 0.0501046401906 0.540083098511
34.99/20.16	vote 0.0774576000214 0.00923840528774 0.787984796032
36.37/20.87	breast-cancer 0.156279462505 0.0334264958411 0.384619322099
37.62/21.47	credit-g 0.586385277576 0.458345701065 -0.629612133991
38.94/22.09	soybean 0.124488967078 0.0242843298118 0.76342087294
40.25/22.69	arrhythmia 0.264571912305 0.0984573043449 0.182936585133
41.54/23.38	nursery 0.29037467011 0.106956818778 0.54816333637
42.84/23.98	hepatitis 0.319252579093 0.14140789395 -0.259860449553
44.15/24.57	cmc 0.281474968766 0.099425292712 0.264708592268
45.42/25.16	heart-c 0.273682264444 0.095880513495 0.76342087294
46.71/25.76	glass 0.352935199004 0.150663898754 0.39431560753
48.06/26.37	braziltourism 0.445999249367 0.256975409827 0.0888826164515
49.31/27.07	iris 0.299734201678 0.118865126178 0.285394001188
50.65/27.67	heart-statlog 0.272143922398 0.099977850341 0.734978435675
51.96/28.27	page-blocks 0.380261206541 0.196354888086 0.385912160157
53.26/28.86	breast-w 0.218507181533 0.0645388527317 0.468977005349
54.55/29.46	heart-h 0.191773809892 0.0466131108978 0.65837778077
55.84/30.06	yeast 0.311196084272 0.121618574696 0.581777125864
57.15/30.67	tae 0.343012551534 0.144982799852 0.158695871555
58.45/31.37	haberman 0.259856357426 0.0866038493728 0.0930843401383
59.78/31.97	mfeat-pixel 0.343913958352 0.145634989353 0.222368145886
61.12/32.66	optdigits 0.220896938572 0.0627310585563 0.713323398212
62.44/33.26	mfeat-factors 0.214844782522 0.0642928160443 0.7197875885
63.74/33.96	satimage 0.265471930068 0.0954801615911 0.492571299898
65.07/34.66	lymph 0.193806980531 0.0549361865337 0.574989726063
66.36/35.35	audiology 0.321898543456 0.137301987475 0.383003274527
67.65/35.94	ecoli 0.392534335921 0.197328029112 0.17905807096
68.98/36.55	tic-tac-toe 0.309976894953 0.141277660971 0.616683753416
70.32/37.15	spambase 0.225063543216 0.066122323622 0.891735050144
71.62/37.74	zoo 0.119968279163 0.0197407449288 0.769561853713
72.91/38.34	sonar 0.500412696459 0.315991383265 -0.127021339147
74.26/38.94	mfeat-zernike 0.25887372045 0.0931336183102 0.524569041821
75.63/39.54	kr-vs-kp 0.200718890015 0.0506197636844 0.661933085428
75.63/39.58	MAE 0.300998738655 0.104811303937
75.63/39.58	MSE 0.132513629039 0.132513629039
75.63/39.58	Mean tau 0.397678120548 0.321653614442
75.63/39.58	(0.38596491228070173, '0_class_probability_max')
75.63/39.58	(0.6140350877192983, '1_class_probability_max')
75.63/39.58	(2.3859649122807016, '1_landmark_decision_tree')
75.63/39.58	(2.6666666666666665, '0_landmark_decision_tree')
75.63/39.58	(4.175438596491228, '1_landmark_naive_bayes')
75.63/39.58	(4.859649122807017, '0_landmark_naive_bayes')
75.63/39.58	(6.508771929824562, '1_landmark_lda')
75.63/39.58	(8.175438596491228, '0_landmark_lda')
75.63/39.58	(8.385964912280702, '1_number_of_numeric_features')
75.63/39.58	(8.771929824561404, '0_number_of_numeric_features')
75.63/39.58	(10.017543859649123, '1_number_of_categorical_features')
75.63/39.58	(10.052631578947368, '0_number_of_categorical_features')
75.63/39.58	(11.912280701754385, '1_number_of_features')
75.63/39.58	(12.105263157894736, '0_number_of_features')
75.63/39.58	(14.298245614035087, '0_number_of_classes')
75.63/39.58	(14.68421052631579, '1_number_of_classes')
75.63/39.58	Result for ParamILS: SAT, 38.702421, 1, 0.300999, -1, /home/feurerm/thesis/Software/pyMetaLearn/optimizers/metalearn_optimizer/learn_distances.py
