0.71/0.95	['/home/feurerm/thesis/Software/pyMetaLearn/optimizers/metalearn_optimizer/learn_distances.py', '--input_file', '/home/feurerm/thesis/experiments/2014_04_25_predict_distances/testfold_0-3_pfahringer_spearman_rank_perm.pkl', '--fold', '0', '--folds', '1', '--params', '-max_features', '0.959774903251', '-min_samples_leaf', '2', '-min_samples_split', '3', '-n_estimators', '21', '-n_jobs', '4', '-seed', '2']
0.71/0.95	Metafeatures (57, 8)
0.71/0.95	X (3192, 16)
0.71/0.95	Y (3192,)
0.71/0.95	Dataset Mae MSE Rho
1.53/1.39	vehicle 0.378360800859 0.1729237158 0.240144669176
2.38/1.85	anneal.ORIG 0.565543353018 0.389455341793 -0.199097060851
3.23/2.30	segment 0.139545416838 0.0268426418963 0.849717813276
4.10/2.76	pendigits 0.233827081249 0.075181085613 0.752108539937
4.95/3.21	mushroom 0.183709887344 0.0435848349651 0.644802981166
5.80/3.67	labor 0.334291839551 0.153805729984 0.202652365509
6.66/4.12	abalone 0.154787820986 0.0318492794215 0.82709314727
7.52/4.57	diabetes 0.531017048086 0.349439551358 0.206207670167
8.40/5.03	car 0.40728289224 0.238298281812 0.120233939345
9.28/5.49	autos 0.19405202117 0.049890521062 0.709768093554
10.13/5.95	mfeat-fourier 0.600217844444 0.462847872102 -0.484814271554
10.99/6.41	primary-tumor 0.225490106454 0.0669051085612 0.510994242217
11.86/6.86	waveform-5000 0.13892231832 0.030759515876 0.761481615853
12.72/7.32	credit-a 0.339212403778 0.16265111005 0.478026871752
13.55/7.78	letter 0.21629725179 0.0645730077659 0.59179662081
14.42/8.23	postoperative-patient-data 0.452057777448 0.267984704175 0.0488046366697
15.27/8.69	vowel 0.347287732663 0.152635884075 0.574989726063
16.14/9.15	eucalyptus 0.44989184591 0.26532753308 -0.084034473736
17.03/9.61	cylinder-bands 0.330872968664 0.139229101626 0.356823303863
17.88/10.07	ionosphere 0.413154431606 0.203312641224 0.0985789018826
18.74/10.53	mfeat-karhunen 0.115482155958 0.0218207742658 0.849071394247
19.58/11.00	balance-scale 0.249829112024 0.0841693442224 0.363287494151
20.44/11.45	mfeat-morphological 0.467997671425 0.291476276233 -0.157726243012
21.28/11.91	liver-disorders 0.329418404091 0.136188281687 0.301231267392
22.14/12.37	dermatology 0.220549060041 0.064030769686 0.462512815062
23.01/12.83	vote 0.0845440896777 0.0121797720564 0.734332016646
23.89/13.29	breast-cancer 0.127633925741 0.0271534286393 0.42760618751
24.76/13.76	credit-g 0.693718296709 0.62887396466 -0.659347409313
25.62/14.23	soybean 0.12171188569 0.0246573207518 0.688113056092
26.48/14.69	arrhythmia 0.25948745396 0.0903329816147 0.329350495142
27.35/15.15	nursery 0.20030214771 0.0512044140667 0.743705092563
28.24/15.62	hepatitis 0.214672447071 0.0672070083255 0.623794362732
29.09/16.08	cmc 0.287832881299 0.11412400121 0.228832336173
29.96/16.54	heart-c 0.175246265622 0.0425641178801 0.874604945883
30.84/17.00	glass 0.399732046198 0.201997907195 0.0904986640233
31.69/17.46	braziltourism 0.510977272055 0.338499884332 -0.10504309217
32.53/17.92	iris 0.266933304565 0.093277985991 0.421141997223
33.39/18.38	heart-statlog 0.145113709429 0.0301122308316 0.849717813276
34.25/18.83	page-blocks 0.436960381232 0.26601247209 -0.0824184261641
35.12/19.29	breast-w 0.20366962988 0.0556087180728 0.572080840433
36.00/19.83	heart-h 0.133552722743 0.0267192646811 0.682941703862
36.87/20.29	yeast 0.197281392347 0.0482877393029 0.774086786914
37.74/20.75	tae 0.40497939073 0.199992560539 0.100518158969
38.63/23.74	haberman 0.293263797449 0.113751481277 0.0610865982158
39.49/24.50	mfeat-pixel 0.356089106375 0.156002738338 0.247901697521
40.36/24.96	optdigits 0.113250445105 0.0174709260645 0.850364232305
41.25/25.42	mfeat-factors 0.147694201054 0.0392776338186 0.766006549055
42.11/26.24	satimage 0.250591650641 0.0866930007486 0.504206842416
43.00/26.83	lymph 0.250039248802 0.0985623968688 0.30995792428
43.91/27.31	audiology 0.276878575389 0.10154264802 0.484814271554
44.79/27.77	ecoli 0.395912913008 0.207023219678 0.214611117541
45.67/28.24	tic-tac-toe 0.378233867126 0.225884376917 0.0597937601583
46.52/28.71	spambase 0.247177107017 0.0675252518501 0.832910918529
47.38/29.17	zoo 0.0871035541941 0.0111566827856 0.859090889193
48.24/29.66	sonar 0.473616857873 0.284581792864 0.0119587520317
49.10/30.13	mfeat-zernike 0.2117804951 0.0613341863155 0.578221821206
49.96/30.58	kr-vs-kp 0.134323817566 0.024212250679 0.798004290977
50.01/30.60	MAE 0.289463230269 0.140548061802
50.01/30.60	MSE 0.136122934505 0.136122934505
50.01/30.60	Mean tau 0.401721074649 0.361336030309
50.01/30.60	(0.05263157894736842, '1_class_probability_max')
50.01/30.60	(0.9473684210526315, '0_class_probability_max')
50.01/30.60	(2.7719298245614037, '0_landmark_naive_bayes')
50.01/30.60	(3.0526315789473686, '1_landmark_naive_bayes')
50.01/30.60	(5.298245614035087, '0_landmark_decision_tree')
50.01/30.60	(5.701754385964913, '0_number_of_numeric_features')
50.01/30.60	(6.035087719298246, '1_number_of_numeric_features')
50.01/30.60	(7.842105263157895, '1_number_of_categorical_features')
50.01/30.60	(8.192982456140351, '0_number_of_categorical_features')
50.01/30.60	(8.543859649122806, '1_number_of_features')
50.01/30.60	(8.929824561403509, '0_number_of_features')
50.01/30.60	(10.12280701754386, '1_landmark_decision_tree')
50.01/30.60	(11.75438596491228, '0_landmark_lda')
50.01/30.60	(11.859649122807017, '1_landmark_lda')
50.01/30.60	(14.333333333333334, '0_number_of_classes')
50.01/30.60	(14.56140350877193, '1_number_of_classes')
50.01/30.60	Result for ParamILS: SAT, 29.650207, 1, 0.289463, -1, /home/feurerm/thesis/Software/pyMetaLearn/optimizers/metalearn_optimizer/learn_distances.py
