0.84/3.24	['/home/feurerm/thesis/Software/pyMetaLearn/optimizers/metalearn_optimizer/learn_distances.py', '--input_file', '/home/feurerm/thesis/experiments/2014_04_25_predict_distances/testfold_0-3_pfahringer_spearman_rank_perm.pkl', '--fold', '0', '--folds', '1', '--params', '-max_features', '0.83848499026', '-min_samples_leaf', '4', '-min_samples_split', '8', '-n_estimators', '16', '-n_jobs', '4', '-seed', '39']
0.84/3.25	Metafeatures (57, 8)
0.84/3.25	X (3192, 16)
0.84/3.25	Y (3192,)
0.84/3.25	Dataset Mae MSE Rho
1.33/3.75	vehicle 0.339544976418 0.144391582464 0.385912160157
1.88/4.10	anneal.ORIG 0.589096232594 0.409679134783 -0.329350495142
2.40/5.74	segment 0.153374346276 0.0318388471842 0.810609462038
2.98/9.90	pendigits 0.246672926114 0.0800163193175 0.70944488404
3.49/10.26	mushroom 0.171600020754 0.0387285826472 0.672598999402
4.03/10.61	labor 0.29089485337 0.116519496902 0.260506868581
4.55/10.97	abalone 0.232419883777 0.0710190081545 0.680249142786
5.11/11.32	diabetes 0.510016137479 0.326621490959 0.221075307828
5.65/12.48	car 0.416888536984 0.254939064613 0.232710850346
6.21/16.92	autos 0.188195997813 0.0476634351086 0.660963456885
6.76/17.27	mfeat-fourier 0.567907585589 0.429944933064 -0.387528207728
7.29/17.62	primary-tumor 0.199064321211 0.0528627221062 0.569702596417
7.82/17.98	waveform-5000 0.129970300765 0.0271421204054 0.767622596626
8.35/18.33	credit-a 0.376536040271 0.197971662111 0.364580332208
8.89/18.85	letter 0.271077301715 0.0987131293113 0.592119830324
9.43/19.49	postoperative-patient-data 0.425703333515 0.242232831421 0.163718788701
9.96/19.84	vowel 0.377352797819 0.178597769068 0.433423958769
10.51/20.33	eucalyptus 0.50413491028 0.344291065843 -0.199420270366
11.04/20.79	cylinder-bands 0.319410976176 0.126184855103 0.397870912188
11.58/21.26	ionosphere 0.415370942921 0.20474776996 0.0381387226955
12.11/21.64	mfeat-karhunen 0.147413705247 0.0362647423456 0.78636874846
12.64/22.24	balance-scale 0.253026993292 0.0831845648861 0.362964284636
13.19/22.69	mfeat-morphological 0.523437573148 0.370598878264 -0.268587106441
13.71/23.16	liver-disorders 0.307004046136 0.125065652896 0.379963348703
14.27/23.54	dermatology 0.225108738716 0.0651688846623 0.446675548858
14.83/23.96	vote 0.0872838366547 0.0119549006723 0.735948064218
15.39/24.34	breast-cancer 0.18243588532 0.0480843453152 0.359085770464
15.93/24.71	credit-g 0.733682363629 0.697858256711 -0.677447142118
16.47/25.12	soybean 0.132468712858 0.0266422478094 0.7220500551
17.00/25.83	arrhythmia 0.254073188701 0.0835193444708 0.259537240038
17.54/26.29	nursery 0.234498288212 0.0716773670148 0.644479771652
18.07/26.64	hepatitis 0.24875875009 0.0878999596452 0.55850604083
18.61/27.05	cmc 0.272658698352 0.101440253344 0.255335516352
19.14/27.48	heart-c 0.200240132347 0.0559980756391 0.830648451928
19.68/27.83	glass 0.348013924396 0.151247617859 0.379124760355
20.22/28.30	braziltourism 0.414924423615 0.233064907876 0.160635128641
20.75/28.93	iris 0.295606190103 0.116226276559 0.286363629731
21.28/29.39	heart-statlog 0.213538888405 0.0613821536972 0.779581348658
21.84/29.88	page-blocks 0.465085122242 0.290260335294 -0.0814619038722
22.37/30.23	breast-w 0.225608339839 0.0706718818941 0.521660156192
22.89/30.85	heart-h 0.14976238784 0.0330380710596 0.649004704853
23.42/31.22	yeast 0.27724014211 0.0980525620742 0.640924466994
23.96/31.67	tae 0.38514217609 0.17873043794 0.169361785529
24.50/32.15	haberman 0.317090369898 0.132922207254 -0.0446029129829
25.03/32.53	mfeat-pixel 0.355578826326 0.157655012124 0.188431146877
25.58/32.88	optdigits 0.1722186292 0.039955301248 0.742089044991
26.12/33.35	mfeat-factors 0.170138533639 0.0447981293157 0.736271273733
26.66/33.79	satimage 0.265683972241 0.10102543808 0.445382710801
27.18/34.16	lymph 0.253249921075 0.0952959117151 0.35068232309
27.69/34.76	audiology 0.274326651209 0.100431053684 0.567879116746
28.24/35.50	ecoli 0.341831604512 0.149325364466 0.408536826162
28.79/36.00	tic-tac-toe 0.333219801946 0.172325924042 0.203040914016
29.35/36.46	spambase 0.218097427441 0.0567890533022 0.751138911394
29.90/36.86	zoo 0.111866261492 0.0174484687236 0.783459862831
30.44/37.24	sonar 0.506863024732 0.322775288665 -0.119264310802
30.99/37.61	mfeat-zernike 0.225713858579 0.0741968027581 0.573696888005
31.57/38.20	kr-vs-kp 0.153355779779 0.0335303218609 0.721080426557
31.57/38.21	MAE 0.298271571776 0.13330759361
31.57/38.21	MSE 0.140712487995 0.140712487995
31.57/38.21	Mean tau 0.390412189262 0.3403680315
31.57/38.21	(0.49122807017543857, '1_class_probability_max')
31.57/38.21	(0.5087719298245614, '0_class_probability_max')
31.57/38.21	(2.5964912280701755, '0_landmark_naive_bayes')
31.57/38.21	(3.526315789473684, '1_landmark_naive_bayes')
31.57/38.21	(5.807017543859649, '1_number_of_numeric_features')
31.57/38.21	(6.192982456140351, '0_number_of_numeric_features')
31.57/38.21	(6.982456140350878, '0_number_of_categorical_features')
31.57/38.21	(7.578947368421052, '1_number_of_categorical_features')
31.57/38.21	(8.105263157894736, '0_landmark_decision_tree')
31.57/38.21	(8.596491228070175, '1_landmark_decision_tree')
31.57/38.21	(8.649122807017545, '1_number_of_features')
31.57/38.21	(8.982456140350877, '0_number_of_features')
31.57/38.21	(11.280701754385966, '1_landmark_lda')
31.57/38.21	(11.771929824561404, '0_landmark_lda')
31.57/38.21	(14.24561403508772, '0_number_of_classes')
31.57/38.21	(14.68421052631579, '1_number_of_classes')
31.57/38.21	Result for ParamILS: SAT, 34.969828, 1, 0.298272, -1, /home/feurerm/thesis/Software/pyMetaLearn/optimizers/metalearn_optimizer/learn_distances.py
