0.75/2.03	['/home/feurerm/thesis/Software/pyMetaLearn/optimizers/metalearn_optimizer/learn_distances.py', '--input_file', '/home/feurerm/thesis/experiments/2014_04_25_predict_distances/testfold_0-3_pfahringer_spearman_rank_perm.pkl', '--fold', '0', '--folds', '1', '--params', '-max_features', '0.364665526101', '-min_samples_leaf', '3', '-min_samples_split', '1', '-n_estimators', '11', '-n_jobs', '4', '-seed', '62']
0.75/2.04	Metafeatures (57, 8)
0.75/2.04	X (3192, 16)
0.75/2.04	Y (3192,)
0.75/2.04	Dataset Mae MSE Rho
0.97/2.52	vehicle 0.34423758554 0.153655546678 0.411122502277
1.19/2.76	anneal.ORIG 0.408910951175 0.210987346661 0.398840540731
1.41/3.54	segment 0.172657406388 0.0414662981655 0.788954424575
1.65/4.00	pendigits 0.281087965618 0.103616666725 0.659993828342
1.86/4.30	mushroom 0.160425832413 0.0347945495364 0.690375522692
2.09/4.55	labor 0.355047540199 0.182574233058 0.168392156986
2.32/4.80	abalone 0.227140960445 0.0717014089776 0.634460276706
2.55/5.06	diabetes 0.495352742628 0.326635200224 0.0846808927647
2.77/5.35	car 0.367377383751 0.192127986636 0.240972076953
2.99/5.60	autos 0.243801988002 0.0864227120597 0.441504196628
3.21/6.08	mfeat-fourier 0.597567635158 0.460202796787 -0.419202740137
3.43/6.37	primary-tumor 0.205722364481 0.0566949073806 0.544284822197
3.65/12.27	waveform-5000 0.227618658042 0.080480156102 0.538790260453
3.88/12.54	credit-a 0.393086031281 0.213946496674 0.328380866599
4.09/12.79	letter 0.253778350919 0.0871244548122 0.454755786717
4.32/13.03	postoperative-patient-data 0.398610558258 0.19588275122 0.0880816780276
4.53/13.28	vowel 0.423721649593 0.229464178093 0.329996914171
4.75/13.53	eucalyptus 0.401565673446 0.216273739221 0.0694900455893
5.00/13.78	cylinder-bands 0.345781142298 0.142654109321 0.291534981961
5.23/14.08	ionosphere 0.417904623659 0.216962242042 0.024563923092
5.47/14.57	mfeat-karhunen 0.145068971875 0.0347068206882 0.789600843604
5.72/14.97	balance-scale 0.227553309578 0.0748302742005 0.503237213873
5.93/15.22	mfeat-morphological 0.45360731402 0.276629996701 0.141888976808
6.17/15.61	liver-disorders 0.236963693061 0.0793940728556 0.418556321108
6.40/15.86	dermatology 0.191026250567 0.0481462567413 0.532002860651
6.62/16.27	vote 0.0942979791091 0.0139798804619 0.71461623627
6.84/16.67	breast-cancer 0.232449656384 0.0682715228805 0.225133536683
7.08/16.92	credit-g 0.616728613493 0.507325305557 -0.498590782964
7.31/17.23	soybean 0.134779296889 0.0273384607857 0.683588122891
7.55/17.49	arrhythmia 0.291323132616 0.114153580322 -0.0179395711212
7.78/17.74	nursery 0.257220946783 0.0842722612841 0.607633887014
8.01/18.32	hepatitis 0.323199949248 0.152280477783 -0.127344548661
8.24/18.57	cmc 0.294665861799 0.111087124758 0.267294268383
8.46/18.90	heart-c 0.222078424378 0.0674933683821 0.80705415738
8.68/19.20	glass 0.35896328938 0.161585091331 0.284932107087
8.92/19.64	braziltourism 0.44655084655 0.259984971629 0.163395553185
9.15/20.72	iris 0.25457718856 0.0885731358604 0.426959768482
9.37/24.41	heart-statlog 0.253583271696 0.0864484263437 0.683911332405
9.62/24.69	page-blocks 0.325348780139 0.14044874923 0.360569217761
9.86/24.94	breast-w 0.223578241628 0.0701248504396 0.458311091375
10.08/25.19	heart-h 0.147077653514 0.0321359516034 0.674538256488
10.31/25.43	yeast 0.252812355366 0.0830751370529 0.662256294942
10.53/25.68	tae 0.351881586492 0.149332785143 0.163220804756
10.76/25.93	haberman 0.272456628536 0.100446100292 0.0964858014357
10.99/26.22	mfeat-pixel 0.346206872447 0.151953349877 0.216550374627
11.22/26.51	optdigits 0.151938645405 0.0319323174857 0.792832938747
11.45/26.78	mfeat-factors 0.162704048372 0.0364277728664 0.727544616845
11.67/27.13	satimage 0.28812283969 0.118766323683 0.378801550841
11.89/27.59	lymph 0.174941809075 0.0485889562091 0.633490648163
12.12/27.84	audiology 0.333182801558 0.152172179153 0.277820925742
12.36/28.09	ecoli 0.417985597111 0.237029819633 0.0924379211095
12.59/28.37	tic-tac-toe 0.270081084975 0.116056461766 0.580161078292
12.81/28.99	spambase 0.195136929442 0.0511476861473 0.734978435675
13.05/29.24	zoo 0.111811491368 0.0171561876637 0.766976177598
13.29/29.49	sonar 0.495842926123 0.316571169767 -0.108275187314
13.52/29.83	mfeat-zernike 0.302534107788 0.12906618589 0.276344134786
13.74/30.08	kr-vs-kp 0.149939308893 0.0292542918058 0.764067291968
13.74/30.08	MAE 0.293502083284 0.115836268172
13.74/30.08	MSE 0.132839562889 0.132839562889
13.74/30.08	Mean tau 0.384649396741 0.300437496626
13.74/30.08	(0.22807017543859648, '0_class_probability_max')
13.74/30.08	(1.087719298245614, '1_class_probability_max')
13.74/30.08	(3.1228070175438596, '1_landmark_decision_tree')
13.74/30.08	(3.736842105263158, '1_landmark_naive_bayes')
13.74/30.08	(4.56140350877193, '0_landmark_naive_bayes')
13.74/30.08	(4.771929824561403, '1_landmark_lda')
13.74/30.08	(5.140350877192983, '0_landmark_decision_tree')
13.74/30.08	(8.263157894736842, '0_landmark_lda')
13.74/30.08	(8.280701754385966, '1_number_of_numeric_features')
13.74/30.08	(8.56140350877193, '0_number_of_features')
13.74/30.08	(9.666666666666666, '1_number_of_features')
13.74/30.08	(10.87719298245614, '0_number_of_numeric_features')
13.74/30.08	(11.140350877192983, '1_number_of_categorical_features')
13.74/30.08	(12.701754385964913, '0_number_of_categorical_features')
13.74/30.08	(13.789473684210526, '0_number_of_classes')
13.74/30.08	(14.070175438596491, '1_number_of_classes')
13.74/30.08	Result for ParamILS: SAT, 28.049660, 1, 0.293502, -1, /home/feurerm/thesis/Software/pyMetaLearn/optimizers/metalearn_optimizer/learn_distances.py
