0.69/0.88	['/home/feurerm/thesis/Software/pyMetaLearn/optimizers/metalearn_optimizer/learn_distances.py', '--input_file', '/home/feurerm/thesis/experiments/2014_04_25_predict_distances/testfold_0-3_pfahringer_spearman_rank_perm.pkl', '--fold', '0', '--folds', '1', '--params', '-max_features', '0.273202420542', '-min_samples_leaf', '2', '-min_samples_split', '2', '-n_estimators', '89', '-n_jobs', '4', '-seed', '85']
0.69/0.88	Metafeatures (57, 8)
0.69/0.88	X (3192, 16)
0.69/0.88	Y (3192,)
0.69/0.88	Dataset Mae MSE Rho
1.91/1.54	vehicle 0.32814061727 0.130184516296 0.43794889197
3.30/2.28	anneal.ORIG 0.279513035089 0.0977976585542 0.702980693753
4.53/3.02	segment 0.173246181211 0.0387469183511 0.836143013673
5.84/3.75	pendigits 0.250018146354 0.0812218920191 0.738533740333
7.28/4.49	mushroom 0.171091969272 0.0372091505786 0.697809341523
8.53/5.22	labor 0.335174377217 0.153361635737 0.28410116313
9.83/5.93	abalone 0.223343850574 0.0654080678661 0.710414512583
11.22/6.67	diabetes 0.489079869935 0.313237704863 0.123466034489
12.46/7.40	car 0.338489396835 0.158447019686 0.472532310008
13.91/8.13	autos 0.217172864667 0.0625567826956 0.659993828342
15.32/8.85	mfeat-fourier 0.574168205081 0.421787513834 -0.452170110602
16.54/9.58	primary-tumor 0.214683389816 0.0556201104109 0.569818373833
17.92/10.30	waveform-5000 0.188297024788 0.0524821986496 0.738533740333
19.25/11.03	credit-a 0.36266136867 0.184636234394 0.46606811972
20.54/11.77	letter 0.230690372137 0.0716371672433 0.685527379977
21.84/12.50	postoperative-patient-data 0.406374290615 0.201530316705 0.0116355425173
23.26/13.26	vowel 0.442866551706 0.250500142097 0.260830078096
24.49/13.99	eucalyptus 0.393865038051 0.202336001834 0.0313513228938
25.78/14.72	cylinder-bands 0.343408701807 0.151792170334 0.379771179384
27.15/15.43	ionosphere 0.399160672714 0.194325907367 0.15093884321
28.38/16.15	mfeat-karhunen 0.127911482345 0.0247446705354 0.864908660452
29.68/16.88	balance-scale 0.20561899582 0.060476693087 0.615390915359
31.06/17.60	mfeat-morphological 0.507045810311 0.344430519586 -0.32256309534
32.30/18.31	liver-disorders 0.292062166083 0.111422852207 0.606664258471
33.62/19.06	dermatology 0.21055832697 0.0579205066495 0.495480185528
35.10/19.80	vote 0.0715774353492 0.00917031652218 0.780874186716
36.29/20.54	breast-cancer 0.192269622385 0.0446742530429 0.357792932407
37.61/21.27	credit-g 0.503746792715 0.343175360616 -0.401426216846
39.01/22.01	soybean 0.123286519733 0.0242077390317 0.720110798014
40.24/22.73	arrhythmia 0.282961279317 0.110525420362 0.122496405946
41.59/23.46	nursery 0.270706337443 0.0912294013082 0.608280306043
43.01/24.19	hepatitis 0.358807973145 0.183569191915 -0.39948695976
44.23/24.90	cmc 0.337464586805 0.141231683687 0.162897595242
45.59/25.71	heart-c 0.211395629379 0.0607364994465 0.888502955001
46.97/26.43	glass 0.329419511844 0.131830145257 0.483521433496
48.24/27.16	braziltourism 0.471384810716 0.295179448686 -0.0206854089196
49.64/27.90	iris 0.304856535222 0.117428490692 0.335491475915
51.02/28.65	heart-statlog 0.241756166946 0.079433369736 0.853596327449
52.24/30.02	page-blocks 0.298094899036 0.12594093983 0.437625682456
53.72/30.74	breast-w 0.204613960618 0.0588518700211 0.553657898114
54.95/31.48	heart-h 0.160929714321 0.0353817137525 0.684880960948
56.29/32.21	yeast 0.258308251255 0.0862261415434 0.677123932603
57.66/32.92	tae 0.345620927012 0.152084513799 0.0355530465806
58.87/33.64	haberman 0.23552551185 0.0737948715641 0.263415754211
60.16/34.37	mfeat-pixel 0.334009074967 0.1339266234 0.263092544696
61.47/35.09	optdigits 0.124794605014 0.0216256926104 0.831941289986
62.81/35.82	mfeat-factors 0.166381425808 0.0404650322127 0.783459862831
64.13/36.54	satimage 0.248834676068 0.0834019309095 0.557536412287
65.42/37.27	lymph 0.207878796272 0.0628031527002 0.606987467985
66.72/37.99	audiology 0.332431962248 0.152255488945 0.363287494151
68.03/38.72	ecoli 0.403991505116 0.211776826433 0.137364043607
69.37/39.45	tic-tac-toe 0.28268447891 0.121293201746 0.613774867787
70.78/40.19	spambase 0.199743429916 0.049926023612 0.890119002572
72.12/40.92	zoo 0.103581172115 0.0140365476743 0.805438109808
73.49/41.65	sonar 0.492084463374 0.30362355685 -0.126698129633
74.79/42.37	mfeat-zernike 0.27941326116 0.107657167308 0.362964284636
76.10/43.09	kr-vs-kp 0.147045194595 0.0274144228898 0.76342087294
76.23/43.15	MAE 0.284741109052 0.112583134885
76.23/43.15	MSE 0.123134936661 0.123134936661
76.23/43.15	Mean tau 0.434438950051 0.347033384115
76.23/43.15	(0.19298245614035087, '1_class_probability_max')
76.23/43.15	(1.6666666666666667, '1_landmark_decision_tree')
76.23/43.15	(3.1228070175438596, '0_landmark_decision_tree')
76.23/43.15	(3.1228070175438596, '0_landmark_lda')
76.23/43.15	(3.245614035087719, '0_class_probability_max')
76.23/43.15	(4.473684210526316, '0_landmark_naive_bayes')
76.23/43.15	(6.052631578947368, '1_landmark_lda')
76.23/43.15	(6.280701754385965, '1_landmark_naive_bayes')
76.23/43.15	(8.228070175438596, '0_number_of_features')
76.23/43.15	(10.017543859649123, '1_number_of_features')
76.23/43.15	(10.140350877192983, '0_number_of_numeric_features')
76.23/43.15	(11.24561403508772, '1_number_of_numeric_features')
76.23/43.15	(11.526315789473685, '0_number_of_categorical_features')
76.23/43.15	(11.929824561403509, '1_number_of_categorical_features')
76.23/43.15	(14.350877192982455, '1_number_of_classes')
76.23/43.15	(14.403508771929825, '0_number_of_classes')
76.23/43.15	Result for ParamILS: SAT, 42.273895, 1, 0.284741, -1, /home/feurerm/thesis/Software/pyMetaLearn/optimizers/metalearn_optimizer/learn_distances.py
