0.73/0.98	['/home/feurerm/thesis/Software/pyMetaLearn/optimizers/metalearn_optimizer/learn_distances.py', '--input_file', '/home/feurerm/thesis/experiments/2014_04_25_predict_distances/testfold_0-3_pfahringer_spearman_rank_perm.pkl', '--fold', '0', '--folds', '1', '--params', '-max_features', '0.501767985185', '-min_samples_leaf', '4', '-min_samples_split', '9', '-n_estimators', '11', '-n_jobs', '4', '-seed', '88']
0.73/0.99	Metafeatures (57, 8)
0.73/0.99	X (3192, 16)
0.73/0.99	Y (3192,)
0.73/0.99	Dataset Mae MSE Rho
1.05/1.23	vehicle 0.275977684845 0.0992622948005 0.614309097583
1.33/1.48	anneal.ORIG 0.31386112855 0.13062022187 0.386229132848
1.58/1.73	segment 0.198950101371 0.0539468342667 0.783262670962
1.86/1.98	pendigits 0.296954550061 0.118451430917 0.608603515557
2.12/2.23	mushroom 0.177443107763 0.0410370176296 0.661931232388
2.40/2.48	labor 0.347212440074 0.169397388811 0.226893079087
2.67/2.73	abalone 0.250519233791 0.0832184669869 0.602349383503
2.93/2.98	diabetes 0.500877034329 0.313545714087 0.220752098314
3.22/3.23	car 0.368606908365 0.189573969839 0.244850903141
3.51/3.48	autos 0.252474061754 0.0875830130579 0.531033232108
3.78/3.73	mfeat-fourier 0.584360726318 0.434616449272 -0.357469722892
4.05/3.98	primary-tumor 0.220986780343 0.0634858407371 0.507438937559
4.31/4.22	waveform-5000 0.178836815107 0.0440658636273 0.706003166892
4.59/4.47	credit-a 0.365440070229 0.192518272691 0.457664672347
4.85/4.72	letter 0.229699481384 0.0739543737954 0.584133572607
5.12/4.97	postoperative-patient-data 0.418405483305 0.224460800858 0.167624588031
5.40/5.22	vowel 0.397453139041 0.206029627123 0.453786158174
5.69/5.47	eucalyptus 0.436328184886 0.250676067067 -0.0670713695073
5.95/5.72	cylinder-bands 0.295840309198 0.110249486694 0.557742882336
6.22/5.97	ionosphere 0.405413632863 0.202336573848 0.0851725583863
6.47/6.22	mfeat-karhunen 0.178118034846 0.0466191815629 0.721726845586
6.75/6.47	balance-scale 0.265404933285 0.0991863951752 0.297999172248
7.03/6.72	mfeat-morphological 0.503987661868 0.338389192595 -0.170331414072
7.30/6.97	liver-disorders 0.248502884945 0.0876186803838 0.453535917193
7.56/7.22	dermatology 0.210601655427 0.0583413527921 0.490632042812
7.86/7.47	vote 0.0734823259235 0.00894092889119 0.784429491374
8.12/7.72	breast-cancer 0.164396840035 0.0352263878023 0.328568901707
8.39/7.97	credit-g 0.56480825786 0.437031566197 -0.448614805944
8.67/8.22	soybean 0.145453685855 0.0345631278464 0.626915282696
8.95/8.47	arrhythmia 0.247185449543 0.0830892568345 0.248871326064
9.22/8.72	nursery 0.280844939753 0.101036337017 0.551395431514
9.50/8.98	hepatitis 0.313590860185 0.135080868684 -0.0711060931612
9.78/9.23	cmc 0.292176022519 0.117793849589 0.241295312468
10.04/9.48	heart-c 0.198992741088 0.0561041242659 0.779904558173
10.33/9.73	glass 0.312679004676 0.12416813675 0.444413082257
10.62/9.98	braziltourism 0.478376234449 0.289493564873 0.0754754929154
10.88/10.23	iris 0.304055376027 0.123171939743 0.201860579553
11.15/10.49	heart-statlog 0.222503802724 0.0725450544954 0.749522863822
11.43/10.74	page-blocks 0.324691583068 0.134466971005 0.303356531482
11.72/10.98	breast-w 0.233289531596 0.0728664734032 0.423795857049
12.00/11.23	heart-h 0.181292236823 0.0479165149919 0.564647021603
12.26/11.48	yeast 0.285857126697 0.110680196183 0.584362801979
12.54/11.73	tae 0.385460921458 0.191093588176 -0.0408892927357
12.82/11.99	haberman 0.22716930502 0.0711950137914 0.267154153724
13.09/12.24	mfeat-pixel 0.367524216453 0.169867194256 0.175502766302
13.36/12.49	optdigits 0.169349277986 0.0398619304746 0.764936847898
13.63/12.74	mfeat-factors 0.185087243863 0.0518504936025 0.705243160353
13.89/12.98	satimage 0.231565689182 0.0775634769509 0.594477941353
14.17/13.23	lymph 0.184475837018 0.0525274770608 0.587271687609
14.44/13.48	audiology 0.376248969906 0.198944147388 0.210298542939
14.71/13.73	ecoli 0.399662782184 0.209175208691 0.169860263499
14.97/13.98	tic-tac-toe 0.286258281305 0.116212740382 0.624117572247
15.27/14.23	spambase 0.208189113612 0.0562699423824 0.750815701879
15.54/14.48	zoo 0.102388762011 0.0146559838467 0.831941289986
15.82/14.73	sonar 0.49153866441 0.306273978111 -0.088728149059
16.09/14.98	mfeat-zernike 0.225295469035 0.0770656322122 0.538143841424
16.36/15.23	kr-vs-kp 0.169934510982 0.039640897904 0.703627112781
16.36/15.24	MAE 0.290457563284 0.113020433077
16.36/15.24	MSE 0.129395745865 0.129395745865
16.36/15.24	Mean tau 0.402660867174 0.298434138515
16.36/15.24	(0.7368421052631579, '0_class_probability_max')
16.36/15.24	(0.7368421052631579, '1_class_probability_max')
16.36/15.24	(2.807017543859649, '0_landmark_naive_bayes')
16.36/15.24	(3.0350877192982457, '0_landmark_decision_tree')
16.36/15.24	(3.1052631578947367, '1_landmark_decision_tree')
16.36/15.24	(5.228070175438597, '1_landmark_naive_bayes')
16.36/15.24	(7.719298245614035, '1_landmark_lda')
16.36/15.24	(7.719298245614035, '1_number_of_numeric_features')
16.36/15.24	(8.614035087719298, '0_landmark_lda')
16.36/15.24	(9.508771929824562, '0_number_of_numeric_features')
16.36/15.24	(9.894736842105264, '0_number_of_features')
16.36/15.24	(10.350877192982455, '1_number_of_categorical_features')
16.36/15.24	(10.631578947368421, '1_number_of_features')
16.36/15.24	(11.912280701754385, '0_number_of_categorical_features')
16.36/15.24	(13.75438596491228, '0_number_of_classes')
16.36/15.24	(14.24561403508772, '1_number_of_classes')
16.36/15.24	Result for ParamILS: SAT, 14.261684, 1, 0.290458, -1, /home/feurerm/thesis/Software/pyMetaLearn/optimizers/metalearn_optimizer/learn_distances.py
