0.71/0.99	['/home/feurerm/thesis/Software/pyMetaLearn/optimizers/metalearn_optimizer/learn_distances.py', '--input_file', '/home/feurerm/thesis/experiments/2014_04_25_predict_distances/testfold_0-3_pfahringer_spearman_rank_perm.pkl', '--fold', '0', '--folds', '1', '--params', '-max_features', '0.58213565124', '-min_samples_leaf', '2', '-min_samples_split', '9', '-n_estimators', '27', '-n_jobs', '4', '-seed', '9']
0.71/1.00	Metafeatures (57, 8)
0.71/1.00	X (3192, 16)
0.71/1.00	Y (3192,)
0.71/1.00	Dataset Mae MSE Rho
1.34/1.34	vehicle 0.330257227478 0.134254501017 0.457018253318
1.99/1.69	anneal.ORIG 0.457233298525 0.248603147406 0.461219977005
2.64/2.05	segment 0.173450121361 0.03972764193 0.808993414466
3.28/2.42	pendigits 0.263877573435 0.0913020005595 0.682618494347
3.92/2.78	mushroom 0.153884708716 0.0325675420806 0.696516503465
4.57/3.14	labor 0.324937681151 0.151296417448 0.240791088205
5.26/3.50	abalone 0.237544907213 0.0737166828992 0.680356027747
5.89/3.86	diabetes 0.501852245153 0.319608200801 0.216227165113
6.53/4.22	car 0.365150137245 0.195507386911 0.280222648958
7.16/4.58	autos 0.221654421181 0.0622126427971 0.652560009511
7.80/4.93	mfeat-fourier 0.546276187597 0.389977772565 -0.331612961743
8.41/5.29	primary-tumor 0.215968235861 0.0604814583331 0.526508298907
9.07/5.68	waveform-5000 0.155081675338 0.0370654612826 0.728191035873
9.70/6.03	credit-a 0.356498260649 0.176547554634 0.449261224973
10.36/6.39	letter 0.22153437997 0.0715600640451 0.583069963922
11.00/6.75	postoperative-patient-data 0.439993150821 0.254950615905 0.0824184261641
11.62/7.11	vowel 0.393072264042 0.196077260353 0.469946633893
12.27/7.46	eucalyptus 0.449163015729 0.261100431848 -0.112476911
12.92/7.82	cylinder-bands 0.337776288248 0.147628061633 0.36393391318
13.55/8.18	ionosphere 0.420400208595 0.206703792754 0.0491278461841
14.18/8.53	mfeat-karhunen 0.160088032038 0.0380621556916 0.802529224178
14.86/8.89	balance-scale 0.208272020594 0.0614432081425 0.533295698709
15.50/9.25	mfeat-morphological 0.489328620749 0.315474845987 -0.248224907035
16.12/9.61	liver-disorders 0.301670746858 0.115082853985 0.494510556985
16.76/9.97	dermatology 0.205735155304 0.0542081563194 0.481258966896
17.41/10.33	vote 0.0810626797949 0.011039400207 0.746290768678
18.06/10.70	breast-cancer 0.137497074084 0.0263919164919 0.41500101645
18.73/11.06	credit-g 0.612162047802 0.501604532864 -0.580807497321
19.39/11.42	soybean 0.12521051433 0.0243231397289 0.669043694744
20.04/11.78	arrhythmia 0.271165347461 0.1000755017 0.306079410107
20.69/12.14	nursery 0.257902426196 0.0841692785683 0.620885477103
21.34/12.51	hepatitis 0.231386869123 0.0703189828986 0.45346294866
21.99/12.87	cmc 0.29082018286 0.112180631396 0.223337774429
22.64/13.23	heart-c 0.194760513429 0.0525058797915 0.833234128043
23.31/13.59	glass 0.362802303215 0.162159206078 0.289918934389
23.95/13.95	braziltourism 0.444546390159 0.257891508083 0.0226246660058
24.61/14.31	iris 0.303041346616 0.119709032767 0.297029543705
25.24/14.73	heart-statlog 0.21468685982 0.0650691166123 0.804791690779
25.91/15.09	page-blocks 0.367908517312 0.189341891854 0.266647849354
26.56/15.45	breast-w 0.215110567247 0.0633854388822 0.510347823189
27.22/15.81	heart-h 0.146351368067 0.030008178027 0.703303903267
27.88/16.18	yeast 0.230858744747 0.0687723935762 0.711384141126
28.53/16.54	tae 0.372032505827 0.167712734574 0.147706748067
29.19/16.91	haberman 0.265696407586 0.0920162211219 0.118941101288
29.84/17.27	mfeat-pixel 0.343832266195 0.144506789751 0.228509126659
30.51/17.63	optdigits 0.140639650721 0.0262731514846 0.808023785923
31.15/17.99	mfeat-factors 0.184071422198 0.0473893806305 0.741765835477
31.81/18.35	satimage 0.254216668092 0.0897894656794 0.513256708818
32.44/18.71	lymph 0.198636288343 0.0582272734109 0.497419442614
33.09/19.08	audiology 0.317505354158 0.131499976629 0.294120658076
33.73/19.44	ecoli 0.363799907687 0.172606032279 0.310927552823
34.37/19.80	tic-tac-toe 0.380944072064 0.223556477769 0.166129690386
35.01/20.16	spambase 0.229041625419 0.0651916997707 0.806084528836
35.66/20.51	zoo 0.0858646466694 0.010026148323 0.856182003564
36.29/20.87	sonar 0.496560859004 0.307384595854 -0.0940539686814
36.92/21.23	mfeat-zernike 0.240678001286 0.0839123204205 0.500651537758
37.55/21.58	kr-vs-kp 0.154983747346 0.0309427656287 0.761804825368
37.60/21.60	MAE 0.28853469717 0.120475614745
37.60/21.60	MSE 0.128511244214 0.128511244214
37.60/21.60	Mean tau 0.421022920033 0.314206854288
37.60/21.60	(0.2631578947368421, '1_class_probability_max')
37.60/21.60	(0.7368421052631579, '0_class_probability_max')
37.60/21.60	(3.3508771929824563, '0_landmark_naive_bayes')
37.60/21.60	(3.3684210526315788, '0_landmark_decision_tree')
37.60/21.60	(3.754385964912281, '1_landmark_naive_bayes')
37.60/21.60	(3.807017543859649, '1_landmark_decision_tree')
37.60/21.60	(8.087719298245615, '0_number_of_numeric_features')
37.60/21.60	(8.298245614035087, '1_landmark_lda')
37.60/21.60	(9.0, '1_number_of_numeric_features')
37.60/21.60	(9.543859649122806, '0_landmark_lda')
37.60/21.60	(9.578947368421053, '0_number_of_categorical_features')
37.60/21.60	(9.894736842105264, '1_number_of_features')
37.60/21.60	(10.333333333333334, '1_number_of_categorical_features')
37.60/21.60	(11.052631578947368, '0_number_of_features')
37.60/21.60	(14.421052631578947, '0_number_of_classes')
37.60/21.60	(14.508771929824562, '1_number_of_classes')
37.60/21.60	Result for ParamILS: SAT, 20.608967, 1, 0.288535, -1, /home/feurerm/thesis/Software/pyMetaLearn/optimizers/metalearn_optimizer/learn_distances.py
