0.80/1.01	['/home/feurerm/thesis/Software/pyMetaLearn/optimizers/metalearn_optimizer/learn_distances.py', '--input_file', '/home/feurerm/thesis/experiments/2014_04_25_predict_distances/testfold_0-3_pfahringer_spearman_rank_perm.pkl', '--fold', '0', '--folds', '1', '--params', '-max_features', '0.618411877254', '-min_samples_leaf', '3', '-min_samples_split', '9', '-n_estimators', '35', '-n_jobs', '4', '-seed', '76']
0.80/1.02	Metafeatures (57, 8)
0.80/1.02	X (3192, 16)
0.80/1.02	Y (3192,)
0.80/1.02	Dataset Mae MSE Rho
1.53/1.47	vehicle 0.332987680071 0.135935205011 0.474471567094
2.39/1.84	anneal.ORIG 0.387374381271 0.184390590788 0.467037748263
3.17/2.20	segment 0.176282317016 0.0403372721996 0.826123518727
3.98/2.57	pendigits 0.261133767018 0.089910152608 0.711707350641
4.80/2.93	mushroom 0.165464845568 0.0358297326282 0.698455760552
5.61/3.30	labor 0.32507069044 0.14736146815 0.235296526461
6.40/3.66	abalone 0.231353719514 0.0688608405005 0.691991570264
7.22/4.02	diabetes 0.486325460357 0.302673625181 0.215903955599
8.03/4.39	car 0.330605319187 0.147309561231 0.451200482059
8.83/4.75	autos 0.224178711615 0.0654059138264 0.627026457876
9.66/5.14	mfeat-fourier 0.566900760128 0.419811105254 -0.472855519522
10.45/5.51	primary-tumor 0.237941763463 0.071582536245 0.468977005349
11.30/5.97	waveform-5000 0.177124733724 0.0461598007714 0.729807083445
12.08/6.44	credit-a 0.372090061856 0.196545125319 0.408536826162
12.90/6.80	letter 0.235093689198 0.0778636808167 0.617976591474
13.70/7.17	postoperative-patient-data 0.41448025799 0.22775991521 0.18422942319
14.51/7.53	vowel 0.43445117448 0.241004246738 0.296059915162
15.32/7.91	eucalyptus 0.4352226579 0.249204751935 -0.123789244003
16.15/8.37	cylinder-bands 0.313038660801 0.126659634683 0.459927138947
16.99/8.74	ionosphere 0.403055111467 0.194797420782 0.107305558771
17.78/9.10	mfeat-karhunen 0.15296334728 0.0355820970591 0.798004290977
18.59/9.47	balance-scale 0.238084313798 0.0789762302901 0.458311091375
19.44/9.84	mfeat-morphological 0.494360415134 0.326621099868 -0.291534981961
20.25/10.31	liver-disorders 0.270734328789 0.0971844185483 0.53038681308
21.05/10.68	dermatology 0.205833853247 0.0547248176345 0.484491062039
21.85/11.04	vote 0.0737047630234 0.00966937922114 0.769885063227
22.69/11.51	breast-cancer 0.188643163793 0.0479935516849 0.323209514369
23.52/11.98	credit-g 0.631466715872 0.536577088119 -0.612158820215
24.33/12.35	soybean 0.117496777389 0.0221261201067 0.76051198731
25.14/12.82	arrhythmia 0.271960581212 0.0990242417187 0.237882202576
25.98/13.29	nursery 0.252142589634 0.0813578077512 0.642217305051
26.81/13.77	hepatitis 0.276480691889 0.105495014416 0.200389898909
27.61/14.14	cmc 0.281078124675 0.106231344558 0.307372248165
28.43/14.61	heart-c 0.20575885884 0.0580055714702 0.823214633098
29.27/15.07	glass 0.344984236202 0.143367829295 0.447645177401
30.09/15.44	braziltourism 0.488120527112 0.313903616951 -0.0113123330029
30.97/15.80	iris 0.28851717879 0.106453259939 0.40465831199
31.71/16.17	heart-statlog 0.227578063938 0.0717871038078 0.734332016646
32.54/16.54	page-blocks 0.381395049545 0.197361682705 0.239175040633
33.36/16.91	breast-w 0.213690832453 0.0617105747961 0.511317451732
34.15/17.28	heart-h 0.13669690529 0.0284727519165 0.678739980175
34.96/17.76	yeast 0.259456373175 0.0847739278714 0.718171540928
35.80/18.22	tae 0.348849815901 0.14585152381 0.217196793656
36.61/18.59	haberman 0.286858711173 0.107223607833 0.0235942945489
37.43/18.96	mfeat-pixel 0.380646846993 0.179304866968 0.146413910009
38.22/19.33	optdigits 0.151485282589 0.0305650790015 0.799943548063
39.04/19.69	mfeat-factors 0.183303273742 0.0465857581793 0.744674721106
39.86/20.06	satimage 0.258497413346 0.0902742316 0.474794776608
40.66/20.43	lymph 0.200248093919 0.0591314351006 0.563354183545
41.46/20.79	audiology 0.307773221849 0.127807724172 0.412092130821
42.28/21.17	ecoli 0.398740999943 0.21410545813 0.168068947472
43.10/21.63	tic-tac-toe 0.294431466151 0.129324052401 0.501944375815
43.90/22.00	spambase 0.222068512282 0.0574164286971 0.851657070362
44.73/22.46	zoo 0.093126831973 0.0115962495531 0.849394603762
45.51/22.83	sonar 0.500798122427 0.31089369999 -0.109891234885
46.32/23.29	mfeat-zernike 0.244647796851 0.0864124542856 0.541375936568
47.14/23.65	kr-vs-kp 0.14505628476 0.0276204426029 0.775379624971
47.14/23.68	MAE 0.289962388211 0.118824033299
47.14/23.68	MSE 0.129138861788 0.129138861788
47.14/23.68	Mean tau 0.424391103394 0.327247876446
47.14/23.68	(0.3508771929824561, '1_class_probability_max')
47.14/23.68	(0.6491228070175439, '0_class_probability_max')
47.14/23.68	(2.3684210526315788, '1_landmark_decision_tree')
47.14/23.68	(3.175438596491228, '0_landmark_decision_tree')
47.14/23.68	(3.8421052631578947, '0_landmark_naive_bayes')
47.14/23.68	(4.771929824561403, '1_landmark_naive_bayes')
47.14/23.68	(7.7894736842105265, '0_number_of_numeric_features')
47.14/23.68	(7.894736842105263, '1_number_of_numeric_features')
47.14/23.68	(8.228070175438596, '0_landmark_lda')
47.14/23.68	(10.192982456140351, '1_number_of_categorical_features')
47.14/23.68	(10.210526315789474, '1_landmark_lda')
47.14/23.68	(10.43859649122807, '0_number_of_categorical_features')
47.14/23.68	(10.456140350877194, '1_number_of_features')
47.14/23.68	(10.75438596491228, '0_number_of_features')
47.14/23.68	(14.43859649122807, '0_number_of_classes')
47.14/23.68	(14.43859649122807, '1_number_of_classes')
47.14/23.68	Result for ParamILS: SAT, 22.662467, 1, 0.289962, -1, /home/feurerm/thesis/Software/pyMetaLearn/optimizers/metalearn_optimizer/learn_distances.py
