0.69/0.86	['/home/feurerm/thesis/Software/pyMetaLearn/optimizers/metalearn_optimizer/learn_distances.py', '--input_file', '/home/feurerm/thesis/experiments/2014_04_25_predict_distances/testfold_0-3_pfahringer_spearman_rank_perm.pkl', '--fold', '0', '--folds', '1', '--params', '-max_features', '0.515881447804', '-min_samples_leaf', '8', '-min_samples_split', '8', '-n_estimators', '73', '-n_jobs', '4', '-seed', '90']
0.69/0.87	Metafeatures (57, 8)
0.69/0.87	X (3192, 16)
0.69/0.87	Y (3192,)
0.69/0.87	Dataset Mae MSE Rho
1.88/1.42	vehicle 0.361562800891 0.159414200525 0.31512927651
3.18/2.02	anneal.ORIG 0.442073377347 0.236729019789 0.427929397025
4.52/2.71	segment 0.235025052672 0.0689324964342 0.777642091572
5.82/3.29	pendigits 0.304033044703 0.11571995757 0.655792104655
7.10/3.88	mushroom 0.1925972415 0.0464207203636 0.652560009511
8.43/4.47	labor 0.279758404123 0.109511358517 0.28410116313
9.71/5.16	abalone 0.296587514137 0.112229189998 0.559475669373
11.07/5.76	diabetes 0.511589972907 0.329232918396 0.196511384736
12.37/6.35	car 0.349117911039 0.161293909251 0.361671446579
13.64/6.93	autos 0.229557052313 0.067914985133 0.640278047965
14.96/7.52	mfeat-fourier 0.538946089624 0.376421160313 -0.38171043647
16.29/8.13	primary-tumor 0.232555134894 0.0665000352881 0.503883632901
17.61/8.72	waveform-5000 0.183051645156 0.0479758780546 0.776672463029
18.87/9.30	credit-a 0.371292906766 0.19434306933 0.422758044795
20.15/9.89	letter 0.240279927121 0.0803096291246 0.647711866796
21.43/10.48	postoperative-patient-data 0.422123303271 0.23248669836 0.018422942319
22.80/11.19	vowel 0.445451684196 0.24639396186 0.279253020415
24.15/11.78	eucalyptus 0.397584480192 0.204508070618 0.00711060931612
25.47/12.37	cylinder-bands 0.322073916906 0.128019178634 0.476734033694
26.78/12.95	ionosphere 0.420405456319 0.214990825872 0.0714293026756
28.14/13.64	mfeat-karhunen 0.182880209687 0.0461582353671 0.785075910402
29.50/14.23	balance-scale 0.241708905325 0.0781221895769 0.430191863625
30.73/14.82	mfeat-morphological 0.456908674167 0.275360650688 -0.165806480871
32.04/15.41	liver-disorders 0.266948967939 0.0943321974815 0.551718641028
33.33/16.00	dermatology 0.187010271363 0.0453855642374 0.547193707827
34.70/16.60	vote 0.0776556497377 0.00929146567135 0.792509729233
35.92/17.19	breast-cancer 0.143996321132 0.0287199950603 0.413708178392
37.28/17.91	credit-g 0.618492808003 0.504422525138 -0.684234541919
38.64/18.52	soybean 0.11732793963 0.0216799198507 0.813841557181
39.95/19.11	arrhythmia 0.278460045853 0.106404114145 0.244669602377
41.33/19.72	nursery 0.287777190295 0.103272990625 0.563354183545
42.58/20.32	hepatitis 0.295270408878 0.122339183777 -0.0129283805748
44.01/20.90	cmc 0.261814241705 0.0870506465433 0.359408979978
45.29/21.50	heart-c 0.260280719772 0.0888957111592 0.776026044
46.47/22.09	glass 0.340586566406 0.139660424932 0.456695043803
47.79/22.67	braziltourism 0.470110380525 0.286378487414 0.0423404463823
49.09/23.36	iris 0.299893209687 0.119230319061 0.279899439444
50.41/23.97	heart-statlog 0.263888303597 0.0933070576379 0.743705092563
51.76/24.56	page-blocks 0.373628676696 0.18754070066 0.346480599404
53.05/25.16	breast-w 0.222830256459 0.0692813730385 0.52747792745
54.36/25.75	heart-h 0.187444643459 0.0449600626481 0.684234541919
55.69/26.34	yeast 0.298453601745 0.113103783682 0.599876858669
56.95/26.92	tae 0.359603622819 0.155518792749 0.15093884321
58.26/27.62	haberman 0.272419643576 0.0953763331964 0.0180997328047
59.67/28.20	mfeat-pixel 0.340342782173 0.141193020262 0.232064431317
60.92/28.78	optdigits 0.210039034802 0.0572968572286 0.738533740333
62.24/29.38	mfeat-factors 0.214887725694 0.0632834739851 0.722373264615
63.53/29.97	satimage 0.264375363866 0.0952668867031 0.484814271554
64.80/30.57	lymph 0.195435554454 0.0552442982837 0.546547288798
66.11/31.16	audiology 0.329231106764 0.138096671919 0.306402619622
67.46/31.75	ecoli 0.402792295537 0.208332093123 0.146413910009
68.78/32.35	tic-tac-toe 0.270550210684 0.110530212325 0.692961198807
70.18/32.95	spambase 0.214747779411 0.0574259783315 0.879129879084
71.50/33.66	zoo 0.12002092824 0.0198629395995 0.779258139144
72.84/34.26	sonar 0.518758069146 0.341685986165 -0.179381280475
74.15/34.85	mfeat-zernike 0.26198655106 0.0936614933732 0.477380452723
75.43/35.44	kr-vs-kp 0.204968671228 0.0525933106575 0.652560009511
75.43/35.47	MAE 0.299810425396 0.111166360658
75.43/35.47	MSE 0.132449354557 0.132449354557
75.43/35.47	Mean tau 0.411173535359 0.320915035802
75.43/35.47	(0.0, '1_class_probability_max')
75.43/35.47	(1.0, '0_class_probability_max')
75.43/35.47	(2.245614035087719, '0_landmark_decision_tree')
75.43/35.47	(3.508771929824561, '1_landmark_decision_tree')
75.43/35.47	(4.087719298245614, '1_landmark_naive_bayes')
75.43/35.47	(4.192982456140351, '0_landmark_naive_bayes')
75.43/35.47	(7.824561403508772, '1_landmark_lda')
75.43/35.47	(8.105263157894736, '0_landmark_lda')
75.43/35.47	(8.596491228070175, '0_number_of_numeric_features')
75.43/35.47	(8.789473684210526, '1_number_of_numeric_features')
75.43/35.47	(9.736842105263158, '1_number_of_categorical_features')
75.43/35.47	(10.24561403508772, '0_number_of_categorical_features')
75.43/35.47	(11.052631578947368, '0_number_of_features')
75.43/35.47	(11.614035087719298, '1_number_of_features')
75.43/35.47	(14.368421052631579, '0_number_of_classes')
75.43/35.47	(14.631578947368421, '1_number_of_classes')
75.43/35.47	Result for ParamILS: SAT, 34.610677, 1, 0.299810, -1, /home/feurerm/thesis/Software/pyMetaLearn/optimizers/metalearn_optimizer/learn_distances.py
