0.70/0.97	['/home/feurerm/thesis/Software/pyMetaLearn/optimizers/metalearn_optimizer/learn_distances.py', '--input_file', '/home/feurerm/thesis/experiments/2014_04_25_predict_distances/testfold_0-3_pfahringer_spearman_rank_perm.pkl', '--fold', '0', '--folds', '1', '--params', '-max_features', '0.202277215836', '-min_samples_leaf', '8', '-min_samples_split', '1', '-n_estimators', '4', '-n_jobs', '4', '-seed', '73']
0.70/0.97	Metafeatures (57, 8)
0.70/0.97	X (3192, 16)
0.70/0.97	Y (3192,)
0.70/0.97	Dataset Mae MSE Rho
0.83/1.21	vehicle 0.420916195476 0.23129944738 0.0997823976408
0.95/1.46	anneal.ORIG 0.405561691797 0.238357174748 0.241503129286
1.06/1.70	segment 0.282055204331 0.109282577062 0.538727117146
1.15/1.94	pendigits 0.322325235543 0.139352355118 0.585386038581
1.25/2.18	mushroom 0.223131428185 0.0653430451305 0.553395697673
1.37/2.43	labor 0.472114971072 0.314610220837 0.194562172521
1.46/2.67	abalone 0.370237697424 0.185481724397 0.263193088618
1.58/2.92	diabetes 0.466004747148 0.316066722036 -0.0629098098578
1.70/3.17	car 0.368924597535 0.20534558968 0.206071243708
1.80/3.41	autos 0.266729949693 0.0991710931079 0.325922093652
1.91/3.65	mfeat-fourier 0.559796477468 0.410875759077 -0.379814763546
2.05/3.90	primary-tumor 0.239761714931 0.0736317524591 0.483944090802
2.13/4.14	waveform-5000 0.239379012558 0.0792992594589 0.5418119324
2.23/4.38	credit-a 0.396709913911 0.224947784812 0.29772997416
2.34/4.62	letter 0.281622819557 0.106286622693 0.533467369629
2.46/4.87	postoperative-patient-data 0.442535440947 0.256742187935 -0.110634426669
2.55/5.11	vowel 0.493722278789 0.310549941396 0.0780990848173
2.66/5.36	eucalyptus 0.454993326 0.290299980049 0.116334269905
2.78/5.60	cylinder-bands 0.341886234237 0.14707988565 0.339290270277
2.88/5.85	ionosphere 0.437941527426 0.253343155056 0.0703943953125
2.99/6.09	mfeat-karhunen 0.262787755772 0.0945418663789 0.546370202065
3.11/6.34	balance-scale 0.246934858187 0.0915648831652 0.45046800537
3.22/6.58	mfeat-morphological 0.473042834106 0.296081423707 -0.0726365309185
3.33/6.84	liver-disorders 0.308150170323 0.133761445954 0.220462438535
3.44/7.09	dermatology 0.194122288691 0.0528622785586 0.542004414715
3.55/7.34	vote 0.121188300744 0.0226283167665 0.687253998541
3.67/7.59	breast-cancer 0.324458863032 0.143768145093 0.0148988293824
3.78/7.83	credit-g 0.603776555187 0.515036767426 -0.302541788199
3.89/8.08	soybean 0.15541785484 0.0405531481236 0.645865148644
4.01/8.33	arrhythmia 0.306999547083 0.125038659893 0.0835698283626
4.11/8.57	nursery 0.32906256515 0.138609243961 0.343848408442
4.22/8.81	hepatitis 0.311951900088 0.136850619638 0.0606848235452
4.33/9.06	cmc 0.321507256242 0.134019730608 0.254069296758
4.45/9.30	heart-c 0.307371024387 0.128132233402 0.610823526563
4.54/9.54	glass 0.367873213865 0.173016810067 0.248930075499
4.65/9.79	braziltourism 0.532858708412 0.362259241988 0.0636284954784
4.78/10.04	iris 0.327236748091 0.150410917664 0.0874915350465
4.89/10.29	heart-statlog 0.279365970867 0.10541076452 0.567183291401
5.00/10.53	page-blocks 0.263581220706 0.0948839785467 0.462063821977
5.13/10.78	breast-w 0.227164332057 0.075110615602 0.458333860036
5.22/11.03	heart-h 0.239311219481 0.0918937574017 0.342988551327
5.34/11.28	yeast 0.369817659185 0.180156439881 0.336032504288
5.44/11.52	tae 0.3383020505 0.149304370033 0.136765199963
5.56/11.77	haberman 0.301022588015 0.128833897239 0.0428223985119
5.67/12.01	mfeat-pixel 0.353085620382 0.162939221101 0.150211061647
5.79/12.26	optdigits 0.257311768918 0.09132829848 0.585567986261
5.90/12.51	mfeat-factors 0.282352465832 0.115432336636 0.453254245083
6.01/12.75	satimage 0.323497538145 0.136426071296 0.135728395191
6.12/12.99	lymph 0.16876370191 0.0457646840672 0.663224382537
6.23/13.24	audiology 0.308890885934 0.124054597039 0.304972709061
6.35/13.49	ecoli 0.417288969682 0.229297873424 0.037351736217
6.47/13.73	tic-tac-toe 0.31947187446 0.15091912959 0.406083631242
6.58/13.98	spambase 0.254094252206 0.0926039782185 0.59261520881
6.70/14.23	zoo 0.178313980414 0.045691796533 0.599389558649
6.81/14.48	sonar 0.520989241307 0.356073074035 -0.223265982613
6.94/14.72	mfeat-zernike 0.26264290571 0.0990841081987 0.415920982164
7.06/14.97	kr-vs-kp 0.241721405032 0.076686472821 0.563651821084
7.06/14.97	MAE 0.331369834368 0.103311952271
7.06/14.97	MSE 0.164006973248 0.164006973248
7.06/14.97	Mean tau 0.288286691872 0.255931842279
7.06/14.97	(1.2456140350877194, '1_landmark_naive_bayes')
7.06/14.97	(1.543859649122807, '1_landmark_lda')
7.06/14.97	(1.9298245614035088, '0_class_probability_max')
7.06/14.97	(4.508771929824562, '1_number_of_features')
7.06/14.97	(4.684210526315789, '1_number_of_numeric_features')
7.06/14.97	(5.245614035087719, '1_number_of_categorical_features')
7.06/14.97	(7.12280701754386, '0_landmark_lda')
7.06/14.97	(7.859649122807017, '0_landmark_decision_tree')
7.06/14.97	(8.368421052631579, '1_class_probability_max')
7.06/14.97	(9.350877192982455, '0_landmark_naive_bayes')
7.06/14.97	(9.649122807017545, '1_landmark_decision_tree')
7.06/14.97	(10.298245614035087, '0_number_of_numeric_features')
7.06/14.97	(10.578947368421053, '0_number_of_features')
7.06/14.97	(11.298245614035087, '0_number_of_categorical_features')
7.06/14.97	(12.859649122807017, '1_number_of_classes')
7.06/14.97	(13.456140350877194, '0_number_of_classes')
7.06/14.97	Result for ParamILS: SAT, 14.006953, 1, 0.331370, -1, /home/feurerm/thesis/Software/pyMetaLearn/optimizers/metalearn_optimizer/learn_distances.py
