0.73/0.95	['/home/feurerm/thesis/Software/pyMetaLearn/optimizers/metalearn_optimizer/learn_distances.py', '--input_file', '/home/feurerm/thesis/experiments/2014_04_25_predict_distances/testfold_0-3_pfahringer_spearman_rank_perm.pkl', '--fold', '0', '--folds', '1', '--params', '-max_features', '0.862375615317', '-min_samples_leaf', '4', '-min_samples_split', '5', '-n_estimators', '45', '-n_jobs', '4', '-seed', '50']
0.73/0.95	Metafeatures (57, 8)
0.73/0.95	X (3192, 16)
0.73/0.95	Y (3192,)
0.73/0.95	Dataset Mae MSE Rho
2.02/1.51	vehicle 0.337071843844 0.134731996802 0.380417598412
3.39/2.09	anneal.ORIG 0.473966412552 0.276182772416 0.105689511199
4.74/2.66	segment 0.175685672622 0.0396399376255 0.838082270759
6.11/3.24	pendigits 0.252199950099 0.0830904488062 0.734332016646
7.42/3.82	mushroom 0.183334923052 0.0419936646693 0.648681495339
8.78/4.39	labor 0.323073778841 0.147129871134 0.191986451535
10.13/4.96	abalone 0.225703723734 0.0660561927115 0.724635731215
11.52/5.54	diabetes 0.520770163433 0.336597277579 0.224307402972
12.87/6.12	car 0.399031608953 0.22684191966 0.130899853319
14.22/6.69	autos 0.192360689268 0.0482252980537 0.767622596626
15.54/7.26	mfeat-fourier 0.57126353178 0.425845478386 -0.447645177401
16.90/7.84	primary-tumor 0.221071327989 0.0628470258312 0.519720899105
18.26/8.42	waveform-5000 0.144163742589 0.0309620018241 0.779581348658
19.59/8.99	credit-a 0.364912757012 0.189456938277 0.412738549849
20.91/9.57	letter 0.225123371987 0.0691295778787 0.606017839442
22.28/10.14	postoperative-patient-data 0.451796605908 0.269564211524 0.035876256095
23.59/10.72	vowel 0.402401585477 0.203266589432 0.411768921306
25.01/11.30	eucalyptus 0.442651804896 0.256860138898 -0.105366301684
26.30/11.87	cylinder-bands 0.336503626353 0.137952501639 0.398194121703
27.65/12.45	ionosphere 0.404339794323 0.196606721392 0.103103835084
29.03/13.03	mfeat-karhunen 0.138241720528 0.0294535203404 0.824184261641
30.37/13.61	balance-scale 0.262693081209 0.0916355456594 0.337753942516
31.79/14.20	mfeat-morphological 0.448897686435 0.268161820224 -0.0995485304257
33.07/14.78	liver-disorders 0.310192560311 0.124784303733 0.431807911197
34.46/15.37	dermatology 0.212197159471 0.0571558169656 0.468653795835
35.80/15.94	vote 0.0784193163661 0.0108161471048 0.748876444793
37.17/16.51	breast-cancer 0.171086638184 0.0410838920321 0.352944789691
38.52/17.08	credit-g 0.687489632162 0.633180669775 -0.678416770661
39.88/17.66	soybean 0.130687261876 0.0259489734892 0.704596741325
41.21/18.24	arrhythmia 0.250972826969 0.0877064540625 0.39431560753
42.57/18.82	nursery 0.246795473569 0.0785747615969 0.660963456885
43.94/19.41	hepatitis 0.234602572896 0.0732561156065 0.459280719918
45.28/19.98	cmc 0.255566062038 0.0893222226405 0.340662828145
46.63/20.56	heart-c 0.191987896823 0.0526751437834 0.833234128043
47.99/21.13	glass 0.365716431147 0.162273699434 0.262122916153
49.37/21.71	braziltourism 0.423697271966 0.231976255418 0.0636722743307
50.72/22.29	iris 0.266308243133 0.0935523293011 0.402395845389
52.05/22.87	heart-statlog 0.197397177379 0.0558648360453 0.835819804158
53.44/23.44	page-blocks 0.477155661904 0.302782625196 -0.102457416055
54.79/24.01	breast-w 0.205031514491 0.056279275766 0.630904972048
56.12/24.59	heart-h 0.141735138931 0.0285778071436 0.731746340532
57.48/25.17	yeast 0.233619451976 0.0675330130319 0.740149787905
58.82/25.74	tae 0.403349814917 0.195522019469 0.122496405946
60.28/26.33	haberman 0.271662322623 0.0961875690086 0.0976092733395
61.61/26.91	mfeat-pixel 0.343748126346 0.146378609891 0.249517745093
63.01/27.50	optdigits 0.144271267509 0.0278936470589 0.812871928638
64.38/28.08	mfeat-factors 0.16266034355 0.0385992527258 0.781520605744
65.78/28.67	satimage 0.250084411615 0.0865022099987 0.507762147074
67.15/29.25	lymph 0.224237086714 0.0757109106594 0.415324225964
68.52/29.84	audiology 0.315207891857 0.124286201928 0.329996914171
69.90/30.42	ecoli 0.376095731404 0.181185065373 0.259214030524
71.29/31.00	tic-tac-toe 0.337647945512 0.170721192166 0.370074893953
72.63/31.58	spambase 0.225579758297 0.0582477729948 0.841960784931
73.99/32.15	zoo 0.0944332823056 0.0121162416544 0.858444470164
75.36/32.73	sonar 0.507416628664 0.320824148205 -0.178734861446
76.72/33.30	mfeat-zernike 0.243762242925 0.0842664897689 0.489985623783
78.07/33.88	kr-vs-kp 0.161169187225 0.0340491846228 0.73530164519
78.16/33.91	MAE 0.291916556771 0.127545412795
78.16/33.91	MSE 0.132597654534 0.132597654534
78.16/33.91	Mean tau 0.412239559722 0.339443815694
78.16/33.91	(0.03508771929824561, '1_class_probability_max')
78.16/33.91	(0.9649122807017544, '0_class_probability_max')
78.16/33.91	(3.210526315789474, '0_landmark_decision_tree')
78.16/33.91	(3.280701754385965, '1_landmark_naive_bayes')
78.16/33.91	(3.2982456140350878, '0_landmark_naive_bayes')
78.16/33.91	(5.140350877192983, '1_landmark_decision_tree')
78.16/33.91	(6.719298245614035, '1_number_of_numeric_features')
78.16/33.91	(7.473684210526316, '0_number_of_numeric_features')
78.16/33.91	(8.017543859649123, '1_number_of_categorical_features')
78.16/33.91	(8.771929824561404, '0_number_of_categorical_features')
78.16/33.91	(9.631578947368421, '1_number_of_features')
78.16/33.91	(10.157894736842104, '0_number_of_features')
78.16/33.91	(11.947368421052632, '0_landmark_lda')
78.16/33.91	(12.350877192982455, '1_landmark_lda')
78.16/33.91	(14.491228070175438, '1_number_of_classes')
78.16/33.91	(14.508771929824562, '0_number_of_classes')
78.16/33.91	Result for ParamILS: SAT, 32.959910, 1, 0.291917, -1, /home/feurerm/thesis/Software/pyMetaLearn/optimizers/metalearn_optimizer/learn_distances.py
