0.71/0.99	['/home/feurerm/thesis/Software/pyMetaLearn/optimizers/metalearn_optimizer/learn_distances.py', '--input_file', '/home/feurerm/thesis/experiments/2014_04_25_predict_distances/testfold_0-3_pfahringer_spearman_rank_perm.pkl', '--fold', '0', '--folds', '1', '--params', '-max_features', '0.959106634986', '-min_samples_leaf', '2', '-min_samples_split', '7', '-n_estimators', '7', '-n_jobs', '4', '-seed', '52']
0.71/1.00	Metafeatures (57, 8)
0.71/1.00	X (3192, 16)
0.71/1.00	Y (3192,)
0.71/1.00	Dataset Mae MSE Rho
1.05/1.24	vehicle 0.345655001562 0.161538297511 0.310281133794
1.35/1.49	anneal.ORIG 0.621792871198 0.469328535248 -0.107204333818
1.66/1.74	segment 0.151022721264 0.0314559250993 0.817851653955
1.96/1.99	pendigits 0.250642499805 0.0923499750639 0.664518761543
2.27/2.23	mushroom 0.176479298938 0.0428177161659 0.6284204013
2.56/2.48	labor 0.324535560248 0.155373290623 0.218022355338
2.86/2.72	abalone 0.230540630194 0.0835466067795 0.659668219628
3.18/2.96	diabetes 0.529211939269 0.342052023799 0.23325195808
3.49/3.21	car 0.451225316223 0.293899820835 0.0394379058429
3.80/3.46	autos 0.172198220889 0.0472209410358 0.641027600709
4.11/3.70	mfeat-fourier 0.593292196967 0.460177834748 -0.399227981278
4.40/3.95	primary-tumor 0.207962062592 0.0585036702493 0.528940979826
4.70/4.19	waveform-5000 0.160675713105 0.039251417677 0.717963843255
5.00/4.44	credit-a 0.358582697415 0.185125988601 0.51087373256
5.32/4.68	letter 0.225036595624 0.0746941948248 0.472484735597
5.61/4.93	postoperative-patient-data 0.47871960509 0.29744329482 -0.0105102288056
5.91/5.18	vowel 0.346923140471 0.159337315784 0.508934319466
6.24/5.42	eucalyptus 0.499606389915 0.328519583402 -0.206385876773
6.54/5.75	cylinder-bands 0.34851892441 0.162570427317 0.189900865472
6.84/5.99	ionosphere 0.413550511597 0.199228483286 0.0803240256509
7.14/6.24	mfeat-karhunen 0.167511829829 0.0433770903215 0.754492395388
7.45/6.48	balance-scale 0.236813298261 0.0879119990613 0.406791896505
7.74/6.73	mfeat-morphological 0.476289564309 0.328510612774 -0.0837382113539
8.04/6.97	liver-disorders 0.346110741329 0.158606331592 0.264245034083
8.35/7.22	dermatology 0.206057980103 0.0566328404506 0.490955252327
8.67/7.46	vote 0.10256728318 0.017146367404 0.73552241597
8.97/7.75	breast-cancer 0.155266335956 0.0378500740819 0.32460681158
9.30/8.00	credit-g 0.693629307444 0.648965407255 -0.567116712291
9.59/8.25	soybean 0.186206146594 0.0577550872912 0.460125756596
9.90/8.50	arrhythmia 0.283543526721 0.104462289977 0.266184447177
10.21/8.75	nursery 0.202329385735 0.0582771365028 0.706972951462
10.50/8.99	hepatitis 0.245377498697 0.0817384791947 0.448166042515
10.81/9.24	cmc 0.29756150354 0.122738125455 0.256305144895
11.11/9.53	heart-c 0.162848996956 0.0392478287989 0.809220113549
11.43/9.78	glass 0.320916966847 0.139211722026 0.393539240362
11.73/10.02	braziltourism 0.547794815893 0.387986992409 -0.0872806112917
12.03/10.26	iris 0.290748422249 0.116125306332 0.315554031974
12.34/10.51	heart-statlog 0.189663430231 0.0529937301643 0.787690084354
12.66/10.76	page-blocks 0.587928428868 0.469044376479 -0.402655037587
12.98/11.00	breast-w 0.227668281813 0.0757756041553 0.505783351927
13.28/11.25	heart-h 0.160004099853 0.0418367710346 0.576167306731
13.58/11.49	yeast 0.191089552808 0.053201231711 0.710956516777
13.89/11.74	tae 0.382677903643 0.179103493292 0.190224100988
14.19/11.98	haberman 0.345240485849 0.161932239075 -0.0381571427511
14.51/12.23	mfeat-pixel 0.345504568549 0.152178307036 0.239898659554
14.81/12.47	optdigits 0.129428693183 0.0269775396573 0.801365316267
15.12/12.79	mfeat-factors 0.165331814515 0.044129974632 0.725295589677
15.41/13.03	satimage 0.302444304361 0.138590655585 0.221757404985
15.71/13.27	lymph 0.198305427829 0.0617658323846 0.526916282983
16.01/13.51	audiology 0.344228322226 0.153728566069 0.145790947009
16.30/13.76	ecoli 0.366516693368 0.186538415922 0.302944803238
16.63/14.00	tic-tac-toe 0.312651694473 0.142960781054 0.344786158409
16.90/14.24	spambase 0.22537130151 0.0612486810278 0.782813443802
17.21/14.49	zoo 0.115718270757 0.0189638422741 0.743280068347
17.52/14.73	sonar 0.509217378274 0.333367397067 -0.0156769225113
17.82/14.98	mfeat-zernike 0.284559377011 0.114384377909 0.303816943507
18.12/15.22	kr-vs-kp 0.140683718598 0.0309465681595 0.727544616845
18.12/15.23	MAE 0.304069811371 0.142325666616
18.12/15.23	MSE 0.152116621377 0.152116621377
18.12/15.23	Mean tau 0.36094144848 0.334860076548
18.12/15.23	(0.03508771929824561, '1_class_probability_max')
18.12/15.23	(0.9649122807017544, '0_class_probability_max')
18.12/15.23	(3.543859649122807, '0_landmark_naive_bayes')
18.12/15.23	(3.736842105263158, '1_landmark_naive_bayes')
18.12/15.23	(4.105263157894737, '0_landmark_decision_tree')
18.12/15.23	(6.842105263157895, '1_number_of_numeric_features')
18.12/15.23	(6.87719298245614, '0_number_of_numeric_features')
18.12/15.23	(7.035087719298246, '1_number_of_categorical_features')
18.12/15.23	(8.526315789473685, '1_number_of_features')
18.12/15.23	(8.964912280701755, '0_number_of_features')
18.12/15.23	(9.0, '0_number_of_categorical_features')
18.12/15.23	(9.789473684210526, '1_landmark_decision_tree')
18.12/15.23	(10.964912280701755, '1_landmark_lda')
18.12/15.23	(11.0, '0_landmark_lda')
18.12/15.23	(14.24561403508772, '1_number_of_classes')
18.12/15.23	(14.368421052631579, '0_number_of_classes')
18.12/15.23	Result for ParamILS: SAT, 14.234393, 1, 0.304070, -1, /home/feurerm/thesis/Software/pyMetaLearn/optimizers/metalearn_optimizer/learn_distances.py
