0.79/7.45	['/home/feurerm/thesis/Software/pyMetaLearn/optimizers/metalearn_optimizer/learn_distances.py', '--input_file', '/home/feurerm/thesis/experiments/2014_04_25_predict_distances/testfold_0-3_pfahringer_spearman_rank_perm.pkl', '--fold', '0', '--folds', '1', '--params', '-max_features', '0.823640105837', '-min_samples_leaf', '3', '-min_samples_split', '2', '-n_estimators', '8', '-n_jobs', '4', '-seed', '30']
0.79/7.46	Metafeatures (57, 8)
0.79/7.46	X (3192, 16)
0.79/7.46	Y (3192,)
0.79/7.46	Dataset Mae MSE Rho
1.09/8.10	vehicle 0.331554603201 0.141973112861 0.480366623627
1.40/8.46	anneal.ORIG 0.634317161676 0.479643361244 -0.0695124148304
1.71/8.96	segment 0.132236080181 0.0245574824202 0.836048661352
2.02/9.57	pendigits 0.254391496449 0.0881703347643 0.660317037856
2.34/9.91	mushroom 0.15933650317 0.035478505068 0.659993828342
2.64/10.37	labor 0.355016088129 0.176578451344 0.132515900891
2.96/10.84	abalone 0.222284998655 0.063978877514 0.677986494176
3.27/11.21	diabetes 0.558974444191 0.376499213755 0.237920481151
3.58/11.51	car 0.423138226428 0.262162785269 0.111354635158
3.89/11.78	autos 0.183540993198 0.0485964072413 0.648895297763
4.22/12.07	mfeat-fourier 0.605039877565 0.469332437779 -0.473178729036
4.52/12.52	primary-tumor 0.195126386596 0.0546899520438 0.564970231117
4.83/12.76	waveform-5000 0.135634070459 0.0308508568029 0.749199654307
5.13/13.35	credit-a 0.339737193265 0.166937918743 0.454755786717
5.43/13.80	letter 0.22797124788 0.0768338058091 0.504853261444
5.74/14.32	postoperative-patient-data 0.46199862372 0.282667540659 -0.00549456174427
6.05/14.58	vowel 0.340938308303 0.154355238573 0.520977866175
6.37/14.85	eucalyptus 0.435109710681 0.260185188555 -0.0371690941524
6.69/15.30	cylinder-bands 0.354513882084 0.155886743182 0.266507682693
7.02/15.80	ionosphere 0.421033999122 0.21803740988 0.0429868654111
7.30/16.04	mfeat-karhunen 0.133981059268 0.0288379137749 0.808670204951
7.62/16.36	balance-scale 0.220917715441 0.0676655468993 0.577898611692
7.93/16.63	mfeat-morphological 0.490597139098 0.322433318232 -0.154668194261
8.25/16.89	liver-disorders 0.33535952281 0.147826580652 0.353914418234
8.55/17.16	dermatology 0.210147359447 0.0581646992181 0.472085470676
8.85/17.41	vote 0.0956223010821 0.0157280557263 0.712895929871
9.17/17.66	breast-cancer 0.180207901717 0.0467397935532 0.34182155785
9.49/17.91	credit-g 0.727150206187 0.728350982795 -0.552894349601
9.81/18.43	soybean 0.147653994482 0.0345035776174 0.633167438649
10.11/18.68	arrhythmia 0.281741148712 0.105824676213 0.0446029129829
10.42/19.31	nursery 0.25676085635 0.0852202989348 0.59923043964
10.75/19.57	hepatitis 0.22204290958 0.0707955371105 0.594914966641
11.08/19.83	cmc 0.298662704525 0.121613232384 0.236266155004
11.39/20.18	heart-c 0.191472380968 0.0518971960611 0.82483068067
11.69/20.57	glass 0.333609356824 0.139164058678 0.364448043949
12.01/20.98	braziltourism 0.424428422366 0.231817570703 0.0252103421208
12.33/21.34	iris 0.264885005528 0.0912107474703 0.404335102476
12.65/21.73	heart-statlog 0.233067677934 0.0885923267344 0.702980693753
12.96/22.00	page-blocks 0.412765344306 0.226076455103 0.0235980912011
13.28/22.31	breast-w 0.220427409626 0.0712557027541 0.510671032703
13.60/22.58	heart-h 0.164369783562 0.0436829498615 0.601702912471
13.91/22.87	yeast 0.245156383984 0.0853827716003 0.629288924477
14.22/23.29	tae 0.387551337128 0.177610115982 0.243234725562
14.52/23.53	haberman 0.277703615606 0.0985337236453 0.105230093354
14.86/23.99	mfeat-pixel 0.392389140776 0.190571318911 0.177118813874
15.15/24.29	optdigits 0.128328219188 0.0236400131566 0.808993414466
15.47/24.73	mfeat-factors 0.212800517042 0.0650805704891 0.666673251126
15.78/24.99	satimage 0.304485274209 0.128011514528 0.298968800791
16.09/25.80	lymph 0.26404060602 0.108443452957 0.346993326101
16.42/26.90	audiology 0.293099020799 0.109869663491 0.388174626757
16.72/27.15	ecoli 0.42286688438 0.239463841263 0.0315154627805
17.02/27.69	tic-tac-toe 0.319178121264 0.173104393833 0.215903955599
17.36/28.24	spambase 0.216769937049 0.0576514872238 0.741885195979
17.68/28.82	zoo 0.116498085319 0.0191302275581 0.784429491374
17.99/29.26	sonar 0.523311073905 0.352077558204 -0.168244085921
18.31/29.65	mfeat-zernike 0.249662082568 0.0950867341441 0.413384968878
18.63/30.20	kr-vs-kp 0.121338037544 0.0215673230829 0.797034662434
18.63/30.21	MAE 0.29987618301 0.138213598679
18.63/30.21	MSE 0.14543932551 0.14543932551
18.63/30.21	Mean tau 0.378430940311 0.326715418243
18.63/30.21	(0.24561403508771928, '1_class_probability_max')
18.63/30.21	(0.7543859649122807, '0_class_probability_max')
18.63/30.21	(3.3333333333333335, '0_landmark_naive_bayes')
18.63/30.21	(4.526315789473684, '1_landmark_naive_bayes')
18.63/30.21	(5.350877192982456, '0_landmark_decision_tree')
18.63/30.21	(5.614035087719298, '1_number_of_numeric_features')
18.63/30.21	(7.12280701754386, '0_number_of_numeric_features')
18.63/30.21	(7.5964912280701755, '0_number_of_categorical_features')
18.63/30.21	(8.368421052631579, '1_number_of_categorical_features')
18.63/30.21	(8.385964912280702, '1_landmark_decision_tree')
18.63/30.21	(8.456140350877194, '1_number_of_features')
18.63/30.21	(8.736842105263158, '0_number_of_features')
18.63/30.21	(11.280701754385966, '0_landmark_lda')
18.63/30.21	(11.43859649122807, '1_landmark_lda')
18.63/30.21	(14.298245614035087, '0_number_of_classes')
18.63/30.21	(14.491228070175438, '1_number_of_classes')
18.63/30.21	Result for ParamILS: SAT, 22.756772, 1, 0.299876, -1, /home/feurerm/thesis/Software/pyMetaLearn/optimizers/metalearn_optimizer/learn_distances.py
