0.80/1.01	['/home/feurerm/thesis/Software/pyMetaLearn/optimizers/metalearn_optimizer/learn_distances.py', '--input_file', '/home/feurerm/thesis/experiments/2014_04_25_predict_distances/testfold_0-3_pfahringer_spearman_rank_perm.pkl', '--fold', '0', '--folds', '1', '--params', '-max_features', '0.903382162757', '-min_samples_leaf', '2', '-min_samples_split', '8', '-n_estimators', '20', '-n_jobs', '4', '-seed', '36']
0.80/1.02	Metafeatures (57, 8)
0.80/1.02	X (3192, 16)
0.80/1.02	Y (3192,)
0.80/1.02	Dataset Mae MSE Rho
1.44/1.36	vehicle 0.37716127934 0.172647217116 0.254042678294
2.15/1.71	anneal.ORIG 0.550059377329 0.363843292765 -0.0155140566897
2.86/2.07	segment 0.134563692736 0.0243394653174 0.855535584535
3.54/2.42	pendigits 0.265310967328 0.0950812383102 0.726574988302
4.24/2.77	mushroom 0.170594180264 0.0376901646796 0.679386399204
4.94/3.13	labor 0.344582926392 0.161563087595 0.164365259732
5.65/3.48	abalone 0.184422293612 0.0436391426546 0.774733205943
6.36/3.84	diabetes 0.517953445224 0.334898744849 0.237882202576
7.06/4.19	car 0.394859025161 0.21274008471 0.177941151392
7.76/4.55	autos 0.219207422925 0.0643288780335 0.648681495339
8.47/4.90	mfeat-fourier 0.589157893139 0.453612698564 -0.48675352864
9.17/5.26	primary-tumor 0.203697745621 0.054171570307 0.592443039838
9.86/5.63	waveform-5000 0.139273773899 0.0318101464393 0.757603101681
10.57/5.99	credit-a 0.366297659721 0.193707560367 0.416617064022
11.27/6.34	letter 0.23403781381 0.0722745729801 0.595675134982
12.01/6.70	postoperative-patient-data 0.434107999636 0.243955625582 0.0808023785923
12.66/7.05	vowel 0.359097704715 0.160121957393 0.545254450741
13.39/7.41	eucalyptus 0.442806491314 0.258549815858 -0.0804791690779
14.10/7.77	cylinder-bands 0.319200955541 0.128199954761 0.442797034686
14.81/8.12	ionosphere 0.405977558837 0.198248590052 0.0704596741325
15.51/8.48	mfeat-karhunen 0.129627911841 0.0274417948076 0.808670204951
16.18/8.84	balance-scale 0.228071357483 0.0747219065321 0.491278461841
16.90/9.19	mfeat-morphological 0.492821165697 0.324899856945 -0.207823717739
17.59/9.55	liver-disorders 0.31910184632 0.131293366337 0.427282977996
18.30/9.91	dermatology 0.216688147392 0.0603870422217 0.456371834289
18.98/10.27	vote 0.0835227540878 0.0129729586017 0.738210530819
19.69/10.62	breast-cancer 0.159485279533 0.0383154701627 0.39205314093
20.39/10.98	credit-g 0.733514727077 0.718075651121 -0.715262655299
21.07/11.33	soybean 0.121101415267 0.0215223721864 0.736917692761
21.76/11.68	arrhythmia 0.248768376757 0.0836802308209 0.442545025401
22.46/12.04	nursery 0.246270792104 0.0792477669477 0.646742238252
23.16/12.39	hepatitis 0.224594598278 0.0752017532369 0.575636145091
23.86/12.75	cmc 0.278821520219 0.108074084117 0.242083926262
24.61/13.10	heart-c 0.189121343943 0.0528031206749 0.842930413474
25.25/13.46	glass 0.346644015544 0.147896245646 0.357792932407
25.96/13.81	braziltourism 0.442854609875 0.247981674654 0.0353942889689
26.66/14.17	iris 0.284171230729 0.102840267508 0.369751684438
27.35/14.52	heart-statlog 0.170389689709 0.0412075018245 0.796388243405
28.06/14.87	page-blocks 0.425359367645 0.240091921597 -0.0109891234885
28.76/15.23	breast-w 0.216090841505 0.0628213404074 0.559475669373
29.47/15.58	heart-h 0.149032008934 0.0329340934314 0.686820218034
30.17/15.93	yeast 0.242095072959 0.0793783569778 0.651157946373
30.86/16.29	tae 0.377933022859 0.176115768698 0.191016822992
31.56/16.65	haberman 0.27927716557 0.105947632569 0.048158217641
32.31/17.00	mfeat-pixel 0.361822378385 0.162967948388 0.206530879682
32.97/17.35	optdigits 0.134402842692 0.0248432105678 0.816750442811
33.69/17.71	mfeat-factors 0.197134987038 0.0559310078119 0.716232283842
34.36/18.64	satimage 0.24739939261 0.0877476644235 0.468653795835
35.11/19.00	lymph 0.233330814956 0.0865688014923 0.42243483528
35.80/19.35	audiology 0.323673639985 0.131773728805 0.2766673443
36.51/19.71	ecoli 0.39710024874 0.204981744329 0.180350909018
37.22/20.07	tic-tac-toe 0.316561934842 0.151909806174 0.419202740137
37.92/20.43	spambase 0.230951460283 0.0618752168938 0.820305747469
38.60/20.79	zoo 0.0892645677781 0.0109906725718 0.879776298113
39.30/21.14	sonar 0.49748092944 0.311033674201 -0.0927611306239
40.05/21.50	mfeat-zernike 0.258249711249 0.0960905144433 0.406597569076
40.72/21.86	kr-vs-kp 0.137394075807 0.0254870397086 0.782490234287
40.72/21.87	MAE 0.292675358801 0.134420405139
40.72/21.87	MSE 0.136201351161 0.136201351161
40.72/21.87	Mean tau 0.408840055403 0.342345194829
40.72/21.87	(0.38596491228070173, '0_class_probability_max')
40.72/21.87	(0.6140350877192983, '1_class_probability_max')
40.72/21.87	(3.0350877192982457, '0_landmark_naive_bayes')
40.72/21.87	(3.087719298245614, '1_landmark_naive_bayes')
40.72/21.87	(4.701754385964913, '1_landmark_decision_tree')
40.72/21.87	(6.12280701754386, '0_number_of_numeric_features')
40.72/21.87	(6.614035087719298, '1_number_of_numeric_features')
40.72/21.87	(7.456140350877193, '0_landmark_decision_tree')
40.72/21.87	(7.771929824561403, '0_number_of_categorical_features')
40.72/21.87	(8.421052631578947, '1_number_of_categorical_features')
40.72/21.87	(9.298245614035087, '0_number_of_features')
40.72/21.87	(9.87719298245614, '1_number_of_features')
40.72/21.87	(11.649122807017545, '0_landmark_lda')
40.72/21.87	(12.070175438596491, '1_landmark_lda')
40.72/21.87	(14.350877192982455, '1_number_of_classes')
40.72/21.87	(14.543859649122806, '0_number_of_classes')
40.72/21.87	Result for ParamILS: SAT, 20.860655, 1, 0.292675, -1, /home/feurerm/thesis/Software/pyMetaLearn/optimizers/metalearn_optimizer/learn_distances.py
