0.74/2.95	['/home/feurerm/thesis/Software/pyMetaLearn/optimizers/metalearn_optimizer/learn_distances.py', '--input_file', '/home/feurerm/thesis/experiments/2014_04_25_predict_distances/testfold_0-3_pfahringer_spearman_rank_perm.pkl', '--fold', '0', '--folds', '1', '--params', '-max_features', '0.501448100968', '-min_samples_leaf', '8', '-min_samples_split', '7', '-n_estimators', '26', '-n_jobs', '4', '-seed', '98']
0.74/2.96	Metafeatures (57, 8)
0.74/2.96	X (3192, 16)
0.74/2.96	Y (3192,)
0.74/2.96	Dataset Mae MSE Rho
1.21/3.33	vehicle 0.326694837078 0.130077411822 0.492571299898
1.73/4.00	anneal.ORIG 0.389507591776 0.193293434872 0.40982966422
2.23/4.39	segment 0.228344192436 0.0665567648699 0.756310263624
2.74/4.85	pendigits 0.298277854537 0.113132527253 0.651590380968
3.24/5.32	mushroom 0.203687019036 0.0516900249655 0.627996086419
3.79/5.70	labor 0.284502069102 0.111673575985 0.346993326101
4.24/6.41	abalone 0.281260124468 0.102191227476 0.583716382951
4.76/6.81	diabetes 0.501092165771 0.322634367053 0.191663242021
5.26/7.19	car 0.346496692847 0.169183419836 0.370721312981
5.78/7.66	autos 0.209711777725 0.0575318040152 0.666026780095
6.30/8.41	mfeat-fourier 0.550109559934 0.396498440824 -0.374599827154
6.83/8.77	primary-tumor 0.225352599609 0.064050245379 0.499035490186
7.37/9.38	waveform-5000 0.198675455062 0.0560173905396 0.712676979184
7.89/9.78	credit-a 0.368960772484 0.193942768957 0.421141997223
8.42/10.16	letter 0.231330162058 0.0790076084723 0.564000602574
8.95/10.81	postoperative-patient-data 0.426642485302 0.234667716773 0.00614098077301
9.46/11.21	vowel 0.465897529368 0.267792309718 0.155786985926
9.99/11.74	eucalyptus 0.41676852951 0.232682447243 -0.0533295698709
10.50/12.11	cylinder-bands 0.34302230526 0.151337611558 0.396901283645
11.03/12.56	ionosphere 0.425365910859 0.217144382843 -0.0109891234885
11.56/12.97	mfeat-karhunen 0.182925985402 0.0456810981625 0.768269015655
12.07/13.39	balance-scale 0.237390812331 0.0751747312397 0.452816529631
12.62/13.88	mfeat-morphological 0.465253096157 0.285447275901 -0.275374506242
13.12/14.49	liver-disorders 0.260036023369 0.0927712646075 0.342925294746
13.66/15.01	dermatology 0.20249445928 0.0543202144378 0.501297956786
14.24/15.40	vote 0.0840639027258 0.0105375846321 0.778611720115
14.70/15.89	breast-cancer 0.159803000951 0.0351740633839 0.366842798809
15.24/16.37	credit-g 0.613528824607 0.492794007385 -0.533618908223
15.76/16.74	soybean 0.133442727428 0.0277903812184 0.768269015655
16.28/17.11	arrhythmia 0.269666379289 0.103082402717 0.254042678294
16.78/17.49	nursery 0.295648954618 0.111219507444 0.519074480077
17.30/17.89	hepatitis 0.29832311724 0.129515716855 -0.0387851417243
17.80/18.47	cmc 0.231928226565 0.0706962055046 0.384619322099
18.32/19.35	heart-c 0.268771700959 0.0938817190742 0.72495894073
18.85/19.85	glass 0.367148994356 0.164605153577 0.255335516352
19.37/20.37	braziltourism 0.406686833502 0.212100763231 0.133808738949
19.91/20.92	iris 0.276331938764 0.10336453584 0.376215874726
20.44/21.66	heart-statlog 0.290907071584 0.114699750505 0.678416770661
20.97/22.01	page-blocks 0.384160024417 0.198785928008 0.288949305846
21.49/22.63	breast-w 0.220613603013 0.0667464956513 0.477057243209
22.02/23.01	heart-h 0.189843935348 0.0490846803412 0.570141583347
22.58/23.40	yeast 0.298090321346 0.112547267546 0.595351925468
23.05/23.77	tae 0.351218579829 0.153411444012 0.151585262239
23.61/29.34	haberman 0.273768377534 0.0994405153205 0.00484814271554
24.14/29.70	mfeat-pixel 0.352092751199 0.155286366601 0.208146927254
24.67/30.06	optdigits 0.217446172497 0.0601421730276 0.720757217043
25.19/30.42	mfeat-factors 0.227789420168 0.0696962178582 0.666134809115
25.69/30.80	satimage 0.268639485663 0.098314129078 0.441180987114
26.22/31.24	lymph 0.216711943786 0.067775045086 0.486430319125
26.73/31.66	audiology 0.360656132548 0.171577023516 0.195218546679
27.26/32.19	ecoli 0.403177326868 0.209487355259 0.145444281466
27.78/32.54	tic-tac-toe 0.331361082176 0.158318335437 0.470916262436
28.30/33.08	spambase 0.202246441952 0.0519610945623 0.825153890184
28.82/33.45	zoo 0.130311249147 0.0226226481047 0.772147529828
29.34/33.81	sonar 0.493702598449 0.303985071559 -0.0785399119917
29.87/34.19	mfeat-zernike 0.253483027205 0.0878957545692 0.488247246461
30.37/34.78	kr-vs-kp 0.203919759428 0.0523183893041 0.658700990284
30.45/34.80	MAE 0.300794454665 0.10781680707
30.45/34.80	MSE 0.133743119141 0.133743119141
30.45/34.80	Mean tau 0.385259354266 0.303065265266
30.45/34.80	(0.22807017543859648, '1_class_probability_max')
30.45/34.80	(0.7894736842105263, '0_class_probability_max')
30.45/34.80	(2.6315789473684212, '0_landmark_decision_tree')
30.45/34.80	(3.263157894736842, '1_landmark_decision_tree')
30.45/34.80	(3.6315789473684212, '0_landmark_naive_bayes')
30.45/34.80	(4.543859649122807, '1_landmark_naive_bayes')
30.45/34.80	(8.070175438596491, '1_number_of_numeric_features')
30.45/34.80	(8.368421052631579, '0_number_of_numeric_features')
30.45/34.80	(9.298245614035087, '1_landmark_lda')
30.45/34.80	(9.333333333333334, '1_number_of_categorical_features')
30.45/34.80	(9.68421052631579, '0_number_of_features')
30.45/34.80	(10.0, '1_number_of_features')
30.45/34.80	(10.175438596491228, '0_number_of_categorical_features')
30.45/34.80	(11.052631578947368, '0_landmark_lda')
30.45/34.80	(14.350877192982455, '0_number_of_classes')
30.45/34.80	(14.578947368421053, '1_number_of_classes')
30.45/34.80	Result for ParamILS: SAT, 31.846947, 1, 0.300794, -1, /home/feurerm/thesis/Software/pyMetaLearn/optimizers/metalearn_optimizer/learn_distances.py
