0.70/1.00	['/home/feurerm/thesis/Software/pyMetaLearn/optimizers/metalearn_optimizer/learn_distances.py', '--input_file', '/home/feurerm/thesis/experiments/2014_04_25_predict_distances/testfold_0-3_pfahringer_spearman_rank_perm.pkl', '--fold', '0', '--folds', '1', '--params', '-max_features', '0.160109225543', '-min_samples_leaf', '2', '-min_samples_split', '6', '-n_estimators', '85', '-n_jobs', '4', '-seed', '7']
0.78/1.00	Metafeatures (57, 8)
0.78/1.00	X (3192, 16)
0.78/1.00	Y (3192,)
0.78/1.00	Dataset Mae MSE Rho
1.40/1.56	vehicle 0.353324177588 0.156886260011 0.344864551832
2.25/2.05	anneal.ORIG 0.247772228237 0.0829644510593 0.638015581365
3.06/2.57	segment 0.225497753356 0.0642582014748 0.795741824377
3.87/3.08	pendigits 0.288993761622 0.106106971534 0.693607617836
4.67/3.68	mushroom 0.186113388595 0.0433827649017 0.672922208916
5.49/4.30	labor 0.30718848089 0.125731470995 0.371690941524
6.33/4.82	abalone 0.279356296633 0.102598278026 0.583069963922
7.27/5.44	diabetes 0.468400713155 0.299900047304 0.0662579504457
8.02/6.04	car 0.341242719077 0.166762104311 0.469300214864
8.92/6.65	autos 0.242926999017 0.0779867897156 0.620239058074
9.70/7.28	mfeat-fourier 0.55954824748 0.404108456022 -0.408213616648
10.55/7.91	primary-tumor 0.22683571576 0.0636746177646 0.563354183545
11.39/8.53	waveform-5000 0.235695777657 0.076564766666 0.595675134982
12.21/9.15	credit-a 0.361330382265 0.181356502688 0.43794889197
13.05/9.77	letter 0.246673787226 0.0835296130893 0.680679237261
13.86/10.29	postoperative-patient-data 0.421851724281 0.216198911405 -0.273112039642
14.67/10.90	vowel 0.456039411443 0.258155445293 0.189077565906
15.50/11.41	eucalyptus 0.401034602765 0.207869266327 0.0407243988105
16.42/12.03	cylinder-bands 0.355169739744 0.161134482375 0.264385382754
17.19/12.66	ionosphere 0.425684568465 0.220092439334 0.0219782469771
18.10/13.28	mfeat-karhunen 0.174101428274 0.0427059725124 0.823214633098
18.85/13.81	balance-scale 0.218535891609 0.0685473837051 0.616037334387
19.67/14.42	mfeat-morphological 0.504319471305 0.331978086002 -0.301877686421
20.48/14.93	liver-disorders 0.319573232214 0.128989417718 0.591150201781
21.34/15.55	dermatology 0.206232976466 0.056075194398 0.513579918332
22.16/16.07	vote 0.0758938724509 0.00922629463184 0.814164766696
22.99/16.68	breast-cancer 0.277894059236 0.0973975342817 0.0643186933594
23.92/17.20	credit-g 0.524190192852 0.36497342383 -0.521336946677
24.62/17.82	soybean 0.121383661333 0.0225518943573 0.78119739623
25.46/18.42	arrhythmia 0.277816495179 0.105320221015 0.160958338156
26.29/19.06	nursery 0.277464348729 0.0951587272104 0.596644763525
27.17/19.69	hepatitis 0.398468172311 0.228279130646 -0.649327914367
28.02/20.32	cmc 0.340773068562 0.136251680364 0.280222648958
28.94/20.93	heart-c 0.25124512131 0.0839510184199 0.833557337558
29.67/21.54	glass 0.3713517582 0.169046448101 0.24337676432
30.50/22.15	braziltourism 0.516614135597 0.3444278872 -0.151262052725
31.35/22.71	iris 0.307104363121 0.120892862892 0.270849573041
32.17/23.31	heart-statlog 0.291921647639 0.119124760996 0.754371006537
32.96/23.93	page-blocks 0.319147714194 0.144390614011 0.411122502277
33.85/24.55	breast-w 0.225552995608 0.07065342397 0.470916262436
34.70/25.17	heart-h 0.176273529355 0.0397920288426 0.648681495339
35.53/25.79	yeast 0.308597280206 0.122253140523 0.586302059065
36.44/26.41	tae 0.290852941665 0.107905317244 0.179381280475
37.16/26.93	haberman 0.258672441272 0.0946922534853 0.316422114567
38.05/27.56	mfeat-pixel 0.332358725325 0.13405911925 0.251457002179
38.80/28.17	optdigits 0.180043630774 0.0408763476871 0.789600843604
39.60/28.78	mfeat-factors 0.205868306464 0.0578340709862 0.735948064218
40.42/29.39	satimage 0.288149063526 0.108122121471 0.352621580177
41.28/30.03	lymph 0.183574361055 0.0480486951079 0.7197875885
42.09/30.55	audiology 0.327575382567 0.139666542361 0.332582590286
42.91/31.16	ecoli 0.404006835709 0.206996861564 0.151908471753
43.71/31.77	tic-tac-toe 0.311574657257 0.146803670483 0.469623424378
44.57/32.39	spambase 0.227311503168 0.0706546251694 0.716232283842
45.45/33.01	zoo 0.124170698599 0.0197525897639 0.764713710997
46.23/33.66	sonar 0.488359374724 0.297162548907 -0.105366301684
47.10/34.27	mfeat-zernike 0.292854531407 0.114357938506 0.321270257283
47.92/34.90	kr-vs-kp 0.173041160231 0.0384766505425 0.717848331414
47.92/34.96	MAE 0.301816657978 0.106236115201
47.92/34.96	MSE 0.133801023482 0.133801023482
47.92/34.96	Mean tau 0.384545607649 0.357379273167
47.92/34.96	(0.017543859649122806, '0_landmark_decision_tree')
47.92/34.96	(1.9298245614035088, '1_landmark_naive_bayes')
47.92/34.96	(2.456140350877193, '1_landmark_decision_tree')
47.92/34.96	(3.3157894736842106, '0_class_probability_max')
47.92/34.96	(3.6666666666666665, '0_landmark_naive_bayes')
47.92/34.96	(3.8596491228070176, '1_class_probability_max')
47.92/34.96	(6.105263157894737, '1_landmark_lda')
47.92/34.96	(8.280701754385966, '1_number_of_categorical_features')
47.92/34.96	(9.017543859649123, '0_number_of_features')
47.92/34.96	(9.24561403508772, '0_number_of_categorical_features')
47.92/34.96	(9.842105263157896, '1_number_of_features')
47.92/34.96	(10.964912280701755, '1_number_of_numeric_features')
47.92/34.96	(11.263157894736842, '0_landmark_lda')
47.92/34.96	(12.24561403508772, '0_number_of_numeric_features')
47.92/34.96	(12.947368421052632, '1_number_of_classes')
47.92/34.96	(14.842105263157896, '0_number_of_classes')
47.92/34.96	Result for ParamILS: SAT, 33.960378, 1, 0.301817, -1, /home/feurerm/thesis/Software/pyMetaLearn/optimizers/metalearn_optimizer/learn_distances.py
