0.80/1.01	['/home/feurerm/thesis/Software/pyMetaLearn/optimizers/metalearn_optimizer/learn_distances.py', '--input_file', '/home/feurerm/thesis/experiments/2014_04_25_predict_distances/testfold_0-3_pfahringer_spearman_rank_perm.pkl', '--fold', '0', '--folds', '1', '--params', '-max_features', '0.907713862047', '-min_samples_leaf', '10', '-min_samples_split', '7', '-n_estimators', '15', '-n_jobs', '4', '-seed', '59']
0.80/1.02	Metafeatures (57, 8)
0.80/1.02	X (3192, 16)
0.80/1.02	Y (3192,)
0.80/1.02	Dataset Mae MSE Rho
1.22/1.37	vehicle 0.34659409059 0.149322829144 0.403042264418
1.68/1.72	anneal.ORIG 0.477205642386 0.286429880907 -0.0868866522103
2.15/2.07	segment 0.208000159492 0.0571837110213 0.753522610818
2.60/2.46	pendigits 0.281246403846 0.101089222787 0.65546889514
3.07/2.82	mushroom 0.206069774714 0.0537914793069 0.620239058074
3.53/3.17	labor 0.331387260453 0.153862089707 0.193133220629
3.99/3.52	abalone 0.308571833977 0.120890628559 0.552130681801
4.48/3.87	diabetes 0.515410608168 0.325222626565 0.276204748164
4.93/4.22	car 0.359287286749 0.16677835564 0.207846099426
5.38/4.57	autos 0.231973255836 0.0703567012882 0.619269429531
5.86/4.92	mfeat-fourier 0.516861830194 0.352294244726 -0.267294268383
6.34/5.28	primary-tumor 0.239125943636 0.0747343412951 0.45753987247
6.81/5.63	waveform-5000 0.171095380758 0.0458165660538 0.737359534653
7.27/5.98	credit-a 0.370243666274 0.19830126344 0.386558579185
7.72/6.34	letter 0.240587645073 0.0812692231499 0.54998522996
8.20/6.69	postoperative-patient-data 0.436665977199 0.26433716146 0.0299426769151
8.67/7.05	vowel 0.43803601126 0.240159540862 0.348665608855
9.14/7.39	eucalyptus 0.472996127363 0.311302804094 -0.134131948463
9.61/7.75	cylinder-bands 0.34192214236 0.143361516189 0.329996914171
10.09/8.10	ionosphere 0.43997320034 0.238785472019 -0.0279598721078
10.57/8.46	mfeat-karhunen 0.195004019893 0.0538609724853 0.695764447539
11.02/8.81	balance-scale 0.294072774712 0.108888729966 0.159342290584
11.48/9.16	mfeat-morphological 0.466635675628 0.295809135433 -0.149694177053
11.94/9.51	liver-disorders 0.281420831068 0.104577053605 0.354427742962
12.41/9.86	dermatology 0.202468546889 0.0545381545004 0.499237253995
12.88/10.22	vote 0.0836056226439 0.0103632936771 0.765036920512
13.34/10.57	breast-cancer 0.139404465337 0.0300419199428 0.356424509748
13.82/10.93	credit-g 0.692452115714 0.63395296675 -0.645553262035
14.30/11.29	soybean 0.131863799621 0.025072489394 0.760835196825
14.75/11.63	arrhythmia 0.248503206635 0.0882328867164 0.348342321318
15.23/11.99	nursery 0.295087759583 0.111108461465 0.520894033547
15.70/12.34	hepatitis 0.273953841988 0.112006429111 0.341931609868
16.16/12.69	cmc 0.269729044977 0.0943641903856 0.322291738733
16.61/13.04	heart-c 0.266142871663 0.0958097996745 0.720110798014
17.14/13.40	glass 0.396412298662 0.193955498668 0.117343932959
17.58/13.75	braziltourism 0.471398537749 0.287560661155 0.146287610577
18.06/14.11	iris 0.309893560488 0.127884047048 0.258609218642
18.54/14.47	heart-statlog 0.231231604281 0.070523176238 0.771525707494
19.02/14.83	page-blocks 0.401124994897 0.217500614036 0.0310581067295
19.51/15.22	breast-w 0.228468611837 0.0693538068876 0.48307547821
19.98/15.57	heart-h 0.18189427831 0.0459740476536 0.624763991275
20.43/15.92	yeast 0.331007280991 0.137178218703 0.481860074176
20.91/16.29	tae 0.355375256467 0.152106806831 0.236770015249
21.38/16.64	haberman 0.294691156258 0.118601162149 -0.0578545030721
21.86/17.09	mfeat-pixel 0.375419082052 0.179186674258 0.143828233894
22.33/17.44	optdigits 0.221852011014 0.0615098272324 0.694254036865
22.84/17.80	mfeat-factors 0.240802317731 0.077818545122 0.62206674996
23.28/18.15	satimage 0.274898178579 0.107022656687 0.427929397025
23.73/18.51	lymph 0.22671178162 0.0764519642348 0.406662996314
24.20/18.86	audiology 0.312919586536 0.130577947676 0.411963664757
24.68/19.21	ecoli 0.431769408665 0.248439817805 -0.0400844288895
25.15/19.56	tic-tac-toe 0.297821573119 0.139969647348 0.338265967178
25.62/19.92	spambase 0.206077698151 0.0563391038545 0.787240098482
26.10/20.26	zoo 0.138711589089 0.0268327392164 0.73756411179
26.57/20.62	sonar 0.534103361422 0.362437725043 -0.278835500823
27.02/20.97	mfeat-zernike 0.232551651071 0.0810028573418 0.536614128682
27.49/21.32	kr-vs-kp 0.196422831345 0.0510525523173 0.663872342514
27.49/21.33	MAE 0.309915043287 0.118146728794
27.49/21.33	MSE 0.145143793664 0.145143793664
27.49/21.33	Mean tau 0.354365009431 0.314010637598
27.49/21.33	(0.24561403508771928, '1_class_probability_max')
27.49/21.33	(0.7543859649122807, '0_class_probability_max')
27.49/21.33	(2.736842105263158, '1_landmark_naive_bayes')
27.49/21.33	(3.245614035087719, '0_landmark_naive_bayes')
27.49/21.33	(5.666666666666667, '1_number_of_numeric_features')
27.49/21.33	(6.0701754385964914, '0_number_of_numeric_features')
27.49/21.33	(6.912280701754386, '0_landmark_decision_tree')
27.49/21.33	(8.0, '1_number_of_categorical_features')
27.49/21.33	(8.12280701754386, '0_number_of_categorical_features')
27.49/21.33	(8.56140350877193, '1_landmark_decision_tree')
27.49/21.33	(8.596491228070175, '1_number_of_features')
27.49/21.33	(8.894736842105264, '0_number_of_features')
27.49/21.33	(11.578947368421053, '1_landmark_lda')
27.49/21.33	(11.701754385964913, '0_landmark_lda')
27.49/21.33	(14.333333333333334, '1_number_of_classes')
27.49/21.33	(14.578947368421053, '0_number_of_classes')
27.49/21.33	Result for ParamILS: SAT, 20.316065, 1, 0.309915, -1, /home/feurerm/thesis/Software/pyMetaLearn/optimizers/metalearn_optimizer/learn_distances.py
