0.78/1.01	['/home/feurerm/thesis/Software/pyMetaLearn/optimizers/metalearn_optimizer/learn_distances.py', '--input_file', '/home/feurerm/thesis/experiments/2014_04_25_predict_distances/testfold_0-3_pfahringer_spearman_rank_perm.pkl', '--fold', '0', '--folds', '1', '--params', '-max_features', '0.59893254321', '-min_samples_leaf', '7', '-min_samples_split', '9', '-n_estimators', '28', '-n_jobs', '4', '-seed', '71']
0.78/1.02	Metafeatures (57, 8)
0.78/1.02	X (3192, 16)
0.78/1.02	Y (3192,)
0.78/1.02	Dataset Mae MSE Rho
1.32/1.39	vehicle 0.328364540466 0.131271453139 0.49192488087
1.95/1.75	anneal.ORIG 0.408814909355 0.208957131057 0.403688683447
2.55/2.10	segment 0.20314114383 0.0523159583106 0.799943548063
3.14/2.46	pendigits 0.31855019034 0.127002795232 0.59696797304
3.73/2.82	mushroom 0.189088974146 0.0456699215298 0.644156562138
4.35/3.18	labor 0.290673064864 0.116376911068 0.244992811892
4.95/3.53	abalone 0.286247635026 0.105272847696 0.550749012485
5.56/3.89	diabetes 0.523271356801 0.347570083136 0.159988709613
6.17/4.25	car 0.334053240938 0.148964123679 0.411445711792
6.76/4.60	autos 0.216255121422 0.0627068724016 0.646095819224
7.34/4.96	mfeat-fourier 0.579980556104 0.439151742261 -0.491278461841
7.98/5.32	primary-tumor 0.232132661601 0.0676413324604 0.475441195637
8.56/5.68	waveform-5000 0.20901067902 0.0614239120389 0.691345151235
9.16/6.04	credit-a 0.379651188758 0.203553782168 0.394962026559
9.77/6.39	letter 0.229804426657 0.07883127718 0.548809755399
10.38/6.75	postoperative-patient-data 0.437808640872 0.249918455418 -0.0494510556985
10.98/7.10	vowel 0.421973663163 0.222239307907 0.368135636866
11.59/7.46	eucalyptus 0.422563067068 0.234169814132 -0.0746613978193
12.16/7.82	cylinder-bands 0.323448993468 0.132217477158 0.461543186519
12.78/8.18	ionosphere 0.393092126683 0.183385210147 0.141888976808
13.41/8.54	mfeat-karhunen 0.160526919167 0.0376624651425 0.78119739623
14.06/8.90	balance-scale 0.247558249137 0.0862129256949 0.43277753974
14.61/9.26	mfeat-morphological 0.448010718914 0.263646705527 -0.0704596741325
15.23/9.62	liver-disorders 0.250539050473 0.0833862489097 0.518428061048
15.83/9.98	dermatology 0.193522364603 0.0489825091085 0.536204584338
16.45/10.34	vote 0.0730130020776 0.00861712856267 0.808670204951
17.08/10.70	breast-cancer 0.143611880686 0.0291681227993 0.368458846381
17.65/11.06	credit-g 0.580650455314 0.452072416051 -0.45055406303
18.25/11.42	soybean 0.119792781493 0.0240305374572 0.745644349649
18.83/12.26	arrhythmia 0.288874652395 0.111222396737 0.18422942319
19.43/12.62	nursery 0.282614465306 0.10397533245 0.571757630919
20.02/12.98	hepatitis 0.307778231593 0.128288074049 -0.142212186322
20.60/13.33	cmc 0.288662565084 0.106914337011 0.232064431317
21.19/13.69	heart-c 0.252596060228 0.0840127904435 0.759865568282
21.78/14.04	glass 0.38563441173 0.181394402302 0.153524519325
22.41/14.40	braziltourism 0.457947629833 0.275778647362 0.0896978556061
22.97/14.76	iris 0.307664122046 0.124741145765 0.285070791674
23.55/15.11	heart-statlog 0.293722794762 0.122357665635 0.671952580373
24.16/15.47	page-blocks 0.393926514293 0.208931544727 0.251457002179
24.77/15.83	breast-w 0.213048536761 0.0610669959969 0.495480185528
25.34/16.18	heart-h 0.176663706157 0.0434440173357 0.626703248362
25.98/16.54	yeast 0.294073647542 0.112175113298 0.592766249353
26.62/16.90	tae 0.370235165632 0.16542057467 0.129283805748
27.16/17.25	haberman 0.269134925137 0.0955692978273 0.0725663732741
27.76/17.61	mfeat-pixel 0.356068064361 0.155929501661 0.188107937363
28.36/17.97	optdigits 0.201601379638 0.0537756090038 0.746937187707
28.96/18.34	mfeat-factors 0.203654926376 0.0565788585327 0.723019683644
29.54/18.70	satimage 0.276838932513 0.103671761092 0.417586692565
30.14/19.06	lymph 0.193998755976 0.0546001200783 0.572080840433
30.72/19.41	audiology 0.309823300558 0.132630234584 0.439241730028
31.31/19.77	ecoli 0.368994276773 0.172564489732 0.30995792428
31.91/20.14	tic-tac-toe 0.296880800751 0.133434439588 0.48158217641
32.54/20.50	spambase 0.215899268477 0.0581824565339 0.850364232305
33.08/20.85	zoo 0.118396982112 0.0199371186105 0.785399119917
33.68/21.21	sonar 0.507789580256 0.32930174021 -0.169684995044
34.28/21.57	mfeat-zernike 0.260464160995 0.0952112288065 0.428575816053
34.86/21.93	kr-vs-kp 0.19497608282 0.0478490092759 0.676800723089
34.86/21.94	MAE 0.298826588466 0.111291050219
34.86/21.94	MSE 0.133182076679 0.133182076679
34.86/21.94	Mean tau 0.394933903841 0.307475489098
34.86/21.94	(0.0, '0_class_probability_max')
34.86/21.94	(1.2280701754385965, '1_class_probability_max')
34.86/21.94	(2.2982456140350878, '1_landmark_decision_tree')
34.86/21.94	(2.5789473684210527, '0_landmark_decision_tree')
34.86/21.94	(4.105263157894737, '1_landmark_naive_bayes')
34.86/21.94	(4.859649122807017, '0_landmark_naive_bayes')
34.86/21.94	(7.5964912280701755, '1_number_of_numeric_features')
34.86/21.94	(8.105263157894736, '0_number_of_numeric_features')
34.86/21.94	(8.526315789473685, '1_landmark_lda')
34.86/21.94	(8.824561403508772, '0_number_of_categorical_features')
34.86/21.94	(10.421052631578947, '1_number_of_features')
34.86/21.94	(10.508771929824562, '0_number_of_features')
34.86/21.94	(10.842105263157896, '0_landmark_lda')
34.86/21.94	(11.333333333333334, '1_number_of_categorical_features')
34.86/21.94	(14.298245614035087, '1_number_of_classes')
34.86/21.94	(14.473684210526315, '0_number_of_classes')
34.86/21.94	Result for ParamILS: SAT, 20.929859, 1, 0.298827, -1, /home/feurerm/thesis/Software/pyMetaLearn/optimizers/metalearn_optimizer/learn_distances.py
