0.80/1.91	['/home/feurerm/thesis/Software/pyMetaLearn/optimizers/metalearn_optimizer/learn_distances.py', '--input_file', '/home/feurerm/thesis/experiments/2014_04_25_predict_distances/testfold_0-3_pfahringer_spearman_rank_perm.pkl', '--fold', '0', '--folds', '1', '--params', '-max_features', '0.519984167711', '-min_samples_leaf', '9', '-min_samples_split', '1', '-n_estimators', '81', '-n_jobs', '4', '-seed', '63']
0.80/1.92	Metafeatures (57, 8)
0.80/1.92	X (3192, 16)
0.80/1.92	Y (3192,)
0.80/1.92	Dataset Mae MSE Rho
2.04/2.53	vehicle 0.35027670784 0.150889413538 0.371690941524
3.53/3.23	anneal.ORIG 0.352399684821 0.159631234048 0.43051507314
4.86/3.82	segment 0.245946819495 0.0750646783056 0.746613978193
6.26/4.43	pendigits 0.315372607621 0.12309373011 0.645772609709
7.70/5.25	mushroom 0.205715625123 0.0527647858434 0.617976591474
9.11/6.01	labor 0.304641804688 0.13263109208 0.241437507234
10.51/6.67	abalone 0.312595976551 0.122572063259 0.5533346886
11.92/11.09	diabetes 0.505368440328 0.327791935687 0.151908471753
13.35/11.93	car 0.354815547029 0.168970594058 0.310604343309
14.75/12.53	autos 0.235153354421 0.0727335467659 0.609249934586
16.18/13.17	mfeat-fourier 0.540234270603 0.38007465061 -0.397547702674
17.55/13.81	primary-tumor 0.223268557084 0.0615735319699 0.526831508422
18.92/14.51	waveform-5000 0.202996957521 0.0583523274586 0.741442625963
20.42/18.80	credit-a 0.384200451341 0.20775211443 0.346803808918
21.73/19.67	letter 0.242613478138 0.0827971444331 0.674215046974
23.14/20.27	postoperative-patient-data 0.428547172543 0.243023607365 -0.0326441609513
24.57/20.86	vowel 0.454002544155 0.256095560724 0.229478755202
25.99/21.46	eucalyptus 0.391537299919 0.201654789512 0.0255335516352
27.40/22.28	cylinder-bands 0.337546440235 0.143082317994 0.372337360553
28.83/22.94	ionosphere 0.41656524228 0.205654422298 0.0138980091179
30.21/23.65	mfeat-karhunen 0.20594135301 0.0579880517545 0.748553235279
31.62/24.57	balance-scale 0.244752374844 0.0777707630156 0.417909902079
33.03/25.35	mfeat-morphological 0.454263021664 0.274543979508 -0.193925708621
34.44/26.05	liver-disorders 0.27449935364 0.0991871324438 0.403688683447
35.87/26.64	dermatology 0.185877899397 0.0453129977421 0.56884874529
37.31/27.38	vote 0.0815111740759 0.0098876230753 0.798650710006
38.74/28.15	breast-cancer 0.153074356848 0.0320425654802 0.349066275519
40.14/29.01	credit-g 0.570308196603 0.428530091614 -0.631551391077
41.62/29.62	soybean 0.12219169467 0.0231704661252 0.789277634089
43.02/30.40	arrhythmia 0.268752105094 0.101442524194 0.32773444757
44.32/31.22	nursery 0.300173426486 0.114052524292 0.521013737163
45.72/32.07	hepatitis 0.299419707534 0.125063674497 -0.0549456174427
47.15/33.00	cmc 0.257586061666 0.0823805620415 0.35585367532
48.55/33.63	heart-c 0.281479930882 0.102389898546 0.749846073336
49.95/34.24	glass 0.353205759903 0.150746277769 0.393669188502
51.46/35.15	braziltourism 0.430580884637 0.240655796258 0.0930843401383
52.80/35.81	iris 0.309365869505 0.124472903962 0.284424372645
54.22/36.53	heart-statlog 0.296117122707 0.117525137994 0.718171540928
55.64/37.90	page-blocks 0.351843452681 0.168454663508 0.365226751237
57.17/38.60	breast-w 0.223378790457 0.0658615767095 0.552688269571
58.69/39.56	heart-h 0.184668307706 0.0443120819185 0.617330172445
60.03/40.17	yeast 0.316578356063 0.125073996443 0.575636145091
61.44/40.76	tae 0.342580996858 0.142851064385 0.173886718731
62.87/41.55	haberman 0.255707293699 0.0842449734964 0.0782167024773
64.31/42.48	mfeat-pixel 0.352376289522 0.153472505071 0.18422942319
65.80/43.19	optdigits 0.220607276896 0.062126835445 0.718494750442
67.24/43.82	mfeat-factors 0.227960279546 0.0698771132072 0.700071808123
68.62/44.42	satimage 0.270052438845 0.100595533732 0.434070377798
70.03/45.50	lymph 0.18995458726 0.0518540076604 0.610219563129
71.61/46.50	audiology 0.330781622419 0.14024008436 0.327411238056
72.94/47.12	ecoli 0.406136904359 0.211527965616 0.13316231992
74.33/47.83	tic-tac-toe 0.300161245363 0.134413366921 0.612482029729
75.74/48.57	spambase 0.220998134458 0.0617514162075 0.873312107825
77.18/49.16	zoo 0.131421250523 0.0232081383147 0.764713710997
78.61/49.76	sonar 0.510125518786 0.328642848605 -0.216227165113
80.02/50.41	mfeat-zernike 0.254963351704 0.0894200755862 0.52230657522
81.41/51.10	kr-vs-kp 0.195758107933 0.0491891560443 0.678739980175
81.41/51.14	MAE 0.301385148772 0.104069995071
81.41/51.14	MSE 0.132289191474 0.132289191474
81.41/51.14	Mean tau 0.395171829226 0.315547568978
81.41/51.14	(0.0, '1_class_probability_max')
81.41/51.14	(1.0, '0_class_probability_max')
81.41/51.14	(2.6315789473684212, '0_landmark_decision_tree')
81.41/51.14	(2.6491228070175437, '1_landmark_decision_tree')
81.41/51.14	(3.9298245614035086, '0_landmark_naive_bayes')
81.41/51.14	(4.807017543859649, '1_landmark_naive_bayes')
81.41/51.14	(7.807017543859649, '0_landmark_lda')
81.41/51.14	(8.017543859649123, '1_landmark_lda')
81.41/51.14	(8.666666666666666, '0_number_of_numeric_features')
81.41/51.14	(8.912280701754385, '1_number_of_numeric_features')
81.41/51.14	(9.24561403508772, '0_number_of_features')
81.41/51.14	(10.421052631578947, '1_number_of_categorical_features')
81.41/51.14	(11.31578947368421, '0_number_of_categorical_features')
81.41/51.14	(11.614035087719298, '1_number_of_features')
81.41/51.14	(14.403508771929825, '0_number_of_classes')
81.41/51.14	(14.578947368421053, '1_number_of_classes')
81.41/51.14	Result for ParamILS: SAT, 49.232967, 1, 0.301385, -1, /home/feurerm/thesis/Software/pyMetaLearn/optimizers/metalearn_optimizer/learn_distances.py
