0.71/1.00	['/home/feurerm/thesis/Software/pyMetaLearn/optimizers/metalearn_optimizer/learn_distances.py', '--input_file', '/home/feurerm/thesis/experiments/2014_04_25_predict_distances/testfold_0-3_pfahringer_spearman_rank_perm.pkl', '--fold', '0', '--folds', '1', '--params', '-max_features', '0.777133508848', '-min_samples_leaf', '5', '-min_samples_split', '9', '-n_estimators', '75', '-n_jobs', '4', '-seed', '82']
0.79/1.00	Metafeatures (57, 8)
0.79/1.00	X (3192, 16)
0.79/1.00	Y (3192,)
0.79/1.00	Dataset Mae MSE Rho
2.66/1.76	vehicle 0.349271539179 0.146404366535 0.342602085231
4.68/2.45	anneal.ORIG 0.460072448471 0.262361149623 0.135424786521
6.76/3.24	segment 0.177846507723 0.040543288579 0.823214633098
8.71/4.03	pendigits 0.26336452154 0.0902482897375 0.723342893158
10.73/4.92	mushroom 0.179719240127 0.0405936838043 0.678093561146
12.77/5.74	labor 0.314501776555 0.136777563597 0.205884460653
14.86/6.54	abalone 0.232077080359 0.0682184840212 0.720757217043
16.86/7.34	diabetes 0.535587281187 0.350505094292 0.270526363527
18.87/8.13	car 0.379857663442 0.195755794598 0.204268413081
20.87/8.93	autos 0.21275926172 0.0598918955747 0.711384141126
22.87/9.61	mfeat-fourier 0.577525319754 0.434090408614 -0.448614805944
24.90/10.31	primary-tumor 0.218135083276 0.0604077944853 0.544608031712
26.95/11.11	waveform-5000 0.139450317622 0.031664836153 0.765360130026
29.05/12.00	credit-a 0.36356167384 0.18761500931 0.433423958769
31.02/12.70	letter 0.235297593376 0.0763633856339 0.638662000393
33.02/13.40	postoperative-patient-data 0.439198551671 0.252210780818 0.063025855302
35.01/14.10	vowel 0.413021677363 0.210753593905 0.393669188502
37.04/14.90	eucalyptus 0.430809571309 0.24482775493 -0.106012720713
38.92/15.68	cylinder-bands 0.332948523163 0.136795980298 0.425990139938
40.96/16.47	ionosphere 0.431437384157 0.222178574214 -0.014867637661
42.94/17.17	mfeat-karhunen 0.147513383874 0.0323132146842 0.812871928638
44.96/17.97	balance-scale 0.248091218129 0.0861140858894 0.394638817045
46.93/18.76	mfeat-morphological 0.472046771238 0.296966114822 -0.221398517343
48.95/19.67	liver-disorders 0.287141408512 0.107247660888 0.504853261444
50.99/20.37	dermatology 0.208522912113 0.0557749991761 0.465098491177
53.01/21.08	vote 0.0808043089545 0.010734503129 0.759219149253
55.04/21.87	breast-cancer 0.124805115002 0.0229649010665 0.430191863625
57.04/22.67	credit-g 0.673353732088 0.598090272993 -0.691345151235
59.06/23.35	soybean 0.115134480619 0.020722619979 0.775379624971
60.99/24.03	arrhythmia 0.259315715768 0.0936894611292 0.373306989096
62.96/24.83	nursery 0.258284133033 0.0856933543738 0.630581762534
64.97/25.73	hepatitis 0.235988989262 0.0793864991777 0.473825148065
67.08/27.56	cmc 0.24762027753 0.0833061225204 0.373630198611
69.00/28.24	heart-c 0.21976159382 0.0677106535454 0.81448797621
70.98/28.93	glass 0.366298285607 0.163104658068 0.288626096332
73.04/29.73	braziltourism 0.467113085048 0.285321687083 0.0733685597618
75.08/30.51	iris 0.277735539414 0.0998636358111 0.39431560753
77.19/31.40	heart-statlog 0.229742007209 0.0709737490866 0.779258139144
79.13/32.09	page-blocks 0.464221015002 0.284778889449 -0.0649651123882
81.12/32.79	breast-w 0.208457690125 0.0572917678051 0.606017839442
83.10/33.58	heart-h 0.141056094962 0.0273739055126 0.735624854704
85.16/34.39	yeast 0.248359082017 0.0796057542526 0.683264913376
87.21/37.16	tae 0.374018316435 0.166491180454 0.207500508225
89.27/37.85	haberman 0.267855382709 0.0924784767602 0.0866201498509
91.28/38.55	mfeat-pixel 0.367923751977 0.167632590707 0.182613375619
93.29/39.34	optdigits 0.164783584677 0.0356588215909 0.787338377003
95.33/40.16	mfeat-factors 0.174318471628 0.0442593190568 0.771501110799
97.31/40.85	satimage 0.253683853897 0.0884763915109 0.521013737163
99.34/41.56	lymph 0.234500408766 0.0834637093765 0.405304731019
101.33/42.25	audiology 0.289448944794 0.107443533836 0.486107109611
103.36/43.05	ecoli 0.414574369088 0.221226178874 0.101164577998
105.51/43.95	tic-tac-toe 0.33196393503 0.167069039548 0.380094388898
107.42/44.74	spambase 0.213743645257 0.0534599725835 0.834526966101
109.44/45.63	zoo 0.103701690148 0.0151718953172 0.827739566299
111.48/46.34	sonar 0.506883541775 0.316618994117 -0.137687253121
113.48/47.13	mfeat-zernike 0.244765104325 0.0816408684714 0.498389071157
115.46/47.92	kr-vs-kp 0.163183937889 0.0347971791003 0.738210530819
115.46/47.96	MAE 0.294265943747 0.127534560019
115.46/47.96	MSE 0.133914462991 0.133914462991
115.46/47.96	Mean tau 0.41389529969 0.338684265663
115.46/47.96	(0.0, '1_class_probability_max')
115.46/47.96	(1.0, '0_class_probability_max')
115.46/47.96	(2.6315789473684212, '0_landmark_decision_tree')
115.46/47.96	(3.1228070175438596, '0_landmark_naive_bayes')
115.46/47.96	(3.6666666666666665, '1_landmark_naive_bayes')
115.46/47.96	(5.9298245614035086, '1_number_of_numeric_features')
115.46/47.96	(6.684210526315789, '0_number_of_numeric_features')
115.46/47.96	(7.017543859649122, '1_landmark_decision_tree')
115.46/47.96	(8.140350877192983, '1_number_of_categorical_features')
115.46/47.96	(9.491228070175438, '0_number_of_categorical_features')
115.46/47.96	(9.491228070175438, '1_number_of_features')
115.46/47.96	(10.035087719298245, '0_number_of_features')
115.46/47.96	(11.403508771929825, '1_landmark_lda')
115.46/47.96	(12.385964912280702, '0_landmark_lda')
115.46/47.96	(14.491228070175438, '0_number_of_classes')
115.46/47.96	(14.508771929824562, '1_number_of_classes')
115.46/47.96	Result for ParamILS: SAT, 46.965535, 1, 0.294266, -1, /home/feurerm/thesis/Software/pyMetaLearn/optimizers/metalearn_optimizer/learn_distances.py
