0.71/1.00	['/home/feurerm/thesis/Software/pyMetaLearn/optimizers/metalearn_optimizer/learn_distances.py', '--input_file', '/home/feurerm/thesis/experiments/2014_04_25_predict_distances/testfold_0-3_pfahringer_spearman_rank_perm.pkl', '--fold', '0', '--folds', '1', '--params', '-max_features', '0.925075795279', '-min_samples_leaf', '7', '-min_samples_split', '4', '-n_estimators', '43', '-n_jobs', '4', '-seed', '68']
0.80/1.01	Metafeatures (57, 8)
0.80/1.01	X (3192, 16)
0.80/1.01	Y (3192,)
0.80/1.01	Dataset Mae MSE Rho
1.99/1.55	vehicle 0.357753624528 0.153634439145 0.32030062874
3.35/2.12	anneal.ORIG 0.532687887813 0.343881855856 -0.314346539016
4.60/2.69	segment 0.19169832492 0.0476780832335 0.811579090581
5.90/3.25	pendigits 0.27492871556 0.0983371584212 0.690698732207
7.14/3.83	mushroom 0.190134436111 0.0454785881321 0.638985209908
8.40/4.40	labor 0.293898971742 0.117840877083 0.240791088205
9.64/4.96	abalone 0.257470980488 0.088601452493 0.603108953813
10.92/5.54	diabetes 0.527180428964 0.342630470711 0.251457002179
12.19/6.11	car 0.390726047754 0.206424441633 0.113446539544
13.42/6.81	autos 0.223335559702 0.0642719628181 0.747260397221
14.74/7.39	mfeat-fourier 0.549835805307 0.392295256934 -0.394962026559
16.03/8.08	primary-tumor 0.224081921254 0.0631706635511 0.528124346479
17.36/8.66	waveform-5000 0.158741287951 0.0376531815194 0.763097663425
18.63/9.23	credit-a 0.36026032352 0.184744565524 0.463482443605
19.94/9.81	letter 0.251979639936 0.0853342919626 0.596644763525
21.21/10.39	postoperative-patient-data 0.453908928636 0.27103321679 -0.0513903127847
22.53/10.98	vowel 0.409505272609 0.206482152886 0.409506454706
23.80/11.56	eucalyptus 0.405060225537 0.214441366776 -0.0307049038651
25.11/12.13	cylinder-bands 0.364208163199 0.164558650158 0.18940077542
26.42/12.71	ionosphere 0.430417283125 0.220229054997 -0.00355530465806
27.83/13.30	mfeat-karhunen 0.160289823945 0.0373339794452 0.788308005546
29.05/13.88	balance-scale 0.268106350975 0.0950632999977 0.285717210702
30.34/14.45	mfeat-morphological 0.456997004103 0.271688698538 -0.165160061843
31.61/15.02	liver-disorders 0.328304199027 0.13680034116 0.388174626757
32.97/15.60	dermatology 0.190093343863 0.0468729151495 0.513256708818
34.20/16.18	vote 0.0810429292702 0.0103611221011 0.766976177598
35.50/16.75	breast-cancer 0.13921505499 0.0282997739798 0.386558579185
36.77/17.32	credit-g 0.732824273402 0.706077308401 -0.716232283842
38.05/17.89	soybean 0.117757795469 0.0218345301915 0.764390501483
39.31/18.36	arrhythmia 0.262675006759 0.0916455286307 0.433747168283
40.57/18.94	nursery 0.26660723543 0.0912983510742 0.609249934586
41.88/19.50	hepatitis 0.265799629467 0.106340303082 0.452170110602
43.14/20.08	cmc 0.243264780792 0.0775298820743 0.353267999205
44.40/20.55	heart-c 0.229249214079 0.0705466707982 0.806084528836
45.65/21.12	glass 0.390711594552 0.181909562195 0.182613375619
46.91/21.68	braziltourism 0.421370623943 0.228239040477 0.118294682259
48.19/22.26	iris 0.295734511266 0.116589320195 0.263415754211
49.45/22.83	heart-statlog 0.224397996581 0.0682243422052 0.782490234287
50.82/23.40	page-blocks 0.450058558737 0.27275039046 -0.0908218735377
52.05/23.98	breast-w 0.225262728483 0.0682129171313 0.550102593456
53.31/24.55	heart-h 0.140221956881 0.0280679549085 0.689729103664
54.57/26.14	yeast 0.288401875401 0.103610705006 0.634137067192
55.84/26.71	tae 0.364709302582 0.160304784605 0.185845470762
57.09/27.18	haberman 0.285929000522 0.109001274351 -0.0287656467788
58.39/27.77	mfeat-pixel 0.378617852885 0.177973661971 0.143828233894
59.68/28.34	optdigits 0.196881768435 0.050554528501 0.75534063508
60.99/28.92	mfeat-factors 0.211277917738 0.0602869884586 0.689729103664
62.24/29.49	satimage 0.272221671586 0.0991351231708 0.445705920315
63.53/30.06	lymph 0.220027746907 0.07223278773 0.418879530622
64.80/30.55	audiology 0.301462524416 0.112082014126 0.410799292763
66.07/32.87	ecoli 0.415042840658 0.227607445831 0.0989021113969
67.40/33.44	tic-tac-toe 0.314531161015 0.147816622862 0.457018253318
68.73/34.02	spambase 0.223049662071 0.0586788547563 0.845839299104
69.99/34.59	zoo 0.126774586152 0.022224049294 0.763744082454
71.37/35.17	sonar 0.505360703518 0.319561110841 -0.139949719722
72.64/35.74	mfeat-zernike 0.244510260629 0.0808979257424 0.481258966896
73.94/36.33	kr-vs-kp 0.180969024836 0.0431333051785 0.709768093554
73.94/36.35	MAE 0.302939760351 0.125845012208
73.94/36.35	MSE 0.139465072724 0.139465072724
73.94/36.35	Mean tau 0.379076118826 0.344354871829
73.94/36.35	(0.10526315789473684, '1_class_probability_max')
73.94/36.35	(0.8947368421052632, '0_class_probability_max')
73.94/36.35	(2.3859649122807016, '0_landmark_naive_bayes')
73.94/36.35	(3.1052631578947367, '1_landmark_naive_bayes')
73.94/36.35	(5.491228070175438, '1_number_of_numeric_features')
73.94/36.35	(6.105263157894737, '0_number_of_numeric_features')
73.94/36.35	(6.7894736842105265, '0_number_of_categorical_features')
73.94/36.35	(7.0, '0_landmark_decision_tree')
73.94/36.35	(7.333333333333333, '1_number_of_categorical_features')
73.94/36.35	(8.578947368421053, '0_number_of_features')
73.94/36.35	(8.982456140350877, '1_number_of_features')
73.94/36.35	(10.140350877192983, '1_landmark_decision_tree')
73.94/36.35	(12.035087719298245, '1_landmark_lda')
73.94/36.35	(12.070175438596491, '0_landmark_lda')
73.94/36.35	(14.456140350877194, '0_number_of_classes')
73.94/36.35	(14.526315789473685, '1_number_of_classes')
73.94/36.35	Result for ParamILS: SAT, 35.352085, 1, 0.302940, -1, /home/feurerm/thesis/Software/pyMetaLearn/optimizers/metalearn_optimizer/learn_distances.py
