0.85/5.20	['/home/feurerm/thesis/Software/pyMetaLearn/optimizers/metalearn_optimizer/learn_distances.py', '--input_file', '/home/feurerm/thesis/experiments/2014_04_25_predict_distances/testfold_0-3_pfahringer_spearman_rank_perm.pkl', '--fold', '0', '--folds', '1', '--params', '-max_features', '0.102200462805', '-min_samples_leaf', '2', '-min_samples_split', '2', '-n_estimators', '53', '-n_jobs', '4', '-seed', '39']
0.85/5.20	Metafeatures (57, 8)
0.85/5.20	X (3192, 16)
0.85/5.20	Y (3192,)
0.85/5.20	Dataset Mae MSE Rho
1.20/5.65	vehicle 0.343269498813 0.147993259387 0.390760302872
1.65/6.17	anneal.ORIG 0.27482071873 0.101927684443 0.573050468976
2.16/7.09	segment 0.235718403085 0.0729335181847 0.779904558173
2.65/7.55	pendigits 0.306509111895 0.115261420773 0.654176057083
3.12/8.04	mushroom 0.185499952043 0.0429192628255 0.685527379977
3.60/8.44	labor 0.316642763138 0.133060100018 0.462189605548
4.08/8.82	abalone 0.30168595961 0.119121430414 0.576928983149
4.51/13.86	diabetes 0.450256523017 0.28774371463 -0.0662579504457
5.00/14.25	car 0.332497451882 0.158335222649 0.414677806935
5.47/14.64	autos 0.237255939584 0.0756691910518 0.581777125864
5.93/15.03	mfeat-fourier 0.563300525856 0.411344740781 -0.464775281663
6.44/15.44	primary-tumor 0.233383145135 0.067223582866 0.618623010502
6.93/20.30	waveform-5000 0.253695843029 0.0861375088299 0.579837868778
7.38/21.10	credit-a 0.356420015678 0.17250621477 0.441504196628
7.89/21.50	letter 0.256479597523 0.0876433441321 0.616037334387
8.25/21.89	postoperative-patient-data 0.431604351023 0.232828910581 -0.357792932407
8.74/22.29	vowel 0.465544314236 0.269885791233 0.12799096769
9.22/22.92	eucalyptus 0.369638188229 0.181664069064 0.213318279484
9.73/23.31	cylinder-bands 0.351058719879 0.152992813112 0.310281133794
10.21/23.83	ionosphere 0.413551716231 0.212837165149 0.00387851417243
10.71/24.23	mfeat-karhunen 0.205797655909 0.0578651144858 0.80931662398
11.14/24.72	balance-scale 0.222323670747 0.0725555702362 0.610865982158
11.65/25.22	mfeat-morphological 0.510627686233 0.344225336372 -0.255335516352
12.14/25.74	liver-disorders 0.312260879527 0.127586949826 0.522629784735
12.71/26.20	dermatology 0.211567011922 0.05918878572 0.503237213873
13.10/26.63	vote 0.101481500033 0.0155349170489 0.766006549055
13.56/27.13	breast-cancer 0.328893718213 0.135219480164 -0.128314177205
14.03/27.81	credit-g 0.551390507363 0.398128129818 -0.465744910206
14.51/28.39	soybean 0.161375838848 0.0401874944763 0.717848331414
15.03/28.82	arrhythmia 0.271786256838 0.102600010921 0.177765232903
15.49/29.29	nursery 0.281672429381 0.0980983637591 0.584362801979
15.98/30.03	hepatitis 0.374399482227 0.201017410505 -0.376215874726
16.43/30.54	cmc 0.346874650108 0.139623483692 0.2789298109
16.92/30.93	heart-c 0.269057974721 0.0975789221302 0.789277634089
17.44/31.32	glass 0.357695436828 0.160348258214 0.298645591277
17.94/36.61	braziltourism 0.550209258174 0.378233972484 -0.272142411099
18.40/36.99	iris 0.306228751321 0.123258343666 0.243699973834
18.90/37.38	heart-statlog 0.302854888098 0.123919074554 0.647388657281
19.41/37.78	page-blocks 0.318493831919 0.14255601014 0.397547702674
19.93/38.23	breast-w 0.249775815858 0.0842438904834 0.408860035677
20.39/38.83	heart-h 0.20316117143 0.0523906553186 0.570788002376
20.87/39.36	yeast 0.322279042753 0.132047644165 0.569818373833
21.34/39.77	tae 0.275573185072 0.0998250327741 0.152554890782
21.80/40.33	haberman 0.309877763159 0.141682972187 0.128314177205
22.29/40.76	mfeat-pixel 0.346299706604 0.148478062644 0.212025441426
22.74/41.24	optdigits 0.181622732015 0.0424360751315 0.785722329431
23.20/41.67	mfeat-factors 0.22053868862 0.0696124225437 0.709768093554
23.66/42.18	satimage 0.315530988587 0.129641670735 0.247901697521
24.11/42.59	lymph 0.193762009548 0.0529691933669 0.685204170462
24.60/42.98	audiology 0.318500067471 0.131548657835 0.362641075122
25.06/43.79	ecoli 0.382974695101 0.191221615371 0.206854089196
25.52/44.17	tic-tac-toe 0.299386618537 0.132744309528 0.408860035677
25.98/44.56	spambase 0.254669636111 0.0915439900605 0.533295698709
26.44/44.96	zoo 0.140402389364 0.0275611415805 0.756310263624
26.92/45.46	sonar 0.472759529307 0.281080656037 -0.0992253209113
27.41/46.02	mfeat-zernike 0.29995439159 0.117598777264 0.338723571059
27.87/46.66	kr-vs-kp 0.183351835891 0.0442028254712 0.701687855695
27.87/46.70	MAE 0.309372709369 0.100876473315
27.87/46.70	MSE 0.138922529221 0.138922529221
27.87/46.70	Mean tau 0.362658086149 0.342513495653
27.87/46.70	(0.42105263157894735, '1_number_of_categorical_features')
27.87/46.70	(1.6842105263157894, '0_landmark_decision_tree')
27.87/46.70	(2.0, '0_landmark_lda')
27.87/46.70	(4.192982456140351, '1_number_of_numeric_features')
27.87/46.70	(4.859649122807017, '1_landmark_decision_tree')
27.87/46.70	(6.12280701754386, '0_number_of_features')
27.87/46.70	(6.280701754385965, '1_class_probability_max')
27.87/46.70	(6.5964912280701755, '0_landmark_naive_bayes')
27.87/46.70	(7.245614035087719, '0_number_of_numeric_features')
27.87/46.70	(7.456140350877193, '1_landmark_naive_bayes')
27.87/46.70	(10.070175438596491, '0_number_of_classes')
27.87/46.70	(11.140350877192983, '1_landmark_lda')
27.87/46.70	(11.280701754385966, '0_class_probability_max')
27.87/46.70	(12.070175438596491, '0_number_of_categorical_features')
27.87/46.70	(13.929824561403509, '1_number_of_classes')
27.87/46.70	(14.649122807017545, '1_number_of_features')
27.87/46.70	Result for ParamILS: SAT, 41.499625, 1, 0.309373, -1, /home/feurerm/thesis/Software/pyMetaLearn/optimizers/metalearn_optimizer/learn_distances.py
