0.79/1.01	['/home/feurerm/thesis/Software/pyMetaLearn/optimizers/metalearn_optimizer/learn_distances.py', '--input_file', '/home/feurerm/thesis/experiments/2014_04_25_predict_distances/testfold_0-3_pfahringer_spearman_rank_perm.pkl', '--fold', '0', '--folds', '1', '--params', '-max_features', '0.225566497942', '-min_samples_leaf', '10', '-min_samples_split', '3', '-n_estimators', '56', '-n_jobs', '4', '-seed', '16']
0.79/1.02	Metafeatures (57, 8)
0.79/1.02	X (3192, 16)
0.79/1.02	Y (3192,)
0.79/1.02	Dataset Mae MSE Rho
1.24/1.36	vehicle 0.359973391789 0.164382865041 0.383003274527
1.82/1.75	anneal.ORIG 0.282064038524 0.107164703227 0.518751270562
2.44/2.13	segment 0.292095294319 0.10728366604 0.659993828342
2.95/2.51	pendigits 0.358007289705 0.155306589509 0.528447555993
3.49/2.98	mushroom 0.216225413925 0.0583091334171 0.610219563129
4.05/3.37	labor 0.287784328201 0.113904933177 0.408213616648
4.59/3.75	abalone 0.354796328237 0.160891507323 0.447968386916
5.13/4.12	diabetes 0.448967806559 0.28498802662 -0.0539759888996
5.72/4.51	car 0.357013821715 0.181533002392 0.410152873734
6.23/4.88	autos 0.262139530918 0.091210030566 0.486107109611
6.78/5.26	mfeat-fourier 0.521904086981 0.352187682581 -0.395285236073
7.33/5.64	primary-tumor 0.245327598367 0.0740618996671 0.539113469968
7.91/6.03	waveform-5000 0.254849867182 0.0875974481539 0.592119830324
8.44/6.41	credit-a 0.39008167909 0.208873624812 0.312543600395
9.00/6.79	letter 0.248167488927 0.0869603731104 0.651913590482
9.55/7.26	postoperative-patient-data 0.409812343758 0.202375054838 -0.133808738949
10.16/7.65	vowel 0.477144219798 0.284242331399 0.0546224079284
10.72/10.47	eucalyptus 0.395183232988 0.207243421221 0.051713522299
11.27/10.87	cylinder-bands 0.339155543625 0.146582858682 0.399163750246
11.83/11.26	ionosphere 0.420114325411 0.215399914419 0.0520367318134
12.41/11.65	mfeat-karhunen 0.246145102152 0.0795105748021 0.724312521701
13.03/12.03	balance-scale 0.24173875222 0.0828994078394 0.440857777599
13.53/12.91	mfeat-morphological 0.479486198503 0.30636632187 -0.177118813874
14.11/13.34	liver-disorders 0.299518438541 0.121963060913 0.299292010306
14.64/13.84	dermatology 0.193550189059 0.0464830790727 0.558182831315
15.17/14.31	vote 0.0910546058857 0.0132725538264 0.798327500492
15.71/14.69	breast-cancer 0.243855306736 0.0794317619171 0.0442797034686
16.29/15.15	credit-g 0.54203536013 0.387200109344 -0.53264927968
16.86/15.54	soybean 0.134905321343 0.02656174626 0.814811185724
17.41/15.98	arrhythmia 0.277504680024 0.1053809877 0.153524519325
17.99/16.37	nursery 0.314485898828 0.121138939516 0.468330586321
18.59/16.75	hepatitis 0.380004983593 0.208251607485 -0.383326484042
19.14/17.14	cmc 0.305817391875 0.109844433047 0.287656467788
19.74/17.51	heart-c 0.316482696539 0.129570699152 0.66064024737
20.21/17.88	glass 0.373648598371 0.171486224425 0.247578488007
20.76/18.25	braziltourism 0.499518790266 0.315716297967 -0.122496405946
21.32/18.64	iris 0.308088180788 0.124619440547 0.241437507234
21.84/19.02	heart-statlog 0.330613069654 0.145274559657 0.62508720079
22.37/19.39	page-blocks 0.313204624164 0.134553977634 0.418233111594
22.93/19.76	breast-w 0.24099228819 0.0829648942316 0.409506454706
23.45/20.14	heart-h 0.232122412281 0.0670298024371 0.441504196628
23.98/20.52	yeast 0.36948411814 0.168799893223 0.451200482059
24.49/20.90	tae 0.301598445869 0.110840244578 0.223014564915
25.04/21.28	haberman 0.270691546166 0.100772030645 0.155463776412
25.56/21.66	mfeat-pixel 0.330175124969 0.138843147496 0.192632870564
26.13/22.04	optdigits 0.270323537547 0.0905507685193 0.649974333396
26.67/22.42	mfeat-factors 0.267226753591 0.0976695480064 0.671306161345
27.28/22.80	satimage 0.293286187033 0.115626653544 0.303493733993
27.74/23.17	lymph 0.186700234474 0.0499106207033 0.67615430406
28.25/23.55	audiology 0.330034272584 0.142832681592 0.356500094349
28.80/23.93	ecoli 0.414512256347 0.218990811506 0.0436332844398
29.38/24.32	tic-tac-toe 0.291222081137 0.128821152725 0.487399947669
29.95/24.70	spambase 0.236472869344 0.0764204561759 0.663225923485
30.48/25.08	zoo 0.159905794419 0.0349430634485 0.699425389095
31.05/25.46	sonar 0.500271935786 0.314720767034 -0.234650107432
31.58/25.84	mfeat-zernike 0.274106397669 0.100253077544 0.48901599524
32.13/26.22	kr-vs-kp 0.229319682337 0.0664454872298 0.596644763525
32.13/26.25	MAE 0.31598090801 0.0948442554785
32.13/26.25	MSE 0.142218595611 0.142218595611
32.13/26.25	Mean tau 0.339744232683 0.313368173683
32.13/26.25	(0.40350877192982454, '1_landmark_decision_tree')
32.13/26.25	(1.2280701754385965, '0_landmark_decision_tree')
32.13/26.25	(2.0701754385964914, '0_class_probability_max')
32.13/26.25	(3.1052631578947367, '1_class_probability_max')
32.13/26.25	(3.3684210526315788, '0_landmark_naive_bayes')
32.13/26.25	(5.526315789473684, '0_landmark_lda')
32.13/26.25	(5.912280701754386, '1_landmark_naive_bayes')
32.13/26.25	(7.368421052631579, '1_landmark_lda')
32.13/26.25	(8.894736842105264, '1_number_of_features')
32.13/26.25	(9.701754385964913, '0_number_of_categorical_features')
32.13/26.25	(10.210526315789474, '0_number_of_numeric_features')
32.13/26.25	(10.68421052631579, '1_number_of_numeric_features')
32.13/26.25	(11.56140350877193, '0_number_of_features')
32.13/26.25	(11.842105263157896, '1_number_of_classes')
32.13/26.25	(13.508771929824562, '1_number_of_categorical_features')
32.13/26.25	(14.614035087719298, '0_number_of_classes')
32.13/26.25	Result for ParamILS: SAT, 25.240063, 1, 0.315981, -1, /home/feurerm/thesis/Software/pyMetaLearn/optimizers/metalearn_optimizer/learn_distances.py
