0.80/1.02	['/home/feurerm/thesis/Software/pyMetaLearn/optimizers/metalearn_optimizer/learn_distances.py', '--input_file', '/home/feurerm/thesis/experiments/2014_04_25_predict_distances/testfold_0-3_pfahringer_spearman_rank_perm.pkl', '--fold', '0', '--folds', '1', '--params', '-max_features', '0.438991017308', '-min_samples_leaf', '5', '-min_samples_split', '3', '-n_estimators', '32', '-n_jobs', '4', '-seed', '96']
0.80/1.03	Metafeatures (57, 8)
0.80/1.03	X (3192, 16)
0.80/1.03	Y (3192,)
0.80/1.03	Dataset Mae MSE Rho
1.31/1.38	vehicle 0.31786447526 0.124628192687 0.527154717936
1.91/1.74	anneal.ORIG 0.359875239836 0.159774563124 0.597937601583
2.59/2.11	segment 0.196558920741 0.0499712452622 0.806407738351
3.15/2.47	pendigits 0.291603439244 0.108862986766 0.680679237261
3.74/2.83	mushroom 0.182732040412 0.0426834028146 0.648681495339
4.36/3.20	labor 0.290432296091 0.117081946472 0.295090286619
4.95/3.56	abalone 0.260650426376 0.0852905542129 0.672922208916
5.58/3.92	diabetes 0.538941033441 0.358296613484 0.224307402972
6.19/4.29	car 0.331529128602 0.153409060053 0.428252606539
6.78/4.66	autos 0.230409360647 0.067830105092 0.58888773518
7.40/5.02	mfeat-fourier 0.563978329659 0.411209978164 -0.459927138947
8.00/5.38	primary-tumor 0.222917069037 0.0615354489947 0.541699146083
8.63/5.75	waveform-5000 0.196948589909 0.0557614404254 0.696193293951
9.25/6.11	credit-a 0.382361074351 0.206815608439 0.407567197619
9.86/6.48	letter 0.249349366592 0.0837059136302 0.649327914367
10.45/6.84	postoperative-patient-data 0.425397631443 0.230420568073 0.0200389898909
11.06/7.20	vowel 0.417654835888 0.217733980075 0.373953408125
11.66/7.57	eucalyptus 0.418621480982 0.232867742708 -0.014867637661
12.25/7.93	cylinder-bands 0.328932461323 0.133484168588 0.423404463823
12.86/8.29	ionosphere 0.407636158964 0.200261325801 0.0882361974228
13.46/8.66	mfeat-karhunen 0.162276897689 0.038764221244 0.788308005546
14.09/9.02	balance-scale 0.243407780744 0.0822050917825 0.428575816053
14.71/9.39	mfeat-morphological 0.490372789043 0.317373280963 -0.255335516352
15.30/9.75	liver-disorders 0.268259747419 0.0946515712776 0.494510556985
15.90/10.12	dermatology 0.198137481988 0.0504520911113 0.531356441623
16.51/10.48	vote 0.068382867076 0.00779859739499 0.80931662398
17.11/10.84	breast-cancer 0.159148605552 0.0333216879082 0.343894923289
17.77/11.20	credit-g 0.597183115822 0.485062512091 -0.534265327252
18.31/11.56	soybean 0.117677217358 0.0224919461741 0.703303903267
18.92/11.92	arrhythmia 0.268090330779 0.101584691165 0.236589364518
19.54/12.28	nursery 0.27603874228 0.0989357599118 0.576605773634
20.15/12.65	hepatitis 0.301624533213 0.127862833943 0.0617330172445
20.78/13.01	cmc 0.285633634184 0.106312232854 0.287333258274
21.38/13.38	heart-c 0.24175379561 0.0790802609818 0.763744082454
22.00/13.77	glass 0.352003829454 0.153163423911 0.356176884835
22.59/14.13	braziltourism 0.432327870108 0.240223962752 0.120233939345
23.18/14.49	iris 0.315988177353 0.125829535259 0.314159647967
23.79/14.85	heart-statlog 0.266160123759 0.0975179131281 0.776672463029
24.41/15.22	page-blocks 0.380397230405 0.195094581618 0.275051296728
25.00/15.58	breast-w 0.202060969068 0.0552084578086 0.579837868778
25.61/15.94	heart-h 0.164616505751 0.0368420533163 0.676800723089
26.22/16.31	yeast 0.270148589926 0.0931522385108 0.628965714962
26.83/16.67	tae 0.340933207568 0.14079036206 0.220105679285
27.43/17.03	haberman 0.251045258009 0.0813207492272 0.137687253121
28.11/17.40	mfeat-pixel 0.342993369585 0.1445401432 0.237235783547
28.68/17.76	optdigits 0.176781893674 0.0422179964922 0.750492492365
29.29/18.12	mfeat-factors 0.188564359657 0.0511351411683 0.748876444793
29.88/18.48	satimage 0.261760663968 0.0942254561468 0.46380565312
30.49/18.85	lymph 0.207993532281 0.0642252415273 0.506146099502
31.09/19.21	audiology 0.329233197192 0.141408374704 0.269556734984
31.70/19.58	ecoli 0.412450197641 0.216462109191 0.084034473736
32.32/19.94	tic-tac-toe 0.303260032675 0.133525085459 0.63252101962
32.93/20.30	spambase 0.214096659513 0.0593947555753 0.819982537954
33.53/20.67	zoo 0.104460386118 0.0149844611456 0.800913176607
34.17/21.04	sonar 0.512532724832 0.324734502204 -0.12799096769
34.77/21.40	mfeat-zernike 0.276143251443 0.103243257504 0.379124760355
35.38/21.77	kr-vs-kp 0.169171219112 0.0359243052459 0.729807083445
35.38/21.79	MAE 0.294166739415 0.113560227035
35.38/21.79	MSE 0.129696240892 0.129696240892
35.38/21.79	Mean tau 0.417751132493 0.312616195935
35.38/21.79	(0.0, '1_class_probability_max')
35.38/21.79	(1.0701754385964912, '0_class_probability_max')
35.38/21.79	(2.4210526315789473, '0_landmark_decision_tree')
35.38/21.79	(3.017543859649123, '0_landmark_naive_bayes')
35.38/21.79	(3.543859649122807, '1_landmark_decision_tree')
35.38/21.79	(5.43859649122807, '1_landmark_naive_bayes')
35.38/21.79	(7.701754385964913, '1_number_of_numeric_features')
35.38/21.79	(7.7368421052631575, '1_landmark_lda')
35.38/21.79	(7.982456140350878, '0_landmark_lda')
35.38/21.79	(9.210526315789474, '0_number_of_numeric_features')
35.38/21.79	(9.456140350877194, '0_number_of_categorical_features')
35.38/21.79	(10.263157894736842, '1_number_of_categorical_features')
35.38/21.79	(11.614035087719298, '1_number_of_features')
35.38/21.79	(11.631578947368421, '0_number_of_features')
35.38/21.79	(14.210526315789474, '0_number_of_classes')
35.38/21.79	(14.701754385964913, '1_number_of_classes')
35.38/21.79	Result for ParamILS: SAT, 20.764931, 1, 0.294167, -1, /home/feurerm/thesis/Software/pyMetaLearn/optimizers/metalearn_optimizer/learn_distances.py
