0.74/1.68	['/home/feurerm/thesis/Software/pyMetaLearn/optimizers/metalearn_optimizer/learn_distances.py', '--input_file', '/home/feurerm/thesis/experiments/2014_04_25_predict_distances/testfold_0-3_pfahringer_spearman_rank_perm.pkl', '--fold', '0', '--folds', '1', '--params', '-max_features', '0.423593023175', '-min_samples_leaf', '4', '-min_samples_split', '9', '-n_estimators', '13', '-n_jobs', '4', '-seed', '93']
0.74/1.69	Metafeatures (57, 8)
0.74/1.69	X (3192, 16)
0.74/1.69	Y (3192,)
0.74/1.69	Dataset Mae MSE Rho
1.03/2.03	vehicle 0.359307358461 0.159128528598 0.398517331217
1.29/2.31	anneal.ORIG 0.387754153199 0.184031431379 0.478673290781
1.54/2.93	segment 0.195795968086 0.0523059839134 0.783136653316
1.80/3.79	pendigits 0.293879531326 0.111950766632 0.612158820215
2.05/4.04	mushroom 0.184429435705 0.0460144881432 0.644156562138
2.31/4.29	labor 0.265082988778 0.101128123905 0.386558579185
2.57/4.53	abalone 0.243342578366 0.0766826584296 0.638662000393
2.88/4.90	diabetes 0.528219838465 0.353878592124 0.157726243012
3.10/5.18	car 0.368261948395 0.192896929955 0.283315929509
3.36/5.71	autos 0.226067168408 0.0686274980175 0.551395431514
3.60/5.96	mfeat-fourier 0.537224715414 0.384438758037 -0.259073265832
3.86/6.23	primary-tumor 0.236908129231 0.0720457796679 0.449907644002
4.12/6.48	waveform-5000 0.18637384294 0.0579402966996 0.70201106521
4.38/6.94	credit-a 0.398279346643 0.223692353451 0.336137894944
4.63/11.85	letter 0.231845205291 0.0817292733477 0.441180987114
4.90/12.13	postoperative-patient-data 0.41592100018 0.218369866684 0.0174533137759
5.15/12.38	vowel 0.439812735462 0.24596598348 0.24563923092
5.43/12.63	eucalyptus 0.397079041731 0.208884020501 0.0323209514369
5.68/12.88	cylinder-bands 0.33006570646 0.142244535714 0.333552218829
5.93/13.13	ionosphere 0.413812959754 0.217502020515 0.0711060931612
6.20/13.38	mfeat-karhunen 0.196262552054 0.0574471622319 0.718494750442
6.47/13.74	balance-scale 0.257623398228 0.0901197475851 0.370721312981
6.74/14.19	mfeat-morphological 0.44403138185 0.267621298925 -0.0355530465806
7.02/14.54	liver-disorders 0.274559985198 0.101523988146 0.399034244129
7.30/14.88	dermatology 0.210346581448 0.0585767324405 0.46606811972
7.58/15.44	vote 0.0753741686508 0.00902879872002 0.7737635774
7.84/15.73	breast-cancer 0.145630638395 0.0322320937285 0.336326554083
8.12/16.19	credit-g 0.632445707765 0.536142259631 -0.636076324278
8.38/16.44	soybean 0.127183893293 0.0248387189827 0.649651123882
8.64/16.99	arrhythmia 0.286343411917 0.113797792197 0.0772470739342
8.90/17.24	nursery 0.275673725363 0.0950671893928 0.575959354606
9.15/18.04	hepatitis 0.268673401119 0.103064057237 0.25081058315
9.43/18.30	cmc 0.309496036143 0.125626236351 0.257597982952
9.67/18.55	heart-c 0.249668272592 0.0848652062543 0.762451244397
9.95/18.88	glass 0.334667131547 0.138228343441 0.42243483528
10.23/19.14	braziltourism 0.412238940476 0.217859320567 0.114092958572
10.49/19.55	iris 0.297607772342 0.113868452636 0.277960182357
10.80/19.81	heart-statlog 0.22206425329 0.0682340104504 0.750815701879
11.04/20.41	page-blocks 0.408083685543 0.232135465164 0.22836589184
11.29/20.66	breast-w 0.208909816023 0.0637666719825 0.520690527649
11.55/20.94	heart-h 0.180009889826 0.0450998238104 0.583716382951
11.83/21.36	yeast 0.249433827014 0.0800465144206 0.701687855695
12.11/21.88	tae 0.348670843781 0.154319252864 0.0213318279484
12.38/22.13	haberman 0.263664792843 0.0902382615978 0.12799096769
12.66/22.40	mfeat-pixel 0.344598464098 0.148111496015 0.197804222794
12.92/22.65	optdigits 0.158747381862 0.0353308974906 0.766329758569
13.21/23.10	mfeat-factors 0.195015830016 0.0541893733474 0.702229157853
13.45/23.36	satimage 0.301747702583 0.118693936705 0.271172782556
13.72/23.61	lymph 0.207336236848 0.0643015543271 0.507762147074
14.01/23.90	audiology 0.319213349995 0.129444379634 0.32030062874
14.25/24.17	ecoli 0.394320245755 0.20334039806 0.191340032506
14.53/24.50	tic-tac-toe 0.27964328135 0.116295211682 0.425020511395
14.78/24.97	spambase 0.245722912121 0.0718793766568 0.800913176607
15.04/25.22	zoo 0.106650742174 0.0165479149981 0.790570472147
15.32/25.49	sonar 0.538188770987 0.367375535949 -0.254042678294
15.59/25.86	mfeat-zernike 0.244276076845 0.0922059185187 0.498065861643
15.87/26.18	kr-vs-kp 0.167272457087 0.0361068268823 0.728191035873
15.87/26.19	MAE 0.295102828258 0.113558372415
15.87/26.19	MSE 0.132579440495 0.132579440495
15.87/26.19	Mean tau 0.385364522228 0.297486985031
15.87/26.19	(0.3157894736842105, '1_class_probability_max')
15.87/26.19	(0.7719298245614035, '0_class_probability_max')
15.87/26.19	(2.087719298245614, '0_landmark_decision_tree')
15.87/26.19	(4.140350877192983, '0_landmark_naive_bayes')
15.87/26.19	(5.087719298245614, '1_landmark_decision_tree')
15.87/26.19	(5.526315789473684, '1_landmark_naive_bayes')
15.87/26.19	(7.017543859649122, '1_landmark_lda')
15.87/26.19	(7.228070175438597, '0_number_of_features')
15.87/26.19	(8.385964912280702, '1_number_of_features')
15.87/26.19	(9.333333333333334, '0_number_of_categorical_features')
15.87/26.19	(9.701754385964913, '0_number_of_numeric_features')
15.87/26.19	(10.192982456140351, '1_number_of_categorical_features')
15.87/26.19	(10.473684210526315, '1_number_of_numeric_features')
15.87/26.19	(10.912280701754385, '0_landmark_lda')
15.87/26.19	(14.263157894736842, '1_number_of_classes')
15.87/26.19	(14.56140350877193, '0_number_of_classes')
15.87/26.19	Result for ParamILS: SAT, 24.511297, 1, 0.295103, -1, /home/feurerm/thesis/Software/pyMetaLearn/optimizers/metalearn_optimizer/learn_distances.py
