0.75/0.91	['/home/feurerm/thesis/Software/pyMetaLearn/optimizers/metalearn_optimizer/learn_distances.py', '--input_file', '/home/feurerm/thesis/experiments/2014_04_25_predict_distances/testfold_0-3_pfahringer_spearman_rank_perm.pkl', '--fold', '0', '--folds', '1', '--params', '-max_features', '0.107194953681', '-min_samples_leaf', '1', '-min_samples_split', '3', '-n_estimators', '31', '-n_jobs', '4', '-seed', '17']
0.75/0.91	Metafeatures (57, 8)
0.75/0.91	X (3192, 16)
0.75/0.91	Y (3192,)
0.75/0.91	Dataset Mae MSE Rho
1.02/1.16	vehicle 0.365257790776 0.167924450892 0.300584848363
1.37/1.43	anneal.ORIG 0.247746694646 0.0800795751076 0.557536412287
1.73/1.71	segment 0.198032587949 0.0541464123746 0.781843815259
2.09/1.99	pendigits 0.287454989633 0.106193704863 0.663225923485
2.45/2.26	mushroom 0.170651779233 0.0375891246644 0.710091303069
2.80/2.53	labor 0.322296554939 0.137919394556 0.407890407134
3.17/2.80	abalone 0.259207890558 0.0908885085409 0.57628256412
3.49/3.07	diabetes 0.451041642288 0.289908535618 -0.12572850109
3.85/3.35	car 0.317315720805 0.135853701286 0.457664672347
4.20/3.62	autos 0.262171516741 0.0945297046921 0.455078996232
4.53/3.89	mfeat-fourier 0.591570046918 0.453501285164 -0.497419442614
4.90/4.16	primary-tumor 0.219262785693 0.0648751601007 0.597291182554
5.26/4.53	waveform-5000 0.272198723436 0.101866781259 0.462189605548
5.62/4.81	credit-a 0.347018594902 0.16276498566 0.480289338352
5.99/5.18	letter 0.240966938799 0.0845070822685 0.595028715953
6.36/5.45	postoperative-patient-data 0.45309447194 0.253401153703 -0.445059501286
6.69/5.74	vowel 0.441421014202 0.246993383165 0.192632870564
7.08/6.12	eucalyptus 0.386564291988 0.203258933816 0.0798327500492
7.45/6.40	cylinder-bands 0.34362007507 0.157804763872 0.326118399998
7.91/6.80	ionosphere 0.455526229682 0.253674961769 -0.0888826164515
8.20/7.07	mfeat-karhunen 0.188134825152 0.051086919944 0.804468481265
8.55/7.35	balance-scale 0.21874379335 0.0678129550554 0.591473411295
8.94/7.63	mfeat-morphological 0.508370279196 0.342104012311 -0.226569869573
9.30/7.91	liver-disorders 0.307965423943 0.123610933985 0.479966128838
9.65/8.18	dermatology 0.226020388287 0.0671195824442 0.457664672347
9.99/8.46	vote 0.0886389276396 0.0127248528954 0.771824320313
10.37/8.73	breast-cancer 0.327947215641 0.1323848759 -0.0458957510404
10.69/9.00	credit-g 0.549252946324 0.407498991211 -0.388821045786
11.05/9.28	soybean 0.156354383898 0.0391117438682 0.670336532801
11.41/9.56	arrhythmia 0.303997533133 0.124768474099 0.0200389898909
11.79/9.83	nursery 0.280328658764 0.0992640048992 0.535881374824
12.17/10.10	hepatitis 0.403172555266 0.247192206372 -0.468330586321
12.48/10.37	cmc 0.367140689145 0.160400078638 0.225923450544
12.84/10.64	heart-c 0.246815455943 0.0798333008981 0.812871928638
13.20/11.02	glass 0.345420233989 0.14740819706 0.355530465806
13.54/11.29	braziltourism 0.572590004298 0.415400419465 -0.266971058869
13.88/11.57	iris 0.304154580123 0.118141159043 0.297029543705
14.26/11.84	heart-statlog 0.316618754252 0.140510327196 0.63025855302
14.72/12.11	page-blocks 0.324072445021 0.151233801881 0.354237627748
14.99/12.38	breast-w 0.216200824853 0.0658140303453 0.500005118729
15.37/12.76	heart-h 0.174210724394 0.0422390480388 0.634783486221
15.72/13.04	yeast 0.306513302919 0.11905130721 0.596644763525
16.06/13.31	tae 0.290532017879 0.110818044811 0.120880358374
16.39/13.67	haberman 0.307989246232 0.140636168236 0.228832336173
16.76/13.95	mfeat-pixel 0.3529044169 0.152174812605 0.207177298711
17.11/14.21	optdigits 0.152011206068 0.0320746374703 0.804468481265
17.42/14.48	mfeat-factors 0.202848054709 0.0613828482541 0.705243160353
17.77/14.75	satimage 0.299995132904 0.117381090834 0.304463362536
18.12/15.02	lymph 0.186761591903 0.0498367439243 0.658054571255
18.43/15.28	audiology 0.293472746891 0.119922138841 0.48158217641
18.76/15.55	ecoli 0.384781016494 0.199587519465 0.185845470762
19.10/15.82	tic-tac-toe 0.318777516968 0.155041510816 0.364580332208
19.43/16.09	spambase 0.260230805375 0.0948432315341 0.493540928442
19.79/16.36	zoo 0.129221658283 0.0234092029163 0.757603101681
20.13/16.63	sonar 0.489275741075 0.304063286633 -0.142858605351
20.45/16.89	mfeat-zernike 0.311974886282 0.132742395219 0.204268413081
20.77/17.16	kr-vs-kp 0.157711573523 0.0327077573283 0.753401377994
20.77/17.19	MAE 0.307080208723 0.109992332871
20.77/17.19	MSE 0.141386214299 0.141386214299
20.77/17.19	Mean tau 0.35010394817 0.350656966268
20.77/17.19	(0.47368421052631576, '0_number_of_numeric_features')
20.77/17.19	(0.8421052631578947, '1_landmark_decision_tree')
20.77/17.19	(2.7017543859649122, '0_landmark_decision_tree')
20.77/17.19	(3.2280701754385963, '1_landmark_lda')
20.77/17.19	(3.9473684210526314, '1_landmark_naive_bayes')
20.77/17.19	(5.157894736842105, '1_number_of_numeric_features')
20.77/17.19	(5.333333333333333, '1_number_of_categorical_features')
20.77/17.19	(7.245614035087719, '1_number_of_classes')
20.77/17.19	(8.649122807017545, '0_number_of_categorical_features')
20.77/17.19	(8.824561403508772, '0_landmark_naive_bayes')
20.77/17.19	(9.87719298245614, '1_class_probability_max')
20.77/17.19	(11.070175438596491, '0_number_of_classes')
20.77/17.19	(12.508771929824562, '0_landmark_lda')
20.77/17.19	(12.964912280701755, '0_class_probability_max')
20.77/17.19	(13.350877192982455, '1_number_of_features')
20.77/17.19	(13.824561403508772, '0_number_of_features')
20.77/17.19	Result for ParamILS: SAT, 16.278529, 1, 0.307080, -1, /home/feurerm/thesis/Software/pyMetaLearn/optimizers/metalearn_optimizer/learn_distances.py
