0.75/0.93	['/home/feurerm/thesis/Software/pyMetaLearn/optimizers/metalearn_optimizer/learn_distances.py', '--input_file', '/home/feurerm/thesis/experiments/2014_04_25_predict_distances/testfold_0-3_pfahringer_spearman_rank_perm.pkl', '--fold', '0', '--folds', '1', '--params', '-max_features', '0.499941710155', '-min_samples_leaf', '5', '-min_samples_split', '3', '-n_estimators', '89', '-n_jobs', '4', '-seed', '8']
0.75/0.94	Metafeatures (57, 8)
0.75/0.94	X (3192, 16)
0.75/0.94	Y (3192,)
0.75/0.94	Dataset Mae MSE Rho
2.13/1.58	vehicle 0.348339488611 0.14819825259 0.383649693556
3.72/2.28	anneal.ORIG 0.373719678727 0.167626354557 0.652560009511
5.16/2.87	segment 0.199457997195 0.0504034155797 0.803175643207
6.67/3.56	pendigits 0.28705114519 0.106342415655 0.721726845586
8.18/4.25	mushroom 0.17114557803 0.036731601585 0.710091303069
9.70/4.95	labor 0.29764251527 0.12595423864 0.266971058869
11.20/5.54	abalone 0.260529148719 0.0877210477322 0.654822476112
12.75/6.34	diabetes 0.512938223606 0.331556993465 0.212995069969
14.28/7.03	car 0.324247499642 0.139349190833 0.472855519522
15.91/7.75	autos 0.22547151277 0.0665570050002 0.624117572247
17.40/8.46	mfeat-fourier 0.556258101034 0.400757875184 -0.419525949651
18.94/9.26	primary-tumor 0.209334306245 0.0550990618418 0.575312935577
20.55/10.10	waveform-5000 0.1962154163 0.0536409027875 0.744351511592
22.17/10.92	credit-a 0.38618044067 0.208793521004 0.323855933398
23.62/11.63	letter 0.233004750278 0.079033646573 0.67615430406
25.19/12.33	postoperative-patient-data 0.407492334626 0.213715939441 0.124758872546
26.87/13.14	vowel 0.445804229479 0.248369070497 0.257597982952
28.31/13.84	eucalyptus 0.409449846923 0.217049054199 -0.0239175040633
29.84/14.54	cylinder-bands 0.320378171711 0.128357086413 0.450230853516
31.50/15.34	ionosphere 0.411710033144 0.201786461702 0.114092958572
33.01/16.15	mfeat-karhunen 0.159972610808 0.0369936702152 0.793156148262
34.57/16.96	balance-scale 0.230734886603 0.0702591400941 0.482228595439
36.13/17.76	mfeat-morphological 0.482421928593 0.310682579338 -0.257274773438
37.68/18.46	liver-disorders 0.274205057318 0.0990117453945 0.560445297916
39.21/19.16	dermatology 0.197413163223 0.0517090169108 0.52747792745
40.83/19.88	vote 0.0654166028313 0.00714861092165 0.815457604753
42.31/20.68	breast-cancer 0.169748213923 0.0379781765686 0.354884046777
43.84/21.38	credit-g 0.55178830316 0.401811246605 -0.60213932527
45.49/22.08	soybean 0.118312125798 0.0233313462243 0.775702834486
47.08/22.80	arrhythmia 0.277102178846 0.102203516682 0.124435663032
48.52/23.61	nursery 0.27619222827 0.0972591113022 0.58662526858
50.22/24.30	hepatitis 0.325415836721 0.153351246146 -0.269233525469
51.65/25.01	cmc 0.301527860825 0.114189021162 0.233680478889
53.18/25.73	heart-c 0.238461662928 0.0762884920145 0.801236386121
54.74/26.57	glass 0.337387022123 0.137823094662 0.473178729036
56.27/27.26	braziltourism 0.421038705181 0.227221746156 0.0688436265606
57.86/27.96	iris 0.301817069292 0.116360040745 0.328057657085
59.54/28.68	heart-statlog 0.265008050657 0.0949169088162 0.799620338549
61.03/29.39	page-blocks 0.340457083712 0.154316210758 0.35068232309
62.58/30.11	breast-w 0.218042979546 0.0652864105056 0.483198223982
64.14/30.81	heart-h 0.170672985528 0.0378091861292 0.694254036865
65.56/31.52	yeast 0.281427435231 0.100840168624 0.620562267589
67.11/32.26	tae 0.354327497014 0.152635297336 0.155786985926
68.72/32.97	haberman 0.249860032007 0.079700125671 0.176149185331
70.16/33.67	mfeat-pixel 0.34402849855 0.144567564258 0.202329155995
71.69/35.84	optdigits 0.169547519763 0.0379062791182 0.780550977201
73.22/36.54	mfeat-factors 0.187827968649 0.0487635084353 0.744351511592
74.81/37.27	satimage 0.258827264721 0.0917277700248 0.462189605548
76.36/38.12	lymph 0.202966107492 0.0600136867222 0.577575402177
77.92/38.84	audiology 0.328481407286 0.143427235321 0.363610703665
79.59/39.56	ecoli 0.399074083291 0.20658779438 0.172593880673
81.11/40.36	tic-tac-toe 0.299884556759 0.133460809821 0.641894095537
82.67/41.16	spambase 0.205322425757 0.0521771019304 0.882361974228
84.28/41.88	zoo 0.104735194372 0.0148152935519 0.820952166497
85.75/42.58	sonar 0.500082142596 0.314050576874 -0.129930224776
87.28/43.38	mfeat-zernike 0.247434091631 0.0861865129674 0.573050468976
88.88/44.12	kr-vs-kp 0.168808748325 0.0362579731974 0.731099921503
88.88/44.17	MAE 0.291265648202 0.109940710185
88.88/44.17	MSE 0.126072128963 0.126072128963
88.88/44.17	Mean tau 0.425009170711 0.333597798041
88.88/44.17	(0.19298245614035087, '1_class_probability_max')
88.88/44.17	(0.9473684210526315, '0_landmark_decision_tree')
88.88/44.17	(1.8771929824561404, '0_class_probability_max')
88.88/44.17	(3.0, '1_landmark_decision_tree')
88.88/44.17	(4.245614035087719, '1_landmark_naive_bayes')
88.88/44.17	(4.771929824561403, '0_landmark_naive_bayes')
88.88/44.17	(6.333333333333333, '1_landmark_lda')
88.88/44.17	(6.7894736842105265, '0_landmark_lda')
88.88/44.17	(9.017543859649123, '1_number_of_numeric_features')
88.88/44.17	(9.350877192982455, '0_number_of_numeric_features')
88.88/44.17	(10.824561403508772, '1_number_of_categorical_features')
88.88/44.17	(10.859649122807017, '1_number_of_features')
88.88/44.17	(11.31578947368421, '0_number_of_categorical_features')
88.88/44.17	(11.473684210526315, '0_number_of_features')
88.88/44.17	(14.456140350877194, '0_number_of_classes')
88.88/44.17	(14.543859649122806, '1_number_of_classes')
88.88/44.17	Result for ParamILS: SAT, 43.239981, 1, 0.291266, -1, /home/feurerm/thesis/Software/pyMetaLearn/optimizers/metalearn_optimizer/learn_distances.py
