0.79/3.64	['/home/feurerm/thesis/Software/pyMetaLearn/optimizers/metalearn_optimizer/learn_distances.py', '--input_file', '/home/feurerm/thesis/experiments/2014_04_25_predict_distances/testfold_0-3_pfahringer_spearman_rank_perm.pkl', '--fold', '0', '--folds', '1', '--params', '-max_features', '0.309419870474', '-min_samples_leaf', '3', '-min_samples_split', '9', '-n_estimators', '62', '-n_jobs', '4', '-seed', '2']
0.79/3.65	Metafeatures (57, 8)
0.79/3.65	X (3192, 16)
0.79/3.65	Y (3192,)
0.79/3.65	Dataset Mae MSE Rho
1.46/4.24	vehicle 0.339237581712 0.140463788314 0.429868654111
2.26/4.75	anneal.ORIG 0.342361691952 0.142939652101 0.623147943704
3.04/5.19	segment 0.213522767092 0.0568713754089 0.799297129035
3.86/5.75	pendigits 0.295063093633 0.109026936635 0.674538256488
4.68/10.62	mushroom 0.173024099013 0.0378627673072 0.689405894149
5.49/11.21	labor 0.311953128446 0.133891070943 0.292827820018
6.29/11.61	abalone 0.264623539515 0.089418303572 0.650943961939
7.09/17.06	diabetes 0.503860189911 0.332471195724 0.114739377601
7.96/17.56	car 0.355251525555 0.177749036458 0.353914418234
8.70/17.94	autos 0.236282579287 0.0730484871886 0.58662526858
9.50/18.32	mfeat-fourier 0.558257347868 0.403027581554 -0.436656053913
10.29/22.83	primary-tumor 0.22915902815 0.0639922203223 0.521013737163
11.08/23.39	waveform-5000 0.22147375772 0.068289812495 0.698455760552
11.88/23.87	credit-a 0.372481338764 0.192454990238 0.394962026559
12.66/24.25	letter 0.238918798846 0.0800987246035 0.652236799997
13.43/24.63	postoperative-patient-data 0.406537194968 0.201874060945 -0.000646419028738
14.29/29.10	vowel 0.438182696609 0.239108983883 0.276990553814
14.98/29.60	eucalyptus 0.392988428204 0.207411280121 0.0429868654111
15.78/30.08	cylinder-bands 0.336131592315 0.143414216206 0.343894923289
16.57/30.57	ionosphere 0.429996547709 0.223134937244 -0.00678739980175
17.36/31.21	mfeat-karhunen 0.157102845085 0.0367363767848 0.812871928638
18.16/31.61	balance-scale 0.22220084252 0.0713606264978 0.562707764517
18.92/31.99	mfeat-morphological 0.466214061648 0.287257951216 -0.151908471753
19.69/32.41	liver-disorders 0.297200279481 0.115984919056 0.535234955795
20.50/32.98	dermatology 0.192693637572 0.0492629242287 0.544284822197
21.27/33.38	vote 0.070524901312 0.00792279138353 0.805761319322
22.06/33.95	breast-cancer 0.205838015645 0.0527444323541 0.306079410107
22.85/34.54	credit-g 0.557745817827 0.412251416914 -0.634137067192
23.66/39.19	soybean 0.114776998967 0.0209365996399 0.765036920512
24.50/40.65	arrhythmia 0.284275579188 0.111001940126 0.190047194449
25.25/41.13	nursery 0.285206974921 0.101335575212 0.576928983149
26.08/41.53	hepatitis 0.328264896126 0.152428545601 -0.305109781564
26.86/41.98	cmc 0.317336207491 0.123098769464 0.236266155004
27.66/42.39	heart-c 0.248199093061 0.0808175891719 0.817396861839
28.43/45.67	glass 0.366051678204 0.162550948639 0.276344134786
29.24/47.87	braziltourism 0.491815782673 0.310115681554 -0.0213318279484
30.07/48.36	iris 0.296413270393 0.11715776508 0.291534981961
30.84/48.76	heart-statlog 0.266218812966 0.0964442157966 0.809963043009
31.63/49.24	page-blocks 0.319540562945 0.145616045986 0.390113883843
32.41/49.77	breast-w 0.219890089925 0.0672738399967 0.467037748263
33.19/50.23	heart-h 0.172405913545 0.0397511048009 0.64803507631
34.00/50.83	yeast 0.287251241085 0.103062434217 0.66872048523
34.80/51.24	tae 0.332976033536 0.136915487262 0.156756614469
35.61/51.63	haberman 0.230755226593 0.0749841621215 0.301231267392
36.37/52.02	mfeat-pixel 0.334317064402 0.135082138054 0.25889082101
37.17/52.64	optdigits 0.165154751435 0.0365843430552 0.787984796032
38.05/53.10	mfeat-factors 0.200106669731 0.0552669486381 0.75534063508
38.74/57.33	satimage 0.279666841492 0.104086590697 0.374276617639
39.54/57.83	lymph 0.176010496499 0.044865788101 0.712030560155
40.32/58.32	audiology 0.319992162438 0.135328159759 0.400133378789
41.13/58.82	ecoli 0.41576034662 0.222104348704 0.112153701486
41.93/59.38	tic-tac-toe 0.294526645927 0.130151865763 0.571757630919
42.68/60.03	spambase 0.209706416501 0.0569807022651 0.830971661443
43.49/60.63	zoo 0.112456220852 0.0160684235539 0.791863310204
44.27/61.26	sonar 0.506107613157 0.320042141015 -0.134778367492
45.08/61.84	mfeat-zernike 0.27372938835 0.103505338974 0.418556321108
45.89/62.25	kr-vs-kp 0.1783614602 0.0401154304269 0.707505626954
45.89/62.29	MAE 0.295721083642 0.109541625295
45.89/62.29	MSE 0.129714803217 0.129714803217
45.89/62.29	Mean tau 0.40944408094 0.334915821623
45.89/62.29	(0.10526315789473684, '1_class_probability_max')
45.89/62.29	(0.9473684210526315, '0_class_probability_max')
45.89/62.29	(2.7719298245614037, '1_landmark_decision_tree')
45.89/62.29	(3.3508771929824563, '0_landmark_decision_tree')
45.89/62.29	(3.6491228070175437, '1_landmark_naive_bayes')
45.89/62.29	(4.333333333333333, '0_landmark_naive_bayes')
45.89/62.29	(6.140350877192983, '0_landmark_lda')
45.89/62.29	(8.31578947368421, '1_landmark_lda')
45.89/62.29	(8.736842105263158, '1_number_of_features')
45.89/62.29	(8.824561403508772, '0_number_of_features')
45.89/62.29	(9.421052631578947, '0_number_of_categorical_features')
45.89/62.29	(10.24561403508772, '0_number_of_numeric_features')
45.89/62.29	(11.964912280701755, '1_number_of_categorical_features')
45.89/62.29	(12.719298245614034, '1_number_of_numeric_features')
45.89/62.29	(13.824561403508772, '0_number_of_classes')
45.89/62.29	(14.649122807017545, '1_number_of_classes')
45.89/62.29	Result for ParamILS: SAT, 58.646222, 1, 0.295721, -1, /home/feurerm/thesis/Software/pyMetaLearn/optimizers/metalearn_optimizer/learn_distances.py
