0.80/2.40	['/home/feurerm/thesis/Software/pyMetaLearn/optimizers/metalearn_optimizer/learn_distances.py', '--input_file', '/home/feurerm/thesis/experiments/2014_04_25_predict_distances/testfold_0-3_pfahringer_spearman_rank_perm.pkl', '--fold', '0', '--folds', '1', '--params', '-max_features', '0.664178085559', '-min_samples_leaf', '2', '-min_samples_split', '7', '-n_estimators', '39', '-n_jobs', '4', '-seed', '73']
0.80/2.41	Metafeatures (57, 8)
0.80/2.41	X (3192, 16)
0.80/2.41	Y (3192,)
0.80/2.41	Dataset Mae MSE Rho
1.69/2.96	vehicle 0.321571197656 0.1223003693 0.453786158174
2.69/3.45	anneal.ORIG 0.45050023171 0.250805654897 0.254042678294
3.68/4.07	segment 0.145413451686 0.0272786541735 0.854889165506
4.70/4.96	pendigits 0.262764957974 0.0923138827684 0.714939445784
5.72/5.43	mushroom 0.157042991658 0.0320130815901 0.711060931612
6.69/5.91	labor 0.308587030396 0.13525037265 0.233357269374
7.74/6.60	abalone 0.199901879022 0.0502627608961 0.766006549055
8.70/7.16	diabetes 0.476307015883 0.286675129638 0.279899439444
9.69/7.62	car 0.345719441663 0.158394511724 0.291534981961
10.67/8.12	autos 0.1961599679 0.0498383830379 0.749522863822
11.67/8.76	mfeat-fourier 0.592530622266 0.455349788709 -0.493217718927
12.64/9.32	primary-tumor 0.20620618429 0.0541222591093 0.585978849551
13.63/10.09	waveform-5000 0.161124261617 0.0386661630708 0.756633473138
14.64/10.60	credit-a 0.34684460352 0.166368688412 0.452816529631
15.63/11.33	letter 0.240027882184 0.0804205016689 0.582746754407
16.63/11.80	postoperative-patient-data 0.440374544847 0.253416306469 0.0287656467788
17.66/12.31	vowel 0.408505457697 0.211374660868 0.389790674329
18.70/12.82	eucalyptus 0.427815803648 0.241354336394 -0.0837112642216
19.78/13.40	cylinder-bands 0.300880602449 0.106865180785 0.539436679482
20.75/13.98	ionosphere 0.384532133185 0.182690952592 0.193925708621
21.80/14.54	mfeat-karhunen 0.121792627018 0.0234088044582 0.848424975219
22.81/15.02	balance-scale 0.238983640235 0.0813117980176 0.435686425369
23.82/15.51	mfeat-morphological 0.472324411867 0.291524108965 -0.218812841228
24.81/16.17	liver-disorders 0.296731641837 0.112805795332 0.529093975022
25.84/16.65	dermatology 0.211419569344 0.057339664973 0.485783900097
26.83/17.12	vote 0.0784799690888 0.0107074069768 0.764713710997
27.92/17.61	breast-cancer 0.16223688548 0.0352340409673 0.37653908424
28.88/18.38	credit-g 0.620367575682 0.518795150174 -0.643510143109
29.91/18.86	soybean 0.1147276574 0.0215898818712 0.751462120908
30.94/19.55	arrhythmia 0.2756050069 0.0980962889506 0.19974347988
31.98/20.12	nursery 0.228847723776 0.0670329949258 0.669690113773
32.99/20.60	hepatitis 0.239940287332 0.079061038143 0.413061759364
33.99/21.11	cmc 0.273992610705 0.0992160066314 0.303816943507
35.01/21.76	heart-c 0.197793702706 0.0568406081111 0.838728689788
36.02/22.39	glass 0.356701177789 0.157510799835 0.296383124676
37.04/22.88	braziltourism 0.479956725853 0.293040994499 -0.0572080840433
38.04/23.37	iris 0.294680418606 0.109497239014 0.379447969869
39.04/24.02	heart-statlog 0.223086749686 0.0732139424172 0.803175643207
40.07/24.59	page-blocks 0.463107522691 0.29494036914 -0.0239175040633
41.08/29.91	breast-w 0.221865916127 0.0656456278882 0.498389071157
42.12/30.41	heart-h 0.14242946296 0.0298712002729 0.725605359759
43.13/30.88	yeast 0.241869691612 0.0756629836601 0.699425389095
44.13/31.36	tae 0.383391688044 0.175964039123 0.14867637661
45.16/32.04	haberman 0.273565531452 0.0977024579496 0.11764826323
46.18/32.51	mfeat-pixel 0.358258111574 0.157160418887 0.195218546679
47.20/33.07	optdigits 0.125152656526 0.0214339768053 0.823214633098
48.20/33.69	mfeat-factors 0.159143621247 0.0379607647639 0.759219149253
49.22/34.28	satimage 0.23602289721 0.0782795992956 0.581777125864
50.25/34.77	lymph 0.212970793196 0.0694558071169 0.418233111594
51.24/35.27	audiology 0.277591148973 0.102854444185 0.554304317143
52.26/35.78	ecoli 0.391847861362 0.204328415797 0.190370403963
53.32/36.26	tic-tac-toe 0.319475636785 0.15373356906 0.452170110602
54.31/36.76	spambase 0.224472623637 0.0595053381085 0.844223251532
55.32/37.41	zoo 0.0947508323345 0.0123684017469 0.824507471155
56.36/37.92	sonar 0.522762903334 0.34508441585 -0.180350909018
57.40/38.48	mfeat-zernike 0.245702308508 0.0875592993713 0.483198223982
58.40/38.98	kr-vs-kp 0.139286064555 0.0256696817673 0.781843815259
58.48/39.01	MAE 0.28586220903 0.125339690547
58.48/39.01	MSE 0.127669631821 0.127669631821
58.48/39.01	Mean tau 0.426880383689 0.340982446141
58.48/39.01	(0.03508771929824561, '1_class_probability_max')
58.48/39.01	(0.9649122807017544, '0_class_probability_max')
58.48/39.01	(2.175438596491228, '0_landmark_decision_tree')
58.48/39.01	(3.736842105263158, '1_landmark_decision_tree')
58.48/39.01	(4.175438596491228, '1_landmark_naive_bayes')
58.48/39.01	(4.2105263157894735, '0_landmark_naive_bayes')
58.48/39.01	(7.105263157894737, '1_number_of_numeric_features')
58.48/39.01	(7.508771929824562, '0_number_of_numeric_features')
58.48/39.01	(9.140350877192983, '1_number_of_categorical_features')
58.48/39.01	(9.473684210526315, '0_landmark_lda')
58.48/39.01	(9.789473684210526, '1_number_of_features')
58.48/39.01	(10.842105263157896, '1_landmark_lda')
58.48/39.01	(10.859649122807017, '0_number_of_features')
58.48/39.01	(11.017543859649123, '0_number_of_categorical_features')
58.48/39.01	(14.368421052631579, '0_number_of_classes')
58.48/39.01	(14.596491228070175, '1_number_of_classes')
58.48/39.01	Result for ParamILS: SAT, 36.601900, 1, 0.285862, -1, /home/feurerm/thesis/Software/pyMetaLearn/optimizers/metalearn_optimizer/learn_distances.py
