0.81/3.20	['/home/feurerm/thesis/Software/pyMetaLearn/optimizers/metalearn_optimizer/learn_distances.py', '--input_file', '/home/feurerm/thesis/experiments/2014_04_25_predict_distances/testfold_0-3_pfahringer_spearman_rank_perm.pkl', '--fold', '0', '--folds', '1', '--params', '-max_features', '0.278878324176', '-min_samples_leaf', '9', '-min_samples_split', '3', '-n_estimators', '10', '-n_jobs', '4', '-seed', '4']
0.81/3.21	Metafeatures (57, 8)
0.81/3.21	X (3192, 16)
0.81/3.21	Y (3192,)
0.81/3.21	Dataset Mae MSE Rho
0.95/3.57	vehicle 0.381159288504 0.182410139021 0.249234634466
1.12/3.97	anneal.ORIG 0.315261433834 0.137514476491 0.368326870137
1.32/4.60	segment 0.285385837534 0.104911025606 0.62206674996
1.46/4.88	pendigits 0.354296161434 0.154762933707 0.490308833298
1.63/5.39	mushroom 0.210783515165 0.056723775206 0.604725001384
1.80/5.68	labor 0.296200164999 0.121028420753 0.423149334003
1.96/6.27	abalone 0.329149671707 0.13603626933 0.504166914242
2.13/6.52	diabetes 0.453789037468 0.281852130012 -0.0265117117028
2.31/6.78	car 0.361517573923 0.176965068844 0.31033106237
2.46/7.02	autos 0.232348208343 0.0746003293494 0.505378728793
2.64/7.86	mfeat-fourier 0.542722382107 0.38392446648 -0.351765150398
2.82/8.11	primary-tumor 0.224692733341 0.0680332383123 0.493742250228
2.99/8.36	waveform-5000 0.229048086615 0.0735647240608 0.595351925468
3.16/9.02	credit-a 0.365409015258 0.17837573762 0.337619496146
3.32/9.42	letter 0.264453620152 0.0992237867736 0.54093463552
3.49/10.04	postoperative-patient-data 0.421373413586 0.227933307774 -0.0205320635713
3.66/10.41	vowel 0.485357563777 0.296188562884 0.0695236075549
3.83/11.03	eucalyptus 0.354409832019 0.165370725121 0.160163198028
4.00/11.34	cylinder-bands 0.345834158025 0.157060348548 0.368135636866
4.15/11.85	ionosphere 0.415226141259 0.219905143159 0.0741825508526
4.33/12.12	mfeat-karhunen 0.21785372646 0.0649567072017 0.6658115996
4.49/12.39	balance-scale 0.265354736955 0.094239212004 0.34182155785
4.67/12.97	mfeat-morphological 0.474686766361 0.296121492385 -0.108122280001
4.84/13.22	liver-disorders 0.321318664192 0.140834330837 0.104090210503
5.01/18.75	dermatology 0.188559415848 0.046881292143 0.54816333637
5.20/19.01	vote 0.0865881144921 0.0124236914675 0.770531482256
5.36/19.26	breast-cancer 0.211740107314 0.0606300661914 0.200874752251
5.55/19.50	credit-g 0.539731348383 0.395095311487 -0.367033928075
5.71/19.75	soybean 0.121569881966 0.0212729631651 0.795418614862
5.90/20.00	arrhythmia 0.313993591801 0.135616061174 0.145444281466
6.05/20.25	nursery 0.31018339459 0.118373273152 0.510347823189
6.22/20.82	hepatitis 0.36223921158 0.189633939097 -0.360950535268
6.38/21.17	cmc 0.311573460537 0.116218941412 0.279760338836
6.55/21.41	heart-c 0.271416890138 0.0983876210209 0.699643273728
6.73/21.85	glass 0.331672722891 0.137765381499 0.43886283173
6.89/22.10	braziltourism 0.480124252393 0.29643339031 0.0017783677109
7.06/22.38	iris 0.315842936216 0.130452153779 0.169361785529
7.24/22.66	heart-statlog 0.285681531024 0.11257272653 0.641887405083
7.42/22.93	page-blocks 0.312290276908 0.138235451558 0.447268307697
7.60/23.33	breast-w 0.239945379926 0.0793779240756 0.464203547462
7.78/23.59	heart-h 0.220381791866 0.0646340545244 0.491881987828
7.95/23.96	yeast 0.351591575821 0.160985282698 0.371104228751
8.12/24.50	tae 0.322054943809 0.130384551819 0.125617428306
8.31/24.76	haberman 0.256064806381 0.0896975239854 0.215361500612
8.48/25.01	mfeat-pixel 0.318909998566 0.131793492483 0.262347836426
8.65/27.65	optdigits 0.242194541125 0.0786515660074 0.66872048523
8.84/30.13	mfeat-factors 0.256216136859 0.0910891324569 0.615602039646
9.00/30.42	satimage 0.262283876805 0.0953874129869 0.443640745295
9.18/30.66	lymph 0.189883644989 0.0518957702157 0.642540514566
9.35/30.92	audiology 0.310178571001 0.125272554593 0.375569455697
9.52/31.17	ecoli 0.382523668413 0.183734413724 0.216764293683
9.70/31.42	tic-tac-toe 0.289679995275 0.131248026676 0.3868817887
9.87/31.66	spambase 0.217411146545 0.0634564242501 0.731966825297
10.05/32.12	zoo 0.158200899079 0.0337563943733 0.664733838032
10.22/32.46	sonar 0.519523390217 0.34228582297 -0.196688811302
10.40/32.83	mfeat-zernike 0.279572656861 0.105649654313 0.427155733994
10.58/33.49	kr-vs-kp 0.221430871733 0.063965168046 0.60213932527
10.61/33.50	MAE 0.309278715164 0.0977443088763
10.61/33.50	MSE 0.139049013784 0.139049013784
10.61/33.50	Mean tau 0.34654446478 0.283783536519
10.61/33.50	(0.5087719298245614, '1_landmark_naive_bayes')
10.61/33.50	(1.2982456140350878, '0_class_probability_max')
10.61/33.50	(2.824561403508772, '1_landmark_lda')
10.61/33.50	(2.8771929824561404, '0_landmark_decision_tree')
10.61/33.50	(3.3684210526315788, '1_class_probability_max')
10.61/33.50	(6.43859649122807, '0_landmark_lda')
10.61/33.50	(6.701754385964913, '0_number_of_categorical_features')
10.61/33.50	(7.824561403508772, '1_number_of_features')
10.61/33.50	(8.859649122807017, '0_landmark_naive_bayes')
10.61/33.50	(8.894736842105264, '1_number_of_numeric_features')
10.61/33.50	(9.649122807017545, '1_landmark_decision_tree')
10.61/33.50	(10.228070175438596, '0_number_of_numeric_features')
10.61/33.50	(11.280701754385966, '0_number_of_features')
10.61/33.50	(12.543859649122806, '1_number_of_classes')
10.61/33.50	(12.719298245614034, '1_number_of_categorical_features')
10.61/33.50	(13.982456140350877, '0_number_of_classes')
10.61/33.50	Result for ParamILS: SAT, 30.292868, 1, 0.309279, -1, /home/feurerm/thesis/Software/pyMetaLearn/optimizers/metalearn_optimizer/learn_distances.py
