0.68/0.87	['/home/feurerm/thesis/Software/pyMetaLearn/optimizers/metalearn_optimizer/learn_distances.py', '--input_file', '/home/feurerm/thesis/experiments/2014_04_25_predict_distances/testfold_0-3_pfahringer_spearman_rank_perm.pkl', '--fold', '0', '--folds', '1', '--params', '-max_features', '0.706750631048', '-min_samples_leaf', '6', '-min_samples_split', '6', '-n_estimators', '30', '-n_jobs', '4', '-seed', '66']
0.68/0.88	Metafeatures (57, 8)
0.68/0.88	X (3192, 16)
0.68/0.88	Y (3192,)
0.68/0.88	Dataset Mae MSE Rho
1.42/1.22	vehicle 0.351856273032 0.151670009392 0.381387226955
2.20/1.57	anneal.ORIG 0.471833670922 0.269558408379 0.23741648628
2.97/1.93	segment 0.200593970135 0.0507044884023 0.797681081463
3.74/2.28	pendigits 0.287786732814 0.108054003669 0.659024199798
4.50/2.64	mushroom 0.187205118012 0.0440902962231 0.661933085428
5.30/3.00	labor 0.320336457574 0.145180334172 0.208470136768
6.02/3.36	abalone 0.27057513568 0.0914595362341 0.662256294942
6.77/3.72	diabetes 0.531957415573 0.35055386358 0.226893079087
7.54/4.07	car 0.368539719348 0.184289901744 0.203945203567
8.30/4.43	autos 0.194287668644 0.052222704063 0.695223665408
9.07/4.79	mfeat-fourier 0.585235226396 0.449951179626 -0.432131120711
9.84/5.14	primary-tumor 0.209189763005 0.0559063040158 0.57628256412
10.61/5.50	waveform-5000 0.173353976091 0.0442439702361 0.752108539937
11.37/6.96	credit-a 0.365953976758 0.190728106543 0.369428474924
12.15/7.51	letter 0.243718338634 0.0820363935206 0.63542990525
12.93/8.23	postoperative-patient-data 0.445725214569 0.261285865643 -0.00290888562932
13.70/8.59	vowel 0.428012483163 0.229535384369 0.356500094349
14.51/8.96	eucalyptus 0.422010089778 0.24069725784 -0.0601169696726
15.31/9.43	cylinder-bands 0.321502809074 0.125473032717 0.492248090384
16.09/9.89	ionosphere 0.406632172574 0.196143074003 0.103596982781
16.86/10.25	mfeat-karhunen 0.173790075192 0.0429601662993 0.76859222517
17.62/10.61	balance-scale 0.257416235991 0.0893395226221 0.351005532605
18.38/10.97	mfeat-morphological 0.495042582406 0.323605295342 -0.280222648958
19.16/11.33	liver-disorders 0.263929282564 0.0923233776105 0.517781642019
19.92/11.68	dermatology 0.19515868617 0.0494175902826 0.51713522299
20.70/12.04	vote 0.0768597140655 0.00925527931228 0.796065033891
21.45/12.40	breast-cancer 0.153413792932 0.0312686635679 0.374468344936
22.23/12.76	credit-g 0.653356816628 0.560716855974 -0.613128448758
23.02/13.12	soybean 0.130436656644 0.0274959317523 0.702980693753
23.77/13.48	arrhythmia 0.262232532282 0.0919347408836 0.212671860455
24.56/13.83	nursery 0.270018733643 0.0953340986016 0.602462534784
25.31/14.19	hepatitis 0.251635960688 0.0862652674135 0.38171043647
26.07/14.55	cmc 0.260444750884 0.0892397961954 0.329996914171
26.83/14.90	heart-c 0.239919937644 0.0772353243705 0.776995672543
27.58/15.26	glass 0.360445759257 0.154696610764 0.340016409116
28.34/15.62	braziltourism 0.430863083042 0.242462450759 0.152231681268
29.11/15.98	iris 0.289423705739 0.113543484114 0.267617477898
29.89/16.34	heart-statlog 0.247179595348 0.0839051351302 0.75307816848
30.68/16.71	page-blocks 0.441220162325 0.259979729756 0.0972860638251
31.47/17.08	breast-w 0.217978005038 0.0648384978694 0.580161078292
32.23/17.44	heart-h 0.150989763813 0.0319682331414 0.687789846577
33.02/17.81	yeast 0.280176600531 0.0987869978373 0.642107351933
33.78/18.17	tae 0.365664827123 0.16554945398 0.151585262239
34.55/18.53	haberman 0.275222705532 0.1007689867 0.039431560753
35.31/18.89	mfeat-pixel 0.375110989617 0.173145772609 0.163867223785
36.08/19.25	optdigits 0.17923969598 0.0407154621431 0.774086786914
36.84/19.61	mfeat-factors 0.199201087071 0.055028259023 0.704919950839
37.61/19.97	satimage 0.247399859172 0.0847887670462 0.521013737163
38.36/20.33	lymph 0.217066921806 0.0684638790887 0.442797034686
39.12/20.69	audiology 0.307539948803 0.11930416502 0.411768921306
39.90/21.06	ecoli 0.396695046502 0.203147667212 0.171947461644
40.66/21.42	tic-tac-toe 0.346487412336 0.188577505318 0.282161906044
41.43/21.78	spambase 0.236798207814 0.06463637837 0.828062775814
42.19/22.14	zoo 0.102608109515 0.0148999942977 0.826446728242
43.01/22.50	sonar 0.508282593686 0.325176001806 -0.141565767294
43.72/22.86	mfeat-zernike 0.254406538035 0.0869889861064 0.462512815062
44.48/23.22	kr-vs-kp 0.182703383539 0.0427805584185 0.695870084437
44.48/23.23	MAE 0.29969589423 0.121242191043
44.48/23.23	MSE 0.136391736862 0.136391736862
44.48/23.23	Mean tau 0.400322415974 0.320936212664
44.48/23.23	(0.19298245614035087, '0_class_probability_max')
44.48/23.23	(0.8070175438596491, '1_class_probability_max')
44.48/23.23	(3.1578947368421053, '1_landmark_decision_tree')
44.48/23.23	(3.5964912280701755, '1_landmark_naive_bayes')
44.48/23.23	(3.6140350877192984, '0_landmark_naive_bayes')
44.48/23.23	(4.2105263157894735, '0_landmark_decision_tree')
44.48/23.23	(6.9298245614035086, '0_number_of_numeric_features')
44.48/23.23	(8.350877192982455, '1_number_of_numeric_features')
44.48/23.23	(8.929824561403509, '0_number_of_categorical_features')
44.48/23.23	(9.24561403508772, '1_landmark_lda')
44.48/23.23	(9.719298245614034, '1_number_of_categorical_features')
44.48/23.23	(10.263157894736842, '0_number_of_features')
44.48/23.23	(10.543859649122806, '1_number_of_features')
44.48/23.23	(11.491228070175438, '0_landmark_lda')
44.48/23.23	(14.473684210526315, '0_number_of_classes')
44.48/23.23	(14.473684210526315, '1_number_of_classes')
44.48/23.23	Result for ParamILS: SAT, 22.362997, 1, 0.299696, -1, /home/feurerm/thesis/Software/pyMetaLearn/optimizers/metalearn_optimizer/learn_distances.py
