0.69/0.87	['/home/feurerm/thesis/Software/pyMetaLearn/optimizers/metalearn_optimizer/learn_distances.py', '--input_file', '/home/feurerm/thesis/experiments/2014_04_25_predict_distances/testfold_0-3_pfahringer_spearman_rank_perm.pkl', '--fold', '0', '--folds', '1', '--params', '-max_features', '0.287910752531', '-min_samples_leaf', '8', '-min_samples_split', '10', '-n_estimators', '1', '-n_jobs', '4', '-seed', '20']
0.69/0.88	Metafeatures (57, 8)
0.69/0.88	X (3192, 16)
0.69/0.88	Y (3192,)
0.69/0.88	Dataset Mae MSE Rho
0.77/0.90	vehicle 0.363521406923 0.205411163158 0.311688494934
0.77/0.93	anneal.ORIG 0.210237651743 0.0682693006558 0.567379905723
0.77/0.95	segment 0.354483713033 0.176336282272 0.324251052687
0.77/0.98	pendigits 0.322122213349 0.150546488309 0.496136047412
0.77/1.00	mushroom 0.252670638175 0.0973958532074 0.457166577735
0.88/1.03	labor 0.35399300291 0.250976535968 0.389490349837
0.88/1.05	abalone 0.350348223358 0.193329760141 0.37232896236
0.88/1.08	diabetes 0.52348327732 0.392041735339 -0.15375218958
0.88/1.10	car 0.336900930502 0.164027469088 0.297718035546
0.98/1.13	autos 0.316815585801 0.152018868299 0.324251141244
0.98/1.15	mfeat-fourier 0.556346860055 0.447291749906 -0.111494882426
0.98/1.18	primary-tumor 0.233470302558 0.0876558769185 0.436362324984
1.07/1.20	waveform-5000 0.275968024122 0.122509206433 0.372653248875
1.07/1.23	credit-a 0.428481660092 0.275208815215 0.217161906408
1.07/1.25	letter 0.218883857437 0.0864513056115 0.467773606865
1.07/1.28	postoperative-patient-data 0.568239449251 0.455607575153 0.00854039672298
1.18/1.30	vowel 0.540577118077 0.405485548662 -0.0945264134481
1.18/1.33	eucalyptus 0.377828815946 0.199759083103 0.162481623521
1.18/1.35	cylinder-bands 0.295697437193 0.134572853094 0.426537441461
1.18/1.38	ionosphere 0.441085240661 0.264360006476 0.044793004282
1.28/1.40	mfeat-karhunen 0.316373147031 0.150447485865 0.368645682975
1.28/1.43	balance-scale 0.286212950517 0.121322937893 0.284206228262
1.28/1.45	mfeat-morphological 0.523330400043 0.380076282309 -0.0774773740533
1.28/1.48	liver-disorders 0.442751530629 0.260009354876 0.08623782352
1.38/1.50	dermatology 0.201488577999 0.0674976845401 0.469953317249
1.38/1.53	vote 0.145094403404 0.0331539873931 0.587423542211
1.38/1.55	breast-cancer 0.151838734617 0.0387763760631 0.44170020451
1.38/1.58	credit-g 0.431484336652 0.279318657356 0.0854044462931
1.48/1.60	soybean 0.158388224099 0.0458803023185 0.550727602906
1.48/1.62	arrhythmia 0.365248914585 0.178931333314 0.0619368883607
1.48/1.65	nursery 0.330618882749 0.1809041648 0.376269940154
1.48/1.67	hepatitis 0.43381987688 0.278664807822 0.0436574164189
1.58/1.70	cmc 0.325293100681 0.151433846176 0.148160702476
1.58/1.73	heart-c 0.336360779137 0.166726631351 0.337212979299
1.58/1.75	glass 0.419324393747 0.253897074097 0.136091450307
1.58/1.78	braziltourism 0.322507173002 0.153974746181 0.263372356949
1.68/1.80	iris 0.427313241042 0.300085723096 -0.0398577426033
1.68/1.83	heart-statlog 0.495243957349 0.363667147669 0.0817880344133
1.68/1.85	page-blocks 0.329748379839 0.218097038456 0.398324306946
1.68/1.88	breast-w 0.256589025829 0.109305218183 0.378280170522
1.77/1.90	heart-h 0.286320314135 0.128218323044 0.3465974026
1.77/1.93	yeast 0.47392862587 0.327258468274 -0.00197500750881
1.77/1.95	tae 0.362174807856 0.189729294035 0.193790776676
1.77/1.98	haberman 0.451387512959 0.296517484335 0.0156996233079
1.87/2.00	mfeat-pixel 0.407815209875 0.256915669426 0.157269555475
1.87/2.03	optdigits 0.296857939441 0.14055514117 0.392432827956
1.87/2.05	mfeat-factors 0.272958402928 0.143564781748 0.44642022503
1.87/2.08	satimage 0.370304545235 0.180956437354 0.129465528796
1.87/2.10	lymph 0.209250846318 0.079298057823 0.45714861137
1.98/2.13	audiology 0.327583996662 0.159349720425 0.235398039373
1.98/2.15	ecoli 0.43111306507 0.257893186884 0.0685686118037
1.98/2.18	tic-tac-toe 0.477380872035 0.356865356385 -0.039270236364
1.98/2.20	spambase 0.282678604454 0.110757149124 0.541322388961
2.08/2.23	zoo 0.175347747969 0.0516501664033 0.596862695281
2.08/2.25	sonar 0.458424033487 0.298496736923 0.0637628918583
2.08/2.28	mfeat-zernike 0.426941892513 0.26000869226 0.0327442446516
2.17/2.30	kr-vs-kp 0.195830436212 0.0589100445634 0.607188928247
2.17/2.30	MAE 0.349587443708 0.106374406653
2.17/2.30	MSE 0.199269666438 0.199269666438
2.17/2.30	Mean tau 0.255130275786 0.206602463706
2.17/2.30	(2.017543859649123, '0_landmark_naive_bayes')
2.17/2.30	(2.8421052631578947, '1_landmark_naive_bayes')
2.17/2.30	(5.0, '1_class_probability_max')
2.17/2.30	(5.491228070175438, '0_class_probability_max')
2.17/2.30	(5.649122807017544, '1_landmark_decision_tree')
2.17/2.30	(7.649122807017544, '0_number_of_numeric_features')
2.17/2.30	(7.771929824561403, '0_landmark_decision_tree')
2.17/2.30	(7.87719298245614, '1_number_of_numeric_features')
2.17/2.30	(7.9298245614035086, '1_number_of_features')
2.17/2.30	(8.210526315789474, '1_landmark_lda')
2.17/2.30	(8.403508771929825, '0_number_of_features')
2.17/2.30	(9.052631578947368, '0_landmark_lda')
2.17/2.30	(9.157894736842104, '1_number_of_categorical_features')
2.17/2.30	(10.333333333333334, '0_number_of_categorical_features')
2.17/2.30	(11.298245614035087, '1_number_of_classes')
2.17/2.30	(11.31578947368421, '0_number_of_classes')
2.17/2.30	Result for ParamILS: SAT, 1.431033, 1, 0.349587, -1, /home/feurerm/thesis/Software/pyMetaLearn/optimizers/metalearn_optimizer/learn_distances.py
