0.74/0.92	['/home/feurerm/thesis/Software/pyMetaLearn/optimizers/metalearn_optimizer/learn_distances.py', '--input_file', '/home/feurerm/thesis/experiments/2014_04_25_predict_distances/testfold_0-3_pfahringer_spearman_rank_perm.pkl', '--fold', '0', '--folds', '1', '--params', '-max_features', '0.764976286338', '-min_samples_leaf', '3', '-min_samples_split', '7', '-n_estimators', '97', '-n_jobs', '4', '-seed', '25']
0.74/0.92	Metafeatures (57, 8)
0.74/0.92	X (3192, 16)
0.74/0.92	Y (3192,)
0.74/0.92	Dataset Mae MSE Rho
3.25/1.88	vehicle 0.353831340495 0.150529108216 0.334845056886
6.05/3.03	anneal.ORIG 0.454257329675 0.252957442626 0.343571713774
8.78/4.05	segment 0.15211363513 0.0300517974457 0.860706936765
11.58/5.19	pendigits 0.24834896822 0.0817679748396 0.734655226161
14.46/6.20	mushroom 0.167733232225 0.0359274963197 0.67615430406
17.10/7.23	labor 0.31864085815 0.143194410844 0.223014564915
19.86/8.28	abalone 0.207293954501 0.0548053619165 0.765360130026
22.87/9.40	diabetes 0.504612302053 0.316562088543 0.260183659067
25.47/10.42	car 0.368650656301 0.179103024329 0.207823717739
28.25/11.54	autos 0.202352548265 0.0522491520151 0.78119739623
31.02/12.58	mfeat-fourier 0.583861597572 0.444379479963 -0.471562681464
33.80/13.73	primary-tumor 0.221505538273 0.0632566569051 0.556566783744
36.56/14.76	waveform-5000 0.147300408485 0.0340317101651 0.784429491374
39.35/15.89	credit-a 0.35560232299 0.178001569161 0.472855519522
42.05/16.91	letter 0.229126835623 0.0720850150519 0.626380038847
44.85/17.97	postoperative-patient-data 0.441803573158 0.256851000371 0.0743381883049
47.73/19.00	vowel 0.397582844124 0.197159583711 0.444736291772
50.39/20.06	eucalyptus 0.45557021831 0.272501924673 -0.0959932257676
53.13/21.08	cylinder-bands 0.337583453575 0.137024328236 0.381387226955
56.01/22.11	ionosphere 0.425608966998 0.212391248212 0.0203621994053
58.72/23.11	mfeat-karhunen 0.131557878695 0.0266569417329 0.835496594644
61.56/24.29	balance-scale 0.245219343538 0.0813167805287 0.456371834289
64.37/25.31	mfeat-morphological 0.474819661516 0.298553507168 -0.239175040633
67.13/26.35	liver-disorders 0.29065309812 0.105873044769 0.600523277698
69.81/27.36	dermatology 0.213921611335 0.0583868864705 0.468653795835
72.54/28.38	vote 0.0794225671255 0.0105537784078 0.767622596626
75.34/29.41	breast-cancer 0.139772687398 0.0269756551366 0.414677806935
78.13/30.52	credit-g 0.671006502858 0.593996722102 -0.693607617836
80.97/31.68	soybean 0.115340242952 0.0208846596962 0.778288510601
83.78/33.08	arrhythmia 0.252842886121 0.0886030588227 0.393992398016
86.53/34.09	nursery 0.24294054992 0.0767456347316 0.673245418431
89.33/35.20	hepatitis 0.223112628048 0.0660185853819 0.519397689591
92.07/36.21	cmc 0.261104846798 0.091577190952 0.339369990088
94.74/37.25	heart-c 0.186483888812 0.0500292471966 0.868787174624
97.47/38.27	glass 0.333240754368 0.132989301082 0.469946633893
100.29/39.42	braziltourism 0.449505105767 0.260589462293 0.029735275322
103.06/40.45	iris 0.274193629823 0.0980422426783 0.403688683447
105.95/41.60	heart-statlog 0.201969551684 0.0572684060851 0.848748184733
108.58/42.61	page-blocks 0.435657039981 0.259241107975 -0.0116355425173
111.43/43.75	breast-w 0.216172135835 0.0622290227166 0.552041850542
114.16/44.76	heart-h 0.127184893987 0.023134339043 0.739180159362
116.93/45.82	yeast 0.224601370833 0.0630459161284 0.775379624971
119.65/46.84	tae 0.369993241337 0.164811072065 0.186815099305
122.50/47.89	haberman 0.281167489807 0.1020900713 0.0707828836468
125.22/48.91	mfeat-pixel 0.371258235948 0.166757211653 0.197157803765
127.99/49.94	optdigits 0.135398821085 0.0246627516247 0.818043280868
130.79/50.98	mfeat-factors 0.174528287106 0.0439762327204 0.766652968083
133.55/52.02	satimage 0.266077015315 0.0961284779976 0.446352339344
136.29/53.04	lymph 0.225889299802 0.07913425958 0.40465831199
139.02/54.07	audiology 0.306172510974 0.116715224992 0.411122502277
141.88/55.09	ecoli 0.397020945301 0.202717744653 0.18713830882
144.68/56.12	tic-tac-toe 0.322629050053 0.164429355047 0.349389485033
147.41/57.14	spambase 0.221606109714 0.055996487531 0.865878288995
150.17/58.25	zoo 0.0881581964707 0.0113018951788 0.867171127052
153.01/59.31	sonar 0.498646609756 0.310840874631 -0.0798327500492
155.65/60.33	mfeat-zernike 0.234972358605 0.0748256053143 0.541699146083
158.47/61.62	kr-vs-kp 0.14292010812 0.0262179443148 0.786691957974
158.47/61.69	MAE 0.287728802439 0.128388096551
158.47/61.69	MSE 0.129090299531 0.129090299531
158.47/61.69	Mean tau 0.434937940178 0.345560311823
158.47/61.69	(0.0, '1_class_probability_max')
158.47/61.69	(1.0, '0_class_probability_max')
158.47/61.69	(2.8421052631578947, '0_landmark_decision_tree')
158.47/61.69	(3.3508771929824563, '0_landmark_naive_bayes')
158.47/61.69	(3.473684210526316, '1_landmark_naive_bayes')
158.47/61.69	(4.473684210526316, '1_landmark_decision_tree')
158.47/61.69	(7.052631578947368, '0_number_of_numeric_features')
158.47/61.69	(7.526315789473684, '1_number_of_numeric_features')
158.47/61.69	(8.56140350877193, '0_number_of_categorical_features')
158.47/61.69	(9.052631578947368, '1_number_of_categorical_features')
158.47/61.69	(9.508771929824562, '1_number_of_features')
158.47/61.69	(10.596491228070175, '0_number_of_features')
158.47/61.69	(11.0, '0_landmark_lda')
158.47/61.69	(12.56140350877193, '1_landmark_lda')
158.47/61.69	(14.456140350877194, '0_number_of_classes')
158.47/61.69	(14.543859649122806, '1_number_of_classes')
158.47/61.69	Result for ParamILS: SAT, 60.767398, 1, 0.287729, -1, /home/feurerm/thesis/Software/pyMetaLearn/optimizers/metalearn_optimizer/learn_distances.py
