0.71/1.00	['/home/feurerm/thesis/Software/pyMetaLearn/optimizers/metalearn_optimizer/learn_distances.py', '--input_file', '/home/feurerm/thesis/experiments/2014_04_25_predict_distances/testfold_0-3_pfahringer_spearman_rank_perm.pkl', '--fold', '0', '--folds', '1', '--params', '-max_features', '0.463154867042', '-min_samples_leaf', '6', '-min_samples_split', '7', '-n_estimators', '53', '-n_jobs', '4', '-seed', '59']
0.80/1.01	Metafeatures (57, 8)
0.80/1.01	X (3192, 16)
0.80/1.01	Y (3192,)
0.80/1.01	Dataset Mae MSE Rho
1.60/1.46	vehicle 0.353711302798 0.152604144892 0.329996914171
2.50/1.93	anneal.ORIG 0.337599175381 0.146469915704 0.540729517539
3.41/2.40	segment 0.221572883062 0.0620677011469 0.779904558173
4.31/2.89	pendigits 0.309135695329 0.121842144048 0.65837778077
5.22/3.37	mushroom 0.180257977733 0.0415008412577 0.668074066201
6.11/3.84	labor 0.305702333884 0.131562249104 0.261476497125
6.98/4.31	abalone 0.288905338769 0.107432518509 0.582746754407
7.94/4.78	diabetes 0.506252899037 0.332118132324 0.137364043607
8.89/5.26	car 0.358335542709 0.171108200931 0.280222648958
9.79/5.74	autos 0.235611561697 0.0742448929692 0.558182831315
10.70/6.22	mfeat-fourier 0.538760827812 0.376550485986 -0.395931655102
11.63/6.70	primary-tumor 0.221763333842 0.0607757477365 0.528124346479
12.53/7.17	waveform-5000 0.189098940842 0.0513404893457 0.73530164519
13.50/7.64	credit-a 0.389643714543 0.215162190659 0.340662828145
14.39/8.12	letter 0.243528440939 0.0819442107394 0.688113056092
15.40/8.60	postoperative-patient-data 0.417809169333 0.229996708505 0.06658115996
16.27/9.08	vowel 0.451624143142 0.259216095143 0.265031801783
17.18/9.56	eucalyptus 0.432367799752 0.246602367379 -0.0934075496527
18.08/10.05	cylinder-bands 0.324230725866 0.131215609666 0.43051507314
19.03/10.52	ionosphere 0.409418206656 0.202220583541 0.0704596741325
20.05/11.02	mfeat-karhunen 0.185081202878 0.0488652201502 0.776672463029
20.92/11.51	balance-scale 0.226891446179 0.071028430626 0.521660156192
21.85/11.98	mfeat-morphological 0.501359463716 0.334329404742 -0.276990553814
22.77/12.46	liver-disorders 0.271107583774 0.0992196918859 0.468007376806
23.66/12.94	dermatology 0.192062230926 0.0479028737654 0.549456174427
24.58/13.42	vote 0.0719806377779 0.00829714101017 0.786045538946
25.57/13.90	breast-cancer 0.175902011269 0.0395981923834 0.360055399007
26.40/14.38	credit-g 0.611633364402 0.496284084861 -0.617976591474
27.32/14.85	soybean 0.126421895119 0.025935204781 0.731746340532
28.28/15.35	arrhythmia 0.266617168377 0.0986482365137 0.256951563923
29.17/15.82	nursery 0.281929218886 0.102530492211 0.56367739306
30.11/16.29	hepatitis 0.323167908318 0.149459342583 -0.244669602377
31.02/16.77	cmc 0.282621404517 0.100409631733 0.316745324082
31.96/17.25	heart-c 0.250110982089 0.0835311270932 0.802206014664
32.89/17.73	glass 0.363907798681 0.161491468886 0.297675962734
33.80/18.22	braziltourism 0.469846791335 0.285418430332 0.0216550374627
34.74/18.69	iris 0.320878454811 0.132680400484 0.28183869653
35.67/19.17	heart-statlog 0.262164292362 0.0939345247375 0.751138911394
36.63/19.65	page-blocks 0.364488051566 0.180133657124 0.391083512387
37.58/20.13	breast-w 0.216146394857 0.0661778404318 0.488046366697
38.51/20.61	heart-h 0.173181301463 0.0393398514957 0.67098295183
39.46/21.26	yeast 0.301793006877 0.114355500323 0.602785744298
40.37/21.74	tae 0.358107203316 0.157615357664 0.112153701486
41.29/22.21	haberman 0.262956122769 0.0891246255091 0.0662579504457
42.19/22.69	mfeat-pixel 0.332922141241 0.132267886687 0.287333258274
43.12/23.18	optdigits 0.195151855477 0.0504017364201 0.742412254506
44.04/23.65	mfeat-factors 0.196748496899 0.0536054423778 0.732715969075
45.00/24.13	satimage 0.266746908485 0.0951691071373 0.458957510404
45.90/24.61	lymph 0.189000224346 0.0539583265777 0.553981107629
46.83/25.10	audiology 0.332817179722 0.154953348036 0.362317865608
47.81/25.58	ecoli 0.403033757993 0.208377717141 0.15901908107
48.76/26.05	tic-tac-toe 0.298381540391 0.130816997543 0.687789846577
49.70/26.54	spambase 0.217314753724 0.0588494772806 0.879776298113
50.63/27.03	zoo 0.109247240922 0.0168910824104 0.809963043009
51.56/27.51	sonar 0.504990261935 0.319081830912 -0.176472394846
52.58/28.10	mfeat-zernike 0.281813896785 0.110586810616 0.361671446579
53.46/28.57	kr-vs-kp 0.176929172782 0.0402873210466 0.705566369868
53.46/28.60	MAE 0.299662866317 0.112007655042
53.46/28.60	MSE 0.134167246405 0.134167246405
53.46/28.60	Mean tau 0.39780286808 0.330153748433
53.46/28.60	(0.017543859649122806, '0_class_probability_max')
53.46/28.60	(1.0350877192982457, '1_class_probability_max')
53.46/28.60	(2.263157894736842, '1_landmark_decision_tree')
53.46/28.60	(2.7719298245614037, '0_landmark_decision_tree')
53.46/28.60	(4.473684210526316, '1_landmark_naive_bayes')
53.46/28.60	(4.56140350877193, '0_landmark_naive_bayes')
53.46/28.60	(6.175438596491228, '1_landmark_lda')
53.46/28.60	(8.368421052631579, '0_landmark_lda')
53.46/28.60	(8.719298245614034, '1_number_of_numeric_features')
53.46/28.60	(8.859649122807017, '0_number_of_categorical_features')
53.46/28.60	(9.666666666666666, '0_number_of_numeric_features')
53.46/28.60	(11.210526315789474, '1_number_of_categorical_features')
53.46/28.60	(11.403508771929825, '1_number_of_features')
53.46/28.60	(11.666666666666666, '0_number_of_features')
53.46/28.60	(13.982456140350877, '1_number_of_classes')
53.46/28.60	(14.824561403508772, '0_number_of_classes')
53.46/28.60	Result for ParamILS: SAT, 27.594832, 1, 0.299663, -1, /home/feurerm/thesis/Software/pyMetaLearn/optimizers/metalearn_optimizer/learn_distances.py
