0.69/0.89	['/home/feurerm/thesis/Software/pyMetaLearn/optimizers/metalearn_optimizer/learn_distances.py', '--input_file', '/home/feurerm/thesis/experiments/2014_04_25_predict_distances/testfold_0-3_pfahringer_spearman_rank_perm.pkl', '--fold', '0', '--folds', '1', '--params', '-max_features', '0.637614580188', '-min_samples_leaf', '3', '-min_samples_split', '7', '-n_estimators', '18', '-n_jobs', '4', '-seed', '9']
0.69/0.89	Metafeatures (57, 8)
0.69/0.89	X (3192, 16)
0.69/0.89	Y (3192,)
0.69/0.89	Dataset Mae MSE Rho
1.21/1.24	vehicle 0.339275678242 0.141080714857 0.382356855499
1.72/1.59	anneal.ORIG 0.491468026963 0.287619519694 0.270203154013
2.20/1.95	segment 0.159292717494 0.0333644775296 0.826446728242
2.68/2.30	pendigits 0.259516127453 0.0884733209732 0.726898197816
3.17/2.66	mushroom 0.16014557951 0.0346009889712 0.683264913376
3.69/3.02	labor 0.320777352559 0.139648211806 0.244669602377
4.19/3.37	abalone 0.188851792382 0.0529441254166 0.694254036865
4.70/3.73	diabetes 0.497127775468 0.317072768373 0.158695871555
5.19/4.09	car 0.375684193598 0.188994888565 0.199420270366
5.69/4.45	autos 0.196769373197 0.0518284109448 0.731423131017
6.20/4.81	mfeat-fourier 0.569554782237 0.420734666839 -0.411768921306
6.70/5.17	primary-tumor 0.216892040182 0.0597394444882 0.521983365706
7.20/5.52	waveform-5000 0.173553506972 0.0455680482881 0.702980693753
7.70/5.88	credit-a 0.367728730674 0.191381862836 0.418879530622
8.19/6.23	letter 0.244259043167 0.080137740027 0.606987467985
8.69/6.59	postoperative-patient-data 0.458315952048 0.278749999693 -0.0423404463823
9.17/6.94	vowel 0.395335169999 0.2000716329 0.402395845389
9.69/7.30	eucalyptus 0.419276916331 0.230462896693 -0.1102144444
10.16/7.66	cylinder-bands 0.322597648967 0.132043410522 0.400133378789
10.64/8.01	ionosphere 0.427348472044 0.218568655232 -0.0100194949454
11.13/8.36	mfeat-karhunen 0.147229621303 0.033287529233 0.808993414466
11.66/8.72	balance-scale 0.227399570425 0.0708953275906 0.482551804953
12.17/9.08	mfeat-morphological 0.4861717936 0.314307190406 -0.199420270366
12.66/9.43	liver-disorders 0.287243686355 0.109415142254 0.435559857403
13.14/9.78	dermatology 0.219176348036 0.0619165197915 0.423081254309
13.63/10.14	vote 0.0828911396389 0.0117361133548 0.755017425566
14.15/10.49	breast-cancer 0.122337459093 0.0244001020568 0.436009634884
14.66/10.85	credit-g 0.691094634975 0.630090196285 -0.651913590482
15.19/11.20	soybean 0.109427543177 0.0196176416273 0.748553235279
15.65/11.56	arrhythmia 0.290155370147 0.107601284832 0.0930843401383
16.15/11.91	nursery 0.250389810024 0.0820021293604 0.644479771652
16.66/12.27	hepatitis 0.238516709974 0.0752939693865 0.424050882852
17.17/12.62	cmc 0.285771109454 0.109780379721 0.295090286619
17.66/12.98	heart-c 0.194965558822 0.054480804576 0.80931662398
18.16/13.33	glass 0.357393990753 0.157860205064 0.291858191475
18.65/13.68	braziltourism 0.478467064979 0.296728926663 0.0171301042616
19.15/14.04	iris 0.310518633271 0.125523626671 0.291211772447
19.69/14.40	heart-statlog 0.206156995224 0.0614483146522 0.766329758569
20.15/14.75	page-blocks 0.375372963689 0.192084968917 0.170183499015
20.65/15.11	breast-w 0.23392630131 0.0800154141578 0.458311091375
21.17/15.47	heart-h 0.172527702188 0.0442532745925 0.571757630919
21.67/15.83	yeast 0.261536295114 0.0891587743187 0.630904972048
22.17/16.19	tae 0.38823311029 0.185976783154 0.0917915020808
22.68/16.55	haberman 0.273529199975 0.0972740663336 0.0546224079284
23.19/16.91	mfeat-pixel 0.376665729839 0.170279855154 0.198450641823
23.68/17.27	optdigits 0.142749024951 0.0285244687645 0.777318882058
24.18/17.63	mfeat-factors 0.212499462665 0.0638459853045 0.687143427549
24.67/17.99	satimage 0.257573559025 0.0933883658629 0.54545993274
25.15/18.35	lymph 0.198238779664 0.0617732600729 0.545577660255
25.66/18.70	audiology 0.31050388135 0.126260439309 0.365226751237
26.16/19.06	ecoli 0.409949479125 0.215981929412 0.1102144444
26.67/19.42	tic-tac-toe 0.366460234251 0.197779239244 0.335168266401
27.18/19.77	spambase 0.218404254104 0.0567301344036 0.805438109808
27.67/20.13	zoo 0.108480952621 0.0170158708642 0.798327500492
28.18/20.48	sonar 0.49159343616 0.304737820017 -0.067394605023
28.67/20.84	mfeat-zernike 0.245882486437 0.0844174032015 0.472209100493
29.22/21.20	kr-vs-kp 0.157705731167 0.0324852603567 0.744997930621
29.22/21.21	MAE 0.294226500047 0.127029187198
29.22/21.21	MSE 0.134762359677 0.134762359677
29.22/21.21	Mean tau 0.395848129483 0.326633043302
29.22/21.21	(0.2807017543859649, '1_class_probability_max')
29.22/21.21	(0.7192982456140351, '0_class_probability_max')
29.22/21.21	(2.5964912280701755, '0_landmark_decision_tree')
29.22/21.21	(3.087719298245614, '1_landmark_decision_tree')
29.22/21.21	(4.2105263157894735, '1_landmark_naive_bayes')
29.22/21.21	(4.421052631578948, '0_landmark_naive_bayes')
29.22/21.21	(7.701754385964913, '0_number_of_numeric_features')
29.22/21.21	(7.964912280701754, '1_number_of_numeric_features')
29.22/21.21	(9.087719298245615, '0_number_of_categorical_features')
29.22/21.21	(9.105263157894736, '1_number_of_categorical_features')
29.22/21.21	(9.578947368421053, '0_number_of_features')
29.22/21.21	(9.578947368421053, '1_number_of_features')
29.22/21.21	(11.228070175438596, '0_landmark_lda')
29.22/21.21	(11.543859649122806, '1_landmark_lda')
29.22/21.21	(14.350877192982455, '1_number_of_classes')
29.22/21.21	(14.543859649122806, '0_number_of_classes')
29.22/21.21	Result for ParamILS: SAT, 20.323310, 1, 0.294227, -1, /home/feurerm/thesis/Software/pyMetaLearn/optimizers/metalearn_optimizer/learn_distances.py
