0.78/0.92	['/home/feurerm/thesis/Software/pyMetaLearn/optimizers/metalearn_optimizer/learn_distances.py', '--input_file', '/home/feurerm/thesis/experiments/2014_04_25_predict_distances/testfold_0-3_pfahringer_spearman_rank_perm.pkl', '--fold', '0', '--folds', '1', '--params', '-max_features', '0.175011684345', '-min_samples_leaf', '1', '-min_samples_split', '10', '-n_estimators', '73', '-n_jobs', '4', '-seed', '97']
0.78/0.92	Metafeatures (57, 8)
0.78/0.92	X (3192, 16)
0.78/0.92	Y (3192,)
0.78/0.92	Dataset Mae MSE Rho
1.29/1.28	vehicle 0.34851339896 0.152820019268 0.377185503269
1.92/1.67	anneal.ORIG 0.225687211607 0.0704984727081 0.616037334387
2.58/2.07	segment 0.249004011243 0.0785524794642 0.764390501483
3.22/2.48	pendigits 0.316678101228 0.122998708383 0.644802981166
3.87/2.87	mushroom 0.188026959831 0.044950863724 0.662256294942
4.60/3.37	labor 0.299161673903 0.119915923311 0.487399947669
5.20/3.76	abalone 0.31209740012 0.124612519323 0.546224079284
5.90/4.27	diabetes 0.453379827763 0.29347951043 -0.0520367318134
6.57/4.67	car 0.316629532008 0.137926400061 0.506792518531
7.23/7.50	autos 0.244182848388 0.0779090332348 0.592766249353
7.89/7.99	mfeat-fourier 0.55857253371 0.402318200061 -0.441827406142
8.59/8.56	primary-tumor 0.227540202942 0.0640944725546 0.608280306043
9.36/9.00	waveform-5000 0.242981774044 0.079943911083 0.629288924477
9.92/9.45	credit-a 0.371293056235 0.192423286983 0.380417598412
10.64/9.96	letter 0.236454758149 0.0769099154784 0.719141169471
11.26/10.36	postoperative-patient-data 0.4174767498 0.213042656851 -0.235296526461
11.96/10.86	vowel 0.480055325817 0.288623818018 0.0623794362732
12.62/11.37	eucalyptus 0.381298000461 0.190425926931 0.117325053716
13.32/11.87	cylinder-bands 0.362088583067 0.170793318532 0.243053554806
14.02/12.28	ionosphere 0.422623840116 0.221705951748 0.0407243988105
14.68/12.68	mfeat-karhunen 0.186439526277 0.0485221724446 0.802852433693
15.35/13.09	balance-scale 0.233231206339 0.0770372536732 0.496773023585
16.13/13.50	mfeat-morphological 0.479042760859 0.308638854292 -0.139303300693
16.70/13.90	liver-disorders 0.297695183474 0.118055062293 0.474794776608
17.39/14.39	dermatology 0.19208162 0.0496218065429 0.552041850542
18.12/14.90	vote 0.07732452871 0.00946695904862 0.819012909411
18.70/15.30	breast-cancer 0.27632009145 0.0998165018154 0.027149599207
19.38/15.71	credit-g 0.529254661868 0.373720779333 -0.49418734747
20.03/16.12	soybean 0.136314701852 0.0290445445152 0.721403636072
20.69/16.62	arrhythmia 0.286267485028 0.110996169814 0.0817720071354
21.37/17.11	nursery 0.281844992124 0.0974375782449 0.589534154209
22.05/17.50	hepatitis 0.419425161488 0.246639963841 -0.646419028738
22.70/17.90	cmc 0.345760011497 0.140746016493 0.203298784538
23.34/18.29	heart-c 0.264186825466 0.0940473310594 0.795741824377
24.00/18.69	glass 0.355109875714 0.154512772209 0.353267999205
24.62/19.08	braziltourism 0.521965510979 0.34688409125 -0.169038576015
25.30/19.59	iris 0.310338822045 0.123045006182 0.279576229929
26.02/20.00	heart-statlog 0.293998870935 0.115575069057 0.762128034882
26.64/20.40	page-blocks 0.305311506484 0.133964860812 0.399163750246
27.27/20.80	breast-w 0.229814402303 0.0756579806749 0.479966128838
27.96/21.21	heart-h 0.20097722987 0.0500470513477 0.621855105646
28.62/21.73	yeast 0.315126564641 0.124629314085 0.575636145091
29.31/22.24	tae 0.294788512401 0.113577363855 0.106982349256
29.97/22.64	haberman 0.262497184871 0.0953912616418 0.202005946481
30.71/23.04	mfeat-pixel 0.332636121061 0.137288031262 0.245962440435
31.32/23.44	optdigits 0.199999381224 0.0504797682303 0.758572730224
31.99/23.86	mfeat-factors 0.23494561319 0.0754836419328 0.709121674526
32.64/24.25	satimage 0.292878758741 0.113072959197 0.32030062874
33.33/24.77	lymph 0.180677125134 0.0476603598698 0.702657484238
34.00/25.17	audiology 0.334138334969 0.151149368226 0.351328742119
34.67/25.68	ecoli 0.401623413544 0.208004059585 0.126698129633
35.33/26.07	tic-tac-toe 0.296596240191 0.13296703372 0.530710022594
35.98/26.47	spambase 0.220284959554 0.0648677239833 0.786045538946
36.63/26.88	zoo 0.13494612566 0.0239584052869 0.750492492365
37.26/27.28	sonar 0.50533068953 0.317641262973 -0.22786270763
37.91/27.68	mfeat-zernike 0.256198192609 0.0902979670726 0.499035490186
38.59/28.07	kr-vs-kp 0.191564488227 0.0468664435502 0.684557751434
38.72/28.11	MAE 0.304047060872 0.103765765599
38.72/28.11	MSE 0.135451897852 0.135451897852
38.72/28.11	Mean tau 0.375490070904 0.356163008592
38.72/28.11	(0.0, '1_landmark_decision_tree')
38.72/28.11	(1.5087719298245614, '1_landmark_naive_bayes')
38.72/28.11	(2.473684210526316, '0_landmark_decision_tree')
38.72/28.11	(3.3157894736842106, '0_landmark_naive_bayes')
38.72/28.11	(4.052631578947368, '1_class_probability_max')
38.72/28.11	(5.052631578947368, '1_landmark_lda')
38.72/28.11	(5.140350877192983, '0_landmark_lda')
38.72/28.11	(6.912280701754386, '0_class_probability_max')
38.72/28.11	(7.964912280701754, '0_number_of_features')
38.72/28.11	(9.719298245614034, '1_number_of_categorical_features')
38.72/28.11	(11.350877192982455, '1_number_of_features')
38.72/28.11	(11.649122807017545, '0_number_of_numeric_features')
38.72/28.11	(11.824561403508772, '1_number_of_classes')
38.72/28.11	(12.526315789473685, '1_number_of_numeric_features')
38.72/28.11	(12.649122807017545, '0_number_of_categorical_features')
38.72/28.11	(13.859649122807017, '0_number_of_classes')
38.72/28.11	Result for ParamILS: SAT, 27.194273, 1, 0.304047, -1, /home/feurerm/thesis/Software/pyMetaLearn/optimizers/metalearn_optimizer/learn_distances.py
