0.71/0.99	['/home/feurerm/thesis/Software/pyMetaLearn/optimizers/metalearn_optimizer/learn_distances.py', '--input_file', '/home/feurerm/thesis/experiments/2014_04_25_predict_distances/testfold_0-3_pfahringer_spearman_rank_perm.pkl', '--fold', '0', '--folds', '1', '--params', '-max_features', '0.851108614332', '-min_samples_leaf', '8', '-min_samples_split', '7', '-n_estimators', '28', '-n_jobs', '4', '-seed', '65']
0.71/1.00	Metafeatures (57, 8)
0.71/1.00	X (3192, 16)
0.71/1.00	Y (3192,)
0.71/1.00	Dataset Mae MSE Rho
1.49/1.35	vehicle 0.371612312182 0.165656945716 0.270526363527
2.31/1.71	anneal.ORIG 0.438388146386 0.242835411401 0.126071994088
3.12/2.07	segment 0.215890266173 0.0594225644725 0.776672463029
3.90/2.43	pendigits 0.286101854363 0.104506417945 0.69166836075
4.70/2.79	mushroom 0.210193491444 0.054211788951 0.610865982158
5.49/3.15	labor 0.307575668027 0.130896485107 0.205238041624
6.27/3.51	abalone 0.266472502899 0.0935565408613 0.585655640037
7.09/3.88	diabetes 0.524799301441 0.347632916875 0.188107937363
7.88/4.23	car 0.379966672373 0.193205791288 0.198628224396
8.64/4.69	autos 0.220471822173 0.0644005262519 0.664841971057
9.44/5.05	mfeat-fourier 0.580950753257 0.440739295087 -0.485137481068
10.23/5.41	primary-tumor 0.236960167452 0.0696666348679 0.482752242694
11.00/5.77	waveform-5000 0.179755356289 0.0486955178136 0.73239275956
11.78/6.23	credit-a 0.373246928239 0.195090780238 0.369428474924
12.58/6.59	letter 0.237772929833 0.079216908576 0.592766249353
13.36/6.95	postoperative-patient-data 0.444511423884 0.261552612228 -0.0138980091179
14.13/7.31	vowel 0.428124678268 0.22667895865 0.360701818036
14.94/7.66	eucalyptus 0.432310567825 0.248721611177 -0.102134206541
15.72/8.02	cylinder-bands 0.332289006591 0.136349326462 0.39722449316
16.50/8.38	ionosphere 0.424173892753 0.21452016118 0.0235942945489
17.29/8.74	mfeat-karhunen 0.192661101236 0.0527532149093 0.744674721106
18.08/9.63	balance-scale 0.273237713222 0.0945399779826 0.251133792665
18.87/9.99	mfeat-morphological 0.463188027004 0.288041759233 -0.17729468036
19.64/10.35	liver-disorders 0.316403745828 0.134446220687 0.21525753657
20.43/10.71	dermatology 0.205119527418 0.0558778441098 0.48384464301
21.23/11.07	vote 0.081872299992 0.0105356610179 0.774733205943
22.02/11.43	breast-cancer 0.143104189822 0.0289514201016 0.382033645984
22.81/11.79	credit-g 0.691858360178 0.62558998059 -0.699425389095
23.62/12.26	soybean 0.120301544421 0.022813100179 0.717848331414
24.42/12.61	arrhythmia 0.264956841584 0.0953218772277 0.447645177401
25.21/12.98	nursery 0.282248012219 0.0999485232514 0.560122088402
26.03/13.44	hepatitis 0.269129984302 0.0947820032193 0.260830078096
26.85/13.91	cmc 0.260158303508 0.0880222265448 0.320947047768
27.65/14.27	heart-c 0.24129790115 0.0765287556421 0.783783072345
28.45/14.64	glass 0.358049608622 0.153202586498 0.345187761346
29.26/15.10	braziltourism 0.483093598756 0.299864068327 0.0972860638251
30.08/15.57	iris 0.29820523702 0.118588794348 0.291534981961
30.86/15.93	heart-statlog 0.248482585032 0.0822648494512 0.754047797023
31.66/16.29	page-blocks 0.457037520549 0.279324406266 -0.035723272859
32.45/16.65	breast-w 0.233004100222 0.0725298060445 0.498065861643
33.24/17.01	heart-h 0.157607145722 0.0344347270801 0.675831094546
34.01/17.37	yeast 0.298907295528 0.11068760252 0.607957096528
34.81/17.73	tae 0.371952285344 0.168113719441 0.147060329038
35.61/18.09	haberman 0.271337808829 0.0959419252553 0.0520367318134
36.41/18.46	mfeat-pixel 0.36319083923 0.165586424651 0.167422528443
37.22/18.81	optdigits 0.210004295732 0.0578055823253 0.737240902276
38.04/19.17	mfeat-factors 0.21412906487 0.0614375207257 0.68875947512
38.82/19.53	satimage 0.270670754566 0.100249119609 0.409506454706
39.65/20.00	lymph 0.204337979209 0.0592385329711 0.449907644002
40.44/20.46	audiology 0.306217121816 0.121085073631 0.374599827154
41.27/20.82	ecoli 0.424572585904 0.229259037353 0.027149599207
42.07/21.18	tic-tac-toe 0.321224308713 0.148361044322 0.613128448758
42.88/21.65	spambase 0.237159566754 0.0683134181102 0.801559595635
43.69/22.11	zoo 0.118619174253 0.0198343200061 0.790247262632
44.49/22.47	sonar 0.50349683739 0.317356898033 -0.12572850109
45.27/22.83	mfeat-zernike 0.245333088353 0.0890356112001 0.541375936568
46.05/23.19	kr-vs-kp 0.195536227473 0.0494921998141 0.660963456885
46.10/23.21	MAE 0.306829374099 0.120349629518
46.10/23.21	MSE 0.141188018032 0.141188018032
46.10/23.21	Mean tau 0.37388628 0.326521867697
46.10/23.21	(0.45614035087719296, '0_class_probability_max')
46.10/23.21	(0.543859649122807, '1_class_probability_max')
46.10/23.21	(2.8947368421052633, '1_landmark_naive_bayes')
46.10/23.21	(3.491228070175439, '0_landmark_naive_bayes')
46.10/23.21	(4.473684210526316, '1_landmark_decision_tree')
46.10/23.21	(4.614035087719298, '0_landmark_decision_tree')
46.10/23.21	(7.175438596491228, '1_number_of_categorical_features')
46.10/23.21	(7.421052631578948, '0_number_of_numeric_features')
46.10/23.21	(7.684210526315789, '0_number_of_categorical_features')
46.10/23.21	(7.912280701754386, '1_number_of_numeric_features')
46.10/23.21	(9.947368421052632, '0_number_of_features')
46.10/23.21	(9.947368421052632, '1_number_of_features')
46.10/23.21	(12.105263157894736, '0_landmark_lda')
46.10/23.21	(12.333333333333334, '1_landmark_lda')
46.10/23.21	(14.473684210526315, '0_number_of_classes')
46.10/23.21	(14.526315789473685, '1_number_of_classes')
46.10/23.21	Result for ParamILS: SAT, 22.214376, 1, 0.306829, -1, /home/feurerm/thesis/Software/pyMetaLearn/optimizers/metalearn_optimizer/learn_distances.py
