0.79/6.97	['/home/feurerm/thesis/Software/pyMetaLearn/optimizers/metalearn_optimizer/learn_distances.py', '--input_file', '/home/feurerm/thesis/experiments/2014_04_25_predict_distances/testfold_0-3_pfahringer_spearman_rank_perm.pkl', '--fold', '0', '--folds', '1', '--params', '-max_features', '0.608634521671', '-min_samples_leaf', '8', '-min_samples_split', '2', '-n_estimators', '51', '-n_jobs', '4', '-seed', '100']
0.79/6.97	Metafeatures (57, 8)
0.79/6.97	X (3192, 16)
0.79/6.97	Y (3192,)
0.79/6.97	Dataset Mae MSE Rho
1.71/7.42	vehicle 0.35042656467 0.151434475097 0.394962026559
2.77/7.90	anneal.ORIG 0.436061595664 0.229500067992 0.482551804953
3.71/8.48	segment 0.230092303819 0.0665984905189 0.772470739342
4.71/8.96	pendigits 0.310059314631 0.121744974965 0.667427647172
5.72/9.65	mushroom 0.191008167412 0.0457585820561 0.663872342514
6.73/10.26	labor 0.299024797533 0.12588158889 0.257274773438
7.73/10.76	abalone 0.288099542418 0.103063788024 0.609896353614
8.76/11.39	diabetes 0.501655062343 0.329600160855 0.0908218735377
9.86/11.90	car 0.361499644236 0.180394417931 0.279576229929
10.78/12.39	autos 0.237723677882 0.0730068922046 0.591150201781
11.79/12.97	mfeat-fourier 0.54613765008 0.389141642976 -0.421788416252
12.79/13.79	primary-tumor 0.22011327834 0.061025670914 0.536851003367
13.78/17.88	waveform-5000 0.195284526373 0.0529514692615 0.738533740333
14.79/18.88	credit-a 0.375098721556 0.198802791773 0.398517331217
15.78/19.34	letter 0.219954868493 0.070179857078 0.671629370859
16.82/19.82	postoperative-patient-data 0.437114278787 0.251443234903 -0.0510671032703
17.77/20.29	vowel 0.43801047594 0.23497074046 0.326764819027
18.85/20.80	eucalyptus 0.412924684235 0.227246755419 -0.0313513228938
19.77/21.28	cylinder-bands 0.325111386809 0.130880564325 0.461543186519
20.79/21.87	ionosphere 0.419388151785 0.208343506184 0.0093730759167
21.80/22.41	mfeat-karhunen 0.181164618097 0.0453983465876 0.776349253514
22.80/22.89	balance-scale 0.260879416963 0.0890516338678 0.3329057998
23.81/23.37	mfeat-morphological 0.489118436698 0.321464301691 -0.303170524478
24.81/23.85	liver-disorders 0.301573583392 0.118964443562 0.276990553814
25.80/24.34	dermatology 0.194392432607 0.0498307585151 0.530063603565
26.80/25.02	vote 0.077327966163 0.00934832112189 0.802852433693
27.81/25.92	breast-cancer 0.126970057886 0.024444580834 0.408213616648
28.83/26.39	credit-g 0.624297943317 0.511146256505 -0.711707350641
29.84/27.01	soybean 0.129641612496 0.0264316599984 0.73530164519
30.83/27.79	arrhythmia 0.271925672429 0.101111699494 0.255335516352
31.85/28.38	nursery 0.292222983642 0.10775111234 0.549132964913
32.88/29.14	hepatitis 0.282778500222 0.110463431027 0.137040834092
33.88/29.63	cmc 0.273680017245 0.0964288338901 0.274728087214
34.91/30.16	heart-c 0.2598621728 0.0900267487084 0.781520605744
35.92/30.64	glass 0.370436236362 0.166211457997 0.269879944498
36.93/31.21	braziltourism 0.44804794286 0.25966859286 0.101164577998
37.94/32.26	iris 0.28963176252 0.110278268465 0.360701818036
38.94/32.77	heart-statlog 0.263053941682 0.0920207695155 0.714293026756
39.96/33.28	page-blocks 0.36511509111 0.178519142641 0.314806066995
40.96/33.77	breast-w 0.215495324586 0.0649121772051 0.473178729036
41.97/34.36	heart-h 0.16705536287 0.0379409849947 0.678416770661
42.96/34.83	yeast 0.311260725856 0.120026010733 0.597614392068
43.95/35.31	tae 0.35293552076 0.151255911678 0.166129690386
44.98/36.19	haberman 0.265417346483 0.0922392531734 0.0410476083249
45.98/39.79	mfeat-pixel 0.356849847073 0.155632721904 0.211379022397
46.98/40.27	optdigits 0.197543887588 0.0510692297737 0.747260397221
48.01/40.74	mfeat-factors 0.216907561441 0.0635482134241 0.708475255497
48.99/41.21	satimage 0.267023003593 0.0985850006155 0.43794889197
49.96/41.72	lymph 0.198288219829 0.0571861143978 0.566263069175
50.99/44.34	audiology 0.319134938934 0.129345251468 0.368458846381
52.03/46.67	ecoli 0.396421380532 0.204707612869 0.158372662041
53.01/47.13	tic-tac-toe 0.296878650654 0.131336744802 0.59923043964
54.02/47.62	spambase 0.205185125397 0.0537728803761 0.835819804158
55.03/48.09	zoo 0.117664236981 0.0192858633607 0.797357871948
56.06/48.67	sonar 0.50026144835 0.313549793423 -0.128637386719
57.14/49.20	mfeat-zernike 0.250144597697 0.0889828817721 0.542022355597
58.08/49.74	kr-vs-kp 0.191575828615 0.0466386574087 0.681648865804
58.08/49.76	MAE 0.300402668223 0.112502049081
58.08/49.76	MSE 0.134044654997 0.134044654997
58.08/49.76	Mean tau 0.395392972578 0.324786515102
58.08/49.76	(0.3684210526315789, '1_class_probability_max')
58.08/49.76	(0.631578947368421, '0_class_probability_max')
58.08/49.76	(2.6666666666666665, '0_landmark_decision_tree')
58.08/49.76	(3.210526315789474, '1_landmark_naive_bayes')
58.08/49.76	(3.3508771929824563, '1_landmark_decision_tree')
58.08/49.76	(4.842105263157895, '0_landmark_naive_bayes')
58.08/49.76	(7.701754385964913, '0_landmark_lda')
58.08/49.76	(8.43859649122807, '0_number_of_numeric_features')
58.08/49.76	(8.473684210526315, '0_number_of_categorical_features')
58.08/49.76	(8.56140350877193, '1_number_of_numeric_features')
58.08/49.76	(8.75438596491228, '1_landmark_lda')
58.08/49.76	(10.982456140350877, '1_number_of_features')
58.08/49.76	(11.350877192982455, '1_number_of_categorical_features')
58.08/49.76	(11.68421052631579, '0_number_of_features')
58.08/49.76	(14.491228070175438, '0_number_of_classes')
58.08/49.76	(14.491228070175438, '1_number_of_classes')
58.08/49.76	Result for ParamILS: SAT, 42.795305, 1, 0.300403, -1, /home/feurerm/thesis/Software/pyMetaLearn/optimizers/metalearn_optimizer/learn_distances.py
