0.71/0.94	['/home/feurerm/thesis/Software/pyMetaLearn/optimizers/metalearn_optimizer/learn_distances.py', '--input_file', '/home/feurerm/thesis/experiments/2014_04_25_predict_distances/testfold_0-3_pfahringer_spearman_rank_perm.pkl', '--fold', '0', '--folds', '1', '--params', '-max_features', '0.658772968701', '-min_samples_leaf', '9', '-min_samples_split', '10', '-n_estimators', '9', '-n_jobs', '4', '-seed', '18']
0.71/0.95	Metafeatures (57, 8)
0.71/0.95	X (3192, 16)
0.71/0.95	Y (3192,)
0.71/0.95	Dataset Mae MSE Rho
0.94/1.19	vehicle 0.370169148778 0.175958074465 0.272693037616
1.19/1.43	anneal.ORIG 0.446477213689 0.262586974688 0.0509917060237
1.43/1.67	segment 0.229870021789 0.0702544974953 0.716878702871
1.66/1.91	pendigits 0.331636101007 0.13585315879 0.549456174427
1.91/2.16	mushroom 0.200565172057 0.0524087606964 0.617951693197
2.16/2.40	labor 0.326703910982 0.15931674411 0.208358817716
2.38/2.64	abalone 0.296666465903 0.117191598399 0.527324412039
2.63/2.89	diabetes 0.528310854699 0.340353442891 0.259902264735
2.88/3.14	car 0.351383006104 0.155186703512 0.252306452103
3.13/3.38	autos 0.213077879519 0.0608980578742 0.645772609709
3.38/3.62	mfeat-fourier 0.546137099509 0.395584387578 -0.378923489215
3.62/3.86	primary-tumor 0.243816388636 0.0802395245081 0.394572439135
3.85/4.11	waveform-5000 0.203570411562 0.06351309734 0.627773878253
4.08/4.36	credit-a 0.406855235578 0.237342033151 0.265257424261
4.35/4.60	letter 0.262564063158 0.0916212315246 0.512895677746
4.57/4.84	postoperative-patient-data 0.438435430906 0.250571881793 0.0132676079725
4.79/5.08	vowel 0.435832548027 0.235591435922 0.24812318479
5.03/5.33	eucalyptus 0.424637093987 0.243024821172 -0.0661016629602
5.28/5.57	cylinder-bands 0.315788285007 0.116675458667 0.434393587312
5.52/5.82	ionosphere 0.402234817033 0.196073308154 0.0560994177892
5.78/6.07	mfeat-karhunen 0.238943701873 0.0831741081586 0.616558953868
6.03/6.32	balance-scale 0.257173147718 0.0924598213823 0.339613557814
6.28/6.58	mfeat-morphological 0.445212460192 0.269237268016 -0.00905132265247
6.54/6.84	liver-disorders 0.274456667987 0.100927530847 0.155364670016
6.80/7.09	dermatology 0.21073209668 0.057874104672 0.462537274625
7.06/7.34	vote 0.0936380715327 0.0129806417106 0.727867826359
7.34/7.60	breast-cancer 0.143985505637 0.0297839570092 0.335708133964
7.57/7.84	credit-g 0.695550257405 0.633142080074 -0.6223785979
7.82/8.09	soybean 0.142196378957 0.0294597563333 0.70427353181
8.07/8.34	arrhythmia 0.315250483318 0.128558895898 0.284053824368
8.31/8.58	nursery 0.29666947491 0.114351332934 0.521301153712
8.56/8.83	hepatitis 0.264325793637 0.100600098372 0.250183742545
8.80/9.08	cmc 0.282973454317 0.112004887748 0.240402980555
9.06/9.33	heart-c 0.255843859404 0.0886039376905 0.701049024388
9.31/9.57	glass 0.336443626099 0.14650019735 0.292413577385
9.57/9.82	braziltourism 0.382656284148 0.19556237058 0.170062931167
9.83/10.07	iris 0.309013243871 0.124661350764 0.19398813441
10.06/10.31	heart-statlog 0.253665280643 0.0896955233134 0.687258285366
10.32/10.56	page-blocks 0.444278746837 0.266267094085 0.154295099555
10.57/10.80	breast-w 0.228405715929 0.0694023925156 0.464004582784
10.80/11.05	heart-h 0.18560424442 0.047103076103 0.568360834643
11.04/11.29	yeast 0.337795391978 0.143866881724 0.47855018099
11.29/11.54	tae 0.348861149074 0.149956557023 0.187021840262
11.53/11.78	haberman 0.255101474103 0.0862037897463 0.102353458984
11.78/12.02	mfeat-pixel 0.34534157379 0.148950328432 0.23820541209
12.03/12.27	optdigits 0.220206954209 0.0639608593895 0.693607617836
12.28/12.52	mfeat-factors 0.241422872945 0.0842884153818 0.600296648773
12.53/12.76	satimage 0.28747819052 0.107307931063 0.331801256864
12.77/13.01	lymph 0.193547750275 0.0568872509449 0.515925391191
13.04/13.26	audiology 0.330652798588 0.148069437357 0.291443714773
13.30/13.51	ecoli 0.423245877997 0.242302583208 0.06950122751
13.54/13.76	tic-tac-toe 0.261811655443 0.099974804158 0.563561121619
13.83/14.10	spambase 0.199049097435 0.0542955854197 0.718390933638
14.08/14.34	zoo 0.126010128027 0.0227878053497 0.751805167726
14.36/14.60	sonar 0.516772016344 0.336557087427 -0.197012046818
14.60/14.85	mfeat-zernike 0.219195551925 0.0683863384714 0.555246345117
14.86/15.10	kr-vs-kp 0.205427700411 0.0552327283787 0.621420278929
14.86/15.10	MAE 0.307783681167 0.11377928025
14.86/15.10	MSE 0.142133754417 0.142133754417
14.86/15.10	Mean tau 0.350332994452 0.284527701134
14.86/15.10	(0.08771929824561403, '0_class_probability_max')
14.86/15.10	(0.9122807017543859, '1_class_probability_max')
14.86/15.10	(2.719298245614035, '1_landmark_decision_tree')
14.86/15.10	(5.105263157894737, '0_landmark_naive_bayes')
14.86/15.10	(5.157894736842105, '1_landmark_naive_bayes')
14.86/15.10	(5.666666666666667, '0_landmark_decision_tree')
14.86/15.10	(6.228070175438597, '1_number_of_categorical_features')
14.86/15.10	(7.473684210526316, '1_landmark_lda')
14.86/15.10	(8.298245614035087, '0_number_of_numeric_features')
14.86/15.10	(9.070175438596491, '1_number_of_numeric_features')
14.86/15.10	(9.210526315789474, '0_number_of_categorical_features')
14.86/15.10	(9.771929824561404, '0_number_of_features')
14.86/15.10	(10.070175438596491, '1_number_of_features')
14.86/15.10	(11.578947368421053, '0_landmark_lda')
14.86/15.10	(14.24561403508772, '1_number_of_classes')
14.86/15.10	(14.403508771929825, '0_number_of_classes')
14.86/15.10	Result for ParamILS: SAT, 14.161535, 1, 0.307784, -1, /home/feurerm/thesis/Software/pyMetaLearn/optimizers/metalearn_optimizer/learn_distances.py
