0.69/0.85	['/home/feurerm/thesis/Software/pyMetaLearn/optimizers/metalearn_optimizer/learn_distances.py', '--input_file', '/home/feurerm/thesis/experiments/2014_04_25_predict_distances/testfold_0-3_pfahringer_spearman_rank_perm.pkl', '--fold', '0', '--folds', '1', '--params', '-max_features', '0.647393395292', '-min_samples_leaf', '8', '-min_samples_split', '4', '-n_estimators', '54', '-n_jobs', '4', '-seed', '93']
0.69/0.86	Metafeatures (57, 8)
0.69/0.86	X (3192, 16)
0.69/0.86	Y (3192,)
0.69/0.86	Dataset Mae MSE Rho
1.84/1.30	vehicle 0.368586500857 0.164229536125 0.27149599207
2.93/1.76	anneal.ORIG 0.471017671406 0.264357877626 0.370721312981
4.12/2.23	segment 0.226473670801 0.0645980830739 0.776026044
5.30/2.70	pendigits 0.304658353582 0.119731554129 0.649327914367
6.38/3.16	mushroom 0.193846839753 0.0474570514196 0.643186933594
7.53/3.63	labor 0.289993795442 0.11893433753 0.257597982952
8.68/4.10	abalone 0.304605286071 0.116028973058 0.572080840433
9.86/4.57	diabetes 0.528404399603 0.353096070436 0.159665500098
11.01/5.05	car 0.373374747025 0.188804618548 0.26406217324
12.23/5.53	autos 0.230835470481 0.0688021538396 0.622501524675
13.42/6.00	mfeat-fourier 0.562282943143 0.412693658429 -0.446029129829
14.51/6.46	primary-tumor 0.227094009176 0.0644992887383 0.489662414269
15.64/6.93	waveform-5000 0.18104303016 0.0471836390103 0.727867826359
16.78/7.41	credit-a 0.370354910079 0.191877949104 0.386235369671
17.94/7.88	letter 0.240909099069 0.0819473796106 0.628965714962
19.10/8.35	postoperative-patient-data 0.417905867276 0.225317688133 0.0510671032703
20.29/8.81	vowel 0.429200538865 0.226403156712 0.351975161148
21.39/9.28	eucalyptus 0.399441399516 0.209037939093 -0.00808023785923
22.56/9.76	cylinder-bands 0.328604476911 0.130392742809 0.412092130821
23.69/10.23	ionosphere 0.421366633541 0.210711237237 0.0442797034686
24.87/10.70	mfeat-karhunen 0.167767734047 0.040446170554 0.777642091572
26.01/11.17	balance-scale 0.255481470881 0.0860885900506 0.384942531614
27.17/11.64	mfeat-morphological 0.469573681174 0.291170076781 -0.272788830127
28.36/12.11	liver-disorders 0.298162776163 0.116025599792 0.247255278492
29.46/12.58	dermatology 0.195500516839 0.0501446280713 0.52521546085
30.64/13.04	vote 0.0763371275557 0.00895043852745 0.78636874846
31.80/13.51	breast-cancer 0.135120712368 0.0260485653755 0.400133378789
32.96/13.99	credit-g 0.640977851973 0.540146808729 -0.665165180572
34.12/14.46	soybean 0.128090544329 0.0256870900966 0.713646607727
35.25/14.93	arrhythmia 0.264595663657 0.0950487398683 0.297029543705
36.46/15.41	nursery 0.27872213955 0.0997446317543 0.586948478094
37.57/15.88	hepatitis 0.276396083005 0.108401750947 0.150615633696
38.73/16.35	cmc 0.253901672239 0.0841112213826 0.340016409116
39.88/16.83	heart-c 0.241743913033 0.078440161751 0.782490234287
41.09/17.30	glass 0.349103695555 0.148343070467 0.374923036668
42.20/17.78	braziltourism 0.45850234087 0.270860402394 0.0950235972245
43.37/18.25	iris 0.295070868425 0.112368453264 0.335491475915
44.57/18.72	heart-statlog 0.267636811526 0.0953767199356 0.743705092563
45.70/19.19	page-blocks 0.419752684861 0.234813448317 0.157403033498
46.88/19.66	breast-w 0.216447181554 0.0617933232408 0.588241316152
48.01/20.13	heart-h 0.163381173285 0.03707850326 0.679386399204
49.17/20.60	yeast 0.318338398952 0.125770760707 0.584362801979
50.33/21.08	tae 0.363613106803 0.160985210683 0.128637386719
51.52/21.55	haberman 0.27512014445 0.0959242067818 0.0138980091179
52.71/22.02	mfeat-pixel 0.355576241274 0.15638772832 0.183583004162
53.87/22.49	optdigits 0.205488352111 0.0540759730901 0.736271273733
55.05/22.95	mfeat-factors 0.214792369561 0.0627315666123 0.730453502474
56.21/23.43	satimage 0.265173150888 0.0961192156756 0.484814271554
57.38/23.91	lymph 0.205667812511 0.0621129559698 0.483521433496
58.52/24.38	audiology 0.318789082023 0.132281327615 0.299938429334
59.68/24.85	ecoli 0.393913838002 0.194230120238 0.216227165113
60.88/25.45	tic-tac-toe 0.301254495749 0.131910656658 0.613774867787
62.06/25.92	spambase 0.210498792138 0.0556047056341 0.855212375021
63.20/26.39	zoo 0.120796948356 0.0202644303568 0.783783072345
64.37/26.87	sonar 0.522123889224 0.341710304753 -0.231094802774
65.53/27.34	mfeat-zernike 0.261902426976 0.0943699918726 0.45863430089
66.72/27.82	kr-vs-kp 0.189850673993 0.0466746455009 0.69166836075
66.72/27.85	MAE 0.302546772082 0.116274992959
66.72/27.85	MSE 0.135935914556 0.135935914556
66.72/27.85	Mean tau 0.390998457251 0.321337475903
66.72/27.85	(0.0, '1_class_probability_max')
66.72/27.85	(1.0, '0_class_probability_max')
66.72/27.85	(2.7017543859649122, '0_landmark_decision_tree')
66.72/27.85	(2.719298245614035, '0_landmark_naive_bayes')
66.72/27.85	(4.035087719298246, '1_landmark_naive_bayes')
66.72/27.85	(4.894736842105263, '1_landmark_decision_tree')
66.72/27.85	(7.614035087719298, '0_number_of_numeric_features')
66.72/27.85	(8.070175438596491, '1_number_of_categorical_features')
66.72/27.85	(8.298245614035087, '1_number_of_numeric_features')
66.72/27.85	(9.017543859649123, '0_number_of_categorical_features')
66.72/27.85	(10.596491228070175, '1_number_of_features')
66.72/27.85	(10.631578947368421, '0_number_of_features')
66.72/27.85	(10.649122807017545, '0_landmark_lda')
66.72/27.85	(10.771929824561404, '1_landmark_lda')
66.72/27.85	(14.403508771929825, '0_number_of_classes')
66.72/27.85	(14.596491228070175, '1_number_of_classes')
66.72/27.85	Result for ParamILS: SAT, 27.000223, 1, 0.302547, -1, /home/feurerm/thesis/Software/pyMetaLearn/optimizers/metalearn_optimizer/learn_distances.py
