0.72/0.98	['/home/feurerm/thesis/Software/pyMetaLearn/optimizers/metalearn_optimizer/learn_distances.py', '--input_file', '/home/feurerm/thesis/experiments/2014_04_25_predict_distances/testfold_0-3_pfahringer_spearman_rank_perm.pkl', '--fold', '0', '--folds', '1', '--params', '-max_features', '0.227207100317', '-min_samples_leaf', '2', '-min_samples_split', '6', '-n_estimators', '89', '-n_jobs', '4', '-seed', '33']
0.72/0.99	Metafeatures (57, 8)
0.72/0.99	X (3192, 16)
0.72/0.99	Y (3192,)
0.72/0.99	Dataset Mae MSE Rho
1.61/1.54	vehicle 0.340840782006 0.143973893739 0.374276617639
2.67/2.16	anneal.ORIG 0.307593688874 0.12065979645 0.63025855302
3.62/2.77	segment 0.195377388957 0.0493987590096 0.828385985328
4.68/3.39	pendigits 0.27605926684 0.0959131281883 0.70944488404
5.64/4.01	mushroom 0.170582687119 0.0364564257633 0.68875947512
6.65/4.63	labor 0.295905398612 0.120619085451 0.352298370662
7.66/5.17	abalone 0.256555772487 0.0866368794303 0.618623010502
8.69/5.79	diabetes 0.486108587693 0.314944044147 0.0950235972245
9.73/6.39	car 0.323264427879 0.144514897651 0.538790260453
10.78/7.03	autos 0.208112134708 0.0553727950446 0.757279892167
11.98/7.79	mfeat-fourier 0.564390150228 0.411115003114 -0.455402205746
12.95/8.40	primary-tumor 0.218286043479 0.057419763231 0.605371420413
13.97/9.01	waveform-5000 0.214883987338 0.0637025526651 0.697809341523
15.04/9.62	credit-a 0.361338140614 0.183305904325 0.480612547867
16.08/10.25	letter 0.230863851744 0.0762076437112 0.686173799005
17.15/10.88	postoperative-patient-data 0.409779891048 0.207257380849 0.00290888562932
18.18/11.51	vowel 0.441868897744 0.245434213039 0.249517745093
19.28/12.14	eucalyptus 0.413540206412 0.222612769315 -0.0248871326064
20.23/12.77	cylinder-bands 0.337794372939 0.142170638706 0.374599827154
21.25/13.39	ionosphere 0.399274690697 0.192457672255 0.15901908107
22.41/14.00	mfeat-karhunen 0.146175354718 0.0306146769606 0.84260720396
23.32/14.63	balance-scale 0.21566135255 0.0655463716222 0.554950736172
24.36/15.26	mfeat-morphological 0.486933332645 0.313458417909 -0.282808325073
25.38/15.90	liver-disorders 0.299921345741 0.11320483197 0.628642505448
26.41/20.47	dermatology 0.204863573154 0.054801983001 0.505499680473
27.46/21.31	vote 0.0678730707882 0.00740972539259 0.818043280868
28.62/21.94	breast-cancer 0.238034115912 0.0685528126821 0.232710850346
29.56/22.57	credit-g 0.532724984535 0.379279871682 -0.516812013476
30.68/23.18	soybean 0.13304741504 0.0271206328394 0.701364646181
31.79/23.80	arrhythmia 0.283096985895 0.109571855718 0.178411651932
32.68/24.43	nursery 0.272443739101 0.094813423401 0.594705506439
33.71/25.05	hepatitis 0.339350655856 0.167273652451 -0.3306433332
34.79/25.76	cmc 0.321901468306 0.124390533083 0.287979677303
35.90/26.42	heart-c 0.232997219452 0.0724617114517 0.851333860848
36.88/27.08	glass 0.346818522843 0.146599603007 0.400456588303
37.95/27.71	braziltourism 0.48448091832 0.305653337705 -0.0778934929629
38.99/28.36	iris 0.297523738299 0.112660685816 0.324825561941
40.02/29.03	heart-statlog 0.265812043374 0.0984871780225 0.770208272741
41.21/29.65	page-blocks 0.310996042368 0.132548845224 0.398840540731
42.16/30.35	breast-w 0.227618442699 0.0703267787888 0.46380565312
43.19/30.97	heart-h 0.175972709818 0.0419831187349 0.694254036865
44.21/31.59	yeast 0.26953282237 0.0923171957419 0.675831094546
45.27/32.23	tae 0.323090685604 0.129201773935 0.13833367215
46.32/32.86	haberman 0.248117543569 0.083537229826 0.262122916153
47.39/33.46	mfeat-pixel 0.337214758448 0.137904807284 0.250487373636
48.54/34.08	optdigits 0.148605419897 0.0286214622935 0.813518347667
49.48/34.70	mfeat-factors 0.190433499754 0.0518723398089 0.757926311195
50.55/35.33	satimage 0.282013289499 0.106403812627 0.377185503269
51.57/35.94	lymph 0.172214147524 0.0421323724565 0.725605359759
52.57/36.55	audiology 0.322977304114 0.137815711572 0.377831922297
53.61/37.16	ecoli 0.405241129235 0.212879200979 0.144797862437
54.61/37.78	tic-tac-toe 0.299403059197 0.13674303588 0.508408566103
55.80/38.41	spambase 0.216855700321 0.0598629336776 0.86038372725
56.77/39.03	zoo 0.105557638625 0.0148697750353 0.808346995437
58.01/39.65	sonar 0.510988580453 0.323081661854 -0.19457212765
58.97/40.29	mfeat-zernike 0.273968068024 0.102687156556 0.42017236868
60.01/40.91	kr-vs-kp 0.158409305054 0.0318747445251 0.751785330422
60.01/40.97	MAE 0.291250707904 0.109126529531
60.01/40.97	MSE 0.126293658028 0.126293658028
60.01/40.97	Mean tau 0.422587934524 0.344266535517
60.01/40.97	(0.8771929824561403, '0_class_probability_max')
60.01/40.97	(1.263157894736842, '0_landmark_naive_bayes')
60.01/40.97	(1.263157894736842, '1_class_probability_max')
60.01/40.97	(3.245614035087719, '1_landmark_naive_bayes')
60.01/40.97	(4.298245614035087, '1_landmark_decision_tree')
60.01/40.97	(4.491228070175438, '0_landmark_decision_tree')
60.01/40.97	(6.175438596491228, '0_landmark_lda')
60.01/40.97	(6.43859649122807, '1_landmark_lda')
60.01/40.97	(9.508771929824562, '1_number_of_features')
60.01/40.97	(9.614035087719298, '0_number_of_features')
60.01/40.97	(9.947368421052632, '1_number_of_numeric_features')
60.01/40.97	(10.333333333333334, '0_number_of_categorical_features')
60.01/40.97	(11.473684210526315, '1_number_of_categorical_features')
60.01/40.97	(12.210526315789474, '0_number_of_numeric_features')
60.01/40.97	(14.228070175438596, '0_number_of_classes')
60.01/40.97	(14.631578947368421, '1_number_of_classes')
60.01/40.97	Result for ParamILS: SAT, 39.984316, 1, 0.291251, -1, /home/feurerm/thesis/Software/pyMetaLearn/optimizers/metalearn_optimizer/learn_distances.py
