0.71/1.49	['/home/feurerm/thesis/Software/pyMetaLearn/optimizers/metalearn_optimizer/learn_distances.py', '--input_file', '/home/feurerm/thesis/experiments/2014_04_25_predict_distances/testfold_0-3_pfahringer_spearman_rank_perm.pkl', '--fold', '0', '--folds', '1', '--params', '-max_features', '0.879713854513', '-min_samples_leaf', '7', '-min_samples_split', '8', '-n_estimators', '33', '-n_jobs', '4', '-seed', '30']
0.71/1.49	Metafeatures (57, 8)
0.71/1.49	X (3192, 16)
0.71/1.49	Y (3192,)
0.71/1.49	Dataset Mae MSE Rho
1.68/2.01	vehicle 0.386735332972 0.184412639115 0.21752000317
2.69/2.47	anneal.ORIG 0.45173459873 0.256355384329 0.15901908107
3.67/2.94	segment 0.204989600505 0.0549161938615 0.788954424575
4.65/3.41	pendigits 0.274852452878 0.0955505740405 0.69910217958
5.68/3.96	mushroom 0.181458999095 0.04105356334 0.681972075319
6.67/4.42	labor 0.302065471917 0.124998674002 0.231094802774
7.68/4.91	abalone 0.269463725331 0.092276748174 0.638662000393
8.72/5.37	diabetes 0.530390429762 0.349590671924 0.223014564915
9.71/5.84	car 0.386651909407 0.207273885814 0.17162425213
10.73/6.37	autos 0.218691034276 0.0617962664721 0.656761733198
11.75/6.90	mfeat-fourier 0.5600936396 0.408499327874 -0.405627940533
12.69/7.36	primary-tumor 0.220763766648 0.0616935522585 0.525742566282
13.66/7.85	waveform-5000 0.156569574879 0.0382023725762 0.740796206934
14.64/8.31	credit-a 0.373271132181 0.1977180958 0.362641075122
15.59/8.78	letter 0.238240864797 0.0773182408362 0.591473411295
16.57/9.45	postoperative-patient-data 0.44645508805 0.260154292293 -0.00759603461889
17.54/10.14	vowel 0.419304743331 0.218746464086 0.342278875717
18.52/10.61	eucalyptus 0.451189721768 0.272799747049 -0.155140566897
19.52/11.12	cylinder-bands 0.326049010467 0.130139780299 0.457341462832
20.51/11.58	ionosphere 0.409418317818 0.200757924333 0.0879129879084
21.55/12.08	mfeat-karhunen 0.160830751873 0.0386673457287 0.757926311195
22.52/12.72	balance-scale 0.264576504919 0.0956970252012 0.305432991079
23.52/13.20	mfeat-morphological 0.470261151589 0.296922698853 -0.209762974826
24.55/13.67	liver-disorders 0.304714593283 0.121945339941 0.350035904062
25.55/14.15	dermatology 0.198112832665 0.0501085521557 0.507115728045
26.55/18.90	vote 0.0795964883398 0.0102894707281 0.780227767687
27.54/20.21	breast-cancer 0.113160226656 0.0197164725318 0.460573557976
28.53/20.67	credit-g 0.666144699594 0.590904365896 -0.591473411295
29.53/21.14	soybean 0.130638385633 0.0273826047547 0.681002446776
30.51/21.61	arrhythmia 0.272889588901 0.102586140495 0.29961521982
31.52/22.07	nursery 0.267605816655 0.0928093333799 0.601492906241
32.50/22.53	hepatitis 0.245615747662 0.0850331907421 0.418233111594
33.50/23.02	cmc 0.243324791774 0.0770707655201 0.352944789691
34.46/23.49	heart-c 0.21952469544 0.0672047523471 0.805761319322
35.45/23.95	glass 0.362767269454 0.160843992882 0.338723571059
36.47/24.54	braziltourism 0.442479195204 0.254507598397 0.118941101288
37.45/25.06	iris 0.274811826864 0.102207081641 0.370074893953
38.44/25.54	heart-statlog 0.202362444561 0.0566780747492 0.795741824377
39.45/26.03	page-blocks 0.437820520341 0.258266313712 0.0084034473736
40.49/26.50	breast-w 0.232889769534 0.0720141655441 0.52747792745
41.42/26.97	heart-h 0.171779015051 0.0421938299389 0.632197810106
42.44/27.44	yeast 0.288988801815 0.101770121654 0.672922208916
43.45/27.91	tae 0.374091922948 0.169274945532 0.194248918136
44.43/28.39	haberman 0.272607975735 0.099324501776 0.0290888562932
45.42/28.88	mfeat-pixel 0.37525606492 0.176028128006 0.182290166104
46.42/29.34	optdigits 0.189977538133 0.0479916635635 0.745644349649
47.40/29.83	mfeat-factors 0.200671977513 0.0546979702854 0.729160664417
48.39/30.36	satimage 0.26580380847 0.0998720130058 0.389467464815
49.38/30.82	lymph 0.228494992934 0.0777491475109 0.40982966422
50.40/31.30	audiology 0.290816831098 0.111914239412 0.488692785726
51.33/31.77	ecoli 0.392316068391 0.19424525671 0.185199051733
52.32/32.25	tic-tac-toe 0.33585674367 0.16954390766 0.303493733993
53.28/32.74	spambase 0.226206718014 0.0612348050943 0.858767679679
54.31/33.22	zoo 0.110231097133 0.0171236581484 0.820305747469
55.29/33.69	sonar 0.520731249245 0.338633079304 -0.190370403963
56.30/34.19	mfeat-zernike 0.27441023154 0.106902287816 0.407567197619
57.31/34.65	kr-vs-kp 0.179629998915 0.0429717004155 0.707505626954
57.31/34.67	MAE 0.299936627208 0.121956697988
57.31/34.67	MSE 0.137308437535 0.137308437535
57.31/34.67	Mean tau 0.390386791507 0.32109311382
57.31/34.67	(0.017543859649122806, '1_class_probability_max')
57.31/34.67	(0.9824561403508771, '0_class_probability_max')
57.31/34.67	(2.3157894736842106, '0_landmark_decision_tree')
57.31/34.67	(3.456140350877193, '1_landmark_naive_bayes')
57.31/34.67	(3.8596491228070176, '0_landmark_naive_bayes')
57.31/34.67	(6.491228070175438, '1_number_of_numeric_features')
57.31/34.67	(7.087719298245614, '0_number_of_numeric_features')
57.31/34.67	(7.56140350877193, '1_landmark_decision_tree')
57.31/34.67	(7.912280701754386, '0_number_of_categorical_features')
57.31/34.67	(7.9298245614035086, '1_number_of_categorical_features')
57.31/34.67	(8.964912280701755, '1_number_of_features')
57.31/34.67	(10.210526315789474, '0_number_of_features')
57.31/34.67	(11.859649122807017, '1_landmark_lda')
57.31/34.67	(12.350877192982455, '0_landmark_lda')
57.31/34.67	(14.43859649122807, '0_number_of_classes')
57.31/34.67	(14.56140350877193, '1_number_of_classes')
57.31/34.67	Result for ParamILS: SAT, 33.181147, 1, 0.299937, -1, /home/feurerm/thesis/Software/pyMetaLearn/optimizers/metalearn_optimizer/learn_distances.py
