0.78/2.14	['/home/feurerm/thesis/Software/pyMetaLearn/optimizers/metalearn_optimizer/learn_distances.py', '--input_file', '/home/feurerm/thesis/experiments/2014_04_25_predict_distances/testfold_0-3_pfahringer_spearman_rank_perm.pkl', '--fold', '0', '--folds', '1', '--params', '-max_features', '0.140823364878', '-min_samples_leaf', '5', '-min_samples_split', '3', '-n_estimators', '67', '-n_jobs', '4', '-seed', '80']
0.78/2.14	Metafeatures (57, 8)
0.78/2.14	X (3192, 16)
0.78/2.14	Y (3192,)
0.78/2.14	Dataset Mae MSE Rho
1.25/2.66	vehicle 0.361022409387 0.162125977296 0.307049038651
1.84/3.17	anneal.ORIG 0.267468827417 0.0953444347845 0.57111121189
2.44/8.26	segment 0.282415439577 0.101190813094 0.676477513574
3.06/8.66	pendigits 0.343087287002 0.142711664301 0.570464792861
3.63/9.04	mushroom 0.213395086133 0.0560720196134 0.600523277698
4.25/9.43	labor 0.284079783582 0.109628132787 0.48384464301
4.83/10.21	abalone 0.32883484134 0.138328714147 0.502914004358
5.40/10.75	diabetes 0.474303383032 0.316833878941 -0.116678634687
6.01/11.33	car 0.359660385116 0.189670167659 0.398840540731
6.62/16.32	autos 0.260934831496 0.0877667092729 0.541375936568
7.23/17.46	mfeat-fourier 0.540557270242 0.378372071326 -0.421788416252
7.80/17.84	primary-tumor 0.229714640626 0.0647783457414 0.566263069175
8.39/18.23	waveform-5000 0.248868589783 0.0844988785525 0.632197810106
8.96/18.61	credit-a 0.369896430659 0.189267978937 0.417909902079
9.56/19.00	letter 0.24831505764 0.087533389755 0.673568627945
10.14/19.44	postoperative-patient-data 0.41423996005 0.205267346121 -0.182936585133
10.77/19.84	vowel 0.471283936391 0.276502526367 0.0972860638251
11.31/20.37	eucalyptus 0.372631904599 0.183191460502 0.128314177205
11.91/20.81	cylinder-bands 0.366408306805 0.162943965087 0.217196793656
12.51/21.42	ionosphere 0.429023003809 0.226034857981 -0.000323209514369
13.09/21.80	mfeat-karhunen 0.213394145686 0.0619777696891 0.76859222517
13.68/22.19	balance-scale 0.221552862757 0.0692107255442 0.551395431514
14.24/23.10	mfeat-morphological 0.486767734623 0.313285679672 -0.227216288601
14.83/23.51	liver-disorders 0.309172313488 0.126678686518 0.443766663229
15.40/23.99	dermatology 0.198689709008 0.0508411859478 0.551395431514
15.97/24.49	vote 0.0833652315288 0.0109371937922 0.816750442811
16.56/24.97	breast-cancer 0.270794014024 0.0944586964878 -0.0698132551037
17.16/25.72	credit-g 0.557481729928 0.409915111893 -0.624763991275
17.76/26.18	soybean 0.137186924621 0.0273015497449 0.794448986319
18.35/26.62	arrhythmia 0.287375988263 0.114381020418 0.126051710604
18.94/27.02	nursery 0.303873692101 0.115402339064 0.494510556985
19.55/27.42	hepatitis 0.402847804911 0.231005386332 -0.670659742316
20.17/27.91	cmc 0.31338489317 0.114767481946 0.320623838254
20.75/28.78	heart-c 0.289355387377 0.109948135219 0.752108539937
21.33/29.18	glass 0.350732924951 0.148913392559 0.401426216846
21.91/29.57	braziltourism 0.517170197904 0.33942032374 -0.148999586124
22.51/30.04	iris 0.315818255504 0.129017137954 0.237882202576
23.06/30.49	heart-statlog 0.313405627367 0.131324938138 0.644156562138
23.66/30.93	page-blocks 0.325192384321 0.14456614725 0.458311091375
24.24/31.31	breast-w 0.23231987511 0.075669020495 0.461543186519
24.82/31.87	heart-h 0.204423610522 0.0519164998654 0.561091716945
25.42/36.85	yeast 0.345609198064 0.14981642435 0.515195965904
26.01/37.23	tae 0.296633703498 0.109771141543 0.158695871555
26.57/37.62	haberman 0.275772103595 0.106356255153 0.286040420217
27.17/41.05	mfeat-pixel 0.327218546155 0.132692871776 0.263092544696
27.75/41.43	optdigits 0.231710551148 0.0672415939721 0.727544616845
28.39/41.81	mfeat-factors 0.23843276824 0.0789965461742 0.690052313178
28.92/42.20	satimage 0.297333824491 0.114262989841 0.311573971852
29.49/42.59	lymph 0.180301283335 0.0468454438438 0.697162922494
30.09/43.16	audiology 0.330903145335 0.145670860029 0.367489217838
30.67/43.82	ecoli 0.40739445003 0.210649410405 0.0927611306239
31.34/44.30	tic-tac-toe 0.284652597302 0.119599085745 0.574989726063
31.83/44.68	spambase 0.226534115398 0.0678838348372 0.746290768678
32.40/45.10	zoo 0.133174451167 0.0242011069229 0.76568333954
32.98/45.58	sonar 0.47955735941 0.287346482114 -0.0943771781958
33.59/46.17	mfeat-zernike 0.286728361978 0.109863446798 0.393992398016
34.18/46.57	kr-vs-kp 0.207295124132 0.0548881492824 0.642217305051
34.30/46.61	MAE 0.311398215178 0.100306650454
34.30/46.61	MSE 0.139562936795 0.139562936795
34.30/46.61	Mean tau 0.358677505814 0.3492754355
34.30/46.61	(0.42105263157894735, '1_landmark_decision_tree')
34.30/46.61	(1.4035087719298245, '0_class_probability_max')
34.30/46.61	(2.1578947368421053, '0_landmark_naive_bayes')
34.30/46.61	(3.245614035087719, '1_class_probability_max')
34.30/46.61	(4.43859649122807, '1_landmark_naive_bayes')
34.30/46.61	(4.842105263157895, '0_landmark_lda')
34.30/46.61	(4.9298245614035086, '1_landmark_lda')
34.30/46.61	(7.12280701754386, '0_landmark_decision_tree')
34.30/46.61	(8.649122807017545, '1_number_of_features')
34.30/46.61	(8.701754385964913, '1_number_of_categorical_features')
34.30/46.61	(9.649122807017545, '0_number_of_categorical_features')
34.30/46.61	(10.824561403508772, '0_number_of_features')
34.30/46.61	(12.456140350877194, '0_number_of_numeric_features')
34.30/46.61	(13.175438596491228, '1_number_of_numeric_features')
34.30/46.61	(13.87719298245614, '1_number_of_classes')
34.30/46.61	(14.105263157894736, '0_number_of_classes')
34.30/46.61	Result for ParamILS: SAT, 44.470582, 1, 0.311398, -1, /home/feurerm/thesis/Software/pyMetaLearn/optimizers/metalearn_optimizer/learn_distances.py
