0.79/1.00	['/home/feurerm/thesis/Software/pyMetaLearn/optimizers/metalearn_optimizer/learn_distances.py', '--input_file', '/home/feurerm/thesis/experiments/2014_04_25_predict_distances/testfold_0-3_pfahringer_spearman_rank_perm.pkl', '--fold', '0', '--folds', '1', '--params', '-max_features', '0.449411991503', '-min_samples_leaf', '5', '-min_samples_split', '9', '-n_estimators', '89', '-n_jobs', '4', '-seed', '14']
0.79/1.01	Metafeatures (57, 8)
0.79/1.01	X (3192, 16)
0.79/1.01	Y (3192,)
0.79/1.01	Dataset Mae MSE Rho
2.15/1.69	vehicle 0.339869873379 0.142037855356 0.421141997223
3.72/2.28	anneal.ORIG 0.375803559656 0.173338741581 0.577575402177
5.21/2.89	segment 0.202821277162 0.0526100817543 0.804791690779
6.74/3.69	pendigits 0.275813332543 0.0983317951707 0.697486132008
8.27/4.39	mushroom 0.174723692789 0.0379162945004 0.699748598609
9.83/5.19	labor 0.293823417873 0.124500049227 0.263738963725
11.37/5.89	abalone 0.26636125749 0.0906717267555 0.634460276706
13.11/6.71	diabetes 0.495058692747 0.313926971046 0.184552632705
14.62/7.53	car 0.352282957282 0.171734794936 0.388497836272
16.20/8.34	autos 0.242075744289 0.0746369890909 0.589857363724
17.76/9.14	mfeat-fourier 0.577375878062 0.430277985818 -0.470916262436
19.30/9.84	primary-tumor 0.213420248062 0.056210433992 0.565616650146
20.81/10.53	waveform-5000 0.1893267918 0.0503562551808 0.728837454902
22.34/11.23	credit-a 0.373904568094 0.194724902346 0.418879530622
23.86/11.94	letter 0.23319405882 0.0763342671809 0.696516503465
25.41/12.64	postoperative-patient-data 0.416377638976 0.222146263888 0.0643186933594
26.99/13.33	vowel 0.43379489983 0.236860239847 0.327411238056
28.44/14.03	eucalyptus 0.403637862287 0.21024756142 -0.0219782469771
29.98/14.72	cylinder-bands 0.324020904157 0.13034325496 0.457664672347
31.61/15.53	ionosphere 0.395036603193 0.190283058004 0.169038576015
33.08/16.24	mfeat-karhunen 0.162346902905 0.0375569419296 0.817073652325
34.62/16.94	balance-scale 0.240721147715 0.0791434753588 0.429545444596
36.22/17.64	mfeat-morphological 0.455197972478 0.272732965228 -0.167422528443
37.66/18.35	liver-disorders 0.293726622755 0.111298213163 0.550749012485
39.17/19.06	dermatology 0.200966819848 0.0525342967036 0.51487275639
40.69/19.75	vote 0.0710002695024 0.00827596698924 0.790247262632
42.27/20.56	breast-cancer 0.179887659467 0.041572738541 0.333875428343
43.84/21.26	credit-g 0.584302814006 0.455270672883 -0.610865982158
45.39/21.95	soybean 0.11536302208 0.0223585892782 0.761481615853
46.91/22.54	arrhythmia 0.269072316848 0.101569830642 0.26632463984
48.50/23.23	nursery 0.272255037088 0.0943010328436 0.608280306043
49.98/24.03	hepatitis 0.298527369875 0.124588429891 -0.0462189605548
51.52/24.82	cmc 0.30544864548 0.116950586802 0.224953822001
53.06/25.52	heart-c 0.236962674932 0.0749128016875 0.817396861839
54.61/26.23	glass 0.345947496168 0.145914088113 0.408213616648
56.22/27.06	braziltourism 0.444892290747 0.256082160397 0.0400779797818
57.72/27.75	iris 0.282725434293 0.105334998865 0.382356855499
59.31/28.55	heart-statlog 0.283667133239 0.111651019321 0.806084528836
60.87/29.25	page-blocks 0.356744250231 0.173711444406 0.305109781564
62.45/30.06	breast-w 0.209389634961 0.0596601281233 0.521983365706
64.11/30.89	heart-h 0.166296717911 0.0362137591536 0.702980693753
65.54/31.68	yeast 0.275236526108 0.095192593809 0.641570886023
67.07/32.38	tae 0.352938393206 0.151612546728 0.186491889791
68.77/33.21	haberman 0.258717364088 0.0863523834506 0.115709006144
70.26/33.91	mfeat-pixel 0.336095510325 0.136729015484 0.257921192467
71.88/34.72	optdigits 0.172068593751 0.039002655992 0.775379624971
73.41/35.42	mfeat-factors 0.186805362379 0.0483890234688 0.747260397221
74.99/36.25	satimage 0.245498900963 0.0845218664543 0.541699146083
76.52/36.95	lymph 0.20362570927 0.0609039914516 0.496126604556
78.05/37.67	audiology 0.334226903166 0.148984215849 0.335491475915
79.63/38.46	ecoli 0.40693289713 0.211455964087 0.130253434291
81.18/39.26	tic-tac-toe 0.289162152926 0.127951004709 0.603755372841
82.70/39.95	spambase 0.206350959949 0.0531352137521 0.897229611888
84.35/40.75	zoo 0.103770038153 0.0147972296693 0.826123518727
85.81/41.45	sonar 0.510973107586 0.328435867841 -0.154170938354
87.34/42.15	mfeat-zernike 0.257913655884 0.089997865593 0.462512815062
88.90/42.85	kr-vs-kp 0.175401626018 0.0391655823772 0.708475255497
88.90/42.90	MAE 0.292454091086 0.110824524702
88.90/42.90	MSE 0.127644748826 0.127644748826
88.90/42.90	Mean tau 0.425020511395 0.324347725336
88.90/42.90	(0.38596491228070173, '0_class_probability_max')
88.90/42.90	(0.6140350877192983, '1_class_probability_max')
88.90/42.90	(2.1403508771929824, '0_landmark_decision_tree')
88.90/42.90	(2.8596491228070176, '1_landmark_decision_tree')
88.90/42.90	(4.385964912280702, '1_landmark_naive_bayes')
88.90/42.90	(4.7368421052631575, '0_landmark_naive_bayes')
88.90/42.90	(5.964912280701754, '1_landmark_lda')
88.90/42.90	(9.087719298245615, '0_landmark_lda')
88.90/42.90	(9.210526315789474, '0_number_of_numeric_features')
88.90/42.90	(9.543859649122806, '1_number_of_categorical_features')
88.90/42.90	(9.543859649122806, '1_number_of_numeric_features')
88.90/42.90	(10.175438596491228, '1_number_of_features')
88.90/42.90	(10.526315789473685, '0_number_of_features')
88.90/42.90	(11.824561403508772, '0_number_of_categorical_features')
88.90/42.90	(14.491228070175438, '1_number_of_classes')
88.90/42.90	(14.508771929824562, '0_number_of_classes')
88.90/42.90	Result for ParamILS: SAT, 41.897254, 1, 0.292454, -1, /home/feurerm/thesis/Software/pyMetaLearn/optimizers/metalearn_optimizer/learn_distances.py
