0.75/1.11	['/home/feurerm/thesis/Software/pyMetaLearn/optimizers/metalearn_optimizer/learn_distances.py', '--input_file', '/home/feurerm/thesis/experiments/2014_04_25_predict_distances/testfold_0-3_pfahringer_spearman_rank_perm.pkl', '--fold', '0', '--folds', '1', '--params', '-max_features', '0.352293450852', '-min_samples_leaf', '3', '-min_samples_split', '3', '-n_estimators', '5', '-n_jobs', '4', '-seed', '55']
0.75/1.11	Metafeatures (57, 8)
0.75/1.11	X (3192, 16)
0.75/1.11	Y (3192,)
0.75/1.11	Dataset Mae MSE Rho
0.87/1.35	vehicle 0.370705154882 0.188393174629 0.246002019233
1.03/1.60	anneal.ORIG 0.248155640445 0.0885811641196 0.350928621615
1.14/1.84	segment 0.202703310575 0.0611179631629 0.700725736851
1.30/2.08	pendigits 0.290655364634 0.116250797962 0.566122038921
1.43/2.32	mushroom 0.155102321135 0.034974298897 0.686284213971
1.57/2.57	labor 0.299164495122 0.124233356722 0.331343061385
1.72/2.81	abalone 0.245815874904 0.0839312769995 0.592861633737
1.85/3.06	diabetes 0.482367796785 0.31661129158 0.0636927707981
2.01/3.30	car 0.371632535845 0.191626021167 0.314533462173
2.15/3.55	autos 0.254896478107 0.0971756160367 0.342065743677
2.30/3.79	mfeat-fourier 0.63503783945 0.522282939141 -0.443838071494
2.43/4.04	primary-tumor 0.203433174652 0.0586230929164 0.560652001978
2.58/4.29	waveform-5000 0.205955183773 0.0635470714968 0.601702912471
2.72/4.54	credit-a 0.38547782921 0.204001096089 0.338966982739
2.87/4.79	letter 0.278161127694 0.102806321964 0.529910920498
3.02/5.04	postoperative-patient-data 0.42836019595 0.249561988363 0.0871540511729
3.16/5.29	vowel 0.373573415068 0.184269331089 0.419014370327
3.30/5.54	eucalyptus 0.458428149065 0.287622452289 -0.144001422243
3.44/5.78	cylinder-bands 0.374770779383 0.188517380445 0.232064431317
3.58/6.02	ionosphere 0.421029434453 0.23197788069 0.110708164126
3.73/6.27	mfeat-karhunen 0.145089589531 0.0328167150955 0.779482446105
3.85/6.51	balance-scale 0.25835701592 0.0960753785279 0.353458036415
4.01/6.76	mfeat-morphological 0.552667536459 0.403034101848 -0.298370386008
4.14/7.01	liver-disorders 0.295568219714 0.121372648022 0.325983017581
4.28/8.26	dermatology 0.204896121193 0.0578694834245 0.510024613674
4.43/8.54	vote 0.0866103170182 0.0120617909765 0.773888086786
4.58/8.85	breast-cancer 0.227287341332 0.0755270131165 0.131760880398
4.74/9.10	credit-g 0.587342488762 0.464086033281 -0.418556321108
4.87/9.34	soybean 0.176090061989 0.0456897887397 0.630904972048
5.02/9.59	arrhythmia 0.346775142483 0.164011519752 -0.0134142739015
5.15/9.83	nursery 0.27808658038 0.106721641779 0.497621076416
5.30/10.08	hepatitis 0.303264394897 0.139957302385 0.127860220957
5.44/10.33	cmc 0.327101150665 0.139487346719 0.308851535249
5.58/10.58	heart-c 0.243002694337 0.0857237657946 0.654063326521
5.73/10.82	glass 0.364736107795 0.173953557197 0.215650142753
5.87/11.07	braziltourism 0.356424585443 0.166681881266 0.175355267266
6.03/11.31	iris 0.317771420672 0.139248048866 0.17679560436
6.16/11.56	heart-statlog 0.331351745466 0.158448712328 0.461095463143
6.33/11.81	page-blocks 0.343782627379 0.177201870798 0.253842008979
6.47/12.06	breast-w 0.260052608266 0.0950243462931 0.377892720741
6.61/12.30	heart-h 0.195615502175 0.0638068079826 0.472731941708
6.74/12.55	yeast 0.293519184062 0.117983769458 0.518391565878
6.89/12.80	tae 0.375093573833 0.18008184539 0.0820952166497
7.05/13.04	haberman 0.252669473315 0.0897273462384 0.199338853412
7.18/13.29	mfeat-pixel 0.333144539669 0.140929714146 0.313190019424
7.34/13.54	optdigits 0.133219115575 0.0268492012029 0.794253562754
7.48/13.78	mfeat-factors 0.202424484088 0.0688674928897 0.639844703323
7.62/14.03	satimage 0.292284204007 0.11731273914 0.245536884493
7.76/14.27	lymph 0.16803699125 0.0477268767154 0.60558173866
7.91/14.52	audiology 0.378288122684 0.195215142668 0.127062228039
8.06/14.77	ecoli 0.408669690957 0.221632774333 0.157577313903
8.18/15.02	tic-tac-toe 0.407035779177 0.234871229845 0.208035530179
8.33/15.26	spambase 0.215260052814 0.0659918447049 0.673568627945
8.50/15.51	zoo 0.111601220278 0.0206758616899 0.741987126284
8.63/15.76	sonar 0.529922409408 0.362329753996 -0.118808169916
8.77/16.00	mfeat-zernike 0.259542089934 0.0971140596273 0.399226998787
8.93/16.25	kr-vs-kp 0.159918615637 0.0374597296206 0.712676979184
8.93/16.25	MAE 0.305402261398 0.116416557645
8.93/16.25	MSE 0.146310064063 0.146310064063
8.93/16.25	Mean tau 0.338304793023 0.288064592872
8.93/16.25	(1.105263157894737, '0_landmark_decision_tree')
8.93/16.25	(1.7719298245614035, '1_class_probability_max')
8.93/16.25	(2.1228070175438596, '1_landmark_naive_bayes')
8.93/16.25	(2.6315789473684212, '0_class_probability_max')
8.93/16.25	(5.2105263157894735, '0_landmark_naive_bayes')
8.93/16.25	(5.578947368421052, '1_landmark_lda')
8.93/16.25	(5.842105263157895, '0_number_of_categorical_features')
8.93/16.25	(7.456140350877193, '1_number_of_features')
8.93/16.25	(8.052631578947368, '1_number_of_categorical_features')
8.93/16.25	(9.894736842105264, '1_number_of_numeric_features')
8.93/16.25	(10.56140350877193, '1_landmark_decision_tree')
8.93/16.25	(10.666666666666666, '0_landmark_lda')
8.93/16.25	(10.912280701754385, '0_number_of_numeric_features')
8.93/16.25	(11.210526315789474, '0_number_of_features')
8.93/16.25	(13.421052631578947, '0_number_of_classes')
8.93/16.25	(13.56140350877193, '1_number_of_classes')
8.93/16.25	Result for ParamILS: SAT, 15.145073, 1, 0.305402, -1, /home/feurerm/thesis/Software/pyMetaLearn/optimizers/metalearn_optimizer/learn_distances.py
