0.73/0.96	['/home/feurerm/thesis/Software/pyMetaLearn/optimizers/metalearn_optimizer/learn_distances.py', '--input_file', '/home/feurerm/thesis/experiments/2014_04_25_predict_distances/testfold_0-3_pfahringer_spearman_rank_perm.pkl', '--fold', '0', '--folds', '1', '--params', '-max_features', '0.937695664978', '-min_samples_leaf', '2', '-min_samples_split', '5', '-n_estimators', '77', '-n_jobs', '4', '-seed', '3']
0.73/0.97	Metafeatures (57, 8)
0.73/0.97	X (3192, 16)
0.73/0.97	Y (3192,)
0.73/0.97	Dataset Mae MSE Rho
3.39/1.91	vehicle 0.36088889136 0.155139591514 0.293797448561
6.27/3.04	anneal.ORIG 0.515737113891 0.326770736396 -0.0701364646181
9.15/4.15	segment 0.129129900992 0.0211125583166 0.89141184063
11.99/5.07	pendigits 0.236179296462 0.0757447876692 0.740472997419
14.87/6.16	mushroom 0.174939276678 0.0395794151906 0.652236799997
17.78/7.27	labor 0.319849778834 0.14127042324 0.211055812883
20.66/8.38	abalone 0.173923228166 0.0368863005685 0.820305747469
23.73/9.40	diabetes 0.518058294698 0.330555990991 0.266001430326
26.47/10.41	car 0.364344798434 0.178020278052 0.231418012288
29.31/11.44	autos 0.183538283083 0.0434474689611 0.783136653316
32.19/12.56	mfeat-fourier 0.584020064704 0.444057486054 -0.433423958769
35.03/13.57	primary-tumor 0.199142329532 0.0512682314851 0.587918106637
37.85/14.58	waveform-5000 0.119328797655 0.0222754600598 0.797034662434
40.66/15.59	credit-a 0.328988935825 0.153120502053 0.530063603565
43.56/16.61	letter 0.225299942388 0.0674007693714 0.627672876905
46.38/17.73	postoperative-patient-data 0.449454377273 0.266245973616 0.0898522449946
49.20/18.84	vowel 0.34832277042 0.151995232102 0.578868240235
52.09/19.96	eucalyptus 0.483183622634 0.30756480636 -0.194895337165
54.95/21.08	cylinder-bands 0.339575185821 0.140106207221 0.370398103467
57.86/22.11	ionosphere 0.428674136496 0.210440029181 0.000323209514369
60.69/23.22	mfeat-karhunen 0.0979927662492 0.0166958841227 0.867817546081
63.56/24.13	balance-scale 0.244679692999 0.0797105756073 0.402072635875
66.34/25.13	mfeat-morphological 0.4561077667 0.275606545027 -0.0866201498509
69.14/26.03	liver-disorders 0.285236476682 0.105570902429 0.600200068183
71.96/27.14	dermatology 0.21316807643 0.0578828311684 0.470269843407
74.81/28.16	vote 0.0832725954625 0.0124463566677 0.748230025764
77.64/29.26	breast-cancer 0.167792336271 0.0397804296502 0.359732189493
80.50/30.27	credit-g 0.729405379052 0.709423394707 -0.666781228143
83.30/31.27	soybean 0.123729441719 0.0247170000483 0.678416770661
86.07/32.27	arrhythmia 0.237113782383 0.0759376432885 0.444736291772
88.88/33.27	nursery 0.225501069845 0.064467098754 0.699748598609
91.71/34.37	hepatitis 0.223981714384 0.0718583423422 0.595675134982
94.55/35.49	cmc 0.267965267461 0.0953613847317 0.320947047768
97.52/36.60	heart-c 0.173879739982 0.0427215712084 0.896259983345
100.26/37.62	glass 0.344767588499 0.144465865787 0.374923036668
103.13/38.64	braziltourism 0.476300460251 0.294267631448 -0.029735275322
106.00/39.75	iris 0.286554335909 0.105291327602 0.346803808918
108.87/40.86	heart-statlog 0.169526893647 0.0407070308139 0.864585450937
111.77/41.88	page-blocks 0.481843418552 0.320812934323 -0.148999586124
114.72/43.01	breast-w 0.21293729634 0.0596777625099 0.680356027747
117.56/43.94	heart-h 0.116996197895 0.0201784871646 0.766006549055
120.38/44.87	yeast 0.206106329033 0.0517128727559 0.799943548063
123.22/45.89	tae 0.400117885112 0.191750326024 0.168068947472
126.07/46.92	haberman 0.295837874505 0.112703994103 0.0439564939542
128.95/47.94	mfeat-pixel 0.360709615813 0.161985792886 0.206854089196
131.86/49.05	optdigits 0.115195206295 0.0186077064078 0.843253622989
134.73/50.05	mfeat-factors 0.159004975281 0.0386785219305 0.782167024773
137.60/51.17	satimage 0.263942475544 0.0934807713825 0.434070377798
140.48/52.29	lymph 0.236712180905 0.0869463140138 0.389790674329
143.42/53.30	audiology 0.285040114643 0.10177330463 0.49418734747
146.22/54.42	ecoli 0.405202790689 0.212273574813 0.178734861446
149.11/55.43	tic-tac-toe 0.361966726509 0.199467514323 0.111184072943
151.94/56.45	spambase 0.218925135537 0.0531692464057 0.860706936765
154.78/57.45	zoo 0.0893942551652 0.0108671632336 0.876220993454
157.64/58.56	sonar 0.490766596284 0.299139386513 -0.060440179187
160.47/59.57	mfeat-zernike 0.260720129975 0.0943661158791 0.442797034686
163.28/60.58	kr-vs-kp 0.127186467446 0.0208119665316 0.815780814267
163.41/60.63	MAE 0.287336141768 0.139302857493
163.41/60.63	MSE 0.132777505608 0.132777505608
163.41/60.63	Mean tau 0.427112867725 0.361387618465
163.41/60.63	(0.0, '1_class_probability_max')
163.41/60.63	(1.0, '0_class_probability_max')
163.41/60.63	(2.824561403508772, '0_landmark_naive_bayes')
163.41/60.63	(3.0, '1_landmark_naive_bayes')
163.41/60.63	(4.175438596491228, '0_landmark_decision_tree')
163.41/60.63	(6.0, '1_number_of_numeric_features')
163.41/60.63	(6.456140350877193, '0_number_of_numeric_features')
163.41/60.63	(7.017543859649122, '1_number_of_categorical_features')
163.41/60.63	(7.315789473684211, '0_number_of_categorical_features')
163.41/60.63	(9.017543859649123, '1_number_of_features')
163.41/60.63	(9.280701754385966, '0_number_of_features')
163.41/60.63	(10.526315789473685, '1_landmark_decision_tree')
163.41/60.63	(12.087719298245615, '1_landmark_lda')
163.41/60.63	(12.298245614035087, '0_landmark_lda')
163.41/60.63	(14.403508771929825, '0_number_of_classes')
163.41/60.63	(14.596491228070175, '1_number_of_classes')
163.41/60.63	Result for ParamILS: SAT, 59.671500, 1, 0.287336, -1, /home/feurerm/thesis/Software/pyMetaLearn/optimizers/metalearn_optimizer/learn_distances.py
