0.77/1.76	['/home/feurerm/thesis/Software/pyMetaLearn/optimizers/metalearn_optimizer/learn_distances.py', '--input_file', '/home/feurerm/thesis/experiments/2014_04_25_predict_distances/testfold_0-3_pfahringer_spearman_rank_perm.pkl', '--fold', '0', '--folds', '1', '--params', '-max_features', '0.693338168171', '-min_samples_leaf', '10', '-min_samples_split', '4', '-n_estimators', '35', '-n_jobs', '4', '-seed', '76']
0.77/1.76	Metafeatures (57, 8)
0.77/1.76	X (3192, 16)
0.77/1.76	Y (3192,)
0.77/1.76	Dataset Mae MSE Rho
1.53/2.17	vehicle 0.370812583494 0.169967561167 0.290242143903
2.40/2.65	anneal.ORIG 0.472932139743 0.268972173725 0.252749840237
3.26/3.10	segment 0.241774304734 0.0736513245116 0.755017425566
4.02/3.55	pendigits 0.305339588387 0.117029319363 0.656006479108
4.82/3.93	mushroom 0.201458177503 0.0508865557367 0.638338790879
5.64/4.32	labor 0.290253467634 0.117375361287 0.234650107432
6.45/4.80	abalone 0.285382252384 0.105269818073 0.571434421404
7.31/5.29	diabetes 0.478648120551 0.294550040325 0.223984193458
8.14/5.80	car 0.382421623714 0.205020699835 0.196511384736
8.98/6.27	autos 0.237195023361 0.07389785461 0.600200068183
9.79/6.64	mfeat-fourier 0.549778905118 0.394778899904 -0.412092130821
10.61/7.11	primary-tumor 0.237311924345 0.0709573464127 0.466714538749
11.44/7.72	waveform-5000 0.183487034485 0.0474712284348 0.747260397221
12.27/8.21	credit-a 0.385103188425 0.21035314619 0.342925294746
13.07/8.57	letter 0.252354499859 0.08772092634 0.569171954804
13.90/9.08	postoperative-patient-data 0.438034953853 0.255240243906 -0.0114748608073
14.73/9.56	vowel 0.46270379738 0.266263676059 0.197157803765
15.57/10.03	eucalyptus 0.40460928334 0.216650566742 -0.014867637661
16.38/10.60	cylinder-bands 0.320952173374 0.124620453429 0.508085356588
17.19/11.09	ionosphere 0.405115319348 0.197259955389 0.101487787512
18.04/11.56	mfeat-karhunen 0.192761516336 0.0518361420069 0.738210530819
18.86/11.95	balance-scale 0.248749188117 0.0802305644706 0.404011892961
19.72/12.41	mfeat-morphological 0.476745429497 0.301569920049 -0.248871326064
20.50/12.78	liver-disorders 0.284929693724 0.109530023462 0.414354597421
21.32/13.23	dermatology 0.198314241575 0.0505733823549 0.506146099502
22.12/13.60	vote 0.0906625178604 0.0128069180758 0.744028302078
22.97/14.18	breast-cancer 0.143539293302 0.0293918255969 0.345187761346
23.82/14.54	credit-g 0.664678358466 0.578054943015 -0.630794108884
24.63/14.91	soybean 0.122795854294 0.0229865049766 0.776995672543
25.49/15.30	arrhythmia 0.268647291199 0.0965396442281 0.341632456688
26.26/15.79	nursery 0.29181901357 0.108850210594 0.532972489195
27.07/16.15	hepatitis 0.276337879956 0.106854037605 0.177442023389
27.88/16.51	cmc 0.244757266519 0.0759670767652 0.384296112585
28.70/17.07	heart-c 0.258947802156 0.086842196322 0.743058673534
29.54/17.48	glass 0.371408571467 0.167689571017 0.236912574033
30.40/17.95	braziltourism 0.398712085278 0.208529819937 0.151585262239
31.21/18.31	iris 0.29056742999 0.114260277453 0.310604343309
32.02/18.78	heart-statlog 0.26667737565 0.0961713493612 0.721726845586
32.85/19.25	page-blocks 0.385348962466 0.199704949903 0.249517745093
33.68/19.65	breast-w 0.21290837989 0.0632628324135 0.521983365706
34.49/20.01	heart-h 0.172699479675 0.0398591932511 0.670336532801
35.34/20.47	yeast 0.316874563542 0.129705374707 0.510994242217
36.16/20.84	tae 0.353373659844 0.152439303887 0.194895337165
37.03/21.31	haberman 0.274285315813 0.0984575418488 0.051713522299
37.80/21.77	mfeat-pixel 0.360449227221 0.16527707795 0.144474652923
38.64/22.14	optdigits 0.223736387167 0.0637319615685 0.714939445784
39.46/22.51	mfeat-factors 0.220905968751 0.0654301616953 0.710091303069
40.29/22.90	satimage 0.277819756924 0.104578641304 0.362641075122
41.10/23.36	lymph 0.202980595081 0.0609666549064 0.485460690582
41.89/23.73	audiology 0.32290894312 0.129214389212 0.280869067987
42.71/24.19	ecoli 0.404648269507 0.213383372561 0.139949719722
43.56/24.55	tic-tac-toe 0.291559517649 0.128221023452 0.578545030721
44.37/24.92	spambase 0.217256955754 0.0579701096309 0.826446728242
45.17/25.28	zoo 0.139317035133 0.0270253943387 0.712572694355
45.99/25.64	sonar 0.504853742034 0.315791082252 -0.152231681268
46.82/26.11	mfeat-zernike 0.278429866249 0.108327435645 0.385265741128
47.63/26.48	kr-vs-kp 0.199225320883 0.0519710127445 0.673245418431
47.70/26.50	MAE 0.304496510819 0.112041509547
47.70/26.50	MSE 0.137227001263 0.137227001263
47.70/26.50	Mean tau 0.379380950761 0.305415342796
47.70/26.50	(0.07017543859649122, '1_class_probability_max')
47.70/26.50	(0.9298245614035088, '0_class_probability_max')
47.70/26.50	(2.508771929824561, '0_landmark_decision_tree')
47.70/26.50	(3.8596491228070176, '0_landmark_naive_bayes')
47.70/26.50	(3.8947368421052633, '1_landmark_decision_tree')
47.70/26.50	(4.2631578947368425, '1_landmark_naive_bayes')
47.70/26.50	(7.2105263157894735, '1_number_of_numeric_features')
47.70/26.50	(8.052631578947368, '0_number_of_numeric_features')
47.70/26.50	(8.807017543859649, '1_number_of_categorical_features')
47.70/26.50	(9.578947368421053, '0_number_of_categorical_features')
47.70/26.50	(10.070175438596491, '1_landmark_lda')
47.70/26.50	(10.105263157894736, '0_number_of_features')
47.70/26.50	(10.298245614035087, '1_number_of_features')
47.70/26.50	(11.368421052631579, '0_landmark_lda')
47.70/26.50	(14.350877192982455, '0_number_of_classes')
47.70/26.50	(14.631578947368421, '1_number_of_classes')
47.70/26.50	Result for ParamILS: SAT, 24.739598, 1, 0.304497, -1, /home/feurerm/thesis/Software/pyMetaLearn/optimizers/metalearn_optimizer/learn_distances.py
